PocketMine-MP Crash Dump Fri Feb 11 20:06:06 WIB 2022

Error: Call to undefined method pocketmine\block\Grass::getLocation()
File: plugins/Dungeon/src/hachkingtohach1/Dungeon/Dungeon
Line: 381
Type: Error

THIS CRASH WAS CAUSED BY A PLUGIN
BAD PLUGIN: Dungeon

Code:
[372] 					}
[373] 				}
[374] 			}
[375] 		}
[376] 	}
[377] 	
[378] 	public function onPlayerInteractEvent(PlayerInteractEvent $event){
[379] 		$player = $event->getPlayer();
[380] 		$block = $event->getBlock();
[381] 		$locationBlock = $block->getLocation();
[382] 		$worldPlayer = $player->getWorld();
[383] 		foreach($this->dungeons as $dungeon){
[384] 		    if($worldPlayer->getFolderName() == $dungeon["world"]){
[385] 			    foreach($dungeon["doors"] as $door){
[386] 					$xd = explode(",", $door["lever"])[0];
[387] 					$yd = explode(",", $door["lever"])[1];
[388] 					$zd = explode(",", $door["lever"])[2];
[389] 				    if((int)$block->getLocation()->x == $xd and 
[390] 					    (int)$block->getLocation()->y == $yd and
[391] 						(int)$block->getLocation()->z == $zd

Backtrace:
#0 pmsrc/src/event/RegisteredListener(75): hachkingtohach1\Dungeon\Dungeon->onPlayerInteractEvent(object pocketmine\event\player\PlayerInteractEvent#129368)
#1 pmsrc/src/event/Event(62): pocketmine\event\RegisteredListener->callEvent(object pocketmine\event\player\PlayerInteractEvent#129368)
#2 pmsrc/src/world/World(1831): pocketmine\event\Event->call()
#3 pmsrc/src/player/Player(1655): pocketmine\world\World->useItemOn(object pocketmine\math\Vector3#106693, object pocketmine\item\Axe#129636, integer 1, object pocketmine\math\Vector3#134845, object pocketmine\player\Player#98881, true)
#4 pmsrc/src/network/mcpe/handler/InGamePacketHandler(444): pocketmine\player\Player->interactBlock(object pocketmine\math\Vector3#106693, integer 1, object pocketmine\math\Vector3#134845)
#5 pmsrc/src/network/mcpe/handler/InGamePacketHandler(305): pocketmine\network\mcpe\handler\InGamePacketHandler->handleUseItemTransaction(object pocketmine\network\mcpe\protocol\types\inventory\UseItemTransactionData#123445)
#6 plugins/VanillaX-4.0/src/CLADevs/VanillaX/network/InGamePacketHandlerX(223): pocketmine\network\mcpe\handler\InGamePacketHandler->handleInventoryTransaction(object pocketmine\network\mcpe\protocol\InventoryTransactionPacket#124682)
#7 pmsrc/vendor/pocketmine/bedrock-protocol/src/InventoryTransactionPacket(105): CLADevs\VanillaX\network\InGamePacketHandlerX->handleInventoryTransaction(object pocketmine\network\mcpe\protocol\InventoryTransactionPacket#124682)
#8 pmsrc/src/network/mcpe/NetworkSession(395): pocketmine\network\mcpe\protocol\InventoryTransactionPacket->handle(object CLADevs\VanillaX\network\InGamePacketHandlerX#133462)
#9 pmsrc/src/network/mcpe/NetworkSession(358): pocketmine\network\mcpe\NetworkSession->handleDataPacket(object pocketmine\network\mcpe\protocol\InventoryTransactionPacket#124682, string[935] .......@......................Ability0.ability|register:item|register:2|distance)
#10 pmsrc/src/network/mcpe/raklib/RakLibInterface(192): pocketmine\network\mcpe\NetworkSession->handleEncoded(string[691] .SKk.Q.>y.... ........Z..Bm.$}.'...n.fr3.:s...h.Y.."....+.AW.+..........]Y..i...)
#11 pmsrc/vendor/pocketmine/raklib-ipc/src/RakLibToUserThreadMessageReceiver(42): pocketmine\network\mcpe\raklib\RakLibInterface->onPacketReceive(integer 1, string[700] .....;l..d|&../.."....6.........!..=..|.Q7...Yz...........J..$[.8..;.....Jq..N.:)
#12 pmsrc/src/network/mcpe/raklib/RakLibInterface(122): raklib\server\ipc\RakLibToUserThreadMessageReceiver->handle(object pocketmine\network\mcpe\raklib\RakLibInterface#28198)
#13 pmsrc/vendor/pocketmine/snooze/src/SleeperHandler(123): pocketmine\network\mcpe\raklib\RakLibInterface->pocketmine\network\mcpe\raklib\{closure}()
#14 pmsrc/vendor/pocketmine/snooze/src/SleeperHandler(82): pocketmine\snooze\SleeperHandler->processNotifications()
#15 pmsrc/src/Server(1660): pocketmine\snooze\SleeperHandler->sleepUntil(double 1644584766.7161)
#16 pmsrc/src/Server(1046): pocketmine\Server->tickProcessor()
#17 pmsrc/src/PocketMine(304): pocketmine\Server->__construct(object BaseClassLoader#2, object pocketmine\utils\MainLogger#3, string[36] C:\Users\tranthien\Desktop\FoxCraft\, string[44] C:\Users\tranthien\Desktop\FoxCraft\plugins\)
#18 pmsrc/src/PocketMine(327): pocketmine\server()
#19 pmsrc(11): require(string[80] phar://C:/Users/tranthien/Desktop/FoxCraft/PocketMine-MP.phar/src/PocketMine.php)

PocketMine-MP version: 4.2.0 [Protocol 486]
Git commit: 44818e6d1456dcf1f0fd3cd27da1dfecbe03c08b
uname -a: Windows NT tranthien4-8sin 10.0 build 17763 (Windows Server 2016) AMD64
PHP Version: 8.0.13
Zend version: 4.0.13
OS: WINNT, win
Composer libraries: 
- adhocore/json-comment 1.1.2@fc2f76979f0a44a5f5bc2a2b600d0762fe0e78e7
- brick/math 0.9.3@ca57d18f028f84f777b2168cd1911b0dee2343ae
- daverandom/callback-validator unknown@unknown
- fgrosse/phpasn1 v2.4.0@eef488991d53e58e60c9554b09b1201ca5ba9296
- netresearch/jsonmapper v4.0.0@8bbc021a8edb2e4a7ea2f8ad4fa9ec9dce2fcb8d
- pocketmine/bedrock-data 1.6.0+bedrock-1.18.10@e98c511584a7bd58a95986374d2df4b04c6a2ba0
- pocketmine/bedrock-protocol 8.0.0+bedrock-1.18.10@017e57c8f8a74118bcbba7332e7ebac9e6c81693
- pocketmine/binaryutils 0.2.4@5ac7eea91afbad8dc498f5ce34ce6297d5e6ea9a
- pocketmine/callback-validator 1.0.3@64787469766bcaa7e5885242e85c23c25e8c55a2
- pocketmine/classloader 0.2.0@49ea303993efdfb39cd302e2156d50aa78209e78
- pocketmine/color 0.2.0@09be6ea6d76f2e33d6813c39d29c22c46c17e1d2
- pocketmine/errorhandler 0.6.0@dae214a04348b911e8219ebf125ff1c5589cc878
- pocketmine/locale-data 2.4.3@4d0b081f1a79407e087968ea76aaf330db6ea2b5
- pocketmine/log 0.4.0@e6c912c0f9055c81d23108ec2d179b96f404c043
- pocketmine/log-pthreads 0.4.0@61f709e8cf36bcc24e4efe02acded680a1ce23cd
- pocketmine/math 0.4.2@aacc3759a508a69dfa5bc4dfa770ab733c5c94bf
- pocketmine/nbt 0.3.2@3e0d9ef6b6c5fb45e3745a121296e75631b3eefe
- pocketmine/pocketmine-mp 4.2.0@44818e6d1456dcf1f0fd3cd27da1dfecbe03c08b
- pocketmine/raklib 0.14.3@4798576fec0364266dce23b368a7fec5e5de7927
- pocketmine/raklib-ipc 0.1.1@922a6444b0c6c7daaa5aa5a832107e1ec4738aed
- pocketmine/snooze 0.3.1@0ac8fc2a781c419a1f64ebca4d5835028f59e29b
- ramsey/collection 1.2.2@cccc74ee5e328031b15640b51056ee8d3bb66c0a
- ramsey/uuid 4.2.3@fc9bb7fb5388691fd7373cd44dcb4d63bbcf24df
- rhumsaa/uuid unknown@unknown
- symfony/polyfill-ctype v1.24.0@30885182c981ab175d4d034db0f6f469898070ab
- symfony/polyfill-php80 v1.24.0@57b712b08eddb97c762a8caa32c84e037892d2e9
- symfony/polyfill-php81 v1.24.0@5de4ba2d41b15f9bd0e19b2ab9674135813ec98f
- webmozart/assert 1.10.0@6964c76c7804814a842473e0c8fd15bab0f18e25
- webmozart/path-util 2.3.0@d939f7edc24c9a1bb9c0dee5cb05d8e859490725

Loaded plugins:
Alerts 1.0.0 by hachkingtohach1 for API(s) 4.0.0
AuctionHouse 2.0.0-BETA1 by Shock95x for API(s) 4.0.0
BlockGenerator 0.1.0_beta by BlockHorizons, Chris-Prime for API(s) 4.0.0, 3.0.0
BuilderTools 1.3.0-beta2 by CzechPMDevs, VixikHD for API(s) 4.0.0
CraftingTable 1.0.0 by hachkingtohach1 for API(s) 4.0.0
CropGrowth 2.0.1 by NhanAZ, kaidoMC, YTBJero for API(s) 4.0.0
CustomItemLoader 2.3.1 by alvin0319 for API(s) 4.0.0
DevTools 1.15.0 by PocketMine Team for API(s) 4.0.0
Dungeon 1.0.0 by hachkingtohach1 for API(s) 4.0.0
EconomyAPI 5.7.3-PM4 by onebone for API(s) 4.0.0
FCCore 1.0.1 by hachkingtohach1 for API(s) 4.0.0
FormAPI 1.4.0 by jojoe77777/DragonfireHD98 for API(s) 4.0.0
Gems 5.7.3-PM4 by onebone for API(s) 4.0.0
HealthTag 2.1.2 by Shelly7w7 for API(s) 4.0.0
InvCrashFix 0.0.1 by Muqsit for API(s) 4.0.0
InvSee 2.0.1 by BlockHorizons for API(s) 4.0.0
KeepInventory 1.0.0 by NhanAZ, KhoaGamingVN for API(s) 4.0.0
LaunchableTNT 1.0.1 by Vecnavium for API(s) 4.0.0
MaxEnchants 1.2.4 by Xenophilicy for API(s) 4.0.0
MultiWorld 1.7.0-beta3 by CzechPMDevs, VixikCZ, fuyutsuki, kaliiks for API(s) 4.0.0
MyItem 1.5.5 by hachkingtohach1 for API(s) 4.0.0
NPC 1.0.0 by hachkingtohach1 for API(s) 4.0.0
Napthe 0.0.2 by hachkingtohach1,tungstenvn for API(s) 4.0.0
Parties 2.0.1 by Didah (@Diduhless) for API(s) 4.0.0
PlayerStats 3.1.9_BETA by hachkingtohach1 for API(s) 4.0.0
PureChat 2.0.0 by Vecnavium, 64FF00 for API(s) 4.0.0
PureEntities 2.0.0 by LeinneSW for API(s) 4.0.0
PurePerms 1.4.5 by Vecnavium , 64FF00 & ProjectInfinity for API(s) 4.0.0
RedstoneCircuit 3.0.0 by tedo0627 for API(s) 4.0.0
ScoreBoard 1.0 by hachkingtohach1 for API(s) 4.0.0
ShopGUI 1.0.0 by hachkingtohach1 for API(s) 4.0.0
SimpleHome 1.1.0 by CzechPMDevs, VixikCZ for API(s) 4.0.0
Spyglass 1.0.1 by ItsRealNise for API(s) 4.0.0
VanillaHopper 2.0.1 by ColinHDev for API(s) 4.0.0
VanillaX 3.0.0 by CLADevs for API(s) 4.0.0
WorldProtect 2.3.11 by aliuly for API(s) 4.0.0
_NewAlias 1.4.0 by Javier Leon9966 for API(s) 4.0.0
libEasyUI 1.0.2 by GiantQuartz for API(s) 4.0.0

----------------------REPORT THE DATA BELOW THIS LINE-----------------------

===BEGIN CRASH DUMP===
eNrtPYly3DaWv4JtpzZyrZriffSUXZYl2daMD40lx55Jp1wgCXYzYpMdHpLaM/n3fe8BZJOUbMmJ
ZpOtspO4SRB4ePcBgMy/JklRrnj98UKUVVrkk5m9O6nTlZjMDNe2Hd/2XFfzDNMx/N1Js5aPfFvz
HMf1A98JrEA33d1Jxqv6qCyLcjL716TerKHXRN7vTlaiqvgCWw54lrG6YE0eiyTNRcxWol4WMVsX
0bmoV9A0n4cZ3Mznz0teVbPZQtQvi4jXgNzOQwCWNFn2LM0I2mw+f1cB4vN5XfK8XqYin88PRXVe
F+v5/FlxdVDypJ7P11mzSHPodtjkC1FAp6qM5vMlj5bnab6oC7wyeo/VhbZernFKOZ2Csqce7gGM
vRGI7pn6hcEZ0DSZWb4BfC15BNc/Th7obL3C4fifuBB5vfdWLNKqFqWIX+JvLsodz3k4Y7fiOH1c
5CcZ34jyOIfxPKqPEOBOEf4sonrAWJoJuYG95/MbRj0wzMByfeTzA+MajhKwawJaN4C9TsH0cQTy
vid0zB46l0WZxXvv8e8dw7eMmxEiEBIH0pwHVg+EnHVPTrpjuI4zAkJzzOc0yfRxU4njWqze5DcR
AvaznM9/gOaitB4YuusG1i67oWMKIObz/SuBhLmWu8tSIHchSmbc2H8E2LJ927mx45CHDwLfB31j
ddkIItzuEZ6LGkg731tFawHqm8cZsOE4f85X4oQjxBeybce27RFLhrNMH6dKVk/RYO/OmK+nmYhw
fgsRlj6WqxoKE8FY9AHUcT6/YfT0sXz6Tgr/DHxMBeSiJ7oB8RHgdVnURVRk4JvAG4LvSXPUx6Lc
kNMaATzkNQelsGxFrMtab/MDz9Ms4x+mtqYT7Qcv9w/FxfZBx4wbKPiwY5rW72fAcYv6b2XBTQDk
TEC07fomEe0pCUPfuCj3tpD3QhGXcDdtIRIjPg90xyCxK06BNilW9TC8iVn/x+T6n1Po1/LmFMIm
zmwFt+jwXSZuaWvp+FregCVatisRD+6KuON/GfFh/xZFtAUlx3tl+i6r6hJC6Y+B5fzENPnniXbj
n/0wzdJ6o2tcXvy7VNFthj58e2f+O4YLnkfS0Rr651hT8vMsDffe8vOXaUhBLoFkYMcIzN/CoqM8
KmIR7yiC3MAAgk7/dq79XXu8Qfxb8rR/atrTlfbdr9r3cJNrSWlpswoul9o/NG0+wS7/o+2/h7+6
Pz/BkxR+JUXGZ41SkjRN15JcSdpZgRnZ2bIUPH4l8763IhLpBUaUW2iVACGTGDKJMhwSpIK004sg
igOeriuR/iXTtPjf/61pey19bkfZf2naI037t/Z3D27+8akn779q2nc/aj4Ml7e/aNprbSY5YH6t
TE2ksyUGuHGB7hXY1FL2BR6NzfTrufXA9I1AZXDWZ2VX5UXxSRBJp5kQa1G2EdO4LWB8Vkp3GPOv
KCuqphS/yoTMsH8Dgv5Yi2TX+XzYD/CBkAHcfV3UaZLKCqJS8/ZziVMSEKSArn5HwBXev8vrNNuJ
iybMBBvUSq4hJ3FvmES33dEk8sn0cZ1G5ycS46JUaHo9CCc05hWMgaTG/gyQjx8jIBLyvqjznU95
JQ6gOqteFjyG3NC8MetqgBgIBq94mr8sFmBbD6zOtiz3J3bnUqsbZdtfMaor0CTd/mfoNr2xhCRb
5SgVlnYMrAdK8UuTlqL1kD64h/WSl7O9vYPZHuG016G0pzDaaxHqTTp9daLhwBEuWBk+nPz06+5E
/J8UvfdSgQK2EsJHyEWL7EKsIGAC2BgYFdWT9im0bAdjnEHqLM+E9nnd/vMrPLM8q9cmW+yuRd47
6l7euXQnrz26pkufLtdgSmnEkian2M1urmtvaGPfUcX38F8ELFAzfifLFfZIPZ4+Bq6qeu/hX7Cr
r7ddifvDnrKoUR2NtmOmpPK0HUAjacBWYHJMy6/vqJI86ZBZq+oJhsgKVvVveZkUEBei5c53oJvV
9HEsRVExXrHv1I2k1G95zeBPmuz0JyLwz4oMLP415HI7D9mjR93wH+cTWd1OflKQnE5qCKvDYNs/
Lgqw4slPEgu4UQPdgVJ8dxUDheJqnYHW7Mwnu/Cv7A4gMoFxEKb8Uf9JUuwNB2/uNNhQg/3h4E93
GmyqwUFvsOIeJhUPbxTn9PEVcQ+IgwjAEECgD2ZHEF8av6HxGxpPw43B8Hn9pcGfaPCnePLrtxWk
bytI31aQvq0gfVtB+raC9G0F6dsK0rcVpG8rSN9WkL6tIH1bQfr/u4LULrpUuMiyD8pR01XO8ZxF
27A76Y5nTAxN13Ro4U29hJoci8FRhYdA+TrFJzZ1hnuRc9CyeDLDjH53EoM25jEOhmdVkdSH/YYV
p0Wga4WjxKb9xZUlUAjoePLm9Oz9m7cvD6HpUoQVBDgcXtfrCrh1yetoWS3TWrsUIsw2WlSs9rCY
3W8owr4ooDTq09xv7lNuIjHTp0dn+8aQ/tMlcDVwrn4f4ZMj0Pxitdk/OZ5smVAp2PM5l3gtES/g
wRDLL3ICiaUK5znWtLyW64WK3NGDPsG6BsL+GIqaD+mlIS+KMv0EpgqPDpZlWk1PSjybM2bB7sT6
PTowmGo+HyI7n0uPcCf6mxQXo86KIusr+KB5qOaA9xRpN4fEH3wS0fLkFaae8OCH9Co9f3F4Xyof
IfD1Kqa8NpS41YgbkD7E9E6qv0jrZROSwvfQ3huAAt6QxwBDO0OEe8wZtv9JnMAAqdHtXfgCbAH2
pllUbrRqU4tKg0i/F/NqGRa8jPckQ4r187K4rJcDbnSNY68w8gevIQPa/ye0nfM0Ll4dwNU/zp7+
VZTFfXFFzoDUtzjJyPcbFEMhi1Q3VV2ssKxXZtWjffxoyAFrzAGeXaS5bhnBfRHcAQSaR7hcb7mL
PwBDGPuCrmmo6YYzVvVtEGVngq/ui8Z2fswvLkZ2fnq2//bs3cltwtxittfBQGLVdkqP1m6D5U9h
1OMl4fsy5F5I3dLea+yT72ieZk1PXtlDFhS5COG/+yJdgZvPhcQCYM7nA4xuVd1nBwdF2ffTqmEs
S+OPkaXEpv29L0k+K8rVUIxty5Bse6zCPxc/F8LDP3uHJV8UeQJJ9YvDwL8vBmwnwHqAcOou7iLO
52LV90J0+wfqJc4v/74L8i8Ez+rlGV/0KNi2DaOEoZnjvFlk2ca79O6LiKoFOJ93SNwtMCItx/kF
ZBPV8ll61aOm3zpMjq9Z2KvmFwB3X8SsCBqtukeIQJJefU3CC3ifCjEkBBtuyV2Guf09kTLK4iUm
X0PM34RYd6ujPZqG7bcEsy4t+9uy4M851N+LH17fd0Y2wOgekrKXvMmjJeJz9vqsR/mw/RbX/4OI
cn6RNveWqnQAQYh9REa3dxHtK351hCPywcJDv3VInKmNHOEHkRfrZZql0ea+yOuBRBF2qAxu7kRc
k9UpbcD2ads2DknzVMVp3VpxHvyT3kTZNHXVnKdUaWRpel79R+rQFeKrNpMHuP+eGrQHCPm0wey9
zyPZMOSPozl/TEojsWl/7yuleX1y0KMY7/4k2Tig8nWe67NLbK/5ul72g5BqGAdS84uE7tZQFeCB
jIv8P0czIdb+3sW2T3hZp6LvtNqWW0LsYRrzJdt5Ar/NMhNV9fC+qIpbiPP5WuIyn2+R+lpz7fAj
aunExGnNB26639qn2oJkL/iIS6V/jAb38Brc/G6FPmlKcbDkdZ8HbdO1teLPBeHdiWs/e6brX0U+
zXMiyhU5+dHS8TO5WVydlAVA/wCep2iqk6Np295bUP4o5wa2KLy3V3fSeuh7lNfpWPX7zbcw4qVI
81ycvr8v6WcED1QecBAKB0lUD6OvW0dpUdwbQFHkSyEMaZdt41LU+YwGsF0mpcD+m4HIcC/rGOrS
PK3vLYUZiJmw613eRdBvRVzVUBEepGXUpH2FHz8ZGv41cdciLnTXvLcir4U3n5cKkUgiggf4xpjd
SuZpVJTiKcbkHoW9xlFI/mPc2Raf/vXvdmany2L9/F1/TaVt+ZMkIgqd7uK+Mq/TdLXOxIti1U9N
eo2jBeAx+Tcn5P+J1LsinJaAE/Cgj9/vSb1PVzzLTtThvB5UZMx6s8Cd9j5b2qZbaszjunorePY6
re5tTaoHEshXeNx9PUedC3tRrNeDzYxh+y3J2kGRpfkL4Nt9EdUB7A6uSURGt79Fxh2qW+I/XKf7
w20OWx2suzeCr5/T62FyqxSpRoQgWeMrIltiBs3XdqOubUelTba5v70ohKbOV68lCmOtvGOe8apJ
yyQVWdw7ODRtz83WkM7srTie0tsbkAtc+fhaXO5nKe9b6rbtliXxv0ISIkr2UhR5ELjuffFFgm2h
4jENwEX9/AZ1HoLbk2B+xdeJwiNebQZxa9s29lKjyvJ5yvP67w3URJ/ui2w58XzeIXCLSuNbULwE
vEGuo+3E9qgOoXIFBW9FyTvQKXd8Jj46KFweCiM8Zd5viXgGqMHYflux+hgXNQTAQat6U2zb0JRZ
/z7m9eB5kma1GABerNb92yVE1/59GhX5Rb/h54oE0t2vQnmqadBWlHV37ATFhqdSY0rMtp3W0ZAP
b0WSCapx+q0VcbQaNsVYevVaTk9eDqbfVL9kOU6mrlj3qC7ORZ5+GrLg6kpRjeiiv9nwVUb+x6Tb
T+laZg8BlQGfQEX7w+H2ajXkeoHombpuGYYZQMPJ4ZsB6XHxkVAbN0JTOhRYAVpaVYOOMs5/eDWg
eYQB3OKBzhGdq+yyTEfyX9d09BM53B7zOVmOdG/Z5Od0KM8kJskzAukiTHOOa/gQeUzNRU6IC3CA
oeqEoCB1W9eFajAls2IQtFRLXSVkW4/5cTtX7zm+s5jmSTHQ2/iayNOBlhArrX5TKcA80A4XjdTF
Fv4/wdzYm5MIUtUe89G6l2s1L85Ih5WyfrnYN3c0ZV6J7eePgJ8mgafTP5OZqTsWsK36CAnhZJbw
rAK/1B4Zn8xs34U5sDyb2LZv+MKNDdtx4ygxEj2JrSg2vZgbcSKiUOhWpPshwG7aIJrmcXFZsddn
rDtKaE/9Ks2ZAVJlhAMzPM+12E7bWZ7UZKZuuA/Z/qtDF9fj8UNFPaZ9EmRJdqcvy/XHAoXz/vg1
bQvQzWUq3/BcrYtKlB9ByiUv1boCj5cFVjp76Dqm0Ee9K4rpuPkkiczEcwMvSHRu29xJnDAyuRm6
uh7rnmsmQheeLzzkY5lG53vKW+paoFlPIu54seEnuuknvp14nheahutHsREYRqjHQpiWbXFBrhBo
BTcE8Qjfwgp5dD69gAQglqfogJPneXGZP1G/qHaLsqgqsQck8yrHF+0uTAzBT4RIbN8PAiN2LOGA
pPQocBw71IPQAGYCUiEPzABNAhx2KSrBy2hJ9K+4TGEnF2RtT/wwjHTT4L6IQ1PY3BPcTHwe2wkP
RBTEkTCTKPTjgZV0r6AA7pw46Wr6/7SNwFdfMwDLwI8cw3B8gBrGjs8DJ/Bdy7NjM04AWTtygc9c
vxn0VjFJF66D1w1POF4EfOeebRh+GIUh9yzLFJ4A5gbCjXzDDawRePIZWwMHhj5xeOQJwQODJyGP
/TiyAz9xImHZkXDNwIsd4cJjPoR0oxAxT7CeuLbnezYoleuGEQeeOr7vmLYpfCcyrch0BHDGoeOA
fYBYk2TqvBShpj+xA8Et3QoCSyRxElpBFFu6KUwDDNPRAbRv6gHo5whSkRVbGKAViL8be25iCsuK
Xd+wIiuIzSAyzch2I+CkEY+woZfB1ftQBApE/CTmMLXNdduy/RA0XPimEYgwMUwnSQygyQ+iyB+j
g28aZ6JVFlRh64kd66HuG4nBvcDWPaH7XuD6gnsu54ll6XEIKJuhM4a0IFzICNwoMMxITwLdcUDU
sWkZui8iMza8IAzcxAYNA0yvQZj2Qo4E5RqJB2z0o8QCgUWmLWwBdm/yKBbALZ0bYAbgAIegOkcA
fvYJ51FkeU7AHd3nbhAnYIORDT+ep/MQ1DJyosAOkyGIPKzb2PTEEnociMQN3chJQtsRYCkON0x8
O1J4jmsZoQWGL4YQesk+JVK2VJu7O/Br77DIuEQy8gLfAaURkW65tum66A2s0HLB4qDREU4svMD0
boKCb8K0Gc2TwDS5a9tg85EbAQ6cO/ivb5kGiN4Qke1ZPhcj/so3DtqI/0TnYOvgmj3fiGwj4Ebi
2gLMywbXYjnogJ1AmAHSBClxJTZoBtuMDrd7zScR/PFsIYC7pg/pUQiGZOuhY+iOK4QfW2HoupHO
t0CaJo0VXy0IFkEYeknoWL7vBkYSe5YHfLXtOArt2IXRUWKC1HH4sllVnLfjr3v3arNKinwDEsw2
kGBk0zaZvgBUUSstHbyG4ZtR4Bs8NDwnBqOx7DjUE1BuN/ADX0flugkWhAz6JEALy/FCzzDB4kQc
h4EXQWDjPrgmy4x8G5TB8wMzNkXwOVhGH1Ys7JCbsY3cS4Iw1oURhCYHmwNHbDngXSBy+IksVlbF
JyiR9sC1iVJFXYw7buDagEXk+Troqs192wQlEDrIODYgfAGRoMGmMwCyBoubou9WxTk4pMAKEk/E
YLMRqEQYBhEGXScKdSf2wd8GdqB7AIZqpU63tA2lqw8YltoswpNci6akt2IYJnv43QA2yK7m+QN2
toRIyipR4ynhivFSsHopWJGLCi54zSKe50XNQsHSPMoacB5wweR7GRoENIi8tKMAsE6LFYxMEMAY
ZsUTscsKeFJWCJKF4K3O2aZoSgWLpQlbQRUC9T7OAMkNfvUi2yBgqNw7cHuQ6vImqyt2WeTf1wxj
Py8ZFLEFOK8UI9gGMcTPM0i6L5ciZ816UfIYAGjzfJ63wGbznLEH75cCEcOPgFSYteIHQWQBVlHi
V2FqHcvHhKp0/gz4mYma+IVrqpFgMrZgywohA8cjMc04JscLMWOUn+KDatnUkC3mU/UZkhmbT1Ti
OG90wzDgb11Y7Hw5bwwRJ2nXDHdBvmAZXnEj/a/5hEjYz7LikmVphWS1rxazi5Szvzei3GCfX/Ci
XT2Z0bvjNPSIino1hj6hgIklA9EC9xBauGGK59hfrgFMu8c9qh68B9MC1QEB8DhmkKNJOSH/8e0n
thIcXw7DXJWBdEKBSAMXxS8Np2+wLNIL6AvJRyPYjpoUUumHCF3OKKalWEMpPAX54GtMM3hMc79u
ViGwD9Rvv9rk0Rmvzhm+oQYKp1GHdxXIEG2gpRS7LcsiLxoQM3SvdhmtWTFZlKDh7DJMv0v5bibx
BgwX21ZNrt44k8BPSQ+AJlDHsrhKQRUFsAFIIhXPO+SQtwqh4wSVGvug8u6ytP4ev0RT0rBY4FoW
6dZoMNsBGhowMJPYQmRMFaUzAjVWak7KUTZ5juKMsaAs1iQEqmAqjR2KC3XNVuliCVaPR+p2+1aq
FAc5UpbNupatkmHImBXgpugi4YL1UlUSS8vhF0UaA9o3Y4A6gjoHpUEK2qX1FA06T2WnTtPm+UrA
dBtpvc+zIgTtwfUnJtvBDlZpjU5gJRY8pF0OdipZrRNz04pej8DhZyi1y5Q4TxoF1n05lYBaJauI
QjwZCxeMvj6BYJJSiHZKqeQgrQbtmS0KEFSB9oxagRMtCM0poTZjOlIBs5Ovlqnbn54CXND7Ev5L
Xsa/D/+qLtaEgvKzHUoKXMXAfawx7MYdQjhri5Whm7ZCjJzAe7IKhV/1/T1gSHZBKKHHYFEDUSqH
KMXElYgacr6FRFlaJEa1rre4ioSIqy1F0nG9OTuasbMXx6fs5fGr4zO2f3Ly8vjolJ0cvWXv37z9
29HbXQad2Nkb6HXE3r948/KInbx9c3B0eqqNXcCAH6bjKnaciDItKHKjI66QwGgpyCUTNzpnawDv
IXeIybdQlym4QiHdLIE6KHKgExw0aBPS+zllk0p2ucQQDDxBFyS7EWQJBFzv1pHLiERzvMEYggkB
DdCu90ZdUKvRILa1iDBvkJxFdKVc5diOBlAvsa62pFq6orV6eDNKinJLUb7gZQiWMd2m4OSAbuYu
mRqio0YxNQp894rnDWUpfUwgg2tABx/utjFhrIStGsrwmkCtUkt6V1sT1Ngb6fOlwkOaUTRZ3OGS
QhC5zNkW/0oCXhP6QKir64pWmO0ZOYtrQZJUR0LoaEvKYtUGWzla9Zj2VbMvYaRGSfKabrAbVGqg
HadtZokiK2EmVEOlyHGzWss0TOZ6TD2Y4oNWXofYSQ0g3AnNlgL8iNalAGPnNzAYgjYEPpjhApSs
qhqBjqFegtQWbVqKTgtn22K12wpS5ggq+9QkNtj1s3xa8aspLd9WLe4HfI2t6apZQYyF8Fqy9gsV
KEimPqtGWGz5ivaiWEkWc13HICtfK4xowimmyw0EXbuT2GEhH411Wn4NroUvO7cmJGGpjn3KKHOY
0vJwR9shoEK5CqSPyD3ATiYYEsqavhHB5BhJ4ZY6GKb4KelpZ8bO22wXGZhhvaDgfhnUl/RwnqtP
IMxUiIDUbFlkMsUM8UwJZeKEcoXfRGIqyJBvkyWSeipDSyi6ZFOGtwd9KbWP0K2WmxqB77Kp0RMg
CY8mntYtMioEkNfe5rG0pYApZCwpx6KHEn0cDI0KLY29gFyQvoqHyR07OHm3y/DAI3TM48s0BrWn
XEF6zw7+lODPmNum3duMvCLu9PpqbD8GR7XkWbIHNacsE2IBOqymgkkZrh+igvUMcRv2esD6pcjR
FXo1TDF5pjFE4t1JftIm29tKEWsJROoSTw/BwGadr6fqflTdvFJWV6WfRCdPTMtbMVYY8FTKBGm7
VI9eaLUDUw56qLETNSbj5YIGcFWyKl2gGZOSL5AEkAmwrVpnlLFgHYpnVNDYeYlyOshS6CULa/wu
gqhq9ursHWFaAUlIdtjUDAt5EuV2OllcaK2vWdXNFEfNCNt+fShy2nciW08YriBE+G5xRyYUykmS
RhqjKLXkmASwdAW8qVF2IA36X1mAm9olXEBoF4T0EjkBXpccMYRoTu68kiKVqQT0rZWOIiVCLiQo
V6eqqcM3lCQdHp/uP4X8iPKpJicdQoeNX/csactUJgkpKqP6zmbcrze2dG5tPRZhs5i1Rdtj/CwN
SEKmrEtwV/ScqVq+kqsPaM15VcjgrSzCQGASawntYFkUFa1QtLWaaKtx8uK4vMwqftFGC7jEAxD0
dTZ81ivjATHalZdJm1q8+blIc7kgQJz6nn0Iiyu0/JIdH7KdD++ODx+C3MHsAQfofwliQ8Hg+Vgw
DqzhyljxR6YfYA3FVnY5WPuHpy9b+Kq+67V8T5PhfholDiRelYoQbUW7lKTC6BXgN8UDCY+KJKFp
4VmabKZXTRpvBUL8nA5Xcc5oGUaamvy/pkgekKdXdtVUajkoAidSSzerxkzlmBlTG644jQwhyj2q
WTAG8nzR1Sg5DsvGoXi37XWRistpF6BvWjmTzN1fFQ16j0TGOuVMgGUtazG2o3ekpRAQP15TcIbB
bylU9wYT4bmQpXcoJLBQ4JdDwY3wS1IK1FH1xT9ULWweBn1JPk7UkQ8+kPExquo7PDAbfpf0Jiz1
m9HkJUCKGW/VHZBtB+Nvh401WuGhL3GinVVpLGMG0sNBpqBwVRP2ubDAIAo9RCxDJ910oY2WmpRy
8CgSmaBKQao3zZql5zAF1snkiTIOpC/omwLSj8EUnC0ltJ6TA+uvahmSCdkpcqNFbbpljSTt+LDq
0YVuGiUvoTG5wdqRqZac2jRHfpW0LySAN2UmewBo4oHATpDbZa1Oltp1YSrndclTqmYhmECpJ7Vo
XaybrDUbdYPxnvqosGGZOCGVQUglzYQRFz0XpASqwMAWtZA3U6kOrjtScS2bZaagNAsQ2XroeOv0
0DKn+KG0UVPnGIbN6uRBL6aDP5jKs1VdzyXIbSZR0dar1VpLC8IYXN1mhcUhmHKN66xRtUUdw5R6
zrbPiQRyc3yxKMVCLSmq9Ue5zIKfjD0f00f4ga95c/gGP3Q0VUFB5gfovi6FrEA4GPklzVgR4lsC
qE3r7Q5AnO4436zxDJMUzjWmgkDlc6VMkAnhCQOKZb14c4CL+KK/lrcLwWG95GAWAj17iTi0eSlE
jESUUHtM0S/mGAzl0zZ2ycjBB2uD6tRHL9g2kINDbkO+tXVhCiBJWT5v57gmVUlXX6x1utpGEBWN
ESj2p4+CV3LfBN04TkiLnmpQu8CtbSdQT/oztJz7crxXwURKUlpAby1JwQDwteJnu2q0VI3SxZVd
JaG8Ay7CQ7EWUxqUJh0g3ExvSrk1g96mXUqRnhfgKe/UxluOpwtVnQapNcfDUuoOEyDAUclq1gpN
PgMdxTW9GfuRMhdIWndpke8nBCoDcxe8+1tGRAZm0iU5eFxGab9qROsjN8VR8s9UPlZUMVD5ja9R
rjOhkoA++nJeapeXABHNwNZlTN3OOGPPXu6fyUYsNQSurP1FHd3YdYIreqli17qK07LeJaf7F5Xp
yb2W/qKFNGIMdMBatabIG6V1GQgr2jD5fbembP1uW6mV3S4NORWAA+Eoou2yquXTtN3hARWQaf2D
Z+RNaCrqPwBCebFq+dhrmVJ+2Uv8Cpn7iyvwbZUqcqNzLJMqKujAuckvacpEjvohvYAKlGAyUkhT
kVQSfMiMys4d4z7tWKi4oXmyFfEB7WrStt4cspYHz8qUHYqImTYzzZnlzBydvT9+ykzdNLBDu/X2
SICHhftVUceP5Lu6Je4C0kf10NgeGYEBoWvYeOFSs4XNqjpI19AI2g0tl8u0FlPccsNclaBDAaXS
tUeOji0LjssHsXhEd3I7sGtTo3DBFjd22vv1xVrNEKdYUYEKbx4Rap1GdgHuERFJyTDm2FvS2gRZ
xL0uuBf/6PDo2f67l2c9mmhjUE1J4QFtVd0P0tdHPjb1UnTqMvn1fwHnygAz
===END CRASH DUMP===
