PocketMine-MP Crash Dump Fri Feb 11 19:50:47 WIB 2022

Error: Could not check compatibility between hachkingtohach1\Dungeon\Dungeon::onCommand(hachkingtohach1\Dungeon\CommandSender $sender, hachkingtohach1\Dungeon\Command $command, string $label, array $args): bool and pocketmine\plugin\PluginBase::onCommand(pocketmine\command\CommandSender $sender, pocketmine\command\Command $command, string $label, array $args): bool, because class hachkingtohach1\Dungeon\CommandSender is not available
File: plugins/Dungeon/src/hachkingtohach1/Dungeon/Dungeon
Line: 168
Type: E_COMPILE_ERROR

THIS CRASH WAS CAUSED BY A PLUGIN

Code:
[159] 			$this->resetMapDungeon($case);
[160] 		}
[161]     }
[162] 	
[163] 	public function getDataItem(int $id, int $meta = 0, int $count = 1, $tags = null) : Item{
[164] 		$class = new ItemFactory();
[165] 		return $class->get($id, $meta, $count, $tags);
[166] 	}
[167] 	
[168] 	public function onCommand(CommandSender $sender, Command $command, string $label, array $args): bool{
[169] 		if($command->getName() == "dungeons"){
[170] 			if(!$sender instanceof Player){
[171] 				$sender->sendMessage(TextFormat::RED."This is command for in-game!");
[172] 				return false;
[173] 			}
[174] 			$findMap = $this->findMap($sender, "floor-1");
[175] 			return true;
[176]         }
[177] 		return false;
[178] 	}

Backtrace:

PocketMine-MP version: 4.2.0 [Protocol 486]
Git commit: 44818e6d1456dcf1f0fd3cd27da1dfecbe03c08b
uname -a: Windows NT tranthien4-8sin 10.0 build 17763 (Windows Server 2016) AMD64
PHP Version: 8.0.13
Zend version: 4.0.13
OS: WINNT, win
Composer libraries: 
- adhocore/json-comment 1.1.2@fc2f76979f0a44a5f5bc2a2b600d0762fe0e78e7
- brick/math 0.9.3@ca57d18f028f84f777b2168cd1911b0dee2343ae
- daverandom/callback-validator unknown@unknown
- fgrosse/phpasn1 v2.4.0@eef488991d53e58e60c9554b09b1201ca5ba9296
- netresearch/jsonmapper v4.0.0@8bbc021a8edb2e4a7ea2f8ad4fa9ec9dce2fcb8d
- pocketmine/bedrock-data 1.6.0+bedrock-1.18.10@e98c511584a7bd58a95986374d2df4b04c6a2ba0
- pocketmine/bedrock-protocol 8.0.0+bedrock-1.18.10@017e57c8f8a74118bcbba7332e7ebac9e6c81693
- pocketmine/binaryutils 0.2.4@5ac7eea91afbad8dc498f5ce34ce6297d5e6ea9a
- pocketmine/callback-validator 1.0.3@64787469766bcaa7e5885242e85c23c25e8c55a2
- pocketmine/classloader 0.2.0@49ea303993efdfb39cd302e2156d50aa78209e78
- pocketmine/color 0.2.0@09be6ea6d76f2e33d6813c39d29c22c46c17e1d2
- pocketmine/errorhandler 0.6.0@dae214a04348b911e8219ebf125ff1c5589cc878
- pocketmine/locale-data 2.4.3@4d0b081f1a79407e087968ea76aaf330db6ea2b5
- pocketmine/log 0.4.0@e6c912c0f9055c81d23108ec2d179b96f404c043
- pocketmine/log-pthreads 0.4.0@61f709e8cf36bcc24e4efe02acded680a1ce23cd
- pocketmine/math 0.4.2@aacc3759a508a69dfa5bc4dfa770ab733c5c94bf
- pocketmine/nbt 0.3.2@3e0d9ef6b6c5fb45e3745a121296e75631b3eefe
- pocketmine/pocketmine-mp 4.2.0@44818e6d1456dcf1f0fd3cd27da1dfecbe03c08b
- pocketmine/raklib 0.14.3@4798576fec0364266dce23b368a7fec5e5de7927
- pocketmine/raklib-ipc 0.1.1@922a6444b0c6c7daaa5aa5a832107e1ec4738aed
- pocketmine/snooze 0.3.1@0ac8fc2a781c419a1f64ebca4d5835028f59e29b
- ramsey/collection 1.2.2@cccc74ee5e328031b15640b51056ee8d3bb66c0a
- ramsey/uuid 4.2.3@fc9bb7fb5388691fd7373cd44dcb4d63bbcf24df
- rhumsaa/uuid unknown@unknown
- symfony/polyfill-ctype v1.24.0@30885182c981ab175d4d034db0f6f469898070ab
- symfony/polyfill-php80 v1.24.0@57b712b08eddb97c762a8caa32c84e037892d2e9
- symfony/polyfill-php81 v1.24.0@5de4ba2d41b15f9bd0e19b2ab9674135813ec98f
- webmozart/assert 1.10.0@6964c76c7804814a842473e0c8fd15bab0f18e25
- webmozart/path-util 2.3.0@d939f7edc24c9a1bb9c0dee5cb05d8e859490725

Loaded plugins:
BlockGenerator 0.1.0_beta by BlockHorizons, Chris-Prime for API(s) 4.0.0, 3.0.0
BuilderTools 1.3.0-beta2 by CzechPMDevs, VixikHD for API(s) 4.0.0
CropGrowth 2.0.1 by NhanAZ, kaidoMC, YTBJero for API(s) 4.0.0
CustomItemLoader 2.3.1 by alvin0319 for API(s) 4.0.0
DevTools 1.15.0 by PocketMine Team for API(s) 4.0.0
EconomyAPI 5.7.3-PM4 by onebone for API(s) 4.0.0
FCCore 1.0.1 by hachkingtohach1 for API(s) 4.0.0
FormAPI 1.4.0 by jojoe77777/DragonfireHD98 for API(s) 4.0.0
HealthTag 2.1.2 by Shelly7w7 for API(s) 4.0.0
InvCrashFix 0.0.1 by Muqsit for API(s) 4.0.0
InvSee 2.0.1 by BlockHorizons for API(s) 4.0.0
KeepInventory 1.0.0 by NhanAZ, KhoaGamingVN for API(s) 4.0.0
LaunchableTNT 1.0.1 by Vecnavium for API(s) 4.0.0
MaxEnchants 1.2.4 by Xenophilicy for API(s) 4.0.0
MultiWorld 1.7.0-beta3 by CzechPMDevs, VixikCZ, fuyutsuki, kaliiks for API(s) 4.0.0
MyItem 1.5.5 by hachkingtohach1 for API(s) 4.0.0
NPC 1.0.0 by hachkingtohach1 for API(s) 4.0.0
PlayerStats 3.1.9_BETA by hachkingtohach1 for API(s) 4.0.0
PureEntities 2.0.0 by LeinneSW for API(s) 4.0.0
PurePerms 1.4.5 by Vecnavium , 64FF00 & ProjectInfinity for API(s) 4.0.0
RedstoneCircuit 3.0.0 by tedo0627 for API(s) 4.0.0
ScoreBoard 1.0 by hachkingtohach1 for API(s) 4.0.0
SimpleHome 1.1.0 by CzechPMDevs, VixikCZ for API(s) 4.0.0
Spyglass 1.0.1 by ItsRealNise for API(s) 4.0.0
VanillaHopper 2.0.1 by ColinHDev for API(s) 4.0.0
WorldProtect 2.3.11 by aliuly for API(s) 4.0.0
_NewAlias 1.4.0 by Javier Leon9966 for API(s) 4.0.0

----------------------REPORT THE DATA BELOW THIS LINE-----------------------

===BEGIN CRASH DUMP===
eNrNPIly3MaVv9KhVGupMjPEfUyKLkokZTERRa5IW95kUqxGozEDE8cYB8lRyv++771uYIAhZck2
s1nlGKCP1+8+uhv8115SVjlvrm9lVadlsTd3JntNmsu9uek5jhvYgePPQttyzHCy165VlzHzfD/0
gtAPgsAMbBf6Ml43J1VVVnvzf/xzsifV47/2ms0aZuydXB+dn12cvju5Pvnw4fzD3mQvl3XNl9h3
VLZZzIqyYWIlxQ0TZb7mTRqlWdpsWCSbOykLtuJidZMWy6bEJ3OxOG6LpSyL/mE+L4ujMs95Eb/4
/GA94lIWsazY85p+J+yLE9hzoR4mrG4qGMmeZzyS2YTxquIb9pxXy/rlnEVlmTEcvy7FjWzytJCL
xTprlynAuqDf17yWQ2SHI/Uin8Xz18b+FhQnwFfB21oyAZKr2dcyLK1JUPyWpwA7kyDIJM1QiorG
el9P3K8rsb8Dte/TvzA5A0pQ14JfJhrCdVrcltmtzGXRANg4raRo9rpeaIFnUcYSlct0Q2hYNPif
580qraffVrKWzRlf6yVePBfA7Zd/gUmmZ+jBv9CbCW8M/qk3i/ro0abHdRtlqWBJW4gGLIMtZXPM
G37ayPxFWjTseQp8podcNpwdMEO/irKFnwNmTtjzhi9reCzaLHvJ5gwn/4vWcDQqzxX7YYi8o+43
XDRltXmhUXb1uEo2bVUwNXz6LSDzghCgxSd6Ub2gnurRVEWdv6UueJS6rTZ+RvF+h44pSjsJpcmL
bi7h/57n8sVLdnDAFnuxEla92HtJk3yjFytM+5NGAthbN7wQskzYRcY3stKjzX40MFSNnX6Lv2fK
x7y4kvfNG3J08/mHk+PZYu8KlAWVWWPEwA0C+OkSkPoTYEEc9K0BXC2AhGe1VL1230s89p2tKiYp
rM3XIFatlbrhRc/OxV6SlWU1NfvF3H66XqqpWr2SpzW111bfH6vFAKtASx3sqam4kModa+NEm3md
gQv5Thay4o1y0QVHp77bMdnrY8KeMTNnxjV4Yg7NvG1WZQWw/qGmvC2r9BMID7qOVhVQe1FhlIBV
+TrFUc7MmBnQa9MvBocCXUe8Nye8J3uxXANbaoVqXSbN8bAh52T2o7UWizG2i8W7kgNj0aPAAwy/
OL+8+nj+4d0xNN3JqE4bpBHZ8rpNMxh6BRpaD8kfNg+JN2eA+BSJt8bUH32SYnVxdixvccIP6X16
8/b4Ad2/l16B0Nd5DNAXi0gh1yByQPsY1V+leNU063q+v79Mm1UbzUDf9wd4749AAXOOqnL9XVXe
NasBawaNQ8ZYQJ85Zsn7FS9e/R3abngal2dH8PQ/V6//KqvyyfiiloC41CO1WJxh129nhMYWyW7r
pszR/2o9GhC/2zVmgb3LAp7dpoVhm+GTUdxDBKJ3kHnY8jUWAJLf1f6+aaz5pkuWOyDvghKQMwjb
7Ery/MmI7BCAzGOLiqbk8urVh6vvL74kzi1q+z0MoPZElEWZb15dnA7oHTQOKXZn/syeXpw5Y6LL
QkbwvycjVsNbLKRCA4AuFiOUvijDN0dHZSUHFOmGsfweGOhORvZkFD3IHxU63e/XGCcIE5xdmolq
M6s3jaxnhWz2Y16vopJX8T5RDUF8LMiuZUy3s6u2P5U/ldLHf/vHFV+WRQJ55dvjMHgyDmxXAKIV
Uv3D1wj0reRZs7riywFx27ax0zFnO6HociWzbOPf+U9GTt1BXCx6LL7O0SIxp8XtUQWSe5PeD8gZ
to7Tiwd6etb+DOCejJqcwC0WUFsIxCBJ739LygCIX0o5pgQbvhANx+nRU9GykwgpVH4LNX+Tcg2z
oL6CQmNA1Lh915EYn4n0f1uV/DsOFenyh/dPHuRHKD1BnH/HoeBZIUJX768GpI/bv+BDf5Ci4Ldp
+3TBr4cIYhxisvP6NcI94/cnOKNohuF92DqmzprtxLofZVGuVylUh5sno28AE4XY4zJ6+Srq2qxJ
P5ZVFg+J2zaOafN13m5/MW8/Qk1O2k3b1O1NSvlrlqY39b8nm88R4TtEGBgwRP6PZPIDQMioDaaE
QyaphjGD3Jn7H0oPFDrd71OlB+8vjgYk49sXvNj/Gb2Ay29zX3e8Eat6lTazOymjbEPyRhrVzsdl
w0cGPmwd0gzlySy8fn1y9eo/RPgAsdHLH+dDW8mTokmbVI4YMWzejc870n8n06KQlx+fjPqMAC4W
a0BCaiSA6jFKv62o6XDcH0HR9F/IKt8lXrXtpsPuZ0IYmzDPefPGMNh/sYuq/EmK5hRy4yJtns77
X6sVFCMIvcHj13j9DzKGIreQR2klWsgKtwTv9oxV/4HAGxmXhmc9XZbcAVwsKo2JUJgsFg9R+yKd
lwJKpdfozQYkDhp3nNl/yKK3CA2f/7A9X6b5OpNvy3yYZw8adzYmdsl/PKj/W8J3TUitAClgwBDB
PxK+L3OeZRf6DGUAFTmz3ixx23/Il67pC6nqaVN/gOrtfVo/3ebFACbQrxH5+tLwB16kWcbfluv1
aJ9t3P6FyuqozNLiLTDuyajqIS4WI0x2Xn+PlHtcgXpK0MDRNniotSV+1Pxgg/HBDmPaZpsn3F5E
cIsFJaRrhcOuOL8yWJ21aZWkMov3t+eU0+5gsIGYuJ/zupHV/oheYMv1e3n3Kkv5UMe3bV/Y2/kr
RDJZsXeyLMLQ856MMQpuB3axIGT0z+/QgzG4fQXmFzz35BVQDGzZ2WCdnl3M1iteEQH3jSyQBcQh
tfW3F6BhYHETiZzjjv22RfAM6IG5w7Yyv47LBtLmUas+od82tFU2fI95M+pP0qyRI8DLfD18XUFO
PnxPRVncDht+qkmU/XseqbPEUVtZNf3ZE+524dFfTKFxO2gtxnz4IJNM0oHmsLUmjtbjphjr90HL
5cW70fKb+ueswMX0E+u7mvJGFumnMQvu7zXViC7a64bnGdmvRa+f0rWKWyGlYp+yNBpOh9f7fMz1
EtGzDMM2TSuEhovj8xHpcXlNqO02QlM6FlgJql3Xo4EqwPx4NqJ5BwN4raQ6DBk13lXpjvzXzQpH
Ioe7s76L1Y7urdripm3SrLaISerYJF1GacFxEwqyNWvmISfkLfiPSA9CUFDwrZtSN1iKWTEIWqml
oVOBrcO53q416MdbCmmRlCO9jR+IPB1pCbHSHjZVEswD7XDZKl3s4P8dzI2dXwjIkQbMR+terfW6
uCIdWGbDlH1o7mjKvJbb2zjAT4vA0wHg3twyXBvYVl9DJtI7M/TZpSgBqhN4sAZmyHuOE5iB9GLT
cb1YJGZiJLEtYsuPuRknUkTSsIURRAC77YJQWsTlXc3eX7Gm4kWzSmXhTIM6LZgJUmWEAzN937PZ
i27wpawAW2YZpveSvTo79nA7CWgeMu2TJEtyen1Zra9LFM7H0/e0q0UvdxRw8PJPWcvqGqRc8UoX
dzxelZhq7qPrmOKhvbodgomgdZgIK/G90A8TgzsOdxM3Eha3Is8wYsP3rEQa0g+kj3ysUnGzr72l
MQtn9qHgrh+bQWJYQRI4ie/7kWV6gYjN0DQjI5bSsh2bS3KFQCu4IfDm4GCziIub6S3Ez1gdpQMn
b4ryrjjUv6h2y6qsa7kPJPO6wIsKtxZGsEMpEycIwtCMXVu6IClDhK7rREYYmcBMQCrioRWiSYDD
xlstvBIroj/nKnXauyVrOwyiSBiWyQMZR5Z0uC+5lQQ8dhIeShHGQlqJiIJ4ZCX7kYwreJsC7pw4
6c2MP3eNwNdgZgKWYSBc03QDgBrFbsBDNww823diK04AWUd4wGduPA56q5ikCw/BG6YvXV8A37nv
mGYQiSjivm1b0pfA3FB6IjC90N4BTz5ja+DA0EOXC19KHpo8iXgcxMIJg8QV0naE9KzQj13pQTcf
Q3pUiJhG24ee4we+A0rleZHgwFM3CFzLsWTgCssWliuBMy5dCRgCxFw400fIhJpx6ISS24YdhrZM
4iSyQxHbhiUtEwzTNQB0YBkh6OcOpDIrtzBAKxB/L/a9xJK2HXuBaQs7jK1QWJZwPAGcNOMdbOgS
3gr0NdPogIgPYw5LO9xwbCeIQMNlYJmhjBLTcpPEBJqCUIhgF52sxIyiUxZUYfvQiY3ICMzE5H7o
GL40ArwUKLnvcZ7YthFHgLIVubuQloQLGYEnQtMSRhIarguiji3bNAIprNj0wyj0Egc0DDB9AGE6
CDkKlGcmPrAxEIkNAhOWIx0Jdm9xEUvglsFNMANwgGNQvSMAP3vIuRC274bcNQLuhXECNigc+PF9
g0eglsIVoRMlYxBF1HSx6dCWRhzKxIs84SaR40qwFJebFkRwT/quZ5uRDYYvxxAGuTIlUo5Sm693
4ANYFb9RqQW4WpKRHwYuKI0Uhu05luehN7Aj2wOLg0ZXurH0Q8t/DMo0XYsuozkMLYt7jgM2LzwB
OHDu4n8D2zJB9KYUjm8HXO7wty7K8pPsIv6hwcHWwTX7gSkcM+Rm4jkSzMsB12K76IDdUFoh0gQp
cS03aAbbjA5PK6xDAf98R0rgrhVAehSBITlG5JqG60kZxHYUeZ4w+BZI26ax5qsNwSKMIj+JXDsI
vNBMYt/2ga+OE4vIiT2YLRILpI7TV21ec97Nf+jd602elMUGJJhtIMHIpl0yfQuoolbaBngNM7BE
GJg8Mn03BqOxnTgyElBuLwzCwEDlegwWhIzAGMBy/cg3LbA4GcdR6AsIbDwA12RbInBAGfwgtGJL
hp+DZQ5hxdKJuBU7yL0kjGJDmmFkcbA5cMS2C94FIkeQqJomLz/xqtkH1yYrHXUx7nih5wAWwg8M
0FWHB44FSiANkHFsQvgCIkGDLXcEZA0WN0XfrYtbcEihHSa+jMFmBahEFIUCg64rIsONA/C3oRMa
PoChWqnXrdmG0tVnDCtVJvBEf9lWnG4zYrJHV/pG2dWieMauVhBJWS2bBuqNmvFKsmYlWVnIGh54
wwQv8IJrJFlaiKwF5wEPMAGznBkENIi8tKsLsC7LHGYmCGAXZs0TOWEl9FQ1gmQReKsbtinbSsNi
acJyqEKgXMYVILnBe65QhwNgKHx7cPuQ6vI2a2p2VxbfNAxjP68YlL8lOK8UI9gGMcR7horuu5Us
WLteVjwGALNFsSg6YPNFwdizjyuJiLGmZHgdkQEIfZmzpsSvxtQ6Vt2EqnL+DPiZyYb4hScxQjIV
W7AlR8jAcSGnGcfkeCnn6loidtSrtoFssZjqS99zttjTieOiNUzThP83pM1uVovWlHGS9s3wFhZL
luETN9M/LfaIhFdZVt6xLK2RLKZ3GNhtytl/t7La4Jif8aHbfJjTbUqaekJbAXoO3dTGxJKBaIF7
CC3aMM1zHK92DqZ994CqZx/BtEB1QAA8jhnkaEpOyH+QzA3LJa/bim4y413TSCLSwEX5c8sz5O8y
vYWxkHy0kr3Qi0Iq/RKhqxXltJJrKIWnIJ/lUlZz6Ka137d5BOwD9XtVbwpxxesb0JDqBhRuRgO+
r6W61tpRisNWVVmULYgZhtcTRls+TBUlaDgTunsPhGD1QbwBw6U7sm0BqoZDFPBL0gOgCdSxKu9T
UEUJbACSSMWLHjnkrUboNEGlxjGovBOWNt8A+5qKpsUSt4JIt3YmsxdAA15Ut4gtRMZUUzonULtK
zUk5qrYoUJwxFpTlmoRAFUw9Y8fyVj+zPF2uwOrxUshkaKVacZAjVdWuG9WqGIaMyQE3TRcJF6yX
qpJYWQ6/LdMY0H4cA9QR1DkoDVLQrtlA0WDwVA3qNW1R5BKW2yjr/S4rI9Ae3LRiqh3sIE8bdAK5
XPKIzkbZpWK1QcxNa4RN0+ni811KnCeNAuu+mypAnZLVRCHekIIHJvH6BYJJKim7JZWSg7RatGe2
LEFQJdozagUutCQ0p4TanBlIBaxOvlqlbv/vKcBdwF/Df8Wr+I/hXzflmlDQfrZHSYOrGbiPNYbd
uEcIV+2wMg3L0YiRE/hIVqHxq795AgzJLggl9BhMtBClCohSTN5L0ZLzLRXKyiIxqvWj5b2QMq63
FCnHdX51MmdXb08v2bvTs9Mr9uri4t3pySW7OPnAPp5/+NvJhwmDQezqHEadsI9vz9+dsIsP50cn
l5ezXRcw4oflepodF7JKS4rc6IhrJFB9W6S50TtbE3gPuUNMvoWGTMEVSuVmCdRRWQCd4KBBm5De
zymbUrK7FYZg4Am6IDWMICsg4Hq3jlxFJFrjHGMIJgQ0YfZwNOqC3sMGsa2lwLxBcRbRVXJVc3sa
QL3kut6Sahua1vrl4yhpym1N+ZJXEVjGdJuCkwN6nLtkaoiOnsX0LPDdOS9aylKGmEAG14IOvpx0
MWFXCTs1VOE1gVqlUfTmWxOcsXPl85XCQ5pBX5J1uKQQRO4KtsW/VoDXhD4Q6hmGphVWe0PO4kGQ
JNVREHrakqrMu2CrZusR06FqDiWM1GhJPtAN9ohKjbTjssssUWQVrIRqqBU5bvO1SsNUrsd0xxQ7
Onkd4yA9gXAnNDsK4A3CPBg7f4TBELQh8MEKt6Bkdd1KdAzNCqS27NJSdFq42harSSdIlSPo7HOm
sMGhn+VTzu+ntH1bd7gf8TW2pnmbQ4ylz4AAOH0GhIKEOI1XShQWW76ivWhWksU81DHIytcaI1pw
iulyC0HX6SV2XKquXZ1W30t18NXgzoQULD1wSBllDlPaHu5pOwZUKFeB9BG5B9ipBENBWXMsXpia
oyjcUgfTND8VPd3KOHib7SIDM6wXNNxfB/VrergoCtmgwOY6REBqtiozlWJGeKhPmTihXOOXcEwH
GfJtqkTSvSq0RLJPNlV4ezaUUteFbrXaNAh8wqbmQIAkPFp42nTI6BBAXnubx9KRAqaQsaIcix5K
9HEyNGq0Zuwt5IKgSweU3LGji+8nMBdwiMC+7tIY1J5yBeU9e/hTgj9nXpd2bzPymrgzGDtjr+IY
v7bMkn2oOVWZEEvQYb0ULMpw/xAVbGCI27A3ADYsRU7u0athismzGUMkvr8oLrpke1spYi2BSN3h
9Q2Y2K6L9VS/71Q3Z9rq6vST7OWJaXknxhoDnk6ZIG1X6jEIrU5oqUkvZ+xCz8l4taQJXJesWhdo
xaTiSyQBZAJsq9cZZSxYh+LlCDR2XqGcjrIURqnCuoJiStYNO7v6njCtgSQkO2ob+lKVRLldThUX
s87X5E07xVlzwnZYH8qCzp3I1hOGOwiQC0HC2pEJhXKSpGLGKEqtOCYBLM2BNw3KDqRBX1aDm5oQ
LiC0W0J6hZwAr0uOGEI0J3deK5GqVALGNlpHkRKpNhK0q9PV1PE5JUnHp5evXkN+RPlUW5AOocNu
0VPSkalKElJURv1lbTysN7Z0bm09llG7nHdF27f4JStIQqWsK3BX1M90LV+r3Qe05qIuVfDWFmEi
MIW1gna0Ksuadii6Wk121Th5cdxeZjW/7aIFPOL9AeyjredBGQ+I4fNEJW168+anMi3UhgBx6hv2
Y1Teo+VX7PSYvfjx+9PjlyB3MHvAAcbfgdhQMCmEezAOrOGqWPNHpR9gDeVWdgVY+4+v33XwdX03
aPmGFsPzNEocSLw6FSHaym4rSYfRe8BvilcZDsokoWWhL0020/s2jbcCIX5Ox7s4V7QNo0xNfcSv
eECeXttVW+vtIAFOpFFuVs+Zqjlzpg9ccRkVQrR71KtgDOTFsq9RCpyW7YbiSTfqNpV30z5AP7Zz
ppj7KqevpLHIp3CvnAmwrGMtxnb0jrQVAuLHZwrOMPkDherBZCK8kKr0jqQCFskEbb9e8ztSCtRR
BZ1UC5vHQV+Rjwv15IMPZHwXVaBFUNRiEuLpY1gaj6PJK4AUM96pOyDbTcbfHht7Z4cnwi8+0M7q
NFYxA+nhIFNQuLqNhlxYYhCFETJWoZNe+tBGW01aObgQMpNUKSj1plWz9AaWwDqZPFHGgfQlfWap
/BgswdlKQRs4ObD+ulEhmZCdIjc61KZb1ijSTo/rAV3oplHyChpTB6w9mXrLqUtzaM5ISABvyiz2
DNDEi2i9ILfbWr0sZw+FqZ3XHU+pmoVgAqWe0qJ1uW6zzmz0C8Z7GqPDhm3hglQGIZW0EkZc9FyQ
EugCA1v0Rt5cpzq470jFtWpWmYLWLEBk66HjrdNDy5zi3z7Yaeodw7hZ3zwYxHTwB1N1M6kfuQK5
zRUqs3Wer2dpSRiDq9vkWByCKTe4zyrqLeoYpnQ/2/YTCeTm+HJZyaXeUtT7j2qbBb9Jv9mlj/AD
X3N+fD4Hfkx1UFD5AbqvO6kqEE5/JgFXrAnxLQHUNhucDkCc7jnfrvEOkxLOA6aCQFW/VibIhPCG
AcWyQbw5wk18OdzLm0BwWK84/iUN9OwV4tDlpRAxEllB7TFFv1hgMFS9XexSkYOP9gb1rY9BsG0h
B68b5Vs7F6YBkpRVf7fGA6kquoZibdJ8G0F0NEagOB61HgMGShHdOC5Im556UrfBPdsuoHuGK3Sc
+/V4r4OJkqSygMFekoYB4BvNz27XaKUblYur+kpCewfchIdiLaY0KE16QHiY3lbqaAa9TbeVojwv
wNPeqYu3HO/m6ToNUmuOl6X0GyZAgKOW1bwTmuoDHcU9vTn7B2UukLROaJPvnwhUBeY+eA+PjIgM
zKQrcvC4jdL9ZQPaH3ksjpJ/pvKxpoqBym/8BmidSZ0EDNFX61K7egSIaAaOoWLqdsU5e/Pu1ZVq
XNOfU4Gy6i/66sbEDe/pWvvEvo/TqpmQ0/2LzvTUWctw00IZMQY6YK3eU6Q/O0ObgiAsscGzp1Y0
bdX53a5Sq/pTGnIqAAfCkaDjsrrj07Q74QEVUGn9szfkTWgpGj8CQnmxbrketEwpvxwkfqXK/eU9
+LZaF7niBsukeucPFFEiR+OQXvobJZmKFMpUFJUEHzKjqnfHeE67K1Q80LzYiviITjXpWG8BWcuz
N1XKjqVglsMsa267c9dgH09fM8uwTBzQHb0dSPCw8J6XTXygPjSr8BQQV5uisR2YoQmha9x461Gz
jc26OkjX0AjaDS13q7SRUzxyw1yVoEMBpdO1A9fAFvzzKTnEpwN6U8eBfZuehRu2eLDTva9v13qF
OMWKClR4c0Co9RrZB7gDIpKSYcyxt6R1CbKMB0PwLP7g+OTNq+/fXQ1oooNBvSSFB7RV/T5KXw8C
bBqk6DRk75f/BYTQBaw=
===END CRASH DUMP===
