PocketMine-MP Crash Dump Fri Jan 7 11:28:14 WIB 2022

Error: syntax error, unexpected token "use", expecting "," or ";"
File: plugins/FCCore/src/hachkingtohach1/FCCore/task/UpdateItem
Line: 9
Type: ParseError

THIS CRASH WAS CAUSED BY A PLUGIN
BAD PLUGIN: FCCore

Code:
[1] <?php
[2] 
[3] declare(strict_types=1);
[4] 
[5] namespace hachkingtohach1\FCCore\task;
[6] 
[7] use pocketmine\scheduler\Task;
[8] use pocketmine\player\Player
[9] use pocketmine\Server;
[10] use pocketmine\item\enchantment\{Enchantment, EnchantmentInstance};
[11] use hachkingtohach1\FCCore\FCCore;
[12] 
[13] class UpdateItem extends Task {
[14] 	
[15] 	public function __construct(FCCore $plugin){
[16]         $this->plugin = $plugin;
[17] 	}
[18] 	
[19] 	public function onRun() :void{

Backtrace:
#0 pmsrc/vendor/pocketmine/classloader/src/BaseClassLoader(83): BaseClassLoader->loadClass(string[38] hachkingtohach1\FCCore\task\UpdateItem)
#1 plugins/FCCore/src/hachkingtohach1/FCCore/FCCore(67): BaseClassLoader->{closure}(string[38] hachkingtohach1\FCCore\task\UpdateItem)
#2 pmsrc/src/plugin/PluginBase(137): hachkingtohach1\FCCore\FCCore->onEnable()
#3 pmsrc/src/plugin/PluginManager(438): pocketmine\plugin\PluginBase->onEnableStateChange(true)
#4 pmsrc/src/Server(1371): pocketmine\plugin\PluginManager->enablePlugin(object hachkingtohach1\FCCore\FCCore#23719)
#5 pmsrc/src/Server(999): pocketmine\Server->enablePlugins(object pocketmine\plugin\PluginEnableOrder#23436)
#6 pmsrc/src/PocketMine(301): pocketmine\Server->__construct(object BaseClassLoader#2, object pocketmine\utils\MainLogger#3, string[12] D:\FoxCraft\, string[20] D:\FoxCraft\plugins\)
#7 pmsrc/src/PocketMine(324): pocketmine\server()
#8 pmsrc(11): require(string[56] phar://D:/FoxCraft/PocketMine-MP.phar/src/PocketMine.php)

PocketMine-MP version: 4.0.0 [Protocol 475]
Git commit: 468faa464b2bc5c97f23fafbb71ea61035f6f218
uname -a: Windows NT DESKTOP-BVRHES0 10.0 build 19042 (Windows 10) AMD64
PHP Version: 8.0.13
Zend version: 4.0.13
OS: WINNT, win
Composer libraries: 
- adhocore/json-comment 1.1.2@fc2f76979f0a44a5f5bc2a2b600d0762fe0e78e7
- brick/math 0.9.3@ca57d18f028f84f777b2168cd1911b0dee2343ae
- daverandom/callback-validator unknown@unknown
- fgrosse/phpasn1 v2.3.0@20299033c35f4300eb656e7e8e88cf52d1d6694e
- netresearch/jsonmapper v4.0.0@8bbc021a8edb2e4a7ea2f8ad4fa9ec9dce2fcb8d
- pocketmine/bedrock-data 1.5.0+bedrock-1.18.0@482c679aa5ed0b81c088c2b1ff0b8110a94c8a6c
- pocketmine/bedrock-protocol 7.0.0+bedrock-1.18.0@040a883a4abb8c9b93114d5278cb5fecc635da82
- pocketmine/binaryutils 0.2.2@f883e1cf9099ed6a757a10a2f75b3333eeb2cdf9
- pocketmine/callback-validator 1.0.3@64787469766bcaa7e5885242e85c23c25e8c55a2
- pocketmine/classloader 0.2.0@49ea303993efdfb39cd302e2156d50aa78209e78
- pocketmine/color 0.2.0@09be6ea6d76f2e33d6813c39d29c22c46c17e1d2
- pocketmine/errorhandler 0.3.0@ec742b209e8056bbe855069c4eff94c9734ea19b
- pocketmine/locale-data 2.0.20@a6e4eb22587e0014f6d658732cf633262723f8d3
- pocketmine/log 0.4.0@e6c912c0f9055c81d23108ec2d179b96f404c043
- pocketmine/log-pthreads 0.4.0@61f709e8cf36bcc24e4efe02acded680a1ce23cd
- pocketmine/math 0.4.0@6d64e2555bd2e95ed024574f75d1cefc135c89fc
- pocketmine/nbt 0.3.0@98c4a04b55a915e18f83d3b0c9beb24a71abcd31
- pocketmine/pocketmine-mp 4.0.0@468faa464b2bc5c97f23fafbb71ea61035f6f218
- pocketmine/raklib 0.14.2@e3a861187470e1facc6625040128f447ebbcbaec
- pocketmine/raklib-ipc 0.1.1@922a6444b0c6c7daaa5aa5a832107e1ec4738aed
- pocketmine/snooze 0.3.1@0ac8fc2a781c419a1f64ebca4d5835028f59e29b
- ramsey/collection 1.2.2@cccc74ee5e328031b15640b51056ee8d3bb66c0a
- ramsey/uuid 4.2.3@fc9bb7fb5388691fd7373cd44dcb4d63bbcf24df
- rhumsaa/uuid unknown@unknown
- symfony/polyfill-ctype v1.23.0@46cd95797e9df938fdd2b03693b5fca5e64b01ce
- symfony/polyfill-php80 v1.23.1@1100343ed1a92e3a38f9ae122fc0eb21602547be
- symfony/polyfill-php81 v1.23.0@e66119f3de95efc359483f810c4c3e6436279436
- webmozart/assert 1.10.0@6964c76c7804814a842473e0c8fd15bab0f18e25
- webmozart/path-util 2.3.0@d939f7edc24c9a1bb9c0dee5cb05d8e859490725

Loaded plugins:
Alerts 1.0.0 by hachkingtohach1 for API(s) 4.0.0
BuilderTools 1.3.0-beta2 by CzechPMDevs, VixikHD for API(s) 4.0.0
CraftingTable 1.0.0 by hachkingtohach1 for API(s) 4.0.0
DevTools 1.15.0 by PocketMine Team for API(s) 4.0.0
EconomyAPI 5.7.3-PM4 by onebone for API(s) 4.0.0
FCCore 1.0.1 by hachkingtohach1 for API(s) 4.0.0
FormAPI 1.4.0 by jojoe77777/DragonfireHD98 for API(s) 4.0.0
InvCrashFix 0.0.1 by Muqsit for API(s) 4.0.0
KeepInventory 1.0.0 by NhanAZ, KhoaGamingVN for API(s) 4.0.0
MaxEnchants 1.2.2 by Xenophilicy for API(s) 4.0.0
MultiWorld 1.7.0-beta3 by CzechPMDevs, VixikCZ, fuyutsuki, kaliiks for API(s) 4.0.0
MyItem 1.5.5 by hachkingtohach1 for API(s) 4.0.0
NPC 1.0.0 by hachkingtohach1 for API(s) 4.0.0
Netherite 2.0 by Wertzui123 for API(s) 4.0.0
PlayerStats 3.1.9_BETA by hachkingtohach1 for API(s) 4.0.0
PurePerms 1.4.4 by Vecnavium , 64FF00 & ProjectInfinity for API(s) 4.0.0
ShopGUI 1.0.0 by hachkingtohach1 for API(s) 4.0.0

----------------------REPORT THE DATA BELOW THIS LINE-----------------------

===BEGIN CRASH DUMP===
eNrtW3lz20aW/ypd8tRGriUp3ASUddaOJCeq2JbWkuPUDFOuBtAgEYEAg0MSncp339973SBBWnY8
M96d+SOuyQjo491nN/jbQVbVS9m+u1V1k1flwbE3OmjzpTo4tgPP9p0oiLxJGDmuZ48OupWe8iZW
GPihHXm+Z0eubfujg0I27VldV/XB8W8H7XqFZQeXsm6UHhwdLFXTyDkNN+uylfdC0cRIdKW6X6mk
ValoqxtVitlB16jZwUjo8bycY2g0OxBVjYevZwcAlnVF8TwvCNrp8Wz2vLo/qWXWzmaropvnZYOh
k5OqVrNZUyez2UImixsAait6srezrWxuZrM3q1S26rxVy8lqsSLwGrQBdqRXHwHU0R6kforgHG3B
AESRlwARQZq1TPD0t4NHllgtCcatKtOqPlpVyY1ql1h3lEB6TVHJVNWM5VvZqBMae8Fjh6H7+Fjs
DY6/oQ08cNi0NWj6mxv+LD6b1ccg8pEtPp9H/ecwmD5Ey29JUTVdrX7/x2lxjHjoP03V0SX/IWSH
tkt4PwpR/x1/U5VnpYwLdcgg3Y+BfClL2GJ96LkhoG410RvQbLZFvQV61YLek4Us5+qwrTvFOLwB
jitVw5GIVvuTYA368TeK4erBwyr+Bfb+Rzw+cgA9YtT+h6ijKNrDrCd2UTU9ro+TqDm+qKFdYPTc
gDEGA4yXvPcl9h66lv0RrO/eJVUJk+iStse5ZzuPnJF4gJquzQu48UuZly+qOYT1yB0JY1u287PY
dfvNlGPtT20iAjMw/QgDjrfHQKPlyZtCvenQJi5r9WuXww8MQj/4WawWsj4+Ojo9PurRDmCPX15O
aMEeSoo0jw9+/n10oP7/ouYXC2sgW0N5l5e3VXGrlqpsATqFZJL2oJ/FiIaEkaRKFXFpY/C//lvH
WQfP+OPSToUgaMSatO9IFs0T+/HXmPb0Kh9/SgmBrBBQPx1baFegd03xB5LZ1W2yUGlXqHo2uzar
wweWrQq5pjWX/BeLogcWaUMnELb1wHQOsc1mqkwQNVoS0mz229n2bSQGL+dwFFkm6neGZhtofxAO
eK2Ro02C5FwitkqDQbRIOI0gVsVvtIwEOiMt2T4/rbq4yBORdSUMpyrF0Gk1FvEXrdDHvJ9EK8y/
v7SLvBl/o6fFk34hkzVl6L/TY7hBGT2Isipfd+XhY3F8W+Xpbwe//5k3/8ybf+bNP/Pmx/Jmn2Ea
SinPEMpbfqL8gPhiBkYHm7bmwJ5YEwsjsmsXVd1QYNkzGAIqVznNeLwY71r56cExme0ISWpFoRRL
MNdUWXs6HFhKzngf2KGmpv9LSRQKpER/cXX99uL1i1MM3am4Qa6g7W27aiCVO9kmi2aRt5M7peJi
PUmq5REFxm+7vID+r6uqGPK8M7zLuTuxxrFqpbPL/8l7lSwuX56qW9rwY36f33x/+qWkkBDw1TIF
8Nks1rS1RNtstkfpZ0ljnreLLmYZDMg+2gEF2bARQfbXRPBAOLvj/yZ2sUPU3uvnyAVigXjzIqnX
k2bdqmZSqvYolc0irmSdsrFASvuGshnaFYPt78th63TiWsnll5JDj382G1BimL26fvb6+s3lH5nA
lrKjDQwwe4aYWS3Xzy7PB+wOBocM+5PpxB1fvvR2ea5KFeO/L8WrAYcKUFMBmLPZDkWf1DIxZQro
LUObinrXiO1/jRHvJtkvZbbPq3q5q8Z+ZJdtb99mf6l+qdSU/h2d1nJelRlyzvenUfilBLBFQMmS
ado8fI46z8tbOHqzeJ7fD7gbjg45tD5U7MvuV4D7UuwsGRr6lPI2IQKy/H420wXG53Dzg1Ir0I7m
parXA352x/8g3r5CZfjsrxj7YVHJ7yTqiPmPr74Ugxr4bLZDka6P/oHcY0gF5y/lvWndhrF1OLrL
tTPZy74/qbJaLXJ0QetP8prJovlcZgcwicUNLTsvn6PXl13R5m+rukiHzG0Hd3mbmvrC/cP64uSv
fHi77tqmu8nxfCOLPL9p/k+qjiXRe0f0gv8h7f9MxTEARHJa87nIQEZrc1AylI8/8f81wVlT0//9
UsH51eXJgGN6+4IF1d9j7h/wC1r+Ptf+aJH9SrULVfPiLaebsSG/zj63b1Hovu9y23G/lF63EMFi
T8Q/HMO20I62HIFlfcxFvfowog1Hh2y7E3sSvfv27PrZv8a0B3TtvPzTmr/sanWp6uWOEDZj++XH
Xvn4o0pKeZt3SzESgff8uWWJ/xCXdUVt+jlqkTJv119KJO80AnDfUzd4/Jwgf7WoVt+9GRZZ/ci/
SYNkyNk8fJkARmfXsgbDrdrvc/ozB+aAjk1JBmwIugY/CKkeozQXJ0vZLoYjiSzAEfYOx6rlu7Rq
QcHOqDno3w50dTF8p+O94XuWF6B1ODJfroavC7A3fM/RYdwOB35pWJeb92Wsj2F2xio06LrotLlY
odNoMJQOF62SXTm8Vlmh+Ah3ONqwRJvdoRRuMRy5unyxg37d/FqUhMw8ic0U33Dk73dFcH9vuCZy
qUZey2XB8djh1/f5Sve1EWff90UeD7fj9X65K/WKyHMsy7VtJ8LA5enFDutp9Y5J2x/EUL6rsArG
3TQ7C6/y5apQP73c4XmPArzWikvv3cE7CtE7g6t2QStJwp7xz8vFnu0tuvKGTwMdFpLLUsnncV5K
qtURwZ1JQJJQt6pIY7OIQMF3Vm1lBhwtrBSK1mZJ8qZV21O/d1tcg3m6bcrLrNqx2/QDlec7VsKi
dIdDtYJ7kB/OO22LPfy/wt3ExWWCWDEQPnn3YmXwEkZVqloWw2A+dHdyZdmo7fcPG3nymdXBsWO5
DsTWvENU2VQnq7pqq6QCVG/qA0dO/u0FYSalF3ixEyd+Ek0zx81kFsdTW8nAtlw/CzLHDgG7M6S8
zcu0umvEq2txenb1w/XF5fjbH19/f3ZlCRtUCKZB2JHlOeKwX2xbj8Wzl6cBpR66RhvI6r1iB/I2
ZrJYvatIJ2/PX726JsOklzsuGxCbVlWj6ndQbi3rXHGck+kCjNXqiCLGGGvMxZ5NMeFpljjZNIim
UWZJz5N+5seJI504sKzUmgZOpiw1DdWUxFfnyc2RCZLWJJq4TxPpT1M7zCwnzEIvQwsdO3YQJqkd
2XZspUrRgblUHAGhEEQf5GTE1SKWyc34Fq0CIiPdlUKAN2V1Vz41f8na5nXVNOoILMumpMuzW4fM
+aljOVFkuW4C+XuuZak48AM1VaEKwyTzndROgyDyCCvidK0aJetkwfwv5WrFfnfLRvE0jOPEcmwZ
qjR2lCenSjpZKFMvk5FKojRRTpbEYbrjHEexSmu8jUG7NO2A9Z/9IOQK7T31QicJppGUvkqtOLQT
C8Q5sZ1l9GZbMvKSUAbJw5C35ngwJUL3oVueJcPQlZ6M4zCJYvpkx0t9ZxomsZ+pJAlcP5Whswed
A8XWqx0yAIBRdpJFVhSpNJBTfypBHazCj138QynlJGkW7UJ6UIVUV7hPA28aTj2YVBDEiYRE/TD0
Hc9RoZ84buL4Kkx8X+6RNrj3M6RBhJGSruVGkauyNIvdKEldy1GO7QepbwF06FgRrHMPUlVUWxhW
FKsAzppO4anKddMgtGE4UepEieMkXpDYU2Wne9TwlTxa67Qw5JDZqWTqOTGhDC0/iGMw5FtBlHgq
y6DMaOp6StpRvAuqqKiM6E0FJE0c66kMlAe5On44VZZle1mQBnh2nSQLXNcJnCkCTZi6+6DmTIxH
xARJZDuJBb35fhKCA9e2QpXA+KcwhyDzLC+xvA8hjAeJRoMK7GxKTCWZC40ljgfa4PaOTFIYRGhJ
G17gJns+sIkDDCINPOX4vh+njorI4h3PnyIg+Ck2Z4ntgsYo2zP2Mm43wo3CxJOWF8MyIttXiCmh
m7qxBduGoOCYtoyhfnsXwvZxzOWTduq/I2wPYNXyRhcUiLQeHEO5MgxsG7Y8tZSdSfhU4PhwPBvB
zvOmCqEjlip5CMo4XyV9HfM0chwZeJ4HZoJkmkqEBPpf6Dq2BdtTiTd1Q6n25NuUVfVe9Xn+qSWT
ELEaNm8nnh1JO4PE4V9w+tD1Kf76kXLY+FAIN2pNfrCt4/i06mmCf1NPKV+5ToiiKIYneVbs27Bn
pWBvcRwEiSW3QLou1+kHkRe5IoIMs9h3wzCI7CydulPYheelSeylAXYnmeOlGW1fdMtGyn7/h8G9
WS+zqlxDg8UaZUUx7kvoW5DqshKTNPKn0VRFiD5umKWpE1tuELkIcMg7Cuq1YFwPwULGCK0NLPsp
wq2FPKRSW0YIAhLQIqlsB7EdyQMZy3J8bxp/FJY9oEsFMIooc1Oy8wwpKPJC+KptJV7igigXzhvh
/3Ubs6zey7o9QmxDi66TLlloEAVeMoU1hJYX2p4MPQdGoCzoOLX9WMZWZodwqB0gK3jcmII3xxGi
JY3cKJuqFD6bwCTiOEoo5/pJbPkpsiFoi6wpwHCHtLGtyZqL1EeCjhtEQifq866W/NUGlXgiq2qx
U1PNykfieoFEKhrV0o1WI2StRLtQoipVgwfZikSWZdWKWIm8TIoOwQMPQt8eT5DQkHhb1CQE66pa
YmdGAPZhNjJTI1HRKUZDIEWMaHUj1lVXG1giz8QSvUeWMwbUNvSFUrEmwK/U3QYcusZMdkXbiLuq
/KoVlPplLdD1VgheOaWwNVFIn7tovu8WqhTdal7LFAAms3JW9sCOZ6UQj94u+HhFtBWwoFYFCHPd
DhmgummooE71NJOqoz99sVWoluVFrSx/7ETJhUaWBBkST9S4kFQSz9Wx4KqUJppF16JGLMfms7Fj
MTvQXxQI+s5EpbMDpuxZUVR3osgb/k7M3KSL21yK/+lUvaY1v9LD2EwdC2rjeav+vsHsEaBLULko
oDEIhaDFa2FESev1OcB4Mz0g9tFbeAwsAnKVaSpQeWnxk1gh8BuxVJI+jaEKVEDosSKiIRz1aycL
Ets8v8VaFBWdEocGqXCsxwRdY1TjWq3Q144hdvoY4hjTjPtVt4whFVjVs2ZdJvxt1F1V38COJrzg
DaTFpt1zSssWdVVWHbSH5c1I8Nmy0B0G+cNIUFENRqiVYNnAH2ls2ZWwIFqigV+xesETrKyu7nNY
mIIYwBJbbrkhjmRrCDrPyFZpDdnkSOTtVxBfW/O2VLX0IQiZzN5mcQge6Dsyh8XCbIwNp8cMat9W
JRtH3ZUlqTOl7rBasRK4HWkm4lTdmmexzOcLODNdHY2GzmcMhyRS192q1aNaYCSYJWgzfLFy4ZTc
a6TaISR9BgayH6aAbIRsDgV/DuuaDAwNi8d60cbSZuVSAd1aO+V3RRXDeugMSuhx+MEyb8m3l2ou
Yz4zElda1BYLN2/4hp62X5PW7nKWPFsUnPZurAH1RtYwh3TxiAeh6M6JwGS1Uj1KbeTQVkduKuYV
FFWRm5JVEKI5kzlm0o6FRVwAO4dgXZH923NAh3qfon+Bbv6fo79pqxWTYMLnhiQDrhEIHyvKpumG
IMLaU2Wj7jSEcRB4y15h6Gu++gIUsl8wSRQxRNIh+ZRIPkLdq6Tj4FtpkrVHUrLarFb3iVJps+VI
B66L67Njcf39+ZV4cf7y/Fo8u7x8cX52JS7PXou3F69/OHs9Elgkri+w6ky8/f7ixZm4fH1xcnZ1
NdkPATvycPzAiONS1XnFCZkCcUMMJgvFIZmlsQm2NmSPkiDl2MJLxgiFSodZBnVSleATARrWRPx+
zNi0kd0tKLNCJhSC9DKGrIEg9G4Duc5IjOOCcgjled4w+XA12YI5kYbaViqhckBLlsjVetV7NzzA
vNSq2bLqWobX5vHDJBnOXcP5XNYxPGO8raw5AD0sXXY1IsfsEmYXYvdSlh0XH0NKUJh1sMHHoz4n
7Bthb4Y6vWZo8lvN73LrghNxoWO+NnhUD1VXpBtaciSRu1Js6W804BWTD0YDyzK8AttzDhYfJEk2
HQ1hw1tWV8s+2erdZsV4aJpDDRM3RpMf2IZ4wKR2rOOqLxhJZTUwkRkaQ0675UpXV7qEE2ZiTBO9
vk5pkdnAtDOZPQd4Q5qHs8sHBIykjcQHDLcwsqbpFAWGdgGtzftqk4IWYdtSNeoVqWsEU1RONDW0
9KNyWsr7MZ/FNj3tJ3JFo/myWyLHIr3WBJw/MydFCv2Nu6ZiK1fyFyNK9pgPbQzF9spQxAjHVAV3
SLreRmOnlZ7at2n9uXcPXy/uXUjDMguHnHHlMOaz3g1vpyCFaxWUjyQ9UKcLDA1lJaknEXqP5nDL
HbYZeWp+esy0eFvtkgALagMM3E+D+pQdzspStaSwY5MiUJotqkKXmDHdRXIlziSjaoIJmSTDsU13
PmZWp5ZYbYpNnd4eDbXUT1FYrdctAR+JsT1QICuPEY/bnhiTAjhqb+tYvh+gEjLVnFMvw4U+bcag
IWsivkctCFt6wsWdOLl8M8Je0BDDv+7yFGbPtYKOnhv4Y4Z/LIK+7N5W5A1LZ7B2Ip6lCFQLWWRH
aCV1m5Aq2LBBBaSCzgXJwAaOuE17A2DDVuTsnqIalZiymAgi4s1ledkX29sGkHoJIuoOaZM2dqty
NTbve93NS+N1Tf5ebfRJZXmvxoYSnimZULZr8xikVi9y9KbHE3Fp9hSynvMGaTpRYwuMMavlnFiA
TiC2ZlVwxULt5RLEk7PLmvR0UuRYpftl+ipbNa14ef2GKW3AErEdd62g/pxVuUWnm4tJH2uWbTem
XcdM7bA/VCVfIrGvZ4IOBhL6vHXDJvrfLMuTieAstZBUBIh8Cdm0pDtog3+YijA1YlqgtFsmekGS
QNTlQIwULTmcN1qlupTA2tbYKHGi9PmACXWmmzq94CLp9Pzq2beoj7ie6kq2IQrYHUVKvv/URUJO
xmh+6pQO+40tn1tfT1XczY/7pu0bYVOzZkrWBcIVzwvTojf6UIG8uWwqnbyNR9gETFOtoZ0sKjTx
5IV9r6b6bpyjOB0bi0be9tkCj2i9eY6PlAdtPAjjm3ldtJkzmV+qvNQHAiypr8RPcXVPnl+L81Nx
+NOb89PH0DvcHjRg/R3URorJke7hHNTD1amRjy4/4A3VVnclvP2nb1/08E1/Nxj5ipHxj7z4WITU
a0oR5q3qT4hMGr0HfWP6MOFJlWWMFnN5th7fd3m6VQjLc7x7OHPNpyva1fRvoLUMeK3xq64xpzwJ
gkirw6zZM9Z7joW5PSU0OoWY8GiwUA6k3730PUpJ24r9VDzqV93m6m68SdAPHYhp4T5bVh1Fj0zn
OhNMILJetJTbKTryUQjUT8+cnLH5NafqwWZmvFS69Y6VBharjHy/Wck7NgqyUfOLODItGt5N+pp9
QrRhHzFQyH1SwUvCWUso5NOHqLQeJlPWgJQK2Zs7iO03098NNe7eCU9cVAm7b5OnOmcQPxI6hcE1
XTyUwpySKFaoVKdOftmkNj5qMsYhk0QVijsFbd6MtchvgIL6ZI5EhQTr87q6axc6jgGFFAsNbRDk
4P1Nq1MyEzsmafSkjbei0aydnzYDvihMk+Y1NKGvTTdsmiOnvszhPTtKAryxcMQjkIlWeavI7bHW
RpeTD5VpgtedzLmbRTJBq6etaFWtuqJ3G/NC+Z7XmLThOoSQ2yDikjFRxqXIhZLANBg0Yg7yjk2p
Q+eO3FzrYV0pGMsCIdsInW6DHnnmmH6Guje0CQy7w+YzgkFORzwY6+/HNisX0NuxJmWyWi5Xk7xi
ihHq1ktqDuHKLZ2zJs2WdEpTZl5s55kFDnNyPq/V3BwpmvNHfcxCP4q82eeP6UOsuTi9oJ9ZjU1S
0PUBha87pTsQCSe/Y4wNE75lgMcmg0N/5OmN5Dv+vaFWzgdChUL1vDEmVEL03QDnskG+OaGzeTU8
yxshOawWEm6hKLLXRENflyJjZKpG7zGmuFhSMtSzfe7SmUPunA2aTzgGybZDDY7ahmNrH8IMQNay
nu9xfKBVzddQrW2+3GYQk40JKK0nq6eEQVqkME4I+dDTbOoPuCdbBGZmiKGX3KfzvUkmWpPaAwZn
SQYGwLdGnv2p0cIM6hBXbzoJEx3oEB7NWsplUJ5tANEleVfrGxeKNv1Rio68gGeiU59vUZPJxvRp
KK0lfflk3qgAAo1GV8e90vQcbJTO9I7F37hyQdE64kO+nwkot2Db5D28CWI2qJKuOcDTMYoOXmRV
qn0wj3J85vax4Y6B22/6thu0miJgSL7GyzToR0AkN/AsnVO3GI/F8xfPrvUgtRqKTta+Nl9kjPzo
HhyVauTep3ndjjjofm0qPX3XMjy00E5MiQ6iNWeKsjNWV0BZyVroX4l2dR93+06t3tzScFABHKSj
hG/Bml5O4/6GByagy/pHzzmaMCpevwOE62Iz8m4wMub6clD4Vbr2V/eIbY1pcpMbapMabugQ3OIc
DcpaF3K8jvjN6Tfwhc4U2lU0lwwflVG9Ccd0/bqvVLqnvNyq+IQvK/m2boaq5dHzOhenKhGOJxzn
2PWPfUu8Pf9WOJZj04L+Ru2JQoTF+7Jq0yc7V5tC36bRpEY+Jt97Ykc2Mtnu4G3Awy4Nm2YhX2EQ
xo6Ru0XeqjHdwFHpysjQT5nq7Ylj0chc0mlCqp7wm77024yZXXR+S/c8/fvqdmUwpDk1WLDo9RMm
bWOgm3z3hHnm2phK7if6pxL1tl5W6WAJ3bg/OT17/uzNi+sBT3xPaFBytiDXNe871eyTkIYGFTsv
Ofj9fwFfVFPH
===END CRASH DUMP===
