PocketMine-MP Crash Dump Fri Dec 3 18:41:02 WIB 2021

Error: hachkingtohach1\FarmingCrystal\entity\Crystal::onUpdate(): Return value must be of type bool, none returned
File: plugins/FarmingCrystal/src/hachkingtohach1/FarmingCrystal/entity/Crystal
Line: 58
Type: TypeError

THIS CRASH WAS CAUSED BY A PLUGIN
BAD PLUGIN: FarmingCrystal v1.0.0

Code:
[49] 			    $this->motion->y += 0.08;											
[50] 		    }
[51] 		    if(FarmingCrystal::getInstance()->register[$this->getId()][0] < $this->y){
[52] 			    $this->motion->y -= 0.02;												
[53] 		    }		
[54] 		    $this->move($this->motion->x, $this->motion->y, $this->motion->z);
[55] 		    $this->updateMovement();		
[56] 		    return parent::onUpdate($currentTick);
[57] 		}
[58] 	}
[59] 	
[60] 	public function attack(EntityDamageEvent $source) : void{
[61] 		$source->setCancelled(true);
[62] 	}
[63] }

Backtrace:
#0 pmsrc/src/pocketmine/level/Level(854): hachkingtohach1\FarmingCrystal\entity\Crystal->onUpdate(integer 1)
#1 pmsrc/src/pocketmine/level/Level(787): pocketmine\level\Level->actuallyDoTick(integer 1)
#2 pmsrc/src/pocketmine/Server(2265): pocketmine\level\Level->doTick(integer 1)
#3 pmsrc/src/pocketmine/Server(2396): pocketmine\Server->checkTickUpdates(integer 1, double 1638531662.3427)
#4 pmsrc/src/pocketmine/Server(2152): pocketmine\Server->tick()
#5 pmsrc/src/pocketmine/Server(1992): pocketmine\Server->tickProcessor()
#6 pmsrc/src/pocketmine/Server(1586): pocketmine\Server->start()
#7 pmsrc/src/pocketmine/PocketMine(330): pocketmine\Server->__construct(object BaseClassLoader, object pocketmine\utils\MainLogger, string[12] D:\FoxCraft\, string[20] D:\FoxCraft\plugins\)
#8 pmsrc/src/pocketmine/PocketMine(360): pocketmine\server()
#9 pmsrc(11): require(string[67] phar://D:/FoxCraft/PocketMine-MP.phar/src/pocketmine/PocketMine.php)

PocketMine-MP version: 3.26.1 [Protocol 475]
Git commit: 6b7d0307afb36a7faca2dd65734e15000baf17ba
uname -a: Windows NT DESKTOP-BVRHES0 10.0 build 19042 (Windows 10) AMD64
PHP Version: 8.0.13
Zend version: 4.0.13
OS: WINNT, win
Composer libraries: 
- adhocore/json-comment 1.1.2@fc2f76979f0a44a5f5bc2a2b600d0762fe0e78e7
- daverandom/callback-validator unknown@unknown
- pocketmine/binaryutils 0.1.13@0abee38d4e2861621f262c79a2a3d699d8a697f4
- pocketmine/callback-validator 1.0.3@64787469766bcaa7e5885242e85c23c25e8c55a2
- pocketmine/classloader 0.1.3@3c484a27787f7732ce842ed694928a29ba340961
- pocketmine/log 0.2.1@830b44a2cf96ef703c550abe64302f230231ca49
- pocketmine/log-pthreads 0.1.4@01620c3628cdaa6b4a21122cff4c5d2f70b5c1d3
- pocketmine/math 0.2.6@43057cb8c179a9859677b496a788db922fd5cfc3
- pocketmine/nbt 0.2.18@9f82ca4d7f97fcd9a566e44b63c4f18a7657ae82
- pocketmine/pocketmine-mp 3.26.1@6b7d0307afb36a7faca2dd65734e15000baf17ba
- pocketmine/raklib 0.12.12@5abe22043352e94099e4edfcef5fb3644578ddc1
- pocketmine/snooze 0.1.6@92abf1e988c71635d466abb777f61f89e5a9c990
- pocketmine/spl 0.4.2@6b08b7cf8c4afa17139c9a1b3bf1b408531de161

Loaded plugins:
Alerts 1.0.0 by hachkingtohach1 for API(s) 3.0.0, 3.14.0, 3.14.1, 3.14.2, 3.19.3
CoinsAPI 1.0 by hachkingtohach1 for API(s) 3.0.0, 3.14.0, 3.14.1, 3.14.2, 3.19.0
CraftBook 1.0.0 by hachkingtohach1 for API(s) 3.19.3
DevTools 1.14.2 by PocketMine Team for API(s) 3.13.0
EconomyAPI 3.0.0-SNAPSHOT by onebone for API(s) 3.9.0
EnderSword 2.9 by hachkingtohach1 for API(s) 3.19.3
FarmingCrystal 1.0.0 by hachkingtohach1 for API(s) 3.0.0, 3.14.0, 3.14.1, 3.14.2, 3.19.0, 3.20.0
FormAPI 1.3.0 by jojoe77777 for API(s) 3.2.0
GiveItems 1.0.1 by hachkingtohach1 for API(s) 3.14.0
InvCrashFix 0.0.1 by  for API(s) 3.14.0
MaxEnchants 1.2.1 by Xenophilicy for API(s) 3.0.0
MinePos 1.3.5 by hachkingtohach1 for API(s) 3.0.0, 3.14.0, 3.14.1, 3.14.2, 3.19.3
MirrorNc 1.0.0 by hachkingtohach1 for API(s) 3.0.0, 3.14.0, 3.14.1, 3.14.2, 3.19.3
MyItem 1.4.5 by hachkingtohach1 for API(s) 3.19.3
NoDeathScreen 1 by SilencedTick880 for API(s) 3.17.2
PlayerStats 3.1.9_BETA by hachkingtohach1 for API(s) 3.0.0, 3.14.0, 3.14.1, 3.14.2, 3.19.0, 3.20.0
PureEntitiesXDraz 0.6.7_DEV by milk0417, RevivalPMMP for API(s) 3.12.0
ScoreBoard 1.0 by hachkingtohach1 for API(s) 3.0.0, 3.14.0, 3.14.1, 3.14.2, 3.19.0
SkyBlock 3.0.0 by GiantQuartz for API(s) 3.0.0
Slapper 1.6.1 by jojoe77777 for API(s) 3.19.0
TrumThe 1.0.0 by hachkingtohach1 for API(s) 3.19.3

----------------------REPORT THE DATA BELOW THIS LINE-----------------------

===BEGIN CRASH DUMP===
eNrtPItu28aWvzJQCtS+K8okJVGPrgM7ttMaN451Y+em2KowhuRQYk1yWD4sK0X+fc85M3zJjps0
udh2UQeJyXmc93NI5rdeILOYFzd3IstDmfTmo36vCGPRm1vOcDoeWo5jD4ZT03Gm/V6Z6qmB44xG
zmRqWePpaDSxJ/1exPPiLMtk1pv/1iu2KSzrXcMvNdbvxSLP+QpH19xb34bJqpB4ZS2XL3kWw/1J
ts0LHi2XIinCYrtc6oH5XCZvU58XYm9/zt6IoswSdsejUrC4zAvmCiYDhiiZK2XUZ4lMBMtonfAB
dVBG0cswQtync0An708yHhTLZRqVqzDJH1KQZ95y+bl0DtJ1itgUJg37oLvpACAf7ADeXaLAHuhb
gBiFCUAcgwKKjHtw+VPvmcnSGGHh31R6t6IAEOIgEnciOniF/+5NxyOQ1+dyYTyvpR0mhViJjFn7
QMQz6/cxTqYTwNhMLpc0u1zStPGce0XJo2h7Kq9D73YHvv04/CuRgW3u2bYzfhK2/xjM4dMwhzNn
B6aaMZ57a+HdIkAliryB22e+LN1IsLZ/jOwJ4Rs9jc8a2x/BVyDtBGL8JAhrNnsKxCKTHviZzBQs
52lY4+nH2AdDyAoFY/I4jAVdXsDl3nBofgTMzY0nk7zISq/Yk+4vwivYC56LE4gV+SvJfZH1mR5v
by+LMAKnvOBh8kquVrgKgIDN/mTZP7OuC9dTtrk7VXs38TH9fT6cXT5yJSjaP1P79ywLFmXi1zLM
xJ7G7Ux+ZumaZ/ODg9P5QUVBC7ZxsRjggo9jx+Cx3/v5Q78n/qRB9D8W1oBnBfUmTO5kdCdiWAqo
fJCwV/SqWRjpQoQZT/oCRTWaweyywD8Mfr4p1mFuPI9lASnNeL5l/3XIzIE5/U4t2f0DgMamBoDb
P+CA1RoIg70u6vl8JYpzMG2eeCBQ43kmVmFeiOwnjRqn/b39n38Cq/zvip7t/m8I2X6aVoNotT9C
q6J22Ka2Ghy1Bmuod2JvB8N9/wHOByPv979DiOOHEEuyoQuptLS3/12F3WmtVWbDUp7BmpblfeOV
GQ5hYFUYJnoXiXxKN3Sp9AlXjlJMCiE39FhQJh5SyHhRcIiYZ2RTpzwGpzi7A8jsm1yWmSf22Zzd
ydBHgTuVKvUchDdRnKDmokj4exCeBBHj2DV+BwX8offh74z7d8b9O+P+v864/d5KJCKDdAJ5JOHY
3vQ6YIAUF0TYdEi94cB2BhaOl2Hk9+a2ObT6vTC/8cVdbx7wKBeQtDJZSE8C2NFkDEhCTGmOO/HN
oTnhgTt0+CTgHrd93xlPhiNhjU3TdHlgTVwOsEtNy7sw8eUmZ6+v2enZ1T+vLxfGi3+/+eHsymQW
5AlGNDBrZo5stlcttsx9dnxx6owwe0JXMu9NB+bAGsLte5EAyb1RdQ/TNzJHROevX1/DAN1sIN9i
eo1TCSq5iUI341kochQS99fAWCYOfskhV8Aana+tgTWwjwLPDibObDILTD4a8XEwdj2b265jmr45
cexAmGIyFRMA73OQKQeK4wMPgpQLEd2AkiQE/8cKCERwm8hNcqR/I7GNIt0w4dmWDBeWAjPAzpHJ
XSGGU38k7KljObYV2I7tTWbc5kPfmc38KQfSglEX1KPILRDQ8MgZQYQdwR7HcT3OJ2I8nY7tkS2m
Y88eevZYTL3xmNs7ANHdInI3TdvwaOiNpiNuTwBeMJkMbU9MAQwQNZrZU27PXD4cmTPH6kKK5Iog
2APraDo0XZCo7QUzRwQTcwiYkWFnNDTtwIZ/hpbHoRTahWCkxToT3K8ENToyQTamN3Tsqedz7rgA
1bJsgByMvLEPCjTdsWf5wy6omBdrTY1zBEjHE8+dehaIdzYdz5zJxB3NwKqnU9+d2Xbgj73A2wGR
uEXFz/RoFkxtINifBKATz5/xseOI0ch1QFaBNeUTcAwupjvCbS6NOK298egzXKsFLOO3YNtKLkCT
fTQGgdq2ORoOx7aYgUZmYiT8wBPBGAGPRuPJ1Pe9HTXliZTvhRavczSzuRtYYjadehNIWmN/5Djc
dSeTSeBYwXQmxnzmzWbmDpA0Iggj8CLHNafuxAum3ogH3JpYQ9jALXcIcN2RiWnQFxZYy4e6eibf
PI5EVuStUKYH+r0mfKFlI2peFmuZ5Vjc7JQsGBV5GuLMUC8eDqxRc2FVF7a6mA2GuEckHPI0hBes
qcC/RQrBBhHAXC6D4rQ9EHOq6R9US4ri6jf2CeBIGJQvr67fXb55dQpDG+HmYUF9UFGkOWSBDS+8
db4Oi8FGCDfaDiAuHWABdyJBNMeL85ZM6qEdqXxtmZhfTSYVxc3Vl8sFE+YLKW/bgqnHvsBevqox
1BS1Lj+FdeAcknEYedl2kG+hnBwkojjweb52Jc98ksCpuLuGVrftLfVQl3+t1JYAmgqBXQsedwUw
/OOarwhYLlukaG6vro/fXL9dPKpmKC/WpUvKbUg7qGEAt2dQGMp42/WE1mCbYzJw4+r18eLqh8vr
LucyES787XD8BaauwUFTpEgBmMtlh6wndU2cJZBnrzYy89ucNYNtzuzB7P/IkhuC2tdfy5Z3TkYa
OTw4MvkP5wE1ZZtfMfjtts8PWPqyQPhSZnHXK6qRrrCGu8L6Rf4ixQR/OnKy/zjrDUTsqoiI+uJT
POH78E6cFyJuh7RmbFf31md4wugr6nMFFIVIkWo4P4Wx8+QOwn++fhnet1hrj7aZMx8w97V4ictf
garlMkzuPMQchPfLpeqrP4WNC35/lnhrnnRKtPZoV0f2ro5+FIlM12EUetsHvvkHWWqBRH3UpHRu
Pok5yDgL2WFMj+z60fjPW3xqkuuLL44uFyEe3b/2OmLRQ3+horyiubn6cslsMSy15aIGulIZfY61
fF2WiZzq99dK1K/lqYA2+srLhEhazHfHOzLo8n8VRiLxhI9HpdOp2eV/Arr/g/zvwP302LyI+Baq
mYJ3glp7tFtaWoPZzYuz6+O/QOXRYqJz88W2vygzQc8uQpH/eJrx923JPZjr5jZnMLk5Pft3V3xx
GN2aIwtP1d6ACd7xaHFxsegaxxcUJpmCmcZxulymJdqoIhDE0iL3s3uVFq0HHb5RSFd4yPgCPacl
ndbgX6Z7b2huX3+xEV3dbl9E0Oy1pVMNPejmutL5PoSs/q+SZ8X7J+sIfZb9aTYiZWxB4VrR0Fz9
HqfFJiwKkRFjbcqQx4inqcjaLOqRrvad3UrpI8X5l+g1V5g/LTI+YuwNSQcVE8DhdVbG12vR4rAa
+bOcwWh66ouvkwrx3JJnwDFofudIpXp2gxyoB0KDNJMgL4ox896zRX3HTmQShCuGbycss2Xy7KpM
2KVXsCGznPl4OLeG7N35C2abtoXzEU9WJV+JQ5Gs8D6WhX/YwczUozScVLiNVGbFoTWzhjYObsAT
hRGFeXEog4Bg8HsjpeSQH9omjqyArVj64pDuAokPnesxvQv48zEWVPfpXXooE7zywyAIvTIqtoeE
UT2fKmRm5KIoQDP5IbFCT2HRZg7z261LLlcP50L4rVX4Xsfh6dnL47evrnFU2YXxaymyrcYKliWN
nN8JfX8Xio3hh+oVh8MpDt278t5AC6y2JIksYVZzb4C5hEK9GJDrJXnKN4mBz8IEPbg/tJwW/syD
Ec0/Xg9Snud4LHL4D/pZdp/5DLYxnpA/Y+iAzCPNlyAZfCEADYCBpFlHmWAQDCw2F6wSHeOZYMVa
MJmA9RRrXjAP+aA3YMLEi0pf+HDBHhgewrqSsXpP5iHMnAeizyTMZDmCZG4m+C3byjLTsFgYMLCA
MAgJAygf32+Jtgj4tdjU4MBzAg7qz9lGJt8WDEMFzxgqKAZm8WnVFinEFzIU35u1SFiZrjLuA4DB
MkHbVcDmy4SxZ+/WAgljhQQsic8AhH6KCzLIeAKhrQCiaJpIBWviABjkGYmC5IXu7AkG7aAfkQRj
hKxsu/KqOaOEgRP5uix8CbrXryzN2bKnPIt5kcyFv+wRZcdRJDcM3QmIYfpJBrsLOfsXGieuISs1
9NScYSijrWdkRHoPA7oY+hMDjYFQEJq7ZVqUuF7bXD3dIvbZuxAEIhOQK/d9lolciR/Fig/5WSx4
DuUJWjYDobsCiQbhiF9LHqHY8Eyjep9qTyOFoLOP0BVGsHaBkcQAseMT9jlME+7XZeyCVMCqjvNt
4l3z/BYUn92CHQ1owVuQFpl2xSkuW2cSnA+0B8vzPm6IfKYjBfhDn+GzW2Akp7dlQDYQn3EsLhOw
IFyigF+ReoEnsLJM3odgYQLEACyR5SY1cShbTdB5gLaKa9Am+ywsvgXxFRlt8wW6OpnMzma2BzyU
4Dc2iYXYMDSncwK1a6ucjCMrkwTV6WMokykpgZ565wN2Ku70NYvD1RqcGY9l+m3n04aDEsmyMi3U
qBIYCiYG2jRfpFxwSnqk7SuH4PgaEZD9OAVoI2hzEgQN1jVoGRosNtSi2tIgV0AOyLbKKb+PpAvW
g3mYqXHwgzgs0LdjseIu5U12pURtknDDHGHT9mvU2iYkyZNFgdNuDAWoMrKcOAxCIBEikqA3pABM
AAV8hVIZOWirRDdlKwmKkuimaBWIaEVkGkTanJnIBWCnEKweK//pOcDC5in6MRV/Gf15IVMiQYfP
miQNLmcQPjC5QdyrCEKsFVWWaY80YRQE3pFXaPryb78CheQXRBJGDKZfxANPF/fCKyn4SkWy8khM
VvVqce9BPZE3HKnAdXl9NmfXP5xfsVfnF+fX7HixeHV+dsUWZ28YlIX/PHvTZ7CIXV/CqjP27ofL
V2ds8eby5OzqarAbAjrysMeOFsdCZKGkhIyBOEcG6U2xShp1sLVA9lAS+BRbaIkBoVCoMEugoFQE
PiFAgzUhvx8zNmVkUOdhAkxwmUZGkBUQCL1NIFcZiXBcYg7BPE8bBg9Xoy3oqhzUlgoPywElWSRX
6VXtrXkA8xJp3rA6NDWv+f7jJGnOh5rzFc9c8AzDk1GkyjAKQI9Ll1wNydG7mN4FsTvmCb1M2KEE
CrMSbHC/X+WEXSOszFCl1yAAWIrfuHHBAbtUMV8ZPFQPsoz8mpYQksgmYQ39uQKcEvnAqGOamlfA
9pKCxYMkSaajINS8BZmMq2SrdusVRts02xpGbrQmH9gGe8SkOtZxVRWMqLIMMKEZakP2yzhV1ZUq
4ZieMHCi0tcpLtIbiHYis+IA7iDNg7PzRwQMSRsSH2C4AyPL81JgYCjWoLVVVW1i0EJsDVX9SpGq
RtBF5UBRg0s/Kidsirx1mdzmFe0nPMXRMC5jyLH4BJRV7QUqkqkmQlHRyBX9RYuSPOahjUGxnWqK
CKGBVXAJSXdUa+xUqqldm8baCKOegq8WVy6kYOmFbc6ocjA8aHZEzdspkEK1CpSPKD2gThUYCkrK
sSdhao/isOEOtml5Kn4qzLi4qXZRgBG2ARru06CessNlAq04KmyuUwSUZmsZqRLTxcMmqsSJZKia
wIR0kqHYpjofPatSiyvqYlOlt2dtLVVTGFazbYHA+8ywWgok5RFio6iI0SmAonZTx1IziyWkrzjH
XoYKfdwMg5qsAfsBakGwpUMq7tjJ4m0f9gINLvjXJvTB7KlWUNGzhm8Q/DlzqrK7qchzkk5r7YAd
+xCo1jwKDvBLCWoTfAE2rFEBUobHJGhgLUds0l4LWLsVObvHqIYlJo8GDIl4u0gWVbHdNIDYSyBR
GzxWhI1lmqSGvt/pbi601+Xhe1HrE8vySo05JjxdMkHZrsyjlVpHM1tt2h+whd4T8WxFG7juRLUt
EMYg4ytkAXQCYsvTiCoWbC9jIB6dnWeop5MoxMMC6pfxDV+RF+zi+i1RmgNLyLZbFgz7c1Jlg041
F4Mq1sRFaeCuOVHb7g9F4mXbVPl6wPBgwMM3iWo2of/F85YBoyy15lgEsDAG2RSoO9AGfSIJYapP
tIDS7ojoNUoCoi4FYkjRnMJ5rlSqSglYW2gbRU6EOh/QoU53U6eXVCSdnl8dv4D6iOqpMiEbwoBd
YqTEMOmrIiFEY9QfyvjtfqPhs/F1X7jlal41bc/xXXrQhCpZ1xCuaJ7pFj1XhwrozUkuVfLWHmEh
MEW1gnayltDEoxdWvZqounGK4j4vOMv5XZUt8GCpOibCuVYbD4TR6aQq2vSZzC8yTNSBAEnqW/aj
K+/R8zN2fsr2fnx7froPege3Bxpg/QbUhooJId2Dc2APl/laPqr8AG+Qje4S8PYfX7yq4Ov+rjXy
LSHD0zUqHEi9uhQh3mR1QqTTaOtsLAgILcyFwda4L0O/UUh1Otc+nLmm0xXlauprXCUDWqv9qsz1
KY8HQaRQYVbvMdSeuVrvu4hGpRAdHjUWzIE8WdU9SoLbot1U3K9Wdc7/Hj0QU8I9jmWJ0SNQuU4H
ExBZJVrM7Rgd6SgE1I/XlJxh8xtK1a3NxHgiVOvtCgXMFQH6Pp0lkiutKzsj06Ijxk7SV+wjopp9
iIGM75Kaqo83AJuAfPoYlebjZPIMIPmMV+YOxFab8XdNzXDnhIdOadHP8tBXOQP54aBTMLi8dNtS
WGEShRXCV6mTburURkdN2ji454lIUKegzJuwRuEtoMA+mSJRxIH1VSY3xVrFMUDB2VpBawU58P68
UCmZiDVQGhVpRiMaxdr5ad7iC8M0al5BY+rd/ppNfeRUlTm0p6MkgGcwmz0DMqFVbhTZHGvVuhw8
VKYOXhseUjcLyQRaPWVFqUzLqHIbfYP5ntbotDG0ESG1QcglYcKMi5ELSgLdYNApuTrIm+tSB88d
qblWw6pS0JYFhDQR2m+CHnqmgR8v7gzVgaE7nK6hJg9kK6dDPDDUI6Z65Rr0NlekDPBB7SCURDGE
um2MzSG4coHnrF7ekI5pSs+zZp5YoDDHV6tMrPSRoj5/VMcs+GHc7S5/RB/EmsvTS/xkx9BJQdUH
GL42QnUgHJx8QxhzIrxhgMYGrUN/yNO15NXXh0o5D4QKClXz2pigEsLPUyiXtfLNCZ7Ni/ZZXh+S
Q7rm4BYCI3uGNFR1KWSMQGTQexgYFxNMhmq2yl0qc/DO2aB+btdKtiXU4FDbUGytQpgGSFpW8xWO
B1pVfLXVWoRxk0F0NkaguB6tHhMGahHDOCKkQ0+9qTrgHjQI9EwbQyW5p/O9TiZKk8oDWmdJGgaA
L7Q8q1OjtR5UIS6rOwkdHfAQHpo1n8qgMKgBQT8GjKgnLhhtqqMUFXkBno5OVb6Fmoznuk+D0prH
aVTdYQEENGpdzSulqTmwUTzTm7OfqHKBorVPh3w/I1BqwZrk3X4SRGxgJZ1RgMdjlOrpHZ2PPJZH
KT5T+5hTx0DtN+gnBFp1EdAmX+ElGtQlw4d9mKtUTm0wztnLV8fXahBbDYEna9+5wofgdNsfz+6B
o0T0h/d+mBV9Crrf6UpPPWtpH1ooJ8ZEB6LVZ4q81FYXgbK8LVMfHpZZFXerTi2rn9JQUAE4kI48
egqWV3Iyqic8YAKqrH/2kqIJoaL1HSBUF+uRm9aIQfVlq/CTqvYX9xDbct3kerfYJuXU0EFwc0No
ULaqkKN1yG+In3dHKlMoV1FcEnyojLI6HPf6PXEPdT7V/fgg/wTKlfY3d66nP52qR/DpWuLzrDMm
4xtfFhDvOqP6vwFoBsosat9jZGjfB2FUiA7gVdz5AhBanA4tITjXXXsAv+tr38euelbYGQNH1y8k
WfTODLUo9K5Osyj1unJ4IwJ97NIezSnW590hqJ/i9sjV4lUH/Tb/NaIPGfUVq6cKeSsSSOkdEdzf
a67pQ0EY2HJ6lmzrd2zfh6n60mNG7xu+Vx+F1dvh9j7uSl0iebZpDi3Lxm8KFqeXHdZ9eUOk7Q7C
UNhVGMSBJM87C69C9PQfLzo871AAt3igsMNnHG2ycEf/rc//Rvo9ksV6x/awhqKPKW0S0pCkEq7U
V5bqK7uBg5JQTYZehKCo65R6wFbCgtYkUmaJ8u5+53bT4GrN4xNSrHE6dus/UHnYsRIS5bA9BI1f
SWF8VSpbrOD/D9Zplws6N2s2fPjwv73YgCE=
===END CRASH DUMP===
