PocketMine-MP Crash Dump Fri Dec 3 15:38:06 WIB 2021

Error: Can't use method return value in write context
File: plugins/FarmingCrystal/src/hachkingtohach1/FarmingCrystal/FarmingCrystal
Line: 61
Type: E_COMPILE_ERROR

THIS CRASH WAS CAUSED BY A PLUGIN

Code:
[52] 		$this->getScheduler()->scheduleRepeatingTask(new Update($this), 100);
[53] 		$this->getServer()->getPluginManager()->registerEvents($this, $this);
[54] 		foreach($this->getConfig()->getAll() as $case){
[55] 			$level = $this->getServer()->getLevelByName($data["WORLD"]);
[56] 			if(!$this->getServer()->isLevelLoaded($data["WORLD"])) {
[57]                 $this->getServer()->loadLevel($data["WORLD"]);
[58] 			}
[59] 			$entity->getLevel()->setBlockIdAt($data["X"], $data["Y"], $data["Z"], $data["ID"]);
[60]             $entity->getLevel()->setBlockDataAt($data["X"], $data["Y"], $data["Z"], $data["META"]);
[61] 			unset($this->getConfig()->remove($case));
[62] 		}
[63] 	}	
[64] 	
[65] 	public function getSkin(string $fileName) :?Skin{
[66]         $path = $this->getDataFolder()."skins".DIRECTORY_SEPARATOR.$fileName.".png";
[67]         if(!is_file($path)){
[68]             return null;
[69]         }
[70]         $img = @imagecreatefrompng($path);
[71]         $bytes = '';

Backtrace:

PocketMine-MP version: 3.26.1 [Protocol 475]
Git commit: 6b7d0307afb36a7faca2dd65734e15000baf17ba
uname -a: Windows NT DESKTOP-BVRHES0 10.0 build 19042 (Windows 10) AMD64
PHP Version: 8.0.13
Zend version: 4.0.13
OS: WINNT, win
Composer libraries: 
- adhocore/json-comment 1.1.2@fc2f76979f0a44a5f5bc2a2b600d0762fe0e78e7
- daverandom/callback-validator unknown@unknown
- pocketmine/binaryutils 0.1.13@0abee38d4e2861621f262c79a2a3d699d8a697f4
- pocketmine/callback-validator 1.0.3@64787469766bcaa7e5885242e85c23c25e8c55a2
- pocketmine/classloader 0.1.3@3c484a27787f7732ce842ed694928a29ba340961
- pocketmine/log 0.2.1@830b44a2cf96ef703c550abe64302f230231ca49
- pocketmine/log-pthreads 0.1.4@01620c3628cdaa6b4a21122cff4c5d2f70b5c1d3
- pocketmine/math 0.2.6@43057cb8c179a9859677b496a788db922fd5cfc3
- pocketmine/nbt 0.2.18@9f82ca4d7f97fcd9a566e44b63c4f18a7657ae82
- pocketmine/pocketmine-mp 3.26.1@6b7d0307afb36a7faca2dd65734e15000baf17ba
- pocketmine/raklib 0.12.12@5abe22043352e94099e4edfcef5fb3644578ddc1
- pocketmine/snooze 0.1.6@92abf1e988c71635d466abb777f61f89e5a9c990
- pocketmine/spl 0.4.2@6b08b7cf8c4afa17139c9a1b3bf1b408531de161

Loaded plugins:
Alerts 1.0.0 by hachkingtohach1 for API(s) 3.0.0, 3.14.0, 3.14.1, 3.14.2, 3.19.3
CoinsAPI 1.0 by hachkingtohach1 for API(s) 3.0.0, 3.14.0, 3.14.1, 3.14.2, 3.19.0
DevTools 1.14.2 by PocketMine Team for API(s) 3.13.0
EconomyAPI 3.0.0-SNAPSHOT by onebone for API(s) 3.9.0
EnderSword 2.9 by hachkingtohach1 for API(s) 3.19.3
FormAPI 1.3.0 by jojoe77777 for API(s) 3.2.0
GiveItems 1.0.1 by hachkingtohach1 for API(s) 3.14.0
InvCrashFix 0.0.1 by  for API(s) 3.14.0
MaxEnchants 1.2.1 by Xenophilicy for API(s) 3.0.0
MinePos 1.3.5 by hachkingtohach1 for API(s) 3.0.0, 3.14.0, 3.14.1, 3.14.2, 3.19.3
MirrorNc 1.0.0 by hachkingtohach1 for API(s) 3.0.0, 3.14.0, 3.14.1, 3.14.2, 3.19.3
MyItem 1.4.5 by hachkingtohach1 for API(s) 3.19.3
NoDeathScreen 1 by SilencedTick880 for API(s) 3.17.2
PlayerStats 3.1.9_BETA by hachkingtohach1 for API(s) 3.0.0, 3.14.0, 3.14.1, 3.14.2, 3.19.0, 3.20.0
PureEntitiesXDraz 0.6.7_DEV by milk0417, RevivalPMMP for API(s) 3.12.0
SkyBlock 3.0.0 by GiantQuartz for API(s) 3.0.0

----------------------REPORT THE DATA BELOW THIS LINE-----------------------

===BEGIN CRASH DUMP===
eNrVO2lz20ayf2UenSpbWwQFgDdTypMs0YlqJYsr0mvvhinVABiQiHAFA4iiU/7vr7tncFGK14n9
YZ+rEgFz9PR9Dfh7x0+yiOd3DyKTQRJ3ZoNuJw8i0ZlZo/5kaJujyag3mIwH5qTbKVI91Zva1mQ4
mkxMazKeTib9bkdkWZJ1Zr938n0KSzrzu/Ob68Xl1fxufnt7c9vpdiIhJd/g3DmPX+askIJFIt8m
HstEXmQxe+BhIVgQs10W5IK5SZyLxxy2+kGI+9Kw2ASxPH7DsyiIN+fZXuY8PJaZe7zl7vYexvIE
n6zDJe1XgBgGMUAcWZ+6GupdED8k4YOIRJzDUV6QCRePdhNPIFlDG0bX+Tr/Lt8G0vhhI/KluxVe
EYrs1ZHxg9QvtyIVPIezVlzev4rFjr1LPZ6LV7TvqMss0zz6HgAP+08BiuxBQYOXBaF1zWPgGY1l
YhPIXGTzB0BRKnhdpsASwIEGCCIVwIRXNeDzJPaDjQZ8FoavjhiX7DuXS3H0O24d6q2ATSgeRMhO
2B+gdYXTr/dveQQkAWH853Xn/c3t1cW684tCY1TBCvxX//McmEASlKuEe8J7CuWIEU5jgMMO/j0H
LQQwBO8P8JlU+HzC12lNKvAxyPc1WSRHkb8OE/f+0jvLK4AfABiwWr/9q/X279bbZXXuyDzA/7PH
XcD2v3Tg9Xx1Vh1pVbQVMUB+VgMyESUPIDsSvtpWqjbyZ6TU8tMalX+kVAqflIakhRMGLvOL2M3B
XTAUBJjdK5lnoPLsOzRUVI0jNvtfnEBBjkYNRnyX8nzb0i6k/E0SeijM3rojYZdcd3oXl7fz89XN
7b/ulvPF2e0ZPPYq8LCul8abdYfQbyoKqlwg73DhKzrriBR8NDkQhvY4cRGGBGPamEc2jJvS+y6I
NoDzaRCBLbpgXLnwsyQCDPQZCGJsNXc4+1xI2PPy5fcd8DF5xl1wIz//0u1sRCwy8EHgU2KO3rSz
APmL/Bo8knG9AEgOSKZ2yJ1+zx71LBwvgtDrzGyzb3U7QKQnHjozn4dSgBPLkjxxEwA7GA/hkACd
2MgZe2bfHHPf6Y/42Ocutz1vNBz3B8IamqbpcN8aOxxgFxqX90HsJTvJ3q7YxXz599XNwnj9z9uf
5ksTHFfPZIQDs6bmwGavysWWecTOri9AWwCRbQpgJj2zZ/Xh9aOIAeXOoHyH6btE4kGXb9+uYIBe
dkFMrjZKEymyuzBwMp4FQiKTuLcFwjJx/KtMYgPWaA9t9ayefeq7tj8eTcdT3+SDAR/6Q8e1ue2M
TNMzxyPbF6YYT8QYwHsceMoB4+jY5WHocPfegIgTgCFh5AIW3MfJLj7VfxFZEgwEDnHsBDHP9kUe
hIgvEAPknJrcEaI/8QbCnoyskW359sh2x1Nu8743mk69CQfU/EEb1LOHW8Cg/uloMIZQC3tGI8fl
fCyGE4jBA1tMhq7dd+2hmLjDIbcPAIZcSvSCItO49U/77mAy4PYY4Pnjcd92xQTAAFKDqT3h9tTh
/YE5HVltSGGyIQh2zzqd9E0HOGq7/nQk/LHZh5OR4NGgb9q+Df/rWy4fTJ9AMNJ8CzbilYwanJrA
G9Ptj+yJ63E+cgCqZdkA2R+4Qw8EaDpD1/L6bVCQlmw1NqNTOHQ4dp2JawF7p5PhdDQeO4MpaPVk
4jlT2/a9oeu7ByBiJy/pmZxO/YkNCHtjH2TielM+HI3EYOCMgFe+NeFjMAwuJgfMrR+NKK2s8fRP
mFYDWMbvQbcVXwAn+3QIDLVtc9DvD20xBYlMxUB4viv8IQIeDIbjiee5B2KScZJ8FJq9o9OpzR3f
EpCHuWPI2obeYDTijjMej/2R5U+mYsin7nRqHgBJQ4IwACsaOebEGbv+xB1wn1tjqw8buOX0Aa4D
qd+wb3nCAm35VOVLZJtnkPzksuHK9EC3U7sv1Gw8mheQ6mWw+OfOQbIG4azD0wBn+npxv2cN6ger
fLDVw7TXxz0i5k4ovMoHepB6xah26GZl4ucXzYGIB4jOwdnrtUK5/IupIVgSeuWb5YoSCRjaCUdC
Rorb8zyVs+PjHc/drdwGeW8nhBPue+CYjtHTnyfAm7PFZYMp1dABW741U8xvx5QS5frpqxlzIR5W
SRI2taUaajNG09TgTR0h2UrwqMUbq39AeJ4VX0p3icB63UBFk7lcnd2u3i2eJRLC67ZwiLQateMK
BlA7h+IlifZtRWgMNikm+RrLt2eL5U83qzblSSwc+K9F8ddIWsNbr4XCBYCu1y28PitlIi2GQLPc
JZnXJK0ebJJm96ZfruXf1q5rjJrPX6LGIGBIrYLQzfY9iXlcLxb5scfl1kl45pE2v4GyuS3ccqSt
y/1DM/81+TURY/zXot3+CpnWINdrjUX18CUC/TF4EJe5iJqmWY8d+nLrTwh08C190gZQChCl9fqa
U8L4Hym7jB/OM5Dbm+CxQVtztEmd+YS6b0ZMVPwGaK3XQfzg4tF+8LheX6mU7QvouOaP89jd8rgV
bJujbSnZh1L6IOIk3QZQu+2fBJa/SlMDJkqkwqX18kXUgfNcJC3K9MihLQ3/i/MIjXP18NUB8zrA
ltpbt8UXPfT/KcEqka6fvp41e/RNTcaogTZbBn9GX74xzYRP+fdbBZ23yYWAomjpZkLEDerb4y0m
tBmwDEIRu8JbBe79ZGK2GTAG6f9VBhwA/nIPvQj5HkJzzluerTnazpSs3vTu9Xx19u1zZ3ywzW8Z
sBpUtF6+Wv0XRSbm2EwMhPxwkfGPTdY9mWuHuFFvfHcx/2ebf1EQ3psDC7skt6CEDzxcXF8v2urx
NRlKpoCmUZSu12mBaqowBL408P3TyXcD2eMW4cil5f2eWqsN5lRDT9LvNj9+DCB2/aPgWf7xm4XL
LEkiCzK0Eof66T/pQ74L8lxkRHETMyrGeQakwexBnWRcL3rplmeIrqRWeS/NkhRKXGqrdV4sqjem
esMMe6brbB2/WBYxu3Fz1mfWaDbsz6w+e3/5mtmmbeF8yONNwTfiRMQbfI+S3DtpncxUcx4n1dlG
mmT5iTW1+jYO7kCnhREGMj9JfJ9g8EcjJQuRJ7aJIxsgK0o8cUJvfpK5wqjG9C6gz8PWYPmePqQn
SYxPXuD7gVuE+f6ETlRN1zzJDClyvJ2RJ0QKtuENVI4Teb93SCzVsBTCa6zCe62Ti/mbs3dXKxxV
SmD8Vohsr08FDUoMyR+Efn8IxM7wgEwOvvFkgkOPTvJooKaVW+I4KWBWU2+A5wiEuoWSeolM+S42
sMErqOl+Yo0a52dQu5X043Mv5VJipXPyN/q3bjcye/sI2z4vGDpovGEDyRfAGWzmowIw4DRrCRMU
gq22QgpWso7xTLB8KxgUkhIeeM5cpCNnDt7euWHhCQ+v8Z4oHsJaJhHs9BHAIUzJfdFlCcxkEkEy
JxP8nu2TItOwWOAz0IDAD+gEED5e04V7BPxW7CpwEEt9DuKXbJfgXSNPU8EzhgKKgFhswe4RQ7yF
UHTvtiJmRbrJuAcAeusYdVcBm61jxl683wpEjOUJnBJ7DEAwde0BPMh4LEOeA1I0TaiCNnEADPwM
RU78wgDvCgaJsRcSByOErHS7tKoZI6eCE3Jb5F4Cstc3pzO27ijLYm6YSOGtO4TZWRgmO4bmhHcw
uj3HHgLO/oHKiWtISw09NWPYIqGtc1IivYcBXgztiYHEgCkIzdkzzUpcr3Wumm4g++J9AAxJYuAr
9/BGVyr2I1uB4fcsElyCi0bNZsB0RyDSwBzxW8FDZBvWd+Ud8Ct9KDidI4SuTgRtF+hJDGD7ZiOy
GUzT2W+LyAGugFadyX3s4tUrCD67Bz3q0YJ3wC1S7ZJSXLbNEjA+kB4sl13cEHpMewqwhy7DCwkg
BOME8QZcMo5FRQwahEsU8CWJF2gCLcuSxwA0TAAbgCTS3LhCDnmrEbr0UVdxDepklwX5S2BfntE2
T6Cpk8ocbGavgAa8OLeJLUSGoSmdEahDXeWkHFkRxyhOD11ZkpIQ6CpH9tiFeNDPLAo2WzBmrFC7
TePTioMcybIizdWoYhgyJgLcNF0kXDBKuqfxlEHwhyTwAO3nMUAdQZ1LgNGgXb2GosFiQy2qNA1i
BcSAbK+M8scwcUB7MOYyNQ52EAU52nYkNpyu4XpsqVhtEnMDibBp+wqltguI86RRYLQ7QwEqlUwS
hX4AKIJHEnj5jmB8SGLKI5WSg7QKNFO2SUBQCZopagUetCE0DUJtxkykAk4nF6zuSv7rKcAk5nP4
Yyj+OvxlnqSEgnafFUoanGTgPjC4gd8rEcJTS6ws0x5oxMgJvCer0PjJl98AQ7ILQgk9BnMLCD4x
BB8mHoVbkPNNFMrKIjFYVavFowv5hKwpUo7rZjWfsdVPl0t2dXl9uWJni8XV5XzJFvNbBpng3+e3
XQaL2OoGVs3Z+59uruZscXtzPl8ue4cuoMUPezjS7FiILEgoIKMjlkiguxXkkokblbO1gPeQEnjk
W2iJAa5QKDdLoCBVBDrBQYM2Ib1/pGxKySDPwwAY4zJ9GEFWQMD11o5cRSQ64wZjCMZ52tB7uhp1
QafgILZUuJgOKM4iukquam9FA6iXSGVNat/UtMqj51HSlPc15RueOWAZhpuEoUrDyAE9z10yNURH
72J6F/juiMcFJR9NTCAxK0AHj7plTDhUwlINVXj1fYCl6I1qE+yxG+XzlcJD9pAUoVfhEkAQ2cWs
xl8qwCmhD4SOTFPTCqe9IWfxJEiS6igIFW34JUQZbNVuvcJoqmZTwkiNluQT3WDPqFRLO5Zlwogi
y+AkVEOtyF4RpSq7Uikc0xMGTpTyusBFegPhTmiWFOB3UTsBxs6fYTAEbQh8cMIDKJmUhUDHkG9B
apsy20SnhafVWHVLQaocQSeVPYUNLv1DPmFR5G6L+F6WuJ/zFEeDqIggxuKlBivLCxQkU0WEwqLm
K9qLZiVZzFMdg2Q71RjRgQZmwQUE3UElsYtETR3qNOZG6PUUfLW4NCEFSy9sUkaZg+FCsSMq2i4A
FcpVIH1E7gF2KsFQUFKONQlTexSFNXWwTfNT0VOejIvrbBcZGGIZoOF+HtTn9HAdxyJHgc10iIDU
bJuEKsV0sG1DmTihDFkTqJAOMuTbVOWjZ1VocUSVbKrw9qIppXIK3Wq2zxF4lxlWQ4AkPDrYyEtk
dAggr13nserzvgLzYaIcaxlK9HEzDGq0euwnyAVBl04ouWPni3dd2As4OGBfu8ADtadcQXnPCr5B
8GdsVKbddUYuiTuNtT125oGj2vLQP4ZSUpUJngAd1kfBoQw7I6hgDUOsw14DWLMUmT+iV8MUk4c9
hki8W8SLMtmuC0CsJRCpHYRN3FikcWro94Pq5lpbnQw+ikqemJaXYpQY8HTKBGm7Uo9GaB1MbbXp
qMcWek/Isw1t4LoS1bpAJ/oZ3yAJIBNgm0xDyliwvIwAeTR2nqGczsMAmwVUL2dQTAmZs+vVO8JU
AklItlPkDOtzEmV9nCoueqWvifLCwF0zwrZZH4rYzfapsnWfYWMAciFIWEsyof7FfkuPUZTackwC
WBABb3KUHUiDPjMGN9UlXEBo9BErLHXJ65IjhhDNyZ1LJVKVSsDaXOsoUiJUf0C7Ol1NXdxQknRx
uTx7DfkR5VNFTDqEDrtAT4lu0lNJQoDKqL/39Zr1Rk1nbeuecIrNrCzafmAWFms6Zd2Cu6J5pkt0
qZoK9O2yTFTw1hZhITCFtYJ2vk2giEcrLGs1UVbj5MXxA08m+UMZLbCxVLaJcK5RxgNi9NWDStp0
T+bXJIhVQ4A49ZJ9cJJHtPyMXV6wVx/eXV4cgdzB7AEHWL8DsaFgAgj3YBxYw2We5o9KP8Aaklp2
MVj7h9dXJXxd3zVGXtJh2F2jxIHEq1MRoi0pO0Q6jDZ6Y75Px8Jc4O+NxyLwaoGU3blmc2ZF3RVl
auqLdsUDWqvtqpC6y6O+4CSL13sMtWem1nsOHqNCiHaP+hSMgTzeVDVKjNvCw1DcLVe1+n/PNsQU
c8+ipEDv4atYp50JsKxkLcZ29I7UCgHx4zMFZ9h8S6G6sZkIj4UqvR2hgDkCvwpn1EskU9qWekaq
RS3GVtBX5ONBFfngAxk/RBVocSlqMfzm/DkszefR5BlA8hgv1R2QLTfj3wqb/kGHh7q0aGcy8FTM
QHo4yBQUThZOkwsbDKKwQngqdNJLFdqo1aSVg7uuCAVVCkq96dQwuIcjsE4mTxRyIH2TJbt8q/wY
HMHZVkFrODmwfpmrkEzIGsiNEjWjZo0i7fJCNuhCN42SV9CY+mC1IlO3nMo0h/a0hATwDGazF4Am
lMq1IOu2ViXL3lNhaue14wFVsxBMoNRTWpQmaRGWZqNfMN7TGh02+jYeSGUQUkknYcRFzwUpgS4w
qEuuGnkznepg35GKazWsMgWtWYBI7aG92umhZRr464yDocoxtIfTLeTkftKI6eAPDHWnVK3cgtxm
CpUeXlb1goQwBle3j7A4BFPOsc/qyhp1DFN6ntXzRAK5Ob7ZZGKjW4q6/6jaLPhV+P0hfYQf+Jqb
i5sZ8MPQQUHlB+i+dkJVIJzhr0vwREmI1wTQWK/R9Ic4XXG+oJ+jKOE8YSoIVM1rZYJMCL+5pljW
iDfn2JsXzV5eF4JDuuVgFgI9e4Y4lHkpRAxfZFB7GOgXYwyGaraMXSpy8FZvUN/PNYJtATk45Dbk
W0sXpgGSlNV8ecYTqSq6mmLNg6iOIDoaI1Bcj1qPAQOliG4cD6Smp95UNrh79QF6pnlCybnPx3sd
TJQklQU0ekkaBoDPNT/LrtFWDyoXl1WVhPYO2ISHYs2jNCjwK0BQjwEh6sYFvU3ZSlGeF+Bp71TG
W8jJuNR1GqTWPErD8g0TIMBRy2pWCk3NgY5iT2/GfqbMBZLWLjX5fkGgVILVwbt5E0RkYCadkYPH
Nkp5e0f9kefiKPlnKh8lVQxUfoN8AsBVJwFN9NW5hIN6ZHjZh7FKxdT6xBl7c3W2UoNYagjsrH3v
CA+c0313OH0EimLR7T96QZZ3yel+rzM9ddfSbFooI8ZAB6zVPUVeaK0LQVjuHq+UCjcvstLvlpVa
Vt3SkFMBOBCOXLoFkyWfjPKGB1RApfUv3pA3oaNofQsI5cV65K4xYlB+2Uj8EpX7i0fwbVIXue49
lkmSCjpwbk4ABcpeJXK0DukFVKAEU5FCmYqikuBDZpRV7rjT7YhHyPMp78cb+3NIV5o/JHFc/XuA
agRv12KPZ62xJLrzkhz8XWtU/yaxHiiysPmOnqH57gdhLlqAN1HrZy1Q4rRwCcC4HpoD+GOV5nvk
qLvC1hgYuv4qw6IvUahE4fhdbb0oddt8uBW+brs0RyX5etkegvwpao4sF1et4/fyt5B+naOfWDWV
J/cihpDeYsHjo6aafv0CA3tOd8m2/tzwY5Cqz7en9N3VR/VLh2o7vD5Gba4niJ5tmn3LsvE74cXF
TYt0L7kj1A4HYShoCwz8QCxla+EyQEv/cN2i+QADeMWGwgGdUUi/P20NNn7TMtDfiyy2B7qHORT9
QsgmJvWJK8FG/XRI/XSkN0JOqCJDL0JQVHUmesBWzILSJFRqifxu/3jjrj6rMY83pJjjtPTWeyLy
oKUlxMp+cwgKv4Lc+KZQuljC/zfmaTcL6pvVGz59+j/fRgh5
===END CRASH DUMP===
