PocketMine-MP Crash Dump Fri Dec 3 18:39:07 WIB 2021

Error: hachkingtohach1\FarmingCrystal\entity\Crystal::onUpdate(): Return value must be of type bool, none returned
File: plugins/FarmingCrystal/src/hachkingtohach1/FarmingCrystal/entity/Crystal
Line: 58
Type: TypeError

THIS CRASH WAS CAUSED BY A PLUGIN
BAD PLUGIN: FarmingCrystal v1.0.0

Code:
[49] 			    $this->motion->y += 0.08;											
[50] 		    }
[51] 		    if(FarmingCrystal::getInstance()->register[$this->getId()][0] < $this->y){
[52] 			    $this->motion->y -= 0.02;												
[53] 		    }		
[54] 		    $this->move($this->motion->x, $this->motion->y, $this->motion->z);
[55] 		    $this->updateMovement();		
[56] 		    return parent::onUpdate($currentTick);
[57] 		}
[58] 	}
[59] 	
[60] 	public function attack(EntityDamageEvent $source) : void{
[61] 		$source->setCancelled(true);
[62] 	}
[63] }

Backtrace:
#0 pmsrc/src/pocketmine/level/Level(854): hachkingtohach1\FarmingCrystal\entity\Crystal->onUpdate(integer 1)
#1 pmsrc/src/pocketmine/level/Level(787): pocketmine\level\Level->actuallyDoTick(integer 1)
#2 pmsrc/src/pocketmine/Server(2265): pocketmine\level\Level->doTick(integer 1)
#3 pmsrc/src/pocketmine/Server(2396): pocketmine\Server->checkTickUpdates(integer 1, double 1638531546.9614)
#4 pmsrc/src/pocketmine/Server(2152): pocketmine\Server->tick()
#5 pmsrc/src/pocketmine/Server(1992): pocketmine\Server->tickProcessor()
#6 pmsrc/src/pocketmine/Server(1586): pocketmine\Server->start()
#7 pmsrc/src/pocketmine/PocketMine(330): pocketmine\Server->__construct(object BaseClassLoader, object pocketmine\utils\MainLogger, string[12] D:\FoxCraft\, string[20] D:\FoxCraft\plugins\)
#8 pmsrc/src/pocketmine/PocketMine(360): pocketmine\server()
#9 pmsrc(11): require(string[67] phar://D:/FoxCraft/PocketMine-MP.phar/src/pocketmine/PocketMine.php)

PocketMine-MP version: 3.26.1 [Protocol 475]
Git commit: 6b7d0307afb36a7faca2dd65734e15000baf17ba
uname -a: Windows NT DESKTOP-BVRHES0 10.0 build 19042 (Windows 10) AMD64
PHP Version: 8.0.13
Zend version: 4.0.13
OS: WINNT, win
Composer libraries: 
- adhocore/json-comment 1.1.2@fc2f76979f0a44a5f5bc2a2b600d0762fe0e78e7
- daverandom/callback-validator unknown@unknown
- pocketmine/binaryutils 0.1.13@0abee38d4e2861621f262c79a2a3d699d8a697f4
- pocketmine/callback-validator 1.0.3@64787469766bcaa7e5885242e85c23c25e8c55a2
- pocketmine/classloader 0.1.3@3c484a27787f7732ce842ed694928a29ba340961
- pocketmine/log 0.2.1@830b44a2cf96ef703c550abe64302f230231ca49
- pocketmine/log-pthreads 0.1.4@01620c3628cdaa6b4a21122cff4c5d2f70b5c1d3
- pocketmine/math 0.2.6@43057cb8c179a9859677b496a788db922fd5cfc3
- pocketmine/nbt 0.2.18@9f82ca4d7f97fcd9a566e44b63c4f18a7657ae82
- pocketmine/pocketmine-mp 3.26.1@6b7d0307afb36a7faca2dd65734e15000baf17ba
- pocketmine/raklib 0.12.12@5abe22043352e94099e4edfcef5fb3644578ddc1
- pocketmine/snooze 0.1.6@92abf1e988c71635d466abb777f61f89e5a9c990
- pocketmine/spl 0.4.2@6b08b7cf8c4afa17139c9a1b3bf1b408531de161

Loaded plugins:
Alerts 1.0.0 by hachkingtohach1 for API(s) 3.0.0, 3.14.0, 3.14.1, 3.14.2, 3.19.3
CoinsAPI 1.0 by hachkingtohach1 for API(s) 3.0.0, 3.14.0, 3.14.1, 3.14.2, 3.19.0
CraftBook 1.0.0 by hachkingtohach1 for API(s) 3.19.3
DevTools 1.14.2 by PocketMine Team for API(s) 3.13.0
EconomyAPI 3.0.0-SNAPSHOT by onebone for API(s) 3.9.0
EnderSword 2.9 by hachkingtohach1 for API(s) 3.19.3
FarmingCrystal 1.0.0 by hachkingtohach1 for API(s) 3.0.0, 3.14.0, 3.14.1, 3.14.2, 3.19.0, 3.20.0
FormAPI 1.3.0 by jojoe77777 for API(s) 3.2.0
GiveItems 1.0.1 by hachkingtohach1 for API(s) 3.14.0
InvCrashFix 0.0.1 by  for API(s) 3.14.0
MaxEnchants 1.2.1 by Xenophilicy for API(s) 3.0.0
MinePos 1.3.5 by hachkingtohach1 for API(s) 3.0.0, 3.14.0, 3.14.1, 3.14.2, 3.19.3
MirrorNc 1.0.0 by hachkingtohach1 for API(s) 3.0.0, 3.14.0, 3.14.1, 3.14.2, 3.19.3
MyItem 1.4.5 by hachkingtohach1 for API(s) 3.19.3
NoDeathScreen 1 by SilencedTick880 for API(s) 3.17.2
PlayerStats 3.1.9_BETA by hachkingtohach1 for API(s) 3.0.0, 3.14.0, 3.14.1, 3.14.2, 3.19.0, 3.20.0
PureEntitiesXDraz 0.6.7_DEV by milk0417, RevivalPMMP for API(s) 3.12.0
ScoreBoard 1.0 by hachkingtohach1 for API(s) 3.0.0, 3.14.0, 3.14.1, 3.14.2, 3.19.0
SkyBlock 3.0.0 by GiantQuartz for API(s) 3.0.0
Slapper 1.6.1 by jojoe77777 for API(s) 3.19.0
TrumThe 1.0.0 by hachkingtohach1 for API(s) 3.19.3

----------------------REPORT THE DATA BELOW THIS LINE-----------------------

===BEGIN CRASH DUMP===
eNrtPItu28aWvzJQCtS+K8okJVGPrgM7ttMaN451Y+em2KowhuRQYk1yWD4sK0X+fc85M3zJjps0
udh2UQeJyXmc93NI5rdeILOYFzd3IstDmfTmo36vCGPRm1vOcDoeWuPRZGBaljWb9ntlqqfsAUzN
xlPLnk2nNvzq9yKeF2dZJrPe/LdesU1hWe8afqmxfi8Wec5XOLrm3vo2TFaFxCtruXzJsxjuT7Jt
XvBouRRJERbb5VIPzOcyeZv6vBB7+3P2RhRllrA7HpWCxWVeMFcwGTBEyVwpoz5LZCJYRuuED6iD
MopehhHiPp0DOnl/kvGgWC7TqFyFSf6QgjzzlsvPpXOQrlPEpjBp2AfdTQcA+WAH8O4SBfZA3wLE
KEwA4hgUUGTcg8ufes9MlsYIC/+m0rsVBYAQB5G4E9HBK/x3bzoegbw+lwvjeS3tMCnESmTM2gci
nlm/j3EynQDGZnK5pNnlkqaN59wrSh5F21N5HXq3O/Dtx+FfiQxsc8+2nfGTsP3HYA6fhjmcOTsw
1Yzx3FsL7xYBKlHkDdw+82XpRoLV/uEMZo41Inyjp/FZY/sj+AqknUCMnwRhzWZPgVhk0gM/k5mC
5TwNazz9GPtgCFmhYEweh7Ggywu43BsOzY+AubnxZJIXWekVe9L9RXgFe8FzcQKxIn8luS+yPtPj
7e1lEUbglBc8TF7J1QpXARCw2Z8s+2fWdeF6yjZ3p2rvJj6mv8+Hs8tHrgRF+2dq/55lwaJM/FqG
mdjTuJ3Jzyxd82x+cHA6P6goaME2LhYDXPBx7Bg89ns/f+j3xJ80iP7HwhrwrKDehMmdjO5EDEsB
lQ8S9opeNQsjXYgw40lfoKhGM5hdFviHwc83xTrMjeexLCClGc+37L8OmTkwp9+pJbt/ANDY1ABw
+wccsFoDYbDXRT2fr0RxDqbNEw8EajzPxCrMC5H9pFHjtL+3//NPYJX/XdGz3f8NIdtP02oQrfZH
aFXUDtvUVoOj1mAN9U7s7WC47z/A+WDk/f53CHH8EGJJNnQhlZb29r+rsDuttcpsWMozWNOyvG+8
MsMhDKwKw0TvIpFP6YYulT7hylGKSSHkhh4LysRDChkvCg4R84xs6pTH4BRndwCZfZPLMvPEPpuz
Oxn6KHCnUqWeg/AmihPUXBQJfw/CkyBiHLvG76CAP/Q+/J1x/864f2fc/9cZt99biURkkE4gjyQc
25teBwyQ4oIImw6pNxzYzsDC8TKM/N7cNodWvxfmN764680DHuUCklYmC+lJADuajAFJiCnNcSe+
OTQnPHCHDp8E3OO27zvjyXAkrLFpmi4PrInLAXapaXkXJr7c5Oz1NTs9u/rn9eXCePHvNz+cXZnM
gjzBiAZmzcyRzfaqxZa5z44vTp0RZk/oSua96cAcWEO4fS8SILk3qu5h+kbmiOj89etrGKCbDeRb
TK9xKkElN1HoZjwLRY5C4v4aGMvEwS855ApYo/O1NbAG9lHg2cHEmU1mgclHIz4Oxq5nc9t1TNM3
J44dCFNMpmIC4H0OMuVAcXzgQZByIaIbUJKE4P9YAYEIbhO5SY70byS2UaQbJjzbkuHCUmAG2Dky
uSvEcOqPhD11LMe2AtuxvcmM23zoO7OZP+VAWjDqgnoUuQUCGh45I4iwI9jjOK7H+USMp9OxPbLF
dOzZQ88ei6k3HnN7ByC6W0TupmkbHg290XTE7QnACyaToe2JKYABokYze8rtmcuHIxPCWhdSJFcE
wR5YR9Oh6YJEbS+YOSKYmEPAjAw7o6FpBzb8M7Q8DqXQLgQjLdaZ4H4lqNGRCbIxvaFjTz2fc8cF
qJZlA+Rg5I19UKDpjj3LH3ZBxbxYa2qcI0A6nnju1LNAvLPpeOZMJu5oBlY9nfruzLYDf+wF3g6I
xC0qfqZHs2BqA8H+JACdeP6Mjx1HjEauA7IKrCmfgGNwMd0RbnNpxGntjUef4VotYBm/BdtWcgGa
7KMxCNS2zdFwOLbFDDQyEyPhB54Ixgh4NBpPpr7v7agpT6R8L7R4naOZzd3AErPp1JtA0hr7I8fh
rjuZTALHCqYzMeYzbzYzd4CkEUEYgRc5rjl1J14w9UY84NbEGsIGbrlDgOuOTEyDvrDAWj7U1TP5
5nEksiJvhTI90O814QstG1HzsljLLMfiZqdkwajI0xBnhnrxcGCNmgururDVxWwwxD0i4ZCnIbxg
TQX+LVIINogA5nIZFKftgZhTTf+gWlIUV7+xTwBHwqB8eXX97vLNq1MY2gg3Dwvqg4oizSELbHjh
rfN1WAw2QrjRdgBx6QALuBMJojlenLdkUg/tSOVry8T8ajKpKG6uvlwumDBfSHnbFkw99gX28lWN
oaaodfkprAPnkIzDyMu2g3wL5eQgEcWBz/O1K3nmkwROxd01tLptb6mHuvxrpbYE0FQI7FrwuCuA
4R/XfEXActkiRXN7dX385vrt4lE1Q3mxLl1SbkPaQQ0DuD2DwlDG264ntAbbHJOBG1evjxdXP1xe
dzmXiXDhb4fjLzB1DQ6aIkUKwFwuO2Q9qWviLIE8e7WRmd/mrBlsc2YPZv9HltwQ1L7+Wra8czLS
yOHBkcl/OA+oKdv8isFvt31+wNKXBcKXMou7XlGNdIU13BXWL/IXKSb405GT/cdZbyBiV0VE1Bef
4gnfh3fivBBxO6Q1Y7u6tz7DE0ZfUZ8roChEilTD+SmMnSd3EP7z9cvwvsVae7TNnPmAua/FS1z+
ClQtl2Fy5yHmILxfLlVf/SlsXPD7s8Rb86RTorVHuzqyd3X0o0hkug6j0Ns+8M0/yFILJOqjJqVz
80nMQcZZyA5jemTXj8Z/3uJTk1xffHF0uQjx6P611xGLHvoLFeUVzc3Vl0tmi2GpLRc10JXK6HOs
5euyTORUv79Won4tTwW00VdeJkTSYr473pFBl/+rMBKJJ3w8Kp1OzS7/E9D9H+R/B+6nx+ZFxLdQ
zRS8E9Tao93S0hrMbl6cXR//BSqPFhOdmy+2/UWZCXp2EYr8x9OMv29L7sFcN7c5g8nN6dm/u+KL
w+jWHFl4qvYGTPCOR4uLi0XXOL6gMMkUzDSO0+UyLdFGFYEglha5n92rtGg96PCNQrrCQ8YX6Dkt
6bQG/zLde0Nz+/qLjejqdvsigmavLZ1q6EE315XO9yFk9X+VPCveP1lH6LPsT7MRKWMLCteKhubq
9zgtNmFRiIwYa1OGPEY8TUXWZlGPdLXv7FZKHynOv0SvucL8aZHxEWNvSDqomAAOr7Myvl6LFofV
yJ/lDEbTU198nVSI55Y8A45B8ztHKtWzG+RAPRAapJkEeVGMmfeeLeo7diKTIFwxfDthmS2TZ1dl
wi69gg2Z5czHw7k1ZO/OXzDbtC2cj3iyKvlKHIpkhfexLPzDDmamHqXhpMJtpDIrDq2ZNbRxcAOe
KIwozItDGQQEg98bKSWH/NA2cWQFbMXSF4d0F0h86FyP6V3An4+xoLpP79JDmeCVHwZB6JVRsT0k
jOr5VCEzIxdFAZrJD4kVegqLNnOY325dcrl6OBfCb63C9zoOT89eHr99dY2jyi6MX0uRbTVWsCxp
5PxO6Pu7UGwMP1SvOBxOcejelfcGWmC1JUlkCbOaewPMJRTqxYBcL8lTvkkMfBYm6MH9oeW08Gce
jGj+8XqQ8jzHY5HDf9DPsvvMZ7CN8YT8GUMHZB5pvgTJ4AsBaAAMJM06ygSDYGCxuWCV6BjPBCvW
gskErKdY84J5yAe9ARMmXlT6wocL9sDwENaVjNV7Mg9h5jwQfSZhJssRJHMzwW/ZVpaZhsXCgIEF
hEFIGED5+H5LtEXAr8WmBgeeE3BQf842Mvm2YBgqeMZQQTEwi0+rtkghvpCh+N6sRcLKdJVxHwAM
lgnargI2XyaMPXu3FkgYKyRgSXwGIPRTXJBBxhMIbQUQRdNEKlgTB8Agz0gUJC90Z08waAf9iCQY
I2Rl25VXzRklDJzI12XhS9C9fmVpzpY95VnMi2Qu/GWPKDuOIrlh6E5ADNNPMthdyNm/0DhxDVmp
oafmDEMZbT0jI9J7GNDF0J8YaAyEgtDcLdOixPXa5urpFrHP3oUgEJmAXLnvs0zkSvwoVnzIz2LB
cyhP0LIZCN0VSDQIR/xa8gjFhmca1ftUexopBJ19hK4wgrULjCQGiB2fsM9hmnC/LmMXpAJWdZxv
E++a57eg+OwW7GhAC96CtMi0K05x2TqT4HygPVie93FD5DMdKcAf+gyf3QIjOb0tA7KB+IxjcZmA
BeESBfyK1As8gZVl8j4ECxMgBmCJLDepiUPZaoLOA7RVXIM22Wdh8S2Ir8homy/Q1clkdjazPeCh
BL+xSSzEhqE5nROoXVvlZBxZmSSoTh9DmUxJCfTUOx+wU3Gnr1kcrtbgzHgs0287nzYclEiWlWmh
RpXAUDAx0Kb5IuWCU9IjbV85BMfXiIDsxylAG0GbkyBosK5By9BgsaEW1ZYGuQJyQLZVTvl9JF2w
HszDTI2DH8Rhgb4dixV3KW+yKyVqk4Qb5gibtl+j1jYhSZ4sCpx2YyhAlZHlxGEQAokQkQS9IQVg
AijgK5TKyEFbJbopW0lQlEQ3RatARCsi0yDS5sxELgA7hWD1WPlPzwEWNk/Rj6n4y+jPC5kSCTp8
1iRpcDmD8IHJDeJeRRBiraiyTHukCaMg8I68QtOXf/sVKCS/IJIwYjD9Ih54urgXXknBVyqSlUdi
sqpXi3sP6om84UgFrsvrszm7/uH8ir06vzi/ZseLxavzsyu2OHvDoCz859mbPoNF7PoSVp2xdz9c
vjpjizeXJ2dXV4PdENCRhz12tDgWIgslJWQMxDkySG+KVdKog60FsoeSwKfYQksMCIVChVkCBaUi
8AkBGqwJ+f2YsSkjgzoPE2CCyzQygqyAQOhtArnKSITjEnMI5nnaMHi4Gm1BV+WgtlR4WA4oySK5
Sq9qb80DmJdI84bVoal5zfcfJ0lzPtScr3jmgmcYnowiVYZRAHpcuuRqSI7exfQuiN0xT+hlwg4l
UJiVYIP7/Son7BphZYYqvQYBwFL8xo0LDtilivnK4KF6kGXk17SEkEQ2CWvozxXglMgHRh3T1LwC
tpcULB4kSTIdBaHmLchkXCVbtVuvMNqm2dYwcqM1+cA22CMm1bGOq6pgRJVlgAnNUBuyX8apqq5U
Ccf0hIETlb5OcZHeQLQTmRUHcAdpHpydPyJgSNqQ+ADDHRhZnpcCA0OxBq2tqmoTgxZia6jqV4pU
NYIuKgeKGlz6UTlhU+Sty+Q2r2g/4SmOhnEZQ47FJ6Csai9QkUw1EYqKRq7oL1qU5DEPbQyK7VRT
RAgNrIJLSLqjWmOnUk3t2jTWRhj1FHy1uHIhBUsvbHNGlYPhQbMjat5OgRSqVaB8ROkBdarAUFBS
jj0JU3sUhw13sE3LU/FTYcbFTbWLAoywDdBwnwb1lB0uE2jFUWFznSKgNFvLSJWYLh42USVOJEPV
BCakkwzFNtX56FmVWlxRF5sqvT1ra6mawrCabQsE3meG1VIgKY8QG0VFjE4BFLWbOpaaWSwhfcU5
9jJU6ONmGNRkDdgPUAuCLR1SccdOFm/7sBdocMG/NqEPZk+1goqeNXyD4M+ZU5XdTUWek3Raawfs
2IdAteZRcIBfSlCb4AuwYY0KkDI8JkEDazlik/ZawNqtyNk9RjUsMXk0YEjE20WyqIrtpgHEXgKJ
2uCxImws0yQ19P1Od3OhvS4P34tan1iWV2rMMeHpkgnKdmUerdQ6mtlq0/6ALfSeiGcr2sB1J6pt
gTAGGV8hC6ATEFueRlSxYHsZA/Ho7DxDPZ1EIR4WUL+Mb/iKvGAX12+J0hxYQrbdsmDYn5MqG3Sq
uRhUsSYuSgN3zYnadn8oEi/bpsrXA4YHAx6+SVSzCf0vnrcMGGWpNccigIUxyKZA3YE26BNJCFN9
ogWUdkdEr1ESEHUpEEOK5hTOc6VSVUrA2kLbKHIi1PmADnW6mzq9pCLp9Pzq+AXUR1RPlQnZEAbs
EiMlhklfFQkhGqP+UMZv9xsNn42v+8ItV/OqaXuO79KDJlTJuoZwRfNMt+i5OlRAb05yqZK39ggL
gSmqFbSTtYQmHr2w6tVE1Y1TFPd5wVnO76psgQdL1TERzrXaeCCMTidV0abPZH6RYaIOBEhS37If
XXmPnp+x81O29+Pb89N90Du4PdAA6zegNlRMCOkenAN7uMzX8lHlB3iDbHSXgLf/+OJVBV/3d62R
bwkZnq5R4UDq1aUI8SarEyKdRltnY0FAaGEuDLbGfRn6jUKq07n24cw1na4oV1Nf4yoZ0FrtV2Wu
T3k8CCKFCrN6j6H2zNV630U0KoXo8KixYA7kyaruURLcFu2m4n61qnP+9+iBmBLucSxLjB6BynU6
mIDIKtFibsfoSEchoH68puQMm99Qqm5tJsYToVpvVyhgrgjQ9+kskVxpXdkZmRYdMXaSvmIfEdXs
QwxkfJfUVH28AdgE5NPHqDQfJ5NnAMlnvDJ3ILbajL9raoY7Jzx0Sot+loe+yhnIDwedgsHlpduW
wgqTKKwQvkqddFOnNjpq0sbBPU9EgjoFZd6ENQpvAQX2yRSJIg6srzK5KdYqjgEKztYKWivIgffn
hUrJRKyB0qhIMxrRKNbOT/MWXximUfMKGlPv9tds6iOnqsyhPR0lATyD2ewZkAmtcqPI5lir1uXg
oTJ18NrwkLpZSCbQ6ikrSmVaRpXb6BvM97RGp42hjQipDUIuCRNmXIxcUBLoBoNOydVB3lyXOnju
SM21GlaVgrYsIKSJ0H4T9NAzDfx4cWeoDgzd4XQNNXkgWzkd4oGhHjHVK9egt7kiZYAPagehJIoh
1G1jbA7BlQs8Z/XyhnRMU3qeNfPEAoU5vlplYqWPFPX5ozpmwQ/jbnf5I/og1lyeXuInO4ZOCqo+
wPC1EaoD4eDkG8KYE+ENAzQ2aB36Q56uJa++PlTKeSBUUKia18YElRB+nkK5rJVvTvBsXrTP8vqQ
HNI1B7cQGNkzpKGqSyFjBCKD3sPAuJhgMlSzVe5SmYN3zgb1c7tWsi2hBofahmJrFcI0QNKymq9w
PNCq4qut1iKMmwyiszECxfVo9ZgwUIsYxhEhHXrqTdUB96BBoGfaGCrJPZ3vdTJRmlQe0DpL0jAA
fKHlWZ0arfWgCnFZ3Uno6ICH8NCs+VQGhUENCPoxYEQ9ccFoUx2lqMgL8HR0qvIt1GQ8130alNY8
TqPqDgsgoFHral4pTc2BjeKZ3pz9RJULFK19OuT7GYFSC9Yk7/aTIGIDK+mMAjweo1RP7+h85LE8
SvGZ2secOgZqv0E/IdCqi4A2+Qov0aAuGT7sw1ylcmqDcc5evjq+VoPYagg8WfvOFT4Ep9v+eHYP
HCWiP7z3w6zoU9D9Tld66llL+9BCOTEmOhCtPlPkpba6CJTlbZn68LDMqrhbdWpZ/ZSGggrAgXTk
0VOwvJKTUT3hARNQZf2zlxRNCBWt7wChuliP3LRGDKovW4WfVLW/uIfYlusm17vFNimnhg6CmxtC
g7JVhRytQ35D/Lw7UplCuYrikuBDZZTV4bjX74l7qPOp7scH+SdQrrS/uXM9/elUPYJP1xKfZ50x
Gd/4soB41xnV/w1AM1BmUfseI0P7PgijQnQAr+LOF4DQ4nRoCcG57toD+F1f+z521bPCzhg4un4h
yaJ3ZqhFoXd1mkWp15XDGxHoY5f2aE6xPu8OQf0Ut0euFq866Lf5rxF9yKivWD1VyFuRQErviOD+
XnNNHwrCwJbTs2Rbv2P7PkzVlx4zet/wvfoorN4Ot/dxV+oSybNNc2hZNn5TsDi97LDuyxsibXcQ
hsKuwiAOJHneWXgVoqf/eNHheYcCuMUDhR0+42iThTv6b33+N9LvkSzWO7aHNRR9TGmTkIYklXCl
vrJUX9kNHJSEajL0IgRFXafUA7YSFrQmkTJLlHf3O7ebBldrHp+QYo3TsVv/gcrDjpWQKIftIWj8
Sgrjq1LZYgX/f7BOu1zQuVmz4cOH/wULNIAj
===END CRASH DUMP===
