PocketMine-MP Crash Dump Fri Dec 24 09:51:03 WIB 2021

Error: Class "SonsaYT\InventoryAPI\inventory\ContainerInventory" not found
File: plugins/InventoryAPI/src/SonsaYT/InventoryAPI/inventory/ChestInventory
Line: 16
Type: Error

THIS CRASH WAS CAUSED BY A PLUGIN
BAD PLUGIN: InventoryAPI

Code:
[7] use pocketmine\nbt\NetworkLittleEndianNBTStream;
[8] use pocketmine\nbt\tag\CompoundTag;
[9] use pocketmine\network\mcpe\protocol\BlockActorDataPacket;
[10] use pocketmine\network\mcpe\protocol\types\WindowTypes;
[11] use pocketmine\network\mcpe\protocol\UpdateBlockPacket;
[12] use pocketmine\player\Player;
[13] use pocketmine\tile\Nameable;
[14] use SonsaYT\InventoryAPI\Main;
[15] 
[16] class ChestInventory extends ContainerInventory {
[17] 
[18]     public $main;
[19]     protected $name = "Chest";
[20] 
[21]     protected $viewOnly = false;
[22]     protected $clickCallback = null;
[23]     protected $closeCallback = null;
[24] 
[25]     public function __construct(Main $main) {
[26]         //parent::__construct(new Vector3(), [], null, null);

Backtrace:
#0 pmsrc/vendor/pocketmine/classloader/src/BaseClassLoader(93): include()
#1 pmsrc/vendor/pocketmine/classloader/src/BaseClassLoader(83): BaseClassLoader->loadClass(string[45] SonsaYT\InventoryAPI\inventory\ChestInventory)
#2 plugins/InventoryAPI/src/SonsaYT/InventoryAPI/inventory/DoubleChestInventory(16): BaseClassLoader->{closure}(string[45] SonsaYT\InventoryAPI\inventory\ChestInventory)
#3 pmsrc/vendor/pocketmine/classloader/src/BaseClassLoader(93): include(string[92] D:\FoxCraft\plugins\InventoryAPI\src\SonsaYT\InventoryAPI\inventory\DoubleChestI)
#4 pmsrc/vendor/pocketmine/classloader/src/BaseClassLoader(83): BaseClassLoader->loadClass(string[51] SonsaYT\InventoryAPI\inventory\DoubleChestInventory)
#5 plugins/InventoryAPI/src/SonsaYT/InventoryAPI/Main(24): BaseClassLoader->{closure}(string[51] SonsaYT\InventoryAPI\inventory\DoubleChestInventory)
#6 plugins/MyItem/src/hachkingtohach1/MyItem/MyItem(255): SonsaYT\InventoryAPI\Main->createDoubleChestGUI()
#7 plugins/MyItem/src/hachkingtohach1/MyItem/MyItem(790): hachkingtohach1\MyItem\MyItem->openMenuItems(object pocketmine\player\Player#27105)
#8 pmsrc/src/command/PluginCommand(54): hachkingtohach1\MyItem\MyItem->onCommand(object pocketmine\player\Player#27105, object pocketmine\command\PluginCommand#23628, string[6] myitem, array[1])
#9 pmsrc/src/command/SimpleCommandMap(220): pocketmine\command\PluginCommand->execute(object pocketmine\player\Player#27105, string[6] myitem, array[1])
#10 pmsrc/src/Server(1394): pocketmine\command\SimpleCommandMap->dispatch(object pocketmine\player\Player#27105, string[11] myitem menu)
#11 pmsrc/src/player/Player(1337): pocketmine\Server->dispatchCommand(object pocketmine\player\Player#27105, string[11] myitem menu)
#12 pmsrc/src/network/mcpe/handler/InGamePacketHandler(688): pocketmine\player\Player->chat(string[12] /myitem menu)
#13 pmsrc/vendor/pocketmine/bedrock-protocol/src/CommandRequestPacket(60): pocketmine\network\mcpe\handler\InGamePacketHandler->handleCommandRequest(object pocketmine\network\mcpe\protocol\CommandRequestPacket#117827)
#14 pmsrc/src/network/mcpe/NetworkSession(395): pocketmine\network\mcpe\protocol\CommandRequestPacket->handle(object pocketmine\network\mcpe\handler\InGamePacketHandler#115851)
#15 pmsrc/src/network/mcpe/NetworkSession(358): pocketmine\network\mcpe\NetworkSession->handleDataPacket(object pocketmine\network\mcpe\protocol\CommandRequestPacket#117827, string[33] M./myitem menu.NM.........r......)
#16 pmsrc/src/network/mcpe/raklib/RakLibInterface(192): pocketmine\network\mcpe\NetworkSession->handleEncoded(string[37] S......,I.U.M.+e....e_>{....E.W.kd`..)
#17 pmsrc/vendor/pocketmine/raklib-ipc/src/RakLibToUserThreadMessageReceiver(42): pocketmine\network\mcpe\raklib\RakLibInterface->onPacketReceive(integer 0, string[46] ......{.%x.-.?.'..c0.....b.!'kk^...7v..2"..Z.&)
#18 pmsrc/src/network/mcpe/raklib/RakLibInterface(122): raklib\server\ipc\RakLibToUserThreadMessageReceiver->handle(object pocketmine\network\mcpe\raklib\RakLibInterface#186)
#19 pmsrc/vendor/pocketmine/snooze/src/SleeperHandler(123): pocketmine\network\mcpe\raklib\RakLibInterface->pocketmine\network\mcpe\raklib\{closure}()
#20 pmsrc/vendor/pocketmine/snooze/src/SleeperHandler(82): pocketmine\snooze\SleeperHandler->processNotifications()
#21 pmsrc/src/Server(1645): pocketmine\snooze\SleeperHandler->sleepUntil(double 1640314262.0792)
#22 pmsrc/src/Server(1034): pocketmine\Server->tickProcessor()
#23 pmsrc/src/PocketMine(301): pocketmine\Server->__construct(object BaseClassLoader#2, object pocketmine\utils\MainLogger#3, string[12] D:\FoxCraft\, string[20] D:\FoxCraft\plugins\)
#24 pmsrc/src/PocketMine(324): pocketmine\server()
#25 pmsrc(11): require(string[56] phar://D:/FoxCraft/PocketMine-MP.phar/src/PocketMine.php)

PocketMine-MP version: 4.0.0 [Protocol 475]
Git commit: 468faa464b2bc5c97f23fafbb71ea61035f6f218
uname -a: Windows NT DESKTOP-BVRHES0 10.0 build 19042 (Windows 10) AMD64
PHP Version: 8.0.13
Zend version: 4.0.13
OS: WINNT, win
Composer libraries: 
- adhocore/json-comment 1.1.2@fc2f76979f0a44a5f5bc2a2b600d0762fe0e78e7
- brick/math 0.9.3@ca57d18f028f84f777b2168cd1911b0dee2343ae
- daverandom/callback-validator unknown@unknown
- fgrosse/phpasn1 v2.3.0@20299033c35f4300eb656e7e8e88cf52d1d6694e
- netresearch/jsonmapper v4.0.0@8bbc021a8edb2e4a7ea2f8ad4fa9ec9dce2fcb8d
- pocketmine/bedrock-data 1.5.0+bedrock-1.18.0@482c679aa5ed0b81c088c2b1ff0b8110a94c8a6c
- pocketmine/bedrock-protocol 7.0.0+bedrock-1.18.0@040a883a4abb8c9b93114d5278cb5fecc635da82
- pocketmine/binaryutils 0.2.2@f883e1cf9099ed6a757a10a2f75b3333eeb2cdf9
- pocketmine/callback-validator 1.0.3@64787469766bcaa7e5885242e85c23c25e8c55a2
- pocketmine/classloader 0.2.0@49ea303993efdfb39cd302e2156d50aa78209e78
- pocketmine/color 0.2.0@09be6ea6d76f2e33d6813c39d29c22c46c17e1d2
- pocketmine/errorhandler 0.3.0@ec742b209e8056bbe855069c4eff94c9734ea19b
- pocketmine/locale-data 2.0.20@a6e4eb22587e0014f6d658732cf633262723f8d3
- pocketmine/log 0.4.0@e6c912c0f9055c81d23108ec2d179b96f404c043
- pocketmine/log-pthreads 0.4.0@61f709e8cf36bcc24e4efe02acded680a1ce23cd
- pocketmine/math 0.4.0@6d64e2555bd2e95ed024574f75d1cefc135c89fc
- pocketmine/nbt 0.3.0@98c4a04b55a915e18f83d3b0c9beb24a71abcd31
- pocketmine/pocketmine-mp 4.0.0@468faa464b2bc5c97f23fafbb71ea61035f6f218
- pocketmine/raklib 0.14.2@e3a861187470e1facc6625040128f447ebbcbaec
- pocketmine/raklib-ipc 0.1.1@922a6444b0c6c7daaa5aa5a832107e1ec4738aed
- pocketmine/snooze 0.3.1@0ac8fc2a781c419a1f64ebca4d5835028f59e29b
- ramsey/collection 1.2.2@cccc74ee5e328031b15640b51056ee8d3bb66c0a
- ramsey/uuid 4.2.3@fc9bb7fb5388691fd7373cd44dcb4d63bbcf24df
- rhumsaa/uuid unknown@unknown
- symfony/polyfill-ctype v1.23.0@46cd95797e9df938fdd2b03693b5fca5e64b01ce
- symfony/polyfill-php80 v1.23.1@1100343ed1a92e3a38f9ae122fc0eb21602547be
- symfony/polyfill-php81 v1.23.0@e66119f3de95efc359483f810c4c3e6436279436
- webmozart/assert 1.10.0@6964c76c7804814a842473e0c8fd15bab0f18e25
- webmozart/path-util 2.3.0@d939f7edc24c9a1bb9c0dee5cb05d8e859490725

Loaded plugins:
BuilderTools 1.3.0-beta2 by CzechPMDevs, VixikHD for API(s) 4.0.0
DevTools 1.15.0 by PocketMine Team for API(s) 4.0.0
ExtendedBlocksConverter 1.0.0 by JavierLeon9966 for API(s) 4.0.0
InventoryAPI 1.5 by SonsaYT, DragoVN for API(s) 4.0.0
KeepInventory 1.0.0 by NhanAZ, KhoaGamingVN for API(s) 4.0.0
MaxEnchants 1.2.2 by Xenophilicy for API(s) 4.0.0
MultiWorld 1.7.0-beta3 by CzechPMDevs, VixikCZ, fuyutsuki, kaliiks for API(s) 4.0.0
MyItem 1.4.5 by hachkingtohach1 for API(s) 4.0.0
Netherite 2.0 by Wertzui123 for API(s) 4.0.0
PlayerStats 3.1.9_BETA by hachkingtohach1 for API(s) 4.0.0
PurePerms 1.4.4 by Vecnavium , 64FF00 & ProjectInfinity for API(s) 4.0.0

----------------------REPORT THE DATA BELOW THIS LINE-----------------------

===BEGIN CRASH DUMP===
eNrtXGt328Z2/StT+baWe0UIbwLMkmtbkm/UWLZqyXGa0HUHwIDEFQgweEiis/Lfu8/MAAQpyY/E
t+0HayUWMZg5s8/7nAGo33bSslrw5v2VqOqsLHYm7t5Oky3EzsTyXdOxXNt3jMCxPdvf22mX6pYb
GL7tjcdWGIaOF1rO3k7O6+a4qspqZ/LbTrNaYtaOut7bWYi65jMaOcS0mk13zsui5v95MZ2eFFei
aMpq9fTsZDrNuqvp9LAsGp4VoupnTHdYUTYsLdsiAdG0zfPnWU5UjybT6fPy5rDiaTOdLvN2lhX1
Nu26iqfTz9h3Luqmv2ss50vaS+2jKe8PF++D7r4mu3mjJ7q/SRP0cjBGAoaoKx7j4y87D0y2XBAt
zErKan9ZxpeiWWDifkxCy0ueiEru9ozXQgryhRzbDZ1HE5YVcd4mYvcRyD+w/jCtgGhtDY4e0wI5
sFs3VVbMfnG9d+xLZSmR2eyPCvGobKNcbJLctfy74P4W52XdVuL3Pw3X+TpK0TBC+x37mrY6FImE
6/6j9e5ZnyPIu1Ql8XlfqP1TRIBd2/0sHf9JaH4P7XR10oiFBDXn8fwSxJuSPlndLfVr1/Y8ILtn
T4I+ehxXgjdisOnf3pwoFx1/+X7j0MR+W3Owk7zb/R49LpeiOBVFS1f1bhn9XcQNW5sCGR1fiWo6
PZO/H9hjy/QkpkCbD/0fl4sFL5L9M4nyUF3teu5nIejnf+bue+yOiRoBzRxAeGA7vh3sMa11/x1b
rDLsusd4VfHVL9Y7yUp4Byvn2WIJNairU77ctW0S6Kf3HD0WNyJuG/H5/HwCnmUO8J2LCtl313JC
9z4429BHj5OsXvImnn8xJMvqMLEFrETBsQZw1Op9tRionPEWKoV3DeGLlf0xJPYASSGa67K63F/E
SwHfKJIcuE6Kv/GFOOO0yfdqbNcPgi2MmxvDEee86SKFhTC8f2vj+0N9JJIKV6NlVTZlXOYSm2b6
tfi1hVsrOLv+tj1pDqZTYmE61TxQrLjFxOixurtJ+C6hbhHtYFHNdBsTdDsO7LHi0b1PuC/VxTkK
NRSBu07ofZyRj+/ZsfIZ4D8mEUD3As9S0L3Phe4FH4e+Ob+DesQbrpX4lSTem7njvGOnxtDgjJen
RvdTqV+KSf8+Jit+mWfR/mt++SKLTopGVCnqxl0rtP8Is8dFXCYi6fzBGSNzKhh7J8Yb49T4q6AL
8f7xb/T72HhrXCb/3YEc3+soCuUoWyoOFNqL8k0tqos5MmFyqhqB1yIWGYU89xPwFcHpdItvyjBK
1prSboZbM1Exs5e6i9CrePrN+OcbY2T8m/HQMGJTDkXGPz28vPwvfBpfGYY93TGMn41/UewFX6oD
m5jokNYyNqLkWMYd7I8I4Asc5R5RAK+vcIf3qqUuyvKDUKkmF2Ipqi5uWrbzBxXwGWvWFZqq/M0/
ADDYNhA1FTloYx7wIEJDti/LJkuzmDew9lrva92Ran3X+0zCNV2/KZos301kGcf6vtg2zDEcUG5i
37GJ6bj3ZM4miy/PFOKy0jCdAYUzueYUa3Yd07qHyPv3MZhsqjbuY9ZWlfzAvrOwasFMrSrUF+UM
bvPAWefkWy1Kf8s27+1eFAfuPRzY22JQTqL51oF91yI+KwTSrOobJg9OvJzzarK/fzTZ7zYeEB+d
nhk0YWtPatsf7bz7fW9H/K8eSfyDjgnAh6L5HpPL/EogiTTYKIGo4manu4uRIWWMU5gn5se41dZi
09Ojps8PL7KmobSQZLx4+ezivEGsWnwHAsF9Cxs+k9lvSaxf8BlNDu+afF/mfJZj1tMYWNepl4hY
5pdQIa3C/t5mCCnXF3QhaVhfQuPNMkGPJvEMYNh3kNgsKuU0545pcC9KvShnOOKFnObqaR9pFuU8
D/Pot4/fsmVnm0bBxE2D8InhW7bIfqOFY02AFMfws0TIymL2l0W3Q9jdAP8wHpGwvxRAyg7gAnKv
6Q7Ns01FyLZuz7/KxPWrIl9hTcrzWnJo27fnxdj58pDneQSxYnLR5rmc69w1t0ToumOuq3F4mwyl
bRFTkGfDKEhiVKw+ktKwfb2Ifvb3l7yCqCaT4ZJCXLMfBZmhs/toj/3ybk9urf599N3O79+O6L4d
0X07ovt2RPftiO7bEd23I7pvR3Tfjui+HdF9O6L7dkT37Yju2xHdtyO6P31E151d1XRM9azNcsjk
oixzeU0HE+jgN4b3dvo3lXYswzHMUSQabmOct828rGrq1A8/iHh+dnokrmjBj9lNdvn9EW3Glxnd
dw3TMOlaFHREk+xMoCOxt5PAroqESOBeXabN0XCADhboXIaILxcJiE+nkcLWELbpdAsp9WZYcPbq
/OLtq9cvjjB0LaIaSQaj86ZZ1pDaLGvmbWSgjtwfwN7fIPX73g4Gt+XSD23KxPLA24Y41lJnF4Iv
vpYguv3Rsq2RaJ7PL56+vnhz9imO18j2expg9liecolEHsrVhyXatgpxbcD7fTM2RWFuS+Lf+VUm
qheiLMLQ97+WIDapTqf3gFP+/MUy2qS+fx/nENvG6e9aVluHwkMBeZvi0Y0yBo8qPit/fPm1JPSR
DvxTfkKM/YAAvz4YX3O2Of4J3b9EIn/6M8Z+mJcclSyi19djUBGfTjcQfR6Dd6hcQwXnp/wGpSAu
m6HnD0c3ubaNrVD4kyjK5TzLs3j1tXgdkCQOeygbF5+j1tM2b7K3ZZUnQ97Wg5usjXWsdz4Z6w9/
lu+Hrtqmbi8zfL7keZZd1v+QDLAgvNeEF/wPsf+Z6D8gRHKShzZDGamBTfm42968dQj0tbj/xNnS
53AOxiG8LI+rlVGvGlEbKFD3E17Po5JXyT4xjb5oLiq5pud7PTZk3d729LeIiB/aDKXz1+J5TVE2
bArEH3bvNbX9NUdgWZ2EnDd8w9mHo0O2HcMywvfPji+e/t+ofYBr4+JzBXJNB1P1PGuMayGifCVF
I8WAjuRMVIsNIfRj20bvbnL/o4gLJMx2wfaY7z5/bprsXxgKeSqxT4o0K7LmqwXC92oDcN+hG3z8
dACkx7q8An9I31t1Wlc0S2SU8IlhKY/DsqLVAXBbFAmjeMGb+XAk5jmQYu1wrFy8T8oGXrYxqh+K
rwfaKh9e04PR4XWa5bIMW4/MFsvh5RwuPLzO0P9cDQf+XkvF9deLSPURG2Ml6mmahWuZzuqGE0PJ
cNIy3pTDa5HmQj4SHI7WUqL15lAC6xiOnJ+92Nh+Vf+aF7SZ/sT6W015KYrsw6YIbm401wTXwsCK
L3IZlmx5+SFbqro8lAH6Azrv4XJc3iw2pV4SPNtEC2vZIQbOjl5tsJ6U7yW07UEMZZsKowcNdb0x
UZ1T/3S6wfMWAlzSUcgWn4v8miLVxuCykYcmJGFXl1xn8y3bm7fFpWxobSkkR0olm0VZwamaQyCz
DZ8kIa5EnkR6EpFCflg2pR6wlbASKFqZJcmbZq371vfrvQb36bWMrEjLDbtNbqk827ASKUpnOFQJ
uAf54axVttjR/xnuxl6dxQiLA+GTd8+Xel/aURSi4vkwpg3dnVyZ12L9PZxenrLF3JnYpmNDbPV7
ZM6diXzwjh30MefOxB172CMj/3b9IOXc9d3IjmIvDsep7aQ8jaKxJbhvmY6X+qltBaDdaijqBYqa
vbxgR8fnP1y8Ohs9+/H198fnJrOAgkkMzApN12a73WTLfMSenh75FIHpezIDWX0Q0oHc3kzmy/cl
6eTtycuX1F/Ii2uZPWN6i6QW1Xsot+JVJmSc48kcjFVinyLGiJ6yqHdeLIoJT9LYTsd+OA5Tk7su
91Ivim1uR75pJubYt1NhinEgxiS+Kosv93WQNI3QcJ7E3BsnVpCadpAGbjoejyPb8oM4sULLisxE
CNtxHS5kBIRCEH2QmmL9dsLoCtUkIiO9VwQBXhbldfFE/yZrm1VlXYt9sMzrgl6fuLLJnJ/Yph2G
puPEkL/rmKaIfM8XYxGIIIhTz06sxPdDl3ZFnK5ELXgVzyX/C75cSr+7kkbxJIii2LQtHogksoXL
x4LbacATN+WhiMMkFnYaR0Gy4Rz9QxJg56r7M8y/doOQK7T3xA3s2B+HnHsiMaPAik2AsyMrTenK
MnnoxgH347spr81xZ0xAt6mbrsmDwOEuj6IgDqMQEc5NPHscxJGXijj2HS/hgb1FXQaKtVfbZAAg
I6w4Dc0wFInPx96YAx2swosc/KCisOMkDTcp3alCahWdJ747DsYuTMr3o5hDol4QeLZri8CLbSe2
PRHEnse3oA2e2WtoEGEouGM6YeiINEkjJ4wTx7SFbXl+4pkgHdhmCOvcolTm5ZqGGUbCh7MmY3iq
cJzEDywYTpjYYWzbsevH1lhYyRYa+bKbflzTRdEnIh67dkRbBqbnRxEY8kw/jF2RplBmOHZcwa0w
2iSVl1RGdKYCSIZtPuG+cCFX2wvGwjQtN/UTH58dO059x7F9e4xAEyTONqmZBOMSGD8OLTs2oTfP
iwNw4FhmIGIY/xjm4Keu6came5vCaJBoFCnfSsfEVJw60Fhsu8AGt7d5nMAgApNb8AIn3vKBPg5I
EonvCtvzvCixRUgWb7veGAHBS7A4jS0HGMN0y9iLqOmFGwaxy003gmWElicQUwIncSITtg1BwTEt
HkH91iaF9ceRLJ+UU39B2L71QEdlIxeOIRwe+JYFWx6bwko5fMq3PTiehWDnumOB0BFxEd9FhR4L
dXXMk9C2ue+6Lpjx43HCERLov8CxLRO2J2J37ARcbMlXndF3ef6JyeMAsRo2b8WuFXIrhcThX3D6
wPEo/nqhsKXxoRCuxYr8YF3HyfOMJzF+xq4QnnDsAEVRBE9yzcizYM9CwN6iyPdjk6+JtG2m0g8i
L3JFCBmmkecEgR9aaTJ2xrAL103iyE18rI5T201SWj5vFzXn3frbwb1eLdKyWEGD+QplRT7qSugr
QHWkEuMk9MbhWISIPk6QJokdmY4fOghwyDsC6jVhXHfRQsYIzJ6W9QTh1kQeEonFQwQBDmohF5aN
2I7kgYxl2p47ju6lZQ1wCR9GEaZOQnaeIgWFbgBftczYjR2AcuC8If5VLcqi/MCrZh+xDZ2qSrpk
oX7ou/EY1hCYbmC5PHBtGIEwoePE8iIemakVwKE2iCzhcSMK3jKOEJYkdMJ0LBL4bAyTiKIwppzr
xZHpJciGwBaaY5CRHVJvW8ZKFqkPmHzND41Fms3aSj5HYlTisbSs2EZNNS0esIs5EimrRdOgy6gZ
rwRDx83KQtT4wBsW84Le4Y1E9ypYgg9MPf8wkNCQeBvUJETrvFxgZUoEtmnWPBV7rKRmviaSLEK0
umSrsq00LZalbIHeI83kDqht6OXdfEWEX4rrntw+Clze5k3NrsviYcMo9fOKocUtEbwySmErQtjM
s1rxfT0XBWuXs4onIGBMi2nREZtMC8YevJ3LUwbWlNgFtSpI6CdGkAGqm5oK6kTdllBV9GeQZy4a
KS86rokFU8mFRhZEGRKPxSjnVBLPxES9Dko36nnboEYsRvo96wm9YK1oyzc9k+mORPY0z8trlmc1
oe1et2JXGWf/0YpqRXN+pQ8jfWvCqD2XS49lw67XMOBiVC7SO6UQClGLVkyLkuar/n7U3x6AffAW
HgOLgFx5kjBUXkr8JFZ6DMgWgtNTUqpAGYQeCQIN4YhfW56T2GbZFeaiqGgF29WbMtt8RNTVjmJU
iSX62hHETs/zJrgt937ZLiJIBVb1tF4V8QWvLxk9qoUdGXLCG0hLmnbHKU2bV2VRttAeptd7TB4/
MtVhkD/sMSqqK/VKgZQN/JHGFm2hH70q4udSveAJVlaVNxksTEAMYElabtGDI9lqQCcp2SrNIZvc
Y1nzEOJrKrksEfRGrzSZrcVsFzzQO9C2FItkY6Q5nUhS27bKpXFUbVGQOhPqDsulVIJsR2qDHYkr
/ZktstkczlyhFd8bOp82HJJIVbXLRo0qgZFgFsCm+ZLKhVPKXiNRDsGvyiwB7LsRkI2QzaHgz2Bd
xsDQMHmkJvWWNi0WAtutlFP+LS8jWA+dLTE1Dj9YZA359kLMeCTPRdm5ErUphZvVRFsuvyCtXWdS
8tKi4LTXI0WoM7JacphmgIiIJOipBJFJKyG6LZWRQ1stuSmblVBUSW5KVkEbzSTMkYQ2YSZxgd1l
CFYV2f97Duiw7mP45+jm/xz+uimXEoIOnz0kTa5mCB9LyqZJD4h27VBZqDs1MBkE3kqv0Pjqh18B
ofQLCYkiBovbil6Fz+n7BPTWJFl3qSArj6Rk1c8WN7EQSb3mSAWuVxfHE3bx/ck5e3FyenLBnp6d
vTg5Pmdnx6/Z21evfzh+vccwiV28wqxj9vb7Vy+O2dnrV4fH5+fGdgjYkIft+VocZ6LKSpmQKRDX
xGA8FzIkS2n0wdaC7FESJDK2yCkjhEKhwqwkRd+YyAoEaFgT8XufsSkju55TZoVMKASpaZKyIoLQ
uw7kKiPJPeS3IijPywXG7dlkC/qkGWpbipjKASVZgqv0qtb2PMC8xLJes+qYmtf60d2QNOeO5nzG
qwieMVpX1jIA3S1d6WoER69iehVi94IXrSw+hkhQmLWwwUd7XU7YNsLODFV6TdHkN4rfxdoFDfZK
xXxl8KgeyjZPeiwZksh1wdb4a0V4KeGDUd80Na/Y7bkMFreSpDQdRaHnLa3KRZds1Wo9YzQ0zaGG
iRutyVu2we4wqQ3rOO8KRlJZhZ3IDLUhJ+1iqaorVcIxfWNENzp9HdEkvUBilzA7DnCFNA9n53cI
GEkbiQ87XMHI6roVFBiaObQ266pNClq02xrVXqdIVSPootJQaGjqvXJa8JuRPIutO+yHfEmj2aJd
IMcivVZEvOEFqkookqm3gRWKtVzJX7QopcfctjEU20uNSG44oiq4RdJ1e40dlerWtk1TbURRT9FX
kzsXUrT0xCFnsnIYybPenrcjQJG1CspHkh7QqQJDUVnK9yCZWqM4XHOHZVqeip9uZ5q8rnZJgDm1
AZrux0l9zA6nhX4XcKJTBEqzeZmrEjOiR3KyEpeQUTXBhHSSkbFNdT76rkotkeiLTZXeHgy11N2i
sFqtGiK+x0bWQIFSeXLjUdOB0SlARu11HSufD1AJmSjOqZeRhT4txqCGZbDvUQvClg5kcccOz97s
YS0wRPCv6yyB2ctaQUXPnv5I0p8wvyu71xV5LaUzmGuwpwkC1Zzn6T5aSdUmJAI2rLfCpozOBcnA
Bo64TnsDYsNW5PiGohqVmDw3GIF4c1acdcX2ugGkXoJAXSNt0sJ2WSxH+nqruznVXldnH0SvTyrL
OzXWlPB0yYSyXZnHILW6oa0WPTLYmV6T82omF3DdiWpbkDumFZ8RC9AJxFYvc1mxUHu5AHhydl6R
ng7zDLNUv1yp97PZ6cUbibQGS8R21DbyO7ZSlevtVHNhdLFm0bQjWjWRaIf9oSjkQyTp6ymjg4GY
XlDs2UT/m6ZZbDCZpeacigCWLSCbhnQHbcg/kIYwtSexQGlXEvScJIGoKwMxUjSX4bxWKlWlBOY2
2kaJE6HOB3So093U0StZJB2dnD99hvpI1lNtIW2IAnZLkVI+/1RFQkbGqL8FnAz7jTWfa19PRNTO
Jl3T9phZ1KzpknWOcCXvM92i1+pQgby5qEuVvLVHWERMoVbUDuclmnjywq5XE103LqM4HRuzml91
2QIf0Xqr73nQvUEbD2Dyibsq2vSZzN/LrFAHAlJSD9lPUXlDnl+xkyO2+9Obk6NH0DvcHhgw/xpq
I8VkSPdwDurhqkTLR5Uf8IZyrbsC3v7Tsxcdfd3fDUYeys3o4ZgsHKR6dSkieSu7EyKdRm+Ab0Rv
IRyUaSq3xb0sXY1u2ixZK0TKc7R5OHMhT1eUq6m/xadkIOdqv2prfcqjvqwmPV6vGak1E6afntI2
KoXo8Kh3oRzIi1nfoxS0LN9OxXvdLPqO76hP0HcdiCnhPl2ULUWPVOU6HUwgsk60lNspOsqjEKif
PsvkjMWvZaoeLJaMF0K13pFQxCKRku/XS34tjYJsVH93iEyLhjeTvmKfNurZRwxkfBuqfiEduwnk
07tQmnfD5BV9653xztwBtltMv3s0ztYJTyRf2YQ06yxROYP44dApDK5uo6EUZpREMUMkKnXKiz61
yaMmbRw8jkUuZKegzFvummeX2IL6ZBmJcg7WZ1V53cxVHMMWnM0VtUGQg/fXjUrJEuyIpNFBG61F
o1g7OaoHfFGYJs0rakw9Nu3Z1EdOXZkj12woCfRGzGYPABOt8lqR62OtXpfGbWXq4HXNM9nNIpmg
1VNWtCyXbd65jb6gfC/n6LTh2LShbIOIS7kTZVyKXCgJdINBI/ogb6JLHTp3lM21GlaVgrYsAFlH
6GQd9MgzR/T9nq2hPjBsDuvXCAY5HfFgpF6j6mfOobeJgmIsF4ulkZUSMULdakHNIVy5oXPWuF5D
pzSl77P1fcmCDHN8NqvETB8p6vNHdcxCX4q/3OZP4kOseXX0ir4nMNJJQdUHFL6uhepAOKPv3dOO
tQS+ZkCOGYNDf+TpXvKt/EsNSjm3hAqFqvvamFAJ0XsDMpcN8s0hnc2L4VneHpLDcs7hFoIie0UY
uroUGSMVFXqPEcXFgpKhutvlLpU5+MbZoH6FY5BsW9TgqG1kbO1CmCYotazud3vc0qria6jWJlus
M4jOxkSU5pPVU8IgLVIYpw3loade1B1wG+sN9J3hDp3kPp7vdTJRmlQeMDhL0jRAvtHy7E6N5npQ
hbiq7yR0dKBDeDRriSyDsrQnRA/J20o9caFo0x2lqMgLejo6dfkWNRmvdZ+G0prTm0/6igogYNS6
mnRKU/dgo3SmN2G/yMqF0x+EoIF3RFS2YOvkPXwSJNmgSrqSAZ6OUVTwIqsSzZ15VMZn2T7WsmOQ
7Te9/gusuggYwlf7SgzqIyiSG7imyqnrHSfs+YunF2qQWg1BJ2vf6Tcy9rzwBhwVYs+5SbKq2ZNB
9ztd6alnLcNDC+XElOggWn2myFttdTmUFa+Y+qJTW3Vxt+vUqv4pjQwqoIN0FMunYHUnp1H3hAcm
oMr6B89lNJFbyfkbRGRdrEfeD0ZGsr4cFH6lqv3FDWJbrZvc+JLapFo2dAhuUYYGZaUKOTmP+AUU
tGAqUyhXUVxK+qiMqj4c0+PXbaXSc8qztYoP5cNK+bRuiqrlwTmy75GImcus8cQNJ47D3p48Y7Zp
W3S/e6B2IBBgcb0om+Rg48kmUw/T6Kbae0Sud2CFFhIZBq/nWSNG9FyNClJJA12SrskObJNGZpzO
CBJxIK/Uo7x+TK+iU1l6etNdL6+WB3ASfEoyaptgp6sDuWNvdn0WO5CsyIqXCumD+nIlk/56mCx3
MIsepR8cHT9/+ubFBY3qzkY+ANS7yjRAPqmvN8rUg4CGBqW4WlIUKBXivv9AqZcJ9SeUaj1F1ZD6
r9FA3weWP9i/QvTp+KfPBp3kwwGTg3+VPxsquPKlEpzB+myJQbXRzu//A1elXh4=
===END CRASH DUMP===
