PocketMine-MP Crash Dump Fri Feb 11 22:32:24 WIB 2022

Error: Undefined variable $id
File: plugins/Dungeon/src/hachkingtohach1/Dungeon/task/Scheduler
Line: 21
Type: ErrorException

THIS CRASH WAS CAUSED BY A PLUGIN
BAD PLUGIN: Dungeon

Code:
[12] 	private $plugin;
[13] 	
[14]     public function __construct(Dungeon $plugin){
[15] 		$this->plugin = $plugin;
[16]     }
[17] 	
[18]     public function onRun() :void{
[19]         if($this->loadMap == false){						
[20] 			foreach($this->plugin->dungeons as $case => $data){
[21] 				if(!$this->plugin->getServer()->getWorldManager()->isWorldLoaded($this->plugin->dungeons[$id]["world"])){
[22]             		$this->plugin->getServer()->getWorldManager()->loadWorld($this->plugin->dungeons[$id]["world"]);
[23] 				} 
[24] 				foreach($this->plugin->getServer()->getWorldManager()->getWorlds() as $world){
[25] 			        if($world->getFolderName() == $this->plugin->dungeons[$case]["world"]){
[26] 					    foreach($world->getEntities() as $entity){
[27] 					        $entity->close();
[28] 						}
[29] 					}
[30] 				}
[31] 			    $this->plugin->resetMapDungeon($case);				

Backtrace:
#0 plugins/Dungeon/src/hachkingtohach1/Dungeon/task/Scheduler(21): pocketmine\errorhandler\ErrorToExceptionHandler::handle(integer 2, string[22] Undefined variable $id, string[98] C:\Users\tranthien\Desktop\FoxCraft\plugins\Dungeon\src\hachkingtohach1\Dungeon\, integer 21)
#1 pmsrc/src/scheduler/TaskHandler(117): hachkingtohach1\Dungeon\task\Scheduler->onRun()
#2 pmsrc/src/scheduler/TaskScheduler(141): pocketmine\scheduler\TaskHandler->run()
#3 pmsrc/src/plugin/PluginManager(466): pocketmine\scheduler\TaskScheduler->mainThreadHeartbeat(integer 1)
#4 pmsrc/src/Server(1768): pocketmine\plugin\PluginManager->tickSchedulers(integer 1)
#5 pmsrc/src/Server(1657): pocketmine\Server->tick()
#6 pmsrc/src/Server(1046): pocketmine\Server->tickProcessor()
#7 pmsrc/src/PocketMine(304): pocketmine\Server->__construct(object BaseClassLoader#2, object pocketmine\utils\MainLogger#3, string[36] C:\Users\tranthien\Desktop\FoxCraft\, string[44] C:\Users\tranthien\Desktop\FoxCraft\plugins\)
#8 pmsrc/src/PocketMine(327): pocketmine\server()
#9 pmsrc(11): require(string[80] phar://C:/Users/tranthien/Desktop/FoxCraft/PocketMine-MP.phar/src/PocketMine.php)

PocketMine-MP version: 4.2.0 [Protocol 486]
Git commit: 44818e6d1456dcf1f0fd3cd27da1dfecbe03c08b
uname -a: Windows NT tranthien4-8sin 10.0 build 17763 (Windows Server 2016) AMD64
PHP Version: 8.0.13
Zend version: 4.0.13
OS: WINNT, win
Composer libraries: 
- adhocore/json-comment 1.1.2@fc2f76979f0a44a5f5bc2a2b600d0762fe0e78e7
- brick/math 0.9.3@ca57d18f028f84f777b2168cd1911b0dee2343ae
- daverandom/callback-validator unknown@unknown
- fgrosse/phpasn1 v2.4.0@eef488991d53e58e60c9554b09b1201ca5ba9296
- netresearch/jsonmapper v4.0.0@8bbc021a8edb2e4a7ea2f8ad4fa9ec9dce2fcb8d
- pocketmine/bedrock-data 1.6.0+bedrock-1.18.10@e98c511584a7bd58a95986374d2df4b04c6a2ba0
- pocketmine/bedrock-protocol 8.0.0+bedrock-1.18.10@017e57c8f8a74118bcbba7332e7ebac9e6c81693
- pocketmine/binaryutils 0.2.4@5ac7eea91afbad8dc498f5ce34ce6297d5e6ea9a
- pocketmine/callback-validator 1.0.3@64787469766bcaa7e5885242e85c23c25e8c55a2
- pocketmine/classloader 0.2.0@49ea303993efdfb39cd302e2156d50aa78209e78
- pocketmine/color 0.2.0@09be6ea6d76f2e33d6813c39d29c22c46c17e1d2
- pocketmine/errorhandler 0.6.0@dae214a04348b911e8219ebf125ff1c5589cc878
- pocketmine/locale-data 2.4.3@4d0b081f1a79407e087968ea76aaf330db6ea2b5
- pocketmine/log 0.4.0@e6c912c0f9055c81d23108ec2d179b96f404c043
- pocketmine/log-pthreads 0.4.0@61f709e8cf36bcc24e4efe02acded680a1ce23cd
- pocketmine/math 0.4.2@aacc3759a508a69dfa5bc4dfa770ab733c5c94bf
- pocketmine/nbt 0.3.2@3e0d9ef6b6c5fb45e3745a121296e75631b3eefe
- pocketmine/pocketmine-mp 4.2.0@44818e6d1456dcf1f0fd3cd27da1dfecbe03c08b
- pocketmine/raklib 0.14.3@4798576fec0364266dce23b368a7fec5e5de7927
- pocketmine/raklib-ipc 0.1.1@922a6444b0c6c7daaa5aa5a832107e1ec4738aed
- pocketmine/snooze 0.3.1@0ac8fc2a781c419a1f64ebca4d5835028f59e29b
- ramsey/collection 1.2.2@cccc74ee5e328031b15640b51056ee8d3bb66c0a
- ramsey/uuid 4.2.3@fc9bb7fb5388691fd7373cd44dcb4d63bbcf24df
- rhumsaa/uuid unknown@unknown
- symfony/polyfill-ctype v1.24.0@30885182c981ab175d4d034db0f6f469898070ab
- symfony/polyfill-php80 v1.24.0@57b712b08eddb97c762a8caa32c84e037892d2e9
- symfony/polyfill-php81 v1.24.0@5de4ba2d41b15f9bd0e19b2ab9674135813ec98f
- webmozart/assert 1.10.0@6964c76c7804814a842473e0c8fd15bab0f18e25
- webmozart/path-util 2.3.0@d939f7edc24c9a1bb9c0dee5cb05d8e859490725

Loaded plugins:
Alerts 1.0.0 by hachkingtohach1 for API(s) 4.0.0
AlwaysSpawn 2.2.5 by Philip Shilling for API(s) 4.0.0
AuctionHouse 2.0.0-BETA1 by Shock95x for API(s) 4.0.0
BlockGenerator 0.1.0_beta by BlockHorizons, Chris-Prime for API(s) 4.0.0, 3.0.0
BuilderTools 1.3.0-beta2 by CzechPMDevs, VixikHD for API(s) 4.0.0
CraftingTable 1.0.0 by hachkingtohach1 for API(s) 4.0.0
CropGrowth 2.0.1 by NhanAZ, kaidoMC, YTBJero for API(s) 4.0.0
CustomItemLoader 2.3.1 by alvin0319 for API(s) 4.0.0
DevTools 1.15.0 by PocketMine Team for API(s) 4.0.0
Dungeon 1.0.0 by hachkingtohach1 for API(s) 4.0.0
EconomyAPI 5.7.3-PM4 by onebone for API(s) 4.0.0
FCCore 1.0.1 by hachkingtohach1 for API(s) 4.0.0
FormAPI 1.4.0 by jojoe77777/DragonfireHD98 for API(s) 4.0.0
Gems 5.7.3-PM4 by onebone for API(s) 4.0.0
HealthTag 2.1.2 by Shelly7w7 for API(s) 4.0.0
InvCrashFix 0.0.1 by Muqsit for API(s) 4.0.0
InvSee 2.0.1 by BlockHorizons for API(s) 4.0.0
KeepInventory 1.0.0 by NhanAZ, KhoaGamingVN for API(s) 4.0.0
LaunchableTNT 1.0.1 by Vecnavium for API(s) 4.0.0
MaxEnchants 1.2.4 by Xenophilicy for API(s) 4.0.0
MultiWorld 1.7.0-beta3 by CzechPMDevs, VixikCZ, fuyutsuki, kaliiks for API(s) 4.0.0
MyItem 1.5.5 by hachkingtohach1 for API(s) 4.0.0
NPC 1.0.0 by hachkingtohach1 for API(s) 4.0.0
Napthe 0.0.2 by hachkingtohach1,tungstenvn for API(s) 4.0.0
Parties 2.0.1 by Didah (@Diduhless) for API(s) 4.0.0
PlayerStats 3.1.9_BETA by hachkingtohach1 for API(s) 4.0.0
PureChat 2.0.0 by Vecnavium, 64FF00 for API(s) 4.0.0
PureEntities 2.0.0 by LeinneSW for API(s) 4.0.0
PurePerms 1.4.5 by Vecnavium , 64FF00 & ProjectInfinity for API(s) 4.0.0
RedstoneCircuit 3.0.0 by tedo0627 for API(s) 4.0.0
ScoreBoard 1.0 by hachkingtohach1 for API(s) 4.0.0
ShopGUI 1.0.0 by hachkingtohach1 for API(s) 4.0.0
SimpleHome 1.1.0 by CzechPMDevs, VixikCZ for API(s) 4.0.0
Spyglass 1.0.1 by ItsRealNise for API(s) 4.0.0
VanillaHopper 2.0.1 by ColinHDev for API(s) 4.0.0
VanillaX 3.0.0 by CLADevs for API(s) 4.0.0
WorldProtect 2.3.11 by aliuly for API(s) 4.0.0
_NewAlias 1.4.0 by Javier Leon9966 for API(s) 4.0.0
libEasyUI 1.0.2 by GiantQuartz for API(s) 4.0.0

----------------------REPORT THE DATA BELOW THIS LINE-----------------------

===BEGIN CRASH DUMP===
eNrtPIty20aSvzIrpy5ynUjhTYApuyRLcqxdy+ZacuzbIOUaAAMSEQggeEiiU/n36+4ZgAAk20qi
XHJVUR4kGjM9/X4MBvx5J87LNa8/XImySvJsZ27t7dTJWuzMdceybM+0LWtqWTPb9PZ2mkLeMqau
a9iuq1uurs80x4ZJKa/qk7LMy535zzv1poBhO3R9chMKmAe493bWoqr4Em+9zSIRJ5mI2BUvEx6k
gn2VRDAkbtL0eZLimKO577+tgDDfr0ue1atEZL5/LKrLOi98/3l+c1TyuPb9Im2WSQbDjptsKXIY
VJWh7694uLpMsmWd4ze9d7vm1aXvn4crETWpKKfFqsCl5bIK274avQ+49keounuIaL/DAzhS4AkE
pIMUSx7C1+93Hmnst6PcNfTHc1bk4aWo14Db9wUKdcWzCO76Pon4Iu+E/ELemM/liN0kq8VSlMzY
Y1VdwnLfG8YP7G7pd0M89wf2xwl/j3VE6Y9BZI90VqxRIvRfy/j+BchBcbMLVgZSuLc+J0/z7E2T
7RJ245PYt0LWrbGUu5G+3yNk8rRs0Zo9tFIE+wv6OOMZmHi5aznO53H2yF3zJLtYlYJHLwQv60Dw
utOclJHVW+5clFdI9MxxRytIQnx/QMnkaZ2E29WqEWb7DsyOPRthlnckKikA5455muV8Zt6izEMI
AHkpEcx6CBY05Qym7Jqa9QkcHz6EeQYm2oT1bh78KMKaPeOVOILQU73MeSTKR2Dm6k4fQVMnKRjo
GUj5Zb4E1h+Zna2bzq+w9W6WZf0WDyG23U+wbYxFXkmh0iRPTgJHgEGl+KlJSrGraHG1H1ix4uV8
f/9ovk8U7XcE7St69ltyemtOzhZTnDgiBaPh450fftnbEQ8Rzx8wqAJJEs+HJLvK0yuxFlkNyCOQ
RljvtHcBolABKMwjgSzoBoD9uiiTK14DcXLoNzBCN+kOfrPgG4O/ognSJGRxk4XIKetbnkLdYnj8
M060CYVffwVCryZP5S32ZLCMo5D/ghezbk33E2uqEMbmV3kS0SKeGol/Sbyr1krB8s94wZ48YTFP
K/H4ZySk/QfmGZoizq8h2QsQ9e6AzMnTSLJUMV6xr0JwKfbkKfsq4jUn7gy9Q+DXsPA/RtOXolYB
4DFdvMvLNGrDIICSiiDkotGn1v4ezOWH7/2daxzq7/zwWC5t9HjGv1tC/vLyKCCC3XtpVJdh9pj+
hSHE6kE+Ickv0dKCKlAsCpuWlJzaHfa+jmkAzXuepxDhXvG1gLmg7E8ygwocsEPonR7xcomOhe0a
J1md1IloqRN4uZHzZ7fm458aMnkapnkFhJHk3MFQkB4CvQEQQabWlzAC9IEIRgyWooL4xAvlf7vE
5+NvOkP/5e+S6++S6++S6++S6/9vydUWMBUWLIdgODV9yzg23S1gb6fr1Xf0qTbVAMKbepWXFYa+
kcciUl4keMeiwXAtMgw/0c4c9Cr2diJRiCzCyXCvyuP6uA9AP4GVbgUCSU37iUUamAMMXLw+v3j3
+s3LYwBdi6BKaqR9VddFBdK65nW4qlZJPb0WIkg30zBf72PoPkyv+aY6L/h1NmB5C+3zbUyNqT3k
e7FK0qRg5/AB5eLyofguCG2lsPo+J4oqpMj3pQdseT+/OHxz8XYx4JyYa6ike5E3lehz1wcP2QOK
J89OLg71IZPnKzAZz775fdztnIBT5+vN4eJ0Z8tppXADj5KuFdIFCh5S+Vk1I7PPUsDzrchEyWvZ
PSh2Rzf6DGtTsOQPgaj5kF+a8iIvk48QheDW0aqEkmBR4i7UWARQP/weRQ+W8v0hsbdV/Rn+mwQL
tYs8T/veOwAPfRjoniDvxpD5o48iXC3OjsUVTvguuUkuXxw/lF2HiLxYR4Dc9wNJW420AetDSu/l
18ukXjUBeXOP7P0BKpANhUPwowskuCecIfwvEuEGRI0u7yMXEAuIN0nDcjOtNrWoppmo9yNerYKc
l9G+FEhefFvm1/VqII0OOI4Ko3jwCkrOw/8A7JInUX52BN/+5+LZP0WZP5RU5ArIfUuTTOq/wTAU
sch1U9X5+rQWa+VWPd7Ht4YSMMcS4OlVkmkm9MYPxHCHEHge0XIbcp94AI4wjgUdaGjpuj029W2F
wC4EXz8Uj+36WDpdjfz8rhx2hzK3lO13OJBZte/S47XbiflLOHXXv2zpehBH7qXULe89YJ99ezqb
mpPFmTUUQZ6JAP57KNYVOuheJRWAE3rXPkVfNN3nR0d52Y/TCjDWpf7n6FJS034+lCaf5+V6qMYW
MmTbGpvwj/mPuZjh3/5xyZd5FkPH8OLYcx9KANsFsNUhmrov91Hnt2Ldj0J0+SfaJa4v/38f4qFL
T+vVBV/2ONjChllCnxrjulmk6WZ2PXsoJqoWoe93RNwvMSIvp9kVVBPV6nly0+OmDx0Wx7c87Kz5
CdA9FDNrwub7SXYVIgFxcvNrCl6g+1yIISMI+ELtMqztH4iVURUvKfk1zPxLiAJmiQyq/k2PpyH8
C8msK8v+tcr5t3wNQeu7Vw9dkQ0oeoCi7CVvsnCF9Fy8uuhxPoR/IfR/J8KMXyXNg5UqHUJQYp+Q
0eV9VHvGb05wRjbYVelDh8wZ01EgfC+ynPYDws1DsddDiSrsSBlc3Iu5Jq0TerTQ520LHLI2Ux2n
+cWO8+g/dCZj09RVc5lQp5EmyWX1h/Sha6RXPrbwB7T/nh60hwjltMHqvS8jCRjKxx7vLv1flTSS
mvbzoUqaV4ujHsd49RepxoGUXxe5Prl/+IoX9aqfhBRgnEiNzzK6V0NXUNUiu8r+OJ6JsPbzPr69
4CU+lOsx10K+kGKPk4iv2O4BfDarVFTV44fiKmox+n4hafH9LVG/1l07+ojblG9EeV7zQZjuQ/tc
m1DseR9wq/TPseAeXYOL323Qi6YURyte92XQgm7tFX8qCe/tONbz55r2q9indRaiXFOQH20dP+e0
G1wtyhywv4fIkzfV4mTSwnsbyh/k2iAWRff2272sHsa2z6NHQujAXxDES5FkmTh/91DaTwkfmDzQ
IBQNkqkeRb9uH6UlcX+ARbEvlTDkXcLGraj9CQtge0xqgf0XA5XhY7pT6EuzpH6wEmagZqKu9/U+
in4joqqGjvAoKcMm6Rv8+M7Q8W+puxZRrjnGgzV5LT7fLxUhoSTE929T9kU2z8O8FM8wJ/c47AFH
KfnPCWdbevrff3cwO1/lxbdv+3sqLeQvUogocrovD1V5nSfrIhUv8nW/NOkBRxvAY/bvLsj/iNK7
IppWQBPIoE/f7ym9z9c8TRfqIE4PKwqm2CzxEEFfLC3oCz3maV29ETx9lVQPtifVQwnsKzruv5/z
Hc+SNOUv8qIYPMwYwr9QrB3laZK9ALk9FFMdQt8fEDK6/C067kjdMv/+Nt/vvxSwj14ekmk/FMMS
Xcff++23+2iRekRIkjWeJd0yMwDfehp163FU0qSbh3sWhdh8n1riQpIwtsp71hlnTVLGiUij/e15
l0l7Rq6GcmZ/zaHxKfcH7IJUPrwS14dpwvueuoV9YUv8n1CEiJK9FHnmeY7zUHKRaFuseAYFaFEf
v8Gch+j2JZpf8NhxcMKrzSBvbWHjKDXqLL9NeFb/u4Ge6ONDsS0X9v2OgC+YNB6X5iXQDXodPU5s
zyERKTfQ8FZUvAOf8onPjosBCreHgnDN8en0FhLyFEiDuX1Yvv4Q5TUkwAFUnRvfApoy7V9HvB7c
j5O0FgPEy3XRv1xBdu1fJ2GeXfUBP1akkO56HcgjWwNYXtbdsRNUW1VzZCjqDyrCoRzeiDgV1OP0
oRVJtBqCImy9epDzxcvB8pvqpzTDxdQ31t2q80uRJR+HIri5UVwjuRhvNnydqkNQePkxKWT14FEb
8BFMtD8dLm/WQ6nnSJ6haaauGx4AFsevB6xH+QcibQwEUDJUWA5WWlWDgTLPvz8b8DyiAC7x5OWI
z3V6XSYj/Rc1ndFECbfHfBarke2tmuySzhsaJCR5RiBZBknGcQ8fMo8xdVAS4goCYKAGISoo3Yo6
VwBDCisCRUuz1FRBto2YH7Zr9e7jKw5JFucDu41uqTwZWAmJ0uyDSgHugX64bKQttvj/A+7GXi9C
KFV7wkfvXhVqXVyRDiul/Xax7+7oyrwS2xf9QJ4GoafTPztzQ7NNEFv1AQrCnTm9SgArQCLIwxyw
Wq4Da2B7tmNZru4KJ9It24nCWI+1ODLDyJhFXI9iEQZCM0PNDQB30ybRJIvy64q9umDdOUlr4lZJ
xnTQKiMamD6bOSbbbQfLQ6jM0HTnMTs8O3ZwPx5f1esJ7aMgT7I6e1kVH3JUzrvTV/RYgC6uE/kq
yLrIK1F+AC2XvFT7Cjxa5djp7GPomMAY9VIJluPGQRwa8czxZl6sccvidmwHocGNwNG0SJs5Riw0
MXPFDOVYJuHlvoqW2tSbmgcht2eR7saa4cauFc9ms8DQHTeMdE/XAy0SwjAtkwsKhcArhCHIRxBg
04CHl5MrKAAieYoOJHmZ5dfZgfpEs1uWeVWJfWCZVxmenb8yMAUfCBFbrut5emSbwgZNaaFn21ag
eYEOwgSiAu4ZHroEBGw8V8/LcEX8r7ksYXeuyNsO3CAINUPnrogCQ1h8JrgRuzyyYu6J0ItCYcRh
4EYDL9kPRFTC1QTfICFJOlPtv1sgyNWd6kCl54a2rtsuYA0i2+We7bmOObMiI4qBWCt0QM5cuxv1
1jDJFm6j1/SZsGchyJ3PLF13gzAI+Mw0DTETIFxPOKGrO545Qk8xY+vgINADm4czIbin8zjgkRuF
lufGdihMKxSO4c0iWzhwmw8x3alErBPMA8eauTMLjMpxgpCDTG3XtQ3LEK4dGmZo2AIkY9NxwD5C
7ElSdV6KSNMOLE9wUzM9zxRxFAemF0amZghDB8e0NUDtGpoH9jnClKf5FgdYBdLvRDMnNoRpRo6r
m6HpRYYXGkZoOSFIUo9G1PRfiSBUoOKDiMPSFtcs03IDsHDhGronglg37DjWgSfXC0N3TE6aY0XR
GguasHlgRVqguXqs85lnaTOhuTPPcQWfOZzHpqlFAZBsBPYY05JoISdwQk83Qi32NNsGVUeGqWuu
CI1In3mB58QWWBhQegvDpJdyJCpHj2cgRjeMTVBYaFjCEuD3Bg8jAdLSuA5uAAFwiKoLBBBnDzgP
Q3Nme9zWXO54UQw+GFrwMZtpPACzDO3Qs4J4iCIL6jY3HZhCizwRO4ET2nFg2QI8xea6ARncETPb
MfXABMcXQwy9Yp8KKUuazf0DeA9XyS9laQGhlnQ081wbjEaEmulYhuNgNDAD0wGPA6At7EjMPGN2
F5ZJUoRtRXPgGQZ3LAt8PnRCoIFzG/91TUMH1esitGamy8VIvlWW5x9Fm/EPNA6+DqF55uqhpXtc
jx1LgHtZEFpMGwOw7QnDQ56gJK7EBt1gW9Hh417jIIS/mSUESNdwoTwKwJEsLbB1zXaEcCMzCBwn
1PgWSdMkkZKrCcnCC4JZHNim6zqeHkczcwZytawoDKzIgdlhbIDWcfqqWVect/NvR/dqs47zbAMa
TDdQYKSTtpi+AlLRKk0NoobuGqHn6jzQZ3YETmNaUaDFYNyO53quhsZ1Fy5IGa7Ww2XPgplugMeJ
KAq8WQiJjbsQmkwjdC0whpnrGZEhvE/h0vu4ImEF3IgslF7sBZEmdC8wOPgcBGLThugCmcONZbOy
zj9Ci7QPoU2UKuti3nE8xwIqwpmrga1a3LUMMAKhgY4jHdIXMAkWbNgDJAV43ARjt2rOISB5phfP
RAQ+G4JJBIEXYtK1w0CzIxfirWd52gzQUK/U2dZ0Q+XqI4atNgvxJNeyKTm9lonFHr46xwbVlZ89
YhcryKSsEjWeEq4YLwWrV4LlmajgC69ZyLMsr1kgWJKFaQPBA74w+c7JFBIaZF56ogC4zvM1zIwR
wRhnxWOxx3K4U1aIkgUQrS7ZJm9KhYslMVtDFwL9Pq4AxQ2+HptuEDF07h26fSh1eZPWFbvOs69r
hrmflwya2ByCV4IZbIMU4nt4ku/rlchYUyxLHgGCqZ/5WYts7meMPXq3EkgYq3NYBapWQKHe36mo
8KuwtI7kbSJVBn8G8kxFTfLCPdVQMJlbELJGzCDxUExSjsXxUszlq654o1o1NVSL2US9izxn/o4q
HP1G03Ud/q8Jk12u/EYXUZx0YLjysiVL8RvXk3/4O8TCYZrm1yxNKmSrfY2QXSWc/bsR5QbH/IRf
2t2TOcMWnqaeUFOv5jBggGFhyUC1ID3EFmyYkjmOl3sAk+52j6tH78C1wHRAATyKGNRoUk8of3yv
i60Fr5qSXoBmoJ1AINEgRfFTw1OU7zK5grFQfDSC7apFoZR+jNjlimJSigJa4QnoB9/QmsNtWvtV
sw5AfGB+h9UmC/HFObCQ8hIMbkoD3lagQ/SBllMctirzLG9AzTC82mO0Z8VkU4KOs8ew/AZGsPsg
2YDjImzdZGBqOEQiPyc7AJ7AHMv8JgFTFCAGYIlMPOuIQ9kqgk5jNGocg8a7x5L6axBfXdK0SOBe
FtnWaDLbBR4acDCDxEJsTBSnc0I1NmpOxlE2WYbqjLChzAtSAnUw1ZQdiyv1na2T5Qq8Ho/U7fW9
VBkOSqQsm6KWUCkwFMwaaFN8kXLBe6kriaTncHwhHMi+mwK0EbQ5aA0SsK5pz9Bg8EQO6izNz9YC
lttI7/02zQOwHtx/YhIOfrBOagwCa7HkAT3lYOdS1BoJN6no9QicfoFau05I8mRR4N3XE4moNbKK
OMSTsfCFCTy+hmjiUoh2SWnkoK0G/Zktc1BUjv6MVoELLYnMCZE2ZxpyAatTrJal21+eA9zQ+xz9
K15Gv4/+qs4LIkHF2Y4kha5iED4KTLtRRxCu2lKla4alCKMg8I68QtFXff0AFJJfEEkYMVjYQJbK
IEsxcSPChoJvLkmWHolZrRstbkIhomrLkQxcry9O5uzixek5e3l6dnrBDheLl6cn52xx8oa9e/3m
Xydv9hgMYhevYdQJe/fi9csTtnjz+ujk/Hw6DgEDeRi2o8SxEGWSU+bGQFwhg+FKUEgmaXTBVgfZ
Q+0QUWyhIRMIhUKGWUJ1lGfAJwRosCbk91PGJo3seoUpGGSCIUgOI8wSCYTebSCXGYnWeI05BAsC
mjC9PRptQe1Gg9oKEWLdICWL5Eq9yrkdD2Beoqi2rJqa4rV6fDdJinNTcb7kZQCeMdmW4BSA7pYu
uRqSo2YxNQti95pnDVUpfUqggmvABh/vtTlhbIStGcr0GkOvUkt+11sXnLLXMuZLg4cyI2/SqKMl
gSRynbEt/ZVEXBD5wKijaYpXWO05BYtbSZJMR2LoeIvLfN0mWzlbjZj0TbOvYeRGafKWbbA7TGpg
HedtZYkqK3N6ybU15KhZF7IMk7UeUzcmeKPV1zEOUhOIdiKz5QB/ReJagLPzOwQMSRsSH6xwBUZW
VY3AwFCvQGvLtizFoIWrbanaaxUpawRVfU4lNTj0k3Ja85sJbd9WLe1HvEBosm7WkGMhvZaIvOYZ
lJ+gSMjTeJxLUrGVK/qLEiV5zG0bg6q8UBTRghMslxtIulanseNc3hrbtPzhlxa/HNy6kMSlBvY5
k7/fQdvDHW/HQArVKlA+ovSAOllgSCwFx+aFyTmSwy13ME3JU/LTroyDt9UuCjDFfkHh/Tyqz9mh
n2WiRoXNVYqA0myVp7LEDPBMCVXiRHKFP2XBVJKh2CZbJHVXppZAdMWmTG+P+lpqb2FYLTc1It9j
E72nQFIeLTypW2JUCqCova1j6ZEClpCR5BybHir0cTIAFVlT9gJqQbClJ1TcsaPF2z2GBx5hYBZd
JxGYPdUKMnp2+CeEf86ctuzeVuQVSac3dsoOIwhUK57G+9BzyjYhEmDDailYlOH+IRpYzxG3aa+H
rN+KnNxgVMMSk6dThkS8XWSLttjedorYSyBR13h6CCY2RVZM1PWouzlTXlclH0WnTyzLWzVWmPBU
yQRluzSPXmq1PENOejxlCzUn5eWSJnDVsipboBXjki+RBdAJiK0qUqpYsA/FMyro7LxEPR2lCYyS
jTX+6IOoanZ28ZYorYAlZDtoaoaNPKlyu5xsLqZtrFnXzQRnzYnafn8oMnruRL4eM9xBCPHd4o5N
aJTjOAmnjLLUimMRwJI1yKZG3YE26EcbIUztES2gtCsieoWSgKhLgRhSNKdwXkmVylICxtbKRpET
ITcSVKhT3dTxayqSjk/PD59BfUT1VJORDWHAbjBS0iNTWSQkaIzqB7mifr+x5XPr65EImuW8bdqe
Mh2bNVWyriBc0X2mevlK7j6gN2dVLpO38ggdkUmqJbajVZ5XtEPR9mqi7cYpiuP2Mqv4VZst4Cse
gMB7tPXca+OBMHoqL4s2tXnzY55kckOAJPU1ex/kN+j5JTs9Zrvv354ePwa9g9sDDTD+GtSGisHz
seAc2MOVkZKPLD/AG/Kt7jLw9vfPXrb4VX/Xg3xNi+HzNCocSL2qFCHe8nYrSaXRG6BvggcSnuRx
TMvCvSTeTG6aJNoqhOQ5Ge7iXNA2jHQ1+fugUgYU6ZVfNZXaDgohiNQyzKo5EzlnztQDV1xGphAV
HtUqmAN5tux6lAynpeNUvNeOukrE9aRL0HftnEnhHq7zBqNHLHOdCiYgsla0mNsxOtJWCKgfv1Ny
hslvKFX3JhPjmZCtdyAkskDgj2cx+hkQcqVVa2dkWggeJn3JPi7UsQ8xkPExqYX8vR5YDX+a6y4q
tbvJ5CVgihhvzR2IbSfjZ0eNOdrhCfCFOfSzKolkzkB+OOgUDK5qgr4UlphEYYSIZOqkiy610VaT
Mg4ehiIV1ClI86ZV0+QSlsA+mSJRyoH1Jf2mgIxjsARnK4mtF+TA+6tapmQidoLSaEmbbEUjWTs9
rnp8YZhGzUtsTD5g7dhUW05tmUNzBkoCfBNmsEdAJh4I7BS53dbqdDm9rUwVvK55Qt0sJBNo9aQV
FXnRpK3bqAvM9zRGpQ3TwAWpDUIuaSXMuBi5oCRQDQZC1EbeXJU6uO9IzbUEy0pBWRb+iE0XoaNt
0EPPnOBvJY5AXWAYgtXJg15Oh3gwkWerupEr0NtckjIt1utimuREMYS6zRqbQ3DlGvdZw2pLOqYp
dZ9t7xMLFOb4clmKpdpSVPuPcpsFf/3tcswf0Qex5vXxa/wVp4lKCrI+wPB1LWQHwsHJr2nFigjf
MkCwae/pAOTpTvJNgWeYpHJuCRUUKu8rY4JKCE8YUC7r5Zsj3MQX/b28PUgOxYqDWwiM7CXS0Nal
kDFiUULvMcG4mGEylHfb3CUzBx/sDapTH71k20ANDrUNxdY2hCmEpGV5v13jllYlX3211sl6m0FU
NkakOB6tHhMGahHDOC5Im55qUrvBPd0uoO70V2gl9/l8r5KJ1KT0gN5eksIB6Gslz3bXaKWAMsSV
XSehogNuwkOzFlEZlMQdInyY3pTy0QxGm3YrRUZewKeiU5tvOZ4uVH0alNYcD0upKyyAgEalq3mr
NHkPbBT39Obse6pcoGjdo02+HxCpTMxd8u4/MiI2sJIuKcDjNkr7q0a0P3JXHqX4TO1jRR0Dtd/4
GmWRClUE9MmX6xJcfgWM6AaWJnPqdsU5e/7y8EICC/pBR2irvlFHN/Zs74Zeqtgzb6KkrPco6H6j
Kj35rKW/aSGdGBMdiFbtKfJGWV0Kygo3TP50XVO2cbft1MruKQ0FFcAD6Sikx2VVK6dJ+4QHTECW
9Y+eUzShpWj8AAnVxQryoQeZUH3ZK/xyWfuLG4htlWpyw0tskypq6CC4BQk0KBtZyNE45BdIgRZM
ZgrpKpJLwg+VUdmFY3xOO1YqPtBcbFV8RE816bGeD1XLo+dlwo5FyAyLGcbctOe2xt6dPmOGZug4
oH309kRAhIXrdV5HT+S7uiU+BaTfC0Rne6J7OqSuIfDKIbCJYNUdJAUAwboBcr1KajHBR24KgP2T
qtae2BpClhx3DyLxhK7k08AOBgUuQnG/Fp/rtNfFVaHwRQk2VGDBmydEWWeQXX57QjxSLYwl9paz
tj4WUW8IPop/cnzy/PDty4seS/RcUC1J2QFdVV0PqtcnLoJ6FToN2fnlfwGSKe++
===END CRASH DUMP===
