PocketMine-MP Crash Dump Fri Feb 11 22:25:40 WIB 2022

Error: Undefined variable $case
File: plugins/Dungeon/src/hachkingtohach1/Dungeon/task/Scheduler
Line: 21
Type: ErrorException

THIS CRASH WAS CAUSED BY A PLUGIN
BAD PLUGIN: Dungeon

Code:
[12] 	private $plugin;
[13] 	
[14]     public function __construct(Dungeon $plugin){
[15] 		$this->plugin = $plugin;
[16]     }
[17] 	
[18]     public function onRun() :void{
[19]         if($this->loadMap == false){			
[20] 			foreach($this->plugin->getServer()->getWorldManager()->getWorlds() as $world){
[21] 				if(!$this->plugin->getServer()->getWorldManager()->isWorldLoaded($this->plugin->dungeons[$case]["world"])){
[22]             		$this->plugin->getServer()->getWorldManager()->loadWorld($this->plugin->dungeons[$case]["world"]);
[23] 				} 
[24] 			    if($world->getFolderName() == $this->plugin->dungeons[$case]["world"]){
[25] 					foreach($world->getEntities() as $entity){
[26] 					    $entity->kill();
[27] 					}
[28] 				}
[29] 			}
[30] 			foreach($this->plugin->dungeons as $case => $data){
[31] 			    $this->plugin->resetMapDungeon($case);

Backtrace:
#0 plugins/Dungeon/src/hachkingtohach1/Dungeon/task/Scheduler(21): pocketmine\errorhandler\ErrorToExceptionHandler::handle(integer 2, string[24] Undefined variable $case, string[98] C:\Users\tranthien\Desktop\FoxCraft\plugins\Dungeon\src\hachkingtohach1\Dungeon\, integer 21)
#1 pmsrc/src/scheduler/TaskHandler(117): hachkingtohach1\Dungeon\task\Scheduler->onRun()
#2 pmsrc/src/scheduler/TaskScheduler(141): pocketmine\scheduler\TaskHandler->run()
#3 pmsrc/src/plugin/PluginManager(466): pocketmine\scheduler\TaskScheduler->mainThreadHeartbeat(integer 1)
#4 pmsrc/src/Server(1768): pocketmine\plugin\PluginManager->tickSchedulers(integer 1)
#5 pmsrc/src/Server(1657): pocketmine\Server->tick()
#6 pmsrc/src/Server(1046): pocketmine\Server->tickProcessor()
#7 pmsrc/src/PocketMine(304): pocketmine\Server->__construct(object BaseClassLoader#2, object pocketmine\utils\MainLogger#3, string[36] C:\Users\tranthien\Desktop\FoxCraft\, string[44] C:\Users\tranthien\Desktop\FoxCraft\plugins\)
#8 pmsrc/src/PocketMine(327): pocketmine\server()
#9 pmsrc(11): require(string[80] phar://C:/Users/tranthien/Desktop/FoxCraft/PocketMine-MP.phar/src/PocketMine.php)

PocketMine-MP version: 4.2.0 [Protocol 486]
Git commit: 44818e6d1456dcf1f0fd3cd27da1dfecbe03c08b
uname -a: Windows NT tranthien4-8sin 10.0 build 17763 (Windows Server 2016) AMD64
PHP Version: 8.0.13
Zend version: 4.0.13
OS: WINNT, win
Composer libraries: 
- adhocore/json-comment 1.1.2@fc2f76979f0a44a5f5bc2a2b600d0762fe0e78e7
- brick/math 0.9.3@ca57d18f028f84f777b2168cd1911b0dee2343ae
- daverandom/callback-validator unknown@unknown
- fgrosse/phpasn1 v2.4.0@eef488991d53e58e60c9554b09b1201ca5ba9296
- netresearch/jsonmapper v4.0.0@8bbc021a8edb2e4a7ea2f8ad4fa9ec9dce2fcb8d
- pocketmine/bedrock-data 1.6.0+bedrock-1.18.10@e98c511584a7bd58a95986374d2df4b04c6a2ba0
- pocketmine/bedrock-protocol 8.0.0+bedrock-1.18.10@017e57c8f8a74118bcbba7332e7ebac9e6c81693
- pocketmine/binaryutils 0.2.4@5ac7eea91afbad8dc498f5ce34ce6297d5e6ea9a
- pocketmine/callback-validator 1.0.3@64787469766bcaa7e5885242e85c23c25e8c55a2
- pocketmine/classloader 0.2.0@49ea303993efdfb39cd302e2156d50aa78209e78
- pocketmine/color 0.2.0@09be6ea6d76f2e33d6813c39d29c22c46c17e1d2
- pocketmine/errorhandler 0.6.0@dae214a04348b911e8219ebf125ff1c5589cc878
- pocketmine/locale-data 2.4.3@4d0b081f1a79407e087968ea76aaf330db6ea2b5
- pocketmine/log 0.4.0@e6c912c0f9055c81d23108ec2d179b96f404c043
- pocketmine/log-pthreads 0.4.0@61f709e8cf36bcc24e4efe02acded680a1ce23cd
- pocketmine/math 0.4.2@aacc3759a508a69dfa5bc4dfa770ab733c5c94bf
- pocketmine/nbt 0.3.2@3e0d9ef6b6c5fb45e3745a121296e75631b3eefe
- pocketmine/pocketmine-mp 4.2.0@44818e6d1456dcf1f0fd3cd27da1dfecbe03c08b
- pocketmine/raklib 0.14.3@4798576fec0364266dce23b368a7fec5e5de7927
- pocketmine/raklib-ipc 0.1.1@922a6444b0c6c7daaa5aa5a832107e1ec4738aed
- pocketmine/snooze 0.3.1@0ac8fc2a781c419a1f64ebca4d5835028f59e29b
- ramsey/collection 1.2.2@cccc74ee5e328031b15640b51056ee8d3bb66c0a
- ramsey/uuid 4.2.3@fc9bb7fb5388691fd7373cd44dcb4d63bbcf24df
- rhumsaa/uuid unknown@unknown
- symfony/polyfill-ctype v1.24.0@30885182c981ab175d4d034db0f6f469898070ab
- symfony/polyfill-php80 v1.24.0@57b712b08eddb97c762a8caa32c84e037892d2e9
- symfony/polyfill-php81 v1.24.0@5de4ba2d41b15f9bd0e19b2ab9674135813ec98f
- webmozart/assert 1.10.0@6964c76c7804814a842473e0c8fd15bab0f18e25
- webmozart/path-util 2.3.0@d939f7edc24c9a1bb9c0dee5cb05d8e859490725

Loaded plugins:
Alerts 1.0.0 by hachkingtohach1 for API(s) 4.0.0
AlwaysSpawn 2.2.5 by Philip Shilling for API(s) 4.0.0
AuctionHouse 2.0.0-BETA1 by Shock95x for API(s) 4.0.0
BlockGenerator 0.1.0_beta by BlockHorizons, Chris-Prime for API(s) 4.0.0, 3.0.0
BuilderTools 1.3.0-beta2 by CzechPMDevs, VixikHD for API(s) 4.0.0
CraftingTable 1.0.0 by hachkingtohach1 for API(s) 4.0.0
CropGrowth 2.0.1 by NhanAZ, kaidoMC, YTBJero for API(s) 4.0.0
CustomItemLoader 2.3.1 by alvin0319 for API(s) 4.0.0
DevTools 1.15.0 by PocketMine Team for API(s) 4.0.0
Dungeon 1.0.0 by hachkingtohach1 for API(s) 4.0.0
EconomyAPI 5.7.3-PM4 by onebone for API(s) 4.0.0
FCCore 1.0.1 by hachkingtohach1 for API(s) 4.0.0
FormAPI 1.4.0 by jojoe77777/DragonfireHD98 for API(s) 4.0.0
Gems 5.7.3-PM4 by onebone for API(s) 4.0.0
HealthTag 2.1.2 by Shelly7w7 for API(s) 4.0.0
InvCrashFix 0.0.1 by Muqsit for API(s) 4.0.0
InvSee 2.0.1 by BlockHorizons for API(s) 4.0.0
KeepInventory 1.0.0 by NhanAZ, KhoaGamingVN for API(s) 4.0.0
LaunchableTNT 1.0.1 by Vecnavium for API(s) 4.0.0
MaxEnchants 1.2.4 by Xenophilicy for API(s) 4.0.0
MultiWorld 1.7.0-beta3 by CzechPMDevs, VixikCZ, fuyutsuki, kaliiks for API(s) 4.0.0
MyItem 1.5.5 by hachkingtohach1 for API(s) 4.0.0
NPC 1.0.0 by hachkingtohach1 for API(s) 4.0.0
Napthe 0.0.2 by hachkingtohach1,tungstenvn for API(s) 4.0.0
Parties 2.0.1 by Didah (@Diduhless) for API(s) 4.0.0
PlayerStats 3.1.9_BETA by hachkingtohach1 for API(s) 4.0.0
PureChat 2.0.0 by Vecnavium, 64FF00 for API(s) 4.0.0
PureEntities 2.0.0 by LeinneSW for API(s) 4.0.0
PurePerms 1.4.5 by Vecnavium , 64FF00 & ProjectInfinity for API(s) 4.0.0
RedstoneCircuit 3.0.0 by tedo0627 for API(s) 4.0.0
ScoreBoard 1.0 by hachkingtohach1 for API(s) 4.0.0
ShopGUI 1.0.0 by hachkingtohach1 for API(s) 4.0.0
SimpleHome 1.1.0 by CzechPMDevs, VixikCZ for API(s) 4.0.0
Spyglass 1.0.1 by ItsRealNise for API(s) 4.0.0
VanillaHopper 2.0.1 by ColinHDev for API(s) 4.0.0
VanillaX 3.0.0 by CLADevs for API(s) 4.0.0
WorldProtect 2.3.11 by aliuly for API(s) 4.0.0
_NewAlias 1.4.0 by Javier Leon9966 for API(s) 4.0.0
libEasyUI 1.0.2 by GiantQuartz for API(s) 4.0.0

----------------------REPORT THE DATA BELOW THIS LINE-----------------------

===BEGIN CRASH DUMP===
eNrtPItynEa2v9Irp27kupoR74HZskuyJMfatexZS459N6RcDTQzRAwQHpLGqfz7Ped0wwCSbTlR
bnKr1rUbwaH79Hk/mmZ+2Ynzcs3rD1eirJI825lbezt1shY7c92xLNszdUub6rquefCgKeQjYzrT
DMPUXdfSNMNxbXtvJ+VVfVKWebkz/2Wn3hQwbIfuT25CAfMA997OWlQVX+Kjt1kk4iQTEbviZcKD
VLBvQl4JGBQ3afo8SXHU0dz331ZAmu/XJc/qVSIy3z8W1WWdF77/PL85Knlc+36RNsskg2HHTbYU
OQyqytD3VzxcXSbZss7xSu89rnl16fvn4UpETSrKabEqcGm5rMK2r0bvA679EaruGSLa7/AAjhS4
AhHpIMeSh3D5w84jjf12lLuG/njOijy8FPUacPu+QLGueBbBU98nIV/knZhfyAfzuRyxm2S1WIqS
GXusqktY7gfD+pF9Sv7dIM/9kf1x4t9jHVn6YxDaI50Va5QJ/b9lff8CJKH42dX1Gcjh3hqdPM2z
N022S9iNT2Lfilm3xnLuRvp+j5DJ07JFa/bQShHsL+jPGc/AzMtdy3E+j7NH7pon2cWqFDx6IXhZ
B4LXne6kjKzecueivEKiZ447WkES4vsDSiZP6yTcrlaNMNt3YHbs2QizfCJRSQE4d8zTLOcz8xZl
HkIQyEuJYNZDsKApZzBl19SsT+D48CHMMzDRJqx38+AnEdbsGZjtEYSf6mXOI1E+AkNXT/oImjpJ
wUDPQMov8yWw/sjsbN10vsLWu1mW9Vs8hNh2P8G2MRZ5JYVKkzw5CRwBBpXi5yYpxa6ixdV+ZMWK
l/P9/aP5PlG03xG0r+jZb8nprTk5W0xx4ogUjIePd378dW9HPExMf8DACkRJPB+S7CpPr8RaZDUg
j0AeYb3TPgWIQgWgMI8EMqEbAPbrokyueA3kyaF/hxG6SU/wyoIrBv+KJkiTkMVNFiKvrG97CnWL
4fEvONEmFH79DYi9mjyVj9iTwTKOQv4r3sy6Nd1PrKmCGJtf5UlEi3hqJP5L4l21Vgq2f8YL9uQJ
i3laice/ICGE29AUWX4NyV6AkHcHBE6eLkWtvPcx3bzLyzRqY1gPVAEhvGLfXOMNsWzoHW6/Bmr+
9pWYk4og5LnRmKxIyrj6gazoxx/8HVrY3/nxsVzc6IkC/92S/ZcJQLkR7CsWRz0aZo/xXxlCrA7S
qoZm0LLP8xRC0yu+FiBC0NH9FyNG7d5iPS1u8Z9kdVInolWQwNuNnOsM5iJp6vHk6WWSpruSndlg
FBqn4fY5RIDXAfDW/KJZtVwRScgYe/KUfRPxmhNlpj4Q2GhyKSoIRbxQjrZLCIDWX/9TV/2nrvpP
XfWfuur/c13V1igV1iSHYDg1XWUcu+sWsLfTNeU7+lSbagDhTb3KywqD38hjESkvEnxi0WC4FxkG
oGhnDnoVezuRKEQW4WR4VuVxfdwHoJ/ASrcCgaSm/Yt1GJgDDFy8Pr949/rNy2MAXYugSmqkfVXX
RQXSuuZ1uKpWST29FiJIN9MwX+9j8D5Mr/mmOi/4dTZgeQvt821Mjak95HuxStKkYOfwByrC5UPx
XRDaSmH1fU4UVUiR70sP2PJ+fnH45uLtYsA5MddQ1fYibyrR564PHrIHFE+enVwc6kMmz1dgMp59
8/u42zkBp87Xm8PF6c6W00rhBh4lXSukCxQ8pPKzakZmn6WA5zuRiZLXskVQ7I4e9BnWpmDJHwJR
8yG/NOVFXiYfIQrBo6NVCcXAosTtprEIoHL4PYoeLOX7Q2Jvq/oz/DcJFnUXeZ72vXcAHvow0D1B
3o0h80cfRbhanB2LK5zwfXKTXL44fii7DhF5sY4Aue8HkrYaaQPWh5Tey6+XSb1qAvLmHtn7A1Qg
GwqH4EcXSHBPOEP4XyTCDYga3d5HLiAWEG+ShuVmWm1qUU0zUe9HvFoFOS+jfSmQvPiuzK/r1UAa
HXAcFUbx4BUUnYf/BtglT6L87Aiu/ufi2T9EmT+UVOQKyH1Lk0zqv8EwFLHIdVPV+fq0FmvlVj3e
x4+GEjDHEuDpVZJpJrS/D8RwhxB4HtFyG3KfeACOMI4FHWho6bo9NvVthcAuBF8/FI/t+lg6XY38
/K4cdocyt5TtdziQWbW10uO122z5Szh1179s6XoQR+6l1C3vPWCffXs6m5qTxZk1FEGeiQD+/1Cs
K3TQv0oqACd0r32Kvmi6z4+OoIXvMaQAY13qf44uJTXt34fS5PO8XA/V2EKGbFtjE/4p/ykXM/y3
f1zyZZ7F0DG8OPbchxLAdgFsdYim7uI+6vxOrPtRiG7/RLvE9eV/70M8dOlpvbrgyx4HW9gwS+hT
Y1w3izTdzK5nD8VE1SL0/Y6I+yVG5OU0u4Jqolo9T2563PShw+L4loedNT8DuodiZk3YfD/JrkIk
IE5uvqbgBbrPhRgygoAv1C7D2v6BWBlV8ZKSr2Hmn0IUMEtkUPVvejwN4V9IZl1Z9s9Vzr/jawha
37966IpsQNEDFGUveZOFK6Tn4tVFj/Mh/Auh/3sRZvwqaR6sVOkQghL7hIxu76PaM35zgjOywa5K
HzpkzpiOAuF7keW0HxBuHoq9HkpUYUfK4OZezDVpndAbiz5vW+CQtZnqOM0vdpxH/6ajF5umrprL
hDqNNEkuqz+kD10jvfIVhz+g/ff0oD1EKKcNVu99GUnAUD72eHfp/6qkkdS0fx+qpHm1OOpxjHd/
kWocSPm6yPXJ/cNXvKhX/SSkAONEanyW0b0auoKqFtlV9sfxTIS1f+/j2wte4ku8HnMt5Asp9jiJ
+IrtHsDfZpWKqnr8UFxFLUbfLyQtvr8l6mvdtaOPuE35RpTnNR+E6T60z7UJxZ73AbdK/xwL7tE1
uPndBr1oSnG04nVfBi3o1l7xp5Lw3o5jPX+uaV/FPq2zEOWagvxo6/g5p93galHmgP09RJ68qRYn
kxbe21D+INcGsSi6t1f3snoY276/HgmhA39BEC9FkmXi/N1DaT8lfGDyQINQNEimehR93T5KS+L+
AItiXyphyLuEjVtR+xMWwPaY1AL7LwYqw9d0p9CXZkn9YCXMQM1EXe/yPop+I6Kqho7wKCnDJukb
/PjJ0PFvqbsWUa45xoM1eS0+3y8VIaEkxPdvU/ZFNs/DvBTPMCf3OOwBRyn5zwlnW3r61787mJ2v
8uK7t/09lRbyFylEFDndxUNVXufJukjFi3zdL016wNEG8Jj9uwvyP6L0roimFdAEMujT93tK7/M1
T9OFOorTw4qCKTZLPETQF0sL+kKPeVpXbwRPXyXVg+1J9VAC+4qO++/nfM+zJE35i7woBi8zhvAv
FGtHeZpkL0BuD8VUh9D3B4SMbn+LjjtSt8y/v833+y8F7KOXh2TaD8WwRNfx9357dR8tUo8ISbLG
46JbZgbgW2+jbr2OSpp083DvohCb71NLXEgSxlZ5zzrjrEnKOBFptL897zJpT8nVUM7srzk0PuX+
gF2QyodX4vowTXjfU7ewL2yJ/wOKEFGylyLPPM9xHkouEm2LFc+gAC3qz28w5yG6fYnmVzxZHJzw
ajPIW1vYOEqNOsvvEp7V/2qgJ/r4UGzLhX2/I+ALJo0nonkJdINeR68T23NIRMoNNLwVFe/Ap3zj
s+NigMLtoSBcc3w7vYWEPAXSYG4flq8/RHkNCXAAVYfDt4CmTPv3Ea8Hz+MkrcUA8XJd9G9XkF37
90mYZ1d9wE8VKaS7XwfyyNYAlpd1d+wE1VbVHBmK+oOKcCiHNyJOBfU4fWhFEq2GoAhbrx7kfPFy
sPym+jnNcDF1xbpHdX4psuTjUAQ3N4prJBfjzYavU3UICm8/JoWsHjxqAz6Cifanw+3Neij1HMkz
NM3UdcMDwOL49YD1KP9ApI2BAEqGCsvBSqtqMFDm+fdnA55HFMAtnrwc8blOr8tkpP+ipjOaKOH2
mM9iNbK9VZNd0nlDg4QkzwgkyyDJOO7hQ+Yxpg5KQlxBAAzUIEQFpVtR5wpgSGFFoGhplpoqyLYR
88N2rd5z/IohyeJ8YLfRLZUnAyshUZp9UCnAPdAPl420xRb/v8Hd2OtFCKVqT/jo3atCrYsr0mGl
tN8u9t0dXZlXYvtFH8jTIPR0+mdnbmi2CWKrPkBBuDOnrwVgBUgEeZgDVst1YA1sz3Ysy9Vd4US6
ZTtRGOuxFkdmGBmziOtRLMJAaGaouQHgbtokmmRRfl2xVxesOydpTdwqyZgOWmVEA9NnM8dku+1g
eQiVGZruPGaHZ8cO7sfjF3k9oX0U5ElWZy+r4kOOynl3+opeC9DNdSK/9lgXeSXKD6DlkpdqX4FH
qxw7nX0MHRMYo74bwXLcOIhDI5453syLNW5Z3I7tIDS4ETiaFmkzx4iFJmaumKEcyyS83FfRUpt6
U/Mg5PYs0t1YM9zYteLZbBYYuuOGke7peqBFQhimZXJBoRB4hTAE+QgCbBrw8HJyBQVAJE/RgSQv
s/w6O1B/0eyWZV5VYh9Y5lWGp+avDEzBB0LElut6nh7ZprBBU1ro2bYVaF6ggzCBqIB7hocuAQEb
T9TzMlwR/2suS9idK/K2AzcIQs3QuSuiwBAWnwluxC6PrJh7IvSiUBhxGLjRwEv2AxGVcDfBM/0k
SWeq/XcLBLm6Ux2o9NzQ1nXbBaxBZLvcsz3XMWdWZEQxEGuFDsiZa3ej3hom2cJt9Jo+E/YsBLnz
maXrbhAGAZ+ZpiFmAoTrCSd0dcczR+gpZmwdHAR6YPNwJgT3dB4HPHKj0PLc2A6FaYXCMbxZZAsH
HvMhpjuViHWCeeBYM3dmgVE5ThBykKnturZhGcK1Q8MMDVuAZGw6DthHiD1Jqs5LEWnageUJbmqm
55kijuLA9MLI1Axh6OCYtgaoXUPzwD5HmPI03+IAq0D6nWjmxIYwzchxdTM0vcjwQsMILScESerR
iJr+RxGEClR8EHFY2uKaZVpuABYuXEP3RBDrhh3HOvDkemHojslJc6woWmNBEzYPrEgLNFePdT7z
LG0mNHfmOa7gM4fz2DS1KACSjcAeY1oSLeQETujpRqjFnmbboOrIMHXNFaER6TMv8JzYAgsDSm9h
mPRSjkTl6PEMxOiGsQkKCw1LWAL83uBhJEBaGtfBDSAADlF1gQDi7AHnYWjObI/bmssdL4rBB0ML
/sxmGg/ALEM79KwgHqLIgrrNTQem0CJPxE7ghHYcWLYAT7G5bkAGd8TMdkw9MMHxxRBDr9inQsqS
ZnP/AN7DVfJLWVpAqCUdzTzXBqMRoWY6luE4GA3MwHTA4wBoCzsSM8+Y3YVlkhRhW9EceIbBHcsC
nw+dEGjg3Mb/uaahg+p1EVoz0+ViJN8qy/OPos34BxoHX4fQPHP10NI9rseOJcC9LAgtpo0B2PaE
4SFPUBJXYoNusK3o8HWvcRDCv5klBEjXcKE8CsCRLC2wdc12hHAjMwgcJ9T4FknTJJGSqwnJwguC
WRzYpus6nh5HM3MGcrWsKAysyIHZYWyA1nH6qllXnLfzb0f3arOO82wDGkw3UGCkk7aYvgJS0SpN
DaKG7hqh5+o80Gd2BE5jWlGgxWDcjud6robGdRcuSBmu1sNlz4KZboDHiSgKvFkIiY27EJpMI3Qt
MIaZ6xmRIbxP4dL7uCJhBdyILJRe7AWRJnQvMDj4HARi04boApnDjWWzss4/Qou0D6FNlCrrYt5x
PMcCKsKZq4GtWty1DDACoYGOIx3SFzAJFmzYAyQFeNwEY7dqziEgeaYXz0QEPhuCSQSBF2LStcNA
syMX4q1nedoM0FCv1NnWdEPl6iOGrTYL8STXsik5fXmJxR6L85INqis/e8QuVpBJWSVqPCVcMV4K
Vq8EyzNRwQWvWcizLK9ZIFiShWkDwQMumPzmZAoJDTIvvVEAXOf5GmbGiGCMs+Kx2GM5PCkrRMkC
iFaXbJM3pcLFkpitoQuBfh9XgOIGv4BNN4gYOvcO3T6UurxJ64pd59m3NcPcz0sGTWwOwSvBDLZB
CvELPMn39UpkrCmWJY8AwdTP/KxFNvczxh69WwkkjNU5rAJVK6BQ3+9UVPhVWFpH8jGRKoM/A3mm
oiZ54Z5qKJjMLQhZI2aQeCgmKcfieCnm8mtWfFCtmhqqxWyiPjieM39HFY5+o+m6Dv/VhMkuV36j
iyhOOjDcedmSpXjF9eRv/g6xcJim+TVLkwrZaj8kZFcJZ/9qRLnBMT/jRbt7MmfYwtPUE2rq1RwG
DDAsLBmoFqSH2IINUzLH8XIPYNI97nH16B24FpgOKIBHEYMaTeoJ5Y/fdbG14FVT0jfODLQTCCQa
pCh+bniK8l0mVzAWio9GsF21KJTSjxG7XFFMSlFAKzwB/eAXWnN4TGu/atYBiA/M77DaZCF+OAcW
Ul6CwU1pwNsKdIg+0HKKw1ZlnuUNqBmGV3uM9qyYbErQcfYYlt/ACHYfJBtwXIStmwxMDYdI5Odk
B8ATmGOZ3yRgigLEACyRiWcdcShbRdBpjEaNY9B491hSfwviq0uaFgncyyLbGk1mu8BDAw5mkFiI
jYnidE6oxkbNyTjKJstQnRE2lHlBSqAOppqyY3Glrtk6Wa7A6/FI3V7fS5XhoETKsilqCZUCQ8Gs
gTbFFykXvJe6kkh6DsdvvoHsuylAG0Gbg9YgAeua9gwNBk/koM7S/GwtYLmN9N7v0jwA68H9Jybh
4AfrpMYgsBZLHtBbDnYuRa2RcJOKPo/A6ReoteuEJE8WBd59PZGIWiOriEM8GQsXTODxNUQTl0K0
S0ojB2016M9smYOicvRntApcaElkToi0OdOQC1idYrUs3f7yHOCG3ufoX/Ey+n30V3VeEAkqznYk
KXQVg/BRYNqNOoJw1ZYqXTMsRRgFgXfkFYq+6tsHoJD8gkjCiMHCBrJUBlmKiRsRNhR8c0my9EjM
at1ocRMKEVVbjmTgen1xMmcXL07P2cvTs9MLdrhYvDw9OWeLkzfs3es3/zx5s8dgELt4DaNO2LsX
r1+esMWb10cn5+fTcQgYyMOwHSWOhSiTnDI3BuIKGQxXgkIySaMLtjrIHmqHiGILDZlAKBQyzBKq
ozwDPiFAgzUhv58yNmlk1ytMwSATDEFyGGGWSCD0bgO5zEi0xmvMIVgQ0ITp7dFoC2o3GtRWiBDr
BilZJFfqVc7teADzEkW1ZdXUFK/V47tJUpybivMlLwPwjMm2BKcAdLd0ydWQHDWLqVkQu9c8a6hK
6VMCFVwDNvh4r80JYyNszVCm1xh6lVryu9664JS9ljFfGjyUGXmTRh0tCSSR64xt6a8k4oLIB0Yd
TVO8wmrPKVjcSpJkOhJDx1tc5us22crZasSkb5p9DSM3SpO3bIPdYVID6zhvK0tUWZnTR66tIUfN
upBlmKz1mHowwQetvo5xkJpAtBOZLQf4Ew/XApyd3yFgSNqQ+GCFKzCyqmoEBoZ6BVpbtmUpBi1c
bUvVXqtIWSOo6nMqqcGhn5TTmt9MaPu2amk/4gVCk3WzhhwL6bVE5DXPoPwERUKexuNckoqtXNFf
lCjJY27bGFTlhaKIFpxgudxA0rU6jR3n8tHYpuVvu7T45eDWhSQuNbDPmfy9D9oe7ng7BlKoVoHy
EaUH1MkCQ2IpODYvTM6RHG65g2lKnpKfdmUcvK12UYAp9gsK7+dRfc4O/SwTNSpsrlIElGarPJUl
ZoBnSqgSJ5Ir/CkLppIMxTbZIqmnMrUEois2ZXp71NdS+wjDarmpEfkem+g9BZLyaOFJ3RKjUgBF
7W0dS68UsISMJOfY9FChj5MBqMiashdQC4ItPaHijh0t3u4xPPAIA7PoOonA7KlWkNGzwz8h/HPm
tGX3tiKvSDq9sVN2GEGgWvE03oeeU7YJkQAbVkvBogz3D9HAeo64TXs9ZP1W5OQGoxqWmDydMiTi
7SJbtMX2tlPEXgKJusbTQzCxKbJiou5H3c2Z8roq+Sg6fWJZ3qqxwoSnSiYo26V59FKr5Rly0uMp
W6g5KS+XNIGrllXZAq0Yl3yJLIBOQGxVkVLFgn0onlFBZ+cl6ukoTWCUbKzxRx9EVbOzi7dEaQUs
IdtBUzNs5EmV2+VkczFtY826biY4a07U9vtDkdF7J/L1mOEOQojfFndsQqMcx0k4ZZSlVhyLAJas
QTY16g60Qb/OCGFqj2gBpV0R0SuUBERdCsSQojmF80qqVJYSMLZWNoqcCLmRoEKd6qaOX1ORdHx6
fvgM6iOqp5qMbAgDdoORkl6ZyiIhQWNUv7kV9fuNLZ9bX49E0CznbdP2lOnYrKmSdQXhip4z1ctX
cvcBvTmrcpm8lUfoiExSLbEdrfK8oh2KtlcTbTdOURy3l1nFr9psAZd4AAKf0dZzr40HwuitvCza
1ObNT3mSyQ0BktS37H2Q36Dnl+z0mO2+f3t6/Bj0Dm4PNMD4a1AbKgbPx4JzYA9XRko+svwAb8i3
usvA298/e9niV/1dD/ItLYbv06hwIPWqUoR4y9utJJVGb4C+CR5IeJLHMS0Lz5J4M7lpkmirEJLn
ZLiLc0HbMNLV5A+BShlQpFd+1VRqOyiEIFLLMKvmTOScOVMvXHEZmUJUeFSrYA7k2bLrUTKclo5T
8V476ioR15MuQd+1cyaFe7jOG4wescx1KpiAyFrRYm7H6EhbIaB+vKbkDJPfUKruTSbGMyFb70BI
ZIHA37Zi9DMg5Eqr1s7ItBA8TPqSfVyoYx9iIONjUgv5ez2wGv5y1l1UaneTyUvAFDHemjsQ207G
vx015miHJ8AP5tDPqiSSOQP54aBTMLiqCfpSWGIShREikqmTbrrURltNyjh4GIpUUKcgzZtWTZNL
WAL7ZIpEKQfWl/SbAjKOwRKcrSS2XpAD769qmZKJ2AlKoyVtshWNZO30uOrxhWEaNS+xMfmCtWNT
bTm1ZQ7NGSgJ8E2YwR4BmXggsFPkdlur0+X0tjJV8LrmCXWzkEyg1ZNWVORFk7Zuo24w39MYlTZM
AxekNgi5pJUw42LkgpJANRgIURt5c1Xq4L4jNdcSLCsFZVn4IzZdhI62QQ89c4I/hzgCdYFhCFYn
D3o5HeLBRJ6t6kauQG9zScq0WK+LaZITxRDqNmtsDsGVa9xnDast6Zim1HO2fU4sUJjjy2UplmpL
Ue0/ym0W/P23yzF/RB/EmtfHr/FXnCYqKcj6AMPXtZAdCAcnv6YVKyJ8ywDBpr23A5CnO8k3BZ5h
ksq5JVRQqHyujAkqITxhQLmsl2+OcBNf9Pfy9iA5FCsObiEwspdIQ1uXQsaIRQm9xwTjYobJUD5t
c5fMHHywN6hOffSSbQM1ONQ2FFvbEKYQkpbl83aNW1qVfPXVWifrbQZR2RiR4ni0ekwYqEUM47gg
bXqqSe0G93S7gHrSX6GV3OfzvUomUpPSA3p7SQoHoK+VPNtdo5UCyhBXdp2Eig64CQ/NWkRlUBJ3
iPBlelPKVzMYbdqtFBl5AZ+KTm2+5Xi6UPVpUFpzPCyl7rAAAhqVruat0uQzsFHc05uzH6hygaJ1
jzb5fkSkMjF3ybv/yojYwEq6pACP2yjtrxrR/shdeZTiM7WPFXUM1H7jZ5RFKlQR0CdfrktweQkY
0Q0sTebU7Ypz9vzl4YUEFvRTjtBW/V0d3dizvRv6qGLPvImSst6joPt3VenJdy39TQvpxJjoQLRq
T5E3yupSUFa4YfKn65qyjbttp1Z2b2koqAAeSEchvS6rWjlN2jc8YAKyrH/0nKIJLUXjB0ioLlaQ
Dz3IhOrLXuGXy9pf3EBsq1STG15im1RRQwfBLUigQdnIQo7GIb9ACrRgMlNIV5FcEn6ojMouHON7
2rFS8YXmYqviI3qrSa/1fKhaHj0vE3YsQmZYzDDmpj23Nfbu9BkzNEPHAe2rtycCIizcr/M6eiK/
1S3xLSD9XiA62xPd0yF1DYFXDoFNBKvuICkACNYNkOtVUosJvnJTAOyfVLX2xNYQsuS4exCJJ3Qn
3wZ2MChwEYr7tfhep70vrgqFL0qwoQIL3jwhyjqD7PLbE+KRamEssbectfWxiHpD8FX8k+OT54dv
X170WKL3gmpJyg7oqup+UL0+cRHUq9BpyM6v/wvazOmb
===END CRASH DUMP===
