PocketMine-MP Crash Dump Fri Feb 11 21:00:35 WIB 2022

Error: pocketmine\world\World::setBlockAt(): Argument #4 ($block) must be of type pocketmine\block\Block, int given, called in C:\Users\tranthien\Desktop\FoxCraft\plugins\Dungeon\src\hachkingtohach1\Dungeon\Dungeon.php on line 336
File: pmsrc/src/world/World
Line: 1615
Type: TypeError

A PLUGIN WAS INVOLVED IN THIS CRASH
BAD PLUGIN: Dungeon

Code:
[1606] 
[1607] 	/**
[1608] 	 * Sets the block at the given coordinates.
[1609] 	 *
[1610] 	 * If $update is true, it'll get the neighbour blocks (6 sides) and update them, and also update local lighting.
[1611] 	 * If you are doing big changes, you might want to set this to false, then update manually.
[1612] 	 *
[1613] 	 * @throws \InvalidArgumentException if the position is out of the world bounds
[1614] 	 */
[1615] 	public function setBlockAt(int $x, int $y, int $z, Block $block, bool $update = true) : void{
[1616] 		if(!$this->isInWorld($x, $y, $z)){
[1617] 			throw new \InvalidArgumentException("Pos x=$x,y=$y,z=$z is outside of the world bounds");
[1618] 		}
[1619] 		$chunkX = $x >> Chunk::COORD_BIT_SIZE;
[1620] 		$chunkZ = $z >> Chunk::COORD_BIT_SIZE;
[1621] 		if($this->loadChunk($chunkX, $chunkZ) === null){ //current expected behaviour is to try to load the terrain synchronously
[1622] 			throw new WorldException("Cannot set a block in un-generated terrain");
[1623] 		}
[1624] 
[1625] 		$this->timings->setBlock->startTiming();

Backtrace:
#0 plugins/Dungeon/src/hachkingtohach1/Dungeon/Dungeon(336): pocketmine\world\World->setBlockAt(integer 315, integer 6, integer 248, integer 130)
#1 plugins/Dungeon/src/hachkingtohach1/Dungeon/Dungeon(379): hachkingtohach1\Dungeon\Dungeon->spawnChest(string[6] mc-091)
#2 pmsrc/src/event/RegisteredListener(75): hachkingtohach1\Dungeon\Dungeon->onEntityDeathEvent(object pocketmine\event\entity\EntityDeathEvent#182075)
#3 pmsrc/src/event/Event(62): pocketmine\event\RegisteredListener->callEvent(object pocketmine\event\entity\EntityDeathEvent#182075)
#4 pmsrc/src/entity/Living(576): pocketmine\event\Event->call()
#5 pmsrc/src/entity/Entity(550): pocketmine\entity\Living->onDeath()
#6 pmsrc/src/entity/Entity(588): pocketmine\entity\Entity->kill()
#7 pmsrc/src/entity/Living(188): pocketmine\entity\Entity->setHealth(double -1158)
#8 pmsrc/src/entity/Entity(535): pocketmine\entity\Living->setHealth(double -1158)
#9 pmsrc/src/entity/Living(517): pocketmine\entity\Entity->attack(object pocketmine\event\entity\EntityDamageEvent#124108)
#10 plugins/PlayerStats/src/hachkingtohach1/PlayerStats/PlayerStats(540): pocketmine\entity\Living->attack(object pocketmine\event\entity\EntityDamageEvent#124108)
#11 pmsrc/src/event/RegisteredListener(75): hachkingtohach1\PlayerStats\PlayerStats->onDamage(object pocketmine\event\entity\EntityDamageEvent#124108)
#12 pmsrc/src/event/Event(62): pocketmine\event\RegisteredListener->callEvent(object pocketmine\event\entity\EntityDamageByEntityEvent#138997)
#13 pmsrc/src/entity/Entity(528): pocketmine\event\Event->call()
#14 pmsrc/src/entity/Living(517): pocketmine\entity\Entity->attack(object pocketmine\event\entity\EntityDamageByEntityEvent#138997)
#15 pmsrc/src/player/Player(1713): pocketmine\entity\Living->attack(object pocketmine\event\entity\EntityDamageByEntityEvent#138997)
#16 pmsrc/src/network/mcpe/handler/InGamePacketHandler(519): pocketmine\player\Player->attackEntity(object leinne\pureentities\entity\dungeons\BossFloorOne#153732)
#17 pmsrc/src/network/mcpe/handler/InGamePacketHandler(307): pocketmine\network\mcpe\handler\InGamePacketHandler->handleUseItemOnEntityTransaction(object pocketmine\network\mcpe\protocol\types\inventory\UseItemOnEntityTransactionData#172861)
#18 plugins/VanillaX-4.0/src/CLADevs/VanillaX/network/InGamePacketHandlerX(223): pocketmine\network\mcpe\handler\InGamePacketHandler->handleInventoryTransaction(object pocketmine\network\mcpe\protocol\InventoryTransactionPacket#201501)
#19 pmsrc/vendor/pocketmine/bedrock-protocol/src/InventoryTransactionPacket(105): CLADevs\VanillaX\network\InGamePacketHandlerX->handleInventoryTransaction(object pocketmine\network\mcpe\protocol\InventoryTransactionPacket#201501)
#20 pmsrc/src/network/mcpe/NetworkSession(395): pocketmine\network\mcpe\protocol\InventoryTransactionPacket->handle(object CLADevs\VanillaX\network\InGamePacketHandlerX#134659)
#21 pmsrc/src/network/mcpe/NetworkSession(358): pocketmine\network\mcpe\NetworkSession->handleDataPacket(object pocketmine\network\mcpe\protocol\InventoryTransactionPacket#201501, string[928] ....[....................Ability0.ability|register:item|register:2|distance|1000)
#22 pmsrc/src/network/mcpe/raklib/RakLibInterface(192): pocketmine\network\mcpe\NetworkSession->handleEncoded(string[706] ]RKO.Q.>}......\.._.....4A.L.#..)...r;...0s.gn.j.$..1......[.&m.....I..p...x....)
#23 pmsrc/vendor/pocketmine/raklib-ipc/src/RakLibToUserThreadMessageReceiver(42): pocketmine\network\mcpe\raklib\RakLibInterface->onPacketReceive(integer 0, string[715] ._.rk...P.e;.......q..&..P........N9.....S../..ucdl..'....!.Xx...R...U.m......q.)
#24 pmsrc/src/network/mcpe/raklib/RakLibInterface(122): raklib\server\ipc\RakLibToUserThreadMessageReceiver->handle(object pocketmine\network\mcpe\raklib\RakLibInterface#108400)
#25 pmsrc/vendor/pocketmine/snooze/src/SleeperHandler(123): pocketmine\network\mcpe\raklib\RakLibInterface->pocketmine\network\mcpe\raklib\{closure}()
#26 pmsrc/vendor/pocketmine/snooze/src/SleeperHandler(82): pocketmine\snooze\SleeperHandler->processNotifications()
#27 pmsrc/src/Server(1660): pocketmine\snooze\SleeperHandler->sleepUntil(double 1644588035.255)
#28 pmsrc/src/Server(1046): pocketmine\Server->tickProcessor()
#29 pmsrc/src/PocketMine(304): pocketmine\Server->__construct(object BaseClassLoader#2, object pocketmine\utils\MainLogger#3, string[36] C:\Users\tranthien\Desktop\FoxCraft\, string[44] C:\Users\tranthien\Desktop\FoxCraft\plugins\)
#30 pmsrc/src/PocketMine(327): pocketmine\server()
#31 pmsrc(11): require(string[80] phar://C:/Users/tranthien/Desktop/FoxCraft/PocketMine-MP.phar/src/PocketMine.php)

PocketMine-MP version: 4.2.0 [Protocol 486]
Git commit: 44818e6d1456dcf1f0fd3cd27da1dfecbe03c08b
uname -a: Windows NT tranthien4-8sin 10.0 build 17763 (Windows Server 2016) AMD64
PHP Version: 8.0.13
Zend version: 4.0.13
OS: WINNT, win
Composer libraries: 
- adhocore/json-comment 1.1.2@fc2f76979f0a44a5f5bc2a2b600d0762fe0e78e7
- brick/math 0.9.3@ca57d18f028f84f777b2168cd1911b0dee2343ae
- daverandom/callback-validator unknown@unknown
- fgrosse/phpasn1 v2.4.0@eef488991d53e58e60c9554b09b1201ca5ba9296
- netresearch/jsonmapper v4.0.0@8bbc021a8edb2e4a7ea2f8ad4fa9ec9dce2fcb8d
- pocketmine/bedrock-data 1.6.0+bedrock-1.18.10@e98c511584a7bd58a95986374d2df4b04c6a2ba0
- pocketmine/bedrock-protocol 8.0.0+bedrock-1.18.10@017e57c8f8a74118bcbba7332e7ebac9e6c81693
- pocketmine/binaryutils 0.2.4@5ac7eea91afbad8dc498f5ce34ce6297d5e6ea9a
- pocketmine/callback-validator 1.0.3@64787469766bcaa7e5885242e85c23c25e8c55a2
- pocketmine/classloader 0.2.0@49ea303993efdfb39cd302e2156d50aa78209e78
- pocketmine/color 0.2.0@09be6ea6d76f2e33d6813c39d29c22c46c17e1d2
- pocketmine/errorhandler 0.6.0@dae214a04348b911e8219ebf125ff1c5589cc878
- pocketmine/locale-data 2.4.3@4d0b081f1a79407e087968ea76aaf330db6ea2b5
- pocketmine/log 0.4.0@e6c912c0f9055c81d23108ec2d179b96f404c043
- pocketmine/log-pthreads 0.4.0@61f709e8cf36bcc24e4efe02acded680a1ce23cd
- pocketmine/math 0.4.2@aacc3759a508a69dfa5bc4dfa770ab733c5c94bf
- pocketmine/nbt 0.3.2@3e0d9ef6b6c5fb45e3745a121296e75631b3eefe
- pocketmine/pocketmine-mp 4.2.0@44818e6d1456dcf1f0fd3cd27da1dfecbe03c08b
- pocketmine/raklib 0.14.3@4798576fec0364266dce23b368a7fec5e5de7927
- pocketmine/raklib-ipc 0.1.1@922a6444b0c6c7daaa5aa5a832107e1ec4738aed
- pocketmine/snooze 0.3.1@0ac8fc2a781c419a1f64ebca4d5835028f59e29b
- ramsey/collection 1.2.2@cccc74ee5e328031b15640b51056ee8d3bb66c0a
- ramsey/uuid 4.2.3@fc9bb7fb5388691fd7373cd44dcb4d63bbcf24df
- rhumsaa/uuid unknown@unknown
- symfony/polyfill-ctype v1.24.0@30885182c981ab175d4d034db0f6f469898070ab
- symfony/polyfill-php80 v1.24.0@57b712b08eddb97c762a8caa32c84e037892d2e9
- symfony/polyfill-php81 v1.24.0@5de4ba2d41b15f9bd0e19b2ab9674135813ec98f
- webmozart/assert 1.10.0@6964c76c7804814a842473e0c8fd15bab0f18e25
- webmozart/path-util 2.3.0@d939f7edc24c9a1bb9c0dee5cb05d8e859490725

Loaded plugins:
Alerts 1.0.0 by hachkingtohach1 for API(s) 4.0.0
AuctionHouse 2.0.0-BETA1 by Shock95x for API(s) 4.0.0
BlockGenerator 0.1.0_beta by BlockHorizons, Chris-Prime for API(s) 4.0.0, 3.0.0
BuilderTools 1.3.0-beta2 by CzechPMDevs, VixikHD for API(s) 4.0.0
CraftingTable 1.0.0 by hachkingtohach1 for API(s) 4.0.0
CropGrowth 2.0.1 by NhanAZ, kaidoMC, YTBJero for API(s) 4.0.0
CustomItemLoader 2.3.1 by alvin0319 for API(s) 4.0.0
DevTools 1.15.0 by PocketMine Team for API(s) 4.0.0
Dungeon 1.0.0 by hachkingtohach1 for API(s) 4.0.0
EconomyAPI 5.7.3-PM4 by onebone for API(s) 4.0.0
FCCore 1.0.1 by hachkingtohach1 for API(s) 4.0.0
FormAPI 1.4.0 by jojoe77777/DragonfireHD98 for API(s) 4.0.0
Gems 5.7.3-PM4 by onebone for API(s) 4.0.0
HealthTag 2.1.2 by Shelly7w7 for API(s) 4.0.0
InvCrashFix 0.0.1 by Muqsit for API(s) 4.0.0
InvSee 2.0.1 by BlockHorizons for API(s) 4.0.0
KeepInventory 1.0.0 by NhanAZ, KhoaGamingVN for API(s) 4.0.0
LaunchableTNT 1.0.1 by Vecnavium for API(s) 4.0.0
MaxEnchants 1.2.4 by Xenophilicy for API(s) 4.0.0
MultiWorld 1.7.0-beta3 by CzechPMDevs, VixikCZ, fuyutsuki, kaliiks for API(s) 4.0.0
MyItem 1.5.5 by hachkingtohach1 for API(s) 4.0.0
NPC 1.0.0 by hachkingtohach1 for API(s) 4.0.0
Napthe 0.0.2 by hachkingtohach1,tungstenvn for API(s) 4.0.0
Parties 2.0.1 by Didah (@Diduhless) for API(s) 4.0.0
PlayerStats 3.1.9_BETA by hachkingtohach1 for API(s) 4.0.0
PureChat 2.0.0 by Vecnavium, 64FF00 for API(s) 4.0.0
PureEntities 2.0.0 by LeinneSW for API(s) 4.0.0
PurePerms 1.4.5 by Vecnavium , 64FF00 & ProjectInfinity for API(s) 4.0.0
RedstoneCircuit 3.0.0 by tedo0627 for API(s) 4.0.0
ScoreBoard 1.0 by hachkingtohach1 for API(s) 4.0.0
ShopGUI 1.0.0 by hachkingtohach1 for API(s) 4.0.0
SimpleHome 1.1.0 by CzechPMDevs, VixikCZ for API(s) 4.0.0
Spyglass 1.0.1 by ItsRealNise for API(s) 4.0.0
VanillaHopper 2.0.1 by ColinHDev for API(s) 4.0.0
VanillaX 3.0.0 by CLADevs for API(s) 4.0.0
WorldProtect 2.3.11 by aliuly for API(s) 4.0.0
_NewAlias 1.4.0 by Javier Leon9966 for API(s) 4.0.0
libEasyUI 1.0.2 by GiantQuartz for API(s) 4.0.0

----------------------REPORT THE DATA BELOW THIS LINE-----------------------

===BEGIN CRASH DUMP===
eNrtfQtT3EbW6F/pxa4N7GU0eo80KVzGgGO+xYY1eO2bTIpqSa0ZBY000QMYZ/Pf7zmnWxppAENs
9ktuFa7EI7Vap8/70d1q/7YR58WcV+eXoiiTPNsY29sbVTIXG2PDtW3H83TL0VzHs01je6NeqEfm
SPM9wxnpuu7YhuuNtjdSXlYHRZEXG+PfNqrlArptnMGPbNvemIuy5FNsXeThhajmSSYmk6u8SKPJ
5CP+jMelqF6l8HS32twas91iWs9FVrFnNtt8HuCDLTavy4oFguUxw0FYFxh1mUwIxDZL4M1pcimy
bRbyNBURtLC98WTyoQRaJ5Oq4Fk1S0Q2meyL8qLKF5PJ6/x6r+BxNZks0nqaZNBtv86mIodOZRFO
JjMezi6SbFrleGV0HqsLbTFbsDxjKWDELMsFyuM6TV8nKZE+48V4ONwbDwmJYYvDUKEwbDAYnhBh
bwHM4O2Jhi8OAYMhMWxI/MKhELwCPcfHa13gMSKCwjQcEGzBQ7j5aeOZzhSBQ4U3vblGXftM/W4C
PSCXu+Q3eNGRH3BfTEXBLBiXNTfu6tK0vdWNYelbgOoz4+uwGvmA1b2SAfQW/Crbm4my2iyrAvr+
5P7M5uFA9w0a3mQrJgpQnGr4XkyTshKFiI7wNxPF5sh52GB5dpBVSbXcF7yaHSC0zTz4RYRVj380
DPxQ18lk/ZVnhmfqMCJiZ93ATkJ1zTWZKJg3cR+8QEN4DFzsLi7Ub3iUXAJDNp2Rezs6BENisEkw
nJsw5JCbjqOvw1A4yUGQuYSXBOTeDcjz7gAkOwxeXCQNOqM7STLuhQJ6/0bwFBCK8jpIBRsYhuMR
WO9u5CznHiq/ANa/WwDG6B5seVXx8OLhGsDn4LeVCpi2oUsMjJULOUn5UhSnFa/KWw22+7xzvenY
98n5kVA1vt6wO/j2bkgHabhvxs78cwybsHm1lHcKK8vz/ZHEyrpbcU3vgSZu2P/bano3PV13syA5
Kl3cNEaG9d/Qw7tx6XqsTFQQRC+G83AhwHKyKAXMDrMf+FyccBznjWwDjvlrWEoyGrVssFRSUrim
Ismob10IQjIR5QrdSEYraHmVl+XrNM+L40wAs6yRZUpcR1+Dq6WvS1e9Opngu5hHUcfJ5Ja3By/k
U0iRDisxP1aB9AxypZKHFWSptwlibYBFkVd5mKeQ50GaCAQmGYohL5aUAN4BeJ9XHEg2PVdmBIbX
Orl/8wxiBf80sDWdmLF3tLsvLlcPWu7cQtKnTdO0vp0jhw0NX8uL2wDIkZ6ZuuHoiuomukDnKC+G
K9DDQEQF3A0akMSJu6FuGjp6VcWqyaThVQfF27j1v0yvqd+l4+/kzSnULji05TtfFuJDRm6Iawj5
o8wBT2K7ji8xNx6KueN9GfN+/wZHtAclyUdl+zZTCbhvej8zDf78pN3yZzdIUjBQXePy4j+FCn3j
BOx3dWf+J4ILnoXiPwaUpJI15l2sKfhFmgTD9/ziKAkOoQQpYiiLNg3f/BoWHWRhHomoqShGOtQU
P7//57H2L+3F75KMyUTTzunK3tWOtGeatgXXxffwl15q00z7RXuuaYbs/JP29zldHGraAn6u8VpS
ZN1plpKkQbKQ5ErSznIsMs9mheDRW1l9vxehgJK42LTvoVUChFyjzyTMeqQgFaS2ztNbkY4MB0R6
rhUXgPiJJr5XwvxV0/6ODerPO59+TjVtqGl1GKWa9h02/E37hCS/h/8/aPPmVckA+4+K1EQyG1qA
GZfoYIFLDWFfYNG6mf5xZkGK7NmNNjp3yq7M8vyzIJpOUyEWomiiqHFfzLhTSg9457cwzUtICn6X
qZrpfgWC3roWya6TSb8f4ANBA9j7Lq+SOAk5+oNSjdvNL05JQpuG6+oPBFzi/QcI42lTI3WmrUxH
Vqumd8sYur1eqMongxdVEl6cSITzQmHZrbdWMzOQ59h3ADk/D4HGqqjD1nW+4qXYS3lZHuU8EsUz
c5vdols10ALB4C1PsqN8Cqb1zGpNywLf8uAZrPYt2/75K+a95JyDfgfd5np+J41LcstSUWnTMND8
xK91UojGQXr6z+zbp8FWzTgLtrXx8+/bG+Jp9vG22ceHTg8CB+Ww55Aq5+mlQOrhzSSLQHxhtdE8
hzY1HDRh8EOeG67uwgNogasRXE2q4T/+IW89umX/YKeiKlk1E4x4xXhFN8QmFkLtESUZr0Spydd8
9RrdGXoD5DBmz+tFBB1ZAtCKWgC3q+/SlE2FBJiJZDoL8rqQ45Rs02VlEolyi4HfYOpl6Dnfpgae
lnnTCi/wFPg3nVXAaImJYXTGXuY144VgUQ7PWZBMWQiBYirKbXo0xzfZFQiXVTkrCSNEM2cxDAOo
wrBZM9icZzUox1INY/YItppBX1azIr8qGeVVPE2iRjUPrkOxQF/KkpgIX+RlIu9LltcVqSk0k8QZ
MCSLSgnbVrCH8tah2wX4zyRkcZ1Rwsb6s7ns+bXU6udL9ft5m9FzJq1jG0bI01Y2OySaLTZml3kS
/SYHcmmgCUSBzb89R8YMXiTlYUbKuIkDIPDnn7e2VP+R6j+piAcg2asvsGFzsnGSl+x6ByAtdwDU
553nnxUvUP638WOysfW9HMtTY/0ub311+zyc1dnFJ6Dn+TV78YLt4e14vHd8/H7//NXh2fnp4Y8H
EoSp9975Ed/5fN87xooliiMphAd6Y1ONDSyRALfYzs4Oy+o03fqNDYdhXRToocT1AuwTXEwgZvwy
QcWXKlcVS/xBgEQ45AcFxBVWLrMQ+JnldZkuJRrmLZwmsXS5u8ezLK9Iq7myYYBWZ4MpzkJxREEN
0bLVtHpsNe3GSZhOwyxJdZWAG52Wq0UEuKp4UZ1R+yaA+/1pAeNpAeNpAeNpAeNpAeNpAeNpAeNp
AeNpAeNpAeNpAeNpAeNpAeNpAeNpAeNpAeNpAeNpAeP/2wWMZna9xNn0XdCNiq4yjhuum4btjXaf
9oah6ZoOLbyuZnlR4qzYWvGHQPkiwSc2dYZ7kXFQsmhjTBPnGxEoI84Kj3+CZ2UeV/vdhjmn2f4b
NaXEpvnFVQRQCOh4cnx69vH4/dE+NF2JoIQgh69X1aIEbl3xKpyVs6TSroQI0qUW5vMhzurt1hRg
3+R1Kbo0d5u7lJtIzODVwdmu0af/dAZc9Z3rbyN84wA0P58vd08ON1ZMKBXsyYRLvGaIF/Cgj+UX
OYHE0vziD3K+VC5XKXLXHnQJ1iG26ueBqHifXnrlTV4kn8FU4dHerEjKwUmBm/TXWbC9YX2LDvSG
UqtcLbJQZ5JHeBD9dZJC17M8T7sK3mvuqzngPUDazT7xe59FODt5i6knPPh3cp1cvNl/LJUPEfhi
HlFeG0jcKsQNSO9j+iDVnybVrA5I4TtoD3uggDfkMcDQzhDhDnP67X8RJ9BDau32IXwBtgB7kzQs
llq5xGU/CPTDiJezIOdFNJQMyRc/FPlVNetxo21c9wpr/uAdZEC7P0LbBU+i/O0eXP3fs1f/I4r8
sbgiR0DqG5xk5PsKxVDIItV1WeVzrPCVWXVoX3/U54C1zgGeXiaZbhn+YxHcAgSa13C52fIQfwCG
sO4L2qa+phvOuqqvgig7E3z+WDQ242N+cblm56dnu+/PPpzcJ8wVZsMWBhKr1s07tLYr6X8Jo15f
BnosQ+6E1BXtncYu+Y420qzByVu7z4I8EwH8/1ikK3CTiZBYAMzJpIfRvar7em8vL7p+WjWsy9L4
c2QpsWl+H0uSr/Ni3hdj09In215X4V/yX3Ixwj/D/YJP8yyGpPrNvu89FgNWA2A9QDi1Fw8R5w9i
3vVCdPsn6iWOL/9+CPJyne2MTzsUrNr6UcLQzPW8WaTpcnQ1eiwiygbgZNIi8bDAiLQcZpeQTZSz
18l1h5puaz85vmFhb+tfAdxjETMnaDQBHyICcXL9RxJewPtUiD4h2HBP7tLP7R+JlLUsXmLyR4j5
pxCLdnK0Q1O//Z5g1qZl/5zl/AeO+zv+/e6xM7IeRo+QlB3xOgtniM/Zu7MO5f32e1z/v0WY8cuk
frRUpQUIQuwisnb7ENG+5dcH+EbWm3jotvaJM7U1R/hJZPlilqRJuHws8jogUYQtKr2bBxFXp1Ui
9zx2aFs19kkbqYrTurfi3PuRPvBe1lVZXyRUaaRJclH+V+rQOeKrNiz1cP+WGrQDCPm0xOy9yyPZ
0OePozl/TkojsWl+HyuleXey16EY7/4i2Tig8sc8151TbO/4opp1g5BqWA+k5hcJ3a6gKsAdG5fZ
f49mQqz5fYhtn/ACNwV0iGta7gmx+0nEZ2zzJfzWs1SU5dZjURU1ECeThcRlMlkh9UfNtcWPqF1t
4elS3GntUm1Bsuef41Tpn6PBd+0++maFPqkLsTfjVZcHTdONueK7gvD2hmu/fq3rf4h8GudEFHNy
8mtTx6/lWnF5UuQA/ZPA3bjlycGgae9MKJ/LsYEtCu/V1YO0HvoeqP0wa0xom+9hxBFtrTn9+FjS
v32rzhpGf2wepUFx2IOiyJdC6NMu29ZLUecODWDbTEqB/Z2ByHAt6xDq0iypHi2F6YmZsOtcPkTQ
70VUVlAR7iVFWCddhV9/0jf8G+KuRJTrrvloRV4DbzIpFCKhRAR3+K1jdi+Zp2FeiFcYkzsUdhrX
QvKf485W+HSvv9mZnc7yxQ8funMqTctfJBFR6LQXj5V5nSbzRSre5PNuatJpXJsAXif/9oT8v5F6
l4TTDHACHnTx+5bU+3TO0/REbc/rQEXGLJZTXGnvsqVpuqfGPKzK94Kn75Ly0eakOiCBfIXHw+dz
1L6wN/li0VvM6Lffk6zt5WmSvQG+PRZRLcB245pEZO32a2Tcoroi/tNNuj/d57DVxrpHI/jmPr0O
JvdKkWpECJIVfgu4IqbXfGM16sZyVFKny8dbi0Jo6huehURhXSsfmGe8rZMiTkQadfYNDZqdsxWk
M8M5x516wx65wJXzd+JqN01411JXbfdMif8PJCGiYEciz3zfdR+LLxJsAxW3aQAu6ucr1LkPbijB
/I6fjgYHvFz24taqbd1LrVWWPyQ8q/5VQ030+bHIlgNPJi0C96g0fvDKC8Ab5Lq2nNhs1SFUrqHg
LSl5Bzrlis+Ghw4Kp4eCcM5xdXrVEvIUUIN3u235/DzKKwiAvVb1ofKqoS7S7j1+SNm9j5O0Ej3A
0/miezuD6Nq9T8I8u+w2/FKSQNr7eSB3NfXa8qJqt52g2HBnakSJ2arTIuzz4b2IU0E1Tre1JI6W
/aYIS69Oy+nJUW/4ZflrmuFg6oq1j6r8QmTJ5z4Lrq8V1Ygu+psln6fkf0y6/ZwsZPbgUxnwGVS0
+zrcXs/7XM8RPVPXLcMwfWg42T/ukR7l54TaeiM0JX2B5aClZdnrKOP8p7c9mtcwgFvc0LlG5zy9
KpI1+S8q2vqJHG62+ZzM1nQPPx2lTXkmMUnuEUimQZJxnMOHyGNq+KV4Ki7BAQaqE4KC1G1R5arB
lMyKQNBSLXWVkK085vlqrM5z/AI9yeK8p7fRDZEnPS0hVlrdpkKAeaAdTmupiw38H8Hc2PFJCKlq
h/lo3bOFGhdHpM1Kabdc7Jo7mjIvxeocVOCnSeBp98/G2NQdC9hWnkNCuDGWH3NvNDvGN8a258IY
WJ5t2LZneMKNDNtxozA2Yj2OrDAyRxE3oliEgdCtUPcCgF03QTTJIvzE+90Za7cS2gOvTDJmgFQZ
4cCM0ci12GbTWe7UZKZuuFts9+2+i/PxeCZoh2mfBVmS3erLbHGeo3A+Hr6jZQG6uUrkp/zzRV6K
4hykXPBCzSvwaJZjpTNE1zGAPupYAEzHzZdxaMYj1x/5sc5tmzuxE4QmNwNX1yN95Jqx0MXIEyPk
Y5GEF0PlLXXN16yXIXdGkeHFuunFnh2PRqPANFwvjAzfMAI9EsK0bIsLcoVAK7ghiEf4eVbAw4sB
fQUud9EBJy+y/Cp7qX5R7aZFXpZiCCTzMsPPrC9NDMEvhYhtz/N9I3Is4YCk9NB3HDvQ/cAAZgJS
AfdNH00CHHYhSsGLcEb0z7lMYTcuydpeekEQ6qbBPREFprD5SHAz9nhkx9wXoR+FwozDwIt6VtJ+
gwK4c+Kkq+n/p2kEvnqaAVj6Xujg55IANYgcj/uO77nWyI7MKAZk7dAFPnP9dtArxSRduAleN0bC
GYXAdz6yDcMLwiDgI8syxUgAc33hhp7h+tYaePIZKwMHhr50eDgSgvsGjwMeeVFo+17shMKyQ+Ga
/ihyhAuPeR/SrULEPMF66dojb2SDUrluEHLgqeN5jmmbwnNC0wpNRwBnHNoO2AWINUmq9ksRavpL
2xfc0i3ft0QcxYHlh5Glm8I0wDAdHUB7pu6Dfq5BytN8BQO0AvF3o5Ebm8KyItczrNDyI9MPTTO0
3RA4aURr2NBZJOqLKAIFIn4ZcRja5rpt2V4AGi480/BFEBumE8cG0OT5Yeito0MnUohGWVCFrZd2
pAe6Z8QGH/m2PhK6N/JdT/CRy3lsWXoUAMpm4KxDmhIuZARu6BtmqMe+7jgg6si0DN0ToRkZIz/w
3dgGDQNMb0AYdEKOBOUa8QjY6IWxBQILTVvYAuze5GEkgFs6N8AMwAH2QbWOAPzsS87D0Bo5Pnd0
j7t+FIMNhjb8jEY6D0AtQyf07SDug8iCqolNLy2hR76I3cANnTiwHQGW4nDDhAjuipHjWkZggeGL
PoROsk+JlC3V5uEO/MYnLDIukYxGvueA0ohQt1zbdF30BlZguWBx0OgIJxIj3xzdBgU/hGkympe+
aXLXtsHmQzcEHDh38D/PMg0QvSFCe2R5XKzxV35w0ET8lzoHWwfXPPKM0DZ8bsSuLcC8bHAtloMO
2PGF6SNNkBKXYolmsMrocLnXfBnCn5EtBHDX9CA9CsCQbD1wDN1xhfAiKwhcN9T5CkhdJ5HiqwXB
wg+CURw4lue5vhFHI2sEfLXtKAzsyIW3w9gEqePrs3pect68f9O7l8t5nGdLkGC6hAQjHTTJ9CWg
ilpp6eA1DM8Mfc/ggTFyIjAay44CPQbldn3P93RUrttgQcjw9A4sZxSMDBMsTkRR4I9CCGzcA9dk
maFngzKMPN+MTOHfBcvowoqEHXAzspF7sR9EujD8wORgc+CILQe8C0QOL5bFyjz/DCXSEFybKFTU
xbjj+q4NWIQjTwddtblnm6AEQgcZRwaELyASNNh0ekAWYHED9N2qOAeH5Ft+PBIR2GwIKhEEfohB
1wkD3Yk88Le+7esjAEO1Uqtb2pLS1WcMS20W4k6uaV3QRzEMkz0W5wXrZVeT7Bk7m0EkxbNDcJdw
SWfo4JkkeSbwTCBesVCeLhIIlmRhWkfyzCT5XYYGAQ0iL60oAKzTfN6c5rIOs+Sx2GY5PClKBMkC
8FYXeDZPoWDhaTlzqEKg3scRILnB443SJQKGyr0FN4RUl9dpVbKrPPuuYhj7ecGgiM3BeSUYwZaI
IR3wQ3RfybN9pgWP8PCgSTbJGmDjScbYs48zgYjJo4Ho5KFUfeRSUuJXpvIQlbxBVTp/BvxM1eFG
OKcaCiZjCx1ihJCB46EYpByT46kYy8OG8EE5qyvIFrOBOgFrzCYbKnGc1LphGPC3Lix2MZvUhoji
pG2GOz+bshSvuJH8bbJBJOymaX7F0qREspqPi9llwtm/alEssc+veNHMnozpHCB69YCKevUOnbyE
iSUD0QL36DSlJVM8x/5yDmDQPu5Q9ewjmBaoDgiARxGDHE3KCfmPXz+xueD4bRgd4AXSCQQiDVwU
v9Y8Rf7KQ6cg+agF21SDQiq9hdDliGJQiAWUwgOQD37GNIbHNPa7eh4A+0D9dvEgnTNeXuCRQheg
cBp1+FCCDNEGGko75+2wCrqX2+oMInVuDhjONsP0u5CfZhJvwHCxbV5n6oMzCfy0OVIK1LHIrxNQ
RZHSMT+k4lmLHPJWIXQYy5OoclLe5rgsdTpQJHAuSx6c1X+ZbQINNRiYSWwhMgaK0jGBWldqTspR
1FmG4oywoMwXJASqYEqN7YtLda2OyqItddtdK1WKgxwpinpRyVbJMGTMHHBTdJFwwXqpKomk5XA8
bwrQvh0D1JGCTsoqE9AuraNo0HkgO7WaNsnmAoZbSuv9Ic0D0B6cf2KyHexgnlToBOZiygNa5WCn
ktU6MTcp6fMIfP0MpXaVEOdJo8C6rwYSUKNkJVGIO2PhgtHZDHR2WCFEM6RUcpBWjfbMpjkIKkd7
Rq3AgaaE5oBQGzMdqYDRyVfL1O0vTwFO6H0J/xkvom/Dv6zyBaGg/GyLkgJXMnAfCwy7UYsQjtpg
ZeimrRAjJ/CRrELhV373CBiSXchTu9DBqLO+wNLFtQhrcr551hxndiGjWttbXIdCROWKIum4js8O
xuzszeEpOzp8e3jGdk9Ojg4PTtnJwXv28fj9Pw/ebzPoxM6OodcB+/jm+OiAnbw/3js4PdXWXUCP
H6bjKnaciCLJKXKjI6ZjyMKZIJdM3GidrQG8h9whIt9CXQZ4hJh0swRqL8+ATnDQoE1I713KJpXs
aoYhGA8/BBckuxFkCQRc78qRy4hEYxxjDMGEgF7QbvZGXVCz0SC2hQgxb5CcLegMwqx9t6UB1Ess
yhWplq5oLbduR0lRbinKp7wIwDIGqxScHNDt3CVTo3MU5VtMvQW+uzlfsIcJZHA16ODWdhMT1pWw
UUMZXmOoVdSpjfOVCWrsWPp8qfCQZuR1GrW4JBBErjK2wr+UgBeEPhDq6rqiFUZ7Tc7iRpAk1ZEQ
WtriIp83wVa+rXoMuqrZlTBSoyR5QzfYLSrV047TJrNEkRUwEqqhUuSoni9kGiZzPaYeDPBBI699
7KReINwJzYYCuIMwD8bOb2GwOmtyxi/xoMuyFugYqhlIbdqkpei0cLQVVtuNIGWOoLJPTWKDXe/k
05xfD2j6tmxw3+MLbE3m9RxiLITXgjWnVKAgmTy9R2Kx4qs8lJNYSRZzU8cgK18ojGjAAabLNQRd
u5XYfi4fres05kbo9SR82bkxIQlLdexSRpnDgKaHW9r2ARXKVSB9RO4BdjLBkFAWdEQEk+9IClfU
wWuKn5KeZmTsvMp2kYEp1gsK7pdBfUkPJ5k6AWGsQgSkZrM8lSlmgHtKKBMnlEs8k5CpIEO+TZZI
6qkMLYFok00Z3p51pdQ8QrdaLCsEvs0GRkeAJDwaeFA1yKgQQF57lcfSkgKmkJGkHIseSvTxZWhU
aGnsDeSCoEs7lNyxvZMP2ww3PELHLLpKIlB7yhWk92zhDwj+mLlN2r3KyEviTqevxnYjcFQznsZD
qDllmRAJ0GE1FAwqT8oEvDuGuAp7HWDdUuTgGr0appg81Rgi8eEkO2mS7VWliLUEInWFu4fgxXqR
LQbqfq26eausrkw+i1aemJY3Yiwx4KmUCc+7JfXohFbbN+VLWxo7Ue+kvJjSC1yVrEoXaMS44FMk
AWQCbCsXKWUsWIfiHhU0dl6gnPbSBHrJwhrPRRBlxd6efSBMSyAJyQ7qimEhT6JcDSeLC63xNfOq
HuBbY8K2Wx+KjNadyNZjhjMIIX5b3JIJhXIcJ6HGKErNOCYBLJkDbyqUHUiD/k07cFPbhAsI7ZKQ
niEnwOuSI4YQzcmdl1KkMpWAvpXSUaREyIkE5epUNbV/TEnS/uHp7ivIjyifqjPSIXTYNXpKWjKV
SUKCyqiOVI669caKzpWtRyKop+OmaHvBDCzWVMo6A3dFz5mq5Us5+4DWnJW5DN7KIgwEJrGW0PZm
eV7SDEVTq4mmGicvjtPLrOSXTbSAS9wAQeey4bNOGQ+IyVOXKeFRkze/5EkmJwSIU9+xT0F+jZZf
sMN9tvnpw+H+FsgdzB5w4HhCckmCSegMWqrhikjxR6YfdCpzK7sMrP3Tq6MGvqrvOi3f0WC4nkaJ
A4lXpSJEW95MJakweg34DXBDwk4exzQsPEvi5eC6TqKVQIifg/4szhlNw0hTk/98ouQBeXplV3Wp
poNCcCKVdLPqnYF8Z8zUgisOI0OIco9qlFydLN3UKBm+lq6H4u2m12UirgZtgL5t5kwyd3ee1xmd
DS3DvXQmwLKGtRjb0TvSVAiIH68pOMPL7ylUd14mwjMhS+9ASGCBiNH26bhaMqVZo2ekWtjcD/qS
fByoJR98IOPrqKpjeGA0AfH0Niz129HkBZ72zHij7ng4snoZf1tsrLUZHnWAeJLR+dEKQZxn5KBw
ZR10uUDHj0MPEcnQSTdtaKOpJqUcPAxFSgcmy9qFUtlnaXIBQ2CdTJ4oxTPEp3SmgPRjHE9dnklo
HScH1l9WMiQTsgPkRoPaYMUaSdrhftmhC900Sl5CY3KBtSVTTTk1aQ690xMSwBswkz0DNHFDYCvI
1bRWK0vtpjCV87riCVWzEEyg1JNatMgXddqYjbrBeE99VNiwTByQyiCkkkbCiIueC1ICVWBgi5rI
G6tUB+cdqbiWzTJTUJoFiKw8dLRyemiZAzwnba2pdQz9ZrXzoBPTwR8M5N6qtucM5DaWqGiL+Xyh
JTlhDK5uOcfiEEy5wnnWsFyhjmFKPWer50QCuTk+nRZiqqYU1fyjnGbBs7Mv1ukj/MDXHO8f40FH
AxUUZH6A7utKyAqE04ngOGJJiK8IoDatszoAcbrlvDwMXgrnBlNBoPK5UibIhHCHAcWyTrzZw0l8
0Z3L24bgsJhxMAuBnr1AHJq8FCJGLAqoPQboFzMMhvJpE7tk5OC9uUG166MTbGvIwSG3Id/auDAF
kKQsnzdj3JCqpKsrVnW+eS8aI1Dsj1qPAQOliG4cB6RJT/VSM8GtrQZQT7ojNJz7crxXwURKUlpA
Zy5JwQDwleJnM2s0U43SxRVtJaG8A07CQ7EWURqUxC0gXEyvC7k0g96mmUqRnhfgKe/UxFuOuwtV
nQapNcfNUuoOEyDAUclq3AhNPgMdxTm9MfuJMhdIWrdpku9nBCoDcxu8u0tGRAZm0gU5eJxGaU41
ovmR2+Ko+kcjUtyEgxUDld/4GeUiVf+4QNlFX45L7fISIKIZ2LqMqasRx+z10e6ZbMRSQ+DM2vdq
68a241/TRxXb1nWUFNU2Od3vVaYn11q6kxbtPzyBrFVzirxWWpeCsMIlk+e71UXjd5tKrWhXacip
ABwIRyEtl5UNnwbNCg+ogEzrn70mb0JDUf8eEMqLVct5p2VA+WUn8ctl7i+uwbeVqsgNL7BMKqmg
A+cmT9OUiRz1Q3oBFSjBZKSQpiKpJPiQGRWtO8Z12nWh4oLmyUrEe7SqSct6E8hanr0uErYvQmba
zDTHljN2dPbx8BUzddPADs3S244ADwv387yKduS3ugWuAtKhemhsO4ZvQOjqN1661Gxhs6oOkgU0
gnZDy9UsqcQAl9wwVyXoUECpdG3H0bFlynH6IBI7dCeXA9s29RZO2OLCTnO/uFyoEaIEKypQ4eUO
odZqZBvgdohISoYxx16R1iTIIup0wbX4nf2D17sfjs46NNHCoBqSwgPaqrrvpa87HjZ1UnTqsvH7
/wNHIU9p
===END CRASH DUMP===
