PocketMine-MP Crash Dump Fri Feb 25 11:47:24 WIB 2022

Error: Call to undefined method pocketmine\block\Wall::getPostion()
File: plugins/SkyBlocksPM/src/Vecnavium/SkyBlocksPM/listener/EventListener
Line: 101
Type: Error

THIS CRASH WAS CAUSED BY A PLUGIN
BAD PLUGIN: SkyBlocksPM

Code:
[92]         $userGroup = $pure->getUserDataMgr()->getGroup($event->getPlayer());    					      
[93] 		$border = 130;
[94] 		if($userGroup == "Vip")
[95] 		{
[96] 			$border = 240;
[97] 		}		
[98] 		$xs = (int)$event->getPlayer()->getWorld()->getSpawnLocation()->x + $border;
[99]         $zs = (int)$event->getPlayer()->getWorld()->getSpawnLocation()->z + $border;		
[100]         /* player's current XZ */
[101]         $xp = $event->getBlock()->getPostion()->getFloorX();
[102]         $zp = $event->getBlock()->getPostion()->getFloorZ();		
[103]         /* the magic */
[104]         $x1 = abs($xp);
[105]         $z1= abs($zp);
[106]         $x2 = abs($xs);
[107]         $z2= abs($zs);	
[108]         /* checking if player XZ is greater than spawn XZ+config XZ */
[109]         if($x1 >= $x2)
[110] 		{
[111]            $event->cancel();

Backtrace:
#0 pmsrc/src/event/RegisteredListener(75): Vecnavium\SkyBlocksPM\listener\EventListener->onPlace(object pocketmine\event\block\BlockPlaceEvent#151712)
#1 pmsrc/src/event/Event(62): pocketmine\event\RegisteredListener->callEvent(object pocketmine\event\block\BlockPlaceEvent#151712)
#2 pmsrc/src/world/World(1897): pocketmine\event\Event->call()
#3 pmsrc/src/player/Player(1655): pocketmine\world\World->useItemOn(object pocketmine\math\Vector3#151163, object pocketmine\item\ItemBlock#151042, integer 1, object pocketmine\math\Vector3#151170, object pocketmine\player\Player#100478, true)
#4 pmsrc/src/network/mcpe/handler/InGamePacketHandler(437): pocketmine\player\Player->interactBlock(object pocketmine\math\Vector3#151163, integer 1, object pocketmine\math\Vector3#151170)
#5 pmsrc/src/network/mcpe/handler/InGamePacketHandler(298): pocketmine\network\mcpe\handler\InGamePacketHandler->handleUseItemTransaction(object pocketmine\network\mcpe\protocol\types\inventory\UseItemTransactionData#151076)
#6 plugins/VanillaX-4.0/src/CLADevs/VanillaX/network/InGamePacketHandlerX(223): pocketmine\network\mcpe\handler\InGamePacketHandler->handleInventoryTransaction(object pocketmine\network\mcpe\protocol\InventoryTransactionPacket#151168)
#7 pmsrc/vendor/pocketmine/bedrock-protocol/src/InventoryTransactionPacket(105): CLADevs\VanillaX\network\InGamePacketHandlerX->handleInventoryTransaction(object pocketmine\network\mcpe\protocol\InventoryTransactionPacket#151168)
#8 pmsrc/src/network/mcpe/NetworkSession(397): pocketmine\network\mcpe\protocol\InventoryTransactionPacket->handle(object CLADevs\VanillaX\network\InGamePacketHandlerX#137201)
#9 pmsrc/src/network/mcpe/NetworkSession(360): pocketmine\network\mcpe\NetworkSession->handleDataPacket(object pocketmine\network\mcpe\protocol\InventoryTransactionPacket#151168, string[55] ............@.......................A....p..?...?..Q<.')
#10 pmsrc/src/network/mcpe/raklib/RakLibInterface(192): pocketmine\network\mcpe\NetworkSession->handleEncoded(string[68] c.a21.c`b``.dfb......pN......9....;.o.W./x-h...`..4..M.......3!.....)
#11 pmsrc/vendor/pocketmine/raklib-ipc/src/RakLibToUserThreadMessageReceiver(42): pocketmine\network\mcpe\raklib\RakLibInterface->onPacketReceive(integer 0, string[77] .j.{.of..N..{.kK....=3.+."5.`...*].2..I.f.?....8..0.=...wR...9."[.m...lO31.?])
#12 pmsrc/src/network/mcpe/raklib/RakLibInterface(122): raklib\server\ipc\RakLibToUserThreadMessageReceiver->handle(object pocketmine\network\mcpe\raklib\RakLibInterface#110189)
#13 pmsrc/vendor/pocketmine/snooze/src/SleeperHandler(123): pocketmine\network\mcpe\raklib\RakLibInterface->pocketmine\network\mcpe\raklib\{closure}()
#14 pmsrc/vendor/pocketmine/snooze/src/SleeperHandler(82): pocketmine\snooze\SleeperHandler->processNotifications()
#15 pmsrc/src/Server(1660): pocketmine\snooze\SleeperHandler->sleepUntil(double 1645764444.0812)
#16 pmsrc/src/Server(1046): pocketmine\Server->tickProcessor()
#17 pmsrc/src/PocketMine(304): pocketmine\Server->__construct(object BaseClassLoader#2, object pocketmine\utils\MainLogger#3, string[36] C:\Users\tranthien\Desktop\FoxCraft\, string[44] C:\Users\tranthien\Desktop\FoxCraft\plugins\)
#18 pmsrc/src/PocketMine(327): pocketmine\server()
#19 pmsrc(11): require(string[80] phar://C:/Users/tranthien/Desktop/FoxCraft/PocketMine-MP.phar/src/PocketMine.php)

PocketMine-MP version: 4.2.1 [Protocol 486]
Git commit: 6d6551253173a498128c750c38e719f19880ad49
uname -a: Windows NT tranthien4-8sin 10.0 build 17763 (Windows Server 2016) AMD64
PHP Version: 8.0.13
Zend version: 4.0.13
OS: WINNT, win
Composer libraries: 
- adhocore/json-comment 1.1.2@fc2f76979f0a44a5f5bc2a2b600d0762fe0e78e7
- brick/math 0.9.3@ca57d18f028f84f777b2168cd1911b0dee2343ae
- daverandom/callback-validator unknown@unknown
- fgrosse/phpasn1 v2.4.0@eef488991d53e58e60c9554b09b1201ca5ba9296
- netresearch/jsonmapper v4.0.0@8bbc021a8edb2e4a7ea2f8ad4fa9ec9dce2fcb8d
- pocketmine/bedrock-data 1.6.0+bedrock-1.18.10@e98c511584a7bd58a95986374d2df4b04c6a2ba0
- pocketmine/bedrock-protocol 8.0.0+bedrock-1.18.10@017e57c8f8a74118bcbba7332e7ebac9e6c81693
- pocketmine/binaryutils 0.2.4@5ac7eea91afbad8dc498f5ce34ce6297d5e6ea9a
- pocketmine/callback-validator 1.0.3@64787469766bcaa7e5885242e85c23c25e8c55a2
- pocketmine/classloader 0.2.0@49ea303993efdfb39cd302e2156d50aa78209e78
- pocketmine/color 0.2.0@09be6ea6d76f2e33d6813c39d29c22c46c17e1d2
- pocketmine/errorhandler 0.6.0@dae214a04348b911e8219ebf125ff1c5589cc878
- pocketmine/locale-data 2.4.3@4d0b081f1a79407e087968ea76aaf330db6ea2b5
- pocketmine/log 0.4.0@e6c912c0f9055c81d23108ec2d179b96f404c043
- pocketmine/log-pthreads 0.4.0@61f709e8cf36bcc24e4efe02acded680a1ce23cd
- pocketmine/math 0.4.2@aacc3759a508a69dfa5bc4dfa770ab733c5c94bf
- pocketmine/nbt 0.3.2@3e0d9ef6b6c5fb45e3745a121296e75631b3eefe
- pocketmine/pocketmine-mp 4.2.1@6d6551253173a498128c750c38e719f19880ad49
- pocketmine/raklib 0.14.3@4798576fec0364266dce23b368a7fec5e5de7927
- pocketmine/raklib-ipc 0.1.1@922a6444b0c6c7daaa5aa5a832107e1ec4738aed
- pocketmine/snooze 0.3.1@0ac8fc2a781c419a1f64ebca4d5835028f59e29b
- ramsey/collection 1.2.2@cccc74ee5e328031b15640b51056ee8d3bb66c0a
- ramsey/uuid 4.2.3@fc9bb7fb5388691fd7373cd44dcb4d63bbcf24df
- rhumsaa/uuid unknown@unknown
- symfony/polyfill-ctype v1.24.0@30885182c981ab175d4d034db0f6f469898070ab
- symfony/polyfill-php80 v1.24.0@57b712b08eddb97c762a8caa32c84e037892d2e9
- symfony/polyfill-php81 v1.24.0@5de4ba2d41b15f9bd0e19b2ab9674135813ec98f
- webmozart/assert 1.10.0@6964c76c7804814a842473e0c8fd15bab0f18e25
- webmozart/path-util 2.3.0@d939f7edc24c9a1bb9c0dee5cb05d8e859490725

Loaded plugins:
Alerts 1.0.0 by hachkingtohach1 for API(s) 4.0.0
AlwaysSpawn 2.2.5 by Philip Shilling for API(s) 4.0.0
AuctionHouse 2.0.0-BETA1 by Shock95x for API(s) 4.0.0
BlockGenerator 0.1.0_beta by BlockHorizons, Chris-Prime for API(s) 4.0.0, 3.0.0
BuilderTools 1.3.0-beta2 by CzechPMDevs, VixikHD for API(s) 4.0.0
CraftingTable 1.0.0 by hachkingtohach1 for API(s) 4.0.0
CropGrowth 2.0.1 by NhanAZ, kaidoMC, YTBJero for API(s) 4.0.0
CustomItemLoader 2.3.1 by alvin0319 for API(s) 4.0.0
DEVirion 1.2.5-ALPHA12 by poggit, SOFe for API(s) 4.0.0
DevTools 1.15.0 by PocketMine Team for API(s) 4.0.0
Dungeon 1.0.3 by hachkingtohach1 for API(s) 4.0.0
EconomyAPI 5.7.3-PM4 by onebone for API(s) 4.0.0
EconomyJob 2.0.6 by onebone for API(s) 4.0.0
EnchantedUI 1.0 by ItsRealNise for API(s) 4.0.0
FCCore 1.10.1 by hachkingtohach1 for API(s) 4.0.0
FishingRod 1.0.1 by hachkingtohach1 for API(s) 4.0.0
FormAPI 1.4.0 by jojoe77777/DragonfireHD98 for API(s) 4.0.0
Gems 5.7.3-PM4 by onebone for API(s) 4.0.0
HealAndFeed 2.1.0 by Kylan1940 for API(s) 4.0.0
HealthTag 2.1.2 by Shelly7w7 for API(s) 4.0.0
InvCrashFix 0.0.1 by Muqsit for API(s) 4.0.0
InvSee 2.0.1 by BlockHorizons for API(s) 4.0.0
KeepInventory 1.0.0 by NhanAZ, KhoaGamingVN for API(s) 4.0.0
LaunchableTNT 1.0.1 by Vecnavium for API(s) 4.0.0
MaxEnchants 1.2.4 by Xenophilicy for API(s) 4.0.0
MinePos 1.3.5 by hachkingtohach1 for API(s) 4.0.0
MultiWorld 1.7.0-beta3 by CzechPMDevs, VixikCZ, fuyutsuki, kaliiks for API(s) 4.0.0
MyItem 1.7 by hachkingtohach1 for API(s) 4.0.0
NPC 1.0.0 by hachkingtohach1 for API(s) 4.0.0
Napthe 0.0.2 by hachkingtohach1,tungstenvn for API(s) 4.0.0
Parties 2.0.1 by Didah (@Diduhless) for API(s) 4.0.0
PlayerStats 3.1.9_BETA by hachkingtohach1 for API(s) 4.0.0
PureChat 2.0.0 by Vecnavium, 64FF00 for API(s) 4.0.0
PureEntities 2.0.0 by LeinneSW for API(s) 4.0.0
PurePerms 1.4.5 by Vecnavium , 64FF00 & ProjectInfinity for API(s) 4.0.0
RedstoneCircuit 3.0.1 by tedo0627 for API(s) 4.0.0
Rewards 5.0 by Wertzui123 for API(s) 4.0.0
ScoreBoard 1.0 by hachkingtohach1 for API(s) 4.0.0
Sell 1.0.0 by lenlenlL6 for API(s) 4.0.0
ShopGUI 1.0.0 by hachkingtohach1 for API(s) 4.0.0
SizeUI 1.0 by fernanACM for API(s) 4.0.0
SkyBlocksPM 1.0.1 by Vecnavium for API(s) 4.0.0
Spyglass 1.0.1 by ItsRealNise for API(s) 4.0.0
StackStorage 1.3.0 by Ree-jp for API(s) 4.0.0
VanillaEnchant 1.0.0 by hachkingtohach1 for API(s) 4.0.0
VanillaHopper 2.0.1 by ColinHDev for API(s) 4.0.0
VanillaX 3.0.0 by CLADevs for API(s) 4.0.0
VoteReward 1.1.0 by  for API(s) 4.0.0
WorldProtect 2.3.11 by aliuly for API(s) 4.0.0
_NewAlias 1.4.0 by Javier Leon9966 for API(s) 4.0.0
libEasyUI 1.0.2 by GiantQuartz for API(s) 4.0.0

----------------------REPORT THE DATA BELOW THIS LINE-----------------------

===BEGIN CRASH DUMP===
eNrtfWt32za26F/BUWbdOjOWzLdI96Ynru00nsaJJnaa3I66MiAJSowpkuXDttLV/3733gApknZi
J1Gn/RC3sUQQ2NjvBwjCv42irFjx6u2lKMo4S0f71u6oilditK87lj11LPiZaI5l2rujOpd3TGti
Th3b9DzLdjTDMnZHCS+r46LIitH+b6NqnUOvkbzeHa1EWfIFthzyJGFVxuo0FFGcipCtRLXMQpZn
wYWoVtA0n/sJXMznr6Hv/v5CVLOsrACznYcAKqqT5EmcEKz9+fxVCVjP51XB02oZi3Q+PxLlRZXl
8/mT7Pqw4FE1n+dJvYhT6HZ2sf4eYZez0/m8LIL5/CcRpPwyrleDm0lcViIVxXx+fCnS6pm6nOTL
HJGQCCi4e52RewB1rwXau9OA3OtBBGgJEA3M1nTge8ED+P7v0QON5SuEhf8EDth7KRY4phBhM3Zn
aj/cZ59Iwvi7LJ0lMM1O5r8TQdXjPM3UCoBgUV+C8EC39aluoBQe6DfQoy47jgEY3QLxJvLj7wKQ
rxz1JZgYHUyusiIJ917j7x3d9aa340Ig5PSkUg/MDog84WuQ0Yw+dnTHtgdAaA5QTvwYf1eX4qQS
qxfpbTSAVS1JxaqsMBFn3TF32S0dYwAxnyMgIhS7amBTLE4rsRAF028ddRP8VLu1o6RpPpdEPdA1
zZq6u6wqakH0Wx36U1EBhRd7qyAXe0uehglw4yT9ga/EjCPIp7JtxzKH7O1PM/4OsQd9roim+/Pn
04kmIuzPIcLw3AERaihMBGPnczUYhHNz9Pg7efeV1IFz8EElkIue6hbEB4DzIquyIEvAd4GvBN8U
p6iWWbEmpzYAeMQrTloxdYhYhzW+5yeexknC34zBRxPth88OjsTl5kbLjFsoeLNjGOaXM+CkQf1z
WXAbADmT1AqXiJ4qCUPfMCv2NpD3fBEWcDVuIBIjPgx0R9fQqhWnQJsUqzoY3sas/zK57ocU+rm8
OIOgijObN/zcZ0zc0NbQ8am8eaCbU0PTCXHvvog72scR7/dvUERbUHLcKtN3WVkVcbr4t23/wiad
n8eT238O8Fc+mfzvhP796/9OvpGxUfsQAwp+kcT+3kt+8Sz2T9A9RhiIdc/4HEYcp0EWinBHoe24
v7Bgwg19EvzH/89/JmHkSzzz5/LTw1/fTrLJ68ne9XgJF/+ZTKzJ5FTRY/4PfUga9A8amyRiHOeS
QEnMeYaZ2PmyEDw8ldneSxGI+BIjxR3USYCQI/TZQokKCUhB2mkig9aKajoFUb2b/DbJoskEyPxt
cvEj0vDInPxjMh/ZSOHk779MjMnkZBKRpCbuZKJNHsGXq5fElPno35MVfEtemPrkf3+R5BufKkID
iWwoAVZcos8EHjVkfYRBQ9v7dFaBuDTIdyTq5gclV6ZZ9l4QTWeJELkomjio3xUGPiije4z5LUiy
si7E7zLb0q3PQNAd6pDsCilvrx/gA4EA2Ps8q+IoDjhaeanm7WYIZyQhyO9u+KAPAS7x+lVaxclO
mNV+Ili3PHKbvNi5ZRLNcgaTyDvj76oY0lqJcVYoNKcdCDMacwpjdkzN+gCQt28DIBKyuaD1iN/z
UhxCRVY+y3gIKZ9xay5VAzHg4k95nD7LFmBZD8zWskznF3bvAqsdZVmfMKotyyTd7gfoNobhTVqX
4pYKNju6jvYnfq3jQjQe0dV+YfmSF/t7e4f7e4TTXovSnsJor0GoM+n4dDbBgQNcsPp7OPrl992R
+C8Uun9MjQnIS5BvIeHMkkuxgo4wTwh8C6pRcxdaOnChGUMNEuwZcIupn79B+VP8UGR1zh6xv+Vg
4+PvgAzkNEbp0wVIiVqoz87fhKy8kFJZXz18+C3CmVfNfxIuzOeZMA+2/M3PClBhmEA3tW/xjqXu
xNFOF4FHbD76Kc7nI+SeZ6tOv+GFoy660AxLQpuqe7/jL2xwm4mvS+iGQefhLYjThaw05feznF+B
GUmXg23X7B9MTUcTeV3Gvf8y2O87sBXeUNV1Jtj7O5Pl2DclC+qigCnYm5/Z3/eop95F5ZqEt8FC
lmty4lYh6epJkmVQMzz8loD0FOH9pwH5GYC0eJt9vKulYCu+iIMGW6uHrQ4Tcb/cAbwVInYPEV3d
ft/cdnrDjXZ4qe5Pe8ONZniJGFIHt49fsBTBBbgXFkeKx8jZuGQLiO0QF4EAnrISRQY3/gG+OYoX
HeZ39QBVGCj67hFihnoLgbyjuLrelRTiJ5q1izQQCUri96+LRl8Xjb4uGn1dNPq6aPR10ejrotHX
RaOvi0ZfF42+Lhp9XTT6umj0l1o0ahZWSlxEOQDlqOhbynE7RdOwO2o3YYx0cDgatPC6WmZFifXd
kgdLrDyrDL/pCJTnMd6xqDNci5SDloWjfczTd0chaGMa4mC4V2ZRddRtWHFa6BmAnc8lNs0nrh6B
QkDH2Yuz89cvXj47gqYr4ZdQgeDwqspL4NYVr4JluYyryZUQfrKeBNlqD+vTg+SKr0taw+iRvGnt
0m2A37X7dM+WcRLn7Aw+EsBzW3TnBLZUUOdzThhR4T6fSxvY0H52fvDy/NWsRzkRV1NS8DSDoq5L
Xbe5Tx5gPP7++PxA7xN5tgSV8ezrL6NudAxmna3WB7OT0YbSUsEGGiVeS8QLBNzH8qNiRmKpKPsB
C3FeyfVPRe7gRpdgbQKa/NYXFe/TS0OeZkX8HvwQ3DpcFnE5nhW4v2jIgt2R+SWC7k2l1gVaZG+K
+iP013ECXc+zLOlab6+5b8OA9xhpN/rEH74XwXJ2itky3Pgpvo4vnh5tS68DBJ6vQkrFfYlbhbgB
6X1M72XXi7ha1j5ZcwftvR4o4A25Q7Cjc0S4w5x++1/Ew/WQGlzehy/AFmBvnATFelKuK1FOII3Z
C3m59DNehHuSIVn+Q5FdVcseN9rGoVcY+IPnkN8d/AxtFzwOs9ND+Pb/zr//pyiybXFFzoDUNzjJ
sP4ZiqGQRarrsspWuBKhzKpD+/BWnwPmkAM8uYxTzdS9bRHcAgSaB7jcbLmPPzg6/ikuCP+WyLap
r+kQ08YHz2ZPD/SBJ8ghh4pxnfnsxROxtchGQOfzS0JlPkddld866N0R2MDIh36uberTpttDM95k
P+xc8NW2yGrmx8TwcuDDbiPjFkXdYLbXwkBi63Qh+nJULUOHZf45Dkuh037ZlpPqpAsb2juNXfLt
yXRijmenVp8FWSp8+Lct0hW4+VxILADmfN7D6E6zVL3/mfk3icLGoed1vpygQd51X+LeZX5LnMTs
buLSAJxtJcJXPZF1Wgcq2yfupCpfCp48j8utSawDEojZIHK/aII0PTk8zIpu0qAaBn7mRoz8b1mf
RKf53JbtPYmh9kgXL7OwS/mmceh6/iziW4y637fGhKxY9b1P09In3xoq8rvsXSam+LN3VPAFPmUt
xNMjz90WIzYT4PoD4dR+uY9S/yBW3eBJl3+iO8X55e/7IP8UDPogDZ8I0VXObmvfid7wMz+uE57q
nqVti5AW4HzeQeP+PgYHVctzvhjQI9uG1BjD4lwkyXp6Nd0WNWUDUFJDSNyflpP0EkqWcvkkvu5Q
023tV+A3fMdp/SuA2xYxK4JGTyMDRCCKrz+lqga8z4ToE4INdxRI/QWELZEyWCqQmHwKMT8KkbdP
jTo09dvvKIPb2u/HZcZ/4CtwuT8933bZ18NoC5XfM15j7Ad8zp+fdyjvt98R1Np9KduitrPRpYfI
4PI+oj3l1yq76fr1buuw5hu49jcizWjRMVhvi7wOSBRhi0rv4l7EQUk0y3qEqZbhgpb956QhCp32
yxcvS5/WSRXTjpwu0ZvGPt1TtZBn3rmQd/gzvaa4rquyvohpASeJ44vyD1neWyG+andRD/cvWdrr
AEI+rXFRpMsj2TDgz5+kFYRL87mtpPT57LBDL179RdYtAZVP89Qf1P7nPK+W3aCrGoaJg/FRQner
Ol3g1rzL9I+jmRBrPu/jy2a8qGLR9WVNyx0pxVEc8iXbeQyf9TIRZflwW1SFDcT5PJe4zOcbpD7V
WFv8iFraOXdW8V5Y6rZ2qTYhufXe4vOnP0eDO3j1Lr5YoWd1IQ6XvOryoGm68QDuQ0nH7sixnjzR
Pq1ooXlmoliVN5d+Rk/kpqFyVmQA/Q14nqwuZ8fjpr3zlO6tnBvYovDefLuX1kPf47SKh6rfbb6D
Ec9EnKbi7PW2pJ8QPFB5wEEoHCRRHYw+bQG3QXGvB0WRL4XQp122DRcT7A9oANtlUgrs/zAQGe5+
OEmjOI2rraVsPTETdp2v9xH0SxGWFdT0h3ER1HFX4Yd3+oZ/w91VIsw0x9haUdvAm88LhUggEcGt
3EPM7kHmFcTjskeebOmvogx0+LUoqvd1rBvmtsjaQEQ6CIXPLpc2sPYUKHJeZ0FWiO8x/+iQ22n8
6JLuf8t1b/Dpfv9ix30mkqRLNV7ekW4lIsX/nzl/xBp9Cxw3DSUJbpkijO5U2LNllv/QW5VvWv4i
2aNCp/2yrXT5LH4v+nTLho9qbSSKlKcHh6fbIrcFCPTR/PLzM4x0gxoS13kNrkNh7+W4P21Jo/fu
Th+nu9U1Xy9wt1+XqqbpDpL+6IdIDR73XxGFHDK4OKuygt6+3BDUbb6xM6dP1Eshxu/ybdEDCc/b
dzm4EMSglBgAYR18ZvJFy09XT4noGPc1BrQHUUElIoEXave9Wv3pcGNw4y/ilfpYDa+35aMU1KdZ
nvc2pfTb76gPD7MkTp8eicttMaMF2JItERlcfs56Tovqhvg3N+l+cyNHHGiBeqdjawTffEWkg8md
Zv5TVgmZN3VJ2TQOHhgPiNmaaUc8oZ2DlzDz/X0UrahBUVHhi9Yb9HvNN7ZE3dgTFdfJensbohCa
ej0xlygM6blnXXZax0UUiyTsbM0fN++bVeAN91Yc3+Xc65ELXHn7XFwdJDHvxqFN2x0Pgf8JcVAU
7JnIUs9znG3xRYJtoOJGaMBFfXyGLfbB7Ukwv+NL+f4xL9e91GnTNnTPg5W4H2Lwjv+qOdQT2yJb
TjyftwjcodJ4lgAvAG+Q62DfV7MZnlC5rkRa0mIH0Cl3eoxc9K64mO4H+HZmtyXgkH+HMLbblq3e
hlkFfr3Xqo5f2DTURdK9DnnVux/FSSV6gBervHu5hKDRvY6hZLjsNrwrSSDt9cqX7w302rKiavc+
o9ggCUCCwm6nPOjz4aWIEkFrQt3Wkjha9ptCTCY7LWezZ73p1+WvSYqTqW+svVVlFyKFpLjHgutr
RTWii/5mzVeJ2omPl+/jXLpTj5ZN3oOKdofD5fWqz/UM0TM0zdR1w4OG2dGLHulh9pZQGzZCU9wX
WAZaWpa9jmfxKk/Em9MezQMM4BLfmRrQuUquingg/7yit6uQw81e89lyoHvLOr2g114MYpLcqBov
/Djl+IwXwqZBe8gScQkO0FedEBRkJHmVqQZDMisEQUu11FSE2njMt5u5OvfxKJA4jbKe3oY3RB73
tIRYaXabCgHmgXa4qKUuNvB/BnNjL2YB5GMd5qN1L3M1L85IO+a7pXrP3NGUeSk2x4gCP6X+0Bb0
0b6h2RawrXwLudpoH0JoCX6pedVytG+5DsyBy1kjJ3RsWzdsU5+a3PJc3XCDqa0Fpiumuhfpnutq
PLRQs+omiMZpmF2V7Pk5a1/WscZuGadMB6kywoHp06ljsp2ms3wXihma7jxkB6dHDj6vxRM+O0x7
L8iSrFZflvlbfEw6en3ynB4b08UVRUxwUnlWiuItSLnghVqH5eEyw9WSPXQdY+ijTlzB/MR4HAVG
NHW8qRdp3LK4Hdl+YHDDdzQt1KaOEQlNTIFu5GMRBxd7yltqE29iPg64PQ11N9IMN3KtaDqd+obu
uEGoe7rua6EQhmmZXJArBFrBDUE8wkMMfCgZxpeQAITyVQ7g5EWaXaWP1Seq3aLIylLsAcm8TPEk
iksDQ/BjISLLdT1PD21T2K5wtMCzbcvXPF8HZgJSPvcMD00CHHYhSsGLYEn0r7jMv0eXZG2PXd8P
NEPnrgh9Q1h8KrgRuSDciHsi8MJAGFHgu2HPStpXtwF3Tpx0Jto/mkbgqzvRAUvPDWxdt12A6oe2
yz3bcx1zaoVGGAGyVuAAn7l2O+iNYpIu3ASv6VNhTwPgO59auu76ge/zqWkaYiqAuZ5wAld3PHMA
nnzGxsCBoY9tHkyF4J7OI5+HbhiAykd2IEwrEI7hTUNbOHCb9yHdKkTaofzYsabu1AKlchw/4MBT
23VtwzKEaweGGRi2AM7Y9E5KFyBW3InatE+oaY8tT3BTMz3PFFEY+aYXhKZmCEO3ndDWALRraB7o
5wBSlmQbGKAViL8TTp3IEKYZOq5uBqYXGl5gGIHlBMBJPRxgQycsqXMECBSI+HHIYWqLa5ZpuT5o
uHAN3RN+BL4iinSgyfWCwB2ik2SYUTTKgipsPrZCzddcPdL51LO0qdDcqee4gk8dziPT1EIfUDZ8
ewhpQbiQETiBpxuBFnmabYOoQ8PUNVcERqhPPd9zIgs0DDC9AWHcCTkSlKNHU2CjG0QmCCwwLGEJ
sHuDB6EAbmlcBzMwg4ERtI4A/OxjzoPAnNoetzWXO14YgQ0GFnxMpxr3QS0DO/AsP+qDSP2qiU2P
TaGFnogc3wnsyLdsAZZic92ACO6Iqe2Yum+C4Ys+hE6yT4kU+fzHn+DAb7wjLuMSyWjquTYojQg0
07EMx0FvYPqmAxYHjbawQzH1jOltUPBN8yajeewZBsdXbn0tcIJpyDm38X/XNHQQvS4Ca2q6XAz4
K9/pbSL+Y42DrYNrnrp6YOke1yPHEmBeFrgW00YHbHvC8HAPN6TEpVijGWwyOtwOZDwO4GdqCQHc
NVxIj3wwJEvzbV2zHSHc0PR9xwk0vgFS13Go+GpCsPB8fxr5tum6jqdH4dScgl5YVhj4VujA6CAy
QOo4fFmvSs6b8Te9e7leRVm6Bgkma0gwknGTTF8CqqiVpgZeQ3eNAOTHfX1qh2A0phX6WgTK7Xiu
52qoXLfBgpDhah1Y9tSf6gZYnAhD35sGENi4C67JNALXEpo5dT0jNIT3IVh6F1YoLJ8boYXcizw/
1ITu+QYHmwNHbNrgXSByuJEsVlbZeyiR9sC1iaJqtpGDyXmOBVgEU1ezXHAprmWAEggNZBzqEL6A
SN0Vht0DkoPFjdF3q+IcHJJnetFUhGCzAaiE73sBBl078DU7dMHfepanTQEM1Uqtbk3WlK4+YFhq
M3lCVF3Qe+cMkz0WZQXrZVfz9AE7X0IkZaWo8FW1kvFC0FlZWSpKPHOqYgFP06xivmBxGiQ1OA/4
wuSbzxMIaBB56QkswDrLVjAyQgBDmCWPxC7L4E5RIkjmg7e6YOusLhQsPPlqBVUI1Ps4AyQ3eHZc
skbAULm34PYg1eV1UpXsKku/qRjGfl4wKGIzcF4xRrA1YgjZWinpvlqKlNX5ouAhAJjM03naANuf
p4w9eL0UiBierFdi1oqn7MkCrKTEr8TUOpS3CVXp/BnwMxEV8QuXCgPBZGzBlhVCBo4HYpxwTI4X
Yp9Rfoo3ymVdQbaYjtXZfvtsPlKJ47zWdF2H35ow2cVyXusijOK2Ga68dMES/Mb1+H/mIyLhIEmy
K4YHbeEhYmqJhF3GnP2rFsUa+/yKX5rVk306c4mGHlNRr8YwIIBhYslAtMA9hOavmeI59pdrAOP2
doeqB6/BtEB1QAA8DBnkaFJOyH88X4CtBMfjFzBXxbPNfIFIAxfFrzWngw0X8SX0heSjFmxHTQqp
9EOELmcU40LkUAqPQT54UMA+3Ka5n9crH9gH6ndQrtPgnJcXDM+AAIWbUIdXJcgQbaChFLstiyzN
ahAzdC93Ga1ZMVmUoOHsMky/C3naCfEGDBfbVnWqznSQwM9ID4AmUMciu45BFQWwAUgiFU9b5JC3
CqGTCJUa+6Dy7rK4+gaPdyxoWChwLYt0azCY7QANNRiYQWwhMsaK0n0CNVRqTspR1GmK4gyxoMxy
EgJVMOWEHYlL9Z2t4sUSrB63XO92rVQpDnKkKOq8kq2SYciYFeCm6CLhgvVSVRJKy+GXWRwC2rdj
gDqCOgelQQzaNekoGnQey06tps3TlYDp1tJ6f0gyH7QH15+YbAc7WMUVOoGVWHCfFu/ZmWS1RsyN
S3pHF4efo9SuYuI8aRRY99VYAmqUrCQK8V0Q+MLo8DYEExVCNFNKJQdp1WjPbJGBoLJLOrgvLnGi
BaE5JtT2mYZUwOzkq2Xq9penABf0Pob/khfhl+FfVllOKCg/26KkwJUM3EeOYTdsEcJZG6x0zbAU
YuQEXpNVKPzKb7aAIdkFoYQeozkFEyxdXIugJuebSZSlRWJUa3uL60CIsNxQJB3Xi/PjfXb+9OSM
PTs5PTlnB7PZs5PjMzY7fslev3j54/HLXQad2PkL6HXMXj998eyYzV6+ODw+O5sMXUCPH4btKHbM
RBFnFLnREZdIIB052XCjdbY68B5yh5B8C3UZgysU0s0SqMMsBTrBQYM2Ib0fUjapZFdLDMHAE3RB
shtBlkDA9W4cuYxINMcLjCGYENCAyc3eqAtqNRrElosA8wbJWURXylWObWkA9RJ5uSHV1BSt5cPb
UVKUm4ryBS98sIzxJgUnB3Q7d8nUEB01iqlR4LtXPK0pS+liAhlcDTr4cLeJCUMlbNRQhtcIapWq
VMeatiY4YS+kz5cKD2lGVidhi0sMQeQqZRv8Swk4J/SBUEfTFK0w2xNyFjeCJKmOhNDSFhXZqgm2
crTqMe6qZlfCSI2S5A3dYLeoVE87zprMEkVWZHTSSqPIYb3KZRomcz2mbozxRiOvI+ykBhDuhGZD
AVxBmAdj57cwGII2BD6Y4RKUrCxrgY6hWoLUFk1aik4LZ9tgtdsIUuYIKvucSGyw6wf5tOLXY1q+
LRvcD3mOrfGqXkGMTfHcYQBe4dmtKMjm9FjCYsNXtBfFSrKYmzoGWXmuMKIJx5gu1xB0rVZiR5m8
NdRpzI3Q60n4snNjQhKW6tiljDKHMS0Pt7QdASqUq0D6iNwD7GSCIaHkdAYbk2MkhRvqYJjip6Sn
mRk7b7JdZGCC9YKC+3FQH9PDeaoOGdtXIQJSs2WWyBTTx31plIkTyiWeJcpUkCHfJkskdVeGFl+0
yaYMbw+6UmpuoVst1hUC32VjvSNAEh5NPK4aZFQIIK+9yWPpkQKmkKGkHIseSvRxMDQqtCbsKeSC
dK41JnfscPZql+EGceiYhldxCGpPuYL0ni38McHfZ06Tdm8y8pK40+k7YQchOKolT6I9qDllmRAK
0GE1FUzKcP0QFaxjiJuw1wHWLUWOr9GrYYrJkwlDJF7N0lmTbG8qRawlECl80o8D6zzNx+p6UN2c
Kqsr4/eilSem5Y0YSwx4KmWCtF2qRye0Wp4hBz2csJkak/Bi0RzvXLVphi9njAq+QBJAJsC2Mk8o
Y8E6dAXIo7HzAuV0mMTQSxbWePKYKCt2ev6KMC2BJCTbryuGhTyJcjOdLC4mja9ZVfUYR+0Ttt36
UKT03IlsPWKnzT6hlkwolKMoDiaMotSSYxLA4hXwpkLZgTToT8KBm9olXEBol4T0EjkBXpccMYRo
Tu68lCKVqQT0rZSOIiVCLiQoV6eqqaMXlCQdnZwdfA/5EeVTdUo6hA4bj8wv6JGpTBJiVEZ1Wn3Y
rTc2dG5sPRR+vdhvirbv8EBgkIRMWZfgrug+U7V8KVcf0JrTMpPBW1mEjsAk1hLa4TLLSlqhaGo1
0VTj5MVxeZmV/LKJFvAVN0DQqcZ4r1PGA2L0VF4mbWrx5l0Wp3JBgDj1DXvjZ9do+QU7OWI7b16d
HD0EuYPZAw7Q/wrEhoLB9wnAOLCGK0LFH5l+gDVkG9mlYO1vvn/WwFf1XaflG5oMn6dR4kDiVakI
0ZY1S0kqjF4DfmPckPAoiyKaFu7F0Xp8XcfhRiDEz3F/FeeclmGkqcm/Pih5QJ5e2VVdquWggI5V
J4tXY8ZyzD5TD1xxGhlClHtUs2AM5OmirVFSHJYMQ/Fu0+syFlfjNkDftnImmXuwymr0HpGMdcqZ
AMsa1mJsR+9ISyEgfvxOwRkGv6RQ3RlMhKdClt6+kMB8EaHt01l0ZErLRs9ItbC5H/Ql+ThRSz74
QMaHqKqTLmE2AfH0Niy129HkBUAKGW/UHZBtBuNni405WOGhs9jRzso4lDED6eEgU1C4sva7XFhg
EIUeIpShky7a0EZLTUo5eBCIRFClINWbZk3iC5gC62TyRAkH0hd0sJX0YzAFZ0sJrePkwPrLSoZk
QnaM3GhQG29YI0k7OSo7dKGbRslLaEw+YG3JVEtOTZpDY3pCAnhjZrAHgCZud20FuVnWamU5uSlM
5byueEzVLAQTKPWkFuVZXieN2agLjPfUR4UN08AJqQxCKmkmjLjouSAlUAUGtqiFvH2V6uC6IxXX
sllmCkqz8CTF1kOHG6eHljnGo4cHTa1j6DernQedmA7+YCz3VrU9lyC3fYnKJF+t8kmcEcbg6tYr
LA7BlCtcZw3KDeoYptR9trlPJJCb44tFIRZqSVGtP8plFvw7CxdD+gg/8DUvjl7gUaJjFRRkfoDu
60rICoSDkV/RjCUhviGA2iadpwMQp1vO1znuYZLCucFUEKi8r5QJMiHcYUCxrBNvDnERX3TX8nYh
OORLDmYh0LMXiEOTl0LEiEQBtccY/WKKwVDebWKXjBy8tzaodn10gm0NOTjkNuRbGxemAJKU5f1m
jhtSlXR1xVrFq00EUdEYgWJ/+ks7pXxugm4cJ6RFTzWoWeCebCZQd7ozNJz7eLxXwURKUlpAZy1J
wQDwleJns2q0VI3SxRVtJaG8Ay7CQ7EWUhoURy0gfJheF/LRDHqbZilFel6Ap7xTE2857i5UdRqk
1hw3S6krTIAARyWr/UZo8h7oKK7p7bN/U+YCSesuLfL9gkBlYG6Dd/eREZGBmXRBDh6XUZqjNWl9
5LY4Sv6ZyseSKgYqv/Gl8zwRKgnooi/npXap6A9KgWZgaZa8bGcEmuRu4reIkXwvnnpg3SFwme1b
tY9j1/au6Y20XfM6jItqlzzwtyrtkw9euisY0qIx6gGf1QIjr5UKJiC5YM3kccp10Tjhpmwr2kc2
5GEATo5/lSRsoyKAGDePe0AfZI7/4Am5FpqK+veAUJKsWt52WsaUbHaywEwWAuIaHF2pKt7ggl49
o+oOPJ0fQ7Wyllkd9aO/bpOChicybEi7kVQSfEiTitY340PboYTx6eZsI+9D+Udw8KHQHFIYwKxm
T4TPDIvp9r5m7usme33yPTM0w8AOzXO4RwLcLVyvsip8dFYXlzFkAdggJxyj8T3SPd00Bo2XDjWb
2KyqhTiHRtB2aLlaxpUY4yO4RxqBh3JKJW+PbGpZcFxMCIW8Lx8Otm2Q72IrLt/iY57mOr/MFfww
xvoKFHr9iBBr9bMNd4+ISkqNMeN+FCzpMaKHK7DyGwc1XW16ocZ3BuGz+kdHx08OXj0779BIDw4V
EhQ+0JbVdS+9feRiUyeFpy6j3/8/5RiILQ==
===END CRASH DUMP===
