PocketMine-MP Crash Dump Fri Dec 24 22:00:11 WIB 2021

Error: Call to undefined method pocketmine\player\Player::removeWindow()
File: plugins/MyItem/src/hachkingtohach1/MyItem/MyItem
Line: 296
Type: Error

THIS CRASH WAS CAUSED BY A PLUGIN
BAD PLUGIN: MyItem

Code:
[287] 					$this->openMenuItems($player);
[288] 					$action->setCancelled();
[289]             	break;
[290]             	case TextFormat::RED."Reverse Page":
[291] 					if($this->pageDataPlayer[$player->getName()] > 0){
[292] 						$this->pageDataPlayer[$player->getName()] -= 1;
[293] 					}else{
[294] 						//$player->getWorld()->broadcastLevelEvent($player, LevelEventPacket::EVENT_SOUND_ENDERMAN_TELEPORT, mt_rand());
[295] 					}
[296] 					$player->removeWindow($menu);
[297] 					$this->openMenuItems($player);
[298] 					$action->setCancelled();
[299]             	break;				
[300] 			}
[301] 		});
[302] 		$menu->send($player, function() use ($menu, $player) : void{
[303] 		    $count = 0;
[304] 		    $page = 1;
[305] 		    $items = [];
[306] 		    if(!empty($this->getAllItems())){

Backtrace:
#0 plugins/MyItem/src/skymin/InventoryLib/LibInventory(124): hachkingtohach1\MyItem\MyItem->hachkingtohach1\MyItem\{closure}(object skymin\InventoryLib\InvLibAction#118767)
#1 plugins/MyItem/src/skymin/InventoryLib/InvLibManager(52): skymin\InventoryLib\LibInventory->onActionSenssor(object skymin\InventoryLib\InvLibAction#118767)
#2 (): skymin\InventoryLib\LibInventory->skymin\InventoryLib\{closure}()
#3 plugins/MyItem/src/skymin/InventoryLib/InvLibManager(57): Closure->call(object skymin\InventoryLib\LibInventory#117646)
#4 pmsrc/src/event/RegisteredListener(75): skymin\InventoryLib\InvLibManager::skymin\InventoryLib\{closure}(object pocketmine\event\inventory\InventoryTransactionEvent#118800)
#5 pmsrc/src/event/Event(62): pocketmine\event\RegisteredListener->callEvent(object pocketmine\event\inventory\InventoryTransactionEvent#118800)
#6 pmsrc/src/inventory/transaction/InventoryTransaction(294): pocketmine\event\Event->call()
#7 pmsrc/src/inventory/transaction/InventoryTransaction(312): pocketmine\inventory\transaction\InventoryTransaction->callExecuteEvent()
#8 pmsrc/src/network/mcpe/handler/InGamePacketHandler(320): pocketmine\inventory\transaction\InventoryTransaction->execute()
#9 pmsrc/src/network/mcpe/handler/InGamePacketHandler(217): pocketmine\network\mcpe\handler\InGamePacketHandler->handleNormalTransaction(object pocketmine\network\mcpe\protocol\types\inventory\NormalTransactionData#118706)
#10 pmsrc/vendor/pocketmine/bedrock-protocol/src/InventoryTransactionPacket(114): pocketmine\network\mcpe\handler\InGamePacketHandler->handleInventoryTransaction(object pocketmine\network\mcpe\protocol\InventoryTransactionPacket#118679)
#11 pmsrc/src/network/mcpe/NetworkSession(395): pocketmine\network\mcpe\protocol\InventoryTransactionPacket->handle(object pocketmine\network\mcpe\handler\InGamePacketHandler#117210)
#12 pmsrc/src/network/mcpe/NetworkSession(358): pocketmine\network\mcpe\NetworkSession->handleDataPacket(object pocketmine\network\mcpe\protocol\InventoryTransactionPacket#118679, string[219] .............._.........display...Lore.........a1/..c1....eClick to reverse!...N)
#13 pmsrc/src/network/mcpe/raklib/RakLibInterface(192): pocketmine\network\mcpe\NetworkSession->handleEncoded(string[104] ..(......p........g.b`.bgH.,..I..da../J.`.Jr2.Z.h..hy...........P..P.Z.ZT.......)
#14 pmsrc/vendor/pocketmine/raklib-ipc/src/RakLibToUserThreadMessageReceiver(42): pocketmine\network\mcpe\raklib\RakLibInterface->onPacketReceive(integer 0, string[113] .......e..GN.L.&W.?...\@B|Q..*.8b.vO..-.R..p.P.....V...V.N...$.e.^;.Tb&.F.i... .)
#15 pmsrc/src/network/mcpe/raklib/RakLibInterface(122): raklib\server\ipc\RakLibToUserThreadMessageReceiver->handle(object pocketmine\network\mcpe\raklib\RakLibInterface#24924)
#16 pmsrc/vendor/pocketmine/snooze/src/SleeperHandler(123): pocketmine\network\mcpe\raklib\RakLibInterface->pocketmine\network\mcpe\raklib\{closure}()
#17 pmsrc/vendor/pocketmine/snooze/src/SleeperHandler(82): pocketmine\snooze\SleeperHandler->processNotifications()
#18 pmsrc/src/Server(1645): pocketmine\snooze\SleeperHandler->sleepUntil(double 1640358010.7211)
#19 pmsrc/src/Server(1034): pocketmine\Server->tickProcessor()
#20 pmsrc/src/PocketMine(301): pocketmine\Server->__construct(object BaseClassLoader#2, object pocketmine\utils\MainLogger#3, string[12] D:\FoxCraft\, string[20] D:\FoxCraft\plugins\)
#21 pmsrc/src/PocketMine(324): pocketmine\server()
#22 pmsrc(11): require(string[56] phar://D:/FoxCraft/PocketMine-MP.phar/src/PocketMine.php)

PocketMine-MP version: 4.0.0 [Protocol 475]
Git commit: 468faa464b2bc5c97f23fafbb71ea61035f6f218
uname -a: Windows NT DESKTOP-BVRHES0 10.0 build 19042 (Windows 10) AMD64
PHP Version: 8.0.13
Zend version: 4.0.13
OS: WINNT, win
Composer libraries: 
- adhocore/json-comment 1.1.2@fc2f76979f0a44a5f5bc2a2b600d0762fe0e78e7
- brick/math 0.9.3@ca57d18f028f84f777b2168cd1911b0dee2343ae
- daverandom/callback-validator unknown@unknown
- fgrosse/phpasn1 v2.3.0@20299033c35f4300eb656e7e8e88cf52d1d6694e
- netresearch/jsonmapper v4.0.0@8bbc021a8edb2e4a7ea2f8ad4fa9ec9dce2fcb8d
- pocketmine/bedrock-data 1.5.0+bedrock-1.18.0@482c679aa5ed0b81c088c2b1ff0b8110a94c8a6c
- pocketmine/bedrock-protocol 7.0.0+bedrock-1.18.0@040a883a4abb8c9b93114d5278cb5fecc635da82
- pocketmine/binaryutils 0.2.2@f883e1cf9099ed6a757a10a2f75b3333eeb2cdf9
- pocketmine/callback-validator 1.0.3@64787469766bcaa7e5885242e85c23c25e8c55a2
- pocketmine/classloader 0.2.0@49ea303993efdfb39cd302e2156d50aa78209e78
- pocketmine/color 0.2.0@09be6ea6d76f2e33d6813c39d29c22c46c17e1d2
- pocketmine/errorhandler 0.3.0@ec742b209e8056bbe855069c4eff94c9734ea19b
- pocketmine/locale-data 2.0.20@a6e4eb22587e0014f6d658732cf633262723f8d3
- pocketmine/log 0.4.0@e6c912c0f9055c81d23108ec2d179b96f404c043
- pocketmine/log-pthreads 0.4.0@61f709e8cf36bcc24e4efe02acded680a1ce23cd
- pocketmine/math 0.4.0@6d64e2555bd2e95ed024574f75d1cefc135c89fc
- pocketmine/nbt 0.3.0@98c4a04b55a915e18f83d3b0c9beb24a71abcd31
- pocketmine/pocketmine-mp 4.0.0@468faa464b2bc5c97f23fafbb71ea61035f6f218
- pocketmine/raklib 0.14.2@e3a861187470e1facc6625040128f447ebbcbaec
- pocketmine/raklib-ipc 0.1.1@922a6444b0c6c7daaa5aa5a832107e1ec4738aed
- pocketmine/snooze 0.3.1@0ac8fc2a781c419a1f64ebca4d5835028f59e29b
- ramsey/collection 1.2.2@cccc74ee5e328031b15640b51056ee8d3bb66c0a
- ramsey/uuid 4.2.3@fc9bb7fb5388691fd7373cd44dcb4d63bbcf24df
- rhumsaa/uuid unknown@unknown
- symfony/polyfill-ctype v1.23.0@46cd95797e9df938fdd2b03693b5fca5e64b01ce
- symfony/polyfill-php80 v1.23.1@1100343ed1a92e3a38f9ae122fc0eb21602547be
- symfony/polyfill-php81 v1.23.0@e66119f3de95efc359483f810c4c3e6436279436
- webmozart/assert 1.10.0@6964c76c7804814a842473e0c8fd15bab0f18e25
- webmozart/path-util 2.3.0@d939f7edc24c9a1bb9c0dee5cb05d8e859490725

Loaded plugins:
BuilderTools 1.3.0-beta2 by CzechPMDevs, VixikHD for API(s) 4.0.0
DevTools 1.15.0 by PocketMine Team for API(s) 4.0.0
ExtendedBlocksConverter 1.0.0 by JavierLeon9966 for API(s) 4.0.0
KeepInventory 1.0.0 by NhanAZ, KhoaGamingVN for API(s) 4.0.0
MaxEnchants 1.2.2 by Xenophilicy for API(s) 4.0.0
MultiWorld 1.7.0-beta3 by CzechPMDevs, VixikCZ, fuyutsuki, kaliiks for API(s) 4.0.0
MyItem 1.4.5 by hachkingtohach1 for API(s) 4.0.0
Netherite 2.0 by Wertzui123 for API(s) 4.0.0
PlayerStats 3.1.9_BETA by hachkingtohach1 for API(s) 4.0.0
PurePerms 1.4.4 by Vecnavium , 64FF00 & ProjectInfinity for API(s) 4.0.0

----------------------REPORT THE DATA BELOW THIS LINE-----------------------

===BEGIN CRASH DUMP===
eNrtXHtb20a6/yqzpM+W7MGybpYl96EnCZBttgRYIE2f1j2ckTSytciSqwvg9PS7n987M5JlA0ma
5lz+CG2CNZd33vtt5Py2kxTlgtdXN6Ks0iLfmbh7O3W6EDsTy3NNZ+SblmW4YzMIMNEs1dR4bIxs
P7BN3/cD0xx7ezsZr+qjsizKnclvO/VqiVU76nlvZyGqis9o5IBnGasL1uSxSNJcxGwh6nkRs2UR
XYt6gaHpdJnxlSin0zP5ezIpxaK4EW/TPC5ud58CXtJk2cs0I4CHk+n0ZXF3UPKkpp3NLM2r6fT1
6lUtFtNpVUbT6ZxH8+s0n9UFfbLWs+q3sZwvCagCqEEM1dwQAIZb+9sp9Qs7M2C9M7EDcKEueYTP
P+88MdkDkKrrFUgcvspvRF4X5eo4DYf40z3vWrb7dMI+gPDg20cX/BZlRdWU4vfdIvyXiGqmTpxO
+0fKJ/x+HtWQ+BPL8sfemPj6xPpYpBWA1zyHWMvdkQ2kHz6pT93g2yJXZ16IvKqK8tOQtNnuRx73
8Jo1jyQ45xNpHgOJAwVp8G0EvX4/NX3MQM3Ycz15vMuWC3ki/giaH56LWVrVohTxMf3Ocdh49CjF
G1hNJh8iWePYNzd56nSatjt6my9LnldcSuCIhkgMvmlKxEf3EJdLdj1Shgfg3ydLsU3t+nx4eT28
ur3Der1j+BCYXTtwH8ZbHqAlLA8Yf9oBjrXNmB5lvd0Pk6l5dSeiphaKZRIZv4dMLurborweLqKl
gNPK40yUwOXvfCHOOB37nRrbdWzzT6EiFBoKg+BTMLCt8RYGeut0SnvJZ8uFhMG93eT/6MMJRa6s
z+MHtGgL7rIs6iIqMtCJGFVtUH4P3iGvufQ8prJVy9S0YktclMP1OcNQxCWeBi18yY6HuKco2bUs
988z4EE9+yM8eBxBItsbB4ps6zERn6iHC8R3qeLB6P1EfczJLXEfQcj7eEQ+1raUS7DsjyVg5L+f
gM31LaqkJ1qun5X7e6yqS4T5n20r+IUZGz9X3ac4rShjwqfjohTdMLeGhhFZ9FEcZGl0TXlXKSjP
E3/B4IlijfMYa0p+nSHqnfNrGbrguRPkNrtWYH8Ki47yqIhFvKsJskyXCNpVqC5bnGdG+J9GOPvO
2DOMV6CMG8bwH8Z/Gv8obeMnY24Y81WPBWf0/0/GT5f6WRHkPmqjiqJBulTUKsouizeVKC/npeDx
a5WnnotIpODTrvsBUhVAhLZNHlGeo+SoIe2mmEJ4ZmYnUctyOolCZn8/MY6Nv741/h2P0+mzF//1
T8P4m+GHxs2pYQyMc+LRmVz8g/xzgr+/wsb/+Ma4DP9qvDRSDDDNgdEfFalNdLbEgBs3ZFNgU0vZ
e3j0B6z1EW49sd0AWa/E3HtUdlVeFO+EJOkiE2IpyjaUWLbziVL6iD1buaI1/gQE/W0tUkun0811
wAcRBNw9Keo0SSNO7qDS5/bD/IUU0C7Ks9FHAq7o+U1ep9luXDRhJlhX25kGvKSlDgkeOMR0tuOU
mhl8W8OlnCmMkcmrzNzsQTiTe15jz65jWo8AubqKQGRdNlHnOl/wCv6KV9VxwWP4cXuPPaBbDYih
Oo+n+XExg209cda2Zf/CNuvCtSM1t6e6klFRYD1Cgb3NBmUmmm4dXxDVyZDEr01aitbVjbxf2HLO
y8lweDgZtgf3gA9enxm0YOtMKkuf7vzy+96O+N8qq/98BQxs1fYr5FVFdiMWiHCAGYMhUb3TzmKk
20txgYiz/TGGp3X731f1PK3gSpcify3yhlZXu18pIp5+g422729uaNPTStQHPI9EliHg6KUBlrLe
z7QO4c2u5WRg3puMoITsUtzVL2V3ZDI5Pzo0pjvnKnyyM7B9ik202dpAIk12NeJLrJGJgcT4Z435
4NuZqE+QrOw+/YV9y8ynv0kg9gaQjviPgDHYZ5aiwtmA8bvIKqGAu1vAh8M+oLdFmYFNg2/DEgYH
wutjUKnLMr1wj63HVGSbTI5+ODq5vLo4fXNyeHV0cnh0/vr5ydXl0fHR2en55R5b1FfIagBYCSAY
bWInx7xN+bVIbSjmV9CgRsP4owoSfLyCBI8pSLsZixzT7OD9Lp9b2f8ugThmK0aJNJ0DBnQsTJpc
ZehPWQMdUpTtsRZjNmE3RRr/JgG1siRMvoqKJq/ZPjPVIW5/jjSEaRVwzFF/KiWGYO7nX9Sk15uE
mv5FLJb1qtVWKMLzLFM8fPoUWvn7l2bWl2bWl2bWl2bWl2bWl2bWl2bWl2bWl2bWl2bWl2bWl2bW
l2bWl2bWpzaz2v5PRQ2fF02agSeXRZHJ55zTqyWbw3s73XspO5bhGOYgFDW3Mc6bel6UFZWnB+9E
ND97fShuaMMP6V16/d0hHcaXKc27hmmY9CxyDn2JdyaQkdjbiaFXeUwgMFcVSX3YH1hw2aeKCPhy
EQP4dBoq3GrCbTrdwjSDiLHh7PTi8u3p+fEhhm5FWKEMx+i8rpcVuDZL63kTGlGxGPbQHm6AQumN
wW2+dEObPLFGoG2DHWuus0vBF5+LEe3502kPE03zxeXz88s3Zx+ieI3ZsIMBYo/uUEEhnr7IMF8d
FMgkSvi1Hu2PrdhkhbnNiX/wm1SUx6LIg8DzPhcjNqGipnoYOWXPf5hHm9CHj1EOtn0PP9hlXT1m
bY5/gEUniHjPf8LY9/OCI++Ekf9w8rk4pYBPpxsYbfPlo+1FowrKX/M7pGB4rPsG0h/dpNo2tjzG
jyIvlvMUieTqc9HaA0kUdqhsPHyIaklck9WpbMr2aVsPbpI21i7R+aBLPPhJvjm3auqquU7x+Zpn
aXpd/Y84ygXhe0v4gv4+7n/GSfYAEZ/UBUKPR+2NQp8/rjHa5MxWt/FzUf+BLufHUA7Cwbw0i8qV
Ua1qURnI44Yxr+Zhwct4SESjHpmLUu7p6F6P9Um3ty39LRzHuyZFhvm5aF5DlIWSQuKTzXsNbbim
CCSru4+Lmm8Ye3+0T7ZjWEZw9eLo8vn/jdh7eG08fCxDbnkdzat5Whu3QoTZSrJGsgGJ+5koFxtM
6Ma2ld7dpP4HEeWIK82C7THPffnSNNlfGfJdykRf5Umap/Vnc4RX6gBQ32LX+/hhB0g3iLwEfYhy
W+lMm1tKzCguEsGSHwdFSbt94G2RJwyjBa/n/ZGIZ8AUe/tjxeIqLmpY2caovmVdDzRl1n+Oeb0x
n6SZzFbWI7PFsv84hwn3n1OUCTf9gX9VUnDd8yJU6fbGWIG0k1bhWYazquZEUNxftIw2+XAukkzI
Vkx/tJIcrTaHYmhHf+Ti7Hjj+FX1a5bTYfoT66bq4lrk6btNFtzdaaoJXQsDK77IpFuy5eO7dKnS
10A66HcoUPvb8Xi32OR6QejZpulYlh1g4OzwdIP0uLiSqG0PYijdFBjdGFbVxsKLdLHMxI+vN2je
wgCP1DPYonOR3ZKn2hhc1rK7QBx2dcp1Nt/SvXmTX8u6z5ZMciRX0lmY5pyyOTgy2/CIE3TxGod6
EYFCfFjWhR6wFbNiCFqpJfGbVq3Lu6v1Wb15uuxP86TY0Nv4nsjTDS2RrHT6Q6WAeZAdzhqliy38
n2Bu7PQsglvsMZ+se77U59KJdHXCs75P65s7mTIq6PWXEzp+ykpsZ2Kbjg22VVeInDuThGcV3FTb
lNyZuOMRzkjJvl3PTzh3PTe0w2gUBePEdhKehOHYEtyzTGeUeIlt+YDdaFTUDXTFTi7Z4dHF95en
Z4MXP5x/d3RhMgtYMIkDswLTtdluu9gyn7Lnrw898sD0xYIer94JaUBupybz5VVBMnn76uTkkhST
Hm5l9IRvWhYoy68g3JKXqZB+jsdzEFaKIXmMAdbo1yss8gnPkshOxl4wDhKTuy4fJaMwsrkdeqYZ
m2PPToQpxr4YE/vKNLoeaidpGoHhPIv4aBxbfmLafuK7yXg8Dm3L86PYCiwrNGMhbMd1uJAeEAKB
90FooouckEfXgxtkk/CM9KIKGHidF7f5M/2btG1WFlUlhiCZVzldm9/YpM7PbNMOAtNxIvDfdUxT
hN7IE2PhC9+PkpEdW7HnBS6dCj9dikrwMppL+hd8uZR2dyOV4pkfhpFpW9wXcWgLl48FtxOfx27C
AxEFcSTsJAr9eMM4ursO4M4lJ1FP/1s7CL5Ces9c3468ccD5SMRm6FuRCeTs0EoSerJMHriRz73o
YchrddwZE6Lb0E3X5L7vcJeHoR8FYQAP58Yje+xH4SgRUeQ5o5j79hZ06SjWVm2TAgCMsKIkMINA
xB4fj8Yc2EErRqGDH2QUdhQnwSakB0VIpaLzzHPH/tiFSnleGHFwdOT7I9u1hT+KbCeyR8KPRiO+
hVpEDa+s0K6SUAMLA8Ed0wkCRyRxEjpBFDumLWxr5MUjE6B92wygnVuQiqxYwzCDUHgw1ngMSxWO
E3u+BcUJYjuIbDtyvcgaCyvewka+PaUvV1ov+kxEY9cO6UjfHHlhCIJGphdErkgSCDMYO67gVhBu
gkINjjSiVRWgZNjmM+4JF3y1R/5YmKblJl7s4bNjR4nnOLZnj+Fo/NjZBjWTyLiEjBcFlh2ZkNto
FPmgwLFMX0RQ/jHUwUtc041M9z6EQS/QKFCelYyJqChxILHIdoEbzN7mUQyF8E1uwQqcaMsGOj8g
QcSeK+zRaBTGtghI4213NIZDGMXYnESWAxyDZEvZ87DumBv4kctNN4RmBNZIwKf4TuyEJnQbjIJh
WjyE+K1NCOuPA5k+KaP+A2773uWIikYuDEM43Pfo7tMdm8JKOGzKs0cwPAvOznXHAq4j5CJ6CApd
sbR5zLPAtrnnui6I8aJxzOES6H/fsS0Tuicid+z4XGzxV7Wy2zj/zOSRD18Nnbci1wq4lYDjsC8Y
ve+MyP+OAmFL5UMiXIkV2cE6j5P9jGcRfsauECPh2D6SohCW5JrhyII+CwF9C0PPi0y+BtI0qQo/
8LyIFQF4mIQjx/e9wErisTOGXrhuHIVu7GF3lNhunND2ebOoOG/333fu1WqRFPkKEsxWSCuyQZtC
3wBVRwoxioPROBiLAN7H8ZM4tkPT8QIHDg5xR0C8JpTrIViIGL7ZwbKewd2aiEMitngAJ8ABLeDC
suHbETwQsUx75I7DR2FZPbyEB6UIEicmPU8QggLXh61aZuRGDpByYLwB/lYlyqJ4x8t6CN+GSlUF
XdJQL/DcaAxt8E3Xt1zuuzaUQJiQcWyNQh6aieXDoDaALGFxA3Le0o8QLnHgBMlYxLDZCCoRhkFE
MXcUheYoRjQEboE5BhhZIXW6ZaxkkvqEUdXNUFgk6awp5XULoxSPJUXJNnKqaf6EXc4RSFkl6hpV
RsV4KRgqblbkosIHXrOI53lRs1CwNI+yBs4DH5i6JjAQ0BB4a+QkBOuiWGBnQgC2YVY8EXusoGK+
IpBMvlLHVkVTalgsTdgCtUeSyhOQ29B7otmKAJ+I2w7cEAkub7K6YrdF/nXNKPTzkqHELeC8Ugph
K8KQXmZTdN/ORc6a5azkMQAY03yat8Am05yxJ2/nsstAF8n0nh6jV2hV2QUe0B02JdSxmpaoKu/P
wM9M1JJf1K6JBFPBhUYWBBkcj8Qg45QSz8SEyayUJqp5UyNHzAf6xd0Jm+6ouyNGN3Minu5IzJ5n
WXHLsrQibNsXuthNytk/G1GuaM2v9GGgpyaMynO59UgW7HoPA16M0kUGiYEpBC1cMc1KWq/q+0E3
3UP2yVtYDDQCfOVxzJB5KfYTW+m2jC0Ep8tEykAZmB4KQhrMEb82XL6MPEtvsBZJRSPYrj6U2eZT
gq5OFINSLFHXDsB2uvaaYFqefdIsQnAFWvW8WuXRJa+uGd1oQo8MueANuCVVu6WUls3LIi8aSA/L
qz0m249MVRhkD3uMkupSXeVL3sAeaWzR5PqGUgG/kOIFTdCysrhLoWECbABJUnPzDjnirUboVUK6
SmtIJ/dYWn9Nr2SXclssarryI5XZ2sx2QQO9DWpLtkgyBprSiQS1ratcKkfZ5DmJM6bqsFhKIchy
pDLYobjRn9kinc1hzCVK8b2+8WnFIY6UZbOs1ahiGDFmQe9eKLqkcGGUstaIlUFwelEVaD+MAekI
6RwS/hTaZfQUDYsHalGnadN8IXDcShnl37MihPZQb4mpcdjBIq3JthdixkPZF2UXitWmZG5aEWy5
/ZKkdptKzkuNgtHeDhSgVskqSWGSAkV4JPleHIFJSiHaI5WSQ1oNmSmbFRBUQWZKWkEHzSSaA4na
hJlEBU6XLlhlZP/vKaBm3fvwn6Oa/3P4V3WxlCho99mhpMFVDO5jSdE07hCiU1usLOSdGjHpBN5K
q9D4VV9/BgylXUiUyGOwqEHwyRF8mHolkLS7UCgri6Rg1a0Wd5EQcbWmSDmu08ujCbv87tUFO371
+tUle352dvzq6IKdHZ2zt6fn3x+d7zEsYpenWHXE3n53enzEzs5PD44uLoxtF7DBD3vkaXaciTIt
ZEAmR1wRgdFcSJcsudE5Wwu8R0oQS98ilwzgCoVysxLUQZGDTjhoaBPR+5iyKSW7nVNkBU/IBall
ErICAte7duQqIskzTimGUJyXG4z7q0kXdKcZYluKiNIBxVlCV8lV7e1ogHqJZbUm1TE1rdXTh1HS
lDua8hkvQ1jGYJ1ZSwf0MHelqRE6ehfTu+C7FzxvZPLRxwSJWQMdfLrXxoRtJWzVUIXXBEV+rehd
rE3QYKfK5yuFR/ZQNFnc4ZIiiNzmbI1/pQAvJfog1DNNTStOeymdxb0gKVVHQehoS8pi0QZbtVuv
GPRVsy9hokZL8p5usAdUakM7LtqEkURW4iRSQ63IcbNYquxKpXBMTwxoopXXIS3SGyTuEs2WAjwh
zMPY+QMMRtBG4MMJN1CyqmoEOYZ6DqnN2myTnBadtsZqrxWkyhF0UmkobGjpo3xa8LuB7MVWLe4H
fEmj6aJZIMYivJYEvKbvppAgmfpqiMJizVeyF81KaTH3dQzJ9lJjJA8cUBbcIOi6ncQOCzW1rdOU
G5HXU/DV4taEFCy9sE+ZzBwGstfb0XYIVGSugvSRuAfsVIKhoCzlO4VM7VEUrqnDNs1PRU97Mi1e
Z7vEwIzKAA33/aDep4fTXL8yN9EhAqnZvMhUihnSlZzMxCXKyJqgQjrISN+mKh89q0JLKLpkU4W3
J30ptVPkVstVTcD32MDqCVAKTx48qFtkdAiQXnudx8r7AUohY0U51TIy0afNGNRoGew75ILQpX2Z
3LGDszd72AscQtjXbRpD7WWuoLxnB38g4U+Y16bd64y8ktzprTXY8xiOas6zZIhSUpUJsYAO66Nw
KKO+IClYzxDXYa8HrF+KHN2RV6MUk2cGIyTenOVnbbK9LgCpliCkbhE2aWOzzJcD/bxV3bzWVlel
70QnT0rLWzFWFPB0yoS0XalHL7S6ga02PTXYmd6T8XImN3BdiWpdkCcmJZ8RCZAJ2FYtM5mxUHm5
APJk7LwkOR1kKVapepnevhNVzV5fvpGYViCJyA6bmlF9LkW5Pk4VF0braxZ1M6BdE4ltvz4UubxE
kraeMGoMRPQeX0cm6t8kSSODySg155QEsHQB3tQkO0hD/qtRcFN7EpdlKRMEWhpJrysdMUI0l+68
UiJVqQTW1lpHiRKh+gPa1elq6vBUJkmHry6ev0B+JPOpJpc6RA6bvuZayvtPlSSkpIz6C6dxv95Y
07m29ViEzWzSFm3fMouKNZ2yzuGu5DzTJXqlmgpkzXlVqOCtLcIiYAprBe1gXqCIJytsazXRVuPS
i1PbmFX8po0W+IjSW33nkeZ6ZTwQkzfuKmnTPZl/FWmuGgKSU1+zH8Pijiy/ZK8O2e6Pb14dPoXc
YfbAAetvITYSTIpwD+OgGq6MNX9U+gFrKNayy2HtP744buHr+q438rU8jC7HZOIgxatTEUlb0XaI
dBi9A34Degthv0gSeSzm0mQ1uGvSeC0Qyc/BZnPmUnZXlKmpf6BM8UCu1XbVVLrLE8GJ1MrN6j0D
tWfC9O0pHaNCiHaP+hSKgTyfdTVKLr80sx2K99pVN6m4HXQB+qGGmGLu84X8xiYV+TLcK2cClrWs
pdhO3lG2QiB++iyDMzafy1Dd2ywJz4UqvUOhgIUiIduvlvxWKgXpqP6CN6kWDW8GfUU+HdSRDx/I
+Daq+r1tnCYQTx/C0nwYTV4CUsx4q+5Att1MvztsnK0OTyjfbAQ3qzRWMYPo4ZApFK5qwj4XZhRE
sULEKnTKhy60yVaTVg4eRSITslJQ6i1PzdJrHEF1svREGQfps7K4refKj+EIzuYKWs/JwfqrWoVk
ieyAuNGiNlizRpH26rDq0UVumiSvoDF1bdqRqVtObZoj92wICfAGzGZPgCZK5bUg122tTpbGfWFq
53XLU1nNIpig1FNatCyWTdaajX6geC/X6LDh2HSgLIOISnkSRVzyXEgJdIFBI7qRN9GpDvUdZXGt
hlWmoDULiKw9dLx2emSZA/pezdZQ5xg2h/VrBL2YDn8wUK9RdSvnkNtEoWIsF4ulkRYSY7i61YKK
Q5hyTX3WqFqjTmFKz7P1vCRBujk+m5VipluKuv+o2iz0henrbfokfvA1p4en9Dr9QAcFlR+Q+7oV
qgLhMPJbeWIlEV8TIMeMXtMfcbrjfLOkF5KUcO4xFQJV81qZkAnRewMylvXizQH15kW/l7eH4LCc
c5iFIM9eEg5tXoqIkYgStceA/GJOwVDNtrFLRQ6+0RvUr3D0gm2DHBy5jfStrQvTAKWU1Xx7xj2p
Krr6Yq3TxTqC6GhMQGm9/NcxKnUdQm6cDpRNT72pbXAb6wP0TP+ElnPvj/c6mChJKgvo9ZI0DICv
NT/brtFcDyoXV3aVhPYO1IRHsRbLNChNOkB0Sd6U6saFvE3bSlGeF/C0d2rjLXIyXuk6Dak1pzef
9BMlQMBRy2rSCk3NQUeppzdhP8vMBUnrnmzy/UJAZQm2Dt79myBJBmXSpXTw1EZRzou0StQPxlHp
n2X5WMmKQZbf9PovcNVJQB99da7EQX0ERDID11QxdX3ihL08fn6pBqnUENRZ+0a/kbE3Cu5AUS72
nLs4Les96XS/0ZmeumvpNy2UEVOgA2t1T5E3WusyCCtaMfV9oKZs/W5bqZXdLY10KoCDcBTJW7Cq
5dOgveGBCqi0/slL6U3kUXL9BhCZF+uRq97IQOaXvcSvULm/uINvq3SRG11TmVTJgg7OLUxRoKxU
IifXEb1ABSWYihTKVBSVEj4yo7Jzx3T9ui1Uuqc8W4v4QF5Wytu6KbKWJxeIvociYi6zxhM3mDgO
e/vqBbNN26L59kJtX8DB4nlR1PH+xs0mU5dpNKnOHpDp7VuBhUCGwdt5WosB3atRQiphoErSOdm+
bdLIjFOPIBb78kld5XVjehd1Zen2pn1e3iz3YST4FKdUNkFPV/vyxE7tuii2L0mRGS8l0vvV9UoG
/fUwaW5vFV2l7x8evXz+5viSRnVlIy8A9akyDJBN6ueNNHXfp6FeKq625DlShairP5DqpUL9az2V
XqJySHp5SXWF9i2vd34J79PST58N6uTDAOP9v8mfDRHceFIITm9/usSgOmjn9/8GzJNAfQ==
===END CRASH DUMP===
