PocketMine-MP Crash Dump Fri Feb 11 20:33:38 WIB 2022

Error: leinne\pureentities\PureEntities::leinne\pureentities\{closure}(): Return value must be of type leinne\pureentities\entity\dungeons\BossFloorOne, leinne\pureentities\entity\vehicle\Boat returned
File: plugins/PureEntities/src/leinne/pureentities/PureEntities
Line: 130
Type: TypeError

THIS CRASH WAS CAUSED BY A PLUGIN
BAD PLUGIN: PureEntities

Code:
[121] 		$entityFactory->register(SpecialZombie::class, function(World $world, CompoundTag $nbt) : SpecialZombie{
[122]             return new SpecialZombie(EntityDataHelper::parseLocation($nbt, $world), $nbt);
[123]         }, ["SpecialZombie", "minecraft:specialzombie"]);
[124] 		$entityFactory->register(Boat::class, function(World $world, CompoundTag $nbt) : Boat{
[125]             return new Boat(EntityDataHelper::parseLocation($nbt, $world), $nbt);
[126]         }, ["Boat", "minecraft:boat"]);
[127] 		
[128] 		// Dungeons
[129] 		$entityFactory->register(BossFloorOne::class, function(World $world, CompoundTag $nbt) : BossFloorOne{
[130]             return new Boat(EntityDataHelper::parseLocation($nbt, $world), $nbt);
[131]         }, ["BossFloorOne", "minecraft:bossfloorone"]);
[132] 		$entityFactory->register(DungeonEnderman::class, function(World $world, CompoundTag $nbt) : DungeonEnderman{
[133]             return new DungeonEnderman(EntityDataHelper::parseLocation($nbt, $world), $nbt);
[134]         }, ["DungeonEnderman", "minecraft:dungeonenderman"]);
[135] 		$entityFactory->register(DungeonSkeleton::class, function(World $world, CompoundTag $nbt) : DungeonSkeleton{
[136]             return new DungeonSkeleton(EntityDataHelper::parseLocation($nbt, $world), $nbt);
[137]         }, ["DungeonSkeleton", "minecraft:dungeonskeleton"]);
[138] 		$entityFactory->register(DungeonZombie::class, function(World $world, CompoundTag $nbt) : DungeonZombie{
[139]             return new DungeonZombie(EntityDataHelper::parseLocation($nbt, $world), $nbt);
[140]         }, ["DungeonZombie", "minecraft:dungeonzombie"]);

Backtrace:
#0 pmsrc/src/entity/EntityFactory(242): leinne\pureentities\PureEntities->leinne\pureentities\{closure}(object pocketmine\world\World#33000, object pocketmine\nbt\tag\CompoundTag#101386)
#1 pmsrc/src/world/World(2527): pocketmine\entity\EntityFactory->createFromData(object pocketmine\world\World#33000, object pocketmine\nbt\tag\CompoundTag#101386)
#2 pmsrc/src/world/World(2482): pocketmine\world\World->initChunk(integer 20, integer 15, object pocketmine\world\format\io\ChunkData#101539)
#3 pmsrc/src/world/World(704): pocketmine\world\World->loadChunk(integer 20, integer 15)
#4 pmsrc/src/player/Player(746): pocketmine\world\World->registerChunkLoader(object pocketmine\player\PlayerChunkLoader#105735, integer 20, integer 15, true)
#5 pmsrc/src/player/Player(912): pocketmine\player\Player->requestChunks()
#6 pmsrc/src/network/mcpe/NetworkSession(1058): pocketmine\player\Player->doChunkRequests()
#7 pmsrc/src/network/NetworkSessionManager(67): pocketmine\network\mcpe\NetworkSession->tick()
#8 pmsrc/src/network/Network(91): pocketmine\network\NetworkSessionManager->tick()
#9 pmsrc/src/Server(1778): pocketmine\network\Network->tick()
#10 pmsrc/src/Server(1657): pocketmine\Server->tick()
#11 pmsrc/src/Server(1046): pocketmine\Server->tickProcessor()
#12 pmsrc/src/PocketMine(304): pocketmine\Server->__construct(object BaseClassLoader#2, object pocketmine\utils\MainLogger#3, string[36] C:\Users\tranthien\Desktop\FoxCraft\, string[44] C:\Users\tranthien\Desktop\FoxCraft\plugins\)
#13 pmsrc/src/PocketMine(327): pocketmine\server()
#14 pmsrc(11): require(string[80] phar://C:/Users/tranthien/Desktop/FoxCraft/PocketMine-MP.phar/src/PocketMine.php)

PocketMine-MP version: 4.2.0 [Protocol 486]
Git commit: 44818e6d1456dcf1f0fd3cd27da1dfecbe03c08b
uname -a: Windows NT tranthien4-8sin 10.0 build 17763 (Windows Server 2016) AMD64
PHP Version: 8.0.13
Zend version: 4.0.13
OS: WINNT, win
Composer libraries: 
- adhocore/json-comment 1.1.2@fc2f76979f0a44a5f5bc2a2b600d0762fe0e78e7
- brick/math 0.9.3@ca57d18f028f84f777b2168cd1911b0dee2343ae
- daverandom/callback-validator unknown@unknown
- fgrosse/phpasn1 v2.4.0@eef488991d53e58e60c9554b09b1201ca5ba9296
- netresearch/jsonmapper v4.0.0@8bbc021a8edb2e4a7ea2f8ad4fa9ec9dce2fcb8d
- pocketmine/bedrock-data 1.6.0+bedrock-1.18.10@e98c511584a7bd58a95986374d2df4b04c6a2ba0
- pocketmine/bedrock-protocol 8.0.0+bedrock-1.18.10@017e57c8f8a74118bcbba7332e7ebac9e6c81693
- pocketmine/binaryutils 0.2.4@5ac7eea91afbad8dc498f5ce34ce6297d5e6ea9a
- pocketmine/callback-validator 1.0.3@64787469766bcaa7e5885242e85c23c25e8c55a2
- pocketmine/classloader 0.2.0@49ea303993efdfb39cd302e2156d50aa78209e78
- pocketmine/color 0.2.0@09be6ea6d76f2e33d6813c39d29c22c46c17e1d2
- pocketmine/errorhandler 0.6.0@dae214a04348b911e8219ebf125ff1c5589cc878
- pocketmine/locale-data 2.4.3@4d0b081f1a79407e087968ea76aaf330db6ea2b5
- pocketmine/log 0.4.0@e6c912c0f9055c81d23108ec2d179b96f404c043
- pocketmine/log-pthreads 0.4.0@61f709e8cf36bcc24e4efe02acded680a1ce23cd
- pocketmine/math 0.4.2@aacc3759a508a69dfa5bc4dfa770ab733c5c94bf
- pocketmine/nbt 0.3.2@3e0d9ef6b6c5fb45e3745a121296e75631b3eefe
- pocketmine/pocketmine-mp 4.2.0@44818e6d1456dcf1f0fd3cd27da1dfecbe03c08b
- pocketmine/raklib 0.14.3@4798576fec0364266dce23b368a7fec5e5de7927
- pocketmine/raklib-ipc 0.1.1@922a6444b0c6c7daaa5aa5a832107e1ec4738aed
- pocketmine/snooze 0.3.1@0ac8fc2a781c419a1f64ebca4d5835028f59e29b
- ramsey/collection 1.2.2@cccc74ee5e328031b15640b51056ee8d3bb66c0a
- ramsey/uuid 4.2.3@fc9bb7fb5388691fd7373cd44dcb4d63bbcf24df
- rhumsaa/uuid unknown@unknown
- symfony/polyfill-ctype v1.24.0@30885182c981ab175d4d034db0f6f469898070ab
- symfony/polyfill-php80 v1.24.0@57b712b08eddb97c762a8caa32c84e037892d2e9
- symfony/polyfill-php81 v1.24.0@5de4ba2d41b15f9bd0e19b2ab9674135813ec98f
- webmozart/assert 1.10.0@6964c76c7804814a842473e0c8fd15bab0f18e25
- webmozart/path-util 2.3.0@d939f7edc24c9a1bb9c0dee5cb05d8e859490725

Loaded plugins:
Alerts 1.0.0 by hachkingtohach1 for API(s) 4.0.0
AuctionHouse 2.0.0-BETA1 by Shock95x for API(s) 4.0.0
BlockGenerator 0.1.0_beta by BlockHorizons, Chris-Prime for API(s) 4.0.0, 3.0.0
BuilderTools 1.3.0-beta2 by CzechPMDevs, VixikHD for API(s) 4.0.0
CraftingTable 1.0.0 by hachkingtohach1 for API(s) 4.0.0
CropGrowth 2.0.1 by NhanAZ, kaidoMC, YTBJero for API(s) 4.0.0
CustomItemLoader 2.3.1 by alvin0319 for API(s) 4.0.0
DevTools 1.15.0 by PocketMine Team for API(s) 4.0.0
Dungeon 1.0.0 by hachkingtohach1 for API(s) 4.0.0
EconomyAPI 5.7.3-PM4 by onebone for API(s) 4.0.0
FCCore 1.0.1 by hachkingtohach1 for API(s) 4.0.0
FormAPI 1.4.0 by jojoe77777/DragonfireHD98 for API(s) 4.0.0
Gems 5.7.3-PM4 by onebone for API(s) 4.0.0
HealthTag 2.1.2 by Shelly7w7 for API(s) 4.0.0
InvCrashFix 0.0.1 by Muqsit for API(s) 4.0.0
InvSee 2.0.1 by BlockHorizons for API(s) 4.0.0
KeepInventory 1.0.0 by NhanAZ, KhoaGamingVN for API(s) 4.0.0
LaunchableTNT 1.0.1 by Vecnavium for API(s) 4.0.0
MaxEnchants 1.2.4 by Xenophilicy for API(s) 4.0.0
MultiWorld 1.7.0-beta3 by CzechPMDevs, VixikCZ, fuyutsuki, kaliiks for API(s) 4.0.0
MyItem 1.5.5 by hachkingtohach1 for API(s) 4.0.0
NPC 1.0.0 by hachkingtohach1 for API(s) 4.0.0
Napthe 0.0.2 by hachkingtohach1,tungstenvn for API(s) 4.0.0
Parties 2.0.1 by Didah (@Diduhless) for API(s) 4.0.0
PlayerStats 3.1.9_BETA by hachkingtohach1 for API(s) 4.0.0
PureChat 2.0.0 by Vecnavium, 64FF00 for API(s) 4.0.0
PureEntities 2.0.0 by LeinneSW for API(s) 4.0.0
PurePerms 1.4.5 by Vecnavium , 64FF00 & ProjectInfinity for API(s) 4.0.0
RedstoneCircuit 3.0.0 by tedo0627 for API(s) 4.0.0
ScoreBoard 1.0 by hachkingtohach1 for API(s) 4.0.0
ShopGUI 1.0.0 by hachkingtohach1 for API(s) 4.0.0
SimpleHome 1.1.0 by CzechPMDevs, VixikCZ for API(s) 4.0.0
Spyglass 1.0.1 by ItsRealNise for API(s) 4.0.0
VanillaHopper 2.0.1 by ColinHDev for API(s) 4.0.0
VanillaX 3.0.0 by CLADevs for API(s) 4.0.0
WorldProtect 2.3.11 by aliuly for API(s) 4.0.0
_NewAlias 1.4.0 by Javier Leon9966 for API(s) 4.0.0
libEasyUI 1.0.2 by GiantQuartz for API(s) 4.0.0

----------------------REPORT THE DATA BELOW THIS LINE-----------------------

===BEGIN CRASH DUMP===
eNrtPIly3DaWv4KVpzZybR+8j55yyrIkx57xobXksTdhygWSYDcjNsnwkNSeyr/vew8gm2xJlhIr
ldRuXLabBIGHdx8AyH/vJUW15s2nC1HVaZHvLazJXpOuxd5CdyzL9hxL92a67Wi2P9lry+7RzNBd
yzU1U9N8zTSNyV7G6+a4qopqb/HvvWZTQre9M/iRbZO9tahrvsTWTKR5LoKgbCsh8iZtUlEHwQnc
Hau7xeLmPv+OsqKGll/2Hy/YO9G0Vc4ueNYKtm7rhoWCFQnDudnN4+lqEwRxmy9FkUPLs6Kun2dF
Ub3NxeSOURdilUaZwEG8YRVNL2IgLWmz7HmaIW2HiyB4XwMvg6CpeN6sUpEHwZGoz5uiDILnxdVh
xZMGpsjaZZrv0B0EdRUFwd0MmpWrEieWkypY82GPOUCaS0DzIZxRJwCRpTkK1NRA7BWP4PqHvUca
K9c4Hv9J6uc0ZPOcR01RbfYNywAJ3I3n9Nu7BFmEP4moYWURnYtmnWLXy6LK4iD4gD+PTNAwbcJu
6JaHwMaGL4PgsFiXRZvHZ3z5SNd003MeA2WP9AEVBHNOIPcN23AB+yGsTsQjKqffRpXgjXheFesj
3vDfE1fjNlwtz9jBdTjl9Ns0T5vDVZuf76d5I5aiYgag0F3r9o3oKBDS9IMgLQAvhIFUIla26RNW
5i1YuZr1RaSygsdfQoqAWwPgZcY3opqf0M++azlfBF+JZVo3oqIpXsFcMOYGKiVQUEj6HXQGEm3X
tLcY7bKsqVpBONq34ujru3IZT4dY/tyKWgqn3idwzgBcLhqg6ny+jkoxfyNvTsFHghPeB/y8O6DH
BQF+JydR8N0b4I9Bv+Y5OOFq39m1ANU9CBCfIBiPmn7bpNG5nMO7fQ5gym1Qb8RiCNYfgD0VFYSj
fd11vTvgDSHo2g0gHHuXUPlkNFC/YaB2TQeHA0+qIgJSikpBGJrvCY15DWP2zWt20gH59CmC+AN6
FjWd6j7jtTiEKForJTVuNN22STNwoK95mr8qlsDER+aEAaA0X/5gOj+yewegfpRl/YpRfdiSdJu3
0H3NwdaSrXKUsvx9HdUFzSStxL7CxtN+ZOWKV4v5/HAxJ5zmPUpzhdG8Q2gw6fT1yQwH7uCCkfLx
3o+/TPbE/9Pk5AFzBOCihPMpzS+K7EKsYQgAj0GAUbPXPYWWHQhREQtkvW7o8DBoguZvYhxqO5++
f1qKKOXZ98U6TMViEaFFTFjS5lGDrpFCAPsbBYQJG0RT9jcIso/Zgo0A/Bsm1w0DJmWDP5I9LBeX
4977Mv5jGHwhslJUi0XJq1q8KiJOs+McEzX744mc8u80hTmY4pcJ+yHYG0EO9iYs2ENbiFBvF7V8
+Fk9/FFBse7iDkr3tzAFx0le2LfzAjt9BQucayxAgLuUh9TWEewqgunGUzfzOTtSRkDt/t1c2RrK
b+POdjxxydR+Ly6Z+g1c2s5+nVt1neCzIt+qiWncxRDFvuMcAsma57+FJzsgJFvM29my0/8rOGRd
49AO7F0mKY8p+scdn+x78un0XGSiKb6GTx0IySfnTj51/b+CT+5tfOpg38Knun/c8cm7J59+u1Me
AZA88u/k0dc6ZUu7jUM3O2XFn6FT/uWvsvivsvivsvivsvivsvivsvj/XlncVWw1FmcHmagauso5
rvJ3DZO9fnNgT59pMw1aeNusiqrGsLji0eoccGwKvNIRKC9TfGJRZ7gXOQ8zqEYX6EEme7EoIVfD
wfCsLpLmaNiw5lRB7oANAolN94tlKSgElppvT88+vH336giaLkVYpw3ivmqasgZuXfImWtWrtJld
ChFmm1lUrOcY1g9ayl1eFG0thjQPm4eUG0jM9Nnx2YE+pv90BVz17auvI3zvGDS/WG8OTl7ubZlQ
K9hBwCVeK8QLeDDG8oucQGKfZQDnO5GLijdyEUSRu/NgSLA2A2F/CkXDx/TSkBdFlX6W9dnhqkrr
6UmFO0O7LJjsmV+jA6OpgmCMbBBIj3Av+ts0g65nRZENFXzUPFZzwHuKtBtj4g8/i2h18vpIXOCA
f6VX6fmLo4dS+QiBl+sYgAdBKHFrEDcgfYzpvVR/mTarNiSFH6A9H4EC3pDHAEM7Q4QHzBm3/0mc
wAipndv78AXYAuxNs6jazOpNI+oZxM55zOtVWPAqnkuGFOV3VXHZrEbc6Bt3vcKOP3iz4vnB99B2
ztO4eH0IV/9z9uwfoioeiityBqS+w0lGvt+gGApZpLqtm2L9shFrZVYD2ncfjTlg7nKAZxdprpm6
/1AE9wCB5h1crrfcxx+AIez6gr5prOm6vavq2yDKzgRfPxSN3fyYX1zs2Pnp2cG7s/cndwlzi9m8
h4HEyrJ2SKtq+ZMYtUKnv3goQx6E1C3tg8Yh+fbMnZnTk9fWmAVFLkL491CkK3BQWUssACZU10OM
7lTd54eHRTX006phV5b6HyNLiU33+1CSfA4l+ViMXcuYbGtXhX8qfiqEi3/mRxVfFnkCSfWLI997
KAZsJ8B6gHDqL+4jzu/EeuiF6PYP1EucX/5/H+RfCJ41qzO+HFCwbRtHCX1m7ObNIss27qX7UETU
HcAg6JG4X2BEWl7mF5BN1Kvn6dWAmmHrODm+ZmGv258B3EMRsyZoQZDmFxEikKRXvybhBbxPhRgT
gg135C7j3P6BSNnJ4iUmv4aYfwpRwiiR4/LjgKZx+x3BrE/L/rkq+Hcc6u/lv948dEY2wugBkrJX
vM2jFeJz9uZsQPm4/Q7X/y8R5fwibR8sVekBghCHiOzc3ke0r/nVMY7IRwsPw9YxccZsxxF+FHlR
rtIsjTYPRd4AJIqwR2V0cy/i2qxJaXF2SNu2cUyaqypO886K8/B7OnS4aZu6PU+p0sjS9Lz+XerQ
NeKrFppHuH9NDToAhHzaYPY+5JFsGPPHntl/TEojsel+HyqleXNyOKAY7/4k2Tig8us8161LbG94
2ayGQUg17AZS44uEThqoCupG5Bf570czIdb93se2T3hFZ1u2xHUtd4TYozTmK7b/FH7bVSbq+vFD
URV3EIOglLgEwRapX2uuPX5ELW2vnDZ85KaHrUOqTUj2/E+4VPrHaPAAr9HNVys07uEerngz5EHX
dG2t+LYgPNlzrOfPNe1XkU/znIhqTU5+Z+kYN2Zh4vqkKgD6R/A8RVufHE+79sGC8ic5t9yORry3
V/fS+uGxrjETBqe9vsiIV7TzffrhoaR/9277r15H6VAcn4NT5EshjGmXbbulqH2LBrAJk1Jg/8lA
ZLiX9RLq0jxtHiyFGYmZsBtc3kfQ70RcN1ARHqZV1KZDhd99Mjb8a+JuRFxojvFgRV4HLwgqhUgk
EQmC65jdSeZpVFTiGcbkAYWDxp2Q/Me4sy0+w+uvdmanq6L87v1wTaVr+ZMkIgqd/uKhMq/TdF1m
4kWxHqYmg8adBeBd8m9OyH+P1LsmnFaAE/BgiN/XpN6na55lJ+o08AAqMqbcLHGnfciWrumOGvNl
U78TPHuT1g+2JjUACeQrPO6/nvMvnqdZxl8UZTnazBi335GsHRZZmr8Avj0UUT3AIBghsnP7W2Tc
o7ol/uN1uj/e5bAPXx2Qaj8UwRJcT9/H7dV9pEg1IgTJBs+Xb4kZNV/bjbq2HZW22ebh9qIQmjp7
VUoUdrXynnnG6zatklRk8Xx7JmTaHdRvIJ2Zrzke6JqPyAWufHojLg+ylA8tddt2x5L4PyAJERV7
JYrc9x3nofgiwXZQ8ZgG4KJ+foM6j8HNJZhf8F2E8JjXm1Hc2rbteqmdyvK7lOfNf7dQE31+KLLl
xEHQI3CHSuMrFLwCvEGuO9uJ3VEdQuUKCt6aknegU+747HnooHB5KIzWHHenty0RzwA1GDtsK9af
4qKBADhqVa+/bBvaKhvex7wZPU/SrBEjwMt1ObxdQXQd3qdRkV8MG36qSSD9/TqUp5pGbUXV9MdO
UGx1w5GgeNipjMZ8eCeSTFCNM2ytiaP1uCnG0mvQcnryajT9pv45y3EydcX6R01xLvL085gFV1eK
akQX/c2GrzPyPwbdfk5LmT34VAZ8BhUdDofbq/WY6wWiZ2iaqeMLD1BrHL0dkR4Xnwi13UZoSscC
K0BL63rUUcb5j69HNO9gALeVkDv/o8bLKt2Rf9mssCdyuDvmc7La0T08hUmH8gxikjwjkC7DNOe4
hg+Rx5g5yAlxAQ4wVJ0QFKRuZVOoBkMyKwZBS7XUVEK29ZiftnMNnuNrT2meFCO9ja+JPB1pCbHS
HDZVAswD7XDZSl3s4H8P5sbenkSQqg6Yj9a9KtW8OCMdVsqG5eLQ3NGUeS22L98DPw0CT6d/9haG
ZpvAtvoTJIR7i4RnNfglDDpFVABUy3NgDizP9izL0z3hxLplO3GU6ImWxGYUG27M9TgRUSg0M9K8
EGC3XRBN87i4rNmbM9YfJbSmXp3mTAepMsKB6a7rmGy/6yxPajJD053H7OD1kYPr8fg2+oBpnwVZ
ktXry6r8VKBwPrx8Q9sCdHNJETPCg9+1qD6BlCteqXUFHq8KrHTm6Dqm0Ee9aIbpuPE0iYzEdXzX
TzRuWdxO7DAyuBE6mhZrrmMkQhOuJ1zkY5VG53PlLbWZPzOfRtx2Y91LNMNLPCtxXTc0dMeLYt3X
9VCLhTBMy+SCXCHQCm4I4hE42Czk0fn0AhKAWJ6iA06e58Vl/lT9ototq6KuxRxI5nWO7/pcGBiC
nwqRWJ7n+3psm8IGSWmRb9tWqPmhDswEpELuGz6aBDjsStSCV9GK6F9zmcLuXZC1PfXCMNIMnXsi
Dg1hcVdwI/F4bCXcF5EfR8JIotCLR1YyD0Vcwd0UcOfESWem/VfXCHz1Zjpg6XuRreu2B1DD2Pa4
b/ueY7pWbMQJIGtFDvCZazeD3iom6cJ18JruCtuNgO/ctXTdC6Mw5K5pGsIVwFxfOJGnO765A558
xtbAgaFPbR65QnBf50nIYy+OLN9L7EiYViQcw3djWzjwmI8h3ShEzBPMp47leq4FSuU4YcSBp7bn
2YZlCM+ODDMybAGcsek44BAg1iSZOi9FqGlPLV9wUzN93xRJnISmH8WmZghDB8O0NQDtGZoP+rkD
qciKLQzQCsTfiV0nMYRpxo6nm5Hpx4YfGUZkORFwUo93sKE3XFegr5lCB0T8NOYwtcU1y7S8EDRc
eIbuizDRDTtJdKDJ86PI20UnKzCj6JQFVdh8asVaqHl6onPXtzRXaJ7rO57grsN5YppaHALKRmjv
QloSLmQETuTrRqQlvmbbIOrYMHXNE5ER664f+k5igYYBptcgTAchR4Jy9MQFNnpRYoLAIsMSlgC7
N3gUC+CWxnUwA3CAY1C9IwA/+5TzKDJd2+e25nHHjxOwwciCH9fVeAhqGdmRb4XJGEQeNl1semoK
LfZF4oROZCehZQuwFJvrBkRwR7i2Y+qhCYYvxhAGyT4lUpZUm/s78AGsip/L1AJcLcnI9T0blEZE
mulYhuOgNzBD0wGLg0Zb2LFwfcO9Cco0LaMuo3nqGwZ3LAtsPnIiwIFzG/96pqGD6HURWa7pcbHD
3zovis+ii/hPNQ62Dq7Z9fTI0n2uJ44lwLwscC2mjQ7Y9oXhI02QEtdig2awzehwu9d4GsEf1xIC
uGt4kB6FYEiWFtq6ZjtCeLEZho4TaXwLpG3TWPHVhGDhh6GbhLbpeY6vJ7FrusBXy4qj0IodGB0l
Bkgdh6/adc15N/66d68366TINyDBbAMJRjbtkukLQBW10tTAa+ieEfmezkPdtWMwGtOKQy0B5XZ8
z/c0VK6bYEHI8LQBLNsNXd0AixNxHPpuBIGNe+CaTCPyLFAG1/ON2BD+bbD0IaxYWCE3Ygu5l/hh
rAndDw0ONgeO2LTBu0Dk8BJZrKyLz1AizcG1iUpFXYw7ju9YgEXkehroqsU9ywAlEBrIONYhfAGR
oMGGPQJSgsVN0Xer4hwckm/6iStisNkIVCIM/QiDrh2Fmh174G99y9dcAEO1Uq9bsw2lq48Yltos
wpNcy7aiNwAZJnssKSo2yq6C/BE7W0EkZbVo8JRwzXglWLMSrMhFDRe8YRHP84Lezk/zKGvBecAF
k+9lzCCgQeSlHQWAdVqs5Tv812HWPBETVsCTqkaQLARvdc42RVspWCxN2BqqEKj3cQZIbvCV+WyD
gKFy78HNIdXlbdbU7LLIv2kYxn5eMShiC3BeKUawDWII2Vot6b5ciZy15bLiMQCYBXmQd8AWQc7Y
ow8rgYixpoBZIGsFEOoll5oSvxpT61g+JlSl82fAz0w0xC9cU40Ek7EFW9YIGTgeiWnGMTleigWj
/BQf1Ku2gWwxn6rvKixYsKcSx6DVdF2H/zVhsvNV0OoiTtK+Ge78fMkyvOJ6+h/BHpFwkGXFJcvS
GsliaomEXaSc/Xcrqg32+RkvutWTBb2rRkOPqahXYxgQwDCxZCBa4B5CCzdM8Rz7yzWAaf94QNWj
D2BaoDogAB7HDHI0KSfkP779xNaC49ubmKsykE4oEGngovi55Rnyd5leiO6jEPtqUkilHyN0OaOY
VqKEUngK8sHXmBbwmOZ+065DYB+o30G9yaMzXp8zfNULFG5GHd7XIEO0gY5S7LaqirxoQczQvZ4w
WrNisihBw5kwTL8r+fYZ8QYMF9vWbZ7Kt2sl8FPSA6AJ1LEqrlJQRQFsAJJIxfMeOeStQuhlgkqN
fVB5JyxtvgH2NRUNiwWuZZFu7Qxm+0BDCwZmEFuIjKmidEGgdpWak3JUbZ6jOGMsKIuShEAVTD1j
R+JCXbN1ulyB1eORusnQSpXiIEeqqi0b2SoZhoxZA26KLhIuWC9VJbG0HH5RpDGgfTMGqCOoc1Aa
pKBds4GiQeep7NRrWpCvBUy3kdb7XVaEoD24/sRkO9jBOm3QCazFkoe0y8FOJas1Ym5a0+sROPwM
pXaZEudJo8C6L6cSUKdkNVGIJ2Phggk8voZgkkqIbkqp5CCtFu2ZLQsQVIH2jFqBEy0JzSmhtmAa
UgGzk6+WqdufngJc0PsS/itexV+Hf90UJaGg/GyPkgJXM3AfJYbduEcIZ+2w0jXDUoiRE/hAVqHw
q795AAzJLggl9BgsaiFK5RClmLgSUUvOt5AoS4vEqNb3FleREHG9pUg6rrdnxwt29uLlKXv18vXL
M3ZwcvLq5fEpOzl+xz68fffP43cTBp3Y2Vvodcw+vHj76pidvHt7eHx6Ott1ASN+GLaj2HEiqrSg
yI2OuEYCo5Ugl0zc6J2tDryH3CEm30JdpuAKhXSzBOqwyIFOcNCgTUjvbcomlexyhSEYeIIuSHYj
yBIIuN6tI5cRieZ4izEEEwIaMLveG3VBrUbP5CdqIG+QnEV0pVzl2J4GUC9R1ltSTU3RWj++GSVF
uakoX/IqBMuYblNwckA3c5dMDdFRo5gaBb57zfOWspQhJpDBtaCDjyddTNhVwk4NZXhNoFZpJL3r
rQnO2Fvp86XCQ5pRtFnc45JCELnM2Rb/WgIuCX0g1NE0RSvM9pycxbUgSaojIfS0JVWx7oKtHK16
TIeqOZQwUqMkeU032A0qNdKO0y6zRJFVMBOqoVLkuF2XMg2TuR5TD6b4oJPXEXZSAwh3QrOjAO4g
zIOx8xsYDEEbAh/McAFKVtetQMfQrEBqyy4tRaeFs22xmnSClDmCyj5nEhvseiuf1vxqSsu3dYf7
IS+xNV23a4ix+EUXBN7wHNJPECSTL/xLLLZ8RXtRrCSLua5jkJWXCiOacIrpcgtB1+oldlTIR7s6
jbkRej0JX3buTEjCUh2HlFHmMKXl4Z62I0CFchVIH5F7gJ1MMCSUkmPxwuQYSeGWOhim+Cnp6WbG
zttsFxmYYb2g4H4Z1Jf0MMjVRwUWKkRAarYqMplihnimhDJxQrnGz0QwFWTIt8kSST2VoSUUfbIp
w9ujoZS6R+hWq02DwCdsqg8ESMKjiadNh4wKAeS1t3ksbSlgChlLyrHooUQfB0OjQmvGXkAuCLr0
hJI7dnjyHj+yBjiEYF+XaQxqT7mC9J49/CnBXzCnS7u3GXlN3Bn0nbGDGBzVimfJHGpOWSbEAnRY
TQWTMlw/RAUbGOI27A2ADUuR4yv0aphi8mzGEIn3J/lJl2xvK0WsJRCpSzw9BAPbMi+n6n6nunmt
rK5OP4tenpiWd2KsMeCplAnSdqkeg9Bq+YYc9HjGTtSYjFdLGsBVyap0gWZMKr5EEkAmwLa6zChj
wToUz6igsfMK5XSYpdBLFtbq8yHs9dl7wrQGkpDssG0YFvIkyu10sriYdb5m3bRTHLUgbIf1ochp
34lsPWGvu28C9WRCoZwkaTRjFKVWHJMAlq6BNw3KDqRBn40BNzUhXEBoF4T0CjkBXpccMYRoTu68
liKVqQT0bZSOIiVCLiQoV6eqqaO3lCQdvTw9eAb5EeVTbU46hA67RU9JW6YySUhRGdVH+uJhvbGl
c2vrsQjb5aIr2r5lOhZrKmVdgbui50zV8rVcfUBrzutCBm9lEToCk1hLaIeroqhphaKr1URXjZMX
x+VlVvOLLlrAJR6AoE+54LNBGQ+I0a68TNrU4s1PRZrLBQHi1DfsY1hcoeVX7OUR2//4/uXRY5A7
mD3gAP0vQWwoGDwfC8aBNVwVK/7I9AOsodjKLgdr//jsVQdf1XeDlm9oMtxPo8SBxKtSEaKt6JaS
VBi9AvymeCDhSZEkNC08S5PN9KpN461AiJ/T8SrOGS3DSFOTXyiSPCBPr+yqrdVykPxCE1m8GjOV
YxZMbbjiNDKEKPeoZsEYyPNlX6PkOCzbDcWTrtdFKi6nfYC+aeVMMvdgXbToPRIZ65QzAZZ1rMXY
jt6RlkJA/HhNwRkGv6NQPRhMhOdClt6hkMBCkaDt1yW/JKVAHVWfB0LVwuZx0Jfk40Q9+eADGd9F
tZRftYHZBMTTm7DUbkaTV/hJK8Y7dQdku8H422Nj7qzwhPjCHNpZncYyZiA9HGQKCle34ZALSwyi
0EPEMnTSTR/aaKlJKQePIpEJqhSketOsWXoOU2CdTJ4o40D6kr4pIP0YTMHZSkIbODmw/rqRIZmQ
nSI3OtSmW9ZI0l4e1QO60E2j5CU0JjdYezLVklOX5tCYkZAA3pQZ7BGgiQcCe0Ful7V6Wc6uC1M5
r0ueUjULwQRKPalFZVG2WWc26gbjPfVRYcM0cEIqg5BKmgkjLnouSAlUgYEtaiFvoVIdXHek4lo2
y0xBaRYgsvXQ8dbpoWVO8dOpO029Yxg3q5MHg5gO/mAqz1b1PVcgt4VEZVau1+UsLQhjcHWbNRaH
YMoNrrNG9RZ1DFPqOds+JxLIzfHlshJLtaSo1h/lMgt+PO98lz7CD3zN26O3+KGjqQoKMj9A93Up
ZAXC6WuAOGNNiG8JoLbZYHcA4nTP+bbEM0xSONeYCgKVz5UyQSaEJwwolg3izSEu4ovhWt4EgkO5
4mAWAj17hTh0eSlEjERUUHtM0S/mGAzl0y52ycjBR2uD6tTHINi2kINDbkO+tXNhCiBJWT7v5rgm
VUnXUKxNut5GEBWNESj2R63HgIFSRDeOE9KipxrULXDPthOoJ8MZOs59Od6rYCIlKS1gsJakYAD4
RvGzWzVaqUbp4qq+klDeARfhoViLKQ1Kkx4Qbqa3ldyaQW/TLaVIzwvwlHfq4i3H04WqToPUmuNh
KXWHCRDgqGS16IQmn4GO4pregv1AmQskrRNa5PsRgcrA3Afv4ZYRkYGZdEUOHpdRuq8a0frITXGU
/DOVjzVVDFR+42uUZSZUEjBEX85L7fISIKIZWJqMqdsZF+z5q4Mz2YilhsCVtb+roxsT27+ilyom
5lWcVs2EnO7fVaYn91qGixbSiDHQAWvVmiJvldZlIKxow+T33dqq87tdpVb1uzTkVAAOhKOItsvq
jk/TbocHVECm9Y+ekzehqaj/CAjlxarl06BlSvnlIPErZO4vrsC31arIjc6xTKqpoAPnFqZQoGxk
Ikf9kF5ABUowGSmkqUgqCT5kRlXvjnGfdleouKF5shXxIe1q0rZeAFnLo+dVyo5ExAyLGcbCtBe2
xj68fMYMzdCxQ7f19kSAh4X7ddHET+S7uhXuAtJH9dDYnui+DqFr3HjhULOJzao6SEtoBO2GlstV
2ogpbrlhrkrQoYBS6doTW8OWJcflg1g8oTu5Hdi3qVG4YIsbO919eVGqGeIUKypQ4c0TQq3XyD7A
PSEiKRnGHHtLWpcgi3jQBffinxwdPz94/+psQBNtDKopKTygrar7Ufr6xMOmQYpOXfZ++V8GjZ/a
===END CRASH DUMP===
