PocketMine-MP Crash Dump Fri Feb 11 23:20:24 WIB 2022

Error: Player is not connected
File: pmsrc/src/player/Player
Line: 539
Type: LogicException

A PLUGIN WAS INVOLVED IN THIS CRASH
BAD PLUGIN: Dungeon

Code:
[530] 		return $this->isConnected();
[531] 	}
[532] 
[533] 	public function isConnected() : bool{
[534] 		return $this->networkSession !== null && $this->networkSession->isConnected();
[535] 	}
[536] 
[537] 	public function getNetworkSession() : NetworkSession{
[538] 		if($this->networkSession === null){
[539] 			throw new \LogicException("Player is not connected");
[540] 		}
[541] 		return $this->networkSession;
[542] 	}
[543] 
[544] 	/**
[545] 	 * Gets the username
[546] 	 */
[547] 	public function getName() : string{
[548] 		return $this->username;
[549] 	}

Backtrace:
#0 pmsrc/src/player/Player(1956): pocketmine\player\Player->getNetworkSession()
#1 plugins/Dungeon/src/hachkingtohach1/Dungeon/task/Scheduler(56): pocketmine\player\Player->sendPopup(string[50] ..a< GamingXF - 00:00:07 - ..6foxcraft.zapto.org >)
#2 pmsrc/src/scheduler/TaskHandler(117): hachkingtohach1\Dungeon\task\Scheduler->onRun()
#3 pmsrc/src/scheduler/TaskScheduler(141): pocketmine\scheduler\TaskHandler->run()
#4 pmsrc/src/plugin/PluginManager(466): pocketmine\scheduler\TaskScheduler->mainThreadHeartbeat(integer 2221)
#5 pmsrc/src/Server(1768): pocketmine\plugin\PluginManager->tickSchedulers(integer 2221)
#6 pmsrc/src/Server(1657): pocketmine\Server->tick()
#7 pmsrc/src/Server(1046): pocketmine\Server->tickProcessor()
#8 pmsrc/src/PocketMine(304): pocketmine\Server->__construct(object BaseClassLoader#2, object pocketmine\utils\MainLogger#3, string[36] C:\Users\tranthien\Desktop\FoxCraft\, string[44] C:\Users\tranthien\Desktop\FoxCraft\plugins\)
#9 pmsrc/src/PocketMine(327): pocketmine\server()
#10 pmsrc(11): require(string[80] phar://C:/Users/tranthien/Desktop/FoxCraft/PocketMine-MP.phar/src/PocketMine.php)

PocketMine-MP version: 4.2.0 [Protocol 486]
Git commit: 44818e6d1456dcf1f0fd3cd27da1dfecbe03c08b
uname -a: Windows NT tranthien4-8sin 10.0 build 17763 (Windows Server 2016) AMD64
PHP Version: 8.0.13
Zend version: 4.0.13
OS: WINNT, win
Composer libraries: 
- adhocore/json-comment 1.1.2@fc2f76979f0a44a5f5bc2a2b600d0762fe0e78e7
- brick/math 0.9.3@ca57d18f028f84f777b2168cd1911b0dee2343ae
- daverandom/callback-validator unknown@unknown
- fgrosse/phpasn1 v2.4.0@eef488991d53e58e60c9554b09b1201ca5ba9296
- netresearch/jsonmapper v4.0.0@8bbc021a8edb2e4a7ea2f8ad4fa9ec9dce2fcb8d
- pocketmine/bedrock-data 1.6.0+bedrock-1.18.10@e98c511584a7bd58a95986374d2df4b04c6a2ba0
- pocketmine/bedrock-protocol 8.0.0+bedrock-1.18.10@017e57c8f8a74118bcbba7332e7ebac9e6c81693
- pocketmine/binaryutils 0.2.4@5ac7eea91afbad8dc498f5ce34ce6297d5e6ea9a
- pocketmine/callback-validator 1.0.3@64787469766bcaa7e5885242e85c23c25e8c55a2
- pocketmine/classloader 0.2.0@49ea303993efdfb39cd302e2156d50aa78209e78
- pocketmine/color 0.2.0@09be6ea6d76f2e33d6813c39d29c22c46c17e1d2
- pocketmine/errorhandler 0.6.0@dae214a04348b911e8219ebf125ff1c5589cc878
- pocketmine/locale-data 2.4.3@4d0b081f1a79407e087968ea76aaf330db6ea2b5
- pocketmine/log 0.4.0@e6c912c0f9055c81d23108ec2d179b96f404c043
- pocketmine/log-pthreads 0.4.0@61f709e8cf36bcc24e4efe02acded680a1ce23cd
- pocketmine/math 0.4.2@aacc3759a508a69dfa5bc4dfa770ab733c5c94bf
- pocketmine/nbt 0.3.2@3e0d9ef6b6c5fb45e3745a121296e75631b3eefe
- pocketmine/pocketmine-mp 4.2.0@44818e6d1456dcf1f0fd3cd27da1dfecbe03c08b
- pocketmine/raklib 0.14.3@4798576fec0364266dce23b368a7fec5e5de7927
- pocketmine/raklib-ipc 0.1.1@922a6444b0c6c7daaa5aa5a832107e1ec4738aed
- pocketmine/snooze 0.3.1@0ac8fc2a781c419a1f64ebca4d5835028f59e29b
- ramsey/collection 1.2.2@cccc74ee5e328031b15640b51056ee8d3bb66c0a
- ramsey/uuid 4.2.3@fc9bb7fb5388691fd7373cd44dcb4d63bbcf24df
- rhumsaa/uuid unknown@unknown
- symfony/polyfill-ctype v1.24.0@30885182c981ab175d4d034db0f6f469898070ab
- symfony/polyfill-php80 v1.24.0@57b712b08eddb97c762a8caa32c84e037892d2e9
- symfony/polyfill-php81 v1.24.0@5de4ba2d41b15f9bd0e19b2ab9674135813ec98f
- webmozart/assert 1.10.0@6964c76c7804814a842473e0c8fd15bab0f18e25
- webmozart/path-util 2.3.0@d939f7edc24c9a1bb9c0dee5cb05d8e859490725

Loaded plugins:
Alerts 1.0.0 by hachkingtohach1 for API(s) 4.0.0
AlwaysSpawn 2.2.5 by Philip Shilling for API(s) 4.0.0
AuctionHouse 2.0.0-BETA1 by Shock95x for API(s) 4.0.0
BlockGenerator 0.1.0_beta by BlockHorizons, Chris-Prime for API(s) 4.0.0, 3.0.0
BuilderTools 1.3.0-beta2 by CzechPMDevs, VixikHD for API(s) 4.0.0
CraftingTable 1.0.0 by hachkingtohach1 for API(s) 4.0.0
CropGrowth 2.0.1 by NhanAZ, kaidoMC, YTBJero for API(s) 4.0.0
CustomItemLoader 2.3.1 by alvin0319 for API(s) 4.0.0
DevTools 1.15.0 by PocketMine Team for API(s) 4.0.0
Dungeon 1.0.0 by hachkingtohach1 for API(s) 4.0.0
EconomyAPI 5.7.3-PM4 by onebone for API(s) 4.0.0
FCCore 1.0.1 by hachkingtohach1 for API(s) 4.0.0
FormAPI 1.4.0 by jojoe77777/DragonfireHD98 for API(s) 4.0.0
Gems 5.7.3-PM4 by onebone for API(s) 4.0.0
HealthTag 2.1.2 by Shelly7w7 for API(s) 4.0.0
InvCrashFix 0.0.1 by Muqsit for API(s) 4.0.0
InvSee 2.0.1 by BlockHorizons for API(s) 4.0.0
KeepInventory 1.0.0 by NhanAZ, KhoaGamingVN for API(s) 4.0.0
LaunchableTNT 1.0.1 by Vecnavium for API(s) 4.0.0
MaxEnchants 1.2.4 by Xenophilicy for API(s) 4.0.0
MultiWorld 1.7.0-beta3 by CzechPMDevs, VixikCZ, fuyutsuki, kaliiks for API(s) 4.0.0
MyItem 1.5.5 by hachkingtohach1 for API(s) 4.0.0
NPC 1.0.0 by hachkingtohach1 for API(s) 4.0.0
Napthe 0.0.2 by hachkingtohach1,tungstenvn for API(s) 4.0.0
Parties 2.0.1 by Didah (@Diduhless) for API(s) 4.0.0
PlayerStats 3.1.9_BETA by hachkingtohach1 for API(s) 4.0.0
PureChat 2.0.0 by Vecnavium, 64FF00 for API(s) 4.0.0
PureEntities 2.0.0 by LeinneSW for API(s) 4.0.0
PurePerms 1.4.5 by Vecnavium , 64FF00 & ProjectInfinity for API(s) 4.0.0
RedstoneCircuit 3.0.0 by tedo0627 for API(s) 4.0.0
ScoreBoard 1.0 by hachkingtohach1 for API(s) 4.0.0
ShopGUI 1.0.0 by hachkingtohach1 for API(s) 4.0.0
SimpleHome 1.1.0 by CzechPMDevs, VixikCZ for API(s) 4.0.0
Spyglass 1.0.1 by ItsRealNise for API(s) 4.0.0
VanillaHopper 2.0.1 by ColinHDev for API(s) 4.0.0
VanillaX 3.0.0 by CLADevs for API(s) 4.0.0
WorldProtect 2.3.11 by aliuly for API(s) 4.0.0
_NewAlias 1.4.0 by Javier Leon9966 for API(s) 4.0.0
libEasyUI 1.0.2 by GiantQuartz for API(s) 4.0.0

----------------------REPORT THE DATA BELOW THIS LINE-----------------------

===BEGIN CRASH DUMP===
eNrtPGl33MaRf6VD7YulLGcG9zFZ+YkiKYmJDkakLG2CPL0G0JiBiQFgHCRHef7vW1XduIaUREfM
2h/sZ5tAobu67qPRmH/tJUW14c3HS1HVaZHvLa39vSbdiL2l7liW7TuWYc1NR3f399pSPdDNuefq
muP5tmU5rgvPMl43x1VVVHvLf+012xKG7b0sVml0fB0JmAeY9/c2oq75Ch+dZnwrKpbWLC8aFhV5
LqJGxDAmabPsWZrhoHLNq+VicbhcvKuBukVT8bxZpyJfHIn6oinKxbPi+rDiSbM4LaIL0bxKczF7
dTrHiYu6ihYlLbOQqwG4xAUU8g0OuDEIBmSAZW9pmz4IouIRXP9j74HGPjPhoe7bzqMlK4mCDcwN
AjkgCOSI2fcr0bwWzVVRXZyBBEAWDx/BOg90VmbtKs3rxVGbr0SRE/Y1j9YXab5qCrzS+2cNry8W
Z9FaxG0Gy3510Vrk8WlRtuXDuqkA3z9s7Z9sPuf/w55zmLH68IzNmKYt8V8XLudzJymuIxTn/BMv
m2JeVCv2PVFqjLivOxIW50DRC57HSI6uu0DPDu1BoIgPAqQ+CHryZ98X+dtWycH8LPaBXd3Sd/jt
RwbBiJDZ91WH1pqoDAUNKsM/r3gOVlg9tBznyzhH5G54mp+vK8HjF4JXTSh48zDNGwF4mGEYOq1o
j1Y8E9Ul0u063g1FIRGoqBExs++bNBoWrG8id25B7tjuDnL5RGKTYnBvmadZzhfmnVZFBHZaVBKB
N0Iw+NlDU7M+g+PjR3BoMLo2ah4W4Y/g2ewpr8UhxIj6ZcFjUT0w9pl6MkbQNmlWB8ErkDXEDuD+
gbnPlPWazj/Z4TIIKBSAPXWxAGxMBoMg6KJBEPSzLOsXzFLeGATEtv8Zto1dkddSqNKlVZwAf4BR
lfipTSvROaAHDvjtMW0AY0B7tPfPn/f3xL1E3jsHRlhRyupjml8W2aXYiLyBqWkeA7tRs9c9B5iK
AACKilggjbapATxoQBuiaauc/RcIoJ59n9aHHTUPH/0ZJtimTgN/pmsDrunCJGDZhlkasaTNI+SR
TWazJQuLIvsXjbduXS2fBGT2h8ePWQ6ph/3xj7ePuJU+e0Sf09Hn3krfLTkAqJyCJL2eojdNHt5O
62NF6yM53lfjg6ZZV8UVy8UVC4KpCTwMPqf4YE/yYnVKIW4s/Q5Ck/OMQQaWqWRgSZkv/vQnupNi
Yn9iz0VTs2YtWAvGn3MoJvCxox4v6O7z4oPxJDTpTsS85d1KZ4deUugrCn/+PaH/ntB/T+i/J/Tf
eELvsmeN2fIAjKehK4qXyw6wv9d3bHv6XJtrAOFtsy6qGuPbjuMiUl6m+MSiwXAvch5mkPmXoFix
vxeLEgIMToZndZE0R2MAugusdCMeSGq6v1gkgD1gmfHm7Pz9m7cvjwB0JcI6bZD2ddOUNUjrijfR
ul6nzfxKiDDbzqNis8D4fJBd8W19VvKrfMLyAB3zbcyNuT3l+3SdZmnJzuAPlCur++K7JLS1whoE
nCiqkSJMtegCA+9n5wdvz9+dTjgn5lrKZS8KSE9j7sbgKXtA8ezp8fmBPmXybA0m49vX38bd3jF4
dbHZHpye7A2c1go38CjpWiNdoOAplV9UMzL7NAM8z0UuKt7I2lSxu/NgzLA2B0v+GIqGT/mlKS+K
Kv0EYQgeHa4ryPKnFe5G7Ipgf8/8FkVPlgqCKbE3Vf0F/ts0g6HnUIaOvXcCnvow0D1D3o0p84ef
RLQ+fXUkLnHCD+l1evHi6L7sOkLk5SYG5EEQStoapA1Yn1J6J79epc26DcmbR2QvJqhANhQOwY/O
keCRcKbw30iEmxC1c3sXuYBYQLxpFlXbeb1tRD2HKnoR83odFryKF1IgRfkcavdmPZFGD9yNCjvx
4PWa5wd/B9gFT+Pi1SFc/e/507+IqrgvqcgVkPuOJpnV/w3DUMQi123dFJuTRmyUW4143300lYC5
KwGeXaa5Zur+fTHcIwSed2i5CblLPABH2I0FPWhq6bq9a+pDhcDOBd/cF4/d+lg7Xe74+W057BZl
DpQtehzIrGr6R7z22wC/Cafu25iBrntx5FFKHXgfAcfs23N3bs5OX1lTERS5COG/+2JdoQsCIakA
nEEwoeirpvvs8LCoxnFaAXZ1qf86upTUdH/vS5PPimozVWMHmbJt7Zrwj8WPhXDxn8VRxVdFnkDH
8OLI9+5LAMMC2OsQTf3FXdT5XGzGUYhuf0W7xPXl/+9CPDTrWbM+56sRBwNsmiX0ubFbN4ss27pX
7n0xUXcIg6An4m6JEXk5yS+hmqjXz9LrETdj6LQ4vuFhr9qfAN19MbMhbEGQ5pcREpCk17+k4AW6
z4SYMoKAr9Qu09r+nljZqeIlJb+Emb8KUcIskUPVvx3xNIV/JZn1Zdlf1wWXe3Q/vL7vimxC0T0U
ZS95m0drpOf89fmI8yn8K6H/BxHl/DJt761U6RGCEseE7NzeRbWv+PUxzsgnuypj6JQ5Y74TCD+I
vKD9gGh7X+yNUKIKe1ImN3dirs2a9H1RZfGYtwE4Zc1VHaf51Y7z8O/0an7bNnV7kVKnkaXpRf0f
6UM3SO8V0gv8j2n/lh50hAjltMXqfSwjCZjKx97dXfr/KmkkNd3f+yppXp8ejjjGu99INQ6k/LLI
9dn9w9e8bNbjJKQAu4nU+CKj+w10BXUj8sv8P8czEdb9vYtvn/KqScU4aHWQr6TYozTma/bwCfxt
15mo60f3xVXcYQyCUtISBANRv9Rde/qIW3rrddbwSZgeQ8dcm1Ds+R9xq/TXseARXZObbzbo07YS
h2vejGXQgW7sFX8uCe/vOdazZ5r2i9indU5FtaEgv7N1/IzTbnB9WhWA/QNEnqKtT49nHXy0ofxR
rg1iUXQPV3eyehh7nDfprumPwV8RxEuR5rk4e39f2s8IH5g80CAUDZKpEUW/bB+lI3ExwaLYl0qY
8i5hu62o/RkLYPtMaoH9kYHK8D3dCfSledrcWwkzUTNRN7q8i6LfirhuoCM8TKuoTccGv/tk6vg3
1N2IuNAc496avA5fEFSKkEgSEgQ3Kfsqm2dRUYmnmJNHHI6AOyn51wlnAz3j628OZmfronz+bryn
0kF+I4WIIqe/uK/K6yzdlJl4UWzGpckIuLMBvMv+7QX5f6L0rommNdAEMhjT9y2l99mGZ9mpOhkz
woqCKbcrPEUwFksH+kqPedLUbwXPXqf1ve1JjVAC+4qOu+/n/MDzNMv4i6IsJy8zpvCvFGuHRZbm
L0Bu98VUjzAIJoTs3P47Ou5JHZj/cJPvD18L2IcvD8i074thia7n78NwdRctUo8ISbLBg4wDMxPw
jbdRN15HpW22vb93UYgtCKglLiUJu1Z5xzrjVZtWSSqyeDEceJl1h9YaKGcWGw6NT7WYsAtS+fha
XB1kKR976gD7ypb4X6AIERV7KYrc9x3nvuQi0XZY8QwK0KL+/BvmPEW3kGh+xmOv4TGvt5O8NcB2
o9ROZ/k85XnztxZ6ok/3xbZcOAh6Ar5i0nhal1dAN+h153Vidw6JSLmGhrem4h34lG989jwMULg9
FEYbjm+nB0jEMyAN5o5hxeZjXDSQACdQdSp5ALRVNr6PeTN5nqRZIyaIV5tyfLuG7Dq+T6MivxwD
fqxJIf39JpRHtiawomr6YyeotrrhyFA8HlRGUzm8FUkmqMcZQ2uSaD0Fxdh6jSBnpy8ny2/rn7Ic
F1NXrH/UFBciTz9NRXB9rbhGcjHebPkmU4eg8PZTWsrqwac24BOY6Hg63F5vplIvkDxD00xdN3wA
nB69mbAeFx+JtF0ggNKpwgqw0rqeDJR5/sOrCc87FMAtHsDc4XOTXVXpjv7Lho5qooS7Yz6n6x3b
W7f5BR04NEhI8oxAugrTnOMePmQeY+6gJMQlBMBQDUJUULqVTaEAhhRWDIqWZqmpgmyImB+HtUbP
8fx8mifFxG7jGypPJ1ZCojTHoEqAe6Afrlppix3+v4O7sTenEZSqI+Gjd69LtS6uSIeVsnG7OHZ3
dGVei+FzL5CnQejp9M/e0tBsE8RWf4SCcG+Z8KyGuIRJp4gKwGp5DqyB7dmeZXm6J5xYt2wnjhI9
0ZLYjGLDjbkeJyIKhWZGmhcC7rZLomkeF1c1e33O+nOS1syr05zpoFVGNDDddR2TPewGy1OozNB0
5xE7eHXk4H48fss1EtonQZ5k9fayLj8WqJz3J6/ptQDdXKXyO4RNWdSi+gharnil9hV4vC6w01lg
6JjBGPVNA5bjxpMkMhLX8V0/0bhlcTuxw8jgRuhoWqy5jpEITbiecFGOVRpdLFS01Ob+3HwScduN
dS/RDC/xrMR13dDQHS+KdV/XQy0WwjAtkwsKhcArhCHIRxBgs5BHF7NLKABieYoOJHmRF1f5E/UX
zW5VFXUtFsAyr3M8t39pYAp+IkRieZ7v67FtChs0pUW+bVuh5oc6CBOICrlv+OgSELArUQteRWvi
f8NlCbt3Sd72xAvDSDN07ok4NITFXcGNxOOxlXBfRH4cCSOJQi+eeMkiFHEFdzOgnZMknbn23x0Q
5OrNdaDS9yJb120PsIax7XHf9j3HdK3YiBMg1oockDPXbkc9GCbZwk30mu4K241A7ty1dN0LozDk
rmkawhUgXF84kac7vrmDnmLG4OAg0Cc2j1whuK/zJOSxF0eW7yV2JEwrEo7hu7EtHHjMp5huVSLW
CeYTx3I91wKjcpww4iBT2/NswzKEZ0eGGRm2AMnYdBxwjBB7kkydlyLStCeWL7ipmb5viiROQtOP
YlMzhKGDY9oaoPYMzQf73MFUZMWAA6wC6Xdi10kMYZqx4+lmZPqx4UeGEVlOBJLU4x1q6MOjtTyp
T6hAxU9iDktbXLNMywvBwoVn6L4IE92wk0QHnjw/irxdcrICK4rOWNCEzSdWrIWapyc6d31Lc4Xm
ub7jCe46nCemqcUhkGyE9i6mFdFCTuBEvm5EWuJrtg2qjg1T1zwRGbHu+qHvJBZYGFB6A8NslHIk
KkdPXBCjFyUmKCwyLGEJ8HuDR7EAaWlcBzeAADhF1QcCiLNPOI8i07V9bmsed/w4AR+MLPjjuhoP
wSwjO/KtMJmiyMOmy01PTKHFvkic0InsJLRsAZ5ic92ADO4I13ZMPTTB8cUUw6jYp0LKkmZz9wA+
wlXxC1laQKglHbm+Z4PRiEgzHctwHIwGZmg64HEAtIUdC9c33NuwzNIy6iqaJ75hcMeywOcjJwIa
OLfxX880dFC9LiLLNT0uduRb50XxSXQZ/4nGwdchNLueHlm6z/XEsQS4lwWhxbQxANu+MHzkCUri
WmzRDYaKDl/3Gk8i+Me1hADpGh6URyE4kqWFtq7ZjhBebIah40QaH5C0bRoruZqQLPwwdJPQNj3P
8fUkdk0X5GpZcRRasQOzo8QAreP0dbupOe/m34zu9XaTFPkWNJhtocDIZl0xfQmkolWaGkQN3TMi
39N5qLt2DE5jWnGoJWDcju/5nobGdRsuSBmeNsJlu6GrG+BxIo5D340gsXEPQpNpRJ4FxuB6vhEb
wv8cLn2MKxZWyI3YQuklfhhrQvdDg4PPQSA2bYgukDm8RDYrm+ITtEgLCG2iUlkX847jOxZQEbme
BrZqcc8ywAiEBjqOdUhfwCRYsGFPkJTgcTOM3ao5h4Dkm37iihh8NgKTCEM/wqRrR6Fmxx7EW9/y
NRfQUK/U29Z8S+XqA4atNn4xl6SrtuL0PRoWeywpKjaproL8ATtfQyZltWjwlHDNeCXoi7ciF/jp
G29YxHP8Ai8ULM2jrIXgARdMfnQyh4QGmZfeKACus2IDMxNEsIuz5onYZwU8qWpEyUKIVhdsW7SV
wsXShG2gC4F+H1eA4ga/zcy2iBg69x7dAkpd3mZNza6K/LuGYe7nFYMmtoDglWIG2yKF+Gmd5Ptq
LXLWlquKx4BgHuRB3iFbBjljD96vBRLGmoLhV2sMUKgPeGoq/GosrWP5mEiVwZ+BPDPRkLxwTzUS
TOYWhGwQM0g8ErOMY3G8EktG9Sk+qNdtA9ViPlNfui5ZsKcKx6DVdF2H/2vCZBfroNVFnKQ9GO78
fMUyvOJ6+odgj1g4yLLiimVpjWx13/Wxy5Szv7Wi2uKYn/Ci2z1ZMmzhaeoxNfVqDgMGGBaWDFQL
0kNs4ZYpmeN4uQcw6x+PuHrwHlwLTAcUwOOYQY0m9YTyxw+72Ebwuq3o+1v8sjMUSDRIUfzU8gzl
u0ovYSwUH61gD9WiUEo/QuxyRTGrRAmt8Az0g59oLeExrf263YQgPjC/g3qbR/j9HMNPHsHg5jTg
XQ06RB/oOMVh66rIixbUDMPrfUZ7Vkw2Jeg4+wzL70p9yYqyAcdF2KbNwdRwiER+RnYAPIE5VsV1
CqYoQAzAEpl43hOHslUEnSRo1DgGjXefpc13IL6mommxwL0ssq2dyewh8NCCgxkkFmJjpjhdEqpd
o+ZkHFWb56jOGBvKoiQlUAdTz9mRuFTXbJOu1uD1eKRuf+ylynBQIlXVlo2ESoGhYDZAm+KLlAve
S11JLD2HXxZpDGTfTgHaCNoctAYpWNd8ZGgweCYH9ZYW5BsBy22l9z7PihCsB/efmISDH2zSBoPA
Rqx4SG852JkUtUbCTWv6PAKnn6PWrlKSPFkUePfVTCLqjKwmDvFkLFwwgcfXEE1SCdEtKY2cvhUG
f2arAhRVoD+jVeBCKyJzRqQtmYZcwOoUq2Xp9pvnADf0vkT/mlfxt9FfN0VJJKg425Ok0NUMwkeJ
aTfuCcJVO6p0zbAUYRQE3pNXKPrq7+6BQvILIgkjBotayFI5ZCkmrkXUUvAtJMnSIzGr9aPFdSRE
XA8cycD15vx4yc5fnJyxlyevTs7Zwenpy5PjM3Z6/Ja9f/P2r8dv9xkMYudvYNQxe//izctjdvr2
zeHx2dl8NwRM5GHYjhLHqajSgjI3BuIaGYzWgkIySaMPtjrIHmqHmGILDZlBKBQyzBKqwyIHPiFA
gzUhv58zNmlkV2tMwSATDEFyGGGWSCD0DoFcZiRa4w3mECwIaML85mi0BbUbDWorRYR1g5Qskiv1
Kuf2PIB5ibIeWDU1xWv96HaSFOem4nzFqxA8YzaU4BSAbpcuuRqSo2YxNQti94bnLVUpY0qggmvB
Bh/tdzlh1wg7M5TpNYFeRf04wWZwwTl7I2O+NHgoM4o2i3taUkgiVzkb6K8l4pLIB0YdTVO8wmrP
KFjcSJJkOhJDz1tSFZsu2crZasRsbJpjDSM3SpM3bIPdYlIT6zjrKktUWVXQR66dIcftppRlmKz1
mHowwwedvo5wkJpAtBOZHQdwB2kenJ3fImBI2pD4YIVLMLK6bgUGhmYNWlt1ZSkGLVxtoGq/U6Ss
EVT1OZfU4NDPymnDr2e0fVt3tB/yEqHppt1AjoX0WiHyhudQfoIimfwdBknFIFf0FyVK8pibNgZV
eakoogVnWC63kHStXmNHhXy0a9NYG2HUk/jl4M6FJC41cMwZVQ4z2h7ueTsCUqhWgfIRpQfUyQJD
Yik5Ni9MzpEcDtzBNCVPyU+3Mg4eql0UYIb9gsL7ZVRfssMgVz8vslQpAkqzdZHJEjPEMyVUiRPJ
UDWBCakkQ7FNtkjqqUwtoeiLTZneHoy11D3CsFptG0S+z2b6SIGkPFp41nTEqBRAUXuoY+mVApaQ
seQcmx4q9HEyABVZc/YCakGwpcdU3LHD03f7DA88wsA8vkpjMHuqFWT07PHPCP+SOV3ZPVTkNUln
NHbODmIIVGueJQvoOWWbEAuwYbUULMpw/xANbOSIQ9obIRu3IsfXGNWwxOTZnCER707z067YHjpF
7CWQqCs8PQQT2zIvZ+p+p7t5pbyuTj+JXp9YlndqrDHhqZIJynZpHqPUavmGnPRozk7VnIxXK5rA
VcuqbIFWTCq+QhZAJyC2usyoYsE+FM+ooLPzCvV0mKUwSjbW+KMPom7Yq/N3RGkNLCHbYdvQT+mQ
KoflZHMx72LNpmlnOGtJ1I77Q5HTeyfy9YThDgL9VkvPJjTKSZJGc0ZZas2xCGDpBmTToO5AG/TT
fRCm9okWUNolEb1GSUDUpUAMKZpTOK+lSmUpAWMbZaPIiZAbCSrUqW7q6A0VSUcnZwdPoT6ieqrN
yYYwYLcYKemVqSwSUjRG9XtQ8bjfGPgcfD0WYbtadk3b90zHZk2VrGsIV/ScqV6+lrsP6M15Xcjk
rTxCR2SSaontcF0UNe1QdL2a6LpxiuK4vcxqftllC7jEAxD0Czv4bNTGA2H0Vl4WbWrz5scizeWG
AEnqO/YhLK7p54zYyRF7+OHdydEj0Du4PdAA469AbagYPB8LzoE9XBUr+cjyA7yhGHSXg7d/ePqy
w6/6uxHku/63k6hwIPWqUoR4K7qtJJVGr4G+GR5IeFwkCS0Lz9JkO7tu03hQCMlzNt3FOadtGOlq
8lcipQwo0iu/amu1HRRBEGlkmFVzZnLOkqkXrriMTCEqPKpVMAfyfNX3KDlOy3ZT8X436jIVV7M+
Qd+2cyaFe7ApWoweicx1KpiAyDrRYm7H6EhbIaB+vKbkDJPfUqoeTSbGcyFb71BIZKFI0PfpZ0DI
ldadnZFpIXia9CX7uFDPPsRAxndJLeUP9sBqAvLpbVRqt5PJK8AUM96ZOxDbTca/PTXmzg5PiB/M
oZ/VaSxzBvLDQadgcHUbjqWwwiQKI0QsUyfd9KmNtpqUcfAoEpmgTkGaN62apRewBPbJFIkyDqyv
6DcFZByDJThbS2yjIAfeXzcyJROxM5RGR9psEI1k7eSoHvGFYRo1L7Ex+YK1Z1NtOXVlDs2ZKAnw
zZjBHgCZeCCwV+SwrdXrcn5TmSp4XfGUullIJtDqSSsqi7LNOrdRN5jvaYxKG6aBC1IbhFzSSphx
MXJBSaAaDISojbylKnVw35GaawmWlYKyLPwRmz5Cx0PQQ8+c4Q/17YD6wDAFq5MHo5wO8WAmz1b1
I9egt6UkZV5uNuU8LYhiCHXbDTaH4MoN7rNG9UA6pin1nA3PiQUKc3y1qsRKbSmq/Ue5zYI/8Xax
yx/RB7HmzdEb/BWnmUoKsj7A8HUlZAfC6efzcMWaCB8YINh89HYA8nQv+bbEM0xSOTeECgqVz5Ux
QSWEJwwol43yzSFu4ovxXt4+JIdyzcEtBEb2Cmno6lLIGImooPeYYVzMMRnKp13ukpmDT/YG1amP
UbJtoQaH2oZiaxfCFELSsnzerXFDq5KvsVqbdDNkEJWNESmOR6vHhIFaxDCOC9Kmp5rUbXDPhwXU
k/EKneS+nO9VMpGalB4w2ktSOAB9o+TZ7RqtFVCGuKrvJFR0wE14aNZiKoPSpEeEL9PbSr6awWjT
baXIyAv4VHTq8i3H04WqT4PSmuNhKXWHBRDQqHS17JQmn4GN4p7ekv2DKhcoWvdpk++fiFQm5j55
j18ZERtYSVcU4HEbpftVI9ofuS2PUnym9rGmjoHab/yMssyEKgLG5Mt1CS4vASO6gaXJnDqsuGTP
Xh6cSyC2GgJ31v6sjm7s2/41fVSxb17HadXsU9D9s6r05LuW8aaFdGJMdCBatafIW2V1GSgr2jL5
23Vt1cXdrlOr+rc0FFQAD6SjiF6X1Z2cZt0bHjABWdY/eEbRhJai8RMkVBcryMcRZEb15ajwK2Tt
L64httWqyY0usE2qqaGD4Bam0KBsZSFH45BfIAVaMJkppKtILgk/VEZVH47xPe2uUvGF5umg4kN6
q0mv9QKoWh48q1J2JCJmWMwwlqa9tDX2/uQpMzRDxwHdq7fHAiIs3G+KJn4sv9Wt8C0g/WAgOttj
3dchdU2Blw6BTQSr7iAtAQjWDZCrddqIGb5yUwDsn1S19tjWELLiuHsQi8d0J98G9jAocBGK+7X4
Xqe7Ly9LhS9OsaECC94+Jsp6g+zz22PikWphLLEHzrr6WMSjIfgq/vHR8bODdy/PRyzRe0G1JGUH
dFV1P6leH3sIGlXoNGTv5/8D5JUx+Q==
===END CRASH DUMP===
