PocketMine-MP Crash Dump Fri Feb 4 00:41:09 WIB 2022

Error: Class "hachkingtohach1\FCCore\AddActorPacket" not found
File: plugins/FCCore/src/hachkingtohach1/FCCore/FCCore
Line: 572
Type: Error

THIS CRASH WAS CAUSED BY A PLUGIN
BAD PLUGIN: FCCore

Code:
[563] 	}
[564] 	
[565] 	public function getDataItem(int $id, int $meta = 0, int $count = 1, $tags = null) : Item{
[566] 		$class = new ItemFactory();
[567] 		return $class->get($id, $meta, $count, $tags);
[568] 	}
[569] 	
[570] 	public function lightning(Player $player) :void{
[571] 		$pos = $player->getPosition();		
[572]         $light = new AddActorPacket();
[573] 		$light->type = "minecraft:lightning_bolt";
[574] 		$light->actorRuntimeId = 1;
[575] 		$light->metadata = [];
[576] 		$light->motion = null;
[577] 		$light->yaw = $player->getLocation()->getYaw();
[578] 		$light->pitch = $player->getLocation()->getPitch();
[579] 		$light->position = new Vector3($pos->getX(), $pos->getY(), $pos->getZ());
[580] 		$block = $player->getWorld()->getBlock($player->getPosition()->floor()->down());
[581] 		$particle = new BlockBreakParticle($block);
[582]         $player->getWorld()->addParticle($pos->asVector3(), $particle, $player->getWorld()->getPlayers());

Backtrace:
#0 plugins/FCCore/src/hachkingtohach1/FCCore/FCCore(414): hachkingtohach1\FCCore\FCCore->lightning(object pocketmine\player\Player#40029)
#1 pmsrc/src/event/RegisteredListener(75): hachkingtohach1\FCCore\FCCore->onPlaceBlock(object pocketmine\event\block\BlockPlaceEvent#153430)
#2 pmsrc/src/event/Event(62): pocketmine\event\RegisteredListener->callEvent(object pocketmine\event\block\BlockPlaceEvent#153430)
#3 pmsrc/src/world/World(1873): pocketmine\event\Event->call()
#4 pmsrc/src/player/Player(1611): pocketmine\world\World->useItemOn(object pocketmine\math\Vector3#234200, object pocketmine\item\ItemBlock#222521, integer 1, object pocketmine\math\Vector3#194568, object pocketmine\player\Player#40029, true)
#5 pmsrc/src/network/mcpe/handler/InGamePacketHandler(360): pocketmine\player\Player->interactBlock(object pocketmine\math\Vector3#234200, integer 1, object pocketmine\math\Vector3#194568)
#6 pmsrc/src/network/mcpe/handler/InGamePacketHandler(223): pocketmine\network\mcpe\handler\InGamePacketHandler->handleUseItemTransaction(object pocketmine\network\mcpe\protocol\types\inventory\UseItemTransactionData#124504)
#7 pmsrc/vendor/pocketmine/bedrock-protocol/src/InventoryTransactionPacket(114): pocketmine\network\mcpe\handler\InGamePacketHandler->handleInventoryTransaction(object pocketmine\network\mcpe\protocol\InventoryTransactionPacket#142899)
#8 pmsrc/src/network/mcpe/NetworkSession(395): pocketmine\network\mcpe\protocol\InventoryTransactionPacket->handle(object pocketmine\network\mcpe\handler\InGamePacketHandler#198671)
#9 pmsrc/src/network/mcpe/NetworkSession(358): pocketmine\network\mcpe\NetworkSession->handleDataPacket(object pocketmine\network\mcpe\protocol\InventoryTransactionPacket#142899, string[250] ...................J;.........display...Name....e..9..c..6Premium Case..........)
#10 pmsrc/src/network/mcpe/raklib/RakLibInterface(192): pocketmine\network\mcpe\NetworkSession->handleEncoded(string[143] c.a...(...Q.........I...a......\..\..)...9...,.~.........Znyhy...f.E...........p)
#11 pmsrc/vendor/pocketmine/raklib-ipc/src/RakLibToUserThreadMessageReceiver(42): pocketmine\network\mcpe\raklib\RakLibInterface->onPacketReceive(integer 0, string[152] .~.._T.".{W..>....Ax.......i3.........ZlR..t0.:t...G..N.y.Wq.t..9r...d......p..5)
#12 pmsrc/src/network/mcpe/raklib/RakLibInterface(122): raklib\server\ipc\RakLibToUserThreadMessageReceiver->handle(object pocketmine\network\mcpe\raklib\RakLibInterface#36596)
#13 pmsrc/vendor/pocketmine/snooze/src/SleeperHandler(123): pocketmine\network\mcpe\raklib\RakLibInterface->pocketmine\network\mcpe\raklib\{closure}()
#14 pmsrc/vendor/pocketmine/snooze/src/SleeperHandler(82): pocketmine\snooze\SleeperHandler->processNotifications()
#15 pmsrc/src/Server(1645): pocketmine\snooze\SleeperHandler->sleepUntil(double 1643910068.8408)
#16 pmsrc/src/Server(1034): pocketmine\Server->tickProcessor()
#17 pmsrc/src/PocketMine(301): pocketmine\Server->__construct(object BaseClassLoader#2, object pocketmine\utils\MainLogger#3, string[36] C:\Users\tranthien\Desktop\FoxCraft\, string[44] C:\Users\tranthien\Desktop\FoxCraft\plugins\)
#18 pmsrc/src/PocketMine(324): pocketmine\server()
#19 pmsrc(11): require(string[80] phar://C:/Users/tranthien/Desktop/FoxCraft/PocketMine-MP.phar/src/PocketMine.php)

PocketMine-MP version: 4.0.0 [Protocol 475]
Git commit: 468faa464b2bc5c97f23fafbb71ea61035f6f218
uname -a: Windows NT tranthien4-8sin 10.0 build 17763 (Windows Server 2016) AMD64
PHP Version: 8.0.13
Zend version: 4.0.13
OS: WINNT, win
Composer libraries: 
- adhocore/json-comment 1.1.2@fc2f76979f0a44a5f5bc2a2b600d0762fe0e78e7
- brick/math 0.9.3@ca57d18f028f84f777b2168cd1911b0dee2343ae
- daverandom/callback-validator unknown@unknown
- fgrosse/phpasn1 v2.3.0@20299033c35f4300eb656e7e8e88cf52d1d6694e
- netresearch/jsonmapper v4.0.0@8bbc021a8edb2e4a7ea2f8ad4fa9ec9dce2fcb8d
- pocketmine/bedrock-data 1.5.0+bedrock-1.18.0@482c679aa5ed0b81c088c2b1ff0b8110a94c8a6c
- pocketmine/bedrock-protocol 7.0.0+bedrock-1.18.0@040a883a4abb8c9b93114d5278cb5fecc635da82
- pocketmine/binaryutils 0.2.2@f883e1cf9099ed6a757a10a2f75b3333eeb2cdf9
- pocketmine/callback-validator 1.0.3@64787469766bcaa7e5885242e85c23c25e8c55a2
- pocketmine/classloader 0.2.0@49ea303993efdfb39cd302e2156d50aa78209e78
- pocketmine/color 0.2.0@09be6ea6d76f2e33d6813c39d29c22c46c17e1d2
- pocketmine/errorhandler 0.3.0@ec742b209e8056bbe855069c4eff94c9734ea19b
- pocketmine/locale-data 2.0.20@a6e4eb22587e0014f6d658732cf633262723f8d3
- pocketmine/log 0.4.0@e6c912c0f9055c81d23108ec2d179b96f404c043
- pocketmine/log-pthreads 0.4.0@61f709e8cf36bcc24e4efe02acded680a1ce23cd
- pocketmine/math 0.4.0@6d64e2555bd2e95ed024574f75d1cefc135c89fc
- pocketmine/nbt 0.3.0@98c4a04b55a915e18f83d3b0c9beb24a71abcd31
- pocketmine/pocketmine-mp 4.0.0@468faa464b2bc5c97f23fafbb71ea61035f6f218
- pocketmine/raklib 0.14.2@e3a861187470e1facc6625040128f447ebbcbaec
- pocketmine/raklib-ipc 0.1.1@922a6444b0c6c7daaa5aa5a832107e1ec4738aed
- pocketmine/snooze 0.3.1@0ac8fc2a781c419a1f64ebca4d5835028f59e29b
- ramsey/collection 1.2.2@cccc74ee5e328031b15640b51056ee8d3bb66c0a
- ramsey/uuid 4.2.3@fc9bb7fb5388691fd7373cd44dcb4d63bbcf24df
- rhumsaa/uuid unknown@unknown
- symfony/polyfill-ctype v1.23.0@46cd95797e9df938fdd2b03693b5fca5e64b01ce
- symfony/polyfill-php80 v1.23.1@1100343ed1a92e3a38f9ae122fc0eb21602547be
- symfony/polyfill-php81 v1.23.0@e66119f3de95efc359483f810c4c3e6436279436
- webmozart/assert 1.10.0@6964c76c7804814a842473e0c8fd15bab0f18e25
- webmozart/path-util 2.3.0@d939f7edc24c9a1bb9c0dee5cb05d8e859490725

Loaded plugins:
Alerts 1.0.0 by hachkingtohach1 for API(s) 4.0.0
AntiInstaBreak 1.0.0 by PMMP Team for API(s) 4.0.0
AuctionHouse 2.0.0-BETA1 by Shock95x for API(s) 4.0.0
BuilderTools 1.3.0-beta2 by CzechPMDevs, VixikHD for API(s) 4.0.0
CraftingTable 1.0.0 by hachkingtohach1 for API(s) 4.0.0
CropGrowth 2.0.1 by NhanAZ, kaidoMC, YTBJero for API(s) 4.0.0
DevTools 1.15.0 by PocketMine Team for API(s) 4.0.0
EconomyAPI 5.7.3-PM4 by onebone for API(s) 4.0.0
FCCore 1.0.1 by hachkingtohach1 for API(s) 4.0.0
FormAPI 1.4.0 by jojoe77777/DragonfireHD98 for API(s) 4.0.0
Gems 5.7.3-PM4 by onebone for API(s) 4.0.0
HealthTag 2.1.2 by Shelly7w7 for API(s) 4.0.0
InvCrashFix 0.0.1 by Muqsit for API(s) 4.0.0
InvSee 2.0.1 by BlockHorizons for API(s) 4.0.0
KeepInventory 1.0.0 by NhanAZ, KhoaGamingVN for API(s) 4.0.0
LaunchableTNT 1.0.1 by Vecnavium for API(s) 4.0.0
MaxEnchants 1.2.2 by Xenophilicy for API(s) 4.0.0
MultiWorld 1.7.0-beta3 by CzechPMDevs, VixikCZ, fuyutsuki, kaliiks for API(s) 4.0.0
MyItem 1.5.5 by hachkingtohach1 for API(s) 4.0.0
NPC 1.0.0 by hachkingtohach1 for API(s) 4.0.0
Napthe 0.0.2 by hachkingtohach1,tungstenvn for API(s) 4.0.0
Netherite 2.0 by Wertzui123 for API(s) 4.0.0
PlayerStats 3.1.9_BETA by hachkingtohach1 for API(s) 4.0.0
PureChat 2.0.0 by Vecnavium, 64FF00 for API(s) 4.0.0
PureEntities 2.0.0 by LeinneSW for API(s) 4.0.0
PurePerms 1.4.5 by Vecnavium , 64FF00 & ProjectInfinity for API(s) 4.0.0
RedstoneCircuit 3.0.0 by tedo0627 for API(s) 4.0.0
ScoreBoard 1.0 by hachkingtohach1 for API(s) 4.0.0
Shield 1.4.0 by JavierLeon9966 for API(s) 4.0.0
ShopGUI 1.0.0 by hachkingtohach1 for API(s) 4.0.0
SimpleHome 1.1.0 by CzechPMDevs, VixikCZ for API(s) 4.0.0
Spyglass 1.0.1 by ItsRealNise for API(s) 4.0.0
VanillaHopper 2.0.1 by ColinHDev for API(s) 4.0.0
_NewAlias 1.4.0 by Javier Leon9966 for API(s) 4.0.0

----------------------REPORT THE DATA BELOW THIS LINE-----------------------

===BEGIN CRASH DUMP===
eNrtXXtz27ay/yoYuXNrz5VkvkWqk0wc22l8TpzoxE7T06qTAUlQYk2RKh+2lU7vZ7+7C5AiaTt2
GnfaP5JpIhIEFr99YB/go78Poixf8fLDpciLOEsHU2s4KOOVGEx1xzI9XdMcb+xOLB3aq7W8YujG
2NAc0/J007Is2xgOEl6Ux3me5YPp74Nys4ZeA3k+HKxEUfAFthxCt4LNB0seLC/idFFmeKTP5y8O
D7NczOcHYXgQlFk+48GFKOcDlmYli7IqDYFOVCXJizghQtP5/F0BkOfzMudpuYxFOp8fieKizNZA
Lrs+zHlUzufrpFrEabGdociD+fzO+eXveL1c43xyLkViX17bBwL7vfH1JfkDI5M4hZH2BAQD8AI4
/nmwo7HPpbQLUt+bsnvQjp4m8WJZptBjN/N/FUHJ1hmKbwUoUAJ8I/L5fEa/O5amGd4eYNzR2XqF
EPCvuBRpuf9WLOKiFLkIX+FvKvLdif0QAFkK1APxPIF5b8NA5OdzH6/P59SNBhxj+45um5apESbj
BibqsusYAOMWijcRj54GPEnkqC9BYraQXGV5Eu6/x393dXdi3o6FSMjpd4mE1SIhtbAvlbCrO7re
I0JzzOc0yehpVYiTUqzepLfxAMt1OZ//IHChmDuGaRmaNmS3dIyBxHyOhIjRHcMwbEMfsjgtxULk
TL91VJe87lm2497a8TbLGrIyrwSxb7fYT0UJDF7sr4K1AJtPwwSEcZJ+z1dCLvWXsm3XdLSeYLqz
jJ4ieFhT5Z3Gdrt4Pp9nYsL5M0wYRt9E1FCYCMai/6GOoJubo0dP5dV30gTOwb0VwC745tuY7RFe
51mZBVkCbhF8MLi9OEWrzPIN+csewSNe8h3dsGzNImYnilkYEmb5/naefV+EOZyNavokj5Oadouk
ZGVXJ8f1hRK4jf5nyeBugDu6Zbie9IPuXSp+LU/OIHzhzKZnf5qnh0xc8/YAPj4lIjBR15nohN97
KH7b/TT+bv8aKRqJ0uqjyn7IijKHoPKzYWu/sPHNP//6rjkM4wLdABy9BklgC/zjjcfBeOzMcrGK
qxU75IXYDpYRTrtLNDm/SGJ//y2/eBX7J+hRIggCu7pn/BkRHadBFopwVzGkW+YvLBhzgLELf//T
gDqBv1wezufy796YGBkPx//XdPsp3SyR12h83BLHWrKk37lGJU+jeC35lbydZ5gmnS9zwcNTmYe9
FYGIId3bte5hVhKEINuVEoV70qSitFv7Vq3RqW4boFNg6cP5eD4Y//5+PH6KTBxcK25ic8tu8nY8
LrXxtIST70HF4834/W9jOPNy1L1ifzy2pQSMz1WqgXzWzIA0LnFRgZhqzj4ho89YrndIa8d0bM+R
yM07dVekWfZRZoRniRBrkdexRL8vltyppQeM+T1IsqLKxR8yYdGtPwHQ7VuR7Dqfd/sBHoggIN3X
WRlHccDRIRRq3naqcEYKghTJsh9IuMDzd2kZJ7thVvmJYE3p4o5dS5ORXHdumUQz+3FKXhk9LWPI
DCXiLFcwJy0KMxpzCmN2TU2/g8iHDwEwCRlR0DjP5+CmqAx6lfEQHLlxaz5SATMQvU95nL7KFrC2
dsxmbZnOL+zB9U8zyrI+Y1RTNUm+3Tv4NvrCk4tLSUvFpV1KdXPxWxVDRaPQuODy10ueT/f3D6f7
hGm/gbSvEO3XgFqTjk5nYxzYw4IV297glz+GA/FXF6FfXhQCSjn8A2RnWXIpVhApgWYIAgrKQX0V
WpqxGF+QKdsxoXle/gFttmPRMR3adLgG648DFlUpxVu2ECWGb0z70Emzb+KQMmH2zUqUnD1hmjoN
gLsSziE7/qbkiwIOU6i299iU4eDfaQ6H5piX3wQkQegirujyC47i2uzufUf9JqpfLsoqT5nsPnoK
YHYJAE0+VJOqCdVQt8Wd13A30W7lblv2ytqAfSNrBUB9mcUhgZ7oNeh1hpBVF0Izy4qYcsq977AH
dTegO1N/vqEJFJ9do1CsTsyaOnUFrwFGBwPmA1wPAdrutEH5wc8SsCY50OoNJAm+BXnEK3ESoiZk
P7vXD0UXctLdz7/ILk6/S0bSkRqUXSa9Lht+1ZPFq0x65N09Ov0vv6pZdHtj13EZLD89eoZd6vFe
f7ySupKrqrl2UT80+MfdPbCJ+uy/nbOfdvckVVerqVIl34MjK3WJRZaJt6t99DRKMvTuo6dhdpU2
xLc2w3OIA4lQWInWc0gTLmbqwq6cX43rGM9teHgYbkcSU7yoBUB8qovDO9mRll4Q1D++7i593V36
urv0dXfp6+7S192lr7tLX3eXvu4ufd1d+rq79HV36evu0l+yu1RvzBS4E3MAxlHSUcrxmYi6YTho
nqQY6GNtrEELr8pllhdYp/WKHSTK1zFesagznIuUg5WFgynmusNBCNaYhjgYrhVZVB61G1acNopu
1FASTf2Lu09gENBx9ubs/P2bt6+OoOlK+FAJI/ZlWa4LkNYVh8K9WMbl+EoIP9mMg2y1j3XmAdj/
Cdgap+q3zXX3wj3cz05PZ+xc8NVj8b1ercC0uiCkYd/HMnFVUeLwMoOCqM1Tu7nNkYFQR8+Pzw/0
Ll9nS7AVz77+MrYGx7Ces9XmYHYy2LJYKNrzOZe4logLmO6ivJfZ51WcgEs4z7Kkbbad5q76TGDW
FyU3uswefhTBcnZ6JC5xwA/xdXzx8uixFBog8fUqBOJQR0tsJWKDcrqL9EEGvYjLZeWTGbdg73dI
gWzID8DyOUfALeF02/8hS7sDqnf6ELmAWEC8cRLkm3GxKUUxhvi9H/Ji6Wc8D/elQLL193l2VS47
0mga+6uitx5eQ15z8BO0XfA4zE4P4ei/58//JfLssaQiZ0Dua0wPW/a3GIYCC1yDbfSXR9PUVb5u
33BtTbR4VAdXz4+B9LJn+mfnB2/P383u42+LbL+hAcy2nM2W3VZjm2F7PBmbo9mp1eU5S4UPfx+L
V0VuPhcSBdCczzuI7nVy6obJlqHmDkp36ep/z9Lt7mw+1mJ9keWrrhrrli7bVt9mf81+zcQE/+wf
5XyRpREkUS+PPPexBLCdAPM/wtQcPESd34tVezHS6d9olzi//Pch4F8KnpTLc75ocbBt63pQfWz0
MwqRJJvJ1eSxmChqgvN5A+LhmdJJeglxpli+iK9b3LRb2/xoN1fYafUbkHssZlZEjfYfAwQQxZAe
yZLngdycCdFlBBvuiWq0J/wyy+OPUHY9FisdorSxBUg+h5l/Q3nabIe1eOq235O7NAH738uMf8+h
3lr88PqxY3UH0SOE61e8SoMl4jl/fd7ivNt+j+v/QQQpv4yrR4vYDUFQYhtI7/Qhqj3l18c4Iu0U
mu3WLnNG34v8KNJsvYyTONg8FnstkqjCBkrn5EHMVUkZ0w2pNm/bxi5rE1WLmPfWIoc/0asCm6os
qouYctAkji+Kv6RCWSFedXOtg/1LqpMWIZTTBu+rtGUkG7ryscf235PSSDT172OlNK9nhy2O8ewf
UnwBlM/zXHduqbzm63LZDkKqoR9IjU8yOiyrdIH3pi/Tv45nAlb/PmRtvxbQMafzLXtNWy/Mdvl7
D/X+xyrWDfOx+NlSpDssEsSfDj9bavtbjoBleQP5rOQdX91ubbNtQsbnfcCdpL/HjFu4OidfbNWz
KheHS162ZVA33dhKuysSDweO9eKFpn0W+zTPTOQr8vS9nbUX8hZhMcszoP4juJ+sKmbHo7q9td/2
Qc4NYlG4t0cPMX3se5yWcRmLoieEpvkeQbwScZqKs/ePpf2E6M3na8AgFAbJVAvR5+0p1BD3O1QU
+1IJXd5lW78ete+wADZkUgvsfxioDG9gnEBxmsblo+UxHTUTutbhQxT9VoRFCWXhYZwHVdw2+P6V
7sK/oe5ShJnmGI9W6dX05vNcAQkkEHygqY/sXjbPgiwXzzEwtzhsNfbi8t/jzrZ42sdf7MzOlrHo
pKeq4Z5tlX+BDYv8lchSz3Ocx2K6SxX4JCz174NUuczW37876fAjW/4hyZWC0xw8VjZ5Fq/WiXiZ
rdr5SKuxt7fbZ//2IuOvKCcKwrQETCCDNr4vKSfOVjxJZurh0BZVFMx6s8C7xW2x1E331M0nZfFW
8OR1XDzaPluLJLCvcDx8j+oHnsZJwl9m67XIWxx12+/Z4znMkjh9CXJ7LKYagvN5B0jv9M/ouIEK
zH94La4Okpi3Vblte5DDYn+1xyIs6udP8Nslty/J/IEvU/AcGC5F/0ZMfTef8F9DjVRQqgcCkjcJ
Bi7qH3cU/AAf0Wy3BDwBfmBsuy1bfQizEvxLp1W9aLJtqPKkfR7ysnM9ipNSdAgvVuv26RKcV/s8
DrL0st3wa0GabM5XvnzwodOW5aWqIeXmclFyZChsd1oHXTm8FVEiKCNutxYk0aLbFGKi3mo5m73q
TL8pfktSnEwdseZSmV2INP7YFcH1teIa4eKa3PBVQkvUoNOP8Vo6Z4+Sxo9J7LeHw+n1qiv1DOEZ
mmbquuFBw+zoTYf1MPtA0PqN0BR3FZaBaRdFp6N0oz+ednjuIYBTfOarx+cqucKSsdMIZTX2RAlb
KvrOlj3bW1bpBT23Y5CQTJJKvPDjlOO2LySWxthBSYhLSAd81QlJQWRcl5lqMKSwQlC0NEtNxbvt
gzYftnO1ruN7T3EaZR27DW+oPO5YCYnSbDflApYHrsNFJW2xpv8TLDf2ZhZAJtASPq7u5VrNizPi
Q/g8aRcX7eWOS5kXYvsxk0ae9CjBYGpopgFiKz5AvB1MI54U4Mzqx0oHU2tiwxyYzA8sx404txzL
N/zADrxJZJgRj3x/ogvu6JppR05k6C7QrhSU93EaZlcFe33OmqeNrJFbxCnTAQUjDEyfTByT7dad
5cNczNB0Z48dnB45eC8Lvz/SEtpHQSvJauxluf6QoXLen7ymnWQ6uaIwCU5qnRUi/wBaznmuqlAe
LjPMi/fRdYygj3rlDLMd41kUGNHE8SZepHHL4nZk+4HBDd/RtFCbOEYkNDFxxQTlmMfBxb7yltrY
G5vPAm5PQt2NNMONXCuaTCa+oTtuEOqervtaKIRhWiYX5AqBV3BD4M3xRQafBxejS57E4CLxpT2Q
5EWaXaXP1C+a3SLPikLsA8u8SPHFnEsD7fqZoRmep5lmAIqwTE0TvmM7YiJc4bpBZBuhHjqOZ+Gs
4LBzUQieB0vif8VlhjC4JOt45vp+oBk6d0XoG8LiE8GNyOWhFXFPBF4YCCMKfDfsrJLmoXV8G0tt
wWr/WzeCXEF7zyzXCJyJx7ktQs139UADcIavRxGe6Rr3rMDlTnA75a1dDiYItE9dszTuuia3uO+7
ged74Oqs0DYmbuDbkQgCx7RD7ho96uQxtsvbQAMAMkIPIk/zPBE6fGJPOKADq7B9E/5AWWQEYeR1
Kd2qQkwVzWeONXEnFpiU4/gBB4narmsbliFcOzDMwLCFG9g270GjFwWTTPlMhAYi9AQ3NdPzTBGF
kW96QWhqhjB02wltDUi7huaBdfYoZUm2paF5vnBg1YYTWLLCNEPH1cFwvNDwAsMILCfQJ0IPe2jo
TVL1mHztTp+JYGIZPk7parbj+8CQrTleYIkoAmV6E9MSXPf8Lqkkw3yiNhVMOw3tGXeEBXI1bHci
NE23Iid04Ng0gsgxTQMqePA4bmj2SS0IjIVgnMDTjUADvdl24AIHpq65IgDjn4A5OJGlWYFm3aQw
akUcScrRowkyFUQmaCwwLMAGy97gQQgG4Wpch1VgBr010PgBIhE6ljBs2/ZDQ3ho8YZlT8Ah2CEM
jgLdBIxe1DP21C8b4XpuYHHN8sEyPN0W4FNcMzR9DWwbBAULU+c+qF/vUtgejiiPkov6M/z3jafc
ZViyYGEIk7uOroMtTzShRxzWlGPYsPB0cHaWNRHgOnwugtuo4LPydULzzDMM7liWBcw4wSTk4BLw
P9c0dA1sTwTWxHS56MlXPpNcB/xnGg9c8NVg83pg6R7XI5A4rC9Y9K5po/+1PWGQ8UFGXIgNroNt
Qkc3CJ8F8GdiCWEL03AhO/JhJVmab+tgz0KAvfm+4wQa3xKpqliGH/C8ECs8kGHk26brOp4ehRNz
AnZhWWHgW6EDo4PIsMIIhy+rVcF5Pf6mcy82qyhLN6DBZAP5RTKqc+lLgGqSEoPQsyfeRHjgfUw3
CkPD10zHM8HBQdwRoF4NjOs2WhAx6C1RSUt/Bu5WgzgkQp174AQ4UPO40A3w7RA8IGJphm1N/Dtp
6S1cwgGj8CIzRDuPIAR5lgtrVdcCKzABlAmL14N/ZUmzyj7yvNwH3yZyFXTRQh3PsYIJWIOrWa5u
cdcywAiEBjoOddvnvhbpLiyoDpE1rLgROm/yI4gl9EwvmogQ1mwAJuH7XoAx1w58zQ4hGgI2T5sA
GSqVGtsabyhb3WFYXrMAn/1ZVDk9N88w12NRlrNOcjVPd9j5EgIpK0SJTxwWjOeClUvBslQUcMBL
FvAU35b3BYvTIKnAecABk09ujyGgQeCl7WegdZatYGSEBPo0Cx6JIcvw9kqBJJmPD/ayTVblihaL
I7aCIiSKaQbIbfDd+WSDhKHsbcjtQ6bLq6Qs2FWWflsyDP08Z1D8ZuC8YgxhG0QIyVoh+b5aipRV
60XOQyAwnqfztCY2naeM7bxf0n0fVmYwCyStQEI9Bl9Q3ldgZh3KywRVen8G8kxESfLCHatAMBlc
sGWFlEHigRglHHPjhZgySk/xQrGsSnxBeaQ+YjBl84HKG/EVCxHOB4TsIEmyK5bEBaKt3wdmlzFn
/6lEvsE+v+HBSF2a0uuUNPSY6ns1hgEuhukiA42BUJCav2FKlNhfbgeMmsstsDvvYcWARYBceRgy
yLyk+FGs+NoDWwmOb4VgBspA6L5A0CAc8VvFExTbIr6EvpBUVILtqkkhQd5D6nJGMcrFGgrcEYgd
31+YwmWa+3W18kEqYFUHxSYNznlxwfDVFLCjMXV4B9Ii0645xW7LPEuzCrQH3Ysho/v5TJYauB6G
DJPqXL6VRbKB9YhtqypVr5pI4mekXuAJrCzPrmOwMAFiAJbIctMGHMpWATqJ0FaxD9rkkMXltyC+
MqdhoSjx3Q00md5gtgs8VLBuDBILsTFSnE6JVN9WORlHXqX4KjdaIMh9TUqguqQYsyNxqY7Zir58
QM9WDduLTxkOSiTPq3UpW6XAUDAr/Hqi5IuUC4uSao1QLgiO32UA2LcjQBtBm4OEPwbrGrcMDTqP
ZKfG0ubpSsB0G7kov08yH6wHt6KYbId1sIpLXNsrseA+bQ2zMylqjYQbF/QENQ4/R61dxSR5sihY
tFcjSag2soI4xEck4YDRa9lIJsqFqKeURg7aqnCZskUGispwmaJV4EQLgjkiaFOmIRcwO7lgmZH9
4znAvb1P4V9CWf9l+IsyWxME5T4bSIpcwcB9rDGahg0gnLVGNYG8UwEjJ/CeVoXCV3z7CAhpXRAk
9BgsqCD4pBB8mLgWQUXON5OQ5YrEYNX0FteBEGGx5Ug6rjfnx1N2/vLkjL06OT05Zwez2auT4zM2
O37L3r95++/jt0MGndj5G+h1zN6/fPPqmM3evjk8Pjsb911ARx6G7ShxzEQeZxSQ0REXyGCwFOSS
SRqNs9VB9pAShORbqMsIXKGQbpZIHWYp8AkOGqwJ+b3L2KSRXS0xsuInW8AFyW5EWRIB17t15DIi
0RxvMIZgnKcB45u90RbUxjSobS0CTAekZBGu1Ksc2/AA5iXWxZZVU1O8Fnu3Q1Kcm4rzBc99WBmj
bWZNDuh26dJSQzhqFFOjwHeveFpR8tFGAolZBTa4N6xjQt8IazOU4TWCIr+U/K62S3DM3kifLw0e
soesSsIGSwxB5CplW/yFJLwm+MCoo2mKV5jtBTmLG0GSTEdSaHiL8mxVB1s5WvUYtU2zrWHkRmny
hm2wW0yqYx1ndcKIKsthJjRDZchhtVrL7EqmcExdGOGFWl9H2EkNIOwEs+YAziDMw2LntwgYgjYE
PpjhEoysKCqBjqFcgtYWdbaJTgtn26Ia1oqUOYJKKscSDXa9U04rfj2iTdmixn7I19gar6oVxFgI
rzkSL3kKWSUoksnPWkgUW7nielGipBVz08Yg2V4rRDThCLPgCoKu1WjsKJOX+jaNuRF6PUlfdq6X
kKSlOrY5o8xhRJu+DW9HAIVyFUgfUXqATiYYksqaXg5ncozkcMsdDFPylPzUM2PnbbaLAkywDFB0
P03qU3Y4T9W7z1MVIiA1W2aJTDF9fK6AMnGCXOBnQpgKMuTbZOWjrsrQ4osm2ZThbaetpfoSutV8
UyLxIRvpLQWS8mjiUVmDUSGAvPY2j6UbBZhChpJzrGUo0cfB0KhgjdlLyAXBlp5QcscOZ++GMBYw
+LC+ruIQzJ5yBek9G/ojoj9lTp12bzPygqTT6jvGr2sVsJySaB9KSVkmhAJsWE0FkzLcF0QDay3E
bdhrEWuXIsfX6NUwxeTJmCGId7N0Vifb2wIQawkEdYVPkMDAap2uR+q8V92cqlVXxB9Fo09My2s1
FhjwVMoEabs0j1ZotTxDDtobs5kak/B8QQO4qkSVLdCMUc4XyALoBMRWrBPKWLC8xBv7uNh5jno6
TGLoJetlfCFaFCU7PX9HSAtgCdn2q5K+Zkeq3E4ni4tx7WtWZTXCUVNC264PRUp3k2itR+y0/shZ
wybUv1EUB2NGUWrJMQlg8QpkU6LuQBv0uXlwU0PCAkq7JNBLlAR4XXLEEKI5ufNCqlSmEtC3VDaK
nAi5P6Bcnaqmjt5QknR0cnbwHPIjyqeqlGwIHXaFnpJuhMokIUZjVB/hC9v1xpbP7VoPhV8tpnXR
9hS/9QOakCnrEtwVXWeqRC/kpgKu5rTIZPBWK0JHYhK1pHa4zKCIx1VY12qirsbJi9P33gp+WUcL
OITSW36wCK+1yngARjfoZdKm9mR+zeJUbgiQpL5lP/rZNa78nJ0csd0f350c7YHe8bNuV9j/CtSG
isFnJGFxYA2Xh0o+Mv2A1ZBtdZfCav/x+auavqrvWi3f0mR4l4wSB1KvSkWIt6zeIVJh9BrwjfD5
hCdZFNG0cC2ONqPrKg63CiF5jrqbM+e0uyKXmvw/G0gZUF+1rqpC7fIE4ERK6WbVmJEcM2XqNipO
I0OIco9qFoyBPF00NUqKw5J+KB7WvS5jcTVqAvRtG2JSuAcr+g4jFvkU7qUzAZHVosXYjt6RtkJA
/XhMwRkGv6VQ3RpMjKdClt6+kMR8EeHaL9b8iowCbVR9BAtNC5u7QV+yjxM17IMPZLwPVX2AA2YT
EE9vQ6ndDpPn+GlNxmtzB7D1YPxt0Ji9HR76yhqusyIOZcxAfjjoFAyuqPy2FBYYRKGHCGXopJMm
tNFWkzIOHgQiEVQpSPOmWZP4AqbAOpk8UcKB9QW9diz9GEzB2VJSazk5WP1FKUMygR2hNGpoo61o
JGsnR0WLL3TTqHlJjcnbpg2basupTnNoTEdJQG/EDLYDMPEpqkaR222tRpfjm8pUzuuKx1TNQjCB
Uk9a0TpbV0m9bNQJxnvqo8KGaeCEVAYhlzQTRlz0XJASqAIDW9RG3lSlOrjvSMW1bJaZgrIsALL1
0OHW6eHKHOEnknpNjWPoNqvnCVoxHfzBSD5v1PRcgt6mEsoYvzExjjNCDK5us8LiEJZyifusQbGF
jmFKXWfb68QCuTm+WORiobYU1f6j3GbBzzhe9PkjfOBr3hy9wS+cjFRQkPkBuq8rISsQTh+nxBkL
Ar5lgNrGrU1/iNON5Ks1PpkklXNDqKBQeV0ZE2RC+NwAxbJWvDnEvXnR3ssbQnBYLzksC/zCLCYs
ZZOXQsSIRA61xwj9YorBUF6tY5eMHLyzN6ie5WgF2wpycMhtyLfWLkwRJC3L6/UcN7Qq+WqrtYxX
2wiiojESxf5o9RgwUIvoxnFC2vRUg+oN7vF2AnWlPUMtuU/HexVMpCblCmjtJSkaQL5U8qx3jZaq
Ubq4vKkklHfATXgo1kJKg+KoIYQ3yatc3nFBb1NvpUjPC/SUd6rjLccn7lSdBqk1x0eg1BkmQIBR
6WpaK01eAxvFPb0p+5kyF0hah7TJ9wsSpRJsG7zbd4KIDcykc3LwuI0inRdalShvjaPkn6l8LKhi
oPIb36cDrCoJaMOX8xIGeQgUcRlYmoyp2xmn7MWrg3PZiKWGwJ2179QTGUPbu6YH64fmdRjn5ZCc
7ncq05P3WtqbFnIRY6AD0ao9RV4pq0tAWcGGyQ87VXntd+tKLW/u0pBTATpr/MRo2ARCIDGq7/CA
Cci0fucFeROaivp3iFBerFo+tFpGlF+2Er9M5v7iGnxboYrc4ALLpIIKOnBufgwFykYmctQP+Y3x
6zyJjBRyqUguiT5kRnnjjvH2a1+peJ9ytlXxId2spLt1c8hadl7kMTsSATMsZhhT057aGnt/8pwZ
mqFjh/qO2hMBHhbOV1kZPunc2lRPYeFFOfkI194T3dMhknUbLx1qNrFZFQvxGhrB2KHlahmXYoR3
4DB1pcmgnlLZ2xNDw5YFx92EUDyhM3nTr2lTo3D/Fu/z1Ofry7WaIYyxwAKL3jwhaI2BNvHuCfFM
uTGm3E/k66n5Nl8WYasL3nF/cnT84uDdq/MWT3SfUE1J0QKXrjrvZLNPXGxqZezUZfDH/wNH1XEm
===END CRASH DUMP===
