PocketMine-MP Crash Dump Fri Feb 4 19:24:49 WIB 2022

Error: Call to a member function getSpawnLocation() on null
File: plugins/FCCore/src/hachkingtohach1/FCCore/FCCore
Line: 645
Type: Error

THIS CRASH WAS CAUSED BY A PLUGIN
BAD PLUGIN: FCCore

Code:
[636]         $z = $player->getPosition()->getZ();
[637]         $block = $player->getWorld()->getBlock(new Vector3($x, $y - 0.5, $z));
[638]         if($player->getWorld()->getDisplayName() == $this->getServer()->getWorldManager()->getDefaultWorld()->getDisplayName()){
[639] 			if($block->getId() === 30){
[640] 				if(self::WORLD_SURVIVAL != null){
[641] 					if(!$this->getServer()->getWorldManager()->isWorldLoaded(self::WORLD_SURVIVAL)) {
[642]                     	$this->getServer()->getWorldManager()->loadWorld(self::WORLD_SURVIVAL);
[643] 					}
[644] 					$world = $this->getServer()->getWorldManager()->getWorldByName(self::WORLD_SURVIVAL);
[645] 					$player->teleport(Position::fromObject($world->getSpawnLocation()->add(rand(1, 100), 10, rand(1, 100)), $world));
[646] 					$player->sendMessage(TextFormat::GREEN."You are playing FoxCraft!");
[647] 				}else{
[648] 					$player->sendMessage(TextFormat::RED."Something didn't go OK! ".TextFormat::GRAY."WORLD_ERROR");
[649] 				}
[650] 			}
[651] 		}
[652] 	}
[653] 	
[654] 	public function getDataItem(int $id, int $meta = 0, int $count = 1, $tags = null) : Item{
[655] 		$class = new ItemFactory();

Backtrace:
#0 pmsrc/src/event/RegisteredListener(75): hachkingtohach1\FCCore\FCCore->onMovement(object pocketmine\event\player\PlayerMoveEvent#138713)
#1 pmsrc/src/event/Event(62): pocketmine\event\RegisteredListener->callEvent(object pocketmine\event\player\PlayerMoveEvent#138713)
#2 pmsrc/src/player/Player(1178): pocketmine\event\Event->call()
#3 pmsrc/src/player/Player(1265): pocketmine\player\Player->processMostRecentMovements()
#4 pmsrc/src/world/World(859): pocketmine\player\Player->onUpdate(integer 934)
#5 pmsrc/src/world/World(785): pocketmine\world\World->actuallyDoTick(integer 934)
#6 pmsrc/src/world/WorldManager(360): pocketmine\world\World->doTick(integer 934)
#7 pmsrc/src/Server(1760): pocketmine\world\WorldManager->tick(integer 934)
#8 pmsrc/src/Server(1642): pocketmine\Server->tick()
#9 pmsrc/src/Server(1034): pocketmine\Server->tickProcessor()
#10 pmsrc/src/PocketMine(301): pocketmine\Server->__construct(object BaseClassLoader#2, object pocketmine\utils\MainLogger#3, string[36] C:\Users\tranthien\Desktop\FoxCraft\, string[44] C:\Users\tranthien\Desktop\FoxCraft\plugins\)
#11 pmsrc/src/PocketMine(324): pocketmine\server()
#12 pmsrc(11): require(string[80] phar://C:/Users/tranthien/Desktop/FoxCraft/PocketMine-MP.phar/src/PocketMine.php)

PocketMine-MP version: 4.0.0 [Protocol 475]
Git commit: 468faa464b2bc5c97f23fafbb71ea61035f6f218
uname -a: Windows NT tranthien4-8sin 10.0 build 17763 (Windows Server 2016) AMD64
PHP Version: 8.0.13
Zend version: 4.0.13
OS: WINNT, win
Composer libraries: 
- adhocore/json-comment 1.1.2@fc2f76979f0a44a5f5bc2a2b600d0762fe0e78e7
- brick/math 0.9.3@ca57d18f028f84f777b2168cd1911b0dee2343ae
- daverandom/callback-validator unknown@unknown
- fgrosse/phpasn1 v2.3.0@20299033c35f4300eb656e7e8e88cf52d1d6694e
- netresearch/jsonmapper v4.0.0@8bbc021a8edb2e4a7ea2f8ad4fa9ec9dce2fcb8d
- pocketmine/bedrock-data 1.5.0+bedrock-1.18.0@482c679aa5ed0b81c088c2b1ff0b8110a94c8a6c
- pocketmine/bedrock-protocol 7.0.0+bedrock-1.18.0@040a883a4abb8c9b93114d5278cb5fecc635da82
- pocketmine/binaryutils 0.2.2@f883e1cf9099ed6a757a10a2f75b3333eeb2cdf9
- pocketmine/callback-validator 1.0.3@64787469766bcaa7e5885242e85c23c25e8c55a2
- pocketmine/classloader 0.2.0@49ea303993efdfb39cd302e2156d50aa78209e78
- pocketmine/color 0.2.0@09be6ea6d76f2e33d6813c39d29c22c46c17e1d2
- pocketmine/errorhandler 0.3.0@ec742b209e8056bbe855069c4eff94c9734ea19b
- pocketmine/locale-data 2.0.20@a6e4eb22587e0014f6d658732cf633262723f8d3
- pocketmine/log 0.4.0@e6c912c0f9055c81d23108ec2d179b96f404c043
- pocketmine/log-pthreads 0.4.0@61f709e8cf36bcc24e4efe02acded680a1ce23cd
- pocketmine/math 0.4.0@6d64e2555bd2e95ed024574f75d1cefc135c89fc
- pocketmine/nbt 0.3.0@98c4a04b55a915e18f83d3b0c9beb24a71abcd31
- pocketmine/pocketmine-mp 4.0.0@468faa464b2bc5c97f23fafbb71ea61035f6f218
- pocketmine/raklib 0.14.2@e3a861187470e1facc6625040128f447ebbcbaec
- pocketmine/raklib-ipc 0.1.1@922a6444b0c6c7daaa5aa5a832107e1ec4738aed
- pocketmine/snooze 0.3.1@0ac8fc2a781c419a1f64ebca4d5835028f59e29b
- ramsey/collection 1.2.2@cccc74ee5e328031b15640b51056ee8d3bb66c0a
- ramsey/uuid 4.2.3@fc9bb7fb5388691fd7373cd44dcb4d63bbcf24df
- rhumsaa/uuid unknown@unknown
- symfony/polyfill-ctype v1.23.0@46cd95797e9df938fdd2b03693b5fca5e64b01ce
- symfony/polyfill-php80 v1.23.1@1100343ed1a92e3a38f9ae122fc0eb21602547be
- symfony/polyfill-php81 v1.23.0@e66119f3de95efc359483f810c4c3e6436279436
- webmozart/assert 1.10.0@6964c76c7804814a842473e0c8fd15bab0f18e25
- webmozart/path-util 2.3.0@d939f7edc24c9a1bb9c0dee5cb05d8e859490725

Loaded plugins:
Alerts 1.0.0 by hachkingtohach1 for API(s) 4.0.0
AntiInstaBreak 1.0.0 by PMMP Team for API(s) 4.0.0
AuctionHouse 2.0.0-BETA1 by Shock95x for API(s) 4.0.0
BuilderTools 1.3.0-beta2 by CzechPMDevs, VixikHD for API(s) 4.0.0
CraftingTable 1.0.0 by hachkingtohach1 for API(s) 4.0.0
CropGrowth 2.0.1 by NhanAZ, kaidoMC, YTBJero for API(s) 4.0.0
CustomItemLoader 2.3.1 by alvin0319 for API(s) 4.0.0
DevTools 1.15.0 by PocketMine Team for API(s) 4.0.0
EconomyAPI 5.7.3-PM4 by onebone for API(s) 4.0.0
FCCore 1.0.1 by hachkingtohach1 for API(s) 4.0.0
FormAPI 1.4.0 by jojoe77777/DragonfireHD98 for API(s) 4.0.0
Gems 5.7.3-PM4 by onebone for API(s) 4.0.0
HealthTag 2.1.2 by Shelly7w7 for API(s) 4.0.0
InvCrashFix 0.0.1 by Muqsit for API(s) 4.0.0
InvSee 2.0.1 by BlockHorizons for API(s) 4.0.0
KeepInventory 1.0.0 by NhanAZ, KhoaGamingVN for API(s) 4.0.0
LaunchableTNT 1.0.1 by Vecnavium for API(s) 4.0.0
MaxEnchants 1.2.2 by Xenophilicy for API(s) 4.0.0
MultiWorld 1.7.0-beta3 by CzechPMDevs, VixikCZ, fuyutsuki, kaliiks for API(s) 4.0.0
MyItem 1.5.5 by hachkingtohach1 for API(s) 4.0.0
NPC 1.0.0 by hachkingtohach1 for API(s) 4.0.0
Napthe 0.0.2 by hachkingtohach1,tungstenvn for API(s) 4.0.0
Parties 2.0.1 by Didah (@Diduhless) for API(s) 4.0.0
PlayerStats 3.1.9_BETA by hachkingtohach1 for API(s) 4.0.0
PureChat 2.0.0 by Vecnavium, 64FF00 for API(s) 4.0.0
PureEntities 2.0.0 by LeinneSW for API(s) 4.0.0
PurePerms 1.4.5 by Vecnavium , 64FF00 & ProjectInfinity for API(s) 4.0.0
RedstoneCircuit 3.0.0 by tedo0627 for API(s) 4.0.0
ScoreBoard 1.0 by hachkingtohach1 for API(s) 4.0.0
Shield 1.4.0 by JavierLeon9966 for API(s) 4.0.0
ShopGUI 1.0.0 by hachkingtohach1 for API(s) 4.0.0
SimpleHome 1.1.0 by CzechPMDevs, VixikCZ for API(s) 4.0.0
Spyglass 1.0.1 by ItsRealNise for API(s) 4.0.0
VanillaHopper 2.0.1 by ColinHDev for API(s) 4.0.0
VanillaX 3.0.0 by CLADevs for API(s) 4.0.0
_NewAlias 1.4.0 by Javier Leon9966 for API(s) 4.0.0
libEasyUI 1.0.2 by GiantQuartz for API(s) 4.0.0

----------------------REPORT THE DATA BELOW THIS LINE-----------------------

===BEGIN CRASH DUMP===
eNrtPGlz20ayf2VCu16keiSFmwC3lLIsybE2ksWV5NibZUo1AAYkIhBgcFCit/LfX3fPAAQo2ZJf
lEo+RLsxgcZMT9/H4PhvL8ryBS+vVyIv4iztja1+r4wXojfWHcv0RiPL9YbGSDc0o9+rlvKS5Q11
x/U0S3MczbVd3e73El6Ux3me5b3xf3vlegnDevK831uIouAzhBzyJGFlxjhbiIUvchZVaVDCwmwm
ysslv01Ps4AjYGeXATStkgQQRPDzJk4Iw3g6fV8AtdNpmfO0nMcinU6PRHFTZsvp9E12d5jzqJxO
l0k1i1MY9ubwMMvFdFrkwXQ658H8Jk5nZYZH+uaq/B0u50tcT66lUOzJa3uAYG9rfn1J/sDMJE5h
pmOBRIC8AI7/03uhseUCJ+N/YiXScu9CzOKiFLkIT/E3FfnOyN4ds0fIG3yXpWfZSiwAx07m/yKC
ki2z4EaUC1h3OiXkyDpfi3w6ndAvTjjGCy900x3p5i6Q+UK/RxIN2XEMoOIBlPcJHnwXgDLlrN9F
itEiRQ7fk6N3dH3kPkwOIZEU7BAS8/NIDMfeQtIlavDdMs8CMNGzrCgvRACYaxkXErnVQn6b5Um4
9wH/3XFt7xHMWfp+GfJS7MRpKWZg755pEUr7MyhH7jaxdHU6pcuD73hQVsD0+ii7ioObe2idh9Ge
8RT8L98xHe2L2MOHsY5aWC9FvkKpjr6ISi04+K58CJ/7AD7H2rY8eUWhoHneA/M0wPn5eROp2SyX
CPS2J05ozhnM2TE1/TNIrq+DLC3KvAoaK3/NC3EI4a44zXgo8hdGnz1g/1UZJxB8zngMIW0G3L8w
+wwQgXP/x3R+Zk+OY80sy/qKWU30k3zrn+Hb2BZeIcUqZynPBD+EUbn4tYpzsaOocbWf2XLO8/He
3uF4j2jaa0jaUxTt1QS1Fh2cTYY4cYsWjLy7vZ9/6/fEH5ZFfn9UB/Lk9Os4XWWJjBKAMwTJBGWv
vgqQZm6QhQK5cUwHwEz9vfzE9tnLpQoTQPYkK2JJMZ3+tLP7D5jsmKP2JD8BeW1NlHFDznqN13dS
cct+BHKy3Nx5eddnL9dswLShDUefdhVat4U2jnY+h/AoLvDKO74QIMp9WBn0W9Al5YC7mzl1lFFT
RcSr5PPYdv9LhHhAyLTE/yEZxCCNPQlpwX1manKkpTUjaWwhkmg8/nB+cXp0ffn+4seTHw9O2Tf7
pGw1Q2/NoDnfPJH8uCAIOXj44Eq7u0yuYbQE2f6blk9cK4FFpJAeXIfUZZkdTn4jmNWBvaTwy75G
QwR6LdXxhbXt7jq1pZQiEcssL3dqyx2PozxbnFMo3JHkSDK6Dgk5LAx3IFKEO3qf6Zq2i//2WRsC
IIlAmavlPExDIdLwTIaFnStxV76hYnY8/v7i+PjdcNr7d1YxnguG48G9WR2Ovpn2FOJRC/FvIimE
1Kr7detdHB/BapfZQoDwYZ0wDtNvSzbL2PkP37Bpb9gl7uDfMFrK+vji4vyiocZrU4MQe2P08rw2
aXlm0Jk8liZCh9IylpWfxEEnNh7xkp+UYoEZmb2Mwz6jAyCbg+Vo6jTIKvjZZ6CMlyWfFUw5FRsz
nEwSsmureBlgKsQhEHXw8huOkWeN8eu3v4vgv4vgv4vgv4vgv4vgryqC6zKywLrxIBF5SUcpx82X
GtDvNXs2PX2oDTWA8KqcZ3mB8XYriCJSvozxikWD4Vyk3E9E2BuDZkW/F4olpDecDNeKLIIKrgVY
cCpr78VmSU39i7UyGAQMnJxfXlGKA9Ct8KFEQNrnZbksQFq3vAzmxTwuh7dC+Ml6GGSLPcwXB2kZ
n4Ct8de54DdtrrsXHuF+cnY2YVeCL56L7+ViAabVJUIa9mMsE1cVpeC3WVWINk9tcJsjA0kdvD6+
OtC7fF3OwVY8++73sdU7Bn/OFuuDyUlvw2KhcE+nXNI1R7qA6S6VjzL7uooTCAlXWZa0zbYD7qrP
BGZ9qEGMLrOHn0Qwn5wdiRVO+DG+i2/eHj2XQgNEvlyEgHw69SVtJdI2nW5R+iSDnsXlvPLJjFtk
73VQgWwoDoD7XCHBLeF04X8R1+4QtXX6FLmAWEC8cRLk62GxLkUxTEW5F/Ji7mc8D/ekQLLl93l2
W8470miA216x5Q/v5jw9+AlgNzwOs7NDOPr31et/ijx7LqnIFZD7mqanuf0DhqGIRa6roswWWC3L
9NnmfftSVwLmtgR4sopTzdS952K4QQg8b9FyH/KUeACOsB0LGlDX0nX7XhxvUuOzRvN6fawaVlt+
fnl1cHH1fvKYMjeU7TU4gNlWZN2w2wK2GbaHo6E5mJxZXZ6zVPjw33PxqtBB1yCpAJzQOrQpelSD
ai9rw1CzudWNU/qfE6e67eFzRSZs17tqrCFdtq1tm/0l+yUTI/zbO8r5LEsjqBjfHnnucwlgswAW
u0RTc/AUdX4vFm1npNM/0S5xffnvU4h/K3hSzq/4rMXBBtYNlvrQ2C6fBLSNo9vRczFR1Ain04aI
p5eFJ+kKkmoxfxPftbhpQ9v8aPc97Kz6FdA9FzMLwjadxukqQAKiGGrBp8d5oPtSiC4jCHgkhdOe
9dssjz9Bj/lcrHSQTqeSkq9h5gchljBLpLiX1eKpC3+kUGuqkx/mGf+eQ3M5+/HdcxcmHYqeoTY5
5VUazJGeq3dXLc678EdC/48iSPkqrp4tYzcIQYltQrZOn6LaM353jDPSTlfdhnaZM7ajyEeRZst5
nMTB+rnYa6FEFTakdE6exFyVlDHtPrV52wC7rI1U42U+2ngd/kSPYayrsqhuYiq4kzi+Kf6QdmyB
9KqdtA7tv6cVayFCOa2xiG3LSAK68rGH9p9T0khq6t/nKmneTQ5bHOPZX6TTBFK+LnJ9dv/oHV+W
83YSUoDtRGp8kdF+WaUz3OFfpX8cz0RY/fsU357wvIxFO2jVkEdS7FEc8jnbeQW/1TwRRbH7XFyF
NcbpdClpmU43RH2tuzb0Ebd09+Cy5J0w3Ya2uYa+eOhd447Zn2PBLbo6J7/boCdVLg7nvGzLoAbd
2zL8XBLGe4tv3mjaV7FP60xEvqAgv7WDiHf5YOFikmeA/SNEnqwqJseDGt7aV7yWa4NYFN2boydZ
PYw9Tst42/Tb4EcEcSriNBWXH55L+wnhA5MHGoSiQTLVoujrthNqEvc6WBT7Ugld3iVsuxW1P2MB
rM+kFtj/MFAZ3qg5gb40jctnK2E6aibqWodPUfSFCIsSOsLDOA+quG3w21e6jn9P3aUIM80xnq3J
q/FNp7kiJJCE4B3hbcoeZfMyyHLxGnNyi8MWcCsl/znhbENP+/h3B7PLeSw6lakCPLKj8k+wYZGf
iiz1PMd5Lqa7WIFPoqX+fZIq59ny+/cnHX4k5C9SVylymoPnKiQv48UyEW+zRbvSagG3tnW32X+4
v/gjOomCaJoDTSCDNn2/p5O4XPAkmainCFtYUTDL9QzvirfFUoMeaZlPyuJC8ORdXDzbFlsLJbCv
6Hj69tSPPI2ThL/NlsvOLYou/JHa8zBL4vQtyO25mGoQTqcdQrZO/z86bkjdMP/xPt8fH8s/h6cH
ZNrPxbBE1/D3cXP0FC1evxO3B0nM2za5gT0p8rI/OvQSLern/6G4Lro9ieY3fGzXP+bFuhOhN7Bt
f9xqCb+PeVr+q4Jm5tNzsS0Xnk4bAh5RHj5tzHOguxTbt8PqB0iIlDvoVAuquoFPeaum56Ir4r6O
Hyw43l3dQAKeAGkwtw3LFtdhVkKo70DVI9gbQJUn7XN8rKt9HsVJKTqIZ4tl+3QOeaR9HgdZumoD
filIIc35wpfP2nRgWV6qTl5u8RclR4bC9qBl0JXDhYgSQc1JG1qQRIsuKMSeqQW5nJx2ll8XvyYp
LqaOWHOpzG5EGn/qiuDuTnGN5GJ4XPNFQtHSoNNP8VLmSY/q909gou3pcHq36Eo9Q/IMTTN13fAA
MDk677AeZtdE2jYQQHFXYRlYaVF0BsqM9vGsw/MWBXCaC3nnugO8zeMt/S/LOY5ECVsqVE7mW7Y3
r9IbelTMICHJe9zxzI9TjpvvEGONoYOSECuozHw1CFFBkbIsMwUwpLBCULQ0S02VHptnu643a7Wu
44sBcRplHbsN76k87lgJidJsg3IB7oF+OKukLdb4fwJ3Y+eTAIqylvDRu+dLtS6uiA+U8qTd57Xd
HV2ZF2Lzpl4jT3p6pTc2NNMAsRXXUPr0xhFPCohLyzwrsyADrNbIhjWwr+pZjhtxbjmWb/iBHXij
yDAjHvn+SBfc0TXTjpzI0F3AXSlSPsRpmN0W7N0Vax5wswZuEadMByoY0cD00cgx2U49WD4/yAxN
d3bZwdmRg3cU8Q27ltA+CfIkq7GX+fI6Q+V8OHlH+/l0cksVCwSpZVaI/Bq0nPNcbQjwcJ5hi7KH
oWMAY9Q7GVh4Gq+iwIhGjjfyIo1bFrcj2w8MbviOpoXayDEioYmRK0YoxzwObvZUtNSG3tB8FXB7
FOpupBlu5FrRaDTyDd1xg1D3dN3XQiEM0zK5oFAIvEIYgnyET+T6PLgZrHgSQ4jE11lAkjdpdpu+
Ur9odrM8KwqxByzzIsUnu1f4gIf2ytAMz9NMMwBFWKamCd+xHTESrnDdILKNUA8dx7NwVQjYuSgE
z4M58b/gsljrrcg6Xrm+H2iGzl0R+oaw+EhwI3J5aEXcE4EXBsKIAt8NO16y54swxxcxgHauNsK1
/62BIFfQ3ivLNQJn5HFui1DzXT3QgDjD16MIz3SNe1bgcid4GPPGLnsjJHQbu2Zp3HVNbnHfdwPP
9yDUWaFtjNzAtyMRBI5ph9w1trBTxNi4t4EGAGiEHkSe5nkidPjIHnGgDqzC9k34gw7VCMLI62J6
UIVYJZivHGvkjiwwKcfxAw4StV3XNixDuHZgmIFhCzewbb5FGj0mn6infYg0EKEnuKmZnmeKKIx8
0wtCUzOEodtOaGuA2jU0D6xzC1OWZBscmucLB7w2HIHLCtMMHVcHw/FCwwsMI7CcQB8JPdyiht6x
moO1JoocNDsRjCzDxyVdzXZ8HxiyNccLLBFFoExvZFqC657fRZVkWE/UpoIdgKG94o6wQK6G7Y6E
pulW5IQOHJtGEDmmaTjGCCKOG5rbqGZEjIXEOIGnG4EGerPtwAUOTF1zRQDGPwJzcCJLswLNuo9h
0Mo4EpWjRyNkKohM0FhgWEAbuL3BgxAMwtW4Dl5gBls+0MQBQhE6ljBs2/ZDQ3ho8YZljyAg2CFM
jgLdBBq9aMvYU79shOu5gcU1ywfL8HRbQExxzdD0NbBtEBQ4ps59UL/exbA5HFAdJZ36K+J3C1fO
b2RlAZHWAscQJncdXQdbHmlCjzj4lGPY4Hg6BDvLGgkIHT4XwUNYBvEyqAuaV55hcMeyLGDGCUYh
h5CA/3dNQ9fA9kRgjUyXiy35FmmWfRJ1wn+l8cCFWA02rweW7nE9AomDf4HTu6aN8df2hEHGBxVx
IdboB5uCjm7Tvgrgb2QJYQvTcKE68sGTLM23dbBnIcDefN9xAo1vkFRVLNMPRF7IFR7IMPJt03Ud
T4/CkTkCu7CsMPCt0IHZQWRYYYTT59Wi4Lyefz+4F+tFlKVr0GCyhvoiGdS19ApINUmJQejZI28k
PIg+phuFoeFrpuOZEOAg7whQrwbG9RAuyBiu1uDSX0G41SAPiVDnHgQBDtg8LnQDYjskD8hYmmFb
I/+zuPQWXcIBo/AiM0Q7jyAFeZYLvqprgRWYQJQJzuvBv7JXWWSfoEPag9gmcpV00UIdz7GCEViD
q1mubnHXMsAIhAY6DnXb574W6S44VAfJEjxugMFbPemovQo904tGIgSfDcAkfN8LMOfaga/ZIWRD
oM3TRoCGWqXGtoZrqlZfMNzpYAE+gTWrcnr/jGGtx6IsZ53iapq+YFdzSKSsECU+5FrQe2PlXLAs
FQUc8JIFPE2zkvmCxWmQVBA84IDJlwWGkNAg8dKdAMCFr4KxLEIE2zgLHok+y+BKXiBK5uOz5Gyd
VbnCxeKILaAJiWJaAWobfLk0WSNiaNwbdHuhfMWyYLcZvm6GqZ/nDHrYDIJXjClsjRTiC4GS79u5
SFm1nOU8BATDaTpNa2TjacrYiw9zgYThy7X4rhvDF21l/1VQ3VdgZR3Ky0SqjP4M5JmIkuSFm4eB
YDK5IGSBmEHigRgkHGvjmRgzKk/xQjGvSigW04F6vXfMpj1VNwYJFHvhtEeUHSRJdsuSuEBqmXo/
gq1izv5ViXyNY37Fg4G6NGbYmNPUY2rV1RwGdDEsFxloDISC2Pw1U6LE8bKzHzSXW8S++AAeAxYB
cuVhyKDykuJHseKbNmwheFHl9NoUA6H7AokG4YhfK06vLM/iFYyFoqISbEctCgXyLmKXK4pBTu9V
DkDs+MrMGC7T2u8qetcZrOqgWKfBFS9uQPH5DdjRkAa8B2mRadec4rB5nqVZBdqD4UWfybdEZauB
/tBnWFQDI9hTkGzAHxG2qNJYvrIpkV+SeoEnsLI8u4vBwgSIAVgiy00b4lC2iqCTCG2V3tQGm+yz
uPwWX9zOaVooSnxdCE1mazLbAR4q8BuDxEJsDBSnY0K1baucjCOv0pTevsQ2MVuSEqgvKYbsSKzU
MVvEszk4Mz7h1m87nzIclEieV8tSQqXAUDAL/D6I5IuUC05JvUYoHYKvsjgEsh+mAG0EbQ4K/his
a9gyNBg8kIMaS5umCwHLraVTfp9kPlgP7ioxCQc/WMQl+vZCzLhPu/TsUopaI+HGBT20j9OvUGu3
MUmeLAqc9nYgEdVGVhCH+KAqHDB6vxDRRLkQ9ZLSyEFbFbopm2WgqAzdFK0CF5oRmQMibcw05AJW
pxAsK7K/PAe4Tfcl+ufQ1v8++osyWxIJKnw2JCl0BYPwscRsGjYE4ao1VSOoOxVhFAQ+kFco+opv
n4FC8gsiCSMGCypIPikkHybuRFBR8M0kydIjMVk1o8VdIERYbDiSgev86njMrt6eXLLTk7OTK3Yw
mZyeHF+yyfEF+3B+8cPxRZ/BIHZ1DqOO2Ye356fHbHJxfnh8eTncDgEdeRi2o8QxEXmcUULGQFwg
g8FcUEgmaTTBVgfZQ0kQUmyhIQMIhUKGWUJ1mKXAJwRosCbk93PGJo3sdo6ZFWSCIUgOI8wSCYTe
TSCXGYnWOMccgnmeJgzvj0ZbUHvMoLalCLAckJJFcqVe5dyGBzAvsSw2rJqa4rXYfZgkxbmpOJ/x
3AfPGGwqawpAD0uXXA3JUbOYmgWxe8FTej+3QwkUZhXY4G6/zgnbRliboUyvETT5peR3sXHBITuX
MV8aPFQPWZWEDS0xJJHblG3oLyTiJZEPjDqapniF1d5QsLiXJMl0JIaGN/yyQZ1s5Ww1YtA2zbaG
kRulyXu2wR4wqY51XNYFI6osh5XQDJUhh9ViKasrWcIxdWGAF2p9HeEgNYFoJzJrDuAM0jw4O39A
wJC0IfHBCiswsqKoBAaGcg5am9XVJgYtXG1DVb9WpKwRVFE5lNTg0M/KacHvBrQpW9S0H/IlQuNF
tYAcC+k1R+QlT6GqBEUy+Xq5pGIjV/QXJUrymPs2BsX2UlFECw6wCq4g6VqNxo4yeWnbprE2wqgn
8cvBtQtJXGpgmzP5BQza9G14OwJSqFaB8hGlB9TJAkNiWXLsSZicIznccAfTlDwlP/XKOHhT7aIA
E2wDFN4vo/qSHU7TVJSosLFKEVCazbNElpg+PuJBlTiRXOCnI5hKMhTbZOejrsrU4oum2JTp7UVb
S/UlDKv5mr6j0WcDvaVAUh4tPChrYlQKoKi9qWPpRgGWkKHkHHsZKvRxMgAVWUP2FmpBsKV9Ku7Y
4eR9n+HzhzAwDW/jEMyeagUZPRv8A8I/Zk5ddm8q8oKk0xo7ZAchBKo5T6I9aCVlmxAKsGG1FCzK
cF8QDazliJu010LWbkWO7zCqYYnJkyFDIt5P0kldbG8aQOwlkKhbfJgHJlbLdDlQ51vdzZnyuiL+
JBp9Ylleq7HAhKdKJijbpXm0UqvlGXLS7pBN1JyE5zOawFUnqmyBVoxyPkMWQCcgtmKZUMWC7SU+
Y4HOznPU02ES45coqF/Gd/BFUbKzq/dEaQEsIdt+VTLsz0mVm+VkczGsY82irAY4a0zUtvtDkdLd
JPL1iOHGQIBvvDZsQv8bRXEwZJSl5hyLABYvQDYl6g60Qd9ShDDVJ1pAaSsieo6SgKhLgRhSNKdw
XkiVylICxpbKRpETIfcHVKhT3dTRORVJRyeXB6+hPqJ6qkrJhjBgVxgp6UaoLBJiNEb1laqw3W9s
+Nz4eij8ajaum7bv8NMvoAlZss4hXNF1plr0Qm4qoDenRSaTt/IIHZFJqiW2w3kGTTx6Yd2ribob
pyiO28as4Ks6W8AhtN7ywyF4rdXGA2F0r10WbWpP5pcsTuWGAEnqW/bRz+7Q83N2csR2Pr4/OdoF
vYPbAw0w/hbUhorBx1XBObCHy0MlH1l+gDdkG92l4O0fX5/W+FV/14J8S4vhXTIqHEi9qhQh3rJ6
h0il0Tugb4CPGexnUUTLwrU4Wg/uqjjcKITkOehuzlzR7op0NfnZTikDGqv8qirULk8AQaSUYVbN
Gcg5Y6Zuo+IyMoWo8KhWwRzI01nTo6Q4LdlOxf161CoWt4MmQT+0ISaFe7Cgzwphk0/pXgYTEFkt
WsztGB1pKwTUj8eUnGHyBaXq1mRiPBWy9faFROaLCH2/wA9OkSvNazsj00JwN+lL9nGhhn2IgYxv
k6q+jQOrCcinD1GpPUwmzwFTyHht7kBsPRl/G2rMrR0e+g4a+lkRhzJnID8cdAoGV1R+WwozTKIw
QoQyddJJk9poq0kZBw8CkQjqFKR506pJfANLYJ9MkSjhwPqM3nSXcQyW4GwusbWCHHh/UcqUTMQO
UBo1aYONaCRrJ0dFiy8M06h5iY3J26YNm2rLqS5z5Dfh2koCfANmsBdAJj7Q1ihys63V6HJ4X5kq
eN3ymLpZSCbQ6kkrWmbLKqndRp1gvqcxKm2YBi5IbRBySSthxsXIBSWBajAQojbyxqrUwX1Haq4l
WFYKyrKAkE2EDjdBDz1zgF8Q3AI1gaELVs8TtHI6xIOBfGKqGTkHvY0lKUP8rMkwzohiCHXrBTaH
4Mol7rMGxYZ0TFPqOttcJxYozPHZLBcztaWo9h/lNgt+Aexmmz+iD2LN+dE5flRnoJKCrA8wfN0K
2YFw+q4YrlgQ4RsGCDZsbfpDnm4kX9EHp6Ry7gkVFCqvK2OCSgifG6Bc1so3h7g3L9p7eX1IDss5
B7fAD6ZhwVI2dSlkjEjk0HsMMC6mmAzl1Tp3yczBO3uD6lmOVrKtoAaH2oZiax3CFELSsrxer3FP
q5KvtlrLeLHJICobI1Icj1aPCQO1iGEcF6RNTzWp3uAebhZQV9or1JL7cr5XyURqUnpAay9J4QD0
pZJnvWs0V0AZ4vKmk1DRATfhoVkLqQyKowYR3iSvcnnHBaNNvZUiIy/gU9GpzrccnxlUfRqU1hwf
gVJnWAABjUpX41pp8hrYKO7pjdl/qHKBorVPm3w/I1JqwTbJu30niNjASjqnAI/bKDJ4oVWJ8sE8
SvGZ2seCOgZqv/GtRqBVFQFt8uW6RIM8BIzoBpYmc+pmxTF7c3pwJYHYagjcWfuHeiKjb3t39I5D
37wL47zsU9D9hy7NMV/FkGGUI7UQruQTqtfIouxEcXlQ/YZNvB+q7pGpZpUKpCjDL+YwrKjYtCff
Au2hIU17NdIGB94bwnpT3vFpb53IUILpFhSsdjZ5pWw/AZMJ1kx+0azK6+hf94t5c6+IQhvggaQY
0L24otbWoL7PBIYom4sXbyim0VI0voOEqnMFuW5BBlTltsrPTHYg4g4ibKFa7eAGm7WC2koIsX4M
bdJaSovGIb8xfpYqkflKOqzkkvBDfZY3SQFvAm+bFt4tnWwM7ZBumdI9wynUTi/e5DE7EgEzLGYY
Y9Me2xr7cPKaGZqh44D6vt6+gDgP54usDPel6nK8xUifkUOX39c9HRJoF7hyCGwiWPUo8RKA4GMA
uZ3HpRjgjT+smAk7tHGqaNy3NYTMOG5ihGKfzuS9xgamZuG2Md5eqs+Xq6VaIYyxrwNHWu8TaY15
NWl2n5ikkhztcsNaXaaLsDUEDXv/6PjNwfvTqxZPdHtSLUlJCiOGOu8U0fsuglqNAg3p/fZ/eBfX
qg==
===END CRASH DUMP===
