PocketMine-MP Crash Dump Fri Feb 4 20:35:25 WIB 2022

Error: CLADevs\VanillaX\blocks\tile\MobSpawnerTile::setEntityId(): Argument #1 ($entityId) must be of type int, string given, called in C:\Users\tranthien\Desktop\FoxCraft\plugins\VanillaX-4.0\src\CLADevs\VanillaX\blocks\tile\MobSpawnerTile.php on line 134
File: plugins/VanillaX-4.0/src/CLADevs/VanillaX/blocks/tile/MobSpawnerTile
Line: 43
Type: TypeError

THIS CRASH WAS CAUSED BY A PLUGIN
BAD PLUGIN: VanillaX

Code:
[34]     private int $maxSpawnDelay = 800;
[35]     private int $tick = 20;
[36] 
[37]     private ?EntityIdentifier $entity = null;
[38] 
[39]     public function getEntityId(): int{
[40]         return $this->entityId;
[41]     }
[42] 
[43]     public function setEntityId(int $entityId): void{
[44]         $previousEntity = $this->entity;
[45]         foreach(EntityManager::getInstance()->getEntities() as $entity){
[46]             if($entity->getId() === $entityId){
[47]                 $this->entity = $entity;
[48]                 break;
[49]             }
[50]         }
[51]         $this->entityId = $entityId;
[52]         $this->validEntity = true;
[53]         $this->setDirty();

Backtrace:
#0 plugins/VanillaX-4.0/src/CLADevs/VanillaX/blocks/tile/MobSpawnerTile(134): CLADevs\VanillaX\blocks\tile\MobSpawnerTile->setEntityId(string[6] Spider)
#1 pmsrc/src/block/tile/TileFactory(131): CLADevs\VanillaX\blocks\tile\MobSpawnerTile->readSaveData(object pocketmine\nbt\tag\CompoundTag#107932)
#2 pmsrc/src/world/World(2523): pocketmine\block\tile\TileFactory->createFromData(object pocketmine\world\World#126397, object pocketmine\nbt\tag\CompoundTag#107932)
#3 pmsrc/src/world/World(2450): pocketmine\world\World->initChunk(integer 8, integer 10, object pocketmine\world\format\io\ChunkData#131656)
#4 pmsrc/src/world/World(680): pocketmine\world\World->loadChunk(integer 8, integer 10)
#5 pmsrc/src/player/Player(707): pocketmine\world\World->registerChunkLoader(object pocketmine\player\PlayerChunkLoader#106719, integer 8, integer 10, true)
#6 pmsrc/src/player/Player(873): pocketmine\player\Player->requestChunks()
#7 pmsrc/src/network/mcpe/NetworkSession(1062): pocketmine\player\Player->doChunkRequests()
#8 pmsrc/src/network/NetworkSessionManager(67): pocketmine\network\mcpe\NetworkSession->tick()
#9 pmsrc/src/network/Network(91): pocketmine\network\NetworkSessionManager->tick()
#10 pmsrc/src/Server(1763): pocketmine\network\Network->tick()
#11 pmsrc/src/Server(1642): pocketmine\Server->tick()
#12 pmsrc/src/Server(1034): pocketmine\Server->tickProcessor()
#13 pmsrc/src/PocketMine(301): pocketmine\Server->__construct(object BaseClassLoader#2, object pocketmine\utils\MainLogger#3, string[36] C:\Users\tranthien\Desktop\FoxCraft\, string[44] C:\Users\tranthien\Desktop\FoxCraft\plugins\)
#14 pmsrc/src/PocketMine(324): pocketmine\server()
#15 pmsrc(11): require(string[80] phar://C:/Users/tranthien/Desktop/FoxCraft/PocketMine-MP.phar/src/PocketMine.php)

PocketMine-MP version: 4.0.0 [Protocol 475]
Git commit: 468faa464b2bc5c97f23fafbb71ea61035f6f218
uname -a: Windows NT tranthien4-8sin 10.0 build 17763 (Windows Server 2016) AMD64
PHP Version: 8.0.13
Zend version: 4.0.13
OS: WINNT, win
Composer libraries: 
- adhocore/json-comment 1.1.2@fc2f76979f0a44a5f5bc2a2b600d0762fe0e78e7
- brick/math 0.9.3@ca57d18f028f84f777b2168cd1911b0dee2343ae
- daverandom/callback-validator unknown@unknown
- fgrosse/phpasn1 v2.3.0@20299033c35f4300eb656e7e8e88cf52d1d6694e
- netresearch/jsonmapper v4.0.0@8bbc021a8edb2e4a7ea2f8ad4fa9ec9dce2fcb8d
- pocketmine/bedrock-data 1.5.0+bedrock-1.18.0@482c679aa5ed0b81c088c2b1ff0b8110a94c8a6c
- pocketmine/bedrock-protocol 7.0.0+bedrock-1.18.0@040a883a4abb8c9b93114d5278cb5fecc635da82
- pocketmine/binaryutils 0.2.2@f883e1cf9099ed6a757a10a2f75b3333eeb2cdf9
- pocketmine/callback-validator 1.0.3@64787469766bcaa7e5885242e85c23c25e8c55a2
- pocketmine/classloader 0.2.0@49ea303993efdfb39cd302e2156d50aa78209e78
- pocketmine/color 0.2.0@09be6ea6d76f2e33d6813c39d29c22c46c17e1d2
- pocketmine/errorhandler 0.3.0@ec742b209e8056bbe855069c4eff94c9734ea19b
- pocketmine/locale-data 2.0.20@a6e4eb22587e0014f6d658732cf633262723f8d3
- pocketmine/log 0.4.0@e6c912c0f9055c81d23108ec2d179b96f404c043
- pocketmine/log-pthreads 0.4.0@61f709e8cf36bcc24e4efe02acded680a1ce23cd
- pocketmine/math 0.4.0@6d64e2555bd2e95ed024574f75d1cefc135c89fc
- pocketmine/nbt 0.3.0@98c4a04b55a915e18f83d3b0c9beb24a71abcd31
- pocketmine/pocketmine-mp 4.0.0@468faa464b2bc5c97f23fafbb71ea61035f6f218
- pocketmine/raklib 0.14.2@e3a861187470e1facc6625040128f447ebbcbaec
- pocketmine/raklib-ipc 0.1.1@922a6444b0c6c7daaa5aa5a832107e1ec4738aed
- pocketmine/snooze 0.3.1@0ac8fc2a781c419a1f64ebca4d5835028f59e29b
- ramsey/collection 1.2.2@cccc74ee5e328031b15640b51056ee8d3bb66c0a
- ramsey/uuid 4.2.3@fc9bb7fb5388691fd7373cd44dcb4d63bbcf24df
- rhumsaa/uuid unknown@unknown
- symfony/polyfill-ctype v1.23.0@46cd95797e9df938fdd2b03693b5fca5e64b01ce
- symfony/polyfill-php80 v1.23.1@1100343ed1a92e3a38f9ae122fc0eb21602547be
- symfony/polyfill-php81 v1.23.0@e66119f3de95efc359483f810c4c3e6436279436
- webmozart/assert 1.10.0@6964c76c7804814a842473e0c8fd15bab0f18e25
- webmozart/path-util 2.3.0@d939f7edc24c9a1bb9c0dee5cb05d8e859490725

Loaded plugins:
Alerts 1.0.0 by hachkingtohach1 for API(s) 4.0.0
AntiInstaBreak 1.0.0 by PMMP Team for API(s) 4.0.0
AuctionHouse 2.0.0-BETA1 by Shock95x for API(s) 4.0.0
BuilderTools 1.3.0-beta2 by CzechPMDevs, VixikHD for API(s) 4.0.0
CraftingTable 1.0.0 by hachkingtohach1 for API(s) 4.0.0
CropGrowth 2.0.1 by NhanAZ, kaidoMC, YTBJero for API(s) 4.0.0
CustomItemLoader 2.3.1 by alvin0319 for API(s) 4.0.0
DevTools 1.15.0 by PocketMine Team for API(s) 4.0.0
EconomyAPI 5.7.3-PM4 by onebone for API(s) 4.0.0
FCCore 1.0.1 by hachkingtohach1 for API(s) 4.0.0
FormAPI 1.4.0 by jojoe77777/DragonfireHD98 for API(s) 4.0.0
Gems 5.7.3-PM4 by onebone for API(s) 4.0.0
HealthTag 2.1.2 by Shelly7w7 for API(s) 4.0.0
InvCrashFix 0.0.1 by Muqsit for API(s) 4.0.0
InvSee 2.0.1 by BlockHorizons for API(s) 4.0.0
KeepInventory 1.0.0 by NhanAZ, KhoaGamingVN for API(s) 4.0.0
LaunchableTNT 1.0.1 by Vecnavium for API(s) 4.0.0
MaxEnchants 1.2.2 by Xenophilicy for API(s) 4.0.0
MultiWorld 1.7.0-beta3 by CzechPMDevs, VixikCZ, fuyutsuki, kaliiks for API(s) 4.0.0
MyItem 1.5.5 by hachkingtohach1 for API(s) 4.0.0
NPC 1.0.0 by hachkingtohach1 for API(s) 4.0.0
Napthe 0.0.2 by hachkingtohach1,tungstenvn for API(s) 4.0.0
Parties 2.0.1 by Didah (@Diduhless) for API(s) 4.0.0
PlayerStats 3.1.9_BETA by hachkingtohach1 for API(s) 4.0.0
PureChat 2.0.0 by Vecnavium, 64FF00 for API(s) 4.0.0
PureEntities 2.0.0 by LeinneSW for API(s) 4.0.0
PurePerms 1.4.5 by Vecnavium , 64FF00 & ProjectInfinity for API(s) 4.0.0
RedstoneCircuit 3.0.0 by tedo0627 for API(s) 4.0.0
ScoreBoard 1.0 by hachkingtohach1 for API(s) 4.0.0
Shield 1.4.0 by JavierLeon9966 for API(s) 4.0.0
ShopGUI 1.0.0 by hachkingtohach1 for API(s) 4.0.0
SimpleHome 1.1.0 by CzechPMDevs, VixikCZ for API(s) 4.0.0
Spyglass 1.0.1 by ItsRealNise for API(s) 4.0.0
VanillaHopper 2.0.1 by ColinHDev for API(s) 4.0.0
VanillaX 3.0.0 by CLADevs for API(s) 4.0.0
_NewAlias 1.4.0 by Javier Leon9966 for API(s) 4.0.0
libEasyUI 1.0.2 by GiantQuartz for API(s) 4.0.0

----------------------REPORT THE DATA BELOW THIS LINE-----------------------

===BEGIN CRASH DUMP===
eNrtXHtz20aS/ypT9NZFriMpvAkw5ZxlSY61a9k8S459G6RcA2BAIgIBBA9J9Fa++3X3DECAkiw5
USr5I67diBjM9Pz63TMY4D+jOC/XvP50KcoqybPR3BqP6mQtRnPdsUzP1WeGPbUt23Xd8agp5C3D
m5qaZtu2Z8E/Y2aPRymv6uOyzMvR/D+jelNAr9E5/JFt49FaVBVfYuvh64MjcVn5/g88S9KUf/T9
IM3DC2ipk1T4/mkenBX8KhPlOVzP55Woj7M6qTcn0d7TOTsol81aZDV7orO9fwh15ylbN1XNAsHy
mOH8LMnqMavqMsmWbJlcimzMQp6mIoI77HDu++8r4BkmLXlWrxKR+f6RqC7qvPD9l/n1Ycnj2veL
tFkmWQ/txJpqvl+Voe9/JSfTYlWwPGNpkgmmmxZIJW7S9CXcQrH8SYgQhUSgCO/36e4D2X1Ftbux
L2nuI8n9IUWghuyBGZlgRyUP4eePoycaewzieyA0MICvZHLyXd+ApEH86PzEzookEuVTQAyGVKwR
C/6fSMnZcfRLHtZ5uYGp9d8ydSl4dMYvxRGv+V4e/CzCmhUwQNRrEJPvZwFotOZLUF2+LvImi875
8omuzTzTIGhGD9pVXqbR/gf8755hGyYA6tMiJC2QHvbJdyHAqMXLMl/fhYNI+z7RfqIbjunNxuy3
4DXvwmvZ2g7e/pyT75IsqQ9XTXaxB44rlqJk7pi1P3XtVjSKggxhvp/kAAtJIJdPQGOO7RAo6w5Q
jvtlTGnOoy9gItp2j3aR8o0o9xf0Z2+mzb5IvRTLpKpFSTO8hqlgzC1MSqK+L6n2OoPYnZnubRHt
CKwuG0EQnTshurNdIxrOhiB/aUQlNVPtEblZj1wmamDqYn8dFmL/jbw4g1APqWQP4Bn3UI9yIvxO
TqLou7fQH5I+5RnkknLP2RWw6u77iMf3h6Mm39VJeCHn8O6eY8/T76J6K4o+WV3r0T0TJWTVPX3m
mPcQHJDQbyHhWLuSlHcGA41bBmoUMe8auCjzEHjJS0Wh77wLGnMKY/ZMTb+DyKdPYZ5BSG3CujXd
F7wSh1ANVMpIjVs9t4EoBUHzlCfZ63wJUnxitsn6RxOC84OzYTfKsn76DVld8m3dwbexK7xKilWO
Up6/p6N00E+SUrT5xdV+YsWKl/P9/cP5PmHa7yDtK0T7LaDepJPTxRQH7mDBTP109NOv45H4u8j6
2iLrDylvQBWS4qcku8zTS4HigmkisIKwHrV3oaWlC21hHgnUHeCajxj8K8rkElIzypH9Y82vaa4j
AeGRPWOupn0Lg0z7ts7ov9DHkF0c6IJ/Zztd/6dVKqowTiAzKGXC0AyKTxrsqsFeO7gJ0iRkcZOF
NcQ5thzaBkz/H+huaao7/itF3ZQZoFol1eS71l6QuqWrbr/ihSGnssw7puqbIbHZmd6cXeZJRBNb
vYn/UZTiMsmb6rhla4CBENi9/lArCB6u9mR3FcLnc2DxBAIZz0Kx93TyXctxIiAnMV61OJ7S/E6P
Hv5L4tZFaCRKiT179qwHnobNdoYR/D5Y1g0h2O4t/QNAf0F3vZ27KF67rxJq0PuiGiqH9QAiRdu4
2feSp0nUSRYLCupp3uwJijtKynqz9/Tb0a9/l/5/l/5/l/5/l/5/l/5/l/5/l/6PU/q3BWWF9eNB
KsqafmUcN2TbhvGo28cd6VNtqkELb+pVXlaYjFdQ+VwAxjrHXzoS5UWCdyzqDNci4wGU76M5hpDx
KBKFyCIcDPeqPK6P+g1rTgXuDlnfl2jav1g0g0FAx8Xbs/MPb9+9PoKmKxFUSY3YV3VdVCCtK16H
q2qV1NMrIYJ0Mw3z9T4WEweQwak6e4HVT5/r4Y17uF+cni7YueDrx+K7WK/BtIYgpGHfxzJx1VDJ
+wpqV9Hnqd/c58hAqJMXx+cH+pCvsxXYimdf/z62Rsfgz/l6c7A4GW1ZrBRt3+cS1wpxAdNDlPcy
+6JJUggJ53me9s120DxUnwnMBqLmxpDZw88iXC1OsRSDGz8k18nFq6PHUmiIxIt1RHVeILHViM33
d5A+yKCXSb1qAjLjHuz9ASmQDcUBcJ9zBNwTzrD9L+LaA1A7lw+RC4gFxJukYbmZVptaVFPIiPsR
r1ZBzstoXwokL74v86t6NZBG17jrFTv+8GbFs4N/Q9sFT6L89BB+/d/5i3+KMn8sqcgZkPsW08Pc
/hbDUGCR66aq8/VJLdYyffZ53701lIC5KwGeXiaZZureYzHcEQSed7DcbHlIPABH2I0FXdPQ0nX7
RhzvUuOjRvN2fqwaLnf8/Oz84N35+8V9ytwi2+9oALO9yLplt9fYZ9iezqbmZHFqDXnOMxHA/x+L
V0XO94VEATR9f4DoXg2+PDzMy364Ug27cUr/c+KURNP+fazI9BKWm0M1ti1Dtq1dm/05/zkXM/y3
f1TyZZ7FUDG+OvLcxxLAdgIsdglT9+Mh6vxerPvOSJd/ol3i/PK/DwH/SvC0Xp3zZY+DbdswWOpT
Y7d8Emm6mV3NHouJqiXo+x2Ih5eFJ9klJNVq9TK57nHTb+3zo930sNPmFyD3WMysiZrvJ9lliADi
BGrBh8d5wH0mxJARbLgnhb/A/axXeZl8hjXmY7EyIOr7EsnXMPMvIQoYJTLcWuvxNGy/p1DrqpN/
rXL+PYfF5fKHN49dmAwQPUJt8po3WbhCPOdvznucD9vvCf0/iDDjl0nzaBm7IwhK7APZuXyIak/5
9TGOyAar6n7rkDljN4p8FFlerJI0CTePxV6PJKqwgzK4eBBzTVontPPY523bOGRtphZe5r0Lr8N/
0xGmTVNXzUVCBXeaJBfVH7IcWyNetYs6wP57lmI9QiinDRaxfRnJhqF87Kn955Q0Ek3797FKmjeL
wx7HePUXWWkClK+LXHfuH73hRb3qJyHVsJtIjS8yOq6bbFnVIrvM/jieCVj79yG+veAlPqXsMde2
3JNij5KIr9jec/jbrFJRVU8fi6uopej7hcTi+1tQX+uuHT7ilh4enNV8EKb7rX2uYV089T7hjtmf
Y8E9XIOL323Qi6YUhyte92XQNt3YMrwrCY9HjvXypaZ9Ffs0z0KUawryOzuI+NARJq4WZQ7UP8rn
8ovjSdve21f8JOcGsSjc218Psnro2z6g3xFC13yPIF6LJMvE2YfH0n5K9MDkAYNQGCRTPURft53Q
QtwfUFHsSyUMeZdtu0tR+w4LYGMmtcD+i4HK8EHNCaxLs6R+tBJmoGZC1/v5EEW/E1FVw4rwMCnD
Jukb/O6doePfUHctolxzjEdb5LX0fL9UQEIJxPdvIruXzbMwL8ULzMk9DnuNOyn5zwlnWzz93787
mJ2tEjGoTFXDPTsq/wQbFuVrkWee5ziPxfSQKvBJWNq/D1LlKi++f38y4Ee2/EXqKgWn+/FYheRZ
si5S8Spf9yutXuPOtu4u+7evL/6IlURFmFaACWTQx/d7VhJna56mC3XSqUcVBVNslvhUvC+Wtume
JfNJXb0TPH2TVI+2xdYjCewrHA/fnlKnn17lRTF4RDFsv6f2PMzTJHsFcnsspjqC3fEsCWTn8rfo
uIO6Zf7jTb4/3pd/1PGxR2P45mm0HpJ7tfjpjbg6SBPet8lt24MiL/ujQy9hUX9+g+KG5PYlmV/x
/G5wzKvNIEJv23b9cWdJ+H3Cs/p/G1jMfH4stuXEvt8BuEd5eO6Yl4C7FruPw9oDJATlGlaqFVXd
wKd8VDNy0RVxXycI1xyfrm5bQp4CNBjbb8vXn6K8hlA/aFUHz7cNTZn2ryNeD+7HSVqLAeHluuhf
riCP9K+TMM8u+w0/V6SQ7nodyLM2g7a8rNVKXm7x42neiCqqbaciHMrhnYhTQYuTfmtFEq2GTRGu
mXotZ4vXg+k31S9phpOpX6y7VecXIks+D0Vwfa24RrgYHjd8nVK0NOjyc1LIPOlR/f4ZTLQ/HC6v
10Op5wjP0DRT1w0PGhZHbwesR/kngrbbCE3JUGE5WGlVDTrKjPbxdMDzDgK4xDOvO3yu06sy2dF/
Ua+wJ0rYUqFysdqxPTwcSEfFDBKSfMadLIMk47j5DjHWmDooCXEJlVmgOiEpKFKKOlcNhhRWBIqW
Zqmp0mN7tuvTdq7efXxrIMnifGC30Q2VJwMrIVGa/aZSgHugHy4baYst/X+Du7G3ixCKsp7w0btX
hZoXZxSZKHnaX+f13R1dmVdi+/ZuJ086vTKaG5ppgNiqT1D6jOYxTyuIS0WZ13mYA1ULX91d4rpq
ZDluzLnlWIERhHbozWLDjHkcBDNdcEfXTDt2YkN3gXajoHxIsii/qtibc9YdcLMmbpVkTAcUjDAw
fTZzTLbXdpbnB5mh6c5TdnB65OATRXwPtSe0z4I8yersZVV8ylE5H07e0H4+XVxRxRLiYeRKlJ9A
yyUv1YYAj1Y5LlH2MXRMoI96OwMLT+N5HBrxzPFmXqxxy+J2bAehwY3A0bRImzlGLDQxc8UM5Vgm
4cW+ipba1Juaz0NuzyLdjTXDjV0rns1mgaE7bhjpnq4HWiSEYVomFxQKgVcIQ5CP8LWYgIcXEzpT
z2t8iQckeZHlV9lz9RfNblnmVSX2gWVeZXh8/xIPeGjPDc3wPM00Q1CEZWqaCBzbETPhCtcNY9uI
9MhxPAtnhYBdikrwMlwR/2sui7XRJVnHczcIQs3QuSuiwBAWnwluxC6PrJh7IvSiUBhxGLjRwEv2
AxGVcDUB7FxthGv/3TaCXEF7zy3XCJ2Zx7ktIi1w9VADcEagxzFe6Rr3rNDlTng75a1djmYIdJe6
ZmncdU1u8SBwQy/wINRZkW3M3DCwYxGGjmlH3DV2qFPE2Lq3gQYAZIQexp7meSJy+MyecUAHVmEH
JvyDFaoRRrE3pHSrCrFKMJ871sydWWBSjhOEHCRqu65tWIZw7dAwQ8MWbmjbfAdaiLV3qk77EDQQ
oSe4qZmeZ4o4igPTCyNTM4Sh205ka0DaNTQPrHOHUp7mWxqaFwgHvDaagcsK04wcVwfD8SLDCw0j
tJxQnwk92kFDb5atwFpTBQfNToQzywhwSleznSAAhmzN8UJLxDEo05uZluC6FwxJpTnWE62p4ArA
0J5zR1ggV8N2Z0LTdCt2Igd+m0YYO6ZpOMYMIo4bmbuklgTGQjBO6OlGqIHebDt0gQNT11wRgvHP
wByc2NKsULNuUpj0Mo4k5ejxDJkKYxM0FhoWYAO3N3gYgUG4GtfBC8xwxwe6OEAkIscShm3bQWQI
Dy3esOwZBAQ7gsFxqJuA0Yt3jD0L6k64nhtaXLMCsAxPtwXEFNeMzEAD2wZBgWPqPAD160MK258T
qqOkU39F/O7RKvmFrCwg0lrgGMLkrqPrYMszTegxB59yDBscT4dgZ1kzAaEj4CK8jcokKcK2oHnu
GQZ3LMsCZpxwFnEICfg/1zR0DWxPhNbMdLnYkW+V5fln0Sb85xoPXYjVYPN6aOke12OQOPgXOL1r
2hh/bU8YZHxQEVdig36wLejoMe3zEP7NLCFsYRouVEcBeJKlBbYO9iwE2FsQOE6o8S2Rpklk+oHI
C7nCAxnGgW26ruPpcTQzZ2AXlhWFgRU5MDqMDSuKcfiqWVect+NvBvdqs47zbAMaTDdQX6STtpa+
BKgmKTGMPHvmzYQH0cd04ygyAs10PBMCHOQdAerVwLhuowUZw9U6WvpzCLca5CER6dyDIMCBmseF
bkBsh+QBGUszbGsW3ElL7+ESDhiFF5sR2nkMKcizXPBVXQut0ARQJjivB/+Va5V1/hlWSPsQ20Sp
ki5aqOM5VjgDa3A1y9Ut7loGGIHQQMeRbgc80GLdBYcaECnA4yYYvNVJR+155JlePBMR+GwIJhEE
Xog51w4DzY4gGwI2T5sBGVoqdbY13VC1+oThTgcL8QTWsik5vXWItR6+GcgGxZWfPWHnK0ik+FYi
HnKtGC8Fq1eC5Zmo4AevWcizLKdXYpMsTJtIvvkqXxaYQkKDxEtPAoDWWb6WL87epFnxWIxZDnfK
CknK9/zYJm9KRYslMVvDIiROaAaobfA103SDhGHh3pHbh0qXN2ldsas8+6ZmmPp5yWANm0PwSjCF
bRAhvrUn+b5aiYw1xbLkERCY+pmftcTmfsbYkw8rgcBYncMsULQCCfXmRUV1X4WVdSRvE1QZ/RnI
MxU1yQs3D0PBZHLBljVSBomHYpJyrI2XYs6oPMUb1aqpoVjMJuqF5jnzR6puDFMo9iJ/RMgO0jS/
YmlSIdr2PUN2mXD2v40oN9jnF/wxUbfm9GIUDT2mpboawwAXw3KRgcZAKEgt2DAlSuwvV/aT7nYP
7JMP4DFgESBXHkUMKi8pfhQrvaS7FrxqSno/mIHQA4GgQTjil4anKDZ6cZpBUdEItqcmhQL5KVKX
M4pJKQpY4E5A7PjKzBxu09xvmnUAUgGrOqg2WXjOqwuGrxWBHU2pw3uQFpl2yyl2W5V5ljegPehe
jRmdqmByqYH+MGZYVJfyVSeSDfgjtq2bDCwIu0jiZ6Re4AmsrMyvE7AwAWIAlshysw4cylYBOonR
VrEP2uSYJfU3IL66pGGRqPF1ITSZncFsD3howG8MEguxMVGczonUrq1yMo6yyTJUZ4TLxLwgJdC6
pJqyI3GpfrN1slyBM+MJt3Hf+ZThoETKsilq2SoFhoJZAzbFFykXnJLWGpF0CI7vLAPs2xGgjaDN
QcGfgHVNe4YGnSeyU2dpfrYWMN1GOuX3aR6A9eCuEpPt4AfrpEbfXoslD2iXnp1JUWsk3KSiQ/s4
/By1dpWQ5MmiwGmvJpJQa2QVcYgHVeEHE3iaDMnEpRDtlNLIQVsNuilb5qCoHN0UrQInWhLMCUGb
Mw25gNkpBMuK7C/PAW7TfQn/Cpb1vw9/VecFQVDhs4OkyFUMwkeB2TTqAOGsLSod6k4FjILAB/IK
ha/65hEQkl8QJIwYLGwg+WSQfJi4FmFDwTeXkKVHYrLqeovrUIio2nIkA9fb8+M5O391csZen5ye
nLODxeL1yfEZWxy/Yx/evvvX8bsxg07s/C30OmYfXr19fcwW794eHp+dTXdDwEAehu0ocSxEmeSU
kDEQV8hguBIUkkkaXbDVQfZQEkQUW6jLBEKhkGGWSB3mGfAJARqsCfm9y9ikkV2tMLPiZyggBMlu
RFkSgdC7DeQyI9EcbzGHYJ6nAdObvdEW1B4zqK0QIZYDUrKl/DBEN7bjAcxLFNWWVVNTvFZPb4ek
ODcV50teBuAZk21lTQHodumSqyEcNYqpURC71zxrqPjoI4HCrAEbfDpuc8KuEbZmKNNrDIv8WvK7
3rrglL2VMV8aPFQPeZNGHZYEkshVxrb4K0m4IPjAqKNpileY7SUFixtJkkxHUuh4i8t83SZbOVr1
mPRNs69h5EZp8oZtsFtMamAdZ23BiCorYSY0Q2XIUbMuZHUlSzimbkzwRquvI+ykBhB2gtlygF+5
uBLg7PwWAUPShsQHM1yCkVVVIzAw1CvQ2rKtNjFo4WxbVONWkbJGUEXlVKLBrnfKac2vJ7QpW7XY
D3mBrcm6WUOOhfRaInH6Xgcqksm3yyWKrVzRX5QoyWNu2hgU24VCRBNOsApuIOlancaOcnlr16ax
NsKoJ+nLzq0LSVqqY58zqhwmtOnb8XYEUKhWgfIRpQfoZIEhqRQc1yRMjpEcbrmDYUqekp92Zuy8
rXZRgCkuAxTdL5P6kh36mXqBfa5SBJRmqzyVJWaARzyoEifIFX6TgKkkQ7FNrnzUXZlaAtEVmzK9
Pelrqb2FYbXc1Eh8zCZ6T4GkPJp4UrdgVAqgqL2tY+lBAZaQkeQc1zJU6ONgaFSwpuwV1IJgS8+o
uGOHi/djhucPoWMWXSURmD3VCjJ6dvQnRH/OnLbs3lbkFUmn13fKDiIIVCuexvuwlJTLhAi/+qOm
gkkZ7guigfUccZv2esT6S5Hja4xqWGLydMoQxPtFtmiL7e0CENcSCOoKD/PAwKbIiom63lndnCqv
q5LPotMnluWtGitMeKpkgrJdmkcvtVqeIQc9nbKFGpPyckkDuFqJKlugGeOSL5EF0AmIrSpSqlhw
eYlnLNDZeYl6OkwT6CXXy+pbFez0/D0hrYAlZDtoaobrc1Lldjq5uJi2sWZdNxMcNSe0/fWhyOhp
Evl6zHBjIMQ3Xjs2Yf0bx0k4ZZSlVhyLAJasQTY16g60QV8ogTA1Jiz4tSICvUJJQNSlQAwpmlM4
r6RKZSkBfWtlo8iJkPsDKtSp1dTRWyqSjk7ODl5AfUT1VJORDWHAbjBS0oNQWSQkaIzqe1VRf72x
5XPr65EImuW8XbR9x3RcrKmSdQXhiu4ztUSv5KYCenNW5TJ5K4/QkZhELakdrnJYxKMXtms10a7G
KYrjtjGr+GWbLeAnLL3ld0PwXm8ZD8DoWbss2tSezM95kskNAZLUN+xjkF+j55fs5IjtfXx/cvQU
9A5uDxig/xWorf2MFDgHruHKSMlHlh/gDflWdxl4+8cXr1v6an3Xa/mGJsOnZFQ4kHpVKUK85e0O
kUqj14BvgscMnuVxTNPCvSTeTK6bJNoqhOQ5GW7OnNPuinQ1+TEcKQOK9Mqvmkrt8siPAZHHqzET
OWbO1GNUnEamEBUe1SyYA3m27NYoGQ5Ld1PxuO11mYirSZegb9sQk8I9WOcNRo9Y5joVTEBkrWgx
t2N0pK0QUD/+puQMg99Rqu4NJsYzIZfegZDEAoGf/IIwwq/IKNBG1bdo0LSweZj0Jfs4Ucc+xEDG
d6EW8gsqMBt+UOw2lNrtMHmJH09ivDV3ANsOxr8dGnNnh0d+bgqkWSWRzBnIDwedgsFVTdCXwhKT
KPQQkUyddNGlNtpqUsbBw1CkglYK0rxp1jS5gClwnUyRKOXA+pLedJdxDKbgbCWp9YIceH9Vy5RM
YCcojRbaZCsaydrJUdXjC8M0al5SY/Kxacem2nJqyxwaM1AS0Jswgz0BmHigrVPkdlur0+X0pjJV
8LriCa1mIZnAUk9aUZEXTdq6jbrAfE99VNowDZyQlkHIJc2EGRcjF5QEaoGBLWojb65KHdx3pMW1
bJaVgrIsALKN0NE26KFnTvBLgjtNXWAYNqvzBL2cDvFgIk9MdT1XoLe5hDLFz5pMk5wQQ6jbrHFx
CK5c4z5rWG2hY5pS99n2PrFAYY4vl6VYqi1Ftf8ot1nw83AXu/wRPog1b4/e4kd1JiopyPoAw9eV
kCsQDk5+RTNWBHzLALVNe5v+kKc7yTcFnkySyrkhVFCovK+MCSohPDdAuayXbw5xb1709/LGkByK
FQe3EBjZS8TQ1qWQMWJRwtpjgnExw2Qo77a5S2YOPtgbVGc5esm2gRocahuKrW0IUwRJy/J+O8cN
rUq++mqtk/U2g6hsjESxP1o9JgzUIoZxnJA2PdWgdoN7up1A3enP0Eruy/leJROpSekBvb0kRQPI
10qe7a7RSjXKEFd2KwkVHXATHhZrEZVBSdwRwofkTSmfuGC0abdSZOQFeio6tfmW45lBtU6D0prj
ESh1hQUQYFS6mrdKk/fARnFPb85+pMoFitYxbfL9hERlYu6Sd/9JELGBlXRJAR63UWTwQqsS9a15
lOIzLR8rWjHQ8hvfaixSoYqAPnw5L7XLn0AR3cDSZE7dzjhnL18fnMtGXGoI3Fn7Vp3IGNveNb3j
MDavo6SsxxR0v1WVnnzW0t+0kE6MiQ5Eq/YUeaOsLgVlhRsmvyXWlG3cbVdqZfeUhoIK0IF0FNJT
sKqV06R9wgMmIMv6Jy8pmtBU1H9AhOpi1fKp1zKh+rJX+OWy9hfXENsqtcgNL3CZVNGCDoJbkKT4
eUwq5Kgf8pvgB6FSmSmkq0guiT5URmUXjvHx665S8TnlYqviQ3pYSU/rfKhanrwsE3YkQmZYzDDm
pj23Nfbh5AUzNEPHDu0TtWcCIixcr/M6eiZfnS3x4R59wA2d7Znu6ZC6ho2XDjWb2KxWB0kBjWDd
0HK1SmoxwUduWKsSdVhAqXLtma1hy5Lj9kEkntGVfMrXtalRuGGLD3ba6+KyUDNECa6owIQ3zwha
Z5FdgntGTFIxjDX2lrW2QBZRrws+Yn92dPzy4P3r8x5P9GBQTUnpAX1VXQ/K12cuNvVKdOoy+vX/
AT2FIE8=
===END CRASH DUMP===
