PocketMine-MP Crash Dump Fri Feb 4 19:23:55 WIB 2022

Error: Call to a member function getSpawnLocation() on null
File: plugins/FCCore/src/hachkingtohach1/FCCore/FCCore
Line: 645
Type: Error

THIS CRASH WAS CAUSED BY A PLUGIN
BAD PLUGIN: FCCore

Code:
[636]         $z = $player->getPosition()->getZ();
[637]         $block = $player->getWorld()->getBlock(new Vector3($x, $y - 0.5, $z));
[638]         if($player->getWorld()->getDisplayName() == $this->getServer()->getWorldManager()->getDefaultWorld()->getDisplayName()){
[639] 			if($block->getId() === 30){
[640] 				if(self::WORLD_SURVIVAL != null){
[641] 					if(!$this->getServer()->getWorldManager()->isWorldLoaded(self::WORLD_SURVIVAL)) {
[642]                     	$this->getServer()->getWorldManager()->loadWorld(self::WORLD_SURVIVAL);
[643] 					}
[644] 					$world = $this->getServer()->getWorldManager()->getWorldByName(self::WORLD_SURVIVAL);
[645] 					$player->teleport(Position::fromObject($world->getSpawnLocation()->add(rand(1, 100), 10, rand(1, 100)), $world));
[646] 					$player->sendMessage(TextFormat::GREEN."You are playing FoxCraft!");
[647] 				}else{
[648] 					$player->sendMessage(TextFormat::RED."Something didn't go OK! ".TextFormat::GRAY."WORLD_ERROR");
[649] 				}
[650] 			}
[651] 		}
[652] 	}
[653] 	
[654] 	public function getDataItem(int $id, int $meta = 0, int $count = 1, $tags = null) : Item{
[655] 		$class = new ItemFactory();

Backtrace:
#0 pmsrc/src/event/RegisteredListener(75): hachkingtohach1\FCCore\FCCore->onMovement(object pocketmine\event\player\PlayerMoveEvent#126949)
#1 pmsrc/src/event/Event(62): pocketmine\event\RegisteredListener->callEvent(object pocketmine\event\player\PlayerMoveEvent#126949)
#2 pmsrc/src/player/Player(1178): pocketmine\event\Event->call()
#3 pmsrc/src/player/Player(1265): pocketmine\player\Player->processMostRecentMovements()
#4 pmsrc/src/world/World(859): pocketmine\player\Player->onUpdate(integer 5213)
#5 pmsrc/src/world/World(785): pocketmine\world\World->actuallyDoTick(integer 5213)
#6 pmsrc/src/world/WorldManager(360): pocketmine\world\World->doTick(integer 5213)
#7 pmsrc/src/Server(1760): pocketmine\world\WorldManager->tick(integer 5213)
#8 pmsrc/src/Server(1642): pocketmine\Server->tick()
#9 pmsrc/src/Server(1034): pocketmine\Server->tickProcessor()
#10 pmsrc/src/PocketMine(301): pocketmine\Server->__construct(object BaseClassLoader#2, object pocketmine\utils\MainLogger#3, string[36] C:\Users\tranthien\Desktop\FoxCraft\, string[44] C:\Users\tranthien\Desktop\FoxCraft\plugins\)
#11 pmsrc/src/PocketMine(324): pocketmine\server()
#12 pmsrc(11): require(string[80] phar://C:/Users/tranthien/Desktop/FoxCraft/PocketMine-MP.phar/src/PocketMine.php)

PocketMine-MP version: 4.0.0 [Protocol 475]
Git commit: 468faa464b2bc5c97f23fafbb71ea61035f6f218
uname -a: Windows NT tranthien4-8sin 10.0 build 17763 (Windows Server 2016) AMD64
PHP Version: 8.0.13
Zend version: 4.0.13
OS: WINNT, win
Composer libraries: 
- adhocore/json-comment 1.1.2@fc2f76979f0a44a5f5bc2a2b600d0762fe0e78e7
- brick/math 0.9.3@ca57d18f028f84f777b2168cd1911b0dee2343ae
- daverandom/callback-validator unknown@unknown
- fgrosse/phpasn1 v2.3.0@20299033c35f4300eb656e7e8e88cf52d1d6694e
- netresearch/jsonmapper v4.0.0@8bbc021a8edb2e4a7ea2f8ad4fa9ec9dce2fcb8d
- pocketmine/bedrock-data 1.5.0+bedrock-1.18.0@482c679aa5ed0b81c088c2b1ff0b8110a94c8a6c
- pocketmine/bedrock-protocol 7.0.0+bedrock-1.18.0@040a883a4abb8c9b93114d5278cb5fecc635da82
- pocketmine/binaryutils 0.2.2@f883e1cf9099ed6a757a10a2f75b3333eeb2cdf9
- pocketmine/callback-validator 1.0.3@64787469766bcaa7e5885242e85c23c25e8c55a2
- pocketmine/classloader 0.2.0@49ea303993efdfb39cd302e2156d50aa78209e78
- pocketmine/color 0.2.0@09be6ea6d76f2e33d6813c39d29c22c46c17e1d2
- pocketmine/errorhandler 0.3.0@ec742b209e8056bbe855069c4eff94c9734ea19b
- pocketmine/locale-data 2.0.20@a6e4eb22587e0014f6d658732cf633262723f8d3
- pocketmine/log 0.4.0@e6c912c0f9055c81d23108ec2d179b96f404c043
- pocketmine/log-pthreads 0.4.0@61f709e8cf36bcc24e4efe02acded680a1ce23cd
- pocketmine/math 0.4.0@6d64e2555bd2e95ed024574f75d1cefc135c89fc
- pocketmine/nbt 0.3.0@98c4a04b55a915e18f83d3b0c9beb24a71abcd31
- pocketmine/pocketmine-mp 4.0.0@468faa464b2bc5c97f23fafbb71ea61035f6f218
- pocketmine/raklib 0.14.2@e3a861187470e1facc6625040128f447ebbcbaec
- pocketmine/raklib-ipc 0.1.1@922a6444b0c6c7daaa5aa5a832107e1ec4738aed
- pocketmine/snooze 0.3.1@0ac8fc2a781c419a1f64ebca4d5835028f59e29b
- ramsey/collection 1.2.2@cccc74ee5e328031b15640b51056ee8d3bb66c0a
- ramsey/uuid 4.2.3@fc9bb7fb5388691fd7373cd44dcb4d63bbcf24df
- rhumsaa/uuid unknown@unknown
- symfony/polyfill-ctype v1.23.0@46cd95797e9df938fdd2b03693b5fca5e64b01ce
- symfony/polyfill-php80 v1.23.1@1100343ed1a92e3a38f9ae122fc0eb21602547be
- symfony/polyfill-php81 v1.23.0@e66119f3de95efc359483f810c4c3e6436279436
- webmozart/assert 1.10.0@6964c76c7804814a842473e0c8fd15bab0f18e25
- webmozart/path-util 2.3.0@d939f7edc24c9a1bb9c0dee5cb05d8e859490725

Loaded plugins:
Alerts 1.0.0 by hachkingtohach1 for API(s) 4.0.0
AntiInstaBreak 1.0.0 by PMMP Team for API(s) 4.0.0
AuctionHouse 2.0.0-BETA1 by Shock95x for API(s) 4.0.0
BuilderTools 1.3.0-beta2 by CzechPMDevs, VixikHD for API(s) 4.0.0
CraftingTable 1.0.0 by hachkingtohach1 for API(s) 4.0.0
CropGrowth 2.0.1 by NhanAZ, kaidoMC, YTBJero for API(s) 4.0.0
CustomItemLoader 2.3.1 by alvin0319 for API(s) 4.0.0
DevTools 1.15.0 by PocketMine Team for API(s) 4.0.0
EconomyAPI 5.7.3-PM4 by onebone for API(s) 4.0.0
FCCore 1.0.1 by hachkingtohach1 for API(s) 4.0.0
FormAPI 1.4.0 by jojoe77777/DragonfireHD98 for API(s) 4.0.0
Gems 5.7.3-PM4 by onebone for API(s) 4.0.0
HealthTag 2.1.2 by Shelly7w7 for API(s) 4.0.0
InvCrashFix 0.0.1 by Muqsit for API(s) 4.0.0
InvSee 2.0.1 by BlockHorizons for API(s) 4.0.0
KeepInventory 1.0.0 by NhanAZ, KhoaGamingVN for API(s) 4.0.0
LaunchableTNT 1.0.1 by Vecnavium for API(s) 4.0.0
MaxEnchants 1.2.2 by Xenophilicy for API(s) 4.0.0
MultiWorld 1.7.0-beta3 by CzechPMDevs, VixikCZ, fuyutsuki, kaliiks for API(s) 4.0.0
MyItem 1.5.5 by hachkingtohach1 for API(s) 4.0.0
NPC 1.0.0 by hachkingtohach1 for API(s) 4.0.0
Napthe 0.0.2 by hachkingtohach1,tungstenvn for API(s) 4.0.0
Parties 2.0.1 by Didah (@Diduhless) for API(s) 4.0.0
PlayerStats 3.1.9_BETA by hachkingtohach1 for API(s) 4.0.0
PureChat 2.0.0 by Vecnavium, 64FF00 for API(s) 4.0.0
PureEntities 2.0.0 by LeinneSW for API(s) 4.0.0
PurePerms 1.4.5 by Vecnavium , 64FF00 & ProjectInfinity for API(s) 4.0.0
RedstoneCircuit 3.0.0 by tedo0627 for API(s) 4.0.0
ScoreBoard 1.0 by hachkingtohach1 for API(s) 4.0.0
Shield 1.4.0 by JavierLeon9966 for API(s) 4.0.0
ShopGUI 1.0.0 by hachkingtohach1 for API(s) 4.0.0
SimpleHome 1.1.0 by CzechPMDevs, VixikCZ for API(s) 4.0.0
Spyglass 1.0.1 by ItsRealNise for API(s) 4.0.0
VanillaHopper 2.0.1 by ColinHDev for API(s) 4.0.0
VanillaX 3.0.0 by CLADevs for API(s) 4.0.0
_NewAlias 1.4.0 by Javier Leon9966 for API(s) 4.0.0
libEasyUI 1.0.2 by GiantQuartz for API(s) 4.0.0

----------------------REPORT THE DATA BELOW THIS LINE-----------------------

===BEGIN CRASH DUMP===
eNrtPGlz20ayf2VCu16keiSFmwC3lLIsybE2ksWV5NibZUo1AAYkIhBgcFCit/LfX3fPAAQo2ZJf
lEo+RLsxgcZMT9/H4PhvL8ryBS+vVyIv4iztja1+r4wXojfWHcv0RiPLtIeao1m63u9VS3nJcMyh
7rqaYWqeZjqGbfd7CS/K4zzP8t74v71yvYRhPXne7y1EUfAZQg55krAyY5wtxMIXOYuqNChhYTYT
5eWS36anWcARsLPLAJpWSQIIIvh5EyeEYTydvi+A2um0zHlazmORTqdHorgps+V0+ia7O8x5VE6n
y6SaxSkMe3N4mOViOi3yYDqd82B+E6ezMsMjfXNV/g6X8yWuJ9dSKPbktT1AsLc1v74kf2BmEqcw
07FAIkBeAMf/6b3Q2HKBk/E/sRJpuXchZnFRilyEp/ibinxnZO+O2SPkDb7L0rNsJRaAYyfzfxFB
yZZZcCPKBaw7nRJyZJ2vRT6dTugXJxzjhRe64XiWtwtkvtDvkURDdhwDqHgA5X2CB98FoEw563eR
YrRIkcP35OgdXR+5D5NDSCQFO4TE/DwSw7G3kHSJGny3zLMATPQsK8oLEQDmWsaFRG61kN9meRLu
fcB/d1zbewRzlr5fhrwUO3FaihnYu23oJuG0P4Nz5G5TS1enU7o8+I4HZQVcr4+yqzi4uY/XeRjv
GU/BA/Md09G+iD78DNpRC+2lyFco2NEXcakVB9+VDyJ0H0DoWNvWJ68oHDTPe2CeZlpfmDeR2s1y
iUBve+OE5pzBnB1T0z+D5Po6yNKizKugsfTXvBCHEPKK04yHIn9h9NkDPlCVcQIB6IzHENZmwP4L
s88AETj4f0znZ/bkWNbMsqyvmNVEQMm3/hm+jW3hFVKscpbyTvBFGJWLX6s4FzuKGlf7mS3nPB/v
7R2O94imvYakPUXRXk1Qa9HB2WSIE7dowei72/v5t35P/GGZ5PdHdiBPTr+O01WWyEgBOEOQTFD2
6qsAaeYGWSiQG8d0AMzU38tPbJ+9XKpQAWRPsiKWFNPpTzu7/4DJjjlqT/ITkNfWRBk65KzXeH0n
FbfsRyAny82dl3d99nLNBkwb2nD0aVehdVto42jncwiP4gKvvOMLAaLch5VBvwVdUg64u5lTxxk1
VUS8Sj6Pbfe/RIgHhExL/B+SQQzS2JOQFtxnpiZHWlozksYWIonG4w/nF6dH15fvL348+fHglH2z
T8pWM/TWDJrzzRPJjwuCkIOHD660u8vkGkZLkO2/afnEtRJYRArpwXVIXZbZ4eQ3glkd2EuKv+xr
NESg11IdX1jb7q5TW0opErHM8nKnttzxOMqzxTmFwh1JjiSj65CQxsJwByJFuKP3ma5pu/hvn7Uh
AJIIlLlazsM0FCINz2RY2LkSd+UbKmjH4+8vjo/fDae9f2cV47lgOB7cm9Xh6JtpTyEetRD/JpJC
SK26X7fexfERrHaZLQQIH9YJ4zD9tmSzjJ3/8A2b9oZd4g7+DaOlrI8vLs4vGmq8NjUIsTdGL89r
k5ZnBp3JY2kidCgtY1n5SRx0YuMRL/lJKRaYktnLOOwzOgCyOViOpk6DrIKffQbKeFnyWcGUU7Ex
w8kkIbu2ipcBpkIcAlEHL7/hGHnWGL9++7sQ/rsQ/rsQ/rsQ/rsQ/upCuC4lC6wdDxKRl3SUctyE
qQH9XrN309OH2lADCK/KeZYXGHO3Aiki5csYr1g0GM5Fyv1EhL0xaFb0e6FYQorDyXCtyCKo4lqA
BafS9l58ltTUv1gvg0HAwMn55RWlOQDdCh/KBKR9XpbLAqR1y8tgXszjcngrhJ+sh0G22MOccZCW
8QnYGn+dC37T5rp74RHuJ2dnE3Yl+OK5+F4uFmBaXSKkYT/GMnFVURp+m1WFaPPUBrc5MpDUwevj
qwO9y9flHGzFs+9+H1u9Y/DnbLE+mJz0NiwWCvd0yiVdc6QLmO5S+Sizr6s4gZBwlWVJ22w74K76
TGDWhzrE6DJ7+EkE88nZkVjhhB/ju/jm7dFzKTRA5MtFCMinU1/SViJt0+kWpU8y6FlcziufzLhF
9l4HFciG4gC4zxUS3BJOF/4Xce0OUVunT5ELiAXEGydBvh4W61IUw1SUeyEv5n7G83BPCiRbfp9n
t+W8I40GuO0VW/7wbs7Tg58AdsPjMDs7hKN/X73+p8iz55KKXAG5r2l6mts/YBiKWOS6KspsgRWz
TJ9t3rcvdSVgbkuAJ6s41Uzdey6GG4TA8xYt9yFPiQfgCNuxoAF1LV2378XxJjU+azSv18eqYbXl
55dXBxdX7yePKXND2V6DA5htRdYNuy1gm2F7OBqag8mZ1eU5S4UP/z0XrwoddA6SCsAJ7UObokc1
qPazNgw1G1zdOKX/OXGq2yI+V2TClr2rxhrSZdvattlfsl8yMcK/vaOcz7I0gorx7ZHnPpcANgtg
sUs0NQdPUef3YtF2Rjr9E+0S15f/PoX4t4In5fyKz1ocbGDdYKkPje3ySUDnOLodPRcTRY1wOm2I
eHpZeJKuIKkW8zfxXYubNrTNj3bfw86qXwHdczGzIGzTaZyuAiQgiqEWfHqcB7ovhegygoBHUjjt
W7/N8vgT9JjPxUoH6XQqKfkaZn4QYgmzRIr7WS2euvBHCrWmOvlhnvHvOTSXsx/fPXdh0qHoGWqT
U16lwRzpuXp31eK8C38k9P8ogpSv4urZMnaDEJTYJmTr9CmqPeN3xzgj7XTVbWiXOWM7inwUabac
x0kcrJ+LvRZKVGFDSufkScxVSRnT9lObtw2wy9pINV7mo43X4U/0OMa6KovqJqaCO4njm+IPaccW
SK/aSuvQ/ntasRYilNMai9i2jCSgKx97aP85JY2kpv59rpLm3eSwxTGe/UU6TSDl6yLXZ/eP3vFl
OW8nIQXYTqTGFxntl1U6w13+VfrH8UyE1b9P8e0Jz8tYtINWDXkkxR7FIZ+znVfwW80TURS7z8VV
WGOcTpeSlul0Q9TXumtDH3FLdxAuS94J021om2voi4feNe6Y/TkW3KKrc/K7DXpS5eJwzsu2DGrQ
vS3DzyVhvL/45o2mfRX7tM5E5AsK8ls7iHinDxYuJnkG2D9C5MmqYnI8qOGtfcVruTaIRdG9OXqS
1cPY47SMt02/DX5EEKciTlNx+eG5tJ8QPjB5oEEoGiRTLYq+bjuhJnGvg0WxL5XQ5V3CtltR+zMW
wPpMaoH9DwOV4Y2aE+hL07h8thKmo2airnX4FEVfiLAooSM8jPOgitsGv32l6/j31F2KMNMc49ma
vBrfdJorQgJJCN4V3qbsUTYvgywXrzEntzhsAbdS8p8Tzjb0tI9/dzC7nMeiU5kqwCM7Kv8EGxb5
qchSz3Oc52K6ixX4JFrq3yepcp4tv39/0uFHQv4idZUipzl4rkLyMl4sE/E2W7QrrRZwa1t3m/2H
+4s/opMoiKY50AQyaNP3ezqJywVPkol6krCFFQWzXM/wrnhbLDXokZb5pCwuBE/excWzbbG1UAL7
io6nb0/9yNM4SfjbbLns3KLowh+pPQ+zJE7fgtyei6kG4XTaIWTr9P+j44bUDfMf7/P98bH8c3h6
QKb9XAxLdA1/HzdHT9Hi9Ttxe5DEvG2TG9iTIi/7o0Mv0aJ+/h+K66Lbk2h+w0d3/WNerDsRegPb
9setlvD7mKflvypoZj49F9ty4em0IeAR5eETxzwHukuxfTusfoCESLmDTrWgqhv4lLdqei66Iu7r
+MGC493VDSTgCZAGc9uwbHEdZiWE+g5UPYa9AVR50j7HR7va51GclKKDeLZYtk/nkEfa53GQpas2
4JeCFNKcL3z5rE0HluWl6uTlFn9RcmQobA9aBl05XIgoEdSctKEFSbTogkLsmVqQy8lpZ/l18WuS
4mLqiDWXyuxGpPGnrgju7hTXSC6GxzVfJBQtDTr9FC9lnvSofv8EJtqeDqd3i67UMyTP0DRT1w0P
AJOj8w7rYXZNpG0DARR3FZaBlRZFZ6DMaB/POjxvUQCnuZB3rjvA2zze0v+ynONIlLClQuVkvmV7
8yq9oUfFDBKSvMcdz/w45bj5DjHWGDooCbGCysxXgxAVFCnLMlMAQworBEVLs9RU6bF5tut6s1br
Or4cEKdR1rHb8J7K446VkCjNNigX4B7oh7NK2mKN/ydwN3Y+CaAoawkfvXu+VOviivhQKU/afV7b
3dGVeSE2b+w18qSnV3pjQzMNEFtxDaVPbxzxpIC4tMyzMgsywGqNbFgD+6qe5bgR55Zj+YYf2IE3
igwz4pHvj3TBHV0z7ciJDN0F3JUi5UOchtltwd5dseYBN2vgFnHKdKCCEQ1MH40ck+3Ug+Xzg8zQ
dGeXHZwdOXhHEd+0awntkyBPshp7mS+vM1TOh5N3tJ9PJ7dUsUCQWmaFyK9ByznP1YYAD+cZtih7
GDoGMEa9l4GFp/EqCoxo5HgjL9K4ZXE7sv3A4IbvaFqojRwjEpoYuWKEcszj4GZPRUtt6A3NVwG3
R6HuRprhRq4VjUYj39AdNwh1T9d9LRTCMC2TCwqFwCuEIchH+FSuz4ObwYonMYRIfKUFJHmTZrfp
K/WLZjfLs6IQe8AyL1J8unuFD3horwzN8DzNNANQhGVqmvAd2xEj4QrXDSLbCPXQcTwLV4WAnYtC
8DyYE/8LLou13oqs45Xr+4Fm6NwVoW8Ii48ENyKXh1bEPRF4YSCMKPDdsOMle74Ic3wZA2jnaiNc
+98aCHIF7b2yXCNwRh7ntgg139UDDYgzfD2K8EzXuGcFLneChzFv7LI3QkK3sWuWxl3X5Bb3fTfw
fA9CnRXaxsgNfDsSQeCYdshdYws7RYyNextoAIBG6EHkaZ4nQoeP7BEH6sAqbN+EP+hQjSCMvC6m
B1WIVYL5yrFG7sgCk3IcP+AgUdt1bcMyhGsHhhkYtnAD2+ZbpNGj8ol62odIAxF6gpua6XmmiMLI
N70gNDVDGLrthLYGqF1D88A6tzBlSbbBoXm+cMBrwxG4rDDN0HF1MBwvNLzAMALLCfSR0MMtaug9
qzlYa6LIQbMTwcgyfFzS1WzH94EhW3O8wBJRBMr0RqYluO75XVRJhvVEbSrYARjaK+4IC+Rq2O5I
aJpuRU7owLFpBJFjmoZjjCDiuKG5jWpGxFhIjBN4uhFooDfbDlzgwNQ1VwRg/CMwByeyNCvQrPsY
Bq2MI1E5ejRCpoLIBI0FhgW0gdsbPAjBIFyN6+AFZrDlA00cIBShYwnDtm0/NISHFm9Y9ggCgh3C
5CjQTaDRi7aMPfXLRrieG1hcs3ywDE+3BcQU1wxNXwPbBkGBY+rcB/XrXQybwwHVUdKpvyJ+t3Dl
/EZWFhBpLXAMYXLX0XWw5ZEm9IiDTzmGDY6nQ7CzrJGA0OFzETyEZRAvg7qgeeUZBncsywJmnGAU
cggJ+H/XNHQNbE8E1sh0udiSb5Fm2SdRJ/xXGg9ciNVg83pg6R7XI5A4+Bc4vWvaGH9tTxhkfFAR
F2KNfrAp6Og27asA/kaWELYwDReqIx88ydJ8Wwd7FgLszfcdJ9D4BklVxTL9QOSFXOGBDCPfNl3X
8fQoHJkjsAvLCgPfCh2YHUSGFUY4fV4tCs7r+feDe7FeRFm6Bg0ma6gvkkFdS6+AVJOUGISePfJG
woPoY7pRGBq+ZjqeCQEO8o4A9WpgXA/hgozhag0u/RWEWw3ykAh17kEQ4IDN40I3ILZD8oCMpRm2
NfI/i0tv0SUcMAovMkO08whSkGe54Ku6FliBCUSZ4Lwe/Ct7lUX2CTqkPYhtIldJFy3U8RwrGIE1
uJrl6hZ3LQOMQGig41C3fe5rke6CQ3WQLMHjBhi81ZOO2qvQM71oJELw2QBMwve9AHOuHfiaHUI2
BNo8bQRoqFVqbGu4pmr1BcOdDhbgE1izKqd30BjWeizKctYprqbpC3Y1h0TKClHiQ64FvTtWzgXL
UlHAAS9ZwNM0K5kvWJwGSQXBAw6YfFlgCAkNEi/dCQBc+DoYyyJEsI2z4JHoswyu5AWiZD4+S87W
WZUrXCyO2AKakCimFaC2wRdMkzUihsa9QbcXytcsC3ab4StnmPp5zqCHzSB4xZjC1kghvhQo+b6d
i5RVy1nOQ0AwnKbTtEY2nqaMvfgwF0gYvmCL77sxfNlW9l8F1X0FVtahvEykyujPQJ6JKEleuHkY
CCaTC0IWiBkkHohBwrE2nokxo/IULxTzqoRiMR2oV3zHbNpTdWOQQLEXTntE2UGSZLcsiQuklqn3
I9gq5uxflcjXOOZXPBioS2OGjTlNPaZWXc1hQBfDcpGBxkAoiM1fMyVKHC87+0FzuUXsiw/gMWAR
IFcehgwqLyl+FCu+acMWghdVTq9OMRC6L5BoEI74teL02vIsXsFYKCoqwXbUolAg7yJ2uaIY5PRu
5QDEjq/MjOEyrf2uovedwaoOinUaXPHiBhSf34AdDWnAe5AWmXbNKQ6b51maVaA9GF70mXxTVLYa
6A99hkU1MII9BckG/BFhiyqN5WubEvklqRd4AivLs7sYLEyAGIAlsty0IQ5lqwg6idBW6W1tsMk+
i8tv8eXtnKaFosTXhdBktiazHeChAr8xSCzExkBxOiZU27bKyTjyKk3pDUxsE7MlKYH6kmLIjsRK
HbNFPJuDM+MTbv228ynDQYnkebUsJVQKDAWzwO+ESL5IueCU1GuE0iH4KotDIPthCtBG0Oag4I/B
uoYtQ4PBAzmosbRpuhCw3Fo65fdJ5oP14K4Sk3Dwg0Vcom8vxIz7tEvPLqWoNRJuXNBD+zj9CrV2
G5PkyaLAaW8HElFtZAVxiA+qwgGjdwwRTZQLUS8pjRy0VaGbslkGisrQTdEqcKEZkTkg0sZMQy5g
dQrBsiL7y3OA23Rfon8Obf3vo78osyWRoMJnQ5JCVzAIH0vMpmFDEK5aUzWCulMRRkHgA3mFoq/4
9hkoJL8gkjBisKCC5JNC8mHiTgQVBd9Mkiw9EpNVM1rcBUKExYYjGbjOr47H7OrtySU7PTk7uWIH
k8npyfElmxxfsA/nFz8cX/QZDGJX5zDqmH14e356zCYX54fHl5fD7RDQkYdhO0ocE5HHGSVkDMQF
MhjMBYVkkkYTbHWQPZQEIcUWGjKAUChkmCVUh1kKfEKABmtCfj9nbNLIbueYWUEmGILkMMIskUDo
3QRymZFojXPMIZjnacLw/mi0BbXHDGpbigDLASlZJFfqVc5teADzEstiw6qpKV6L3YdJUpybivMZ
z33wjMGmsqYA9LB0ydWQHDWLqVkQuxc8pVd0O5RAYVaBDe7265ywbYS1Gcr0GkGTX0p+FxsXHLJz
GfOlwUP1kFVJ2NASQxK5TdmG/kIiXhL5wKijaYpXWO0NBYt7SZJMR2JoeMOvG9TJVs5WIwZt02xr
GLlRmrxnG+wBk+pYx2VdMKLKclgJzVAZclgtlrK6kiUcUxcGeKHW1xEOUhOIdiKz5gDOIM2Ds/MH
BAxJGxIfrLACIyuKSmBgKOegtVldbWLQwtU2VPVrRcoaQRWVQ0kNDv2snBb8bkCbskVN+yFfIjRe
VAvIsZBec0Re8hSqSlAkk6+YSyo2ckV/UaIkj7lvY1BsLxVFtOAAq+AKkq7VaOwok5e2bRprI4x6
Er8cXLuQxKUGtjmTX8GgTd+GtyMghWoVKB9RekCdLDAkliXHnoTJOZLDDXcwTclT8lOvjIM31S4K
MME2QOH9Mqov2eE0TUWJChurFAGl2TxLZInp4yMeVIkTyQV+PoKpJEOxTXY+6qpMLb5oik2Z3l60
tVRfwrCar+lbGn020FsKJOXRwoOyJkalAIramzqWbhRgCRlKzrGXoUIfJwNQkTVkb6EWBFvap+KO
HU7e9xk+fwgD0/A2DsHsqVaQ0bPBPyD8Y+bUZfemIi9IOq2xQ3YQQqCa8yTag1ZStgmhABtWS8Gi
DPcF0cBajrhJey1k7Vbk+A6jGpaYPBkyJOL9JJ3UxfamAcReAom6xYd5YGK1TJcDdb7V3Zwpryvi
T6LRJ5bltRoLTHiqZIKyXZpHK7VaniEn7Q7ZRM1JeD6jCVx1osoWaMUo5zNkAXQCYiuWCVUs2F7i
Mxbo7DxHPR0mMX6NgvplfAdfFCU7u3pPlBbAErLtVyXD/pxUuVlONhfDOtYsymqAs8ZEbbs/FCnd
TSJfjxhuDAT4xmvDJvS/URQHQ0ZZas6xCGDxAmRTou5AG/RNRQhTfaIFlLYioucoCYi6FIghRXMK
54VUqSwlYGypbBQ5EXJ/QIU61U0dnVORdHRyefAa6iOqp6qUbAgDdoWRkm6EyiIhRmNUX6oK2/3G
hs+Nr4fCr2bjumn7Dj//ApqQJescwhVdZ6pFL+SmAnpzWmQyeSuP0BGZpFpiO5xn0MSjF9a9mqi7
cYriuG3MCr6qswUcQustPx6C11ptPBBG99pl0ab2ZH7J4lRuCJCkvmUf/ewOPT9nJ0ds5+P7k6Nd
0Du4PdAA429BbagYfFwVnAN7uDxU8pHlB3hDttFdCt7+8fVpjV/1dy3It7QY3iWjwoHUq0oR4i2r
d4hUGr0D+gb4mMF+FkW0LFyLo/XgrorDjUJInoPu5swV7a5IV5Of75QyoLHKr6pC7fIEEERKGWbV
nIGcM2bqNiouI1OICo9qFcyBPJ01PUqK05LtVNyvR61icTtoEvRDG2JSuAcL+rQQNvmU7mUwAZHV
osXcjtGRtkJA/XhMyRkmX1Cqbk0mxlMhW29fSGS+iND3C/zoFLnSvLYzMi0Ed5O+ZB8XatiHGMj4
Nqnq+ziwmoB8+hCV2sNk8hwwhYzX5g7E1pPxt6HG3NrhoW+hoZ8VcShzBvLDQadgcEXlt6UwwyQK
I0QoUyedNKmNtpqUcfAgEImgTkGaN62axDewBPbJFIkSDqzP6E13GcdgCc7mElsryIH3F6VMyUTs
AKVRkzbYiEaydnJUtPjCMI2al9iYvG3asKm2nOoyR34Xrq0kwDdgBnsBZOIDbY0iN9tajS6H95Wp
gtctj6mbhWQCrZ60omW2rJLabdQJ5nsao9KGaeCC1AYhl7QSZlyMXFASqAYDIWojb6xKHdx3pOZa
gmWloCwLCNlE6HAT9NAzB/gVwS1QExi6YPU8QSunQzwYyCemmpFz0NtYkjLEz5oM44wohlC3XmBz
CK5c4j5rUGxIxzSlrrPNdWKBwhyfzXIxU1uKav9RbrPgV8Butvkj+iDWnB+d40d1BiopyPoAw9et
kB0Ip2+L4YoFEb5hgGDD1qY/5OlG8hV9dEoq555QQaHyujImqITwuQHKZa18c4h786K9l9eH5LCc
c3AL/GgaFixlU5dCxohEDr3HAONiislQXq1zl8wcvLM3qJ7laCXbCmpwqG0ottYhTCEkLcvr9Rr3
tCr5aqu1jBebDKKyMSLF8Wj1mDBQixjGcUHa9FST6g3u4WYBdaW9Qi25L+d7lUykJqUHtPaSFA5A
Xyp51rtGcwWUIS5vOgkVHXATHpq1kMqgOGoQ4U3yKpd3XDDa1FspMvICPhWd6nzL8ZlB1adBac3x
ESh1hgUQ0Kh0Na6VJq+BjeKe3pj9hyoXKFr7tMn3MyKlFmyTvNt3gogNrKRzCvC4jSKDF1qVKB/M
oxSfqX0sqGOg9hvfagRaVRHQJl+uSzTIQ8CIbmBpMqduVhyzN6cHVxKIrYbAnbV/qCcy+rZ3R+84
9M27MM7LPgXdf+jSHPNVDBlGOVIL4Uo+oXqNLMpOFJcH1W/YxPuh6h6ZalapQIoy/GIOw4qKTXvy
LdAeGtK0VyNtcOC9Iaw35R2f9taJDCWYbkHBameTV8r2EzCZYM3kF82qvI7+db+YN/eKKLQBHkiK
Ad2LK2ptDer7TGCIsrl48YZiGi1F4ztIqDpXkOsWZEBVbqv8zGQHIu4gwhaq1Q5usFkrqK2EEOvH
0CatpbRoHPIb42epEpmvpMNKLgk/1Gd5kxTwJvC2aeHd0snG0A7plindM5xC7fTiTR6zIxEww2KG
MTbtsa2xDyevmaEZOg6o7+vtC4jzcL7IynBfqi7HW4z0GTl0+X3d0yGBdoErh8AmglWPEi8BCD4G
kNt5XIoB3vjDipmwQxunisZ9W0PIjOMmRij26Uzea2xgahZuG+Ptpfp8uVqqFcIY+zpwpPU+kdaY
V5Nm94lJKsnRLjes1WW6CFtD0LD3j47fHLw/vWrxRLcn1ZKUpDBiqPNOEb3vIqjVKNCQ3m//B4Q5
2QY=
===END CRASH DUMP===
