PocketMine-MP Crash Dump Fri Feb 11 20:23:53 WIB 2022

Error: Call to undefined method pocketmine\Server::getWorldByName()
File: plugins/Dungeon/src/hachkingtohach1/Dungeon/Dungeon
Line: 305
Type: Error

THIS CRASH WAS CAUSED BY A PLUGIN
BAD PLUGIN: Dungeon

Code:
[296] 		}
[297] 		return $result;
[298] 	}
[299] 	
[300] 	public function spawnMobs(string $id){
[301] 		foreach($this->dungeons[$id]["mobs"] as $data){
[302] 			$position = explode(",", $data["position"]);
[303] 			$entityClasses = $data["mob"];
[304] 			$vector3 = new Vector3($position[0], $position[1] + 0.5, $position[2]);
[305] 			$world = $this->getServer()->getWorldByName($this->dungeons[$id]["world"]);
[306] 			for($i = 1; $i <= $data["amount"]; $i++){
[307] 			    $entity = new $entityClasses(Location::fromObject($vector3, $world));
[308]                 $entity->spawnToAll();
[309] 			}
[310] 		}
[311] 	}
[312] 	
[313] 	public function spawnBoss(string $id){
[314] 		$boss = $this->dungeons[$id]["boss"];
[315] 		$position = explode(",", $boss["position"]);

Backtrace:
#0 plugins/Dungeon/src/hachkingtohach1/Dungeon/Dungeon(245): hachkingtohach1\Dungeon\Dungeon->spawnMobs(string[6] mc-091)
#1 plugins/Dungeon/src/hachkingtohach1/Dungeon/Dungeon(215): hachkingtohach1\Dungeon\Dungeon->joinDungeon(object pocketmine\player\Player#112220, string[6] mc-091)
#2 plugins/Dungeon/src/hachkingtohach1/Dungeon/Dungeon(180): hachkingtohach1\Dungeon\Dungeon->findMap(object pocketmine\player\Player#112220, string[7] floor-1)
#3 pmsrc/src/command/PluginCommand(54): hachkingtohach1\Dungeon\Dungeon->onCommand(object pocketmine\player\Player#112220, object pocketmine\command\PluginCommand#29747, string[7] dungeon, array[0])
#4 pmsrc/src/command/SimpleCommandMap(220): pocketmine\command\PluginCommand->execute(object pocketmine\player\Player#112220, string[7] dungeon, array[0])
#5 pmsrc/src/Server(1408): pocketmine\command\SimpleCommandMap->dispatch(object pocketmine\player\Player#112220, string[7] dungeon)
#6 pmsrc/src/player/Player(1382): pocketmine\Server->dispatchCommand(object pocketmine\player\Player#112220, string[7] dungeon)
#7 pmsrc/src/network/mcpe/handler/InGamePacketHandler(758): pocketmine\player\Player->chat(string[8] /dungeon)
#8 pmsrc/vendor/pocketmine/bedrock-protocol/src/CommandRequestPacket(51): pocketmine\network\mcpe\handler\InGamePacketHandler->handleCommandRequest(object pocketmine\network\mcpe\protocol\CommandRequestPacket#128681)
#9 pmsrc/src/network/mcpe/NetworkSession(395): pocketmine\network\mcpe\protocol\CommandRequestPacket->handle(object CLADevs\VanillaX\network\InGamePacketHandlerX#124935)
#10 pmsrc/src/network/mcpe/NetworkSession(358): pocketmine\network\mcpe\NetworkSession->handleDataPacket(object pocketmine\network\mcpe\protocol\CommandRequestPacket#128681, string[29] M./dungeon..J..6/}>..I.Y.<...)
#11 pmsrc/src/network/mcpe/raklib/RakLibInterface(192): pocketmine\network\mcpe\NetworkSession->handleEncoded(string[32] ....O).KO..ch...2.......2..f....)
#12 pmsrc/vendor/pocketmine/raklib-ipc/src/RakLibToUserThreadMessageReceiver(42): pocketmine\network\mcpe\raklib\RakLibInterface->onPacketReceive(integer 0, string[41] ...j.-.. $..L....0...o.so2...G../0U..Bv_.)
#13 pmsrc/src/network/mcpe/raklib/RakLibInterface(122): raklib\server\ipc\RakLibToUserThreadMessageReceiver->handle(object pocketmine\network\mcpe\raklib\RakLibInterface#118679)
#14 pmsrc/vendor/pocketmine/snooze/src/SleeperHandler(123): pocketmine\network\mcpe\raklib\RakLibInterface->pocketmine\network\mcpe\raklib\{closure}()
#15 pmsrc/vendor/pocketmine/snooze/src/SleeperHandler(82): pocketmine\snooze\SleeperHandler->processNotifications()
#16 pmsrc/src/Server(1660): pocketmine\snooze\SleeperHandler->sleepUntil(double 1644585833.9689)
#17 pmsrc/src/Server(1046): pocketmine\Server->tickProcessor()
#18 pmsrc/src/PocketMine(304): pocketmine\Server->__construct(object BaseClassLoader#2, object pocketmine\utils\MainLogger#3, string[36] C:\Users\tranthien\Desktop\FoxCraft\, string[44] C:\Users\tranthien\Desktop\FoxCraft\plugins\)
#19 pmsrc/src/PocketMine(327): pocketmine\server()
#20 pmsrc(11): require(string[80] phar://C:/Users/tranthien/Desktop/FoxCraft/PocketMine-MP.phar/src/PocketMine.php)

PocketMine-MP version: 4.2.0 [Protocol 486]
Git commit: 44818e6d1456dcf1f0fd3cd27da1dfecbe03c08b
uname -a: Windows NT tranthien4-8sin 10.0 build 17763 (Windows Server 2016) AMD64
PHP Version: 8.0.13
Zend version: 4.0.13
OS: WINNT, win
Composer libraries: 
- adhocore/json-comment 1.1.2@fc2f76979f0a44a5f5bc2a2b600d0762fe0e78e7
- brick/math 0.9.3@ca57d18f028f84f777b2168cd1911b0dee2343ae
- daverandom/callback-validator unknown@unknown
- fgrosse/phpasn1 v2.4.0@eef488991d53e58e60c9554b09b1201ca5ba9296
- netresearch/jsonmapper v4.0.0@8bbc021a8edb2e4a7ea2f8ad4fa9ec9dce2fcb8d
- pocketmine/bedrock-data 1.6.0+bedrock-1.18.10@e98c511584a7bd58a95986374d2df4b04c6a2ba0
- pocketmine/bedrock-protocol 8.0.0+bedrock-1.18.10@017e57c8f8a74118bcbba7332e7ebac9e6c81693
- pocketmine/binaryutils 0.2.4@5ac7eea91afbad8dc498f5ce34ce6297d5e6ea9a
- pocketmine/callback-validator 1.0.3@64787469766bcaa7e5885242e85c23c25e8c55a2
- pocketmine/classloader 0.2.0@49ea303993efdfb39cd302e2156d50aa78209e78
- pocketmine/color 0.2.0@09be6ea6d76f2e33d6813c39d29c22c46c17e1d2
- pocketmine/errorhandler 0.6.0@dae214a04348b911e8219ebf125ff1c5589cc878
- pocketmine/locale-data 2.4.3@4d0b081f1a79407e087968ea76aaf330db6ea2b5
- pocketmine/log 0.4.0@e6c912c0f9055c81d23108ec2d179b96f404c043
- pocketmine/log-pthreads 0.4.0@61f709e8cf36bcc24e4efe02acded680a1ce23cd
- pocketmine/math 0.4.2@aacc3759a508a69dfa5bc4dfa770ab733c5c94bf
- pocketmine/nbt 0.3.2@3e0d9ef6b6c5fb45e3745a121296e75631b3eefe
- pocketmine/pocketmine-mp 4.2.0@44818e6d1456dcf1f0fd3cd27da1dfecbe03c08b
- pocketmine/raklib 0.14.3@4798576fec0364266dce23b368a7fec5e5de7927
- pocketmine/raklib-ipc 0.1.1@922a6444b0c6c7daaa5aa5a832107e1ec4738aed
- pocketmine/snooze 0.3.1@0ac8fc2a781c419a1f64ebca4d5835028f59e29b
- ramsey/collection 1.2.2@cccc74ee5e328031b15640b51056ee8d3bb66c0a
- ramsey/uuid 4.2.3@fc9bb7fb5388691fd7373cd44dcb4d63bbcf24df
- rhumsaa/uuid unknown@unknown
- symfony/polyfill-ctype v1.24.0@30885182c981ab175d4d034db0f6f469898070ab
- symfony/polyfill-php80 v1.24.0@57b712b08eddb97c762a8caa32c84e037892d2e9
- symfony/polyfill-php81 v1.24.0@5de4ba2d41b15f9bd0e19b2ab9674135813ec98f
- webmozart/assert 1.10.0@6964c76c7804814a842473e0c8fd15bab0f18e25
- webmozart/path-util 2.3.0@d939f7edc24c9a1bb9c0dee5cb05d8e859490725

Loaded plugins:
Alerts 1.0.0 by hachkingtohach1 for API(s) 4.0.0
AuctionHouse 2.0.0-BETA1 by Shock95x for API(s) 4.0.0
BlockGenerator 0.1.0_beta by BlockHorizons, Chris-Prime for API(s) 4.0.0, 3.0.0
BuilderTools 1.3.0-beta2 by CzechPMDevs, VixikHD for API(s) 4.0.0
CraftingTable 1.0.0 by hachkingtohach1 for API(s) 4.0.0
CropGrowth 2.0.1 by NhanAZ, kaidoMC, YTBJero for API(s) 4.0.0
CustomItemLoader 2.3.1 by alvin0319 for API(s) 4.0.0
DevTools 1.15.0 by PocketMine Team for API(s) 4.0.0
Dungeon 1.0.0 by hachkingtohach1 for API(s) 4.0.0
EconomyAPI 5.7.3-PM4 by onebone for API(s) 4.0.0
FCCore 1.0.1 by hachkingtohach1 for API(s) 4.0.0
FormAPI 1.4.0 by jojoe77777/DragonfireHD98 for API(s) 4.0.0
Gems 5.7.3-PM4 by onebone for API(s) 4.0.0
HealthTag 2.1.2 by Shelly7w7 for API(s) 4.0.0
InvCrashFix 0.0.1 by Muqsit for API(s) 4.0.0
InvSee 2.0.1 by BlockHorizons for API(s) 4.0.0
KeepInventory 1.0.0 by NhanAZ, KhoaGamingVN for API(s) 4.0.0
LaunchableTNT 1.0.1 by Vecnavium for API(s) 4.0.0
MaxEnchants 1.2.4 by Xenophilicy for API(s) 4.0.0
MultiWorld 1.7.0-beta3 by CzechPMDevs, VixikCZ, fuyutsuki, kaliiks for API(s) 4.0.0
MyItem 1.5.5 by hachkingtohach1 for API(s) 4.0.0
NPC 1.0.0 by hachkingtohach1 for API(s) 4.0.0
Napthe 0.0.2 by hachkingtohach1,tungstenvn for API(s) 4.0.0
Parties 2.0.1 by Didah (@Diduhless) for API(s) 4.0.0
PlayerStats 3.1.9_BETA by hachkingtohach1 for API(s) 4.0.0
PureChat 2.0.0 by Vecnavium, 64FF00 for API(s) 4.0.0
PureEntities 2.0.0 by LeinneSW for API(s) 4.0.0
PurePerms 1.4.5 by Vecnavium , 64FF00 & ProjectInfinity for API(s) 4.0.0
RedstoneCircuit 3.0.0 by tedo0627 for API(s) 4.0.0
ScoreBoard 1.0 by hachkingtohach1 for API(s) 4.0.0
ShopGUI 1.0.0 by hachkingtohach1 for API(s) 4.0.0
SimpleHome 1.1.0 by CzechPMDevs, VixikCZ for API(s) 4.0.0
Spyglass 1.0.1 by ItsRealNise for API(s) 4.0.0
VanillaHopper 2.0.1 by ColinHDev for API(s) 4.0.0
VanillaX 3.0.0 by CLADevs for API(s) 4.0.0
WorldProtect 2.3.11 by aliuly for API(s) 4.0.0
_NewAlias 1.4.0 by Javier Leon9966 for API(s) 4.0.0
libEasyUI 1.0.2 by GiantQuartz for API(s) 4.0.0

----------------------REPORT THE DATA BELOW THIS LINE-----------------------

===BEGIN CRASH DUMP===
eNrtXQtz2za2/iu4SufWmbUovh/qphPHdhJv7VgbO012y0wGJEGJNUWyfNhWdvrf7zkASJG0Ezup
d9o7k862FkHg4DsPnAcIcv8zifNyTesPl6yskjybzM3dSZ2s2WSu2aZpuZZrGIrnWp7t7E6aQtyy
LUVzXFO1PctwNc22dicprerDsszLyfw/k3pTQK+JuN6drFlV0SW27NM0JXVOmixicZKxiKxZvcoj
UuThBavX0OT7Z6wENPP5ktVv8zKNnm1e0TXbeQyU4iZNnycpJzX3/TcVoPb9uqRZvUpY5vsHrLqo
88L3n+fX+yWNa98v0maZZNDtoMmWLIdOVRn6/oqGq4skW9Y5/tJ6t+UPpVgVOKWYTlKZyZszoDEb
kejuyb8wOAWGJnNDBQEByBB+/zJ5pJKvILajm9bjObkT9fTHqqBX2UkeVDtVXULXX+z3ZB1OVU9D
CT7Svm527Z6z/5onWTsoD35lYT3QbZHSDSt9f8H/PtI0XdfVXXIrUv2rkGquej+kYH/RCS2+HKXz
nsRpnpdTAdMgxRqB4b9hvl7TLJotOPB9cbVjmfdDlHcj7o/plp4SBHbtoXike47p9JmIxLy7hJYl
3fyivufsmLewc5asi5RJQigzmBpYunvS6Y/smoVNzb5KyrcDtHoAhavY0UzV/RSeMfbpj1ECS6QO
V38EE0di95CIgTMxbkczXH0ESEDdzv7lqr4dhNMDkbH6Ki8vZuuwYLBQsigFSEfZC3CfC4r0X4q2
Hccay2s45/THcEXr1oG478msP6Urp7xkWZSXsy2ZWcCiEq6mRZnXeZinHJXk9DX7rWFVLYDsWNoI
gMTu+wge3TNH6vu3wJ/+KO4OCd8myRHRFpbv34bpkaa7tisWtfcpqb4SF2cQ0iBc7hie9Xk+Pj9l
y0mLff9474BdQqz6mWZJmtJ3PXq3COIdQDY9wxKOXb0v5hvKH2Ee9m8xHtCaSuU9kKQ7k9a99+RE
aW1MUf6hKPbs9x8V5Uj5l/J3RVEEg9qnGCzpRZoEs9f04jgJjrKalTEE2x3N07+G0cMszCMWtdZv
6O8JQFBOHys/nSpKuILfuiL+gb+x0uHTP7kuBMBpUgjwAuh5jvnL+apkNDoRKdJrFrIEPZp5B3JB
0PdHLGMMESKWlHYSuLVkJdn6D1Pj/PyqTBWFfKcox8iACv/mSpUjYy8UZaa+UZRnlx8kY8aXCl5H
+C3Gins+3wfuW8CfYX28JL5cCGAoru14Arr5SZ1UWZ5/ZCKMpIwVrGy9o6YbXyn9e4z5T5jmVVOy
33cEQOsrAN4ILqIrBJlBP8AD3hjE+yqvkzgJaQ1WXsl57VvCqG2r9yRc4fWbrE7SnShvgpSRfrlg
u1L6zi2TqKb9idBYJ+HFQiDOSwnT7VFY8DEnMGbHUM1PEPnwIQQm67IJOz/1jFZsHwqU6jinEQRU
/da0qQFmwPOe0CQ7zpewZh4Z3ZoxIDO9d8GxXWnmF4zqyhTBt/cJvnVnrCEhVpExyxCwo2F0LcHl
JiXrorj6nhQrWs5ns/35jGOadZBmEtGsBdSbdHqyUHDgCAvWR48n73/fnbD/ft33IEUYQBUUPiTZ
ZZ5esjXLaiAbgZTCetLehZbtYAwFyJru2dDu1379O7RCLi2vSlY3ZUa+K1nVpPUP/J7L74l+Hv8N
Pw1V5T8LWC1JSOImC3E5knG5Rr5Losf/4QM0OQeU6Ax42/kOVFVBBinAVb9Az/e/+JM1DPYn7wmt
yHcRBGk5Wpej/fq7Iq8SPtkTwq6LFFja8Se78D8xAGi0PYDO4x/4cGM7HKSU1Bu+glgFNNpBMDH0
F93NbfdLEGZeGtAxY1fkZ3G104GAPB7m7a4gGv2NqIrVb9NbENaW6hWaBE4uhABGIh3KY37Rt5hP
yIlT2DJod7RBvjvfJUBb+wGkT/6+5ZCu8yarkUm48be/Sck63UgC/0jxSHaHwto5zoXXnc/jMl+f
cq+z00oIWOaYHktEaDdk9I+kJ8v683wvTXdkd6+DgaZmaGrPQA1N64zQ0PTOCDXj00b4LK9uGqHW
Kva7AG5v5T8WLt5tjUFr1fY5w8MBNwzv92/7JN/2Sb7tk3zbJ/m2T/Jtn+TbPsm3fZJv+yTf9km+
7ZN82yf5/79P0u4uVLibsAfGUfNfGcUH6m3D7qR7Dj/RwNmo0EKbepWXFZZEo9wYidIiwTsm7wzX
LKNgZdFkDpplu5MIrDGLcDDcq/K4Pug3rCnf7biRcgs07V/cQgGDgI6L07Pzt6evjw+g6YoFULkh
9lVdFxVI6wrTtWqV1MoVY0G6USC3nGFJt9fwKvNl3lSsz3O/uc+5jsxMnx2e72lD/s9WIFXPuv5j
jE8OwfLz9WZvcTTZCqGStH2fClwrxAUyGKL8rCSQ2Wcp0HnBMlbSWuyKSXZHN/oMqwoo+0PAajrk
lw95mZfJR1iqcGt/VULtvSjxEMZYBFB3/xEbGEzl+0Owvi88wr34b5IUup7nedo38EHz0MwB9xR5
14fM739k4Wpxgnke3Pg5uU4uXh48lMmHSLxYRzyJDAS2GrEB60Ok9zL9ZVKvmoAbfA/2bEAKZMM9
Biy0cwTcE86w/S/iBAagRpf3kQuIBcSbpGG5UapNzSoFIv0sotUqyGkZzYRA8uJFmV/Vq4E0usax
Vxj5g1eQAu39G9ouaBLlJ/vw61/nz/7ByvyhpCJmQO5bTCLyfYVhSLDIdVPV+fqoZmu5rHq8j28N
JWCMJUDTyyRTDc17KIY7gsDzCMvNlvv4A1gIY1/QNQ0tXbPGpr4NouSc0fVD8djOj/nF5Widn53v
vT5/s7hLmVtks44GMiufG/R47Z4k/CUW9Xgz7aEWci+kbnnvNfbZtxRHMaaLE3MogjxjAfz7UKxL
cr7PBAqg6fsDRHea7vP9/bzs+2nZMNal9ufoUqBp/z6UJp/n5XqoxrZlyLY5NuFf819z5uA/s4OS
LvMshqT65YHnPpQAthNgPcAxdT/uo84XbN33QvzyT7RLnF/89z7gXzKa1qtzuuxxsG0bRglN0cd5
M0vTjXPlPBQTVUvQ9zsQ9wuMyMtRdgnZRLV6nlz3uOm3DpPjGyvspPkNyD0UM2tOzfeT7DJEAHFy
/SUJL+A+Y2zICDbckbsMc/sHYmWUxQskX8LMT4wVMIplkPVvejwN2+8IZl1a9tMqpy8o1N/Ln189
dEY2QPQASdkxbbJwhXjOX533OB+23+H6f2ZhRi+T5sFSlY4gKLEPZHR5H9We0OtDHJENNh76rUPm
dGXkCN+xLC9WSZqEm4dir0cSVdhBGVzci7kmrRN+BqDP27ZxyJojK07jzopz/9/8rYNNU1fNRcIr
jTRJLqr/Sh26RrzilII/wP5HatAeIZTTBrP3voxEw1A+lmL9OSmNQNP+faiU5tViv8cxXv1FsnGA
8mWe65NbbK9oUa/6QUg2jAOp/llGd2uoCqqaZZfZf49nDqz9e5+1vaBlnbC+02pb7gixB0lEV2Tn
KfxtVimrqscPxVXUUvT9QmDx/S2oL12uHT7OLX+wfFbTgZvut/a5NiDZ8z7gVumfY8E9XIOLP2zQ
i6Zk+yta92XQNt3YK/5UEN6d2Obz56r6RezzeRasXHMnP9o6fk75bnC1KHOg/g48T95Ui8Np297b
UP4g5gaxSNzbX/eyeuh7iGe/Rqbfb75DEMcsyTJ29vahtJ9yemDygIFJDIKpHqIv20dpIc4GVCT7
QglD3kXbuBS1PmEBZJcILZD/JaAyfJZ1BHVpltQPlsIM1MzR9X7eR9GvWVTVUBHuJ2XYJH2DH98Z
Lvwb6q5ZlKu2/mBFXkvP90sJJBRAfP8msjvZPAvzkj3DmNzjsNc4Csl/jjvb4un//sPO7GyVFy/e
9PdU2pa/SCIi4XQ/HirzEofKXubrfmrSaxxtAI/Zvz0h/2+k3hXHtAJM7Uk4ie+PpN5na5qmC3k2
s0cVBVNslvikvS+WtumOGvOorl4zmr5Kqgfbk+qRBPYljvvv58hDWC/zohg8zBi235Gs7edpkr0E
uT0UUx3B7pSYADK6/Bodd1C3zL+7yfe7uxy2PMX2YAzfPBTXQ3KnFnmNCEGyxnchtswMmm88jbrx
OCpp0s3DPYtCar7PS+JCQBhb5T3zjJMmKeOEpVHv4NC0PTZdQzozW1MofMrZgF2QyodX7GovTWh/
pW7b7tgS/wckIawkxyzPPM+2H0ougmxLFY9pABb55yvMeUhuJsj8ju/NBIe02gzi1rZt7KVGleWL
hGb1PxuoiT4+FNtiYt/vANxh0vi6Dy0BN+h19DixParDoVxDwVvx5B34FE98Ji46KNweCsI1xafT
25aQpgANxvbb8vWHKK8hAA5a5ftQ24amTPvXEa0H9+MkrdmA8HJd9C9XEF3710mYZ5f9hl8rrpDu
eh2IU02Dtrysu2MnqLaqpshQ1O9UhEM5vGZxyniN02+tuESrYVOEpVev5WxxPJh+U/2WZjiZ/EW6
W3V+wbLk41AE19eSa4SL/mZD1yn3Pzq//JgUInvweBnwEUy0Pxwur9dDqecIT1dVQ9N0DxoWB6cD
1qP8A4c2boSmZKiwHKy0qgYdRZx/dzLgeYQALvFE54jPdXpVJiP9FzU/+4kSbo/5LFYj21s12QU/
lKdzIYkzAskySDKKe/gQeXTFRkmwS3CAgeyEpCB1K+pcNuhCWBEoWpilKhOyrcf8sJ2rdx9fzkuy
OB/YbXRD5cnASrgojX5TyWB54DpcNsIWW/r/huVGThchpKo94ePqXhVyXpyRH1ZK++Vif7njUqYV
237nBuSpc/L89M9krquWAWKrPkBCOJnHNK3AL7XHsydz07VhDizPJqbpai6zI8207CiMtViNIyOM
dCeiWhSzMGCqEapuALSbNogmWZRfVeTVOemOEppTt0oyooFWCcdANMexDbLTdhYnNYmuavZjsndy
YON+PH6Upie0j4yvJLOzl1XxIUflvD16xR8L8IurRLzKuC7yipUfQMslLeW+Ao1WOVY6M3QdU3wd
RLwUiem4/jQO9dixPceLVWqa1IqtINSpHtiqGqmOrcdMZY7LHJRjmYQXM+ktVcVTjKchtZxIc2NV
d2PXjB3HCXTNdsNI8zQtUCPGdMM0KOOuEHgFNwTxCBxsGtDwYnoJCUAkTtGBJC+y/Cp7Kv+i2S3L
vKrYDFimVYavu13qGIKfMhabrut5WmQZzAJNqaFnWWageoEGwgRQAfXwfc7dCTjsklWMluGK87+m
IoWdXPLV9tQNglDVNeqyKNCZSR1G9dilkRlTj4VeFDI9DgM3GqyS7u0OfImQS9JW1L+1jSBXV9EA
peeGlqZZLlANIsulnuW5tuGYkR7FANYMbZAzVW8nvTVMbgs3yauawywnBLlTx9Q0NwiDgDqGoTOH
gXA9ZoeuZnvGiDz3GdsFDgJ9atHQYYx6Go0DGrlRaHpubIXMMENm654TWcyG23RI6VYlYp5gPLVN
x3VMMCrbDkIKMrVc19JNnblWqBuhbjGQjMWPA/YJYk2SyvNSHJr61PQYNVTD8wwWR3FgeGFkqDrT
NViYlgqkXV31wD5HlPI039IAq0D8duTYsc4MI7JdzQgNL9K9UNdD0w5Bklo0QsNfeZbv3nBSoOKn
EYWpTaqahukGYOHM1TWPBbGmW3GsAU+uF4buGE6aY0bRGguasPHUjNRAdbVYo45nqg5TXcezXUYd
m9LYMNQoAMh6YI0pLTkWvgjs0NP0UI091bJA1ZFuaKrLQj3SHC/w7NgECwOkNyhMeyFHkLK12AEx
umFsgMJC3WQmg3Wv0zBiIC2VarAMwAEOSXWOAPzsU0rD0HAsj1qqS20vimENhib8cRyVBmCWoRV6
ZhAPSWRB3campwZTI4/FdmCHVhyYFoOVYlFNhwhuM8eyDS0wYOGzIYVess8TKVOYzf0d+I13U0Rc
4jpyPNcCo2GhatimbtvoDYzAsGHFQaPFrIg5nu7cRgXfcGkzmqeerlPbNGHNh3YIGCi18H+uoWug
eo2FpmO4lI3kK944aCP+U5XCWgfX7LhaaGoe1WLbZLC8THAthoUO2PKY7iFPkBJXbIPLYJvR4eNe
/WkI/zgmYyBd3YX0KICFZKqBpamWzZgbGUFg26FKt0SaJomkXA0IFl4QOHFgGa5re1ocOYYDcjXN
KAzMyIbRYayD1nH4qllXlLbjb3r3arOO82wDGkw3kGCk0zaZvgSoaJWGCl5Dc/XQczUaaI4VwaIx
zChQYzBu23M9V0Xjuo0WhAxX7dGynMDRdFhxLIoCzwkhsFEXXJOhh64JxuC4nh7pzPsULa1PK2Jm
QPXIROnFXhCpTPMCncKaA0dsWOBdIHK4sShW1vlHKJFm+LJ4KaMuxh3bs01AETquCrZqUtfUwQiY
CjqONAhfwCRYsG4NiBSw4qbou2VxDg7JM7zYYRGs2RBMIgi8EIOuFQaqFbngbz3TUx0gw2ulzraU
DU9XHxEstUmIJ7mWTcnfiiGY7JE4L8kgu/KzR+R8BZGUVKzGU8IVoSUj9YqRPGMV/KA1CWmW5TUJ
GEmyMG3AecAPIt7LUCCgQeTlTxSA1lm+hpExEhjTrGjMdkkOd8oKSZIAvNUF2eRNKWmRJCZrqEKg
3scZILnBzzukGyQMlXtHbgapLm3SuiJXefZ9TTD205JAEZuD80owgm0QIb7wLvi+WrGMNMWypBEQ
UPzMz1picz8j5NHbFUNg+KmLCrNW/OyFKMAqnvhVmFpH4jaHKpw/AXmmrObywj3VkBERW7BljZRB
4iGbphST4yWbE56f4o1q1dSQLWZT+bGNOfEnMnH0G1XTNPivygxysfIbjUVx0jXDlZctSYq/qJb8
jz/hLOylaX5F0qRCtto3y8llQsk/G1ZusM9v+KPdPZkTLOH50ENe1MsxBBggmFgSUC1ID6kFGyJl
jv3FHsC0u93j6tFbWFpgOqAAGkVEfFyjEvLHt5/ImlF8OQxzVQLaCRiCBimy3xrKvzSyTC6hLyQf
DSM7clJIpR8jdTEjm5asgFJ4CvrB15jmcJvP/apZByA+ML+9apOF57S6IPiGGhicwju8qUCHuAZa
TrHbqsyzvAE1Q/dql4jPVYiiBBfOLsH0uxRvUHLZwMLFtnWTyTfOBPEzbgfAE5hjmV8nYIoMxAAs
cRPPOnAoWwnoKEajxj5ovLskqb/H762UfFjEcC+L29ZoMNkBHhpYYDoXC2djKjmdc1Jjo6bcOMom
y1CdERaUecGVwCuYSiEH7FL+JutkuYJVj0fqdvurVBoOSqQsm6IWrUJgKJg1YJN8ceXC6uVVSSRW
Dr3Mkwhg344AbQRtDkqDBKxL6RkadJ6KTp2l+dmawXQbsXpfpHkA1oP7T0S0wzpYJzU6gTVb0oA/
5SBnQtQqF25S8dcjcPg5au0q4ZLnFgWr+2oqCLVGVnEO8WQs/CAMj68hmbhkrJ1SGDloq8H1TJY5
KCrH9YxWgRMtOcwphzYnKnIBs3NfLVK3vzwHuKH3OfwrWkZ/DH9V5wWHIP1sB0mSqwi4jwLDbtQB
wllbVJqqmxIYdwJv+aqQ+KrvHwAhXxccEnoMEjYQpTKIUkR8CQKtOxeQxYrEqNb1ZtchY1G15Ug4
rtPzwzk5f3l0Ro6PTo7Oyd5icXx0eEYWh6/J29PXPx2+3iXQiZyfQq9D8vbl6fEhWbw+3T88O1PG
LmAgD92ypTgWrExyHrnREVfIYLhi3CVzaXTOVgPZQ+4Qcd/Cu0zBFTLhZjmp/TwDPsFBgzUhv58y
NmFkVysMwSATdEGiG6csiIDr3TpyEZH4HKcYQzAh4AOUm73RFuRuNKitYCHmDUKyCFfoVYzteADz
YkW1ZdVQJa/V49shSc4NyfmSlgGsjOk2BecO6Hbp8qWGcOQoIkeB717TrOFZSh8JZHAN2ODj3TYm
jI2wNUMRXmOoVWrB73q7BBVyKny+MHhIM/ImjTosCQSRq4xs8VeCcMHhA6O2qkpeYbbn3FncCJLc
dASFjjf8SlIbbMVo2WPaN82+hpEbqckbtkFuMamBdZy1mSWqrISZ0AylIUfNuhBpmMj1iLwxxRut
vg6wkxzAsXOYLQf4Sa4rBoud3iJgCNoQ+GCGSzCyqmoYOoZ6BVpbtmkpOi2cbYtqt1WkyBFk9qkI
NNj1k3Ja0+sp376tWuz7tMDWZN2sIcZCeC2ReE0zSD9BkUR86kSg2MoV14sUJV8xN20MsvJCIuIT
TjFdbiDomp3GDnJxa2zTmBuh1xP0Red2CQlasmOfM545TPn2cMfbAUDhuQqkjyg9QCcSDEGl4N9+
IGKM4HDLHQyT8hT8tDNj5222iwJMsV6QdD9P6nN26GfyEwhzGSIgNVvlqUgxAzxTwjNxDhmyJjAh
GWS4bxMlkrwrQkvAumRThLdHfS21t9Ctlpsaie+SqdZTIFcen3hat2BkCOBee5vH8kcKmEJGgnMs
eniij4OhUcJSyEvIBcGWnvDkjuwv3uwSPPAIHbPoKonA7HmuILxnR3/K6c+J3abd24y84tLp9VXI
XgSOakXTeAY1pygTIgY2LKeCSQnuH6KB9RbiNuz1iPVLkcNr9GqYYtJUIQjizSJbtMn2tlLEWgJB
XeHpIRjYFFkxldej6uZErroq+cg6fWJa3qqxwoAnUyZI24V59EKr6eli0GOFLOSYlJZLPoDKklXa
Ap8xLukSWQCdgNiqIuUZC9aheEYFFzstUU/7aQK9RGFdik/RkJPzNxxpBSwh20FTEyzkuSq304ni
Qml9zbpupjhqztH260OW8edOfK3HBHcQQny3uGMTCuU4TkKF8Ci1opgEkGQNsqlRd6AN/v9ZAG5q
l2MBpV1y0CuUBHhd7oghRFPuziuhUpFKQN9a2ihywsRGgnR1spo6OOVJ0sHR2d4zyI94PtVk3IbQ
YeM3LEv+yFQkCQkao/ygZNSvN7Z8btd6xIJmOW+Lth+JhsWaTFlX4K74fSJr+UrsPuBqzqpcBG+5
IjQkJlALavurPK/4DkVbq7G2GudeHLeXSUUv22gBP/EABP+IFd7rlfEAjD+VF0mb3LzB79WJDQEu
qe/JuyC/xpVfkqMDsvPuzdHBY9A7LHvAAP2vQG2oGDwfC4sDa7gykvIR6QeshnyruwxW+7tnxy19
Wd/1Wr7nk+HzNJ44cPXKVITzlrdbSTKMXgO+KR5IeJLHMZ8W7iXxZnrdJNFWIVye0+EuzjnfhhFL
TfzfYwgZcE8v11VTye2gEJxILdysHDMVY+ZEPnDFaUQIke5RzoIxkGbLrkbJcFg6DsW7ba/LhF1N
uwB9286ZEO4e/2YlL/J5uBfOBETWihZjO3pHvhUC6sffPDjD4Nc8VPcGc8YzJkrvgAliAcNPkoqv
RvKltGrtjJsWNg+DvmAfJ+rYBx9I6Biq/A4PzIYfPL0NpXo7TFoCpYjQ1twBbDsY/3ZojNEOT4Av
zOE6q5JIxAzkh4JOweCqJuhLYYlBFHqwSIROftGFNr7VJI2DhiFLGa8UhHnzWdPkAqbAOpl7opQC
60v+TQHhx2AKSlaCWs/JweqvahGSOdgpSqOFNt2KRrB2dFD1+EI3jZoX1Ih4wNqxKbec2jSHjxko
CehNiU4eAUw8ENgpcrut1elSualM6byuaMKrWQgmUOoJKyryoknbZSMvMN7zPjJsGDpOyMsg5JLP
hBEXPRekBLLAwBa5kTeXqQ7uO/LiWjSLTEFaFgDZeuho6/RwZU7xc2ajps4xDJvlyYNeTAd/MBVn
q7qeK9DbXEBRivW6UJKcIwZXt1ljcQhLucZ91rDaQscwJe+T7X3OAndzdLks2VJuKcr9R7HNgh9O
vRjzx/GBrzk9OMUPHU1lUBD5AbqvKyYqEMq/XoszVhz4lgHepvSeDkCc7iTfFHiGSSjnhlBBoeK+
NCbIhPCEAY9lvXizj5v4rL+XtwvBoVhRWBYMPXuJGNq8FCJGzEqoPaboFzMMhuJuG7tE5KCDvUF5
6qMXbBvIwSG34b61dWGSINeyuN/OcUOrgq++WutkvY0gMhojUezPP31diecm6MZxQr7pKQe1G9zK
dgJ5pz9DK7nPx3sZTIQmxQro7SVJGkC+lvJsd41WslG4uLKrJKR3wE14KNYingYlcUcIH6Y3pXg0
g96m3UoRnhfoSe/UxluKpwtlnQapNcXDUvIKEyDAKHU1b5Um7oGN4p7enPzCMxdIWnf5Jt97JCoC
cxe8+4+MOBuYSZfcweM2SvtVI74/clsc5f6Zl48Vrxh4+Y2vURYpk0lAH76Yl7eLn0ARl4Gpipi6
nXFOnh/vnYtGLDUY7qz9II9u7FreNX+pYte4jpKy3uVO9weZ6YlnLf1NC7GIMdCBaOWeIm2k1aWg
rHBDxPfdmrL1u22lVnZPabhTAToQjkL+uKxq5TRtn/CACYi0/tFz7k34VLz/gAjPi2XLh17LlOeX
vcQvF7k/uwbfVskiN7zAMqniBR04tyBJ8ZPaPJHj/ZBfgAIlmIgUYqkILjl9yIzKzh3jc9qxUvGB
5mKr4n3+VJM/1vMha3n0vEzIAQuJbhJdnxvW3FLJ26NnRFd1DTu0j96eMPCwcL3O6+iJeFe3xKeA
/KN6uNieaJ4GoWvYeGnzZgObZXWQFNAI1g0tV6ukZlN85Ia5KqcOBZRM155YKrYsKW4fROwJvxKP
A7s2OQo3bPHBTntdXBZyhijBigpMePOEQ+sssgtwTziTPBnGHHvLWpsgs6jXBZ/FPzk4fL735vi8
xxN/MCin5OEB16q8HqSvT1xs6qXovMvk9/8DCJ5DPw==
===END CRASH DUMP===
