PocketMine-MP Crash Dump Fri Dec 24 15:47:49 WIB 2021

Error: Undefined property: SonsaYT\InventoryAPI\inventory\DoubleChestInventory::$title
File: plugins/InventoryAPI/src/SonsaYT/InventoryAPI/inventory/DoubleChestInventory
Line: 84
Type: ErrorException

THIS CRASH WAS CAUSED BY A PLUGIN
BAD PLUGIN: InventoryAPI

Code:
[75] 		$holder = $this->holder;
[76] 		$x = $holder->x;
[77] 		$y = $holder->y;
[78] 		$z = $holder->z;
[79] 		$world = $holder->world;
[80] 		$blockId = BlockFactory::getInstance()->get(54, 0)->getFullId();
[81] 		$nbt = CompoundTag::create()
[82] 			->setString('id', 'Chest')
[83] 			->setInt('Chest', 1)
[84] 			->setString('CustomName', $this->title)
[85] 			->setInt('x', $x)
[86] 			->setInt('y', $y)
[87] 			->setInt('z', $z);
[88] 		$x2 = $x + 1;
[89] 		$nbt->setInt('pairx', $x2)->setInt('pairz', $z);
[90] 		$this->sendBlock($x2, $y, $z, $network, $blockId);
[91] 		$this->sendBlock($x, $y, $z, $network, $blockId);
[92] 		$pk = BlockActorDataPacket::create(new BlockPosition($x,$y,$z), new CacheableNbt($nbt));
[93] 		$network->sendDataPacket($pk);
[94] 

Backtrace:
#0 plugins/InventoryAPI/src/SonsaYT/InventoryAPI/inventory/DoubleChestInventory(84): pocketmine\errorhandler\ErrorToExceptionHandler::handle(integer 2, string[79] Undefined property: SonsaYT\InventoryAPI\inventory\DoubleChestInventory::$title, string[92] D:\FoxCraft\plugins\InventoryAPI\src\SonsaYT\InventoryAPI\inventory\DoubleChestI, integer 84)
#1 plugins/MyItem/src/hachkingtohach1/MyItem/MyItem(306): SonsaYT\InventoryAPI\inventory\DoubleChestInventory->send(object pocketmine\player\Player#27103)
#2 plugins/MyItem/src/hachkingtohach1/MyItem/MyItem(790): hachkingtohach1\MyItem\MyItem->openMenuItems(object pocketmine\player\Player#27103)
#3 pmsrc/src/command/PluginCommand(54): hachkingtohach1\MyItem\MyItem->onCommand(object pocketmine\player\Player#27103, object pocketmine\command\PluginCommand#23640, string[6] myitem, array[1])
#4 pmsrc/src/command/SimpleCommandMap(220): pocketmine\command\PluginCommand->execute(object pocketmine\player\Player#27103, string[6] myitem, array[1])
#5 pmsrc/src/Server(1394): pocketmine\command\SimpleCommandMap->dispatch(object pocketmine\player\Player#27103, string[11] myitem menu)
#6 pmsrc/src/player/Player(1337): pocketmine\Server->dispatchCommand(object pocketmine\player\Player#27103, string[11] myitem menu)
#7 pmsrc/src/network/mcpe/handler/InGamePacketHandler(688): pocketmine\player\Player->chat(string[12] /myitem menu)
#8 pmsrc/vendor/pocketmine/bedrock-protocol/src/CommandRequestPacket(60): pocketmine\network\mcpe\handler\InGamePacketHandler->handleCommandRequest(object pocketmine\network\mcpe\protocol\CommandRequestPacket#118501)
#9 pmsrc/src/network/mcpe/NetworkSession(395): pocketmine\network\mcpe\protocol\CommandRequestPacket->handle(object pocketmine\network\mcpe\handler\InGamePacketHandler#118215)
#10 pmsrc/src/network/mcpe/NetworkSession(358): pocketmine\network\mcpe\NetworkSession->handleDataPacket(object pocketmine\network\mcpe\protocol\CommandRequestPacket#118501, string[33] M./myitem menu..@....dN.\z+.f....)
#11 pmsrc/src/network/mcpe/raklib/RakLibInterface(192): pocketmine\network\mcpe\NetworkSession->handleEncoded(string[36] S......,I.U.M.+e8.p.....?..*..i<[...)
#12 pmsrc/vendor/pocketmine/raklib-ipc/src/RakLibToUserThreadMessageReceiver(42): pocketmine\network\mcpe\raklib\RakLibInterface->onPacketReceive(integer 0, string[45] ..v.I......q? .FNb.j..............x..1....;..)
#13 pmsrc/src/network/mcpe/raklib/RakLibInterface(122): raklib\server\ipc\RakLibToUserThreadMessageReceiver->handle(object pocketmine\network\mcpe\raklib\RakLibInterface#24905)
#14 pmsrc/vendor/pocketmine/snooze/src/SleeperHandler(123): pocketmine\network\mcpe\raklib\RakLibInterface->pocketmine\network\mcpe\raklib\{closure}()
#15 pmsrc/vendor/pocketmine/snooze/src/SleeperHandler(82): pocketmine\snooze\SleeperHandler->processNotifications()
#16 pmsrc/src/Server(1645): pocketmine\snooze\SleeperHandler->sleepUntil(double 1640335666.103)
#17 pmsrc/src/Server(1034): pocketmine\Server->tickProcessor()
#18 pmsrc/src/PocketMine(301): pocketmine\Server->__construct(object BaseClassLoader#2, object pocketmine\utils\MainLogger#3, string[12] D:\FoxCraft\, string[20] D:\FoxCraft\plugins\)
#19 pmsrc/src/PocketMine(324): pocketmine\server()
#20 pmsrc(11): require(string[56] phar://D:/FoxCraft/PocketMine-MP.phar/src/PocketMine.php)

PocketMine-MP version: 4.0.0 [Protocol 475]
Git commit: 468faa464b2bc5c97f23fafbb71ea61035f6f218
uname -a: Windows NT DESKTOP-BVRHES0 10.0 build 19042 (Windows 10) AMD64
PHP Version: 8.0.13
Zend version: 4.0.13
OS: WINNT, win
Composer libraries: 
- adhocore/json-comment 1.1.2@fc2f76979f0a44a5f5bc2a2b600d0762fe0e78e7
- brick/math 0.9.3@ca57d18f028f84f777b2168cd1911b0dee2343ae
- daverandom/callback-validator unknown@unknown
- fgrosse/phpasn1 v2.3.0@20299033c35f4300eb656e7e8e88cf52d1d6694e
- netresearch/jsonmapper v4.0.0@8bbc021a8edb2e4a7ea2f8ad4fa9ec9dce2fcb8d
- pocketmine/bedrock-data 1.5.0+bedrock-1.18.0@482c679aa5ed0b81c088c2b1ff0b8110a94c8a6c
- pocketmine/bedrock-protocol 7.0.0+bedrock-1.18.0@040a883a4abb8c9b93114d5278cb5fecc635da82
- pocketmine/binaryutils 0.2.2@f883e1cf9099ed6a757a10a2f75b3333eeb2cdf9
- pocketmine/callback-validator 1.0.3@64787469766bcaa7e5885242e85c23c25e8c55a2
- pocketmine/classloader 0.2.0@49ea303993efdfb39cd302e2156d50aa78209e78
- pocketmine/color 0.2.0@09be6ea6d76f2e33d6813c39d29c22c46c17e1d2
- pocketmine/errorhandler 0.3.0@ec742b209e8056bbe855069c4eff94c9734ea19b
- pocketmine/locale-data 2.0.20@a6e4eb22587e0014f6d658732cf633262723f8d3
- pocketmine/log 0.4.0@e6c912c0f9055c81d23108ec2d179b96f404c043
- pocketmine/log-pthreads 0.4.0@61f709e8cf36bcc24e4efe02acded680a1ce23cd
- pocketmine/math 0.4.0@6d64e2555bd2e95ed024574f75d1cefc135c89fc
- pocketmine/nbt 0.3.0@98c4a04b55a915e18f83d3b0c9beb24a71abcd31
- pocketmine/pocketmine-mp 4.0.0@468faa464b2bc5c97f23fafbb71ea61035f6f218
- pocketmine/raklib 0.14.2@e3a861187470e1facc6625040128f447ebbcbaec
- pocketmine/raklib-ipc 0.1.1@922a6444b0c6c7daaa5aa5a832107e1ec4738aed
- pocketmine/snooze 0.3.1@0ac8fc2a781c419a1f64ebca4d5835028f59e29b
- ramsey/collection 1.2.2@cccc74ee5e328031b15640b51056ee8d3bb66c0a
- ramsey/uuid 4.2.3@fc9bb7fb5388691fd7373cd44dcb4d63bbcf24df
- rhumsaa/uuid unknown@unknown
- symfony/polyfill-ctype v1.23.0@46cd95797e9df938fdd2b03693b5fca5e64b01ce
- symfony/polyfill-php80 v1.23.1@1100343ed1a92e3a38f9ae122fc0eb21602547be
- symfony/polyfill-php81 v1.23.0@e66119f3de95efc359483f810c4c3e6436279436
- webmozart/assert 1.10.0@6964c76c7804814a842473e0c8fd15bab0f18e25
- webmozart/path-util 2.3.0@d939f7edc24c9a1bb9c0dee5cb05d8e859490725

Loaded plugins:
BuilderTools 1.3.0-beta2 by CzechPMDevs, VixikHD for API(s) 4.0.0
DevTools 1.15.0 by PocketMine Team for API(s) 4.0.0
ExtendedBlocksConverter 1.0.0 by JavierLeon9966 for API(s) 4.0.0
InventoryAPI 1.5 by SonsaYT, DragoVN for API(s) 4.0.0
KeepInventory 1.0.0 by NhanAZ, KhoaGamingVN for API(s) 4.0.0
MaxEnchants 1.2.2 by Xenophilicy for API(s) 4.0.0
MultiWorld 1.7.0-beta3 by CzechPMDevs, VixikCZ, fuyutsuki, kaliiks for API(s) 4.0.0
MyItem 1.4.5 by hachkingtohach1 for API(s) 4.0.0
Netherite 2.0 by Wertzui123 for API(s) 4.0.0
PlayerStats 3.1.9_BETA by hachkingtohach1 for API(s) 4.0.0
PurePerms 1.4.4 by Vecnavium , 64FF00 & ProjectInfinity for API(s) 4.0.0

----------------------REPORT THE DATA BELOW THIS LINE-----------------------

===BEGIN CRASH DUMP===
eNrtPGlz20aWf6VLSq3lCQnhJsCsvbYleaKNZWktOc5O6HI1gAaJCAQQHJLoqfz3fe9146IpHxmn
Zj9YFUdEH6/ffTWof+7Febnm9bsbUVZJnu3N7clenazF3txwbd2yHNf1NWPm6uZkrynkjKtrpm7N
bMu3bNcyLGeyl/KqPinLvNyb/3Ov3hSwao+eT+5CAdsA8mRvLaqKL3HqdRaJOMlExIoyL0RZb+bs
Ms8q/r9Xi8VpdiOyOi83Ty9OF4ukfVosjvMmSMXRSlR1t2Y+/65O6lQA+LhJ0+dJivCP54vF8/zu
qORxvVgUabNMsmobclWGi8WfO1UrVgWeKE9T8A+HIA4B+qECPp7oQB/uggxQU2DM3txDQZQ8hI+/
7u3r7GsecuDZD+esyMNrUa/htMVCoKxWPItSUS4WJLmrvJPdj3JiPpcrDpKsFktRMnPCqrpMsuWv
M/8t+/pC7cD75lv2V8l0wlpygCvA/n2j4/XZ5rQWa+Lyioera0ClzvGT0U7JXweW7j78s8ROH1ci
iw7y4DcR1iOhFCnfoDgu6Pe+OTN0izA0vxzDma8DhltrFgs52/6ePga5ZWcia/Cp+iKcLFasEQ38
F+brNWjK4QVheSSfDhz7szDo1n/m6RO2Y6HCAFcOUNg3LXBqnVa5b9l6k8CpE8bLkm9+Nd4SKfYO
Ui6TdQGSk09nvDgwTX3LhnafOX0s7kTY1OLz6fkEes4AvUtRguc+MCzfvg+bbcynj6OkKngdrr4Y
I8NoUWJrUBLCxh1gIzcfyr2AlDXbQkqi22PwxaL+CCKzASKZqG/z8vpwHRbiULk1cJB/52txwfEM
5dEOXM/bQnF87vRxuOL1QXssuKHD7XM9dS6Yc5SXhz2sw0BEJTxNwR3WeZinhJoi+ZX4vQEvILE5
cLd1SRGwWCAFi0XnmXfQMH0sZ8eAd7F0C2iL1mKxC6d9w/Ac3SAS/ftY+1I+XEJghzBxYPnOx+n4
+JEtJZ+B+8cYgpibhiN9uf65qDvex1Efr29RPeY1VzL8SgzvdNyy3rIzbahumvZEg5/opbZYvP9e
i/FBUmncR2XJr9MkOHzFr18kwSnEuTKGlOLA8M0/Q+1JFuaRiFpzsMBDXWr0MznVXmtn2vfC0woa
+C9N+5umJf/5a4ejea+dSCSnSSEJkMhe5a8rUV6tSsGjM5k4vhKhSNDd2Z/AXgJcLLbIxuAiea0g
dYlMHxNs5y3TtBvtVNL1+38x7fnLQPtNG/3caZqBv39oibO+VAAmktDiWZFbhEyhCFukP0L+F5jJ
PYzYN21fVwZi3yuWKsvz90KGmVQIyOhar2mY1p8UwGfs+WeY5lVTij8OJILOn0DQ21YQuRQC0Ggd
4AMOGrj7Mq+TOAk5JruVOtfdEWZd2/lMwBU+v87qJD2IKOljXT3lam3OZMx2nKFb9j1Rs07C6wuJ
cF4qLL0BhAvacwZ7ICE17gHy7l0INNZlE3Yu6xmvxBFUcNWLnEcYa3emVA3QAvn2GU+yF/kSrGZ/
EI8/yM+7KVO/N3WXFPj3UGBus0FaiaTbVH79wEA6S/CjSSlav+SAXypWvJwfHh7PD9uDB8CnZxca
Ltg6E6u6h3tv/5jsiX93KfuXFpZAoIT8Drbk6Y2A4FLDcRHwMKz32lkYGcKHcfT+yJWZA3OLelF/
t8pT0Bj2iH1Xr5IKPBM9/wBrZ2675g6n5cT08R3Nzdq5zXBuQ3NeO/d+OPee5vx2DhxHGg3naQDX
eHq7JkhBsqe46hl+es5DyeWlAK5UNc/ADz+cPoZHKE0mTJefnzdpehodPCRYRgsrC2qAA2G7yJss
uuLL+TwE1wxZPaqjZ6p1ixqrufqS9PDgQRI9mLAHJIcHtM4arwPHeKCmJ4xSLc/eDemoqep8/RJS
HVipeE3KQpucHWDvcOEdTbs7pjc4vaHp2Y7p9zj9XjKhE8idiRy/Y98zgyb8AXf6rQVPSnm4+XA8
OgDqd1KStGAJTFI6gG2IGa6EfypGwCclTbnbuH/3pze3wvquuG514ymqRp/LdcLNxK1ccJFXCZo+
HgDwgYoJw8kjKGIFB2N7GdQHyIeH8gyrY43EQeI4yBbhcLkSBb73x7dez7dez7dez7dez7dez7de
z7dez7dez7dez7dez7dez7dez7dez1/b62l7HRW2NZ41CTYTrvI8peeM49sO4+HJXvemxJ6hWZo+
DUTNTRjnTb3KywpLuKP3IlxdnB2LG9zwc3KXXP94jIfxIsF5W9M1HZ9FhrVjtDcHGYnJXgRqlUUI
AuaqPK6PhwNrTj2ZEIEX6wiALxaBxK1G3BaLLUxTEDFsuDi/vHpz/urFMQzdigAKWaRqVddFBVxb
JvWqCTRIIQ8HaB+OQEF5CoPbfOmGxjwxHKBtxI6e6+xK8PXXYkR7PpRaPSaK5surp6+uXl98iuIe
s8MOBhB7clfDaUL2FKqjHMq3EtzagPb7VoxZoW9z4r/5TSLKFyLPfN91vxYjxlChpN+NnLTnL+bR
GPrhfZQD20bdwp5XW03EIYOcMXtUUQ2DxyVf5j+//FocuqdaH/Njt50gYT+Bf+8bqT1l4/FPyP4l
RPKn/4Cxn1Y5h0QWvNfXI1ACXyxGGH0egTtErlAFys/4HSSC8FgPLX84Oqba1LZc4S8iy4tVkibh
5mvROgCJFHaojB4+R6xnTVonb7BxPKStHxyTNlO+3vqkrz/6B72NtmnqqrlO4PM1T5PkuvpLIsAa
8aXuN9A/xP1f8f4DQMgnatcMeSQHxvyxt615q/3ztaj/RFfpcygHwoF5SRqWG63a1KLSID89jHi1
CnJeRodINFRFK1HSno7ufmxIurlt6W/AI75vEsicvxbNPUQq1yQSf9q8e2iHPUVAsmyDXNZ8ZOzD
0SHZFpRF/rtnJ1dP/z1iH+A1evhchtxiU6paJbV2K0SQbog1xAYoSC5EuR4xoRvbVnp7TP3PIswg
YDZrNmGu/fy5rrP/YJDIY4p9msVJltRfzRG+kwcA9S12g4+fdoB4DchLoA/C91ae1ibNhBkGfCSY
+HGUl7jbA7wN9IRBuOb1ajgS8hQwhb3DsXz9LsprsLLRqLpd7QeaMh0+R7wezcdJSmlYP7JcF8PH
FZjw8DmB+udmOPBbRYLrnteBrCNGYznk07gKnimc4V0hEBQNFxXhmA+vRJyCiJMx+Io4Wo2HItCO
4cjlxYvR8Zvq9zTDw9Qn1k3V+bXIkvdjFtzdKaoRXQMGNnydklsy6fF9Usi83CcH/R4K7+F2eLxb
j7meI3qmrluGYfowcHF8PiI9yt8RatuDMJSMBYZXDFU1Wihb1L+cjWjewgAesReyRec6vUVPNRos
auqaIIdtlXJdrLZ0b9Vk11TQmsQki7iSLIMk45jNgSMzNRc5IW5EGgVqEYKC+FDUuRowJbMiELRU
S+Q3rurr1nf9WYN5vMxPsjgf6W30gciTkZYQK63hUCnAPNAOl43UxRb+P8Dc2PlFiFeR/Qa07lWh
zsUTRSZKng592tDc0ZR5JfrvAXT8pBJzb27qlglsq95B5NybxzytwE21Xc69uT1z4IwE7dt2vZhz
27UDMwid0J/FphXzOAhmhuCuoVtO7Mam4QHsRqHyJsmi/LZiL6/Y8cnlT1fnF9NnP7/68eRSZwZg
wQgHZvi6bbKDdrGhP2RPz45d9MD4Pv6AV+8FGZDdqcmqeJejTN6cvnyJ9QU93FL0DPFSvxLlOxBu
yctEkJ/j0QoIK8UheowpXrDIdyQM9AlP4tCMZ64/82Od2zZ3YicITW4Grq5H+sw1Y6GLmSdmyL4y
Ca8PlZPUNV+znoTcmUWGF+umF3t2PJvNAtNwvTAyfMMI9EgI07ItLsgDgkDA+0BoAr+aBjy8nt5A
NgmeEV9QAQZeZ/lt9kT9Rm1blnlViUMgmVcZXpTfmKjOT0zd9H3dskLgv23pughcxxUz4QnPC2PH
jIzIdX0bTwU/XYpK8DJcEf1rXhRkdzekFE+8IAh10+CeiAJT2HwmuBl7PLJj7ovQj0JhxmHgRSPj
6K5IAHcuqz9N/74dBL6C9J7Ynhm6M59zR0R64BmhDsiZgRHH+GTo3LdDj7vhbsi9Ou7NENFt6Lqt
c8+zuM2DwAv9wAcPZ0eOOfPCwIlFGLqWE3HP3IJOjqK3ahMVAMAII4x93fdF5PKZM+OAHWiFE1jw
AxmFGUaxP4a0U4RYKlpPXHvmzWxQKdcNQg4cdTzPMW1TeE5oWqHpCC90HL6FWoidvDRXrhJRAxb6
glu65fuWiKM4sPwwsnRTmIbjRo4OoD1T90E7tyDlad7D0P1AuGCs0QwsVVhW5HoGKI4fmX5omqHt
hsZMGNEWNsMXC1ov+kSEM9sM8EhPd9wgAIIc3fVDW8QxCNOfWbbghh+MQaU5phGtqgBKmqk/4a6w
ga+m482Erht27EYufLbMMHYty3TNGTgaL7K2QS0JGRuRcUPfMEMd5OY4oQcUWIbuiRCUfwbq4Ma2
boe6/SGE6SDQSFCuEc+QqDC2QGKhaQNuYPYmDyNQCE/nBliBFW7ZQOcHCETk2sJ0HCeITOGjxpu2
MwOH4ESwOQ4NC3D04y1lz4K6Y67vhTbX7QA0wzccAT7FsyIr0EG3gVFgmAYPQPzGGEL/cUrpkzTq
L3DbH9znyGhkg2EIi3uuYYAuz3RhxBxsyjUdMDwDnJ1tzwS4joCLcBcUvBVq85gnvmly17ZtIMYN
ZxEHl4D/eZZp6KB7IrRnlsfFFn9li76N8090Hnrgq0HnjdA2fG7EwHGwLzB6z3LQ/zq+MEn5IBGu
xAbtoM/jqJ/xJISfmS2EIyzTg6QoAEuy9cAxQJ+FAH0LAtcNdd4DaZpEhh/wvBArfOBhHDiW57m+
EUczawZ6YdtRGNiRC7vD2LSjGLevmnXFebv/Q+debdZxnm1AgukG0op02qbQN4CqRUIMI9+Z+TPh
g/exvDiKzEC3XN8CBwdxR4B4dVCuXbAgYtDLcxKW8QTcrQ5xSEQG98EJcIDmc2GY4NsheEDE0k3H
ngX3wjIGeAkXlMKPrQj1PIYQ5Nse2Kqhh3ZoAVIWGK8P/5clyjp/z8v6EHwbVKoy6KKGur5rhzPQ
Bk+3PcPmnm2CEggdZBwZTsADPTY8MKgRkAIsborOm/wI4hL5lh/PRAQ2G4JKBIEfYsx1wkB3IoiG
gJuvzwAMVUidbmkbSlL3GVbdDAqLOFk2JV0jMUzxWJyXbJRTLbJ9drWCQMoqUddQZVSMl4JBxc3y
TFTwgdcs5FmW1ywQLMnCtAHnAR+YvP/Q1MtVkJMgrMt8DTtjBLANs+KxmLAci/kKQbIAvNU12+RN
qWCxJGZrqD3ihE6A3AZf9kw3CPiluO3AHUKCy5u0rthtnj2oGYZ+XjIocXNwXgmGsA1iiG/eSbpv
VyJjTbEseQQAtEW2yFpg80XG2P6bFXUZWJ0zfP2JAQh1YwQ8gOymwoQ6ktOEqvT+DPiZipr4he2a
UDAZXHBkjZCB46GYphxT4qWYM8pKcaJaNTXkiNlUvac7Z4s9eSnG8MZRRIs9wuxpmua3LE0qxLZ9
0YrdJJz9TyPKDa75HT9M1dScYXlOW0+oYFd7GODFMF3E1+GAKQgt2DDFSlwv6/tpNz1Adv8NWAxo
BPCVRxGDzEuyH9mK14BsLThekmIGyoDpgUCkgTni94anyLZlcgNrIaloBDtQhzJTf4jQ5YliWooC
6topsB3v8+YwTWe/bNYBcAW06mm1ycIrXl0zvKkFPdJowWvgFql2SykuW5V5ljcgPVheTZh8G1dW
GGgPE4ZJdSlfKCDegD3i2LrJ1M2rBH5J4gWaQMvK/C4BDRPABiCJNDfrkEPeKoROY9RVXIM6OWFJ
/QDYV5e0LRI13mWiymxtZgdAQwN2YxJbiIyponROoLZ1lZNylE2WoTgjrA7zgoRA5UilsWNxoz6z
dbJcgTGXUIpPhsanFAc5UpZNUctRyTBkzBpwU3SRcMEoqdaIpEHwmzyJAO3dGKCOoM5Bwp+AdmkD
RYPFU7mo07RFthZrfOOSjvt7mgegPdhbYnIc7GCd1Gjba7HkAfVF2aVktU7MTSqETduvUGq3CXGe
NAqM9nYqAbVKVhGFcQIogkcSeCuBYOJSiPZIqeQgrQbNlC1zEFSOZopagQctCc0poTZnOlIBp5ML
lhnZ/3sKsFn3MfxXUM3/a/hXdV4QCsp9digpcBUD91FgNI06hPDUFisD8k6FGDmBN2QVCr/qwVfA
kOyCUEKPwcIGgk8GwYfJ9yVRu3OJsrRIDFbdanEXChFVPUXScZ1fnczZ1Y+nl+zF6dnpFXt6cfHi
9OSSXZy8Ym/OX/108mrCYBG7OodVJ+zNj+cvTtjFq/Ojk8tLbdsFjPhhOq5ix4Uok5wCMjriCgkM
V4JcMnGjc7YG8B5Sgoh8Cy2ZgisU0s0SqKM8AzrBQYM2Ib33KZtUstsVRlbgCboguYwgSyDgentH
LiMSnXGOMQTjPG3QPlyNuqA6zSC2QoSYDkjOIrpSrnJvRwOolyiqnlRLV7RWD3ejpCi3FOVLXgZg
GdM+syYHtJu7ZGqIjtrF1C7w3WueNZR8DDGBxKwBHXw4aWPCthK2aijDawxFfi3pXfcmqLFz6fOl
wkP2kDdp1OGSQBC5zViPfyUBF4Q+EOrquqIVTntOzuKDIEmqIyF0tMVlvm6DrdytVkyHqjmUMFKj
JPmBbrAdKjXSjss2YUSRlXASqqFS5KhZFzK7kikcUxNTnGjldYyL1AbCndBsKYAnCPNg7HwHgyFo
Q+CDE25AyaqqEegY6hVIbdlmm+i08LQeq0krSJkjqKRSk9jg0nv5tOZ3U+rFVi3uR7zA0WTdrCHG
ZvilJQBOXwJCQTL5KrDEoucr2otiJVnMhzoGyXahMKIDp5gFNxB07U5ix7mc2tZpzI3Q60n4cnFr
QhKWWjikjDKHKfV6O9qOARXKVSB9RO4BdjLBkFAKeg2SyT2Swp462Kb4KelpT8bFfbaLDEyxDFBw
Pw7qY3q4yNSrgHMVIiA1w+9wUYoZ4JUcZeKEcoVf12AqyJBvk5WPmpWhJRBdsinD2/5QSu0UutVy
UyPwCZsaAwGS8Ojgad0io0IAee0+j6X7AUwhI0k51jKU6ONm/CaMREtjP0IuSF+Kw+SOHV28nsBe
wCEA+7pNIlB7yhWk9+zgTwn+nLlt2t1n5BVxZ7BWY08jcFQrnsaHUErKMiESoMPqKDiUYV8QFWxg
iH3YGwAbliInd+jVMMXkqcYQidcX2UWbbPcFINYSiNQthE3c2BRZMVXPW9XNmbK6KnkvOnliWt6K
scKAp1ImSNulegxCq+2bctNDjV2oPSkvl7SBq0pU6QKdGJd8iSSATIBtVZFSxoLl5RqQR2PnJcrp
KE1glayXS/l6Nju7ek2YVkASkh00NcP6nETZHyeLC631Neu6meKuOWE7rA9FRpdIZOsxw8ZAiC8o
dmRC/RvHSagxilIrjkkAS9bAmxplB9KgP9AEbmpCuIDQbgjpFXICvC45YgjRnNx5JUUqUwlYWysd
RUqE7A8oV6eqqeNzSpKOTy+fPoP8iPKpJiMdQofdoKek+0+ZJCSojOpbo9Gw3ujp7G09EkGznLdF
22NmYLGmUtYVuCuaZ6pEr2RTAa05q3IZvJVFGAhMYi2hHa1yKOLRCttaTbTVOHlxbBuzit+00QI+
Quktv+SBc4MyHhCjG3eZtKmezG95ksmGAHHqAfslyO/Q8kt2eswOfnl9evwQ5A5mDzjA+lsQGwom
gXAPxoE1XBkp/sj0A6wh72WXgbX/8uxFC1/Vd4ORB3QYXo5R4kDiVakI0Za3HSIVRu8Avym+hfAo
j2M6FuaSeDO9a5KoFwjxczpuzlxRd0WamvxbYJIHtFbZVVOpLo/8WiRZvNozlXvmTN2e4jEyhCj3
qE7BGMizZVejZLgt3Q7Fk3bVTSJup12A3tUQk8x9us4b9B6xjHXKmQDLWtZibEfvSK0QED9+puAM
m19RqB5sJsIzIUvvQEhggYjR9quC35JSoI6qLw6hauHwOOhL8vGgjnzwgYxvo6reR4fTBMTTXVjq
u9HkJX4JmfFW3QHZdjP+7rCxtjo89C1YtLMqiWTMQHo4yBQUrmqCIReWGERhhYhk6KSHLrRRq0kp
Bw9DkQqqFKR606lpcg1HYJ1MnijlQPqyzG/rlfRjcARnKwlt4OTA+qtahmRCdorcaFGb9qyRpJ0e
VwO60E2j5CU0Jq9NOzJVy6lNc2jPSEgAb8pMtg9oQqncC7Jva3Wy1D4UpnJetzyhahaCCZR6UouK
vGjS1mzUA8Z7WqPChmXigVQGIZV0EkZc9FyQEqgCA0dUI2+uUh3sO1JxLYdlpqA0CxDpPXTUOz20
zCl+u2drqHMM42H1GsEgpoM/mMrXqLqVK5DbXKKiFet1oSU5YQyubrPG4hBMucY+a1j1qGOYUvOs
nycSyM3x5bIUS9VSVP1H2WbBb0tfb9NH+IGvOT8+x+8JTFVQkPkBuq9bISsQTt/dxhMrQrwngMa0
QdMf4nTH+abAF5KkcD5gKghUzitlgkwI3xugWDaIN0fYmxfDXt4EgkOx4mAWAj17iTi0eSlEjFiU
UHtM0S9mGAzlbBu7ZOTgo96geoVjEGwbyMEhtyHf2rowBZCkLOfbMz6QqqRrKNY6WfcRREVjBIrr
UesxYKAU0Y3jgdT0VJvaBrfWH6Bmhie0nPt4vFfBREpSWsCgl6RgMPp+uTbsGq3UoHRxZVdJKO+A
TXgo1iJKg5K4A4SX5E0pb1zQ27StFOl5AZ7yTm28hZyMV6pOg9Sa45tP6gkTIMBRyWreCk3OgY5i
T2/OfqXMBZLWCTX53iJQKsH64D28CSIyMJMuycFjG0U6L9QqUe+Mo+SfqXysqGKg8htf/wVcVRIw
RF+eSzjIjwARzcDWZUztT5yz5y+eXslBLDUEdtZ+UG9kTBz/DijKxMS6i5KynpDT/UFlevKuZdi0
kEaMgQ5Yq3qKvFFal4Kwwg2TX3RqytbvtpVa2d3SkFMBOBCOQroFq1o+TdsbHlABmdbvPydvQkfR
+hEQyovVyLvByJTyy0Hil8vcX9yBb6tUkRteY5lUUUEHzi1IoEDZyESO1iG9Cf6FklRGCmkqkkqC
D5lR2bljvH7dFireU170Ij6iy0q6rVtA1rJ/CdH3WITMZsZsbvtzy2JvTp8xUzcNnG8v1B4JcLDw
vM7r6NHoZpPJyzSclGdP0fQeGb4BgQwGb1dJLaZ4r4YJKcGAKknlZI9MHUeWHHsEkXhET/IqrxtT
u7Ari7c37XNxUzwCI4FPUYJlE+jp5hGd2KldF8UeESmU8WIi/ai63lDQ74dRcwer8Cr90fHJ86ev
X1zhqKps6AJQnUphAG1SPY/S1EceDg1ScbklyyBVCLv6A1K9RMg/uVOpJTKHxJeXZFfokeEOzi/B
+7T042cNO/lggNGjv9HPSAQ3LgnBGuxPChiUB+398X/MhQZA
===END CRASH DUMP===
