PocketMine-MP Crash Dump Fri Jan 7 21:49:25 WIB 2022

Error: Undefined variable $timeadd
File: plugins/PlayerStats/src/hachkingtohach1/PlayerStats/PlayerStats
Line: 573
Type: ErrorException

THIS CRASH WAS CAUSED BY A PLUGIN
BAD PLUGIN: PlayerStats

Code:
[564] 		if($nbt->getTag("Farmingfortune", IntTag::class) != null){
[565] 			$farmingFortune += (int)(($nbt->getInt("Farmingfortune") + 1) * 0.1);
[566] 		}
[567] 		if($nbt->getTag("Foragingfortune", IntTag::class) != null){
[568] 			$foragingFortune += (int)(($nbt->getInt("Foragingfortune") + 1) * 0.05);
[569] 		}			
[570] 	    if($nbt->getTag("Miningfortune", IntTag::class) != null){
[571] 			$miningFortune += (int)(($nbt->getInt("Miningfortune") + 1) * 0.05);
[572] 		}
[573] 		$speed = $this->stats[$player->getXuid()]["MiningSpeed"] + $this->getMiningSpeed($player) + $timeadd;		
[574]         /*if(!$e->getInstaBreak()){
[575] 			do{
[576] 				if(!isset($this->breakTimes[$uuid = $p->getRawUniqueId()])){
[577] 					$event->setCancelled();
[578] 					break;
[579] 				}
[580] 				$target = $e->getBlock();
[581] 				$item = $e->getItem();
[582] 				$expectedTime = ceil($target->getBreakTime($item) * 20);
[583] 				if($p->hasEffect(Effect::HASTE)){

Backtrace:
#0 plugins/PlayerStats/src/hachkingtohach1/PlayerStats/PlayerStats(573): pocketmine\errorhandler\ErrorToExceptionHandler::handle(integer 2, string[27] Undefined variable $timeadd, string[79] D:\FoxCraft\plugins\PlayerStats\src\hachkingtohach1\PlayerStats\PlayerStats.php, integer 573)
#1 pmsrc/src/event/RegisteredListener(75): hachkingtohach1\PlayerStats\PlayerStats->onBreak(object pocketmine\event\block\BlockBreakEvent#120779)
#2 pmsrc/src/event/Event(62): pocketmine\event\RegisteredListener->callEvent(object pocketmine\event\block\BlockBreakEvent#120779)
#3 pmsrc/src/world/World(1726): pocketmine\event\Event->call()
#4 pmsrc/src/player/Player(1582): pocketmine\world\World->useBreakOn(object pocketmine\math\Vector3#115120, object pocketmine\item\ItemBlock#119410, object pocketmine\player\Player#28708, true)
#5 pmsrc/src/network/mcpe/handler/InGamePacketHandler(367): pocketmine\player\Player->breakBlock(object pocketmine\math\Vector3#119407)
#6 pmsrc/src/network/mcpe/handler/InGamePacketHandler(223): pocketmine\network\mcpe\handler\InGamePacketHandler->handleUseItemTransaction(object pocketmine\network\mcpe\protocol\types\inventory\UseItemTransactionData#124703)
#7 pmsrc/vendor/pocketmine/bedrock-protocol/src/InventoryTransactionPacket(114): pocketmine\network\mcpe\handler\InGamePacketHandler->handleInventoryTransaction(object pocketmine\network\mcpe\protocol\InventoryTransactionPacket#121283)
#8 pmsrc/src/network/mcpe/NetworkSession(395): pocketmine\network\mcpe\protocol\InventoryTransactionPacket->handle(object pocketmine\network\mcpe\handler\InGamePacketHandler#120415)
#9 pmsrc/src/network/mcpe/NetworkSession(358): pocketmine\network\mcpe\NetworkSession->handleDataPacket(object pocketmine\network\mcpe\protocol\InventoryTransactionPacket#121283, string[38] .......C......A.Cr=.B...C.............)
#10 pmsrc/src/network/mcpe/raklib/RakLibInterface(192): pocketmine\network\mcpe\NetworkSession->handleEncoded(string[82] c.a.d.bN.A.-L.-.,.*.,.@..Q....1010A.|.+.%..l;..^.wf@.r...!.....;;..ul`9upG.rg.F.)
#11 pmsrc/vendor/pocketmine/raklib-ipc/src/RakLibToUserThreadMessageReceiver(42): pocketmine\network\mcpe\raklib\RakLibInterface->onPacketReceive(integer 0, string[91] .....Se....G..HZ..N..f.R......`..,...].+...2....2f.~.(.W",.?c.k.y......6..=..v..)
#12 pmsrc/src/network/mcpe/raklib/RakLibInterface(122): raklib\server\ipc\RakLibToUserThreadMessageReceiver->handle(object pocketmine\network\mcpe\raklib\RakLibInterface#26317)
#13 pmsrc/vendor/pocketmine/snooze/src/SleeperHandler(123): pocketmine\network\mcpe\raklib\RakLibInterface->pocketmine\network\mcpe\raklib\{closure}()
#14 pmsrc/vendor/pocketmine/snooze/src/SleeperHandler(82): pocketmine\snooze\SleeperHandler->processNotifications()
#15 pmsrc/src/Server(1645): pocketmine\snooze\SleeperHandler->sleepUntil(double 1641566962.9165)
#16 pmsrc/src/Server(1034): pocketmine\Server->tickProcessor()
#17 pmsrc/src/PocketMine(301): pocketmine\Server->__construct(object BaseClassLoader#2, object pocketmine\utils\MainLogger#3, string[12] D:\FoxCraft\, string[20] D:\FoxCraft\plugins\)
#18 pmsrc/src/PocketMine(324): pocketmine\server()
#19 pmsrc(11): require(string[56] phar://D:/FoxCraft/PocketMine-MP.phar/src/PocketMine.php)

PocketMine-MP version: 4.0.0 [Protocol 475]
Git commit: 468faa464b2bc5c97f23fafbb71ea61035f6f218
uname -a: Windows NT DESKTOP-BVRHES0 10.0 build 19042 (Windows 10) AMD64
PHP Version: 8.0.13
Zend version: 4.0.13
OS: WINNT, win
Composer libraries: 
- adhocore/json-comment 1.1.2@fc2f76979f0a44a5f5bc2a2b600d0762fe0e78e7
- brick/math 0.9.3@ca57d18f028f84f777b2168cd1911b0dee2343ae
- daverandom/callback-validator unknown@unknown
- fgrosse/phpasn1 v2.3.0@20299033c35f4300eb656e7e8e88cf52d1d6694e
- netresearch/jsonmapper v4.0.0@8bbc021a8edb2e4a7ea2f8ad4fa9ec9dce2fcb8d
- pocketmine/bedrock-data 1.5.0+bedrock-1.18.0@482c679aa5ed0b81c088c2b1ff0b8110a94c8a6c
- pocketmine/bedrock-protocol 7.0.0+bedrock-1.18.0@040a883a4abb8c9b93114d5278cb5fecc635da82
- pocketmine/binaryutils 0.2.2@f883e1cf9099ed6a757a10a2f75b3333eeb2cdf9
- pocketmine/callback-validator 1.0.3@64787469766bcaa7e5885242e85c23c25e8c55a2
- pocketmine/classloader 0.2.0@49ea303993efdfb39cd302e2156d50aa78209e78
- pocketmine/color 0.2.0@09be6ea6d76f2e33d6813c39d29c22c46c17e1d2
- pocketmine/errorhandler 0.3.0@ec742b209e8056bbe855069c4eff94c9734ea19b
- pocketmine/locale-data 2.0.20@a6e4eb22587e0014f6d658732cf633262723f8d3
- pocketmine/log 0.4.0@e6c912c0f9055c81d23108ec2d179b96f404c043
- pocketmine/log-pthreads 0.4.0@61f709e8cf36bcc24e4efe02acded680a1ce23cd
- pocketmine/math 0.4.0@6d64e2555bd2e95ed024574f75d1cefc135c89fc
- pocketmine/nbt 0.3.0@98c4a04b55a915e18f83d3b0c9beb24a71abcd31
- pocketmine/pocketmine-mp 4.0.0@468faa464b2bc5c97f23fafbb71ea61035f6f218
- pocketmine/raklib 0.14.2@e3a861187470e1facc6625040128f447ebbcbaec
- pocketmine/raklib-ipc 0.1.1@922a6444b0c6c7daaa5aa5a832107e1ec4738aed
- pocketmine/snooze 0.3.1@0ac8fc2a781c419a1f64ebca4d5835028f59e29b
- ramsey/collection 1.2.2@cccc74ee5e328031b15640b51056ee8d3bb66c0a
- ramsey/uuid 4.2.3@fc9bb7fb5388691fd7373cd44dcb4d63bbcf24df
- rhumsaa/uuid unknown@unknown
- symfony/polyfill-ctype v1.23.0@46cd95797e9df938fdd2b03693b5fca5e64b01ce
- symfony/polyfill-php80 v1.23.1@1100343ed1a92e3a38f9ae122fc0eb21602547be
- symfony/polyfill-php81 v1.23.0@e66119f3de95efc359483f810c4c3e6436279436
- webmozart/assert 1.10.0@6964c76c7804814a842473e0c8fd15bab0f18e25
- webmozart/path-util 2.3.0@d939f7edc24c9a1bb9c0dee5cb05d8e859490725

Loaded plugins:
Alerts 1.0.0 by hachkingtohach1 for API(s) 4.0.0
BuilderTools 1.3.0-beta2 by CzechPMDevs, VixikHD for API(s) 4.0.0
CraftingTable 1.0.0 by hachkingtohach1 for API(s) 4.0.0
DevTools 1.15.0 by PocketMine Team for API(s) 4.0.0
EconomyAPI 5.7.3-PM4 by onebone for API(s) 4.0.0
FCCore 1.0.1 by hachkingtohach1 for API(s) 4.0.0
KeepInventory 1.0.0 by NhanAZ, KhoaGamingVN for API(s) 4.0.0
MaxEnchants 1.2.2 by Xenophilicy for API(s) 4.0.0
MultiWorld 1.7.0-beta3 by CzechPMDevs, VixikCZ, fuyutsuki, kaliiks for API(s) 4.0.0
MyItem 1.5.5 by hachkingtohach1 for API(s) 4.0.0
NPC 1.0.0 by hachkingtohach1 for API(s) 4.0.0
Netherite 2.0 by Wertzui123 for API(s) 4.0.0
PlayerStats 3.1.9_BETA by hachkingtohach1 for API(s) 4.0.0
PurePerms 1.4.4 by Vecnavium , 64FF00 & ProjectInfinity for API(s) 4.0.0
ShopGUI 1.0.0 by hachkingtohach1 for API(s) 4.0.0

----------------------REPORT THE DATA BELOW THIS LINE-----------------------

===BEGIN CRASH DUMP===
eNrtXGt32zaa/iuo093aU4vm/aIed+PYTuPTJPbETtPTKpsFSVDimCJVXnxJt/vb93kBUKJkO03b
zJn5EJ82FkHgvV8ByL9uZVU95+27K1E3eVVujd3drTafi62x5buW5/uR7xmR75ievbvVLfSryDV8
P/AjM4psx/Mcb3er4E17XNdVvTX+dau9XWDalnw+vkkE1gH27tZcNA2f0qvXZSqyvBQpu+J1zuNC
sC8JOE9TzMu6oniaFzTxaDyZPK1uDmuetZPJouimedlMJmcFvxX1ectbPDR1MpnMeDK7zMtpW9En
a2PK4MFYzBaEQ8HXEPcGE/YAb28D3Nr7wWcAKsDG1tgLHEiu5gk+/7z1yGR/EfA2AO6M2aJKLkU7
B4rJRJA4Z7xMC1FPJlK4F9VSvM/Ui/FYzdjOy1ZMRc3sXda0NRD+bAdv2QfkvpwXRG/ZP0fsu6yn
iriD7B5ZbDEnqdD/4kqU7d4rMc2bVtQifU6/S1FvBx4k8dGIRt9W5ZNa8MvtKv6HSNp1GRKOySQu
MDaZPKFfcu4xjT+ybDMIIkmYfYcwOWXbtze1oiDeJXv0bcKLQq36K5Q4A0quq7pI997Qv9tWYPv3
0yJBKPTbEoQ7ALGQktKmtm154SZDEsdkIpGMvu0aIck6Le9jAqFjNpn8gOGqdh5Zlge6d9k9E/NW
zCeTE/wrOcXUyLXun6oI7FX6yA4DM9xlbd0JyYs34KUULai93JsnC7GnPWPvpPyOz8UZJ4jaKbYd
P9jgch3L6NuYmJS0fQyfkWsGkhr/z1Bj25uurZcCEdaSU2knv2f16Fv19nUjSJwXNS8bnlAEuI/w
DcCLumqrpComEwrR8Ju8JFup6tvJ5C7AI95yWKIbmMpZA80slqRVvbfCsxeLtMbTqIcv5XHSwx6A
VKxsW5b71yVwH/w/JIOHCQTXlh0qrsOHVPxSPZwjqRFmJ/I+zNPHIO55+wg+PiQiih9I35L+6GPp
98IP078+v6eUjERr9ZPKfpmOnPAtM9TPofp1YBzW+8aT1YD+URnFfIjfml8Webz3il8+z+MTJKI6
Q7retiL7z/B9XCZVKtJtTWVov2WJwY3UiF+CwNFzY2TsGn/D/48N4+9EnWVa5oHxv8bXxn8YRvGN
Yfy3cZ09Nmq8+kKS/w3GuuJ/om7xnVFPjaeaH+tBr1MMjfKFYlYxdlHBkeuLGeJZ+kLVW69EInJU
eNvu73CqACKZrYuIMqrSjYa0LC7MpZYiS2vpXNC/3xnGs58M46VhZMYrpZ3/MSAMw3gLARiGTSN2
ZvyfsW28mWztGv+VGJfGrZrpG8a+YVz1CrX/qEJtYrPnBcK4Ii+BlHrGPiCiP+B/Dwjrke07lkoO
lvOg6pqyqt4LydJ5IcRC1H1ysH4vOTyopI9Y82tSVE1Xi99UXWC5f4LAOwWDmjqZrM8DPUgJkO7L
qs2zPOHk4Y3GO0zi51JB2+g3vI8E3NDz67LNi+206qiGXTYrthFZvop7ln8PEtPZTDzqzejbNk8u
zxTFVa3JDAYQzuSaF1iz7ZjWA0DevUvAJGqVZBkNn/BGHKI7ap5XPKV65t6ipwMzSMcveF4+r6Zw
rUerAGjZm/X4qqQ3HyzVFQfhAxzYm2JQbqL51ikDaZocSfzS5bXoA53nv2WLGa/He3tH470e8QD4
6MWZQRM2cFL9v7P19rfdLfHJ2sRP3sKBOgXtHQqjqrgScyQpoEghgKTd6t9iZB0ApQLiyPNdvJu0
E5j89pdljHw+Fe0Fn25Ptp7yGqKeouFuO0h8a5fBd/FqPE7IPHbYF/usROO78ysAer6nAU3aLzO1
8qlayb7eZxSAd7ZXGADpHgw77Gtm7bC/MdOwdr6RUH0N9Tf5FDxMbFXz6R+gNhxQq5f+PrmbOAb0
mp4mOOoJVtBpLDDlGMPPXcJhah9PdmCtyJ7Lhb9L9Ab8e0gO7KGMA0c/fdksBOx4HwY8y9GkNmQ6
P3+50P0HEPzY5en2ztufeyTntGCy9RYo9JqpdKX+1bZevCMnKK/4ZikkMkSmf/b+BkF98aXQfAC1
apB3tBhWtpZWasRfjkjr+CJvGhR4mgzZK10AIejvQDQxtZCwX/Hr12X+SydOiJMefDAABkEI1Z4C
4CEvE1EUYEWLLlybKfGoF9HghZRraA5Gvmx5DexEh+JRNXIKaGgNZ1IjuppHDU8/zR5OEzcLOLxI
iUtMR3FQbGssCkEvgm0JkSzANjUgZ112JJoZb46zDBC31a/x+NnB+cUxCei3z9tGn7eNPm8bfd42
+rxt9Hnb6PO20edto8/bRp+3jT5vG33eNvq8bTTYNup3XhraZTmAOlv5qeR0H6Ef2N1aXmPYsgx0
5BjhXTur6oa6q41WgIDyRU5vXDkZz6Kk3ibdGlPduLuVwn7KlBbjXVNl7dFwYM7lTtCdDkNR0/+m
7SWokLaMTs8v3py+en6EoWsRNyhuaXnbLhpI5Zq3yayZ5a1xLURc3BpJNd+j7vBJlxewgIuqKoY8
rw2vc+4Y5igWLbfX+T98L5LZ2YsjcUULfshv8stnR59KCgkBX8xTAEd3omhriTY0KeuUfpQ0pnk7
62IpgwHZe2ugIBtpRJD9BRE8EM76+L+JXawRtfH4MXKBWCDevEjqW6O5bUVjIFzvpbyZxRWvU2ks
kNKmoSyH1sVgeZtyWDkduxB8/qnk0OOfTAaUaGbPLw5eXbw++z0TWFG2t4QBZo8RNav57cHZyYDd
weCQYc8IDGd09sJd57kqRYz/PxWvGhxaakUFYKKvHlL0QS0TU08PD6t6aMt6YNOIrX+NEStq+t+f
ymy/R2ZelvYD3tfHf8ePX6IGO/gJY9/PKo7eBmT/8PJTCUIBn0zWKFKZ90/ENE0qOH/Bb9AS4HEt
oQ1H17m2jY2o/qMoq8UsL/Lk9lPxOgBJHC5JWXv4GFt+0RVtLneEhrytBtdZC3Tacn43bR3+JC8J
3nZt013m+HzJizy/bP4pyWxO9OrdrTXa/0oiGwAiOd3SFspQRmpgXT6e4f1rfF5R0//+VD7/8uxw
wDE9/ZvkaZDyxxz7wdLtpWhnopaTV4wux4bs2pvMvkH59L7L0dZ9Kj5XEOXehCLiT0ewFbS9FUdg
eXguumJ6/bR0xbZjWEb07snxxcG/RtUPHQb8Zc2foVs+E/V8TQjLsXVDd42NouQHkZT8Ku/mbJf5
7tOnpsn+k6HJpPbvpMzyMm8/Wax/pxCA+566wcePifHns2rx3ethBdaP/Ju4syZn+eHTxC+6KcBr
MNyKzeq572QlBzetKEkG0hBUZbcVUvlGWS5O6IRgOJLwAhxh7XCsmr9LqxYUrI3q2xOrga4uhs8p
b9feZ3kBWocj0/li+DgDe8PnHHXr1XDgH43U5fJ5Hqvmfm2sQttHs/AsS5Wm5cRQOpy0SNbl8Epk
hZB7ucPRRkq0WR9K4RbDkfOz52vob5tfipKQ6U9s+aqtLkWZv18Xwc2N5prIpZL6ls8LGY9t+fg+
X6huKZLJ932Rx8PleLyZr0u9IvJs03Qsy44wcHZ0usZ6Wr2TpG0OYihfV1gF426atYnn+XxRiB9f
rPG8QQEeaYdyg895cU0hem1w0cq9TJKwq/3zbLZhe7OuvJS7TLYUkiOlkk/jvORUqSOC24ZPkhBX
okhjPYlAwXcWbaUHbCWsFIpWZknyplmrzaR3K1yD93THJy+zas1u0zsqz9esRIrSGQ7VAu5Bfjjt
lC328H+Cu7HTswSxYiB88u7ZQuMljHQyy4thMB+6O7kyb8TqWzRLecqdkK2xbTo2xNa8Q1TZGme8
aBDO+lONrbEbeMCRk3+7fphx7vpubMeJl0RBZjsZz+I4sAT3LdPxMj+zrRCwO03Km7xMq+uGvbxg
R8fn31+cno2e/PDq2fG5ySxQwSQNzIpM12bb/WTL3GEHL458Sj30hZiBrN4L6UDu0kxmi3cV6eTN
ycuXF2SY9HAtywbEpkXViPodlFvzOhcyzvF0BsZqsUcRY4Q5+hqVRTHhcZbYWeBHQZSZ3HW5l3lx
YnM79k0zNQPfzoQpglAEJL46Ty73dJA0jchwHifcC1IrzEw7zEI3C4Igti0/TFIrsqzYTIWwHdfh
QkZAKATRBzmZDrVjnlyOrtApIDLSBTQI8LKsrsvH+jdZ27SumkbsgWXelHRx5Momc35sm3YUmY6T
QP6uY5oi9j1fBCIUYZhknp1aqe9HLmFFnK5FI3idzCT/c75YSL+7kkbxOIzjxLQtHoo0toXLA8Ht
LOSpm/FIJFGaCDtL4jBdc47lUSlo57obML/uByFXaO+xG9qJH0SceyI149BKTBBnx1aW0ZNl8shN
Qu4n90NemeNWQIRuQjddk4ehw10ex2ESxREinJt6dhAmsZeJJPEdL+WhvQFdBoqVV9tkAAAjrCSj
74+J1OeBF3BQB6vwYgc/KKXsJM2idUj3qpDqCuex7wZh4MKkfD9OOCTqhaFnu7YIvcR2EtsTYeJ5
fIM0eSOsqHSoJNIgwkhwx3SiyBFZmsVOlKSOaQvb8vzUMwE6tM0I1rkBqSqqFQwzioUPZ00DeKpw
nNQPLRhOlNpRYtuJ6ydWIKx0g5rhNZ0+ij4WSeDaMaEMTc+PYzDkmX6UuCLLoMwocFzBrSheB1VU
VEb0pgKSDNt8zH3hQq62FwbCNC0381Mfnx07yXzHsX07QKAJU2cT1FQS4xIxfhJZdmJCb56XhODA
scxQJDD+AObgZ67pJqZ7F8JokGgUKN/KAmIqyRxoLLFd0Aa3t3mSwiBCk1vwAifZ8IFlHJAgUt8V
tud5cWqLiCzedr0AAcFLsThLLAc0RtmGsZdxuxRuFCYuN90YlhFZnkBMCZ3UiU3YNgQFx7R4DPVb
6xBWH0eyfFJO/QfC9p2TWJWNXDiGcHjoWxZsOTCFlXH4lG97cDwLwc51A4HQEXOR3AeFznP7OuZx
ZNvcd10XzPhJkHKEBPovdGzLhO2JxA2ckIsN+aqDsz7PPzZ5EiJWw+atxLUibmWQOPwLTh86HsVf
LxK2ND4Uwo24JT9Y1XFyr+pxgp/AFcITjh2iKIrhSa4ZexbsWQjYWxz7fmLyFRC6USjlisiLXBFB
hlnsOWHoR1aWBk4Au3DdNInd1MfqJLPdNKPls27ecN6vvxvcm9t5VpW30GBxi7KiGPUl9BVIdaQS
kzTygigQEaKPE2Zpasem40cOAhzyjoB6TRjXfbCQMeSVRAXLeoxwayIPidTiEYIAB7SIC8tGbEfy
QMYybc8N4gdhWQO6hA+jiDInJTvPkIIiN4SvWmbiJg6IcuC8Ef5Vbcy8es/rdg+xDS26SrpkoX7k
u0kAawhNN7RcHro2jECY0HFqeTGPzcwK4VBrQBbwuBEFbxlHiJY0cqIsECl8NoFJxHGUUM71ktj0
UmRD0BaZAcDIDmlpW8atLFIfMdpuYGgssnza1fJwl1GJx7KqZms11aR8xC5mSKSsES2dkzSM14K1
M8GqUjT4wFuW8LKsWhYLlpdJ0SF44ANTh5IGEhoSb4uahGCdV3OszAjAJsyGZ2KXVbSL0RBIJm91
sduqqzUslmdsjt4jyyUG1DZ0H7y4JcAvxfUSHLrGjHdF27DrqvyqZZT6ec3Q9VYIXjmlsFuikO7R
Kr6vZ6Jk3WJa8xQAjEk5KXtg40nJ2KM3M7m9wtoKWFCrAoQ+xoUM6BIMFdSpei1JVdGfQZ6FaKW8
qJVNBFPJhUbmBBkST8So4FQST8WYyaqUXjSzrkWNWI70Pfwxm2ypk2pG9wDoTrKk7KAoqmtW5A1R
219cZVc5Z3/vRH1Lc36hDyP9aixv48mlx7Kx12sY6GJULjJoDEIhaPEt06Kk+WofYLR8PSD20Rt4
DCwCcuVpylB5KfGTWOlsns0Fp6sLVIEyCD0WRDSEI37peEFim+ZXmIuiohNsWyOly7wEXWEUo1os
0NeOIHY6ZB/jtcT9spvHkAqs6qC5LZML3lwyuj8BOzLkhNeQljTtnlOaNqursuqgPUxvdpncWmaq
wyB/2GVUVNfq2pCUDfyRxuZdqe9DKODnUr3gCVZWVzc5LExADGBJWm65JI5kqwk6ychWaQ7Z5C7L
268gvraWy1LR0gUDMpmNxWwbPHTwG1uKRbIx0pyOJahNW+XSOOqupOvqZIGQ+0IqQbYjjcGOxJX+
zOb5dAZnrtGK7w6dTxsOSaSuu0WrRpXASDBz0Kb5ksqFU8peI1UOwa+qPAXZ91NANkI2h4I/h3UZ
A0PD5JGatLS0STkXQHernPK7oophPbQHxdQ4/GCet+TbczHlsdwzYudK1KYUbt7Ic19afkFau86l
5KVFwWmvRwpQb2SN5DDLQSIikryiS2CyWogepTJyaKsjN2XTCoqqyE3JKgjRVJI5kqSNmUlcALsM
waoi+7fngDb1PkT/DN38X6O/aauFJEGHzyVJGlzDED4WlE3TJUGEtafKQt2pCZNB4I30Ck1f89Un
oFD6hSSJIgZLOiSfEsmHiRuRdDL4Vopk5ZGUrJazxU0iRNqsOFKB6/TieMwunp2cs+cnL04u2MHZ
2fOT43N2dvyKvTl99f3xq12GSeziFLOO2Ztnp8+P2dmr08Pj83NjMwSsycP2fC2OM1HnlUzIFIgb
YjCZCRmSpTSWwdaC7FESpDK2yCkjhEKhwqwEdViV4BMBGtZE/D5kbMrIrmeUWSETCkFqmoSsgCD0
rgK5ykgSxynlEMrzcoFxdzbZgt6RhtoWIqFyQEmWyFV6VWuXPMC8xKJZseqYmtdm536SNOeO5nzK
6xieMVpV1jIA3S9d6WpEjl7F9CrE7jkvO1l8DClBYdbBBnd2+5ywaYS9Gar0Kr+5ovidr1zQYKcq
5iuDR/VQdUW6pCVHErku2Yr+RgFeSPLBqG+amldgeyqDxZ0kKU1HQVjyltXVvE+2arWeMRqa5lDD
xI3W5B3bYPeY1Jp1nPcFI6msBiYyQ23IaTdfqOpKlXBMvxjRi15fRzRJL5C0SzJ7DvCENA9n5/cI
GEkbiQ8YrmBkTdMJCgztDFqb9tUmBS3CtqJqt1ekqhF0UWkoamjqg3Ka85uR3IttetoP+YJG83k3
R45Feq0JeEvf3iJFMvWtCEXFSq7kL1qU0mPu2hiK7YWmSCIcURXcIem6S40dVerVpk1TbURRT8FX
k3sXUrD0xCFnsnIYyb3eJW9HIEXWKigfSXqgThUYCspCXmBmao3icMUdlml5Kn56zDR5Ve2SAAtq
AzTcD4P6kB1OSn1Bd6xTBEqzWVWoEjOms0hZiUuSG/rWFNNJRsY21fnotyq1xGJZbKr09miopf4V
hdX6tiXgu2xkDRQolScRj9qeGJ0CZNRe1bHyfIBKyFRxTr2MLPRpMQY1WQZ7hloQtrQvizt2ePZ6
F2tBQwz/us5TmL2sFVT0XMIfSfhj5vdl96oib6R0BnMNdpAiUM14ke2hlVRtQipgwxoVkDLaFyQD
GzjiKu0NgA1bkeMbimpUYvLCYETE67PyrC+2Vw0g9RJE1DXSJi3sFuVipJ83upsX2uua/L1Y6pPK
8l6NDSU8XTKhbFfmMUitbmSrRTsGO9NrCvoeIy3guhPVtiAxZjWfEgvQCcTWLApZsVB7OQfx5Oy8
Jj0dFjlmqX6Z7vqKpmUvLl5LShuwRGzHXcuoP5eqXKFTzYXRx5p5241o1VhSO+wPRSkPkaSvZ4w2
BhK6NLlkE/1vluWJwWSWmnEqAlg+h2xa0h20If+8GcLUrqQFSruSRM9IEoi6MhAjRXMZzhulUlVK
YG6rbZQ4EWp/QIc63U0dncoi6ejk/OAJ6iNZT3WltCEK2B1FSnn+qYqEnIxRf7E8HfYbKz5Xvp6K
uJuO+6btW2ZRs6ZL1hnClXzPdIveqE0F8uayqVTy1h5hETBFtYJ2OKvQxJMX9r2a6LtxGcVp25g1
/KrPFviI1lt9343eDdp4ECZP5lXRpvdk/lHJryj3kvqK/RhXN+T5NTs5Yts/vj452oHe4fagAfOv
oTZSTI50D+egHq5OtXxU+QFvqFa6K+HtPz553sPX/d1g5CuJjA7HZOEg1atLEclb1e8Q6TR6A/pG
dDFhv8oyiRbv8ux2dNPl6UohUp6j9c2ZC7m7olxN/SU9JQM5V/tV1+hdngRBpFVhVq8ZqTVjpk9P
CY1KITo8aiyUA3k5XfYoJS0rNlPxbj/rKhfXo2WCvm9DTAn3YF51FD0ylet0MIHIetFSbqfoKLdC
oH76LJMzFr+SqXqwWDJeCtV6x0IBi0VGvt8s+LU0CrJR/R1KMi0aXk/6in1CtGQfMZDxTVL1t0SA
TSCf3keleT+ZvAaklPHe3EFsv5h+L6lxNnZ45Dduyc+aPFU5g/jh0CkMrunioRTou+g0Q6QqdcqH
ZWqTW03aOHiSiELITkGZt8Ra5JdAQX2yjEQFB+vTurpuZyqOAQVnMwVtEOTg/U2rUrIkdkTS6Ekb
rUSjWDs5agZ8UZgmzStoTB2bLtnUW059mSPXrCkJ8EbMZo9AJlrllSJX21pLXRp3lamD1zXPZTeL
ZIJWT1nRolp0Re82+oHyvZyj04ZjE0LZBhGXEhNlXIpcKAl0g0EjeiNvrEsd2neUzbUaVpWCtiwQ
sorQ6SrokWeO6Dt8G0PLwLA+rK8RDHI64sFI3R9bzpxBb2NFirGYzxdGXkmKEepu59Qc0h+LoH3W
pFmRTmlKv2er95IFGeb4dFqLqd5S1PuPapuF/t7A5SZ/kj7EmtOjU/ryzkgnBVUfUPi6FqoD4XDy
a4mxkYSvGGjUF/ZXm/7I00vJdwu6kKSUc0eoUKh6r40JlRDdG5C5bJBvDmlvXgz38naRHBYzDrcQ
FNlroqGvS5ExMlGj9xhRXCwpGaq3fe5SmYOv7Q3qKxyDZNuhBkdtI2NrH8I0QKll9b7HcUeriq+h
Wtt8vsogOhsTUJpPVk8Jg7RIYZwQyk1Pvajf4DZWCPSbIYZech/O9zqZKE0qDxjsJWkYAN9qefa7
RjM9qEJcvewkdHSgTXg0a6ksg/JsCYgOybtanbhQtOm3UlTkBTwdnfp8i5qMN7pPQ2nN6eaTfqIC
CDRqXY17pal3sFHa0xuzn2XlgqJ1V27yvSWgsgVbJe/hSZBkgyrpWgZ42kZRwYusSrT35lEZn2X7
2MiOQbbfdLUbtOoiYEi+witpUB8BkdzANVVOXWEcs6fPDy7UILUagnbWvtE3Mna96AYclWLXuUnz
ut2VQfcbXemps5bhpoVyYkp0EK3eU+SdtroCykpumfr2YVf3cbfv1OrlKY0MKoCDdJTIU7Cml9Oo
P+GBCaiy/tFTGU0kKjl/DYisi/XIu8HISNaXg8KvUrW/uEFsa3STm1xSm9TIhg7BLc7RoNyqQk7O
I35z+hM3hcoUylUUlxI+KqN6GY7p+HVTqXROebZS8aE8rJSndRNULY+e1jk7EgmzXWbbY8cbeyZ7
c/KE2aZt0YT+RG1fIMLieV616f7a0SZTp2n0UiEfke/tW5GFTLY+eOXLYYeGdbOQLzAIY8fI9Sxv
xYhO4Kh0lcjQT+nqbd82aWTKaTchFfvySR36Lcf0Ktq/pXOe/nlxtdAY0pwaLFj07b4kbWmgy3y3
L3mWtTGV3PvqmxL1ql4W6WAKnbjvHx0/PXj9/GLAkzwn1ChltiDX1c9r1ex+SEODil1O2frt/wEZ
wM9u
===END CRASH DUMP===
