PocketMine-MP Crash Dump Fri Feb 25 00:58:28 WIB 2022

Error: syntax error, unexpected double-quoted string "§l§f ➻ §bMở rộng đ..."
File: plugins/FCCore/src/hachkingtohach1/FCCore/FCCore
Line: 657
Type: ParseError

THIS CRASH WAS CAUSED BY A PLUGIN

Code:
[648] 		$txt = 
[649] 			"§l§f• §aVip sẽ được quyền lợi như sau: \n\n".
[650] 			"§l§f• §cQuyền lợi: \n\n".
[651] 			"§l§f   ➻ §bNhận x10 free Premium Case\n\n".
[652] 			"§l§f   ➻ §bNhận free ngay x1 Jacob Hoe huyền thoại\n\n".
[653] 			"§l§f   ➻ §bThêm tính năng +coins khi đánh quái\n\n".
[654] 			"§l§f   ➻ §bThêm tính năng +xplevel khi đánh quái\n\n".
[655] 			"§l§f   ➻ §bThêm tính năng §cBalo bỏ đồ vô tận\n\n".
[656] 			"§l§f   ➻ §c+5 §bđiểm may mắn cho bạn, để loot đồ,..\n\n"
[657]             "§l§f   ➻ §bMở rộng đảo của bạn ra thành §c240x240\n\n"				
[658] 		;
[659] 		$form->setContent($txt);
[660] 		$form->addButton("§l§aMua §2100 gems",0,"textures/ui/realms_slot_check");
[661] 		$form->addButton("§lThoát",0,"textures/ui/Ping_Offline_Red_Dark");
[662] 		$form->sendToPlayer($player);
[663] 		return $form;
[664] 	}
[665] 	
[666] 	public function onInteractEvent(PlayerInteractEvent $event){
[667] 		$player = $event->getPlayer();

Backtrace:
#0 pmsrc/vendor/pocketmine/classloader/src/BaseClassLoader(83): BaseClassLoader->loadClass(string[29] hachkingtohach1\FCCore\FCCore)
#1 (): BaseClassLoader->{closure}(string[29] hachkingtohach1\FCCore\FCCore)
#2 pmsrc/src/plugin/PluginManager(155): class_exists(string[29] hachkingtohach1\FCCore\FCCore, true)
#3 pmsrc/src/plugin/PluginManager(356): pocketmine\plugin\PluginManager->internalLoadPlugin(string[50] C:\Users\tranthien\Desktop\FoxCraft\plugins\FCCore, object DevTools\FolderPluginLoader#25100, object pocketmine\plugin\PluginDescription#25178)
#4 pmsrc/src/Server(1005): pocketmine\plugin\PluginManager->loadPlugins(string[44] C:\Users\tranthien\Desktop\FoxCraft\plugins\)
#5 pmsrc/src/PocketMine(304): pocketmine\Server->__construct(object BaseClassLoader#2, object pocketmine\utils\MainLogger#3, string[36] C:\Users\tranthien\Desktop\FoxCraft\, string[44] C:\Users\tranthien\Desktop\FoxCraft\plugins\)
#6 pmsrc/src/PocketMine(327): pocketmine\server()
#7 pmsrc(11): require(string[80] phar://C:/Users/tranthien/Desktop/FoxCraft/PocketMine-MP.phar/src/PocketMine.php)

PocketMine-MP version: 4.2.1 [Protocol 486]
Git commit: 6d6551253173a498128c750c38e719f19880ad49
uname -a: Windows NT tranthien4-8sin 10.0 build 17763 (Windows Server 2016) AMD64
PHP Version: 8.0.13
Zend version: 4.0.13
OS: WINNT, win
Composer libraries: 
- adhocore/json-comment 1.1.2@fc2f76979f0a44a5f5bc2a2b600d0762fe0e78e7
- brick/math 0.9.3@ca57d18f028f84f777b2168cd1911b0dee2343ae
- daverandom/callback-validator unknown@unknown
- fgrosse/phpasn1 v2.4.0@eef488991d53e58e60c9554b09b1201ca5ba9296
- netresearch/jsonmapper v4.0.0@8bbc021a8edb2e4a7ea2f8ad4fa9ec9dce2fcb8d
- pocketmine/bedrock-data 1.6.0+bedrock-1.18.10@e98c511584a7bd58a95986374d2df4b04c6a2ba0
- pocketmine/bedrock-protocol 8.0.0+bedrock-1.18.10@017e57c8f8a74118bcbba7332e7ebac9e6c81693
- pocketmine/binaryutils 0.2.4@5ac7eea91afbad8dc498f5ce34ce6297d5e6ea9a
- pocketmine/callback-validator 1.0.3@64787469766bcaa7e5885242e85c23c25e8c55a2
- pocketmine/classloader 0.2.0@49ea303993efdfb39cd302e2156d50aa78209e78
- pocketmine/color 0.2.0@09be6ea6d76f2e33d6813c39d29c22c46c17e1d2
- pocketmine/errorhandler 0.6.0@dae214a04348b911e8219ebf125ff1c5589cc878
- pocketmine/locale-data 2.4.3@4d0b081f1a79407e087968ea76aaf330db6ea2b5
- pocketmine/log 0.4.0@e6c912c0f9055c81d23108ec2d179b96f404c043
- pocketmine/log-pthreads 0.4.0@61f709e8cf36bcc24e4efe02acded680a1ce23cd
- pocketmine/math 0.4.2@aacc3759a508a69dfa5bc4dfa770ab733c5c94bf
- pocketmine/nbt 0.3.2@3e0d9ef6b6c5fb45e3745a121296e75631b3eefe
- pocketmine/pocketmine-mp 4.2.1@6d6551253173a498128c750c38e719f19880ad49
- pocketmine/raklib 0.14.3@4798576fec0364266dce23b368a7fec5e5de7927
- pocketmine/raklib-ipc 0.1.1@922a6444b0c6c7daaa5aa5a832107e1ec4738aed
- pocketmine/snooze 0.3.1@0ac8fc2a781c419a1f64ebca4d5835028f59e29b
- ramsey/collection 1.2.2@cccc74ee5e328031b15640b51056ee8d3bb66c0a
- ramsey/uuid 4.2.3@fc9bb7fb5388691fd7373cd44dcb4d63bbcf24df
- rhumsaa/uuid unknown@unknown
- symfony/polyfill-ctype v1.24.0@30885182c981ab175d4d034db0f6f469898070ab
- symfony/polyfill-php80 v1.24.0@57b712b08eddb97c762a8caa32c84e037892d2e9
- symfony/polyfill-php81 v1.24.0@5de4ba2d41b15f9bd0e19b2ab9674135813ec98f
- webmozart/assert 1.10.0@6964c76c7804814a842473e0c8fd15bab0f18e25
- webmozart/path-util 2.3.0@d939f7edc24c9a1bb9c0dee5cb05d8e859490725

Loaded plugins:
AlwaysSpawn 2.2.5 by Philip Shilling for API(s) 4.0.0
BlockGenerator 0.1.0_beta by BlockHorizons, Chris-Prime for API(s) 4.0.0, 3.0.0
BuilderTools 1.3.0-beta2 by CzechPMDevs, VixikHD for API(s) 4.0.0
CraftingTable 1.0.0 by hachkingtohach1 for API(s) 4.0.0
CropGrowth 2.0.1 by NhanAZ, kaidoMC, YTBJero for API(s) 4.0.0
CustomItemLoader 2.3.1 by alvin0319 for API(s) 4.0.0
DevTools 1.15.0 by PocketMine Team for API(s) 4.0.0
EconomyAPI 5.7.3-PM4 by onebone for API(s) 4.0.0
FormAPI 1.4.0 by jojoe77777/DragonfireHD98 for API(s) 4.0.0
Gems 5.7.3-PM4 by onebone for API(s) 4.0.0
HealAndFeed 2.1.0 by Kylan1940 for API(s) 4.0.0
HealthTag 2.1.2 by Shelly7w7 for API(s) 4.0.0
InvCrashFix 0.0.1 by Muqsit for API(s) 4.0.0
InvSee 2.0.1 by BlockHorizons for API(s) 4.0.0
KeepInventory 1.0.0 by NhanAZ, KhoaGamingVN for API(s) 4.0.0
MultiWorld 1.7.0-beta3 by CzechPMDevs, VixikCZ, fuyutsuki, kaliiks for API(s) 4.0.0
Napthe 0.0.2 by hachkingtohach1,tungstenvn for API(s) 4.0.0
Parties 2.0.1 by Didah (@Diduhless) for API(s) 4.0.0
PlayerStats 3.1.9_BETA by hachkingtohach1 for API(s) 4.0.0
PureEntities 2.0.0 by LeinneSW for API(s) 4.0.0
PurePerms 1.4.5 by Vecnavium , 64FF00 & ProjectInfinity for API(s) 4.0.0
SizeUI 1.0 by fernanACM for API(s) 4.0.0
SkyBlocksPM 1.0.1 by Vecnavium for API(s) 4.0.0
Spyglass 1.0.1 by ItsRealNise for API(s) 4.0.0
VanillaEnchant 1.0.0 by hachkingtohach1 for API(s) 4.0.0
VanillaHopper 2.0.1 by ColinHDev for API(s) 4.0.0
VoteReward 1.1.0 by  for API(s) 4.0.0
WorldProtect 2.3.11 by aliuly for API(s) 4.0.0
_NewAlias 1.4.0 by Javier Leon9966 for API(s) 4.0.0
libEasyUI 1.0.2 by GiantQuartz for API(s) 4.0.0

----------------------REPORT THE DATA BELOW THIS LINE-----------------------

===BEGIN CRASH DUMP===
eNrtPGlz20ayf2WenHqxa0kK96EtpyRLcqyNZWstOc7bIKUaAAMSEQ4ahyQ6lf/+unsGIAApsZxo
a/dDnNgkGjM9fR+DAX/ZScoq583ltajqtCx29qzZTpPmYmdPdyzbNWxb8xa+77meO9tp1/KWtnB0
29U13zVd03cMmJPxujmuqrLa2ftlp9msYdTOGa9qIYGznVzUNV8iuN4UDb9lAm/MWFuI27WIGhGz
uGzDTMw/tiVe1U2VFksW7AStpnE3kx8JC1rDDUMmL8PToNVFnLCKPn2c0Gq6ri8Wi2AHlk3aLHuZ
Zrju4V4QvK+BzyBoKl40q1QUQXAk6qumXAfBy/L2sOJJEwTrrF2mBQx7eXhYViII6ioKghWPVldA
UVPiN317V34u1qs1rifXUih25b1dQLA7md/dkh8wM0sLmOnYIGcgL4LvP+480dg6x8nXoojLandd
RleiyWHkbgQSr7OSx6Ii9C94LQ4R9ppgTz3z2R6bAOff4AQCPJXi/dHwf2Kf4ewZEPdEZ0/vw/dL
lJV1W4lfvxSfoRjDv1JYu2f0ccoLMJPqqW7bsCBxeSlu07r5EpJnrKlauZD5uYVM24GFtpLt9B8E
o3Hzb9KiEVXBM+Rd3uoosrWf2B+1rhkrw5/B/tmRuL4oywxvlBkIVy4hBf3EsHVN64f+NrGwXlSl
4KZlgXNcj2RgDWRwLqprFK+m2Q9jO+vZ7TVgWX+EXyLFHpByRoufwuJPTc2aUCPpnH9zeRmVBazb
Rs1Txf7ECp8Y9wqmbVIU5ilHIS6BlSfmTAWVH03nCxjoZ/0Jtp3fYNtwJ2zXUj00yZWTnuo6DKrE
xzatRKcCD0xuveLV3u7u4d4uUbTbE7Sr6NntyBmsOT89W+DECSkYvp7t/PTrbEf8N0bxPx9VgTM5
/TItrsvsWuSiaABnDEKNmp3uLkDge1TGAkXgWB4AgiZovmpuG/acwT3H8hUM/puwBVxphqG44t+n
a1YjR2Gs+MF/Qw1BwozYx3aDXyO9YJmEpaxYyTGs5u0eC4IC/99Z4Lq29rB1o3/exTtFpf8mKsYm
unmzQhw8LtitrrGkEoKdVSJP25wdgiOO8Rp/BC/hLJZ8Ayuwf/CoDNmrUrDVlo1mVdJgPR0vZz58
uQsUrCZ4zhr6EhcrVqCsNRPM7W9RCYbFrlbpVlOa0GHMx1Z+naxsPdrKt+tMXIvsC9a2H2ttZS8v
eFaykGSd9CSAH5rsGkckFk4mVY3pcB5MR/Q3u6NI4k9pNTNnOWg9J+xJwaKVooPrxWxASWSyrCyb
EW0zCA2KGiLGBWLY4M9nRfNbMYfWN0sWkeu4vKeIVRwMkcSogRgVZ4al3cLfjhYlj4Zo6oLH3+mq
CxtfYck9/6YWzWEJJUXRPMXg8owGOdp4EI/jF23TlMXTCT/8tOWKBANyOVuKvA52Ztos2GnEbQMl
Wb3bpruV4FleX0Kh2FxGKxFdBTtqIf2zC12g06H5NfcgPoOYe/k2STC+Xr4T8eURr7bIjSmrRXxR
nmV8A6ntqzV9qpGdB1cCUBeMJsg70sN+pe/S4umrNLo15Jg0YklbRFjrsLI4weqMR83xNUpUrjWC
sa8Efjz7hdC4HYWSGgjt8vb8m6VoFKVA4q9/FeN/FeN/FeN/FeP/iWK8q0lrLEUPshu+qc/X/KbA
y4LjRswIOtvpN3F2jIWxsAHCWyidqhrD19kqzaAgPYcPCNpLRM/XKd6xFtpCw2tRcCjd4529hGe1
mO3EYg2hDmfDzbpMmqMhIOdULq8Jb63QBgEnkmokKQikUWAdDl9g8PnFwbuL92cAuBFhnTbIAwbZ
Fxkw/60oIFw3svtQDE5uDHnUFvpCuwxFw8eM0pRXZZV+AluFW4erKq3nZxVuXU2Znu2Yf4r50VpB
MKb2Lvtnb88vPrx99/rorgDaFOMMBZ0h+0PwkHl9AYTPkXljzP3hJxGtzk4hgOGE79Pb9OrV0aMp
O0Ls6zwG7EEQSuIaGSgnpP4ux6umWdfgLcu0WbXhIirz3QHduyNUIBxyGzCuC6R4IJ0xfCweqd2B
YCZZ6tFEcif7jaiaXD5EMCAXkG+aRdVmUW8aUS8K0ezGvF6FJa/iXSmRcv1tVd40q5E4euA4FoCn
jGXxZsWLg38B7IqncXl6CN/+7+LFP0RVPppY5BLIfkeUDP9/wDQUtch2WzdlftKIXHnWgPnprbEI
zKkIeHadFpqp+4/GcY8RmJ4QcxfykJjQFSEDLnvQ2Nh1e2rt22TCLqD9ezQmt4XRgJTfCe73qHNL
2m6PA7g9htKizDcHZycDfgfAIcf2wl2Y87NTa8x0WYgQ/j4aswpfEAhJBiANghFJn9XhS+hnxix1
kLEGrakCfy5/LoWLf3aPKr4siwQKjldHvvdo3G1XwFKJiOq/PIS1b6HlHPBFl/9JJSEB8t+HUP8K
OuODIn4pcL2eiSF0HED0qYK+22S80H1LezROeoxBMKDjYWGzY6lZXfDlhCEJm7IzqRvOVyLLNu6N
+2js1B1GyQ5R8XBmTopryJz16mV6O2BnCB3Xgndy3Gn7EdA9Gjc5oQuCtLiOkIIkvf2S+g4IPxdi
zAkCPpOox7XsY/EyqVolKV/CzXdCrGGWKKDK3QyYGsM/U5D1Rch3q5J/y6HlWn7/5tHrjxFJj1CC
nLZZk34oq2wYNgbAMdOuKtLNzxbph/+ip9Wbtqnbq5RKsyxNr+p/T+meI8E3SDCIZEj8nynbB4hA
UG/4ulkNLV4Bpm5r/G6ZPmvaYlk3orgu/n0Vu6Ss+3yIA5zxqknFMP11kM849FEa8xV7ug+f7SoT
df3s0diKO5RBsJbEBMGWqi9VbE8gsUsboucNb0YsD6BDtqHWXviXL44vDv5DHdiAsNHFQ8Vww5to
Va/SZnEjRJhtSCAkh7YSx0WTTnU/BE8NYBL1Xou0KMT5h0fjPiOEoHMgQigigOsxSV9WoXc07o6w
KP7PRJVPmZewaUU72YD6XkQFv8bnhjPmWC9fahr7X3ZWlbhZeALlbZE2m0eTyqVcQQqCyBt8fYiH
n6efxPth3a4Ak6Q2ZjHBPeni4PD00fjoMQaBJEB+/gGH3tKG3F1tqAioz06HLA6g0+St/4YyH43T
HiNwuKVjdPEgva03S9yOHrLVgT7D00lTv4NC9U1aP153MsAJrChCHl4Ff8+LNMv4cRFBAdIMeJrc
+G/Z+xqTNb1+rN0vhfVVuV6P9oDG8M9k4sMyS4tXULg8mjR6jD3fkpLJ5R+psnpakfuyEe/EDQhj
yPoWONkamtjCYzFbCRhNm9zXsPTDLZrqQ4j6DZ662dI/At/Zuruzd5e22eYRN+4QXRBQPbyWNEwZ
emDmPG3TKklFFg+eDs+7Y0sNJOjdnEM1W+2O+AWxXL4RNwdZyodxawv7zF7RPyBuioq9FmXh+47z
aIKReDu0QUDEqI8/YMVjdLsSza94Ris85vVmlG23sGlom/QL36YQWP7ZQp376dH4lisHQU/BZ6wa
z5bxCggHzU52X7snfETLLfQxyAkpmQ6o7e14GJmwPQyjnON2/hYS8QxIg7lDWJlfxmUDMXEEVWf1
toC2yobXMW9G95M0a8QI8TJfDy9XEHCH12lUFtdDwM81aaS/zkP5MHQEK6umf1SHeqsbjgzFw0Hr
aCyHdyLJBJ3qGEJrkmg9BsVYfwwg52evR8tv6o9ZgYupb6y/1ZRXooA6aiSC21vFNZKLIWfD80w9
TMXLT+lahlSfSttPYKPD6XB5m4+lXiJ5hqaZum74ADg7ejtiPS4vibQpEEDpWGElWGldjwaep/k6
Ez+cjnieUACXlZBPSkbAmyqd6B86XxyJEu4ejZ6tJra3aosrepJvkJDkM5V0GaYFx20gaPyMhYOS
wANtcagGISrI5uumVABDCisGRUuz1FSW2sbMy+1ag/t4DDQtknJkt/EdlacjKyFRmkNQJcA90A+X
rbTFDv+/wN3Y27MIapmB8NG7V2u1Lq5Iz3ezYQs0dHd0ZV6L7RsVIE9pP/S8dGfP0GwLxFZfQp3T
xyVMO2VUAlbLc2CNFP3biR3b1g3b1F2TW76nG17k2lpkesLV/UT3PU/jsYWW1XZ5NC3i8qZmby5Y
fwLBmnt1WjAdtMqIBqa7rmOyp91gebyDGZruPGMHp0cObtnj+wwDoX0S5ElWby+r9WWJyvlw8ubN
BVooXtxQzoQgtS5rUV2CliteqWaZxyvgsBK7GDrmMEadwMUaxdhPIiNxHd/1E41bFrcTO4wMboSO
psWa6xiJ0IQLfKMcqzS62lXRUlv4C3M/4rYb616iGV7iWYnruqGhO14U676uh1oshGFaJhcUCoFX
CEOQkCDAZiGPrubXUALE8uQBSPKqKG+KffWJZresyroWu8Ayrws8OHdtYBLeFyKxPM/39dg2he0J
R4t827ZCzQ91ECYQFXLf8NElIGBXoha8ilbEf85l7bpzTd6274VhpBk690QcGsLiruBG4oFyE+6L
yI8jYSRR6MUjL9kNRVzB1Rxo5yRJZ6H9rQOCXL2FDlT6XmTruu0B1jC2Pe7bvueYrhUbcQLEWpED
cuba/ai3hkm2cBe9prvCdiOQO3ctXffCKAy5a5qGcAUI1xdO5OmOb07QU8zYOjgIdN/mkSsE93We
hDz24ghMPrEjYVqRcAzfjW3hwG0+xnSvErFQMPcdy/VcC4zKccKIg0xtz7MNyxCeHRlmZNgCJGPT
CYr7D/Mp0rR9yxfc1EzfN0USJ6HpR7GpGcLQbSe2NUDtGZoP9jnBVGblFgdYBdLvxK6TGMI0Y8fT
zcj0Y8OPDCOynAgkqccTauiAPTRPcabIARXvxxyWtrhmmZYXgoULz9B9ESYQK5JEB548P4q8KTnQ
RUNF0RkLmrC5b8VaqHl6onPXtzRXaJ7rO57grsN5YppaHALJRmhPMS2JFnICJ/J1I9ISX7NtUHVs
mLrmiciIddcPfSexwMKA0jsY5oOUI1E5euKCGL0oMUFhkWEJS4DfGzyKBUhL4zq4gRlNnKAPBBBn
9zmPItO1fW5rHnf8OAEfjCz4cF2Nh2CWkR35VpiMURRh0+WmfVNosS8SJ3QiOwktW4Cn2Fw3IIM7
wrUdUw9NcHwxxjAo96mQopi//wUBfICr4leytIBQSzpyfc8GoxGRZjqW4TgYDczQdMDjAGgLOxau
b7j3YZmn66iraPZ9w+COZYHPR07kxpxzG//3TEMH1esislzT42Ii37ooy0+iy/j7Ggdfh9Dsenpk
6T7XE8cS4F4WhBbTxgBs+8LwQ0y0PK/FBt1gW9FBrAchR/DHtYQA6RoelEchOJKlhbau2Y4QXmyG
oeNEGt8iads0VnI1IVn4YegmoW16nuPrSYwvIkaxZcVRaMUOzI4SA7SO01dtXnPezb8b3etNnpTF
BjSYbaDAyOZdMX0NpKJVmhpEDd0zItAfD3XXjsFpTCsOtQSM2/E939PQuO7DBSnD0wa4bDd0dQM8
TsRx6LsRJDbuQWgyjcizhGa6nm/EhvB/C5c+xBULK+RGbKH0Ej+MNaH7ocHB5yAQmzZEF8gcXiKb
lbz8BD3SLoQ2Uamsi3nH8R0LqIhcT7M8CCmeZYARCA10HOuQvoBJ3ROGPUKyBo+bY+xW/TkEJN/0
E1fE4LMRmEQY+hEmXTsKNTv2IN76lq+5gIZ6pd62FhsqV58wbLZZhIcclm3F6Ug3FnssKSs2qq6C
4gm7WEEmZbVo8FhVzXglWLMSrCxEDV94wyJeFGXDQsHSIspaCB7whcnTnAtIaJB5aZcccJ2XOcxM
EMEUZ80TPBAMd6oaUbIQotUV25RtpXCxNGE5dCHQ8eMKUNzgu0TZBhFD796j24VSl7dZU7Obsvi6
YZj7ecWgiy0heKWYwTZIIVRrteT7ZiUK1q6XFY8BwSIogqJDthcUjD35sBJIGGtKhqfrGaBQJ2Nr
KvxqLK1jeZtIlcGfgTwz0ZC8cJstEkzmFoTkiBkkHol5xrE4Xoo9RvUp3qhXbQPVYjFX74DtsWBH
FY6D11ZMdrWSL1akw9c18PWKTL3C8z/BDrFwkGXlDcvSGtliapOEXaec/bMV1QbHfMQv3f7JHp0j
p6nH1NWrOQwYYFhYMlAtSA+xhRumZI7j5SbAvL894OrJB3AtMB1QAI9jBjWa1BPKHzRzxXLB8Uw9
1qoMtBMKJBqkKD62PEP5LtNrGAvFRyvYU7UolNLPELtcUcwrsYZWeA76wbPPe3Cb1n7T5iGID8zv
oN4U0QWvr8BCqiswuAUNeF+DDtEHOk5x2Koqi7IFNcPwesZo14rJpgQdZ8aw/AZGsPsg2YDjIixv
CzA1HCKRn5MdAE9gjlV5m4IpChADsEQmXvTEoWwVQScJGjWOQeOdsbT5GsTXVDQtFribRbY1mcye
Ag8tOJhBYiE25orTPUI1NWpOxlG1RYHqjLGhLNekBOpg6gUe0VffWZ4uV+D1eCxjNvRSZTgokapq
142ESoGhYHJ8b1vyRcoF76WuJJaew6/LNAay76cAbQRtDlqDFKxrMTA0GDyXg3pLC4pcwHIb6b3f
ZmUI1oP7T0zCwQ/ytMEgkIslD2njm51LUWsk3LSm86Q4/QK1dpOS5MmiwLtv5hJRZ2Q1cYiHxuAL
o3dbEA29a6eWlEYO2mrRn9myBEWV6M9oFbjQksicE2l7TEMuYHWK1bJ0+6/nADf0fo/+Fa/iP0d/
3ZRrIkHF2Z4kha5mED7WmHbjniBctaNK1wxLEUZB4AN5haKv/voRKCS/IJIwYrCohSxVQJZi4lZE
LQXfUpIsPRKzWj9a3EZCxPWWIxm43l4c77GLVyfn7PXJ6ckFOzg7e31yfM7Ojt+xD2/ffXf8bsZg
ELt4C6OO2YdXb18fs7N3bw+Pz88X0xAwkodhO0ocZ6JKS8rcGIhrZJBeYeuk0QdbHWQPtUNMsYWG
zCEUChlmCRW+aJcWEKDBmpDf3zI2aWQ3K0zBIBMMQXIYYZZIIPRuA7nMSLTGW8whWBDQhMXd0WgL
ajsa1LYWEdYNUrJIrtSrnNvzAOYl1vWWVVNTvNbP7idJcW4qzpe8CsEz5tsSnALQ/dIlV0Ny1Cym
ZkHsznnRUpUypAQquBZs8NmsywlTI+zMUKbXBHqVRvKbb11wwd7KmC8NHsqMss3inpYUkshNwbb0
1xLxmsgHRh1NU7zCai8pWNxJkmQ6EkPPW1KVeZds5Ww1Yj40zaGGkRulyTu2we4xqZF1nHeVJaqs
Kuldmc6Q4zZfyzJM1npM3ZjjjU5fRzhITSDaicyOA7iCNA/Ozu8RMCRtSHywwjUYWV23AgNDswKt
LbuyFIMWrralatYpUtYIqvpcSGpw6G/KKee3c9q+rTvaD/kaoWne5pBjIb1WiLzhBZSfoEim3sEk
KrZyRX9RoiSPuWtjUJWvFUW04BzL5RaSrtVr7KiUt6Y2LV8a7fDLwZ0LSVxq4JAzqhzmtD3c83YE
pFCtAuUjSg+okwWGxLLm2LwwOUdyuOUOpil5Sn66lXHwttpFAWbYLyi8v4/q9+wwKArRoML2VIqA
0mxVZrLEDPHQE1XiRDJUTWBCKslQbJMtkrorU0so+mJTprcnQy11tzCsVpsGkc/YXB8okJRHC8+b
jhiVAihqb+tY+Y58i/UwcY5NDxX6OBmAiqwFewW1IL3Pi8UdOzx7P2N4ig0GFvFNGoPZU60go2eP
f07495jTld3birwm6QzGLthBDIFqxbNkF3pO2SbEAmxYLQWLMtw/RAMbOOI27Q2QDVuR41uMalhi
8mzBkIj3Z8VZV2xvO0XsJZAofNqPE9t1sZ6r60l3c6q8rk4/iV6fWJZ3aqwx4amSCcp2aR6D1Gr5
hpz0bMHO1JyMV0uawFXLqmyBVkwqvkQWQCcgtnqdUcWCfWgOxKOz8wr1dJilMEo21vg6pagbdnrx
niitgSVkO2wbho08qXK7nGwuFl2syZt2jrP2iNphfygKeu5Evp4w3EGI8GWsnk1olJMkjRaMstSK
YxHA0hxk06DuQBv061gQpmZECyjtmoheoSQg6lIghhTNKZzXUqWylICxjbJR5ETIjQQV6lQ3dfSW
iqSjk/ODF1AfUT3VFmRDGLBbjJT0yFQWCSkao/r1knjYb2z53Pp6LMJ2udc1bd8wHZs1VbKuIFzR
faZ6+VruPqA3F3Upk7fyCB2RSaoltsNVWda0Q9H1aqLrximK4/Yyq/l1ly3gKx6BwHu09Txo44Ew
/D6TRZvavPm5TAu5IUCS+pr9EJa36PkVOzliT394f3L0DPQObg80wPgbUBsqJoV0D86BPVwVK/nI
8gO8odzqrgBv/+HF6w6/6u8GkK9pMXyeRoUDqVeVIsRb2W0lqTR6C/TN8UTC8zJJaFm4lyab+W2b
xluFkDzn412cC9qGka4mf4hNyoAivfKrtlbbQREEkUaGWTVnLufsMfXAFZeRKUSFR7UK5kBeLPse
pcBp2TQVz7pR16m4mfcJ+r6dMyncg7xsMXokMtepYAIi60SLuR2jI22FgPrxOyVnmPyOUvVgMjFe
CNl6h0IiC0WCvk9vE5MrrTo7I9NC8DjpS/ZxoZ59iIGMT0kFXiLKWkxAPr2PSu1+MnkFmGLGO3MH
YrvJ+NlTY052eEI6wwjSrNNY5gzkh4NOweDqNhxKYYlJFEaIWKZOuuhTG201KePgUSQyQZ2CNG9a
NUuvYAnskykSZRxYX9I7mDKOwRKcrSS2QZAD768bmZKJ2DlKoyNtvhWNZO3kqB7whWEaNS+xMfmA
tWdTbTl1ZQ7NGSkJ8M2ZwZ4AmXg+slfkdlur1+XirjJV8LrhKXWzkEyg1ZNWtC7Xbda5jbrAfE9j
VNowDVyQ2iDkklbCjIuRC0oC1WAgRG3k7alSB/cdqbmWYFkpKMvCd+H7CB1vgx565hx/X2oC6gPD
GKxOHgxyOsSDuTxc1Y9cgd72JCmLdZ6vF2lJFEOo2+TYHIIrN7jPGtVb0jFNqftse59YoDDHl8tK
LNWWotp/lNss+IsoV1P+iD6INW+P3uLvI8xVUpD1AYavGyE7EA5OfkMr1kT4lgGCLQZPByBP95Jv
13iGSSrnjlBBofK+MiaohPCEAeWyQb45xE18MdzLm0FyWK84uIXAyF4hDV1dChkjERX0HnOMiwUm
Q3m3y10yc/DR3qA69TFIti3U4FDbUGztQphCSFqW97s17mhV8jVUa5Pm2wyisjEixfFo9ZgwUIsY
xnFB2vRUk7oN7sV2AXVnuEInud/P9yqZSE1KDxjsJSkcgL5R8ux2jVYKKENc1XcSKjrgJjw0azGV
QWnSI8KH6W0lH81gtOm2UmTkBXwqOnX5luPxQtWnQWnN8bCUusICCGhUutrrlCbvgY3int4e+5Eq
FyhaZ7TJ9xMilYm5T97DR0bEBlbSFQV43EbpfgiC9kfuy6MUn6l9rKljoPYb36JaZ0IVAUPy5boE
l4b+pBboBpZmyct+ReBJHjm+RIrki140AvsOgdtsf1fnOGa2fwvsFWJm3sZp1cwoAv9dlX3ywctw
B0N6NGY9kLPaYOStMsEMNBdtmPyFmLbqgnDXtlX9IxuKMIAHclNEz87qTmjz7nEP2IOs8Z+8pNBC
S9H4ERIqkhXkcgCZU7E5qAJL2QjIny9SHW90hT1TTd0dRLowhW5lI6s6Gof8AinQj8m0If1Gckn4
oUyq+tiMD22nGsanm2dbfR/SI056xhdACQOUteylCJlhMd3e08w93WQfTl4w/Dk/HNA9h3suINzC
dV428fPztrpOoQpAgFxwjs73XPd105gArx0CmwhW3UK6BiBYO0BuVmkj5vgI7rlG6KGdUsXbc5sg
S46bCbGQ9+XDwR4G9S5CcfsWH/N01+vrtcIfp9hfgUFvnhNhvX326e45cUmlMVbczyP5A2s+7sDK
bxzMNN+OQosfTMJn9c+Pjl8evH99MeCRHhwqIih9oC+r61F5+9xD0KCEpyE7v/4/Khivyg==
===END CRASH DUMP===
