PocketMine-MP Crash Dump Fri Dec 3 15:36:04 WIB 2021

Error: Can't use method return value in write context
File: plugins/FarmingCrystal/src/hachkingtohach1/FarmingCrystal/FarmingCrystal
Line: 65
Type: E_COMPILE_ERROR

THIS CRASH WAS CAUSED BY A PLUGIN

Code:
[56] 			if(!$this->getServer()->isLevelGenerated($data["WORLD"])) {
[57]                 return;
[58] 			}
[59] 			if(!$this->getServer()->isLevelLoaded($data["WORLD"])) {
[60]                 $this->getServer()->loadLevel($data["WORLD"]);
[61] 				return;
[62] 			}
[63] 			$entity->getLevel()->setBlockIdAt($data["X"], $data["Y"], $data["Z"], $data["ID"]);
[64]             $entity->getLevel()->setBlockDataAt($data["X"], $data["Y"], $data["Z"], $data["META"]);
[65] 			unset($this->getConfig()->remove($case));
[66] 		}
[67] 	}	
[68] 	
[69] 	public function getSkin(string $fileName) :?Skin{
[70]         $path = $this->getDataFolder()."skins".DIRECTORY_SEPARATOR.$fileName.".png";
[71]         if(!is_file($path)){
[72]             return null;
[73]         }
[74]         $img = @imagecreatefrompng($path);
[75]         $bytes = '';

Backtrace:

PocketMine-MP version: 3.26.1 [Protocol 475]
Git commit: 6b7d0307afb36a7faca2dd65734e15000baf17ba
uname -a: Windows NT DESKTOP-BVRHES0 10.0 build 19042 (Windows 10) AMD64
PHP Version: 8.0.13
Zend version: 4.0.13
OS: WINNT, win
Composer libraries: 
- adhocore/json-comment 1.1.2@fc2f76979f0a44a5f5bc2a2b600d0762fe0e78e7
- daverandom/callback-validator unknown@unknown
- pocketmine/binaryutils 0.1.13@0abee38d4e2861621f262c79a2a3d699d8a697f4
- pocketmine/callback-validator 1.0.3@64787469766bcaa7e5885242e85c23c25e8c55a2
- pocketmine/classloader 0.1.3@3c484a27787f7732ce842ed694928a29ba340961
- pocketmine/log 0.2.1@830b44a2cf96ef703c550abe64302f230231ca49
- pocketmine/log-pthreads 0.1.4@01620c3628cdaa6b4a21122cff4c5d2f70b5c1d3
- pocketmine/math 0.2.6@43057cb8c179a9859677b496a788db922fd5cfc3
- pocketmine/nbt 0.2.18@9f82ca4d7f97fcd9a566e44b63c4f18a7657ae82
- pocketmine/pocketmine-mp 3.26.1@6b7d0307afb36a7faca2dd65734e15000baf17ba
- pocketmine/raklib 0.12.12@5abe22043352e94099e4edfcef5fb3644578ddc1
- pocketmine/snooze 0.1.6@92abf1e988c71635d466abb777f61f89e5a9c990
- pocketmine/spl 0.4.2@6b08b7cf8c4afa17139c9a1b3bf1b408531de161

Loaded plugins:
Alerts 1.0.0 by hachkingtohach1 for API(s) 3.0.0, 3.14.0, 3.14.1, 3.14.2, 3.19.3
CoinsAPI 1.0 by hachkingtohach1 for API(s) 3.0.0, 3.14.0, 3.14.1, 3.14.2, 3.19.0
CraftBook 1.0.0 by hachkingtohach1 for API(s) 3.19.3
DevTools 1.14.2 by PocketMine Team for API(s) 3.13.0
EconomyAPI 3.0.0-SNAPSHOT by onebone for API(s) 3.9.0
EnderSword 2.9 by hachkingtohach1 for API(s) 3.19.3
FormAPI 1.3.0 by jojoe77777 for API(s) 3.2.0
GiveItems 1.0.1 by hachkingtohach1 for API(s) 3.14.0
InvCrashFix 0.0.1 by  for API(s) 3.14.0
MaxEnchants 1.2.1 by Xenophilicy for API(s) 3.0.0
MinePos 1.3.5 by hachkingtohach1 for API(s) 3.0.0, 3.14.0, 3.14.1, 3.14.2, 3.19.3
MirrorNc 1.0.0 by hachkingtohach1 for API(s) 3.0.0, 3.14.0, 3.14.1, 3.14.2, 3.19.3
MyItem 1.4.5 by hachkingtohach1 for API(s) 3.19.3
NoDeathScreen 1 by SilencedTick880 for API(s) 3.17.2
PureEntitiesXDraz 0.6.7_DEV by milk0417, RevivalPMMP for API(s) 3.12.0
ScoreBoard 1.0 by hachkingtohach1 for API(s) 3.0.0, 3.14.0, 3.14.1, 3.14.2, 3.19.0
SkyBlock 3.0.0 by GiantQuartz for API(s) 3.0.0
Slapper 1.6.1 by jojoe77777 for API(s) 3.19.0
TrumThe 1.0.0 by hachkingtohach1 for API(s) 3.19.3

----------------------REPORT THE DATA BELOW THIS LINE-----------------------

===BEGIN CRASH DUMP===
eNrVO4tu20a2vzJXCZB4Icok9VbhXju20xprx1pL2WS3KowhOZRY81UOaVkp8u/3nDPDl+xm08bA
7WaxNTmP837OUL91/CSLeH57LzIZJHFnNuh28iASnZk16k+GtjkcDXpD0xqbw26nSNXUqDe1Tduc
TiaD0aA/HMKUyLIk68x+6+S7FFZ0zm9Pr6/mF5fnt+c3N9c3nW4nElLyNc6d8vhVzgopWCTyTeKx
TORFFrN7HhaCBTHbZkEumJvEuXjIYasfhLgvDYt1EMvDtzyLgnh9mu1kzsNDmbmHG+5u7mAsT/DJ
2l/SfgWIYRAjH8PPXQ31Nojvk/BeRCLOAZUXZMJF1G7iCWRrOILRVY7/C/zX//My3wTS+H4t8oXI
QHavD4zvA3kp7kX4g4hFxnPhvX7p8Zz/tOp8uL65PFt1fj44YL8ByOEYQLG9f0oE3+H0pML0GV+n
X4v4MuHe72MdmU9gfQpaCGAI3mNISN7IquhZ5TXVI7tF9ahfvb4EiQb5jrAouIBEivxNmLh3F95J
XuH5CDi6rHz7V+vt3623i5qcwR5bX0R3Btv/FMKr8+VJhXJY8VbEAPl1LcXTJPaDNWLMRJTci9cv
XS7FgdpWWhDJZ0wvn1doYyOlcXxSyk4LJwxc5hexm4NTMtQPWPdrmWdgxewl+sM7HokDNvtfnED9
jpv6fZnyfMOOGvpFzt8moYc67q06EnbJVad3dnFzfrq8vvnX7eJ8fnJzAo+9Cjys66XxetVB8sdW
Az5aYiBvceFrwnVwQDTYe8rQjh0XYUgw+o15FMO4qb2XQbQGmo+DCMKEmwnwIT9LIqBA4yAQw+YO
Z5cLCXtevfquA66cZ9wFb/3p525nTV4YouvGHGNWZw76F/kVOL5xNQdIDmimDnudfs8e9SwcL4LQ
68xss291O8CkJ+47M5+HUkCsyJI8cRMAOxhD0FsHGCtGztgz++aY+05/xMc+d7nteaPhuD8Q1tA0
TYf71tjhALvQtHwIYi/ZSvZuyc7OF39fXs+NN/+8+fF8YTLL7JmMaGDW1BzY7HW52DIP2MnVGVg8
ELJJAcykZ/asPrx+EjGQ3BmU7zB9m0hEdPHu3RIG6GUbxBTRojSRIrsNAyfjWSAkCol7G2AsE4e/
yCQ2YI0OhFbP6tnHvmv749F0PPVNPhjwoT90XJvbzsg0PXM8sn1hivFEjAG8x0GmHCiODl0ehg53
7wwI7AE4EiYIEMFdnGzjY/0XiSXFQHwWh04Q82xX5EGI9AIzwM6xyR0h+hNvIOzJyBrZlm+PbHc8
5Tbve6Pp1JtwIM0ftEE9idwCAfWPR4PxZDyAPaOR43I+FsMJZLqBLSZD1+679lBM3OGQ23sAQy4l
BkeRadr6x313MBlwewzw/PG4b7tiAmCAqMHUnnB76vD+wJyOrDakMFkTBLtnHU/6pgMStV1/OhL+
2OwDZmQY8qpp+zb8p2+5fDB9BMFI8w34iFcKanBsgmxMtz+yJ67H+cgBqJZlA2R/4A49UKDpDF3L
67dBQfLfaGpGx4B0OHadiWuBeKeT4XQ0HjuDKVj1ZOI5U9v2vaHru3sgYicv+ZkcT/2JDQR7Yx90
4npTPhyNxGDgjEBWvjXhY3AMLiZ7wq0fjSitvPH4D7hWA1jG78C2lVyAJvt4CAK1bXPQ7w9tMQWN
TMVAeL4r/CECHgyG44nnuXtqknGSfBJavKPjqc0d3xJQ9LhjqI2G3mA04o4zHo/9keVPpmLIp+50
au4BSUOCMAAvGjnmxBm7/sQdcJ9bY6sPG7jl9AGuMzAnw77lCQus5XNVlpBvnoQiy2UjlOmBbqcO
X2jZiJoXUFFlsPinzl5NBOmsw9MAZ/p6cb9nDeoHq3yw1cO018c9IuZOKLwqBnoihWgjVZiViZ+f
NQciHiA5e7hXK0Vy+RcrMPAkjMrXiyXVFzC0FY6Ewg+353kqZ4eHW567G7kJ8t5WCCfc9SAwHWKk
P01ANifzi4ZQqqE9sTy3UMznE0pJcv307YLJuJ+/SZK7pmSqsW+wmOc1h4qkxuPX8A6sQz4OQjfb
9SQm/14s8kOPy42T8MwjEZyJ+2WShE2HqYbaAtBqbUigLhLYUvCoLYH+nu7zrPhaAZQErFYNUjS3
i+XJzfL9/Ek9Q4WxKRzSbk3aYQUDuD2HNimJdm1faAw2OSYTNxbvTuaLH6+Xbc6TWDjw/xbH32Ls
Gt5qJRQtAHS1atH1RWUTazHk2sU2ybwma/VgkzW7N/3/suWaoubzc1nzW+jP28otR9q23N935l+S
XxIxxn8t3u1v0GkNcrXSVFQPX6PQH4J7cZGLqOma9dh+cLL+gEIHzxmW10BSgCStVlecaub/yNlF
fA9xTG7eBg8N3pqjTe7MR9w9GzNR8SuQtVoF8b2LqP3gYbW6VFXrV/BxxR/OY3fD41a90Rxta8ne
19JHESfpJoD2dfcot/5ZnhowUSMVLa2Xr+IOguc8aXGmR/Z9afgXLqU0zdXDN9cMVwEe3r1zW3LR
Q/9NNWZJdP307aLZYWxqCkYNtMUy+CP28sw8Ez3l3+dKOu+SMwF94cLNhIgb3LfHW0JoC2ARhCJ2
hbcM3LvJxGwLYAza/7MC2AP89RF6XmTiHI8GAyE/nmX8U/No6NFcO1qPeuPbs/N/tlmMgvDOHFh4
5nED8rzn4fzqat7m9FuSbaaAplGUrlZpgRJXFK5WTXr/cB3ZIPawxThKaYFnQG/QDhriaQz+9/RW
NdHN528OCIu7HZ0kN8VTDj0qtdvi+SGAPPWPgmf5p2dLjVmSRBZUYyUN9dN/4jTfBnkuMmKsSRny
GPI0FVmTRT3SVv9oP/n/Tsn5TYqVCvXXOfoT5l7TdFhyASwusyJabkSDxXLkL9Mia4Kqh+eJ7Xiy
xDNgGXS/1/EaV/NeuuEZsiDpOqiXZgkIjMLMrPNiXr0xddHB8AJgla3iF4siZtduzvrMGs2G/ZnV
Zx8u3jDbtC2cD3m8LvhaHIl4je9RkntHLcxMXUDhpMJtpEmWH1lTq2/j4BZ8URhhIPOjxPcJBn8w
0pDvgI8j28SRNbAVJZ44ojc/yVxhVGN6F/DnYTQo39P79CiJ8ckLfD9wizDfHRFGdYOQJ5khRZ6D
ZuQRsYJ3SgYazZG82znkdNWwFMJrrMK70KOz87cn7y+XOKoMw/i1ENlOYwXTSgzJ74V+vw/E1vCA
TQ5Z7miCQw9O8mCgCZZb4jgpYFZzb4C5BELdXEq9RKZ8Gxt4WyHoBunIGjXwZ9CFl/zjcy/lUmLP
evQ3+rdqn8r3dhGeYb5g6IF4KwuaL0AyeDOFBsBA0qylTDAIBhYrBStFx3gmWL4RLInBevINz5mL
fOTMwRtfNyw84eHV7yPDQ1iLJIKdPgLYhym5L7osgZlMIkjmZILfsV1SZBoWC3wGFhD4AWEA5ePV
brhDwO/EtgIHnuNzUL9k2wTvpzFW8IyhgiJgFu8TdkghXqkpvrcbEbMiXWfcAwC9VYy2q4DNVjFj
Lz5sBBLG8gSwxB4DEEzd4YEMMh5DbMuBKJomUsGaOAAGeYYiJ3mhO7uCQYvjhSTBCCEr2y69asYo
0OCE3BS5l4Du9W37jK06yrOYGyZSeKsOUXYShsmWoTvhhaI+a2b3AWf/QOPENWSlhp6aMTzsoq3n
ZER6DwO6GPoTA42BUBCas2NalLhe21w13SD2xYcABJLEIFfu4VcAUokfxQoCv2OR4BIqFLRsBkJ3
BBINwhG/FjxEsWGnXn438FojhaBzgNAVRrB2gZHEALGv1yKbwTThfldEDkgFrOpE7mJ3yeUdKD67
Azvq0YL3IC0y7ZJTXLbJEnA+0B4sl13cEHpMRwrwhy7D2zVgBBMIyQbiM45FRQwWhEsU8AWpF3gC
K8uShwAsTIAYgCWy3LgiDmWrCbrw0VZxDdpklwX5KxBfntE2T6Crk8nsbWavgQf82MImsRAbhuZ0
RqD2bZWTcWRFHKM6PQxlSUpKoHtJ2WNn4l4/syhYb8CZ8ayh23Q+bTgokSwr0lyNKoGhYCKgTfNF
ygWnpEtHTzkEv08CD8h+mgK0EbS5BAQN1tVrGBosNtSiytIgV0AOyHbKKX8IEwesB/MwU+PgB1GQ
o29HYs3pTrnHFkrUJgk3kAibti9Ra9uAJE8WBU67NRSg0sgkcegHQCJEJKA+Jlg+1PAlSmXkoK0C
3ZStE1BUgm6KVoGI1kSmQaTNmIlcAHYKweri7y/PARY2X6IfU/G30S/zJCUSdPisSNLgJIPwgckN
4l5JEGItqbJMe6AJoyDwgbxC0ydfPQOF5BdEEkYM5haQfGJIPkw8CLeg4JsokpVHYrKqVosHF+oJ
WXOkAtf18nzGlj9eLNjlxdXFkp3M55cX5ws2P79hUBb+/fymy2ARW17DqnP24cfry3M2v7k+PV8s
evshoCUPezjS4piLLEgoIWMglsiguxEUkkkaVbC1QPZQEngUW2iJgR8/qTBLoKBUBD4hQIM1Ib+/
Z2zKyKDOwwQY4zKNjCArIBB660CuMhLhuMYcgnmeNvQer0Zb0GU5qC0VLpYDSrJIrtKr2lvxAOYl
Ulmz2jc1r/LgaZI0533N+ZpnDniG4SZhqMowCkBPS5dcDcnRu5jeBbE74nFBxUeTEijMCrDBg26Z
E/aNsDRDlV59H2ApfqPaBXvsWsV8ZfBQPSRF6FW0BJBEtjGr6ZcKcErkA6Mj09S8Ara3FCweJUky
HQWh4g0/6ymTrdqtVxhN02xqGLnRmnxkG+wJk2pZx6IsGFFlGWBCM9SG7BVRqqorVcIxPWHgRKmv
M1ykNxDtRGbJAbxBmgdn508IGJI2JD7AcA9GJmUhMDDkG9Dauqw2MWghtpqqbqlIVSPoorKnqMGl
vysnbIrcTRHfyZL2U57iaBAVEeRYvJ5iZXuBimSqiVBU1HJFf9GiJI95bGNQbKeaIkJoYBVcQNId
VBo7S9TUvk1jbYRRT8FXi0sXUrD0wiZnVDkYLjQ7ouLtDEihWgXKR5QeUKcKDAUl5diTMLVHcVhz
B9u0PBU/JWZcXFe7KMAQ2wAN98ugvmSHqxhacVTYTKcIKM02SahKTAePm6gSJ5KhagIT0kmGYpvq
fPSsSi2OqIpNld5eNLVUTmFYzXY5Au8yw2ookJRHiI28JEanAIradR1LzSyWkJ7iHHsZKvRxMwxq
snrsR6gFwZaOqLhjp/P3XdgLNDjgX9vAA7OnWkFFzwq+QfBnbFSW3XVFLkk6jbU9duJBoNrw0D+E
VlK1CZ4AG9aoACnDYxI0sIYj1mmvAazZipw/YFTDEpOHPYZEvJ/H87LYrhtA7CWQqC0eLMLGIo1T
Q7/vdTdX2utk8ElU+sSyvFSjxISnSyYo25V5NFLrYGqrTQc9Ntd7Qp6taQPXnai2BcLoZ3yNLIBO
QGwyDaliwfYyAuLR2XmGejoNAzwsoH45g2ZKyJxdLd8TpRJYQradImfYn5Mqa3SqueiVsSbKCwN3
zYjaZn8oYjfbpcrXfYYHAy5+6FGxCf0vnrf0GGWpDccigAURyCZH3YE26Mt0CFNdogWUdk9Eb1AS
EHUpEEOK5hTOpVKpKiVgba5tFDkR6nxAhzrdTZ1dU5F0drE4eQP1EdVTRUw2hAG7wEiJYdJTRUKA
xqi/Efea/UbNZ+3rnnCK9axs2r5nFjZrumTdQLiieaZbdKkOFeh7d5mo5K09wkJgimoF7XSTQBOP
Xlj2aqLsximK49fKTPL7MlvgwVJ5TIRzjTYeCKPvV1TRps9kfkmCWB0IkKResY9O8oCen7GLM/b6
4/uLswPQO7g90ADrt6A2VEwA6R6cA3u4zNPyUeUHeENS6y4Gb//45rKEr/u7xsgrQoana1Q4kHp1
KUK8JeUJkU6jjbMx3ye0MBf4O+OhCLxaIeXpXPNwZkmnK8rV1I8glAxorfarQupTHvU5Mnm83mOo
PTO13nMQjUohOjxqLJgDebyuepQYt4X7qbhbrmqd/z15IKaEexIlBUYPX+U6HUxAZKVoMbdjdKSj
EFA/PlNyhs03lKobm4nxWKjW2xEKmCN89H06SyRX2pR2RqZFR4ytpK/YR0QV+xADGd8nFXhxKWsx
Afn0KSrNp8nkGUDyGC/NHYgtN+Pfipr+3gkPndKin8nAUzkD+eGgUzA4WThNKawxicIK4anUSS9V
aqOjJm0c3HVFSD/1UL0LlbIvwuAOUGCfTJEo5MD6Oku2+UbFMUDB2UZBawQ58H6Zq5RMxBoojZI0
oxaNYu3iTDb4wjCNmlfQmPr6umJTHzmVZQ7taSkJ4BnMZi+ATGiVa0XWx1qVLnuPlamD15YH1M1C
MoFWT1lRmqRFWLqNfsF8T2t02ujbiJDaIOSSMGHGxcgFJYFuMOiUXB3kzXSpg+eO1FyrYVUpaMsC
QuoI7dVBDz3TwF/07A1VgaE9nG6gJveTRk6HeGCoO6Zq5Qb0NlOk9PCuthckRDGEul2EzSG4co7n
rK6sScc0pedZPU8sUJjj63Um1vpIUZ8/qmMW/InD3T5/RB/Emuuz6xnIw9BJQdUHGL62QnUgHJx8
SxglEV4zQGO9xqE/5OlK8kUKVGnlPBIqKFTNa2OCSgh/QEC5rJFvTvFsXjTP8rqQHNINB7cQGNkz
pKGsSyFj+CKD3sPAuBhjMlSzZe5SmYO3zgb1xV0j2RZQg0NtQ7G1DGEaIGlZzZc4HmlV8dVUax5E
dQbR2RiB4nq0ekwYqEUM44iQDj31pvKAu1cj0DNNDKXkvpzvdTJRmlQe0DhL0jAAfK7lWZ4abfSg
CnFZ1Uno6ICH8NCseVQGBX4FCPoxYETduGC0KY9SVOQFeDo6lfkWajIudZ8GpTWP0rB8wwIIaNS6
mpVKU3Ngo3imN2M/UeUCRWuXDvl+RqDUgtXJu3kTRGxgJZ1RgMdjlPL2js5HnsqjFJ+pfZTUMVD7
DfoJgFZdBDTJV3iJBvXI8LIPc5XKqTXGGXt7ebJUg9hqCDxZ+84RHgSnu+5w+gAcxaLbf/CCLO9S
0P1OV3rqrqV5aKGcGBMdiFafKfJCW10IynJ3eKVUuHmRlXG37NSy6paGggrAgXTk0i2YLOVklDc8
YAKqrH/xlqIJoaL1LSBUF+uR28aIQfVlo/BLVO0vHiC2Sd3kunfYJklq6CC4OQE0KDtVyNE65BdI
gRZMZQrlKopLgg+VUVaF4063Ix6gzqe6H2/yT6Fcaf4qynH1j1uqEbxdiz2etcaS6NZLcoh3rVH9
O9Z6oMjC5jtGhua7H4S5aAFeR63faEGL06IlAOe6bw7gL6+a75Gj7gpbY+Do+qMkiz6boRaFPtep
F6VuWw43wtfHLs1RSbFetoegfoqaI4v5ZQv9Tv4a0k/N9BOrpvLkTsSQ0lsieHjQXNNPuWBgx+ku
2dYfjn4KUvUh/pS+oPukfrZTbYfXh6gt9QTJs02zb1k2fvE9P7tuse4lt0Ta/iAMBW2FQRyIpWwt
XATo6R+vWjzvUQCveKCwx2cU0m+WW4ONH2gN9Ick882e7WENRT93s0lIfZJKsFa/g1O/g+qNUBKq
ydCLEBR1nYkesJWwoDUJlVmivNu/RLqtcTXm8YYUa5yW3XqPVB60rIRE2W8OQeNXUBhfF8oWS/j/
xjrtek7nZvWGz5//DxSJvI4=
===END CRASH DUMP===
