PocketMine-MP Crash Dump Fri Feb 11 20:48:27 WIB 2022

Error: pocketmine\world\World::setBlockAt(): Argument #4 ($block) must be of type pocketmine\block\Block, int given, called in C:\Users\tranthien\Desktop\FoxCraft\plugins\Dungeon\src\hachkingtohach1\Dungeon\Dungeon.php on line 421
File: pmsrc/src/world/World
Line: 1615
Type: TypeError

A PLUGIN WAS INVOLVED IN THIS CRASH
BAD PLUGIN: Dungeon

Code:
[1606] 
[1607] 	/**
[1608] 	 * Sets the block at the given coordinates.
[1609] 	 *
[1610] 	 * If $update is true, it'll get the neighbour blocks (6 sides) and update them, and also update local lighting.
[1611] 	 * If you are doing big changes, you might want to set this to false, then update manually.
[1612] 	 *
[1613] 	 * @throws \InvalidArgumentException if the position is out of the world bounds
[1614] 	 */
[1615] 	public function setBlockAt(int $x, int $y, int $z, Block $block, bool $update = true) : void{
[1616] 		if(!$this->isInWorld($x, $y, $z)){
[1617] 			throw new \InvalidArgumentException("Pos x=$x,y=$y,z=$z is outside of the world bounds");
[1618] 		}
[1619] 		$chunkX = $x >> Chunk::COORD_BIT_SIZE;
[1620] 		$chunkZ = $z >> Chunk::COORD_BIT_SIZE;
[1621] 		if($this->loadChunk($chunkX, $chunkZ) === null){ //current expected behaviour is to try to load the terrain synchronously
[1622] 			throw new WorldException("Cannot set a block in un-generated terrain");
[1623] 		}
[1624] 
[1625] 		$this->timings->setBlock->startTiming();

Backtrace:
#0 plugins/Dungeon/src/hachkingtohach1/Dungeon/Dungeon(421): pocketmine\world\World->setBlockAt(integer 358, integer 5, integer 236, integer 0)
#1 pmsrc/src/event/RegisteredListener(75): hachkingtohach1\Dungeon\Dungeon->onPlayerInteractEvent(object pocketmine\event\player\PlayerInteractEvent#211551)
#2 pmsrc/src/event/Event(62): pocketmine\event\RegisteredListener->callEvent(object pocketmine\event\player\PlayerInteractEvent#211551)
#3 pmsrc/src/world/World(1831): pocketmine\event\Event->call()
#4 pmsrc/src/player/Player(1655): pocketmine\world\World->useItemOn(object pocketmine\math\Vector3#211552, object pocketmine\item\ItemBlock#211549, integer 4, object pocketmine\math\Vector3#203251, object pocketmine\player\Player#160956, true)
#5 pmsrc/src/network/mcpe/handler/InGamePacketHandler(444): pocketmine\player\Player->interactBlock(object pocketmine\math\Vector3#211552, integer 4, object pocketmine\math\Vector3#203251)
#6 pmsrc/src/network/mcpe/handler/InGamePacketHandler(305): pocketmine\network\mcpe\handler\InGamePacketHandler->handleUseItemTransaction(object pocketmine\network\mcpe\protocol\types\inventory\UseItemTransactionData#214100)
#7 plugins/VanillaX-4.0/src/CLADevs/VanillaX/network/InGamePacketHandlerX(223): pocketmine\network\mcpe\handler\InGamePacketHandler->handleInventoryTransaction(object pocketmine\network\mcpe\protocol\InventoryTransactionPacket#213905)
#8 pmsrc/vendor/pocketmine/bedrock-protocol/src/InventoryTransactionPacket(105): CLADevs\VanillaX\network\InGamePacketHandlerX->handleInventoryTransaction(object pocketmine\network\mcpe\protocol\InventoryTransactionPacket#213905)
#9 pmsrc/src/network/mcpe/NetworkSession(395): pocketmine\network\mcpe\protocol\InventoryTransactionPacket->handle(object CLADevs\VanillaX\network\InGamePacketHandlerX#159009)
#10 pmsrc/src/network/mcpe/NetworkSession(358): pocketmine\network\mcpe\NetworkSession->handleDataPacket(object pocketmine\network\mcpe\protocol\InventoryTransactionPacket#213905, string[39] ..............Y.C...@..jC...>...>...>.*)
#11 pmsrc/src/network/mcpe/raklib/RakLibInterface(192): pocketmine\network\mcpe\NetworkSession->handleEncoded(string[53] c.a2U.c`b`x..v....aV..g.....].rf`h...8...m...-N.S#.*.)
#12 pmsrc/vendor/pocketmine/raklib-ipc/src/RakLibToUserThreadMessageReceiver(42): pocketmine\network\mcpe\raklib\RakLibInterface->onPacketReceive(integer 1, string[62] ..&qX.i......L.m..wc.e....N.@...`AMX....."*.I..V.f......0....%)
#13 pmsrc/src/network/mcpe/raklib/RakLibInterface(122): raklib\server\ipc\RakLibToUserThreadMessageReceiver->handle(object pocketmine\network\mcpe\raklib\RakLibInterface#29134)
#14 pmsrc/vendor/pocketmine/snooze/src/SleeperHandler(123): pocketmine\network\mcpe\raklib\RakLibInterface->pocketmine\network\mcpe\raklib\{closure}()
#15 pmsrc/vendor/pocketmine/snooze/src/SleeperHandler(82): pocketmine\snooze\SleeperHandler->processNotifications()
#16 pmsrc/src/Server(1660): pocketmine\snooze\SleeperHandler->sleepUntil(double 1644587307.9812)
#17 pmsrc/src/Server(1046): pocketmine\Server->tickProcessor()
#18 pmsrc/src/PocketMine(304): pocketmine\Server->__construct(object BaseClassLoader#2, object pocketmine\utils\MainLogger#3, string[36] C:\Users\tranthien\Desktop\FoxCraft\, string[44] C:\Users\tranthien\Desktop\FoxCraft\plugins\)
#19 pmsrc/src/PocketMine(327): pocketmine\server()
#20 pmsrc(11): require(string[80] phar://C:/Users/tranthien/Desktop/FoxCraft/PocketMine-MP.phar/src/PocketMine.php)

PocketMine-MP version: 4.2.0 [Protocol 486]
Git commit: 44818e6d1456dcf1f0fd3cd27da1dfecbe03c08b
uname -a: Windows NT tranthien4-8sin 10.0 build 17763 (Windows Server 2016) AMD64
PHP Version: 8.0.13
Zend version: 4.0.13
OS: WINNT, win
Composer libraries: 
- adhocore/json-comment 1.1.2@fc2f76979f0a44a5f5bc2a2b600d0762fe0e78e7
- brick/math 0.9.3@ca57d18f028f84f777b2168cd1911b0dee2343ae
- daverandom/callback-validator unknown@unknown
- fgrosse/phpasn1 v2.4.0@eef488991d53e58e60c9554b09b1201ca5ba9296
- netresearch/jsonmapper v4.0.0@8bbc021a8edb2e4a7ea2f8ad4fa9ec9dce2fcb8d
- pocketmine/bedrock-data 1.6.0+bedrock-1.18.10@e98c511584a7bd58a95986374d2df4b04c6a2ba0
- pocketmine/bedrock-protocol 8.0.0+bedrock-1.18.10@017e57c8f8a74118bcbba7332e7ebac9e6c81693
- pocketmine/binaryutils 0.2.4@5ac7eea91afbad8dc498f5ce34ce6297d5e6ea9a
- pocketmine/callback-validator 1.0.3@64787469766bcaa7e5885242e85c23c25e8c55a2
- pocketmine/classloader 0.2.0@49ea303993efdfb39cd302e2156d50aa78209e78
- pocketmine/color 0.2.0@09be6ea6d76f2e33d6813c39d29c22c46c17e1d2
- pocketmine/errorhandler 0.6.0@dae214a04348b911e8219ebf125ff1c5589cc878
- pocketmine/locale-data 2.4.3@4d0b081f1a79407e087968ea76aaf330db6ea2b5
- pocketmine/log 0.4.0@e6c912c0f9055c81d23108ec2d179b96f404c043
- pocketmine/log-pthreads 0.4.0@61f709e8cf36bcc24e4efe02acded680a1ce23cd
- pocketmine/math 0.4.2@aacc3759a508a69dfa5bc4dfa770ab733c5c94bf
- pocketmine/nbt 0.3.2@3e0d9ef6b6c5fb45e3745a121296e75631b3eefe
- pocketmine/pocketmine-mp 4.2.0@44818e6d1456dcf1f0fd3cd27da1dfecbe03c08b
- pocketmine/raklib 0.14.3@4798576fec0364266dce23b368a7fec5e5de7927
- pocketmine/raklib-ipc 0.1.1@922a6444b0c6c7daaa5aa5a832107e1ec4738aed
- pocketmine/snooze 0.3.1@0ac8fc2a781c419a1f64ebca4d5835028f59e29b
- ramsey/collection 1.2.2@cccc74ee5e328031b15640b51056ee8d3bb66c0a
- ramsey/uuid 4.2.3@fc9bb7fb5388691fd7373cd44dcb4d63bbcf24df
- rhumsaa/uuid unknown@unknown
- symfony/polyfill-ctype v1.24.0@30885182c981ab175d4d034db0f6f469898070ab
- symfony/polyfill-php80 v1.24.0@57b712b08eddb97c762a8caa32c84e037892d2e9
- symfony/polyfill-php81 v1.24.0@5de4ba2d41b15f9bd0e19b2ab9674135813ec98f
- webmozart/assert 1.10.0@6964c76c7804814a842473e0c8fd15bab0f18e25
- webmozart/path-util 2.3.0@d939f7edc24c9a1bb9c0dee5cb05d8e859490725

Loaded plugins:
Alerts 1.0.0 by hachkingtohach1 for API(s) 4.0.0
AuctionHouse 2.0.0-BETA1 by Shock95x for API(s) 4.0.0
BlockGenerator 0.1.0_beta by BlockHorizons, Chris-Prime for API(s) 4.0.0, 3.0.0
BuilderTools 1.3.0-beta2 by CzechPMDevs, VixikHD for API(s) 4.0.0
CraftingTable 1.0.0 by hachkingtohach1 for API(s) 4.0.0
CropGrowth 2.0.1 by NhanAZ, kaidoMC, YTBJero for API(s) 4.0.0
CustomItemLoader 2.3.1 by alvin0319 for API(s) 4.0.0
DevTools 1.15.0 by PocketMine Team for API(s) 4.0.0
Dungeon 1.0.0 by hachkingtohach1 for API(s) 4.0.0
EconomyAPI 5.7.3-PM4 by onebone for API(s) 4.0.0
FCCore 1.0.1 by hachkingtohach1 for API(s) 4.0.0
FormAPI 1.4.0 by jojoe77777/DragonfireHD98 for API(s) 4.0.0
Gems 5.7.3-PM4 by onebone for API(s) 4.0.0
HealthTag 2.1.2 by Shelly7w7 for API(s) 4.0.0
InvCrashFix 0.0.1 by Muqsit for API(s) 4.0.0
InvSee 2.0.1 by BlockHorizons for API(s) 4.0.0
KeepInventory 1.0.0 by NhanAZ, KhoaGamingVN for API(s) 4.0.0
LaunchableTNT 1.0.1 by Vecnavium for API(s) 4.0.0
MaxEnchants 1.2.4 by Xenophilicy for API(s) 4.0.0
MultiWorld 1.7.0-beta3 by CzechPMDevs, VixikCZ, fuyutsuki, kaliiks for API(s) 4.0.0
MyItem 1.5.5 by hachkingtohach1 for API(s) 4.0.0
NPC 1.0.0 by hachkingtohach1 for API(s) 4.0.0
Napthe 0.0.2 by hachkingtohach1,tungstenvn for API(s) 4.0.0
Parties 2.0.1 by Didah (@Diduhless) for API(s) 4.0.0
PlayerStats 3.1.9_BETA by hachkingtohach1 for API(s) 4.0.0
PureChat 2.0.0 by Vecnavium, 64FF00 for API(s) 4.0.0
PureEntities 2.0.0 by LeinneSW for API(s) 4.0.0
PurePerms 1.4.5 by Vecnavium , 64FF00 & ProjectInfinity for API(s) 4.0.0
RedstoneCircuit 3.0.0 by tedo0627 for API(s) 4.0.0
ScoreBoard 1.0 by hachkingtohach1 for API(s) 4.0.0
ShopGUI 1.0.0 by hachkingtohach1 for API(s) 4.0.0
SimpleHome 1.1.0 by CzechPMDevs, VixikCZ for API(s) 4.0.0
Spyglass 1.0.1 by ItsRealNise for API(s) 4.0.0
VanillaHopper 2.0.1 by ColinHDev for API(s) 4.0.0
VanillaX 3.0.0 by CLADevs for API(s) 4.0.0
WorldProtect 2.3.11 by aliuly for API(s) 4.0.0
_NewAlias 1.4.0 by Javier Leon9966 for API(s) 4.0.0
libEasyUI 1.0.2 by GiantQuartz for API(s) 4.0.0

----------------------REPORT THE DATA BELOW THIS LINE-----------------------

===BEGIN CRASH DUMP===
eNrtPYtS3MaWv9IL3g1kmRm9R5pbuMCAY/Ziwxoce3MnxW1JrRkFjTTRAxin8u97zumWRhLY4Ji7
SdXaFXukVvfp8+rzUqvz20aU5QteXl6LvIizdGNi7WyU8UJsTHTHsmx3bGrjoefopqvvbFRL+cjx
hp5u6/jY0gzTgjEJL8qjPM/yjclvG+VqCb02LuBHtu1sLERR8Bm2LrPgSpSLOBXT6U2WJ+F0+h5/
JpNClC8SeLpfbm1P2H4+qxYiLdmmxbae+fhgmy2qomS+YFnEcBLWBkZdplMCscNiGDmLr0W6wwKe
JCKEFnYwmU7fFUDqdFrmPC3nsUin00NRXJXZcjp9md0e5Dwqp9NlUs3iFLodVulMZNCpyIPpdM6D
+VWczsoMr/TWY3UxXM6XLEtZAhgxy9CB8qhKkpdxQqTPeT4ZjQ4mI0Ji1OAwUiiMagxGZ0TYawAz
eH02xIEjwGBEDBsRv3AqBK9AL/Bxrws8RkRQlroNcs15ADf/2NjUmCJwpPCmkT3qmmfqdwvoAbl8
Sn6D5y35AffFTOTMtF0SBd3Y60vDdNY32jYguqmzNQ0C5FaO3opZXJQiF+EJ/qYi3xrbgMGDUhg8
z9KzhK9EfgxTANXlEQLcyvxfRFB2KKCZUN7Yezq9Z9Smoeu2rROOxh0cJWDH6DFGgb1LweA5auMT
oWOye8W+pbumfj9CBELisEUgrBYIOetITrqlO7b9WXFXhTguxeI0vY8QsCnz6fRHaM5yU+Js7LB7
OsYAYjpFQKQ71NXy1sph3TuqB14zDVu/t2OXk5u6o3k2qF6ZV4Lot1v0p6IECq9Gi2ApYDGkYQLc
OE5/4AtxxhHkK9m2ZVlWjzPdaQbPYyUyounx/PlyookI548QYWp98aqhMBGMRWNHHUE4d0cPnsun
76QOXIAhK4Bc8CD3EdsDvMyzMguyBIww2HAwsnGKapnlK7LOPYCHvOTAIEvXpJ0YN7brR57GScI/
DKyhRrQfnOwfiuv1g4YZ91DwYcswzK9nwHGN+h9lwX0A5ExAtOmBkJBoV0kY+oZZPlpDHvkizOFu
UEMkRnwa6JZOYlecAm1SrGpheB+z/o/J9T6l0G/kzTlEEziz6T2gw4+ZuKatpuNLebOp256medKJ
aY/F3HY/j3m3f40jLgYlyCfl+g4ryhxc6j9M72c27Pz5n+EB/Ls3HP6Cv8+bv99LgvVPEZzzqyT2
R2/51UnskwuLIPzY0j3jjxB+lAZZKMIthaZt/syCITfeDYN/+v+8HQ6vEVX+43A4I6R/HubRP+dw
4cLfBfwdvBmebw6/H0qkjU8uJ4n1IF5KiiT2FxnGaxfzXPDwtQxk34pAQHQJvuABciRACAW6fKAQ
hSSgIDUhk97IwjFQFv/x64dhLEVxgqTcBEOBN29QJsN/7r/+QM+mG98Pj4fDH4eR7KvhP/8uyTW/
VEYGElVjDqRfoxUEntRkfIYh/dX05azZNDzdtCTm1icFVaRZ9lEQSeeJEEuR145Nf8iuf1Ikjxjz
W5BkRZWL32X4pNt/AEG3rzKy63Ta7Qf4gGUH7r7JyjiKA46rtlDztl3+OQkIAjZHeyTgAu/fpWWc
bIVZ5SeCtbM9VzfkJON7JtEspzeJfDJ4XsbB1ZnEOMsVmm4LwjqlgdjD+gSQy8sAiITwLGgs3Ate
iAPIL4uTjIcQw90fR1ZADNjs1zxOT7IZLKRNc23UnJ8fn/o1oyzr5z+QMEq6vU/QbYz7EpJsldmF
ch5bOkbvufi1inNRWzxX+5l9ff64bsb0cXvj5993NsS3tP2+tP2xeTVwUE57CWFsllwLpB5GxmkI
4gvKjfo5tKnpoAm9GfIcEhIHHkALXI3halqOvv9e3rp0y75n56IsWDkXjHjFeEk3xCYWZFkexikv
RTGUwzw1jO50rQZyHLFn1TKEjiwuKAECbpffJQmbCQkwFfFs7mdVLucp2JbDijgUxTYDw8HUYOi5
2KEGnhRZ3QoDeAL8m81LYLTERNdbc6+yivFcsDCD58yPZywARzETxQ49WuBIdgPCZWXGCsII0cxY
BNMAqjBtWk+24GkFyrFS0xgdgs160r1ynmc3BaPwhydxWKvm0W0glmhMWRwR4cusiOV9wbKqJDWF
ZpI4A4akYSFhWwr2SN7adLsEAxoHLKpSiqtYtwzCnt1KrX62Ur8fdxg9Z3J17MAMWdLIZlfmpmzC
rrM4/E1O5NBEU3ADW//2DBkDGWZxnMpsHydA4M8+bm+r/mPVf1oSD0CyN59hw9Z04ywr2O0uQFrt
AqiPu88+Kl6g/O/jx3Rj+29yLlfN9bu89dTts2BepVcfgJ5nt+z5c3aAt5PJwenp28PLF8cXl+fH
Px1JEIbWGfMTjvn40Bh9zRLFkQTcA43YUnMDSyTAbba7u8vSKkm2f2OjUVDlOVoocbuE9Qkmxhdz
fh2j4kuVK/MV/iBAIhwChBz8CitWaQD8TLOqSFYSDeMeTpNY2tw94GmalaTVXK1hgFalgxmWhDii
oKZo2GqYHbYaVm0kDLtmlqS6jMGMzop19Q2uSp6XF9S+BeB+/1b5+1b5+1b5+1b5+1b5+1b5+1b5
+1b5+1b5+1b5+1b5+1b5+1b5+/9c+avLUgWWofZBOUq6Sjnu8KkbdjaajUEbOlgWDVp4Vc6zvMB0
spePIVC+jPGJRZ3hXqQctCzcmFDFaSMEbcRyyuQf8KzIovKw3bDgVCa7k+ZJbOpfLL+BQkDHs9Pz
i/enb08OoelG+AWkFDi8LJcFcOuGl8G8mMfl8EYIP1kNg2wxwnR4vyI/+AryeNGmud3cptxAYgYv
ji729S7953Pgqmfffh3hG0eg+dlitX92vLFmQqFgT6dc4jVHvIAHXSw/ywkklhKRH2ShQdZ5Fbm9
B22CtSEI+9IXJe/SS0NeZXn8EZYqPDqY53ExOMtxV1ifBTsb5tfoQGcqVR5ukJ1OpUV4FP1VnEDX
iyxL2greae6qOeA9QNqNLvEHH0UwP3uNESI8+DG+ja9eHT6VygcIfLkIKfz0JW4l4gakdzF9lOrP
4nJe+aTwLbRHHVDAG7IYsNAuEOEWc7rtfxEj0EGqd/sYvgBbgL1xEuSrYbHCejl4+lHIi7mf8Twc
SYZkyx/y7Kacd7jRNPatQs8evIEIaP8naLvicZi9PoCr/7l48V8iz56KK3IGpL7GSXq+P6AYClmk
uirKbIHZt1pWLdr7j7ocMPsc4Ml1nGqm7j0VwQ1AoLmHy92Wx9gDWAh9W9A0dTVdt/uqvnai7ELw
xVPRWM+P8cV1b52fX+y/vXh39pAw15iNGhhIrHrh1KK1eQX1l1jU/QLuUy3klktd095qbJNvD8dD
c3D22uqyIEuFD3+finQFbjoVEguAOZ12MHpQdV8eHGR5206rhr4s9T9HlhKb+vepJPkyyxddMdYt
XbKtvgr/kv2SiTH+GR3mfJalEQTVrw4996kYsJ4A8wHCqbl4jDh/EIu2FaLbP1EvcX7572OQfyV4
Us4v+KxFwbqt6yX0odGPm0WSrMY346cioqgBTqcNEo9zjEjLcXoN0UQxfxnftqhpt3aD4zsr7HX1
K4B7KmIWBI2K4wEiEMW3XxLwAt7nQnQJwYYHYpdubP9EpPSieInJlxDzdyGWTQ2zRVO3/QFn1oRl
f59n/AeOL0Z/fPPUEVkHoycIyk54lQZzxOfizUWL8m77A6b/RxGk/DqunixUaQCCENuI9G4fI9rX
/PYIR6SdwkO7tUucMewZwg8izZbzOImD1VOR1wKJImxQ6dw8irgqKWO5WahF27qxS9pYZZzmgxnn
wU/0SdGqKovqKqZMI4njq+JfkocuEF/16reD+9fkoC1AyKcVRu9tHsmGLn/sof3nhDQSm/r3qUKa
N2cHLYrx7i8SjQMqX2a5Pllie8OX5bzthFRD35EanyV0p4SsALdPXKf/OpoJsfr3MWv7jOdlLNpG
q255wMUexiGfs609+K3miSiK7aeiKqwhTqdLict0ukbqS5drgx9RSxsbzkveMdPt1jbVJgR73iWW
Sv8cDW7h1bn5aoU+q3JxMOdlmwd1051a8aec8M6GY718qWlfRD7NcybyBRn5Xun4pXylW5zlGUD/
IHAbW3F2NKjbWwXlSzk3sEXhvb56lNZD36O0jPuq325+gBEnIk5Tcf7+qaSfEDxQecBBKBwkUS2M
vqyOUqM46kBR5EshdGmXbf1U1P6EBrAdJqXA/oOByPBd1jHkpWlcPlkI0xEzYde6fIyg34qwKCEj
PIjzoIrbCt9/0l34d8RdijDTHOPJkrwa3nSaK0QCiQhut+tj9iCZ50GWixfok1sUthp7LvnPMWdr
fNrXX23MzufZ8od37ZpK3fIXCUQUOs3FU0Ve5/FimYhX2aIdmrQaewXgPvn3B+T/itC7IJzmgBPw
oI3f14Te5wueJGdqD10LKjJmuZrhm/Y2W+qmB3LM47J4K3jyJi6erCbVAgnkKzweX89R27deZctl
52VGt/2BYO0gS+L0FfDtqYhqADb7yyQivds/IuMG1TXxH+7S/eEhg632vz0ZwXe307UweVCKlCOC
kyzxI5o1MZ3mO2+j7ryOiqtk9XTvohCa2g29lCj0tfKRccbrKs6jWCRha+PQoN7eWkI4M1pw3D8+
6pALXLl8I272k5i3V+q67YGS+H9BECJydiKy1PMc56n4IsHWUHGbBuCifv6AOnfBjSSY3/GbK/+I
F6uO31q39a1UL7P8IeZp+d8V5EQfn4psOfF02iDwgErjl2I8B7xBrr3XifVWHULlFhLegoJ3oFO+
8dlw0UBhecgPcDN4uyXgCaAGY9tt2eIyzEpwgJ1W9YXfuqHKk/Y9foHUvo/ipBQdwLPFsn07B+/a
vo+DLL1uN/xSkECa+4UvdzV12rK8bLadoNiKkiNBYbvTMujy4a2IEkE5Tru1II4W3aYQU69Wy/nZ
SWf6VfFrkuJk6oo1j8rsSqTxxy4Lbm8V1Ygu2psVXyRkfwy6/RgvZfTgURrwEVS0PRxubxddrmeI
nqFppq4bHjScHZ52SA+zS0Kt3whNcVdgGWhpUXQ6Sj//4XWH5h4GcIsbOnt0LpKbPO7Jf1nS1k/k
cL3N52ze0z385oo25RnEJLlHIJ75ccqxhg+exxg6yAlxDQbQV50QFIRuyzJTDYZkVgiClmqpqYBs
bTEv13O1nuOnm3EaZR29De+IPO5oCbHSbDflApYHrsNZJXWxhv8TLDd2ehZAqNpiPq7u+VLNizPS
ZqWknS62lzsuZV6I9cFbwE+DwNPun42JodkmsK24hIBwYyK/gtyoN3ZvTCzXgTkwPduwLFd3hRPq
lu2EQaRHWhSaQWiMQ66HkQh8oZmB5voAu6qdaJyG+G3kmwvWbCW0Bm4Rp0wHqTLCgenjsWOyrbqz
3KnJDE13ttn+60MH6/F4ClWLaR8FrSSr0Zf58jJD4bw/fkOvBejmJpbfwC6WWSHyS5ByznNVV+Dh
PMNMZ4SmYwB91Pe0GI4be1FgRGPHG3uRxi2L25HtBwY3fEfTQm3sGJHQxNgVY+RjHgdXI2UttaE3
NPcCbo9D3Y00w41cKxqPx76hO24Q6p6u+1oohGFaJhdkCoFWMEPgj/CbKZ8HVwP6fFLuogNOXqXZ
TbqnflHtZnlWFGIEJPMixe8Trw10wXtCRJbrep4e2qawQVJa4Nm25WuerwMzASmfe4aHSwIMdi4K
wfNgTvQvuAxhN65pte25vh9ohs5dEfqGsPhYcCNyeWhF3BOBFwbCiALfDTurpPlSBHDnxElnqP1n
3Qh8dYc6YOm5ga3rtgtQ/dB2uWd7rmOOrdAII0DWChzgM9fuB71WTNKFu+A1fSzscQB852NL110/
8H0+Nk1DjAUw1xNO4OqOZ/bAk81YL3Bg6J7Ng7EQ3NN55PPQDQPLcyM7EKYVCMfwxqEtHHjMu5Du
FSLGCeaeY43dsQVK5Th+wIGntuvahmUI1w4MMzBsAZyxaTtgGyDmJInaL0WoaXuWJ7ipmZ5niiiM
fNMLQlMzhKHDwrQ1AO0amgf62YOUJdkaBmgF4u+EYycyhGmGjqubgemFhhcYRmA5AXBSD3vY0Ef8
6rMlAgUi3gs5TG1xzTIt1wcNF66he8KPdMOOIh1ocr0gcPvo0KfcolYWVGFzzwo1X3P1SOdjz9LG
QnPHnuMKPnY4j0xTC31A2fDtPqQZ4UKLwAk83Qi0yNNsG0QdGqauuSIwQn3s+Z4TWaBhgOkdCIOW
y5GgHD0aAxvdIDJBYIFhCUvAujd4EArglsZ1WAZgALugGkMAdnaP8yAwx7bHbc3ljhdGsAYDC37G
Y437oJaBHXiWH3VBpH5Z+6Y9U2ihJyLHdwI78i1bwEqxuW6AB3fE2HZM3Tdh4YsuhFawT4GUJdXm
8Qb8zgcr0i+RjMaea4PSiEAzHctwHLQGpm86sOKg0RZ2KMaeMb4PCn72Ukc0e55hcMeyYM0HTgA4
cG7jf65p6CB6XQTW2HS56PFXfnFQe/w9jcNaB9M8dvXA0j2uR44lYHlZYFpMGw2w7QnDQ5ogJC7E
CpfBOqLD173GXgB/xpYQwF3DhfDIh4Vkab6ta7YjhBuavu84gcbXQKoqDhVfTXAWnu+PI982Xdfx
9Cgcm2Pgq2WFgW+FDowOIgOkjsPn1aLgvB5/17oXq0WUpSuQYLKCACMZ1MH0NaCKWmlqYDV01wg8
V+e+PrZDWDSmFfpaBMrteK7naqhc98ECl+FqLVj22B/rBqw4EYa+Nw7AsXEXTJNpBK4FyjB2PSM0
hPcpWHobVigsnxuhhdyLPD/UhO75Boc1B4bYtMG6gOdwI5msLLKPkCKNwLSJXHld9DuO51iARTB2
NdBVi7uWAUogNJBxqIP7AiJBgw27A2QJK26Atlsl52CQPNOLxiKENRuASvi+F6DTtQNfs0MX7K1n
edoYwFCu1OjWcEXh6ibDVJsFuJNrVuX0VQzDYI9FWc460dU03WQXc/Ck+NE97hIu6PAJ/Jg/SwUe
psFLFsjP8n3B4jRIqlAeNiK/yxiCQwPPS28UANZ5tqiPQejDLHgkdlgGT/ICQTIfrNUVHmqRK1h4
zMQCshDI93EGCG7wXJBkhYAhc2/AjSDU5VVSFuwmS78rGfp+njNIYjMwXjF6sBViSCdjEN038lCM
Wc5DPHVjmk7TGthkmjK2+X4uEDF5pgYd2ZGoj1wKCvyKRJ4+kNWoSuPPgJ+JOhUEa6qBYNK30Okf
CBk4HohBwjE4nomJPKUDHxTzqoRoMR2oo2MmbLqhAsdppem6Dv9qwmRX82mlizCKm2a489IZS/CK
6/G/TTeIhP0kyW5YEhdIVv0FMLuOOfvvSuQr7PMrXtTVkwl94k1DjyipV2PoyBIMLBmIFrhHx5Cs
mOI59pc1gEHzuEXV5ntYWqA6IAAehgxiNCkn5D9+/cQWguPHYXTyDUjHF4g0cFH8WvEE+StPa4Hg
oxJsS00KofQ2QpczikEulpAKD0A++BnTBB7T3G+qhQ/sA/XbxxMoLnhxhWdxXIHCDanDuwJkiGug
prR1UAUroXuxow7vUAdOwMLZYRh+5/JbS+INLFxsW1Sp+uJMAj+vz2IBdcyz2xhUUSR0PgapeNog
h7xVCB1H8giXjJS3PmdGHasRCqxlyRNnuoPZFtBQwQIziC1ExkBROiFQfaXmpBx5laYozhATymxJ
QqAMphiyQ3GtrtUZM7Slbqe9SpXiIEfyvFqWslUyDBmzANwUXSRcWL2UlYRy5XA8qAXQvh8D1JGc
jpgpYtCuYUvRoPNAdmo0bZouBEy3kqv3hyTzQXuw/sRkO6yDRVyiEViIGffpLQc7l6zWiLlxQZ9H
4PALlNpNTJwnjYLVfTOQgGolK4hC3BkLF4zOiqBDd3Ih6imlkoO0KlzPbJaBoDJcz6gVONGM0BwQ
ahOmIRUwO9lqGbr95SnAgt7n8J/zPPw6/IsyWxIKys42KClwBQPzsUS3GzYI4aw1VrpmWAoxMgLv
aVUo/IrvngBDWhfyuBs0MOqQHFjp4lYEFRnfLK3PAbqSXq3pLW4DIcJiTZE0XKcXRxN28er4nJ0c
vz6+YPtnZyfHR+fs7Ogte3/69u9Hb3cYdGIXp9DriL1/dXpyxM7enh4cnZ8P+yagww/DdhQ7zkQe
Z+S50RDT+T3BXJBJJm40xlYH3kPsEJJtoS4DPHtHmlkCdZClQCcYaNAmpPdTyiaV7GaOLhhPDQMT
JLsRZAkETO/akEuPRHOcog/BgIAGDO/2Rl1Q1WgQ21IEGDdIzuZ0eFfajG1oAPUSy2JNqqkpWovt
+1FSlJuK8hnPfVgZg3UITgbofu7SUqMDyOQopkaB7a4P5upgAhFcBTq4vVP7hL4S1moo3WsEuYo6
7myxXoJDdiptvlR4CDOyKgkbXGJwIjcpW+NfSMBLQh8IdTRN0QqzvSRjccdJkupICA1tUZ4tamcr
R6seg7ZqtiWM1ChJ3tENdo9KdbTjvI4sUWQ5zIRqqBQ5rBZLGYbJWI+pBwN8UMvrEDupAYQ7oVlT
AHfg5mGx83sYrA5pm/NrPCGuqAQahnIOUpvVYSkaLZxtjdVOLUgZI6jocyixwa6f5NOC3w6ofFvU
uB/wJbbGi2oBPhbca47AS55C+AmCZPKoHYnFmq/yNDtiJa2YuzoGUflSYUQTDjBcrsDpWo3EDjP5
qK/TGBuh1ZPwZed6CUlYqmObMoocBlQebmg7BFQoVoHwEbkH2MkAQ0JZ0oEQTI6RFK6pg2GKn5Ke
embsvI52kYEJ5gsK7udBfU4Pp6k6AmGiXASEZvMskSGmj3tKKBInlAs8uogpJ0O2TaZI6ql0Lb5o
gk3p3jbbUqofoVnNVyUC32EDvSVAEh5NPChrZJQLIKu9jmPplQKGkKGkHJMeCvRxMDQqtIbsFcSC
oEu7FNyxg7N3Oww3PELHNLyJQ1B7ihWk9WzgDwj+hDl12L2OyAviTqvvkO2HYKjmPIlGkHPKNCEU
oMNqKphUHjEHeLcW4trttYC1U5GjW7RqGGLyZMgQiXdn6VkdbK8zRcwlEKkb3D0EA6tluhyo+152
81qtuiL+KBp5Ylhei7FAh6dCJjwoktSj5Votz5CDtofsTI1JeD6jAVylrEoXaMYo5zMkAWQCbCuW
CUUsmIfiHhVc7DxHOR0kMfSSiTWeiyCKkr2+eEeYFkASku1XJcNEnkS5nk4mF8Pa1izKaoCjJoRt
Oz8UKb13orUeMawgBPhtcUMmJMpRFAdDRl5qzjEIYPECeFOi7EAa9D9RATO1Q7iA0K4J6TlyAqwu
GWJw0ZzMeSFFKkMJ6FsqHUVKhCwkKFOnsqnDUwqSDo/P919AfETxVJWSDqHBrtBS0itTGSTEqIzq
LNKwnW+s6Vyv9VD41WxSJ23P8QwakIQMWedgrug5U7l8IasPuJrTIpPOW60IHYFJrCW0g3mWFVSh
qHM1UWfjZMWxvMwKfl17C7jEDRB0iBo+a6XxgJg8rpQCHlW8+SWLU1kQIE59xz742S2u/JwdH7Kt
D++OD7dB7rDsAQeOR4sWJJiYDm+kHC4PFX9k+EHHmTayS2G1f3hxUsNX+V2r5TuaDN+nUeBA4lWh
CNGW1aUk5UZvAb8BbkjYzaKIpoVncbQa3FZxuBYI8XPQreJcUBlGLjX5/+uRPCBLr9ZVVahyUABG
pJRmVo0ZyDETpl644jTShSjzqGbJ1JGsdY6S4rCk74p36l7XsbgZNA76vsqZZO7+IqtSOlRVuntp
TIBlNWvRt6N1pFIIiB+vyTnD4LfkqluDifBUyNTbFxKYLyJc+8WS35BS0KGu8mA+VC1s7jp9ST5O
1JAPNpDxPqrqHB6YTYA/vQ9L7X40eY7HpDJeqzueKqoG42+Djdmr8KiTd+OUDl5VCGKdkYPCFZXf
5gKd2ws9RChdJ900ro1KTUo5eBCIhE4albkLhbKbSXwFU2CeTJYowcN3Z3SmgLRjHI8rnUtoLSMH
q78opUsmZAfIjRq1wZo1krTjw6JFF5pplLyExuQL1oZMVXKqwxwa0xESwBswg20CmrghsBHkuqzV
yHJ4V5jKeN3wmLJZcCaQ6kktWmbLKqmXjbpBf099lNswDZyQ0iCkkmZCj4uWC0IClWBgiyrkTVSo
g3VHSq5ls4wUlGYBImsLHa6NHq7MAR581mtqDEO3We08aPl0sAcDubeq6TkHuU0kKsPlYrEcxhlh
DKZutcDkEJZyiXXWoFijjm5KPWfr50QCmTk+m+VipkqKqv4oyyx46OxVnz7CD2zN6eEpHnQ0UE5B
xgdovm6EzEA4HaWLMxaE+JoAahu23g6An244L09RlsK5w1QQqHyulAkiIdxhQL6s5W8OsIgv2rW8
HXAOyzmHZSHQsueIQx2XgseIRA65xwDtYorOUD6tfZf0HLxTG1S7PlrOtoIYHGIbsq21CVMAScry
eT3HHalKutpiVQcDd7wxAsX+qPXoMFCKaMZxQip6qkF1gXu4nkA9ac9Qc+7z/l45EylJuQJatSQF
A8CXip911WiuGqWJy5tMQlkHLMJDshZSGBRHDSB8mV7l8tUMWpu6lCItL8BT1qn2txx3F6o8DUJr
jpul1B0GQICjktWkFpp8BjqKNb0J+wdFLhC07lCR72cEKh1z47zbr4yIDIykczLwWEapTzWi+sh9
flSdtp7gJhzMGCj9xs8ol4k6lbtooy/npXZ5CRBxGVia9KnrGSfs5cn+hWzEVENgZe1vauvGju3d
0kcVO+ZtGOflDhndv6lIT75raRctmhPbkbWqpsgrpXUJCCtYMXm+W5XXdrfO1PLmLQ0ZFYAD7iig
12VFzadB/YYHVECG9ZsvyZrQVNS/A4TiYtVy2WoZUHzZCvwyGfuLW7BthUpygytMkwpK6MC4+TEk
KCsZyFE/pBdQgRRMegq5VCSVBB8io7wxx/ieti9UfKF5thbxAb3VpNd6U4haNl/mMTsUATMsZhgT
057YGnt//IIZmqFjh/rV264ACwv3i6wMd+W3ujm+BaRD9XCx7eqeDq6r23jtULOJzSo7iJfQCNoN
LTfzuBQDfOWGsSpBhwRKhWu7toYtM47lg1Ds0p18Hdi0qVFYsMUXO/X98nqpZghjzKhAhVe7hFqj
kY2D2yUiKRjGGHtNWh0gi7DVBd/F7x4evdx/d3LRooleDKopyT3gWlX3nfB118WmVohOXTZ+/1+o
yeS1
===END CRASH DUMP===
