PocketMine-MP Crash Dump Fri Feb 11 23:57:35 WIB 2022

Error: syntax error, unexpected token ";", expecting ")"
File: plugins/PureEntities/src/leinne/pureentities/entity/dungeons/BossFloorOne
Line: 81
Type: ParseError

THIS CRASH WAS CAUSED BY A PLUGIN
BAD PLUGIN: PureEntities

Code:
[72] 				if(count($players) >= 1){
[73] 				    $player = $players[array_rand($players, 1)];
[74] 					if($player->getWorld()->getFolderName() == $this->getWorld()->getFolderName()){
[75] 						$from = new Vector3($this->getLocation()->x, $this->getLocation()->y + $this->getEyeHeight(), $this->getLocation()->z);
[76] 						$to = new Vector3($player->getLocation()->x, $player->getLocation()->y + 0.5, $player->getLocation()->z);					    
[77] 						$distance = sqrt(pow($from->x - $to->x, 2) + pow($from->y - $to->y, 2) + pow($from->z - $to->z, 2));
[78] 						$vector = $to->subtract($from->x, $from->y, $from->z)->normalize()->multiply(0.2);
[79] 						for($i = 0; $i <= $distance; $i += 0.2){
[80] 							$from = $from->add($vector->x, $vector->y, $vector->z);								
[81] 			                $this->getWorld()->addParticle($from, new DustParticle(new Color(237, 28, 36), $this->getWorld()->getPlayers());
[82] 					    }
[83] 						$ev = new EntityDamageByEntityEvent($this, $player, EntityDamageEvent::CAUSE_ENTITY_ATTACK, rand(20, 100));
[84]                         $player->attack($ev);
[85] 					}
[86] 				}
[87] 			}else{
[88] 				foreach($this->getWorld()->getEntities() as $entity){	
[89]                     $vector = new Vector3($this->getLocation()->x, $this->getLocation()->y, $this->getLocation()->z);
[90]                     if($entity->getPosition()->distance($vector) <= 7){
[91] 					    if($entity instanceof Player){

Backtrace:
#0 pmsrc/vendor/pocketmine/classloader/src/BaseClassLoader(83): BaseClassLoader->loadClass(string[48] leinne\pureentities\entity\dungeons\BossFloorOne)
#1 (): BaseClassLoader->{closure}(string[48] leinne\pureentities\entity\dungeons\BossFloorOne)
#2 pmsrc/src/utils/Utils(523): class_exists(string[48] leinne\pureentities\entity\dungeons\BossFloorOne)
#3 pmsrc/src/entity/EntityFactory(210): pocketmine\utils\Utils::testValidInstance(string[48] leinne\pureentities\entity\dungeons\BossFloorOne, string[24] pocketmine\entity\Entity)
#4 plugins/PureEntities/src/leinne/pureentities/PureEntities(131): pocketmine\entity\EntityFactory->register(string[48] leinne\pureentities\entity\dungeons\BossFloorOne, object Closure#32447, array[2])
#5 pmsrc/src/plugin/PluginBase(137): leinne\pureentities\PureEntities->onEnable()
#6 pmsrc/src/plugin/PluginManager(437): pocketmine\plugin\PluginBase->onEnableStateChange(true)
#7 pmsrc/src/Server(1385): pocketmine\plugin\PluginManager->enablePlugin(object leinne\pureentities\PureEntities#24905)
#8 pmsrc/src/Server(1006): pocketmine\Server->enablePlugins(object pocketmine\plugin\PluginEnableOrder#24903)
#9 pmsrc/src/PocketMine(304): pocketmine\Server->__construct(object BaseClassLoader#2, object pocketmine\utils\MainLogger#3, string[36] C:\Users\tranthien\Desktop\FoxCraft\, string[44] C:\Users\tranthien\Desktop\FoxCraft\plugins\)
#10 pmsrc/src/PocketMine(327): pocketmine\server()
#11 pmsrc(11): require(string[80] phar://C:/Users/tranthien/Desktop/FoxCraft/PocketMine-MP.phar/src/PocketMine.php)

PocketMine-MP version: 4.2.0 [Protocol 486]
Git commit: 44818e6d1456dcf1f0fd3cd27da1dfecbe03c08b
uname -a: Windows NT tranthien4-8sin 10.0 build 17763 (Windows Server 2016) AMD64
PHP Version: 8.0.13
Zend version: 4.0.13
OS: WINNT, win
Composer libraries: 
- adhocore/json-comment 1.1.2@fc2f76979f0a44a5f5bc2a2b600d0762fe0e78e7
- brick/math 0.9.3@ca57d18f028f84f777b2168cd1911b0dee2343ae
- daverandom/callback-validator unknown@unknown
- fgrosse/phpasn1 v2.4.0@eef488991d53e58e60c9554b09b1201ca5ba9296
- netresearch/jsonmapper v4.0.0@8bbc021a8edb2e4a7ea2f8ad4fa9ec9dce2fcb8d
- pocketmine/bedrock-data 1.6.0+bedrock-1.18.10@e98c511584a7bd58a95986374d2df4b04c6a2ba0
- pocketmine/bedrock-protocol 8.0.0+bedrock-1.18.10@017e57c8f8a74118bcbba7332e7ebac9e6c81693
- pocketmine/binaryutils 0.2.4@5ac7eea91afbad8dc498f5ce34ce6297d5e6ea9a
- pocketmine/callback-validator 1.0.3@64787469766bcaa7e5885242e85c23c25e8c55a2
- pocketmine/classloader 0.2.0@49ea303993efdfb39cd302e2156d50aa78209e78
- pocketmine/color 0.2.0@09be6ea6d76f2e33d6813c39d29c22c46c17e1d2
- pocketmine/errorhandler 0.6.0@dae214a04348b911e8219ebf125ff1c5589cc878
- pocketmine/locale-data 2.4.3@4d0b081f1a79407e087968ea76aaf330db6ea2b5
- pocketmine/log 0.4.0@e6c912c0f9055c81d23108ec2d179b96f404c043
- pocketmine/log-pthreads 0.4.0@61f709e8cf36bcc24e4efe02acded680a1ce23cd
- pocketmine/math 0.4.2@aacc3759a508a69dfa5bc4dfa770ab733c5c94bf
- pocketmine/nbt 0.3.2@3e0d9ef6b6c5fb45e3745a121296e75631b3eefe
- pocketmine/pocketmine-mp 4.2.0@44818e6d1456dcf1f0fd3cd27da1dfecbe03c08b
- pocketmine/raklib 0.14.3@4798576fec0364266dce23b368a7fec5e5de7927
- pocketmine/raklib-ipc 0.1.1@922a6444b0c6c7daaa5aa5a832107e1ec4738aed
- pocketmine/snooze 0.3.1@0ac8fc2a781c419a1f64ebca4d5835028f59e29b
- ramsey/collection 1.2.2@cccc74ee5e328031b15640b51056ee8d3bb66c0a
- ramsey/uuid 4.2.3@fc9bb7fb5388691fd7373cd44dcb4d63bbcf24df
- rhumsaa/uuid unknown@unknown
- symfony/polyfill-ctype v1.24.0@30885182c981ab175d4d034db0f6f469898070ab
- symfony/polyfill-php80 v1.24.0@57b712b08eddb97c762a8caa32c84e037892d2e9
- symfony/polyfill-php81 v1.24.0@5de4ba2d41b15f9bd0e19b2ab9674135813ec98f
- webmozart/assert 1.10.0@6964c76c7804814a842473e0c8fd15bab0f18e25
- webmozart/path-util 2.3.0@d939f7edc24c9a1bb9c0dee5cb05d8e859490725

Loaded plugins:
Alerts 1.0.0 by hachkingtohach1 for API(s) 4.0.0
AlwaysSpawn 2.2.5 by Philip Shilling for API(s) 4.0.0
AuctionHouse 2.0.0-BETA1 by Shock95x for API(s) 4.0.0
BlockGenerator 0.1.0_beta by BlockHorizons, Chris-Prime for API(s) 4.0.0, 3.0.0
BuilderTools 1.3.0-beta2 by CzechPMDevs, VixikHD for API(s) 4.0.0
CraftingTable 1.0.0 by hachkingtohach1 for API(s) 4.0.0
CropGrowth 2.0.1 by NhanAZ, kaidoMC, YTBJero for API(s) 4.0.0
CustomItemLoader 2.3.1 by alvin0319 for API(s) 4.0.0
DevTools 1.15.0 by PocketMine Team for API(s) 4.0.0
Dungeon 1.0.0 by hachkingtohach1 for API(s) 4.0.0
EconomyAPI 5.7.3-PM4 by onebone for API(s) 4.0.0
FCCore 1.0.1 by hachkingtohach1 for API(s) 4.0.0
FormAPI 1.4.0 by jojoe77777/DragonfireHD98 for API(s) 4.0.0
Gems 5.7.3-PM4 by onebone for API(s) 4.0.0
HealthTag 2.1.2 by Shelly7w7 for API(s) 4.0.0
InvCrashFix 0.0.1 by Muqsit for API(s) 4.0.0
InvSee 2.0.1 by BlockHorizons for API(s) 4.0.0
KeepInventory 1.0.0 by NhanAZ, KhoaGamingVN for API(s) 4.0.0
LaunchableTNT 1.0.1 by Vecnavium for API(s) 4.0.0
MaxEnchants 1.2.4 by Xenophilicy for API(s) 4.0.0
MultiWorld 1.7.0-beta3 by CzechPMDevs, VixikCZ, fuyutsuki, kaliiks for API(s) 4.0.0
MyItem 1.5.5 by hachkingtohach1 for API(s) 4.0.0
NPC 1.0.0 by hachkingtohach1 for API(s) 4.0.0
Napthe 0.0.2 by hachkingtohach1,tungstenvn for API(s) 4.0.0
Parties 2.0.1 by Didah (@Diduhless) for API(s) 4.0.0
PlayerStats 3.1.9_BETA by hachkingtohach1 for API(s) 4.0.0
PureChat 2.0.0 by Vecnavium, 64FF00 for API(s) 4.0.0
PureEntities 2.0.0 by LeinneSW for API(s) 4.0.0
PurePerms 1.4.5 by Vecnavium , 64FF00 & ProjectInfinity for API(s) 4.0.0
RedstoneCircuit 3.0.0 by tedo0627 for API(s) 4.0.0
ScoreBoard 1.0 by hachkingtohach1 for API(s) 4.0.0
ShopGUI 1.0.0 by hachkingtohach1 for API(s) 4.0.0
SimpleHome 1.1.0 by CzechPMDevs, VixikCZ for API(s) 4.0.0
Spyglass 1.0.1 by ItsRealNise for API(s) 4.0.0
VanillaHopper 2.0.1 by ColinHDev for API(s) 4.0.0
VanillaX 3.0.0 by CLADevs for API(s) 4.0.0
WorldProtect 2.3.11 by aliuly for API(s) 4.0.0
_NewAlias 1.4.0 by Javier Leon9966 for API(s) 4.0.0
libEasyUI 1.0.2 by GiantQuartz for API(s) 4.0.0

----------------------REPORT THE DATA BELOW THIS LINE-----------------------

===BEGIN CRASH DUMP===
eNrtPGlz28aSf2VWTm2kejxwH8w6ZVmSY73Ylp4lx94XplQDYEAiAgEGhyQ6lf++3T0DEIAkW4mV
ffkQJzaBxkxP38fg+HUnzosVry6uRFEmebYzs0Y7VbISOzPdsSzb9xzbnviGbjnGaKdey0vaxPUs
zdU03fJt09FNc7ST8rI6Koq82Jn9ulNt1jBs55QXpZDA0c5KlCVfILjcZBW/YQIvjFidiZu1CCsR
sSq/FBmb73wz3xkxCU2yBQD25juAIa7T9EWSIoqD2Xz+rgSa5/Oq4Fm1TEQ2nx+K8rLK1/P5i/zm
oOBxNZ+v03qRZDDstC7EUVYlVSLgrCzC+TwVSZYJGAOXRHuJjjbzeVRnC5Hj1Od5Wb5I87w4ycRk
vVwjKZIMhX3aRT4F3FOJetrFPJWIpw3eaRctoEwT+Jl5Osi/4CEc/rjzRGPrFaK7ElmUF9N1Hl6K
agUDpyHIu0xzHomCFnzOS3GAsFcE2/XMvRkbAMff4gQC7JZVAaL90fJ+Yn9EDHtA8BOd7d61yK9h
mpeA67dHWcRQIsC/dZWk5fQd/rtrG8ghieFC3CRl9Tg8mZ3llMJIsZsXPKzyYrNr6Bqsu9XEfE5U
gTniz2xWibL6gadJdJyVFc9C8aVkjZhCYFg/9dZtpkn6iHqL/S6L7A7a1U19wFh/ASWA8beFWIC4
wca+mLE8+BlcnB1Ie3liGpbljhgvCr750fiJOLI7+pC8TU/pB80OaHaB5rsX7zI3/jbPjjIepGKX
sDr3YX3NM4hRxa5FiLvCkMMAbbv6FulZxStxsOTA5W5V1NKS3M4aZ6KAAAvkevYn0arlx98KwiuB
u0pMn2fziWH5mk2re3esrmnOYHV5pb9c2ax3P5mS65MC3J2WNGlJv7PkKc19DXN3Tc26Z9WLixCM
AgQWVs2ag2DyxGiN5A6Pe82T7FW+AIE9MVsvMZ2f2IOzQzvLsn7HrDanyCio3cO3MTShUupBztLl
rF0dva4Qv9RJ0YYKTwNPX/JiNp0ezKZE07QlaaoomjYEdRYdvz6d4MQBLZi09nZ++m20I/7kDP3n
pUUgXqK9SLKrPL0SK5gIa0Ugt7Daaa4iT51VAR7mkUCOXQOuzSv5XxLvhnmdVbtfrVO+AfnusW+f
Mn3vV5jgmp2BDP6oMexpc1T+SDHqAlQStRhGMP2nb3C+1ZlPS6kh428XonqfF2m0u0fHL/IUjPwN
X0FYYk8BPSi4/OQoSaDdW2BefRUX+QrIy8Q1+0FgmDZ3t7he5SGvoLZDdDcjdveFDftH58rRRrwU
yWJZ7e7dN+HjHvHqDEmp8iEhHeaHpNxzCYnRJvb9A2Dx7ZKoIiTFHZISJTIDA0HlL0W1u86vd0lU
sDgbA185UWHswXKda5vm2ub2tY/NtY94TYrAG657RZyjueDIsg6woKvapYEttVB79BF4yrAQT5OP
Ahlc1WmVrNPNrjYx5Cr+YBWo23e/SmAR7RsGv/8DqzX8EuAfcAXmor142mDu1mLU+jwCO5ZkSwKb
403nuCd0+R8i11vkbPDnDnOGhSDkVEkImZjWHpGtHNZl1cIRcJCnwJ9hQjlgeCNmOj077HrHqfS+
XakMz+ixilT8hmBzqCNxpcxUFjeHfAWR7/lGnh1BvV1JD2ptcNQbSSNms4P9d2dHF0dvzo/P//di
//x8/+D7EaOoYGgQDzRNUYURgd3zp7VxXlU8vNwF0uSkvpcTG11vI8DW5n8TaSlI2117BCsRPFzu
3i27tvbbY7xkX8lIvPer1Kt/D81b8/6ScPPpsOJr9yyOwVSSKZWfl0kzs7H+xpD30CdccgBfv2UV
W0QsUYV6HjNpTDDnt7+7sL+7sL+7sL+7sL+7sL+7sMftwppOpcSmZD8VRUVHGced1QYw2mk3ZHf0
iTbRAMLrapkXJaakJeT0S6CxyvFIR6R8neAViwbDuTSmaGcWcygMRjuRWEP6wtlwsczj6rALWHFq
nQZ453NJTvOL7RhYBPZYJ2fn70/evjoE0LUIIAsj8cuqWpcgrmtehctymVSTayGCdDMJ89UUc+p+
es035dmaX2c9nrfQLuPGxJjYfcZPl0marNkZ/EBjuPgk4xgDHsj3mtCWCut8zomiEimaz6UTbHk/
O99/e/7utMc5MQceBIS/zOtSdLnrgvvsAcXj50fn+3qfybMl2Ixv33yhWneOwLHz1Wb/9Hhny2qp
kAOTkrAlEgYa7pP5ST0jt89TwPOdyETBK7mloPgdXOhyrE3Ali8CUfE+wzTlZV4kHyESwaWDZQGl
4WmBNxuGMhjtmF9k4r21IBX2qL2t7E8IoE6wLz/P87TrwD1w342B8DEyb/S5P/gowuXp60NxhRN+
SG6Sy5eHj+bSIWJfryLAPp8HkrgKiQPe+6Q+yLUXSbWsA3LoDt3THioQDoVEcKVzpLgjnT78rxLl
elQNTh8iGJALyDdJw2IzKTdQe04yUU0jXi6DnBfRVEokX39X5NfVsieOFjiMDIOY8Abqmv1/A+yS
J1H++gCO/vf8+T9FkT+aWOQSyH5DlEzuf8A0FLXINnT2+eq4EivlWR3mh5f6IjCHIuDpVZJppu4/
GsctRmB6QMxtyENiAvjCMB60oL6x6/bQ2reFAjsXfPVYqa1ZH2uoq4Gr35XJ7tDmlrJpiwOZlf1E
l1cF+av4taKnPXgsX+4k1i3zHWCXf3viTszx6WurL4M8EwH8fTTeFT7o9iQZgBRaxi5JnzXeFwcH
edEN1gow1Kb+H9KmJKf5fSxdvsiLVV+RDaTPtzW04p/zn3Ph4p/pYcEXeRZD7/Dy0PceTQLbFbDv
IaLag4co9Dux6kYiOv1PmiYSIP99CPUvBU+r5TlfdFjYwvq5Qp8YwxJapOnGvXYfjYuywTift1Q8
LD8iM8fZFVQV5fJFctNhpwvt18m3vOx1/QugezRuVoRuPk+yqxApiJOb31P7AuFnQvQ5QcBniph+
nf9YvAwqeknK7+HmeyHWMEtkuLPWYaoP/0xSawu075c5/46vIHL98ObRa7MeSY9Qnr3idRYukaDz
N+cd1vvwz2SAH0SY8aukXj0auy1GUGOXksHpQ5T7mt8c4Yyst83Shfa5MyaDcPhBZDntD4SbR+Ov
gxOV2NLSO3kQd3ifkG7pdJnbAvu8uaoBNT/bgB78m56329RVWV8m1HakSXJZ/jltKd3tvEaCQQBd
4r+kJe0gQkFtsJLvCkkC+gKyh/tN/2/FjSSn+X2s4ubN6UGHZTz7q5TmQMvvC1/37im+4etq2c1F
CjBMqMYnOR1V0CKUlciusj+RaaKs+X2If9NNcdGNXA3kM6n2MIn4ku0+g996mYqy3Hs0tqIG5Xy+
lsTM51uqfq/LtgQSu3T/FW/k9FjuQLtsm1D3+Re4gfofMuIOYb2TL7ZpvJ10sORVVwgN6NYW8n3J
eLTjWC9eaNrv458WOhXFimL9YEcZ7z7CyuVpkQP6DxB+8ro8PRo38M4+84VcXN4aQ8K3Rw8y/O5D
XH0pdJ7t+qQkXtGdurP3j7WT8vk7f797Z6UhsXcPuGFfKqHPu4QNO1P7HhNgIya1wP6bgcrwDt4x
tKlZUj1eKdPTM5HXOXyIpt+KqKygPzxIirBOuiY/vNL3/Vv6rkSUa47xeC1fg3A+LxQloaRkPr9N
2mf5PAvzQjzH1NxhsQMcZOb/UEjbEtQ9/uKAdrbM19+96+6yNJC/SkGi6GkPHqsEO0tW61S8zFfd
EqUDHGwLD/m/uzb/U6rwkohaAlEghC6BX1KFn614mqpHGqYdrCiZ9WaBDxl05dKAPtNxHlflW8HT
N0n5eNtUHZzAvyLk4Ts8P/AsSVP+Ml+ve3c5+vDPVG0HeZpkL0Fwj8ZVi3E+71EyOP0jWm5p3XL/
4TbjHz4Xtg9e7ZN1PxrHEl/L4Ift0UP0SB0jJMsKnyrfctMD37pRdetOVVKnm8eqOyS2+Zwa5LUk
YWiXD6w3XtdJEScijToPMY6bh9UqKGumK44PlU177IJULt6I6/004V1n3cI+s1P+TyhGRMFeiTzz
fcd5NE1LvA1afEgFiFE/f8Cg++imEs1v+AZCcMTLTS97bWHDSDVoM79LeFb9q4b26OOj8S1Xns9b
Cj5j1PjqBC+AcNDs4FZj86gS0XID7W9JZTwwKu8F7XgYpHC/KAhXHO9dbyEhT4E0mNuF5auLKK8g
Dfag6m2TLaAu0u55xKve9ThJK9FDvFitu6dLyLHd8yTMs6su4OeSNNKerwL5VFcPlhdV+1wK6g0f
FY2oQNsOWod9ObwVcSqo2+lCS5Jo2QdF2IV1IGenr3rLb8pf0gwXU0esvUSv2SQf+yK4uVFcI7kY
cTZ8larHpPD0Y7KWNYRPDcFHsNHudDi9WfWlniN5hqaZum74ADg9POmxHuUXRNoQCKCkr7AcrLQs
ewNlsv/wusfzgAI4LYR8LKAHvC6Sgf7X1RJHooSb54BOlwPbW9bZJT2UaJCQ5AMEySJIMo77+pB8
jImDkhBXEAIDNQhRQQG3rnIFMKSwIlC0NEtNlWXbmHmxXatzHd9+SrI479ltdEvlSc9KSJRmF1QI
cA/0w0UtbbHB/29wN3ZyGkLB2hE+evdyrdbFFelhprTbOHbdHV2Zl2L7wjfI0yD09HDQzszQbBPE
Vl5AVdjGJUw7eZgDVstzYA3s03Ysy9M94US6ZTtRGOuxFkdmGBluxPUoFmEgNDPUvABw100aTbIo
vy7Zm3PWPkppjb0yyZgOWmVEA9Nd1zHZbjNYPqnKDE139tj+60MHd+jxPeyO0D4K8iSrtZfl+iJH
5bw/fkM3CujkmnImBKl1XoriArRc8ELtMPBomWPDM8XQMYYx6gUzLMqNZ3FoxK7ju36sccvidmwH
ocGNwNG0SHMdIxaacD3hohyLJLycqmipTfyJ+SzkthvpXqwZXuxZseu6gaE7Xhjpvq4HWiSEYVom
FxQKgVcIQ5CQIMCmAQ8vx1f4JLt8zA4keZnl19kz9YtmtyjyshRTYJmXGb7qcGVgEn4mRGx5nu/r
kW0KGzSlhb5tW4HmBzoIE4gKuG/46BIQsAtRCl6ES+J/xWUZu3NF3vbMC4JQM3TuiSgwhMVdwY3Y
45EVc1+EfhQKIw4DL+p5yTQQUQFnY6CdkySdifaPBghy9SY6UOl7oa3rtgdYg8j2uI9fHTBdKzKi
GIi1QgfkzLW7UW8Nk2zhNnpNd4XthiB37lq67gVhEHDXNA3hChCuL5zQ0x3fHKCnmLF1cBDoM5uH
rhDc13kc8MiLQsv3YjsUphUKx/DdyBYOXOZ9THcqEQsF85ljuZ5rgVE5ThBykKntebZhGcKzQ8MM
DVuAZGx6XPDud04Uadozyxfc1EzfN0UcxYHph5GpGcLQwTFtDVB7huaDfQ4w4UtWLQ6wCqTfiVwn
NoRpRo6nm6HpR4YfGkZoOSFIUo8G1NArokuw11SRAyp+FnFY2uKaZVpeABYuPEP3RRDrhh3HOvDk
+WHoDclJc6woGmNBEzafWZEWaJ4e69z1Lc0Vmuf6jie463Aem6YWBUCyEdhDTAuihZzACX3dCLXY
12wbVB0Zpq55IjQi3fUD34ktsDCg9BaGcSflSFSOHrsgRi+MTVBYaFjCEuD3Bg8jAdLSuA5uAAGw
j6oNBBBnn3EehqZr+9zWPO74UQw+GFrw47oaD8AsQzv0rSDuo8iCqslNz0yhRb6IncAJ7TiwbAGe
YnPdgAzuCNd2TD0wwfFFH0On3KdCypJm8/AA3sFV8EtZWkCoJR25vmeD0YhQMx3LcByMBmZgOuBx
ALSFHQnXN9y7sIyTddhUNM98w+COZYHPh04INHBu4/+eaeigel2Elmt6XAzkW2Z5/lE0Gf+ZxsHX
ITS7nh5aus/12LEEuJcFocW0MQDbvjB85AlK4lJs0A22FR3eADaehfDHtYQA6RoelEcBOJKlBbau
2Y4QXmQGgeOEGt8iqeskUnI1IVn4QeDGgW16nuPrceSaLsjVsqIwsCIHZoexAVrH6ct6VXLezL8d
3cvNKs6zDWgw3UCBkY6bYvoKSEWrNDWIGrpnhL6n80B37QicxrSiQIvBuB3f8z0NjesuXJAy6OXQ
BpftBq5ugMeJKAp8N4TExj0ITaYRehYYg+v5RmQI/z5cehdXJKyAG5GF0ov9INKE7gcGB5+DQGza
EF0gc3ixbFZW+UfokaYQ2kShsi7mHcd3LKAidD0NbNXinmWAEQgNdBzpkL6ASbBgw+4hWYPHjTF2
q/YcApJv+rErIvDZEEwiCPwQk64dBpodeRBvfcvXXEBDvVJrW5MNlatPGDbbLMRHvBZ1Qe8qMiz2
WJwXrFddzbMn7HwJmZSVosJniEvGC8GqpWB5Jko44BULeZblFQsES7IwrSF4wAGT76VMIKFB5qV7
C4DrLF/BzBgRDHGWPMaXt+BKUSJKFkC0umSbvC4ULpbEbAVdCHT8uAIUN/iqfLpBxNC7t+imUOry
Oq1Kdp1nX1cMcz8vGHSxOQSvBDMYviXJ8IVNyff1UmSsXi8KHgGCyTybZw2y2Txj7Mn7pUDCWJXD
KlC1Agr1kk9JhV+JpXUkLxOpMvgzkGcqKpIX7qyGgsncgpAVYgaJh2KcciyOF2LGqD7FC+WyrqBa
zMbqKwYzNt9RheO81nRdh381YbLL5bzWRRQnLRjO/GzBUjzievJf8x1iYT9N82uWJiV94UBtkrCr
hLN/1aLY4Jhf8KDZP5kx3NOhqfLNLDWHAQMMC0sGqgXpIbZgw5TMcbzcBBi3lztcPXkPrgWmAwrg
UcSgRpN6QvmDZi7ZSnB8aw9rVQbaCQQSDVIUv9Q8RfkukisYC8VHLdiuWhRK6T3ELlcU40KsoRUe
g37wNa4ZXKa139SrAMQH5rdfbrLwnJeXYCHFJRjchAa8K0GH6AMNpzhsWeRZXoOaYXg5YrRrxWRT
go4zYlh+AyPYfZBswHERtqqzRL4HLJGfkR0AT2CORX6TgCkKEAOwRCaetcShbBVBxzEaNY5B4x2x
pPoaxFcVNC0SuJtFtjWYzHaBhxoczCCxEBtjxemMUA2NmpNxFHWWoTojbCjzNSmBOphywg7FlTpm
K/ySAqPn7EZdL1WGgxIpinpdSagUGApmBbQpvki54L3UlUTSc/hVnkRA9t0UoI2gzUFrkIB1TTqG
BoPHclBrafNsJWC5jfTe79I8AOvB/Scm4eAHq6TCILASCx7QvQ52JkWtkXCTkl6ewOnnqLXrhCRP
FgXefT2WiBojK4lDfGQWDpjAJ9oQTVwI0SwpjRy0VaM/s0UOisrRn9EqcKEFkTkm0mZMQy5gdYrV
snT7y3OAG3qfon/Ji+jL6C+rfE0kqDjbkqTQlQzCxxrTbtQShKs2VOmaYSnCKAi8J69Q9JVfPwKF
5BdEEkYMFtaQpTLIUkzciLCm4JtLkqVHYlZrR4ubUIio3HIkA9fJ+dGMnb88PmOvjl8fn7P909NX
x0dn7PToLXt/8vb7o7cjBoPY+QmMOmLvX568OmKnb08Ojs7OJsMQ0JOHYTtKHKeiSHLK3BiIS2Qw
XAoKySSNNtjqIHuoHSKKLTRkDKFQyDBLqA7yDPiEAA3WhPzeZ2zSyK6XmIJBJhiC5DDCLJFA6N0G
cpmRaI0TzCFYENCEye3RaAtqOxrUthYh1g1Sskiu1Kuc2/IA5iXW5ZZVU1O8lnt3k6Q4NxXnC14E
4BnjbQlOAehu6ZKrITlqFlOzIHaveFZTldKlBCq4Gmxwb9TkhKERNmYo02sMvUol+V1tXXDCTmTM
lwYPZUZep1FLSwJJ5DpjW/pLiXhN5AOjjqYpXmG1FxQsbiVJMh2JoeWNvs+iUpCcrUaMu6bZ1TBy
ozR5yzbYHSbVs46zprJElRU5vQbbGHJUr9ayDJO1HlMXxnih0dchDlITiHYis+EAPy9yLcDZ+R0C
hqQNiQ9WuAIjK8taYGColqC1RVOWYtDC1bZUjRpFyhpBVZ8TSQ0OvVdOK34zpu3bsqH9gK8Rmqzq
FeRYSK8Faz8dBIpk6vNPRMVWrugvSpTkMbdtDKrytaKIFhxjuVxD0rVajR3m8tLQprE2wqgn8cvB
jQtJXGpglzOqHMa0PdzydgikUK0C5SNKD6iTBYbEsubYvDA5R3K45Q6mKXlKfpqVcfC22kUBptgv
KLyfRvUpO5xnmahQYTOVIqA0W+apLDEDfLSEKnEiGaomMCGVZCi2yRZJXZWpJRBtsSnT25OulppL
GFaLTYXIR2ysdxRIyqOFx1VDjEoBFLW3dSzdUsASMpKcY9NDhT5OBqAia8JeQi1InxLD4o4dnL4b
MXz4EQZm0XUSgdlTrSCjZ4t/TPhnzGnK7m1FXpJ0OmMnbD+CQLXkaTyFnlO2CZEAG1ZLwaIM9w/R
wDqOuE17HWTdVuToBqMalpg8nTAk4t1pdtoU29tOEXsJJOoaHyKCifU6W4/V+aC7ea28rkw+ilaf
WJY3aiwx4amSCcp2aR6d1Gr5hpy0N2Gnak7KiwVN4KplVbZAK8YFXyALoBMQW7lOqWLBPhQfVEFn
5wXq6SBNYJRsrPG7EKKs2Ovzd0RpCSwh20FdMWzkSZXb5WRzMWlizaqqxzhrRtR2+0OR0X0n8vWY
4Q5CiG8et2xCoxzHSThhlKWWHIsAlqxANhXqDrRBH++FMDUiWkBpV0T0EiUBUZcCMaRoTuG8lCqV
pQSMrZSNIidCbiSoUKe6qcMTKpIOj8/2n0N9RPVUnZENYcCuMVLSLVNZJCRojOrjfFG339jyufX1
SAT1YtY0bd8yHZs1VbIuIVzRdaZ6+VLuPqA3Z2Uuk7fyCB2RSaoltoNlnpe0Q9H0aqLpximK4/Yy
K/lVky3gEB+BoE9w4bVOGw+E0WMasmhTmzc/50kmNwRIUl+zD0F+g55fsONDtvvh3fHhHugd3B5o
gPHXoDZUDD4pC86BPVwRKfnI8gO8Id/qLgNv//D8VYNf9XcdyNe0GN5Po8KB1KtKEeItb7aSVBq9
AfrG+ETC0zyOaVm4lsSb8U2dRFuFkDzH/V2cc9qGka4mvxMtZUCRXvlVXartoBCCSCXDrJozlnNm
TN1wxWVkClHhUa2CORC/2tP0KPJLeMNUPGpGXSXietwm6Lt2zqRw91f4hUdq8indy2ACImtEi7kd
oyNthYD68ZiSM0x+S6m6M5kYz4RsvQMhkQUCP7DG6EMh5ErLxs7ItBDcT/qSfVyoZR9iIONDUoGX
kLIWw8+33UWldjeZvABMEeONuQOxzWT8bakxBzs8Ab5Eh35WJpHMGcgPB52CwZV10JXCApMojBCR
TJ100qY22mpSxsHDUKSCOgVp3rRqmlzCEtgnUyRKObC+oA8OyDgGS3C2lNg6QQ68v6xkSiZixyiN
hrTxVjSStePDssMXhmnUvMTG5A3Wlk215dSUOTSnpyTAN2YGewJk4kOBrSK321qtLie3lamC1zVP
qJuFZAKtnrSidb6u08Zt1Anmexqj0oZp4ILUBiGXtBJmXIxcUBKoBgMhaiNvpkod3Hek5lqCZaWg
LAs/c9NG6Ggb9NAzx/jJ1AGoDQx9sHryoJPTIR6M5cNV7cgl6G0mSZmsV6v1JMmJYgh1mxU2h+DK
Fe6zhuWWdExT6jrbXicWKMzxxaIQC7WlqPYf5TYLfrjvcsgf0Qex5uTwBD/0NFZJQdYHGL6uhexA
OH3WEFcsifAtAwSbdO4OQJ5uJV+v8RkmqZxbQgWFyuvKmKASwicMKJd18s0BbuKL7l7eCJLDesnB
LQRG9gJpaOpSyBixKKD3GGNczDAZyqtN7pKZg/f2BtVTH51kW0MNDrUNxdYmhCmEpGV5vVnjllYl
X121Vslqm0FUNkakOB6tHhMGahHDOC5Im55qUrPBPdkuoK50V2gk9+l8r5KJ1KT0gM5eksIB6Csl
z2bXaKmAMsQVbSehogNuwkOzFlEZlMQtIryZXhfy1gxGm2YrRUZewKeiU5NvOT5eqPo0KK05Piyl
zrAAAhqVrmaN0uQ1sFHc05uxH6lygaJ1RJt8PyFSmZjb5N29ZURsYCVdUIDHbZTmq0e0P3JXHqX4
TO1jSR0Dtd/yy7RCFQFd8uW6BJeHgBHdwNJkTt2uOGMvXu2fSyC2GgJ31r5Rj26MbP+GXq4YmTdR
UlQjCrrfqEpP3mvpblpIJ8ZEB6JVe4q8VlaXgrLCDZPft6uLJu42nVrR3qWhoAJ4IB2FdLusbOQ0
bu7wgAnIsv7JC4omtBSN7yGhulhBLjqQMdWXncIvl7W//G6manLDS2yTSmroILgFSYqfKKVCjsYh
v/TB0lRmCukqkkvCD5VR0YZjvE87VCre0DzdqviA7mrSbb05VC1PXhQJOxQhMyxmGDPTntkae3/8
nBmaoeOA5tbbUwERFs5XeRU9le/uFngXkD4qiM72VPd1SF194JVDYBPBqjtI1gAE6wbI9TKpxBhv
uSkA9k+qWntqawhZcNw9iMRTOpN3A1sYFLgIxf1avK/TnK+v1gpflGBDBRa8eUqUtQbZ5renxCPV
wlhibzlr6mMRdYbgrfinh0cv9t+9Ou+wRPcF1ZKUHdBV1Xmven3qIahTodOQnd/+D1+/BcU=
===END CRASH DUMP===
