PocketMine-MP Crash Dump Fri Feb 4 18:36:04 WIB 2022

Error: World "Piglin's Path" is in an unsupported format and needs to be upgraded
File: plugins/NativeDimensions-81f90d687825c6e8685709d5c36a0ff8c9221b8e/src/world/DimensionalWorldManager
Line: 218
Type: pocketmine\world\format\io\exception\UnsupportedWorldFormatException

THIS CRASH WAS CAUSED BY A PLUGIN
BAD PLUGIN: NativeDimensions

Code:
[209] 					$overworld->getWorldData()->getGeneratorOptions(),
[210] 					$overworld->getWorldData()->getGenerator(),
[211] 					$e->getMessage()
[212] 				)
[213] 			)));
[214] 			return false;
[215] 		}
[216] 		if(!($overworld instanceof WritableWorldProvider)){
[217] 			if(!$autoUpgrade){
[218] 				throw new UnsupportedWorldFormatException("World \"$name\" is in an unsupported format and needs to be upgraded");
[219] 			}
[220] 			$this->server->getLogger()->notice($this->server->getLanguage()->translate(KnownTranslationFactory::pocketmine_level_conversion_start($name)));
[221] 
[222] 			$converter = new DimensionalFormatConverter([
[223] 				$overworld,
[224] 				$providerClass->fromPath($path, DimensionIds::NETHER),
[225] 				$providerClass->fromPath($path, DimensionIds::THE_END)
[226] 			], $this->providerManager->getDefault(), Path::join($this->server->getDataPath(), "backups", "worlds"), $this->server->getLogger());
[227] 			[$overworld, $nether, $end] = $converter->execute();
[228] 

Backtrace:
#0 plugins/FCCore/src/hachkingtohach1/FCCore/FCCore(642): jasonwynn10\NativeDimensions\world\DimensionalWorldManager->loadWorld(string[13] Piglin's Path)
#1 pmsrc/src/event/RegisteredListener(75): hachkingtohach1\FCCore\FCCore->onMovement(object pocketmine\event\player\PlayerMoveEvent#125548)
#2 pmsrc/src/event/Event(62): pocketmine\event\RegisteredListener->callEvent(object pocketmine\event\player\PlayerMoveEvent#125548)
#3 pmsrc/src/player/Player(1178): pocketmine\event\Event->call()
#4 pmsrc/src/player/Player(1265): pocketmine\player\Player->processMostRecentMovements()
#5 pmsrc/src/world/World(859): pocketmine\player\Player->onUpdate(integer 653)
#6 pmsrc/src/world/World(785): pocketmine\world\World->actuallyDoTick(integer 653)
#7 plugins/NativeDimensions-81f90d687825c6e8685709d5c36a0ff8c9221b8e/src/world/DimensionalWorldManager(424): pocketmine\world\World->doTick(integer 653)
#8 pmsrc/src/Server(1760): jasonwynn10\NativeDimensions\world\DimensionalWorldManager->tick(integer 653)
#9 pmsrc/src/Server(1642): pocketmine\Server->tick()
#10 pmsrc/src/Server(1034): pocketmine\Server->tickProcessor()
#11 pmsrc/src/PocketMine(301): pocketmine\Server->__construct(object BaseClassLoader#2, object pocketmine\utils\MainLogger#3, string[36] C:\Users\tranthien\Desktop\FoxCraft\, string[44] C:\Users\tranthien\Desktop\FoxCraft\plugins\)
#12 pmsrc/src/PocketMine(324): pocketmine\server()
#13 pmsrc(11): require(string[80] phar://C:/Users/tranthien/Desktop/FoxCraft/PocketMine-MP.phar/src/PocketMine.php)

PocketMine-MP version: 4.0.0 [Protocol 475]
Git commit: 468faa464b2bc5c97f23fafbb71ea61035f6f218
uname -a: Windows NT tranthien4-8sin 10.0 build 17763 (Windows Server 2016) AMD64
PHP Version: 8.0.13
Zend version: 4.0.13
OS: WINNT, win
Composer libraries: 
- adhocore/json-comment 1.1.2@fc2f76979f0a44a5f5bc2a2b600d0762fe0e78e7
- brick/math 0.9.3@ca57d18f028f84f777b2168cd1911b0dee2343ae
- daverandom/callback-validator unknown@unknown
- fgrosse/phpasn1 v2.3.0@20299033c35f4300eb656e7e8e88cf52d1d6694e
- netresearch/jsonmapper v4.0.0@8bbc021a8edb2e4a7ea2f8ad4fa9ec9dce2fcb8d
- pocketmine/bedrock-data 1.5.0+bedrock-1.18.0@482c679aa5ed0b81c088c2b1ff0b8110a94c8a6c
- pocketmine/bedrock-protocol 7.0.0+bedrock-1.18.0@040a883a4abb8c9b93114d5278cb5fecc635da82
- pocketmine/binaryutils 0.2.2@f883e1cf9099ed6a757a10a2f75b3333eeb2cdf9
- pocketmine/callback-validator 1.0.3@64787469766bcaa7e5885242e85c23c25e8c55a2
- pocketmine/classloader 0.2.0@49ea303993efdfb39cd302e2156d50aa78209e78
- pocketmine/color 0.2.0@09be6ea6d76f2e33d6813c39d29c22c46c17e1d2
- pocketmine/errorhandler 0.3.0@ec742b209e8056bbe855069c4eff94c9734ea19b
- pocketmine/locale-data 2.0.20@a6e4eb22587e0014f6d658732cf633262723f8d3
- pocketmine/log 0.4.0@e6c912c0f9055c81d23108ec2d179b96f404c043
- pocketmine/log-pthreads 0.4.0@61f709e8cf36bcc24e4efe02acded680a1ce23cd
- pocketmine/math 0.4.0@6d64e2555bd2e95ed024574f75d1cefc135c89fc
- pocketmine/nbt 0.3.0@98c4a04b55a915e18f83d3b0c9beb24a71abcd31
- pocketmine/pocketmine-mp 4.0.0@468faa464b2bc5c97f23fafbb71ea61035f6f218
- pocketmine/raklib 0.14.2@e3a861187470e1facc6625040128f447ebbcbaec
- pocketmine/raklib-ipc 0.1.1@922a6444b0c6c7daaa5aa5a832107e1ec4738aed
- pocketmine/snooze 0.3.1@0ac8fc2a781c419a1f64ebca4d5835028f59e29b
- ramsey/collection 1.2.2@cccc74ee5e328031b15640b51056ee8d3bb66c0a
- ramsey/uuid 4.2.3@fc9bb7fb5388691fd7373cd44dcb4d63bbcf24df
- rhumsaa/uuid unknown@unknown
- symfony/polyfill-ctype v1.23.0@46cd95797e9df938fdd2b03693b5fca5e64b01ce
- symfony/polyfill-php80 v1.23.1@1100343ed1a92e3a38f9ae122fc0eb21602547be
- symfony/polyfill-php81 v1.23.0@e66119f3de95efc359483f810c4c3e6436279436
- webmozart/assert 1.10.0@6964c76c7804814a842473e0c8fd15bab0f18e25
- webmozart/path-util 2.3.0@d939f7edc24c9a1bb9c0dee5cb05d8e859490725

Loaded plugins:
Alerts 1.0.0 by hachkingtohach1 for API(s) 4.0.0
AntiInstaBreak 1.0.0 by PMMP Team for API(s) 4.0.0
AuctionHouse 2.0.0-BETA1 by Shock95x for API(s) 4.0.0
BuilderTools 1.3.0-beta2 by CzechPMDevs, VixikHD for API(s) 4.0.0
CraftingTable 1.0.0 by hachkingtohach1 for API(s) 4.0.0
CropGrowth 2.0.1 by NhanAZ, kaidoMC, YTBJero for API(s) 4.0.0
CustomItemLoader 2.3.1 by alvin0319 for API(s) 4.0.0
DevTools 1.15.0 by PocketMine Team for API(s) 4.0.0
EconomyAPI 5.7.3-PM4 by onebone for API(s) 4.0.0
FCCore 1.0.1 by hachkingtohach1 for API(s) 4.0.0
FormAPI 1.4.0 by jojoe77777/DragonfireHD98 for API(s) 4.0.0
Gems 5.7.3-PM4 by onebone for API(s) 4.0.0
HealthTag 2.1.2 by Shelly7w7 for API(s) 4.0.0
InvCrashFix 0.0.1 by Muqsit for API(s) 4.0.0
InvSee 2.0.1 by BlockHorizons for API(s) 4.0.0
KeepInventory 1.0.0 by NhanAZ, KhoaGamingVN for API(s) 4.0.0
LaunchableTNT 1.0.1 by Vecnavium for API(s) 4.0.0
MaxEnchants 1.2.2 by Xenophilicy for API(s) 4.0.0
MultiWorld 1.7.0-beta3 by CzechPMDevs, VixikCZ, fuyutsuki, kaliiks for API(s) 4.0.0
MyItem 1.5.5 by hachkingtohach1 for API(s) 4.0.0
NPC 1.0.0 by hachkingtohach1 for API(s) 4.0.0
Napthe 0.0.2 by hachkingtohach1,tungstenvn for API(s) 4.0.0
NativeDimensions 1.0.0-beta4 by jasonwynn10 for API(s) 4.0.0
Parties 2.0.1 by Didah (@Diduhless) for API(s) 4.0.0
PlayerStats 3.1.9_BETA by hachkingtohach1 for API(s) 4.0.0
PureChat 2.0.0 by Vecnavium, 64FF00 for API(s) 4.0.0
PureEntities 2.0.0 by LeinneSW for API(s) 4.0.0
PurePerms 1.4.5 by Vecnavium , 64FF00 & ProjectInfinity for API(s) 4.0.0
RedstoneCircuit 3.0.0 by tedo0627 for API(s) 4.0.0
ScoreBoard 1.0 by hachkingtohach1 for API(s) 4.0.0
Shield 1.4.0 by JavierLeon9966 for API(s) 4.0.0
ShopGUI 1.0.0 by hachkingtohach1 for API(s) 4.0.0
SimpleHome 1.1.0 by CzechPMDevs, VixikCZ for API(s) 4.0.0
Spyglass 1.0.1 by ItsRealNise for API(s) 4.0.0
VanillaHopper 2.0.1 by ColinHDev for API(s) 4.0.0
VanillaX 3.0.0 by CLADevs for API(s) 4.0.0
_NewAlias 1.4.0 by Javier Leon9966 for API(s) 4.0.0
libEasyUI 1.0.2 by GiantQuartz for API(s) 4.0.0

----------------------REPORT THE DATA BELOW THIS LINE-----------------------

===BEGIN CRASH DUMP===
eNrtPIty27aWv4JVOlt71pL5Fqk7ycSxnca3caKNnSZ7q44HJEGRNUWqfNhW7vTf95wD8CU7sdO6
2+5M0yYiQeDgvB8AwX+PorxY8eriShRlkmejmbU3qpKVGM10xzK9qWU71kRzDNPdG9Vr+cS0J4Zr
6o6jTzXd0AwYkvKyOi6KvBjN/j2qNmvoNVrnwaWoVkkmFovrvEjDxUJOtlgk+WIhbgIBAPNssXif
lfV6nReVCD9gx5fU7bjpMNobrURZ8iVCpQ5sMZonyzTJvi3ZnFfxYsSSkiUZ4xmrO2BMzgetIcuE
CEtW5cwXrF4vCx6KEABHdZq+TFKEfDgDTErgw2JRFTyr4kQAbkeivKzy9WLxMr85LHgE2K/Teplk
0O0Nr5IrcQRMyZB55djVI08LHXfqGnbgCNdx7anmhXZgOlyLIjfwDEP3XWBIWQQtV1oAPCXqTnkG
tBaTdbxGDCV2atL93zznPky5TzPuf2ZCmAxYCpMZOkgbeBDA9Y+jJxprJn95eJgXElLMg/gyyZZV
jld680j+7DiWsTtjP/Myz643WaZrt5l1H/njZ2nOpT7slFUBU/2omz+xgdx3AeUnOluvECP8K65E
Vu2/E8ukrEQhwtf4m4liZ2oDPls4g0wJ2+Z3/CzPTvMrAehUO7n/swgq1ldiAo7i5xtRLBZz+sUB
x/jgiW7YtuUSSsYtlKjLjoNcuQPkbYTHzwKepnLU70LF7KEiu+/L3ju6PnXvRoeASAx2CIj1eSCG
Y28BGSI1frYu8gDM9zQvq3ciAMgNj0sJ3O4Bl/ophe7a3j2Q8+z9OuSV2EmySoDKMMc2CaTzGZBT
dxtZpYP0ePyMB1UNRG+O8vMkuLwFdsr+D6xwxzKsLyIZ3o2c26P5TBRXKJypo/1+M6zums27YzZp
9H3E5RMFQhqrdsdAzbS+MHAu9ScvFIS+vc9pzCmM2TE1/TNALi4CILQq6qC1pRe8FIcQtMrX4GNE
8cTYY3dYWV0lKTDolCfZ63wJ5D8x95jyRabzE3twxGhHWdZXjGrjjKTb+Azdt9SllGyVo5T9g7VD
r0L8UifgnhU2rvYTW8e8mO3vH872Caf9FqV9hdF+g1Bv0vHpfIIDt3DBiLU7+unXvZH4f5kL/CmR
FrglZ7xIsqs8la4R0AhBUEE1ap5CyzZC8CzIQ4FsNjQPOiyq5r9vwMUW19JfLEVFcx/xiu/s0v13
GGJ4lRdviangiPcAmKFrvwlIM1ofjhbU61RKi7TR0I1eF9liti27u7v/oCarbSpEVRcZi3haCvnM
Vs9+pTtH3SXRzn/sdOiC9MuKZ4HII/ahSCrup4KwB1dylYC97+7+m8ZP25kQwje8rvL3Uh9UB7eH
bxUX+TXozjW7R0d3Fo1mLhajbzK+Enjxm7RyMVI86cRLlBudpL4Bay3Hz0rl7IDl0lehlLIcHKjY
uaMLz5Y1iQV8LFh8mWIY/T7Lr7NzdQuEvIR4mBeb2awz34sUcoQUHaqqGC6A00W1Q2Q2EjRQE+ii
k/c3cggkOewpMbFnGpJ/h02HnR9prNnjfSdbUjXD6j9bK6mSQx8/i4p8hY5g55s1/LvXTXQSlrPZ
m+PzV8fvpMYa9m8GA0Aujt8ckQ4bTgvmpz2mmN1Aa8MocP1IRLxOK7AX8lSz2c95kt0hHTQymho6
LkY+Dy7rdbkY4Q3xAK5324nuELySQqfdP/b4x77JRBWLAi5EFv4E0uhEM34mbkRQgyooEKj/o1//
Lgb+Lgb+Lgb+Lgb+Lgb+Lga+thho8tcS09SDFMIMXWG6ALFFNeyN2vXHkT7RJhq0QDIW50WJQWfL
VSNQvk7wiUWd4V5kmOSFoxlIVuyNQrGG4IaD4VmZRxB6ew0rTvn0rQggsWl+MUkHhYCO87dn5x/e
vnt9BE3Xwi+TCnGPq2pdAreueRXEZZxUk2sh/HQzCfLVPgbNg6xKTjATfVEIftmnevjgHurnp6dz
di746rHoXq9WoFpDJKRi30cyUQWWA7i+yutS9GnqN/cpMhDV8Yvj8wN9SNdZDLri2Te/j6zRMdhz
vtoczE9GHYmlgr1YcIlXjHgB0UMs7yX2RZ2k4BLO8zztq+2geSg+E4j1RcWNIbGHn0QQz0+PxBUO
+CG5SS5fHT2WQAMEvl6FAHyx8CVuFeK2WGxh+iCFXiZVXPukxj209weggDfkB8B8zhHhHnOG7X8R
0x4gtXX7EL4AW4C9SRoUm0m5qUQ5gSx6P+Rl7Oe8CPclQ/L1d1AjVvGAG23jtlVs2cObmGcH/4K2
S56E+ekhXP3P+Yt/iiJ/LK7IGZD6BqeHmf0diqGQRarrsspXJ5VYyfDZp3370ZAD5jYHeHqVZJoJ
xe4jEdwCBJq3cLnd8hB/AIaw7QvapqGm6/YtP96Gxkf15s38mDVcbdn52fnBu/P38/uE2WG238IA
YnuetSO319gn2J5MJ+Z4fmoNac4z4cPfx6JVgYPaRGIBMKFA6WN0rwRlddcjSDVs+yn9z/FTwyL0
sTwTLrAMxdi0DMm2tnX25/znXEzxz/5RwZd5FkHG+OrIcx+LAd0EmOwSTu3FQ8T5nVj1jZFu/0S9
xPnlvw9B/pXgaRWf82WPgq5t6Cz1ibGdPgkoTqfX08ciomwALhYtEg9PC0+yKwiqZfwyuelR02/t
06PdtrDT+hcA91jErAjaYpFkVwEiECWQCz7czwPeZ0IMCcGGe0L4ixQ86au8SD7h8vwjkTIAulhI
TL6GmO+FWMMokeFibo+mYfs9iVqbnXwf5/w7DsXl8oc3j52YDDB6hNzkNa+zIEZ8zt+c9ygftt/j
+n8QQcavkvrRInYLEITYR2Tr9iGiPeU3xzgiG1TV/dYhcca2F/kosnwdJ2kSbB6LvB5IFGGLyuDm
QcTVaZXQ8lOftq5xSNpUFV7mvYXX4b/oxZ9NXZX1ZUIJd5okl+UfUo6tEF+1qjbA/feUYj1AyKcN
JrF9HsmGIX/sif3npDQSm+b3sVKaN/PDHsV49xepNAGVr/Ncn10/esPXVdwPQqphO5AaXyR0r6qz
Je4jXGV/HM2EWPP7ENu+tZfdp/LWNveWYMnOtzK63rr2o+WmX14qH8r4rlILCZ3zokpEn76m5Z5c
4igJecx2nsNvHaeiLHcfi66wgbhYrCUui0WH1Nf6pRY/opY2Y84qPohH/dY+1SZktd4FLg3+Oaba
w2tw87std14X4jDmVZ8HTdOttdHPZRt7I8d6+VL7OnWmeeaiWFE021oqxf181N15kQP0j+Bi87qc
H4+b9t4C6oWcG9ii8O6uHmLe2Pc4q5Jt1e8338OI1yLJMnH24bGknxI8UHnAQSgcJFE9jL5u3aRB
cX8ARZEvhTCkXbZt19z2ZzSA7TEpBfafDESGO1InUIBnSfVoudpAzIRd7/Ihgn4nwrKC0vcwKYI6
6Sv89pOh4d8SdyXCXHOMR6tmG3iLRaEQCSQiuMG+jdm9ZJ4FeSFeYPLRo7DXuBWi/hx31uHTv/7d
zuwsTsQgBVcN9ywd/RN0WBSvRZ55nuM8FtFDqEAn4dL8PkiUcb7+7v3JgB7Z8hdJIBU67cVjZcxn
yWqdilf5qp9S9hq31q+3yb+7kPojSqaScIpzfG9ugN/vKZnOVjxN5+qNjR5UZMx6s8Tt/z5bmqZ7
1gZOqvKd4OmbpHy0tcQeSCBf4fHwdbgfeJakKX+Vr9eDvZhh+z2552GeJtkr4NtjEdUCXCwGiGzd
/hYZt6h2xH+8TffH++LP4esDUu3HIliCa+n72F09RIoXb8T1QZrwvk52bQ/yvOyPdr2Ei/r5DYIb
gtuXYH7FF6P9Y15uBh66a9u2x63a97uEZ9V/11DMfHossuXEi0WLwD3Cw/e5eQF4V2J73695U4ZQ
ual6pa/ckxq5aIq4gOUHK47byF1LwFNADcb22/LVRZhX4OoHreqd+66hLtL+Pb4l17+PkrQSA8DL
1bp/G0Mc6d8n+MJov+HnkgTS3q98+VLRoC0vKrVkIfcy8BXtkDKqrtM6GPLhnYhSQcVJv7UkjpbD
phBrpl7L2fz1YPpN+Uua4WTqirWPqvxSZMmnIQtubhTViC66xw1fpeQtDbr9lKxlnPQof/8EKtof
Drc3qyHXc0TP0DRT1w0PGuZHbwekh/kFobbdCE3JUGA5aGlZDjrKiPbxdEDzFgZwWwi5RT9ovC6S
Lfmvqxh7Ioct5Srn8ZbuxXV2Se/EGcQkuZmfLP0k47jLAD7WmDjICXxhPPRVJwQFScq6ylWDIZkV
gqClWmoq9ei9c97N1XuOpzWSLMoHehveEnky0BJipdlvKgSYB9rhspa62MD/F5gbezsPICnrMR+t
O16reXFGOgSR9uu8vrmjKfNSdMdrW37SazqjmaGZBrCtvIDUZzSjgw4wQ5FXeZADVGtqwxxYV40s
x404txzLN/zADrxpZJgRj3x/qgvu6JppR06EJxb2RrVC5UOShfl1yd6cs/ZNPmvslknGdMCCEQ5M
n04dk+00neWLkszQdGeXHZweObjQhkdRe0z7JMiSrFZf4vVFjsL5cPKGNi7o5poyFnBS67wUxQVI
ueCFWhDgYZxjibKPrmMMfdSpF0w8jedRYERTx5t6kcYti9uR7QcGN3xH00Jt6hiR0MTUFVPkY5EE
l/vKW2oTb2I+D7g9DXU30gw3cq1oOp36hu64Qah7uu5roRCGaZlckCsEWsENQTzCF5zxVfvxFU+T
EM+1AEDQOzwT8Vz9ototi7wsxT6QzMsMDzpc4Zss2nNDMzxPM80ABGGZmiZ8x3bEVLjCdYPINkI9
dBzPwlnBYReiFLwIYqJ/xWWyNroi7Xju+n6gGTp3RegbwuJTwY3I5aEVcU8EXhgIIwp8NxxYyb4v
wgLuxoA7Vyv+2n81jcBXkN5zyzUCZ+pxbotQ81090AA5w9ejCO90jXtW4HInuBtyp5ejKSK6DV2z
NO66Jre477uB53vg6qzQNqZu4NuRCALHtEPuGlvQyWN05m2gAgAYoQeRp3meCB0+taccsAOtsH0T
/kCFagRh5A0h3SlCzBLM5441dacWqJTj+AEHjtquaxuWIVw7MMzAsIUb2DbfQi3A3DtVrzURasBC
T3BTMz3PFFEY+aYXhKZmCEO3ndDWALRraB5o5xakPM07GJrnCwesNpyCyQrTDB1XB8XxQsMLDCOw
nECfCj3cwoYO1cWgralCB9VOBFPL8HFKV7Md3weCbM3xAktEEQjTm5qW4LrnD0GlOeYTjapgBWBo
z7kjLOCrYbtToWm6FTmhA9emEUSOaRqOMQWP44bmNqglIWMhMk7g6UaggdxsO3CBAlPXXBGA8k9B
HZzI0qxAs25DGPcijgTl6NEUiQoiEyQWGBbgBmZv8CAEhXA1roMVmMGWDbR+gECEjiUM27b90BAe
arxh2VNwCHYIg6NANwFHL9pS9syvWuZ6bmBxzfJBMzzdFuBTXDM0fQ10GxgFhqlzH8SvDyF0l2PK
o6RRf4X/7sEq+KXMLMDTWmAYwuSuo+ugy1NN6BEHm3IMGwxPB2dnWVMBrsPnIrgLyjhZB01C89wz
DO5YlgXEOME05OAS8H/XNHQNdE8E1tR0udjib5nl+SfRBPznGg9c8NWg83pg6R7XI+A42BcYvWva
6H9tTxikfJARl2KDdtAldLQf/TyAP1NLCFuYhgvZkQ+WZGm+rYM+CwH65vuOE2i8A1LXiQw/4Hkh
VnjAw8i3Tdd1PD0Kp+YU9MKywsC3QgdGB5FhhREOj+tVyXkz/rZzLzerKM82IMF0A/lFOm5y6StA
1SQhBqFnT72p8MD7mG4UhoavmY5ngoODuCNAvBoo112wIGK4WgtLfw7uVoM4JEKde+AEOEDzuNAN
8O0QPCBiaYZtTf3PwtJ7eAkHlMKLzBD1PIIQ5Fku2KquBVZgAlImGK8H/8paZZV/ggppH3ybKFTQ
RQ11PMcKpqANrma5usVdywAlEBrIONRtn/tapLtgUAMgeDhujM5bvdKpPQ8904umIgSbDUAlfN8L
MObaga/ZIURDwM3TpgCGSqVWtyYbylafMFzpYAG+arasCzqHyDDXw6OSbJBcLbIn7DyGQMpKUeHb
vCXjhWBVLFieiRIueMUCnmV5hWcqkyxIa3AeeApTnoqYQECDwEs7AQDrLF/ByAgBbMMseST2WI7n
5koEyXx8aZ5t8rpQsFgSsRUUIVFCM0Bug8d30w0ChsK9BbcfykOAJbvOs28rhqGfFwyPnoLzSjCE
bRBDPNwn6b6ORaYOhAKAySJbZA2w2SJj7MmHmA704dHREpNWAKGOmJSsPdwZyseEqvT+DPiZior4
hYuHgWAyuGDLCiEDxwMxTtVZ0Zk8h4sPyriuIFnMxuos9owtRipvDFJI9sLFiDA7SNP8mqVJidg2
56XYVcLZf9ei2GCfX/BirB7NGBbmNPSYSnU1hs7HYrrIQGLAFITmb5hiJfaXlf24fdxD9skHsBjQ
COArD0MGmZdkP7IVjxSxleBlXdApNDyk6wtEGpgjfql5imxbJlfQF5KKWrAdNSkkyLsIXc4oxoXA
E71jYDueDZrBY5r7Tb3ygSugVQflJgvOeXkJgi8uQY8m1OF9KU8Bt5Rit7jIs7wG6UH3co/JQ82y
1EB72GOYVAMhWFMQb8AesW1VZ6BB2EUCPyPxAk2gZUV+k4CGCWADkESam7XIIW8VQicR6ir2QZ3c
Y0n1LbCvKmhYKCo8F4UqszWY7QANNdiNQWwhMsaK0hmB2tZVTspR1FmG4gyxTMzXJASqS8oJOxJX
6pqtkmUMxoyv8u31jU8pDnKkKOp1JVslw5AxK8BN0UXCBaOkWiOUBsGv8iQEtO/GAHUEdQ4S/gS0
a9JTNOg8lp1aTVtkK7HC49I03Xdp7oP24KoSk+1gB6ukQtteiSX3aZWenUlWa8TcpKTTCTj8HKV2
nRDnSaPAaK/HElCjZCVRiG/k4qlyOq6JYKJCiGZKqeQgrRrNlC1zEBQeBSatwImWhOaYUJsxDamA
2ckFy4zsL08BLtN9Cf8Yyvrfh39Z5WtCQbnPFiUFrmTgPtYYTcMWIZy1wWoKeadCjJzAB7IKhV/5
7SNgSHZBKKHHYEENwSeD4MPkcW7U7lyiLC0Sg1XbGz++QV8eaCiSjuvt+fGMnb86OWOvT05PztnB
fP765PiMzY/fsQ9v331//G6PQSd2/hZ6HbMPr96+Pmbzd28Pj8/OJtsuYMAPw3YUO+aiSHIKyOiI
6eMHQSzIJRM3WmerA+8hJQjJt1CXMbhCId0sgTrMM6ATHDRoE9L7OWWTSnYdY2QFnqALkt0IsgQC
rrdz5DIi0RxvMYZgnKcBk9u9URfUGjOIbS0CTAckZxFdKVc5tqUB1Eusy45UU1O0lrt3o6QoNxXl
S174YBnjLrMmB3Q3d8nUEB01iqlR4LtXPKPjzgNMIDGrQQd395qYsK2EjRrK8BpBkV9JeledCU7Y
W+nzpcJD9pDXadjikkAQuc5Yh38pAa8JfSDU0TRFK8z2kpzFrSBJqiMhtLThFxyaYCtHqx7jvmr2
JYzUKEne0g12h0oNtOOsSRhRZAXMhGqoFDmsV2uZXckUjqkHY3zQyOsIO6kBhDuh2VAAdxDmwdj5
HQyGoA2BD2a4AiUry1qgY6hikNqyyTbRaeFsHVZ7jSBljqCSyonEBrt+lk8rfjOmRdmywf2Qr7E1
WdUriLEQXgsETh9hQUEyeVpfYtHxFe1FsZIs5raOQbK9VhjRhGPMgmsIulYrsaNcPtrWacyN0OtJ
+LJzY0ISlurYp0x+7oYWfVvajgAVylUgfUTuAXYywZBQ1hxrEibHSAo76mCY4qekp5kZO3fZLjIw
xTJAwf0yqC/p4SLLRIUCm6kQAalZnKcyxfTxFQ/KxAllyJpAhVSQId8mKx/1VIYWX7TJpgxvT/pS
ah6hWy02FQLfY2O9J0ASHk08rhpkVAggr93lsbRRgClkKCnHWoYSfRwMjQqtCXsFuSB9RgaTO3Y4
f7/H8P1D6JiF10kIak+5gvSeLfwxwZ8xp0m7u4y8JO70+k7YQQiOKuZptA+lpCwTQgE6rKaCSRmu
C6KC9QyxC3s9YP1S5PgGvRqmmDydMETi/TybN8l2VwBiLYFIXePLPDCwXmfrsbrfqm5OldWVySfR
yhPT8kaMJQY8lTJB2i7VoxdaLc+Qg3YnbK7GpLxY0gCuKlGlCzRjVPAlkgAyAbaV65QyFiwv8R0L
NHZeoJwO0wQ/7EH1Mn5sQJQVOz1/T5iWQBJ966iuGNbnJMpuOllcTBpfs6rqMY6aEbb9+lBktJtE
th4xXBgI8GhvSybUv1GUBBNGUSrmmASwZAW8qVB2IA36AhO4qT3CBYR2RUjHyAnwuuSIIURzcuel
FKlMJaBvpXRUfrWJ1geUq1PV1NFbSpKOTs4OXkB+RPlUnZEOocOu0VPSRqhMEhJURvUdsLBfb3R0
drYeCr9ezpqi7RnTsVhTKWsM7oqeM1Wil3JRAa05K3MZvJVF6AhMYi2hHcY5FPFohU2tJppqnLw4
Lhuzkl810QIuofSW32HBZ70yHhCjvXaZtKk1GfzskVwQIE59yz76+Q1afsFOjtjOx/cnR7sgdzB7
wAH6X4PYUDD4uioYB9ZwRaj4I9MPsIa8k10G1v7xxesGvqrvei3f0mS4S0aJA4lXpSJEW96sEKkw
egP4jfE1g6d5FNG08CyJNuObOgk7gRA/x8PFmXNaXZGmpj72RTygvsqu6lKt8gTgRCrpZtWYsRwz
Y2obFaeRIUS5RzULxkCeLdsaJcNh6XYo3mt6XSXietwG6LsWxCRzD1Z5jd4jkrFOORNgWcNajO3o
HWkpBMSP1xScYfA7CtW9wUQ4fuZM2QsB80WEtl+u+TUpBeqo+rYPqhY2D4O+JB8naskHH8j4Nqrq
U0Mwm4B4eheW2t1o8gIghYw36g7INoPxt8XG3Frh8fGgHtpZmYQyZiA9HGQKClfWfp8LSwyi0EOE
MnTSTRvaaKlJKQcPApEKqhSketOsaXIJU2CdTJ4o5UD6ko70Sz+G35RjsYTWc3Jg/WUlQzIhO0Zu
NKiNO9ZI0k6Oyh5d6KZR8hIak9umLZlqyalJc2jMQEgAb8wM9gTQxBfaWkF2y1qtLCe3hamc1zVP
qJqFYAKlntSidb6u08Zs1A3Ge+qjwoZp4IRUBiGVNBNGXPRckBKoAgNb1ELeTKU6uO5IxbVslpmC
0ixApPPQYef00DLH+GXGrabWMQyb1fsEvZgO/mAs35hqe8Ygt5lEZYLfb5kkOWEMrm6zwuIQTLnC
ddag7FDHMKWes+45kUBuji+XhViqJUW1/iiXWfB7b5fb9BF+4GveHr3FrweNVVCQ+QG6r2shKxBO
H/jDGUtCvCOA2ia9RX+I0y3na/p+lxTOLaaCQOVzpUyQCeF7AxTLevHmENfmRX8tbw+CwzrmYBYC
PXuBODR5KUSMSBRQe4zRL2YYDOXTJnbJyMEHa4PqXY5esK0hB4fchnxr48IUQJKyfN7McUuqkq6+
WKtk1UUQFY0RKPZHrceAgVJEN44T0qKnGtQscE+6CdST/gwN574c71UwkZKUFtBbS1IwAHyl+Nms
GsWqUbq4oq0klHfARXgo1kJKg5KoBYSb5HUhd1zQ2zRLKdLzAjzlnZp4y/GdQVWnQWrN8RUodYcJ
EOCoZDVrhCafgY7imt6M/UiZCySte7TI9xMClV9YbIN3fyeIyMBMuiAHj8sozTdQaX3krjhK/pnK
x5IqBiq/8fgm4KqSgD76cl7CQV4CRDQDS5MxtZtxxl6+PjiXjVhqCFxZ+4d6I2PP9m7ojMOeeRMm
RbVHTvcfulTH4iqBCKMMqQfwSr6hetF9SBWnB9F3ZOJ+qNojU8UqJUhRjp8GYphRNR+pXIxQkRaj
BmgLA/eGMN+UOz79pRPpSjDcgoDVyiavle6noDLBhslPt9VF4/2berFo94rItQEcCIoB7cWVjbTG
zT4TKKIsLp68JJ9GU1H/ARDKzlXLRa9lTFluL/3MZQUibsDDlqrUDi6xWCuprAQX6ydQJm0kt6gf
0kvfqU1lvJIGK6kk+JCfFW1QwE3gbdXC3dJ5p2iHtGVKe4YLyJ2evCwSdiQCZljMMGamPbM19uHk
BTM0Q8cOzb7eUwF+Hu5XeRU+laIrcIuRvpeHJv9U93QIoMPGK4eaTWxWNUqyhkawMWi5jpNKjHHj
DzNmgg5lnEoan9oatiw5LmKE4indyb3Gtk2NwmVj3F5q7tdXazVDmGBdB4a0eUqoterVhtmnRCSl
5KiXHWlNmi7CXhdU7KdHxy8P3r8+79FE25NqSgpS6DHU/SCJfupiU69QoC6jX/8XTMhENA==
===END CRASH DUMP===
