PocketMine-MP Crash Dump Fri Dec 3 16:39:16 WIB 2021

Error: Call to undefined method hachkingtohach1\FarmingCrystal\task\Update::getServer()
File: plugins/FarmingCrystal/src/hachkingtohach1/FarmingCrystal/task/Update
Line: 45
Type: Error

THIS CRASH WAS CAUSED BY A PLUGIN
BAD PLUGIN: FarmingCrystal v1.0.0

Code:
[36] 			foreach($this->plugin->getServer()->getLevels() as $level){
[37]                 foreach($level->getEntities() as $entity){
[38] 				    if($entity instanceof Crystal){
[39] 				        $entity->close();
[40] 					}
[41] 				}
[42] 			}
[43] 			foreach($this->plugin->crystal as $case => $data){
[44] 				$level = $this->plugin->getServer()->getLevelByName($data["LEVEL"]);
[45] 				if(!$this->getServer()->isLevelGenerated($level)) {
[46]                     return;
[47] 				}
[48] 		        if(!$this->getServer()->isLevelLoaded($level)) {
[49]                     $this->getServer()->loadLevel($level);
[50] 			        return;
[51] 				}
[52] 			    $skin = $this->plugin->getSkin($data["SKIN"]);
[53] 		        $nbt = new CompoundTag("", [
[54]                     new ListTag("Pos", [
[55]                         new DoubleTag("", (int)$data["X"]),

Backtrace:
#0 pmsrc/src/pocketmine/scheduler/TaskHandler(137): hachkingtohach1\FarmingCrystal\task\Update->onRun(integer 1)
#1 pmsrc/src/pocketmine/scheduler/TaskScheduler(179): pocketmine\scheduler\TaskHandler->run(integer 1)
#2 pmsrc/src/pocketmine/plugin/PluginManager(654): pocketmine\scheduler\TaskScheduler->mainThreadHeartbeat(integer 1)
#3 pmsrc/src/pocketmine/Server(2389): pocketmine\plugin\PluginManager->tickSchedulers(integer 1)
#4 pmsrc/src/pocketmine/Server(2152): pocketmine\Server->tick()
#5 pmsrc/src/pocketmine/Server(1992): pocketmine\Server->tickProcessor()
#6 pmsrc/src/pocketmine/Server(1586): pocketmine\Server->start()
#7 pmsrc/src/pocketmine/PocketMine(330): pocketmine\Server->__construct(object BaseClassLoader, object pocketmine\utils\MainLogger, string[12] D:\FoxCraft\, string[20] D:\FoxCraft\plugins\)
#8 pmsrc/src/pocketmine/PocketMine(360): pocketmine\server()
#9 pmsrc(11): require(string[67] phar://D:/FoxCraft/PocketMine-MP.phar/src/pocketmine/PocketMine.php)

PocketMine-MP version: 3.26.1 [Protocol 475]
Git commit: 6b7d0307afb36a7faca2dd65734e15000baf17ba
uname -a: Windows NT DESKTOP-BVRHES0 10.0 build 19042 (Windows 10) AMD64
PHP Version: 8.0.13
Zend version: 4.0.13
OS: WINNT, win
Composer libraries: 
- adhocore/json-comment 1.1.2@fc2f76979f0a44a5f5bc2a2b600d0762fe0e78e7
- daverandom/callback-validator unknown@unknown
- pocketmine/binaryutils 0.1.13@0abee38d4e2861621f262c79a2a3d699d8a697f4
- pocketmine/callback-validator 1.0.3@64787469766bcaa7e5885242e85c23c25e8c55a2
- pocketmine/classloader 0.1.3@3c484a27787f7732ce842ed694928a29ba340961
- pocketmine/log 0.2.1@830b44a2cf96ef703c550abe64302f230231ca49
- pocketmine/log-pthreads 0.1.4@01620c3628cdaa6b4a21122cff4c5d2f70b5c1d3
- pocketmine/math 0.2.6@43057cb8c179a9859677b496a788db922fd5cfc3
- pocketmine/nbt 0.2.18@9f82ca4d7f97fcd9a566e44b63c4f18a7657ae82
- pocketmine/pocketmine-mp 3.26.1@6b7d0307afb36a7faca2dd65734e15000baf17ba
- pocketmine/raklib 0.12.12@5abe22043352e94099e4edfcef5fb3644578ddc1
- pocketmine/snooze 0.1.6@92abf1e988c71635d466abb777f61f89e5a9c990
- pocketmine/spl 0.4.2@6b08b7cf8c4afa17139c9a1b3bf1b408531de161

Loaded plugins:
Alerts 1.0.0 by hachkingtohach1 for API(s) 3.0.0, 3.14.0, 3.14.1, 3.14.2, 3.19.3
CoinsAPI 1.0 by hachkingtohach1 for API(s) 3.0.0, 3.14.0, 3.14.1, 3.14.2, 3.19.0
CraftBook 1.0.0 by hachkingtohach1 for API(s) 3.19.3
DevTools 1.14.2 by PocketMine Team for API(s) 3.13.0
EconomyAPI 3.0.0-SNAPSHOT by onebone for API(s) 3.9.0
EnderSword 2.9 by hachkingtohach1 for API(s) 3.19.3
FarmingCrystal 1.0.0 by hachkingtohach1 for API(s) 3.0.0, 3.14.0, 3.14.1, 3.14.2, 3.19.0, 3.20.0
FormAPI 1.3.0 by jojoe77777 for API(s) 3.2.0
GiveItems 1.0.1 by hachkingtohach1 for API(s) 3.14.0
InvCrashFix 0.0.1 by  for API(s) 3.14.0
MaxEnchants 1.2.1 by Xenophilicy for API(s) 3.0.0
MinePos 1.3.5 by hachkingtohach1 for API(s) 3.0.0, 3.14.0, 3.14.1, 3.14.2, 3.19.3
MirrorNc 1.0.0 by hachkingtohach1 for API(s) 3.0.0, 3.14.0, 3.14.1, 3.14.2, 3.19.3
MyItem 1.4.5 by hachkingtohach1 for API(s) 3.19.3
NoDeathScreen 1 by SilencedTick880 for API(s) 3.17.2
PlayerStats 3.1.9_BETA by hachkingtohach1 for API(s) 3.0.0, 3.14.0, 3.14.1, 3.14.2, 3.19.0, 3.20.0
PureEntitiesXDraz 0.6.7_DEV by milk0417, RevivalPMMP for API(s) 3.12.0
ScoreBoard 1.0 by hachkingtohach1 for API(s) 3.0.0, 3.14.0, 3.14.1, 3.14.2, 3.19.0
SkyBlock 3.0.0 by GiantQuartz for API(s) 3.0.0
Slapper 1.6.1 by jojoe77777 for API(s) 3.19.0
TrumThe 1.0.0 by hachkingtohach1 for API(s) 3.19.3

----------------------REPORT THE DATA BELOW THIS LINE-----------------------

===BEGIN CRASH DUMP===
eNrtPAlv20a6f2WeXKD2gyjz0L1wEMd2GqN2rI2cTfCqIhiSQ4k1yWF5WFYW/e/v+74ZXrKTpk0W
uwvURWpyju8+h6T/2QtkFvPiw73I8lAmvfmw3yvCWPTm1tiZjuyhMxoPpkPLnjj9XpmqKXtg29Zs
aJpDczSdOpNZvxfxvLjIMpn15v/sFbsUVvXUfb8Xizznaxw541HECsnKxBdBmAifxaLYSJ9tuLe5
C5N1IfHKWq1e8iyG+7Nslxc8Wq0Knt+tVm9TnxdiPl+LYikyoPnwCOAHZRS9DCNEcD6HrfLhLONB
sVqlUbkOk/wxtDzzVqs/hHOQblJEpdBowMfdHccA9ngP6v4ShHmsQAK4CGQAIh+BzDPuweVPvQOT
pTECwn+p9O5EAfvFce5thF9GIju+BRCveOLD9aHlTI7mf0x6xjOZvCmTwzApxFpkzEIRHlhfgnVZ
3R1akxngbRaCSKu51apFoPEse4TKfhqVkunxgn5d8wQsJjscj4afx1OTZDyLeZjcbjLB/VeCZ4Ur
eLGH2XkaszYl25nuM6VoWq06RBnPitBrEOd7SIafR2KN7D0kakZBJXs+GH0WhDWbfQ7EIpMeOJxU
vnEw/jys0XT8CVhgOVmhYEyehrGgy2u4PHQc8xNgPnzwZJIXWekVh9L9RXgFe8FzcQYBI7+S3BdZ
n+nx9vayCCNw3GvQ6ZVcr3EVAAGb/smyf2ZdN6+nbHN/qo4AxMf09/kY7/ORN3HmYKb2H1oWLMrE
r2WYiUONezz5maUbns2Pj8/nxxUFLdjG9WKACz6NHWPMUe/n3/o98e+KpP+a8AYcKZAfwuReRvci
FkkBeHyQn1f0qlkY6YKDGU/6AgXhjGF2VeB/kLEE4D78rtiEufFM7TWetTihmytxL6L88IjxnH0X
4c3RPwGgMwFAbO+nBknraPtFUoRFKCoAAm93CsK0JmVV4O4wONTzDKRW8MQTMmCaB7VltrcFf/Qe
45kXyVwcHv0NFg7N1sJV8RsOWa0hGrDrAbp1fk8ynqKE+PDA99jJM/YdqIgTbcNhC74SADthXyLc
F7vXPBaHBOqnVe/q4h8XV6vez4qRUQsqCOh/NMAOoDAnOD+IRGRgMb6W/9ERI8LGT2gKfzJRlFlC
WCb7sql0U639HdQUgfbxzj6B9yk4EQAgSBUMJGvUaPExzaN9fY7szurvcvCvpzUAE7W0lz9evq6E
PXL2uP4ucQsAkYgtO5NxKiFK3PL14aq36vXZT7hj+AkecctVmBdq+ULm9Y7RJ3ZUu85l6UaiQYNp
8aii9j2S2u/99leh81eh81eh81ehQ4VOv7emyB9hgk84dpa9DhggxQURNs1pzxnY44GF42UY+dCJ
mo7V74X5B1/c9+YBj3IB1UQmC+lJADucQGu1DrHWGLsT33TMCQ9cZ8wnAfe47fvj0cQZCmtkmqbL
A2vicoBdalrehYkvtzl7fcvOL5Y/3t4sjBf/ePPqYmkyyxyYjGhg1swc2uywWmyZR+z0+nw8xLIG
esZ5bzowB5YDtx9FAiT3htU9TH+QOSK6fP36FgboZguFENY9ELZBJR+i0M14BoUICon7G2AsE8e/
5DIxYI0upKyBNbCfB54dTMazySww+XDIR8HI9Wxuu2PT9M3J2A6EKSZTMQHwPgeZQuSS8bEHlaTL
vTvjnkchxE0sPEEEd4ncJs/1byS2UaQbJjzbkeHCUmAG2HluclcIZ+oPhT0dW2PbCuyx7U1m3OaO
P57N/CkH0oJhF9STyC0QkPN8PJxMJ0PYMx67HucTMZrieYQtpiPPdjx7JKbeaMTtPYDobhG5m6bN
ee54w+mQ2xOAF0wmju2JKYABooYze8rtmcudoTkbW11IkVwTBHtgPZ86pgsStb1gNhbBxHQAMzI8
HjqmHdjwP8fyOBQO+xCMtKBAXQlq+NwE2ZieM7anns/52AWolmUD5GDojXxQoOmOPMt3uqBiXmw0
NePngHQ08dypB8mJz6aj2XgycYczsOrp1Hdnth34Iy/w9kBASVDxM30+C6Y2EOxPAtCJ58/4aDwW
w6E7BlkF1pRPwDG4mO4Jt7k04rT2xud/wLVawDJ+B7at5AI02c9HIFDbNoeOM7LFDDQyE0PhB54I
Rgh4OBxNpr7v7akpT6T8KLR4x89nNncDS8ymU29ijZ2RPxyPuetOJpNgbAXTmRjxmTebmXtA0ogg
DMGLxq45dSdeMPWGPODWxHJgA7dcB+C6Q3M6cixfWGAtv9VtDfnmKaTIIm+FMj3Q7zXhCy0bUfMS
erUsxzJor6TBqMjTEGccvdgZWMPmwqoubHUxGzi4RyQcqi8IL5CAIAT6IoVggwhgLpdBcd4ewAIC
qHlUTSmKq9/YwIEjYVC+Wd6+u3lzdQ5DW+HmYYH8bYoizSELbHnhbfJNWAy2QrjRbgBx6RhLvTMJ
ojldXLZkUg/tSeVby8T8ZjKpKG6uvl4umDBfSHnXFkw99hX28k2NoaaodfklrAPnkIzDCLrOQb4r
RD5IRHHs83zjSp75JIFzcX8rZdT2lnqoy79WaksATYXAbgWPuwJw/rzmKwJWqxYpmtvl7emb27eL
J9UM5cWmdEm5DWnHNQzg9gIKQxnvup7QGmxzTAZuLF+fLpavbm67nMtEuPCvw/FXmLoGt1oJRQrA
XK06ZH1W18RZAnl2uZWZ3+asGWxzZg9m/yZLbghqX38rW947smrk8Ogs61+cB9SUbX7D4LffXj9i
6esC4UuZxV2vqEa6wnL2hfWL/EWKCf505GT/edYbiNhVERH1xZd4wg/hvbgsRNwOac3Yvu6tP+AJ
w2+ozzVQFCJFquH8EsYuk3sI//nmZfjQYq092mbOfMTct+IlLn8FqlarMLn3EHMQPqxWqq/+Ejau
+cNF4m140inR2qNdHdn7OnovEpluwij0do9880+y1AKJ+qhJ6dx8EXOQcRayw5ge2fej0X9u8alJ
ri++Orpch/jU5LXXEYse+i8qyiuam6uvl8wOw1JbLmqgK5XhH7GWb8sykVP9/laJ+rU8F9BGL71M
iKTFfHe8I4Mu/8swEokn/NvQu5tOzS7/E9D9n+R/D+6Xx+ZFxHdQzRS8E9Tao93S0hrMPry4uD39
L6g8Wkx0br7a9hdlJqpne+/PM/6xLblHc93cNh5MPpxf/KMrvjiM7syhhadqb8AE73m0uL5edI3j
KwqTTMFM4zhdrdISbVQRCGJpkfuHe5UWrccdvlFISzxkfIGe05JOa/C/pntvaG5ff7URLe92LyJo
9trSqYYedXNd6fwQQlb/e8mz4uNn6wh9lv1lNiJlbEHhWtHQXP0ep8U2LAqREWNtypDHiKepyNos
6pGu9sf7ldInivOv0WuuMH9ZZHzC2BuSjismgMPbrIxvN6LFYTXyn3IGo+mpL75NKsRzS54Bx6D5
vSOV6tkNcqAeCA3STIK8KMbMeweL+o6dySQI1wzfGVllq+RgWSbsxiuYw6zxfOTMLYe9u3zBbNO2
cD7iybrka3EikjXex7LwTzqYmXqUhpMKt5HKrDixZpZj4+AWPFEYUZgXJzIICAZ/MFJKDvmJbeLI
GtiKpS9O6C6QmSeMekzvAv58jAXVfXqfnsgEr/wwCEKvjIrdCWFUz6cKmRm5KArQTH5CrNBbImgz
J/ndziWXq4dzIfzWKnyD5+T84uXp26tbHFV2YfxaimynsYJlSSPn90Lf34dia/ihepPkZIpDD658
MNACqy1JIkuY1dwbYC6hUO/V5HpJnvJtYuCzMOEVYMon1riFP/NgRPOP14OU5zkei5z8L/2sus98
BrsYT8gPGDog80jzJUgG4JIB4Bs0rKNMMAgGFpsLVomO8UywYiOYTMB6ig0vmId8FMwVLEy8qPSF
DxfskeEhrKWMYWeAAPZh5jwQfSZhJssRJHMzwe/YTpaZhsXCgIEFhEFIGED5+OJRtEPAr8W2Bgee
E3BQf862Mvm+YBgqeMZQQTEwi0+r8B0fhq9mKL63G5GwMl1n3AcAg1WCtquAzVcJYwfvNgIJw3e1
cnB4hu9tqSepIIOMJxDaCiCKpolUsCYOgEGekShIXujOnmAbetMAR2KErGy78qo5o4SBE/mmLHwJ
utdvi83Zqqc8i9GbRv6qR5SdRpHcMnQnIIbpJxnsPuTs72icuIas1NBTc4ahjLZekBHpPQzoYuhP
DDQGQkFo7o5pUeJ6bXP1dIvYg3chCEQmIFfu+ywTuRI/ihUf8rNY8BzKE7RsBkJ3BRINwhG/lpze
gMMzjYRBKVMKdqiRQtA5QugKI1i7wEhigNjxCfscpgn36zJ2QSpgVaf5LvHwNQtQfHYHdjSgBW9B
WmTaFae4bJNJcD7QHizP+7gh8pmOFOAPfYbPboERzB8kG4jPOBaXCVgQLlHAl6Re4AmsLJMPIViY
ADEAS2S5SU0cylYTdBmgreIatMk+C4vv8T3AjLb5Al2dTGZvMzsEHkrwG5vEQmwYmtM5gdq3VU7G
kZVJgur0MZTJlJRAT73zATsX9/qaxeF6A86MxzL9tvNpw0GJZFmZFmpUCQwFEwNtmi9SLjglPdL2
lUPwexn6QPbTFKCNoM1JEDRY16BlaLDYUItqS4NcATkg2ymn/CGSLlgP5mGmxsEP4rBA347FmruU
N9lSidok4YY5wqbtt6i1bUiSJ4sCp90aClBlZDlxGIRAIkQkoD4hWAEU8BVKZeSgrRLdlK0lKEqi
m6JVIKI1kWkQaXNmIheAnUKweqz8H88BFjafox9T8dfRnxcyJRJ0+KxJ0uByBuEDkxvEvYogxFpR
ZZn2UBNGQeAdeYWmL//+G1BIfkEkYcRgXgnJJ4Hkw8SD8EoKvlKRrDwSk1W9Wjx4UE/kDUcqcN3c
XszZ7avLJbu6vL68ZaeLxdXlxZItLt4wKAt/vHjTZ7CI3d7Aqgv27tXN1QVbvLk5u1guB/shoCMP
ezTW4liILJSUkDEQ58igtxEUkkkadbC1QPZQEvgUW2iJga9zqjBLoKBUBD4hQIM1Ib+fMjZlZFDn
YQJMcJlGRpAVEAi9TSBXGYlw3GAOwTxPGwaPV6Mt6Koc1JYKD8sBJVkkV+lV7a15APMSad6w6pia
1/zoaZI0547mfM0zFzzD8GQUqTKMAtDT0iVXQ3L0LqZ3QeyOeVJS8dGmBAqzEmzwqF/lhH0jrMxQ
pdcgAFiK37hxwQG7UTFfGTxUD7KM/JqWEJLINmEN/bkCnBL5wOjYNDWvgO0lBYtHSZJMR0GoeQsy
GVfJVu3WK4y2abY1jNxoTT6yDfaESXWsY1kVjKiyDDChGWpD9ss4VdWVKuGYnjBwotLXOS7SG4h2
IrPiAN+t3oqI3rF+JGBI2pD4AMM9GFmelwIDQ7EBra2rahODFmJrqOpXilQ1gi4qB4oaXPpJOWFT
5G3K5C6vaD/jKY6GcRlDjsUnoKxqL1CRTDURiopGrugvWpTkMY9tDIrtVFNECA2sgktIusNaY+dS
Te3bNNZGGPUUfLW4ciEFSy9sc0aVg+FBsyNq3s6BFKpVoHxE6QF1qsBQUFKOPQlTexSHDXewTctT
8VNhxsVNtYsCjLAN0HA/D+pzdrhKoBVHhc11ioDSbCMjVWK6eNhElTiRDFUTmJBOMhTbVOejZ1Vq
cUVdbKr0dtDWUjWFYTXbFQi8zwyrpUBSHiE2iooYnQIoajd1rPouoMR6mDjHXoYKfdwMg5qsAXsF
tSDY0gkVd+xs8bYPe4EGF/xrG/pg9lQrqOhZwzcI/pyNq7K7qchzkk5r7YCd+hCoNjwKjqGVVG2C
L8CGNSpAyvCYBA2s5YhN2msBa7ciFw8Y1bDE5NGAIRFvF8miKrabBhB7CSRqi8eKsLFMk9TQ93vd
zbX2ujz8KGp9YlleqTHHhKdLJijblXm0UutwZqtNRwO20Hsinq1pA9edqLYFwhhkfI0sgE5AbHka
UcWC7WUMxKOz8wz1dBaFeFhA/TK+4Svygl3fviVKc2AJ2XbLgmF/Tqps0KnmYlDFmrgoDdw1J2rb
/aFIvGyXKl8PGB4MePgmUc0m9L943jJglKU2HIsAFsYgmwJ1B9qgr1MhTPWJFlDaPRG9QUlA1KVA
DCmaUzjPlUpVKQFrC22jyIlQ5wM61Olu6vyGiqTzy+XpC6iPqJ4qE7IhDNj4bVWGYdJXRUKIxqi/
YPLb/UbDZ+PrvnDL9bxq2p4xC5s1XbJuIFzRPNMteq4OFdCbk1yq5K09wkJgimoF7WwjoYlHL6x6
NVF14xTF8YsLlvP7KlvgwVJ1TIRzrTYeCKPTSVW06TOZX2SYqAMBktT37L0rH9DzM3Z5zg7fv708
PwK9g9sDDbB+C2pDxYSQ7sE5sIfLfC0fVX6AN8hGdwl4+/sXVxV83d+1Rr4nZHi6RoUDqVeXIsSb
rE6IdBptnY0FAaGFuTDYGQ9l6DcKqU7n2oczt3S6olxNfQitZEBrtV+VuT7l8SCIFCrM6j2G2jNX
630X0agUosOjxoI5kCfrukdJcFu0n4r71arO+d+TB2JKuKexLDF6BCrX6WACIqtEi7kdoyMdhYD6
8ZqSM2x+Q6m6tZkYT4RqvV2hgLkCvyljdJZIrrSp7IxMi44YO0lfsY+IavYhBjK+T2qqPt4AbPjF
2lNUmk+TyTP8monxytyB2Goz/q6pcfZOeOiUFv0sD32VM5AfDjoFg8tLty2FNSZRWCF8lTrppk5t
dNSkjYN7nojo4zXVu1ApexCFd4AC+2SKRBEH1teZ3BYbFccABWcbBa0V5MD780KlZCLWQGlUpBmN
aBRrl+d5iy8M06h5BY2pd/trNvWRU1Xm0J6OkgCewWx2AGRCq9wosjnWqnU5eKxMHby2PKRuFpIJ
tHrKilKZllHlNvoG8z2t0WnDsREhtUHIJWHCjIuRC0oC3WDQKbk6yJvrUgfPHam5VsOqUtCWBYQ0
Edpvgh56poFfle4N1YGhO5xuoCYPZCunQzww1COmeuUG9DZXpAzwQe0glEQxhLpdjM0huHKB56xe
3pCOaUrPs2aeWKAwx9frTKz1kaI+f1THLPgJ3d0+f0QfxJqb8xv8ZMfQSUHVBxi+tkJ1IJy+1kOM
ORHeMEBjg9ahP+TpWvIlfVOnlPNIqKBQNa+NCSoh/DyFclkr35zh2bxon+X1ITmkGw5uITCyZ0hD
VZdCxghEBr2HgXExwWSoZqvcpTIH75wN6ud2rWRbQg0OtQ3F1iqEaYCkZTVf4Xik1VL/+YdGrUUY
NxlEZ2MEiuvpk+xcPQ7BMI4I6dBTb6oOuAcNAj3TxlBJ7vP5XicTpUnlAa2zJA0DwBdantWp0UYP
qhCX1Z2Ejg54CA/Nmk9lUBjUgKAfA0bUExeMNtVRioq8AE9HpyrfQk3Gc92nQWnN4zSq7rAAAhq1
ruaV0tQc2Cie6c3ZT1S5QNHap0O+nxEotWBN8m4/CSI2sJLOKMDjMUr19I7OR57KoxSfqX3MqWOg
9hv0EwKtughok6/wEg3qkuHDPsxVKqc2GOfs5dXprRrEVkPgydrfXOFDcLrrj2YPwFEi+s6DH2ZF
n4Lu33Slp561tA8tlBNjogPR6jNFXmqri0BZ3o6pDw/LrIq7VaeW1U9pKKgAHEhHHj0Fyys5GdUT
HjABVdYfvKRoQqhofQcI1cV65ENrxKD6slX4SVX7iweIbblucr07bJNyaugguLlhhN/NUyFH65Bf
+oo+UplCuYrikuBDZZTV4bjX74kHqPOp7scH+WdQrrS/uXM9/elUPYJP1xKfZ50xGX/wZQHxrjOq
//pCM1BmUfue/sxB6z4Io0J0AK/jzheA0OJ0aAnBue7bA/hdX/s+dtWzws4YOLp+Icmid2aoRaF3
dZpFqdeVwxsR6GOX9mhOsT7vDkH9FLdHlourDvpd/mtEHzLqK1ZPFfJOJJDSOyJ4eNBc04eCMLDj
9CzZ1u/YfgxT9aXHjN43/Kg+Cqu3w+1D3JW6RPJs03Qsy8ZvChbnNx3WffmBSNsfhKGwqzCIA0me
dxYuQ/T099cdnvcogFs8UNjjM462Wbin/9bnf0P9Hslis2d7WEPRx5Q2CckhqYRr9ZWl+spuMEZJ
qCZDL0JQ1HVKPWArYUFrEimzRHl3v3P70OBqzeMTUqxxOnbrP1J52LESEqXTHoLGr6Qwvi6VLVbw
/w/rtJsFnZs1G3777f8B+KnqFw==
===END CRASH DUMP===
