PocketMine-MP Crash Dump Fri Feb 25 13:18:17 WIB 2022

Error: Call to a member function getMembers() on null
File: plugins/SkyBlocksPM/src/Vecnavium/SkyBlocksPM/commands/subcommands/InviteSubCommand
Line: 42
Type: Error

THIS CRASH WAS CAUSED BY A PLUGIN
BAD PLUGIN: SkyBlocksPM

Code:
[33]         }
[34]         $player = SkyBlocksPM::getInstance()->getServer()->getPlayerByPrefix($args['name']);
[35]         $skyblockPlayer = SkyBlocksPM::getInstance()->getPlayerManager()->getPlayer($sender)->getSkyblock();
[36] 		$skyblock = SkyBlocksPM::getInstance()->getSkyBlockManager()->getSkyBlock($skyblockPlayer);
[37]         if ($skyblockPlayer == '')
[38]         {
[39]             $sender->sendMessage(SkyBlocksPM::getInstance()->getMessages()->getMessage('no-sb'));
[40]             return;
[41]         }
[42]         if (count($skyblock->getMembers()) >= SkyBlocksPM::getInstance()->getConfig()->getNested('settings.max-members'))
[43]         {
[44]             $sender->sendMessage(SkyBlocksPM::getInstance()->getMessages()->getMessage('member-limit'));
[45]             return;
[46]         }
[47]         if (!$player instanceof Player)
[48]         {
[49]             SkyBlocksPM::getInstance()->getMessages()->getMessage('player-not-online');
[50]             return;
[51]         }
[52]         if ($sender === $player)

Backtrace:
#0 plugins/SkyBlocksPM/src/Vecnavium/SkyBlocksPM/libs/CortexPE/Commando/BaseCommand(143): Vecnavium\SkyBlocksPM\commands\subcommands\InviteSubCommand->onRun(object pocketmine\player\Player#102784, string[2] sb, array[1])
#1 pmsrc/src/command/SimpleCommandMap(220): Vecnavium\SkyBlocksPM\libs\CortexPE\Commando\BaseCommand->execute(object pocketmine\player\Player#102784, string[2] sb, array[1])
#2 pmsrc/src/Server(1408): pocketmine\command\SimpleCommandMap->dispatch(object pocketmine\player\Player#102784, string[15] sb coop RickyVN)
#3 pmsrc/src/player/Player(1382): pocketmine\Server->dispatchCommand(object pocketmine\player\Player#102784, string[15] sb coop RickyVN)
#4 pmsrc/src/network/mcpe/handler/InGamePacketHandler(751): pocketmine\player\Player->chat(string[16] /sb coop RickyVN)
#5 pmsrc/vendor/pocketmine/bedrock-protocol/src/CommandRequestPacket(51): pocketmine\network\mcpe\handler\InGamePacketHandler->handleCommandRequest(object pocketmine\network\mcpe\protocol\CommandRequestPacket#145285)
#6 pmsrc/src/network/mcpe/NetworkSession(397): pocketmine\network\mcpe\protocol\CommandRequestPacket->handle(object CLADevs\VanillaX\network\InGamePacketHandlerX#141123)
#7 pmsrc/src/network/mcpe/NetworkSession(360): pocketmine\network\mcpe\NetworkSession->handleDataPacket(object pocketmine\network\mcpe\protocol\CommandRequestPacket#145285, string[37] M./sb coop RickyVN.%I...o.....k*O....)
#8 pmsrc/src/network/mcpe/raklib/RakLibInterface(192): pocketmine\network\mcpe\NetworkSession->handleEncoded(string[85] S.../NRH../P..L....cP....*...I.gdk..]..`<..aG...7..ij...l..V.Osf...8.#..F.Go...J)
#9 pmsrc/vendor/pocketmine/raklib-ipc/src/RakLibToUserThreadMessageReceiver(42): pocketmine\network\mcpe\raklib\RakLibInterface->onPacketReceive(integer 0, string[94] ..oN....C.C@\.o..Q..Be.&.2.WYU..L..oZ~.%...4...._F.<'....Y..u......].C.....|G..L)
#10 pmsrc/src/network/mcpe/raklib/RakLibInterface(122): raklib\server\ipc\RakLibToUserThreadMessageReceiver->handle(object pocketmine\network\mcpe\raklib\RakLibInterface#111751)
#11 pmsrc/vendor/pocketmine/snooze/src/SleeperHandler(123): pocketmine\network\mcpe\raklib\RakLibInterface->pocketmine\network\mcpe\raklib\{closure}()
#12 pmsrc/vendor/pocketmine/snooze/src/SleeperHandler(82): pocketmine\snooze\SleeperHandler->processNotifications()
#13 pmsrc/src/Server(1660): pocketmine\snooze\SleeperHandler->sleepUntil(double 1645769897.6244)
#14 pmsrc/src/Server(1046): pocketmine\Server->tickProcessor()
#15 pmsrc/src/PocketMine(304): pocketmine\Server->__construct(object BaseClassLoader#2, object pocketmine\utils\MainLogger#3, string[36] C:\Users\tranthien\Desktop\FoxCraft\, string[44] C:\Users\tranthien\Desktop\FoxCraft\plugins\)
#16 pmsrc/src/PocketMine(327): pocketmine\server()
#17 pmsrc(11): require(string[80] phar://C:/Users/tranthien/Desktop/FoxCraft/PocketMine-MP.phar/src/PocketMine.php)

PocketMine-MP version: 4.2.1 [Protocol 486]
Git commit: 6d6551253173a498128c750c38e719f19880ad49
uname -a: Windows NT tranthien4-8sin 10.0 build 17763 (Windows Server 2016) AMD64
PHP Version: 8.0.13
Zend version: 4.0.13
OS: WINNT, win
Composer libraries: 
- adhocore/json-comment 1.1.2@fc2f76979f0a44a5f5bc2a2b600d0762fe0e78e7
- brick/math 0.9.3@ca57d18f028f84f777b2168cd1911b0dee2343ae
- daverandom/callback-validator unknown@unknown
- fgrosse/phpasn1 v2.4.0@eef488991d53e58e60c9554b09b1201ca5ba9296
- netresearch/jsonmapper v4.0.0@8bbc021a8edb2e4a7ea2f8ad4fa9ec9dce2fcb8d
- pocketmine/bedrock-data 1.6.0+bedrock-1.18.10@e98c511584a7bd58a95986374d2df4b04c6a2ba0
- pocketmine/bedrock-protocol 8.0.0+bedrock-1.18.10@017e57c8f8a74118bcbba7332e7ebac9e6c81693
- pocketmine/binaryutils 0.2.4@5ac7eea91afbad8dc498f5ce34ce6297d5e6ea9a
- pocketmine/callback-validator 1.0.3@64787469766bcaa7e5885242e85c23c25e8c55a2
- pocketmine/classloader 0.2.0@49ea303993efdfb39cd302e2156d50aa78209e78
- pocketmine/color 0.2.0@09be6ea6d76f2e33d6813c39d29c22c46c17e1d2
- pocketmine/errorhandler 0.6.0@dae214a04348b911e8219ebf125ff1c5589cc878
- pocketmine/locale-data 2.4.3@4d0b081f1a79407e087968ea76aaf330db6ea2b5
- pocketmine/log 0.4.0@e6c912c0f9055c81d23108ec2d179b96f404c043
- pocketmine/log-pthreads 0.4.0@61f709e8cf36bcc24e4efe02acded680a1ce23cd
- pocketmine/math 0.4.2@aacc3759a508a69dfa5bc4dfa770ab733c5c94bf
- pocketmine/nbt 0.3.2@3e0d9ef6b6c5fb45e3745a121296e75631b3eefe
- pocketmine/pocketmine-mp 4.2.1@6d6551253173a498128c750c38e719f19880ad49
- pocketmine/raklib 0.14.3@4798576fec0364266dce23b368a7fec5e5de7927
- pocketmine/raklib-ipc 0.1.1@922a6444b0c6c7daaa5aa5a832107e1ec4738aed
- pocketmine/snooze 0.3.1@0ac8fc2a781c419a1f64ebca4d5835028f59e29b
- ramsey/collection 1.2.2@cccc74ee5e328031b15640b51056ee8d3bb66c0a
- ramsey/uuid 4.2.3@fc9bb7fb5388691fd7373cd44dcb4d63bbcf24df
- rhumsaa/uuid unknown@unknown
- symfony/polyfill-ctype v1.24.0@30885182c981ab175d4d034db0f6f469898070ab
- symfony/polyfill-php80 v1.24.0@57b712b08eddb97c762a8caa32c84e037892d2e9
- symfony/polyfill-php81 v1.24.0@5de4ba2d41b15f9bd0e19b2ab9674135813ec98f
- webmozart/assert 1.10.0@6964c76c7804814a842473e0c8fd15bab0f18e25
- webmozart/path-util 2.3.0@d939f7edc24c9a1bb9c0dee5cb05d8e859490725

Loaded plugins:
Alerts 1.0.0 by hachkingtohach1 for API(s) 4.0.0
AlwaysSpawn 2.2.5 by Philip Shilling for API(s) 4.0.0
AuctionHouse 2.0.0-BETA1 by Shock95x for API(s) 4.0.0
BlockGenerator 0.1.0_beta by BlockHorizons, Chris-Prime for API(s) 4.0.0, 3.0.0
BuilderTools 1.3.0-beta2 by CzechPMDevs, VixikHD for API(s) 4.0.0
CraftingTable 1.0.0 by hachkingtohach1 for API(s) 4.0.0
CropGrowth 2.0.1 by NhanAZ, kaidoMC, YTBJero for API(s) 4.0.0
CustomItemLoader 2.3.1 by alvin0319 for API(s) 4.0.0
DEVirion 1.2.5-ALPHA12 by poggit, SOFe for API(s) 4.0.0
DevTools 1.15.0 by PocketMine Team for API(s) 4.0.0
Dungeon 1.0.3 by hachkingtohach1 for API(s) 4.0.0
EconomyAPI 5.7.3-PM4 by onebone for API(s) 4.0.0
EconomyJob 2.0.6 by onebone for API(s) 4.0.0
EnchantedUI 1.0 by ItsRealNise for API(s) 4.0.0
FCCore 1.10.1 by hachkingtohach1 for API(s) 4.0.0
FishingRod 1.0.1 by hachkingtohach1 for API(s) 4.0.0
FormAPI 1.4.0 by jojoe77777/DragonfireHD98 for API(s) 4.0.0
Gems 5.7.3-PM4 by onebone for API(s) 4.0.0
HealAndFeed 2.1.0 by Kylan1940 for API(s) 4.0.0
HealthTag 2.1.2 by Shelly7w7 for API(s) 4.0.0
InvCrashFix 0.0.1 by Muqsit for API(s) 4.0.0
InvSee 2.0.1 by BlockHorizons for API(s) 4.0.0
KeepInventory 1.0.0 by NhanAZ, KhoaGamingVN for API(s) 4.0.0
LaunchableTNT 1.0.1 by Vecnavium for API(s) 4.0.0
MaxEnchants 1.2.4 by Xenophilicy for API(s) 4.0.0
MinePos 1.3.5 by hachkingtohach1 for API(s) 4.0.0
MultiWorld 1.7.0-beta3 by CzechPMDevs, VixikCZ, fuyutsuki, kaliiks for API(s) 4.0.0
MyItem 1.7 by hachkingtohach1 for API(s) 4.0.0
NPC 1.0.0 by hachkingtohach1 for API(s) 4.0.0
Napthe 0.0.2 by hachkingtohach1,tungstenvn for API(s) 4.0.0
Parties 2.0.1 by Didah (@Diduhless) for API(s) 4.0.0
PlayerStats 3.1.9_BETA by hachkingtohach1 for API(s) 4.0.0
PureChat 2.0.0 by Vecnavium, 64FF00 for API(s) 4.0.0
PureEntities 2.0.0 by LeinneSW for API(s) 4.0.0
PurePerms 1.4.5 by Vecnavium , 64FF00 & ProjectInfinity for API(s) 4.0.0
RedstoneCircuit 3.0.1 by tedo0627 for API(s) 4.0.0
Rewards 5.0 by Wertzui123 for API(s) 4.0.0
ScoreBoard 1.0 by hachkingtohach1 for API(s) 4.0.0
Sell 1.0.0 by lenlenlL6 for API(s) 4.0.0
ShopGUI 1.0.0 by hachkingtohach1 for API(s) 4.0.0
SizeUI 1.0 by fernanACM for API(s) 4.0.0
SkyBlocksPM 1.0.1 by Vecnavium for API(s) 4.0.0
Spyglass 1.0.1 by ItsRealNise for API(s) 4.0.0
StackStorage 1.3.0 by Ree-jp for API(s) 4.0.0
VanillaEnchant 1.0.0 by hachkingtohach1 for API(s) 4.0.0
VanillaHopper 2.0.1 by ColinHDev for API(s) 4.0.0
VanillaX 3.0.0 by CLADevs for API(s) 4.0.0
VoteReward 1.1.0 by  for API(s) 4.0.0
WorldProtect 2.3.11 by aliuly for API(s) 4.0.0
_NewAlias 1.4.0 by Javier Leon9966 for API(s) 4.0.0
libEasyUI 1.0.2 by GiantQuartz for API(s) 4.0.0

----------------------REPORT THE DATA BELOW THIS LINE-----------------------

===BEGIN CRASH DUMP===
eNrtXXt3nEaW/yq18uxa3lXTPLtBs86xLMm2Ziy7x5JjzwQfbwFFNxENHR6S2rPZz7733ipoQLIl
J51J/rBP4oaiuPW771sFlP+5E+fFklcfL0VRJnm2s2/v7VTJUuzsGxPbmU4815tqE9PVXW9vp17J
S9ZEcy1TN0zXM6CLbeztpLysjosiL3b2/7lTrVfQa0ee7+0sRVnyObYc8jRlVc44W4plIAoW11lY
wbhsLqpTaip3HzE4z+o0hVtj+HmWpHTvvu+/LaGD71cFz6pFIjLfPxLlRZWvfP9Zfn1Y8Ljy/VVa
z5MMup1drJ+meXhRzk59vyxC3/9ehBm/TOrl4GKYL5c8i+Cesg42JyfZZVKJszo4lE3aarFCUBKQ
GmfcoTSGUcbtIL0rDdVxZ4TxcAAgniYZELdNUEPBQzj8YeeBzr5urDQJyvFhXlTienY8VrTz8VNe
CnWya9jWo332K+Ux+i7P3tTZbh78KMKKreB2US2BAVQCX4vC92f0+8DQzalr77GyKpJs/oP5gZXB
HuNFwdc/GB8eAd8PDLZaIkv4vxpyfJYsV2mD+ZSvdk1T/wJs5Nv3G8bxSHLu+x3WR9+JaxHWldgO
bLMD+0wU4EcgW90FlF26iiHAO+Bo9F2UlCtehYuvh2M4iIeFeb5ib5LwYv39K4JkdSBJCmNJYNew
XHOATGLewGgMZGto7A6aTFRXeXExXoYrMV7AMClgO8me86WYcRzohWzbnTrGAGd/8NF34YJXu83Q
kw9sfNvYjhr7UoAVFOMNvXEgogLORqsir/IwTwme4v2N+KkWZSUR7d5AopjwfeTC9xUb6B03+Bh9
J6/2Cd8m2wHRBlZrwz1MDwzbMV2HWJx8Tryv5MkZBF8IsLuWN/0yH18esuGkwX748uBIXIK3fc+z
JE35+w69WwTxHiAbhmkR5Ol9IU/0L0Pu928gHvGKK91tSdCtjVvTD+xUG5qa9u8nmqblGv65+M/X
+EN8up/js+AXEKrGb/jFyyQ4ySpRxBDqdw3P/CX8HmdhHomocQYX/PAMIIxfvXkBf8807SUiCmf4
93/C/yfaPLrQtA+a9j//rWn8OTRNNS35EX5TTftee13GcOhqDzTtmfYc2foLseN91pkkP6NkJXmV
fJ3nmK3PF4Xg0amsAN6IUCQYIe07GJUEfX8gIcw3UjGK0m4Cl+ZQR+itijz7AwNlvEJuD7XDJ76P
mvmbpj0V2n9opvbu729JIvk//k/7d+hjY8ePz7T/fogHf9e0mvQI4jmk3/8F+byUCUr/Wn2ayGbD
S0mB1vdBSg1jXxDR0N++XlgPDMPAMErQjc/qrszy/JOQ6SsVYiWKJgaju/4yLd3jnn+GaV7Whfh5
VwI0fwHAG7lMdoWc1usHeCDUg3hf5VUSJyHHgrNU41q3pO/JjbjzOcIlnr/NqiTdjfI6SAXrVc22
LQexbxlEtyefycQVRJWZRJwXCqbToTCje07hnl1Ltz9D5OPHEJisijpsoyDVQFCnly9zHkH+NvfY
LcZVAzMQ1k95kr3M5+BbD6xN+IM8e+8yvL3Ltr/irrZ4l3xPPsO3OUxm0ruUtFSC2TUwdRcQ0JNC
tOFR/8BWC17sj8eH+2PCNG4hjRWicQOoM+jodKbhjQMsOCd4tPPh570d8RtMf/4VMw2ALgf4mGSX
eXopliKrYNQIpBZWO81VaOmMAs2YdZBdy4JLTP35GS5YdqfhT7JwY49Z5+79fWD4BOyTZxAnH42+
g1PlGPJEVnlP17NCxMn17p94MS9/eJhBWfHww6M/4xhOd4zyYh0g6dk9x5L9TnkGeukPufunEiKQ
KBQmRXdXjjmBMf3Kr9rx7sGVutwfq2ndHSCXw0w7rCUx273B3mP28CFauuV2ev4TG7xOg5QMcQOR
Cn5Vitm9A7LqVvZPdx9m+agMHj4ijLY+GKgQVV1kdMkYmINtDvgJ8zqrNlypUZT1P2Lf3SnUwzyL
k7k6eQXVGlQ/D0tRVeDgpbbk1yPpXyWgRQDWQEy2/RuKSQ49SpNlUjXScj4vrclQWkPt/1vjQYka
P4+ZshbsPjQBe2gCv5ANOegoy6tRnmGoeEisOJ9XvDNUvGPeMGQSMxjw4yYuPNr5+dtKx7eVjm8r
Hd9WOr6tdHxb6fi20vFtpePbSse3lY5vKx1/2JWOZj2gxLn/ARhHRUc4N4dyXzXs7bQPlHcMTdd0
aOF1tciLEuv8BQ8XF4CxyvHIQKJ8leAVmzrDucg4WFm0sw+aFXs7EVgjVObQBa6VeVwddRuWnNYn
BmR9X6JpfnHNAwwCOs5en52/e/3m5RE0XYmghFofb6+qVQnSusLqsFwklXYlRJCuNahpxzhPOUiv
+Lo8W/GrrMfyprXLtwkx2OnzPVskabJiZ/ADU6r5tvheEdlSUfV9TohKROT70gc2vJ+dH7w5fzvr
cU7M1bQU9SKvS9HlrtvcZw8Qj54enx8YfSbPFmAynnP967jbOQa3zpfrg9nJzobTUtEGHiWuBeIC
BfdRflHNyCzNpJ6LTBS8kot2it3BhS7DugaW/DEQFe/zS7e8yIvkE8QhuHS4KJJyNCvwVYmhCPZ2
rF+j6N5QMNfrgb2p6i/wXycpdD3P87Trvb3mvg8D7hHybvaZP/wkwsXsFCtkuPB9cp1cvDjall2H
SHy1jKj8DiS2CrEB632k9/LreVIt6oC8uQN73CMFsqFwCH50joA7wum3/0EiXA/U4PQ+cgGxgHiT
NCzWWrmuRKlBGTOOeLkIcl5EYymQfPW8yK+qRU8abeMwKgziwSuo7w7+AW0XPIny00M4+vv507+I
It+WVOQIyH2DSab1X2AYCixyXZdVvjypxFK5VYf34aW+BKyhBHh6mWS6ZXjbYrglCDwPsNxsuU88
ODr+PikIf8tk29S3dMhpo4OXsxcHxiASrKCGSvBxwdnrZ2JrmY2I+v4lQfF9tFV51IF3R2IDJx/G
ubapz5vhDN14U/2wc8GX22KrGR8Lw8tBDLuNjVsMdYNs3NJAZutsLvp6VC3DgGX9PgFLwWkPthWk
OuXChvdOY5d9R5tq1mh2avdFkGcigP+3xboi5/tCogCavt9DdKdbqt5/yYObTGHjMPJOfj1Dg7rr
vsz9mActcxLZ3cxlIQTbSkRveyrrtA5Mts/cSVW+ETx9lZRb01iHJDCzAXK/bII8PTs8zItu0aAa
BnHmRo78V3mfhNP8bsv3niUw98jmb/Koy/mmcRh6fi/mW0Td460JIS+W/ejTtPTZt4eG/GP+Yy6m
+Gd8VPA5PtssxIsjz92WIDYD4PoDYWoP7mPUz8Wymzzp9HcMpzi+/Ps+4F+AQx9k0TMhusbZbe0H
0Rtx5q/rlGeGZ+vbYqQl6PsdGPePMXhTtTjn8wE/sm3IjTmcnIs0XU+vptvipmwISm4IxP15Ocku
YcpSLp4l1x1uuq39GfiN2HFa/wTktsXMkqj5fpJdhgggTq6/ZlYNuM+E6DOCDXdMkPoLCFtiZbBU
IJF8DTN/FWIFd4msyot1h6d++x3T4Hbu99dFzp/zJYTc719te9rXQ7SFmd9LXmPuBzznr847nPfb
70hq7ZP7bXHbeRWgB2Rweh/VnvJrVd1043q3dTjnG4T29yLLadExXG+LvQ5JVGELpXdyL+ZgSjTL
e4ypluGClvP7lCEKTnvwq5elT+u0St7lRdrNcJ3GPt9TtZBn3bmQd/gP+gJrXVdlfZHQAk6aJBfl
b7K8t0S8V4gXBNPF/muW9jqEUE5rXBTpykg2DOTzO1kFYWl+t1WUvpoddvjFsz/IuiVA+bpI/Vnr
f8VX1aKbdFXDsHAwv8joXlVn87IS2WX22/FMwJrf+8SyGS+qRHRjWdNyR0lxlER8wXafwG+9SEVZ
PtoWV1FD0fdXEovvb0B9rbO2+IhbeuHprOK9tNRt7XJtQXHrfcTnT7+PBXdw9U5+tUHP6kIcLnjV
lUHTdOMB3OeKjr2dif3smf51kxYaZyaKZXlz6WfnGadHbOWsyIH6e4g8eV3OjkdNe+cp3Uc5NohF
4d4c3cvqoe9xViVD0+823yGIlyLJMnH2blvaT4kemDxgEAqDZKqD6OsWcBuI4x4Vxb5UQp932TZc
THA+YwFsj0ktsP9goDJ8++Eki5MsqbZWsvXUTOg6h/dR9BsRlRXM6Q+TIqyTrsEPr/Qd/0a4q0SU
6xNza5Pahp7vFwpIKIH4/k1k92DzCvJx2WNPtvRXUQY2/E4U1ac6MUxrW2xtKCIfBOEXT5c2tMaK
FAWvszAvxFOsPzrsdhq/uKT7rwrdGzzd418duM9Emna5FvQNzxfLrVRk+N/LyW+xRt8Sx5eG0hRf
mSJEdxrs2SJfPe+tyjctf5DqUcFpD7ZVLp8ln0Sfb9nwRauNRZHx7ODwdFvstgTxJXocX/7+Aifd
QEPmOl9vdTjsfdP1uy1p9L5u6GO621xX6zm+7dflqmm6g6Xf+iFSg+P+K6JQQ4YXZ1Ve0CeDG4a6
zTfezOkz9UaI0Y+rbfEDBc/HH1cQQhBBKREAYx08M/l94NebpwQ6wvcaQ3oHUVElJkEW6o17tfrT
kcbgwh8kKvVRDc+3FaMU1Rf5atV7KaXffsf88DBPk+zFkbjcljBagi3bEsjg9Jes57RQN8y/v8n3
+xs14sAK1HccW2P45mchHSR3uvn3eSVk3dRlZdM4eGA8YGZrrh3zlN4cvISR7x+jaEUNJhUVfh+8
gd9rvvFK1I13opI6XW/vhSik5vu0gLiSEIb83HNedlonRZyINOq8mj9qvkqsIBqOl7ysRDHusQtS
+fhKXB2kCe/moU3bHQ+B/wJ5UBTspcgzz5tMtiUXSbahii9CAxb18wt8sU9uLMn8jJ+SB8e8XPdK
p03bMDwPVuKeJxAd/1ZzmE9si205sO+3AO4wafwEnheAG/Q6eO+reRmeoFxXIitpsQP4lG967LgY
XXExPQiXHF+R3LSEHOrvCO7ttuXLj1FeQVzvtao9AzYNdZF2zyNe9a7HSVqJHuH5ctU9XUDS6J4n
MGW47Db8WJJC2vNlIL8b6LXlRdW++4xqw0+HIwpam06rsC+HNyJOBa0JdVtLkmjZb4qwmOy0nM1e
9oZflz+lGQ6mjlh7qcovRAZFcU8E19eKa4SL8WbNl6l6Ex9PPyUrGU49Wjb5BCbavR1Or5d9qecI
z9R1yzBMDxpmR697rEf5R4I2bISmpK+wHKy0LHsd5Rey7097PA8QwCl+MzXgc5leFclA/6uKvq5C
CTfvms8WA9tb1NkFffZikpDki6rJPEgyjs94IW2a9A5ZKi4hAAaqE5KCimRV5arBlMKKQNHSLHWV
oTYR8+NmrM513M8iyeK8Z7fRDZUnPSshUVrdpkKAe6Afzmtpiw39f4C7sdezEOqxjvDRuxcrNS6O
SG/Md6fqPXdHV+al2GyJCPKU9kOvoO/sm7pjg9jKj1Cr7exDCi0hLjWfV+7s2+4ExsDlrJ1JNHEc
w3QsY2px23MN0w2njh5arpgaXmx4rqvzyEbLqpskmmRRflWyV+es/VjHHrllkjEDtMoIAzOm04nF
dpvO8lsoZurG5BE7OD2a4PNa3KywI7RPgjzJbu1lsfqIj0l33p28osfGdHJFGROC1CovRfERtFzw
Qq3D8miR42rJGEPHCD/0lhuFYH1iPolDM55OvKkX69y2uRM7QWhyM5joeqRPJ2YsdDEFvlGORRJe
jFW01DVPs56E3JlGhhvrphu7djydTgPTmLhhZHiGEeiREKZlW1xQKARe8WP35RgCbBrAlGF0CQVA
JD/lAEleZPlV9kT9otnNi7wsxRhY5mWG2xRcmpiCnwgR267reUbkWMJxxUQPPcexA90LDBAmgAq4
Z3roEhCwC1EKXoQL4n/JZf29c0ne9sQNglA3De6KKDCFzaeCm7ELyo25J0IvCoUZh4Eb9byk/Tgb
sHOS5ETT/6tpBLm6mgEoPTd0DMNxgWoQOS73HM+dWFM7MqMYwNrhBOTM9dtJbwyTbOEmed2YCmca
gtz51DYMNwiDgE8tyxRTAcL1xCR0jYlnDchTzNg4OAj0icPDqRDcM3gc8MiNQjD52AmFZYdiYnrT
yBETuMz7lG5VIr2h/GRiT92pDUY1mQQhB5k6ruuYtilcJzSt0HQESMahb1K6BHHGnaqX9gma/sT2
BLd0y/MsEUdxYHlhZOmmMA1nEjk6kHZN3QP7HFDK03xDA6wC8U+i6SQ2hWVFE9ewQsuLTC80zdCe
hCBJIxqgoW2B1KfzRApU/CTiMLTNdduy3QAsXLim4YkghlgRxwbw5Hph6A7hpDlWFI2xoAlbT+xI
D3TXiA0+9Wx9KnR36k1cwacTzmPL0qMAIJuBM6Q0JyzkBJPQM8xQjz3dcUDVkWkZuitCMzKmXuBN
YhssDJDeoDDqpBxJamLEUxCjG8YWKCw0bWEL8HuTh5EAaencADewwoETtIEA4uwTzsPQmjoed3SX
T7woBh8MbfiZTnUegFmGTujZQdwnkQVVk5ueWEKPPBFPgknoxIHtCPAUhxsmZPCJmDoTywgscHzR
p9Ap9qmQopj/5CsC+I2vxGVeIh1NPdcBoxGhbk1sczLBaGAF1gQ8Dhod4URi6pnT26jgt+ZNRfPE
M00+sW3w+XASTiPOuYP/uZZpgOoNEdpTy+ViIF/5TW+T8Z/oHHwdQvPUNULb8LgRT2wB7mVDaLEc
DMCOJ0wP3+GGkrgUa3SDTUWHrwOZT0L4M7WFAOmaLpRHATiSrQeOoTsTIdzICoLJJNT5hkhdJ5GS
qwXJwguCaRw4lutOPCOOptYU7MK2ozCwowncHcYmaB1vX9TLkvPm/pvRvVwv4zxbgwbTNRQY6agp
pi8BKlqlpUPUMFwzBP3xwJg6ETiNZUeBHoNx4yfMro7GdRstSBmu3qHlTIOpYYLHiSgKvGkIiY27
EJosM3RtoVtT1zMjU3ifo2V0aUXCDrgZ2Si92AsiXRheYHLwOQjElgPRBTKHG8vJyjL/BFOkMYQ2
UVTNa+Tgct7EBhTh1NVtF0KKa5tgBEIHHUcGpC9g0nCF6fSIrMDjRhi71eQcApJnefFUROCzIZhE
EHghJl0nDHQnciHeeranT4EMzZVa29LWVK4+YDjVZiHty1QX9N05w2KPxXnBetWVnz1g5wvIpKzZ
sInxQrBqIVieiRIOeMVCnmV5xQLBkixMawgecMDkl88aJDTIvPQEFmid5Uu4M0YCQ5olj8Uey+FK
USJJFkC0umDrvC4ULdyVaAmzEJjv4whQ3OCWZ+kaCcPMvSU3hlKX12lVsqs8e1gxzP28YDCJzSF4
JZjB1ogQqrVS8n21EBmrV/OCR0BA8zM/a4jt+xljD94tBALD7eBwVySGW8PJCVhJhV+JpXUkLxNU
GfwZyDMVFckLlwpDwWRuwZYlUgaJh2KUciyO52KfUX2KF8pFXUG1mI3UhnT7zN9RhaNf64ZhwN+6
sNjFwq8NEcVJ2wxnXjZnKR5xI/k3f4dYOEjT/IqlSYlsNRs3scuEs7/Volhjn5/woFk92Wc4hadb
j2lSr+5hwADDwpKBakF6SC1YMyVz7C/XAEbt5Q5XD96Ba4HpgAJ4FDGo0aSeUP64vwBbCo7bL2Ct
ykA7gUDQIEXxU81pN755cgl9ofioBdtVg0Ip/QipyxHFqBArmAqPQD+4UcA+XKaxX9W0jR+Y30G5
zsJzXl4w3AMCDE6jDm9L0CH6QMMpdlsUeZbXoGboXu4xWrNiclKCjrPHsPwu5NYnJBtwXGxb1pna
00ESPyM7AJ7AHIv8OgFTFCAGYIlMPGvBoWwVoJMYjZo2IQTj3WNJ9RD3JCzotkjgWhbZ1uBmtgs8
1OBgJomF2BgpTveJ1NCoORlHUWcZqjPCCWW+IiXQDKbU2JG4VMdsmcwX4PX4yvVe10uV4aBEiqJe
VbJVCgwFswRsii9SLngvzUoi6Tn8Mk8igH07ArQRtDmYGiRgXVrH0KDzSHZqLc3PlgKGW0vvfZ7m
AVgPrj8x2c5owzcMAksx5wEt3rMzKWqdhJuU9I0u3n6OWrtKSPJkUeDdVyNJqDGykjjEb0HggAl8
vRnJxIUQzZDSyEFbNfozm+egqBz9Ga0CB5oTTLkX3T7TkQsYnWK1LN3+8Bzggt6X8C94Ef06/GWV
rwiCirMtJEWuZBA+Vph2oxYQjtqgMnTTVsAoCLwjr1D4yodbQEh+QZAwYrCwhiyVQZZicns3tO5c
QpYeiVmt7S2uQyGicsORDFyvz4/32fmLkzP28uT05JwdzGYvT47P2Oz4DXv3+s1fj9/sMejEzl9D
r2P27sXrl8ds9ub14fHZmTYMAT15mM5EiWMmiiSnzI2BuEQGw4WgkEzSaIOtAbKH2iGi2EJdRhAK
hQyzROowz4BPCNBgTcjv54xNGtnVAlMwyARDkOxGlCURCL2bQC4zEo3xGnMIFgR0g3azN9qCWo0G
ta1EiHWDlCzClXqV97Y8gHmJVblh1dIVr+Wj2yEpzi3F+ZwXAXjGaFOCUwC6XbrkaghH3cXUXRC7
lzyrqUrpIoEKrgYbfLTX5IShETZmKNNrDHOVSvK73Ligxl7LmC8NHsqMvE6jFksCSeQqYxv8pSS8
IvjA6ETXFa8w2jMKFjeSJJmOpNDyFhf5skm28m7VY9Q1za6GkRulyRu2wW4xqZ51nDWVJaqsyGmn
lcaQo3q5kmWYrPWYujDCC42+jrCTuoGwE8yGAziDNA/Ozm8RMCRtSHwwwiUYWVnWAgNDtQCtzZuy
FIMWjrZBtdcoUtYIqvrUJBrs+lk54QaqtHxbNtgP+Qpbk2W9hBxLe3gCcdpGFBXJ1A6lhGIjV/QX
JUrymJs2BlX5SiGiAUdYLteQdO1WY0e5vDS0aayNMOpJ+rJz40KSlurY5YwqhxEtD7e8HQEUqlWg
fETpATpZYEgqK9qFjcl7JIcb7uA2JU/JTzMydt5UuyjAFOcLiu6XSX3JDv1MbTK2r1IElGaLPJUl
ZoDvpVElTpChagITUkmGYpucIqmrMrUEoi02ZXp70NVScwnDarGukPgeGxkdBZLyaOBR1YBRKYCi
9qaOpUcKWEJGknOc9FChjzdDo4KlsRdQC9IezljcscPZ2z2GL4hDxyy6SiIwe6oVZPRs6Y+I/j6b
NGX3piIvSTqdvho7iCBQLXgaj2HOKacJkQAbVkPBoAzXD9HAOo64SXsdYt2pyPE1RjUsMXmqMQTx
dpbNmmJ7M1PEuQSCwif9eGO9ylYjdT6Y3ZwqryuTT6LVJ5bljRpLTHiqZIKyXZpHJ7XanilveqSx
mbon5cWcbuBqyqpsgUaMCz5HFkAnILZylVLFgvPQJYBHZ+cF6ukwTaCXnFgXcitJdnr+lpCWwBKy
HdQVw4k8qXIznJxcaE2sWVb1CO/aJ7Td+aHI6LkT+XrMTpv3hFo2YaIcx0moMcpSC45FAEuWIJsK
dQfaoH/eCsLUHmEBpV0S6AVKAqIuBWJI0ZzCeSlVKksJ6FspG0VOhFxIUKFOzaaOXlORdHRydvAU
6iOqp+qMbAgDdo2Rkh6ZyiIhQWNUm6xH3fnGhs+Nr0ciqOf7zaTtO2bgZE2VrAsIV3Sdqbl8KVcf
0JuzMpfJW3mEgcQkakntcJHnJa1QNHM10czGKYrj8jIr+WWTLeAQX4CgzWjxWmcaD8Doqbws2tTi
zY95kskFAZLUQ/Y+yK/R8wt2csR23789OXoEege3BwzQ/wrUhorB7wnAOXAOV0RKPrL8AG/IN7rL
wNvfP33Z0Ffzu07LQxoMn6dR4UDqVaUI8ZY3S0kqjV4DvhG+kPA4j2MaFq4l8Xp0XSfRRiEkz1F/
FeeclmGkq8l/SU3KgCK98qu6VMtBIQSRSoZZdc9I3rPP1ANXHEamEBUe1SiYA3k2b+coGd6WDlPx
XtPrMhFXozZB37ZyJoV7sMSd2GmST+leBhMQWSNazO0YHWkpBNSPx5Sc4eY3lKo7NxPjmZBT70BI
YoGI0fdpLzpypUVjZ2Ra2NxP+pJ9HKhlH2Ig40OoaqdLGE1APr0NpX47TF4ApYjxxtwBbHMz/rZo
rMEKD+1Vj35WJpHMGcgPB52CweHm4R0pzDGJQg8RydRJJ21qo6UmZRw8DEUqaKYgzZtGTZMLGALn
yRSJUg6sz2ljKxnHYAjOFpJaJ8iB95eVTMkEdoTSaKCNNqKRrJ0clR2+MEyj5iU1Jh+wtmyqJaem
zJH79neVBPRGzGQPACa+7toqcrOs1epSu6lMFbyueEKzWUgmMNWTVrTKV3XauI06wXxPfVTasEwc
kKZByCWNhBkXIxeUBGqCgS1qIW9flTq47kiTa9ksKwVlWbiTYhuho03QQ88c4T7Eg6Y2MPSb1ZsH
nZwO8WAk361qey5Ab/sSirZaLldakhNiCHXrJU4OwZUrXGcNyw10TFPqOttcJxYozPH5vBBztaSo
1h/lMgvut38x5I/wQax5ffQatxIdqaQg6wMMX1dCzkA4OPkVjVgS8A0D1KZ1ng5Anm4lX6/wHSap
nBtCBYXK68qYoBLCNwwol3XyzSEu4ovuWt4eJIfVgoNbCIzsBWJo6lLIGLEoYO4xwriYYTKUV5vc
JTMH760Nqrc+Osm2hhocahuKrU0IUwRJy/J6M8YNrUq+umqtkuUmg6hsjESxP1o9JgzUIoZxHJAW
PdVNzQK3thlAXemO0Ejuy/leJROpSekBnbUkRQPIV0qezarRQjXKEFe0MwkVHXARHiZrEZVBSdwS
wofpdSEfzWC0aZZSZOQFeio6NfmW49uFap4GpTXHl6XUGRZAgFHpar9RmrwGNoprevvsB6pcoGjd
o0W+D0hUJuY2eXcfGREbWEkXFOBxGaXZWpPWR27LoxSfafpY0oyBpt/40fkqFaoI6MKX41K7NPQH
pUA3sHVbnrYjAk/ybeKPiEh+F089cN4hcJntz+o9jj3Hu6Yv0vas6ygpqj2KwH9WZZ988NJdwZAe
jVkP5KwWGHmtTDAFzYVrJrdTrosmCDfTtqJ9ZEMRBuhAbgrp2VnZCG3UPO4Be5A1/oNnFFpoKOrf
I0JFsmr52GkZUbHZqQJzOREQ1xDoSjXjDS/o0zOa3UGkCxKYraxlVUf9kF/6d1NSmTak30guiT6U
SUUbm/Gh7VDD+HRzttG3/Kdn6BmfDyUMIKvZMxEw02aGs69b+4bF3p08ZaZumtiheQ73WEC4hfNl
XkWPz+riMoEqABvkgCN0vseGZ1jmoPFyQs0WNqvZQrKCRrB2aLlaJJUY4SO4xzqRh+mUKt4eO9Qy
57iYEAl5XT4cbNug3sVWXL7FxzzN+epypehHCc6vwKDXjwlYa59tuntMXFJpjBX343BBjxE9XIGV
RxzMdLnphRbfuQmf1T8+On528PbleYdHenCoQFD6QF9W573y9rGLTZ0Snrrs/Pz/AQFeBQ==
===END CRASH DUMP===
