PocketMine-MP Crash Dump Fri Feb 25 01:09:49 WIB 2022

Error: Undefined variable $player
File: plugins/SkyBlocksPM/src/Vecnavium/SkyBlocksPM/listener/EventListener
Line: 92
Type: ErrorException

THIS CRASH WAS CAUSED BY A PLUGIN
BAD PLUGIN: SkyBlocksPM

Code:
[83]     {
[84]         if (!SkyBlocksPM::getInstance()->getSkyBlockManager()->isSkyBlockWorld($event->getPlayer()->getWorld()->getFolderName()))
[85]             return;
[86]         $skyblock = SkyBlocksPM::getInstance()->getSkyBlockManager()->getSkyBlockByWorld($event->getBlock()->getPosition()->getWorld());
[87] 		if (!in_array($event->getPlayer()->getName(), $skyblock->getMembers()))
[88]         {
[89]             $event->cancel();
[90]         }	
[91] 		$pure = SkyBlocksPM::getInstance()->getServer()->getPluginManager()->getPlugin('PurePerms');
[92]         $userGroup = $pure->getUserDataMgr()->getGroup($player);    					      
[93] 		$border = 168;
[94] 		if($userGroup == "Vip")
[95] 		{
[96] 			$border = 240;
[97] 		}		
[98] 		$xs = (int)$player->getWorld()->getSpawnLocation()->x + $border;
[99]         $zs = (int)$player->getWorld()->getSpawnLocation()->z + $border;		
[100]         /* player's current XZ */
[101]         $xp = $event->getPlayer()->getLocation()->getFloorX();
[102]         $zp = $event->getPlayer()->getLocation()->getFloorZ();		

Backtrace:
#0 plugins/SkyBlocksPM/src/Vecnavium/SkyBlocksPM/listener/EventListener(92): pocketmine\errorhandler\ErrorToExceptionHandler::handle(integer 2, string[26] Undefined variable $player, string[108] C:\Users\tranthien\Desktop\FoxCraft\plugins\SkyBlocksPM\src\Vecnavium\SkyBlocksP, integer 92)
#1 pmsrc/src/event/RegisteredListener(75): Vecnavium\SkyBlocksPM\listener\EventListener->onPlace(object pocketmine\event\block\BlockPlaceEvent#145585)
#2 pmsrc/src/event/Event(62): pocketmine\event\RegisteredListener->callEvent(object pocketmine\event\block\BlockPlaceEvent#145585)
#3 pmsrc/src/world/World(1897): pocketmine\event\Event->call()
#4 pmsrc/src/player/Player(1655): pocketmine\world\World->useItemOn(object pocketmine\math\Vector3#145635, object pocketmine\item\ItemBlock#145684, integer 1, object pocketmine\math\Vector3#145917, object pocketmine\player\Player#110122, true)
#5 pmsrc/src/network/mcpe/handler/InGamePacketHandler(437): pocketmine\player\Player->interactBlock(object pocketmine\math\Vector3#145635, integer 1, object pocketmine\math\Vector3#145917)
#6 pmsrc/src/network/mcpe/handler/InGamePacketHandler(298): pocketmine\network\mcpe\handler\InGamePacketHandler->handleUseItemTransaction(object pocketmine\network\mcpe\protocol\types\inventory\UseItemTransactionData#145606)
#7 plugins/VanillaX-4.0/src/CLADevs/VanillaX/network/InGamePacketHandlerX(223): pocketmine\network\mcpe\handler\InGamePacketHandler->handleInventoryTransaction(object pocketmine\network\mcpe\protocol\InventoryTransactionPacket#145632)
#8 pmsrc/vendor/pocketmine/bedrock-protocol/src/InventoryTransactionPacket(105): CLADevs\VanillaX\network\InGamePacketHandlerX->handleInventoryTransaction(object pocketmine\network\mcpe\protocol\InventoryTransactionPacket#145632)
#9 pmsrc/src/network/mcpe/NetworkSession(397): pocketmine\network\mcpe\protocol\InventoryTransactionPacket->handle(object CLADevs\VanillaX\network\InGamePacketHandlerX#138600)
#10 pmsrc/src/network/mcpe/NetworkSession(360): pocketmine\network\mcpe\NetworkSession->handleDataPacket(object pocketmine\network\mcpe\protocol\InventoryTransactionPacket#145632, string[54] ...........@.......................A......"?.X.>...?.9)
#11 pmsrc/src/network/mcpe/raklib/RakLibInterface(192): pocketmine\network\mcpe\NetworkSession->handleEncoded(string[107] c.ar1.c`b``.bdb.p```8#....,...?..........*.7D|.[V.j.........3.}...x...S6...>...O)
#12 pmsrc/vendor/pocketmine/raklib-ipc/src/RakLibToUserThreadMessageReceiver(42): pocketmine\network\mcpe\raklib\RakLibInterface->onPacketReceive(integer 0, string[116] .&zt.XW)..R1....E..K%...dSHi.........;..h.D.._hH.\[..N.!..=.z..|..U..qy........+)
#13 pmsrc/src/network/mcpe/raklib/RakLibInterface(122): raklib\server\ipc\RakLibToUserThreadMessageReceiver->handle(object pocketmine\network\mcpe\raklib\RakLibInterface#28735)
#14 pmsrc/vendor/pocketmine/snooze/src/SleeperHandler(123): pocketmine\network\mcpe\raklib\RakLibInterface->pocketmine\network\mcpe\raklib\{closure}()
#15 pmsrc/vendor/pocketmine/snooze/src/SleeperHandler(82): pocketmine\snooze\SleeperHandler->processNotifications()
#16 pmsrc/src/Server(1660): pocketmine\snooze\SleeperHandler->sleepUntil(double 1645726189.8509)
#17 pmsrc/src/Server(1046): pocketmine\Server->tickProcessor()
#18 pmsrc/src/PocketMine(304): pocketmine\Server->__construct(object BaseClassLoader#2, object pocketmine\utils\MainLogger#3, string[36] C:\Users\tranthien\Desktop\FoxCraft\, string[44] C:\Users\tranthien\Desktop\FoxCraft\plugins\)
#19 pmsrc/src/PocketMine(327): pocketmine\server()
#20 pmsrc(11): require(string[80] phar://C:/Users/tranthien/Desktop/FoxCraft/PocketMine-MP.phar/src/PocketMine.php)

PocketMine-MP version: 4.2.1 [Protocol 486]
Git commit: 6d6551253173a498128c750c38e719f19880ad49
uname -a: Windows NT tranthien4-8sin 10.0 build 17763 (Windows Server 2016) AMD64
PHP Version: 8.0.13
Zend version: 4.0.13
OS: WINNT, win
Composer libraries: 
- adhocore/json-comment 1.1.2@fc2f76979f0a44a5f5bc2a2b600d0762fe0e78e7
- brick/math 0.9.3@ca57d18f028f84f777b2168cd1911b0dee2343ae
- daverandom/callback-validator unknown@unknown
- fgrosse/phpasn1 v2.4.0@eef488991d53e58e60c9554b09b1201ca5ba9296
- netresearch/jsonmapper v4.0.0@8bbc021a8edb2e4a7ea2f8ad4fa9ec9dce2fcb8d
- pocketmine/bedrock-data 1.6.0+bedrock-1.18.10@e98c511584a7bd58a95986374d2df4b04c6a2ba0
- pocketmine/bedrock-protocol 8.0.0+bedrock-1.18.10@017e57c8f8a74118bcbba7332e7ebac9e6c81693
- pocketmine/binaryutils 0.2.4@5ac7eea91afbad8dc498f5ce34ce6297d5e6ea9a
- pocketmine/callback-validator 1.0.3@64787469766bcaa7e5885242e85c23c25e8c55a2
- pocketmine/classloader 0.2.0@49ea303993efdfb39cd302e2156d50aa78209e78
- pocketmine/color 0.2.0@09be6ea6d76f2e33d6813c39d29c22c46c17e1d2
- pocketmine/errorhandler 0.6.0@dae214a04348b911e8219ebf125ff1c5589cc878
- pocketmine/locale-data 2.4.3@4d0b081f1a79407e087968ea76aaf330db6ea2b5
- pocketmine/log 0.4.0@e6c912c0f9055c81d23108ec2d179b96f404c043
- pocketmine/log-pthreads 0.4.0@61f709e8cf36bcc24e4efe02acded680a1ce23cd
- pocketmine/math 0.4.2@aacc3759a508a69dfa5bc4dfa770ab733c5c94bf
- pocketmine/nbt 0.3.2@3e0d9ef6b6c5fb45e3745a121296e75631b3eefe
- pocketmine/pocketmine-mp 4.2.1@6d6551253173a498128c750c38e719f19880ad49
- pocketmine/raklib 0.14.3@4798576fec0364266dce23b368a7fec5e5de7927
- pocketmine/raklib-ipc 0.1.1@922a6444b0c6c7daaa5aa5a832107e1ec4738aed
- pocketmine/snooze 0.3.1@0ac8fc2a781c419a1f64ebca4d5835028f59e29b
- ramsey/collection 1.2.2@cccc74ee5e328031b15640b51056ee8d3bb66c0a
- ramsey/uuid 4.2.3@fc9bb7fb5388691fd7373cd44dcb4d63bbcf24df
- rhumsaa/uuid unknown@unknown
- symfony/polyfill-ctype v1.24.0@30885182c981ab175d4d034db0f6f469898070ab
- symfony/polyfill-php80 v1.24.0@57b712b08eddb97c762a8caa32c84e037892d2e9
- symfony/polyfill-php81 v1.24.0@5de4ba2d41b15f9bd0e19b2ab9674135813ec98f
- webmozart/assert 1.10.0@6964c76c7804814a842473e0c8fd15bab0f18e25
- webmozart/path-util 2.3.0@d939f7edc24c9a1bb9c0dee5cb05d8e859490725

Loaded plugins:
Alerts 1.0.0 by hachkingtohach1 for API(s) 4.0.0
AlwaysSpawn 2.2.5 by Philip Shilling for API(s) 4.0.0
AuctionHouse 2.0.0-BETA1 by Shock95x for API(s) 4.0.0
BlockGenerator 0.1.0_beta by BlockHorizons, Chris-Prime for API(s) 4.0.0, 3.0.0
BuilderTools 1.3.0-beta2 by CzechPMDevs, VixikHD for API(s) 4.0.0
CraftingTable 1.0.0 by hachkingtohach1 for API(s) 4.0.0
CropGrowth 2.0.1 by NhanAZ, kaidoMC, YTBJero for API(s) 4.0.0
CustomItemLoader 2.3.1 by alvin0319 for API(s) 4.0.0
DEVirion 1.2.5-ALPHA12 by poggit, SOFe for API(s) 4.0.0
DevTools 1.15.0 by PocketMine Team for API(s) 4.0.0
Dungeon 1.0.3 by hachkingtohach1 for API(s) 4.0.0
EconomyAPI 5.7.3-PM4 by onebone for API(s) 4.0.0
EconomyJob 2.0.6 by onebone for API(s) 4.0.0
EnchantedUI 1.0 by ItsRealNise for API(s) 4.0.0
FCCore 1.10.1 by hachkingtohach1 for API(s) 4.0.0
FishingRod 1.0.1 by hachkingtohach1 for API(s) 4.0.0
FormAPI 1.4.0 by jojoe77777/DragonfireHD98 for API(s) 4.0.0
Gems 5.7.3-PM4 by onebone for API(s) 4.0.0
HealAndFeed 2.1.0 by Kylan1940 for API(s) 4.0.0
HealthTag 2.1.2 by Shelly7w7 for API(s) 4.0.0
InvCrashFix 0.0.1 by Muqsit for API(s) 4.0.0
InvSee 2.0.1 by BlockHorizons for API(s) 4.0.0
KeepInventory 1.0.0 by NhanAZ, KhoaGamingVN for API(s) 4.0.0
LaunchableTNT 1.0.1 by Vecnavium for API(s) 4.0.0
MaxEnchants 1.2.4 by Xenophilicy for API(s) 4.0.0
MinePos 1.3.5 by hachkingtohach1 for API(s) 4.0.0
MultiWorld 1.7.0-beta3 by CzechPMDevs, VixikCZ, fuyutsuki, kaliiks for API(s) 4.0.0
MyItem 1.7 by hachkingtohach1 for API(s) 4.0.0
NPC 1.0.0 by hachkingtohach1 for API(s) 4.0.0
Napthe 0.0.2 by hachkingtohach1,tungstenvn for API(s) 4.0.0
Parties 2.0.1 by Didah (@Diduhless) for API(s) 4.0.0
PlayerStats 3.1.9_BETA by hachkingtohach1 for API(s) 4.0.0
PureChat 2.0.0 by Vecnavium, 64FF00 for API(s) 4.0.0
PureEntities 2.0.0 by LeinneSW for API(s) 4.0.0
PurePerms 1.4.5 by Vecnavium , 64FF00 & ProjectInfinity for API(s) 4.0.0
RedstoneCircuit 3.0.1 by tedo0627 for API(s) 4.0.0
Rewards 5.0 by Wertzui123 for API(s) 4.0.0
ScoreBoard 1.0 by hachkingtohach1 for API(s) 4.0.0
Sell 1.0.0 by lenlenlL6 for API(s) 4.0.0
ShopGUI 1.0.0 by hachkingtohach1 for API(s) 4.0.0
SizeUI 1.0 by fernanACM for API(s) 4.0.0
SkyBlocksPM 1.0.1 by Vecnavium for API(s) 4.0.0
Spyglass 1.0.1 by ItsRealNise for API(s) 4.0.0
StackStorage 1.3.0 by Ree-jp for API(s) 4.0.0
VanillaEnchant 1.0.0 by hachkingtohach1 for API(s) 4.0.0
VanillaHopper 2.0.1 by ColinHDev for API(s) 4.0.0
VanillaX 3.0.0 by CLADevs for API(s) 4.0.0
VoteReward 1.1.0 by  for API(s) 4.0.0
WorldProtect 2.3.11 by aliuly for API(s) 4.0.0
_NewAlias 1.4.0 by Javier Leon9966 for API(s) 4.0.0
libEasyUI 1.0.2 by GiantQuartz for API(s) 4.0.0

----------------------REPORT THE DATA BELOW THIS LINE-----------------------

===BEGIN CRASH DUMP===
eNrtfQt7m8a26F+ZrfSeOntbiLfA/dIT13Ya78aJT+w0ud3qlw4wSNQIVB62lX363+9aawYE2Imd
RN3td7+4jSWGYc16vxjwv0dxXix59fZSFGWSZ6M9e3dUJUsx2jNc25maruH5mmcZurU7qlfyjK1r
jul6rusbpmcb3u4o5WV1VBR5Mdr796har2DSiI6PrkMBVwHg3dFSlCWf46lXWSTiJBMRu+RFwoNU
sK9WKV+LAqbFdZo+SVKcd7A3m70qAbPZrCp4Vi0Skc1mh6K8qPLVbPYkvz4oeFzNZqu0nicZTDu7
WH+X5uFFeXoym5VFOJv9KMKMXyb1cnAyTcpKZKKYzY4uRVY9U4faarFCJCQCCu6kc+UEoE5aoL0z
DchJDyJAS4HW0Z5vAmsLHsLXf40e6GwbwHd88+EeW8EcUS1hldlMINsXPItSog2PzvNWDE/lib09
OWMnySoxFwUzd1lZFUk2/5fp/szeL592mqF7P7M/TD67rEEM6AMGPjDYaom8wX8CGTB5KebIg0JE
LS+mDvDiI+U9/jbPTlMQyk4e/CrCqs9LnDmbBQhkNiNYNJcgPDBsx/EcQs+8gR5N2XFvSEdCvIn8
+NuQp6m86nMwsTqYXOVFGk1e4+8dMOPp7bgQCLn8DoGwOyCk1Cen9LFjuI4zAEJrzGa0yPjbuhTH
lVi+yG6jAdzMguRd5YWFOLuWs8tumZgAiNkMARGhNNWzNzph3HrVDfC+Mb11oqRpNpNEPTAM3TBB
/6uiFkS/06E/ExVQeDFZhisxUVY1Oc6+50txyhGkMqgd2xqyt7/M+FvEHqy/Ipruz5+PJ5qIcD+F
CNP3BkSoS2EhuHY2a/3KLVePv5VnX0kdOAeHUAK54HRuI3YAeFXkVR7mKTgSiB7gKJIM1TIv1uRh
BgAPecWJQbpLxE5bX/ojz5I05W/GtqYT7QfP9g/F5eZEy4xbKHizY5rW5zPguEH9U1lwGwC5ktQK
6RI9JWGYG+XFZAN5EoiogKNxA5EY8X6gO4aOVq04BdqkWNXB8DZm/YfJ9d+n0M/lwRlkF7iydcPP
fcLCDW0NHR/LmweG5bm6LkOXfl/MXf3DmPfnNziiMShBbpXrbah37J+Ztvl5rN3+sy8/ZqP/1t5o
38K3/9Z8yQDjfQwo+EWaBJOX/OJZEhyjf4wxEhs3kpp7MeIoC/NIRDtthjL9mYUaLwwt/CX45Rct
iAJt9csvv3gPEM9dwrD9+bs2Pfxf7V8/ar+2Q5b2O/y+hn9nLvxCkl5Igsz3mp6kaJysJLWSsvMc
k6TzRSF4dCKT4JciFMklxo07SJUAIWPo84jSFpKWgtRmcvomRTMgldP+612lvXn9UNNeGkjUkab9
8H/gMzp7mrSUfqNpC+1Q094unmqz2b807bn2N017pL3TtP/VtFea9tu6mfoPyQHrY0VqIp0NMcCN
S3SiwKaGsg/waGiMH8+tB6Y3tWR+ZNjvlV2Z5fk7QSSdpUKsRNHEReOusPBeKd3jmn+HaV7Whfhd
Zl+G8wkIekMtklMhBe7NA3wgMAB3n+dVEichR6Mv1brdjOGMBAT53g2X9D7AJR6/yqok3YnyGiuG
bv3o6MoVTG9ZRLfdwSLyzPjbKoE0V2KcFwpNrwPhlK45gWt2LN1+D5C3b0MgErK7sHWQ3/FSHEDN
Wj7LeQQpoHlrblUDMeDyT3iSPcvnYFsPrNa2LPcjqp/2Ktv+lJpJ0u2/h25zGO6kcUlumSr27BgG
mp/4rU4K0ThIT/+ZrRa82JtMDvYmhNOkRWmiMJo0CHUWHZ+canjhABcsnR+Ofv59dyS21Qr4Q6pw
QFBCfAtJZp5eiiXMg2Ui4E1YjZqzMNIBC8MYXZAoz4JTDH7+DYOerQ7wJ4nZzt86F+3tzUV1DMrH
M/CBD8ffwmFz+oRnwIECR5OyGZS12ldClmQwWxVe8lJ5Vn5/kqeguc8h89h5+BBl7TkdRPCnEFVd
ZN/gKbdz6qvyYk1lJHvEPh7Vzuh36xvYytJGTjvNy4RSwR7uDwmfKeAzq2YV8QvkwIuCr99LtiRy
d4M5jZ6IZQAa21DvdUgkufgDdjTQQyQQKl1ExNc7k36foex9Q+H21Qp88j14pKxNoY2K02eXHNv5
+hTAnYpiWX4tlza7MoG6ufi+yOsVLEgL06VokpjdncwbYDRnRxnIw2/wWsRV/idhIWyroSHIC9AS
AGq4Hq1qt5zf6S76iM1GPyar2Qh56TtqEvLRd9VBF5pp6wStkePv+AsHvGbh6xKmYU7yUCF7Q4HP
VvwK/KqMQTh2zf7B1BIEvCvAr959PLx3HXgKP0PvCnzydyZhfV2ysC4KUA/25if29wnNNLrLX5Ng
3qOf3UXRMtM8h1KSpGzoPTG/+1gwPwEYwv33L63DL63DL63DL63DL63DL63DL63DL63DL63DL63D
L63DL63DL63DL63D/29ah03rrcQ22z4oR0XfMo67jpqB3VG7V2lkaLqmwwivq0VelFgdL3i4uAAc
qxy/GQiUrxI8Y9NkOBYZ1qXRaA/z9t1RBNqYRXgxnCvzuDrsDiw5tQIHYGcziU3zie1FUAiYePri
7Pz1i5fPDmHoSgQlVCR4eVWtSuDWFa/CRblIKu1KiCBda2G+nGB1v59e8XVJTYweyZvRLt2mZmpO
n+7TRZImK3YGHynguS26VwS2VFBnM04YlYjRbCZtYEP72fn+y/NXpz3KibiacoSnORR5Xeq6w33y
AOPxd0fn+0afyLMFqIzvXH8edaMjMOt8ud4/PR5tKC0VbKBR4rVAvEDAfSw/KGYkloq077Ew55Xs
gityBye6BOsaaPLbQFS8Ty9d8jQvknfgh+DUwaJIyvFpgdvwhizYHVmfI+jeUqpP0CJ7U9QfoL9O
sDV9nudp13p7w30bBrzHSLvZJ/7gnQgXpyeYPcOJH5Pr5OLp4bb0OkTgq2VEqXkgcasQNyC9j+m9
7HqeVIs6IGvuoD3pgQLekDsEOzpHhDvM6Y//RTxcD6nB4X34AmwB9iZpWKy1cl2JUoM0ZhLxchHk
vIgmkiH56vsiv6oWPW60g0OvMPAHzyG92/8Jxi54EuUnB/Dt/55/909R5NviilwBqW9wkmH9ExRD
IYtU12WVL7EzocyqQ/vwVJ8D1pADPL1MMt0y/G0R3AIEmge43By5jz84PPoxKQj/lsh2qK/pENPG
+89On+4bA0+wghwqwQb+2YsnYmuRjYDOZpeEymyGuiq/ddC7I7CBkQ/9XDvUp81whma8yX7YueDL
bZHVrI+J4eXAh91Gxi2KusFs0sJAYutsLvpyVCNDh2X9OQ5LodN+2ZaT6qQLG9o7g13yHW2qWePT
E7vPgjwTAfzbFukK3GwmJBYAczbrYXSnWarZ/8yDm0Th4NDzup9P0CDvui9xv+ZBS5zE7G7ishCc
bSWiVz2RdUYHKtsn7rgqXwqePk/KrUmsAxKI2SByv2iCND05OMiLbtKgBgZ+5kaM/E9Zn0Sn+dyW
7T1JoPbI5i/zqEv5ZnDoev4s4luMut+3xoS8WPa9TzPSJ98eKvKv+a+5mOLP5LDg8zyLoYh/euh7
22LEZgHsPxBO7Zf7KPX3YtkNnnT4J7pTXF/+vg/yT8Gg97PoiRBd5eyO9p3oDT/zwzrlmeHb+rYI
aQHOZh007u9j8KJqcc7nA3rk2JAac1icizRdT6+m26KmbABKagiJ+9NynF1CyVIuniTXHWq6o/0K
/IbvOKl/A3DbImZJ0OjuZIgIxMn1x1TVgPeZEH1CcOCOAqnfQNgSKYNWgcTkY4j5QYhVexOpQ1N/
/I4yuK39fljk/Hu+BJf74/Ntl309jLZQ+T3jNcZ+wOf8+XmH8v74HUGt3aeyLWo7G196iAwO7yPa
E36tspuuX++ODmu+gWt/I7Kcmo7helvkdUCiCFtUegf3Ig5KotO8R5gaGTa0nD8nDVHotF8+uy19
UqdVQjt0ukRvBvt0T1Ujz7qzkXfwEz3pu66rsr5IqIGTJslF+Ye095aIr9pt1MP9c1p7HUDIpzU2
Rbo8kgMD/vxJWkG4NJ/bSkqfnx506MWjv0jfElD5OE/9Xu1/zlfVoht01cAwcTA/SOhuVWdz3Kp3
mf1xNBNized9fNkpL6pEdH1ZM3JHSnGYRHzBdh7DZ71IRVk+3BZVUQNxNltJXGazDVIfa6wtfkQt
7aQ7q3gvLHVHu1RbkNz6b/H+05+jwR28egefrdC4Cf1gwasuD5qhGzfg3pd07I5c+8kT/eOKllG7
//1m62f0RO4hKk+LHKC/Ac+T1+Xp0bgZ79yleyvXBrYovDff7qX1MPcoq5Kh6neH72DEM5FkmTh7
vS3ppwQPVB5wEAoHSVQHo49r4DYoTnpQFPlSCH3a5diwmeC8RwPYLpNSYP/FQGS4++E4i5MsqbaW
svXETNh1vt5H0C9FVFZQ0x8kRVgnXYUfnukb/g13V4ko111za0VtA282KxQioUQEt3YPMbsHmVcQ
j8seeXKk30UZ6PBrUVTv6sQwrW2RtYGIdBAKn1wubWBNFChyXmdhXojvMP/okNsZ/GBL9z/lujf4
dL9/tuM+E2napRoP70i3UpHh/8/cP6JH3wLHTUNpilumCKM7FfZska++73Xlm5G/SPao0Gm/bCtd
PkveiT7dcuCDWhuLIuPZ/sHJtshtAQJ9tL78/AQj3aCGxHUelOxQ2Ht88k9rafSe5enjdLe6rtZz
3O3XpaoZuoOkP/omUoPH/TuikEOGF2dVXtCjtxuCusM3dub0iXopxPjX1bbogYTn7a8rcCGIQSkx
AMI6+MinJz9BPSWiY9zXGNIeRAWViAReqN34qvvT4cbgxF/EK/WxGh5vy0cpqE/z1aq3KaU/fkd9
eJCnSfb0UFxuixktwJZsicjg8FP6OS2qG+Lf3KT7zY0ccaAF6hmPrRF885GRDiZ3mvmPeSVk3tQl
ZTM4uGE8IGZrph3zlHYOXsLK9/dR1FGDoqLCR/E36PeGb2yJurEnKqnT9fY2RCE09bjiSqIwpOee
ddlJnRRxItKoszV/3Dx/VoE3nCw5Pts56ZELXHn7XFztpwnvxqHN2B03gf8JcVAU7JnIM9933W3x
RYJtoOJGaMBFfXyCLfbBTSSY3/GtDcERL9e91GkzNnTPg07c9wl4x/+pOdQT2yJbLjybtQjcodL4
tgleAN4g18G+r2YzPKFyXYmspGYH0Cl3eow89K7YTA9CfFqzOxJyyL8juLY7li/fRnkFfr03ql7C
sRmoi7R7HPGqdz5O0kr0AM+Xq+7hAoJG9ziBkuGyO/BrSQJpj5eBfG6gN5YXVbv3GcWGr1WIyGlt
Jq3CPh9eijgV1BPqjpbE0bI/FGEy2Rk5O33WW35d/pZmuJj6xtpTVX4hMkiKeyy4vlZUI7rob9Z8
maqd+Hj4LllJd+pT2+QdqGj3cji8Xva5niN6pq5bhmH6MHB6+KJHepS/JdSGgzCU9AWWg5aWZW/i
WbJcpeLNSY/mAQZwiI9MDehcpldFMpD/qqKHq5DDzV7z08VA9xZ1dkGPvZjEJLlRNZkHScbxHi+E
TZP2kKXiEhxgoCYhKMhIVlWuBkzJrAgELdVSVxFq4zHfbtbqnMd3xSRZnPf0Nroh8qSnJcRKqztU
CDAPtMN5LXWxgf8TmBt7cRpCPtZhPlr3YqXWxRVpx3y3VO+ZO5oyL8XmbbvAT6k/tAV9tGfqjg1s
K99CrjbagxBagl9qnrwc7dmeC2tgO2vkRq7jGKZjGVOL275nmF44dfTQ8sTU8GPD9zydRzZqVt0E
0SSL8quSPT9n7cM69tgrk4wZIFVGODBjOnUtttNMls9CMVM33Ids/+TQxfu1+JLcDtPeCbIku9WX
xeot3iYdvT5+TreN6eCKIiY4qVVeiuItSLngherD8miRY7dkgq5jDHPUO3kwPzEfx6EZT11/6sc6
t23uxE4QmtwMXF2P9KlrxkIXU6Ab+Vgk4cVEeUtd8zXrccidaWR4sW56sWfH0+k0MA3XCyPDN4xA
j4QwLdviglwh0ApuCOIRvtQggJJhfAkJQCQf5QBOXmT5VfZYfaLazYu8LMUESOZlhi8NuTQxBD8W
IrY9z/eNyLGE4wlXD33HsQPdDwxgJiAVcN/00STAYReiFLwIF0T/ksv8e3RJ1vbYC4JQNw3uiSgw
hc2ngpuxB8KNuS9CPwqFGYeBF/WspH2UG3DnxElX0//RDAJfPc0ALH0vdAzD8QBqEDke9x3fc62p
HZlRDMjaoQt85vrtoDeKSbpwE7xuTIUzDYHvfGobhheEQcCnlmWKqQDm+sINPcP1rQF48hkbAweG
PnZ4OBWC+waPAx55UQgqHzuhsOxQuKY/jRzhwmneh3SrEGmH8mPXnnpTG5TKdYOQA08dz3NM2xSe
E5pWaDoCOOPQMyldgFhxp2rTPqGmP7Z9wS3d8n1LxFEcWH4YWbopTMNxI0cH0J6p+6CfA0h5mm9g
gFYg/m40dWNTWFbkeoYVWn5k+qFphrYbAieNaIBN94UtBApE/DjisLTNdduyvQA0XHim4YsgBl8R
xwbQ5Plh6A3RSXPMKBplQRW2HtuRHuieERt86tv6VOje1Hc9wacu57Fl6VEAKJuBM4Q0J1zICNzQ
N8xQj33dcUDUkWkZuidCMzKmfuC7sQ0aBpjegDDuhBwJyjXiKbDRC2MLBBaatrAF2L3Jw0gAt3Ru
gBlY4cAIWkcAfvYx52FoTR2fO7rHXT+KwQZDGz6mU50HoJahE/p2EPdBZEHVxKbHltAjX8Ru4IZO
HNiOAEtxuGFCBHfF1HEtI7DA8EUfQifZp0SKfP7jj3DgN54Sl3GJZDT1PQeURoS65dqm66I3sALL
BYuDQUc4kZj65vQ2KPiseZPRPPZNk7u2DTYfuuE04pw7+L9nmQaI3hChPbU8Lgb8lc/0NhH/sc7B
1sE1Tz0jtA2fG7FrCzAvG1yL5aADdnxh+riHG1LiUqzRDDYZHW4HMh+H8DO1hQDumh6kRwEYkq0H
jqE7rhBeZAWB64Y63wCp6yRSfLUgWPhBMI0Dx/I81zfiaGpNQS9sOwoDO3Lh6jA2Qep4+aJelpw3
19/07uV6GefZGiSYriHBSMdNMn0JqKJWWjp4DcMzQ5AfD4ypE4HRWHYU6DEot+t7vqejct0GC0KG
p3dgOdNgaphgcSKKAn8aQmDjHrgmyww9W+jW1PPNyBT++2AZXViRsANuRjZyL/aDSBeGH5gcbA4c
seWAd4HI4cWyWFnm76BEmoBrE0XVbCMHk/NdG7AIp55ue+BSPNsEJRA6yDgyIHwBkYYnTKcHZAUW
N0bfrYpzcEi+5cdTEYHNhqASQeCHGHSdMNCdyAN/69u+PgUwVCu1uqWtKV19wLDUZiHuXZ7XBT13
zjDZY3FesF52NcsesPMFRFJWigofVSsZLwSrFoLlmSjhC69YyLMsr1ggWJKFaQ3OA74w+eSzBgEN
Ii/dgQVYZ/kSrowRwBBmyWOxy3I4U5QIkgXgrS7YOq8LBQtfBriEKgTqfVwBkht8u2C6RsBQubfg
JpDq8jqtSnaVZ19XDGM/LxgUsTk4rwQj2BoxhGytlHRfLUTG6tW84BEA0GbZLGuA7c0yxh68XghE
jFU5rAJZK4BQj5GXlPiVmFpH8jShKp0/A36moiJ+YaswFEzGFhxZImTgeCjGKcfkeC72GOWneKJc
1BVki9lYvdhxj81GKnGc1bphGPBbFxa7WMxqQ0Rx0g7DkZ/NWYrfuJH8bTYiEvbTNL9i+OItwLp5
RQ+7TDj7n1oUa5zzG35puid79A4muvSIinp1DQMCGCaWDEQL3ENowZopnuN82QMYt6c7VD14DaYF
qgMC4FHEIEeTckL+4/sF2FJwfP0C5qoMpBMIRBq4KH6reYr8nSeXMBeSj1qwHbUopNIPEbpcUYwL
sYJSeAzywRcF7MFpWvt5je83RPXbL9dZeM7LC4bvgACF02jCqxJkiDbQUIrTFkWe5TWIGaaXu4x6
VkwWJWg4uwzT70K+/IR4A4aLY8s6U+90kMDPSA+AJlDHIr9OQBUFsAFIIhXPWuSQtwqh4xiVGueg
8u6ypPoa2FcVdFkksJdFujW4mO0ADTUYmElsITLGitI9AjVUak7KUdRZhuKMsKDMVyQEqmBKjR2K
S/WdLZP5Aqwet1zvdq1UKQ5ypCjqVSVHJcOQMUvATdFFwgXrpaokkpbDL/MkArRvxwB1BHUOSoME
tEvrKBpMHstJrabNsqWA5dbSer9P8wC0B/tPTI6DHSyTCp3AUsx5QM17diZZrRNzk5Ke0cXLz1Fq
VwlxnjQKrPtqLAE1SlYShfgsCHxh9DI3BBMXQjRLSiUHadVoz2yeg6BytGfUClxoTmiOCbU9piMV
sDr5apm6/eUpwIbeh/Bf8CL6PPzLKl8RCsrPtigpcCUD97HCsBu1COGqDVaGbtoKMXICr8kqFH7l
11vAkOyCUEKP0bwGEyxdXIuwJuebS5SlRWJUa2eL61CIqNxQJB3Xi/OjPXb+9PiMPTs+OT5n+6en
z46Pztjp0Uv2+sXLH45e7jKYxM5fwKwj9vrpi2dH7PTli4OjszNt6AJ6/DAdV7HjVBRJTpEbHXGJ
BIYLQS6ZuNE6WwN4D7lDRL6FpozBFQrpZgnUQZ4BneCgQZuQ3vcpm1SyqwWGYOAJuiA5jSBLIOB6
N45cRiRa4wXGEEwI6ALt5mzUBdWNBrGtRIh5g+QsoivlKq9taQD1EqtyQ6qlK1rLh7ejpCi3FOVz
XgRgGeNNCk4O6HbukqkhOuoqpq4C373kWU1ZShcTyOBq0MGHu01MGCpho4YyvMZQq1SS3uXGBDX2
Qvp8qfCQZuR1GrW4JBBErjK2wb+UgFeEPhDq6rqiFVZ7Qs7iRpAk1ZEQWtriIl82wVZerWaMu6rZ
lTBSoyR5QzfYLSrV046zJrNEkRU5vWmlUeSoXq5kGiZzPaZOjPFEI69DnKQuINwJzYYCOIIwD8bO
b2EwBG0IfLDCJShZWdYCHUO1AKnNm7QUnRautsFqtxGkzBFU9qlJbHDqe/m05Ndjat+WDe4HfIWj
ybJeQozN8AXDAJxesYyCVK/olVhs+Ir2olhJFnNTxyArXymMaMExpss1BF27ldhhLk8NdRpzI/R6
Er6c3JiQhKUmdimjzGFM7eGWtkNAhXIVSB+Re4CdTDAklBW9hY3JaySFG+rgMsVPSU+zMk7eZLvI
wBTrBQX3w6A+pIezTL1kbE+FCEjNFnkqU8wA96VRJk4ol/huUaaCDPk2WSKpszK0BKJNNmV4e9CV
UnMK3WqxrhD4LhsbHQGS8GjhcdUgo0IAee1NHku3FDCFjCTlWPRQoo8Xw6BCS2NPIRekF1hjcscO
Tl/tMtwgDhOz6CqJQO0pV5Des4U/Jvh7zG3S7k1GXhJ3OnM1th+Bo1rwNJ5AzSnLhEiADqulYFGG
/UNUsI4hbsJeB1i3FDm6Rq+GKSZPNYZIvDrNTptke1MpYi2BSOGdfrywXmWrsToeVDcnyurK5J1o
5YlpeSPGEgOeSpkgbZfq0Qmttm/Kix5q7FRdk/JiThdwVbIqXaAV44LPkQSQCbCtXKWUsWAdugTk
0dh5gXI6SBOYJQtrfPOYKCt2cv6KMC2BJCQ7qCuGhTyJcrOcLC60xtcsq3qMV+0Rtt36UGR034ls
PWYnzT6hlkwolOM4CTVGUWrBMQlgyRJ4U6HsQBr0lxPBTe0SLiC0S0J6gZwAr0uOGEI0J3deSpHK
VALmVkpHkRIhGwnK1alq6vAFJUmHx2f730F+RPlUnZEOocOu0VPSLVOZJCSojOrvGUTdemND58bW
IxHU872maPsWXxAMkpAp6wLcFZ1nqpYvZfcBrTkrcxm8lUUYCExiLaEdLPK8pA5FU6uJphonL47t
ZVbyyyZawFfcAEFvOcZznTIeEKO78jJpU82bX/Mkkw0B4tTX7E2QX6PlF+z4kO28eXV8+BDkDmYP
OMD8KxAbCgafJwDjwBquiBR/ZPoB1pBvZJeBtb/57lkDX9V3nZGvaTG8n0aJA4lXpSJEW960klQY
vQb8xrgh4VEex7QsnEvi9fi6TqKNQIif434X55zaMNLU5B/plDwgT6/sqi5VOygEJ1JJN6uuGctr
9pi64YrLyBCi3KNaBWMgz+ZtjZLhZekwFO82sy4TcTVuA/RtnTPJ3P1lXqP3iGWsU84EWNawFmM7
ekdqhYD48TsFZ7j4JYXqzsVEeCZk6R0ICSwQMdo+vYuOTGnR6BmpFg73g74kHxdqyQcfyPgQVfWm
S1hNQDy9DUv9djR5AZAixht1B2Sbi/GzxcYadHjo3exoZ2USyZiB9HCQKShcWQddLswxiMIMEcnQ
SQdtaKNWk1IOHoYiFVQpSPWmVdPkApbAOpk8UcqB9Dm92Er6MViCs4WE1nFyYP1lJUMyITtGbjSo
jTeskaQdH5YdutBNo+QlNCZvsLZkqpZTk+bIv/DRFRLAGzOTPQA0cbtrK8hNW6uVpXZTmMp5XfGE
qlkIJlDqSS1a5as6bcxGHWC8pzkqbFgmLkhlEFJJK2HERc8FKYEqMHBENfL2VKqDfUcqruWwzBSU
ZuGbFFsPHW2cHlrmGN9EPBhqHUN/WO086MR08AdjubeqnbkAue1JVLTVcrnSkpwwBle3XmJxCKZc
YZ81LDeoY5hS59nmPJFAbo7P54WYq5ai6j/KNgv+lYqLIX2EH/iaF4cv8FWiYxUUZH6A7utKyAqE
g5Ff0YolIb4hgMa0zt0BiNMt5+sV7mGSwrnBVBCoPK+UCTIh3GFAsawTbw6wiS+6vbxdCA6rBQez
EOjZC8ShyUshYsSigNpjjH4xw2AozzaxS0YO3usNql0fnWBbQw4OuQ351saFKYAkZXm+WeOGVCVd
XbFWyXITQVQ0RqA4H7UeAwZKEd04LkhNT3VR0+DWNguoM90VGs59ON6rYCIlKS2g00tSMAB8pfjZ
dI0WalC6uKKtJJR3wCY8FGsRpUFJ3ALCm+l1IW/NoLdpWinS8wI85Z2aeMtxd6Gq0yC15rhZSh1h
AgQ4KlntNUKT50BHsae3x/5FmQskrbvU5PsZgcrA3Abv7i0jIgMz6YIcPLZRmldrUn/ktjhK/pnK
x5IqBiq/8aHzVSpUEtBFX65L41LRH5QCzcDWbXnYrgg0yd3EbxEj+Vw8zcC6Q2Cb7Ru1j2PX8a/p
ibRd6zpKimqXPPA3Ku2TN166HQxp0Rj1gM+qwchrpYIpSC5cM/k6ZfzbStIJN2Vb0d6yIQ8DcFb4
V0qiNioCiHFzuwf0Qeb4D56Qa6GlaH4PCCXJauRtZ2RMyWYnC8xlISCuwdGVquINL+jRM6ruwNMF
CVQra5nV0TykN8E/BpXKsCHtRlJJ8CFNKlrfjDdthxLGu5unG3kf0C1Ousc3gxQGMKvZExEw02aG
s6dbe4bFXh9/x0zdNHFCcx/ukQB3C8fLvIoendXFZQJZAA7IBcdofI8M37DMweClS8MWDqtqIVnB
IGg7jFwtkkqM8RbcI53AQzmlkrdHDo3MOTYTIiHPy5uD7RjkuziK7Vu8zdMcry5XCn6UYH0FCr1+
RIi1+tmGu0dEJaXGmHE/Chd0G9HHDqz8xkFNl5tZqPGdi/Be/aPDoyf7r56dd2ikG4cKCQofaMvq
uJfePvJwqJPC05TR7/8PqiC2pA==
===END CRASH DUMP===
