PocketMine-MP Crash Dump Fri Dec 3 16:34:47 WIB 2021

Error: Undefined variable $args
File: plugins/FarmingCrystal/src/hachkingtohach1/FarmingCrystal/task/Update
Line: 45
Type: ErrorException

THIS CRASH WAS CAUSED BY A PLUGIN
BAD PLUGIN: FarmingCrystal v1.0.0

Code:
[36] 			foreach($this->plugin->getServer()->getLevels() as $level){
[37]                 foreach($level->getEntities() as $entity){
[38] 				    if($entity instanceof Crystal){
[39] 				        $entity->close();
[40] 					}
[41] 				}
[42] 			}
[43] 			foreach($this->plugin->crystal as $case => $data){
[44] 				$level = $this->plugin->getServer()->getLevelByName($data["LEVEL"]);
[45] 			    $skin = $this->plugin->getSkin($args[0]);
[46] 		        $nbt = new CompoundTag("", [
[47]                     new ListTag("Pos", [
[48]                         new DoubleTag("", (int)$data["X"]),
[49]                         new DoubleTag("", (int)$data["Y"]),
[50]                         new DoubleTag("", (int)$data["Z"])
[51]                     ]),
[52]                     new ListTag("Motion", [
[53]                         new DoubleTag("", 0),
[54]                         new DoubleTag("", 0),
[55]                         new DoubleTag("", 0)

Backtrace:
#0 plugins/FarmingCrystal/src/hachkingtohach1/FarmingCrystal/task/Update(45): pocketmine\utils\Utils::errorExceptionHandler(integer 2, string[24] Undefined variable $args, string[85] D:\FoxCraft\plugins\FarmingCrystal\src\hachkingtohach1\FarmingCrystal\task\Updat, integer 45)
#1 pmsrc/src/pocketmine/scheduler/TaskHandler(137): hachkingtohach1\FarmingCrystal\task\Update->onRun(integer 1)
#2 pmsrc/src/pocketmine/scheduler/TaskScheduler(179): pocketmine\scheduler\TaskHandler->run(integer 1)
#3 pmsrc/src/pocketmine/plugin/PluginManager(654): pocketmine\scheduler\TaskScheduler->mainThreadHeartbeat(integer 1)
#4 pmsrc/src/pocketmine/Server(2389): pocketmine\plugin\PluginManager->tickSchedulers(integer 1)
#5 pmsrc/src/pocketmine/Server(2152): pocketmine\Server->tick()
#6 pmsrc/src/pocketmine/Server(1992): pocketmine\Server->tickProcessor()
#7 pmsrc/src/pocketmine/Server(1586): pocketmine\Server->start()
#8 pmsrc/src/pocketmine/PocketMine(330): pocketmine\Server->__construct(object BaseClassLoader, object pocketmine\utils\MainLogger, string[12] D:\FoxCraft\, string[20] D:\FoxCraft\plugins\)
#9 pmsrc/src/pocketmine/PocketMine(360): pocketmine\server()
#10 pmsrc(11): require(string[67] phar://D:/FoxCraft/PocketMine-MP.phar/src/pocketmine/PocketMine.php)

PocketMine-MP version: 3.26.1 [Protocol 475]
Git commit: 6b7d0307afb36a7faca2dd65734e15000baf17ba
uname -a: Windows NT DESKTOP-BVRHES0 10.0 build 19042 (Windows 10) AMD64
PHP Version: 8.0.13
Zend version: 4.0.13
OS: WINNT, win
Composer libraries: 
- adhocore/json-comment 1.1.2@fc2f76979f0a44a5f5bc2a2b600d0762fe0e78e7
- daverandom/callback-validator unknown@unknown
- pocketmine/binaryutils 0.1.13@0abee38d4e2861621f262c79a2a3d699d8a697f4
- pocketmine/callback-validator 1.0.3@64787469766bcaa7e5885242e85c23c25e8c55a2
- pocketmine/classloader 0.1.3@3c484a27787f7732ce842ed694928a29ba340961
- pocketmine/log 0.2.1@830b44a2cf96ef703c550abe64302f230231ca49
- pocketmine/log-pthreads 0.1.4@01620c3628cdaa6b4a21122cff4c5d2f70b5c1d3
- pocketmine/math 0.2.6@43057cb8c179a9859677b496a788db922fd5cfc3
- pocketmine/nbt 0.2.18@9f82ca4d7f97fcd9a566e44b63c4f18a7657ae82
- pocketmine/pocketmine-mp 3.26.1@6b7d0307afb36a7faca2dd65734e15000baf17ba
- pocketmine/raklib 0.12.12@5abe22043352e94099e4edfcef5fb3644578ddc1
- pocketmine/snooze 0.1.6@92abf1e988c71635d466abb777f61f89e5a9c990
- pocketmine/spl 0.4.2@6b08b7cf8c4afa17139c9a1b3bf1b408531de161

Loaded plugins:
Alerts 1.0.0 by hachkingtohach1 for API(s) 3.0.0, 3.14.0, 3.14.1, 3.14.2, 3.19.3
CoinsAPI 1.0 by hachkingtohach1 for API(s) 3.0.0, 3.14.0, 3.14.1, 3.14.2, 3.19.0
CraftBook 1.0.0 by hachkingtohach1 for API(s) 3.19.3
DevTools 1.14.2 by PocketMine Team for API(s) 3.13.0
EconomyAPI 3.0.0-SNAPSHOT by onebone for API(s) 3.9.0
EnderSword 2.9 by hachkingtohach1 for API(s) 3.19.3
FarmingCrystal 1.0.0 by hachkingtohach1 for API(s) 3.0.0, 3.14.0, 3.14.1, 3.14.2, 3.19.0, 3.20.0
FormAPI 1.3.0 by jojoe77777 for API(s) 3.2.0
GiveItems 1.0.1 by hachkingtohach1 for API(s) 3.14.0
InvCrashFix 0.0.1 by  for API(s) 3.14.0
MaxEnchants 1.2.1 by Xenophilicy for API(s) 3.0.0
MinePos 1.3.5 by hachkingtohach1 for API(s) 3.0.0, 3.14.0, 3.14.1, 3.14.2, 3.19.3
MirrorNc 1.0.0 by hachkingtohach1 for API(s) 3.0.0, 3.14.0, 3.14.1, 3.14.2, 3.19.3
MyItem 1.4.5 by hachkingtohach1 for API(s) 3.19.3
NoDeathScreen 1 by SilencedTick880 for API(s) 3.17.2
PlayerStats 3.1.9_BETA by hachkingtohach1 for API(s) 3.0.0, 3.14.0, 3.14.1, 3.14.2, 3.19.0, 3.20.0
PureEntitiesXDraz 0.6.7_DEV by milk0417, RevivalPMMP for API(s) 3.12.0
ScoreBoard 1.0 by hachkingtohach1 for API(s) 3.0.0, 3.14.0, 3.14.1, 3.14.2, 3.19.0
SkyBlock 3.0.0 by GiantQuartz for API(s) 3.0.0
Slapper 1.6.1 by jojoe77777 for API(s) 3.19.0
TrumThe 1.0.0 by hachkingtohach1 for API(s) 3.19.3

----------------------REPORT THE DATA BELOW THIS LINE-----------------------

===BEGIN CRASH DUMP===
eNrtPAlP3Ei6f6XUGWngqd346HtFFAJkghZCbyCbvJ0eobJd7vZguzw+aDqr+e/v+74qXw3JJgOr
tysNowx2Hd99lm3+2QtkFvPi5k5keSiT3nzY7xVhLHpza+xMR/bQnE4GU8eZjWf9XpmqKXswmY6H
5sR2bHs6HA3H/V7E8+I0y2TWm/+zV2xTWNWj+9N7T8A2AN3vxSLP+QqnPiS+CMJE+OyOZyF3I8F+
4Nkqh0VBGUVvwghXncyXyzfy/jjjQbFcplG5CpMchngWh8nqONvmBY+Wyzzzlss199a3MFpIvLIe
rip4frtcfkh9XohBuk4RlUKjAR90dxwA2IMdqLtLEOaBAgngImAIBDgCCWbcg8ufey9M9izQ94aj
/TlLpXcrClgilsuyCCOQxQf8NZ+Ljqjf8sSPRLYXJoVYiYzZfZYXGUD+2R7+wr4k+3rRdPQL+3eJ
vs8qooAjkNkLi6UxygL/Nfwd5N5a+CUwcXANmyuGLGcCYvguVRsvZfK+TGpZWITV/hasV9XdnjWZ
7Yi/Xrlctgg0XmYPUDmPo1IiPVjQrwuegF9ke+PR8Ot4apKMlzEPk+t1Jrj/VvCscAUvdjAPH8d8
JTLw9j3bme4ypWhaLjtEGS+L0GsQ5ztIRl9HYo3sHSRqRkHdIxDjr4KwZrOvgVhk0oOwIjMFa/J1
WKPp+AuwwHKyQsGYPg5jQZcXcLnnOOYXwNzceDIBPyq9Yk+6vwqvYK95Lo4hPubnkvsi6zM9/og3
X4BOz+Vqhau0M1r2rjM2zmx+0U+Jj9m/5mO8y0euBKVc01QA9iwLVmXitzLMxJ5GPp78wtI1z+YH
Byfzg4qEFnDjYjHABV9Gj1F4v/fL7/2eeJ7M8e8J50CfAnkTJncyuhOxSArA44M0vKJXzcJIFxzM
eNIXyJYzhtllgf9BvhWAe++HYh3mxku113i5EoW20X26ORd3Isr39hnP2Q8R3uz/EwA6EwDEdn5q
kLSOtp8mRViEogIg8HarIExrUpYF7g6DPT0PoRnoTjwhA6Z5UFtmO1vwR+8xXnqRzMXe/l9g4dBs
LVwWv+OQ1RqiAbseoFvnX0nGU5QQHx64Ejt8yX4AFXGibThswVcCYIfsW4T7evuOx2KPQP287J2f
/v30fNn7RTEyqqESrzkYzeNgYWKP7O9nU2+tVF0LKnEL2JuIDTuWcSrLxL/mq71lb9nrs59xx2M6
xR/cch7mhVq+kHm9Y/qFHdWuE1mCYzRoMGbvV5x+Qi77CGb2FDD/W4EZmU8B8w8Eg1CsL0DRSOxv
EtKFxIBRyWnkfCdlpsI1/GPbRt+9rff7n7Xin7Xin7Xin7Xin7XiN9WK/d5KJCKD4gqqqoTjYUSv
AwZocUGGzXlGzxnY44GF42UY+b25bTpWvxfmN764680DHuUCSrhMFtKTAHY4gf59FWKBN3YnvumY
Ex64zphPAu5x2/fHo4kzFNbINE2XB9bE5QC71LR8DBNfbnL27pqdnF799fpyYbz++/u3p1cms8yB
yYgGZs3Moc32qsWWuc+OLk7GQ6wl1ymAmQ7MgeXA7WeRAMm9YXUP0zcyR0Rn795dwwDdbMKEik2o
LkAnN1HoZhCtRY5C4v4aGMvEwa+5TAxYo6tXa2AN7FeBZweT8WwyC0w+HPJRMHI9m9vu2DR9czK2
A2GKyVRMALzPQaYQumR84PEocrl3a9zxKITAibU7iOA2kZvklf6NxDaKdMOEZ1uyXFgKzAA7r0zu
CuFM/aGwp2NrbFuBPba9yYzb3PHHs5k/5UBaMOyCehS5BQJyXo2Hk+lkCHvGY9fjfCJGUzzCssV0
5NmOZ4/E1BuNuL0DEP0tIn/TtDmvHG84HXJ7AvCCycSxPTEFMEDUcGZPuT1zuTM0Z2OrCymSK4Jg
D6xXU8d0QaK2F8zGIpiYDmBGhsdDx7QDG/7nWB6HEmwXgpEWFKkrQQ1fmSAb03PG9tTzOR+7ANWy
bIAcDL2RDwo03ZFn+U4XVMyLtaZm/AqQjiaeO/UgO/HZdDQbTybucAZWPZ367sy2A3/kBd4OCKhc
K36mr2bB1AaC/UkAOvH8GR+Nx2I4dMcgq8Ca8gk4BhfTHeE2l0ac1t746jtcqwUs47dg20ouQJP9
agQCtW1z6DgjW8xAIzMxFH7giWCEgIfD0WTq+96OmvJEys9Ci3f8amZzN7DEbDr1JtbYGfnD8Zi7
7mQyCcZWMJ2JEZ95s5m5AySNCMIQvGjsmlN34gVTb8gDbk0sBzZwy3UArjs0pyPH8oUF1vJ73UuS
bx5BjizyVijTA/1eE77QshE1L4u1zHIsFHdqGoyKPA1xxtGLnYE1bC6s6sJWF7OBg3tEgvUchBfI
QBACfZFCsEEEMJfLoDhpD2AFAdQ8KKcUxdVv7JrBkTAoX15df7x8f34CQxvh5mGB/K2LIs0hC2x4
4a3zdVgMNkK40XYAcekAi+FjCaI5Wpy1ZFIP7UjluWViPptMKoqbq6fLBRPmaylv24Kpx55gL89q
DDVFrctvYR04h2QcRtDqD/JtIfJBIooDn+drV/LMJwmciLtrKaO2t9RDXf61UlsCaCoEdi143BWA
88c1XxGwXLZI0dxeXR+9v/6weFTNUF6sS5eU25B2UMMAbk+hMpTxtusJrcE2x2TgxtW7o8XV28vr
LucyES7863D8BFPX4JZLoUgBmMtlh6yv6po4g44yu9rIzG9z1gy2ObMHs/8nS24Ial8/ly3vnBM2
cnhwgPhvzgNqyjafMfjt9tcPWHpaIHwjs7jrFdVIV1jOrrB+lb9KMcGfjpzsP856AxHbKiKivvgW
T/gpvBNnhYjbIa0Z29W99R2eMHxGfa6AohApUh3ntzB2ltxB+M/Xb8L7Fmvt0TZz5gPmnouXuPwN
qFouw+TOQ8xBeL9cqsb6W9i44PenibfmSadEa492dWTv6uiTSGS6DqPQ2z7wzT/IUgsk6qMmpXPz
TcxBxlnIDmN6ZNePRv+5xacmub54cnS5CPFs9J3XEYse+i8qyiuam6unS2aLYaktFzXQlcrwe6zl
eVkmcqrfz5Wo38kTAW30lZcJkbSY7453ZNDl/yqMROIJ/zr0bqdTs8v/BHT/B/nfgfvtsXkR8S1U
MwXvBLX2aLe0tAazm9en10f/BZVHi4nOzZNtf1Fmonqg+ukk45/bknsw181t48Hk5uT0713xxWF0
aw4tPFV7DyZ4x6PFxcWiaxxPKEwyBTON43S5TEu0UUUgiKVF7nf3Ki1aDzp8o5Cu8JDxNXpOSzqt
wf+a7r2huX39ZCO6ut2+jqDZa0unGnrQzXWl81MIWf1vJc+Kz1+tI/RZ9rfZiJSxBYVrRUNz9a84
LTZhUYiMGGtThjxGPE1F1mZRj3S1P96tlL5QnD9Fr7nC/G2R8RFjb0g6qJgADq+zMr5eixaH1ch/
yhmMpqe+eJ5UiOeWPAOOQfM7RyrVsxvkQD0RGqSZBHlRjJn3XizqO3YskyBcMXxRZ5ktkxdXZcIu
vYI5zBrPR87cctjHs9fMNm0L5yOerEq+EociWeF9LAv/sIOZqWdpOKlwG6nMikNrZjk2Dm7AE4UR
hXlxKIOAYPB7I6XkkB/aJo6sgK1Y+uKQ7gKZecKox/Qu4M/HWFDdp3fpoUzwyg+DIPTKqNgeEkb1
fKqQmZGLogDN5IfECr2agzZzmN9uXXK5ejgXwm+twpegDk9O3xx9OL/GUWUXxm+lyLYaK1iWNHJ+
J/T9XSg2hh+q13cOpzh078p7Ay2w2pIksoRZzb0B5hIK9TJTrpfkKd8kBj4LEx6+G3BojVv4Mw9G
NP94PUh5nuOxyOH/0M+y+8xnsI3xhPwFQwdkHmm+BMkAXDIAfG2JdZQJBsHAYnPBKtExnglWrAWT
CVhPseYF85CPgrmChYkXlb7w4YI9MDyEdSVj2BkggF2YOQ9En0mYyXIEydxM8Fu2lWWmYbEwYGAB
YRASBlA+vu0VbRHwO7GpwYHnBBzUn7ONTH4sGIYKnjFUUAzM4tMqfLGK4atDiu/NWiSsTFcZ9wHA
YJmg7Spg82XC2IuPa4GEsUIClsRnAEI/xgUZZDyB0FYAUTRNpII1cQAM8oxEQfJCd/YEW9OrBjgS
I2Rl25VXzRklDJzI12XhS9C9fs9uzpY95VmMXu/ylz2i7CiK5IahOwEx1dsq7C7k7G9onLiGrNTQ
U3OGoYy2npIR6T0M6GLoTww0BkJBaO6WaVHiem1z9XSL2BcfQxCITECu3PdZJnIlfhQrPuVnseA5
lCdo2QyE7gokGoQjfit5hGLDM42EQSlTCrankULQ2UfoCiNYu8BIYoDY8RH7HKYJ97sydkEqYFVH
+Tbx8D0LUHx2C3Y0oAUfQFpk2hWnuGydSXA+0B4sz/u4IfKZjhTgD32Gz26BEcwfJBuIzzgWlwlY
EC5RwK9IvcATWFkm70OwMAFiAJbIcpOaOJStJugsQFvFNWiTfRYWP4L4ioy2+QJdnUxmZzPbAx5K
8BubxEJsGJrTOYHatVVOxpGVSYLq9DGUyZSUQE+98wE7EXf6msXhag3OjMcy/bbzacNBiWRZmRZq
VAkMBRMDbZovUi44JT3S9pVD8DsZ+kD24xSgjaDNSRA0WNegZWiw2FCLakuDXAE5INsqp/wpki5Y
D+ZhpsbBD+KwQN+OxYq7lDfZlRK1ScINc4RN269Ra5uQJE8WBU67MRSgyshy4jAIgUSISEB9QrAC
KOArlMrIQVsluilbSVCURDdFq0BEKyLTINLmzEQuADuFYPVY+T+eAyxsvkY/puKn0Z8XMiUSdPis
SdLgcgbhA5MbxL2KIMRaUWWZ9lATRkHgI3mFpi//8RkoJL8gkjBiMK+E5JNA8mHiXnglBV+pSFYe
icmqXi3uPagn8oYjFbgur0/n7Prt2RU7P7s4u2ZHi8X52ekVW5y+Z1AW/vX0fZ/BInZ9CatO2ce3
l+enbPH+8vj06mqwGwI68rBHYy2OhchCSQkZA3GODHprQSGZpFEHWwtkDyWBT7GFlhgQCoUKswQK
SkXgEwI0WBPy+yVjU0YGdR4mwASXaWQEWQGB0NsEcpWRCMcl5hDM87Rh8HA12oKuykFtqfCwHFCS
RXKVXtXemgcwL5HmDauOqXnN9x8nSXPuaM5XPHPBMwxPRpEqwygAPS5dcjUkR+9iehfE7pgnJRUf
bUqgMCvBBvf7VU7YNcLKDFV6DQKApfiNGxccsEsV85XBQ/Ugy8ivaQkhiWwS1tCfK8ApkQ+Mjk1T
8wrY3lCweJAkyXQUhJq3IJNxlWzVbr3CaJtmW8PIjdbkA9tgj5hUxzquqoIRVZYBJjRDbch+Gaeq
ulIlHNMTBk5U+jrBRXoD0U5kVhzgC+0bEdGL7Q8EDEkbEh9guAMjy/NSYGAo1qC1VVVtYtBCbA1V
/UqRqkbQReVAUYNLvygnbIq8dZnc5hXtxzzF0TAuY8ix+ASUVe0FKpKpJkJR0cgV/UWLkjzmoY1B
sZ1qigihgVVwCUl3WGvsRKqpXZvG2gijnoKvFlcupGDphW3OqHIwPGh2RM3bCZBCtQqUjyg9oE4V
GApKyrEnYWqP4rDhDrZpeSp+Ksy4uKl2UYARtgEa7tdBfc0Olwm04qiwuU4RUJqtZaRKTBcPm6gS
J5JzfGGa6SRDsU11PnpWpRZX1MWmSm8v2lqqpjCsZtsCgfeZYbUUSMojxEZREaNTAEXtpo5VH2OU
WA8T59jLUKGPm2FQkzVgb6EWBFs6pOKOHS8+9GEv0OCCf21CH8yeagUVPWv4BsGfs3FVdjcVeU7S
aa0dsCMfAtWaR8EBtJKqTfAF2LBGBUgZHpOggbUcsUl7LWDtVuT0HqMalpg8GjAk4sMiWVTFdtMA
Yi+BRG3wWBE2lmmSGvp+p7u50F6Xh59FrU8syys15pjwdMkEZbsyj1ZqHc5stWl/wBZ6T8SzFW3g
uhPVtkAYg4yvkAXQCYgtTyOqWLC9jIF4dHaeoZ6OoxAPC6hfxjd8RV6wi+sPRGkOLCHbblkw7M9J
lQ061VwMqlgTF6WBu+ZEbbs/FImXbVPl6wHDgwEP3ySq2YT+F89bBoyy1JpjEcDCGGRToO5AG/RB
M4SpPtECSrsjotcoCYi6FIghRXMK57lSqSolYG2hbRQ5Eep8QIc63U2dXFKRdHJ2dfQa6iOqp8qE
bAgDdomREsOkr4qEEI1Rfzbmt/uNhs/G133hlqt51bS9ZBY2a7pkXUO4onmmW/RcHSqgNye5VMlb
e4SFwBTVCtrxWkITj15Y9Wqi6sYpiuOnOCznd1W2wIOl6pgI51ptPBBGp5OqaNNnMr/KMFEHAiSp
H9knV96j52fs7ITtffpwdrIPege3Bxpg/QbUhooJId2Dc2APl/laPqr8AG+Qje4S8PZPr88r+Lq/
a438SMjwdI0KB1KvLkWIN1mdEOk02jobCwJCC3NhsDXuy9BvFFKdzrUPZ67pdEW5mvp2XsmA1mq/
KnN9yuNBEClUmNV7DLVnrtb7LqJRKUSHR40FcyBPVnWPkuC2aDcV96tVnfO/Rw/ElHCPYlli9AhU
rtPBBERWiRZzO0ZHOgoB9eM1JWfY/J5SdWszMZ4I1Xq7QgFzBX7Ix+gskVxpXdkZmRYdMXaSvmIf
EdXsQwxkfJfUVH29AdjwM8HHqDQfJ5Nn+NEd45W5A7HVZvxdU+PsnPDQKS36WR76KmcgPxx0CgaX
l25bCitMorBC+Cp10k2d2uioSRsH9zwRCeoUlHkT1ii8BRTYJ1MkijiwvsrkplirOAYoOFsraK0g
B96fFyolE7EGSqMizWhEo1g7O8lbfGGYRs0raEy921+zqY+cqjKH9nSUBPAMZrMXQCa0yo0im2Ot
WpeDh8rUwWvDQ+pmIZlAq6esKJVpGVVuo28w39ManTYcGxFSG4RcEibMuBi5oCTQDQadkquDvLku
dfDckZprNawqBW1ZQEgTof0m6KFnGvgp785QHRi6w+kaavJAtnI6xANDPWKqV65Bb3NFygAf1A5C
SRRDqNvG2ByCKxd4zurlDemYpvQ8a+aJBQpzfLXKxEofKerzR3XMgh8Z3u7yR/RBrLk8ucRPdgyd
FFR9gOFrI1QHwunzRcSYE+ENAzQ2aB36Q56uJV/SR3VKOQ+ECgpV89qYoBLCz1Mol7XyzTGezYv2
WV4fkkO65uAWAiN7hjRUdSlkjEBk0HsYGBcTTIZqtspdKnPwztmgfm7XSrYl1OBQ21BsrUKYBkha
VvMVjgdaLfXfGGnUWoRxk0F0NkaguB6tHhMGahHDOCKkQ0+9qTrgHjQI9EwbQyW5r+d7nUyUJpUH
tM6SNAwAX2h5VqdGaz2oQlxWdxI6OuAhPDRrPpVBYVADgn4MGFFPXDDaVEcpKvICPB2dqnwLNRnP
dZ8GpTWP06i6wwIIaNS6mldKU3Ngo3imN2c/U+UCRWufDvl+QaDUgjXJu/0kiNjASjqjAI/HKNXT
OzofeSyPUnym9jGnjoHab9BPCLTqIqBNvsJLNKhLhg/7MFepnNpgnLM350fXahBbDYEna39xhQ/B
6bY/mt0DR4noO/d+mBV9Crp/0ZWeetbSPrRQToyJDkSrzxR5qa0uAmV5W6a+PCyzKu5WnVpWP6Wh
oAJwIB159BQsr+RkVE94wARUWf/iDUUTQkXrO0CoLtYjN60Rg+rLVuEnVe0v7iG25brJ9W6xTcqp
oYPg5oYR/rECKuRoHfJLf7ogUplCuYrikuBDZZTV4bjX74l7qPOp7scH+cdQrrS/uXM9/elUPYJP
1xKfZ50xGd/4soB41xnVf8CiGSizqH1Pf1uidR+EUSE6gFdx5wtAaHE6tITgXHftAfyur30fu+pZ
YWcMHF2/kGTROzPUotC7Os2i1OvK4b0I9LFLezSnWJ93h6B+itsjV4vzDvpt/ltEHzLqK1ZPFfJW
JJDSOyK4v9dc04eCMLDl9CzZ1u/Yfg5T9aXHjN43/Kw+Cqu3w+193JW6RPJs03Qsy8ZvChYnlx3W
fXlDpO0OwlDYVRjEgSTPOwuvQvT0TxcdnncogFs8UNjhM442Wbij/9bnf0P9HslivWN7WEPRx5Q2
CckhqYQr9ZWl+spuMEZJqCZDL0JQ1HVKPWArYUFrEimzRHl3v3O7aXC15vEJKdY4Hbv1H6g87FgJ
idJpD0HjV1IYX5XKFiv4/8A67XJB52bNht9//z9x3pdg
===END CRASH DUMP===
