PocketMine-MP Crash Dump Fri Jan 7 11:54:38 WIB 2022

Error: StringTag cannot hold more than 32767 bytes, got string of length 46217
File: pmsrc/vendor/pocketmine/nbt/src/tag/StringTag
Line: 39
Type: InvalidArgumentException

A PLUGIN WAS INVOLVED IN THIS CRASH
BAD PLUGIN: FCCore

Code:
[30] use function strlen;
[31] 
[32] final class StringTag extends ImmutableTag{
[33] 	/** @var string */
[34] 	private $value;
[35] 
[36] 	public function __construct(string $value){
[37] 		self::restrictArgCount(__METHOD__, func_num_args(), 1);
[38] 		if(strlen($value) > 32767){
[39] 			throw new \InvalidArgumentException("StringTag cannot hold more than 32767 bytes, got string of length " . strlen($value));
[40] 		}
[41] 		$this->value = $value;
[42] 	}
[43] 
[44] 	protected function getTypeName() : string{
[45] 		return "String";
[46] 	}
[47] 
[48] 	public function getType() : int{
[49] 		return NBT::TAG_String;

Backtrace:
#0 pmsrc/vendor/pocketmine/nbt/src/tag/CompoundTag(268): pocketmine\nbt\tag\StringTag->__construct(string[46217] {"id":275,"nbt_b64":"CgAACAcAQWJpbGl0eTMAYWJpbGl0eXxyZWdpc3RlcjppdGVtfHJlZ2lzdGV)
#1 plugins/FCCore/src/hachkingtohach1/FCCore/FCCore(179): pocketmine\nbt\tag\CompoundTag->setString(string[5] Items, string[46217] {"id":275,"nbt_b64":"CgAACAcAQWJpbGl0eTMAYWJpbGl0eXxyZWdpc3RlcjppdGVtfHJlZ2lzdGV)
#2 pmsrc/src/event/RegisteredListener(75): hachkingtohach1\FCCore\FCCore->onJoin(object pocketmine\event\player\PlayerJoinEvent#115716)
#3 pmsrc/src/event/Event(62): pocketmine\event\RegisteredListener->callEvent(object pocketmine\event\player\PlayerJoinEvent#115716)
#4 pmsrc/src/player/Player(778): pocketmine\event\Event->call()
#5 pmsrc/src/network/mcpe/NetworkSession(711): pocketmine\player\Player->doFirstSpawn()
#6 pmsrc/src/network/mcpe/NetworkSession(704): pocketmine\network\mcpe\NetworkSession->onClientSpawnResponse()
#7 pmsrc/src/network/mcpe/handler/SpawnResponsePacketHandler(44): pocketmine\network\mcpe\NetworkSession->pocketmine\network\mcpe\{closure}()
#8 pmsrc/vendor/pocketmine/bedrock-protocol/src/SetLocalPlayerAsInitializedPacket(51): pocketmine\network\mcpe\handler\SpawnResponsePacketHandler->handleSetLocalPlayerAsInitialized(object pocketmine\network\mcpe\protocol\SetLocalPlayerAsInitializedPacket#115711)
#9 pmsrc/src/network/mcpe/NetworkSession(395): pocketmine\network\mcpe\protocol\SetLocalPlayerAsInitializedPacket->handle(object pocketmine\network\mcpe\handler\SpawnResponsePacketHandler#93729)
#10 pmsrc/src/network/mcpe/NetworkSession(358): pocketmine\network\mcpe\NetworkSession->handleDataPacket(object pocketmine\network\mcpe\protocol\SetLocalPlayerAsInitializedPacket#115711, string[2] q.)
#11 pmsrc/src/network/mcpe/raklib/RakLibInterface(192): pocketmine\network\mcpe\NetworkSession->handleEncoded(string[5] c*...)
#12 pmsrc/vendor/pocketmine/raklib-ipc/src/RakLibToUserThreadMessageReceiver(42): pocketmine\network\mcpe\raklib\RakLibInterface->onPacketReceive(integer 0, string[14] .......S.]1Mz*)
#13 pmsrc/src/network/mcpe/raklib/RakLibInterface(122): raklib\server\ipc\RakLibToUserThreadMessageReceiver->handle(object pocketmine\network\mcpe\raklib\RakLibInterface#25087)
#14 pmsrc/vendor/pocketmine/snooze/src/SleeperHandler(123): pocketmine\network\mcpe\raklib\RakLibInterface->pocketmine\network\mcpe\raklib\{closure}()
#15 pmsrc/vendor/pocketmine/snooze/src/SleeperHandler(82): pocketmine\snooze\SleeperHandler->processNotifications()
#16 pmsrc/src/Server(1645): pocketmine\snooze\SleeperHandler->sleepUntil(double 1641531275.7256)
#17 pmsrc/src/Server(1034): pocketmine\Server->tickProcessor()
#18 pmsrc/src/PocketMine(301): pocketmine\Server->__construct(object BaseClassLoader#2, object pocketmine\utils\MainLogger#3, string[12] D:\FoxCraft\, string[20] D:\FoxCraft\plugins\)
#19 pmsrc/src/PocketMine(324): pocketmine\server()
#20 pmsrc(11): require(string[56] phar://D:/FoxCraft/PocketMine-MP.phar/src/PocketMine.php)

PocketMine-MP version: 4.0.0 [Protocol 475]
Git commit: 468faa464b2bc5c97f23fafbb71ea61035f6f218
uname -a: Windows NT DESKTOP-BVRHES0 10.0 build 19042 (Windows 10) AMD64
PHP Version: 8.0.13
Zend version: 4.0.13
OS: WINNT, win
Composer libraries: 
- adhocore/json-comment 1.1.2@fc2f76979f0a44a5f5bc2a2b600d0762fe0e78e7
- brick/math 0.9.3@ca57d18f028f84f777b2168cd1911b0dee2343ae
- daverandom/callback-validator unknown@unknown
- fgrosse/phpasn1 v2.3.0@20299033c35f4300eb656e7e8e88cf52d1d6694e
- netresearch/jsonmapper v4.0.0@8bbc021a8edb2e4a7ea2f8ad4fa9ec9dce2fcb8d
- pocketmine/bedrock-data 1.5.0+bedrock-1.18.0@482c679aa5ed0b81c088c2b1ff0b8110a94c8a6c
- pocketmine/bedrock-protocol 7.0.0+bedrock-1.18.0@040a883a4abb8c9b93114d5278cb5fecc635da82
- pocketmine/binaryutils 0.2.2@f883e1cf9099ed6a757a10a2f75b3333eeb2cdf9
- pocketmine/callback-validator 1.0.3@64787469766bcaa7e5885242e85c23c25e8c55a2
- pocketmine/classloader 0.2.0@49ea303993efdfb39cd302e2156d50aa78209e78
- pocketmine/color 0.2.0@09be6ea6d76f2e33d6813c39d29c22c46c17e1d2
- pocketmine/errorhandler 0.3.0@ec742b209e8056bbe855069c4eff94c9734ea19b
- pocketmine/locale-data 2.0.20@a6e4eb22587e0014f6d658732cf633262723f8d3
- pocketmine/log 0.4.0@e6c912c0f9055c81d23108ec2d179b96f404c043
- pocketmine/log-pthreads 0.4.0@61f709e8cf36bcc24e4efe02acded680a1ce23cd
- pocketmine/math 0.4.0@6d64e2555bd2e95ed024574f75d1cefc135c89fc
- pocketmine/nbt 0.3.0@98c4a04b55a915e18f83d3b0c9beb24a71abcd31
- pocketmine/pocketmine-mp 4.0.0@468faa464b2bc5c97f23fafbb71ea61035f6f218
- pocketmine/raklib 0.14.2@e3a861187470e1facc6625040128f447ebbcbaec
- pocketmine/raklib-ipc 0.1.1@922a6444b0c6c7daaa5aa5a832107e1ec4738aed
- pocketmine/snooze 0.3.1@0ac8fc2a781c419a1f64ebca4d5835028f59e29b
- ramsey/collection 1.2.2@cccc74ee5e328031b15640b51056ee8d3bb66c0a
- ramsey/uuid 4.2.3@fc9bb7fb5388691fd7373cd44dcb4d63bbcf24df
- rhumsaa/uuid unknown@unknown
- symfony/polyfill-ctype v1.23.0@46cd95797e9df938fdd2b03693b5fca5e64b01ce
- symfony/polyfill-php80 v1.23.1@1100343ed1a92e3a38f9ae122fc0eb21602547be
- symfony/polyfill-php81 v1.23.0@e66119f3de95efc359483f810c4c3e6436279436
- webmozart/assert 1.10.0@6964c76c7804814a842473e0c8fd15bab0f18e25
- webmozart/path-util 2.3.0@d939f7edc24c9a1bb9c0dee5cb05d8e859490725

Loaded plugins:
Alerts 1.0.0 by hachkingtohach1 for API(s) 4.0.0
BuilderTools 1.3.0-beta2 by CzechPMDevs, VixikHD for API(s) 4.0.0
CraftingTable 1.0.0 by hachkingtohach1 for API(s) 4.0.0
DevTools 1.15.0 by PocketMine Team for API(s) 4.0.0
EconomyAPI 5.7.3-PM4 by onebone for API(s) 4.0.0
FCCore 1.0.1 by hachkingtohach1 for API(s) 4.0.0
FormAPI 1.4.0 by jojoe77777/DragonfireHD98 for API(s) 4.0.0
InvCrashFix 0.0.1 by Muqsit for API(s) 4.0.0
KeepInventory 1.0.0 by NhanAZ, KhoaGamingVN for API(s) 4.0.0
MaxEnchants 1.2.2 by Xenophilicy for API(s) 4.0.0
MultiWorld 1.7.0-beta3 by CzechPMDevs, VixikCZ, fuyutsuki, kaliiks for API(s) 4.0.0
MyItem 1.5.5 by hachkingtohach1 for API(s) 4.0.0
NPC 1.0.0 by hachkingtohach1 for API(s) 4.0.0
Netherite 2.0 by Wertzui123 for API(s) 4.0.0
PlayerStats 3.1.9_BETA by hachkingtohach1 for API(s) 4.0.0
PurePerms 1.4.4 by Vecnavium , 64FF00 & ProjectInfinity for API(s) 4.0.0
ShopGUI 1.0.0 by hachkingtohach1 for API(s) 4.0.0

----------------------REPORT THE DATA BELOW THIS LINE-----------------------

===BEGIN CRASH DUMP===
eNrtPGtz2za2fwWj7Nw6XUvmW6Q6ycSxncbbOPbGTtPbVcYDgqDEmq/yYVvp9L/fcw5AiZSd1G2z
t/2QzHYlgsB5PwHIv4ziosp4c3ktqzop8tHM2R01SSZHM9NzTNc2rak/MY3ANaa7o7bUr2xvEgSG
ZzmmH9hTz7d3Rymvm6OqKqrR7JdRsyph2ug4v+ZpEu1XizaTeXN0KyRAACy7o0zWNV/gpPOmSvLF
BV8wwfO8aNiySCOWFZVkzZLnzLam3pSFq0bWu2wB72tawIqYpTJfNEvmeJY5BZhxm6YvkhSBlkte
zfb2Dmd7L4rbg4rHzd5ZIa5kc5LkcnxyNsEJe9cyj4pqr6Q3GbzZy8Nmr67EXsMXe2vCYHKJ4DXo
DCc8cCksS+HlaGYHINeKC/j6n9Ejgz0EykGRlUWbRwBnx/L8xzO2mTifw8z5HKbN52ts46eXl6LI
QUCtaHaUnP5D0nnPfpmPkmg+mllTd3c+gsWXoefA83x0sNjfP9gX+/9+968y/DY15MXJ/v9233+4
Xf34LiqF/SYVP5Vl9O33TfzyX+mPVvoBvj8G/h6ZrEzbRZLXey8ODkBtRP+Si+UVoG8K/GZ2r9TH
jjkNPspNj+vx01o2iruOG/c9O25kBqbw/8WepXWF/0lQWLP3Ri6SupGVjF7hZy6rnakL/GzxPJ8r
brvP8dMi/1eR5DtF+JMUzYB9AjyflylfyWo+P6NPnHyELx6Zpjs1PSLHvkMOTdnxrC2JapB3iR0/
FTxN1ao/RYrTI0VN31Ozd6ZT/35qCIYiYIdguD0YuWxuiupqLxOl3HutHs4hTkDE2Jma5hbEIYHj
p1HxIqnq5rzkN7mC7T0UtuFsW6OaMJ/j9Pl8OB/1eJAmwAjheiPrEnxOKpzTj+GEUBalIKHBmjOO
OF+qVzvO7yTjE1N/EWlRt5X8VVHlfzTehDKq4GlcVkVTiCIlws9l86oAHSnR7tfHedIkEMk/yEhR
vOOanyZVcwux6aPsjp+qSZ9Adp95biHq6AZMv0W0Ml2TBBI80DTswP00o78Df8fwA7h6gPgeQeK1
AhWAjYdy4/q/z8IUHYe84Vrv/w2FrEO59Z79PFEcmR/jqOJXaRLuveFXr5LwOIfAFkNS3TED649w
dpSLIgI72yQX8fVkommwPuo0iohxUioCFTEXxdtaVhfLSvLoRFU3b6SQyTV69m9QpwBCsB6yhZFG
iUpD2kng1UJWzFgLzXTes4n6dz55b558+FpRb/9eCVpIY0cIcHKN9gcsdlR9gr/fYdkf4fSR5Rr+
VFHufFTudV4UH1R9cZ5KWcqqC52mZf9BCT9gzVYwNd0/QKC/bQFqKnjJYB7QA+EYpPu6aJI4ERzL
5Vrj7eezc1LQDhTp7gMB1/j8Nm+SdCcq2jCVbF3hu5Op5aqcbk7vQWLY25lJvRk/bRJxdaYoLipN
pt+DsCm6d2zD/AiQftGqLeg5r+UBtBT1q4JHEOysXXaPbbXATD2fn/Akf1UswC8e2Ru/gGhyOIPa
S9f/8/kmzhjbr3QBO58rDoKPcGBti0G5ieLb0lF4hyqVSv7cJlDpdpHFe88e1pMMcWLr8Xj0/tfd
kfyLe6s/1/wAA0rGl0l+XaTXEmkGeEkegZREM+rew5iqlmEEYzNybBsw2taSxW0ukEckE+j7BubY
JrzDTws+4yTnKRNoN2zDuryFsjeq2XGWtQ0Hw4fBX3CJDUvmzd7XX7Nn17zqeP96D9859K6skmve
SPYPkHUrCZ+r8XlqAjhSIjaE3e2/9NrHhHFKi+ZNLdN4NqskThEN6PAAOp5m5/Ly5Oji5enh5eUu
gbzM2+ySVwsIALvMfEz4fQ0iiXeUFHY0AvZUqVNhCvS0edMsq+KG5fKGzecfM5qd+WcwlfmITdiQ
JiLZMTQtv+KDqR/+0SyTevyU5rEnPQk7Fs2gybYSttNpo2jAVmS0kfdCNhfgD695BvU3m2miUAKO
qxFVsmmrnHUczkeExNsgmWok/r0a1RgIOmRfAh0MQb9+fjGbXex/e6kwfDP69Uuv/6XX/9Lrf+n1
v/T6X3r9L73+l17/S6//pdf/0ut/6fUf0ut3nXCNre8+qLOhbznHk9duYHe0PrAdmRNjYsAIb5tl
UdXYdGxVpwiUlwm+cWgyPMscW+FoNANdyN1RBPYDTTJMgXd1ETeH/YGMU2d+p+hV1HSf2O+DCmHi
2en5xbvTN68OYehGhnXSIO3LpilrkMoNb8SyXibN5EbKMF1NRJHtYdP0vE1SsICLokj7PA+Gh5zb
E2McyoZbQ/4PPkixPDs5lNe44PvkNrl6efi5pCAQeJlFAHw+DxVtDdI2n29R+iBpLJJm2YYkgx7Z
ewNQIBsyImr9wlT2hDMc/5vYxYCorceHyAXEAuJNUlGtJjVuOUwgXO9FvF6GBa8iMhaQ0rahrIeG
YjDdbTlsnI5dSJ59Ljl0+OfzHiWa2fOL/TcXb89+ywQ2lO2tYQCzRxA1i2y1f3bcY7c32GcYIvzE
Hp+dOEOei1yG8N/n4lWDg25PUQEwoeXrU/RJLSNTeqNvw9B6529oxOZfY8TDjv5zme2LosqGauxG
hmw72zb7U/FTIaf4b++w4osijyHnvDwM/M8lgA0CTJdE0/rLQ9R5nF+Do9fLF8ltj7v+aJ9D465i
T9qfAdznYicjaFDW5tcCCYiT2/lclRgP4eY7qKCAduj8i2rV42c4/hvx9jXUyvs/wth3y4J/y6GQ
WHz/+nMxqIDP5wOKVIX0B3KPJhU4P+G30CvB46Dw6I8OubYmW9n3B5kX5TJJE7H6XLz2QCKHa1IG
Dw9R60mbNsm7okqjPm+bwSFrU11e2L9ZXhz8SBfQVm1Tt1cJfL+C7je5qv8rRUeG9N4gvcB/n/Y/
U3D0AKGcVrj12peRGhjKx524f01sVtR0n58rNr8+O+hxjE9/k3oKSPl9jv3REvu1bJayoskbRtdj
fXatbWbfQZn7oU2g/f5cfG4g0qaNIuIPR7ANtL0NR8Cy2pM6b/ggnvVH+2zbE3MSXD4/utj/a1Td
o2vw8Kc1f9ZW8kxW2UAI67Ht4mOrePxeipxfJ23GdpnnvHhhGOx/2FlVYJt+DJVInjSfLdZfKgTA
fUdd7+tDYvz5sii/fdsvsbqRv4k7a3LWXz5P/MIzdl4Bw43c7nK6HQfiAI/DUQZkCKoCH/lYjWGW
C0XGm2V/RPAUOIK1/bEiu4yKBigYjOqrCZuBtkr7zxFvBu/jJAVa+yOLrOw/LoG9/nMC/cV1f+Cn
mnS5fs5CtQkzGCugPVclp0mlSt1wZCjqTyrFUA5vZJxKOgHuj9Yk0Xo4FIFb9EfOz14N0K/qn9Mc
kelvbP2qKa5knnwYiuD2VnON5GKFvOJZSvHYoscPSam62oCS74c0CfvL4fE2G0q9QPIsw7BN0wpg
4OzwdMB6VFwSaduDMJQMFVaAcdf1YOJ5kpWp/OFkwPMWBfCIO8lbfGbpDYbowWDZ0J4zStjR/nm2
3LK9ZZtf0W6gRUKySSrJIkxyjpU6RHBr4qEk5LVMo1BPQlDgO2VT6AFLCSsCRSuzRHnjrM2m3+UG
V+89XoVJ8rgY2G10R+XJwEpIlHZ/qJLgHuiHi1bZYgf/R3A3dnomIFb0hI/evSw1XsSIx7s87Qfz
vrujK/Nabn7XsZYn7ViNZpZhWyC2+hKiymgW87SGcNYd6IxmztQFHAn6t+P5MeeO54RWKFwRTGPL
jnkchlNTcs80bDf2Ysv0AXarSXmX5FFxU7PXF+zw6Py7i9Oz8fPv37w8OjeYCVQwooGZgeFYbKeb
bBqP2f7JoYepB39x0ZPVB0kO5KzNZFleFqiTd8evX1+gYeLDDZUNAu8U1LK6BOVWvEokxTkeLYGx
Su5hxBjDHH0BycSY8CwWVjz1gmkQG9xxuBu7obC4FXqGERlTz4qlIae+xItQYZWIqz0dJI1JMLGf
Ce5OI9OPDcuPfSeGBjq0TM8XkRmYZmhEUlq2Y3NJERAUAtEHcjKei4dcXI3pSg5v8HYXCPAqL27y
Z/oTrW1RFXUt94BlXud4e+baQnN+ZhlWEBi2LUD+jm0YMvRcT06lL31fxK4VmZHnBQ5ihThdyVry
SiyJ/4yXJfndNRnFMz8MhWGZ3JdRaEmHTyW3Yp9HTswDKYJISCsWoR8NnGN9nAy0c90NGP/sBkGu
oL1njm8Jbxpw7srICH1TGECcFZpxjE+mwQNH+NwT90PemONoioRuQzccg/u+zR0ehr4IwgAinBO5
1tQXoRtLITzbjbhvbUGnQLHxagsNAMBIU8SBEQQy8vjUnXKgDqzCDW34B6WUJaI4GEK6V4VYV9jP
PGfqTx0wKc8LBQeJur7vWo4lfVdYtrBc6QvX5Vuk0dW1tNChEkkDEQaS24YdBLaMozi0AxHZhiUt
0/Ui1wDQvmUEYJ1bkIq02MAwglB64KzRFDxV2nbk+SYYThBZgbAs4XjCnEoz2qKGrhzq4+kuij6T
YupYIaL0DdcLQ2DINbxAODKOQZnB1HYkN4NwCCrFw2HZmQqQNLGMZ9yTDsjVcv2pNAzTib3Ig++2
JWLPti3PmkKg8SN7G9SCiHGQGE8EpiUM0JvrCh84sE3DlwKMfwrm4MWO4QjDuQth3Es0CpRnxlNk
SsQ2aExYDtAGbm9xEYFB+AY3wQtsseUD6zhAICLPkZbrumFkyQAt3nLcKQQEN4LFsTBtoDGIt4w9
D5u1cANfONxwQrCMwHQlxBTfjuzQANsGQYFjmjwE9ZtDCJuvYyqflFP/jrB957hbZSMHHEPa3PdM
E2x5akgz5uBTnuWC45kQ7BxnKiF0hFyK+6DgoXlXxzwLLIt7juMAM56YRhxCAv7Pty3TANuTwpna
Ppdb8lUHnF2ef2Zw4UOsBps3hWMG3IxB4uBf4PS+7WL8dQNpkfFBIVzLFfrBpo6jvapnAv5NHSld
aVs+FEUheJJjhK4J9iwl2FsYep4w+AZI2yYq/UDkhVwRgAzj0LV93wvMOJraU7ALx4lE6EQerBax
5UQxLl+2Wc15t/5ucK9XWVzkK9BguoKyIh13JfQ1kGqTEkUUuNNgKgOIPrYfR5EVGrYX2BDgIO9I
UK8BxnUfLMgYvrGGZT6DcGtAHpKRyQMIAhygBVyaFsR2SB6QsQzLdabhR2GZPbqkB0YRxHaEdh5D
CgocH3zVNIQjbCDKBucN4P9VG5MVH3jV7EFsgxZdJV20UC/wHDEFa/ANxzcd7jsWGIE0QMeR6YY8
NGLTB4caACnB48YYvCmOIC1RYAfxVEbgswJMIgwDgTnXFaHhRpANgbbAmAIY6pDWtjVZUZH6iOF2
AxO4n75oKzqEZ1jisbio2KCmmueP2MUSEimrZYPnWTXjdD1WsiKXNd6Tbbrbs6FkSS7SFoIHfGHq
8HgCCQ0SbwM1CcI6LzKJ92ebuzBrHstdVuAuRo0gWQjR6oqtirbSsFgSswx6jzghDFDb4D3qdIWA
X8ubNTjoGmPepk3Nbor8q4Zh6ucVg663gOCVYApbIYV4HVfxfbOUOWvLRcUjADCZ5/O8Azab54w9
erek7RXWFIAFalUAoY/bQQZQ3dRYUEfqNZGqoj8DeaayIXlhKyskU8kFRzKEDBIXcpxyLIkXcsao
KsUX9bJtoEbMx/pq+wyv8yrYeF9DRvMRUbafpsUNS5Maqe2uqrLrhLN/t7Ja4Zyf8ctYv5oxbONp
6RE19noNA7oYlosMNAZCQWjhimlR4ny1DzBev+4R++gdeAxYBMiVRxGDykuJH8WKdyhYJjleMcEK
lIHQQ4lEg3Dkzy1PUWyL5BrmqqvROxops4zHCF1hlONKltDXjkHseBliBq8J9+s2C0EqYFX79SoX
F7y+YnjPBexoQhPe1nh/GrB1nOK0ZVXkRQvag+n1LqOtZaY6DPSHXYZFdaXuU5FswB9xLGtzfW9F
AT8n9QJPYGVVcZuAhUkQA7BElpuviUPZaoKOY7RVnIM2ucuS5isQX1PRskjijW8yma3FbAd4wB8F
WCQWYmOsOZ0RqG1b5WQcVZvnqM4Iu8OiJCVQO1JP2KG81t9ZliyW4Mx4cLTbdz5tOCiRqmrLRo0q
gaFg8MK85ouUC05JvUakHIJfF0kEZN9PAdoI2hwU/AlY16RnaDB5rCatLW2eZxLQrZRTfpsWIVgP
7kExNQ5+kCUN+nYmF5xu7k/YuRK1QcJNajqfx+UXqLWbhCRPFgVOezNWgDojq4lDPHaEL4xu+SKY
uJKyQ6mMHLTVopuyRQGKKtBN0SoQ0YLIHBNpM2YgF4CdQrCqyP72HOCm3qfoX0I3/+for5uiJBJ0
+FyTpMHVDMJHidk0WhOEWDuqTKg7NWEUBN6RV2j66q8+A4XkF0QSRgwmWkg+OSQfJm+laCn4Fopk
5ZGYrNaz5a2QMqo3HKnAdXpxNGMXL4/P2avjk+MLtn929ur46JydHb1h707ffHf0ZpfBJHZxCrOO
2LuXp6+O2Nmb04Oj8/PJdggYyMNyPS2OM1klBSVkDMQ1MiiWkkIySWMdbE2QPZQEEcUWmjKGUChV
mCVQB0UOfEKABmtCfj9mbMrIbpaYWUEmGILUNIKsgEDo3QRylZEIxynmEMzztGBydzbagt6RBrWV
UmA5oCSL5Cq9qrVrHsC8ZFlvWLUNzWv9+H6SNOe25nzBqxA8Y7yprCkA3S9dcjUkR69iehXE7ozn
LRUffUqgMGvBBh/vdjlh2wg7M1TpNYYmv1H8ZhsXnLBTFfOVwUP1ULRptKYlgSRyk7MN/bUCXBL5
wKhnGJpXwPaCgsWdJEmmoyCseYurIuuSrVqtZ4z7ptnXMHKjNXnHNtg9JjWwjvOuYESVVYAJzVAb
ctRmpaquVAnH9Isxvuj0dYiT9AKincjsOIAnSPPg7PweAUPShsQHGK7ByOq6lRgYmiVobdFVmxi0
ENuGqt1OkapG0EXlRFGDUz8qp4zfjmkvtu5oP+AljiZZm0GOhfRaIfCG51BVgiKZ+sWIomIjV/QX
LUrymLs2BsV2qSkihGOsgltIus5aY4eFerVt01gbYdRT8NXkzoUULD2xzxlVDmPa613zdgikUK0C
5SNKD6hTBYaCUtItcabWKA433MEyLU/FT4cZJ2+qXRRgim2AhvtpUJ+yw3muL1LPdIqA0ox+OYgl
ZohnkVSJE8lQNYEJ6SRDsU11PvqtSi2hXBebKr096mupe4VhtVo1CHyXjc2eAkl5hHjcdMToFEBR
e1PH0vkAlpCR4hx7GSr0cTEMarIm7CXUgmBLT9SvIQ/O3u7CWqAhBP+6SSIwe6oVVPRcwx8T/Bnz
urJ7U5HXJJ3e3AnbjyBQLXka70ErqdqESIINa1SAlOG+IBpYzxE3aa8HrN+KHN1iVMMSk6cThkS8
PcvPumJ70wBiL4FE3UDaxIVtmZdj/bzV3Zxor6uTD3KtTyzLOzXWmPB0yQRluzKPXmp1Akstejxh
Z3pNyqsFLeC6E9W2QBjjii+QBdAJiK0uU6pYsL3MgHh0dl6hntQPtVS/jHeyZd2wk4u3RGkNLCHb
Ydsw7M83P2wldKq5mHSxJmvaMa6aEbX9/lDmdIhEvh4z3BgQeLl1zSb0v3GciAmjLLXkWASwJAPZ
NKg70Ab9wS0IU7tECyjtmoheoiQg6lIghhTNKZzXSqWqlIC5jbZR5ESq/QEd6nQ3dXhKRdLh8fn+
c6iPqJ5qc7IhDNgtRko6/1RFQoLGqH+SHfX7jQ2fG1+PZNguZl3T9pSZ2KzpknUJ4YreM92i12pT
Ab05rwuVvLVHmAhMUa2gHSwLaOLRC7teTXbdOEVx3DZmNb/usgV8hdZb/RYQ3/XaeCCMTuZV0ab3
ZH4qklxtCJCkvmI/hMUten7Fjg/Zzg9vjw8fg97B7YEGmH8DakPFJJDuwTmwh6siLR9VfoA3FBvd
5eDtPzx/1cHX/V1v5CtChodjVDiQenUpQrwV3Q6RTqO3QN8YLyY8KeKY0MK7JF6Nb9sk2iiE5Dke
bs5c0O6KcjX1t92UDGiu9qu21rs8AoJIo8KsXjNWa2ZMn54iGpVCdHjUWDAH8nyx7lFyXJZup+Ld
btZ1Im/G6wR934aYEu5+hj+Epyaf0r0KJiCyTrSY2zE60lYIqB+/U3KGxW8oVfcWE+O5VK13KBWw
UMbo+zX+2o5cadnZGZkWDg+TvmIfEa3ZhxjI+Dap+tc8gE1CPr2PSuN+MnmFv4FmvDN3ILZbjJ9r
auytHZ4wLQS5b51EKmcgPxx0CgZXt2FfCgtMojBDRip10sM6tdFWkzYOLoRMJXUKyrwJa5pcAQrs
kykSpRxYX1TFTbNUcQxQcLZU0HpBDry/blRKJmLHKI2OtPFGNIq148O6xxeGadS8gsbUsemaTb3l
1JU5tGagJIA3ZhZ7BGRCq7xR5GZba63LyV1l6uB1wxPqZiGZQKunrKgsyjbt3EY/YL6nOTpt2BYi
pDYIuSRMmHExckFJoBsMHNEbeTNd6uC+IzXXalhVCtqy8K8XrCN0tAl66Jlj/HHj1tA6MAyH9TWC
Xk6HeDBW98fWM5egt5kiZVJmWTlJCqIYQt0qw+YQXLnBfVZRb0jHNKXfs817YoHCHF8sKrnQW4p6
/1Fts+CfS7ja5o/og1hzeniKP7Ia66Sg6gMMXzdSdSCc/rwFYqyJ8A0DNDbpbfpDnl5Lvi3xQpJS
zh2hgkLVe21MUAnhvQHKZb18c4B787K/l7cLyaFccnALiZEd/67Iui6FjBHLCnqPMcbFHJOhetvl
LpU5+GBvUF/h6CXbFmpwqG0otnYhTAMkLav3HY47WlV89dXaJNkmg+hsjEBxPlo9/fEVYAXDOCKk
TU+9qNvgnmwQ6Dd9DJ3kPp3vdTJRmlQe0NtL0jAAfKPl2e0aLfWgCnHVupPQ0QE34aFZi6gMSuI1
IDwkbyt14oLRpttKUZEX4Ono1OVbqMl4rfs0KK053nzST1gAAY1aV7NOaeod2Cju6c3Yf6hygaJ1
lzb53iNQasE2ybt/EkRsYCVdUYDHbRQVvNCqZHNvHqX4TO1jTR0Dtd94tRto1UVAn3yFl2hQXwEi
uoFjqJy6wThjL17tX6hBbDUk7qx9o29k7LrBLXCUy137NkqqZpeC7je60lNnLf1NC+XEmOhAtHpP
kbfa6lJQllgx9SvRturibtepVetTGgoqAAfSkaBTsLqT07g74QETUGX9oxcUTQgVzR8AobpYj1z2
RsZUX/YKv0LV/vIWYlutm1xxhW1STQ0dBLcwgQZlpQo5mof8AinQgqlMoVxFcUnwoTKq1uEYj1+3
lYrnlGcbFR/QYSWd1s2hann0okrYoRTMcphlzWx35hrs3fFzZhmWiRO6E7UnEiIsPGdFEz0ZHG0y
dZqGLxXyMfreEzMwIZMNB689GrZxWDcLSQmDYOwwcrNMGjnGEzgsXQkZ9FO6entiGTiy4LibEMkn
9KQO/dZjehXu3+I5T/dcXpcaQ5RggwUWvXpCpK0NdJ3vnhDPVBtjyf1E/VKi2tTLMupNwRP3J4dH
L/bfvrro8UTnhBolZQt0Xf08qGaf+DjUq9hpyujX/wN4Amu3
===END CRASH DUMP===
