PocketMine-MP Crash Dump Fri Dec 3 18:15:02 WIB 2021

Error: Undefined variable $case
File: plugins/FarmingCrystal/src/hachkingtohach1/FarmingCrystal/task/Update
Line: 108
Type: ErrorException

THIS CRASH WAS CAUSED BY A PLUGIN
BAD PLUGIN: FarmingCrystal v1.0.0

Code:
[99] 							for($i = 0; $i <= $distance; $i += 0.2){
[100] 								$a = $a->add($vector);	
[101]                                 $particle = new DustParticle($a, 255, 255, 255);								
[102] 			                    $entity->getLevel()->addParticle($particle);
[103] 							}
[104] 							$entity->getLevel()->setBlockIdAt($data[0], $data[1], $data[2], $data[3]);
[105]                             $entity->getLevel()->setBlockDataAt($data[0], $data[1], $data[2], $data[4]);
[106] 							$this->plugin->getConfig()->remove($entity->getId().$data[0].$data[1].$data[2].$data[4]);
[107] 						    $this->plugin->getConfig()->save();	
[108] 						    unset($this->plugin->postions[$entity->getId()]["POSTION"][$case]);						    
[109] 						}
[110] 					}					
[111] 				}
[112] 			}
[113] 		}
[114] 	}
[115] }

Backtrace:
#0 plugins/FarmingCrystal/src/hachkingtohach1/FarmingCrystal/task/Update(108): pocketmine\utils\Utils::errorExceptionHandler(integer 2, string[24] Undefined variable $case, string[85] D:\FoxCraft\plugins\FarmingCrystal\src\hachkingtohach1\FarmingCrystal\task\Updat, integer 108)
#1 pmsrc/src/pocketmine/scheduler/TaskHandler(137): hachkingtohach1\FarmingCrystal\task\Update->onRun(integer 801)
#2 pmsrc/src/pocketmine/scheduler/TaskScheduler(179): pocketmine\scheduler\TaskHandler->run(integer 801)
#3 pmsrc/src/pocketmine/plugin/PluginManager(654): pocketmine\scheduler\TaskScheduler->mainThreadHeartbeat(integer 801)
#4 pmsrc/src/pocketmine/Server(2389): pocketmine\plugin\PluginManager->tickSchedulers(integer 801)
#5 pmsrc/src/pocketmine/Server(2152): pocketmine\Server->tick()
#6 pmsrc/src/pocketmine/Server(1992): pocketmine\Server->tickProcessor()
#7 pmsrc/src/pocketmine/Server(1586): pocketmine\Server->start()
#8 pmsrc/src/pocketmine/PocketMine(330): pocketmine\Server->__construct(object BaseClassLoader, object pocketmine\utils\MainLogger, string[12] D:\FoxCraft\, string[20] D:\FoxCraft\plugins\)
#9 pmsrc/src/pocketmine/PocketMine(360): pocketmine\server()
#10 pmsrc(11): require(string[67] phar://D:/FoxCraft/PocketMine-MP.phar/src/pocketmine/PocketMine.php)

PocketMine-MP version: 3.26.1 [Protocol 475]
Git commit: 6b7d0307afb36a7faca2dd65734e15000baf17ba
uname -a: Windows NT DESKTOP-BVRHES0 10.0 build 19042 (Windows 10) AMD64
PHP Version: 8.0.13
Zend version: 4.0.13
OS: WINNT, win
Composer libraries: 
- adhocore/json-comment 1.1.2@fc2f76979f0a44a5f5bc2a2b600d0762fe0e78e7
- daverandom/callback-validator unknown@unknown
- pocketmine/binaryutils 0.1.13@0abee38d4e2861621f262c79a2a3d699d8a697f4
- pocketmine/callback-validator 1.0.3@64787469766bcaa7e5885242e85c23c25e8c55a2
- pocketmine/classloader 0.1.3@3c484a27787f7732ce842ed694928a29ba340961
- pocketmine/log 0.2.1@830b44a2cf96ef703c550abe64302f230231ca49
- pocketmine/log-pthreads 0.1.4@01620c3628cdaa6b4a21122cff4c5d2f70b5c1d3
- pocketmine/math 0.2.6@43057cb8c179a9859677b496a788db922fd5cfc3
- pocketmine/nbt 0.2.18@9f82ca4d7f97fcd9a566e44b63c4f18a7657ae82
- pocketmine/pocketmine-mp 3.26.1@6b7d0307afb36a7faca2dd65734e15000baf17ba
- pocketmine/raklib 0.12.12@5abe22043352e94099e4edfcef5fb3644578ddc1
- pocketmine/snooze 0.1.6@92abf1e988c71635d466abb777f61f89e5a9c990
- pocketmine/spl 0.4.2@6b08b7cf8c4afa17139c9a1b3bf1b408531de161

Loaded plugins:
Alerts 1.0.0 by hachkingtohach1 for API(s) 3.0.0, 3.14.0, 3.14.1, 3.14.2, 3.19.3
CoinsAPI 1.0 by hachkingtohach1 for API(s) 3.0.0, 3.14.0, 3.14.1, 3.14.2, 3.19.0
CraftBook 1.0.0 by hachkingtohach1 for API(s) 3.19.3
DevTools 1.14.2 by PocketMine Team for API(s) 3.13.0
EconomyAPI 3.0.0-SNAPSHOT by onebone for API(s) 3.9.0
EnderSword 2.9 by hachkingtohach1 for API(s) 3.19.3
FarmingCrystal 1.0.0 by hachkingtohach1 for API(s) 3.0.0, 3.14.0, 3.14.1, 3.14.2, 3.19.0, 3.20.0
FormAPI 1.3.0 by jojoe77777 for API(s) 3.2.0
GiveItems 1.0.1 by hachkingtohach1 for API(s) 3.14.0
InvCrashFix 0.0.1 by  for API(s) 3.14.0
MaxEnchants 1.2.1 by Xenophilicy for API(s) 3.0.0
MinePos 1.3.5 by hachkingtohach1 for API(s) 3.0.0, 3.14.0, 3.14.1, 3.14.2, 3.19.3
MirrorNc 1.0.0 by hachkingtohach1 for API(s) 3.0.0, 3.14.0, 3.14.1, 3.14.2, 3.19.3
MyItem 1.4.5 by hachkingtohach1 for API(s) 3.19.3
NoDeathScreen 1 by SilencedTick880 for API(s) 3.17.2
PlayerStats 3.1.9_BETA by hachkingtohach1 for API(s) 3.0.0, 3.14.0, 3.14.1, 3.14.2, 3.19.0, 3.20.0
PureEntitiesXDraz 0.6.7_DEV by milk0417, RevivalPMMP for API(s) 3.12.0
ScoreBoard 1.0 by hachkingtohach1 for API(s) 3.0.0, 3.14.0, 3.14.1, 3.14.2, 3.19.0
SkyBlock 3.0.0 by GiantQuartz for API(s) 3.0.0
Slapper 1.6.1 by jojoe77777 for API(s) 3.19.0
TrumThe 1.0.0 by hachkingtohach1 for API(s) 3.19.3

----------------------REPORT THE DATA BELOW THIS LINE-----------------------

===BEGIN CRASH DUMP===
eNrtPIlu1Mi2v1JqkCZ5r93x0vu8IAIJQ3QJ6UvCZfRoFJXtcrcntsvjJZ1mxL+/c06Vt07IMENG
715pQBC7lrOvZTu/9QKZxby4uhFZHsqkNx/2e0UYi97cGjvTkWNapj2wp7PhxO73ylRNDZ3BxJpN
LNu0prPxeDwZ9XsRz4uTLJNZb/5br9imsKxH9ye3noB9ALvfi0We8xVOvU98EYSJ8NkNz0LuRoI9
9XguYFFQRtGrMMJVx/Pl8pW8fZnxoFgu06hchUkOQzyLw2T1MtvmBY+Wyzzzlss199bXMFpIvLLu
rip4fr1cvk99XohBuk4RlUKjAR90dxwA2IMdqLtLEOaBAgngImAIBGdOQYYZ9+D6Y++JyR4F/B6A
3Z+zVHrXooA1YrksizACabzHH/O56Aj7NU/8SGR7YVKIlciY3Wd5kQHoj/bwE/ua9OtF09En9lcJ
v88qopAlENsTi6UxSgP/NQwe5N5a+CVwcXAJuyuOLGcCcvhD2jaeyeRdmdTCmJoW4bW/Be9Fdbdn
TWY7GqhXLpctEo1n2T3InPuRKbkeLOjHGU/APbK98Wj4MKaaKONZzMPkcp0J7r8WPCtcwYs7uIf3
474QGfj9nu1MdxlTVC2XHbKMZ0XoNajzO2hGD6OxRvYOGjWj4O4RiPGDIKzZ7CEQi0x6EGFkpmBN
HoY1mo6/AgssKCsUjOn9MBZ0eQaXe45jfgXM1ZUnE3Co0iv2pPuL8Ar2ApzsJYTK/I3kvsj6TI/f
49ZnoNc3crXCVdorLXvXKxuvNr/qsMTH7Pf5GO/ykStBKRc1FYA9y4JVmfi1DDOxp5GPJ59YuubZ
/ODgeH5QkdACbpwtBrjg6+gxIO/3Pn3p98TjJJG/KLIDgQrmVZjcyOhGxCIpAJEP4vCKXjULI114
MONJXyBfsxnMLov2X0jCe09DdsjMHxn8/J9D9tQPYVviCRr4b5gZ2Pu/ARTLNO9sXxZPOWx+yo1n
3Pf3nt4AKTLb/3FZ0AYLNrDf+fM0BZMPPZDgIUvEhh2XebHQQ3tPeZ/Zo1HzH4Lu/iVEdk3ZvShA
UmGxNZ6tRPFG3Ihob5/obdBUNOz/SOCcO4x+ofHhnfF7QeeieBGBgZ36R8XeU1Ak/2h+6jN1ZdVX
dn3lfNKIR78jsAfRHQOob0Q4rBCO73JUrMPceKasiRC9lEkQrhBTJmJ5A+JqUXHq7+0PKpSDCuOg
QjjYwTfZwUdMPYAx54CvtqfpPbvLBPjf24GRyhx9Nv+4S+qnj8ve4vzi8vT87bL36SM57aeuUSFQ
wrbrLWQDVtcJvnQN0bJas2p9Y5rqvrItdacsSl2j8r/0vvxdwv1dwv1dwv1dwv1dwv3BEq7fW4lE
ZFDyQK2TcDwv6HXAAC0uyLA5cug5A3s8sHC8DCO/N7dNx+r3wvzKFze9ecAjCGu9NJOF9CSAHeJ5
wyrEsmvsTnzTMSc8cJ0xnwTc47bvj0cTZyiskWmaLg+sicsBdqlp+RAmvtzk7O0lOz65+Mfl+cJ4
8a93r08uTAhmA5MRDcyamUOb7VWLLXOfHZ0dj4dY4a1TADMdmAPIIv3eZ5EAyb1hdQ/TVzJHRKdv
317CAN1swoRKwBhyosiuotDNIGyLHIXE/TUwlomDX3KZGLBG15TWwBrYzwPPDibj2WQWmHw45KNg
5Ho2t92xafrmZGwHwhSTqZgAeB/SdAYBTMYHHo8il3vXxg2PQgigWFKDCK4TuUme659IbKNIN0x4
tiXLhaXADLDz3OSuEM7UHwp7OrbGthXYY9ubzLjNHX88m/lTDqQFwy6oe5FbICDn+Xg4mU6GsGc8
dj3OJ2I0nY7soS2mI892PHskpt5oxO0dgOhvEfmbps157njD6ZDbE4AXTCaO7YkpgAGihjN7yu2Z
y52hORtbXUiRXBEEe2A9nzqmCxK1vWA2FsHEdAAzMjweOqYd2PCfY3l8OLsDwUgLitaVoIbPTZCN
6Tlje+r5nI9dgAo1B0AOht7IBwWa7sizfKcLKubFWlMzfg5IRxPPnXqQo/hsOpqNJxN3OAOrnk59
d2bbgT/yAm8HROIWFT/T57NgagPB/iQAnXj+jI/GYzEcumOQVWBN+QQcg4vpjnCbSyNOa298/gdc
qwUs49dg20ouQJP9fAQCtW1z6DgjW8xAIzMxFH7giWCEgIfD0WTq+96OmvJEys9Ci3f8fGZzN7DE
bDr1JtbYGfnD8Zi77mQyCcZWMJ2JEZ95s5m5AySNCMIQvGjsmlN34gVTb8gDbk0sBzZwy3UArjs0
pyPH8oUF1vKl7vDIN48gSxZ5K5TpgX6vCV9o2Yial8VaZjmWjDu1DUZFnoY44+jFzsAaNhdWdWGr
i9nAwT0iwcIOwgtkIAiBvkgh2CACmMtlUBy3B7CKAGrulFWK4uonNrPgSBiUoQD/cP7uzTEMbYSb
hwXyty6KNIcssOGFt87XYTHYCOFG2wHEpQMsi19KEM3R4rQlk3poRyqPLRPz0WRSUdxcfb9cMGG+
kPK6LZh67Dvs5VGNoaaodfktrAPnkIzDyMu2g3xbiHyQiOLA5/nalTzzSQLH4uZSyqjtLfVQl3+t
1JYAmgqBXQoedwXg/HnNVwQsly1SNLcXl0fvLt8v7lUzlBfr0iXlNqQd1DCA2xOoDGW87XpCa7DN
MRm4cfH2aHHx+vyyy7lMhAv/Ohx/h6lrcMulUKQAzOWyQ9aDuibOoLXMLjYy89ucNYNtzuzB7P/J
khuC2tePZcs7p3eNHO4c6/3FeUBN2eYjBr/dPvsOS98XCF/JLO56RTXSFZazK6xf5C9STPBPR072
n2e9gYhtFRFRX3yLJ/wU3ojTQsTtkNaM7ere+gOeMHxEfa6AohApUh3ntzB2mtxA+M/Xr8LbFmvt
0TZz5h3mHouXuPwVqFouw+TGQ8xBeLtcqsb6W9g447cnibfmSadEa492dWTv6uhnkch0HUaht73j
m3+SpRZI1EdNSufmm5iDjLOQHcb0yK4fjf59i09Ncn3x3dHlLMRD0rdeRyx66D+oKK9obq6+XzJb
DEttuaiBrlSGf8RaHpdlIqf6+ViJ+q08FtBGX3iZEEmL+e54RwZd/i/CSCSe8C9D73o6Nbv8T0D3
f5L/HbjfHpsXEd9CNVPwTlBrj3ZLS2swu3pxcnn0H1B5tJjo3Hy37S/KTJzgM6ZQ5D8fZ/xzW3J3
5rq5bTyYXB2f/KsrvjiMrs2hhadq78AEb3i0ODtbdI3jOwqTTMFM4zhdLtMSbVQRCGJpkfuHe5UW
rQcdvlFIF3jI+AI9pyWd1uB/TPfe0Ny+/m4jurje0hPctnSqoTvdXFc6P4WQ1f9Z8qz4/GAdoc+y
v81GpIwtKFwrGpqr3+O02IRFITJirE0Z8hjxNBVZm0U90tX+eLdS+kpx/j16zRXmb4uM9xh7Q9JB
xQRweJmV8eVatDisRv5dzmA0PfXF46RCPLfkGXAMmt85Uqme3SAH6onQIM0kyItizLz3ZFHfMfXQ
n+H7M8tsmTy5KBN27hXMYdZ4PnLmlsM+nL5gtmlbOB/xZFXylTgUyQrvY1n4hx3MTD1Lw0mF20hl
VhxaM8uxcXADniiMKMyLQxkEBIPfGiklh/zQNnFkBWzF0heHdBfIzBNGPaZ3AX8+xoLqPr1JD2WC
V34YBKFXRsX2kDCq51OFzIxcFAVoJj8kVvBNDgNt5jC/3rrkcvVwLoTfWoXvJh0en7w6ev/mEkeV
XRi/liLbaqxgWdLAFyf0/U0oNkb1Vs/hFIduXXlroAVWW5JEljCruTfAXEKhXjHK9ZI85ZvEwGdh
wsOXBA6tcQt/5sGI5h+vBynPczwWOfwv+rPsPvMZbGM8IX/C0AGZR5ovQTIAlwyAgaRZR5lgEAws
NhesEh3jmWDFWjCZgPUUa14wD/komCtYmHhR6QsfLtgdw0NYFzKGnQEC2IWZ80D0mYSZLEeQzM0E
v2ZbWWYaFgsDBhYQBiFhAOXjO1jRFgG/FZsaHHhOwEH9OdvI5IeCYajgGUMFxcAsPq3aIoX48ori
e7MWCSvTVcZ9ADBYJmi7Cth8mTD25MNaIGGskIAl8RmA0I9xQQYZTyC0FUAUTROpYE0cAIM8I1GQ
vNCdPcHW9MIBjsQIWdl25VVzRgkDJ/J1WfgSdK9ff5uzZU95FvMimQt/2SPKjqJIbhi6ExBTvbfC
bkLO/onGiWvISg09NWcYymjrCRmR3sOALob+xEBjIBSE5m6ZFiWu1zZXT7eIffIhBIHIBOTKfZ9l
IlfiR7HiU34WC55DeYKWzUDorkCiQTji15JHKDY800gYlDKlYHsaKQSdfYSuMIK1C4wkBogdH7HP
YZpwvy1jF6QCVnWUbxMP37UAxWfXYEcDWvAepEWmXXGKy9aZBOcD7cHyvI8bIp/pSAH+0Gf47BYY
wfxBsoH4jGNxmYAF4RIF/ILUCzyBlWXyNgQLEyAGYIksN6mJQ9lqgk4DtFVcgzbZZ2HxA4ivyGib
L9DVyWR2NrM94KEEv7FJLMSGoTmdE6hdW+VkHFmZJKhOH0OZTEkJ9NQ7H7BjcaOvWRyu1uDMeCzT
bzufNhyUSJaVaaFGlcBQMDHQpvki5YJT0iNtXzkEv5GhD2TfTwHaCNqcBEGDdQ1ahgaLDbWotjTI
FZADsq1yyp8i6YL1YB5mahz8IA4L9O1YrLhLeZNdKFGbJNwwR9i0/RK1tglJ8mRR4LQbQwGqjCwn
DoMQSISIBNQnBCuAAr5CqYwctFWim7KVBEVJdFO0CkS0IjINIm3OTOQCsFMIVo+V/+05wMLmIfox
FX8f/XkhUyJBh8+aJA0uZxA+MLlB3KsIQqwVVZZpDzVhFAQ+kFdo+vIfHoFC8gsiCSMG80pIPgkk
HyZuhVdS8JWKZOWRmKzq1eLWg3oibzhSgev88mTOLl+fXrA3p2enl+xosXhzenLBFifvGJSF/zh5
12ewiF2ew6oT9uH1+ZsTtnh3/vLk4mKwGwI68rBHYy2OhchCSQkZA3GODHprQSGZpFEHWwtkDyWB
T7GFlhgQCoUKswQKSkXgEwI0WBPy+zVjU0YGdR4mwASXaWQEWQGB0NsEcpWRCMc55hDM87RhcHc1
2oKuykFtqfCwHFCSRXKVXtXemgcwL5HmDauOqXnN9+8nSXPuaM5XPHPBMwxPRpEqwygA3S9dcjUk
R+9iehfE7pgnJRUfbUqgMCvBBvf7VU7YNcLKDFV6DQKApfiNGxccsHMV85XBQ/Ugy8ivaQkhiWwS
1tCfK8ApkQ+Mjk1T8wrYXlGwuJMkyXQUhJq3IJNxlWzVbr3CaJtmW8PIjdbkHdtg95hUxzouqoIR
VZYBJjRDbch+GaequlIlHNMTBk5U+jrGRXoD0U5kVhzAHaR5cHZ+j4AhaUPiAww3YGR5XgoMDMUa
tLaqqk0MWoitoapfKVLVCLqoHChqcOlX5YRNkbcuk+u8ov0lT3E0jMsYciw+AWVVe4GKZKqJUFQ0
ckV/0aIkj7lrY1Bsp5oiQmhgFVxC0h3WGjuWamrXprE2wqin4KvFlQspWHphmzOqHAwPmh1R83YM
pFCtAuUjSg+oUwWGgpJy7EmY2qM4bLiDbVqeip8KMy5uql0UYIRtgIb7MKiH7HCZQCuOCpvrFAGl
2VpGqsR08bCJKnEiOcc3p5lOMhTbVOejZ1VqcUVdbKr09qStpWoKw2q2LRB4nxlWS4GkPEJsFBUx
OgVQ1G7qWGpmsYT0FefYy1Chj5thUJM1YK+hFgRbOqTijr1cvO/DXqDBBf/ahD6YPdUKKnrW8A2C
P2fjquxuKvKcpNNaO2BHPgSqNY+CA2glVZvgC7BhjQqQMjwmQQNrOWKT9lrA2q3IyS1GNSwxeTRg
SMT7RbKoiu2mAcReAona4LEibCzTJDX0/U53c6a9Lg8/i1qfWJZXaswx4emSCcp2ZR6t1Dqc2WrT
/oAt9J6IZyvawHUnqm2BMAYZXyELoBMQW55GVLFgexkD8ejsPEM9vYxCPCygfhnf8BV5wc4u3xOl
ObCEbLtlwbA/J1U26FRzMahiTVyUBu6aE7Xt/lAkXrZNla8HDA8GPHyTqGYT+l88bxkwylJrjkUA
C2OQTYG6A23QN8cQpvpECyjthoheoyQg6lIghhTNKZznSqWqlIC1hbZR5ESo8wEd6nQ3dXxORdLx
6cXRC6iPqJ4qE7IhDNglRkoMk74qEkI0Rv0xl9/uNxo+G1/3hVuu5lXT9oxZ2KzpknUN4YrmmW7R
c3WogN6c5FIlb+0RFgJTVCtoL9cSmnj0wqpXE1U3TlEcv99hOb+psgUeLFXHRDjXauOBMDqdVEWb
PpP5RYaJOhAgSf3AfnblLXp+xk6P2d7P70+P90Hv4PZAA6zfgNpQMSGke3AO7OEyX8tHlR/gDbLR
XQLe/vOLNxV83d+1Rn4gZHi6RoUDqVeXIsSbrE6IdBptnY0FAaGFuTDYGrdl6DcKqU7n2oczl3S6
olxNfd6uZEBrtV+VuT7l8SCIFCrM6j2G2jNX630X0agUosOjxoI5kCerukdJcFu0m4r71arO+d+9
B2JKuEexLDF6BCrX6WACIqtEi7kdoyMdhYD68ZqSM2x+R6m6tZkYT4RqvV2hgLkiQN+ns0RypXVl
Z2RadMTYSfqKfURUsw8xkPFdUlP19QZgE5BP76PSvJ9MngEkn/HK3IHYajP+rKlxdk546JQW/SwP
fZUzkB8OOgWDy0u3LYUVJlFYIXyVOummTm101KSNg3ueiAR1Csq8CWsUXgMK7JMpEkUcWF9lclOs
VRwDFJytFbRWkAPvzwuVkolYA6VRkWY0olGsnR7nLb4wTKPmFTSm3u2v2dRHTlWZQ3s6SgJ4BrPZ
EyATWuVGkc2xVq3LwV1l6uC14SF1s5BMoNVTVpTKtIwqt9E3mO9pjU4bjo0IqQ1CLgkTZlyMXFAS
6AaDTsnVQd5clzp47kjNtRpWlYK2LCCkidB+E/TQMw38wHZnqA4M3eF0DTV5IFs5HeKBoR4x1SvX
oLe5ImWAD2oHoSSKIdRtY2wOwZULPGf18oZ0TFN6njXzxAKFOb5aZWKljxT1+aM6ZsHPDa93+SP6
INacH5/jJzuGTgqqPsDwtRGqA+H01S5izInwhgEaG7QO/SFP15Iv6eM6pZw7QgWFqnltTFAJ4ecp
lMta+eYlns2L9lleH5JDuubgFgIje4Y0VHUpZIxAZNB7GBgXE0yGarbKXSpz8M7ZoH5u10q2JdTg
UNtQbK1CmAZIWlbzFY47Wi31bwFp1FqEcZNBdDZGoLgerR4TBmoRwzgipENPvak64B40CPRMG0Ml
uYfzvU4mSpPKA1pnSRoGgC+0PKtTo7UeVCEuqzsJHR3wEB6aNZ/KoDCoAUE/BoyoJy4YbaqjFBV5
AZ6OTlW+hZqM57pPg9Kax2lU3WEBBDRqXc0rpak5sFE805uzj1S5QNHap0O+TwiUWrAmebefBBEb
WElnFODxGKV6ekfnI/flUYrP1D7m1DFQ+w36CYFWXQS0yVd4iQZ1yfBhH+YqlVMbjHP26s3RpRrE
VkPgydqPrvAhOF33R7Nb4CgRfefWD7OiT0H3R13pqWct7UML5cSY6EC0+kyRl9rqIlCWt2Xqy8My
q+Ju1all9VMaCioAB9KRR0/B8kpORvWEB0xAlfVPXlE0IVS0vgOE6mI9ctUaMai+bBV+UtX+4hZi
W66bXO8a26ScGjoIbm4IDcpWFXK0DvkFUqAFU5lCuYrikuBDZZTV4bjX74lbqPOp7scH+S+hXGl/
c+d6+tOpegSfriU+zzpjMr7yZQHxrjOqf69EM1BmUfuefuVD6z4Io0J0AK/izheA0OJ0aAnBuW7a
A/hdX/s+dtWzws4YOLp+Icmid2aoRaF3dZpFqdeVwzsR6GOX9mhOsT7vDkH9FLdHLhZvOui3+a8R
fcior1g9VchrkUBK74jg9lZzTR8KwsCW07NkW79j+zlM1ZceM3rf8LP6KKzeDre3cVfqEsmzTdOx
LBu/KVgcn3dY9+UVkbY7CENhV2EQB5I87yy8CNHTfz7r8LxDAdzigcIOn3G0ycId/bc+/xvq90gW
6x3bwxqKPqa0SUgOSSVcqa8s1Vd2gzFKQjUZehGCoq5T6gFbCQtak0iZJcq7+53bVYOrNY9PSLHG
6ditf0flYcdKSJROewgav5LC+KpUtljB/1+s084XdG7WbPjy5f8AcHKbmw==
===END CRASH DUMP===
