PocketMine-MP Crash Dump Fri Feb 11 23:54:32 WIB 2022

Error: pocketmine\math\Vector3::add(): Argument #1 ($x) must be of type int|float, pocketmine\math\Vector3 given, called in C:\Users\tranthien\Desktop\FoxCraft\plugins\PureEntities\src\leinne\pureentities\entity\dungeons\BossFloorOne.php on line 80
File: pmsrc/vendor/pocketmine/math/src/Vector3
Line: 76
Type: TypeError

A PLUGIN WAS INVOLVED IN THIS CRASH
BAD PLUGIN: PureEntities

Code:
[67] 
[68] 	public function getFloorY() : int{
[69] 		return (int) floor($this->y);
[70] 	}
[71] 
[72] 	public function getFloorZ() : int{
[73] 		return (int) floor($this->z);
[74] 	}
[75] 
[76] 	public function add(float|int $x, float|int $y, float|int $z) : Vector3{
[77] 		return new Vector3($this->x + $x, $this->y + $y, $this->z + $z);
[78] 	}
[79] 
[80] 	public function addVector(Vector3 $v) : Vector3{
[81] 		return $this->add($v->x, $v->y, $v->z);
[82] 	}
[83] 
[84] 	public function subtract(float|int $x, float|int $y, float|int $z) : Vector3{
[85] 		return $this->add(-$x, -$y, -$z);
[86] 	}

Backtrace:
#0 plugins/PureEntities/src/leinne/pureentities/entity/dungeons/BossFloorOne(80): pocketmine\math\Vector3->add(object pocketmine\math\Vector3#155514)
#1 plugins/PureEntities/src/leinne/pureentities/entity/ai/walk/WalkEntityTrait(65): leinne\pureentities\entity\dungeons\BossFloorOne->interactTarget()
#2 pmsrc/src/entity/Entity(977): leinne\pureentities\entity\dungeons\BossFloorOne->entityBaseTick(integer 2)
#3 plugins/PureEntities/src/leinne/pureentities/entity/LivingBase(115): pocketmine\entity\Entity->onUpdate(integer 3780)
#4 pmsrc/src/world/World(881): leinne\pureentities\entity\LivingBase->onUpdate(integer 3780)
#5 pmsrc/src/world/World(807): pocketmine\world\World->actuallyDoTick(integer 3780)
#6 pmsrc/src/world/WorldManager(362): pocketmine\world\World->doTick(integer 3780)
#7 pmsrc/src/Server(1775): pocketmine\world\WorldManager->tick(integer 3780)
#8 pmsrc/src/Server(1657): pocketmine\Server->tick()
#9 pmsrc/src/Server(1046): pocketmine\Server->tickProcessor()
#10 pmsrc/src/PocketMine(304): pocketmine\Server->__construct(object BaseClassLoader#2, object pocketmine\utils\MainLogger#3, string[36] C:\Users\tranthien\Desktop\FoxCraft\, string[44] C:\Users\tranthien\Desktop\FoxCraft\plugins\)
#11 pmsrc/src/PocketMine(327): pocketmine\server()
#12 pmsrc(11): require(string[80] phar://C:/Users/tranthien/Desktop/FoxCraft/PocketMine-MP.phar/src/PocketMine.php)

PocketMine-MP version: 4.2.0 [Protocol 486]
Git commit: 44818e6d1456dcf1f0fd3cd27da1dfecbe03c08b
uname -a: Windows NT tranthien4-8sin 10.0 build 17763 (Windows Server 2016) AMD64
PHP Version: 8.0.13
Zend version: 4.0.13
OS: WINNT, win
Composer libraries: 
- adhocore/json-comment 1.1.2@fc2f76979f0a44a5f5bc2a2b600d0762fe0e78e7
- brick/math 0.9.3@ca57d18f028f84f777b2168cd1911b0dee2343ae
- daverandom/callback-validator unknown@unknown
- fgrosse/phpasn1 v2.4.0@eef488991d53e58e60c9554b09b1201ca5ba9296
- netresearch/jsonmapper v4.0.0@8bbc021a8edb2e4a7ea2f8ad4fa9ec9dce2fcb8d
- pocketmine/bedrock-data 1.6.0+bedrock-1.18.10@e98c511584a7bd58a95986374d2df4b04c6a2ba0
- pocketmine/bedrock-protocol 8.0.0+bedrock-1.18.10@017e57c8f8a74118bcbba7332e7ebac9e6c81693
- pocketmine/binaryutils 0.2.4@5ac7eea91afbad8dc498f5ce34ce6297d5e6ea9a
- pocketmine/callback-validator 1.0.3@64787469766bcaa7e5885242e85c23c25e8c55a2
- pocketmine/classloader 0.2.0@49ea303993efdfb39cd302e2156d50aa78209e78
- pocketmine/color 0.2.0@09be6ea6d76f2e33d6813c39d29c22c46c17e1d2
- pocketmine/errorhandler 0.6.0@dae214a04348b911e8219ebf125ff1c5589cc878
- pocketmine/locale-data 2.4.3@4d0b081f1a79407e087968ea76aaf330db6ea2b5
- pocketmine/log 0.4.0@e6c912c0f9055c81d23108ec2d179b96f404c043
- pocketmine/log-pthreads 0.4.0@61f709e8cf36bcc24e4efe02acded680a1ce23cd
- pocketmine/math 0.4.2@aacc3759a508a69dfa5bc4dfa770ab733c5c94bf
- pocketmine/nbt 0.3.2@3e0d9ef6b6c5fb45e3745a121296e75631b3eefe
- pocketmine/pocketmine-mp 4.2.0@44818e6d1456dcf1f0fd3cd27da1dfecbe03c08b
- pocketmine/raklib 0.14.3@4798576fec0364266dce23b368a7fec5e5de7927
- pocketmine/raklib-ipc 0.1.1@922a6444b0c6c7daaa5aa5a832107e1ec4738aed
- pocketmine/snooze 0.3.1@0ac8fc2a781c419a1f64ebca4d5835028f59e29b
- ramsey/collection 1.2.2@cccc74ee5e328031b15640b51056ee8d3bb66c0a
- ramsey/uuid 4.2.3@fc9bb7fb5388691fd7373cd44dcb4d63bbcf24df
- rhumsaa/uuid unknown@unknown
- symfony/polyfill-ctype v1.24.0@30885182c981ab175d4d034db0f6f469898070ab
- symfony/polyfill-php80 v1.24.0@57b712b08eddb97c762a8caa32c84e037892d2e9
- symfony/polyfill-php81 v1.24.0@5de4ba2d41b15f9bd0e19b2ab9674135813ec98f
- webmozart/assert 1.10.0@6964c76c7804814a842473e0c8fd15bab0f18e25
- webmozart/path-util 2.3.0@d939f7edc24c9a1bb9c0dee5cb05d8e859490725

Loaded plugins:
Alerts 1.0.0 by hachkingtohach1 for API(s) 4.0.0
AlwaysSpawn 2.2.5 by Philip Shilling for API(s) 4.0.0
AuctionHouse 2.0.0-BETA1 by Shock95x for API(s) 4.0.0
BlockGenerator 0.1.0_beta by BlockHorizons, Chris-Prime for API(s) 4.0.0, 3.0.0
BuilderTools 1.3.0-beta2 by CzechPMDevs, VixikHD for API(s) 4.0.0
CraftingTable 1.0.0 by hachkingtohach1 for API(s) 4.0.0
CropGrowth 2.0.1 by NhanAZ, kaidoMC, YTBJero for API(s) 4.0.0
CustomItemLoader 2.3.1 by alvin0319 for API(s) 4.0.0
DevTools 1.15.0 by PocketMine Team for API(s) 4.0.0
Dungeon 1.0.0 by hachkingtohach1 for API(s) 4.0.0
EconomyAPI 5.7.3-PM4 by onebone for API(s) 4.0.0
FCCore 1.0.1 by hachkingtohach1 for API(s) 4.0.0
FormAPI 1.4.0 by jojoe77777/DragonfireHD98 for API(s) 4.0.0
Gems 5.7.3-PM4 by onebone for API(s) 4.0.0
HealthTag 2.1.2 by Shelly7w7 for API(s) 4.0.0
InvCrashFix 0.0.1 by Muqsit for API(s) 4.0.0
InvSee 2.0.1 by BlockHorizons for API(s) 4.0.0
KeepInventory 1.0.0 by NhanAZ, KhoaGamingVN for API(s) 4.0.0
LaunchableTNT 1.0.1 by Vecnavium for API(s) 4.0.0
MaxEnchants 1.2.4 by Xenophilicy for API(s) 4.0.0
MultiWorld 1.7.0-beta3 by CzechPMDevs, VixikCZ, fuyutsuki, kaliiks for API(s) 4.0.0
MyItem 1.5.5 by hachkingtohach1 for API(s) 4.0.0
NPC 1.0.0 by hachkingtohach1 for API(s) 4.0.0
Napthe 0.0.2 by hachkingtohach1,tungstenvn for API(s) 4.0.0
Parties 2.0.1 by Didah (@Diduhless) for API(s) 4.0.0
PlayerStats 3.1.9_BETA by hachkingtohach1 for API(s) 4.0.0
PureChat 2.0.0 by Vecnavium, 64FF00 for API(s) 4.0.0
PureEntities 2.0.0 by LeinneSW for API(s) 4.0.0
PurePerms 1.4.5 by Vecnavium , 64FF00 & ProjectInfinity for API(s) 4.0.0
RedstoneCircuit 3.0.0 by tedo0627 for API(s) 4.0.0
ScoreBoard 1.0 by hachkingtohach1 for API(s) 4.0.0
ShopGUI 1.0.0 by hachkingtohach1 for API(s) 4.0.0
SimpleHome 1.1.0 by CzechPMDevs, VixikCZ for API(s) 4.0.0
Spyglass 1.0.1 by ItsRealNise for API(s) 4.0.0
VanillaHopper 2.0.1 by ColinHDev for API(s) 4.0.0
VanillaX 3.0.0 by CLADevs for API(s) 4.0.0
WorldProtect 2.3.11 by aliuly for API(s) 4.0.0
_NewAlias 1.4.0 by Javier Leon9966 for API(s) 4.0.0
libEasyUI 1.0.2 by GiantQuartz for API(s) 4.0.0

----------------------REPORT THE DATA BELOW THIS LINE-----------------------

===BEGIN CRASH DUMP===
eNrtXAtz20aS/itzcuoi1/KB94NbTlmW5Fi7fmgtOfZlmXINgAGBCAQQPCTRu/nv190zAAFKthVb
e8lVxZWIxGDQ8/W7ewDwX3txUa158/5SVHVa5HsLa7LXpGuxt9Ady7J9z3KNmeW5tmlP9tpSnfL1
mePavuv6lm0arutM9jJeN8dVVVR7i3/tNZsSpu2dw4ccm+ytRV3zFY6WRXghmnWai+USlk6Wyx9E
2BSVuVjwKNp/uGAH1apdi7xhD3S2/831Q7Zu64YFghUxQ9IszZt/x1nBmwn7KDW2Si9FPmEhzzIR
wSXscLFcvqmB0eWyqXjeJKnIl8sjUV80RblcPi2uDyseN8tlmbWrNIdpp20ljvMmbVIBR3UVLpeZ
SHNcq4RToj9F3zbLZdTmK1HgpU+Kun6aFUX1KhezMilZkbMMUDJPA2nEbZY9TTMSR8KrxXx+uJgT
tnkPba6QzTtg81Pi9QVQmb44neGFc2AxKqr5VgpzFMIcoM6VHHBxXFGttsZTn78KrkC0ewvULUAK
4es/9x5oTMlmPhQNXSgFMx/KZS7FMu+kMh8KZd/TQNUfVd/0OzSGIvgZDj8+64Fu27ZuPQS4YCtf
go2n8yueXczfwh+6ZnNe8bTZd2xA9yXKnn4H1ilAYs05r1ai2SdwBpOSx//VynK1ffCiL15Jnn/C
a3Gehhf7uPBKVMygJc0vksfz9DLNV0hyX9ftHQ11eCT06XdF/qaMeCP6lU0XtIqLWwN+r4oqi+Zv
8e++5+mf5XYL4VMr2B9bQXN3UNPZ5ZJOg1mFTQshYXNUjGTW03Vup/uC5xC+qn3TMT5JPvoIWXdA
9kxUEG/3dde1P0FLrTj9rrmVoHcLQcfe5V2eUTToOv+W6zTL+cR1p1URQvQuKklA1wYUtiFp39Ss
jxB5/z4E422qNmw6j0btHkLOqJ8XPBLVA2PCbvH1tkkzMIwXPM2fFytg/4E5YUAIzOOfpvPT3SN6
f5Vl/fQFeUDyrX+Eb2NX6LUUq7xKeT54E8yqxC9tWol9hcbTfmJfF//HWDDWP9z76dfJnvgzFd81
FX9xYgQxS3jv0/yyyC4FCgpIpXkEOg6bve48jA3hw3hYRAK147hwDo4dDz6XTdkGWRqyuM3DBqox
BumDgP/P/kO2QFH/C+f6NBcEJ5q2yhmGhocsxnn734Ak6+l3m4d/hYmuRhN/xa+6XMc1PrnOj8N1
XPOz63yQ61jbdWy1jnPrOmhUZCz/Blrsm+sJGxxtRkcfEImSOaFxx2hycdWd7tBcs78QzU4IeLjp
Dz/goQLsbQH7ErCnfQywXGS/M+VvLneAefoYmFoOWf3mEkABAPjYyA+5vmf063umWt+6df26DbD4
ar5Uap79UXBTJDTF66dKLJ6jYP36Z8n3Z8n3Z8n3Z8n3Z8n3/6Xk60qNGquKg0xUDX3LOe7XdAOT
vX6bZ0+faTMsf3jbJEVVY6hPeJhcAMamwG86EuVlimcsmgzHIucBlHB7C9CsmOxFooSCCS+Gc3UR
N0fDgTWn0meH7HIp0XSfWFCBQWCN9Ors/O2r18+PYOhKBHXaIPakacoapHXFmzCpk7SZXQkRZJtZ
WKznmKoOsiu+qc9KfpWPWN6ODvk2ZsbMHvN9mqRZWrIz+IDSbnVffJdEtlZUl0tOiGpEBAGPfGDL
+9n5wevzN6cjzom5lgqBZ0VbiyF3w+Exe4B4+uT4/EAfM3mWgMn49vXXcbd3DG5drDcHpyd7W05r
RRt4lLgSxAUKHqP8pJqR2ScZ0Ple5JBKG9m9KHZ3TgwZ1mZgye8D0fAxv3TJs6JKP0AcglOHSQWV
z2mFG5i7IpjsmV+j6NFSkK9HYG+q+hP8t2kGU8+LIht672h47MOAe4q8G2PmDz+IMDl9cSQu8YIf
0uv04tnRfdl1iMTLdQTEl8tAYmsQG7A+Rnonv16lTdIG5M0D2PMRKZANhUPwo3MEPBDOePwPEuFG
oHYO7yIXEAuIN83CajOrN42oZ7lo5hGvk6DgVTSXAinK76viqklG0ugHd6PCTjx4mfD84EcYu+Bp
VLw4hG//c/7kb6Iq7ksqcgXkvsMk0/oXGIYCi1y3dVOsTxqxVm414H331FgC5q4EeAY1p2bq/n0x
3BMEnnew3By5SzwAR9iNBf3Q2NJ1e9fUtxUCOxd8fV88dutj8XS54+e35bBblLlFNu9pILOy4Rny
qkb+IE6t4PRf7suRByl1y/tgcMi+PXNn5vT0hTUWQZGLAP6/L9YVOWjPJAqgCQ3gENFnTffp4WFR
DeO0GtjVpf776FKi6T7vS5NPi2o9VmM3Mmbb2jXhn4ufC+Hiv/lRxVdFHkPH8OzI9+5LANsFsNkh
TP2Xu6jze7EeRiE6/B3tEteXf+8C/pngWZOc89WAg+3YOEvoM2O3bhZZtnGv3Ptiou4ILpc9iLsl
RuTlJL+EaqJOnqbXA26Go+Pi+IaHvWh/AXL3xcyaqC2XaX4ZIoA4vf4tBS/gPhNizAgOfKZ2Gdf2
98TKThUvkfwWZv4uRAlXiRyq/s2Ap/H4Z5JZX5b9PSn493wNQeuHl/ddkY0Q3UNR9py3eZggnvOX
5wPOx+OfCf0/iDDnl2l7b6VKTxCUOASyc3gX1b7g18d4RT7aVRmOjpkzZjuB8J3IC9oPCDf3xd6A
JKqwhzI6uBNzbdaktP045G07OGbNVR2n+dmO8/BHetBl0zZ1e5FSp5Gl6UX9H+lD14hXbaWOsH9N
DzoghHLaYPU+lJEcGMvH3t1d+r8qaSSa7vO+SpqXp4cDjvHoD1KNA5TfFrk+un/4kpdNMkxCamA3
kRqfZHTSQFdQNyK/zP9zPBOw7vMuvn3KK7rjvGWuG/lMij1KI56w/cfw2SaZqOuH98VV1FFcLkuJ
Zbncgvqt7trjI24zvhHVWcNHYXo4OuTahGLPf49bpb+PBQ9wjQ6+2qDx3t9hwpuhDLqhG3vFH0vC
kz3HevpU034T+7TOqajWFOR3to6fctoNrk+rAqi/g8hTtPXp8bQbH2wov5dry6c+EPf2252sfviw
xVgIg2cwPimI53S78uztfWn/9tufO4h+2z5KB3F0r7djXyphzLsc221F7Y9YAJswqQX23wxUhjfq
TqAvzdPm3kqYkZoJ3eDrXRT9WkR1Ax3hYVqFbTo0+N0zY8e/oe5GRIXmGPfW5HX0lstKAQklkOXy
JrLPsnkWFpV4gjl5wOFgcCcl/z7hbItn+P2rg9lZUpTfvxnuqXQjf5BCRMHpv9xX5XWWrstMPCvW
w9JkMLizAbzL/u0F+X+i9K4JUwKYQAZDfF9Tep+teZadqodZBlRRMOVmhY8RDMXSDX2mxzxp6teC
Zy/T+t72pAYkgX2F4+77OT/wPM0y/qwoy9HNjPH4Z4q1wyJL82cgt/tiqie4XI6A7Bx+iY57qFvm
393k+93nAvbh8wMy7ftiWJLr+Xu3/XYXLVKPCEmywac+t8yMhm/cjbpxOypts8393YtCaurpolJC
2LXKO9YZL9q0ilORRYPHYqfdc2YNlDPzNYfGp5qP2AWpvH8prg6ylA89dTv2mS3xv0ERIir2XBS5
7zvOfclFku2o4jMogEV9fIE5j8nNJZlf8RHh4JjXm1He2o7tRqmdzvL7lOfNP1roiT7cF9ty4eWy
B/AZk8ZHm3kFuEGvO7cTu+eQCMo1NLw1Fe/Ap7zjs+dhgMLtoSDEBzeHIyHPABpcOxwr1u+jooEE
OBpVz61vB9oqGx7jE4LD4zjNGjEivFqXw8MEsuvwOA2L/HI48HNNCumP14F8ZGs0VlRN/9gJqq1u
ODIUDSeV4VgOr0WcCepxhqM1SbQeD0XYeg1Gzk6fj5bf1L9kOS6mvrH+VFNciDz9MBbB9bXiGuFi
vNnwdaYegsLDD2kpqwef2oAPYKLDy+Hwej2WeoHwDE0zdd3wYeD06NWI9ah4T9B2B2EoHSusACut
69FEmeffvRjxvIMADish7/yPBq+qdEf/ZZPgTJRw95jPabJje0mbX9AThwYJST4jkK6CNOe4hw+Z
x5g5KAlxCQEwUJOQFJRuZVOoAUMKKwJFS7PUVEG2jZjvt2sNzuPLB2keFyO7jW6oPB1ZCYnSHA5V
AtwD/XDVSlvs6P8I7sZenYZQqg6Ej96dlGpdXJEeVsqG7eLQ3dGVeS2274iCPA0iT0//7C0MzTZB
bPV7KAj3FjHPaohLmHSKsACqlufAGtie7VmWp3vCiXTLdqIw1mMtjswwMtyI61EswkBoZqh5AdBu
uySa5lFxVbOX56x/TtKaenWaMx20yggD013XMdl+N1k+hsoMTXcesoMXRw7ux+OLkAOhfRDkSVZv
L0n5vkDlvD15SbcF6OCKMiYEqbKoRfUetFzxSu0r8CgpsNOZY+iYwhz1AgiW48bjODRi1/FdP9a4
ZXE7toPQ4EbgaFqkuY4RC024nnBRjlUaXsxVtNRm/sx8HHLbjXQv1gwv9qzYdd3A0B0vjHRf1wMt
EsIwLZMLCoXAK4QhyEf4hk3Aw4vpJRQAkXyKDiR5kRdX+WP1iWa3qoq6FnNgmdc5vsBwaWAKfixE
bHme7+uRbQobNKWFvm1bgeYHOggTQAXcN3x0CQjYlagFr8KE+F9zWcLuXZK3PfaCINQMnXsiCgxh
cVdwI/Z4ZMXcF6EfhcKIw8CLRl4yD0RUwdEUsHOSpDPT/tINgly9mQ4ofS+0dd32gGoQ2R73bd9z
TNeKjCgGsFbogJy5djvprWGSLdwkr+musN0Q5M5dS9e9IAwC7pqmIVwBwvWFE3q645s75ClmbB0c
BPrY5qErBPd1Hgc88qLQ8r3YDoVphcIxfDeyhQOn+ZjSrUrEOsF87Fiu51pgVI4ThBxkanuebViG
8OzQMEPDFiAZmx4HHBLEniRTz0sRNO2x5QtuaqbvmyKO4sD0w8jUDGHo4Ji2BqQ9Q/PBPncoFVmx
pQFWgfidyHViQ5hm5Hi6GZp+ZPihYYSWE4Ik9WgHDb2aloC9ZgoOqPhxxGFpi2uWaXkBWLjwDN0X
QawbdhzrwJPnh6G3CycrsKLojAVN2HxsRVqgeXqsc9e3NFdonus7nuCuw3lsmloUAGQjsHcprQgL
OYET+roRarGv2TaoOjJMXfNEaES66we+E1tgYYD0BoXpIOVIUo4euyBGL4xNUFhoWMIS4PcGDyMB
0tK4Dm4AAXBMqg8EEGcfcx6Gpmv73NY87vhRDD4YWvDhuhoPwCxDO/StIB6TyIOmy02PTaFFvoid
wAntOLBsAZ5ic92ADO4I13ZMPTDB8cWYwqDYp0LKkmZz9wA+oFXxC1laQKglHbm+Z4PRiFAzHctw
HIwGZmA64HEwaAs7Eq5vuLdRmaZl2FU0j33D4I5lgc+HTggYOLfxP880dFC9LkLLNT0uduRb50Xx
QXQZ/7HGwdchNLueHlq6z/XYsQS4lwWhxbQxANu+MHzkCUriWmzQDbYVHd7uNR6H8M+1hADpGh6U
RwE4kqUFtq7ZjhBeZAaB44Qa3xJp2zRScjUhWfhB4MaBbXqe4+tx5JouyNWyojCwIgeuDmMDtI6X
J+265ry7/mZ0rzfruMg3oMFsAwVGNu2K6UuAilZpahA1dM8IfU/nge7aETiNaUWBFoNxO77nexoa
1220IGXQu3IdLdsNXN0AjxNRFPhuCImNexCaTCP0LDAG1/ONyBD+x2jpQ1qRsAJuRBZKL/aDSBO6
HxgcfA4CsWlDdIHM4cWyWVkXH6BFmkNoE5XKuph3HN+xAEXoehrYqsU9ywAjEBroONIhfQGTYMGG
PSJSgsdNMXar5hwCkm/6sSsi8NkQTCII/BCTrh0Gmh15EG99y9dcIEO9Um9bsw2Vqw8YttosxCe5
Vm3F6WU+LPZYXFRsVF0t8wfsPIFMymrR4FPCNeOVYE0iWJGLGr7whoU8zwt67zbNw6yN5Fu08qWT
GSQ0yLx0RwFonRVr+XbuTZo1j8WEFXCmqpEkCyBaXbBN0VaKFktjtoYuBPp9XAGKG3yRNdsgYejc
e3JzKHV5mzU1uyrybxuGuZ9XDJrYAoJXihlsgwjxdUPJ91UictaWq4pHQGC2zJd5R2yxzBl78DYR
CIw1BawCVSuQUG/w1FT41VhaR/I0QZXBn4E8M9GQvHBPNRRM5hYcWSNlkHgophnH4nglFozqUzxR
J20D1WI+VS9EL9hyTxWOy1bTdR3+asJkF8my1UUUp/0wHPn5imX4jevpfy33iIWDLCuuWJbWyFb3
Kh67TDn7RyuqDc75Bb90uycLhi08XXpMTb26hgEDDAtLBqoF6SG1YMOUzHG+3AOY9qcHXD14C64F
pgMK4FHEoEaTekL546tdbC143Vb0sjID7QQCQYMUxS8tz1C+9LY2g+KjFWxfLQql9EOkLlcU00qU
0ApPQT/4jtYCTtPaL9t1AOID8zuoN3l4zusLsJDqAgxuRhPe1KBD9IGOU5yWVEVetKBmmF5PGO1Z
MdmUoONMGJbfwEhNr+SCbMBxcWzd5mBqOEUSPyM7AJ7AHKviOgVTFCAGYIlMPO/BoWwVoJMYjRrn
oPFOWNp8C+JrKrosEriXRba1czHbBx5acDCDxEJsTBWnCyK1a9ScjKNq8xzVGWFDWZSkBOpg6hk7
EpfqO1unqwS8Hh+pmwy9VBkOSqSq2rKRo1JgKJg1YFN8kXLBe6kriaTn8MsijQD27QjQRtDmoDVI
wbpmA0ODyVM5qbe0Zb4WsNxGeu/3WRGA9eD+E5Pj4AfrtMEgsBYrHtBdDnYmRa2RcNOaXo/Ay89R
a1cpSZ4sCrz7aioJdUZWE4f4ZCx8YQIfX0MycSVEt6Q0ctBWi/7MVgUoqkB/RqvAhVYEc0rQFkxD
LmB1itWydPvDc4Abep/Cn/Aq+jr8dVOUBEHF2R6SIlczCB8lpt2oB4Srdqh0zbAUMAoCb8krFL76
23tASH5BkDBisLCFLJVDlmLiWoQtBd9CQpYeiVmtny2uQyGiesuRDFyvzo8X7PzZyRl7fvLi5Jwd
nJ4+Pzk+Y6fHr9nbV6//fvx6wmASO38Fs47Z22evnh+z09evDo/Pzma7IWAkD8N2lDhORZUWlLkx
ENfIYJgICskkjT7Y6iB7qB0iii00ZQqhUMgwS6QOixz4hAAN1oT8fszYpJFdJZiC8WcvIATJaURZ
EoHQuw3kMiPRGq8wh2BBQBfMbs5GW1C70aC2UoRYN0jJIlypV3ltzwOYlyjrLaumpnitH94OSXFu
Ks5XvArAM6bbEpwC0O3SJVdDOOoqpq6C2L3mOb0TPkICFVwLNvhw0uWEXSPszFCm1xh6lUbyu966
4Iy9kjFfGjyUGUWbRT2WFJLIVc62+GtJuCT4wKijaYpXWO0pBYsbSZJMR1LoeYurYt0lW3m1mjEd
muZQw8iN0uQN22C3mNTIOs66yhJVVhX0kmtnyFG7LmUZJms9pk5M8USnryOcpC4g7ASz4wCOIM2D
s/NbBAxJGxIfrHAJRlbXrcDA0CSgtVVXlmLQwtW2qCadImWNoKrPmUSDUz8qpzW/ntL2bd1hP+Ql
jqbrdg05FtJrhcQbnkP5CYqEPI2Pc0kUW7mivyhRksfctDGoykuFiBacYrncQtK1eo0dFfLUrk1j
bYRRT9KXkzsXkrTUxCFnVDlMaXu45+0IoFCtAuUjSg/QyQJDUik5Ni9MXiM53HIHlyl5Sn66lXHy
ttpFAWbYLyi6nyb1KTtc5rloUGELlSKgNEuKTJaYAT5TQpU4QYaqCUxIJRmKbbJFUmdlaglEX2zK
9PZgqKXuFIbVatMg8Qmb6gMFkvJo4WnTgVEpgKL2to6lWwpYQkaSc2x6qNDHi2FQwZqxZ1ALgi09
ouKOHZ6+mTB84BEm5tFVGoHZU60go2dPf0r0F8zpyu5tRV6TdAZzZ+wggkCV8CyeQ88p24RIgA2r
pWBRhvuHaGADR9ymvQGxYStyfI1RDUtMns0Ygnhzmp92xfa2U8ReAkFd4dNDcGFb5uVUHe90Ny+U
19XpB9HrE8vyTo01JjxVMkHZLs1jkFot35AXPZyxU3VNhj/bghdw1bIqW6AV44qvkAXQCYitLjOq
WLAPxWdU0Nl5hXo6zFKYJRtr/NEHUTfsxfkbQloDS8h20DYMG3lS5XY52VzMulizbtopXrUgtMP+
UOR034l8PWa4gxDiu8U9m9Aox3EazhhlqYRjEcDSNcimQd2BNuj3PiFMTQgLKO2SQCcoCYi6FIgh
RXMK57VUqSwlYG6jbBQ5EXIjQYU61U0dvaIi6ejk7OAJ1EdUT7U52RAG7BYjJd0ylUVCisaofjwr
GvYbWz63vh6JoF0tuqbtO6Zjs6ZK1gTCFZ1nqpev5e4DenNeFzJ5K4/QkZhELakdJkVR0w5F16uJ
rhunKI7by6zml122gK/4AASeo63nQRsPwOiuvCza1ObNz0Wayw0BktS37F1QXKPnV+zkiO2/e3Ny
9BD0Dm4PGGD+FagNFYPPx4JzYA9XRUo+svwAbyi2usvB2989ed7RV/3dYORbWgzvp1HhQOpVpQjx
VnRbSSqNXgO+KT6Q8KiIY1oWzqXxZnrdptFWISTP6XgX55y2YaSryZ+WlTKgSK/8qq3VdlAIQaSR
YVZdM5XXLJi64YrLyBSiwqNaBXMgz1d9j5LjZdluKp50sy5TcTXtE/RtO2dSuAfrosXoEctcp4IJ
iKwTLeZ2jI60FQLqx++UnOHi15SqBxcT47mQrXcgJLFAxOj79DMg5EpJZ2dkWjg8TvqSfVyoZx9i
IOO7UEv5kz2wmoB8ehtK7XaYvAJKEeOduQPY7mL87NGYOzs8Ab4wh35Wp5HMGcgPB52CwdVtMJTC
CpMozBCRTJ100Kc22mpSxsHDUGSCOgVp3rRqll7AEtgnUyTKOLC+ot8UkHEMluAskdQGQQ68v25k
SiawU5RGB226FY1k7eSoHvCFYRo1L6kxeYO1Z1NtOXVlDl0zUhLQmzKDPQCY+EBgr8jttlavy9lN
ZargdcVT6mYhmUCrJ62oLMo269xGHWC+pzkqbZgGLkhtEHJJK2HGxcgFJYFqMHBEbeQtVKmD+47U
XMthWSkoy8IfsekjdLQNeuiZU/xBw52hPjCMh9WTB4OcDvFgKp+t6mcmoLeFhDIr1+tylhaEGELd
Zo3NIbhyg/usYb2FjmlKnWfb88QChTm+WlVipbYU1f6j3GbBX7u72OWP8EGseXX0Cn/FaaqSgqwP
MHxdCdmBcPoxQlyxJuBbBmhsNrg7AHm6l3xLv3ImlXNDqKBQeV4ZE1RC+IQB5bJBvjnETXwx3Mub
QHIoEw5uITCyV4ihq0shY8Sigt5jinExx2Qoz3a5S2YOPtobVE99DJJtCzU41DYUW7sQpgiSluX5
bo0bWpV8DdXapOttBlHZGInifLR6TBioRQzjuCBteqqLug3u2XYBdWa4Qie5T+d7lUykJqUHDPaS
FA0g3yh5drtGiRqUIa7qOwkVHXATHpq1iMqgNO4J4c30tpK3ZjDadFspMvICPRWdunzL8elC1adB
ac3xYSl1hAUQYFS6WnRKk+fARnFPb8H+SZULFK0T2uT7CYnKxNwn7+EtI2IDK+mKAjxuo3S/akT7
I7flUYrP1D7W1DFQ+42vUZaZUEXAEL5cl8blV6CIbmBpMqduV1ywp88PzuUgthoCd9b+qh7dmNj+
Nb1UMTGvo7RqJhR0/6oqPXmvZbhpIZ0YEx2IVu0p8lZZXQbKCjdM/nhdW3Vxt+vUqv4uDQUVoAPp
KKTbZXUnp2l3hwdMQJb1D55SNKGlaP6ICNXFauT9YGRK9eWg8Ctk7S+uIbbVqskNL7BNqqmhg+AW
pNCgbGQhR/OQX4ACLZjMFNJVJJdEHyqjqg/HeJ92V6l4Q/N0q+JDuqtJt/WWULU8eFql7EiEzLCY
YSxMe2Fr7O3JE2Zoho4TultvjwREWDheF030SL6rW+FdQPrFQHS2R7qvQ+oaD146NGzisOoO0hIG
wbph5CpJGzHFW25qAPsnVa09sjUcWXHcPYjEIzqSdwP7MShwcRT3a/G+TndcXpaKXpRiQwUWvHlE
yHqD7PPbI+KRamEssbecdfWxiAZT8Fb8o6Pjpwdvnp8PWKL7gmpJyg7oqup4VL0+8nBoUKHTlL1f
/xfEVr+X
===END CRASH DUMP===
