PocketMine-MP Crash Dump Fri Feb 18 05:58:11 WIB 2022

Error: Class "hachkingtohach1\FishingRod\task\PlayerStats" not found
File: plugins/FishingRod/src/hachkingtohach1/FishingRod/task/CatchTime
Line: 79
Type: Error

THIS CRASH WAS CAUSED BY A PLUGIN
BAD PLUGIN: FishingRod

Code:
[70] 					}
[71] 					if(isset($this->timePlayer[$player->getName()])){
[72] 						unset($this->timePlayer[$player->getName()]);
[73] 					}
[74]                     if(isset($this->plugin->pullOut[$player->getName()])){
[75] 						if(isset($this->check[$player->getName()])){
[76] 						    $check = (int)$this->check[$player->getName()];
[77] 						    if($check <= 12){
[78] 							    $this->plugin->reward($player);
[79] 								PlayerStats::getInstance()->checkLevel($player, rand(1, 20));
[80] 							}
[81] 						}
[82] 						unset($this->plugin->pullOut[$player->getName()]);
[83] 					}	
[84]                     if(isset($this->check[$player->getName()])){
[85] 						unset($this->check[$player->getName()]);
[86] 					}					
[87] 				}
[88] 			}
[89] 		}			

Backtrace:
#0 pmsrc/src/scheduler/TaskHandler(117): hachkingtohach1\FishingRod\task\CatchTime->onRun()
#1 pmsrc/src/scheduler/TaskScheduler(141): pocketmine\scheduler\TaskHandler->run()
#2 pmsrc/src/plugin/PluginManager(466): pocketmine\scheduler\TaskScheduler->mainThreadHeartbeat(integer 404961)
#3 pmsrc/src/Server(1768): pocketmine\plugin\PluginManager->tickSchedulers(integer 404961)
#4 pmsrc/src/Server(1657): pocketmine\Server->tick()
#5 pmsrc/src/Server(1046): pocketmine\Server->tickProcessor()
#6 pmsrc/src/PocketMine(304): pocketmine\Server->__construct(object BaseClassLoader#2, object pocketmine\utils\MainLogger#3, string[36] C:\Users\tranthien\Desktop\FoxCraft\, string[44] C:\Users\tranthien\Desktop\FoxCraft\plugins\)
#7 pmsrc/src/PocketMine(327): pocketmine\server()
#8 pmsrc(11): require(string[80] phar://C:/Users/tranthien/Desktop/FoxCraft/PocketMine-MP.phar/src/PocketMine.php)

PocketMine-MP version: 4.2.0 [Protocol 486]
Git commit: 44818e6d1456dcf1f0fd3cd27da1dfecbe03c08b
uname -a: Windows NT tranthien4-8sin 10.0 build 17763 (Windows Server 2016) AMD64
PHP Version: 8.0.13
Zend version: 4.0.13
OS: WINNT, win
Composer libraries: 
- adhocore/json-comment 1.1.2@fc2f76979f0a44a5f5bc2a2b600d0762fe0e78e7
- brick/math 0.9.3@ca57d18f028f84f777b2168cd1911b0dee2343ae
- daverandom/callback-validator unknown@unknown
- fgrosse/phpasn1 v2.4.0@eef488991d53e58e60c9554b09b1201ca5ba9296
- netresearch/jsonmapper v4.0.0@8bbc021a8edb2e4a7ea2f8ad4fa9ec9dce2fcb8d
- pocketmine/bedrock-data 1.6.0+bedrock-1.18.10@e98c511584a7bd58a95986374d2df4b04c6a2ba0
- pocketmine/bedrock-protocol 8.0.0+bedrock-1.18.10@017e57c8f8a74118bcbba7332e7ebac9e6c81693
- pocketmine/binaryutils 0.2.4@5ac7eea91afbad8dc498f5ce34ce6297d5e6ea9a
- pocketmine/callback-validator 1.0.3@64787469766bcaa7e5885242e85c23c25e8c55a2
- pocketmine/classloader 0.2.0@49ea303993efdfb39cd302e2156d50aa78209e78
- pocketmine/color 0.2.0@09be6ea6d76f2e33d6813c39d29c22c46c17e1d2
- pocketmine/errorhandler 0.6.0@dae214a04348b911e8219ebf125ff1c5589cc878
- pocketmine/locale-data 2.4.3@4d0b081f1a79407e087968ea76aaf330db6ea2b5
- pocketmine/log 0.4.0@e6c912c0f9055c81d23108ec2d179b96f404c043
- pocketmine/log-pthreads 0.4.0@61f709e8cf36bcc24e4efe02acded680a1ce23cd
- pocketmine/math 0.4.2@aacc3759a508a69dfa5bc4dfa770ab733c5c94bf
- pocketmine/nbt 0.3.2@3e0d9ef6b6c5fb45e3745a121296e75631b3eefe
- pocketmine/pocketmine-mp 4.2.0@44818e6d1456dcf1f0fd3cd27da1dfecbe03c08b
- pocketmine/raklib 0.14.3@4798576fec0364266dce23b368a7fec5e5de7927
- pocketmine/raklib-ipc 0.1.1@922a6444b0c6c7daaa5aa5a832107e1ec4738aed
- pocketmine/snooze 0.3.1@0ac8fc2a781c419a1f64ebca4d5835028f59e29b
- ramsey/collection 1.2.2@cccc74ee5e328031b15640b51056ee8d3bb66c0a
- ramsey/uuid 4.2.3@fc9bb7fb5388691fd7373cd44dcb4d63bbcf24df
- rhumsaa/uuid unknown@unknown
- symfony/polyfill-ctype v1.24.0@30885182c981ab175d4d034db0f6f469898070ab
- symfony/polyfill-php80 v1.24.0@57b712b08eddb97c762a8caa32c84e037892d2e9
- symfony/polyfill-php81 v1.24.0@5de4ba2d41b15f9bd0e19b2ab9674135813ec98f
- webmozart/assert 1.10.0@6964c76c7804814a842473e0c8fd15bab0f18e25
- webmozart/path-util 2.3.0@d939f7edc24c9a1bb9c0dee5cb05d8e859490725

Loaded plugins:
Alerts 1.0.0 by hachkingtohach1 for API(s) 4.0.0
AlwaysSpawn 2.2.5 by Philip Shilling for API(s) 4.0.0
AuctionHouse 2.0.0-BETA1 by Shock95x for API(s) 4.0.0
BlockGenerator 0.1.0_beta by BlockHorizons, Chris-Prime for API(s) 4.0.0, 3.0.0
BuilderTools 1.3.0-beta2 by CzechPMDevs, VixikHD for API(s) 4.0.0
CraftingTable 1.0.0 by hachkingtohach1 for API(s) 4.0.0
CropGrowth 2.0.1 by NhanAZ, kaidoMC, YTBJero for API(s) 4.0.0
CustomItemLoader 2.3.1 by alvin0319 for API(s) 4.0.0
DevTools 1.15.0 by PocketMine Team for API(s) 4.0.0
Dungeon 1.0.3 by hachkingtohach1 for API(s) 4.0.0
EconomyAPI 5.7.3-PM4 by onebone for API(s) 4.0.0
EconomyJob 2.0.6 by onebone for API(s) 4.0.0
EconomyLand 2.1.3 by onebone for API(s) 4.0.0
EnchantedUI 1.0 by ItsRealNise for API(s) 4.0.0
FCCore 1.10.1 by hachkingtohach1 for API(s) 4.0.0
FishingRod 1.0.1 by hachkingtohach1 for API(s) 4.0.0
FormAPI 1.4.0 by jojoe77777/DragonfireHD98 for API(s) 4.0.0
Gems 5.7.3-PM4 by onebone for API(s) 4.0.0
HealAndFeed 2.1.0 by Kylan1940 for API(s) 4.0.0
HealthTag 2.1.2 by Shelly7w7 for API(s) 4.0.0
InvCrashFix 0.0.1 by Muqsit for API(s) 4.0.0
InvSee 2.0.1 by BlockHorizons for API(s) 4.0.0
KeepInventory 1.0.0 by NhanAZ, KhoaGamingVN for API(s) 4.0.0
LaunchableTNT 1.0.1 by Vecnavium for API(s) 4.0.0
MaxEnchants 1.2.4 by Xenophilicy for API(s) 4.0.0
MultiWorld 1.7.0-beta3 by CzechPMDevs, VixikCZ, fuyutsuki, kaliiks for API(s) 4.0.0
MyItem 1.5.5 by hachkingtohach1 for API(s) 4.0.0
NPC 1.0.0 by hachkingtohach1 for API(s) 4.0.0
Napthe 0.0.2 by hachkingtohach1,tungstenvn for API(s) 4.0.0
Parties 2.0.1 by Didah (@Diduhless) for API(s) 4.0.0
PlayerStats 3.1.9_BETA by hachkingtohach1 for API(s) 4.0.0
PureChat 2.0.0 by Vecnavium, 64FF00 for API(s) 4.0.0
PureEntities 2.0.0 by LeinneSW for API(s) 4.0.0
PurePerms 1.4.5 by Vecnavium , 64FF00 & ProjectInfinity for API(s) 4.0.0
RedstoneCircuit 3.0.0 by tedo0627 for API(s) 4.0.0
Rewards 5.0 by Wertzui123 for API(s) 4.0.0
ScoreBoard 1.0 by hachkingtohach1 for API(s) 4.0.0
ShopGUI 1.0.0 by hachkingtohach1 for API(s) 4.0.0
SimpleHome 1.1.0 by CzechPMDevs, VixikCZ for API(s) 4.0.0
Spyglass 1.0.1 by ItsRealNise for API(s) 4.0.0
VanillaHopper 2.0.1 by ColinHDev for API(s) 4.0.0
VanillaX 3.0.0 by CLADevs for API(s) 4.0.0
WorldProtect 2.3.11 by aliuly for API(s) 4.0.0
_NewAlias 1.4.0 by Javier Leon9966 for API(s) 4.0.0
libEasyUI 1.0.2 by GiantQuartz for API(s) 4.0.0

----------------------REPORT THE DATA BELOW THIS LINE-----------------------

===BEGIN CRASH DUMP===
eNrtPIly20aWv9IrT23kWpHCfWjWKcmSHGsi21xLjr0TplwNoEEiAgEGhyR6Kv++771unJJtOWaO
rZrMJCIeul+/+2g08K+dOC9WvHp/LYoyybOdA2tvp0pWYudAdyxbNz3H16eu6+m2ubdTr+UtQzNs
b+q7jqb5nmW7JkxKeVmdFkVe7Bz8a6farGHYjrze21mJsuQLhBzDsJLNd5Y8XF4l2aLK8Zc+nz9L
yiVcv86j+bzi5dV8Pkv5RhQXFa/K+Q7L8orFeZ1FgC6u0/RZkhK+g/n8TQm0w6yCZ9UyEdl8fiLK
qypfA9b89rjgcTWfr9N6kWTlcKGyCOfzB5ByzKtweQmsT9fLNRIgF1c497sJ+4Bxf4SwfxvR7bfY
AFOaZIDJ9UHoBQ/h5487jzS2XiEe+jdciqhORbF/CVOf8yyC37u67j4+YF9C+OTbPHtdZ7uPYc1H
+kcXuGiudnVLhyXWeXglqhUQCcJq7s3nPVom3xYNWqOHVopmf0Z/XvAMtF/sWo7zaZzt8pNvVzzJ
LpeF4NFzwYsqELzaTbJKAB5maZbv6LSm2VvzQhTXSLnreKNlJDVoUj1yJt9WSdgtWd6H3roHvWO7
I/TyjsQnRWHfM0+znE/MmxV5CF6SFxKB00MwoykvYMquqVkfwfH+fZhnZVXUYbWbBz+LsGJPeSnI
385zHonikbHH1J0+grpKUnCLFyDv83wB/D8y9xggAkP60XR+Yg/2sHaWZX3BrNYviW33I2wbY5GX
Uqg0yZOTwCtgUCF+qZNC7CpaPO0ntl7y4mB///hgnyjabwnaV/TsN+T01py8mE1x4ogUDACPd376
dW9H/EGxbuuhBmiX2N4n2XWeXouVyCpYIgKxhdVOcxcgHTaAhnkkkF1Xgzvzqvnfr3DL1QegJN5N
ylJUu38DKZdo3ishGfzxb2v6O/l2IaqXfCV2H//0+PG/EIUxQDGv6uzhGP6OCMy7ZFkAYvf8MyZQ
Mgx/Ia+8qqtPUGmPqBxjgmASXn1ivjOaj9T8jSaxJwwD0OPPISJe3XvQACkK038/Yboh1/NGA9WK
Q7YLccOLaFctJqXp35k4r3pGenAAFJ1BvOFZCFQpes/FtUgbPHsM3Cza1feYoT0mpJ52BymqydNH
YAJ+0h4eojBacWQUczRv76Fm8RllevanSPz4ZCLMGRPW/A9v9tVLwujUSJeNctS0nV//XT38u3r4
d/Xw/6Z6aFJsifn0CKynol8Zx96qAezttC3Zjj7VphpAeF0t86JEPx+5LyLl6wTvWDQYrkXGg1RE
OwegV7G3E4m1yCKcDPfKPK5O+gD0GFjpTlSQ1DR/sYwAc4CBs1cXl29fvT4/AdCNCMqkQtqXVbUu
QVo3GDkgnFTTGyGCdDMN89U+xqmj9IZvyos1v8kGLHfQPt/G1JjaQ75nyyRN1uwC/kBBs9gW32tC
Wyqs8zknikqkaD6XHtDxfnF59PryzWzAOTEH7gOEP8/rUvS564OH7AHFk6enl0f6kMmLJZiMb99+
HXc7p+DU+WpzNDvb6TgtFW7gUdK1RLpAwUMqP6lmZPZpCni+E5koeCULYcXu6EafYW0Klvw+EBUf
8ktTnudF8gGiENw6XhaQQ2cFFq5jEeztmF+j6MFS8/mQ2Luq/gT/dZLC0Ms8T/veOwAPfRjoniDv
xpD54w8iXM5enIhrnPBDcptcPT/Zll2HiHy9igD5fB5I2iqkDVgfUvogv14k1bIOyJt7ZO8PUIFs
KByCH10iwT3hDOF/kQg3IGp0+RC5gFhAvEkaFptpualEOc1EtR/xchnkUFfvS4Hk6++K/KZaDqTR
AsdRYRQPXi55dvRPgF3xJMpfHMOv/718+g9R5NuSilwBuW9okkn9NxiGIha5rssqX51VYqXcqsf7
+NZQAuZYAjy9TjLN1P1tMdwiBJ5HtNyFPCQegCOMY0ELGlq6bo9NvasQ2KXgq23x2KyPpdP1yM/v
y2H3KLOjbL/FgczW2ULk/RTeQMZObf45Tq3IaX9sy5F7KbXjvQfss29P3ak5mb2whiLIMxHAv9ti
XaGbz4WkAnDO5wOKPmu6avQ/8uAuUwgcRyfn6xka1SYPZe7nPGiZk5Q9lLlzaDjvckfQIXv62GT/
QPZSIKflT9H2eQazECJuJaI3A5vsQUc+OWTvrCpfC56+TMqtmWQPJXDTEfKwlII8PTs+zot+5aAA
o0B6J1H+UeFFktP83VZw6e239jjvb8IOY+ufxXxvo2hA3XaEkBerYXhtIEP2rbEh/5z/nAsX/9k/
Kfgiz2Lo5J+f+N62BNEtgFsQRFP74yFG/Z1Y9asDuvwT8wWuL//7EOKfg0MfZdEzIfrG2YeOw+hI
Pd9jdNN9S9sWIy3C+bxHxsNjDE6qlpd8MeJHwsbcGOMOXaTpxr1xt8VN2SCU3BARD+flLLuGvqVc
Pktue9z0ocM2/E7seFH/Aui2xcyKsM3nSXYdIgFxcvslrTXQfSHEkBEEfKZLGu4ibImV0X6BpORL
mPleiDXMElmVF5seT0P4Z3rhtgH8fpnz7/gKQu4PL7fd+w0o2kL7d85rzP1Az+XLyx7nQ/hnktoP
Isz4dVJvrSlqEYIS+4SMLh+i2hf8VlU3/bjehw6ZM6aj0P5OZDntPIabbbHXQ4kqbEkZXDyIuTqt
krd5kfbjfQ84ZM1Ve1vmZ/e2jv9JJ3g2dVXWVwntaaRJclX+LjteK6T3BukF/vu0f81uVw8RymmD
+wR9GUnAUD72eB/7jyrWJDXN320VaS9nxz2O8eovspkHpHxZ5Prok4qXfF0t+0lIAcaJ1Pgko3tV
nS3KSmTX2e/HMxHW/H2Ib894USWiH7QayGdS7EkS8SXbPYS/9TIVZfl4W1xFDcb5fC1pmc87or7U
XVv6iNvu3EKf4x60z7UJxZ7/Hh/K/DkW3D8KNB8S+XUGPasLcbzkVV8GDejOU6mPJeG9Hcd69kz7
siKe1pmJYlXe3QzZecbpuVM5K3LA/g4iT16Xs9NJA+89unov1waxKLq7Xw+yehh7mlXJ2PT74M8I
4lwkWSYu3m5L+ynhA5MHGoSiQTLVo+jLdmwbEvcHWBT7UglD3iVs3FzbH7EAtsekFth/MlAZHgg4
g047S6qtlTADNRN1vZ8PUfRrEZUV9LjHSRHWSd/gx3eGjn9H3ZWIcs0xttbkNfjm80IREkpC5vO7
lD2ATTy3VQ7Yk5DhrsKIqbeiqD7UiW6Y22Krw4h8EAm/uX3ocO0rVBS8LsK8EE+x/uix2wN+covz
jwrdHT39318duC+W+fq7weZuA/mLFF2KnPbHtqrMi2S1TsXzfNUvw3rA0W7wmP37m4/fo80oiaYl
0AQy6NP3NW3GxYqn6Uyd++1hRcGsNws8mtUXSwP6TD/9e2/3N3Q8fO/qB54lacqf5+v14BHxEP6Z
wvQ4T5PsOchtW0y1COfzASGjy9+i45bUjvl3d/l+97nkdHx+RKa9LYYlupa/d92vh2iR+mEoCCo8
Q94xMwDfecZ/5yF/Uqeb7T3hR2zzObX/a0nC2CofWFO9qJMiTkQa7XenCCfNkfwKSrf9FYcmr9gf
sAtSef9S3BylCe97agf7zAONf0DBJQp2LvLM9x1nW3KRaBuseLIPaFF/foM5D9HtSzS/4usGwSkv
N4O81cHGUWrURX+X8Kz6nxr6vw/bYlsuPJ+3BHzGpPE1CV4A3aDX0SGN5nQnkXILzX1JjQrwKZ9a
7ngYoHArLAhXHM/8dJCQp0AazO3D8tX7KK8gAQ6g6sWSDlAXaf864tXgfpyklRggXqzW/cslZNf+
dRLm2XUf8HNJCmmvV4E8CDuA5UXVHuZDteFLABEVZt2gdTiUw2sRp4L6uT60JImWQ1CEbWYPcjE7
Hyy/KX9J8VF+84u1t6r8SmTJh6EIbm8V10guxpsNX6XqaClefkjWsnrwqeX5ACbanw6Xt6uh1HMk
z9A0U9cNHwCzk1cD1qP8PZE2BgIoGSosBysty8FAmeffvRjwPKIALvFk+4jPVXpTJCP9rys6A48S
bg5PzpYj21vW2RWd4jZISPLkVbIIkozj8wrIPAYd+Ejx5Y4oUIMQFZRu6ypXAEMKKwJFS7PUVEHW
Rcz33Vq9+/iCU5LF+cBuozsqTwZWQqI0+6BCgHugHy5qaYsN/n+Cu7FXsxBK1Z7w0buXa7UurkhH
QNN+a9x3d3RlXoruLVmQp0Ho6UwlvhGL78cm5XsoCHcOYp6WEJcw6eRhDlgtz4E1sBXdsSxP94QT
6ZbtRGGsx1ocmWFkuBHXo1iEgdDMUPPwbEvdJNEki/Kbkr28ZO3pc2vilUnGdNAqIxqY7rqOyXab
wfJoPzM03XnMjl6cOPjsAV9f7QntgyBPslp7Wa7f56ict2cv6REIXdxQxoQgtc5LUbwHLRe8UHso
PFrm2OnsY+iYwBj1MhmW48ZhHBqx6/iuH2vcsrgd20FocCNwNC3SXMeIhSZcT7goxyIJr/ZVtNSm
/tQ8DLntRroXa4YXe1bsum5g6I4XRrqv64EWCWGYlskFhULgFcIQ5CMIsGnAw6vJNRQAkTybDJK8
yvKb7FD9RbNbFHlZin1gmZcZvoJ0bWAKPhQitjzP9/XINoUNmtJC37atQPMDHYQJRAXcN3x0CQjY
hSgFL8Il8b/isoTduSZvO/SCINQMnXsiCgxhcVdwI/Z4ZMXcF6EfhcKIw8CLBl6yH4iogKsJ0M5J
ks5U+68GCHL1pjpQ6Xuhreu2B1iDyPa4b/ueY7pWZEQxEGuFDsiZa/ej7gyTbOEuek13he2GIHfu
WrruBWEQcNc0DeEKEK4vnNDTHd8coaeY0Tk4CPTQ5qErBPd1Hgc88qLQ8r3YDoVphcIxfDeyhQO3
+RDTvUqk44SHjuV6rgVG5ThByEGmtufZhmUIzw4NMzRsAZKx6ZB1HyH2JKk6hUqkaYeWL7ipmb5v
ijiKA9MPI1MzhKGDY9oaoPYMzQf7HGHK07zDAVaB9DuR68SGMM3I8XQzNP3I8EPDCC0nBEnq0Yga
end0KV+BIlSg4sOIw9IW1yzT8gKwcOEZui+CWDfsONaBJ88PQ29MTppjRdEYC5qweWhFWqB5eqxz
17c0V2ie6zue4K7DeWyaWhQAyUZgjzEtiBZyAif0dSPUYl+zbVB1ZJi65onQiHTXD3wntsDCgNI7
GCa9lCNROXrsghi9MDZBYaFhCUuA3xs8jARIS+M6uAEEwCGqNhBAnD3kPAxN1/a5rXnc8aMYfDC0
4I/rajwAswzt0LeCeIgiC6omNx2aQot8ETuBE9pxYNkCPMXmugEZ3BGu7Zh6YILjiyGGXrFPhZQl
zebhAbyHq+BXsrSAUEs6cn3PBqMRoWY6luE4GA3MwHTA4wBoCzsSrm+492GZJOuwqWgOfcPgjmWB
z4dOCDRwbuP/PdPQQfW6CC3X9LgYybfM8vyDaDL+ocbB1yE0u54eWrrP9dixBLiXBaHFtDEA274w
fOQJSuJSbNANuooOH20bhyH841pCgHQND8qjABzJ0gJb12xHCC8yg8BxQo13SOo6iZRcTUgWfhC4
cWCbHn50Io5c0wW5WlYUBlbkwOwwNkDrOH1Zr0rOm/l3o3u5WcV5tgENphsoMNJJU0xfA6lolaYG
UUP3jND3dB7orh2B05hWFGgxGLfje76noXHdhwtSBr3K2uCy3cDVDfA4EUWB74aQ2LgHock0Qs8C
Y3A934gM4X8Ml97HFQkr4EZkofRiP4g0ofuBwcHnIBCbNkQXyBxeLJuVVf4BWqR9CG2iqJojkeBy
vmMBFaHraWCrFvcsA4xAaKDjSIf0BUyCBRv2AMkaPG6CsVs15xCQfNOPXRGBz4ZgEkHgh5h07TDQ
7MiDeOtbvuYCGuqVWtuabqhcfcSw1WYhnsNb1AVHU2FY7LE4L9iguppnj9jlEjIpK0WF716UjBeC
VUvB8kyU8INXLOQZvhcfCJZkYVpD8IAfTL7JN4WEBpmXnp4Arot8BTNjRDDGWfJY7LEc7hQlomQB
RKsrtsnrQuFiScxW0IVAv48rQHGDr8WnG0QMnXuLbh9KXV6nVclu8uybimHu5wWDJjaH4JVgBtsg
hfg6sOT7ZikyVq8XBY8AwXSezbMG2cE8Y+zR26VAwliVwypQtQIK9VZkSYVfiaV1JG8TqTL4M5Bn
KiqSF+6phoLJ3IKQFWIGiYdiknIsjhfigFF9ijfKZV1BtZhN1FcLDth8RxWO81rTdR3+qwmTXS3n
tS6iOGnBcOVnC5biL64n/zHfIRaO0jS/YWlSIltMbZGw64Sz/6lFscExv+CPZvfkgGELT1NPqalX
cxgwwLCwZKBakB5iCzZMyRzHyz2ASXu7x9Wjt+BaYDqgAB5FDGo0qSeUP74ty1aCl3VBHz5goJ1A
INEgRfFLzVOU7yK5hrFQfNSC7apF8T12xC5XFJNCrKEVnoB+8L3XA7hNa7+sVwGID8zvqNxkIb6Y
DBZSXIHBTWnAmxJ0iD7QcIrDlkWe5TWoGYaXe4z2rJhsStBx9hiW38AIdh8kG3BchK3qDEwNh0jk
F2QHwBOYY5HfJmCKAsQALJGJZy1xKFtF0FmMRo1j0Hj3WFJ9A+KrCpoWCdzLItsaTWa7wEMNDmaQ
WIiNieL0gFCNjZqTcRR1lqE6I2wo8zUpgTqYcspOxLX6zVbJYglej8cH9/peqgwHJVIU9bqSUCkw
FMwKaFN8kXLBe6kriaTn8Os8iYDs+ylAG0Gbg9YgAeua9gwNBk/koNbS5tlKwHIb6b3fpXkA1oP7
T0zCwQ9WSYVBYCUWPKCnHOxCiloj4SYlvXSG0y9RazcJSZ4sCrz7ZiIRNUZWEod4rhl+MIFH9RBN
XAjRLCmNHLRVoz+zRQ6KytGf0SpwoQWROSHSDpiGXMDqFKtl6faX5wA39D5F/5IX0dfRX1b5mkhQ
cbYlSaErGYSPNabdqCUIV22o0jXDUoRREHhLXqHoK7/ZAoXkF0QSRgwW1pClMshSTNyKsKbgm0uS
pUdiVmtHi9tQiKjsOJKB69Xl6QG7fH52wc7PXpxdsqPZ7Pzs9ILNTl+zt69ef3/6eo/BIHb5Ckad
srfPX52fstnrV8enFxfTcQgYyMOwHSWOmSiSnDI3BuISGZQfLVHSaIOtDrKH2iGi2EJDJhAKhQyz
hOo4z4BPCNBgTcjvx4xNGtnNElMwyARDkBxGmCUSCL1dIJcZidZ4hTkECwKaML07Gm1B7UaD2tYi
xLpBShbJlXqVc1sewLzEuuxYNTXFa/n4fpIU56bifMGLADxj0pXgFIDuly65GpKjZjE1C2L3imc1
VSl9SqCCq8EGH+81OWFshI0ZyvQaQ69SSX5XnQtO2SsZ86XBQ5mR12nU0pJAErnJWEd/KRGviXxg
1NE0xSus9oyCxZ0kSaYjMbS8xUW+apKtnK1GTPqm2dcwcqM0ecc22D0mNbCOi6ayRJUVOX06oDHk
qF6tZRkmaz2mbkzwRqOvExykJhDtRGbDAVxBmgdn5/cIGJI2JD5Y4RqMrCxrgYGhWoLWFk1ZikEL
V+uo2msUKWsEVX1OJTU49KNyWvHbCW3flg3tx3yN0GRVryDHQnotEDl9EAgVyeSXbyQVnVzRX5Qo
yWPu2hhU5WtFES04wXK5hqRrtRo7yeWtsU1jbYRRT+KXgxsXkrjUwD5nVDlMaHu45e0ESKFaBcpH
lB5QJwsMiWXNsXlhco7ksOMOpil5Sn6alXFwV+2iAFPsFxTeT6P6lB3Os0xUqLADlSKgNFvmqSwx
AzxTQpU4kQxVE5iQSjIU22SLpO7K1BKIttiU6e1RX0vNLQyrxaZC5HtsovcUSMqjhSdVQ4xKARS1
uzqWHilgCRlJzrHpoUIfJwNQkTVlz6EWBFt6QsUdO5692WN4uBMGZtFNEoHZU60go2eLf0L4D5jT
lN1dRV6SdHpjp+wogkC15Gm8Dz2nbBMiATasloJFGe4fooH1HLFLez1k/Vbk9BajGpaYPJ0yJOLN
LJs1xXbXKWIvgUThkSecWK+z9URdj7qbF8rryuSDaPWJZXmjxhITniqZoGyX5tFLrZZvyEmPp2ym
5qS8WNAErlpWZQu0YlzwBbIAOgGxleuUKhbsQ/GMCjo7L1BPx2kCo2RjjZ/SEWXFXly+IUpLYAnZ
DuqKPnBHquyWk83FtIk1q6qe4KwDorbfH4qMnjuRr8cMdxBC/GJDyyY0ynGchFNGWWrJsQhgyQpk
U6HuQBv0xVMIU3tECyjtmoheoiQg6lIghhTNKZyXUqWylICxlbJR5ETIjQQV6lQ3dfKKiqSTs4uj
p1AfUT1VZ2RDGLBrjJT0yFQWCQkao/oQX9TvNzo+O1+PRFAvDpqm7VumY7OmStYlhCu6z1QvX8rd
B/TmrMxl8lYeoSMySbXEdrzM85J2KJpeTTTdOEVx3F5mJb9usgX8xAMQ9G0zvNdr44Eweioviza1
efNznmRyQ4Ak9Q17F+S36PkFOzthu+/enJ08Br2D2wMNMP4G1IaKwbPA4BzYwxWRko8sP8Ab8k53
GXj7u6fnDX7V3/Ug39Bi+DyNCgdSrypFiLe82UpSafQW6JvggYQneRzTsnAviTeT2zqJOoWQPCfD
XZxL2oaRriY/ritlQJFe+VVdqu2gEIJIJcOsmjORcw6YeuCKy8gUosKjWgVzIM8WbY+S4bR0nIr3
mlHXibiZtAn6vp0zKdyjVV5j9IhlrlPBBETWiBZzO0ZH2goB9eNvSs4w+TWl6t5kYjwTsvUOhEQW
iBh9nz6uRK60bOyMTAvBw6Qv2ceFWvYhBjI+JnUtv4IGqwnIp/dRqd1PJi/wa5uMN+YOxDaT8W9L
jTna4Qnw5UD0szKJZM5AfjjoFAyurIO+FBaYRGGEiGTqpIs2tdFWkzIOHoYiFdQpSPOmVdPkCpbA
PpkiUcqB9QV9qUXGMViCs6XE1gty4P1lJVMyETtBaTSkTTrRSNbOTsoeXximUfMSG5MPWFs21ZZT
U+bQnIGSAN+EGewRkIkHAltFdttarS6nd5WpgtcNT6ibhWQCrZ60onW+rtPGbdQF5nsao9KGaeCC
1AYhl7QSZlyMXFASqAYDIWoj70CVOrjvSM21BMtKQVkWfhqsjdBRF/TQMyf4gdQRqA0MQ7A6edDL
6RAPJvJsVTtyCXo7kKRM16vVeprkRDGEus0Km0Nw5Qr3WcOyIx3TlLrPuvvEAoU5vlgUYqG2FNX+
o9xmwQ9IXo35I/og1rw6eYXfxpuopCDrAwxfN0J2IByc/IZWLInwjgGCTXtPByBPt5Kv13iGSSrn
jlBBofK+MiaohPCEAeWyXr45xk180d/L24PksF5ycAuBkb1AGpq6FDJGLAroPSYYFzNMhvJuk7tk
5uCDvUF16qOXbGuowaG2odjahDCFkLQs7zdr3NGq5Kuv1ipZdRlEZWNEiuPR6jFhoBYxjOOCtOmp
JjUb3NNuAXWnv0IjuU/ne5VMpCalB/T2khQOQF8peTa7RksFlCGuaDsJFR1wEx6atYjKoCRuEeHD
9LqQj2Yw2jRbKTLyAj4VnZp8y/F0oerToLTmeFhKXWEBBDQqXR00SpP3wEZxT++A/UiVCxSte7TJ
9xMilYm5Td79R0bEBlbSBQV43EZpvhVH+yP35VGKz9Q+ltQxUPuNr4yuU6GKgD75cl2Cy5+AEd3A
0mRO7VY8YM/Ojy4lEFsNgTtrf1dHN/Zs/5ZeINkzb6OkqPYo6P5dVXryWUt/00I6MSY6EK3aU+S1
sroUlBVumPwgaF00cbfp1Ir2KQ0FFcAD6Sikx2VlI6dJ84QHTECW9Y+eUTShpWj8AAnVxQryvgeZ
UH3ZK/xyWfuLW4htpWpywyt6U4QaOghuQQINykYWcjQO+U3wa8WpzBTSVSSXhB8qo6INx/icdqxU
fKA561R8TE816bHeHKqWR8+KhJ2IkBkWM4wD0z6wNfb27CkzNEPHAc2jtycCIixcr/IqeiLfSy7w
KSB9hRWd7Ynu65C6hsBrh8AmglV3kKwBCNYNkJtlUokJPnLDWpWwQwOlyrUntoaQBcftg0g8oSv5
OLCFqVm4YYsPdprr9fVarRAl2FGBCW+eEGmtRbYJ7gkxScUw1tgda02BLKLeEHwW/+Tk9NnRm/PL
Hk/0YFAtSekBfVVdD8rXJx6CeiU6Ddn59f8AeDHlEw==
===END CRASH DUMP===
