PocketMine-MP Crash Dump Mon Feb 28 01:24:18 WIB 2022

Error: syntax error, unexpected token "use", expecting "," or ";"
File: plugins/ToolSB/src/hachkingtohach1/ToolSB/Main
Line: 20
Type: ParseError

THIS CRASH WAS CAUSED BY A PLUGIN

Code:
[11] use pocketmine\block\Block;
[12] use pocketmine\utils\TextFormat;
[13] use pocketmine\utils\Config;
[14] use pocketmine\math\Vector3;
[15] use pocketmine\world\World;
[16] use pocketmine\entity\Location;
[17] use pocketmine\event\Listener;
[18] use pocketmine\plugin\PluginBase;
[19] use pocketmine\command\CommandSender
[20] use pocketmine\event\player\PlayerInteractEvent;
[21] use pocketmine\nbt\tag\{ByteTag, CompoundTag, DoubleTag, FloatTag, StringTag, ListTag, ShortTag, IntTag};
[22] use czechpmdevs\buildertools\editors\object\EditorResult;
[23] use czechpmdevs\buildertools\editors\object\FillSession;
[24] use czechpmdevs\buildertools\math\Math;
[25] use czechpmdevs\buildertools\utils\StringToBlockDecoder;
[26] use pocketmine\math\Vector3;
[27] use pocketmine\player\Player;
[28] use pocketmine\utils\SingletonTrait;
[29] use function microtime;
[30] 

Backtrace:
#0 pmsrc/vendor/pocketmine/classloader/src/BaseClassLoader(83): BaseClassLoader->loadClass(string[27] hachkingtohach1\ToolSB\Main)
#1 (): BaseClassLoader->{closure}(string[27] hachkingtohach1\ToolSB\Main)
#2 pmsrc/src/plugin/PluginManager(155): class_exists(string[27] hachkingtohach1\ToolSB\Main, true)
#3 pmsrc/src/plugin/PluginManager(356): pocketmine\plugin\PluginManager->internalLoadPlugin(string[50] C:\Users\tranthien\Desktop\FoxCraft\plugins\ToolSB, object DevTools\FolderPluginLoader#28896, object pocketmine\plugin\PluginDescription#29011)
#4 pmsrc/src/Server(1005): pocketmine\plugin\PluginManager->loadPlugins(string[44] C:\Users\tranthien\Desktop\FoxCraft\plugins\)
#5 pmsrc/src/PocketMine(304): pocketmine\Server->__construct(object BaseClassLoader#2, object pocketmine\utils\MainLogger#3, string[36] C:\Users\tranthien\Desktop\FoxCraft\, string[44] C:\Users\tranthien\Desktop\FoxCraft\plugins\)
#6 pmsrc/src/PocketMine(327): pocketmine\server()
#7 pmsrc(11): require(string[80] phar://C:/Users/tranthien/Desktop/FoxCraft/PocketMine-MP.phar/src/PocketMine.php)

PocketMine-MP version: 4.2.1 [Protocol 486]
Git commit: 6d6551253173a498128c750c38e719f19880ad49
uname -a: Windows NT tranthien4-8sin 10.0 build 17763 (Windows Server 2016) AMD64
PHP Version: 8.0.13
Zend version: 4.0.13
OS: WINNT, win
Composer libraries: 
- adhocore/json-comment 1.1.2@fc2f76979f0a44a5f5bc2a2b600d0762fe0e78e7
- brick/math 0.9.3@ca57d18f028f84f777b2168cd1911b0dee2343ae
- daverandom/callback-validator unknown@unknown
- fgrosse/phpasn1 v2.4.0@eef488991d53e58e60c9554b09b1201ca5ba9296
- netresearch/jsonmapper v4.0.0@8bbc021a8edb2e4a7ea2f8ad4fa9ec9dce2fcb8d
- pocketmine/bedrock-data 1.6.0+bedrock-1.18.10@e98c511584a7bd58a95986374d2df4b04c6a2ba0
- pocketmine/bedrock-protocol 8.0.0+bedrock-1.18.10@017e57c8f8a74118bcbba7332e7ebac9e6c81693
- pocketmine/binaryutils 0.2.4@5ac7eea91afbad8dc498f5ce34ce6297d5e6ea9a
- pocketmine/callback-validator 1.0.3@64787469766bcaa7e5885242e85c23c25e8c55a2
- pocketmine/classloader 0.2.0@49ea303993efdfb39cd302e2156d50aa78209e78
- pocketmine/color 0.2.0@09be6ea6d76f2e33d6813c39d29c22c46c17e1d2
- pocketmine/errorhandler 0.6.0@dae214a04348b911e8219ebf125ff1c5589cc878
- pocketmine/locale-data 2.4.3@4d0b081f1a79407e087968ea76aaf330db6ea2b5
- pocketmine/log 0.4.0@e6c912c0f9055c81d23108ec2d179b96f404c043
- pocketmine/log-pthreads 0.4.0@61f709e8cf36bcc24e4efe02acded680a1ce23cd
- pocketmine/math 0.4.2@aacc3759a508a69dfa5bc4dfa770ab733c5c94bf
- pocketmine/nbt 0.3.2@3e0d9ef6b6c5fb45e3745a121296e75631b3eefe
- pocketmine/pocketmine-mp 4.2.1@6d6551253173a498128c750c38e719f19880ad49
- pocketmine/raklib 0.14.3@4798576fec0364266dce23b368a7fec5e5de7927
- pocketmine/raklib-ipc 0.1.1@922a6444b0c6c7daaa5aa5a832107e1ec4738aed
- pocketmine/snooze 0.3.1@0ac8fc2a781c419a1f64ebca4d5835028f59e29b
- ramsey/collection 1.2.2@cccc74ee5e328031b15640b51056ee8d3bb66c0a
- ramsey/uuid 4.2.3@fc9bb7fb5388691fd7373cd44dcb4d63bbcf24df
- rhumsaa/uuid unknown@unknown
- symfony/polyfill-ctype v1.24.0@30885182c981ab175d4d034db0f6f469898070ab
- symfony/polyfill-php80 v1.24.0@57b712b08eddb97c762a8caa32c84e037892d2e9
- symfony/polyfill-php81 v1.24.0@5de4ba2d41b15f9bd0e19b2ab9674135813ec98f
- webmozart/assert 1.10.0@6964c76c7804814a842473e0c8fd15bab0f18e25
- webmozart/path-util 2.3.0@d939f7edc24c9a1bb9c0dee5cb05d8e859490725

Loaded plugins:
Alerts 1.0.0 by hachkingtohach1 for API(s) 4.0.0
AlwaysSpawn 2.2.5 by Philip Shilling for API(s) 4.0.0
AuctionHouse 2.0.0-BETA1 by Shock95x for API(s) 4.0.0
BuilderTools 1.3.0-beta2 by CzechPMDevs, VixikHD for API(s) 4.0.0
CraftingTable 1.0.0 by hachkingtohach1 for API(s) 4.0.0
CropGrowth 2.0.1 by NhanAZ, kaidoMC, YTBJero for API(s) 4.0.0
DevTools 1.15.0 by PocketMine Team for API(s) 4.0.0
Dungeon 1.0.3 by hachkingtohach1 for API(s) 4.0.0
EconomyAPI 5.7.3-PM4 by onebone for API(s) 4.0.0
EnchantedUI 1.0 by ItsRealNise for API(s) 4.0.0
FCCore 1.10.1 by hachkingtohach1 for API(s) 4.0.0
FormAPI 1.4.0 by jojoe77777/DragonfireHD98 for API(s) 4.0.0
Gems 5.7.3-PM4 by onebone for API(s) 4.0.0
HealthTag 2.1.2 by Shelly7w7 for API(s) 4.0.0
InvCrashFix 0.0.1 by Muqsit for API(s) 4.0.0
InvSee 2.0.1 by BlockHorizons for API(s) 4.0.0
KeepInventory 1.0.0 by NhanAZ, KhoaGamingVN for API(s) 4.0.0
MaxEnchants 1.2.4 by Xenophilicy for API(s) 4.0.0
MinePos 1.3.5 by hachkingtohach1 for API(s) 4.0.0
MultiWorld 1.7.0-beta3 by CzechPMDevs, VixikCZ, fuyutsuki, kaliiks for API(s) 4.0.0
Parties 2.0.1 by Didah (@Diduhless) for API(s) 4.0.0
PlayerStats 3.1.9_BETA by hachkingtohach1 for API(s) 4.0.0
PureEntities 2.0.0 by LeinneSW for API(s) 4.0.0
PurePerms 1.4.5 by Vecnavium , 64FF00 & ProjectInfinity for API(s) 4.0.0
RedstoneCircuit 3.0.1 by tedo0627 for API(s) 4.0.0
ShopGUI 1.0.0 by hachkingtohach1 for API(s) 4.0.0
SizeUI 1.0 by fernanACM for API(s) 4.0.0
SkyBlocksPM 1.0.1 by Vecnavium for API(s) 4.0.0
Spyglass 1.0.1 by ItsRealNise for API(s) 4.0.0
VanillaHopper 2.0.1 by ColinHDev for API(s) 4.0.0
WorldProtect 2.3.11 by aliuly for API(s) 4.0.0
_NewAlias 1.4.0 by Javier Leon9966 for API(s) 4.0.0
libEasyUI 1.0.2 by GiantQuartz for API(s) 4.0.0

----------------------REPORT THE DATA BELOW THIS LINE-----------------------

===BEGIN CRASH DUMP===
eNrtPGlz20aWf6WXqtrYtSSF+1DKKcmSHGvGsjmWHGdnkFI1gAaJCAQQHJLoVP77vve6AQKUfMTR
TuZDUkkIPHS/fvfRaOjXSVJUa95c3YiqTot8cmBNJ026FpMD3bFs33MM25t7umn7xnTSlvKRNnc8
2zY0z3NN1/Jc159OMl43p1VVVJODXyfNpoRhkwWvaiGB08la1DVfIrje5A2/YwIfTFmbi7tSRI2I
WVNci5wFk7YWwWTKJDzNlwCaBhNWVHDxbTABZEmbZS/SDLEdHwTBuxrID4Km4nmzSkUeBCeivm6K
MgheFHfHFU+aICizdpnmMOyyKLKL50FQV1EQrHi0uoY1mgKv9O3Tc57m83JV4mpyJYVgX47Yh+n7
O7O7RzgX5mVpDvMMDURa8Qgu/zXZ01i5xpk3Io+Lar8somvRrGHgfgQirLOCx6Ii3M95LY4R9opg
Tzzz6QHbAc6+wwkEeFI3FVDyL8P9iX2SqadA2Z7OnjyE7dcoK+q2Er/9PmyGYgr/k1LaX9DPOc9B
59UT3bZhOeLwStyldfPl5E5ZU7WCljE/t4xpO7DMVqad0oNgNG72XZo3osp5hnzLRx09tvYT+1qT
mrIi/BlMlp2IG4TUODYDwcolpJD3DM/znX7ox4mF9aIqBZcr8j3D13SdZGANZHAhqhsUrqbZX8Z2
1rPby9+yvoZfIsUekLKgxc9h8SemZu1QI+mcfXd1FRU5rNtGzRPF/o4F7hkPCqZtUhQmmsOrYgms
7JlTphgwnd/BQD/rD7DtfIRtw91hu5bqoUmunPQEtHjAKvFLm1aiU4EHJleueHWwv398sE8U7fcE
7St69jtyBmvOzhdznLhDCkatp5OffptOxL8vIP/BEAnEyrlXaX5TZDdiLfIGEMYgp6iZdE8BAtdR
EQvkStfhHmgbST3M4CYInuPPtzBYNx4YpAzqUtw1LygB0kjz4yOPizxJlzTKemAUYFgFwQ9AalGZ
NMp+YNRtUWVxELzHHxrkPDAI+E6bTRC8KiKOvk8D3YcGQgoB43wF0VTkoqJx3gPjxrEAHY6G+g8M
jYr1mucxsksXF5CkBNqKoX2cgDLjG1Ehfvw9w8jKo+YUH+JCxkNKykOY2PBlEPz6fNOIS76cMliz
LNo8ppuTog0zCX8BUauhqwvyF7pEriVsVVTyClaG399ozU7n0QcRrcp1LG5Ah2GbYjBuZGQWcQrK
ggsZb4LglABvRd1mknDzK5BAUZJdgGMpxRnW53FI2zmH/9MM+/MzlE0qcRRk6icCvYKswHC+xEIN
90FbGeqShnkfd4oLWD4TTZFfVjyVMuusKmnzCK2XrdOoKrBsxMcmmtHkt7/qob/qob/qob/qoX9v
PdTVEDWWDkcZRFO6yjm2tB1gOuk74Yk+1+YaQHjbQJKpMVzteCYi5WWKTywaDPci55C54slBwrNa
TCexKCG04Wx4WBdJczIErDkVNfc8XpLT/WKhBPaAFdybi8v3b96+OgHQrQjrtEHiV01T1iCuW95E
q3qVNvNbIcJsM4eEvo/x9ii75Zv6ouS3+YjnLXTIuDE35vaY8cUqzdISsi3kN6Dz0RgvCW+t0AYB
J5JqJAlLIC7LD8X8xeXR28t3ixHrxF1LueZlAZlnyN4QPOYPSJ49P7080sdcQjERXfv23R9kb3IK
fl2sN0eLs8mW1VohByYlYSskDFQ8JvOTikZun8tagALqgNsReGzGJnAbioYbY26PscJYnENwxgk/
pHfp9cuTR9PsJ+qXHVK/yLSXabNqQzLoAd37I1QgHAoJVCSG2dAWxvD/FC8fUbVz+yWCAbmAfNMs
qjbzGuroep6LZj/m9SoseBXvS4kU5fdVcdusRuLogbuOseMSr1c8P/onwK55Ghfnx3D1v5fP/yaq
4tHEIpdA9juiZGr7CtNQ1ALbXckxYLoHjdWv27v636YOdin4+tEY3ZZBA1I+EdseYHBL2n6PA7lt
86UohrG9g+yauvknmbqip794LPMehNot8wPgkH977s7N2eLcGsugyEUI/z0a7wofdIeSDEAK3eWQ
pM/G+NM8AktuRPxuxNYAuqPXMUdnTf1W8Ox1Wj8eVwOcwM2Wki/zVWTqxfFxUQ2DsgLsuOO9EPRv
s1FJT/f7WBaKG0xj8+wgY8atXS3+XPxcCBf/2T+p+BJ3oCrx8sT3Hk0C2xWwvCei+osv0ej3Yj0M
sHT7ZzocEiD//yXUvwRzblaXfDlgYQsb50V9buyWiiLLNu6t+2hc1B3GIOip+HLnOstvoHyoVy/S
uwE7Q+iQIe1+oj9vfwF0j8bNmtAFQZrfREhBkt7dL+g/yc6FEGNOEPCZaoW2wl4WVfoBGutH42WE
NQgkKb+Hm78LUcIskTdFtRkwNYZ/pirtK7G/rwr+PYeeevnD60cvwkYkPUIdds7vVLIYRoohdMy2
Md8JFj+KvKAuMdo8GrMDnMhiT8vo5ksUi4XYohhxpiC7HZj9J+U0RU9/8Ye3Es7brEnpFcaQ6y1w
zLirWk/zs63n8T/pvf6mber2OqWGI0vT6/r/pyFdI8HqfcyI+D/SjA4QgaAWvGpSMbSNDvKZIHaS
xnzFnhzCb7vKRF0/fTQZxB3KICglMUGwper38t4TSOzSK4OLho8cfQgdsm1CRvWvcAvmT/KLAWGj
mz/sH4u2Eqf4Dm9H90Pwvc2osRBeiTTPxcX7R+M+I4SgcyBCKCKA6zFJv68R7WjcH2FR/C9Etd5l
XsJ2S96dsPiDiHJ+k7ZrNmWO9eKFprH/ZouqwB3wM6h/87R5vCxwJVeQgiDyBpdfEv3firhuoPA8
Tquohdppy/Duk7Hp3/N4aKQKzTEer5bsEAZBpSiJJCVBcJ+0z/J5sSrK70edaAf5T9lIU/T0F4/V
u12kH8SYcQn4ZPed4Ku0/Oj4/NH47THiO1ckQP5+Rcje0obcXW+otK0X50MWB9Bd/eofcddH47TH
CBxu6RjdfJHFlpslvkUbstWBPsPT//veSUfIl/d2P/A8zTL+sihLUQ1YGsM/U1UcF1mav4Q65dG4
6jEGwYiSnduvKap6WoF7KqggBzR4EGjL/Ag85h2Kix3moZRss8fLHBKdOtBTShp21fmFefS8Task
FVk8OPow645RNZCu99e8bkS1P+IXxHL1WtweZSkf2vgW9pmtpb+Bj4mKvRJF7vuO82iCkXg7tPj6
EohRP19hB2N0+xLNb3hqLDzl9WYUmbewXQff2bn5PoXu7h8tVL0fHo1vuXIQ9BR8xqfxuBuvgHDQ
7M4rh+4lNtFy14gcOSEly93TiYe+jf1UGOGhniEk4hmQBnOHsGJ9FRcN5LYRVJ0I3ALaKhvex7wZ
PU/SrBEjxMt1ObxdQeIc3qdRkd8MAT/XpJH+fh3K9/0jWFE1aoNK7rjVDUeG4uGgMhrL4a1IMkHv
UIfQmiRaj0Ex5qoB5GLxarT8pv4ly3ExdcX6R3QUEnLuSAR3d4prJBdDzoavM/UCHW8/pKXc0/ap
0P0ANjqcDrd367HUCyTP0DRT1w0fAIuTNyPW4+KKSNsFAigdK6wAK63r0cCLdF1m4sfzEc87FMBt
JWhfawy8rdId/ZfNCkeihC1V+i1WO7a3avNrOqxikJBMkkq6DNOc40YY1MLG3EFJiBsIgaEahKig
KiubQgEMKawYFC3NEuWNo7Yx82q71uA5HktN86QY2W18T+XpyEpIlOYQVAlwD/TDZSttscP/T3A3
9mYRQRU6ED5696pU6+KKeD6TZ8OGaOju6Mq8FttvMECe0n7otTkej7UtEFt9BfVqH5cw7RRRAVgt
z4E1sP+YOLFj27phm7prcsv3dMOLXFuLTE+4up/ovudpPLbQstouj6Z5XNzW7PUl6w/ZWDOvTnOm
g1YZ0cB013VM9qQbLE8wMUPTnafs6PzEwU07/FhiILQPgjzJ6u1lVV7hVtnk/dnr15dooXhzSzkz
wrOftaiuQMsVr1TrzOMVcFiJfQwdMzycKg8F6xgcDpPISFzHd/1E45bF7cQOI4MboaNpseY6RiI0
4QLfKMcqja73VbTU5v7cPIy47ca6l2iGl3hW4rpuaOiOF8W6r+uhFgthmJbJBYVC4BXCECQkCLBZ
yKPr2Q2UABAi8XQ1SPI6L27zQ/WLZresiroW+8Ayr3M8AHtjYBI+FCKxPM/39dg2he0JR4t827ZC
zQ91ECYQFXLf8NElIGBXoha8ilbE/5rL6m9yQ9526IVhpBk690QcGsLiruBG4oFyE+6LyI8jYSRR
6MUjL9kPRVzB3Qxo5yRJZ679TwcEuXpzHaj0vcjWddsDrGFse9zHL4FM14qNOAFircgBOXPtYdRb
wyRbuI9e011huxHInbuWrnthFIbcNU1DuAKE6wsn8nTHN3fQU8zYOjgI9NDmkSsE93WehDz24ghM
PrEjYVqRcAzfjW3hwGM+xvSgEund+KFjuZ5rgVE5ThhxkKntebZhGcKzI8OMDFuAZGw6SPPwSVVF
mnZo+YKbmun7pkjiJDT9KDY1Qxi67cS2Bqg9Q/PBPncwFVmxxQFWgfQ7seskhjDN2PF0MzL92PAj
w4gsJwJJ6vEONXSMfwX2milyQMWHMYelLa5ZpuWFYOHCM3RfhAnEiiTRgSfPjyJvlxzouKCi6IwF
Tdg8tGIt1Dw90bnrW5orNM/1HU9w1+E8MU0tDoFkI7R3MS2JFnICJ/J1I9ISX7NtUHVsmLrmiciI
ddcPfSexwMKA0nsYZoOUI1E5euKCGL0oMUFhkWEJS4DfGzyKBUhL4zq4gRntOEEfCCDOHnIeRaZr
+9zWPO74cQI+GFnw47oaD8EsIzvyrTAZo8jDpstNh6bQYl8kTuhEdhJatgBPsbluQAZ3hGs7ph6a
4PhijGFQ7lMhRTH/8HcE8AGuil/L0gJCLenI9T0bjEZEmulYhuNgNDBD0wGPA6At7Fi4vuE+hGWW
llFX0Rz6hsEdywKfj5zIjTnnNv7rmYYOqtdFZLmmx8WOfOu8KD6ILuMfahx8HUKz6+mRpftcTxxL
gHtZEFpMGwOw7QvDDzHR8nUtNugG24oO3wkZhxH841pCgHQND8qjEBzJ0kJb12xHCC82w9BxIo1v
kbRtGiu5mpAs/DB0k9A2Pc/x9SR2TRfswrLiKLRiB2ZHiQFax+mrdl1z3s2/H93rzTop8g1oMNtA
gZHNumL6BkhFqzQ1iBq6Z0SgPx7qrh2D05hWHGoJGLfje76noXE9hAtShqcNcNlu6OoGeJyI49B3
I0hs3IPQZBqRZwnNdD3fiA3hfwyXPsQVCyvkRmyh9BI/jDWh+6HBwecgEJs2RBfIHF4im5V18QF6
pH0IbaJquqMZ4HK+YwEVketplgchxbMMMAKhgY5jHdIXMKl7wrBHSErwuBnGbtWfQ0DyTT9xRQw+
G4FJhKEfYdK1o1CzYw/irW/5mgtoqFfqbWu+oXJ1j2GzzSL6Kqet6EMZhsUeS4qKjaqrIN9jlyvI
pKwWDZ6uqxmvBGtWghW5qOGCNyzieV40LBQszaOsheABF0weWJ5DQoPMS3vmgOuiWMPMBBHs4qx5
IqasgCdVjShZCNHqmm2KtlK4WJqwNXQh0PHjClDc4OdN2QYRQ+/eo9uHUpe3WVOz2yL/pmGY+3nF
oIstIHilmME2SCFUa7Xk+3YlctaWy4rHgGAe5EHeITsIcsb23q8EEsaaAlaBqhVQqMPfNRV+NZbW
sXxMpMrgjx95ZaIheeF2aSSYzC0IWSNmkHgkZhnH4ngpDhjVp/igXrUNVIv5TH1pdsCCiSocg1bT
dR3+rwmTXa+CVhdxkvZguPPzJcvwiuvpfwUTYuEoy4pblqU1fYOmNknYTcrZP1pRbXDML3jR7Z8c
0KcSNPWUuno1hwEDDAtLBqoF6SG2cMOUzHG83ASY9Y8HXO29B9cC0wEF8DhmFX0vVEv5g2au2Vpw
/GQEa1UG2gkFEg1SFL+0PEP5LtMbGAvFRyvYE7UolNJPEbtcUcwqUUIrPAP94PH+A3hMa79u1yGI
D8zvqN7k0SWvr8FCqmswuDkNeFeDDtEHOk5x2Koq8qIFNcPwespo14rJpgQdZ8qw/K7kV0skG3Bc
hK3bPJUfoUnkF2QHwBOYY1XcpWCKAsQALJGJ5z1xKFtF0FmCRo1j0HinLG2+AfE1FU2LBe5mkW3t
TGZPgAf8kMggsRAbM8XpAaHaNWpOxlG1eY7qjLGhLEpSAnUw9Ry/QlHXbJ0uV+D1eDBlOvRSZTgo
kapqy0ZCpcBQMGugTfFFygXvpa4klp7Db4o0BrIfpgBtBG0OWoMUrGs+MDQYPJODeksL8rWA5TbS
e7/PihCsB/efmISDH6zTBoPAWix5SC8w2IUUtUbCTWs6VozTL1FrtylJniwKvPt2JhF1RlYTh3jG
DC4YfdyHaJJKiG5JaeSgrRb9mS0LUFSB/oxWgQsticwZkXbANOQCVqdYLUu3/3gOcEPvU/SveBX/
MfrrpiiJBBVne5IUuppB+Cgx7cY9QbhqR5WuGZYijILAe/IKRV/9zSNQSH5BJGHEYFELWSqHLMXE
nYhaCr6FJFl6JGa1frS4i4SI6y1HMnC9uTw9YJcvzy7Yq7Pzs0t2tFi8Oju9YIvTt+z9m7d/P307
ZTCIXb6BUafs/cs3r07Z4u2b49OLi/luCBjJw7AdJY6FqNKCMjcG4hoZjFaCQjJJow+2OsgeaoeY
YgsNmUEoFDLMEqrjIgc+IUCDNSG/HzM2aWS3K0zBIBMMQXIYYZZIIPRuA7nMSLTGG8whWBDQhPn9
0WgLajsa1FaKCOsGKVkkV+pVzu15APMSZb1l1dQUr/XTh0lSnJuK8yWvQvCM2bYEpwD0sHTJ1ZAc
NYupWRC71zxvqUoZUgIVXAs2+HTa5YRdI+zMUKbXBHqVRvK73rrgnL2RMV8aPJQZRZvFPS0pJJHb
nG3pryXiksgHRh1NU7zCai8oWNxLkmQ6EkPPW1IV6y7ZytlqxGxomkMNIzdKk/dsgz1gUiPruOgq
S1RZVdD3UZ0hx+26lGWYrPWYejDDB52+TnCQmkC0E5kdB3AHaR6cnT8gYEjakPhghRswsrpuBQaG
ZgVaW3ZlKQYtXG1L1bRTpKwRVPU5l9Tg0I/Kac3vZrR9W3e0H/MSoem6XUOOxY/QEXnDcyg/QZFM
fqcsqdjKFf1FiZI85r6NQVVeKopowRmWyy0kXavX2EkhH+3aNNZGGPUkfjm4cyGJSw0cckaVw4y2
h3veToAUqlWgfETpAXWywJBYSo7NC5NzJIdb7mCakqfkp1sZB2+rXRRghv2CwvtpVJ+ywyDPRYMK
O1ApAkqzVZHJEjPEI1BUiRPJUDWBCakkQ7FNtkjqqUwtoeiLTZne9oZa6h5hWK02DSKfspk+UCAp
jxaeNR0xKgVQ1N7WsfRKAUvIWHKOTQ8V+jgZgIqsOXsJtSDY0jMq7tjx4t2U4Zk2GJjHt2kMZk+1
goyePf4Z4T9gTld2byvymqQzGDtnRzEEqhXPkn3oOWWbEAuwYbUULMpw/xANbOCI27Q3QDZsRU7v
MKphicmzOUMi3i3yRVdsbztF7CWQqFtImzixLfNypu53uptz5XV1+kH0+sSyvFNjjQlPlUxQtkvz
GKRWyzfkpKdztlBzMl4taQJXLauyBVoxqfgSWQCdgNjqMqOKBfvQNRCPzs4r1NNxlsIo2VjjF8Oi
btj55TuitAaWkO2wbRg28qTK7XKyuZh3sWbdtDOcdUDUDvtDkdN7J/L1hOEOQoTf5PVsQqOcJGk0
Z5SlVhyLAJauQTYN6g60QX9PC8LUlGgBpd0Q0SuUBERdCsSQojmF81qqVJYSMLZRNoqcCLmRoEKd
6qZO3lCRdHJ2cfQc6iOqp9qcbAgDdouRkl6ZyiIhRWNUf1AlHvYbWz63vh6LsF0edE3bd0zHZk2V
rCsIV/ScqV6+lrsP6M15XcjkrTxCR2SSaonteFUUNe1QdL2a6LpxiuK4vcxqftNlC7jEIxD4jLae
B208EIbXU1m0qc2bn4s0lxsCJKlv2I9hcYeeX7GzE/bkx3dnJ09B7+D2QAOMvwW1oWJSSPfgHNjD
VbGSjyw/wBuKre5y8PYfn7/q8Kv+bgD5hhbD92lUOJB6VSlCvBXdVpJKo3dA3wxPJDwrkoSWhWdp
spndtWm8VQjJczbexbmkbRjpavJPt0kZUKRXftXWajsogiDSyDCr5szknAOmXrjiMjKFqPCoVsEc
yPNl36PkOC3bTcXTbtRNKm5nfYJ+aOdMCvdoXbQYPRKZ61QwAZF1osXcjtGRtkJA/XhNyRkmv6VU
PZhMjOdCtt6hkMhCkaDv0xfk5Eqrzs7ItBA8TvqSfVyoZx9iIOO7pAIvEWUtJiCfPkSl9jCZvMK/
asN4Z+5AbDcZf3tqzJ0dHvpDRuhndRrLnIH8cNApGFzdhkMpLDGJwggRy9RJN31qo60mZRw8ikQm
qFOQ5k2rZuk1LIF9MkWijAPrS/oUV8YxWIKzlcQ2CHLg/XUjUzIRO0NpdKTNtqKRrJ2d1AO+MEyj
5iU2Jl+w9myqLaeuzKE5IyUBvhkz2B6QiWfpekVut7V6Xc7vK1MFr1ueUjcLyQRaPWlFZVG2Wec2
6gbzPY1RacM0cEFqg5BLWgkzLkYuKAlUg4EQtZF3oEod3Hek5lqCZaWgLAv//kEfoeNt0EPPnOEf
99kB9YFhDFYnDwY5HeLBTB6u6keuQG8HkpR5uV6X87QgiiHUbdbYHIIrN7jPGtVb0jFNqeds+5xY
oDDHl8tKLNWWotp/lNss+Od+rnf5I/og1rw5eYN/AmSmkoKsDzB83QrZgXBw8ltasSbCtwwQbD54
OwB5upd8W+IZJqmce0IFhcrnypigEsITBpTLBvnmGDfxxXAvbwrJoVxxcAuBkb1CGrq6FDJGIiro
PWYYF3NMhvJpl7tk5uCjvUF16mOQbFuowaG2odjahTCFkLQsn3dr3NOq5Guo1iZdbzOIysaIFMej
1dMfbAJWMIzjgrTpqSZ1G9zz7QLqyXCFTnKfzvcqmUhNSg8Y7CUpHIC+UfLsdo1WCihDXNV3Eio6
4CY8NGsxlUFp0iPCl+ltJV/NYLTptlJk5AV8Kjp1+Zbj8ULVp0FpzfGwlLrDAghoVLo66JQmn4GN
4p7eAfsXVS5QtE5pk+8nRCoTc5+8h6+MiA2spCsK8LiNIoMXWpVoHsyjFJ+pfaypY6D2Gz87KjOh
ioAh+XJdgktD36sFuoGlWfK2XxF4kod2r5Ai+WUUjcC+Q+A227fqHMfU9u/oC4KpeRenVTOlCPyt
Kvvki5fhDob0aMx6IGe1wchbZYIZaC7aMPlHkNqqC8Jd21b1r2wowgAeyE0RvTurO6HNutc9YA+y
xt97QaGFlqLxIyRUJCvI1QAyo2JzUAUWshGQf59LdbzRNfZMNXV3EOnCFLqVjazqaBzyC6RAPybT
hvQbySXhhzKp6mMzvrTd1TC+3Vxs9S3/8CC94wughAHKWvZChMywmG4faOaBbrL3Z8+ZoRkGDuje
wz0TEG7hfl008bPu9DwC5IIzdL5nuq+bxg7wxiGwiWDVLaQlAMHaAXK7Shsxw1dwzzRCD+2UKt6e
2QRZctxMiIV8Ll8O9jCodxGK27f4mqe7L29KhT9Osb8Cg948I8J6++zT3TPikkpjrLifRSt6jejj
Dqy84mCm6+0otPjBJHxX/+zk9MXRu1eXAx7pxaEigtIH+rK6H5W3zzwEDUp4GjL57f8AlHv7pw==
===END CRASH DUMP===
