PocketMine-MP Crash Dump Mon Jan 31 00:49:34 WIB 2022

Error: yaml_parse(): scanning error encountered during parsing: could not find expected ':' (line 14, column 1), context while scanning a simple key (line 13, column 1)
File: pmsrc/src/utils/Config
Line: 180
Type: ErrorException

Code:
[171] 			switch($this->type){
[172] 				case Config::PROPERTIES:
[173] 					$config = self::parseProperties($content);
[174] 					break;
[175] 				case Config::JSON:
[176] 					$config = json_decode($content, true);
[177] 					break;
[178] 				case Config::YAML:
[179] 					$content = self::fixYAMLIndexes($content);
[180] 					$config = yaml_parse($content);
[181] 					break;
[182] 				case Config::SERIALIZED:
[183] 					$config = unserialize($content);
[184] 					break;
[185] 				case Config::ENUM:
[186] 					$config = array_fill_keys(self::parseList($content), true);
[187] 					break;
[188] 				default:
[189] 					throw new \InvalidArgumentException("Invalid config type specified");
[190] 			}

Backtrace:
#0 (): pocketmine\errorhandler\ErrorToExceptionHandler::handle(integer 2, string[161] yaml_parse(): scanning error encountered during parsing: could not find expected, string[58] phar://D:/FoxCraft/PocketMine-MP.phar/src/utils/Config.php, integer 180)
#1 pmsrc/src/utils/Config(180): yaml_parse(string[694] #This configuration file controls global resources used on your PocketMine-MP se)
#2 pmsrc/src/utils/Config(119): pocketmine\utils\Config->load(string[45] D:/FoxCraft/resource_packs/resource_packs.yml, integer 2, array[0])
#3 pmsrc/src/resourcepacks/ResourcePackManager(74): pocketmine\utils\Config->__construct(string[45] D:/FoxCraft/resource_packs/resource_packs.yml, integer 2, array[0])
#4 pmsrc/src/Server(955): pocketmine\resourcepacks\ResourcePackManager->__construct(string[26] D:/FoxCraft/resource_packs, object pocketmine\utils\MainLogger#3)
#5 pmsrc/src/PocketMine(301): pocketmine\Server->__construct(object BaseClassLoader#2, object pocketmine\utils\MainLogger#3, string[12] D:\FoxCraft\, string[20] D:\FoxCraft\plugins\)
#6 pmsrc/src/PocketMine(324): pocketmine\server()
#7 pmsrc(11): require(string[56] phar://D:/FoxCraft/PocketMine-MP.phar/src/PocketMine.php)

PocketMine-MP version: 4.0.0 [Protocol 475]
Git commit: 468faa464b2bc5c97f23fafbb71ea61035f6f218
uname -a: Windows NT DESKTOP-BVRHES0 10.0 build 19042 (Windows 10) AMD64
PHP Version: 8.0.13
Zend version: 4.0.13
OS: WINNT, win
Composer libraries: 
- adhocore/json-comment 1.1.2@fc2f76979f0a44a5f5bc2a2b600d0762fe0e78e7
- brick/math 0.9.3@ca57d18f028f84f777b2168cd1911b0dee2343ae
- daverandom/callback-validator unknown@unknown
- fgrosse/phpasn1 v2.3.0@20299033c35f4300eb656e7e8e88cf52d1d6694e
- netresearch/jsonmapper v4.0.0@8bbc021a8edb2e4a7ea2f8ad4fa9ec9dce2fcb8d
- pocketmine/bedrock-data 1.5.0+bedrock-1.18.0@482c679aa5ed0b81c088c2b1ff0b8110a94c8a6c
- pocketmine/bedrock-protocol 7.0.0+bedrock-1.18.0@040a883a4abb8c9b93114d5278cb5fecc635da82
- pocketmine/binaryutils 0.2.2@f883e1cf9099ed6a757a10a2f75b3333eeb2cdf9
- pocketmine/callback-validator 1.0.3@64787469766bcaa7e5885242e85c23c25e8c55a2
- pocketmine/classloader 0.2.0@49ea303993efdfb39cd302e2156d50aa78209e78
- pocketmine/color 0.2.0@09be6ea6d76f2e33d6813c39d29c22c46c17e1d2
- pocketmine/errorhandler 0.3.0@ec742b209e8056bbe855069c4eff94c9734ea19b
- pocketmine/locale-data 2.0.20@a6e4eb22587e0014f6d658732cf633262723f8d3
- pocketmine/log 0.4.0@e6c912c0f9055c81d23108ec2d179b96f404c043
- pocketmine/log-pthreads 0.4.0@61f709e8cf36bcc24e4efe02acded680a1ce23cd
- pocketmine/math 0.4.0@6d64e2555bd2e95ed024574f75d1cefc135c89fc
- pocketmine/nbt 0.3.0@98c4a04b55a915e18f83d3b0c9beb24a71abcd31
- pocketmine/pocketmine-mp 4.0.0@468faa464b2bc5c97f23fafbb71ea61035f6f218
- pocketmine/raklib 0.14.2@e3a861187470e1facc6625040128f447ebbcbaec
- pocketmine/raklib-ipc 0.1.1@922a6444b0c6c7daaa5aa5a832107e1ec4738aed
- pocketmine/snooze 0.3.1@0ac8fc2a781c419a1f64ebca4d5835028f59e29b
- ramsey/collection 1.2.2@cccc74ee5e328031b15640b51056ee8d3bb66c0a
- ramsey/uuid 4.2.3@fc9bb7fb5388691fd7373cd44dcb4d63bbcf24df
- rhumsaa/uuid unknown@unknown
- symfony/polyfill-ctype v1.23.0@46cd95797e9df938fdd2b03693b5fca5e64b01ce
- symfony/polyfill-php80 v1.23.1@1100343ed1a92e3a38f9ae122fc0eb21602547be
- symfony/polyfill-php81 v1.23.0@e66119f3de95efc359483f810c4c3e6436279436
- webmozart/assert 1.10.0@6964c76c7804814a842473e0c8fd15bab0f18e25
- webmozart/path-util 2.3.0@d939f7edc24c9a1bb9c0dee5cb05d8e859490725

----------------------REPORT THE DATA BELOW THIS LINE-----------------------

===BEGIN CRASH DUMP===
eNrtWwtv21aW/isXzgBxsJLMt0gNMkgaO1PvJLE3djbdqQLjkryUWFOkyodtddD/vt8591KiZLuY
2Z0FFoO2RSPex3m/yfztKKvqlWxv7lTd5FV5NPNGR22+UkczO/BcP/CiqTeZWl5oOaOjbq23rInn
BZFlW6ETRY7vu9PRUSGb9qyuq/po9rejdrPGsSN+PntIFO4B9uhopZpGLmhrI1fFzVrWjTp+NRNN
IssyLxdC0Q2hyqTqylbVKhVpV9MGHcWfM4GdIhVl1YosL1OhHtYqaXHu5eylOC7yUgnbG+FU0a1K
Yb+in4D00Ir7ZV6oHSYpmny1xsqt2vQX3cFFUJt1RfEel0Dueinr2cnJ6ezkffXwrpZZe3JZJbeq
/YiL44+XEzpw0tTJSdfmRXPyriqzfIHVNcExMFa0f3gG+4Qc8g4tiL6WCX7/ePTCEiSYNSNZ4cB8
zrJZyjItVD2fs2yvq610v9cbs5k+cZyD64WqhTMSTUsi/NEO7G/iny33LXQ//Cb+51IaiZ5eiIFk
/8IWT8vrmA7MhnwYAoLI+yZeXC/zhlSOk10tSTCCxM9WUFdFIxZFFctC1KqpujpRjegacItjGzyL
PXJFo5gU51lS7OhAR7w9n+v98Z+KSqY9fZ7/TQwl01MALpLb5uBxslkVO5lAh7Ku5eZH6xsT5A4I
6u9pKJ/N0yWePsoSvlYfT73fJvLmBsIBkV3S/h/Q6g1ovVI14sxx5PsHFO0xMZ8/wcWTZDrBb5E5
ElX8E4z0Kd4/yrz8UC0A+IXLZPoDMndGcOxa9gGpmod9cgye72Sj3iEONh+gdkB2/l4Kdi7qEEPz
ec/RfL7dcqzDrXXRLfISoJiB4BkGnEPtN1oJfGmqL8GQcahWP3d5vfUnP/hHHHq3TO786ujbr6Mj
9S+WDv7eMA7WtW5u8vKuKu7USpUtbpYVDvR7eMbvpEoVScie2liYt/Rvc5+3yfL4Dy1C2fhPJLtX
f8NRe+psj8zbBLYmNOrZ7PLzxeXZ5+vzs6sZH3QHB+ftH3Q4FK8Rz4psNmMxX9bVWtVtrprjP7BI
yvbVH/myt3c5rpW81Rv+c+j//erik0YcPIP4p6Yqb1JF3G7RjQScRxmk0+eQhs8h/a+3Hz9opNEj
pAR+y26WP9DZ8zJVD4+4Da1nKB4Y5MEN+xlSw2fVc3X2+fzth/O/np0yweFz6ulK+GYui/yXR0if
U0r4rFLOPn35qNE9pxQO0zew6uIGRt8cD6zjQ960OxKGmgqf01Q41FSqMtkVrca/r592WVf3olT3
Yj4/L+/Abfq2XnTkItvQcDw/MlsmlQvyAtHAt/MsV+n8SBMT7bT369Gvv1dPv1dPv1dPv1dP/wrV
U18lNIhm9CBruVIILfR89BgIXUBRo0rq4RsqKN5VNRUr4cSa2C6IjRN0+cvhSiILVaa4O1yrVjdp
1Zaq3Vs19dtuoauL4XMq2719xAzQOlxZrNbDx6Vs9mjJYQ13wwUqGIbPq1jLdW+tqls+heeJg4Wm
lcRQOjy0Tvbl8FllBWwq3wffsESb/aU071bDlavLD3voN83PRUnIzC+x3WqrW1Uii++J4OHBcE3k
2ligIIxHZ+Lw4y85iQhb0cSnxyKPh9fx+LDal3pF5DmW5dq2E2Hh8vRij/W0umHSDhexlO8rDLVg
2TR7B6+4HP7h4x7PBxTgEfk/PeBzVdzX+YH+10j7OEkS9rBmEbXLA9tbduUtu7fDQnJZKvkizktZ
b7DkQlABSULdqSKNzSECldSbdVuZBUcLCyVIoc2S5E2ndm58s8M12KdMl5dZtWe36SOV53tWwqJ0
h0u1gnuQHy46bYs9/L/C3cTFZSKT5UD41Cws1wYvYVSlqmVBPlxKGrbtuzu5MgLlbl63lWfc5QXQ
OZbrQGwNym14VCaLRgFDXbUVepmjmTf1gSMn//aCMJPSC7zYiRM/iaaZ42Yyi+OprWRgW66fBZlj
h4DdGVK+onip7hvx6Vqcnl395fricvzdf37+/uzKEjaoEEyDQF3mOeK4P2xbr8Tbj6eBd8SsDmX1
i2IH8rZmslzfVKSTr+efPl2TYdLDfV7q2LSuEH5voNxa1uhcSEYyXYKxWp1QxBjjjOm1bIoJb7LE
yaZBNI0yS3qe9DM/ThzpxIFlpdY0cDJlqWmopiS+Ok9uT0yQtCbRxH2TSH+a2mFmOWEWetl0Oo0d
OwiT1I5sO7ZSpRzXc6XiCAiFIPpUqxPE1SJGBh1zAStbaoEhwNuyui/fmD/J2hZ11TTqBCzLpqSm
4s4hc37jWE4UWa6bQP6ea1kqDvxATVWowjDJfCe10wDVGmFFnEbSVrJOlsz/Sq7X7Hd3bBRvwjhO
LMeWoUpjR3lyqqSThTL1MhmpJEoT5WRJHKZ7znESq7TG0xi0S5akP7H+rV+EXKG9N17oJME0ktJX
qRWHdmKBOCe2s4yebEtGXhLKIHka8s4cj6ZE6CF0y7NkGLrSk3EcJlEcIcJ5qe9MwyT2M5Ukgeun
MnQOoHOg2Hm1QwYAMMpOssiKIpUGcupPJaiDVfixi3+Uip0kzaJ9SE+qEE4Mmwi8aTj1YFJBECcS
EvXD0Hc8R4V+4riJ46sw8X15QFpCdU1RmVBJpEGEkZKu5UaRq7I0i90oSV3LUY7tB6lvAXToWBGs
8wBSVVQ7GFYUqwDOmk7hqcp10yC0YThR6kSJ4yRekNhTZacH1AxboT6KvlHJ1HNiQhlafhDHYMi3
gijxVJZBmdHU9ZS0o3gfVFFRGdGbCkiaONYbGSgPcnX8cKosy/ayIA3w23WSLHBdJ3CmCDRh6h6C
WjAxHhETJJHtJBb05vtJCA5c2wpVAuOfwhyCzLO8xPIeQxgPEo0GFdjZlJhKMhcaSxwPtMHtHZmk
MIjQkja8wE0OfGAbBxhEGnjK8X0/Th0VkcU7nj9FQPBTXM4S2wWNUXZg7GXcboUbhYknLS+GZUS2
rxBTQjd1Ywu2DUHBMW0ZQ/32PoTdzzGXT9qp/4GwPYBVy1tdUCDSenAM5cowsNHOe1NL2ZmETwWO
D8ezEew8b6oQOmKpkqegjPN10tcxbyLHkYHneWAmSKapREig/0LXsS3Ynkq8qRtKdSDfpqyqX1Sf
599YMgkRq2HzduLZkbQzSBz+BacPXZ/irx8ph40PhXCjNuQHuzrOZl9P8M/UU8pXrhOiKIrhSZ4V
+zbsWSnYWxwHQWLJHZCuy3X6QeRFroggwyz23TAMIjtLp+4UduF5aRJ7aYDbSeZ4aUbXl92qkbK/
/zi4N5tVVpUbaLDY0IBl3JfQdyDVZSUmaeRPo6mKEH3cMEtTJ7bcIHIR4JB3FNRrwbiegoWMwWMr
Dct+g3BrIQ+p1JYRgoAEtEgq20FsR/JAxrIc35vGz8KyB3SpAEYRZW5Kdp4hBUVeCF+1rcRLXBDl
wnkj/B+w7lW8qn6RdXuC2KZqk3TJQoMo8JIprCG0vND2ZOg5MAJlQcep7ccytjI7hEPtAVnD48YU
vDmOEC1p5EbZVKXw2QQmEcdRQjnXT2LLT5ENQVtkTQHm11+HtkUNNWC8ENQjPjXMyKqDScW8fCGu
l0ikolFtiy6jQROuRLtUoipVgx+yFTTrqVoRK/TqSdEheOCH0O3gZL2dphKsq2qFmxkBOITZyEyh
r8VO3RBIwQM0PT3RsESeiRV6D5pzEaqqRkHZFhsC/Endb8GdmBlbI+6r8mUrKPXLWsiurRC8ckph
G6KQpsia7/ulKkW3XtQyBYDJvJyXPbDZvBTixdelIsJEWwELalWAMP0zZIDqpqGCOtXbTKqO/gLy
LFTL8kLRmSdK6ORCKyuCDIknalxIKokXaia4KqWNZtm1qBHLsXkTMBPzIz0iEEmBYi+dHzFlb4ui
uhdF3rQ8VdOtsbjLpfiPTtUbOvMz/RibrRlPLPnqWSljkKI3BOgSVC4KaAxCIWjxRhhR0nnFx8fb
7QGxL77CY2ARkKtMU5qBafGTWCHwW7FSsulqnvYLCD1WRDQNBn/uZEFiW+R3OIuiolPi2CAVjvWK
oGuMalyrNfraMcRO040Zthn3p24VQyqwqrfNpkyuZXMLxde3sKMJH/hCgzgy7Z5TOrasq7LqoD0c
b0Z0AeW57jDIH+j9xmoNRqiVYNnAH2lt1ZWwIDqigV+xesETrKyuHnJYmIIYwBJbbrkljmRrCDrP
yFbpDNnkSOTtS4ivrflaqlqa7JDJHFwWx+Chg984LBZmY2w4nTGoQ1uVbBx1p2exKXWH1ZqVwO1I
MxGn6s78Fqt8sYQz12jFR0PnM4ZDEqnrbt3qVS0wEswKtBm+WLlwSu41Uu0Q8q7KU5D9NAVkI2Rz
KPhzWNdkYGg4PNaHtpY2L1cK6DbaKf+sJ65NlbVCr8MPVnlLvr1SCxlvWkhcXGlRWyzcvCHYfJ0n
uvc5S54tCk57P9aAeiNrmMMsB4mISKC+ZFhZrVSPUhs5tNWRm4pFBUVV5KZkFYRID4bHTNpMWMQF
sHMI1hXZ/3sOVqD1t+hfopv/39HftNWaSTDhc0uSAdcIhI81ZdN0SxBh7amyUXcawjgIfGWvMPQ1
L/8JFLJfMEkUMUTSIfmUSD5CPaik4+BbaZK1R1Ky2p5WD4lSabPjSAeui+uzmbj+/vxKfDj/eH4t
3l5efjg/uxKXZ5/F14vPfzn7PBI4JK4vcOpMfP3+4sOZuPx88e7s6mpyGAL25OH4gRHHparzihMy
BeKGGEyWikMyS2MbbG3IHiVByrGFj4wRCpUOswzqXVWCTwRoWBPx+5yxaSPTb5EhEwpB+hhD1kAQ
eneBXGckxnFBOYTyPF+YPD5NtqADRAq1mddeWrJErtarvrvlAeal1s2OVdcyvDavnibJcO4azhey
juEZ411lzQHoaemyqxE55pYwtxC7V7LsuPgYUoLCrIMNvhr1OeHQCHsz1Ok1Q5Pfan5XOxeciAsd
87XBo3rgt2o9LTmSyH0pdvQ3GvCayQejgWUZXoHtPQeLR0mSTUdD2PKW1dWqT7b6tjkxHprmUMPE
jdHkI9sQT5jUnnVc9QWjeevGVYox5LRbrXV1pUs4YTbGtNHr65QOmQtMO5PZc4AnpHk4u3xCwEja
SHzAcAcja5pOUWBol9Daoq82KWgRth1Vo16RukYwReVEU0NHn5XTSj6MeRbb9LS/k2tazVfdCjkW
6bUm4K0sUVVCkcjTctOHzp1cyV+MKNljHtsYiu21oYgRjqkK7pB0va3GTiu9dWjTVBtR1NPw9eHe
hTQsc3DIGVcOY571bnk7BSlcq6B8JOmBOl1gaCj02k1Ro0F3NIc77nDNyFPz02Omw7tqlwRYUBtg
4P42qN+yw3lZqpYUNjMpAqXZsip0iRnLNlnq99v83oTeXwqTZDi26c7H7OrUEqttsanT24uhlvot
Cqv1piXgIzG2Bwpk5THicdsTY1IAR+1dHcvvB/SLaeacehku9OkyFg1ZE/E9akHY0msu7sS7yy8j
3AUNMfzrPk9h9lwr6Oi5hT9m+DMR9GX3riJvWDqDsxPxNkWgWsoiO0ErqduEVMGGDSogFTQXJAMb
OOIu7Q2ADVuRsweKalRiymIiiIgvl+VlX2zvGkDqJYioe6RNutity/XYPB90Nx+N1zX5L2qrTyrL
ezU2lPBMyYSyXZvHILV6kaMvvZqIS3OnkPWCL0jTiRpbYIxZLRfEAn1BgPZ3XXDFQu3lCsSTs8ua
9PSuyHFK98v0mlU1rfh4/YUpbcASsR13LX9ewarcodPNxaSPNau2G9OtGVM77A9VyS+R2NczQYOB
hF7YbtlE/5tleTIRnKWWkooAka8gm5Z0B23wh9QIUyOmBUq7Y6KXJAlEXQ7ESNGSw3mjVapLCZxt
jY0SJ0rPB0yoM93U6QUXSafnV2+/Q33E9VRXsg1RwO4oUvL7T10k5GSM5uuzdNhv7Pjc+Xqq4m4x
65u2PwmbmjVTsi4RrnhfmBa90UMF/iakqXTyNh5hEzBNtYb2blmhiScv7Hs11XfjHMVpbCwaeddn
C/xE6817PFIetPEgjH6PdNFmZjI/VXmpBwIsqZfih7h6IM+vxfmpOP7hy/npK+gdbg8acP4eaiPF
5Ej3cA7q4erUyEeXH/CGaqe7Et7+w3cfevimvxusvGRk9HKMCwdWrylFmLeqnxCZNPoA+sbw0OXr
KssYLfbybDN+6PJ0pxCW53h/OHPN0xXtavqbfS0DPmv8qmvMlCdBEGl1mDV3xvrOTJi3p4RGpxAT
Hg0WyoGyXGx7lJKuFYepeNSfusvV/XiboJ8aiGnhvl3Rp1Hc5HO618EEIutFS7mdoiOPQqB++s3J
GZc/c6oeXGbGS6Vb71hpYLHKyPebtbxnoyAb1dDZtGh5P+lr9gnRln3EQCEPSQUvCWctoZBPn6LS
eppMWQNSKmRv7iC2v0x/bqlxDyY8cVEl7L5NnuqcwV+oQqcwuKaLh1JYUBLFCZXq1MkP29TGoyZj
HDJJVKG4U9DmzViL/BYoqE/mSFRIsL6oq/t2qeMYUEix1NAGQQ7e37Q6JTOxY5JGT9p4JxrN2vlp
M+CLwjRpXkMT+rXplk0zcurLHL6zpyTAGwtHvACZaJV3ityNtba6nDxWpgle9zLnbhbJBK2etqJ1
te6K3m3MA+V7PmPShusQQm6DiEvGRBmXIhdKAtNg0IoZ5M1MqUNzR26u9bKuFIxlgZBdhE53QY88
c0zfzB4sbQPD/rL5jGCQ0xEPxsu2XQ9OLqG3mSZlsl6t1pO8YooR6jYrag7hyi3NWZNmRzqlKbMv
dvvMAoc5uVjUamFGimb+qMcs9EXm7SF/TB9izcXpBX03NTZJQdcHFL7ule5AJH8nShgbJnzHAK9N
BkN/5Omt5Ls1fZCklfNIqFCo3jfGhEqIvhvgXDbIN+9oNq+Gs7wRksN6KeEWiiJ7TTT0dSkyRqZq
9B5jioslJUO92+cunTnk3mzQfMIxSLYdanDUNhxb+xBmALKW9X6P45FWNV9Dtbb5apdBTDYmoHSe
rJ4SBmmRwjgh5KGnudQPuCc7BGZniKGX3G/ne5NMtCa1BwxmSQYGwLdGnv3UaGkWdYirt52EiQ40
hEezlnIZlGdbQPSSvKv1GxeKNv0oRUdewDPRqc+3qMlkY/o0lNaSvnwyT1QAgUajq1mvNL0HG6WZ
3kz8yJULitYRD/m+EVBuwXbJe/gmiNmgSrrmAE9jFB28yKpU+2Qe5fjM7WPDHQO339BPTn9pQRcB
Q/I1XqZB/wREcgPP0jl1h3Em3n94e60XqdVQNFn7o/kiY+RHD+CoVCP3Ic3rdsRB94+m0tPvWoZD
C+3ElOggWjNTlJ2xugLKSjZCf/bZ1X3c7Tu1evuWhoMK4CAdJfwWrOnlNO7f8MAEdFn/4j1HE0bF
5/eAcF1sVm4GK2OuLweFX6Vrf/WA2NaYJje5pTap4YYOwS3O0aBsdCHH54hfkIIWTGcK7SqaS4aP
yqjehmN6/XqoVHpPufubGObbfX5bN0fV8uJ9nYtTlQjHE44zc/2Zb4mv598Jx3JsOtC/UXutEGHx
vKra9PX+R9j6bRptauRj8r3XdmS7wcHiXcDLLi2bZiFfYxHGjpX7Zd6qMb2Bo9KVkaGfMtXba8ei
lYWkaUKqXvOTfum3XTO3aH5L73n65/Xd2mBIc2qwYNGb1w5D6w10m+9eM89cG1PJ/Zqte7dGBj44
Qm/cX5+evX/75cP1gCd+T2hQcrYg1zXPe9Xs65CWBhU7Hzn69b8BKC8MTA==
===END CRASH DUMP===
