PocketMine-MP Crash Dump Mon Feb 28 22:43:35 WIB 2022

Error: czechpmdevs\buildertools\editors\object\FillSession::setBlockAt(): Argument #1 ($x) must be of type int, float given, called in C:\Users\tranthien\Desktop\FoxCraft\plugins\ToolSB\src\hachkingtohach1\ToolSB\Main.php on line 186
File: plugins/BuilderTools.phar/src/czechpmdevs/buildertools/editors/object/FillSession
Line: 78
Type: TypeError

THIS CRASH WAS CAUSED BY A PLUGIN
BAD PLUGIN: BuilderTools

Code:
[69] 		$this->minX = $minX;
[70] 		$this->maxX = $maxX;
[71] 		$this->minZ = $minZ;
[72] 		$this->maxZ = $maxZ;
[73] 	}
[74] 
[75] 	/**
[76] 	 * @param int $y 0-255
[77] 	 */
[78] 	public function setBlockAt(int $x, int $y, int $z, int $fullBlockId): void {
[79] 		if(!$this->moveTo($x, $y, $z)) {
[80] 			return;
[81] 		}
[82] 
[83] 		$this->saveChanges($x, $y, $z);
[84] 
[85] 		/** @phpstan-ignore-next-line */
[86] 		$this->explorer->currentSubChunk->setFullBlock($x & 0xf, $y & 0xf, $z & 0xf, $fullBlockId);
[87] 		$this->blocksChanged++;
[88] 	}

Backtrace:
#0 plugins/ToolSB/src/hachkingtohach1/ToolSB/Main(186): czechpmdevs\buildertools\editors\object\FillSession->setBlockAt(double 243.9641, integer 67, double 253.9352, integer 32)
#1 pmsrc/src/event/RegisteredListener(75): hachkingtohach1\ToolSB\Main->onPlayerInteract(object pocketmine\event\player\PlayerInteractEvent#146662)
#2 pmsrc/src/event/Event(62): pocketmine\event\RegisteredListener->callEvent(object pocketmine\event\player\PlayerInteractEvent#146662)
#3 pmsrc/src/world/World(1831): pocketmine\event\Event->call()
#4 pmsrc/src/player/Player(1655): pocketmine\world\World->useItemOn(object pocketmine\math\Vector3#143415, object pocketmine\item\BlazeRod#146656, integer 5, object pocketmine\math\Vector3#146533, object pocketmine\player\Player#109055, true)
#5 pmsrc/src/network/mcpe/handler/InGamePacketHandler(437): pocketmine\player\Player->interactBlock(object pocketmine\math\Vector3#143415, integer 5, object pocketmine\math\Vector3#146533)
#6 pmsrc/src/network/mcpe/handler/InGamePacketHandler(298): pocketmine\network\mcpe\handler\InGamePacketHandler->handleUseItemTransaction(object pocketmine\network\mcpe\protocol\types\inventory\UseItemTransactionData#146382)
#7 plugins/VanillaX-4.0/src/CLADevs/VanillaX/network/InGamePacketHandlerX(223): pocketmine\network\mcpe\handler\InGamePacketHandler->handleInventoryTransaction(object pocketmine\network\mcpe\protocol\InventoryTransactionPacket#146600)
#8 pmsrc/vendor/pocketmine/bedrock-protocol/src/InventoryTransactionPacket(105): CLADevs\VanillaX\network\InGamePacketHandlerX->handleInventoryTransaction(object pocketmine\network\mcpe\protocol\InventoryTransactionPacket#146600)
#9 pmsrc/src/network/mcpe/NetworkSession(397): pocketmine\network\mcpe\protocol\InventoryTransactionPacket->handle(object CLADevs\VanillaX\network\InGamePacketHandlerX#141253)
#10 pmsrc/src/network/mcpe/NetworkSession(360): pocketmine\network\mcpe\NetworkSession->handleDataPacket(object pocketmine\network\mcpe\protocol\InventoryTransactionPacket#146600, string[142] .......D...........`.........Builderwand..real...display...Name)...l..6G...y ph.)
#11 pmsrc/src/network/mcpe/raklib/RakLibInterface(192): pocketmine\network\mcpe\NetworkSession->handleEncoded(string[203] .c.c`b`..........#..$..........T....ZT.....P........Y\..X.........phy...f..w..T()
#12 pmsrc/vendor/pocketmine/raklib-ipc/src/RakLibToUserThreadMessageReceiver(42): pocketmine\network\mcpe\raklib\RakLibInterface->onPacketReceive(integer 0, string[212] ....6..*...=1...<.d....D......r..P.....5..+....~.;.K&B.......9..<W{F.Fp... ..%.[)
#13 pmsrc/src/network/mcpe/raklib/RakLibInterface(122): raklib\server\ipc\RakLibToUserThreadMessageReceiver->handle(object pocketmine\network\mcpe\raklib\RakLibInterface#26863)
#14 pmsrc/vendor/pocketmine/snooze/src/SleeperHandler(123): pocketmine\network\mcpe\raklib\RakLibInterface->pocketmine\network\mcpe\raklib\{closure}()
#15 pmsrc/vendor/pocketmine/snooze/src/SleeperHandler(82): pocketmine\snooze\SleeperHandler->processNotifications()
#16 pmsrc/src/Server(1660): pocketmine\snooze\SleeperHandler->sleepUntil(double 1646063015.5199)
#17 pmsrc/src/Server(1046): pocketmine\Server->tickProcessor()
#18 pmsrc/src/PocketMine(304): pocketmine\Server->__construct(object BaseClassLoader#2, object pocketmine\utils\MainLogger#3, string[36] C:\Users\tranthien\Desktop\FoxCraft\, string[44] C:\Users\tranthien\Desktop\FoxCraft\plugins\)
#19 pmsrc/src/PocketMine(327): pocketmine\server()
#20 pmsrc(11): require(string[80] phar://C:/Users/tranthien/Desktop/FoxCraft/PocketMine-MP.phar/src/PocketMine.php)

PocketMine-MP version: 4.2.1 [Protocol 486]
Git commit: 6d6551253173a498128c750c38e719f19880ad49
uname -a: Windows NT tranthien4-8sin 10.0 build 17763 (Windows Server 2016) AMD64
PHP Version: 8.0.13
Zend version: 4.0.13
OS: WINNT, win
Composer libraries: 
- adhocore/json-comment 1.1.2@fc2f76979f0a44a5f5bc2a2b600d0762fe0e78e7
- brick/math 0.9.3@ca57d18f028f84f777b2168cd1911b0dee2343ae
- daverandom/callback-validator unknown@unknown
- fgrosse/phpasn1 v2.4.0@eef488991d53e58e60c9554b09b1201ca5ba9296
- netresearch/jsonmapper v4.0.0@8bbc021a8edb2e4a7ea2f8ad4fa9ec9dce2fcb8d
- pocketmine/bedrock-data 1.6.0+bedrock-1.18.10@e98c511584a7bd58a95986374d2df4b04c6a2ba0
- pocketmine/bedrock-protocol 8.0.0+bedrock-1.18.10@017e57c8f8a74118bcbba7332e7ebac9e6c81693
- pocketmine/binaryutils 0.2.4@5ac7eea91afbad8dc498f5ce34ce6297d5e6ea9a
- pocketmine/callback-validator 1.0.3@64787469766bcaa7e5885242e85c23c25e8c55a2
- pocketmine/classloader 0.2.0@49ea303993efdfb39cd302e2156d50aa78209e78
- pocketmine/color 0.2.0@09be6ea6d76f2e33d6813c39d29c22c46c17e1d2
- pocketmine/errorhandler 0.6.0@dae214a04348b911e8219ebf125ff1c5589cc878
- pocketmine/locale-data 2.4.3@4d0b081f1a79407e087968ea76aaf330db6ea2b5
- pocketmine/log 0.4.0@e6c912c0f9055c81d23108ec2d179b96f404c043
- pocketmine/log-pthreads 0.4.0@61f709e8cf36bcc24e4efe02acded680a1ce23cd
- pocketmine/math 0.4.2@aacc3759a508a69dfa5bc4dfa770ab733c5c94bf
- pocketmine/nbt 0.3.2@3e0d9ef6b6c5fb45e3745a121296e75631b3eefe
- pocketmine/pocketmine-mp 4.2.1@6d6551253173a498128c750c38e719f19880ad49
- pocketmine/raklib 0.14.3@4798576fec0364266dce23b368a7fec5e5de7927
- pocketmine/raklib-ipc 0.1.1@922a6444b0c6c7daaa5aa5a832107e1ec4738aed
- pocketmine/snooze 0.3.1@0ac8fc2a781c419a1f64ebca4d5835028f59e29b
- ramsey/collection 1.2.2@cccc74ee5e328031b15640b51056ee8d3bb66c0a
- ramsey/uuid 4.2.3@fc9bb7fb5388691fd7373cd44dcb4d63bbcf24df
- rhumsaa/uuid unknown@unknown
- symfony/polyfill-ctype v1.24.0@30885182c981ab175d4d034db0f6f469898070ab
- symfony/polyfill-php80 v1.24.0@57b712b08eddb97c762a8caa32c84e037892d2e9
- symfony/polyfill-php81 v1.24.0@5de4ba2d41b15f9bd0e19b2ab9674135813ec98f
- webmozart/assert 1.10.0@6964c76c7804814a842473e0c8fd15bab0f18e25
- webmozart/path-util 2.3.0@d939f7edc24c9a1bb9c0dee5cb05d8e859490725

Loaded plugins:
Alerts 1.0.0 by hachkingtohach1 for API(s) 4.0.0
AlwaysSpawn 2.2.5 by Philip Shilling for API(s) 4.0.0
AuctionHouse 2.0.0-BETA1 by Shock95x for API(s) 4.0.0
BuilderTools 1.3.0-beta2 by CzechPMDevs, VixikHD for API(s) 4.0.0
CraftingTable 1.0.0 by hachkingtohach1 for API(s) 4.0.0
CropGrowth 2.0.1 by NhanAZ, kaidoMC, YTBJero for API(s) 4.0.0
DEVirion 1.2.5-ALPHA12 by poggit, SOFe for API(s) 4.0.0
DevTools 1.15.0 by PocketMine Team for API(s) 4.0.0
Dungeon 1.0.3 by hachkingtohach1 for API(s) 4.0.0
EconomyAPI 5.7.3-PM4 by onebone for API(s) 4.0.0
EnchantedUI 1.0 by ItsRealNise for API(s) 4.0.0
FCCore 1.10.1 by hachkingtohach1 for API(s) 4.0.0
FishingRod 1.0.1 by hachkingtohach1 for API(s) 4.0.0
FormAPI 1.4.0 by jojoe77777/DragonfireHD98 for API(s) 4.0.0
Gems 5.7.3-PM4 by onebone for API(s) 4.0.0
HealthTag 2.1.2 by Shelly7w7 for API(s) 4.0.0
InvCrashFix 0.0.1 by Muqsit for API(s) 4.0.0
InvSee 2.0.1 by BlockHorizons for API(s) 4.0.0
KeepInventory 1.0.0 by NhanAZ, KhoaGamingVN for API(s) 4.0.0
LaunchableTNT 1.0.1 by Vecnavium for API(s) 4.0.0
MaxEnchants 1.2.4 by Xenophilicy for API(s) 4.0.0
MinePos 1.3.5 by hachkingtohach1 for API(s) 4.0.0
MultiWorld 1.7.0-beta3 by CzechPMDevs, VixikCZ, fuyutsuki, kaliiks for API(s) 4.0.0
MyItem 1.7 by hachkingtohach1 for API(s) 4.0.0
NPC 1.0.0 by hachkingtohach1 for API(s) 4.0.0
Napthe 0.0.2 by hachkingtohach1,tungstenvn for API(s) 4.0.0
Parties 2.0.1 by Didah (@Diduhless) for API(s) 4.0.0
PlayerStats 3.1.9_BETA by hachkingtohach1 for API(s) 4.0.0
PureChat 2.0.0 by Vecnavium, 64FF00 for API(s) 4.0.0
PureEntities 2.0.0 by LeinneSW for API(s) 4.0.0
PurePerms 1.4.5 by Vecnavium , 64FF00 & ProjectInfinity for API(s) 4.0.0
Quest 2.5 by hachkingtohach1 for API(s) 4.0.0
RedstoneCircuit 3.0.1 by tedo0627 for API(s) 4.0.0
Rewards 5.0 by Wertzui123 for API(s) 4.0.0
ScoreBoard 1.0 by hachkingtohach1 for API(s) 4.0.0
Sell 1.0.0 by lenlenlL6 for API(s) 4.0.0
ShopGUI 1.0.0 by hachkingtohach1 for API(s) 4.0.0
SizeUI 1.0 by fernanACM for API(s) 4.0.0
SkyBlocksPM 1.0.1 by Vecnavium for API(s) 4.0.0
Spyglass 1.0.1 by ItsRealNise for API(s) 4.0.0
StackStorage 1.3.0 by Ree-jp for API(s) 4.0.0
ToolSB 1.0.0 by hachkingtohach1 for API(s) 4.0.0
VanillaEnchant 1.0.0 by hachkingtohach1 for API(s) 4.0.0
VanillaHopper 2.0.1 by ColinHDev for API(s) 4.0.0
VanillaX 3.0.0 by CLADevs for API(s) 4.0.0
VoteReward 1.1.0 by  for API(s) 4.0.0
WorldProtect 2.3.11 by aliuly for API(s) 4.0.0
_NewAlias 1.4.0 by Javier Leon9966 for API(s) 4.0.0
libEasyUI 1.0.2 by GiantQuartz for API(s) 4.0.0

----------------------REPORT THE DATA BELOW THIS LINE-----------------------

===BEGIN CRASH DUMP===
eNrtfWt31Ea26F+pY3InZsbdrXdLngvLxjbBZzB4sAmcTGdxSlKpW7FaUvSw3WTl/va7967S0wYM
eCb5ACuhparSrv1+6cFvW1FWrHn17lIUZZylW7vWzlYVr8XWru5YjuaYmm5PbcOzbXNnq87llONN
Hd3R57prOq5tajCV8LI6Koqs2Nr9bava5LBq6xx+5NjO1lqUJV/iaPBeBKt8HYrLcrHw6zgJRVFl
WQJnIoyrrICDzP9FBNVi8TROkjO4EjDb3S1F9STJgov9avvhLtsvlvVapBV7oLPt764fsnVdVswX
LIsY7s/itNphUZLxii3jS5HusIAniQhhgh3sLhavS4FbVQVPq1Us0sXiUJQXVZbDttn1QcEjQCBP
6mWcwrJzwPDsyWJRFsFiseLB6iJOl1WGR3o3e8LjdJqvcpalLIlTwXTXAeKjOkmAFKQ+X/FidzY7
2J3R/rN2+5nafdZsPlN7z55IHuEe5RSvnwESsx4bZ30uzhQTZ5KHsx4LETPERmFy3+ABNNK8tTt3
QYcKHsDhv7YeaKzZSXKJwI842Ewh/7aBZyDfL1STyeOemoRZ7SeCGZY59RxL30GdEEtRMGe+w5pJ
GyZN2+gmTeMhkAJqla8RVfxfgP5Us1diGZeVKET4HH9TUWzPbUD1o+oweZylpwnfiOIY4ANXqm2J
NssBSVGtgWVAEm6A6oYLF4vhBUc4+UC3HMeRqBk3UKMl2zC9exvYm4hPHqMxyKu+Gh2zh85VViTh
7A3+DYI09dsRIhASh20CYfVAyF1nctNt3bHtERDaY7GgTSaP61IcV2L9Mr2NEHBtq8XiRxjOChNw
Ni3d3mG3LIwBxGLxJOHvxassJOpsp9OJ2y8aQ3ds07x14ZCRD3TN02wAWRW1IPLtHvmpqIDAi9k6
yAXYSRomwIzj9Ae+FqccQT6TY9uWOR8xZrjN5HGsJEb2cHf2fD7RRITzJUQYnjsiQl0KG8G16Gtp
4WJxy9WTx3L2tVSBc/ClJZALbuA2YkeA8yKrsiBLIARAuABvEqeolVmxodgwAnjIK47Emq7U+Xnr
1X7kKbgf/nZiTTWi/eD5/iG6zWaiZcYtFLzdNgzz6xlw3KD+pSy4DYDciUxB04hoV0kY1oZZMesg
z3wRFnA2aSASIz4MdFvX0KgVp0CbFKt6GN7GrP8wud6HFPqFPFEhZ9v05h8X4V02bmhr6Phc3gDi
OsQyGbq0u2LuaB/HfLi+wRGNQQnyXrm+w8qqgED6L90yfmZT+edw2v353/ZIZS1XgM90WgiewFgY
l+gB4egFsOch/MKo8wP8bli+mkrW6B9iTcEvktifveIXz2OfYl0EKcy27hlfwqKjNMhCEW4rggzN
BIKCafC/fkfD9MF0+l13do5//UR/T0+bwf9ZLKbTt+2afIXkRdPpFayXoVM3PmiVkqRJnEtyJWnn
GWae5ytgWngis/JXIhCQIkNI+QStEiAkFEMmUY5DglSQtpsQ0onU0JVInen0r/DzSIe//u807Im4
aOi2p9O/4e//m/59+o+/PFG0e7D+zW9Pp09zOAFQ/2f6L8kA83NFaiCZDS3AjEt0r8ClhrCPsGhs
pp/PrAeG4zrKTq0Piq5Ms+y9IJLOEiFyUTQRU/9UwPigkO5wzW9BkpV1IX5XumV/AYLuWInk0sVi
uA7wgZAB3H2RVXEUBxzdQan27ecSZyQgSARvOKsPAS7x/HVaxUlTAvSLWd3z5CbzWzbRLGe0iZyZ
PK7i4OJUYpwVCk23B+GUrjmBa7ZNzfoAkHfvAiAS8r6uDHjCS3EA5XP5POPg0R4Yt2ZdNRBTyori
ebYE03pgtqZlOj/fvaJtr7Ksn7+gDpZ0ex+g2xgHQmlckluGikrbOlYFhfi1jgvROEhX+5l9Rm3c
bTo5Oe2q1m4Ya92HWz//vrMlvnUlPtCV+Pf3AYD9Evw7SK6z5FIgb2DPECQfVFvNLIz0d4dxDJ4o
M8eDuUW1qL4DbpSTx6BVb9kj9h3+/h3WzbXRPL+W8/BL8/qN639S1/9E88aN639S18t5k+Z/x0ML
DvHXpqHZX/+KJw6dsL+yvZwXfI3yZd9tmDYxbBvn52p+hicuneTgkeKARXVKGRDraRBdfb2joKjf
9+oXu0i08DgETbvM4pD9hlAbFsXR9n81ZGSX4jzbRlAI5rv3Dx/SWrdhFyiYqOoiRRrdhkdIpWtI
Kl1zyJiSX4oDCH1LUfbB0vWKMa6tLgHWADtWeVnxdBIv06wQk1RcVxNSPmKF6wzBi+s8gWXYl6iL
ApTkrPYPVnV6Qf2cpw3lsDX7C9OuI0SgPXrfHvVZRKjNh9v4OFdKOsK//Y2WuErCv39rWn1rWn1r
Wn1rWn1rWn1rWn1rWn1rWn1rWn1rWn1rWn1rWn1rWn1rWv1Hm1ZNW6TEDsg+KEdFRynHZ2+agZ2t
9pGdLX2qTTUY4XW1ghoTK9hReYdAeR7jjEWL4VykHLQs3NrFjH5nKwRtTEO8GObKLKoO+wNrTm2a
G1WjxKb5xdYPKAQsPH15dv7m5avnhzB0JfwSShW8vKryErh1xatgVa7ianolhJ9spkG2nmEFvp9c
8U15lvOrdEByN9qn25gaU3tI9+kqTuKcncFPAnjeF905gS0V1MWCE0YlYrRYSBvoaD873391/vp0
QDkRV1P28CyD6q9PXX94SB5gPHlydL6vD4k8W4HKePb111G3dQRmna03+6fHWx2lpYINNEq8VogX
CHiI5UfFjMQOGnodsaM+X1+HTSDWFxU3hsQeYE/l9ATzSpj4Mb6OL54d3pdcP9KwGWF6J71extWq
9kmbe2gPWqvIG3IHoEfniHCPOcPxP4mFD5Aand6FL8AWYG+cBMVmWm4qUU4hjM9CXq78jBfhTDIk
y38osqtqNeBGOzi2ipE9vID0Zv8nGLvgcZidHMDR/5w/+W9RZPfFFbkDUt/gJMPaFyiGQhaoPjz6
MS6IqJbmdmgofHBzk/3np8/29ZFx5BBWY2ykn718Ku7N2RHQxeKSUFksUHzyqIfeJ3wd6P3Y9Nuh
IW2Q3Yw0uwuI7Fzw9X2R1eyPucLlyKxvI+MW2XWYzVoYSGydLsVQjmpkbMPmH2PDCp324L7sthdB
Otp7g33y7el8ak5OT6whC7JU+PD/fZGuwC0WQmIBMBeLAUafjFxQBYOJViJ8PaCqNzqS6pCg46p8
BaX9i7i8N6J6IIGYDpG7+SCk6enBQVb0Q40aGJniDc/6n1JQiU7ze1/q+TSGjC1dvsrCPuXd4Ng6
/yjiW4z6x/fGhKxYDw20GRmSb40V+Zfsl0zM8c/ssODLLI2g9Hl26Ln3xYhuA6zaCKf24C5K/YNY
9+MLnf6BHgf3l3/fBflnYNDV6pwvexR0Y8OEBxKAcQEgkmQzv5rfFxFlA3CxaJG4u3c5Ti8hLSxX
T+PrHjX90T492k1LO6l/BXD3RcyaoNG9kQARiOLrm0XaR6k5E2JICA58Igml+1XPsiJ+n0Hlfk+k
DIBSMxow+Rxi/iFE3rawezQNxz9RarT59T9WGf+Br8FB/fjivlPrAUb3kF0/5zVGSsDn/MV5j/Lh
+CdCwI8iSPllXN9bEtoCBCH2ERmd3kW0J/xa5QJ9L9gfHRcRI0f4VqQZNTaCzX2R1wOJImxRGZzc
iTjIsU+zAWFqZNw0sP+YoK3QaQ++uvV1UidVTI8H9InuBod0z1WzxPxks+TgJ3oDbVNXZX0RU5Gc
xPFF+W9poawRX/WowwD3r2mf9AAhnzZ4l7vPIzkw4s8fpBWES/N7Xynci9ODHr149ifpDQEqn+ep
P6j9L3herfpBVw2MEwfjo4TuVFDf4sNCl+m/j2ZCrPm9iy875UUVi74va0Y+kVIcxiFfse09+K1X
iSjLh/dFVdhAXCxyicti0SH1ucba4kfU0nM8ZxUfhKX+aJ9qE5Jb7x32uP8YDe7hNTj5aoU+rQt8
YLLq86AZutHk/1DSsbPlWE+fatpnkU/7nIpiTS5+1PN/Kp9gKE+LDKC/Bc+T1eXp0aQZ790JeCf3
BrYovLujO2k9rD1Kq3is+v3hTzDiuYjTVJy9uS/pJwQPVB5wEAoHSVQPo8/rCDYozgZQFPlSCEPa
5di49LY/oAFsh0kpsL8wEBneYT2GOjyNq3tL2QZiJux6h3cR9D9rUfbVXJ4PRfsHJWmEivr5aot+
JcKygkr/IC6COu5TPJ4ZOrgbbr0SYaY5xr0V7w28xaJQiAQSEXyIdozZJ8X5SlxB3lEOyJMjw97K
yFbfiKJ6X8e6Yd4XWR1EpINQ+OKysIM1U6BIpGdBVognmGf1yO0NfrTR+59S4g6f/vFXq/OZSJI+
1Xj6ibQyESn+99z5vHg0vM/8YeesgOMDGEmCj58QRp9U2LNVlv8w6NU3I3+SLFmh0x7cV1lwFr8X
Q7rlwEe1NhJFytP9g5P7IrcFCPTR/vL3C4y0Qw2Ju9hQ86s8PelT2Bv9A1s3PTQGJ3dS13yzxCen
+lQ1Q58g6d99a6nB4+6dX8iVg4uzKivoLbqOoP7wjac8hkS9EmLyS35f9EBi9+6XHFwIYlBKDICw
Hj6n8pWzz1dPiegEnxEL6HkuBZWIBF7IF2h6XFADfxIv1H+/56uDh3q+W3X0ejSPJv4ktA+xGp/f
lz9WUJ9leS6KmzxR45+o+Q+yJE6fHYrL+2JGC7AlWyIyOv2SHl2Lakf825t0v72RD4+0QL01cG8E
33wJoYfJJ13aj1klZI7YJ6UbHN0yHxFzb24s4gn4q8XiEna+uz+mLikUihW+XtuhPxgeKqA51Uca
yJO4Tu6tvJTQ1PtvuURhTM8da+2TOi6iWCRh75HuSfNGUwWef7bm+MbgbEAucOXdC3G1n8S8H3O7
sU/cBv9viPmiYM9Flnqe49wXXyTYBio+QAu4qJ8vsMUhuJkE8zu+ie0f8XIzSBO7sbF7HnVXf4jB
O/6z5lA73RfZcuPFokXgEyqNb5Dji9UC5Dp6OKx5iJpQua5EWlIDC+iUz7psuehd8QaJH+D7f/2R
gEOtEcK1/bFs/S7MKvDrg1H12YBuoC6S/nnIq8F8FCeVGABervP+6QqCRv88hvLosj/wS0kCac/X
vnzefDCWFZVqisunA/Bl65CcVrcoD4Z8eCWiRFCfrz9aEkfL4VCIiXNv5Oz0+WD7TflrkuJm6oi1
U1V2IVIoAAYsuL5WVCO66G82fJ2oJ7jx9H2cS3fqUavoPaho/3I4vV4PuZ4heoammbpueDBwevhy
QHqYvSPUxoMwFA8FloGWluVg4Vm8zhPx9mRA8wgDOMVXbUZ0rpOrIh7JP6/opRzksKWi3+lqpHv4
rju9LmEQk0ziSrz045TjfXsIm8YUP9qQiEtwgL5ahKAgI8mrTA0YklkhCFqqpaYiVOcx33V79ebx
YxBxGmUDvQ1viDweaAmx0uwPFQLMA+1wWUtdbOD/BObGXp4GkI/1mI/WvcrVvrgjvubN+22Jgbmj
KfNSdB8rBX5K/aFHt7d2Dc22gG3lO8jVtnYhhJbgl5p3+bZ2LdeBPbB1t+WEjm3ju4f63OSW5+qG
G8xtLTBdMde9SPdcV+OhhZpVN0E0TsPsqmQvzln7koc1ccs4ZTpIlREOTJ/PHZNtN4vlOzTM0HTn
Ids/OXTwHjx+h7PHtPeCLMlq9WWVv8Nb31tvjl/QowB0ckURE5xUnpWieAdSLniheus8XGXYGZqh
65jAGvWdDcxPjL0oMKK54829SOOWxe3I9gODG76jaaE2d4xIaGIOdCMfizi4mClvqU29qbkXcHse
6m6kGW7kWtF8PvcN3XGDUPd03ddCIQzTMrkgVwi0ghuCeIRvyftQHk0uIQEAF4mfYAFOXqTZVbqn
flHtlkVWlmIGJPMyxQ9RXBoYgveEiCzX9Tw9tE1hu8LRAs+2LV/zfB2YCUj53DM8NAlw2IUoBS+C
FdG/5jL/3roka9tzfT/QDJ27IvQNYfG54EbkgnAj7onACwNhRIHvhgMraV8OBtw5cdKZan9rBoGv
7lQHLD03sHXddgGqH9ou92zPdcy5FRphBMhagQN85trtoDvFJF24CV7T58KeB8B3Prd03fUD3+dz
0zTEXABzPeEEru545gg8+YzOwIGhezYP5kJwT+eRz0M3DEDlIzsQphUIx/DmoS0cmOZDSLcKkR5j
3nOsuTu3QKkcxw848NR2XduwDOHagWEGhi2AMza9y9EHiN2FJFNeE1HT9ixPcFMzPc8UURj5pheE
pmYIQ7ed0NYAtGtoHujnCFKWZB0M0ArE3wnnTmQI0wwdVzcD0wsNLzCMwHIC4KQejrChLwOpN9UJ
FIh4L+SwtcU1y7RcHzRcuIbuCT8CXxFFOtDkekHgjtFJMswoGmVBFTb3rFDzNVePdD73LG0uNHfu
Oa7gc4fzyDS10AeUDd8eQ1oSLmQETuDpRqBF+OUFEHVomLrmisAI9bnne05kgYYBpjcgTHohR4Jy
9GgObHSDyASBBYYlLAF2b/AgFMAtjetgBmYwMoLWEYCf3eM8CMy57XFbc7njhRHYYGDBz3yucR/U
MrADz/KjIYjUr5rYtGcKLfRE5PhOYEe+ZQuwFJvrBkRwR8xtx9R9EwxfDCH0kn1KpMjn732GA7/x
crGMSySjuefaoDQi0EzHMhwHvYHpmw5YHAzawg7F3DPmt0HBV5SbjGbPMwzuWBbYfOAE85BzbuN/
rmnoIHpdBNbcdLkY8Ve+C9pE/D2Ng62Da567emDpHtcjxxJgXha4FtNGB2x7wvB8DLR8XYoNmkGX
0eEjXsZeAH/mlhDAXcOF9MgHQ7I039Y12xHCDU3fd5xA4x2Quo5DxVcTgoXn+/PIt03XdTw9Cufm
HPTCssLAt0IHrg4iA6SOl6/qdcl5c/1N715u1lGWbkCCyQYSjGTSJNOXgCpqpamB19BdIwD5cV+f
2yEYjWmFvhaBcjue67kaKtdtsCBk0OeMGlj23J/rBlicCEPfmwcQ2LgLrsk0AtcSmjl3PSM0hPch
WHofVigsnxuhhdyLPD/UhO75BgebA0ds2uBdIHK4kSxW1tl7KJFm4NpEUTUP0oPJeY4FWARzV7Nc
cCmuZYASCA1kHOoQvoBI3RWGPQCSg8VN0Her4hwckmd60VyEYLMBqITvewEGXTvwNTt0wd96lqfN
AQzVSq1uTTeUrj5gWGqzAJ/eXtYFva/MMNljUVawQXa1SB+w8xVEUvwiFb7iVTJeCFatBMtSUcIB
r1jA0zSjL5rFaZDUofxymXxjdgoBDSIv3VUHWGfZWn737CbMkkdih2UwU5QIkvngrS7YJqsLBYvF
EVtDFQL1Pu4AyQ1+MSzZIGCo3FtwM0h1eZ1UJbvK0u8rhrGfFwyK2AycV4wRbIMY4vefJN1XK5Gy
Ol8WPAQA00W6SBtgu4uUsQdvVgIRY1UGu0DWCiDU68clJX4lptahnCZUpfNnwM9EVMQvbBUGgsnY
giNrhAwcD8Qk4ZgcL8Uuo/wUJ8pVXUG2mE7U9+h22WJLJY6LWtN1Hf7WhMkuVotaF2EUt8Nw5qVL
luAR1+P/WmwRCftJkl2xJC6RrOajL+wy5uyftSg2uOZXPGi6J7v0VR+69IiKenUNAwIYJpYMRAvc
Q2j+hime43rZA5i00z2qHrwB0wLVAQHwMGSQo0k5If/xvXS2Fhxf26fv5YF0fIFIAxfFrzVPkL/0
hTwGyUct2LbaFFLphwhd7igmhcihFJ6AfPAF812Ypr1f1Gsf2Afqt19u0uCclxcMvx0ACjelBa9L
kCHaQEMpLlsVWZrVIGZYXu4w6lkxWZSg4ewwTL8L+dEM4g0YLo6t61R9C0ACPyM9AJpAHYvsOgZV
FMAGIIlUPG2RQ94qhI4jVGpcg8q7w+Lqe2BfVdBlocBeFunW6GK2DTTUYGAGsYXImChKdwnUWKk5
KUdRpymKM8SCMstJCFTBlFN2KC7VMVvHyxVYPT5Gv9O3UqU4yJGiqPNKjkqGIWPWgJuii4QL1ktV
SSgth9Pn6+rydgxQR1DnoDSIQbumPUWDxRO5qNW0RboWsN1GWu8PSeaD9mD/iclxsIN1XKETWIsl
96l5z84kqzViblzSu614+TlK7SomzpNGgXVfTSSgRslKohDfhoEDRl8HQzBRIUSzpVRykFaN9syW
GQgqQ3tGrcCNloTmhFDbZRpSAbuTr5ap25+eAmzofQz/FS/Cr8O/rLKcUFB+tkVJgSsZuI8cw27Y
IoS7NljpmmEpxMgJvCGrUPiV398DhmQXhBJ6DKa+XQiWLq5FUJPzzSTK0iIxqrWrxXUgRFh2FEnH
9fL8aJedPzs+Y8+PT47P2f7p6fPjozN2evSKvXn56h9Hr3YYLGLnL2HVEXvz7OXzI3b66uXB0dnZ
dOwCBvwwbEex41QUcUaRGx1xiQQGK0EumbjROlsdeA+5Q0i+hZZMwBUK6WYJ1EGWAp3goEGbkN4P
KZtUsqsVhmD8Dim4ILmMIEsg4Ho7Ry4jEu3xEmMIJgR0wfTmatQF1Y0GseUiwLxBchbRlXKV17Y0
gHqJvOxINTVFa/nwdpQU5aaifMkLHyxj0qXg5IBu5y6ZGqKjrmLqKvDda57WlKX0MYEMrgYdfLjT
xISxEjZqKMNrBLVKJelddyY4ZS+lz5cKD2lGVidhi0sMQeQqZR3+pQScE/pAqKNpilbY7Sk5ixtB
klRHQmhpi4ps3QRbebVaMemrZl/CSI2S5A3dYLeo1EA7zprMEkVWZPSFjkaRw3qdyzRM5npMTUxw
opHXIS5SFxDuhGZDAZxBmAdj57cwGII2BD7Y4RKUrCxrgY6hWoHUlk1aik4Ld+uw2mkEKXMElX1O
JTa49IN8WvPrCbVvywb3A57jaLyu1xBjIbwWCLziKaSfIEgmv64osej4ivaiWEkWc1PHICvPFUa0
4QTT5RqCrtVK7DCTU2OdxtwIvZ6ELxc3JiRhqYV9yihzmFB7uKXtEFChXAXSR+QeYCcTDAklp493
MXmNpLCjDi5T/JT0NDvj4i7bRQYmWC8ouB8H9TE9XKTq41S7KkRAarbKEpli+vgYBWXihHKJX6tk
KsiQb5MlkpqVocUXbbIpw9uDvpSaKXSrxaZC4DtsovcESMKjjSdVg4wKAeS1uzyWbilgChlKyrHo
oUQfL4ZBhdaUPYNcEHTpESV37OD09Q7Dh/5hYRpexSGoPeUK0nu28CcEf5c5TdrdZeQlcae3dsr2
Q3BUK55EM6g5ZZkQCtBhtRVsyrB/iArWM8Qu7PWA9UuRo2v0aphi8mTKEInXp+lpk2x3lSLWEogU
3unHC+s8zSfqfFTdnCirK+P3opUnpuWNGEsMeCplgrRdqkcvtFqeIS96OGWn6pqEF0u6gKuSVekC
7RgVfIkkgEyAbWWeUMaCdegavyEOxs4LlNNBEsMqWVjjF6tEWbGT89eEaQkkIdl+XTEs5EmU3Xay
uJg2vmZd1RO8apew7deHIqX7TmTrETtpnolqyYRCOYriYMooSq04JgEsXgNvKpQdSIP+4TlwUzuE
CwjtkpBeISfA65IjhhDNyZ2XUqQylYC1ldJRpETIRoJydaqaOnxJSdLh8dn+E8iPKJ+qU9IhdNg1
ekq6ZSqThBiVUX2jPOzXGx2dna2Hwq+Xu03R9pjhN5orlbKuwF3RPFO1fCm7D2jNaZnJ4K0sQkdg
EmsJ7WCVZSV1KJpaTTTVOHlxbC+zkl820QI/yj2Rc9R67pXxgBjdlZdJm2re/JLFqWwIEKe+Z2/9
7Botv2DHh2z77evjw4cgdzB7wAHWX4HYUDD4jggYB9ZwRaj4I9MPsIask10K1v72yfMGvqrveiPf
02Z4P40SBxKvSkWItqxpJakweg34TfCBhEdZFNG2MBdHm8l1HYedQIifk2EX55zaMNLU5L9xKHlA
nl7ZVV2qdlAATqSSblZdM5HX7DJ1wxW3kSFEuUe1C8ZA/Jp4U6OkeFkyDsU7zarLWFxN2gB9W+dM
Mnd/ndXoPSIZ65QzAZY1rMXYjt6RWiEgfjym4AwXv6JQ3buYCE+FLL19IYH5IkLbp2+YkSmtGj0j
1cLhYdCX5ONGLfngAxkfo6q+kAi7CYint2Gp3Y4mLwBSyHij7oBsczH+ttiYow6P/Ko7cLOMQxkz
kB4OMgWFK2u/z4UlBlFYIUIZOumkDW3UalLKwYNAJIIqBanetGsSX8AWWCeTJ0o4kL6kD0JJPwZb
cLaS0HpODqy/rGRIJmQnyI0GtUnHGkna8WHZowvdNEpeQmPyBmtLpmo5NWkOXTMQEsCbMIM9ADTx
0d5WkF1bq5Xl9KYwlfO64jFVsxBMoNSTWpRneZ00ZqNOMN7TGhU2TAM3pDIIqaSdMOKi54KUQBUY
OKIaebsq1cG+IxXXclhmCkqz8At8rYcOO6eHljnBL9iOhlrHMBxWTx70Yjr4g4l8tqpduQK57UpU
pvl6nU/jjDAGV7dZY3EIplxhnzUoO9QxTKl51s0TCeTm+HJZiKVqKar+o2yz4L9AcDGmj/ADX/Py
8CV+gnKigoLMD9B9XQlZgXAw8ivasSTEOwJobNq7OwBxuuV8neMzTFI4N5gKApXzSpkgE8InDCiW
9eLNATbxRb+XtwPBIV9xMAuBnr1AHJq8FCJGJAqoPSboF1MMhnK2iV0ycvBBb1A99dELtjXk4JDb
kG9tXJgCSFKW880eN6Qq6eqLtYrXXQRR0RiB4nrUegwYKEV047ghNT3VRU2De9ptoGb6OzSc+3i8
V8FESlJaQK+XpGAA+Erxs+kardSgdHFFW0ko74BNeCjWQkqD4qgFhDfT60LemkFv07RSpOcFeMo7
NfGW49OFqk6D1Jrjw1LqDBMgwFHJarcRmpwDHcWe3i77F2UukLTuUJPvZwQqA3MbvPu3jIgMzKQL
cvDYRpHOC7VKVLfGUfLPVD6WVDFQ+Y0fEsgToZKAPvpyXxqXiv6gFGgGlmbJ03ZHoEk+TfwOMZLf
OqAVWHcIbLP9XT3HsWN71/T23Y55HcZFtUMe+O8q7ZM3XvodDGnRGPWAz6rByGulgglILtgw+Rne
umiccFO2Fe0tG/IwAAdiU0D3zsqGaZPmdg/og8zxHzwl10Jb0foBEEqS1ci73siEks1eFpjJQkBc
g6MrVcUbXNBrdlTdgafzY6hWNjKro3VIL6AC9ZgMG9JuJJUEH9KkovXNeNN2LGG8u3nayfuAbnHS
Pb4FpDCAWc2eCp8ZFtPtXc3c1U325vgJMzTDwAXNfbhHAtwtnK+zKnzUvMuDA3LDCRrfI93TTWM0
eOnQsInDqlqIcxgEbYeRq1VciQnegnukEXgop1Ty9simkSXHZkIo5Ly8OdiOQb6Lo9i+xds8zXl+
mSv4YYz1FSj05hEh1upnG+4eEZWUGmPG/ShY0W1EDzuw8oiDmq67VajxvYvwXv2jw6On+6+fn/do
pBuHCgkKH2jL6nyQ3j5ycaiXwtOSrd//PxUU21U=
===END CRASH DUMP===
