PocketMine-MP Crash Dump Mon Feb 14 21:05:07 WIB 2022

Error: fclose(): Argument #1 ($stream) must be of type resource, string given
File: plugins/EconomyJob/src/onebone/economyjob/EconomyJob
Line: 89
Type: TypeError

THIS CRASH WAS CAUSED BY A PLUGIN
BAD PLUGIN: EconomyJob

Code:
[80] 
[81] 	private function readResource($res){
[82] 		$path = $this->getFile()."resources/".$res;
[83] 		$resource = $this->getResource($res);
[84] 		if(!is_resource($resource)){
[85] 			$this->getLogger()->debug("Tried to load unknown resource ".TextFormat::AQUA.$res.TextFormat::RESET);
[86] 			return false;
[87] 		}
[88] 		$content = stream_get_contents($resource);
[89] 		@fclose($content);
[90] 		return $content;
[91] 	}
[92] 
[93] 	public function onDisable(): void
[94]     {
[95]         $this->player->save();
[96]     }
[97] 
[98] 	/**
[99] 	 * @priority MONITOR

Backtrace:
#0 plugins/EconomyJob/src/onebone/economyjob/EconomyJob(89): fclose(string[223] ---.tree-cutter:. "17:0:break": 10. "17:1:break": 10. "17:2:break": 10. "18:0:br)
#1 plugins/EconomyJob/src/onebone/economyjob/EconomyJob(59): onebone\economyjob\EconomyJob->readResource(string[8] jobs.yml)
#2 pmsrc/src/plugin/PluginBase(137): onebone\economyjob\EconomyJob->onEnable()
#3 pmsrc/src/plugin/PluginManager(437): pocketmine\plugin\PluginBase->onEnableStateChange(true)
#4 pmsrc/src/Server(1385): pocketmine\plugin\PluginManager->enablePlugin(object onebone\economyjob\EconomyJob#24929)
#5 pmsrc/src/Server(1011): pocketmine\Server->enablePlugins(object pocketmine\plugin\PluginEnableOrder#24905)
#6 pmsrc/src/PocketMine(304): pocketmine\Server->__construct(object BaseClassLoader#2, object pocketmine\utils\MainLogger#3, string[36] C:\Users\tranthien\Desktop\FoxCraft\, string[44] C:\Users\tranthien\Desktop\FoxCraft\plugins\)
#7 pmsrc/src/PocketMine(327): pocketmine\server()
#8 pmsrc(11): require(string[80] phar://C:/Users/tranthien/Desktop/FoxCraft/PocketMine-MP.phar/src/PocketMine.php)

PocketMine-MP version: 4.2.0 [Protocol 486]
Git commit: 44818e6d1456dcf1f0fd3cd27da1dfecbe03c08b
uname -a: Windows NT tranthien4-8sin 10.0 build 17763 (Windows Server 2016) AMD64
PHP Version: 8.0.13
Zend version: 4.0.13
OS: WINNT, win
Composer libraries: 
- adhocore/json-comment 1.1.2@fc2f76979f0a44a5f5bc2a2b600d0762fe0e78e7
- brick/math 0.9.3@ca57d18f028f84f777b2168cd1911b0dee2343ae
- daverandom/callback-validator unknown@unknown
- fgrosse/phpasn1 v2.4.0@eef488991d53e58e60c9554b09b1201ca5ba9296
- netresearch/jsonmapper v4.0.0@8bbc021a8edb2e4a7ea2f8ad4fa9ec9dce2fcb8d
- pocketmine/bedrock-data 1.6.0+bedrock-1.18.10@e98c511584a7bd58a95986374d2df4b04c6a2ba0
- pocketmine/bedrock-protocol 8.0.0+bedrock-1.18.10@017e57c8f8a74118bcbba7332e7ebac9e6c81693
- pocketmine/binaryutils 0.2.4@5ac7eea91afbad8dc498f5ce34ce6297d5e6ea9a
- pocketmine/callback-validator 1.0.3@64787469766bcaa7e5885242e85c23c25e8c55a2
- pocketmine/classloader 0.2.0@49ea303993efdfb39cd302e2156d50aa78209e78
- pocketmine/color 0.2.0@09be6ea6d76f2e33d6813c39d29c22c46c17e1d2
- pocketmine/errorhandler 0.6.0@dae214a04348b911e8219ebf125ff1c5589cc878
- pocketmine/locale-data 2.4.3@4d0b081f1a79407e087968ea76aaf330db6ea2b5
- pocketmine/log 0.4.0@e6c912c0f9055c81d23108ec2d179b96f404c043
- pocketmine/log-pthreads 0.4.0@61f709e8cf36bcc24e4efe02acded680a1ce23cd
- pocketmine/math 0.4.2@aacc3759a508a69dfa5bc4dfa770ab733c5c94bf
- pocketmine/nbt 0.3.2@3e0d9ef6b6c5fb45e3745a121296e75631b3eefe
- pocketmine/pocketmine-mp 4.2.0@44818e6d1456dcf1f0fd3cd27da1dfecbe03c08b
- pocketmine/raklib 0.14.3@4798576fec0364266dce23b368a7fec5e5de7927
- pocketmine/raklib-ipc 0.1.1@922a6444b0c6c7daaa5aa5a832107e1ec4738aed
- pocketmine/snooze 0.3.1@0ac8fc2a781c419a1f64ebca4d5835028f59e29b
- ramsey/collection 1.2.2@cccc74ee5e328031b15640b51056ee8d3bb66c0a
- ramsey/uuid 4.2.3@fc9bb7fb5388691fd7373cd44dcb4d63bbcf24df
- rhumsaa/uuid unknown@unknown
- symfony/polyfill-ctype v1.24.0@30885182c981ab175d4d034db0f6f469898070ab
- symfony/polyfill-php80 v1.24.0@57b712b08eddb97c762a8caa32c84e037892d2e9
- symfony/polyfill-php81 v1.24.0@5de4ba2d41b15f9bd0e19b2ab9674135813ec98f
- webmozart/assert 1.10.0@6964c76c7804814a842473e0c8fd15bab0f18e25
- webmozart/path-util 2.3.0@d939f7edc24c9a1bb9c0dee5cb05d8e859490725

Loaded plugins:
Alerts 1.0.0 by hachkingtohach1 for API(s) 4.0.0
AlwaysSpawn 2.2.5 by Philip Shilling for API(s) 4.0.0
AuctionHouse 2.0.0-BETA1 by Shock95x for API(s) 4.0.0
BlockGenerator 0.1.0_beta by BlockHorizons, Chris-Prime for API(s) 4.0.0, 3.0.0
BuilderTools 1.3.0-beta2 by CzechPMDevs, VixikHD for API(s) 4.0.0
CraftingTable 1.0.0 by hachkingtohach1 for API(s) 4.0.0
CropGrowth 2.0.1 by NhanAZ, kaidoMC, YTBJero for API(s) 4.0.0
CustomItemLoader 2.3.1 by alvin0319 for API(s) 4.0.0
DevTools 1.15.0 by PocketMine Team for API(s) 4.0.0
Dungeon 1.0.3 by hachkingtohach1 for API(s) 4.0.0
EconomyAPI 5.7.3-PM4 by onebone for API(s) 4.0.0
EconomyJob 2.0.6 by onebone for API(s) 4.0.0
EconomyLand 2.1.3 by onebone for API(s) 4.0.0
FCCore 1.0.1 by hachkingtohach1 for API(s) 4.0.0
FormAPI 1.4.0 by jojoe77777/DragonfireHD98 for API(s) 4.0.0
Gems 5.7.3-PM4 by onebone for API(s) 4.0.0
HealAndFeed 2.1.0 by Kylan1940 for API(s) 4.0.0
HealthTag 2.1.2 by Shelly7w7 for API(s) 4.0.0
InvCrashFix 0.0.1 by Muqsit for API(s) 4.0.0
InvSee 2.0.1 by BlockHorizons for API(s) 4.0.0
KeepInventory 1.0.0 by NhanAZ, KhoaGamingVN for API(s) 4.0.0
LaunchableTNT 1.0.1 by Vecnavium for API(s) 4.0.0
MaxEnchants 1.2.4 by Xenophilicy for API(s) 4.0.0
MultiWorld 1.7.0-beta3 by CzechPMDevs, VixikCZ, fuyutsuki, kaliiks for API(s) 4.0.0
MyItem 1.5.5 by hachkingtohach1 for API(s) 4.0.0
NPC 1.0.0 by hachkingtohach1 for API(s) 4.0.0
Napthe 0.0.2 by hachkingtohach1,tungstenvn for API(s) 4.0.0
Parties 2.0.1 by Didah (@Diduhless) for API(s) 4.0.0
PlayerStats 3.1.9_BETA by hachkingtohach1 for API(s) 4.0.0
PureChat 2.0.0 by Vecnavium, 64FF00 for API(s) 4.0.0
PureEntities 2.0.0 by LeinneSW for API(s) 4.0.0
PurePerms 1.4.5 by Vecnavium , 64FF00 & ProjectInfinity for API(s) 4.0.0
RedstoneCircuit 3.0.0 by tedo0627 for API(s) 4.0.0
ScoreBoard 1.0 by hachkingtohach1 for API(s) 4.0.0
ShopGUI 1.0.0 by hachkingtohach1 for API(s) 4.0.0
SimpleHome 1.1.0 by CzechPMDevs, VixikCZ for API(s) 4.0.0
Spyglass 1.0.1 by ItsRealNise for API(s) 4.0.0
VanillaHopper 2.0.1 by ColinHDev for API(s) 4.0.0
VanillaX 3.0.0 by CLADevs for API(s) 4.0.0
WorldProtect 2.3.11 by aliuly for API(s) 4.0.0
_NewAlias 1.4.0 by Javier Leon9966 for API(s) 4.0.0
libEasyUI 1.0.2 by GiantQuartz for API(s) 4.0.0

----------------------REPORT THE DATA BELOW THIS LINE-----------------------

===BEGIN CRASH DUMP===
eNrtPGlz3Maxf2Wycj1Tedwl7mNTcpEmKYuxJDIiZekl62INgMEuTCwA4yC5Svm/v+6eARYAKYmy
mdgfrErMRWOmp+9jMMC/J3Fernl9eS3KKsmzydzandTJWkzmumNZnuXamjuzHNt1nd1JU6hbM8P0
fLhleZpj655t705SXtXHZZmXk/m/J/WmgGGTC/gjYbuTtagqvkRoHKZ5JXaeztlBuWzWIqvZE53t
fFXVpeDrp2zdVDULBMtjhnhYKaq8KUOxy2BEki3ZMrkWGaCMmzR9nqSI83C+WLytgIfFoi55Vq8S
kS0WR6K6qvNisXie3x6WPK4XiyJtlkkGw47DPMvXm7/nwWJRleFikWcigP8vFkLe+QnvbEfNilWB
a8r1FJq97f09QLKncOxtUfRGwOw0yWC254OMSx7Cz39Nnmjs1yDb8XwQoBKllMu/DMP8kU2n0xkI
UkzDpq5FOZ+xxUR359o8AOleLSZzpmsKpt8DM+7APJr7FKgHLf0qUm0k9TPinX4Dy0ZvlKpbjrwf
GYyrZpt1SgQYrFjjevh/ScreGf35loMYdNN9yEJ5dpzxIAULRJTmx1C+4hnYa7ljEdYiD69EvU4Q
sRy2WGyX3iI9r3ktDlc8W4qdumwErWH11jgXJfga0OrZn0Srlp9+IwivBO7kwU8irD/H4xPD8g2f
lrbvWVrT9dHS8s5wrapd7OM0SpZPy0iUuKRm05JOb8kzmvsK5u6YmvWRVS8vgXLQeBPW7Zoo1EMI
KdXLnBP2XXYPNU2dpODKr3iSvcyXIK0nZhsk/mU6P7IHR4VulmV9wawulhDb7kfYNsbmU0k10CRP
TtohjZTi5yYpt8av/ciKFS/ne3uH8z2iaK8jaE/Rs9eS01tz+upshhNHpGAEezr58Zfdifgvx+lH
iZlAt8RwmWTXeXotkCJAG4HIwnrS3gXIYHqYRwJZ9TS4A9eeDn8XdVEm1+CpLG6ysIbExwbh5yvg
5em/cbRBoxf1VwWvV+wZ+wqkX02/WYoaM8/O09li0vJd7S0mM5z5N5xothPb24PJw5VogqUmJPHO
X5LqsuyPoF9PJUW2GgeoO3TS+neeTr+JRNAsdxaTizIREatzloIDsSa7yvKbrFMRxPXZhbitn1Py
n88P/vH2gEgfQN8cnx9fSOKcbtFS1E2ZsZinlaBbrrr1C154Ldegghot5hmT5nIJVF4qYNXjiVD4
ata+Mrl2Nt31NXVXrdzepHtSmbi0b0j9+lLwRROkSbhVb54dJZWM+nN2nScRDkWRM/iHcvVtdYH/
lGSLlG8wQFX8GubRgo4aRUu6aknJ9d5f/4oXkhn2V7YPNpaXSb1hr05fn1ycvpn88mfe/zPv/5n3
/8z7v0febxNkhdnwIBVlTb8yjh1dC9iddI3gRJ9pMw0gvKlXeVlh0FrxcHUFNNY5/tIRKS8SvGPR
YLiWphRN5pQhdieRKEQW4Wy4WeVxfdQHrDll7BHexUKS0/7FKgDsAQaenZ5fvDt98/IIQDciqJIa
iV/VdVGBuG54Ha6qVVLPboQI0s0szNd7GHUP0hu+qc4LfpMNeN5C+4wbM2NmDxk/WyVpUrBz+AP1
yPKTjKP7P5DvgtBWCutiwYmiCilaLKQLbHk/vzh4c/H2bMA5MddQinuRN5Xoc9cHD9kDiqffHl8c
6EMmz1dgM759+xvV2tZfB2cnky2rlUIOTErCVkgYaHhI5if1jNx+mwKe70QmSl7LIlbxO7rR51ib
gS1fBqLmQ4ZpygvI0R8gDsGtw1UJaf+sxE2OsQx2J+ZvMvHBWovFkNq7yv6EAJokhaEXeZ72HXgA
HroxED5F5o0h94cfRLg6e3UkrnHCD8ltcvXi6LEsO0TkxToC5ItFIGmrkTZgfUjpgzx7mdSrJiB/
7pG9N0AFsqGICJ50gQT3hDOE/1GC3ICq0eVDBANyAfkmaVhuZtWmhuo9E/VexKtVkPMy2pMSyYvv
yvymXg3E0QHHgWEUEl5DRXPwT4Bd8STKXx3Cr/+7+Pbvoswfy1DkCsh9S5NM7L/CMhSxyDW0pvn6
pBZr5Vc93se3hhIwxxLg6XWSaabuP5oddBiB6RExdyEPiQjgCuNo0IGGtq7bY2PflgnsAtq0x9Jq
uz7WT9cjT78vj92jzS1lex0OZLaBEjvvp/EWMnZr83dya0VP9+OxXLmXVrfM94B9/u2ZOzOnZ6+s
oQxU//BYWh63I4Cza0ckRZ+13d5ezR2m5AbOMD45v52hUX3yUOZGvdYXMPeSZ9Fd7gg6ZE8f2+xD
2Ltjq7+SvxTo6RhUxH2Ww+eHh3nZz7QKMPZF/XfyRUlO+/exPBE3yIZu2EKGfFvjaPtT/lMuXPy3
d1TyZZ7F0Pe9OPK9x/LI7QLYsBJN3Y+H6PM7se6nEbp8pLjyJXrsbBMJkP99CPUvBE8Psui5EH1/
60PH/jbSz/foBbpvaY+ljw7hYtEj42EVTstRvbrgyxE/Ejbmxhj3cyJNN+6N+1jcVC1CyQ0R8XBe
TrJrKHGr1fPktsdNHzrs2e5EjVfNz4DusZhZE7bFIsmuQyQgTm6/pA0Dus+FGDKCgM8U1MOW85FY
GfWWkpIvYeZ7IQqYJTLoRTc9nobwz/RNXa/w/Srn3/E1xOEfXj92mzCg6BE6hZe8ycIV0nPx+qLH
+RD+mXT2gwgzfp0060cLgB1G0GKfktHlQ3T7it8e44xssN/Xhw65M2aj4P5eZDltVIWbx9JmDyXq
sCNlcPEg5pq0Tt7lZdoP+D3gkDVXbYSYn90IOfwnnS/ZNHXVXCXU/6ZJclX9R7ZH1kjvDdIL/Pdp
/y1bIz1EKKcNtpR9GUnAUD72eNvzv1anSXLav49Vp70+O+yxjFd/lK0foOXLgtdHt7Zf86Je9fOQ
AoxzqfFJTndr6FWrWmTX2X+QaaKs/fsQ9z7jZZ2IftxqIZ9Js0dJxFdsZx/+NqtUVNXTR2MralEu
FoUkZrHYUvWlLtsRSOzS82Z8lDhguQfts21Cxedf4j7+72TEPcIGF7/Zps+aEp+l1n0htKA7TzI+
lop3J471/LmmfWHzjAudiXJd3e2dJ885Pauozsoc0L+H8JM31dnxtIX3HndcysVBLorw7a8HGT6M
Pc7qZGz9ffBnJPFSJFkmzt89VspKCR8YPdAgFA2SqR5FX7bF15K4N8Ci2JdKGPIuYeMm2/6ICbBd
JrXA/oeByvAx8gl03FlSP1ohM1AzUdf7+RBFvxFRVUOre5iUYZP0LX58Z+j6d9RdiyjXHMN9NHdv
ES4WpaIklJQsFndJ+yyf52Feim8xM/dY7AFHifl3imhbgvq/f3M8O1/lxXdv+/tFLeSPUo8oerof
j1WBnSfrIhUv8nW/QukBR48nxvzfX5k/lhQGRXhFRK2AKBBCn8DfUoSfr3maqmM1ez2sKJlis8SD
Ln25tKDPtJsndfVG8PR1Uj3aTn4PJbCv6Hj41s4PPEvSlL/Ii2LwsG0I/0zNdpinSfYC5PZYTHUI
F4sBIaPLX6PjjtQt8+/v8v3+c0H78OUB2fZjWbTC1zH4fvvrIWqkdhEyZY0HarfcDMB3HpfeeV6a
NOmj5VeJbbGg7riQJIzN8oHFxqsmKeNEpNHe9lDWtD3XiCcn99YcOqByb8AuSOXytbg5SBPed9Ut
7DM7/n+HSkSU7KXIM993nMeSi0TbYsVzUkCL+vMr7HmIbk+i+QXPXgfHvNoMUtcWNg5Toxbzu4Rn
9T8aaI0+PJqBy5UXi46Cz9g0HhrnJRAOih09725PyxEtt9D6VlTCA6PykdbEwxCFW0VBuOZ4fmIL
CXkKpMHcPixfX0Z5DTlwAFVH7LeApkz71xGvB/fjJK3FAPFyXfQvV5Bg+9dJmGfXfcBPFWmku14H
8mDhAJaXdXc0CvVW1RwZivqDinAohzciTgV1On1oRRKthqAIO7Ae5Pzs5WD5TfVzig9F21+su1Xn
VyJLPgxFcHuruEZyMeBs+DpVJ/Xw8kNSyALCp2bgA9hofzpc3q6HUs+RPEPTTF03fACcHZ0OWI/y
SyJtDARQMlRYDlZaVYOBMtO/fzXgeUQBXOLJ5xGf6/SmTEb6L+oVjkQJt0fRzlYj21s12RWdijVI
SPIUS7IMkozjhj7kHoMenafiGiJgoAYhKqjeijpXAEMKKwJFS7PUVE22DZmX27V69/EVjySL84Hd
RndUngyshERp9kGlAPdAP1w20hZb/P8Ed2OnZyFUqz3ho3evCrUurkjn6dJ+09h3d3RlXontu44g
T4PQ0wG1ydzQbBPEVl1CSdjFJcw6eZgDVstzYA1s0iaW5emecCLdsp0ojPVYiyMzjAw34noUizAQ
mhlqHp4SaNosmmRRflOx1xesO81rTb0qyfDEvcaIBqa7rmOynXawPCrNDE13nrKDV0cO7s3jm4g9
oX0Q5ElWZy+r4jJH5bw7eU2PCOjihlImBKkir0R5CVoueal2F3i0yrHb2cPQMYUx6tUarMiN/Tg0
YtfxXT/WuGVxO7aD0OBG4GhapLmOEQtNuJ5wUY5lEl7tqWipzfyZuR9y2410L9YML/as2HXdwNAd
L4x0X9cDLRLCMC2TCwqFwCuEIUhIEGDTgIdX02uoACJ50nOi3mLZV3/R7JZlXlViD1jmVYYvg1wb
mIP3hYgtz/N9PbJNYYOmtNC3bSvQ/EAHYQJRAfcNH10CAnYpKsHLcEX8r7ksYifX5G37XhCEmqFz
T0SBISzuCm7EHo+smPsi9KNQGHEYeNHAS/YCEZVwNQXaOUnSmWn/2wJBrt5MByp9L7R13fYAaxDZ
Hvdt33NM14qMKAZirdABOXPtftRbwyRbuIte011huyHInbuWrntBGATcNU1DuAKE6wsn9HTHN0fo
KWZsHRwEum/z0BWC+zqPAx55UWj5XmyHwrRC4Ri+G9nCgdt8iOleJdLJrH3Hcj3XAqNynCDkIFPb
82zDMoRnh4YZGrYAydh0YrWPELuSVJ3oI9K0fcsX3NRM3zdFHMWB6YeRqRnC0MExbQ1Qe4bmg32O
MOVpvsUBVoH0O5HrxIYwzcjxdDM0/cjwQ8MILScESerRiBp6i24F9poqckDF+xGHpS2uWablBWDh
wjN0XwSxbthxrANPnh+G3picNMeKojUWNGFz34q0QPP0WOeub2mu0DzXdzzBXYfz2DS1KACSjcAe
Y1oSLeQETujrRqjFvmbboOrIMHXNE6ER6a4f+E5sgYUBpXcwTHspR6Jy9NgFMXphbILCQsMSlgC/
N3gYCZCWxnVwAwiAQ1RdIIA4u895GJqu7XNb87jjRzH4YGjBH9fVeABmGdqhbwXxEEUW1G1u2jeF
FvkidgIntOPAsgV4is11AzK4I1zbMfXABMcXQwy9ap8KKUuazcMDeA9Xya9kaQGhlnTk+p4NRiNC
zXQsw3EwGpiB6YDHAdAWdiRc33DvwzJNirCtaPZ9w+COZYHPh04INHBu4/8809BB9boILdf0uBjJ
t8ry/INoM/6+xsHXITS7nh5aus/12LEEuJcFocW0MQDbvjB85AlK4kps0A22FR0++jX2Q/jnWkKA
dA0PyqMAHMnSAlvXbEcILzKDwHFCjW+RNE0SKbmakCz8IHDjwDY9z/H1OHJNF+RqWVEYWJEDs8PY
AK3j9FWzrjhv59+N7tVmHefZBjSYbqDASKdtMX0NpKJVmhpEDd0zQt/TeaC7dgROY1pRoMVg3I7v
+Z6GxnUfLkgZ9Epoi8t2A1c3wONEFAW+G0Ji4x6EJtMIPQuMwfV8IzKE/zFceh9XJKyAG5GF0ov9
INKE7gcGB5+DQGzaEF0gc3ixbFbW+QfokfYgtIlSZV3MO47vWEBF6Hoa2KrFPcsAIxAa6DjSIX0B
k2DBhj1Agm+pTjF2q+4cApJv+rErIvDZEEwiCPwQk64dBpodeRBvfcvXXEBDvVJnW/jqHeB4wrDX
ZiGeVFs2Jad3KbHYY3FeskF1tciesIsVZFJWiRrPsVeMl4LVK4GvrVXwg9cs5FmW01vDSRamDQQP
+MHkm1EzSGiQeem5AuA6z9fy3eK7OCsei12Ww52yQpSM3l1km7wpFS6WxGwNXUic0ApQ3OBLwukG
EUPr3qHbg1KXN2ldsZs8+7pmmPt5yaCLzSF4JZjBNkghvg8q+b5ZiYw1xbLkESCYLbJF1iKbLzLG
nrxbCSQM372tsGoFFOots4oKvwpL60jeJlJl8Gcgz1TUJC/cVg0Fk7kFIWvEDBIPxTTlWBwvxVy+
gos3qlVTQ7WYTdW723O2mKjCcdFouq7DfzVhsqvVotFFFCcdGK78bMlS/MX15C+LCbFwkKb5DUuT
Ctlq3/1k1wln/2hEucExP+OPdvtkznDrgqbKVwPVHAYMMCwsGagWpIfYgg1TMsfxchNg2t3ucfXk
HbgWmA4ogEcRvros9YTyB81csbXgVVPSa+AMtBMIJBqkKH5ueIrypffPGRQfjWA7alEopZ8idrmi
mJaigFZ4CvrB9wjncJvWft2sAxAfmN9BtcnCC15dgYWUV2BwMxrwtgIdog+0nOKwVZlneQNqhuHV
LqNNKyabEnScXYblNzCC3QfJBhwXYesmA1PDIRL5OdkB8ATmWOa3CZiiADEAS2TiWUccylYRdBKj
UeMYNN5dltRfg/jqkqZFAjezyLZGk9kO8NCAgxkkFmJjqjidE6qxUXMyjrLJMlRnhA1lXpASqIOp
ZuxIXKvfbJ0sV+D1eL5ut++lynBQImXZFLWESoGhYNZAm+KLlAveS11JJD2H4xvcQPb9FKCNoM1B
a5CAdc16hgaDp3JQZ2mLbC1guY303u/SPADrwf0nJuHgB+ukxiCwFkse0IMOdi5FrZFw5YvlNP0C
tXaTkOTJosC7b6YSUWtkFXGIJ3/hBxN4lg3RxKUQ7ZLSyEFbDfozW+agqBz9Ga0CF1oSmVMibc40
5AJWp1gtS7c/PAe4ofcp+le8jH4b/VWdF0SCirMdSQpdxSB8FJh2o44gXLWlStcMSxFGQeAdeYWi
r/r6ESgkvyCSMGKwsIEslUGWYuJWhA0F31ySLD0Ss1o3WtyGQkTVliMZuE4vjufs4sXJOXt58urk
gh2cnb08OT5nZ8dv2LvTN98fv9llMIhdnMKoY/buxenLY3b25vTw+Px8Ng4BA3kYtqPEcSbKJKfM
jYG4QgbDlaCQTNLogq0OsofaIaLYQkOmEAqFDLOE6jDPgE8I0GBNyO/HjE0a2c0KUzDIBEOQHEaY
JRIIvdtALjMSrXGKOQQLApowuzsabUFtR4PaChFi3SAli+RKvcq5HQ9gXqKotqyamuK1eno/SYpz
U3G+5GUAnjHdluAUgO6XLrkakqNmMTULYveaZw1VKX1KoIJrwAaf7rY5YWyErRnK9BpDr1JLftdb
F5yxUxnzpcFDmZE3adTRkkASucnYlv5KIi6IfGDU0TTFK6z2nILFnSRJpiMxdLzFZb5uk62crUZM
+6bZ1zByozR5xzbYPSY1sI7ztrJElZU5vYndGnLUrAtZhslaj6kbU7zR6usIB6kJRDuR2XIAV5Dm
wdn5PQKGpA2JD1a4BiOrqkZgYKhXoLVlW5Zi0MLVtlTttoqUNYKqPmeSGhz6UTmt+e2Utm+rlvZD
XiA0WTdryLGQXktEXvMMyk9QJJNfQJFUbOWK/qJESR5z18agKi8URbTgFMvlBpKu1WnsKJe3xjYt
v9bS4peDWxeSuNTAPmdUOUxpe7jjDT/4QrUKlI8oPaBOFhgSS8GxeWFyjuRwyx1MU/KU/LQr4+Bt
tYsCTLFfUHg/jepTdrjIMlGjwuYqRUBptspTWWIGeK6EKnEiGaomMCGVZCi2yRZJ3ZWpJRBdsSnT
25O+ltpbGFbLTY3Id9lU7ymQlEcLT+uWGJUCKGpv61h6pIAlZCQ5x6aHCn2cDEBF1oy9gFoQbOkZ
FXfs8OztLsODjzAwi26SCMyeagUZPTv8U8I/Z05bdm8r8oqk0xs7YwcRBKoVT2P8NI1sEyIBNqyW
gkXlB5GA7p4jbtNeD1m/FTm+xaiGJSZPZwyJeHuWnbXF9rZTxF4CibrBE0QwsSmyYqquR93NK+V1
VfJBdPrEsrxVY4UJT5VMULZL8+ilVss35KSnM3am5qS8XNIErlpWZQu0YlzyJbIAOgGxVUVKFQv2
oXhKBZ2dl6inwzTBjzRRY42fJhFVzV5dvCVKK2AJ2Q6ammEjT6rcLiebi1kba9Z1M8VZc6K23x+K
jJ47ka/HDHcQQnz7vWMTGuU4TsIZoyy14lgEsGQNssGP4GBoou9WZvi1MaQFlHZNRK9QEhB1KRBD
iuYUziupUllKwNha2ShyIuRGggp1qps6OqUi6ejk/OBbqI+onmoysiEM2A1GSnpkKouEBI1RfZYs
6vcbWz63vk6f6Jq3Tds3TMdmTZWsKwhXdJ+pXr6Suw/ozVmVy+StPEJHZJJqie1wlecV7VC0vZpo
u3GK4ri9zCp+3WYL/KzVVH3jCu/12nggjE4jyKJNbd78lCeZ3BAgSX3N3gf5LXp+yU6O2M77tydH
T0Hv4PZAA4y/AbWhYvCULDgH9nBlpOQjyw/whnyruwy8/f23L1v8qr/rQb6mxfB5GhUOpF5VihBv
ebuVpNLoLdA3xRMJz/I4pmXhXhJvprdNEm0VQvKcDndxLmgbRrqa/ESqlAFFeuVXTaW2g0IIIrUM
s2rOVM6ZM/XAFZeRKUSFR7UK5kD8ZlTbo2Q4LR2n4t121HUibqZdgr5v50wK92CdNxg9YpnrVDAB
kbWixdyO0ZG2QkD9+JuSM0x+Q6m6N5kYz4RsvQMhkQUiRt+nb9WQK61aOyPTQvAw6Uv2caGOfYiB
jI9JBV5CylpMQD69j0rtfjJ5CZgixltzB2Lbyfi3o8Yc7fAE+PYc+lmVRDJnID8cdAoGVzVBXwpL
TKIwQkQyddJFl9poq0kZBw9DkQrqFKR506ppcgVLYJ9MkSjlwPqSvnoh4xgswdlKYusFOfD+qpYp
mYidojRa0qZb0UjWTo6qHl8YplHzEhuTD1g7NtWWU1vm0JyBkgDflBnsCZCJRwI7RW63tTpdzu4q
UwWvG55QNwvJBFo9aUVFXjRp6zbqAvM9jVFpwzRwQWqDkEtaCTMuRi4oCVSDgRC1kTdXpQ7uO1Jz
LcGyUlCWhV9a6iJ0tA166JlT/FzkCNQFhiFYnTzo5XSIB1N5uKobuQK9zSUps2K9LmZJThRDqNus
sTkEV65xnzWstqRjmlL32fY+sUBhji+XpViqLUW1/yi3WfDrgldj/og+iDWnR6f4rbGpSgqyPsDw
dSNkB8LByW9oxYoI3zJAsFnv6QDk6U7yTYFnmKRy7ggVFCrvK2OCSghPGFAu6+WbQ9zEF/29vF1I
DsWKg1sIjOwl0tDWpZAxYlFC7zHFuJhhMpR329wlMwcf7A2qUx+9ZNtADQ61DcXWNoQphKRleb9d
445WJV99tdbJeptBVDZGpDgerR4TBmoRwzguSJuealK7wT3bLqDu9FdoJffpfK+SidSk9IDeXpLC
AehrJc9212ilgDLElV0noaIDbsJDsxZRGZTEHSJ8mN6U8tEMRpt2K0VGXsCnolObbzkeL1R9GpTW
HA9LqSssgIBGpat5qzR5D2wU9/Tm7F9UuUDRukubfD8iUpmYu+Tdf2REbGAlXVKAx22U9sNbtD9y
Xx6l+EztY0UdA7Xf+EplkQpVBPTJl+sSXP4EjOgGliZz6nbFOXv+8uBCArHVELiz9jd1dGPX9m/p
zYpd8zZKynqXgu7fVKUnn7X0Ny2kE2OiA9GqPUXeKKtLQVnhhskPLDZlG3fbTq3sntJQUAE8kI5C
elxWtXKatk94wARkWf/kOUUTWorGD5BQXawglz3IlOrLXuGXy9pf3EJsq1STG15hm1RRQwfBLUhS
/HYqFXI0DvkFUqAFk5lCuorkkvBDZVR24Rif046Vig80z7YqPqSnmvRYbwFVy5PnZcKORMgMixnG
3LTntsbenXzLDM3QcUD76O2ZgAgL1+u8jp7J93ZLfApIX7VEZ3um+zqkriHw2iGwiWDVHSQFAMG6
AXKzSmoxxUduWKsSdmigVLn2zNYQsuS4fRCJZ3QlHwd2MDULN2zxwU57XVwXaoUowY4KTHjzjEjr
LLJLcM+ISSqGscbestYWyCLqDcFn8c+Ojp8fvH150eOJHgyqJSk9oK+q60H5+sxDUK9EpyGTX/4f
XssmkA==
===END CRASH DUMP===
