PocketMine-MP Crash Dump Mon Dec 6 09:24:08 WIB 2021

Error: Undefined property: pocketmine\block\Opaque@anonymous::$x
File: plugins/PlayerStats/src/hachkingtohach1/PlayerStats/PlayerStats
Line: 603
Type: ErrorException

THIS CRASH WAS CAUSED BY A PLUGIN
BAD PLUGIN: PlayerStats

Code:
[594]                 $player->getWorld()->setBlockDataAt($block->x, $block->y, $block->z, 0);
[595] 			    unset($this->cooldown[$player->getName()]);
[596] 			}
[597] 		}
[598] 	}
[599] 	
[600] 	public function onBreak(BlockBreakEvent $event) :void{
[601] 		$player = $event->getPlayer();
[602] 		$block = $event->getBlock();	
[603] 		$vector3 = new Vector3($block->x, $block->y + 1, $block->z);	
[604] 		$nbt = $player->getInventory()->getItemInHand()->getNamedTag();
[605] 		$farmingfortune = $this->calculateFarmingFortune($player);		
[606] 		$foragingfortune = $this->calculateForagingFortune($player);
[607] 		if($player->getGamemode() == 1){
[608] 			return;
[609] 		}
[610] 		if($nbt->getTag("Farmingfortune", IntTag::class) != null){
[611] 			$farmingfortune += (int)(($nbt->getInt("Farmingfortune") + 1) * 0.1);
[612] 		}
[613] 		if($nbt->getTag("Foragingfortune", IntTag::class) != null){

Backtrace:
#0 plugins/PlayerStats/src/hachkingtohach1/PlayerStats/PlayerStats(603): pocketmine\errorhandler\ErrorToExceptionHandler::handle(integer 2, string[57] Undefined property: pocketmine\block\Opaque@anonymous::$x, string[79] D:\FoxCraft\plugins\PlayerStats\src\hachkingtohach1\PlayerStats\PlayerStats.php, integer 603)
#1 pmsrc/src/event/RegisteredListener(75): hachkingtohach1\PlayerStats\PlayerStats->onBreak(object pocketmine\event\block\BlockBreakEvent#115165)
#2 pmsrc/src/event/Event(62): pocketmine\event\RegisteredListener->callEvent(object pocketmine\event\block\BlockBreakEvent#115165)
#3 pmsrc/src/world/World(1726): pocketmine\event\Event->call()
#4 pmsrc/src/player/Player(1582): pocketmine\world\World->useBreakOn(object pocketmine\math\Vector3#114970, object pocketmine\item\ItemBlock#114267, object pocketmine\player\Player#25756, true)
#5 pmsrc/src/network/mcpe/handler/InGamePacketHandler(367): pocketmine\player\Player->breakBlock(object pocketmine\math\Vector3#118526)
#6 pmsrc/src/network/mcpe/handler/InGamePacketHandler(223): pocketmine\network\mcpe\handler\InGamePacketHandler->handleUseItemTransaction(object pocketmine\network\mcpe\protocol\types\inventory\UseItemTransactionData#117669)
#7 pmsrc/vendor/pocketmine/bedrock-protocol/src/InventoryTransactionPacket(114): pocketmine\network\mcpe\handler\InGamePacketHandler->handleInventoryTransaction(object pocketmine\network\mcpe\protocol\InventoryTransactionPacket#118532)
#8 pmsrc/src/network/mcpe/NetworkSession(395): pocketmine\network\mcpe\protocol\InventoryTransactionPacket->handle(object pocketmine\network\mcpe\handler\InGamePacketHandler#114782)
#9 pmsrc/src/network/mcpe/NetworkSession(358): pocketmine\network\mcpe\NetworkSession->handleDataPacket(object pocketmine\network\mcpe\protocol\InventoryTransactionPacket#118532, string[54] .......=.........p.............{..zzB.l+A.............)
#10 pmsrc/src/network/mcpe/raklib/RakLibInterface(192): pocketmine\network\mcpe\NetworkSession->handleEncoded(string[62] c.abd.b..F.FF[.6v.F.. ............L&&F......8.p.....*.y9......)
#11 pmsrc/vendor/pocketmine/raklib-ipc/src/RakLibToUserThreadMessageReceiver(42): pocketmine\network\mcpe\raklib\RakLibInterface->onPacketReceive(integer 0, string[71] ..W.k..E........V...b.=l...R4Y...Pb..e.../I...3..{..P.....c...r.n......)
#12 pmsrc/src/network/mcpe/raklib/RakLibInterface(122): raklib\server\ipc\RakLibToUserThreadMessageReceiver->handle(object pocketmine\network\mcpe\raklib\RakLibInterface#23664)
#13 pmsrc/vendor/pocketmine/snooze/src/SleeperHandler(123): pocketmine\network\mcpe\raklib\RakLibInterface->pocketmine\network\mcpe\raklib\{closure}()
#14 pmsrc/vendor/pocketmine/snooze/src/SleeperHandler(82): pocketmine\snooze\SleeperHandler->processNotifications()
#15 pmsrc/src/Server(1645): pocketmine\snooze\SleeperHandler->sleepUntil(double 1638757448.1376)
#16 pmsrc/src/Server(1034): pocketmine\Server->tickProcessor()
#17 pmsrc/src/PocketMine(301): pocketmine\Server->__construct(object BaseClassLoader#2, object pocketmine\utils\MainLogger#3, string[12] D:\FoxCraft\, string[20] D:\FoxCraft\plugins\)
#18 pmsrc/src/PocketMine(324): pocketmine\server()
#19 pmsrc(11): require(string[56] phar://D:/FoxCraft/PocketMine-MP.phar/src/PocketMine.php)

PocketMine-MP version: 4.0.0 [Protocol 475]
Git commit: 468faa464b2bc5c97f23fafbb71ea61035f6f218
uname -a: Windows NT DESKTOP-BVRHES0 10.0 build 19042 (Windows 10) AMD64
PHP Version: 8.0.13
Zend version: 4.0.13
OS: WINNT, win
Composer libraries: 
- adhocore/json-comment 1.1.2@fc2f76979f0a44a5f5bc2a2b600d0762fe0e78e7
- brick/math 0.9.3@ca57d18f028f84f777b2168cd1911b0dee2343ae
- daverandom/callback-validator unknown@unknown
- fgrosse/phpasn1 v2.3.0@20299033c35f4300eb656e7e8e88cf52d1d6694e
- netresearch/jsonmapper v4.0.0@8bbc021a8edb2e4a7ea2f8ad4fa9ec9dce2fcb8d
- pocketmine/bedrock-data 1.5.0+bedrock-1.18.0@482c679aa5ed0b81c088c2b1ff0b8110a94c8a6c
- pocketmine/bedrock-protocol 7.0.0+bedrock-1.18.0@040a883a4abb8c9b93114d5278cb5fecc635da82
- pocketmine/binaryutils 0.2.2@f883e1cf9099ed6a757a10a2f75b3333eeb2cdf9
- pocketmine/callback-validator 1.0.3@64787469766bcaa7e5885242e85c23c25e8c55a2
- pocketmine/classloader 0.2.0@49ea303993efdfb39cd302e2156d50aa78209e78
- pocketmine/color 0.2.0@09be6ea6d76f2e33d6813c39d29c22c46c17e1d2
- pocketmine/errorhandler 0.3.0@ec742b209e8056bbe855069c4eff94c9734ea19b
- pocketmine/locale-data 2.0.20@a6e4eb22587e0014f6d658732cf633262723f8d3
- pocketmine/log 0.4.0@e6c912c0f9055c81d23108ec2d179b96f404c043
- pocketmine/log-pthreads 0.4.0@61f709e8cf36bcc24e4efe02acded680a1ce23cd
- pocketmine/math 0.4.0@6d64e2555bd2e95ed024574f75d1cefc135c89fc
- pocketmine/nbt 0.3.0@98c4a04b55a915e18f83d3b0c9beb24a71abcd31
- pocketmine/pocketmine-mp 4.0.0@468faa464b2bc5c97f23fafbb71ea61035f6f218
- pocketmine/raklib 0.14.2@e3a861187470e1facc6625040128f447ebbcbaec
- pocketmine/raklib-ipc 0.1.1@922a6444b0c6c7daaa5aa5a832107e1ec4738aed
- pocketmine/snooze 0.3.1@0ac8fc2a781c419a1f64ebca4d5835028f59e29b
- ramsey/collection 1.2.2@cccc74ee5e328031b15640b51056ee8d3bb66c0a
- ramsey/uuid 4.2.3@fc9bb7fb5388691fd7373cd44dcb4d63bbcf24df
- rhumsaa/uuid unknown@unknown
- symfony/polyfill-ctype v1.23.0@46cd95797e9df938fdd2b03693b5fca5e64b01ce
- symfony/polyfill-php80 v1.23.1@1100343ed1a92e3a38f9ae122fc0eb21602547be
- symfony/polyfill-php81 v1.23.0@e66119f3de95efc359483f810c4c3e6436279436
- webmozart/assert 1.10.0@6964c76c7804814a842473e0c8fd15bab0f18e25
- webmozart/path-util 2.3.0@d939f7edc24c9a1bb9c0dee5cb05d8e859490725

Loaded plugins:
DevTools 1.15.0 by PocketMine Team for API(s) 4.0.0
PlayerStats 3.1.9_BETA by hachkingtohach1 for API(s) 4.0.0

----------------------REPORT THE DATA BELOW THIS LINE-----------------------

===BEGIN CRASH DUMP===
eNrtXHlz20aW/yq9cmoiTUQKNwGmlPIheaIa29Ja8ji7ocvVABokRiDA4NDhVL77/t7rBgnSsseZ
ZLf2D2vGNtDofvcNKL/uZVW9lO37G1U3eVXuTb3DvTZfqr2pHbjhxJ94Xjh23SB0/MO9bqUf+c7Y
CyJ74liWFYa+ZR/uFbJpT+u6qvemv+619yvs2uP707tE4RhAH+4tVdPIOT16U6Yqy0uVilVdrVTd
3k/FqkquVbvE6mwWF7iZzc5X8pdOPZZlVd4vq66ZTr+5A5ysK4rneUGATqaz2fPq7lkts3Y2WxXd
PC+b2eyikPeqvmxli5umTmazhUwW13k5byu6sne2DG7Gq8WKcGj4BuLRYMMR4B3tgNt6PrgGoAIM
7U0Dy4Vga5ng+ue9R5b4g4D3AfBgW2aKxL2QZVqoejZj4V9Va/H/qB9Mp3rHfl62aq5q4RyKpq2B
8Gd/8k78Ab2s4Uyid+J/Ry2HoqeauIdsH9litSSp0R91o8r26LWa502rapW+oH9LVe9PfEjqixGN
fqjKp7WS1/tV/E+VtNsyJhxrMTylf3jvKa0/sm3fDnwmzPmIMN6yHzi7WtMQPyZ79EMii0Kf+iOU
uANKbqu6SI/e0t/7cN/gYVoYhEa/zyC8AYgVS8qY4r7th7sMMY7ZjJGMfugaxWSdlw8xgcizmM3+
geWqdkG0F02sQ/HAxrxVy9nsDH8zp7TVCSYPbtUE9ip95PgTPzgUbd0p5sUf8FKqFtReHy2TlToy
nnN0Vv5NLtWFJIjGafbdYLLD5TaW0Q8xMcm0fQmfoQ/ZEzXBv0ON4+y6vjkKRDhLTmWCwAOnRz/o
p28aReK8qmXZyIQixEOE7wBGUGirpCpmMwrx8Ju8JFup6vvZ7GOAJ7KVYHYSBBEzOzHM4kha1Ucb
PEexSmvcjXr4LI+zHvYApGZlH+r/4xJ4CP7vksGnCWQVuw5zHX5Kxa/0zSWSImF2I//zPH0J4p63
L+DjcyIi/5qEmv7oS+n3w8/Tv72/p5SMxGj1T5X9Jq1578RY/xyP+5/VePjz63j84cPTcfHdk61l
nWGsT/Ffy+sij49ey+sXeXyGxFRnSO/7duT8O3I4LZMqVem+oTpw3olkLON0HI/Hz8fPn/88Dm5w
MRZDCl/85S/P9VVoWPrr+D4aUm9/0uc0+aN8pVnTbFxVcOP6aoFolr7U1dprlagc5eG+9y/40gCR
yrYFQvlUa8ZAWpce1qZksElHb8fX4/Fpz9s/8CceHxf457X3X/j7ApJQ+PfoDH+5rLUL3pngTz0u
h2w7v1dpDjHXcwAR3JBnQDY9O58RzO/wuU+I6JHjBoGnKXc/qbCmrKoPilm6LJRCddYnBPtfJYRP
quYLzvyaFFXT1eo3XQvY3r9B4EdFgt46m23vAz1IA5Duq6rNszyR5NWNwTtM3JesoH078PwvBNzQ
/ZuyzYv9tOriQolBf2O7E52O7eABJJa7m2z0k9EPbZ5cX2iKq9qQORlAuOAzL3Fm37XsTwB5/z4B
k6hPknUEfCob9QwdVfOikinVMA8WOh2YQQp+KfPyRTWHQz1y1w5lO7s1+PqRY32yPNcchJ/gwNkV
g3YTw7dJE0jN5Ejqly6vVR/M/OCdWC1kPT06Opke9YgHwEcvL8a0YQcn1fwHe+9+O9xT/2et5Z/e
9oF6De09iqWquFFLJC6gSCGgpN3rn2JlGwClA+LYjzw8Ezs/36xM4TlXra7nD2DkquUSlHLqk3b/
G2Z19ANas/7yfnP54VBYB98DkR/5QDBr6X8EuisBZ/+bdpGjF0qqqkir2/LnIcJXqBf2D96Z08H6
9G98PzH3+i7kO30d8TUuA8viyxU8MU9E1pWcwEXfee20M+Ib7kwOxPSmytNfGYBtsBi6xLHZxASa
7oQJDCyn38qcb+/UJfvB94Yst996o2t1bC7VrTCV+4MSFd8JeyDVNSivB1XGLeEcyG9dvJDS6B51
8xl36GaBBJxeyXnPQa+gbzJZw4rnWVW3XakIrFGTLJKukK16rjc81xv2DVYiypAVrEFVtZx/HpbZ
8REwBtSrOc/2h7xRLbmE6e4fiONjYR9obYVrG6lV29WlBhENLCWwrQFAyIyhkQxme8+3uJ7tHQqk
MDyaThOKkgfiP6Cmrig0MtteI9uV13fHgqqPg/0NBkB6AMMBafVA/FVYY1vzaztbxLqfJnZbrp+l
9revM6GvM6GvM6GvM6GvM6GvM6GvM6GvM6GvM6GvM6GvM6GvM6GvM6F/MRPqxyYNjUhO1M1VVRV8
XcolfxfQLx3urT9t2LPHtj+2sCS7dlHVDbVdG8jiSsklQZarnJ54Ywubca9KCeNI96ZUMB7upTCi
MqXDeNZUWXsyXFhKnuX0+GezASUFVIdnl1dPXl+9ucDCrYoblLFYW7TtqoEs5nm76OJxUi0HPB+t
YaBhHE6JNvxuz442LLtjexy9f3p69WSb7Z3W589i+4s7qo00Ls4vr96ev35x8qA8bmWbLJpF3o5v
lYqLe5bM3m80VJM1WEfU2lFjbzfMwh3aJpIEi+pZVRPoEAyifz/cixOqwYcraG/AEs4O16rl+7Rq
EQm3Vs0gcrPQ1cXwPpXt1vMsL0DrcGW+XA1vF7LZoiVHCLgZLvyzYY2u75exdqWttapueRfuxw4W
mlYSQ+lw0yrZlsNrlRWKq6XhasMSbbaX0rxbDlcuL15sob9vfilKQmauxPpRW12rMv+wLYK7O8M1
kWtj4V4uSYrO2OHbD/lKu2009ukWyWd4HLd3y22pV0SeY1mubTsRFi5OzrdYT6v3TNruIpbybYVV
sO6m2dp4mS9Xhfrp5RbPOxTgluqBHT6XxW2d7+h/1XLlQBLWPgdqFzu2t+jKa47pDgvJZank8zgv
ZX3P7u2MA5IE2vQijc0mApXU96u2MguOFlYKRWuzJHnTrk3ofr/BNXhO4/C8zKotu00/Unm+ZSUs
Sne4VCu4B/nhvNO22MP/b7ibOL9IECwGwifvXqwMXsJIsw9ZDMPd0N3JlZEdN9+wreUZd3kBdI6F
2n8vb96nCh6VyaJBPOv7hr2pN/GBIyf/9oIwk9ILvNiJEz+JJpnjZjKL44mtZIC072dB5tghYHeG
lLc5ap7bRry6Eienl3+/Or8YPf3H6x9PLy1hgwrBNAg7sjxH7PebbetAPHl5Enh7zOpQVh8UO5C3
NpPF6n1FOnl79urVFRkm3dzmpY5Nqwop9z2UW8s6VxznZLoAY7U6oogxwh7zxsGmmPA4S5xsEkST
KLOk50k/8+PEkU4cWFZqTQInU5aahGpC4qtRzByZIGmNo7H7OJH+JLXDzHLCLPSyyWQSO3YQJqkd
2XZspUo5rudKxREQCkH0QcCmsVGMen90I4sckZHe5UCA12V1Wz42/5K1zeuqadQRWJZNSWPcG4fM
+bFjOVFkuW4C+XuuZak48AM1UaEKwyTzndROgyDyCCvidK0aJetkwfwv5WrFfnfDRvE4jOPEcmwZ
qjR2lCcnSjpZKFMvk5FKojRRTpbEYbrlHOthBGiXLEnUEd/1i5ArtPfYC50kmERS+iq14tBOLBDn
xHaW0Z1tychLQhkkD0PemOPehAjdhW55lgxDV3oyjsMkiiNEOC/1nUmYxH6mkiRw/VSGzg50DhQb
r3bIAABG2UkWWVGk0kCi4JWgDlbhxy5+kGedJM2ibUgPqhBODJsIvEk48WBSQRAnEhL1w9B3PEeF
fuK4ieOrMPF9uUMaD8OLyoRKIg0ijJR0LTeKXJWlWexGSepajnJsP0h9C6BDx4pgnTuQqqLawLCi
WAVw1nQCT1WumwahDcOJUidKHCfxgsSeKDvdoWY4KO+j6GOVTDwnJpSh5QdxDIZ8K4gST2UZlBlN
XE9JO4q3QRUVlRG9qYCksWM9loHyIFfHDyfKsmwvC9IA166TZIHrOoEzQaAJU3cX1JyJ8YiYIIls
J7GgN99PQnDg2laoEhj/BOYQZJ7lJZb3MYTRINFoUIGdTYipJHOhscTxQBvc3pFJCoMILWnDC9xk
xwfWcYBBpIGnHN/349RREVm846Fxgg2lOJwltgsao2zH2Mu4XQs3ChNPWl4My4hsXyGmhG7qxhZs
G4KCY9oyhvrtbQibyxGXT9qpf0fY/mjaobORB8dQrgwD24YtTyxloxlOgsDx4Xg2gp3nTRRCRyxV
8hAUmpn0dczjyHFk4HkemAmSSSoREuj/oevYFmxPJd7EDaXaka9uU/s8/9iSSYhYDZu3E8+OpJ1B
4vAvOH3o+hR//Ug5bHwohBt1T36wqeNs9vUEPxNPKV+5ToiiKIYneVbs27BnpWBvcRwEiSU3QLou
1+kHkRe5IoIMs9h3wzCI7CyduBPYheelSeylAU4nmeOlGR1fdMtGyv78x8G9uV9mVXkPDRb3KCuK
UV9C34BUl5WYpJE/iSYqQvRxwyxNndhyg8hFgEPeUVCvBeN6CBYyRmitYdmPEW7RorsqtWWEICAB
LZLKdhDbkTyQsSzH9ybxJ2HZA7pUAKOIMjclO8+QgiIvhK/aVuIlLohy4bwR/tb9y7L6IOv2CLFN
1SbpkoUGUeAlE1hDaHmh7cnQc2AEyoKOU9uPZWxldgiH2gKygseNKHhzHCFa0siNsolK4bMJTCKO
o4Ryrp/Elp8iG4K2yJoADHdIa9sa33OR+kjQYECgscjyeVfzKEVQiSeyqhZbNdWsfCSuFkikolFt
iy6jEbJWol0oUZWqwYVsRSLLsmpFrEReJkWH4IELoUcAY/OyEDUJwbqsljiZEYBdmI3M1KGo8KRu
CKTg9ybivupqA0vkmVii98hyxoDahj6dKO4J8Ct1uwZ3hAJXdkXbiNuq/LYVlPplLdD2VgheOaWw
e6KQ3nNrvm8XqhTdal7LFADGs3JW9sCms1KIR28XiggTbQUsqFUBwgxNIAMaM1NBnerHTKqO/gLy
LFTL8kLRmSdK6ORCK0uCDIknalRIKonnaiq4KqUHzaJr6YuLkfmkZSpme3ouJGjqptLZHlP2pCiq
W1HkDVHbvzoWN7kU/9mp+p72/EIXI/Noyu+7+Ogpd/bmjABdgspFer0LoRC0+F4YUdJ+PQgYrR8P
iH30Fh4Di4BcZZoKVF5a/CRWmoSJpZI0KKQKVEDosSKiIRz1SycLEts8v8FeFBWdEvsGqXCsA4Ku
MapRrVboa0cQO420pnjMuF91yxhSgVU9ae7L5Eo214KmlbCjMW94A2mxafec0rZFXZVVB+1he3Mo
+NWk0B0G+cOhoKK61oN4lg38kdaWXWmmjxr4JasXPMHK6uouh4UpiAEsseWWa+JItoags4xslfaQ
TR6KvP0W4mtrPpaqlsZ5ZDI7h8U+eOjgNw6LhdkYGU6nDGrXViUbR92VJakzpe6wWrESuB1pxuJE
3ZhrscznCzhzjVb8cOh8xnBIInXdrVq9qgVGglmCNsMXKxdOyb1Gqh1C0sc6IPthCshGyOZQ8Oew
rvHA0LB5pDetLW1W0lcl9b12yr8VVQzroSGU0Ovwg2Xekm8v1VzG9y0kLi61qC0Wbt4QbD5+RVq7
zVnybFFw2tuRBtQbWcMcZjlIRETil+AEJquV6lFqI4e2OnJTMa+gqIrclKyCEM2ZzBGTNhUWcQHs
HIJ1Rfb/ngOa6n2O/gW6+T9Gf9NWKybBhM81SQZcIxA+VpRN0zVBhLWnykbdaQjjIPCWvcLQ13z7
J1DIfsEkUcQQSYfkUyL5CHWnko6Db6VJ1h5JyWq9W90lSqXNhiMduM6vTqfi6sezS/Hi7OXZlXhy
cfHi7PRSXJy+Fm/PX//99PWhwCZxdY5dp+Ltj+cvTsXF6/Nnp5eX490QsCUPxw+MOC5UnVeckCkQ
N8RgslAcklka62BrQ/YoCVKOLbxlhFCodJhlUM+qEnwiQMOaiN9PGZs2stsFZVbIhEKQ3saQNRCE
3k0g1xmJcZxTDqE8zwfGH+8mWzAjaahtpRIqB7RkiVytV312zQPMS62aDauuZXhtDh4myXDuGs7n
so7hGaNNZc0B6GHpsqsROeaUMKcQu5ey7Lj4GFKCwqyDDR4c9jlh1wh7M9TpNUOT32p+lxsXHItz
HfO1waN6qLoiXdOSI4nclmJDf6MBr5h8MBpYluEV2J5zsPgoSbLpaAhr3rK6WvbJVp82O0ZD0xxq
mLgxmvzINsQDJrVlHZd9wUgqq4GJzNAYctotV7q60iWcMA9G9KDX1wltMgeYdiaz5wB3SPNwdvmA
gJG0kfiA4QZG1jSdosDQLqC1eV9tUtAibBuqDntF6hrBFJVjTQ1t/aSclvJuxLPYpqf9mVzRar7s
lsixSK81AW9liaoSihTmC1imYiNX8hcjSvaYj20MxfbKUMQIR1QFd0i63lpjJ5V+tGvT+mPdHr7e
3LuQhmU2DjnjymHEs941bycghWsVlI8kPVCnCwwNZcUfCQh9RnO44Q7HjDw1Pz1m2rypdkmABbUB
Bu7nQX3ODmeleR0+NSkCpdmiKnSJGdOLKq7EmeSGvksUJslwbNOdj3mqU0us1sWmTm+PhlrqH1FY
re9bAn4oRvZAgaw8Rjxqe2JMCuCovalj+f0AlZCp5px6GS706TB92anJGosfUQvy19RU3IlnF28O
cRY0xPCv2zyF2XOtoKPnGv6I4U9F0Jfdm4q8YekM9o7FkxSBaiGL7AitpG4TUgUbNqiAVNBckAxs
4IibtDcANmxFTu8oqlGJKYuxICLeXJQXfbG9aQCplyCibpE26WC3Klcjc7/T3bw0XtfkH9Ran1SW
92psKOGZkglluzaPQWr1IkcfOhiLC3OmkPWcD0jTiRpbYIxZLefEAnQCsTWrgisWai+XIJ6cXdak
p2dFjl26X6Y366ppxcurN0xpA5aI7bhrBfXnrMoNOt1cjPtYs2y7EZ2aMrXD/lCV/BKJfT0TNBhI
6B39mk30v1mWJ2PBWWohqQgQ+RKyaUl30Ab/xwUQpg6ZFijtholekCQQdTkQI0VLDueNVqkuJbC3
NTZKnCg9HzChznRTJ+dcJJ2cXT55ivqI66muZBuigN1RpOT3n7pIyMkYze9gpMN+Y8PnxtdTFXfz
ad+0/UCf+EMTumRdIFzxc2Fa9EYPFciby6bSydt4hE3ANNUa2rNFhSaevLDv1VTfjXMUp7GxaORN
ny1widZbf1FKzwZtPAjjV/O6aDMzmX9WeakHAiypb8VPcXVHnl+LsxOx/9Obs5MD6B1uDxqw/xZq
I8XkSPdwDurh6tTIR5cf8IZqo7sS3v7T0xc9fNPfDVa+ZWT0cowLB1avKUWYt6qfEJk0egf6RvRl
wnGVZYwWz/LsfnTX5elGISzP0fZw5oqnK9rV9H/HQsuA9xq/6hoz5UkQRFodZs2ZkT4zFebtKaHR
KcSER4OFcqAs5+sepaRjxW4qPux33eTqdrRO0A8NxLRwnyyrjqJHpnOdCSYQWS9ayu0UHXkUAvXT
NSdnHH7NqXpwmBkvlW69Y6WBxSoj329W8paNgmzUfKVMpkXL20lfs0+I1uwjBgq5S6r5JgvYFPLp
Q1RaD5Mpa0BKhezNHcT2h+nfNTXuzoSHv2knP2vyVOcM4kdCpzC4pouHUphTEsUOlerUyTfr1Maj
JmMcMklUobhT0ObNWIv8GiioT+ZIVEiwPq+r23ah4xhQSLHQ0AZBDt7ftDolM7EjkkZP2mgjGs3a
2Ukz4IvCNGleQxP6temaTTNy6ssc/atGQyUB3kg44hHIRKu8UeRmrLXW5fhjZZrgdStz7maRTNDq
aStaVSv+VSB2G3ND+Z73mLThOoSQ2yDikjFRxqXIhZLANBi0YgZ5U1Pq0NyRm2u9rCsFY1kgZBOh
003QI88c0VexO0vrwLC9bD4jGOR0xIOR/rhovXMBvU01KePVcrka5xVT3P8mywiu3NKcNWk2pFOa
Ms/F5jmzwGFOzue1mpuRopk/6jEL/cbP9S5/TB9izfnJOX0qNzJJQdcHFL5ule5AJP9CGmFsmPAN
A43+lZjN0B95ei35bkUfJGnlfCRUKFQ/N8aESoi+G+BcNsg3z2g2r4azvEMkh9VCwi0URfaaaOjr
UmSMTNXoPUYUF0tKhvppn7t05pBbs0HzCccg2XaowVHbcGztQ5gByFrWz3scH2lV8zVUa5svNxnE
ZGMCSvvJ6ilhkBYpjBNCHnqaQ/2Ae7xBYJ4MMfSS+3y+N8lEa1J7wGCWZGAAfGvk2U+NFmZRh7h6
3UmY6EBDeDRrKZdBebYGRC/Ju1q/caFo049SdOQFPBOd+nyLmkw2pk9DaS3pyydzRwUQaDS6mvZK
089gozTTm4qfuXJB0XrIQ753BJRbsE3yHr4JYjaokq45wNMYRQcvsirVPphHOT5z+9hwx8DtN/ST
g1ZTBAzJ13iZBn0JiOQGnqVz6gbjVDx/8eRKL1KroWiy9r35IuPQj+7AUakO3bs0r9tDDrrfm0pP
v2sZDi20E1Oig2jNTFF2xuoKKCu5F/pb367u427fqdXrtzQcVAAH6Sjht2BNL6dR/4YHJqDL+kfP
OZowKt6/BYTrYrPyfrAy4vpyUPhVuvZXd4htjWlyk2tqkxpu6BDc4hwNyr0u5Hgf8QtS0ILpTKFd
RXPJ8FEZ1etwTK9fd5VK7ykvNip+xi8r+W3dDFXLo0tk3xOVCE/Yk6kXTV1XvD17KhzLsel5/0Lt
WCHA4n5Ztenx1ptNoV+m0UONe0Sud2xHNhIZFm8XeatG9F6NClKGgS7J1GTHjkUrc/NLrsd8p1/l
rdfMKZrK0tub/n51szqGk+Aqzaltgp3eHzPGtdmts9gxs8IVLxXSx831vf6lvnpTCKt0sItepR+f
nD5/8ubFFa2azoZfABqsnAbIJ839Vpl6HNLSoBTXR8oSpUKy7j9Q6uVK/wJ7Y7boGpI+XtJToWM7
GOCvEX16/ul6TJN8OGB6/Ff+2VLBTcBKcAfn8xUWNaK93/4HSUvoYw==
===END CRASH DUMP===
