PocketMine-MP Crash Dump Mon Dec 6 06:55:45 WIB 2021

Error: pocketmine\entity\Entity::__construct(): Argument #1 ($location) must be of type pocketmine\entity\Location, pocketmine\world\World given, called in D:\FoxCraft\plugins\PlayerStats\src\hachkingtohach1\PlayerStats\PlayerStats.php on line 517
File: pmsrc/src/entity/Entity
Line: 220
Type: TypeError

A PLUGIN WAS INVOLVED IN THIS CRASH
BAD PLUGIN: PlayerStats

Code:
[211] 	protected $invisible = false;
[212] 	/** @var bool */
[213] 	protected $silent = false;
[214] 
[215] 	/** @var int|null */
[216] 	protected $ownerId = null;
[217] 	/** @var int|null */
[218] 	protected $targetId = null;
[219] 
[220] 	public function __construct(Location $location, ?CompoundTag $nbt = null){
[221] 		$this->timings = Timings::getEntityTimings($this);
[222] 
[223] 		$this->size = $this->getInitialSizeInfo();
[224] 
[225] 		$this->id = self::nextRuntimeId();
[226] 		$this->server = $location->getWorld()->getServer();
[227] 
[228] 		$this->location = $location->asLocation();
[229] 		assert(
[230] 			!is_nan($this->location->x) and !is_infinite($this->location->x) and

Backtrace:
#0 plugins/PlayerStats/src/hachkingtohach1/PlayerStats/PlayerStats(517): pocketmine\entity\Entity->__construct(object pocketmine\world\World#23517, object pocketmine\nbt\tag\CompoundTag#115346)
#1 pmsrc/src/event/RegisteredListener(75): hachkingtohach1\PlayerStats\PlayerStats->onDamage(object pocketmine\event\entity\EntityDamageEvent#115307)
#2 pmsrc/src/event/Event(62): pocketmine\event\RegisteredListener->callEvent(object pocketmine\event\entity\EntityDamageByEntityEvent#115289)
#3 pmsrc/src/entity/Entity(522): pocketmine\event\Event->call()
#4 pmsrc/src/entity/Living(482): pocketmine\entity\Entity->attack(object pocketmine\event\entity\EntityDamageByEntityEvent#115289)
#5 pmsrc/src/player/Player(1669): pocketmine\entity\Living->attack(object pocketmine\event\entity\EntityDamageByEntityEvent#115289)
#6 pmsrc/src/network/mcpe/handler/InGamePacketHandler(424): pocketmine\player\Player->attackEntity(object pocketmine\entity\Zombie#115099)
#7 pmsrc/src/network/mcpe/handler/InGamePacketHandler(225): pocketmine\network\mcpe\handler\InGamePacketHandler->handleUseItemOnEntityTransaction(object pocketmine\network\mcpe\protocol\types\inventory\UseItemOnEntityTransactionData#115278)
#8 pmsrc/vendor/pocketmine/bedrock-protocol/src/InventoryTransactionPacket(114): pocketmine\network\mcpe\handler\InGamePacketHandler->handleInventoryTransaction(object pocketmine\network\mcpe\protocol\InventoryTransactionPacket#115279)
#9 pmsrc/src/network/mcpe/NetworkSession(395): pocketmine\network\mcpe\protocol\InventoryTransactionPacket->handle(object pocketmine\network\mcpe\handler\InGamePacketHandler#114556)
#10 pmsrc/src/network/mcpe/NetworkSession(358): pocketmine\network\mcpe\NetworkSession->handleDataPacket(object pocketmine\network\mcpe\protocol\InventoryTransactionPacket#115279, string[32] ........,&...zzBk.UA............)
#11 pmsrc/src/network/mcpe/raklib/RakLibInterface(192): pocketmine\network\mcpe\NetworkSession->handleEncoded(string[68] c.abc.b.jm...C.f.;10x82..f..&.%..X..$V..10(.103p2.0..5.zRU...#......)
#12 pmsrc/vendor/pocketmine/raklib-ipc/src/RakLibToUserThreadMessageReceiver(42): pocketmine\network\mcpe\raklib\RakLibInterface->onPacketReceive(integer 0, string[77] ..B..E?<.T\.....7..}..+."7......#lk.G{...z...T.*....C.......SX.i.._.P....'..V)
#13 pmsrc/src/network/mcpe/raklib/RakLibInterface(122): raklib\server\ipc\RakLibToUserThreadMessageReceiver->handle(object pocketmine\network\mcpe\raklib\RakLibInterface#23664)
#14 pmsrc/vendor/pocketmine/snooze/src/SleeperHandler(123): pocketmine\network\mcpe\raklib\RakLibInterface->pocketmine\network\mcpe\raklib\{closure}()
#15 pmsrc/vendor/pocketmine/snooze/src/SleeperHandler(82): pocketmine\snooze\SleeperHandler->processNotifications()
#16 pmsrc/src/Server(1645): pocketmine\snooze\SleeperHandler->sleepUntil(double 1638748545.1026)
#17 pmsrc/src/Server(1034): pocketmine\Server->tickProcessor()
#18 pmsrc/src/PocketMine(301): pocketmine\Server->__construct(object BaseClassLoader#2, object pocketmine\utils\MainLogger#3, string[12] D:\FoxCraft\, string[20] D:\FoxCraft\plugins\)
#19 pmsrc/src/PocketMine(324): pocketmine\server()
#20 pmsrc(11): require(string[56] phar://D:/FoxCraft/PocketMine-MP.phar/src/PocketMine.php)

PocketMine-MP version: 4.0.0 [Protocol 475]
Git commit: 468faa464b2bc5c97f23fafbb71ea61035f6f218
uname -a: Windows NT DESKTOP-BVRHES0 10.0 build 19042 (Windows 10) AMD64
PHP Version: 8.0.13
Zend version: 4.0.13
OS: WINNT, win
Composer libraries: 
- adhocore/json-comment 1.1.2@fc2f76979f0a44a5f5bc2a2b600d0762fe0e78e7
- brick/math 0.9.3@ca57d18f028f84f777b2168cd1911b0dee2343ae
- daverandom/callback-validator unknown@unknown
- fgrosse/phpasn1 v2.3.0@20299033c35f4300eb656e7e8e88cf52d1d6694e
- netresearch/jsonmapper v4.0.0@8bbc021a8edb2e4a7ea2f8ad4fa9ec9dce2fcb8d
- pocketmine/bedrock-data 1.5.0+bedrock-1.18.0@482c679aa5ed0b81c088c2b1ff0b8110a94c8a6c
- pocketmine/bedrock-protocol 7.0.0+bedrock-1.18.0@040a883a4abb8c9b93114d5278cb5fecc635da82
- pocketmine/binaryutils 0.2.2@f883e1cf9099ed6a757a10a2f75b3333eeb2cdf9
- pocketmine/callback-validator 1.0.3@64787469766bcaa7e5885242e85c23c25e8c55a2
- pocketmine/classloader 0.2.0@49ea303993efdfb39cd302e2156d50aa78209e78
- pocketmine/color 0.2.0@09be6ea6d76f2e33d6813c39d29c22c46c17e1d2
- pocketmine/errorhandler 0.3.0@ec742b209e8056bbe855069c4eff94c9734ea19b
- pocketmine/locale-data 2.0.20@a6e4eb22587e0014f6d658732cf633262723f8d3
- pocketmine/log 0.4.0@e6c912c0f9055c81d23108ec2d179b96f404c043
- pocketmine/log-pthreads 0.4.0@61f709e8cf36bcc24e4efe02acded680a1ce23cd
- pocketmine/math 0.4.0@6d64e2555bd2e95ed024574f75d1cefc135c89fc
- pocketmine/nbt 0.3.0@98c4a04b55a915e18f83d3b0c9beb24a71abcd31
- pocketmine/pocketmine-mp 4.0.0@468faa464b2bc5c97f23fafbb71ea61035f6f218
- pocketmine/raklib 0.14.2@e3a861187470e1facc6625040128f447ebbcbaec
- pocketmine/raklib-ipc 0.1.1@922a6444b0c6c7daaa5aa5a832107e1ec4738aed
- pocketmine/snooze 0.3.1@0ac8fc2a781c419a1f64ebca4d5835028f59e29b
- ramsey/collection 1.2.2@cccc74ee5e328031b15640b51056ee8d3bb66c0a
- ramsey/uuid 4.2.3@fc9bb7fb5388691fd7373cd44dcb4d63bbcf24df
- rhumsaa/uuid unknown@unknown
- symfony/polyfill-ctype v1.23.0@46cd95797e9df938fdd2b03693b5fca5e64b01ce
- symfony/polyfill-php80 v1.23.1@1100343ed1a92e3a38f9ae122fc0eb21602547be
- symfony/polyfill-php81 v1.23.0@e66119f3de95efc359483f810c4c3e6436279436
- webmozart/assert 1.10.0@6964c76c7804814a842473e0c8fd15bab0f18e25
- webmozart/path-util 2.3.0@d939f7edc24c9a1bb9c0dee5cb05d8e859490725

Loaded plugins:
DevTools 1.15.0 by PocketMine Team for API(s) 4.0.0
PlayerStats 3.1.9_BETA by hachkingtohach1 for API(s) 4.0.0

----------------------REPORT THE DATA BELOW THIS LINE-----------------------

===BEGIN CRASH DUMP===
eNrtXFl33EZ2/isVyokphw1ib6AncrSQHvNEshiRGvlk2kenABS6MUQDPVi4yPF/z3dvFbrRTVKR
J37Ig3hsE6jl1t23Av3rQV43K9l9vFZNW9TVwcw/OuiKlTqYOaEXTf0o8APLse0gco4O+rWeciMM
uf7Ui6e+605jOzg6KGXbnTZN3RzMfj3o7tZYdnCJX3rs6GCl2lYuaHRdp1eqWxWVms9V1RXd3Xx+
yr9ns48f07pqu6ZPu8OnM/GiWfQrrBFPHHH4TVmnsgOST8WqbzuRKFHngo4SD4F8bVYf7cze1E2Z
zecf6JdYFNcK86ksS5WJohIns/n8h/r2VSPzbj5fl/2iqNr5/LyUd6q56GSHl7ZJ5/OlTJdXRbXo
anpy9paMXqz1ci3qSpQ4XQTOFJzI+7L8oSiZFUvZzI6PT2bHw6nH54zsGyyfvDm3aMExTjzWVB1r
PhFQAmSArGjBvUVYQIdCWq4NmTYyxfNfD57YwtB1PEKTt+8RtTM/ej4EGZDN42KcfD8WY538TaXd
o0J44nqAdyQeWFYlEEInF/P5q3q1rvsqu5SLJ44TeH74FORBKUa0Q5Td8Tu1KNpONSp7Tb8r1RxO
AyD7xfKafF9XJ3IFTX0IcT5kn1y9/JSmGDl7ysi595DjJYehu888DfQ+6pPvSTP1rt+HzMs7/bZB
yo1iRsoTj2jLYeA+ghfD0KgcMgz/PozXxTWYe+hH7v+iGLLrZHr1R1ETjDBZswyNnh46YRg/gorG
9Y9GJRyhUqkOGn51vErXCkZVZSUQO6v+LFfqXNIxP+qxQ9/195DUVAwaOSBpRPQQqgbH/6pXSaEI
ITvWCE3/EYRcN9hDyGydz2kv+T1eOJ8/sHvyvZ5936qzTq3eVhrty0ZWrUzJFT9Ewd4B66bu6rQu
Yfhw7LDNoiJW1w2IfBzwiewkS2MaMfGRIR5bs7o53p53nKiswdtkOIf5czacMQKpSTt0HP//zpGH
4P8uXjyOoKZaizx+TOQ/6ZcLhGA62Yv/Fyl/ycEDbV9Ax+dYBPz9IDDu3P5SAoLo8wTsrh9QJS0x
Yv1DmX8kEOrgU/7qub8Iy/wc/Qv+8+nTyyvr/Qtr9KMpdR6jtJFXZZEcv5NXr4vkrEI8yBG4D53Y
/UcoPq3SOlPZocEvjH4RqSWT1Eqsv62AzCsrt/7k2LeRa+HJ+hfrny3rZ8v65i8WErxD/OutXcu2
rMD69O491j8Z0+A+amSaiEmx1gRqYi5r2G9zuWyUzN7oZPCdShVSMHKEn6dOA0SM3GULBWstCQPp
sMDUQjXC3shkOiWZvLSs03//N+tyPmcCppb1m2X9qzU/mGqKnpRX1p9/JYnh30vrO4uZo38ufrYK
y/pondPLt5b1F02+93tFyAF2oASsuCaTAI8Gsj7DoN9hbI+wCmlWGPoac/9RwbVVXX9STNJFqdRa
NUNkcFzvHxTRF+z5NS3rtm/UbzrBcIJ/AMF7qYdeOp/vrgM+8P/g7k91V+SFLhFac+44iF+wgJBI
+MEXAm7p/T1CU3mY1X1SKrFTQrnGyU0fOMT29qOMnpl83xXp1bnGuG4MmtEIwrZcOPRs5xEgD6Tj
L2WrXqFma1/XMoMbdh/MwHsQgxj8RhbV63oBw3ribQzLgbPbrZc2U679y2OllKYgfoSCe/mQNhNN
t2vCA2IyGZL6e180anBtQfiL+PJqajtMpdTTg19+OzpQX4vXLylev7jmBEs1Dh+RwtXltSJeYGtR
ZZBb2h0M8xgbnYlhilkkCNdxMDfvKBRjA6j8BqCKtiDbeiZyWbbqT1jvOi6vO/7uO/H8WjYiqetS
fHfMU94+iBYUQCg7+30s4odgFxDCyX9XKNcHYOE+sPoGddpZBmi0TAObfh5GtA+jk81CdXtAYoOR
a+vl8CdFKvK+4vRDjFVt0BWx0bEj8e+jill8g0LaAH/6KwPVfJ1333TLoiUnA/1atFhzqZ9mM2Bk
smw9cshLnzJyrjsg5+3CaYtPJBjzRkRVRVfI8gLjZ1VeH5r9A7vdYHd/QTxoVZnPZpW67d71FfWb
zrJhX7h3HDsHOnAgnA9l8zh8ys/GwZr90+HcaBfQsH0XlGwHzg77Y7MNblM13SGNebYZm3f/VLQf
K1kd7gGdfH/7VCBGCJovqrwAT9Rjiw5++9qq+dqq+dqq+dqq+dqq+dqq+dqq+dqq+dqq+dqq+dqq
+dqq+dqqMa2aoW3QUovgRF1fotjn50rStwnboaODzUcNB47lBJaNIdl3y7ppqbzaQhaXSq4IslwX
NOPDkdr0rioJ5cgOZhCIOjrIoERVRpsx19Z5dzIeWEnuZQznz+cjTEqIDnMXly/eXb4/x8CNSlrU
gRhbdt26BS8WRbfsEyutVyOajzcwUBiOuyRbend7J1uSPcux4o8vTy9f7JK9V1/9UWR/cdm25cb5
24vLD2/fvT55kB83skuX7bLorBulkvKOOXPwG7WVZAPS4bX2xDjoDZNwi7qMOMGselU3BDoCgY6H
05J0JbvleAQ1E0jC3vFYvfqY1R084c6o6Q9uB/qmHL9nstuZz4sSuI5HFqv1+HUp2x1cCriA6/HA
31qW6OZ9lWhT2hmrm45X4d1yMdB2kgjKxovW6S4f3qm8VJwljUdb5mi7O5QV/Wo8cnH+euf4u/bv
ZUWHmSexmerqK1UVn3ZZcHtrqCZ0HQzcyRVx0bVcfv1UrLXZxlZArwg+4+14vV3tcr0m9Fzb9hzH
jTFwfvJ2h/Ss/sio7Q9iqNgVWA3tbtudhRfFal2qn9/s0LyHAV4pH9ijc1XeNMWe/NcdZw7EYW1z
wHa5p3vLvrpin+4ykzzmSrFIiko2d2zerhUSJ1ACl1liFhGotLlbd7UZcDWzMghaqyXxm1ZtXffH
7VmjeWr0FlVe7+htdk/kxY6WMCu98VCjYB5kh4te6+IA/79gbuLteQpnMWI+Wfdybc6lE6m5Isux
uxubO5kyouP267UNP5O+KHGca3su2NZ+zBQsiju+OMHUCwczfxrgjILs2w+jXEo/9BM3SYM0nuau
l8s8SaaOkiHCfpCHOXVvjw56g8qHAjnPTSt+uhQnpxf/cfn2fPLyL+9+PL2whQMsBOMgnNj2XXE4
LHbsp+LFm5PQP2BSx7z6pNiA/I2aLNcfa5LJh7OffrokxaSXG7hb9k3rGiH3I4TbyKZQ7OdktgRh
jTomjzHBGtNzd8gnPM9TN5+G8TTOben7MsiDJHWlm4S2ndnT0M2VraaRojZ/0iCZOTZO0rZiy3ue
ymCaOVFuu1Ee+fl0Ok1cJ4zSzIkdJ7EzpVzP96RiDwiBwPvAYVMvKkHeP7mWZQHPSFcsYOBVVd9U
z81v0rZFU7etOgbJsq2oPX3tkjo/d203jm3PS8F/37NtlYRBqKYqUlGU5oGbOVkYxj6dCj/dqFbJ
Jl0y/Su5XrPdXbNSPI+SJLVdR0YqS1zly6mSbh7JzM9lrNI4S5Wbp0mU7RjHpgsB3CVzEnnEvw6D
4Cuk99yP3DScxlIGKrOTyEltIOcmTp7Tm2PL2E8jGaYPQ96qI0oc+z5027dlFHnSl0kSpXESw8P5
GTVQ0iTIVZqGXpDJyN2Dzo5ia9UuKQDAKCfNYzuOVRbKaTCVwA5aESQefhBn3TTL411ID4oQRgyd
CP0psmaoVBgmqQRHgygKXN9VUZC6XuoGKkqDQO6hllIyW9bGVRJqYGGspGd7ceypPMsTL04zz3aV
6wRhFtgAHbl2DO3cg1SX9RaGHScqhLFmU1iq8rwsjBwoTpy5ceq6qR+mzlQ52R42fO9n+h6DF32u
0qnvJnRkZAdhkoCgwA7j1Fd5DmHGU89X0omTXVDUzS/VoCpUjrv2cxkqH3x1g2iqbNvx8zAL8ey5
aR56nhu6UziaKPP2QS0YGZ+QCdPYcVMbcguCNAIFnmNHKoXyT6EOYe7bfmr79yFMRoFGgwqdfEpE
pbkHiaWuD9xg9q5MMyhEZEsHVuClezaw8QMMIgt95QZBkGSuiknjXT+YwiEEGTbnqeMBxzjfU/Yq
6TbMjaPUl7afQDNiJ1DwKZGXeYkN3QajYJiOTCB+ZxfC9nHC6ZM26t/htu91PXQ08mEYypNR6DjQ
5amtHBTDaRi6AQzPgbPz/amC60ikSh+CQr2TIY95HruuDH3fBzFhOs0kXAL9E3muY0P3VOpPvUiq
Pf7qMnWI889tmUbw1dB5J/WdWDo5OA77gtFHXkD+N4iVy8qHRLhVd2QH2zzOYVtP8TP1lQqU50ZI
ihJYkm8ngQN9Vgr6liRhmNpyC6TvCx1+4HkRK2LwME8CL4rC2MmzqTeFXvh+liZ+FmJ3mrt+ltP2
Zb9qpRz233fu7d0qr6s7SLC8Q1pRToYU+hqoeizENIuDaTxVMbyPF+VZ5ia2F8YeHBzijoJ4bSjX
Q7AQMSJ7A8t5DneLEt1TmSNjOAEJaLFUjgvfjuCBiGW7gT9NHoXljPBSIZQizr2M9DxHCIr9CLbq
2KmfekDKg/HG+K+uX1b1J9l0x/pyUAdd0tAwDv10Cm2IbD9yfBn59OW8siHjzAkSmdi5E8GgdoCs
YXETct7sRwiXLPbifKoy2GwKlUiSOKWYG6SJHWSIhsAttqcAwxXSRresO05SnwhqDAgUFnmx6Bt9
20kpnsjrRuzkVPPqibhcIpCKVnUd3wvLRoluqURdqRYPshOprKqav2IoqrTsM/0Fgm4BWAhoCLwd
chKCdVGv9LcO92G2MldHosZM0xJIkcBbXYm7um8MLFHkYoXaIy/4BOQ29OlAeUeAf1I3G3DHSHBl
X3atuKmrbztBoV82AmVvDedVUAi7Iwzp1lXTfbNUlejXi0ZmAGDNq3k1AJvNKyGefFgqQkx0NU5B
rgoQpmkCHlB7mRLqTE8zqtr7C/CzVB3zC0lnkSqhgwuNrAgyOJ6qSSkpJV6omf4OgSbaZd8hR6wm
5nOTmZgf6L6QoK6byuYHjNmLsqxvRFm0hO1wRSyuCyn+s1fNHa35Oz1MzNRMUB3PW0+5sjd7+Faa
0kUBiYEpBC25E4aVtF43Aiab6RGyTz7AYqAR4KvMMoHMS7Of2EqdMLFSkhqF/AUMmJ4oQhrMUX/v
ZUls4w9YBJKKXolDc6hw7acEXZ+oJo1ao66dgO3U0pphms/+qV8l4Aq06kV7V6WXsr0S1K2EHlm8
4D24xao9UErLlk1d1T2kh+XtkbjRn9FwhaG/mqCkutFteeYN7JHGVn1luo8a+AWLFzRBy5r6toCG
KbABJLHmVhvkiLcGobOcdJXWkE4eiaL7FuzrGt6WKfoWhFVmb7M4BA097MZltjAZE0PpjEHt66pk
5Wj6qiJxZlQd1msWApcjrSVO1LV5FqtisYQxNyjFj8bGZxSHONI0/brTo5phxJgVcDN0sXBhlFxr
ZNog5HVdZED7YQxIR0jnkPDTlzzWSNGweKIXbTRtXq0UjrvTRvnnsk6gPdSEEnocdrAqOrLtlVrI
5K4Dx8WFZrXNzC1ags3bL0lqNwVznjUKRnsz0YAGJWuZwrwAivBIfMFMYPJGqeFIreSQVk9mKhY1
BFWTmZJW0EELRnPCqM2ETVTgdHbBOiP7f08BdfU+h/8S1fz/Df+2q9eMgnGfG5QMuFbAfawpmmYb
hOjUASv6CzSDGDuBD2wVBr/22z8AQ7YLRok8hkh7BJ8KwUeoW5X27HxrjbK2SApWm9XqNlUqa7cU
acf19vJ0Ji5/PLsQr8/enF2KF+fnr89OL8T56Tvx4e27/zh9dySwSFy+xapT8eHHt69Pxfm7t69O
Ly6sfRewww83CA07zlVT1ByQyRG3RGC6VOySmRsbZ+uA90gJMvYtvGQCV6i0m2VQr+oKdMJBQ5uI
3seUTSvZzZIiK30wCBeklzFkDQSud+vIdUTiM95SDKE4zxus+6tJF0xLGmJbq5TSAc1ZQlfLVe/d
0AD1Uut2S6pnG1rbpw+jZCj3DOUL2SSwjMk2s2YH9DB32dQIHbNLmF3w3StZ9Zx8jDFBYtZDB58e
DTFhXwkHNdThNUeR32l6V1sTtMRb7fO1wiN7qPsy2+BSIIjcVGKLf6sBrxl9EBratqEVp/3AzuJe
kGTV0RA2tOVNvRqCrd5tVkzGqjmWMFFjJHlPN8QDKrWjHRdDwkgia3ASqaFR5KxfrXV2pVM4YSYm
NDHI64QWmQ2MO6M5UIA3hHkYu3yAwQjaCHw44RpK1ra9IsfQLSG1xZBtktOi07ZYHQ2C1DmCSSot
jQ0tfZRPK3k74V5sO+D+Sq5ptFj1K8RYhNeGgHeyQlYJQQr9DZLGYstXshfDSraY+zqGZHttMOID
J5QF9wi6/kZiJ7We2tdpyo3I62n4evFgQhqWWTimjDOHCfd6N7SdABXOVZA+EveAnU4wNJQ1fywg
9B5N4ZY6bDP81PQMJ9PibbZLDCypDDBwPw/qc3o4r8x1+MyECKRmy7rUKWZCF1WciTPKyJqgQibI
sG/TlY+Z1aElUZtkU4e3J2MpDVPkVpu7joAfiYkzEiALjw+edAMyJgSw197msXw/QClkpimnWoYT
fdqMQYOWJX5ELshf01JyJ16dvz/CXuCQwL5uigxqz7mC9p4b+BOGPxPhkHZvM/KWuTNaa4kXGRzV
Upb5MUpJXSZkCjpsjsKhgvqCpGAjQ9yGvRGwcSlyektejVJMWVqCkHh/Xp0Pyfa2AKRagpC6Qdik
jf26Wk/M+15188ZYHX/SPMiT0vJBjC0FPJMyIW3X6jEKrX7s6k1PLXFu9pT0pTdtkKYSNbrAJ+aN
XBAJkAnY1q5LzliovFzRJ/4wdtmQnF6VBVbpeplu1lXbiTeX7xnTFiQR2UnfCarPWZTb43RxYQ2+
ZtX1E9o1Y2zH9aGq+BKJbT0X1BhI6Y5+Qybq3zwvUktwlFpKSgJEsQJvOpIdpMH/WwG4qSPGBUK7
ZqSXxAl4XXbECNGS3XmrRapTCaztjI4SJUr3B4yrM9XUyVtOkk7OLl68RH7E+VRfsQ6Rw+7JU/L9
p04SClJG81cI2bje2NK5tfVMJf1iNhRt3wuHijWTsi7hrnhemBK91U0FsuaqrXXwNhbhEDCNtYb2
almjiCcrHGo1NVTj7MWpbSxaeT1ECzyi9NZfl9LcqIwHYnw1r5M205P5W11UuiHAnPpW/JzUt2T5
jTg7EYc/vz87eQq5w+yBA9bfQGwkmALhHsZBNVyTGf7o9APWUG9lV8Haf375eoBv6rvRyLd8GF2O
ceLA4jWpCNNWDx0iE0Zvgd+Evkx4Vuc5H4u5Ir+b3PZFthUI83Oy25y55O6KNjX9f7DQPOC1xq76
1nR5UjiRTrtZs2ei98yEuT2lY3QIMe7RnEIxUFaLTY1S0bZyPxQfDauuC3Uz2QTohxpimrkvVnVP
3iPXsc44E7BsYC3FdvKO3AqB+OmZgzM2v+NQPdrMhFdKl96J0sASlZPtt2t5w0pBOmq+WCbVouHd
oK/Jp4M25MMHCrmPqvkmC6cpxNOHsLQfRlM29GcBQg7qDmSHzfR7g4231+FJyjpl822LTMcMokdC
plC4tk/GXFhQEMUKlenQyS+b0MatJqMcMk1VqbhS0OrNp5bFFY6gOpk9USlB+qKpb7ql9mM4Qoql
hjZycrD+ttMhmZGdEDcG1CZb1mjSzk7aEV3kpknyGprQ16YbMk3LaUhzeM+OkABvIlzxBGiiVN4K
ctvW2sjSui9M47xuZMHVLIIJSj2tRet63ZeD2ZgXive8xoQNz6UDuQwiKvkkirjkuZASmAKDRkwj
b2ZSHeo7cnGth3WmYDQLiGw9dLZ1emSZE/pGdm9o4xh2h81nBKOYDn8w0R8XbVYuIbeZRsVar1Zr
q6gZY7i6uxUVhzDljvqsabtFncKUmRfbeSaB3ZxcLBq1GP58T/cfdZuF/rLnap8+xg++5u3JW/pU
bmKCgs4PyH3dKF2BSBj5DZ/YMuJbAlr9x3rbpj/i9Ibz/Zo+SNLCucdUCFTPG2VCJkTfDXAsG8Wb
V9SbV+Ne3hGCw3opYRaKPHtDOAx5KSJGrhrUHhPyixUFQz07xC4dOeROb9B8wjEKtj1ycOQ27FsH
F2YAspT1/HDGPalqusZiNX/mthONCSitJ62ngEFSJDdOB3LTc/jbONPgtrYHmJnxCQPnPh/vTTDR
ktQWMOolGRgA3xl+Dl2jpRnULq7ZVBLGO1ATHsVaxmlQkW8A0SV53+gbF/I2QytFe17AM95piLfI
yWRr6jSk1pK+fDJvlAABRyOr2SA0PQcdpZ7eTPyVMxckrUfc5PuFgHIJtg3e45sgJoMy6YYdPLVR
tPMirVLdg3GU/TOXjy1XDFx+Qz4FcDVJwBh9fS7joB8BkczAt3VM3Z44Ez+8fnGpB6nUUNRZ+5P5
IuMoiG9BUaWOvNusaLojdrp/MpmevmsZNy20EVOgA2tNT1H2RutKCCu9E/pb374Z/O5QqTWbWxp2
KoCDcJTyLVg78Gky3PBABXRa/+QH9iZ8FK/fAcJ5sRn5OBqZcH45SvxqnfurW/i21hS56RWVSS0X
dHBuSYEC5U4ncryO6AUqKMF0pNCmoqlk+MiMmo07puvXfaHSPeX5VsSv+LKSb+vmyFqeXCD6nqhU
+MKZzvx45nniw9lL4dquQ/PDhdozBQeL91XdZc92bjaFvkyjSX32hEzvmRM7CGQYvFkWnZrQvRol
pAwDVZLJyZ65No0sJPUIMvWM3/RV3mbM7KKuLN3eDO/r6/UzGAmesoLKJujp3TM+caN2myj2jEnh
jJcS6Wft1R0H/e0wae5oFV2lPzs5/eHF+9eXNGoqG74ANKdyGCCbNO87aeqziIZGqbjeUlVIFdJN
/YFUr1D6T7hbs0TnkObvmCHvZ044Or+B9xnop2eLOvkwwOzZd/yzI4LrkIXgjfYXawzqgw5++x/Y
EvfF
===END CRASH DUMP===
