PocketMine-MP Crash Dump Mon Feb 14 21:12:21 WIB 2022

Error: array_shift(): Argument #1 ($array) must be of type array, null given
File: plugins/ScoreBoard/src/hachkingtohach1/ScoreBoard/ScoreBoard
Line: 53
Type: TypeError

THIS CRASH WAS CAUSED BY A PLUGIN
BAD PLUGIN: ScoreBoard

Code:
[44] 			"%getgems",
[45] 			"%jobneed"
[46] 	    ];
[47] 		$job = $this->getPluginName("EconomyJob");
[48] 		$max = 0;
[49] 	    foreach($job->jobs->getAll() as $d){
[50] 			$max += count($d);
[51] 		}
[52] 	    $max = ceil(($max / 5));
[53]         $page = array_shift($params);
[54]         $page = max(1, $page);
[55] 	    $page = min($max, $page);
[56] 	    $page = (int)$page;
[57]         $current = 1;
[58] 	    $n = 1;
[59] 		$output = "Công việc cần làm ($page/$max): \n";
[60] 		foreach($job->jobs->getAll() as $name => $job){
[61] 		    $info = "";
[62] 			foreach($job as $id => $money){
[63] 				$cur = (int)ceil(($n / 5));

Backtrace:
#0 plugins/ScoreBoard/src/hachkingtohach1/ScoreBoard/ScoreBoard(53): array_shift(NULL )
#1 plugins/ScoreBoard/src/hachkingtohach1/ScoreBoard/task/SendScore(28): hachkingtohach1\ScoreBoard\ScoreBoard->getFunction(string[23] ..7%whatday ..8plati09M, object pocketmine\player\Player#104232)
#2 pmsrc/src/scheduler/TaskHandler(117): hachkingtohach1\ScoreBoard\task\SendScore->onRun()
#3 pmsrc/src/scheduler/TaskScheduler(141): pocketmine\scheduler\TaskHandler->run()
#4 pmsrc/src/plugin/PluginManager(466): pocketmine\scheduler\TaskScheduler->mainThreadHeartbeat(integer 461)
#5 pmsrc/src/Server(1768): pocketmine\plugin\PluginManager->tickSchedulers(integer 461)
#6 pmsrc/src/Server(1657): pocketmine\Server->tick()
#7 pmsrc/src/Server(1046): pocketmine\Server->tickProcessor()
#8 pmsrc/src/PocketMine(304): pocketmine\Server->__construct(object BaseClassLoader#2, object pocketmine\utils\MainLogger#3, string[36] C:\Users\tranthien\Desktop\FoxCraft\, string[44] C:\Users\tranthien\Desktop\FoxCraft\plugins\)
#9 pmsrc/src/PocketMine(327): pocketmine\server()
#10 pmsrc(11): require(string[80] phar://C:/Users/tranthien/Desktop/FoxCraft/PocketMine-MP.phar/src/PocketMine.php)

PocketMine-MP version: 4.2.0 [Protocol 486]
Git commit: 44818e6d1456dcf1f0fd3cd27da1dfecbe03c08b
uname -a: Windows NT tranthien4-8sin 10.0 build 17763 (Windows Server 2016) AMD64
PHP Version: 8.0.13
Zend version: 4.0.13
OS: WINNT, win
Composer libraries: 
- adhocore/json-comment 1.1.2@fc2f76979f0a44a5f5bc2a2b600d0762fe0e78e7
- brick/math 0.9.3@ca57d18f028f84f777b2168cd1911b0dee2343ae
- daverandom/callback-validator unknown@unknown
- fgrosse/phpasn1 v2.4.0@eef488991d53e58e60c9554b09b1201ca5ba9296
- netresearch/jsonmapper v4.0.0@8bbc021a8edb2e4a7ea2f8ad4fa9ec9dce2fcb8d
- pocketmine/bedrock-data 1.6.0+bedrock-1.18.10@e98c511584a7bd58a95986374d2df4b04c6a2ba0
- pocketmine/bedrock-protocol 8.0.0+bedrock-1.18.10@017e57c8f8a74118bcbba7332e7ebac9e6c81693
- pocketmine/binaryutils 0.2.4@5ac7eea91afbad8dc498f5ce34ce6297d5e6ea9a
- pocketmine/callback-validator 1.0.3@64787469766bcaa7e5885242e85c23c25e8c55a2
- pocketmine/classloader 0.2.0@49ea303993efdfb39cd302e2156d50aa78209e78
- pocketmine/color 0.2.0@09be6ea6d76f2e33d6813c39d29c22c46c17e1d2
- pocketmine/errorhandler 0.6.0@dae214a04348b911e8219ebf125ff1c5589cc878
- pocketmine/locale-data 2.4.3@4d0b081f1a79407e087968ea76aaf330db6ea2b5
- pocketmine/log 0.4.0@e6c912c0f9055c81d23108ec2d179b96f404c043
- pocketmine/log-pthreads 0.4.0@61f709e8cf36bcc24e4efe02acded680a1ce23cd
- pocketmine/math 0.4.2@aacc3759a508a69dfa5bc4dfa770ab733c5c94bf
- pocketmine/nbt 0.3.2@3e0d9ef6b6c5fb45e3745a121296e75631b3eefe
- pocketmine/pocketmine-mp 4.2.0@44818e6d1456dcf1f0fd3cd27da1dfecbe03c08b
- pocketmine/raklib 0.14.3@4798576fec0364266dce23b368a7fec5e5de7927
- pocketmine/raklib-ipc 0.1.1@922a6444b0c6c7daaa5aa5a832107e1ec4738aed
- pocketmine/snooze 0.3.1@0ac8fc2a781c419a1f64ebca4d5835028f59e29b
- ramsey/collection 1.2.2@cccc74ee5e328031b15640b51056ee8d3bb66c0a
- ramsey/uuid 4.2.3@fc9bb7fb5388691fd7373cd44dcb4d63bbcf24df
- rhumsaa/uuid unknown@unknown
- symfony/polyfill-ctype v1.24.0@30885182c981ab175d4d034db0f6f469898070ab
- symfony/polyfill-php80 v1.24.0@57b712b08eddb97c762a8caa32c84e037892d2e9
- symfony/polyfill-php81 v1.24.0@5de4ba2d41b15f9bd0e19b2ab9674135813ec98f
- webmozart/assert 1.10.0@6964c76c7804814a842473e0c8fd15bab0f18e25
- webmozart/path-util 2.3.0@d939f7edc24c9a1bb9c0dee5cb05d8e859490725

Loaded plugins:
Alerts 1.0.0 by hachkingtohach1 for API(s) 4.0.0
AlwaysSpawn 2.2.5 by Philip Shilling for API(s) 4.0.0
AuctionHouse 2.0.0-BETA1 by Shock95x for API(s) 4.0.0
BlockGenerator 0.1.0_beta by BlockHorizons, Chris-Prime for API(s) 4.0.0, 3.0.0
BuilderTools 1.3.0-beta2 by CzechPMDevs, VixikHD for API(s) 4.0.0
CraftingTable 1.0.0 by hachkingtohach1 for API(s) 4.0.0
CropGrowth 2.0.1 by NhanAZ, kaidoMC, YTBJero for API(s) 4.0.0
CustomItemLoader 2.3.1 by alvin0319 for API(s) 4.0.0
DevTools 1.15.0 by PocketMine Team for API(s) 4.0.0
Dungeon 1.0.3 by hachkingtohach1 for API(s) 4.0.0
EconomyAPI 5.7.3-PM4 by onebone for API(s) 4.0.0
EconomyJob 2.0.6 by onebone for API(s) 4.0.0
EconomyLand 2.1.3 by onebone for API(s) 4.0.0
FCCore 1.0.1 by hachkingtohach1 for API(s) 4.0.0
FormAPI 1.4.0 by jojoe77777/DragonfireHD98 for API(s) 4.0.0
Gems 5.7.3-PM4 by onebone for API(s) 4.0.0
HealAndFeed 2.1.0 by Kylan1940 for API(s) 4.0.0
HealthTag 2.1.2 by Shelly7w7 for API(s) 4.0.0
InvCrashFix 0.0.1 by Muqsit for API(s) 4.0.0
InvSee 2.0.1 by BlockHorizons for API(s) 4.0.0
KeepInventory 1.0.0 by NhanAZ, KhoaGamingVN for API(s) 4.0.0
LaunchableTNT 1.0.1 by Vecnavium for API(s) 4.0.0
MaxEnchants 1.2.4 by Xenophilicy for API(s) 4.0.0
MultiWorld 1.7.0-beta3 by CzechPMDevs, VixikCZ, fuyutsuki, kaliiks for API(s) 4.0.0
MyItem 1.5.5 by hachkingtohach1 for API(s) 4.0.0
NPC 1.0.0 by hachkingtohach1 for API(s) 4.0.0
Napthe 0.0.2 by hachkingtohach1,tungstenvn for API(s) 4.0.0
Parties 2.0.1 by Didah (@Diduhless) for API(s) 4.0.0
PlayerStats 3.1.9_BETA by hachkingtohach1 for API(s) 4.0.0
PureChat 2.0.0 by Vecnavium, 64FF00 for API(s) 4.0.0
PureEntities 2.0.0 by LeinneSW for API(s) 4.0.0
PurePerms 1.4.5 by Vecnavium , 64FF00 & ProjectInfinity for API(s) 4.0.0
RedstoneCircuit 3.0.0 by tedo0627 for API(s) 4.0.0
ScoreBoard 1.0 by hachkingtohach1 for API(s) 4.0.0
ShopGUI 1.0.0 by hachkingtohach1 for API(s) 4.0.0
SimpleHome 1.1.0 by CzechPMDevs, VixikCZ for API(s) 4.0.0
Spyglass 1.0.1 by ItsRealNise for API(s) 4.0.0
VanillaHopper 2.0.1 by ColinHDev for API(s) 4.0.0
VanillaX 3.0.0 by CLADevs for API(s) 4.0.0
WorldProtect 2.3.11 by aliuly for API(s) 4.0.0
_NewAlias 1.4.0 by Javier Leon9966 for API(s) 4.0.0
libEasyUI 1.0.2 by GiantQuartz for API(s) 4.0.0

----------------------REPORT THE DATA BELOW THIS LINE-----------------------

===BEGIN CRASH DUMP===
eNrtPIly3MaVv9I78q6pCmeI+2BKLtEkZSmmpIlIRdoELlUDaMzAxGUcJEcp//u+97qBAYaUREdM
nNqKE5uDh+7X7z4aDfx9lpR1ztsPV6Ju0rKYHVr7szbNxexQdyzLs1zf0heu67u6sz/rKnnLsBee
67qG55u+ZjumD/cy3rSndV3Ws8O/z9pNBcNmF/BHwvZnuWgavkIor2u++dCs06Tde3zIjupVl4ui
ZY90tvcN3XzM8q5pWShYmTDExQi8z4ouy9gqvRIFYEzg4lmaIcrjwyB42wALQdDWvGjXqSiC4EQ0
l21ZBcGz8ua45kkbBFXWrdIChp1HZS2+L3kdB0FTR0Gw5tH6Mi1WbYm/9OmI7e9Fta5wbbmuQnew
vX8AyA52cI1vb38CliwtAIttgshrHsHPv80eaexrkO7ZJoh0LOFXb8/O2GNYDMT72zG3vLk8OBdF
TLA9wwPs95TU/LuVaJ91RdSCXe01bQ1T/maYP7HFwv3v6zVvY76B316V8TbV/Jf7rAx/FlHLqjK6
FG0OskF98Y2og2BJfx/pmmWYBnFjsCpH4unfaC3iLhP1wQXQ+5wXMfze03X3S9QiewDp+Zt/VxZv
umKPFjA/ucB5f7WnWzosMSZ4GBkEI1rm39U9WmuEVurjYEl/XvIC/KPesxzn8ziH5eff5TwtLta1
4PFzwes2FLzdS4tWAB5mOTotaI8WPBf1FZLtOt7OGpIUFPSIlvl3bRpt12tu4XbuwO3Y7g5ueUci
k0Jw75inWc5n5i3rMoIIUtYSgTdCsKQpL2HKnqlZn8Dx4UNUFmCEXdTuKTv7njfiGMJWc1byGIzL
uNMCuzbNIF68BEmflStg/pG5z5Q1m85P7N6hZ5hlWb9h1hCwiG3/E2wbuyJvpFCl32tyFjgEjKrF
L10KrqyI8bSfWLXm9eHBwfHhAZF0MFB0oAg66OkZLTp/uVzgxB1aMD4+nv306/5M/GuTwYMGZCBf
YvqQFldldiWQJkAfg+SidtbfBchkelTGAjm2LLgTtPS/2X9DGFyJvAlgwP7Msse3fi7DQog4mOEd
h+4w+OenP+K1q0Z+A6PYE/YNqKShoCp99BXPxV4wOwW7LvPNn8owmD2meV4/L+c3ME8joD8gh4Qv
QAh7iHb+HfxHIj3Ksr3HjDfsm/jx32GGrQ2EEqI/PGFR2RXtHtxHjLau7v+KF8aAXq0aiTTb26OL
A2Y/llNMGMXUP99UYAAwcGwAAKt53sjB1h2DAd2evi8v5Sh7u3A/Ji1o3ckw59YwjGWP6YIGuOPV
oq6u0QifMJ1uetvZxQD0ezGXXVt1ODiYHQedpiVWsWJXadDpInIjFuEP7hYsw5tCy9keLXuARILJ
B0ERzBCj00v8ixoqQPXsyXcMB5CynF4ZRGNaJCWRo/AagybHmAlTGhOevCzERmIyt/bZoiB6USmF
Fr06f/1P0fKfouU/Rct/ipb/P0VLn9YbzOFHYDst/cJoC0FRAfZnQ6s80xfaQgMI79p1WTcYCnc8
F5HyKsU7Fg2Ga1HwMBPx7BAUK/ZnsajAlXEy3GvKpD0ZA9BZYKVbAUFS0//F0gXsAQYuX59fvHv9
5uwEQNcibNIWaV+3bdWAtK55G60hxLaLayHCbLOIyvwAQ/lRds03zXnFr4sJy1vomG9jYSzsKd/L
dZqlFTuHP1BErR6K74rQNgprEHCiqEGKgkC6wJb384ujNxdvlxPOibmOwvnzsmvEmLsxeMoeUDz/
/vTiSJ8yeb4Gk/Htm6/jri/ZjpYvZltOG4UbeJR0rZEuUPCUys+qGZn9PgM8P4hC1LyV9bdid+fG
mGFtAZb8IRQtn/JLU56XdfoRwhDcOl7XUIIua9wE2hXB/sz8GkVPlgqCKbG3Vf0Z/rs0g6EXZZmN
vXcCnvow0D1H3o0p88cfRbRevjwRVzjhL+lNevn85KHsOkLkVR4D8iAIJW0t0gasTym9l1+v0nbd
heTNI7IPJqhANhQOwY8ukOCRcKbwf5MINyFq5/I+cgGxgHjTLKo3i2bTimZRiPYg5s06pCpRCqSs
fqjL63Y9kcYA3I0KO/Hg1ZoXR38F2CVP4/LlMfz634vv/yTq8qGkIldA7nuaZFb/BwxDEYtcQz9d
5i9akSu3GvG+e2sqAXNXAjy7SgvN1P2HYnhACDzv0HIbcp94AI6wGwsG0NTSdXvX1LcVArsQPH8o
Hvv1sXa62vHzu3LYHcrcUnYw4EBmu2IlynEK7yG7Tm3+Pk6tyBl+PJQjj1LqlvcRcMy+vXAX5nz5
0pqKAFrgEP59KNYVuiAQkgrAGQQTir5oututndtMIXA3Ojlfz9BObXJf5n4uw4E5Sdl9mTuDXvM2
dwSdsqfvmuy/kL0MyBn4U7R9kcFnx8fQnY94U4BdT9R/H0+U1PR/H8oPn5V1PnXCHjJl29oNtT+X
P5fCxX8OTmq+KosE+r3nJ773UALYLoCdKtE0/LiPOn8Q+TiH0OXvGFVwffnf+xD/XPDsqIifCTF2
tjF019l21PMj+oDuW9pDMTIgDIIRGfcrbnqO2vUFX+3wI2G73Bi7fZzIso177T4UN02PUHJDRNyf
lxfFFVS3zfpZejPiZgydNmu3YsbL7hdA91DM5IQtCNLiKkICkvTmtzRgQPe5EFNGEPCFWnraaz4Q
KztdpaTktzDzoxAVzBIFdKGbEU9T+Bc6pqFN+HFd8h94DmH4L68eukOYUPQATcIZ74pojfRcvLoY
cT6FfyGZ/UVEBb9KuwcrnQeEoMQxITuX91HtS35zijOKyS7fGDplzljshPb3oihpfyraPBR7I5So
woGUycW9mOuyNn1X1tk43o+AU9ZctQNifnEH5PivdPBm07VNd5lS55ul6WXzT9kXyZHea6QX+B/T
/jV7IiNEKKcNdpNjGUnAVD727m7nv6pIk9T0fx+qSHu1PB5xjFf/Jls+QMpvi1yf3M9+xat2PU5C
CrCbSI3PMrrfQpfatKK4Kv55PBNh/d/7+PaS120qxkGrh3whxZ6kMV+zvafwt1tnomkePxRXcY8x
CCpJSxBsifqt7jrQR9zSQ9Tzlk/C9Bg65tqEYs//gFv3v48Fj+iaXHy1QS+7WhyveTuWQQ+69ezi
U0l4f+ZYz55pv62Ip3WWos6b2y3z7BmnpxPNsi4B+3uIPGXXLE/nPXz0gOODXBvEouje/rqX1cPY
06JNd01/DP6CIM5EWhTi/N1DaT8jfGDyQINQNEimRhT9tn29nsSDCRbFvlTClHcJ222u7U9YANtn
UgvsfxioDJ8bv4BOu0jbBythJmom6kY/76PoNyJuWuhxj9M66tKxwe/emTr+LXW3Ii41x3iwJq/H
FwS1IiSShATBbcq+yObo4NiWw8lpsklK/n3C2d2HZL46mJ2vy+qHt+Ndoh7yb1KIKHKGHw9VeZ2n
eZWJ52U+Lk1GwJ0HErvs312Q/zNK74ZoWgNNIIMxfV9Tep/nPMuW/XGuLVYUTLVZ4amWsVh60Bd6
zBdt80bw7FXaPNgu2wglsK/ouP9+zl94kWYZf15W1eTh2hT+hWLtuMzS4jnI7aGYGhAGwYSQnct/
RMcDqVvm39/m+/2XAvbx2RGZ9kMxLNEN/L3f/rqPFqlHhCTZ4onfLTMT8K2no7cej6Zdtnm4Z6OI
LQioJa4kCbtWec8642WX1kkqsvhgewBr3p+0bKGcOcg5ND71wYRdkMqHV+L6KEv52FO3sC9s8v8J
ihBRszNRFr7vOA8lF4m2x4pnooAW9ecfMOcpugOJ5lc8HB6e8mYzyVtb2G6U2uksf0h50f65g57o
40OxLRcOgoGAL5g0HmrH89UC9LrzeLs/F0ek3EDD21DxDnzKZ1gzDwMUbg+FUc7xtMQWEvEMSIO5
Y1iZf4jLFhLgBKreBNgCujobX8e8ndxP0qwVE8SrvBpfriG7jq/TqCyuxoCfG1LIcJ2H8gjhBFbW
7XAMCtXWtBwZiseDqmgqhzciyQT1OGNoQxJtpqAYW68R5Hx5Nll+0/yS4UPQ/hcbbrXlpSjSj1MR
3NworpFcjDcbnmfqUB5efkwrWT341AZ8BBMdT4fLm3wq9RLJMzTN1HXDB8Dy5PWE9bj8QKTtAgGU
ThVWgpU2zWSgzPPvX0543qEALvE48A6feXZdpzv6r1o6OIwS7o+dLdc7trfuiks6AGuQkOSZlXQV
pgXHPXzIPAY9Ks/EFQTAUA1CVFC6VW2pAIYUVgyKlmapqYJsGzE/bNca3cdXUfAI/sRu41sqTydW
QqI0x6BagHugH646aYs9/r+Cu7HXywhK1ZHw0bvXlVoXV6TDc9m4XRy7O7oyb8T2vU+Qp0Ho6TTa
7NDQ8L3EtPkABeHsMOFZA3EJk04ZlYDV8hxYA9uzmWV5uiecWLdsJ44SPdGS2Ixiw425HiciCoVm
RpqHpwK6PommRVxeN+zVBRvO7Vpzr0kLpoNWGdHAdNd1TLbXD5anopmh6c5jdvTyxMH9eHwdcyS0
j4I8yRrsZV19KFE57168oscCdHFNGROCVFU2ov4AWq55rfYVeLwusdM5wNAxhzHq1R8sx42nSWQk
ruO7fqJxy+J2YoeRwY3Q0bRYcx0jEZpwPeGiHOs0ujxQ0VJb+AvzacRtN9a9RDO8xLMS13VDQ3e8
KNZ9XQ+1WAjDtEwuKBQCrxCGIB9BgM1CHl3Or6AAiOWpTpDkZVFeF0/VXzS7VV02jTgAlnlT4Ash
Vwam4KdCJJbn+b4e26awQVNa5Nu2FWp+qIMwgaiQ+4aPLgEBuxaN4HW0Jv5zLkvY2RV521MvDCPN
0Lkn4tAQFncFNxKPx1bCfRH5cSSMJAq9eOIlB6GIa7iaA+2cJOkstD/0QJCrt9CBSt+LbF23PcAa
xrbHfdv3HNO1YiNOgFgrckDOXLsb9dYwyRZuo9d0V9huBHLnrqXrXhiFIXdN0xCuAOH6wok83fHN
HfQUM7YODgJ9avPIFYL7Ok9CHntxZPleYkfCtCLhGL4b28KB23yK6U4l0kGsp47leq4FRuU4YcRB
prbn2YZlCM+ODDMybAGSsel46hgh9iSZOr9HpGlPLV9wUzN93xRJnISmH8WmZghDB8e0NUDtGZoP
9rmDqczKLQ6wCqTfiV0nMYRpxo6nm5Hpx4YfGUZkORFIUo93qKGX/dbyvRFCBSp+GnNY2uKaZVpe
CBYuPEP3RZjohp0kOvDk+VHk7ZKTlVhR9MaCJmw+tWIt1Dw90bnrW5orNM/1HU9w1+E8MU0tDoFk
I7R3Ma2IFnICJ/J1I9ISX7NtUHVsmLrmiciIddcPfSexwMKA0lsY5qOUI1E5euKCGL0oMUFhkWEJ
S4DfGzyKBUhL4zq4AQTAKaohEECcfcp5FJmu7XNb87jjxwn4YGTBH9fVeAhmGdmRb4XJFEURtn1u
emoKLfZF4oROZCehZQvwFJvrBmRwR7i2Y+qhCY4vphhGxT4VUpY0m/sH8BGuml/K0gJCLenI9T0b
jEZEmulYhuNgNDBD0wGPA6At7Fi4vuHehWWeVlFf0Tz1DYM7lgU+HzkR0MC5jf/3TEMH1esislzT
42JHvk1Rlh9Fn/Gfahx8HUKz6+mRpftcTxxLgHtZEFpMGwOw7QvDR57wlUOxQTfYVnT4uNd4GsE/
riUESNfwoDwKwZEsLbR1zXaE8GIzDB0n0vgWSdelsZKrCcnCD0M3CW3T8xxfT2LXdEGulhVHoRU7
MDtKDNA6Tl93ecN5P/92dG82eVIWG9BgtoECI5v3xfQVkIpWaWoQNXTPiHxP56Hu2jE4jWnFoZaA
cTu+53saGtdduCBleNoIl+2Grm6Ax4k4Dn03gsTGPQhNphF5FhiD6/lGbAj/U7j0Ma5YWCE3Ygul
l/hhrAndDw0OPgeB2LQhukDm8BLZrOTlR2iRDiC0iVplXcw7ju9YQEXkehrYqsU9ywAjEBroONYh
fQGTYMGGPUFSgcfNMXar5hwCkm/6iSti8NkITCIM/QiTrh2Fmh17EG99y9dcQEO90mBbiw2Vq48Y
ttoswrNpq67maCoMiz18pZZNqqugeMQu1pBJWSNaPLXeMF4L1q4FKwvRwA/esogXRUkvNqdFlHUQ
POAHky9BLSChQealJwqA67zM5evPt3E2PBH7rIQ7dYMoWQjR6pJtyq5WuFiasBy6EOj3cQUobvAl
5myDiKFzH9AdQKnLu6xt2HVZfNsyzP28ZtDElhC8UsxgG6QQ30OWfF+vRcG6alXzGBAsgiIoemSH
QcHYo3drgYSxtoRVoGoFFOqFsoYKvwZL61jeJlJl8Gcgz0y0JC/cU40Ek7kFITliBolHYp5xLI5X
4pBRfYo3mnXXQrVYzNUr5ocsmKnCMeg0XdfpJVyTXa7xtdw4SQcwXPnFCt/S1QXX0/8KZsTCUZaV
1yxLG2SrfxmVXaWc/bkT9QbH/II/+t2TQ4YtPE09paZezWHAAMPCkoFqQXqILdwwJXMcL/cA5sPt
EVeP3oFrgemAAngcM6jRpJ5Q/viiIcsFb7qaXlNnoJ1QINEgRfFLxzOUL70nz6D46ATbU4tCKf0Y
scsVxbwWFbTCc9APvjJ4CLdp7VddHoL4wPyOmk0R4ducYCH1JRjcgga8bUCH6AM9pzhsXZdF2YGa
YXizz2jPismmBB1nn2H5DYxg90GyAcdFWN4VYGo4RCI/JzsAnsAc6/ImBVMUIAZgiUy8GIhD2SqC
XiRo1DgGjXefpe23IL62pmmxwL0ssq2dyWwPeOjAwQwSC7ExV5weEqpdo+ZkHHVXFKjOGBvKsiIl
UAfTLNiJuFK/WZ6u1uD1eKRuf+ylynBQInXdVa2ESoGhYHKgTfFFygXvpa4klp7Dr8o0BrLvpgBt
BG0OWoMUrGsxMjQYPJeDBksLilzAchvpvT9kZQjWg/tPTMLBD/K0xSCQixUP6SkHO5ei1ki4aUOv
6+D0C9TadUqSJ4sC776eS0S9kTXEIZ71hR9M4PE1RJPUQvRLSiMHbXXoz2xVgqJK9Ge0ClxoRWTO
ibRDpiEXsDrFalm6/dtzgBt6n6N/zev46+hv2rIiElScHUhS6BoG4aPCtBsPBOGqPVW6ZliKMAoC
78grFH3Ntw9AIfkFkYQRg6lPMICnixsRdRR8S0my9EjMasNocRMJETdbjmTgen1xesgunr84Z2cv
Xr64YEfL5dmL03O2PH3D3r1+8+Ppm30Gg9jFaxh1yt49f312ypZvXh+fnp8vdkPARB6G7ShxLEWd
lpS5MRA3yGC0FhSSSRpDsNVB9lA7xBRbaMgcQqGQYZZQHZcF8AkBGqwJ+f2UsUkju15jCgaZYAiS
wwizRAKhdxvIZUaiNV5jDsGCgCYsbo9GW1C70aC2SkRYN0jJIrlSr3LuwAOYl6iaLaumpnhtHt9N
kuLcVJyveB2CZ8y3JTgFoLulS66G5KhZTM2C2J3zoqMqZUwJVHAd2ODj/T4n7Bphb4YyvSbQq7SS
33zrggv2WsZ8afBQZpRdFg+0pJBErgu2pb+RiCsiHxh1NE3xCqs9o2BxK0mS6UgMA29JXeZ9spWz
1Yj52DTHGkZulCZv2Qa7w6Qm1nHeV5aosrqkl657Q467vJJlmKz1mLoxxxu9vk5wkJpAtBOZPQf4
yZFrAc7O7xAwJG1IfLDCFRhZ03QCA0O7Bq2t+rIUgxautqVqv1ekrBFU9bmQ1ODQT8op5zdz2r5t
etqPeYXQNO9yyLGQXmtE3vICyk9QJJOf9ZBUbOWK/qJESR5z28agKq8URbTgHMvlDpKuNWjspJS3
dm0aayOMehK/HNy7kMSlBo45o8phTtvDA28nQArVKlA+ovSAOllgSCwVx+aFyTmSwy13ME3JU/LT
r4yDt9UuCjDDfkHh/Tyqz9lhUBSiRYUdqhQBpdm6zGSJGeKZEqrEiWSomsCEVJKh2CZbJHVXppZQ
DMWmTG+Pxlrqb2FYrTctIt9nc32kQFIeLTxve2JUCqCova1j6ZEClpCx5BybHir0cTIAFVkL9hxq
QYHf1sHijh0v3+4zPPAIA4v4Oo3B7KlWkNFzwD8n/IfM6cvubUXekHRGYxfsKIZAteZZcgA9p2wT
YpHhl7NoKViU4f4hGtjIEbdpb4Rs3Iqc3mBUwxKTZwuGRLxdFsu+2N52ithLIFHXeHoIJnZVUc3V
9U5381J5XZN+FIM+sSzv1dhgwlMlE5Tt0jxGqdXyDTnp8YIt1ZyM1yuawFXLqmyBVkxqvkIWQCcg
tqbKqGLBPhTPqKCz8xr1dJylMEo21vgREtG07OXFW6K0AZaQ7bBrGTbypMrtcrK5WPSxJm+7Oc46
JGrH/aEo6LkT+XrCcAchwnfdBzahUU6SNFowylJrjkUAS3OQTYu6A23QNzwhTO0TLaC0KyJ6jZKA
qEuBGFI0p3DeSJXKUgLGtspGkRMhNxJUqFPd1MlrKpJOXpwffQ/1EdVTXUE2hAG7w0hJj0xlkZCi
MarPpsXjfmPL59bXYxF2q8O+afuO6disqZJ1DeGK7jPVyzdy9wG9uWhKmbyVR+iITFItsR2vy7Kh
HYq+VxN9N05RHLeXWcOv+mwBP/EABN6jredRGw+E0VN5WbSpzZufy7SQGwIkqW/Z+7C8Qc+v2YsT
tvf+7YuTx6B3cHuGn41i16A2VAyejwXnwB6ujpV8ZPkB3lBudVeAt7///qzHr/q7EeRbWgyfp1Hh
QOpVpQjxVvZbSSqN3gB9czyQ8KRMEloW7qXJZn7TpfFWISTP+XQX54K2YaSryc/FShlQpFd+1TVq
OyiCINLKMKvmzOWcQ6YeuOIyMoWo8KhWwRzIi9XQoxQ4LdtNxfv9qKtUXM+HBH3XzpkU7lGOn62j
Jp/SvQwmILJetJjbMTrSVgioH39TcobJbyhVjyYT4/jNPuUvhCwU+GE1Rp+lIVda93ZGpoXgadKX
7ONCA/sQAxnfJbWSH5CC1fCzbXdRqd1NJq8BU8x4b+5AbD8Z/w7UmDs7PCG+MId+1qSxzBnIDwed
gsE1XTiWwgqTKIwQsUyddDGkNtpqUsbBo0hkgjoFad60apZewhLYJ1MkyjiwvqJvXMg4BktwtpbY
RkEOvL9pZUomYucojZ60+VY0krUXJ82ILwzTqHmJjckHrAObasupL3NozkRJgG/ODPYIyMQDgYMi
t9tagy4Xt5Wpgtc1T6mbhWQCrZ60oqqsuqx3G3WB+Z7GqLRhGrggtUHIJa2EGRcjF5QEqsFAiNrI
O1SlDu47UnMtwbJSUJaFH1UaInS8DXromXP8nOUOaAgMU7A6eTDK6RAP5vJs1TByDXo7lKQsqjyv
FmlJFEOo2+TYHIIrt7jPGjVb0jFNqftse59YoDDHV6tarNSWotp/lNss+HXCy13+iD6INa9PXuNX
xeYqKcj6AMPXtZAdCAcnv6YVGyJ8ywDBFqOnA5CnB8l3FZ5hksq5JVRQqLyvjAkqITxhQLlslG+O
cRNfjPfy9iE5VGsObiEwstdIQ1+XQsZIRA29xxzjYoHJUN7tc5fMHHyyN6hOfYySbQc1ONQ2FFv7
EKYQkpbl/X6NW1qVfI3V2qb5NoOobIxIcTxaPSYM1CKGcVyQNj3VpH6De7FdQN0Zr9BL7vP5XiUT
qUnpAaO9JIUD0LdKnv2u0VoBZYirh05CRQfchIdmLaYyKE0GRPgwvavloxmMNv1Wioy8gE9Fpz7f
cjxdqPo0KK05HpZSV1gAAY1KV4e90uQ9sFHc0ztkf6PKBYrWfdrk+wmRysQ8JO/xIyNiAyvpmgI8
bqP0X9mi/ZG78ijFZ2ofG+oYqP3G1yirTKgiYEy+XJfg8idgRDewNJlTtysesmdnRxcSiK2GwJ21
P6qjG/u2f0MvVeybN3Fat/sUdP+oKj35rGW8aSGdGBMdiFbtKfJOWV0Gyoo2TH5Lsav7uNt3avXw
lIaCCuCBdBTR47Kml9O8f8IDJiDL+kfPKJrQUjR+goTqYgX5MILMqb4cFX6lrP3FDcS2RjW50SW2
SQ01dBDcwhQalI0s5Ggc8gukQAsmM4V0Fckl4YfKqB7CMT6n3VUqPtBcblV8TE816bFeAFXLo2d1
yk5ExAyLGcahaR/aGnv34ntmaIaOA/pHb08ERFi4zss2fiLf1a3xKSB9wBKd7Ynu65C6psArh8Am
glV3kFYABOsGyPU6bcUcH7lhrUrYoYFS5doTW0PIiuP2QSye0JV8HDjA1CzcsMUHO/11dVWpFeIU
Oyow4c0TIm2wyCHBPSEmqRjGGnvLWl8gi3g0BJ/FPzk5fXb09uxixBM9GFRLUnpAX1XXk/L1iYeg
UYlOQ2a//h/Pzm5/
===END CRASH DUMP===
