PocketMine-MP Crash Dump Mon Feb 14 21:13:33 WIB 2022

Error: array_shift(): Argument #1 ($array) cannot be passed by reference
File: plugins/ScoreBoard/src/hachkingtohach1/ScoreBoard/ScoreBoard
Line: 53
Type: Error

THIS CRASH WAS CAUSED BY A PLUGIN
BAD PLUGIN: ScoreBoard

Code:
[44] 			"%getgems",
[45] 			"%jobneed"
[46] 	    ];
[47] 		$job = $this->getPluginName("EconomyJob");
[48] 		$max = 0;
[49] 	    foreach($job->jobs->getAll() as $d){
[50] 			$max += count($d);
[51] 		}
[52] 	    $max = ceil(($max / 5));
[53]         $page = array_shift([1]);
[54]         $page = max(1, $page);
[55] 	    $page = min($max, $page);
[56] 	    $page = (int)$page;
[57]         $current = 1;
[58] 	    $n = 1;
[59] 		$output = "Công việc cần làm ($page/$max): \n";
[60] 		foreach($job->jobs->getAll() as $name => $job){
[61] 		    $info = "";
[62] 			foreach($job as $id => $money){
[63] 				$cur = (int)ceil(($n / 5));

Backtrace:
#0 plugins/ScoreBoard/src/hachkingtohach1/ScoreBoard/task/SendScore(28): hachkingtohach1\ScoreBoard\ScoreBoard->getFunction(string[23] ..7%whatday ..8plati09M, object pocketmine\player\Player#110690)
#1 pmsrc/src/scheduler/TaskHandler(117): hachkingtohach1\ScoreBoard\task\SendScore->onRun()
#2 pmsrc/src/scheduler/TaskScheduler(141): pocketmine\scheduler\TaskHandler->run()
#3 pmsrc/src/plugin/PluginManager(466): pocketmine\scheduler\TaskScheduler->mainThreadHeartbeat(integer 401)
#4 pmsrc/src/Server(1768): pocketmine\plugin\PluginManager->tickSchedulers(integer 401)
#5 pmsrc/src/Server(1657): pocketmine\Server->tick()
#6 pmsrc/src/Server(1046): pocketmine\Server->tickProcessor()
#7 pmsrc/src/PocketMine(304): pocketmine\Server->__construct(object BaseClassLoader#2, object pocketmine\utils\MainLogger#3, string[36] C:\Users\tranthien\Desktop\FoxCraft\, string[44] C:\Users\tranthien\Desktop\FoxCraft\plugins\)
#8 pmsrc/src/PocketMine(327): pocketmine\server()
#9 pmsrc(11): require(string[80] phar://C:/Users/tranthien/Desktop/FoxCraft/PocketMine-MP.phar/src/PocketMine.php)

PocketMine-MP version: 4.2.0 [Protocol 486]
Git commit: 44818e6d1456dcf1f0fd3cd27da1dfecbe03c08b
uname -a: Windows NT tranthien4-8sin 10.0 build 17763 (Windows Server 2016) AMD64
PHP Version: 8.0.13
Zend version: 4.0.13
OS: WINNT, win
Composer libraries: 
- adhocore/json-comment 1.1.2@fc2f76979f0a44a5f5bc2a2b600d0762fe0e78e7
- brick/math 0.9.3@ca57d18f028f84f777b2168cd1911b0dee2343ae
- daverandom/callback-validator unknown@unknown
- fgrosse/phpasn1 v2.4.0@eef488991d53e58e60c9554b09b1201ca5ba9296
- netresearch/jsonmapper v4.0.0@8bbc021a8edb2e4a7ea2f8ad4fa9ec9dce2fcb8d
- pocketmine/bedrock-data 1.6.0+bedrock-1.18.10@e98c511584a7bd58a95986374d2df4b04c6a2ba0
- pocketmine/bedrock-protocol 8.0.0+bedrock-1.18.10@017e57c8f8a74118bcbba7332e7ebac9e6c81693
- pocketmine/binaryutils 0.2.4@5ac7eea91afbad8dc498f5ce34ce6297d5e6ea9a
- pocketmine/callback-validator 1.0.3@64787469766bcaa7e5885242e85c23c25e8c55a2
- pocketmine/classloader 0.2.0@49ea303993efdfb39cd302e2156d50aa78209e78
- pocketmine/color 0.2.0@09be6ea6d76f2e33d6813c39d29c22c46c17e1d2
- pocketmine/errorhandler 0.6.0@dae214a04348b911e8219ebf125ff1c5589cc878
- pocketmine/locale-data 2.4.3@4d0b081f1a79407e087968ea76aaf330db6ea2b5
- pocketmine/log 0.4.0@e6c912c0f9055c81d23108ec2d179b96f404c043
- pocketmine/log-pthreads 0.4.0@61f709e8cf36bcc24e4efe02acded680a1ce23cd
- pocketmine/math 0.4.2@aacc3759a508a69dfa5bc4dfa770ab733c5c94bf
- pocketmine/nbt 0.3.2@3e0d9ef6b6c5fb45e3745a121296e75631b3eefe
- pocketmine/pocketmine-mp 4.2.0@44818e6d1456dcf1f0fd3cd27da1dfecbe03c08b
- pocketmine/raklib 0.14.3@4798576fec0364266dce23b368a7fec5e5de7927
- pocketmine/raklib-ipc 0.1.1@922a6444b0c6c7daaa5aa5a832107e1ec4738aed
- pocketmine/snooze 0.3.1@0ac8fc2a781c419a1f64ebca4d5835028f59e29b
- ramsey/collection 1.2.2@cccc74ee5e328031b15640b51056ee8d3bb66c0a
- ramsey/uuid 4.2.3@fc9bb7fb5388691fd7373cd44dcb4d63bbcf24df
- rhumsaa/uuid unknown@unknown
- symfony/polyfill-ctype v1.24.0@30885182c981ab175d4d034db0f6f469898070ab
- symfony/polyfill-php80 v1.24.0@57b712b08eddb97c762a8caa32c84e037892d2e9
- symfony/polyfill-php81 v1.24.0@5de4ba2d41b15f9bd0e19b2ab9674135813ec98f
- webmozart/assert 1.10.0@6964c76c7804814a842473e0c8fd15bab0f18e25
- webmozart/path-util 2.3.0@d939f7edc24c9a1bb9c0dee5cb05d8e859490725

Loaded plugins:
Alerts 1.0.0 by hachkingtohach1 for API(s) 4.0.0
AlwaysSpawn 2.2.5 by Philip Shilling for API(s) 4.0.0
AuctionHouse 2.0.0-BETA1 by Shock95x for API(s) 4.0.0
BlockGenerator 0.1.0_beta by BlockHorizons, Chris-Prime for API(s) 4.0.0, 3.0.0
BuilderTools 1.3.0-beta2 by CzechPMDevs, VixikHD for API(s) 4.0.0
CraftingTable 1.0.0 by hachkingtohach1 for API(s) 4.0.0
CropGrowth 2.0.1 by NhanAZ, kaidoMC, YTBJero for API(s) 4.0.0
CustomItemLoader 2.3.1 by alvin0319 for API(s) 4.0.0
DevTools 1.15.0 by PocketMine Team for API(s) 4.0.0
Dungeon 1.0.3 by hachkingtohach1 for API(s) 4.0.0
EconomyAPI 5.7.3-PM4 by onebone for API(s) 4.0.0
EconomyJob 2.0.6 by onebone for API(s) 4.0.0
EconomyLand 2.1.3 by onebone for API(s) 4.0.0
FCCore 1.0.1 by hachkingtohach1 for API(s) 4.0.0
FormAPI 1.4.0 by jojoe77777/DragonfireHD98 for API(s) 4.0.0
Gems 5.7.3-PM4 by onebone for API(s) 4.0.0
HealAndFeed 2.1.0 by Kylan1940 for API(s) 4.0.0
HealthTag 2.1.2 by Shelly7w7 for API(s) 4.0.0
InvCrashFix 0.0.1 by Muqsit for API(s) 4.0.0
InvSee 2.0.1 by BlockHorizons for API(s) 4.0.0
KeepInventory 1.0.0 by NhanAZ, KhoaGamingVN for API(s) 4.0.0
LaunchableTNT 1.0.1 by Vecnavium for API(s) 4.0.0
MaxEnchants 1.2.4 by Xenophilicy for API(s) 4.0.0
MultiWorld 1.7.0-beta3 by CzechPMDevs, VixikCZ, fuyutsuki, kaliiks for API(s) 4.0.0
MyItem 1.5.5 by hachkingtohach1 for API(s) 4.0.0
NPC 1.0.0 by hachkingtohach1 for API(s) 4.0.0
Napthe 0.0.2 by hachkingtohach1,tungstenvn for API(s) 4.0.0
Parties 2.0.1 by Didah (@Diduhless) for API(s) 4.0.0
PlayerStats 3.1.9_BETA by hachkingtohach1 for API(s) 4.0.0
PureChat 2.0.0 by Vecnavium, 64FF00 for API(s) 4.0.0
PureEntities 2.0.0 by LeinneSW for API(s) 4.0.0
PurePerms 1.4.5 by Vecnavium , 64FF00 & ProjectInfinity for API(s) 4.0.0
RedstoneCircuit 3.0.0 by tedo0627 for API(s) 4.0.0
ScoreBoard 1.0 by hachkingtohach1 for API(s) 4.0.0
ShopGUI 1.0.0 by hachkingtohach1 for API(s) 4.0.0
SimpleHome 1.1.0 by CzechPMDevs, VixikCZ for API(s) 4.0.0
Spyglass 1.0.1 by ItsRealNise for API(s) 4.0.0
VanillaHopper 2.0.1 by ColinHDev for API(s) 4.0.0
VanillaX 3.0.0 by CLADevs for API(s) 4.0.0
WorldProtect 2.3.11 by aliuly for API(s) 4.0.0
_NewAlias 1.4.0 by Javier Leon9966 for API(s) 4.0.0
libEasyUI 1.0.2 by GiantQuartz for API(s) 4.0.0

----------------------REPORT THE DATA BELOW THIS LINE-----------------------

===BEGIN CRASH DUMP===
eNrtPGl3nEa2f6VeO/Min1G32BfNcY5lSY498dJjybHfDDk+BRTdRDQQFkntOfnv795bBQ1ItpWJ
JsmHOLEbarl196Uo+PcsKaoNbz5ciqpOi3x2aO3PmnQjZoe6Y1me5Wm6uTAMwzKhoy1ll2EsfM83
Dce3Tc9zfejKeN2cVlVRzQ7/PWu2JYyayfv92UbUNV9hC68qvv1Qr9Ok2Xt4yI6qVbsRecMe6Gzv
K+p8yCKe50XDQsFKXtciZuGWVSIRlcgjAdCSNsuephmCOz4Mgrc1YB4ETcXzZp2KPAhORH3RFGUQ
PC2ujyueNEFQZu0qzWHYWVRU4knBqzgI6ioKgjWP1hdpvmoKvNLHI3bXi3Jd4tpyXQXuYNd/AMAO
JrCG3btLgJKlOUCxTeB0xYGmw3/NHmjslwNteH1xcCbymNr2DA9Yekd65t+sRPO0zaMGhL5XNxVM
+Zdh/sAWC/cvV2vexHwL116Z8SbV/Jf7rAh/FFHDyiK6EM0GKECu8q2ogmBJvw90XXN87SEQCOIs
N4g8/Y3WIm4zUR2cA77PeB7D9Z6uu1/CFsmDlo6++TdF/qbN92gB45MLnHV3e7qlwxJDhPuRQTDA
Zf5N1YE1B2ClPA6W9POS56DB1Z7lOJ+H2S8//2bD0/x8XQkePxO8akLBm700bwTAYZam04LWYMEz
UV0i2q7jTdaQqCCjB7jMv2nSaLdefQO2fQtsx3YnsGWPBCaZ4NwyT7Ocz8xbVkUENl5UEoA7ALCk
KS9hyp6pWZ+A8eFDVOSghG3U7Ck9e8JrcQxOpX5R8BiUy7hVA9smzcCqXwKnXxQrIP6Buc+UNpvO
D+zODqKfZVm/YFbvVohs7xNkG1OW15KpNMmXk8AeYFAlfmpTsGSFi6f9wMo1rw4PDo4PDwijgx6h
A4XPQYfOYM35y+UCJ05QQSf2cPbDz/sz8dt46nv1loC2hPQhzS+L7FIgPgA+Bo5FzazrhZbR9KiI
BVJqWdATNPTf7C/g/VZiUwcwYH9m2cOuH4swFyIOZtjjUA+DPz/8De9dNfIrGMUesa9AFDX5Umma
r/hG7AWzU1DnYrP9exEGs4c0z+vmbfg1zNOo0e+BQxAWwIQ9BDv/Bv6RQI+ybO8h4zX7Kn74b5hh
az2iBOivj1hUtHmzB/0I0dZV/894Y/Tg1aqRSLO9Pbo5YPZDOcWEUUz9+aoE4cPAofD/pf8gB1q3
DARQe/q+vJWj7N2i3Zg0pzVHw5wbw9B9PaQbGuAOV4vaqkLle8R06vR2s/O+0e9YXLRN2eLgYHYc
tJqWWPmKXaZBq4vIjViEF9zNWYadQtuAQuOyB4gkqHoQ5MEMITodt78onRzEzh59w3AACcrpBEE4
pnlSEDoKrtFLcQiZIKUxwdkUudhKSOZONxtkRMcqJcy8E+XPf2YTf2YTf2YTf2YTv3E20cXdGoPs
EahOQ1foEsFzqYb9WV9fzvSFttCghbfNuqhq9FcTw0WgvEyxx6LBcC9yHmYinh2CXMX+LBYlWDJO
hr66SJqTYQPaCqx0wx9IbLpfzC1AHWDg8vXZ+bvXb16cQNOVCOu0QdzXTVPWwK0r3kRrCIbN4kqI
MNsuomJzgP72KLvi2/qs5Ff5iORd65BuY2Es7DHdy3WapSU7gx/Iclb3RXdJYGsFNQg4YVQjRkEg
LWBH+9n50Zvzt8sR5URcS978WdHWYkjdsHlMHmA8f3J6fqSPiTxbg8r49vWvo67LqY6Wz2c7SmsF
G2iUeK0RLxDwGMvPihmJfZIBnG9FLireyMRYkTvpGBKsLUCTP4Si4WN6acqzoko/gheCruN1BTni
ssKdkykL9mfmrxH0aKkgGCN7U9Sfob9NMxh6XhTZ0HpHzWMbBrznSLsxJv74o4jWy5cn4hInfJ9e
pxfPTu5LryMEXm5iAB4EocStQdyA9DGmd7LrVdqs25CseYD2wQgU8IbcIdjROSI8YM64/Q/i4UZI
TW7vwhdgC7A3zaJqu6i3jagXuWgOYl6vQ0oSJUOK8tuquGrWI270jVOvMPEHr9Y8P/ontF3wNC5e
HsPV/50/+buoivviilwBqe9wkkH9P1AMhSxS3dZNsXneiI0yqwHt064xB8wpB3h2meaaqfv3RXAP
EGie4HKz5S7+AAxh6gv6prGm6/ZU1XcZAjsXfHNfNHbrY+p0ObHz22LYLcLcYXbQw0Bi23wlimEI
71qmRm3+Pkat0Okv7suQByF1R/ugcUi+vXAX5nz50hqzAOrUEP7eF+kKXBAIiQXADIIRRl9U3d3e
y02isHHqnZxfT9AkN7krcVDz98RJzO5K3AsoNW9SR61j8vSpyv6G5GWATk+fwu2LBD49PobifECb
aphaov77WKLEpvu9Lzt8WlSbsRF2LWOyramr/bH4sRAu/jk4qfiqyBOo956d+N59MWC3ABaqhFN/
cRdxfis2wxhCt7+jV8H15b93Qf6Z4NlRHj8VYmhsw9apsU3E8x3agO5b2n0R0gMMggEad0tuOoqa
9TlfTeiRbVNqjGkdJ7Js616590VN3QGU1BASd6fleX4J2W29fppeD6gZto6LtRs+42X7E4C7L2I2
BC0I0vwyQgSS9PqXFGCA95kQY0Kw4Qu59LjWvCdSJlWlxOSXEPOdECXMEjlUodsBTeP2L1RMfZnw
3brg3/INuOHvX913hTDC6B6KhBe8zaM14nP+6nxA+bj9C8HsexHl/DJt7y117gGCEIeITG7vItqX
/PoUZ+SjXb5h65g4YzFx7e9FXtD+VLS9L/IGIFGEPSqjmzsR12ZN+q6osqG/HzSOSXPVDoj5xR2Q
43/SsZVt29TtRUqVb5amF/V/ZV9kg/heIb5A/xD3X7MnMgCEfNpiNTnkkWwY88ee7nb+VkmaxKb7
va8k7dXyeEAx3v1BtnwAlV/muT65n/2Kl816GIRUwzSQGp8ldL+BKrVuRH6Z//doJsS637vY9pJX
TSqGTqtr+UKIPUljvmZ7j+G3XWeirh/eF1VxBzEISolLEOyQ+qXm2uNH1NIz1LOGj9z0sHVItQnJ
nv8Bt+5/Hw0e4DW6+dUKvWwrcbzmzZAHXdONZxefCsL7M8d6+lT7ZUk8rbMU1aa+WTLPnnJ6OlEv
qwKgvwfPU7T18nTetQ8ecHyQawNbFN67qztpPYw9zZt0qvrD5i8w4oVI81ycvbsv6WcED1QecBAK
B0nUAKNftq/XoXgwgqLIl0IY0y7bpsW1/QkNYPtMSoH9LwOR4WPj51Bp52lzbynMSMyE3eDyLoJ+
I+K6gRr3OK2iNh0q/LRnbPg3xN2IuNAc496KvA5eEFQKkUgiEgQ3MfsimYOTXTsKR8e9RiH593Fn
t5+R+dXO7GxdlN++He4SdS1/kEREodNf3FfmdZZuykw8KzbD1GTQOHkgMSX/9oT8v5F614TTGnAC
Hgzx+zWp99mGZ9myO821g4qMKbcrPNQyZEvX9IUa83lTvxE8e5XW97bLNgAJ5Cs87r6f8z3P0yzj
z4qyHD1cG7d/IVk7LrI0fwZ8uy+ieoBBMEJkcvufyLhHdUf8+5t0v/+Swz5+cUSqfV8ES3A9fe93
V3eRItWIECQbPJK7I2bUfOPp6I3Ho2mbbe/v2ShCCwIqiUuJwlQr75hnvGzTKklFFh/szl/Nu4OW
DaQzBxsOhU91MCIXuPLhlbg6ylI+tNRd2xc2+f8OSYio2AtR5L7vOPfFFwm2g4pnogAX9fMfqPMY
3IEE8zOe3g5Peb0dxa1d29RLTSrLb1OeN/9ooSb6eF9ky4WDoEfgCyqNp855BXiDXCePt7tzcYTK
NRS8NSXvQKd8hjXz0EHh9lAYbTielti1RDwD1GDusK3YfIiLBgLgqFUd0d81tFU2vI95M+pP0qwR
I8CrTTm8XUN0Hd6nUZFfDht+rEkg/f0mlEcIR21F1fTHoFBsdcORoHg4qIzGfHgjkkxQjTNsrYmj
9bgpxtJr0HK2fDFaflv/lOFD0O6K9V1NcSHy9OOYBdfXimpEF/3Nlm8ydSgPbz+mpcwefCoDPoKK
DqfD7fVmzPUC0TM0zdR1w4eG5cnrEelx8YFQmzZCUzoWWAFaWtejgTLOv385onmCAdziaeAJnZvs
qkon8i8bOjeMHO6OnS3XE91bt/kFnX81iEnyzEq6CtOc4x4+RB6DHpVn4hIcYKgGIShI3cqmUA2G
ZFYMgpZqqamEbOcxP+zWGvTjuyJ4Tn6kt/ENkacjLSFWmsOmSoB5oB2uWqmLHfx/grmx18sIUtUB
89G616VaF1ekw3PZsFwcmjuaMq/F7mVJ4KdB4Ok02uzQ0PCtvrT+AAnh7DDhWQ1+CYNOERUA1fIc
WAPLs5llebonnFi3bCeOEj3RktiMYsONuR4nIgqFZkaah6cC2i6IpnlcXNXs1Tnrz+1ac69Oc6aD
VBnhwHTXdUy21w2Wh6KZoenOQ3b08sTB/Xh8mXHAtI+CLMnq9WVdfihQOO+ev6LHAnRzRRETnFRZ
1KL6AFKueKX2FXi8LrDSOUDXMYcx6t0cTMeNx0lkJK7ju36iccvidmKHkcGN0NG0WHMdIxGacD3h
Ih+rNLo4UN5SW/gL83HEbTfWvUQzvMSzEtd1Q0N3vCjWfV0PtVgIw7RMLsgVAq3ghiAegYPNQh5d
zC8hAYjlqU7g5EVeXOWP1S+q3aoq6locAMm8zvGtjUsDQ/BjIRLL83xfj21T2CApLfJt2wo1P9SB
mYBUyH3DR5MAh12JWvAqWhP9Gy5T2NklWdtjLwwjzdC5J+LQEBZ3BTcSj8dWwn0R+XEkjCQKvXhk
JQehiCu4mwPunDjpLLS/do3AV2+hA5a+F9m6bnsANYxtj/u27zmma8VGnACyVuQAn7l2O+idYpIu
3ASv6a6w3Qj4zl1L170wCkPumqYhXAHM9YUTebrjmxPw5DN2Bg4MfWzzyBWC+zpPQh57cWT5XmJH
wrQi4Ri+G9vCgW4+hnSrEOkg1mPHcj3XAqVynDDiwFPb82zDMoRnR4YZGbYAzth0PHUIEGuSTJ3f
I9S0x5YvuKmZvm+KJE5C049iUzOEoYNh2hqA9gzNB/2cQCqyYgcDtALxd2LXSQxhmrHj6WZk+rHh
R4YRWU4EnNTjCTb0Ft5avjZCoEDEj2MOS1tcs0zLC0HDhWfovggT3bCTRAeaPD+KvCk6WYEZRacs
qMLmYyvWQs3TE527vqW5QvNc3/EEdx3OE9PU4hBQNkJ7CmlFuJAROJGvG5GW+Jptg6hjw9Q1T0RG
rLt+6DuJBRoGmN6AMB+EHAnK0RMX2OhFiQkCiwxLWALs3uBRLIBbGtfBDMABjkH1jgD87GPOo8h0
bZ/bmscdP07ABiMLflxX4yGoZWRHvhUmYxB52HSx6bEptNgXiRM6kZ2Eli3AUmyuGxDBHeHajqmH
Jhi+GEMYJPuUSFlSbe7uwAewKn4hUwtwtSQj1/dsUBoRaaZjGY6D3sAMTQcsDhptYcfC9Q33Nijz
tIy6jOaxbxjcsSyw+ciJAAfObfzfMw0dRK+LyHJNj4sJf+u8KD6KLuI/1jjYOrhm19MjS/e5njiW
APOywLWYNjpg2xeGjzRBSlyLLZrBLqPDx73G4wj+uJYQwF3Dg/QoBEOytNDWNdsRwovNMHScSOM7
IG2bxoqvJgQLPwzdJMQvCzi+nsSu6QJfLSuOQit2YHaUGCB1nL5uNzXn3fyb3r3ebpIi34IEsy0k
GNm8S6YvAVXUSlMDr6F7RuR7Og91147BaEwrDrUElNvxPd/TULlugwUhw9MGsGw3dHUDLE7Ecei7
EQQ27oFrMo3Is0AZXM83YkP4n4KlD2HFwgq5EVvIvcQPY03ofmhwsDlwxKYN3gUih5fIYmVTfIQS
6QDfwa1U1MW44/iOBVhErqeBrlrcswxQAqGBjGMdwhcQCRps2CMgJVjcHH23Ks7BIfmmn7giBpuN
QCXC0I8w6NpRqNmxB/7Wt3zNBTBUK/W6tdhSuvqAYanNIjybtmorjqrCMNnDd17ZKLsK8gfsfA2R
lNWiwVPrNeOVYM1asCIXNVzwZvDOcZpHWQvOAy6YfAdqAQENIi89UQBYZ8UGZiYIYAqz5onYZwX0
VDWCZCF4qwu2LdpKwWJpwjZQhUC9jytAcoNvGWdbBAyVew/uAFJd3mZNza6K/OuGYeznFYMitgDn
lWIE2yKG+KKwpPtqLXLWlquKxwBgEeRB3gE7DHLGHrxbC0SMNQWsAlkrgFDvk9WU+NWYWseym1CV
zp8BPzPREL9wTzUSTMYWbNkgZOB4JOYZx+R4JQ4Z5afYUa/bBrLFfK7e/z5kwUwljkGr6bpOb8qa
7GKN787GSdo3w52fr/BVWl1wPf2fYEYkHGVZccWytEayundR2WXK2T9aUW1xzE940e2eHDIs4Wnq
KRX1ag4DAhgmlgxEC9xDaOGWKZ7jeLkHMO+7B1Q9eAemBaoDAuBxzCBHk3JC/uN7hmwjeN1W9B45
A+mEApEGLoqfWp4hf1fpJYyF5KMVbE8tCqn0Q4QuVxTzSpRQCs9BPvjG4CF009qv2k0I7AP1O6q3
eYQvc4KGVBegcAsa8BZfmEcb6CjFYeuqyIsWxAzD631Ge1ZMFiVoOPsM028gBKsP4g0YLrZt2hxU
DYdI4GekB0ATqGNVXKegigLYACSRiuc9cshbhdDzBJUax6Dy7rO0+RrY11Q0LRa4l0W6NZnM9oCG
FgzMILYQGXNF6SGBmio1J+Wo2jxHccZYUBYlCYEqmHrBTsSlumabdLUGq8cjdftDK1WKgxypqrZs
ZKtkGDJmA7gpuki4YL1UlcTScvhlkcaA9u0YoI6gzkFpkIJ2LQaKBoPnclCvaUG+EbDcVlrvt1kR
gvbg/hOT7WAHm7RBJ7ARKx7SUw52JlmtEXPTml7XwennKLWrlDhPGgXWfTWXgDolq4lCPOsLF0zg
8TUEk1RCdEtKJQdptWjPbFWAoAq0Z9QKXGhFaM4JtUOmIRWwOvlqmbr94SnADb3P4b/mVfzr8K+b
oiQUlJ/tUVLgagbuQ376okcIV+2w0jXDUoiRE3hHVqHwq7++BwzJLggl9BhMfScBLF1ci6gl51tI
lKVFYlTrR4vrSIi43lEkHdfr89NDdv7s+Rl78fzl83N2tFy+eH56xpanb9i712++O32zz2AQO38N
o07Zu2evX5yy5ZvXx6dnZ4upCxjxw7AdxY6lqNKCIjc64hoJjNaCXDJxo3e2OvAecoeYfAsNmYMr
FNLNEqjjIgc6wUGDNiG9n1I2qWRXawzBwBN0QXIYQZZAwPXuHLmMSLTGa4whmBDQhMXN0agLajca
xFaKCPMGyVlEV8pVzu1pAPUSZb0j1dQUrfXD21FSlJuK8hWvQrCM+S4FJwd0O3fJ1BAdNYupWeC7
NzxvKUsZYgIZXAs6+HC/iwlTJezUUIbXBGqVRtK72Znggr2WPl8qPKQZRZvFPS4pBJGrnO3wryXg
ktAHQh1NU7TCak/JWdwIkqQ6EkJPW1IVmy7YytlqxHyomkMJIzVKkjd0g92iUiPtOOsySxRZVdBL
150ix+2mlGmYzPWY6phjRyevExykJhDuhGZHAX4X5EqAsfNbGAxBGwIfrHAJSlbXrUDH0KxBaqsu
LUWnhavtsNrvBClzBJV9LiQ2OPSTfNrw6zlt39Yd7se8xNZ0024gxkJ4rRB4w3NIP0GQTH7VQ2Kx
4yvai2IlWcxNHYOsvFQY0YJzTJdbCLpWL7GTQnZNdRpzI/R6Er4c3JmQhKUGDimjzGFO28M9bSeA
CuUqkD4i9wA7mWBIKCXH4oXJOZLCHXUwTfFT0tOtjIN32S4yMMN6QcH9PKjP6WGQ56JBgR2qEAGp
2brIZIoZ4pkSysQJZciaQIVUkCHfJksk1StDSyj6ZFOGtwdDKXVd6FarbYPA99lcHwiQhEcLz5sO
GRUCyGvv8lh6pIApZCwpx6KHEn2cDI0KrQV7BrmgwA/gYHLHjpdv9xkeeISBeXyVxqD2lCtI79nD
nxP8Q+Z0afcuI6+JO4OxC3YUg6Na8yw5gJpTlgmxAB1WS8GiDPcPUcEGhrgLewNgw1Lk9Bq9GqaY
PFswROLtMl92yfauUsRaApG6wtNDMLEt83Ku7ifVzUtldXX6UfTyxLS8E2ONAU+lTJC2S/UYhFbL
N+Skhwu2VHMyXq1oAlclq9IFWjGp+ApJAJkA2+oyo4wF61A8o4LGziuU03GWwihZWONHSETdsJfn
bwnTGkhCssO2YVjIkyh3y8niYtH5mk3TznHWIWE7rA9FTs+dyNYThjsIEb7r3pMJhXKSpNGCUZRa
c0wCWLoB3jQoO5AGffgS3NQ+4QJCuySk18gJ8LrkiCFEc3LntRSpTCVgbKN0FCkRciNBuTpVTZ28
piTp5PnZ0RPIjyifanPSIXTYLXpKemQqk4QUlVF91ywe1hs7One2HouwXR12Rds3TMdiTaWsa3BX
1M9ULV/L3Qe05rwuZPBWFqEjMIm1hHa8Loqadii6Wk101Th5cdxeZjW/7KIFXOIBCOyjredBGQ+I
0VN5mbSpzZsfizSXGwLEqa/Z+7C4Rsuv2PMTtvf+7fOThyB3MHuGX41iVyA2FAyej822VMNVseKP
TD/AGoqd7HKw9vdPXnTwVX03aPmaFsPnaZQ4kHhVKkK0Fd1Wkgqj14DfHA8kPCqShJaFvjTZzq/b
NN4JhPg5H+/inNM2jDQ1+Y1VyQPy9Mqu2lptB0XgRBrpZtWcuZxzyNQDV1xGhhDlHtUqGAN5vupr
lBynZdNQvN+NukzF1bwP0LftnEnmHm3wu3JU5FO4l84EWNaxFmM7ekfaCgHx4zUFZ5j8hkL1YDIR
jh/VU/ZCwEKBXz9j9FkaMqV1p2ekWtg8DvqSfFyoJx98IONTVEv5/ShYDb+tdhuW2u1o8gogxYx3
6g7IdpPxt8fGnOzwhPjCHNpZncYyZiA9HGQKCle34ZALKwyiMELEMnTSTR/aaKtJKQePIpEJqhSk
etOqWXoBS2CdTJ4o40D6ir5xIf0YLMHZWkIbODmw/rqRIZmQnSM3OtTmO9ZI0p6f1AO60E2j5CU0
Jh+w9mSqLacuzaE5IyEBvDkz2ANAEw8E9oLcbWv1slzcFKZyXlc8pWoWggmUelKLyqJss85s1A3G
exqjwoZp4IJUBiGVtBJGXPRckBKoAgNb1EbeoUp1cN+RimvZLDMFpVn4UaXeQ8c7p4eWOcfvTU6a
escwblYnDwYxHfzBXJ6t6keuQW6HEpVFudmUi7QgjMHVbTdYHIIpN7jPGtU71DFMqX626ycSyM3x
1aoSK7WlqPYf5TYLfkLwYkof4Qe+5vXJa/yq2FwFBZkfoPu6ErIC4WDkV7RiTYjvCKC2xeDpAMTp
nvNtiWeYpHBuMBUEKvuVMkEmhCcMKJYN4s0xbuKL4V7ePgSHcs3BLAR69gpx6PLSkj5TCrXHHP1i
jsFQ9naxS0YOPtobVKc+BsG2hRwcchvyrZ0LUwBJyrK/W+OGVCVdQ7E26WYXQVQ0RqA4HrUeAwZK
Ed04LkibnmpSt8G92C2geoYrdJz7fLxXwURKUlrAYC9JwQDwjeJnt2u0Vo3SxVV9JaG8A27CQ7EW
UxqUJj0gfJjeVvLRDHqbbitFel6Ap7xTF285ni5UdRqk1hwPS6k7TIAARyWrw05osg90FPf0Dtm/
KHOBpHWfNvl+QKAyMPfBe/jIiMjATLoiB4/bKN1Xtmh/5LY4Sv6ZyseaKgYqv/E1yjITKgkYoi/X
pXZ5CRDRDCxNxtTdiofs6Yujc9mIpYbAnbW/qaMb+7Z/TS9V7JvXcVo1++R0/6YyPfmsZbhpIY0Y
Ax2wVu0p8lZpXQbCirZMfkqxrTq/21VqVf+UhpwKwIFwFNHjsrrj07x7wgMqINP6B0/Jm9BSNH4E
hPJi1fJh0DKn/HKQ+BUy9xfX4NtqVeRGF1gm1VTQgXMLUyhQtjKRo3FIL6ACJZiMFNJUJJUEHzKj
qnfH+Jx2KlR8oLncifiYnmrSY70AspYHT6uUnYiIGRYzjEPTPrQ19u75E2Zoho4DukdvjwR4WLjf
FE38SL6rW+FTQPp+JRrbI93XIXSNGy8dajaxWVUHaQmNoN3QcrVOGzHHR26YqxJ0KKBUuvbI1rBl
xXH7IBaP6E4+Duzb1CzcsMUHO919eVmqFeIUKypQ4e0jQq3XyD7APSIiKRnGHHtHWpcgi3gwBJ/F
Pzo5fXr09sX5gCZ6MKiWpPCAtqruR+nrIw+bBik6DZn9/P+ydyhR
===END CRASH DUMP===
