PocketMine-MP Crash Dump Mon Feb 21 10:48:54 WIB 2022

Error: Call to undefined method pocketmine\plugin\PluginManager::callEvent()
File: plugins/FishingRod/src/hachkingtohach1/FishingRod/FishingHook
Line: 107
Type: Error

THIS CRASH WAS CAUSED BY A PLUGIN
BAD PLUGIN: FishingRod

Code:
[98] 			$pk = new ActorEventPacket();
[99] 			$pk->actorRuntimeId = $this->getId();
[100] 			$pk->eventId = ActorEvent::FISH_HOOK_HOOK;
[101] 			$pk->eventData = ActorEvent::FISH_HOOK_HOOK;
[102] 			Server::getInstance()->broadcastPackets($this->getViewers(), [$pk]);
[103] 		}
[104] 	}
[105] 
[106] 	public function onHitEntity(Entity $entityHit, RayTraceResult $hitResult): void{
[107] 		Server::getInstance()->getPluginManager()->callEvent(new ProjectileHitEntityEvent($this, $hitResult, $entityHit));
[108] 
[109] 		$damage = $this->getResultDamage();
[110] 
[111] 		if($this->getOwningEntity() === null){
[112] 			$ev = new EntityDamageByEntityEvent($this, $entityHit, EntityDamageEvent::CAUSE_PROJECTILE, $damage);
[113] 		}else{
[114] 			$ev = new EntityDamageByChildEntityEvent($this->getOwningEntity(), $this, $entityHit, EntityDamageEvent::CAUSE_PROJECTILE, $damage);
[115] 		}
[116] 		
[117] 		if(!($entityHit instanceof Player)) return;

Backtrace:
#0 pmsrc/src/entity/projectile/Projectile(242): hachkingtohach1\FishingRod\FishingHook->onHitEntity(object pocketmine\player\Player#159087, object pocketmine\math\RayTraceResult#230745)
#1 pmsrc/src/entity/Entity(968): pocketmine\entity\projectile\Projectile->move(double -0.077864768696987, double 0, double -0.062695865847243)
#2 plugins/FishingRod/src/hachkingtohach1/FishingRod/FishingHook(53): pocketmine\entity\Entity->onUpdate(integer 307108)
#3 pmsrc/src/world/World(881): hachkingtohach1\FishingRod\FishingHook->onUpdate(integer 307108)
#4 pmsrc/src/world/World(807): pocketmine\world\World->actuallyDoTick(integer 307108)
#5 pmsrc/src/world/WorldManager(362): pocketmine\world\World->doTick(integer 307108)
#6 pmsrc/src/Server(1775): pocketmine\world\WorldManager->tick(integer 307108)
#7 pmsrc/src/Server(1657): pocketmine\Server->tick()
#8 pmsrc/src/Server(1046): pocketmine\Server->tickProcessor()
#9 pmsrc/src/PocketMine(304): pocketmine\Server->__construct(object BaseClassLoader#2, object pocketmine\utils\MainLogger#3, string[36] C:\Users\tranthien\Desktop\FoxCraft\, string[44] C:\Users\tranthien\Desktop\FoxCraft\plugins\)
#10 pmsrc/src/PocketMine(327): pocketmine\server()
#11 pmsrc(11): require(string[80] phar://C:/Users/tranthien/Desktop/FoxCraft/PocketMine-MP.phar/src/PocketMine.php)

PocketMine-MP version: 4.2.0 [Protocol 486]
Git commit: 44818e6d1456dcf1f0fd3cd27da1dfecbe03c08b
uname -a: Windows NT tranthien4-8sin 10.0 build 17763 (Windows Server 2016) AMD64
PHP Version: 8.0.13
Zend version: 4.0.13
OS: WINNT, win
Composer libraries: 
- adhocore/json-comment 1.1.2@fc2f76979f0a44a5f5bc2a2b600d0762fe0e78e7
- brick/math 0.9.3@ca57d18f028f84f777b2168cd1911b0dee2343ae
- daverandom/callback-validator unknown@unknown
- fgrosse/phpasn1 v2.4.0@eef488991d53e58e60c9554b09b1201ca5ba9296
- netresearch/jsonmapper v4.0.0@8bbc021a8edb2e4a7ea2f8ad4fa9ec9dce2fcb8d
- pocketmine/bedrock-data 1.6.0+bedrock-1.18.10@e98c511584a7bd58a95986374d2df4b04c6a2ba0
- pocketmine/bedrock-protocol 8.0.0+bedrock-1.18.10@017e57c8f8a74118bcbba7332e7ebac9e6c81693
- pocketmine/binaryutils 0.2.4@5ac7eea91afbad8dc498f5ce34ce6297d5e6ea9a
- pocketmine/callback-validator 1.0.3@64787469766bcaa7e5885242e85c23c25e8c55a2
- pocketmine/classloader 0.2.0@49ea303993efdfb39cd302e2156d50aa78209e78
- pocketmine/color 0.2.0@09be6ea6d76f2e33d6813c39d29c22c46c17e1d2
- pocketmine/errorhandler 0.6.0@dae214a04348b911e8219ebf125ff1c5589cc878
- pocketmine/locale-data 2.4.3@4d0b081f1a79407e087968ea76aaf330db6ea2b5
- pocketmine/log 0.4.0@e6c912c0f9055c81d23108ec2d179b96f404c043
- pocketmine/log-pthreads 0.4.0@61f709e8cf36bcc24e4efe02acded680a1ce23cd
- pocketmine/math 0.4.2@aacc3759a508a69dfa5bc4dfa770ab733c5c94bf
- pocketmine/nbt 0.3.2@3e0d9ef6b6c5fb45e3745a121296e75631b3eefe
- pocketmine/pocketmine-mp 4.2.0@44818e6d1456dcf1f0fd3cd27da1dfecbe03c08b
- pocketmine/raklib 0.14.3@4798576fec0364266dce23b368a7fec5e5de7927
- pocketmine/raklib-ipc 0.1.1@922a6444b0c6c7daaa5aa5a832107e1ec4738aed
- pocketmine/snooze 0.3.1@0ac8fc2a781c419a1f64ebca4d5835028f59e29b
- ramsey/collection 1.2.2@cccc74ee5e328031b15640b51056ee8d3bb66c0a
- ramsey/uuid 4.2.3@fc9bb7fb5388691fd7373cd44dcb4d63bbcf24df
- rhumsaa/uuid unknown@unknown
- symfony/polyfill-ctype v1.24.0@30885182c981ab175d4d034db0f6f469898070ab
- symfony/polyfill-php80 v1.24.0@57b712b08eddb97c762a8caa32c84e037892d2e9
- symfony/polyfill-php81 v1.24.0@5de4ba2d41b15f9bd0e19b2ab9674135813ec98f
- webmozart/assert 1.10.0@6964c76c7804814a842473e0c8fd15bab0f18e25
- webmozart/path-util 2.3.0@d939f7edc24c9a1bb9c0dee5cb05d8e859490725

Loaded plugins:
Alerts 1.0.0 by hachkingtohach1 for API(s) 4.0.0
AlwaysSpawn 2.2.5 by Philip Shilling for API(s) 4.0.0
AuctionHouse 2.0.0-BETA1 by Shock95x for API(s) 4.0.0
BlockGenerator 0.1.0_beta by BlockHorizons, Chris-Prime for API(s) 4.0.0, 3.0.0
BuilderTools 1.3.0-beta2 by CzechPMDevs, VixikHD for API(s) 4.0.0
CraftingTable 1.0.0 by hachkingtohach1 for API(s) 4.0.0
CropGrowth 2.0.1 by NhanAZ, kaidoMC, YTBJero for API(s) 4.0.0
CustomItemLoader 2.3.1 by alvin0319 for API(s) 4.0.0
DEVirion 1.2.5-ALPHA12 by poggit, SOFe for API(s) 4.0.0
DevTools 1.15.0 by PocketMine Team for API(s) 4.0.0
Dungeon 1.0.3 by hachkingtohach1 for API(s) 4.0.0
EconomyAPI 5.7.3-PM4 by onebone for API(s) 4.0.0
EconomyJob 2.0.6 by onebone for API(s) 4.0.0
EconomyLand 2.1.3 by onebone for API(s) 4.0.0
EnchantedUI 1.0 by ItsRealNise for API(s) 4.0.0
FCCore 1.10.1 by hachkingtohach1 for API(s) 4.0.0
FishingRod 1.0.1 by hachkingtohach1 for API(s) 4.0.0
FormAPI 1.4.0 by jojoe77777/DragonfireHD98 for API(s) 4.0.0
Gems 5.7.3-PM4 by onebone for API(s) 4.0.0
HealAndFeed 2.1.0 by Kylan1940 for API(s) 4.0.0
HealthTag 2.1.2 by Shelly7w7 for API(s) 4.0.0
InvCrashFix 0.0.1 by Muqsit for API(s) 4.0.0
InvSee 2.0.1 by BlockHorizons for API(s) 4.0.0
KeepInventory 1.0.0 by NhanAZ, KhoaGamingVN for API(s) 4.0.0
LaunchableTNT 1.0.1 by Vecnavium for API(s) 4.0.0
MaxEnchants 1.2.4 by Xenophilicy for API(s) 4.0.0
MultiWorld 1.7.0-beta3 by CzechPMDevs, VixikCZ, fuyutsuki, kaliiks for API(s) 4.0.0
MyItem 1.5.5 by hachkingtohach1 for API(s) 4.0.0
NPC 1.0.0 by hachkingtohach1 for API(s) 4.0.0
Napthe 0.0.2 by hachkingtohach1,tungstenvn for API(s) 4.0.0
Parties 2.0.1 by Didah (@Diduhless) for API(s) 4.0.0
PlayerStats 3.1.9_BETA by hachkingtohach1 for API(s) 4.0.0
PureChat 2.0.0 by Vecnavium, 64FF00 for API(s) 4.0.0
PureEntities 2.0.0 by LeinneSW for API(s) 4.0.0
PurePerms 1.4.5 by Vecnavium , 64FF00 & ProjectInfinity for API(s) 4.0.0
RedstoneCircuit 3.0.1 by tedo0627 for API(s) 4.0.0
Rewards 5.0 by Wertzui123 for API(s) 4.0.0
ScoreBoard 1.0 by hachkingtohach1 for API(s) 4.0.0
ShopGUI 1.0.0 by hachkingtohach1 for API(s) 4.0.0
SimpleHome 1.1.0 by CzechPMDevs, VixikCZ for API(s) 4.0.0
SizeUI 1.0 by fernanACM for API(s) 4.0.0
Spyglass 1.0.1 by ItsRealNise for API(s) 4.0.0
StackStorage 1.3.0 by Ree-jp for API(s) 4.0.0
VanillaEnchant 1.0.0 by hachkingtohach1 for API(s) 4.0.0
VanillaHopper 2.0.1 by ColinHDev for API(s) 4.0.0
VanillaX 3.0.0 by CLADevs for API(s) 4.0.0
VoteReward 1.1.0 by  for API(s) 4.0.0
WorldProtect 2.3.11 by aliuly for API(s) 4.0.0
_NewAlias 1.4.0 by Javier Leon9966 for API(s) 4.0.0
libEasyUI 1.0.2 by GiantQuartz for API(s) 4.0.0

----------------------REPORT THE DATA BELOW THIS LINE-----------------------

===BEGIN CRASH DUMP===
eNrtfGtz3Day6F/BkVM3Ut2ZEd8PbTllWZJjbWxLx5Jj391JqUASnGHEISd8SBpv5b/f7gb4lGwr
8SSbD3FiD9kEGv3uBgjiPztxXqx4dXUjijLJs50Da7JTJSuxc6A7lm3ptmlaM9f2bc2e7NRr9ch2
LXPm6oapaZpj6N5kJ+VldVIUebFz8J+darOGVjvyfrKzEmXJFwg54mnKqpzVWSTiJBMRW4lqmUds
nYfXoloBaD5fp/Uiyebzc/p9zTPoWxwchND35EZk1e4e4IzrNH2RpIT0YD5/VwL983lV8KxaJgJ6
H4vyusrX8/mL/O6o4HHVIIZmL5JymWSLt3k0n5dFOJ8vebi8BkiV45U+bKGuX+b59Wy9XOPgcmCF
b79rvA/Y9kfI+o97qABNCuyCMDUXRF7wEK7/vfNEY+sVYsG/wGxSbfbXRf6zCCsYdP+8vdw1LGPv
gD2W8ul3efYyqU4I424eIJaR1PlGFCh1/H2i277muRP2QEswl+V8/pZvLpHot6Ks0+oJmIJr2aiZ
J/p9DtSwvuMByX1c8jmM3vIFFLTX0+9W+Y3YjfI6SAWbajPNdT3Hch3P8R0fyVOPtPYKGzmG49ue
Y3uWa1gm0WSwr1LWrm1+gnDJGUr33TrildhNskqAvTKQh655NLjZE8htXqTR/nv8d9fz9N+owU+P
YX1qDM0dUU5P53N6PP2Oh1UNjrU5zi+T8PohzPbDmJVf7pqO8dkBok8idnqIL0QBEWhXd137M9jU
mNPvqk+gdB9A6dhjCcgnCgv18x7op1nOZ/qBkYYQ1vJCIvB7CM6py2vosmtq1idwXF2FeVZWRR1W
jTc+56U4gjhavsp5BC5oPOh9NTgGhLDXPMle5Qvg/4k5YYAIrOTfpvMTe3Q0bHtZ1m/o1cZQ6era
J/g2xjIvpVRlLxUhdnW0/0L8UieF2FXUeNpPbL3kxcH+/tHBPtG035K0ryjabwjqDTp9fT7DjiNa
MGTv7fz062RH/JnpacsZAsiXuK6S7CZPb8QKRoIBIpBcWO00TwHS4QJomEcCOfY9eDKv8L9v1tfs
KcvELTsMq7wgks85sre79w/o4vv9phQg8uJtnWHmP42g6zegiXL63UJUp5HsomvasI9ApNS4G+Pg
4MXpxcurl2dnP9A/sqP+QMdjXvFHdDXartKnDg6QJPApnoVid2/6XVCAH4VQl0j2yt2O8h8TcQuG
tbs3Yf+GgX9SbJgK5a90Z9GdvLbhmi4cAq4h1yQhi+sM8lSesX5ulT/sG5khAD5hw1zJvlkmlbwE
87/Jk+g/hNpVo3+CHbgdmBzCOqNDhXaJs6VGPiTGJ71xJz3y9hTzXsNiYwDfRHwFAw1ULrsf0wOl
fF1THfVGmUncE/XZbQbmqGSzx54+BeOD2m2PeNY7JX4jbpRdyrZyjOebh/joibbfWBnL0eG7i5Or
87dn/zw5ujx9dQIdJCeK3lbLIi2FJMP6IhlHyySN7tHyAIcTth0q7b4t6o66oxu3k/P/7HbDsERZ
Sx4zWcXt7UF0reoi+8fOr3/XmH/XmH/XmH/XmH/XmH9YjdlUYSWWXIepKCq6yjiumTSAyU671LKj
zyCSAITXUGUWJcbmkaciUr5O8IlFjeFeZByiULRzAJoVk51IrEUWYWd4VuZxddwHrDhVhfcCgKSm
+cVSEwwCGp6fXVy+P3v76hhAtyIokwppX1bVugRp3fIqXEK0qGa3QgTpZhbmq33MLYfpLd+UF2t+
mw1Y7qB9vo2ZMbOHfJ9Dfk3W7AJ+oOhdbIvvNaEtFdb5nBNFJVI0n0sf6Hi/uDx8e/nufMA5MVdT
lfcyr0vR564PHrIHFE+fn1we6kMmL5ZgMr5993Xc7ZyAW+erzeH56U7HaalwA4+SriXSBQoeUvlZ
NSOzz1PA873IRMErOV1S7I4e9BnWZmDJV4Go+JBf6vIyL5KPEIfg0dGygJrpvMBFxLEIJjvm1yh6
MNR8PiT2vqo/w38NhZ4oLvM87XvvADz0YaB7irwbQ+aPPopwef76WNxghx+Tu+T65fG27DpE5OtV
BMjn80DSViFtwPqQ0kf59SKplnVA3twje3+ACmRD4RD86BIJ7glnCP+LRLgBUaPbx8gFxALiTdKw
2MzKTSXKWSaq/YiXyyDnRbQvBZKvvy/y22o5kEYLHEeFUTx4s+TZ4b8Ads2TKH99BFf/7/L5P0WR
b0sqcgTkvqFJpvXfYRiKWOS6Lqt8dVqJlXKrHu/jR0MJmGMJ8PQmyTRT97fFcIsQeB7Rch/ymHhw
fPJjUhD9LZMtaGjpkNOmh6/OXx7qo0iwhhoqwanbxdkLsbXMRkjn8xsiZT5HW5VXPfK+kNjAycdx
rgUNedPtsRt31Q+7FHy1Lbaa8bEwvBnFsIfYeMBQO8r2WxzIbJ0txFCPCjIOWOZ/J2ApctqLbQWp
XrnQ8d4D9tm3Z+7MnJ6/toYiyDMRwN9tsa7QwQxXUgE4YZbbp+iLbqla/zMP7jOFwHHkdb6eoVHd
9Vjmfs6DljlJ2WOZe8Wz6D53BB2yp49N9k9kLwVyWv4UbV9mMAshm1QiejewyR505JND9k6r8q3g
6Zuk3JpJ9lDigktLyOPSJfL04ugoL/pVkQKMAum9IuDPCi+SnOZ3W8Gl97qhx3n/HcQwtv63mL+/
3iWp244Q8mI1DK8NZMi+NTbkn/Ofc+Hin/3jgi/yLE4K8fLY97YliG4AXGAhmtqLxxj192LVrw7o
9r+YL3B8+e9jiH8JDn2YRS+E6BtnHzoOoyP1/IDRTfctbVuMtAjn8x4Zj48x2KlaXvLFiB8JG3Nj
jFcfRJpu3Ft3W9yUDULJDRHxeF5OsxuYk5XLF8ldj5s+dLjEcC92vK5/AXTbYmZF2ObzJLsJkYA4
ufstywZA94UQQ0YQ8IUZ4HCFZEusjNZCJCW/hZkfhFhDL5FVebHp8TSEf2Ge305uf1jm/Hu+gpD7
45ttz2sHFG1havuK15j7gZ7LN5c9zofwLyS1H0WY8Zuk3tqkqEUISuwTMrp9jGpf8ztV3fTjeh86
ntSOQvsHkeW0qhputsVeDyWqsCVlcPMo5uq0SugtTp+3DjhkzVXrduYX1+2O/kU7Djd1VdbXCa3X
pElyXf4hq3krpFe9kRrQ/jUreT1EKKcNroH0ZSQBQ/nY4zX6P6tYk9Q0v9sq0t6cH/U4xru/yEIl
kPLbItcn38K84etq2U9CCjBOpMZnGZ1UdbYoK5HdZH8cz0RY8/sY3z7nRZWIftBqIF9IscdJxJds
9xn81stUlOXetriKGozz+VrSMp93RP1Wd23pI25ph8RFxQdhug/tc21Csedf4Qun/44F9+ga3Hy1
QZ/XhTha8qovgwZ0743bp5LwZMexXrzQflsRT+Oci2JV3l8M2XnB6Z1aeV7kgP0DRJ68Ls9Ppg28
91ruSo4NYlF0d1ePsnpoS9s/RqbfB39BEK9EkmXi4v22tJ8SPjB5oEEoGiRTPYp+24ptQ+L+AIti
XyphyLuEjSfX9icsgE2Y1AL7P80euVOYaWdJtbUSZqBmoq53+RhFvxVRWcEc9ygpwjrpG/z4ydDx
74W7SkS55hhbm+Q1+ObzQhESSkLm8/uUPYLNW8jH5YA9CRmuKoxs+L0oqo91ohvmttjqMCIfRMLv
nj50uPYVKgpeF2FeiOdYf/TY7QE/u8T5Z4Xujp7+9VcH7otlvv5+sLjbQP4iRZcip73YVpV5kazW
qXiZr/plWA84Wg0es//w5OOPmGaURNMSaAIZ9On7mmnGxYqn6bnaBdnDSoL5KIYGIQGf9YJYFBlM
zY9eb0sELUJkGseXv7+D7Y40ZG69WeCuuj57DegLiwV/9LuMho7HL8xB6RZeX1R5QR9FdAz1wfd2
wAyZeivE9Of1tviBOuPq5zWYLFJQSgqAsR490uR+hxYloVPcPxjSXj+FlZgEWfzIsyRNuVqE6Elj
9OAvEtWGVI3vtxXjFNaX+Xo92PwxhH9hWnaUp0n2EqLGtoTRImzZloSMbn9PhGtJ7Zj/cJ/vD/dK
s3Fwf3VIgX1bDEt0LX8fuqvHuPmPeSVkudJnpQN+PlNtzbVjntIOvRsY+fExipayoJav8OunjvwB
+N7Wo3t7j5I63Wxv4xFiU3vJ15KEMT+PnA69rpMiTkQa7Xe7m6fNtwUVRMP9FS8rUewP2AWpXL0R
t4dpwvt5qIN94V3kP2GuJAr2SuSZ7zvOtuQi0TZYccMx0KJ+focvDtHtSzS/4pdywQkvN4MKo4ON
w/NoAez7BKLj/9YcyvhtsS0Hns9bAr5g0viBHy+AbtDraH9Vs+mcSLmrRFbSGgPwKTcc7HgYXXEV
Owjxu5k+JOQpkAZ9+7B8dRXlFcT1AVR9FdkB6iLt3+NXIf37OEkrMUC8WK37t0tIGv37JMyzmz7g
55IU0t6vArk/fwDLi6rdY4xqw0+cIgpaXaN1OJTDWxGngpZi+tCSJFoOQRGuEPUgF+evBsNvyl9S
3IXTXLH2UZVfiwxqx4EI7u4U10guxpsNX6VqxzvefkzWMpz6tFrxEUy03x1u71ZDqedInqFppq4b
PgDOj88GrEf5FZE2BgIoGSosBysty0FDWaJ/eD3geUQB3BZCbvMcAG+LZKT/dbXElijhZk/3+XJk
e8s6u6bPSwwSktwQmiyCJOP4qhHSpkF7tVJxAwEwUI0QFVQk6ypXAEMKKwJFS7PUVIbqIuZVN1bv
OX6Ym2RxPrDb6J7Kk4GVkCjNPqgQ4B7oh4ta2mKD/1/gbuzsPIR6rCd89O7lWo2LI9LO9LS/qtV3
d3RlXoruUA6Qp0Hoaav3zoGh2SaIrbyCWm3nAFJoCXEJk04e5oDV8hwYA1eRdizL0z3hRLplO1EY
67EWR2YYGW7E9SgWYSA0M9Q83JZWN0k0yaL8tmRvLln7UYw19cokYzpolRENTHddx2S7TWP5zREz
NN3ZY4evjx18bYinZfSE9lGQJ1mtvSzXVzkq5/3pG3p7STe3lDEhSK3zUhRXoOWCF2r5k0fLHBcp
9jF0TKGN+gwa6xPjWRwasev4rh9r3LK4HdtBaHAjcDQt0lzHiIUmXE+4KMciCa/3VbTUZv7MfBZy
2410L9YML/as2HXdwNAdL4x0X9cDLRLCMC2TCwqFwCuEIchH+AVuAFOG6Q0UAJH8ZAIkeZ3lt9kz
9YtmtyjyshT7wDIvM/xQ9sbAFPxMiNjyPN/XI9sUNmhKC33btgLND3QQJhAVcN/w0SUgYBeiFLwI
l8T/isv6e+eGvO2ZFwShZujcE1FgCIu7ghuxxyMr5r4I/SgURhwGXjTwkv1ARAXcTYF2TpJ0Ztr/
bYAgV2+mA5W+F9q6bnuANYhsj/u27zmma0VGFAOxVuiAnLn2MOrOMMkW7qPXdFfYbghy566l614Q
BgF3TdMQrgDh+sIJPd3xzRF6ihmdg4NAn9k8dIXgvs7jgEdeFFq+F9uhMK1QOIbvRrZw4DEfYnpQ
ibQT+JljuZ5rgVE5ThBykKntebZhGcKzQ8MMDVuAZGz69qOPEGfcqdocT6RpzyxfcFMzfd8UcRQH
ph9GpmYIQwfHtDVA7RmaD/Y5wpSneYcDrALpdyLXiQ1hmpHj6WZo+pHhh4YRWk4IktSjETV08AFM
AKNUkQMqfhZxGNrimmVaXgAWLjxD90UQ64Ydxzrw5Plh6I3JSXOsKBpjQRM2n1mRFmieHuvc9S3N
FZrn+o4nuOtwHpumFgVAshHYY0wLooWcwAl93Qi12NdsG1QdGaaueSI0It31A9+JLbAwoPQehmkv
5UhUjh67IEYvjE1QWGhYwhLg9wYPIwHS0rgObgABcIiqDQQQZ59xHoama/vc1jzu+FEMPhha8OO6
Gg/ALEM79K0gHqLIgqrJTc9MoUW+iJ3ACe04sGwBnmJz3YAM7gjXdkw9MMHxxRBDr9inQsqSZvP4
AN7DVfBrWVpAqCUdub5ng9GIUDMdy3AcjAZmYDrgcQC0hR0J1zfch7BMk3XYVDTPfMPgjmWBz4dO
CDRwbuP/nmnooHpdhJZrelyM5Ftmef5RNBn/mcbB1yE0u54eWrrP9dixBLiXBaHFtDEA274wfOQJ
SuJSbNANuooOd6UYz0L441pCgHQND8qjABzJ0gJb12xHCC8yg8BxQo13SOo6iZRcTUgWfhC4cWCb
nuf4ehy5pgtytawoDKzIgd5hbIDWsfuyXpWcN/3vR/dys4rzbAMaTDdQYKTTppi+AVLRKk0Noobu
GaHv6TzQXTsCpzGtKNBiMG7H93xPQ+N6CBekDE/r4bLdwNUN8DgRRYHvhpDYuAehyTRCzwJjcD3f
iAzhfwqX3scVCSvgRmSh9GI/iDSh+4HBwecgEJs2RBfIHF4sJyur/CNMkfYhtImianYzg8v5jgVU
hK6nga1a3LMMMAKhgY4jHdIXMAkWbNgDJGvwuCnGbjU5h4Dkm37sigh8NgSTCAI/xKRrh4FmRx7E
W9/yNRfQ0Fypta3ZhsrVJwyn2izELbSLuuB0LAcWeyzOCzaorubZE3a5hEzKSlHhJ2El44Vg1VKw
PBMlXPCKhTzL8ooFgiVZmNYQPOCCyS+MZ5DQIPPSi0/AdZGvoGeMCMY4Sx6LCcvhSVEiShZAtLpm
m7wuFC6WxGwFsxCY7+MIUNzggS7pBhHDzL1Ftw+lLq/TqmS3efZtxTD384LBJDaH4JVgBtsghXj2
hOT7dikyVq8XBY8AwWyezbMG2cE8Y+zJ+6VAwvDAmxKrVjz8Rk7ASir8SiytI/mYSJXBn4E8U1GR
vHCpMBRM5haErBAzSDwU05RjcbwQB4zqU3xQLusKqsVsqo7cOWDzHVU4zmtN13X4VxMmu17Oa11E
cdKC4c7PFizFK64n/zPfIRYO0zS/ZWlSIlvN8QvsJuHsf2tRbLDNL3jRrJ4cMJzCU9cTmtSrPgwY
YFhYMlAtSA+xBRumZI7t5RrAtH3c4+rJe3AtMB1QAI8iVtBhFaWUP37Gz1aCl3VBR/Yw0E4gkGiQ
ovil5nTe0CK5gbZQfNSC7apBoZTeQ+xyRDEtxBqmwlPQD36QfwCPaew39SoA8YH5HZabLLzk5TVY
SHENBjejBu9K0CH6QMMpNlsWeZbXoGZoXk4YrVkxOSlBx5kwLL+BEZx9kGzAcRG2qjMwNWwikV+Q
HQBPYI5FfpeAKQoQA7BEJp61xKFsFUGnMRo1tkHjnbCk+hZPXSqoWyRwLYtsa9SZ7QIPNTiYQWIh
NqaK0wNCNTZqTsZR1Bkez4KmCnJfkxJoBlPO2LG4UddslSyW4PW483fS91JlOCiRoqjXlYRKgaFg
VkCb4ouUC95Ls5JIeg7H432A7IcpQBtBm4OpQQLWNesZGjSeykatpc2zlYDhNtJ7v0/zAKwH15+Y
hIMfrOgUGLhf8IAW79mFFLVGwk1K+hYWu1+i1m4TkjxZFHj37VQiaoysJA7xkwS4YHQ2E6KJCyGa
IaWRg7Zq9Ge2yEFROfozWgUOtCAyp0TaAdOQCxidYrUs3f7yHOCC3ufoX/Ii+jr6yypfEwkqzrYk
KXQlg/CxxrQbtQThqA1VumZYijAKAu/JKxR95bdboJD8gkjCiMHCGrJUBlmKiTsR1hR8c0my9EjM
am1rcRcKEZUdRzJwnV2eHLDLl6cX7NXp69NLdnh+/ur05IKdn7xl78/e/nDydsKgEbs8g1Yn7P3L
s1cn7Pzt2dHJxcVsHAIG8jBsR4njXBRJTpkbA3GJDIZLQSGZpNEGWx1kD7VDRLGFmkwhFAoZZgnV
UZ4BnxCgwZqQ308ZmzSy2yWmYJAJhiDZjDBLJBB6u0AuMxKNcYY5BAsC6jC73xptQa1Gg9rWIsS6
QUoWyZV6lX1bHsC8xLrsWDU1xWu59zBJinNTcb7gRQCeMe1KcApAD0uXXA3JUb2Y6gWxe8UzOgVo
QAlUcDXY4N6kyQljI2zMUKbXGOYqleR31bngjJ3JmC8NHsqMvE6jlpYEkshtxjr6S4l4TeQDo46m
KV5htBcULO4lSTIdiaHlLS7yVZNsZW/VYto3zb6GkRulyXu2wR4wqYF1XDSVJaqsyOlEk8aQo3q1
lmWYrPWYejDFB42+jrGR6kC0E5kNB3AHaR6cnT8gYEjakPhghBswsrKsBQaGaglaWzRlKQYtHK2j
atIoUtYIqvqcSWqw6SfltOJ3U1q+LRvaj/gaocmqXkGOhfRaIHI67gwVyeTRYpKKTq7oL0qU5DH3
bQyq8rWiiAacYrlcQ9K1Wo0d5/LR2KblwX8Nftm4cSGJSzXsc0aVw5SWh1vejoEUqlWgfETpAXWy
wJBY1nR8IZN9JIcdd9BNyVPy04yMjbtqFwWY4nxB4f08qs/Z4TzLRIUKO1ApAkqzZZ7KEjPA7WBU
icsTFycYG1SSodgmp0jqqUwtgWiLTZnenvS11DzCsFpsKkQ+YVO9p0BSHg08rRpiVAqgqN3VsfRK
AUvISHKOkx4q9LEzABVZM/YSakGwpadU3LGj83cThvuyoWEW3SYRmD3VCjJ6tvinhP+AOU3Z3VXk
JUmn13bGDiMIVEuexvsw55TThEiADauhYFCG64doYD1H7NJeD1l/KnJyh1ENS0yezhgS8e48O2+K
7W6miHMJJArf9GPHep2tp+p+NLt5rbyuTD6KVp9YljdqLDHhqZIJynZpHr3UavmG7LQ3Y+ooTpby
YkEduJqyKlugEeOCL5AF0AmIrVynVLHgPBS3l6Gz8wL1dJQm0EpOrPGEL1FW7PXlO6K0BJaQ7aCu
GE7kSZXdcHJyMWtizaqqp9jrgKjtzw9FRu+dyNdj9rrZJ9SyCRPlOE7CGaMsteRYBLBkBbKpUHeg
DTpgHcLUhGgBpd0Q0UuUBERdCsSQojmF81KqVJYS0LZSNoqcCLmQoEKdmk0dn1GRdHx6cfgc6iOq
p+qMbAgDNp5kW9ArU1kkJGiM6gjZqD/f6PjsfD0SQb04aCZt3zEdJ2uqZF1CuKLnTM3lS7n6gN6c
lblM3sojdEQmqZbYjpZ5XtIKRTNXE81snKI4Li+zkt802QIucQMEPqOl5940Hgijt/KyaFOLNz/n
SSYXBEhS37IPQX6Hnl+w02O2++Hd6fEe6B3cHmiA9regNlQMbuMH58A5XBEp+cjyA7wh73SXgbd/
eP6qwa/mdz3ItzQYvk+jwoHUq0oR4i1vlpJUGr0D+qa4IeFpHsc0LDxL4s30rk6iTiEkz+lwFeeS
lmGkq8mz/KUMKNIrv6pLtRwUQhCpZJhVfaayzwFTL1xxGJlCVHhUo2AO5NminaNk2C0dp+JJ0+om
EbfTNkE/tHImhXu4ymuMHrHMdSqYgMga0WJux+hISyGgfrym5Ayd31Kq7nUmxjMhp96BkMgCEaPv
05lv5ErLxs7ItBA8TPqSfRyoZR9iIONjUtfyeEYYTUA+fYhK7WEyeQGYIsYbcwdim87421JjjlZ4
AvyuF/2sTCKZM5AfDjoFgyvroC+FBSZRaCEimTrppk1ttNSkjIOHoUgFzRSkedOoaXINQ+A8mSJR
yoH1BR0gJeMYDMHZUmLrBTnw/rKSKZmInaI0GtKmnWgka6fHZY8vDNOoeYmNyResLZtqyakpc6jP
QEmAb8oM9gTIxO2urSK7Za1Wl7P7ylTB65YnNJuFZAJTPWlF63xdp43bqBvM99RGpQ3TwAFpGoRc
0kiYcTFyQUmgJhgIUQt5B6rUwXVHmlxLsKwUlGXhiYVthI66oIeeOcWjvUegNjAMwWrnQS+nQzyY
yr1Vbcsl6O1AkjJbr1brWZITxRDqNiucHIIrV7jOGpYd6Zim1HPWPScWKMzxxaIQC7WkqNYf5TIL
nkV8PeaP6INYc3Z8hkd2TlVSkPUBhq9bIWcgnA5oxhFLIrxjgGCz3tsByNOt5Gs62VYq555QQaHy
uTImqIRwhwHlsl6+OcJFfNFfy5tAclgvObiFwMheIA1NXQoZIxYFzD2mGBczTIbyaZO7ZObgg7VB
teujl2xrqMGhtqHY2oQwhZC0LJ83Y9zTquSrr9YqWXUZRGVjRIrt6QD8Ur43wTCOA9Kip+rULHDP
ugHUk/4IjeQ+n+9VMpGalB7QW0tSOAB9peTZrBotFVCGuKKdSajogIvwMFmLqAxK4hYRvkyvC/lq
BqNNs5QiIy/gU9GpybccdxeqeRqU1hw3S6k7LICARqWrg0Zp8hnYKK7pHbB/U+UCReuEFvl+QqQy
MbfJu//KiNjASrqgAI/LKM0RlrQ+8lAepfhM08eSZgw0/cavvdepUEVAn3w5LsGloT8pBbqBpVny
th0ReJK7ia+QIvlBOrXAeYfAZbZ/qH0cE9u/ow/BJuZdlBTVhCLwP1TZJ1+89FcwpEdj1gM5qwVG
XisTTEFz4YbJY4vrognCzbStaF/ZUIQBPJCbQnp3VjZCmzave8AeZI3/5AWFFhqK2g+QUJGsIFc9
yJSKzV4VmMuJgLiDQFeqGW94TV980ewOIl2QpHj6P1V11A75pYPZU5k2pN9ILgk/lElFG5vxpe1Y
w/h287zT9xG94qR3fHMoYZ68KBJ2LEJmWMwwDkz7wNbY+9PnzNAMHRs07+GeCgi3cL/Kq+jpRV3c
JFAFIEAOOEXne6r7OqSyIfDGIbCJYDVbSNYABGsHyO0yqcQUX8Fh7UoDwIRKlW9PbQ0hC47LCZF4
Snfy9WALU71wARdf9DT365u1GiFKcIYFJr15SqS1FtomvKfEJxXHWHM/lcZadAWziHpN8N380+OT
F4fvXl32eKIXhWpIShfou+p+UM4+9RDUK9mpyc6v/x9lyLfe
===END CRASH DUMP===
