PocketMine-MP Crash Dump Mon Dec 6 06:34:46 WIB 2021

Error: pocketmine\nbt\tag\ListTag::__construct(): Argument #1 ($value) must be of type array, string given, called in D:\FoxCraft\plugins\PlayerStats\src\hachkingtohach1\PlayerStats\PlayerStats.php on line 507
File: pmsrc/vendor/pocketmine/nbt/src/tag/ListTag
Line: 52
Type: TypeError

A PLUGIN WAS INVOLVED IN THIS CRASH
BAD PLUGIN: PlayerStats

Code:
[43] 	/**
[44] 	 * @var \SplDoublyLinkedList|Tag[]
[45] 	 * @phpstan-var \SplDoublyLinkedList<Tag>
[46] 	 */
[47] 	private $value;
[48] 
[49] 	/**
[50] 	 * @param Tag[] $value
[51] 	 */
[52] 	public function __construct(array $value = [], int $tagType = NBT::TAG_End){
[53] 		self::restrictArgCount(__METHOD__, func_num_args(), 2);
[54] 		$this->tagType = $tagType;
[55] 		$this->value = new \SplDoublyLinkedList();
[56] 		foreach($value as $tag){
[57] 			$this->push($tag);
[58] 		}
[59] 	}
[60] 
[61] 	/**
[62] 	 * @return Tag[]

Backtrace:
#0 plugins/PlayerStats/src/hachkingtohach1/PlayerStats/PlayerStats(507): pocketmine\nbt\tag\ListTag->__construct(string[3] Pos, array[3])
#1 pmsrc/src/event/RegisteredListener(75): hachkingtohach1\PlayerStats\PlayerStats->onDamage(object pocketmine\event\entity\EntityDamageEvent#114515)
#2 pmsrc/src/event/Event(62): pocketmine\event\RegisteredListener->callEvent(object pocketmine\event\entity\EntityDamageByEntityEvent#114497)
#3 pmsrc/src/entity/Entity(522): pocketmine\event\Event->call()
#4 pmsrc/src/entity/Living(482): pocketmine\entity\Entity->attack(object pocketmine\event\entity\EntityDamageByEntityEvent#114497)
#5 pmsrc/src/player/Player(1669): pocketmine\entity\Living->attack(object pocketmine\event\entity\EntityDamageByEntityEvent#114497)
#6 pmsrc/src/network/mcpe/handler/InGamePacketHandler(424): pocketmine\player\Player->attackEntity(object pocketmine\entity\Zombie#23589)
#7 pmsrc/src/network/mcpe/handler/InGamePacketHandler(225): pocketmine\network\mcpe\handler\InGamePacketHandler->handleUseItemOnEntityTransaction(object pocketmine\network\mcpe\protocol\types\inventory\UseItemOnEntityTransactionData#114424)
#8 pmsrc/vendor/pocketmine/bedrock-protocol/src/InventoryTransactionPacket(114): pocketmine\network\mcpe\handler\InGamePacketHandler->handleInventoryTransaction(object pocketmine\network\mcpe\protocol\InventoryTransactionPacket#114468)
#9 pmsrc/src/network/mcpe/NetworkSession(395): pocketmine\network\mcpe\protocol\InventoryTransactionPacket->handle(object pocketmine\network\mcpe\handler\InGamePacketHandler#114328)
#10 pmsrc/src/network/mcpe/NetworkSession(358): pocketmine\network\mcpe\NetworkSession->handleDataPacket(object pocketmine\network\mcpe\protocol\InventoryTransactionPacket#114468, string[32] ..........~..zzBe.oA............)
#11 pmsrc/src/network/mcpe/raklib/RakLibInterface(192): pocketmine\network\mcpe\NetworkSession->handleEncoded(string[68] c.abd.b.jm...C.f.;10x82..f..&.%..X..$V..10(.10301.0.=Sw.IU.S..|G.$..)
#12 pmsrc/vendor/pocketmine/raklib-ipc/src/RakLibToUserThreadMessageReceiver(42): pocketmine\network\mcpe\raklib\RakLibInterface->onPacketReceive(integer 0, string[77] .......W...E....."4..U.s;...(...d..O.!.;.+.H=.:7..fl^...\7.f.A.(.]....>.Fz...)
#13 pmsrc/src/network/mcpe/raklib/RakLibInterface(122): raklib\server\ipc\RakLibToUserThreadMessageReceiver->handle(object pocketmine\network\mcpe\raklib\RakLibInterface#23664)
#14 pmsrc/vendor/pocketmine/snooze/src/SleeperHandler(123): pocketmine\network\mcpe\raklib\RakLibInterface->pocketmine\network\mcpe\raklib\{closure}()
#15 pmsrc/vendor/pocketmine/snooze/src/SleeperHandler(82): pocketmine\snooze\SleeperHandler->processNotifications()
#16 pmsrc/src/Server(1645): pocketmine\snooze\SleeperHandler->sleepUntil(double 1638747286.4021)
#17 pmsrc/src/Server(1034): pocketmine\Server->tickProcessor()
#18 pmsrc/src/PocketMine(301): pocketmine\Server->__construct(object BaseClassLoader#2, object pocketmine\utils\MainLogger#3, string[12] D:\FoxCraft\, string[20] D:\FoxCraft\plugins\)
#19 pmsrc/src/PocketMine(324): pocketmine\server()
#20 pmsrc(11): require(string[56] phar://D:/FoxCraft/PocketMine-MP.phar/src/PocketMine.php)

PocketMine-MP version: 4.0.0 [Protocol 475]
Git commit: 468faa464b2bc5c97f23fafbb71ea61035f6f218
uname -a: Windows NT DESKTOP-BVRHES0 10.0 build 19042 (Windows 10) AMD64
PHP Version: 8.0.13
Zend version: 4.0.13
OS: WINNT, win
Composer libraries: 
- adhocore/json-comment 1.1.2@fc2f76979f0a44a5f5bc2a2b600d0762fe0e78e7
- brick/math 0.9.3@ca57d18f028f84f777b2168cd1911b0dee2343ae
- daverandom/callback-validator unknown@unknown
- fgrosse/phpasn1 v2.3.0@20299033c35f4300eb656e7e8e88cf52d1d6694e
- netresearch/jsonmapper v4.0.0@8bbc021a8edb2e4a7ea2f8ad4fa9ec9dce2fcb8d
- pocketmine/bedrock-data 1.5.0+bedrock-1.18.0@482c679aa5ed0b81c088c2b1ff0b8110a94c8a6c
- pocketmine/bedrock-protocol 7.0.0+bedrock-1.18.0@040a883a4abb8c9b93114d5278cb5fecc635da82
- pocketmine/binaryutils 0.2.2@f883e1cf9099ed6a757a10a2f75b3333eeb2cdf9
- pocketmine/callback-validator 1.0.3@64787469766bcaa7e5885242e85c23c25e8c55a2
- pocketmine/classloader 0.2.0@49ea303993efdfb39cd302e2156d50aa78209e78
- pocketmine/color 0.2.0@09be6ea6d76f2e33d6813c39d29c22c46c17e1d2
- pocketmine/errorhandler 0.3.0@ec742b209e8056bbe855069c4eff94c9734ea19b
- pocketmine/locale-data 2.0.20@a6e4eb22587e0014f6d658732cf633262723f8d3
- pocketmine/log 0.4.0@e6c912c0f9055c81d23108ec2d179b96f404c043
- pocketmine/log-pthreads 0.4.0@61f709e8cf36bcc24e4efe02acded680a1ce23cd
- pocketmine/math 0.4.0@6d64e2555bd2e95ed024574f75d1cefc135c89fc
- pocketmine/nbt 0.3.0@98c4a04b55a915e18f83d3b0c9beb24a71abcd31
- pocketmine/pocketmine-mp 4.0.0@468faa464b2bc5c97f23fafbb71ea61035f6f218
- pocketmine/raklib 0.14.2@e3a861187470e1facc6625040128f447ebbcbaec
- pocketmine/raklib-ipc 0.1.1@922a6444b0c6c7daaa5aa5a832107e1ec4738aed
- pocketmine/snooze 0.3.1@0ac8fc2a781c419a1f64ebca4d5835028f59e29b
- ramsey/collection 1.2.2@cccc74ee5e328031b15640b51056ee8d3bb66c0a
- ramsey/uuid 4.2.3@fc9bb7fb5388691fd7373cd44dcb4d63bbcf24df
- rhumsaa/uuid unknown@unknown
- symfony/polyfill-ctype v1.23.0@46cd95797e9df938fdd2b03693b5fca5e64b01ce
- symfony/polyfill-php80 v1.23.1@1100343ed1a92e3a38f9ae122fc0eb21602547be
- symfony/polyfill-php81 v1.23.0@e66119f3de95efc359483f810c4c3e6436279436
- webmozart/assert 1.10.0@6964c76c7804814a842473e0c8fd15bab0f18e25
- webmozart/path-util 2.3.0@d939f7edc24c9a1bb9c0dee5cb05d8e859490725

Loaded plugins:
DevTools 1.15.0 by PocketMine Team for API(s) 4.0.0
PlayerStats 3.1.9_BETA by hachkingtohach1 for API(s) 4.0.0

----------------------REPORT THE DATA BELOW THIS LINE-----------------------

===BEGIN CRASH DUMP===
eNrtXHlz20aW/yq9cnYjZ0gINwFm5bJsKYlqbEtryePUhF5VA2iQiHAwOCTRmexn39/rbpAgJXmd
TP7Y2rVqHAF9vH731dD8updWdcHbqxtRN1lV7k3d0V6bFWJvavlOMHEnduAbnuWbDia6pZqyAyMI
J05ghxPXt12f5nLetCd1XdV701/32tUSy/Yu8UuNjfYK0TR8TqPLKr4WbZGVYjYro3Y2a/l8NnuV
Ne0ln0+nV1dxVTZt3cXt/tMpO6rnXSHKlj2x2P5XNzzvxFNWdE3LIsGqlNFRjNc1X40YdmXlnM2z
G1GOWMzzXCQsK9nxdDb7rrp7WfMUxy3zbp6VzWx2nvOVqC9a3uKlqePZbMHjxTVAtBU9WTtLBi/G
crFkVclyUME8cwIC0y7Pv8tySeGC19ODg+PpQX/qwbkk+jWWj1+fG7TgAEgmVX2wYccBuHEAPA7A
kAPNDzqIgGvABU1/1kZsIuT2pp4NidY8xuNPe09Mpsk/GFAj9+7QvjU/eN4HtRDLJ4U4fjYUopLK
T84Hdl41IyUrvD0FhpCpIon+CdDVHrwVcwARtUgImChFvT/xcOBni2b8rCqPeQFd26+in0XcbuEq
D8Gvss3a1Wx2In+r5Sc09cSyXM/yJHL2PeTkkn3f3mGABnof9fEzUkK16/ch82Kl3tZIueFEIuUM
kZJLDtTKfc9+BC8JQ6GyL2G492G8ym7A3H03uAdjC7nxM962PL7+s6jxBpgspQy1ru1bvh8+gorC
9c9GxR+gUor2tqqvD4p4KWAYZZIDsdPye16Ic07H/KDG9l3b3UFSUdFrZI+kFtFDqGoc/14VUSae
2I4XhBKfyR/Bx7a9XeNUW2cz2kseTi6czR7YPX6mZt814rQVxVmpsL6sednwuEV4eIiAnQOWddVW
cZXDI8AzwzSzkjhd1aDxccDHvOVSGOAnER+wx1xdJJIab+P+HMmf0/6MAUhF2j6A/vMceQj+7+LF
4whKqv1AUh0+JvI36uUCMZROdsL/Qcqfc3BP22fQ8SkWEf6OrfC3zM8lwAs+TcD2+h5V0hIt1j+V
+X3m8JNjf2DG+ue/DOPjxxfCqI6MwY+i1HqM0ppf51l08JZfv8qi0xLhIEXs3bdC+49QfFLGVSKS
Pob6wQcWGzxKjMj4uQAyL43U+NYy7wLbwJPxb8a/GsaPhvHV3wzDMvfxzzEtwzQOL26N03fGhWH8
43vjq54G+1EjU0SMs6UiUBFzWcF+68tFLXjyWmVzb0UskGyRH/w0dQogQuQ2WyhWK0loSPsZpuai
ZuZaJpPJWibv8e9EPs32XMN4ZzTf4nkf/xLDODP+xfjW+Ivxw6ExnYAb+X/SutkEfDnCmg+07Znx
3ce1CJ3fK0IZX3tKwIobMgnwqCfrEwz6Hcb2CKsQGXxfOUfLfVRwTVlVH4Uk6SIXYinqPjJYtvMH
RfQZe36N86rpavGbyi8s7w8geC/zUEtns+11wAf+H9x9U7VZmsWcrLnR5w5j+IUUEPII1/tMwA29
v0NoyveTqotywQY1kGvaljpk8sAhKI92DlEz42dtFl+fK4yrWqMZDCBsCoN92OojQIbptNagF7wR
L1F0Na8qnsAN2yP2gG51IAYx+DXPylfVHIb1xFkblgVnt10Zrads88NjRZOiIHyEgnvpkDITRbet
wwNiMhmS+KXLatG7Ns//wD6vbto+kwqkp3sffhvtif/X1ec/UyCCeQqtKyRrVX4jiGRAy8oEEorb
vX4eYwM0MEzRiVjuOpiatQfffINB15Uv7Bv2/IbXDGq8zI/JoFavsvJaVUf/AAY/faDF3noxqGpa
Xo4f3fTv2PSM9vh6zwG9TOTLss5ueCuYEtK3NBFggn6HA9w8c3Mcr3nBJB56F81bA9CerUADiyxm
aVfK1IENdUTKXm9nh+ynDyOIvGVfgdGkfxh68+JyOr08+v7qpEye/kpQFa9mbSPydDqtBSlO3ELV
XlYdCsWrq9cnlz+cHV9djeSZV2VXXPF6Dic3YvZTIs1zNYiv2kWGindzWn+wXOVtr+qRLMXtw/zd
V8B9vS2tEMnihdZ7xhsJXdEw0WvWwJddg5U0L2EEev43elECoEffVDLxrYFMfHstk1q0XV0qoez9
9qVx8aVx8aVx8aVx8aVx8aVx8aVx8aVx8aVx8aVx8aVx8aVx8X+pcdGX1g2V0cfi5rKqcvlccrpq
3wyN9tZ39HuWYXmGiSHetYuqbqhC2kBml4IXBJkvM5px4UhNehclh3Ike1MIRIz2EihRmdBmzDVV
2h4PBwou6/3+/NlsgEkO0WHu4vLo7eW7cwzciqjJWsJ30bbLBryYZ+2ii4y4KgY0H6xhoLYbdhI2
9G73FzYkO4ZlhFcvTi6PtsneKa/+LLI/u2rbcOP87OLy/dnbV8cP8uOWt/GiWWStcSsEqm7Jmb3f
qPVCfQgBr7Ujxl5vJAl3KMuIE5JVL1GYA3QAAi0Hp0VxwdvFcAQlE0jC3uFYVVwlVQtPuDWqu2Wb
ga7Oh+8Jb7fm0ywHrsORebEcvi54s4VLBhdwMxz4uZESXb8XkTKlrbGqbuUqvBs2BqgzBIKS4aJl
vM2HtyLNhcyShqON5GizPZRkXTEcuTh/tXX8qvklL+kw/cTWU211Lcrs4zYL7u401YSuhYEVL4iL
tmHL14/ZUpltaHj0iuAz3I7Xu2Kb6xWhZ5umY1l2iIHz47Mt0pPqSqK2O4ihbFtgFbS7abYWXmTF
Mhc/vt6ieQcDvFI+sENnkd/W2Y78l63MHIjDyuaA7WJH9xZdeS19ui2Z5EiuZPMoK3m9kuZtGz5x
AhVwnkR6EYGK69WyrfSArZiVQNBKLYnftGrjuq82Zw3mqT+alWm1pbfJPZFnW1oiWekMh2oB8yA7
nHdKF3v4f4e5sbPzGM5iwHyy7sVSn0snUm+F50N3NzR3MmVEx83HWGt+Rl2W4zjbdGywrblKBCwq
5XkDf9bXC3tTd+LhjIzsG8VByrnru5EdxV4cTlLbSXkaRRNLcB9h30v91LYCwO40Ku8z5Dy3DXtz
yY5PLv56eXY+fvG3tz+cXJjMAhZM4sCs0HRttt8vtsyn7Oj1se/uSVKHvPoopAG5azVZLK8qksn7
0zdvLkkx6eUW7lb6pmWFkHsF4da8zoT0czxZgLBaHJDHGGON7ktb5BOep7GdTvxwEqYmd13upV4U
29yOfNNMzIlvp8IUk0BQdzyqkcwcaCdpGqHhPI+5N0msIDXtIA3cdDKZRLblB3FihZYVmYkQtuM6
XEgPCIHA+8BhUysqQt4/vuF5Bs9IFw5g4HVZ3ZbP9W/StnldNY04AMm8KanXeWOTOj+3TTsMTceJ
wX/XMU0R+Z4vJiIQQRCnnp1Yie+HLp0KP12LRvA6Xkj6C75cSru7kUrxPIiiGKkdD0QS2cLlE8Ht
NOCJm/JQxGESCzuNoyDZMo51FwK4c8lJ5BF/6QfBV0jvuRvYsT8JOfdEYkaBFZtAzo6sNKU3y+Sh
Gwfcjx+GvFHHvQkhugvddE0eBA53eRQFcRiF8HBu4tmTII68VMSx73gJD+wd6NJRbKzaJgUAGGHF
aWiGoUh8PvEmHNhBK7zIwQ/irB0nabgN6UERUq3pPPfdCbJmqJTvRzEHR70g8GzXFoEX205seyKI
PY/voBZTMptX2lUSamBhKLhjOmHoiDRJIyeME8e0hW15fuKZAB3YZgjt3IFU5dUGhhlGwoexJhNY
qnCcxA8sKE6Y2GFs27Hrx9ZEWMkONvIWTPc9ei/6XMQT147oyMD0/CgCQZ7ph7Er0hTCDCeOK7gV
Rtug8orSiF5VgJJhm8+5L1zw1faCiTBNy039xMezY8ep7zi2b0/gaILE2QU1l8i4hIwfh5Ydm5Cb
58UBKHAsMxAxlH8CdfBT13Rj070PYTwINAqUb6UTIipOHUgstl3gBrO3eZxAIQKTW7ACJ96xgbUf
kCAS3xW253lRYouQNN52vQkcgpdgcxpbDnAM0x1lL6N2zdwwiF1uuhE0I7Q8AZ8SOIkTmdBtMAqG
afEI4re2IWwexzJ9Ukb9O9z2va6HikYuDEM4PPAtiypAU1gohmPftz0YngVn57oTAdcRcRE/BIV6
J30e8zy0be67rgti/HiScLgE+l/g2JYJ3ROxO3ECLnb4q8rUPs4/N3kcwFdD563YtUJupeA47AtG
Hzge+V8vFLZUPiTCjViRHWzyOEvaeoyfiSuEJxw7QFIUwZJcM/Is6LMQ0Lco8v3Y5BsgXZep8APP
i1gRgodp5DlB4IdWmkycCfTCdZM4chMfu+PUdpOUti+6ouG833/fuTerIq3KFSSYr5BW5OM+hb4B
qo4UYpyE3iSciBDexwnSJLEj0/FDBw4OcUdAvCaU6yFYiBiBuYZlPYe7RYnuiMTiIZwAB7SQC8uG
b0fwQMQybc+dRI/CsgZ4CR9KEaZOQnqeIgSFbgBbtczYjR0g5cB4Q/xX1S9F9ZHX7QF8m6h10CUN
9UPfjSfQhsB0A8vlgWtDCYQJGSeWF/HITK0ABrUFZAmLG5Pzln6EcElCJ0wnIoHNxlCJKApjirle
HJlegmgI3EJzAjCyQlrrlrGSSeoTRo0BhsIizeZdLVspjFI8llY128qpZuUTdrlAIGWNaFtUGQ3j
tWDtQrCqFA0eeMtiXpaVvNPPyjjvEnVxr1oABgIaAm+LnIRgXVSFuvm/D7PhqRixCjN1QyBZBG91
zVZVV2tYLEtZgdojzeQJyG3oej1fEeA34nYN7gAJLu/ytmG3Vfl1yyj085qh7K3gvDIKYSvCkK5e
Fd23C1GybjmveQIAxqyclT2w6axk7Mn7hSDEWFvhFOSqAKGbJuABtZcpoU7UtERVeX8GfuailfxC
0pnFgqngQiMFQQbHYzHOOaXEczFlMiuliWbRtcgRy7H++GLKZnuqL8So6yaS2Z7E7CjPq1uWZw1h
29/yspuMs//oRL2iNb/Qw1hPTRnV8XLriazs9R4GvBiliwwSA1MIWrRimpW0XjUCxuvpAbJP3sNi
oBHgK08ShsxLsZ/YSp0wVghOjUL5MQiYHglCGswRv3Q8J7bJ7z6Yuirf14cy23xK0NWJYlyLJera
MdhOLa0ppuXZb7oiAlegVUfNqowveXPNqFsJPTLkgnfgllTtnlJatqirsuogPSxvRrQB6bmqMMge
RoyS6lq15SVvYI80VnSl7j4q4BdSvKAJWlZXdxk0TIANIElqbrlGjnirETpNSVdpDenkiGXt12Bf
W8ttiWipnUcqs7OZ7YOGDnZjS7ZIMsaa0qkEtaurXCpH3ZUliTOh6rBaSiHIcqQx2LG40c+syOYL
GHONUnw0ND6tOMSRuu6WrRpVDCPGFMBN0yWFC6OUtUaiDILfVFkCtB/GgHSEdA4JfwbtMgaKhsVj
tWitabOyEDhupYzy+7yKoD3UhGJqHHZQZC3ZdiHmPFq14Di7UKw2JXOzhmDL7ZcktdtMcl5qFIz2
dqwA9UrWSArTDCjCI8n7ZQKT1kL0Ryolh7Q6MlM2ryCoisyUtIIOmks0xxK1KTOJCpwuXbDKyP7X
U0BdvU/hv0A1/8/h37TVUqKg3ecaJQ2uYXAfS4qmyRohOrXHykLeqRGTTuC9tAqNX/P1n4ChtAuJ
EnkMFncIPiWCDxN3Iu6k860UysoiKVitV4u7WIik2VCkHNfZ5cmUXf5wesFenb4+vWRH5+evTk8u
2PnJW/b+7O1fT96OGBaxyzOsOmHvfzh7dcLO3569PLm4MHZdwBY/bM/X7DgXdVbJgEyOuCEC44WQ
LllyY+1sLfAeKUEifYtcMoYrFMrNSlAvqxJ0wkFDm4jex5RNKdntgiIrfWcHF6SWScgKCFzvxpGr
iCTPOKMYQnFebjDuryZd0C1piG0pYkoHFGcJXSVXtXdNA9RLLJsNqY6paW2ePoySptzRlM95HcEy
xpvMWjqgh7krTY3Q0buY3gXfXfCyk8nHEBMkZh108Omojwm7StiroQqvKYr8VtFbbEzQYGfK5yuF
R/ZQdXmyxiVDELkt2Qb/RgFeSvRBqG+amlac9p10FveCpFQdBWFNW1pXRR9s1W69YjxUzaGEiRot
yXu6wR5QqS3tuOgTRhJZjZNIDbUiJ12xVNmVSuGYnhjTRC+vY1qkN0jcJZo9BfSR3q2AsfMHGIyg
jcCHE26gZE3TCXIM7QJSm/fZJjktOm2D1agXpMoRdFJpKGxo6aN8KvjdWPZimx73l3xJo1nRFYix
CK81AW95iawSgmTqEySFxYavZC+aldJi7usYku2lxkgeOKYsuEPQddcSO67U1K5OU25EXk/BV4t7
E1Kw9MIhZTJzGMte75q2Y6AicxWkj8Q9YKcSDAVlKT8WYGqPonBDHbZpfip6+pNp8SbbJQbmVAZo
uJ8G9Sk9nJX6OnyqQwRSs0WVqxQzoosqmYlLlBv6oJXpICN9m6p89KwKLZFYJ5sqvD0ZSqmfIrda
r1oCPmJjayBAKTx58LjtkdEhQHrtTR4r7wcohUwU5VTLyESfNmNQo2WwH5ALQpcOZXLHXp6/G2Ev
cIhgX7dZArWXuYLynmv4Ywl/yvw+7d5k5I3kzmCtwY4SOKoFz9MDlJKqTEhETt+Cy6NwKKO+ICnY
wBA3YW8AbFiKnNyRV6MUk+cGIyTenZfnfbK9KQCpliCkbhE2aWO3LJdj/b5T3bzWVtdkH8VanpSW
92JsKODplAlpu1KPQWh1Q1ttemqwc70n5/VcbuC6EtW6IE9Maz4nEiATsK1Z5jJjofKyoC/jYey8
Jjm9zDOsUvUy3ayLpmWvL99JTBuQRGRHXcuoPpei3Byniguj9zVF241p11RiO6wPRSkvkaStp4wa
AzHd0a/JRP2bpllsMBmlFpySAJYV4E1LsoM05F/Jw02NJC4Q2o1EekGcgNeVjhghmkt33iiRqlQC
a1uto0SJUP0B7ep0NXV8JpOk49OLoxfIj2Q+1ZVSh8hhd+Qp5f2nShIyUkb9pX4yrDc2dG5sPRFR
N5/2RdszZlGxplPWBdyVnGe6RG9UU4GsuWwqFby1RVgETGGtoL1cVCjiyQr7Wk301bj04tQ2Zg2/
6aMFHlF6q49LaW5QxgMxeTWvkjbdk/m5ykrVEJCc+pr9GFV3ZPk1Oz1m+z++Oz1+CrnD7IED1t9C
bCSYDOEexkE1XJ1o/qj0A9ZQbWRXwtp/fPGqh6/ru8HI1/IwuhyTiYMUr05FJG1V3yHSYfQO+I3p
y4TDKk3lsZjL0tX4rsuSjUAkP8fbzZlL2V1Rpqb+DxkUD+RabVddo7s8MZxIq9ys3jNWe6ZM357S
MSqEaPeoT6EYyMv5ukYpaVu+G4pH/aqbTNyO1wH6oYaYYu5RQX+3IIt8Ge6VMwHLetZSbCfvKFsh
ED89y+CMzW9lqB5sloSXQpXekVDAIkF/jAA3wm+lUpCO6g+WSbVoeDvoK/LpoDX58IGM76Kqv8nC
afSnDg9haT6MJq8BKWG8V3cg22+m32tsnJ0OT5RXsTTfJktUzCB6OGQKhWu6aMiFOQVRrBCJCp3y
ZR3aZKtJKwePY5ELWSko9Zan5tk1jqA6WXqinIP0eV3dtgvlx3AEZwsFbeDkYP1Nq0KyRHZM3OhR
G29Yo0g7PW4GdJGbJskraExdm67J1C2nPs2Re7aEBHhjZrMnQBOl8kaQm7bWWpbGfWFq53XLM1nN
Ipig1FNatKyWXd6bjX6heC/X6LDh2HSgLIOISnkSRVzyXEgJdIFBI7qRN9WpDvUdZXGthlWmoDUL
iGw8dLJxemSZY/pGdmdo7Ri2h/VnBIOYDn8wVh8XrVcuILepQsVYFsXSyCqJMVzdqqDiEKbcUp81
bjaoU5jS82wzL0mQbo7P57WY65ai7j+qNgv9cc71Ln0SP/ias+Mz+lRurIOCyg/Ifd0KVYFw+XdI
dGIjEd8Q0Ki/cds0/RGn15zvlvRBkhLOPaZCoGpeKxMyIfpuQMayQbx5Sb15MezljRAclgsOsxDk
2WvCoc9LETFSUaP2GJNfLCkYqtk+dqnIwbd6g/oTjkGw7ZCDI7eRvrV3YRqglLKa78+4J1VF11Cs
bVZsIoiOxgSU1pPWU8AgKZIbpwNl01Nv6hvcxuYAPTM8oefcp+O9DiZKksoCBr0kDQPgW83Pvmu0
0IPKxdXrSkJ7B2rCo1hLZBqUpWtAdEne1erGhbxN30pRnhfwtHfq4y1yMt7oOg2pNacvn/QbJUDA
Uctq2gtNzUFHqac3ZT/JzAVJ60g2+T4QUFmCbYL38CZIkkGZdC0dPLVRlPMirRLtg3FU+mdZPjay
YpDlN+STAVedBAzRV+dKHNQjIJIZuKaKqZsTp+y7V0eXapBKDUGdtW/1FxkjL7wDRaUYOXdJVrcj
6XS/1ZmeumsZNi2UEVOgA2t1T5F3WutyCCteMfWtb1f3frev1Or1LY10KoCDcBTLW7Cm59O4v+GB
Cqi0/sl30pvIo+T6LSAyL9YjV4ORscwvB4lfpXJ/cQff1ugiN76mMqmRBR2cW5ShQFmpRE6uI3qB
CkowFSmUqSgqJXxkRvXaHdP1665Q6Z7yfCPil/KyUt7WzZC1PLlA9D0WMXOZNZm64dRx2PvTF8w2
bYvm+wu1QwEHi/eiapPDrZtNpi7TaFKdPSbTO7RCC4EMg7eLrBVjulejhFTCQJWkc7JD26SROace
QSIO5Zu6yluP6V3UlaXbm/59ebM8hJHgKcmobIKerg7liWu1W0exQ0mKzHgpkT5srlcy6G+GSXMH
q+gq/fD45Lujd68uaVRXNvICUJ8qwwDZpH7fSlMPAxoapOJqS1kiVYjX9QdSvUyoP3Nu9BKVQ9LH
S6ordGj5g/NreJ+efno2qJMPA0wOv5E/WyK48aUQnMH+bIlBddDeb/8NQdyJSw==
===END CRASH DUMP===
