PocketMine-MP Crash Dump Mon Jan 3 13:01:16 WIB 2022

Error: pocketmine\entity\Human::__construct(): Argument #2 ($skin) must be of type pocketmine\entity\Skin, pocketmine\nbt\tag\CompoundTag given, called in D:\FoxCraft\plugins\NPC\src\hachkingtohach1\NPC\Main.php on line 107
File: pmsrc/src/entity/Human
Line: 99
Type: TypeError

A PLUGIN WAS INVOLVED IN THIS CRASH
BAD PLUGIN: NPC

Code:
[90] 
[91] 	/** @var HungerManager */
[92] 	protected $hungerManager;
[93] 	/** @var ExperienceManager */
[94] 	protected $xpManager;
[95] 
[96] 	/** @var int */
[97] 	protected $xpSeed;
[98] 
[99] 	public function __construct(Location $location, Skin $skin, ?CompoundTag $nbt = null){
[100] 		$this->skin = $skin;
[101] 		parent::__construct($location, $nbt);
[102] 	}
[103] 
[104] 	protected function getInitialSizeInfo() : EntitySizeInfo{ return new EntitySizeInfo(1.8, 0.6, 1.62); }
[105] 
[106] 	/**
[107] 	 * @throws InvalidSkinException
[108] 	 * @throws SavedDataLoadingException
[109] 	 */

Backtrace:
#0 plugins/NPC/src/hachkingtohach1/NPC/Main(107): pocketmine\entity\Human->__construct(object pocketmine\entity\Location#23421, object pocketmine\nbt\tag\CompoundTag#26382, object pocketmine\entity\Skin#23413)
#1 plugins/NPC/src/hachkingtohach1/NPC/Main(131): hachkingtohach1\NPC\Main->create(integer 1, object pocketmine\math\Vector3#23412, object pocketmine\entity\Skin#23413, object pocketmine\world\World#23835, object pocketmine\entity\Location#23421, false, string[4] Test, integer 1)
#2 plugins/NPC/src/hachkingtohach1/NPC/task/CreateEntity(22): hachkingtohach1\NPC\Main->registerEntities()
#3 pmsrc/src/scheduler/TaskHandler(117): hachkingtohach1\NPC\task\CreateEntity->onRun()
#4 pmsrc/src/scheduler/TaskScheduler(141): pocketmine\scheduler\TaskHandler->run()
#5 pmsrc/src/plugin/PluginManager(467): pocketmine\scheduler\TaskScheduler->mainThreadHeartbeat(integer 21)
#6 pmsrc/src/Server(1753): pocketmine\plugin\PluginManager->tickSchedulers(integer 21)
#7 pmsrc/src/Server(1642): pocketmine\Server->tick()
#8 pmsrc/src/Server(1034): pocketmine\Server->tickProcessor()
#9 pmsrc/src/PocketMine(301): pocketmine\Server->__construct(object BaseClassLoader#2, object pocketmine\utils\MainLogger#3, string[12] D:\FoxCraft\, string[20] D:\FoxCraft\plugins\)
#10 pmsrc/src/PocketMine(324): pocketmine\server()
#11 pmsrc(11): require(string[56] phar://D:/FoxCraft/PocketMine-MP.phar/src/PocketMine.php)

PocketMine-MP version: 4.0.0 [Protocol 475]
Git commit: 468faa464b2bc5c97f23fafbb71ea61035f6f218
uname -a: Windows NT DESKTOP-BVRHES0 10.0 build 19042 (Windows 10) AMD64
PHP Version: 8.0.13
Zend version: 4.0.13
OS: WINNT, win
Composer libraries: 
- adhocore/json-comment 1.1.2@fc2f76979f0a44a5f5bc2a2b600d0762fe0e78e7
- brick/math 0.9.3@ca57d18f028f84f777b2168cd1911b0dee2343ae
- daverandom/callback-validator unknown@unknown
- fgrosse/phpasn1 v2.3.0@20299033c35f4300eb656e7e8e88cf52d1d6694e
- netresearch/jsonmapper v4.0.0@8bbc021a8edb2e4a7ea2f8ad4fa9ec9dce2fcb8d
- pocketmine/bedrock-data 1.5.0+bedrock-1.18.0@482c679aa5ed0b81c088c2b1ff0b8110a94c8a6c
- pocketmine/bedrock-protocol 7.0.0+bedrock-1.18.0@040a883a4abb8c9b93114d5278cb5fecc635da82
- pocketmine/binaryutils 0.2.2@f883e1cf9099ed6a757a10a2f75b3333eeb2cdf9
- pocketmine/callback-validator 1.0.3@64787469766bcaa7e5885242e85c23c25e8c55a2
- pocketmine/classloader 0.2.0@49ea303993efdfb39cd302e2156d50aa78209e78
- pocketmine/color 0.2.0@09be6ea6d76f2e33d6813c39d29c22c46c17e1d2
- pocketmine/errorhandler 0.3.0@ec742b209e8056bbe855069c4eff94c9734ea19b
- pocketmine/locale-data 2.0.20@a6e4eb22587e0014f6d658732cf633262723f8d3
- pocketmine/log 0.4.0@e6c912c0f9055c81d23108ec2d179b96f404c043
- pocketmine/log-pthreads 0.4.0@61f709e8cf36bcc24e4efe02acded680a1ce23cd
- pocketmine/math 0.4.0@6d64e2555bd2e95ed024574f75d1cefc135c89fc
- pocketmine/nbt 0.3.0@98c4a04b55a915e18f83d3b0c9beb24a71abcd31
- pocketmine/pocketmine-mp 4.0.0@468faa464b2bc5c97f23fafbb71ea61035f6f218
- pocketmine/raklib 0.14.2@e3a861187470e1facc6625040128f447ebbcbaec
- pocketmine/raklib-ipc 0.1.1@922a6444b0c6c7daaa5aa5a832107e1ec4738aed
- pocketmine/snooze 0.3.1@0ac8fc2a781c419a1f64ebca4d5835028f59e29b
- ramsey/collection 1.2.2@cccc74ee5e328031b15640b51056ee8d3bb66c0a
- ramsey/uuid 4.2.3@fc9bb7fb5388691fd7373cd44dcb4d63bbcf24df
- rhumsaa/uuid unknown@unknown
- symfony/polyfill-ctype v1.23.0@46cd95797e9df938fdd2b03693b5fca5e64b01ce
- symfony/polyfill-php80 v1.23.1@1100343ed1a92e3a38f9ae122fc0eb21602547be
- symfony/polyfill-php81 v1.23.0@e66119f3de95efc359483f810c4c3e6436279436
- webmozart/assert 1.10.0@6964c76c7804814a842473e0c8fd15bab0f18e25
- webmozart/path-util 2.3.0@d939f7edc24c9a1bb9c0dee5cb05d8e859490725

Loaded plugins:
Alerts 1.0.0 by hachkingtohach1 for API(s) 4.0.0
BuilderTools 1.3.0-beta2 by CzechPMDevs, VixikHD for API(s) 4.0.0
CraftingTable 1.0.0 by hachkingtohach1 for API(s) 4.0.0
DevTools 1.15.0 by PocketMine Team for API(s) 4.0.0
EconomyAPI 5.7.3-PM4 by onebone for API(s) 4.0.0
FCCore 1.0.1 by hachkingtohach1 for API(s) 4.0.0
KeepInventory 1.0.0 by NhanAZ, KhoaGamingVN for API(s) 4.0.0
MaxEnchants 1.2.2 by Xenophilicy for API(s) 4.0.0
MultiWorld 1.7.0-beta3 by CzechPMDevs, VixikCZ, fuyutsuki, kaliiks for API(s) 4.0.0
MyItem 1.4.9 by hachkingtohach1 for API(s) 4.0.0
NPC 1.0.0 by hachkingtohach1 for API(s) 4.0.0
Netherite 2.0 by Wertzui123 for API(s) 4.0.0
PlayerStats 3.1.9_BETA by hachkingtohach1 for API(s) 4.0.0
PureEntities 2.0.0 by LeinneSW for API(s) 4.0.0
PurePerms 1.4.4 by Vecnavium , 64FF00 & ProjectInfinity for API(s) 4.0.0
ShopGUI 1.0.0 by hachkingtohach1 for API(s) 4.0.0

----------------------REPORT THE DATA BELOW THIS LINE-----------------------

===BEGIN CRASH DUMP===
eNrtPIty2za2v4KxO7f2Xknm+6FOcu3YzsbTJPaNnaazq04GBEGJa4pk+bCtdPrve84BSJGKk2a3
ubO9M+1s1yQInPcTgPrLXlJUa968v5NVnRb53tyZ7DXpWu7NTc8xzSD0fG9m2b4T+JO9tlSf/Jlv
uK7vm7ZrBJ7hTfYyXjfnVVVUe/Nf9ppNCZP2buCPGpvsrWVd8yWOloW4lc06zeViIfMmbTaLxYt2
zfP5/P17UeR1U7WiOTics5Nq2a5hCtu32ME39W2aH7J1WzcskqxIGGJhj0G7hpmT0Zc8ahaLhi8X
i9NiXRZtHt/wJVumdxImCp5lMmZpzs7mi8Xz4uG04gnML7N2meb1YvH66nSxqCuxWKy4WAHwZVPg
k6k/veJpPitXJStylgE+Zho+sJy0WfY8zYjnFa/mR0dn86MO/NEVkfcKpk9fXc1wwhGgOFI8HJFA
ECbC0TDW+H13DnxHlHvzMAS9VVzA49/39g2mqT8CCmnRDuk0joQfALEg609qZfp0qJUi+ocUzaOz
XxaCN2BB+5btWOaEPTL1UTXsW54dWI/OHyoUwZr2IfC7b/4LzNkmMPdptU2fikryRh6keSOXsmKP
Ew4OslosfoDhorKJki8l+NFp90WVxYvFO/wD0wLb/Sy0XckmPKvlhIFKgKe/Oz+xG1k3E9azQEKy
vkhIDa9vj05JBOeE7cCyfkNglVymdSMrmp/K+oDQ2Wxrn7VYybjNZHV0A+Bf8DyG5wPT9D8JGckA
oxjQMX1a5G/aXAF3Pgn8uns7MB1zx4z7mYvFgA5goAPrDsAqYR1d0Z9XPIdYVR04nv95mD366dM1
COdmBRzELySvmghY6Y3KUirxBviuZXWHVPuuvYNCUbJYjEiZPm1SsUVX74L2HwHtOdYOaPVFwVIi
CB5ZZ9jOZ9ZdVYWAWF5UCkA4ALANaQe2YX4CxiPR5Bmv5SkkkPplwWNZ7T/uW22TZrUywpfFEnjf
t3sfMK2fdoJ3/8kyfvpUXFfBxPgEB9auFGolH7XKVKvAqmFWJX9u00oeaJSu9xP78oi/HcZ4f7j3
06+TPflnJh1l0i/MgCA5hep9mt8V2Z1EnmFhmsegHtHsdd9hDPDBqyhiiXIODRiC99CEv4vm6C9/
Ycd3vGIv2hwsTTsh+8sRTrFoSlkVDYAEdr9ZDSd9h1PsMZTzh1JWqcyFHENydiE9lEMorqbJG0MD
19fr/Y/XX0sZ0+JALw7VnDbKUsGSNheYSdjQPrr0wr7J9NOEoeIZGcqE/c9Q09+AAbAnLIfa5vAX
gG8aBiFYNN80q7SePsU1MIHWfkcTTD2h5BWoY2ybA5QI+VCtUBL+lZ5txYdp7Aqr52Upm4scUhHP
rtMP8iJPioNDNmcqj3RDv4CTNm2Vs1ze73w6MGfBhBkzb8LMmWcdfscUZrfD3Muf3pTQGSijWVXF
fc0u8juepTGK7PxByBKJopnB7sxrfifjM95wDHRg/OPpoZ5+tPfrn6Xcn6Xcn6Xcn6Xcn6Xc/+9S
rqs3aqwxTkDbDT3lHDdRuoHJXr/3smfOjJkBI7xtVkVVYwLYcTMEyssUvzg0Gd5lziMovPbmoAs5
2YtlKfMYF8O3ukias+EAWjdg+sh7FTXdX6yqQIUw8ery+ubd5ZuXZzB0L6M6bZD2VdOUNUjlnjdi
Va/SZnYvZZRtZqJYUwJ71qYZWMBNUWRDnkfDY87tmTGNZMOtMf+nH6RYXb06k3e44If0Ib19cfa1
pCAQeLmOAfhiESnaGqRtsdih9IuksUybVRuRDAZkH41AgWzIiED2N0jwQDjj8T+IXYyI2nn9ErmA
WEC8aSaqzazeNLKe5bI5inm9igpexWQsIKVdQ+mHxmIw3V05bJ0Okidffy05dPgXiwElmtnrm5M3
N2+vfssEtpQd9TCA2XOImsV6c3J1MWB3MDhk2J35M3t69coZ81zkMoJ/vxavGhyUKYoKgLlYjCj6
rJaRqeenp0U1tGU9sGvE5n/GiBU13d+vZbbfS1lC9Q/FXVFtBryPx3/Dj1+veH7yNxj7flXwv3JI
UMsfXn8tQSjgi8WIIpV5/42YpkkFzl/xh/NcwOsooQ1Hx1xbs52o/qPMi3KVQlO6+Vq8DkAihz0p
o5cvseVXbdakVNEPedsOjlnzddqyfzNtnf6NTgU2bVO3tyk830LfmN7W/yfJbI306u5kRPvvSWQD
QCinzUUj10MZqYGxfJxZ+J/xeUVN9/dr+TzuG205VrtIf4g83fd1v7t0ey2blaxo8pbRfmzIrrXL
7Dsonz60qWnZX4vPLURgsSPi345gW2hHW46A5auMb2R13fBRPBuODtm2Z+YsfP/s/ObkP6PqAV2j
l9+t+au2kt1mwFAOw+Ed/e9awEuZ5rm8fve1mM8IHrR6QIPUNADTY4r+tbqsI/FoBEWzfyWr9S7v
amw3rO3UZD9IkfO7tF2zCfOc588Ng/0XgxYbu9+LPEnztPlqqe69QqDkQNQNHr8kxV2vivKvb4cF
aDfyB4lmmpz+4euEbzwg4BUw3Mjd5qFr5ImDh0bmKAMyBFXY7gVYvWKSjwTuIQ5HBM+AI1g7HCvW
7+OiAQpGo/pAZzvQVtnwPebN6HuSZkDrcGS5LoevK2Bv+J5C2X43HPhHTbrs39eR2tsYjRXQ9eIs
eKdKrW44MhQPJ5ViLIc3MskkbcEPR2uSaD0eisEthiPXVy9H6Df1z1mOyPQT6z81xa3M0w9jETw8
aK6RXOwoNnydUTiy6PVDWqpmMZy5+Jql0XA5vD6sx1IvkDzLMGzTtLBcuTq7HLEeF++JtN1BGErH
CivAuOt6NPE6XZeZ/PHViOcdCuAVNxx3+Fxn95ihRoNlQ1uTKGFH++fVasf2Vm1+S5tsFgnJJqmk
yyjNOTYqkMCsmYeSkHcyiyM9CUGB75RNoQcsJawYFK3MEuWNs7Z7ae+3uAbf8cAuzZNiZLfxRypP
R1ZCorSHQ5UE90A/XLbKFjv4fwN3Y5dXAmLFQPjo3atS40WMMpcVz4bBfOju6Mq8ltubT708aSNo
b24ZtgViq99DVNmbq636PTyAKkQBUB3fBRwp+rfjBQnnjudEViRcEfqJZSc8iSLflNwzDdtNvMQy
A4DdalLepXmMZ0Kvb9jZ+fX3N5dX02c/vHlxfm0wE6hgRAMzQ8Ox2EE32TQO2cmrMw9TD14OGsjq
gyQHcnozWZXvC9TJu4vXr2/QMPHlnqomgUc2tazeg3IrXulkz+MVMFbJI4wYU5ijT09NjAnHibAS
3wv9MDG443A3cSNhcSvyDCM2fM9KpCH9QOJxbVSl4vZIB0ljFs7sY8FdPzaDxLCCJHAS3/cjy/QC
EZuhaUZGLKVlOzaXFAFBIRB9IFHjeXLExe2UDth4g2fiIMDbvLjPj/VftLZlVdS1PAKWeZ3jceOd
heZ8bBlWGBq2LUD+jm0YMvJcT/oykEEgEteKzdjzQgexQpyuZC15JVbE/5qXJfndHRnFcRBFwrBM
Hsg4sqTDfcmtJOCxk/BQijAW0kpEFMQj5ziKZFzB2xRo5yRJd2b8dzcIcgXtHTuBJTw/5NyVsREF
pjCAOCsykwTfTIOHjgi4Jx6HvDXHPR8J3YVuOAYPAps7PIoCEUYhRDgndi0/EJGbSCE82415YO1A
p0Cx9WoLDQDASFMkoRGGMva47/ocqAOrcCMb/oFK0hJxEo4hPapCrCvsY8/xA98Bk/K8SHCQqBsE
ruVYMnCFZQvLlYFwXb5DmsDThazQoRJJAxGGktuGHYa2TOIkskMR24YlLdP1YtcA0IFlhGCdO5CK
rNjCMMJIeuCssQ+eKm079gITDCeMrVBYlnA8YfrSjHeooYsaK3Uc1UXRYyl8x4oQZWC4XhQBQ67h
hcKRSQLKDH3bkdwMozEoPAnPZGcqWFlbxjH3pANytdzAl4ZhOokXe/BsWyLxbNvyLB8CTRDbu6CW
RIyDxHgiNC1hgN5cVwTAgW0agRRg/D6Yg5c4hiMM52MI00GiUaA8M/GRKZHYoDFhOUAbuL3FRQwG
ERjcBC+wxY4P9HGAQMSeIy3XdaPYkiFavOW4PgQEN4bFiTBtoDFMdow9j5peuGEgHG44EVhGaLoS
Ykpgx3ZkgG2DoMAxTR6B+s0xhO3jlMon5dT/QtgewKr4rSooINI64BjS5oFnmmDLviHNhINPeZYL
jmdCsHMcX0LoiLgUj0GZpqXo6pjj0LK45zgOMOMJP+YQEvB/gW2ZBtieFI5vB1zuyLfOi+KD7PL8
scFFALEabN4UjhlyMwGJg3+B0we2i/HXDaVFxgeFcC036AfbOo626o4F/OM7UrrStgIoiiLwJMeI
XBPsWUqwtyjyPGHwLZC2TVX6gcgLuSIEGSaRaweBF5pJ7Ns+2IXjxCJyYg9Wi8Ry4gSXr9p1zXm3
/uPgXm/WSZFvQIPZBsqKbNqV0HdAqk1KFHHo+qEvQ4g+dpDEsRUZthfaEOAg70hQrwHG9RgsyBiB
0cMyjyHcGpCHZGzyEIIAB2ghl6YFsR2SB2Qsw3IdP/okLHNAl/TAKMLEjtHOE0hBoROAr5qGcIQN
RNngvCH8v2pj1sUHXjVHENtkpZMuWqgXeo7wwRoCwwlMhweOBUYgDdBxbLoRj4zEDMChRkBK8Lgp
Bm+KI0hLHNph4ssYfFaASURRKDDnuiIy3BiyIdAWGj6AoQ6pt63ZhorUfYa7LQwaiyRdtpW6LIQl
HkuKio1qqkW+z25WkEhZLRs8JqoZryRrVpIVuazhgTdM8Dwv6O5ZmousjdWVMXUmO4OEBomXunyA
dV2s1Q21j2HWPJETVuAmTo0gWQTR6pZtirbSsFiasDX0HklKGKC2wUtg2QYBv5b3PTjoGhPeZk3N
7ov824Zh6ucVg663gOCVYgrbIIV4wUnxfb+SOWvLZUXXeGaLfJF3wOaLnLH9dyvaXWJNAVigVgUQ
+hQbZADVTY0Fdaw+E6kq+jOQZyYbkhe2skIylVxwZI2QQeJCTjOOJfFSztUFEvxQr9oGasR8qu8H
ztliTx3UM5FBsRcv9oiykywr7lmW1khtd7GE3aWc/W8rqw3O+RkfpvrTnGEbT0vPqbHXaxjQxbBc
ZKAxEApCizZMixLnq32Aaf95QOz+O/AYsAiQK49jBpWXEj+KFW8msLXkdVvR/T0GQo8kEg3CkT+3
PEOx0Y1DBkVFK9mBRsos4xChK4xyWskS+topiB3vGMzhM+F+3a4jkApY1Um9yQVe/gDFV7dgRzOa
8LbG62WAreMUp62qIi9a0B5MryeMdtaZ6jDU/TUsqoERbCVINuCPOLZu81Td+VHAr0m9wBNYWVU8
pGBhEsQALJHl5j1xKFtN0EWCtopz0CYnLG2+BfE1FS2LJV6II5PZWcwOgIcW/MYisRAbU83pnEDt
2ion46jaPEd1xtgdFiUpgdqResbO5J1+Zut0uQJnrqAVnwydTxsOSqSq2rJRo0pgKJg10Kb5IuWC
U1KvESuH4HdFGgPZj1OANoI2BwV/CtY1GxgaTJ6qSb2lLfK1BHQb5ZR/zYoIrAf3oJgaBz9Ypw36
9loueUR7Ruxaidog4aY1HXvj8hvU2n1KkieLAqe9nypAnZHVxGGSAokQkSQeuCGYpJKyQ6mMHLTV
opuyZQGKKtBN0SoQ0ZLInBJpc2YgF4CdQrCqyP7wHOCm3ufoX0E3//vor5uiJBJ0+OxJ0uBqBuGj
xGwa9wQh1o4qE+pOTRgFgXfkFZq++tuvQCH5BZGEEYOJtsLbr+Dp8kGKloJvoUhWHonJqp8tH4SU
cb3lSAWuy5vzObt5cXHNXl68urhhJ1dXLy/Or9nV+Rv27vLN9+dvJgwmsZtLmHXO3r24fHnOrt5c
np5fX892Q8BIHpbraXFcySotKCFjIK6RQbGSFJJJGn2wNUH2UBLEFFtoyhRCoVRhlkCdFjnwCQEa
rAn5/ZSxKSO7X2FmxYvfEILUNIKsgEDo3QZylZEIxyXmEMzztGD28Wy0Bb0jDWorpcByQEkWyVV6
VWt7HsC8ZFlvWbUNzWt9+DhJmnNbc77kVQSeMd1W1hSAHpcuuRqSo1cxvQpi95rnLRUfQ0qgMGvB
Bg8nXU7YNcLODFV6TaDJbxS/660LztilivnK4KF6KNos7mlJIYnc52xLf60Al0Q+MOoZhuYVsD2n
YPFRkiTTURB63pKqWHfJVq3WM6ZD0xxqGLnRmvzINtgjJjWyjuuuYESVVYAJzVAbctyuS1VdqRKO
6Q9T/NDp6wwn6QVEO5HZcQBvkObB2fkjAoakDYkPMNyBkdV1KzEwNCvQ2rKrNjFoIbYtVZNOkapG
0EXlTFGDUz8ppzV/mNJebN3RfspLHE3X7RpyLKTXCoE3PIeqEhQJeRoPDhUVW7miv2hRksd8bGNQ
bJeaIkI4xSq4haTr9Bo7K9SnXZvG2gijnoKvJncupGDpiUPOqHKY0l5vz9sZkEK1CpSPKD2gThUY
CkrJsSdhao3icMsdLNPyVPx0mHHyttpFAWbYBmi4nwf1OTtc5LlsUGFznSKgNFsVmSoxIzyKpUqc
SK7x7jfTSYZim+p89FeVWiLZF5sqve0PtdR9wrBabRoEPmFTc6BAUh4hnjYdMToFUNTe1rF0PoAl
ZKw4x16GCn1cDIOarBl7AbUg2NITKu7Y6dXbCawFGiLwr/s0BrOnWkFFzx7+lODPmdeV3duKvCbp
DObO2EkMgWrFs+QIWknVJsQSbFijAqQM9wXRwAaOuE17A2DDVkT9OAdLTJ7NGBLx9iq/6ortbQOI
vQQSdQ9pExe2ZV5O9ftOd/NKe12dfpC9PrEs79RYY8LTJROU7co8BqnVCS216HDGrvSajFdLWsB1
J6ptgTAmFV8iC6ATEFtdZlSxYHu5xt9kgbPzCvV0mqUwS/XLeNVZ1g17dfOWKK2BJWQ7ahuG/Tmp
cotONRezLtasm3aKq+ZE7bA/lDkdIpGvJww3BgTeGe3ZhP43SVIxY5SlVhyLAJauQTYN6g60QT9J
hzA1IVpAaXdE9AolAVGXAjGkaE7hvFYqVaUEzG20jSInUu0P6FCnu6mzSyqSzi6uT55BfUT1VJuT
DWHAbjFS0vmnKhJSNEb9e7J42G9s+dz6eiyjdjnvmran+BsU0IQqWVcQrug70y16rTYV0JvzulDJ
W3uEicAU1Qra6aqAJh69sOvVZNeNUxTHbWNW87suW8AjtN70jbaUB208EEYn86po03sy/yjSXG0I
kKS+ZT9GxQN6fsUuztjBj28vzg5B7+D2QAPMvwe1oWJSSPfgHNjDVbGWjyo/wBuKre5y8PYfn73s
4Ov+bjDyLSHDwzEqHEi9uhQh3opuh0in0Qegb4oXE54USUJo4VuabKYPbRpvFULynI43Z25od0W5
mvqvHygZ0FztV22td3nUj4rI4/WaqVozZ/r0FNGoFKLDo8aCOZDny75HyXFZtpuKJ92su1TeT/sE
/diGmBLuybpoMXokKtfpYAIi60SLuR2jI22FgPrxmZIzLH5DqXqwmBjPpWq9I6mARTJB369Lfk9G
gTaqoJNp4fA46Sv2EVHPPsRAxndJLdUvTgCbhHz6GJXG42TyCn9ixnhn7kBstxj/9tTYOzs8UVYI
ct86jVXOQH446BQMrm6joRSWmERhhoxV6qSXPrXRVpM2Di6EzCR1Csq8CWuW3gIK7JMpEmUcWF9W
xX2zUnEMUHC2UtAGQQ68v25USiZipyiNjrTpVjSKtYuzesAXhmnUvILG1LFpz6becurKHFozUhLA
mzKL7QOZ0CpvFbnd1up1OftYmTp43fOUullIJtDqKSsqi7LNOrfRL5jvaY5OG7aFCKkNQi4JE2Zc
jFxQEugGA0f0Rt5clzq470jNtRpWlYK2LCBkG6HjbdBDz5zij313hvrAMB7W1wgGOR3iwVRdJetn
rkBvc0XKrFyvy1laEMUQ6jZrbA7BlRvcZxX1lnRMU/o7234nFijM8eWykku9paj3H9U2C/4i9HaX
P6IPYs3l2SX+dmmqk4KqDzB83UvVgXD64StirInwLQM0Nhts+kOe7iXflnghSSnnI6GCQtV3bUxQ
CeG9Acplg3xzinvzcriXN4HkUK44uIXEyF4hDV1dChkjkRX0HlOMizkmQ/W1y10qc/DR3qC+wjFI
ti3U4FDbUGztQpgGSFpW3zscH2lV8TVUa5OutxlEZ2MEivPR6jFhoBYxjCNC2vTUi7oN7tkWgf4y
xNBJ7vP5XicTpUnlAYO9JA0DwDdant2u0UoPqhBX9Z2Ejg64CQ/NWkxlUJr0gPCQvK3UiQtGm24r
RUVegKejU5dvoSbjte7ToLTmePNJv2EBBDRqXc07palvYKO4pzdnf6fKBYrWCW3y/YRAqQXbJu/h
SRCxgZV0RQEet1FU8EKrks2jeZTiM7WPNXUM1H7jzXagVRcBQ/IVXqJBPQJEdAPHUDl1i3HOnr88
uVGD2GpI3Fn7Tt/ImLjhA3CUy4n9EKdVM6Gg+52u9NRZy3DTQjkxJjoQrd5T5K22ugyUJTZM/fiy
rbq423VqVX9KQ0EF4EA6EnQKVndymnYnPGACqqzff07RhFDR/BEQqov1yPvByJTqy0HhV6jaXz5A
bKt1kytusU2qqaGD4Bal0KBsVCFH85BfIAVaMJUplKsoLgk+VEZVH47x+HVXqXhOebVV8SkdVtJp
3QKqlv3nVcrOpGCWwyxrbrtz12DvLp4xy7BMnNCdqD2REGHhfV008ZPR0SZTp2n4USGfou89MUMT
Mtl48M6jYRuHdbOQljAIxg4j96u0kVM8gcPSlZBBP6WrtyeWgSNLjrsJsXxCb+rQrx/Tq3D/Fs95
uvfyrtQY4hQbLLDozRMirTfQPt89IZ6pNsaS+4n6oUi1rZdlPJiCJ+5Pzs6fn7x9eTPgic4JNUrK
Fui6+n1UzT4JcGhQsdOUvV//Cba5tSU=
===END CRASH DUMP===
