PocketMine-MP Crash Dump Mon Dec 6 09:56:06 WIB 2021

Error: Undefined variable $damage
File: plugins/PlayerStats/src/hachkingtohach1/PlayerStats/PlayerStats
Line: 517
Type: ErrorException

THIS CRASH WAS CAUSED BY A PLUGIN
BAD PLUGIN: PlayerStats

Code:
[508] 				    new DoubleTag($damager->getMotion()->z * 2)
[509] 			    ]))
[510] 			    ->setTag("Rotation", new ListTag([
[511] 				    new FloatTag($damager->getLocation()->yaw),
[512] 				    new FloatTag($damager->getLocation()->pitch)
[513] 			    ]));				
[514]                 $entityDamage = new DamageIndicator($entity->getLocation(), $nbt);                	
[515]                 $entityDamage->setInvisible(false);
[516]                 $entityDamage->setScale(0.01);
[517]                 if($damage[1] == true){
[518] 					$i = 0;
[519] 					$color = ["§f", "§e", "§6", "§c"];
[520] 					$text = str_split((string)$damage[0]);
[521] 					foreach($text as $case => $number){				
[522] 						if($i <= 3){
[523] 						    $text[$case] = $color[$i].$number;							
[524] 						}else{
[525] 							$i = 0;
[526] 							$text[$case] = $color[$i].$number;
[527] 						}

Backtrace:
#0 plugins/PlayerStats/src/hachkingtohach1/PlayerStats/PlayerStats(517): pocketmine\errorhandler\ErrorToExceptionHandler::handle(integer 2, string[26] Undefined variable $damage, string[79] D:\FoxCraft\plugins\PlayerStats\src\hachkingtohach1\PlayerStats\PlayerStats.php, integer 517)
#1 pmsrc/src/event/RegisteredListener(75): hachkingtohach1\PlayerStats\PlayerStats->onDamage(object pocketmine\event\entity\EntityDamageByEntityEvent#114989)
#2 pmsrc/src/event/Event(62): pocketmine\event\RegisteredListener->callEvent(object pocketmine\event\entity\EntityDamageByEntityEvent#114989)
#3 pmsrc/src/entity/Entity(522): pocketmine\event\Event->call()
#4 pmsrc/src/entity/Living(482): pocketmine\entity\Entity->attack(object pocketmine\event\entity\EntityDamageByEntityEvent#114989)
#5 pmsrc/src/player/Player(1669): pocketmine\entity\Living->attack(object pocketmine\event\entity\EntityDamageByEntityEvent#114989)
#6 pmsrc/src/network/mcpe/handler/InGamePacketHandler(424): pocketmine\player\Player->attackEntity(object pocketmine\entity\Zombie#107340)
#7 pmsrc/src/network/mcpe/handler/InGamePacketHandler(225): pocketmine\network\mcpe\handler\InGamePacketHandler->handleUseItemOnEntityTransaction(object pocketmine\network\mcpe\protocol\types\inventory\UseItemOnEntityTransactionData#114745)
#8 pmsrc/vendor/pocketmine/bedrock-protocol/src/InventoryTransactionPacket(114): pocketmine\network\mcpe\handler\InGamePacketHandler->handleInventoryTransaction(object pocketmine\network\mcpe\protocol\InventoryTransactionPacket#114947)
#9 pmsrc/src/network/mcpe/NetworkSession(395): pocketmine\network\mcpe\protocol\InventoryTransactionPacket->handle(object pocketmine\network\mcpe\handler\InGamePacketHandler#114284)
#10 pmsrc/src/network/mcpe/NetworkSession(358): pocketmine\network\mcpe\NetworkSession->handleDataPacket(object pocketmine\network\mcpe\protocol\InventoryTransactionPacket#114947, string[32] .............zzB..vA............)
#11 pmsrc/src/network/mcpe/raklib/RakLibInterface(192): pocketmine\network\mcpe\NetworkSession->handleEncoded(string[68] c.abd.b.jm....f.,w.5s.#.@nf^jrQbZ.UANbej......3..#..3..CO......92 ..)
#12 pmsrc/vendor/pocketmine/raklib-ipc/src/RakLibToUserThreadMessageReceiver(42): pocketmine\network\mcpe\raklib\RakLibInterface->onPacketReceive(integer 0, string[77] .M...\l%u.V..o..X........{Us.'E.....w...X.Y..,......f*....K8......F8_..../y..)
#13 pmsrc/src/network/mcpe/raklib/RakLibInterface(122): raklib\server\ipc\RakLibToUserThreadMessageReceiver->handle(object pocketmine\network\mcpe\raklib\RakLibInterface#23664)
#14 pmsrc/vendor/pocketmine/snooze/src/SleeperHandler(123): pocketmine\network\mcpe\raklib\RakLibInterface->pocketmine\network\mcpe\raklib\{closure}()
#15 pmsrc/vendor/pocketmine/snooze/src/SleeperHandler(82): pocketmine\snooze\SleeperHandler->processNotifications()
#16 pmsrc/src/Server(1645): pocketmine\snooze\SleeperHandler->sleepUntil(double 1638759365.9462)
#17 pmsrc/src/Server(1034): pocketmine\Server->tickProcessor()
#18 pmsrc/src/PocketMine(301): pocketmine\Server->__construct(object BaseClassLoader#2, object pocketmine\utils\MainLogger#3, string[12] D:\FoxCraft\, string[20] D:\FoxCraft\plugins\)
#19 pmsrc/src/PocketMine(324): pocketmine\server()
#20 pmsrc(11): require(string[56] phar://D:/FoxCraft/PocketMine-MP.phar/src/PocketMine.php)

PocketMine-MP version: 4.0.0 [Protocol 475]
Git commit: 468faa464b2bc5c97f23fafbb71ea61035f6f218
uname -a: Windows NT DESKTOP-BVRHES0 10.0 build 19042 (Windows 10) AMD64
PHP Version: 8.0.13
Zend version: 4.0.13
OS: WINNT, win
Composer libraries: 
- adhocore/json-comment 1.1.2@fc2f76979f0a44a5f5bc2a2b600d0762fe0e78e7
- brick/math 0.9.3@ca57d18f028f84f777b2168cd1911b0dee2343ae
- daverandom/callback-validator unknown@unknown
- fgrosse/phpasn1 v2.3.0@20299033c35f4300eb656e7e8e88cf52d1d6694e
- netresearch/jsonmapper v4.0.0@8bbc021a8edb2e4a7ea2f8ad4fa9ec9dce2fcb8d
- pocketmine/bedrock-data 1.5.0+bedrock-1.18.0@482c679aa5ed0b81c088c2b1ff0b8110a94c8a6c
- pocketmine/bedrock-protocol 7.0.0+bedrock-1.18.0@040a883a4abb8c9b93114d5278cb5fecc635da82
- pocketmine/binaryutils 0.2.2@f883e1cf9099ed6a757a10a2f75b3333eeb2cdf9
- pocketmine/callback-validator 1.0.3@64787469766bcaa7e5885242e85c23c25e8c55a2
- pocketmine/classloader 0.2.0@49ea303993efdfb39cd302e2156d50aa78209e78
- pocketmine/color 0.2.0@09be6ea6d76f2e33d6813c39d29c22c46c17e1d2
- pocketmine/errorhandler 0.3.0@ec742b209e8056bbe855069c4eff94c9734ea19b
- pocketmine/locale-data 2.0.20@a6e4eb22587e0014f6d658732cf633262723f8d3
- pocketmine/log 0.4.0@e6c912c0f9055c81d23108ec2d179b96f404c043
- pocketmine/log-pthreads 0.4.0@61f709e8cf36bcc24e4efe02acded680a1ce23cd
- pocketmine/math 0.4.0@6d64e2555bd2e95ed024574f75d1cefc135c89fc
- pocketmine/nbt 0.3.0@98c4a04b55a915e18f83d3b0c9beb24a71abcd31
- pocketmine/pocketmine-mp 4.0.0@468faa464b2bc5c97f23fafbb71ea61035f6f218
- pocketmine/raklib 0.14.2@e3a861187470e1facc6625040128f447ebbcbaec
- pocketmine/raklib-ipc 0.1.1@922a6444b0c6c7daaa5aa5a832107e1ec4738aed
- pocketmine/snooze 0.3.1@0ac8fc2a781c419a1f64ebca4d5835028f59e29b
- ramsey/collection 1.2.2@cccc74ee5e328031b15640b51056ee8d3bb66c0a
- ramsey/uuid 4.2.3@fc9bb7fb5388691fd7373cd44dcb4d63bbcf24df
- rhumsaa/uuid unknown@unknown
- symfony/polyfill-ctype v1.23.0@46cd95797e9df938fdd2b03693b5fca5e64b01ce
- symfony/polyfill-php80 v1.23.1@1100343ed1a92e3a38f9ae122fc0eb21602547be
- symfony/polyfill-php81 v1.23.0@e66119f3de95efc359483f810c4c3e6436279436
- webmozart/assert 1.10.0@6964c76c7804814a842473e0c8fd15bab0f18e25
- webmozart/path-util 2.3.0@d939f7edc24c9a1bb9c0dee5cb05d8e859490725

Loaded plugins:
DevTools 1.15.0 by PocketMine Team for API(s) 4.0.0
PlayerStats 3.1.9_BETA by hachkingtohach1 for API(s) 4.0.0

----------------------REPORT THE DATA BELOW THIS LINE-----------------------

===BEGIN CRASH DUMP===
eNrtPGlz20aWf6WLylakWRLCfTCrlA/JE9XYlsaS19kxva5Go0EiwsHgEEWn8t/3vdcNEqQkj5Px
bu0He3fGRB/vvgHPb6O0qgvefryVdZNV5WjqjkdtVsjR1PKdMPAix/cN2woi1xqPuqXasiNYcizP
j5zQ8+zQ88ejnDftWV1X9Wj626hdL+HYiJ7P7oSEewB7PCpk0/A5br0tE5lmpUzYLa8zHueSfZfw
AjfHo7TL8xdZjudOp7PZi+ruec3TdjZb5t08K5vZ7DLna1lftbyFh6YWs9mCi8VNVs7bCn9Ze0cG
D8ZysUQcCr6GeDw4cAzwjvfA7ewPfgOgHLgYTT0rAMHVXMDv96MDk/2LgA8B4NGULStxI9sCUMxm
EqW54GWSy3o2I9leVxvp/qQ2plN14jArWzmXNbPHrGlrQPje9j+wx8W+ORZEH9j/jtTHrCcKmQPR
HVhsWaBQ8D/yVpbt8Rs5z5pW1jJ5iX+Xsj4MPBDEFyOa/FiVp8TRYRX/IkW7K0NEAn+VbdauQYj0
tzr+bK2ezvDIgWW5URgRkfY9IunIoW/vK0gBv8/C5EfB81zd+kpEOUOi6MixOnno2Y/QRTAUKYcE
w70P42V2C0I+dMN7MHaIm/zI25aLm6/FjTegZEm61L5waPl+9AgpitavTYo/IKWU7aqqb44LsZTH
2vOOz8u/8kJeckSjne7Qtd09IhUXvWX2RGoVPUSqpvEfVRFn8sAyA8c1iaDgzxBk294eQfrqbIZ3
0XF1HHng9uRHtfu2keetLC5KRfZ1zcuGCww2D3Gwh2BZV20lqnw2w2QAPpqVKOqqBiYfB3zKW47a
CFyPmA8183A1qerjLb7jWCY1PE16PCSf8x7HAKRi7RCA/usSeQj+H5LF4wSSDboqLEaPqfy1eriC
NIqYneifaPlLEPe8fQEfnxMR0m+Hrgrr5pcy4IWfZ2D3fE8qWolW61cV/iYHOvYHZgz/fPr0zDBu
nw6XFKfWY5zW/CbP4uM3/OZlFp9D3qtTKA4Orcj+MxyflaJKZHKo6fPDD0wYPE6M2PilQGpSY7wy
vMY4MJ6U6X//Uv89/ofx9unrWP6iqHUM2ML/fn6hFiKb9TzYjzqZYmKSLRWDipnrCvy3vl7Ukiev
VEH3RgqZ3VIg/Dx3CiDkyF2xYNJWmtCQNuWLua1LAtDJK6B8Nsv/rTP+0zAqw/i518Zvbxvj+zP6
uTJw/b8MY6y20r/gf/8tVE8vwo/41/G65975oxqk/NozApK4RY8AEfVcfUY+f8DXHpHUgQ0FufYy
91G9NWVVfZLE0lUu5VLWfWKwbOdPaugL7vwm8qrpavm7qi8s708QeK/yUEdns91zQA+Ef5Du66rN
0kxwdOZG4x3m8CtSENQRrveFgBt8fguZKT9Mqg5L5E0r5BmRC2UfIQkeQGI6+0lG7Ux+bDNxc6ko
rmpNZjiAcEl3XsGdQ8e0HgHy8aMAJtu6E5vA94w38jn0Xs3LiicQhaHcf8C2OmAGUvArnpUvqzn4
1YGz8SvL3q/3tx2D+WgroDiIHuHgXjmk3ETxbevsACkZHUn+2mW17CObB03KcsHr6fHx6fS4RzwA
Pnl1aeCBPZzYXxyNPvw+Hsmv1YR+9QYRiFPQPkItVOW3soB0BCgS4F+0o34XVnYBYOhHhjwzhL1Z
q/6PwZ9Srtgp2eg1nx9q2sFQ5iCUioqTo8mPn9hfGNmsZ0ab+3j7wxGtWubOKjiAbBHcbPSmasmv
ZqMxocJ+Bnfe0zXrAWJe5BVv79HyslL+idSs+epoTPftP3V/mbVioeh29rn5oQdH2y5ss70/38lB
D8BOlADp4bxMMIqAc+oze5jH7Lsybo9+2IeokXn/DBmJFSqQrMlAXYcpzxt59APd9b/o7hU0bvLQ
NCA6qGvBA9eytJfce+sDOzlhECzk0W90fmg8s/a7DNg3FaRodweKpaqG3fez0awzTR6kaAD9gxw+
+MMHMRt9IIC2uQuwlXctwAMX/9gs86w91N5+1NNqflA82dbOxbSCHCoWhwoAb9h3AsIdO/kRdNEV
sayPfhtq3LZ3bs9alEbG/uOEOUoEtrN3gCSNwN8TZJAYU9y//y77YGgkPwxvaEzuHqDfJahT4fD2
tnZEbfv3d/8pfroY7GMc/f5t4PRt4PRt4PRt4PRt4PRt4PRt4PRt4PRt4PRt4PRt4PRt4PRt4PR/
N3DqhzYNDmhO5e11VeX0u+QFfb/QL41Hm08sRpZheYYJS7xrF1XdYAe3hcyuJS8QMl9muOMa0PTj
syyxf0pGU2zqx6MEjKhM8DLsNVXang4XCk6TpB7/bDagJAfVwd7V9dM3128vYWEl4yZrkd5F2y4b
kMU8axddbIiqGPB8vIEBvedwRrXld3dytWXZMSwj+vjs7PrpLtt7bdbXYvuLu7etNC4vrq7fXbx5
efqgPFa8FYtmkbXGSso4X5NkRr/jSI/XwDpErT019nZDLNxBW4aSIFE9r2oEHQKDlgPYYlHwdjFc
wVFPmcDd4VpVfEyqFiLhzqqecm4XujofPie83dlPsxxoHa7Mi+XwccGbHVoyCAG3w4VfGtLo5rmI
lSvtrFV1S6fg2bBhoWk5MpQMDy3FrhzeyDSXVCQNVxuSaLO7lGRdMVy5uny5g37d/JqXiEz/Yput
trqRZfZpVwR3d5prJNeChTUvUIq2YdPjp2yp3DYyPHyE5DO8Do93xa7UKyTPNk3HsuwIFi5PL3ZY
T6qPRNr+IixluwqrwLqbZufgVVYsc/nzqx2e9yiAR6wH9vgs8lWd7el/2VLlgBJWPgfULvZsb9GV
NxTTbRKSQ1LJ5nFW8npN7m0bPkoCOuA8ifUhBCXq9bKt9IKthJWAopVZorzx1DZ0f9ziGuzjMD4r
02rHbpN7Ks92rIRE6QyXagnugX4475Qt9vD/Ae7GLi4FBIuB8NG7F0uNFzHibIXnw3A3dHd0ZciO
22/pNvKMuywHdLbp2CC25mMiwaNoBAwYdLswmrqBBzgy9G/XD1POXd+N7Vh4IgpS20l5GseBJbkP
ad9L/dS2QoDdaVLeZVDzrBr2+pqdnl397fricvLsP9/8dHZlMguoYEQDsyLTtdlhf9gyj9jTV6e+
OyJWh7L6JMmB3I2ZLJYfK9TJu/PXr6/RMPFhlZUqNi0rSLkfQbk1rzNJcY4nC2CslscYMSZwRr/v
sDAmPEmFnQZ+FESpyV2Xe6kXC5vbsW+aiRn4dipNGYQyQPHVUMwc6yBpGpHhPBHcCxIrTE07TEM3
DYIgti0/FIkVWVZsJlLajutwSREQFALRBwI2jqJiKPsntzzPEpz2A0Awt7JalU/032ht87pqGnkM
LPOmxJn0rY3m/MQ27SgyHUeA/F3HNGXse74MZCjDUKSenViJ70cuYoU4XctG8losiP+CL5fkd7dk
FE/COBambfFQJrEtXR5IbqchT9yUR1JEiZB2KuIw2XGOzRACaOckSagj/r1fBLmC9p64oS38IOLc
k4kZh5YwgTg7ttIUnyyTR64IuS8ehrw1x1GAhO5DN12Th6HDXR7HoYjiCCKcm3h2EIrYS6UQvuMl
PLT3oFOg2Hq1jQYAYKQl0siMIpn4PPACDtSBVXixA38gz9oiSaNdSA+qEJwYbMJ3gzBwwaR8PxYc
JOqFoWe7tgw9YTvC9mQoPI/vkSawmM0rHSqRNBBhJLljOlHkyDRJYycSiWPa0rY8P/FMAB3aZgTW
uQcJJ/cbGGYUSx+cNQnAU6XjJH5ogeFEiR0J2xauL6xAWskeNcOZex9Fn0gRuHaMKEPT8+MYGPJM
PxKuTFNQZhQ4ruRWFO+CyissI3pTAZIM23zCfemCXG0vDKRpWm7qJz78dmyR+o5j+3YAgSZMnH1Q
cyLGRWJ8EVm2MEFvnidC4MCxzFAKMP4AzMFPXdMVpnsfwmSQaBQo30oDZEqkDmhM2C7QBm5vc5GA
QYQmt8ALHLHnA5s4QCAS35W253lxYssILd52vQACgpfA5VRYDtAYpXvGXsbtRrhRKFxuujFYRmR5
EmJK6CRObIJtg6DAMS0eg/qtXQjbnxMqn5RT/4GwfW/oobKRC44hHR76lgW2HJjSgmZY+L7tgeNZ
EOxcN5AQOmIuxUNQcHTS1zFPItvmvuu6wIwvgoRDSMD/Dx3bMsH2pHADJ+RyT76qTe3z/BOTixBi
Ndi8JVwr4lYKEgf/AqcPHQ/jrxdJm4wPCuFGrtEPtnWcRb4u4E/gSulJxw6hKIrBk1wz9iywZynB
3uLY94XJt0C6LlPpByIv5IoIZJjGnhOGfmSlSeAEYBeum4jYTXy4LVLbTVK8vuiKhvP+/v3g3qyL
tCrXoMF8DWVFPulL6Fsg1SEliiTygiiQEUQfJ0yTxI5Nx48cCHCQdySo1wTjeggWZIzQ3MCynkC4
hRbdkYnFIwgCHKBFXFo2xHZIHpCxTNtzg/hRWNaALumDUUSpk6Cdp5CCIjcEX7VM4QoHiHLAeSP4
b9W/FNUnXrfHENtkrZMuWqgf+a4IwBpC0w0tl4euDUYgTdBxYnkxj83UCsGhdoAsweMmGLwpjiAt
SeREaSAT8FkBJhHHkcCc64nY9BLIhkBbZAYAhjqkjW0ZaypSDxgOBhg0Fmk272oapTAs8Vha1Wyn
ppqVB+x6AYmUNbJtoctoGK8laxeSVaVs4AdvmeBlWbUsliwrRd5B8IAfTI0ADEhokHhbqEkQ1lVV
wM0UAezDbHgqx6yCnbpBkCyGaHXD1lVXa1gsS1kBvUeaEQaobfDDjXyNgF/L1QbcMRS4vMvbhq2q
8vuWYernNYO2t4LglWEKWyOF7SJrFN+rhSxZt5zXPAEAxqyclT2w6axk7ODdQiJhrK0AC9SqAEIP
TUAGOF3GgjpR20Sqiv4M5JnLluQFRWcmJFPJBVcKhAwSF3KScyyJ53LKqCrFjWbRtVAjlhP9vcyU
zUZqLsRw6iaT2Ygoe5rn1YrlWYPU9m+h2W3G2d87Wa/xzK/4Y6K3pvRNAl09o85e32FAF8NykYHG
QCgILV4zLUo8rwYBk832gNiDd+AxYBEgV54kDCovJX4UK07CWCE5DgqxAmUg9Fgi0SAc+WvHcxTb
PLuFs1BUdJIdaqTMNo8QusIoJ7VcQl87AbHjSGsK24T7Nb2mR6t62qxLcc2bG4bTSrAjgw68BWmR
afec4rFFXZVVB9qD480YL0B5rjoM9Icxw6K6VlN5kg34I64VXamnjwr4FakXeAIrq6u7DCxMghiA
JbLcckMcylYTdJ6ireIZtMkxy9rvQXxtTdcS2eI4D01m7zI7BB468BubxEJsTDSnUwK1b6ucjKPu
yhLVmWB3WC1JCdSONAY7lbf6Nyuy+QKcuYZWfDx0Pm04KJG67patWlUCQ8EUQJvmi5QLTkm9RqIc
gt9WWQJkP0wB2gjaHBT8+GGOMTA0ODxRhzaWNisLCejWyin/mlcxWA8OoZhaBz8oshZ9u5BzHq9b
kDi7UqI2SbhZg7Dp+jVqbZWR5MmiwGlXEwWoN7KGOEwzIBEiEr1fRjBpLWWPUhk5aKtDN2XzChRV
oZuiVSCiOZE5IdKmzEQuADuFYFWR/b/nAKd6n6N/Ad38v0Z/01ZLIkGHzw1JGlzDIHwsMZsmG4IQ
a0+VBXWnJoyCwDvyCk1f8/1XoJD8gkjCiMFEB8mnhOTD5J0UHQXfSpGsPBKT1ea0vBNSJs2WIxW4
Lq7Ppuz6p/Mr9vL81fk1e3p5+fL87Ipdnr1h7y7e/O3szZjBIXZ9AafO2LufLl6escs3F8/Prq6M
/RCwIw/b87U4LmWdVZSQMRA3yKBYSArJJI1NsLVA9lASJBRb6MgEQqFUYZZAPa9K4BMCNFgT8vuY
sSkjWy0ws4JMMASpYwRZAYHQuw3kKiMRjgvMIZjn6YJx/zTagh5Jg9qWUmA5oCSL5Cq9qrsbHsC8
5LLZsuqYmtfm6GGSNOeO5nzO6xi/A9xW1hSAHpYuuRqSo28xfQtid8HLjoqPISVQmHVgg0fjPifs
G2Fvhiq9ptDkt4rfYuuCBrtQMV8ZPFQPVZcnG1oySCKrkm3pbxTgJZEPjPqmqXkFbC8oWNxLkmQ6
CsKGt7Suij7Zqtv6xGRomkMNIzdak/dsgz1gUjvWcdUXjKiyGjChGWpDTrpiqaorVcIxvTHBjV5f
p3hIXyDaicyeA/zGcSXB2fkDAoakDYkPMNyCkTVNJzEwtAvQ2ryvNjFoIbYtVeNekapG0EWloajB
o4/KqeB3E5rFNj3tz/kSV7OiKyDHQnqtEXjLS6gqQZFMfYKkqNjKFf1Fi5I85r6NQbG91BQRwglW
wR0kXXejsdNKbe3bNNZGGPUUfHW4dyEFSx8cckaVw4RmvRveToEUqlWgfETpAXWqwFBQlvStAFN3
FIdb7uCalqfip8eMh7fVLgowxzZAw/08qM/Z4azUr8OnOkVAabaoclVixviiiipxIrnBbyCZTjIU
21Tno3dVaonlpthU6e1gqKV+C8NqvW4R+JhNrIECSXmEeNL2xOgUQFF7W8fS+wEsIRPFOfYyVOjj
ZVjUZBnsJ6gFJX6EjMUde375dgx3gYYY/GuVJWD2VCuo6LmBPyH4U+b3Zfe2Im9IOoOzBnuaQKBa
8Dw9hlZStQmJBBvWqAApw7kgGtjAEbdpbwBs2Iqc3WFUwxKT5wZDIt5elpd9sb1tALGXQKJWkDbx
YrcslxP9vNfdvNJe12Sf5EafWJb3amww4emSCcp2ZR6D1OpGtrp0ZLBLfSfn9ZwucN2JalsgjGnN
58gC6ATERl9t48e00F4WQDw6O69RT8/zDE6pfhnfrMumZa+u3xKlDbCEbMddy7A/J1Vu0anmwuhj
TdF2E7w1JWqH/aEs6SUS+XrKcDAg8B39hk3of9M0EwajLLXgWASwrADZtKg70Ab9jxxAmBoTLaC0
WyJ6gZKAqEuBGFI0p3DeKJWqUgLOttpGkROp5gM61Olu6vSCiqTT86unz6A+onqqK8mGMGB3GCnp
/acqEjI0Rv0vQJJhv7Hlc+vriYy7+bRv2n5kFjZrumRdQLiifaZb9EYNFdCby6ZSyVt7hIXAFNUK
2vNFBU08emHfq8m+G6cojmNj1vDbPlvAT2i91celuDdo44EwejWvijY9k/mlyko1ECBJfc9+jqs7
9PyanZ+yw5/fnp8egd7B7YEGOL8CtaFiMkj34BzYw9WJlo8qP8Abqq3uSvD2n5+97OHr/m6w8j0h
w5djVDiQenUpQrxV/YRIp9E7oG+CXyacVGlKaGEvS9eTuy5LtgoheU52hzPXNF1Rrqb+9zSUDOis
9quu0VMeAUGkVWFW35moO1Om354iGpVCdHjUWDAH8nK+6VFKvJbvp+Jxf+o2k6vJJkE/NBBTwn1a
VB1Gj1TlOh1MQGS9aDG3Y3SkUQioH39TcobLbyhVDy4T46VUrXcsFbBY4j/lgDDCV2QUaKP6g2U0
LVzeTfqKfUS0YR9iIOP7pOpvsgAb/kORh6g0HyaT1wApYbw3dyC2v4x/b6hx9iY8cV4Jct8mS1TO
QH446BQMrunioRTmmEThhExU6qSHTWqjUZM2Di6EzCV1Csq8CWue3QAK7JMpEuUcWJ/X1apdqDgG
KDhbKGiDIAfe37QqJROxE5RGT9pkKxrF2vlpM+ALwzRqXkFj6rXphk09curLHLqzoySAN2E2OwAy
oVXeKnI71tro0rivTB28VjyjbhaSCbR6yoqW1bLLe7fRD5jv6YxOG46NCKkNQi4JE2ZcjFxQEugG
A1f0IG+qSx2cO1JzrZZVpaAtCwjZRuhkG/TQMyf4ieze0iYw7C7rzwgGOR3iwUR9XLQ5uQC9TRUp
xrIolkZWEcUQ6tYFNocN/nO8BjhstqRjmtL7bLtPLFCY4/N5Led6pKjnj2rMgv946GafP6IPYs3F
6QV+KjfRSUHVBxi+VlJ1IJz+7RxibIjwLQON+uc326E/5OmN5LslfpCklHNPqKBQta+NCSoh/G6A
ctkg3zzH2bwczvLGkByWCw5uITGy10hDX5dCxkhlDb3HBONiiclQ7fa5S2UOvjMb1J9wDJJtBzU4
1DYUW/sQpgGSltV+j+OeVhVfQ7W2WbHNIDobI1A8j1aPCQO1iGEcEdLQU1/qB9zGFoHeGWLoJff5
fK+TidKk8oDBLEnDAPCtlmc/NVroRRXi6k0noaMDDuGhWUuoDMrSDSB8Sd7V6o0LRpt+lKIiL8DT
0anPt1CT8Ub3aVBac/zyST9hAQQ0al1Ne6WpPbBRnOlN2XuqXKBoHdOQ7wMCpRZsm7yHb4KIDayk
awrwOEZRwQutSrYP5lGKz9Q+NtQxUPsN+smAVl0EDMlXeIkG9RMgohu4psqpW4xT9uLl02u1iK2G
xMnaD/qLjLEX3QFHpRw7d0lWt2MKuj/oSk+9axkOLZQTY6ID0eqZIu+01eWgLLFm6lvfru7jbt+p
1Zu3NBRUAA6kI0FvwZpeTpP+DQ+YgCrrD15QNCFUdH4HCNXFeuXjYGVC9eWg8KtU7S/vILY1uskV
N9gmNdTQQXCLM2hQ1qqQo3PIL5ACLZjKFMpVFJcEHyqjehOO8fXrvlLxPeXlVsXP6WUlva2bQdVy
cAXZ91QK5jIrmLrR1HHYu/NnzDZtC/f7F2onEgIsPBdVm5zsvNlk6mUabircE3S9EyuyIJHB4mqR
tXKC79WwICUY0CXpmuzENnFlznFGkMgTelKv8jZr+hZOZfHtTf+8vF2egJPAryTDtgnsdH1CGDdm
t8liJ8QKVbxYSJ80N2tK+ttltNzBKXyVfnJ69uLp25fXuKo7G3oBqLFSGkCf1M87ZepJiEuDUlxd
KUsoFcSm/4BSL5Pqn883+oiqIfHjJTUVOrH8Af4aok/PP/42cJIPDpic/IX+7Kjg1iclOIP72RIW
FaLR7/8DZjMUZA==
===END CRASH DUMP===
