PocketMine-MP Crash Dump Mon Jan 3 19:23:44 WIB 2022

Error: Undefined array key "THE_KING_IS_A_HIT"
File: plugins/MyItem/src/hachkingtohach1/MyItem/armor/Bonus
Line: 55
Type: ErrorException

THIS CRASH WAS CAUSED BY A PLUGIN
BAD PLUGIN: MyItem

Code:
[46]     }
[47] 	
[48] 	public function getDataBonus(string $tag) :array{
[49] 		$result = []; 
[50] 		$data = explode(":", $tag);
[51] 		foreach($data as $bonus){
[52] 			$id = explode("|", $bonus)[0];
[53] 			if(in_array($id, [
[54] 			    $this->bonus["LEGION"][0],
[55] 				$this->bonus["THE_KING_IS_A_HIT"][0]
[56] 			])
[57] 			    and !empty(explode("|", $bonus)[0])
[58] 				and !empty(explode("|", $bonus)[1])
[59] 				and !empty(explode("|", $bonus)[2])
[60] 			){
[61] 				$result[] = [
[62] 				    "TYPE" => explode("|", $bonus)[0],
[63] 					"VALUE" => explode("|", $bonus)[1],
[64] 					"EVENT" => explode("|", $bonus)[2]
[65] 				];

Backtrace:
#0 plugins/MyItem/src/hachkingtohach1/MyItem/armor/Bonus(55): pocketmine\errorhandler\ErrorToExceptionHandler::handle(integer 2, string[39] Undefined array key "THE_KING_IS_A_HIT", string[69] D:\FoxCraft\plugins\MyItem\src\hachkingtohach1\MyItem\armor\Bonus.php, integer 55)
#1 plugins/MyItem/src/hachkingtohach1/MyItem/armor/Bonus(143): hachkingtohach1\MyItem\armor\Bonus->getDataBonus(string[28] bonus|register:item|register)
#2 pmsrc/src/event/RegisteredListener(75): hachkingtohach1\MyItem\armor\Bonus->onJump(object pocketmine\event\player\PlayerJumpEvent#113587)
#3 pmsrc/src/event/Event(62): pocketmine\event\RegisteredListener->callEvent(object pocketmine\event\player\PlayerJumpEvent#113587)
#4 pmsrc/src/player/Player(1224): pocketmine\event\Event->call()
#5 pmsrc/src/network/mcpe/handler/InGamePacketHandler(516): pocketmine\player\Player->jump()
#6 pmsrc/vendor/pocketmine/bedrock-protocol/src/PlayerActionPacket(66): pocketmine\network\mcpe\handler\InGamePacketHandler->handlePlayerAction(object pocketmine\network\mcpe\protocol\PlayerActionPacket#113567)
#7 pmsrc/src/network/mcpe/NetworkSession(395): pocketmine\network\mcpe\protocol\PlayerActionPacket->handle(object pocketmine\network\mcpe\handler\InGamePacketHandler#113047)
#8 pmsrc/src/network/mcpe/NetworkSession(358): pocketmine\network\mcpe\NetworkSession->handleDataPacket(object pocketmine\network\mcpe\protocol\PlayerActionPacket#113567, string[7] $......)
#9 pmsrc/src/network/mcpe/raklib/RakLibInterface(192): pocketmine\network\mcpe\NetworkSession->handleEncoded(string[36] cWa.`..9a..>r.5"mN5r..+..9.....7....)
#10 pmsrc/vendor/pocketmine/raklib-ipc/src/RakLibToUserThreadMessageReceiver(42): pocketmine\network\mcpe\raklib\RakLibInterface->onPacketReceive(integer 0, string[45] .......1...s...IN.I..!.....^..VN...j.B.......)
#11 pmsrc/src/network/mcpe/raklib/RakLibInterface(122): raklib\server\ipc\RakLibToUserThreadMessageReceiver->handle(object pocketmine\network\mcpe\raklib\RakLibInterface#25148)
#12 pmsrc/vendor/pocketmine/snooze/src/SleeperHandler(123): pocketmine\network\mcpe\raklib\RakLibInterface->pocketmine\network\mcpe\raklib\{closure}()
#13 pmsrc/vendor/pocketmine/snooze/src/SleeperHandler(82): pocketmine\snooze\SleeperHandler->processNotifications()
#14 pmsrc/src/Server(1645): pocketmine\snooze\SleeperHandler->sleepUntil(double 1641212622.1883)
#15 pmsrc/src/Server(1034): pocketmine\Server->tickProcessor()
#16 pmsrc/src/PocketMine(301): pocketmine\Server->__construct(object BaseClassLoader#2, object pocketmine\utils\MainLogger#3, string[12] D:\FoxCraft\, string[20] D:\FoxCraft\plugins\)
#17 pmsrc/src/PocketMine(324): pocketmine\server()
#18 pmsrc(11): require(string[56] phar://D:/FoxCraft/PocketMine-MP.phar/src/PocketMine.php)

PocketMine-MP version: 4.0.0 [Protocol 475]
Git commit: 468faa464b2bc5c97f23fafbb71ea61035f6f218
uname -a: Windows NT DESKTOP-BVRHES0 10.0 build 19042 (Windows 10) AMD64
PHP Version: 8.0.13
Zend version: 4.0.13
OS: WINNT, win
Composer libraries: 
- adhocore/json-comment 1.1.2@fc2f76979f0a44a5f5bc2a2b600d0762fe0e78e7
- brick/math 0.9.3@ca57d18f028f84f777b2168cd1911b0dee2343ae
- daverandom/callback-validator unknown@unknown
- fgrosse/phpasn1 v2.3.0@20299033c35f4300eb656e7e8e88cf52d1d6694e
- netresearch/jsonmapper v4.0.0@8bbc021a8edb2e4a7ea2f8ad4fa9ec9dce2fcb8d
- pocketmine/bedrock-data 1.5.0+bedrock-1.18.0@482c679aa5ed0b81c088c2b1ff0b8110a94c8a6c
- pocketmine/bedrock-protocol 7.0.0+bedrock-1.18.0@040a883a4abb8c9b93114d5278cb5fecc635da82
- pocketmine/binaryutils 0.2.2@f883e1cf9099ed6a757a10a2f75b3333eeb2cdf9
- pocketmine/callback-validator 1.0.3@64787469766bcaa7e5885242e85c23c25e8c55a2
- pocketmine/classloader 0.2.0@49ea303993efdfb39cd302e2156d50aa78209e78
- pocketmine/color 0.2.0@09be6ea6d76f2e33d6813c39d29c22c46c17e1d2
- pocketmine/errorhandler 0.3.0@ec742b209e8056bbe855069c4eff94c9734ea19b
- pocketmine/locale-data 2.0.20@a6e4eb22587e0014f6d658732cf633262723f8d3
- pocketmine/log 0.4.0@e6c912c0f9055c81d23108ec2d179b96f404c043
- pocketmine/log-pthreads 0.4.0@61f709e8cf36bcc24e4efe02acded680a1ce23cd
- pocketmine/math 0.4.0@6d64e2555bd2e95ed024574f75d1cefc135c89fc
- pocketmine/nbt 0.3.0@98c4a04b55a915e18f83d3b0c9beb24a71abcd31
- pocketmine/pocketmine-mp 4.0.0@468faa464b2bc5c97f23fafbb71ea61035f6f218
- pocketmine/raklib 0.14.2@e3a861187470e1facc6625040128f447ebbcbaec
- pocketmine/raklib-ipc 0.1.1@922a6444b0c6c7daaa5aa5a832107e1ec4738aed
- pocketmine/snooze 0.3.1@0ac8fc2a781c419a1f64ebca4d5835028f59e29b
- ramsey/collection 1.2.2@cccc74ee5e328031b15640b51056ee8d3bb66c0a
- ramsey/uuid 4.2.3@fc9bb7fb5388691fd7373cd44dcb4d63bbcf24df
- rhumsaa/uuid unknown@unknown
- symfony/polyfill-ctype v1.23.0@46cd95797e9df938fdd2b03693b5fca5e64b01ce
- symfony/polyfill-php80 v1.23.1@1100343ed1a92e3a38f9ae122fc0eb21602547be
- symfony/polyfill-php81 v1.23.0@e66119f3de95efc359483f810c4c3e6436279436
- webmozart/assert 1.10.0@6964c76c7804814a842473e0c8fd15bab0f18e25
- webmozart/path-util 2.3.0@d939f7edc24c9a1bb9c0dee5cb05d8e859490725

Loaded plugins:
Alerts 1.0.0 by hachkingtohach1 for API(s) 4.0.0
BuilderTools 1.3.0-beta2 by CzechPMDevs, VixikHD for API(s) 4.0.0
CraftingTable 1.0.0 by hachkingtohach1 for API(s) 4.0.0
DevTools 1.15.0 by PocketMine Team for API(s) 4.0.0
EconomyAPI 5.7.3-PM4 by onebone for API(s) 4.0.0
FCCore 1.0.1 by hachkingtohach1 for API(s) 4.0.0
KeepInventory 1.0.0 by NhanAZ, KhoaGamingVN for API(s) 4.0.0
MaxEnchants 1.2.2 by Xenophilicy for API(s) 4.0.0
MultiWorld 1.7.0-beta3 by CzechPMDevs, VixikCZ, fuyutsuki, kaliiks for API(s) 4.0.0
MyItem 1.4.9 by hachkingtohach1 for API(s) 4.0.0
NPC 1.0.0 by hachkingtohach1 for API(s) 4.0.0
Netherite 2.0 by Wertzui123 for API(s) 4.0.0
PlayerStats 3.1.9_BETA by hachkingtohach1 for API(s) 4.0.0
PureEntities 2.0.0 by LeinneSW for API(s) 4.0.0
PurePerms 1.4.4 by Vecnavium , 64FF00 & ProjectInfinity for API(s) 4.0.0
ShopGUI 1.0.0 by hachkingtohach1 for API(s) 4.0.0

----------------------REPORT THE DATA BELOW THIS LINE-----------------------

===BEGIN CRASH DUMP===
eNrtXHtz20aS/yqzdOoi14oU3gSYssuyJMfayBLPku3cmj7dABiQiPAKHpLobL77dfcMQICSHSfR
1uYPK7FFDGZ6fv3uHoD+ZRTlZcrry2tRVnGejWbW7qiOUzGa6Y6lG7rhGNbEdVzTMHZHTSFv2drE
MKdT13Mdz9Rca7o7SnhVH5VlXo5mv4zqdQGzRnR9dBsIWAakd0epqCq+xFtvslBEcSZCxsuSr9mV
WLPF6OLl0eUPx6ffXx6fX+5fvjy+WIxgVdQkyYs4wWWHs8XiRX57UPKoXiyKpFnGWbVYvFof1yJd
LKoyWCxWPFhdxdmyzvGTvrnLyzQvF4vnedZUk2JVIGlJVhHakzP3gMzeFpX2FtHYIxKwPAEOQBo2
iKzkAXx8P3qksT9Ebce2H89YkQdXok6B7GIhUHornoWJANQky4u8k+ZLeWM2kzN24qwWS1EyY5dV
dQlbvTe9D+yLxdytcmDVg0p5l7XQgEOQ2SP9DwpIt0yQ0BftO366FPUhr7lcqVgz3A/Mx4F/lWIZ
VzVIL4al3RWhM1iRIiD8I65FVu+9VrdFeIK/M1HuTO0vR5Jn/2jSYif3fxJBPVQwkkf58jVqeE6/
cfIR3nik66btTgmUeQcUTdlxjG2bkSTvQh4/DXiSyFV/CorVgyKn78nZO7phWPfDISISwQ4RsXtE
MlHf5OXVXhoUYk+Z+95x9j1PxZwjKWXpO7bubJEfwh0//QkFTRs4agPYOAQD2iza80VYwtW4KPM6
D/KEMEgC+wE6ltx0x9neTOFcLBAo2r9yzHugjp/Ku32y90l9i2QLqWWoj4dU4EgVTD8lvVN5cQ5R
Fnc0PfvzPHxuw5aHL8D9OVEgbs2SuN0vxW27n8c9nN8iRX9XynsQWXchcfqBfTOhH2LD+xQbJb9K
Yn/vNb86if1jCHplBElhR/eMP8LOURbkoQjb4GU6H1jwjk/+bzLx+GTytJzYi1F6apeTyd9hiOBN
O4y69kkHkCjHcSE5kGgv8jeVKC9WpeDhK5mkX4tAxFAV7Fi/AV8ShKAz5Bsjn5SnotSlKK2TrGV/
YFKyEx3+VPDn+HRyPJn8jcb+dzJ5ewq/f5o8n/QUoOu/VwMGstDiBEav0VpBAi3oz7D/O/zgE4J4
ZNi65UrkxifVUmV5/lEQS+eJEIUo27inG+YfVMAXrPklSPKqKcWvMm7q5h8A6G4biJy6WAznAR6I
vCDd07yOozjg6HGV2refVs5JQTtQf9pfSLjC6zdZHSc7Yd74iWBd8WpMdNc15Sb2PZto5nbSknfG
T+s4uJpLxHmpYDo9CnNa8wrW7Jia/gkil5cBMFmXTdBFpee8EgdQLlcnOQ8hQkLFdo9tNcAM1lw8
zk7yJbjNI7NzG93YrtG6W4b2yfJNcjD9BAd3crd0E8W3Ct07OvJZip+buBRtZLIhMhUrXs729g5n
e+3GPeLjV/MJTtjaE4vDx6MPv+6OxL+pb3iY4h4AShKXcXadJ9cihWoG6IYgg6AetXdhRJKBEYzc
yI/lwCiDn19h0JrCxQIXWC59KsBS44BFTUbJh91Ts7Jvar58zGbE7C+41KOli/qbUlRNUrMn7P2H
7xjcsbX2TghEYFzcFgng2FmMZljfE6XvcKKuJkLnJ4D9HbmAV+wbqo4f4z62oSYBvTgcUPsXUZNT
32sfiKTZzY4jiPOXhHcHVu6y93jf6u6jNL6pVzFUxkTi/WJ0cvT98dnpYvQBqO3ibLubDbsP596j
aVyGq5xu1Qc0Wns62BNCBfubSIt6vfNJVmiZ29v8txfpcpH3uxYZtMjRukUkckfvsy3V+/4DKhhv
Gr2byA+I4n/mR4sRe/L007pBaTpmbyX8N3q7f/Lm8wt1udDaWnj09uj04rMLDVSE01cfmMevX7vj
r93x1+74a3f8tTv+2h1/7Y6/dsdfu+Ov3fHX7vjLuuO2u6ywndwHddb0KeP4GK4d2B11T+9G+kSb
aDDCm3qVlxUW3VulGBLlRYx3LJoM1yLjYBfhaAa6ELujEOwnC3Ex3KvyqD7sD6Scut07FZ5E0/7G
DhpUCBPnZ+cX785enxzC0I3wKygrcXldFxVI5YbXwapaxfXkRgg/WU+CPN3DpuF5EydgARd5nvR5
HgwPOTcn2tgXNTeG/B98FMFq/upQXOOCt/FtfPXy8KGkECDxIg2B+GLhS2w1YoMSd4j0i6SxjOtV
45MMerD3BqRANmREIPsLBNwTznD8L2IXA1Bbl18iFxALiDdOgnI9qda1qCYQrvdCXq38nJchGQtI
adtQuqGhGHR7Ww4bp2MXgqcPJYd2/8Wih0Qxe36x//rizfy3TGCDbK+jAcweQdTM0/X+/LjHbm+w
z7ANdY85nr+yhjznmYBmTzwUr4oc9DQSBdCExqaP6LNaRqZeHBzkZd+W1cC2Eev/GSOWaNrfD2W2
P0BmPs6wAczLdY/34fhv+PEp1GD7/4SxH1Y5hx4DYL89fShBSOKLxQCRzLx/IKYpqMD5K34LNTxc
DhJaf3TItTHZiuo/iiwvVnESB+uH4rVHEjnsoAwuvsSWXzVJHb/LyyTs87YZHLI2VWnL/M20dfBP
eh1m3dRVcxXD5yuexPFV9W9JZinivUG8wH8f+59JZD1CKCd5YN6TUXuC3pePNfH+Mz7fHll1qB7E
50/nBz2O8eovkqcByu9z7E+WbtCzr0RJkzeMdmN9do1tZt9B+fSxiaGteyg+NxTpMEGC+MMRbENt
b8MRsCwPSs5rPohn/dE+2yZ09N7l86OL/f+Mqnu4Bhd/WvNz6JaPoNWsYzGQQ394S//bFnAi4iwT
5+8eivmE6EGrBxiEwgBMDxH9vrqshbg3oKLYn4sy3eZdjm2Hta2a7K0IMn4dNynbZY714oWmsf9i
0GNj93ucRXEW1w+W6i7lBlIOhK738UtS3PkqL75/0y9A25G/SDRTcLoPDxO+8WEwL4HhWmw3D20j
Txzc1iJDGZAhyMJ25GL1ikneD1Jer/ojAU+AI1jbH8vTyzCvAcFgVD0j3ww0ZdK/Dnk9uB/FCWDt
jyzTon+5Avb61zGU7df9gZ8q0mV3nfrybGMwlkPXi7Pgmiq1Cp+Dgsz6k4pgKIfXIkoEHS33RyuS
aDUcCsEt+iPn85PB9uvq5yTDzdQn1t2q8yuRxR+HIri9VVwjXOwo1jxNKBwZdPkxLmSz6E1svExi
v78cLm/TodRzhGdomqnrBpYr88OzAethfknQtgdhKB4qLAfjrqrBxPM4LRLx46sBz1sI4BIPaLf4
TJMbzFCDwaKmo1yUsKX8c77asr1Vk13RIZtBQjJJKvHSjzOOjQokMGPioCTEtUhCX01CUuA7RZ2r
AUMKKwRFS7NEeeOszVna5Wav3n18dyPOonxgt+EdlccDKyFRmv2hUoB7oB8uG2mLLf1/gruxs3kA
saInfPTuVaH2xR3x4SBP+sG87+7oyrwSm3fnO3nSQdBoZmimAWKrLiGqjGYRTyoIZ+3DldHMmtqw
R4z+bTluxLnlWL7hB3bgTSPDjHjk+1NdcEfXTDtyIkN3gXajoLyLszC/qdjpBTs8Ov/h4mw+fv72
9cujc43pgIIRBqZ7mmWwnXayrj1m+68OHUw9+Ap8T1YfBTmQ1ZnJqrjMUSfvjk9PL9Aw8eKGqiaI
TUVeifISlFvyUiV7Hq6AsVLsYcQYwxz1poyOMeFZFBjR1PGmXqRxy+J2ZPuBwQ3f0bRQmzpGJDQx
dcUUxVfGwdWeCpLaxJuYzwJuT0PdjTTDjVwrmk6nvqE7bhDqnq77WiiEYVomFxQBQSEQfSBR40NV
nwdX42tolCAy4mtGIMCrLL/JnqnfaG3LMq8qsQcs8yrD9zCuDTTnZ4ZmeJ5mmgHI3zI1TfiO7Yip
cIXrBpFthHroOJ6Fu0KcLkUleBmsiP+UFwX53TUZxTPX9wPN0LkrQt8QFp8KbkQuD62IeyLwwkAY
UeC74cA5ugey+IoOSdKeaH9vB0GuoL1nlmsEztTj3Bah5rt6oAE4w9ejCK90jXtW4HInuJ/yxhxH
UwS6TV2zNO66Jre477uB53sQ4azQNqZu4NuRCALHtEPuGlvUKVBsvNpAAwAyQg8iT/M8ETp8ak85
oAOrsH0TfqCSNIIw8oaU7lUh1hXmM8eaulMLTMpx/ICDRG3XtQ3LEK4dGGZg2MINbJtvQQvw6UKS
q1CJ0ECEnuCmZnqeKaIw8k0vCE3NEIZuO6GtAWnX0Dywzi1KeZJvaGieLxxw1nAKnipMM3RcHQzH
Cw0vMIzAcgJ9KvRwC03/PZY2ij4TwdQyfNzS1WzH94EhW3O8wBJRBMr0pqYluO75Q1JJjmVEaypY
WRvaM+4IC+Rq2O5UaJpuRU7owGfTCCLHNA3HmEKgcUNzm9SSwFgIxgk83Qg00JttBy5wYOqaKwIw
/imYgxNZmhVo1l0K416ikaQcPZoiU0FkgsYCwwJs4PYGD0IwCFfjOniBGWz5QBcHiEToWMKwbdsP
DeGhxRuWPYWAYIewOAp0EzB60ZaxZ37dCddzA4trlg+W4em2gJjimqHpa2DbIChwTJ37oH59SGHz
cUzlk3Tq3xG27zxkltnIAscQJncdXQdbnmpCjzj4lGPY4Hg6BDvLmgoIHT4XwX1U8FF1W8c88wyD
O5ZlATNOMA05hAT83zUNXQPbE4E1NV0utuQrnxu2ef6ZxgMXYjXYvB5Yusf1CCQO/gVO75o2xl/b
EwYZHxTClVijH2zqODqqexbAz9QSwham4UJR5IMnWZpv62DPQoC9+b7jBBrfEGmaWKYfiLyQKzyQ
YeTbpus6nh6FU3MKdmFZYeBboQOrg8iwwgiXr5q04rxdfze4V+s0yrM1aDBZQ1mRjNsS+hqgmqTE
IPTsqTcVHkQf043C0PA10/FMCHCQdwSoVwPjuo8WZAxX62jpzyDcapCHRKhzD4IAB2oeF7oBsR2S
B2QszbCtqf9JWnoPl3DAKLzIDNHOI0hBnuWCr+paYAUmgDLBeT34W7Yxaf6Rl/UexDZRqqSLFup4
jhVMwRpczXJ1i7uWAUYgNNBxqNs+97VId8GhBkQK8LgxBm+KI4gl9EwvmooQfDYAk/B9L8Ccawe+
ZoeQDQGbp02BDHVInW1N1lSkPmJ42sKgsYjiZVPSs22GJR6L8pINaqpF9ohdrCCRskrU+JioYrwU
rF4Jlmeigg+8ZgHPsrxmvmBxFiQNBA/4wOQz2QkkNEi81OUDrfM8hZUREtimWfFI7LIcD3EqJMl8
iFZXbJ03paLF4oil0HtEMe0AtQ2+8puskfCpuOnIQdcY8SapK3aTZ9/WDFM/Lxl0vTkErxhT2BoR
4rusku+blchYUyxLHgKBySJbZC2x2SJj7NG7FZ0usTqHXaBWBRLqKTbIAKqbCgvqUN4mqDL6M5Bn
ImqSF7aygWAyueBIipRB4oEYJxxL4qWYMapK8Ua1amqoEbOxett6xhYj+aCe4WsQIlyMCNl+kuQ3
LIkrRNu+rciuY87+uxHlGuf8jB/G6taMYRtPS4+osVdr6JVcLBcZaAyEgtT8NVOixPnyHGDc3e6B
ffQOPAYsAuTKw5DJt2UrKVZ8NYGlguObG1iBMhC6LxA0CEf83PAExbaMr2EuFBWNYDtqU2Zoj5G6
3FGMS1FAXzsGseM7BjO4TXufNqkPUgGr2q/WWXDBqyuGr4+AHU1owhuQFpl2yylOW5V5ljegPZhe
7TI6WWeyw0B/2GVYVJfyNSeSDfgjjqVNpl4HkcTPSb3AE1hZmd/GYGECxAAskeVmHTiUrQJ0HKGt
4hy0yV0W19+C+OqSloWixvcr0GS2FrMd4KEBvzFILMTGWHE6I1LbtsrJOMomy1CdIXaHeUFKoHak
mrBDca0+szRersCZS2jFd/vOpwwHJVKWTVHLUSkwFEwK2BRfpFxwSuo1QukQ/DqPQ4B9PwK0EbQ5
KPhjsK5Jz9Bg8lhO6ixtkaUCtltLp/w+yX2wHjyDYnIc/CCNa/TtVCy5T2dG7FyKWiPhxhU99sbl
F6i1m5gkTxYFTnszloRaI6uIwygGiBCR6BVRJBOVQrRbSiMHbTXopmyZg6JydFO0CtxoSTDHBG3G
NOQCdqcQLCuyvzwHeKj3Ofwr6Ob/HP6qzguCoMJnB0mRqxiEjwKzadgBwl1bVDrUnQoYBYF35BUK
X/XtAyAkvyBIGDFY0EDyySD5MHErgoaCby4hS4/EZNXNFreBEGG14UgGrrOLoxm7eHl8zk6OXx1f
sP35/OT46JzNj16zd2evfzh6vctgErs4g1lH7N3Ls5MjNn99dnB0fj7ZDgEDeRi2o8QxF2WcU0LG
QFwhg8FKUEgmaXTBVgfZQ0kQUmyhKWMIhUKGWSJ1kGfAJwRosCbk91PGJo3sZoWZFWSCIUhOI8qS
CITeTSCXGYn2OMMcgnmeFkzuzkZbUCfSoLZCBFgOSMkiXKlXubbjAcxLFNWGVVNTvFaP74ekODcV
50te+uAZ401lTQHofumSqyEctYqpVRC7U541VHz0kUBh1oANPt5tc8K2EbZmKNNrBE1+LflNNy44
YWcy5kuDh+ohb5KwwxJDErnJ2AZ/JQkXBB8YdTRN8Qq7vaBgcSdJkulICh1vUZmnbbKVq9WMcd80
+xpGbpQm79gGu8ekBtZx3haMqLISdkIzVIYcNmkhqytZwjF1Y4w3Wn0d4iS1gLATzJYD/NbVjQBn
5/cIGJI2JD7Y4RqMrKoagYGhXoHWlm21iUELd9ug2m0VKWsEVVROJBqc+kk5pfx2TGexVYv9gBc4
GqdNCjkW0muJxGueQVUJimTyGwYSxUau6C9KlOQxd20Miu1CIaINx1gFN5B0rU5jh7m8tW3TWBth
1JP05eTWhSQtNbHPGVUOYzrr7Xg7BChUq0D5iNIDdLLAkFQKejebyTWSww13sEzJU/LT7oyTN9Uu
CjDBNkDR/Typz9nhIlPvJ89UioDSbJUnssT08VEsVeIEucJvFDGVZCi2yc5H3ZWpxRddsSnT26O+
ltpbGFbLdY3Ed9lY7ymQlEcbj+sWjEoBFLU3dSw9H8ASMpScYy9DhT4uhkEFa8JeQi0ItvSEijt2
MH+zC2sBgw/+dROHYPZUK8jo2dEfE/0Zc9qye1ORVySd3twJ2w8hUK14Eu1BKynbhFCADautYFOG
54JoYD1H3KS9HrF+K3J0i1ENS0yeTBiCeDPP5m2xvWkAsZdAUDeQNnFhU2TFWF1vdTevlNdV8UfR
6RPL8laNFSY8VTJB2S7No5daLc+Qix5P2FytSXi5pAVcdaLKFmjHqORLZAF0AmKrioQqFmwvUwCP
zs5L1NNBEsMs2S/jq86iqtmrizeEtAKWkG2/qRn256TKzXayuZi0sSatmzGumhHafn8oMnqIRL4e
MTwYCPCd0Y5N6H+jKA4mjLLUimMRwOIUZFOj7kAb9I8aQZjaJSygtGsCvUJJQNSlQAwpmlM4r6RK
ZSkBc2tlo8iJkOcDKtSpburwjIqkw+Pz/edQH1E91WRkQxiwG4yU9PxTFgkxGqP67nDY7zc2fG58
PRR+s5y1TdtTpmOzpkrWFYQrus9Ui17JQwX05qzKZfJWHqEjMYlaUjtY5dDEoxe2vZpou3GK4vQl
4Ipft9kCPkLrLb87hvd6bTwAoyfzsmhTZzI/5XEmDwRIUt+yH/38Fj2/ZMeHbOfHN8eHj0Hv4PaA
AebfgNpQMTGke3AO7OHKUMlHlh/gDflGdxl4+4/PT1r6qr/rjXxLm+HDMSocSL2qFCHe8vaESKXR
W8A3xhcTnuRRRNvCvThaj2+bONwohOQ5Hh7OXNDpinQ1+e9nSRnQXOVXTaVOeQIIIrUMs2rNWK6Z
MfX0FLeRKUSFR7UL5kCeLbseJcNlyXYq3m1nXcfiZtwl6PsOxKRw99O8wegRyVynggmIrBUt5naM
jnQUAurHz5ScYfFrStW9xcR4JmTr7QtJzBf45XIII/yGjAJtVH0fEU0Lh4dJX7KPG3XsQwxkfBuq
+pIM7IZfXb8PpXY/TF4CpZDx1twBbLsYf3dozK0THj/JA3LfKg5lzkB+OOgUDK5q/L4UlphEYYYI
Zeqkiy610VGTMg4eBCIR1ClI86Zdk/gKtsA+mSJRwoH1ZZnf1CsZx2ALzlaSWi/IgfdXtUzJBHaM
0mihjTeikawdH1Y9vjBMo+YlNSYfm3ZsqiOntsyhNQMlAb0xM9gjgAmt8kaRm2OtTpeTu8pUweuG
x9TNQjKBVk9aUZEXTdK6jbrAfE9zVNowDdyQ2iDkknbCjIuRC0oC1WDgiDrIm6lSB88dqbmWw7JS
UJYFQDYROtwEPfTMMX7ncGuoCwzDYfUaQS+nQzwYy1fJupkr0NtMQpkUaVpM4pwQQ6hbp9gcgivX
eM4aVBvomKbUfba5TyzIf8dhuSzFUh0pqvNHecyC38K/2uaP8EGsOTs8w+8ujVVSkPUBhq8bITsQ
Dk5+QztWBHzDAI1Neof+kKc7yTcFvpAklXNHqKBQeV8ZE1RC+N4A5bJevjnAs3nRP8vbheRQrDi4
hcDIXiKGti6FjBGJEnqPMcbFDJOhvNvmLpk5+OBsUL3C0Uu2DdTgUNtQbG1DmCJIWpb32z3uaFXy
1VdrHaebDKKyMRLF+Wj1mDBQixjGcUM69FSL2gPuyWYDdae/Qyu5z+d7lUykJqUH9M6SFA0gXyt5
tqdGKzUoQ1zZdRIqOuAhPDRrIZVBcdQRwofkTSmfuGC0aY9SZOQFeio6tfkWajJeqT4NSmuObz6p
KyyAAKPS1axVmrwHNopnejP2nioXKFp36ZDvAxKlFmyTvPtPgogNrKRLCvB4jCKDF1qVqO/NoxSf
qX2sqGOg9hvfbAesqgjow5f7Egb5ESiiG1iazKmbHWfsxcn+hRzEVkPgydp36o2MXdu7BY4ysWve
hnFZ71LQ/U5VevJZS//QQjoxJjoQrTpT5I2yugSUFayZ/PJlU7Zxt+3Uyu4pDQUVoAPpKKCnYFUr
p3H7hAdMQJb1j15QNKGtaP6ACNXFauSyNzKm+rJX+OWy9he3ENsq1eQGV9gmVdTQQXDzY2hQ1rKQ
o3nIL0CBFkxmCukqkkuiD5VR2YVjfPy6rVR8TjnfqPiAHlbS07oFVC2PXpQxOxQBMyxmGDPTntka
e3f8nBmaoeOE9onaEwERFq7TvA6fDB5tMvk0DW/Kzcfoe090T4dMNhy8dmjYxGHVLMQFDIKxw8jN
Kq7FGJ/AYelKm0E/paq3J4aGI0uOpwmheEJX8qFfN6ZW4fktPudpr4vrQu0QxthggUWvnxC0zkC7
fPeEeKbaGEvuJ/KLIuWmXhZhbwo+cX9yePRi/83JRY8nek6otqRsga6rrgfV7BMXh3oVO00Z/fr/
MOJo8w==
===END CRASH DUMP===
