PocketMine-MP Crash Dump Mon Dec 6 09:10:45 WIB 2021

Error: Declaration of hachkingtohach1\PlayerStats\task\Damage::onRun(int $currentTick): void must be compatible with pocketmine\scheduler\Task::onRun(): void
File: plugins/PlayerStats/src/hachkingtohach1/PlayerStats/task/Damage
Line: 24
Type: E_COMPILE_ERROR

THIS CRASH WAS CAUSED BY A PLUGIN
BAD PLUGIN: PlayerStats

Code:
[15] 	private $player;	
[16] 	private $entity;	
[17] 	
[18] 	public function __construct(PlayerStats $plugin, Player $player, DamageIndicator $entity){
[19]         $this->plugin = $plugin;
[20] 		$this->entity = $entity;
[21] 		$this->player = $player;
[22] 	}	
[23] 	
[24] 	public function onRun(int $currentTick) :void{
[25]         if(isset($this->plugin->damageability[$this->player->getName()])){
[26] 			unset($this->plugin->damageability[$this->player->getName()]);
[27] 		}			
[28] 		$this->entity->close();
[29] 	}
[30] }	

Backtrace:

PocketMine-MP version: 4.0.0 [Protocol 475]
Git commit: 468faa464b2bc5c97f23fafbb71ea61035f6f218
uname -a: Windows NT DESKTOP-BVRHES0 10.0 build 19042 (Windows 10) AMD64
PHP Version: 8.0.13
Zend version: 4.0.13
OS: WINNT, win
Composer libraries: 
- adhocore/json-comment 1.1.2@fc2f76979f0a44a5f5bc2a2b600d0762fe0e78e7
- brick/math 0.9.3@ca57d18f028f84f777b2168cd1911b0dee2343ae
- daverandom/callback-validator unknown@unknown
- fgrosse/phpasn1 v2.3.0@20299033c35f4300eb656e7e8e88cf52d1d6694e
- netresearch/jsonmapper v4.0.0@8bbc021a8edb2e4a7ea2f8ad4fa9ec9dce2fcb8d
- pocketmine/bedrock-data 1.5.0+bedrock-1.18.0@482c679aa5ed0b81c088c2b1ff0b8110a94c8a6c
- pocketmine/bedrock-protocol 7.0.0+bedrock-1.18.0@040a883a4abb8c9b93114d5278cb5fecc635da82
- pocketmine/binaryutils 0.2.2@f883e1cf9099ed6a757a10a2f75b3333eeb2cdf9
- pocketmine/callback-validator 1.0.3@64787469766bcaa7e5885242e85c23c25e8c55a2
- pocketmine/classloader 0.2.0@49ea303993efdfb39cd302e2156d50aa78209e78
- pocketmine/color 0.2.0@09be6ea6d76f2e33d6813c39d29c22c46c17e1d2
- pocketmine/errorhandler 0.3.0@ec742b209e8056bbe855069c4eff94c9734ea19b
- pocketmine/locale-data 2.0.20@a6e4eb22587e0014f6d658732cf633262723f8d3
- pocketmine/log 0.4.0@e6c912c0f9055c81d23108ec2d179b96f404c043
- pocketmine/log-pthreads 0.4.0@61f709e8cf36bcc24e4efe02acded680a1ce23cd
- pocketmine/math 0.4.0@6d64e2555bd2e95ed024574f75d1cefc135c89fc
- pocketmine/nbt 0.3.0@98c4a04b55a915e18f83d3b0c9beb24a71abcd31
- pocketmine/pocketmine-mp 4.0.0@468faa464b2bc5c97f23fafbb71ea61035f6f218
- pocketmine/raklib 0.14.2@e3a861187470e1facc6625040128f447ebbcbaec
- pocketmine/raklib-ipc 0.1.1@922a6444b0c6c7daaa5aa5a832107e1ec4738aed
- pocketmine/snooze 0.3.1@0ac8fc2a781c419a1f64ebca4d5835028f59e29b
- ramsey/collection 1.2.2@cccc74ee5e328031b15640b51056ee8d3bb66c0a
- ramsey/uuid 4.2.3@fc9bb7fb5388691fd7373cd44dcb4d63bbcf24df
- rhumsaa/uuid unknown@unknown
- symfony/polyfill-ctype v1.23.0@46cd95797e9df938fdd2b03693b5fca5e64b01ce
- symfony/polyfill-php80 v1.23.1@1100343ed1a92e3a38f9ae122fc0eb21602547be
- symfony/polyfill-php81 v1.23.0@e66119f3de95efc359483f810c4c3e6436279436
- webmozart/assert 1.10.0@6964c76c7804814a842473e0c8fd15bab0f18e25
- webmozart/path-util 2.3.0@d939f7edc24c9a1bb9c0dee5cb05d8e859490725

Loaded plugins:
DevTools 1.15.0 by PocketMine Team for API(s) 4.0.0
PlayerStats 3.1.9_BETA by hachkingtohach1 for API(s) 4.0.0

----------------------REPORT THE DATA BELOW THIS LINE-----------------------

===BEGIN CRASH DUMP===
eNrNW/tv40aS/lcangUycyfJfItU4GAmY2dj7EzsG3tugosXRrPZlLimSIUP28oi//t9Vd2UKI0T
4LD7wxlBIvajup5fVTWZf57kdbOW3f2jbtqirk4WweSkK9b6ZOFGfjwPoygIZ67vhBEm+o2Z8sKZ
E3heHCRRGLqh688nJ6Vsu4umqZuTxS9/n5xo8/OfJ912gx0nF/fvrz5eX364uL/49Onq08nkZK3b
Vi5p7lyrUjayw/mizsVKqtVDUS27mn65d3fXpdzq5qaTXXt318n24e7uXK6xd7Goq0999bqoOvEX
1TeNrrrbQj28WYjHusjEum87kWqh6vUG5NNSi6eiW4lNrR50ty4qfXfXqpXO+lI3d3e3ID2QtCTA
Z16UxOSm7JdF1Z6OmDltG3V6xO3BPPF6algFoRLnQXfB7xNL7L6oHuvyUa/BNk7Iikar7mSYxciI
FoZVnWnSqBti6q7bNMWj7LT4y4ZXfXtHW93ocA6Ui25r5+Y8R79is6pPy0KJvK8U6/7+XtVV2zW9
6l6PjqYTiKGJMIPDiRNhRLusskLJrm6G4978k85IcIawf3/pVkU7/c7QEWcDxW+xznOYl7vOrjEk
aI3lnda4h2vM+YYOy05rPF7zOwvo+YOoXvCiqH/gN2JBRif2vXDEfpG/LtpWd68P5Jh+l7H8Mi1K
MPrLAXPT75a6+0mu9es3f3/DCvEiK8Rd11f/AjEWdm5p/W4I0lD8kh6n36mybrGPdyVGRfjpk9ZJ
V3DGrpFKm6i1Tk5edq4fb+u65N+VXJs4tUOTkx1cnLgzF2iAIdl3q7rB+l9Orjm+PsLfxa2W6xNQ
lpuCZoKZg8WED5VEOGYnC7ibnpxkeqOrrDVctHXenY8H1pLDYTgf4b/npKwlqJzc3L77dPv5GgNP
Om2Ljvhddd2mXZyeLhHzfToDCpzuOTvd0YAKxoG2l/cw/PYi+zN3ltx/f3H77lDsIyj4d4n953h4
yKTVxvXVze2Xq08fzl/Ux5Ps1KpdFd3sSeu03LJmTn4nXAIMr3Wnj804/Xg926xkwyI8d7oiTbCq
3tcNkY4hoOvjtFQhm6zGI0qWEAl7x2P1+j6ru0p3B6M2V+wH+qYcP2eyO5gHNIPX8chyvRk/rmR7
wEsBgHscD/yjZYvuntcp8A+6Phirm45X4XnmYaDtJAmUjRdt1KEePum81Iw149GWNdoeDmVFvx6P
3Fx/ODh+2/5aVnSY/SV2U139oKvit0MVPD9bqYldFwNbuSYtejOPH38rNiZsk1lIj2WRjrfj8Xl9
qPWa2PMcx3ddQAii5fzqQPSsvmfWjgcxVBwarIZ3t+3BwptivSn1zx8PZD7iAI+NltmRnOvyqSmO
7L/pVrSSNGxiDtyujnxv1VcPfVeUrcdK8lkrxTItKtlsOby9WUSa0I+6zFK7iEipZrvpajvgGWVl
MLRxS9I3rdpXF/f7s0bzVFAUVV4f+G32lcmLAy9hVfrjIRQLPSPSsje+OND/H4SbuLpWAIuR8im6
Vxt7Lp2oK93Icgx343CnUJat3teFO32mfVHiOM/xPaitvc80IiqXZQs82zR1V6saVIN5iDMKiu8g
inMpgyhIvVSFKpnnnp/LPE3nrpaR6/hhHuUeahIUmJaVL0WV1U+t+OlWnF/c/O326nr6/X9/+vHi
xhEuuBDMg3ATVKHi9bDYdd6Idx/Po+CERR3r6jfNARTs3GS1ua/JJl8uf/rplhyTHp4At4xNG6TM
5h7GbWRTaMY5ma0gWKNPCTGmWGOLNpcw4W2uvHweJfMkd2QQyDAPU+VJL40cJ3PmkZdrR89jPSf1
NSg0Ti1IOrNk5r9VMpxnbpw7XpzHQT6fz1PPjWKVuYnrpk6mtecHvtSMgDAI0AeADVwtU6kepo+y
LDKqv0AQ7lbVT9Vb+1/ytmVTo3Y5hciyraiQevTInd96jpckju8r6D/wHUenURjpuY51HKs89DI3
i6IkoFOB041utWzUiuVfy82G4+6RneJtnKbK8VwZ6yz1dCDnWnp5LLMgl4lWSaa0l6s0zg6C4zTV
WYOnKXiXrEnUEf85DEKvsN7bIPZUNE+kDHXmpLGrHDDnpW6e05PryCRQsYzUy5T37ngyJ0aPqTuB
I+PYl4FM01glaQKEC7LQm8cqDXOtVOSHmYy9I+oMFPuo9sgBQEa7Kk+cJNFZJOfhXII7eEWY+vhD
nvVUlieHlF40IYIYPhEF83gewKWiKFUSGg3jOPQCT8eh8nzlhTpWYSiPWEMfBXitLVQSa1BhoqXv
+Eni6zzLUz9Rme942nPDKAsdkI49J4F3HlGqy3pPw0lSHSFYszkiVft+FsUuHCfJvER5ngoi5c61
mx1xwz3gCt5aWnbI7bSaB15KR8ZoKtMUAoVOlKhA5zmMmcz9QEs3SQ9JlTWVEYOrgKWZ57yVkQ6g
Vy+M59px3CCPsgi/fU/lke97kTcH0MSZf0xqycwExEykEtdTDuwWhiqGBL7rxFrB+edwhygPnEA5
wdcUpqNEY0hFbj4noVTuw2LKC8Abwt6TKoNDxI50EQW+OoqBHQ4wiSwKtBeGYZp5OiGP94JwDkAI
M2zOleuDxyQ/cvYq7XbKTWIVSCdI4RmJG2pgSuxnfurAt6EoBKYrU5jfPaSw/znl8skE9f8Btke0
GvlgCgogbYDA0L6MI9eFL88d7eYSMRV5IQLPBdgFwVwDOlKp1UtUpsVGDXXM28TzZBQEAYSJ1DyT
gAT6J/Y914HvaRXM/VjqI/22VV3/poc8/9aRKgZWw+ddFbiJdHNoHPGFoI/9kPA3TLTHzodCuNVb
ioN9HedyrCv8zQOtQ+17MYqiFJEUOGnowp+1hr+laRQpR+6J9H1h0g+QF7kigQ7zNPTjOErcPJv7
c/hFEGQqDbIIu1XuBVlO21f9upVy2P81uLfbdV5XW1iw3KKsKKdDCf0IVn02osqScJ7MdQL08eM8
y7zU8aPEB8Ah72iY14FzvUQLGSN2drTct4BbB3lIZ65MAAIS1BKpXQ/YjuSBjOV4YTBP/5CWO+JL
R3CKJPcz8vMcKSgJYsSq66hA+WDKR/Am+LfpX9b1b7LpToFturFJlzw0SqJAzeENsRPEbiDjwIMT
aAc2ztwwlamTuzEC6oDIBhE3JfBmHCFessRP8rnOELMKLpGmiaKcG6rUCTNkQ/CWOHOQ4Q5p51uz
LRepr8RHtGkCjUVeLHt7i0UlnsjrRhzUVHfVK3G7QiIVaP87dBmtkI0W3UqLutItfshOKFlVNd9a
FZUqe4AHfmBDg8Q/Q0JD4u1QkxCtm3qt6cKs+5pmK3M9ETVmmpZIihRo9SC2dd9YWqLIxRq9R17w
Caht6Pap3BLhn/TTjtwpClzZl10rnurqm05Q6peNQNtbA7wKSmFb4pBuHYzcTytdiX6zbGQGArO7
6q4aiC3uKiFefVlpYkx0NU5BrQoSwrRd0AGqm5YK6sxMM6sG/QX0WeqO9YWis1BamORCI2uiDI0r
PS0llcRLvRBcldJEu+o71IjV1F46LsTdyY2hzfcj2d0Jc/auLOsnURYtcSvsbYh4LKT4r143W1rz
K/2Y2qmFoD6et15wZ2/3CPAlqFwUsBiUQtTSrbCqpPXmImC6mx4x++oLIgYeAb3KLBOovIz6Sa1Q
+INYa9n2DV8bCig91cQ0lKN/7WVJalsWj1iLoqLX4rU9VHjOG6JuTtTTRm/Q106h9uVSNwtM89k/
9esUWoFXvWu3laIrURi+eYAfzXjBZ2iLXXuQlJatmrqqe1gPy9sJbUB5bjoMiocJ38BCEGolWDeI
Rxpb9xVdHWLUEL9h80ImeFlTPxfwMA01QCT23GrHHOnWMnSZk6/SGvLJiSi6b6C+ruFtme7g1ewy
R5vFa8jQI248VguLMbWSLpjUsa9Kdo6mryoyZ0bdYb1hI3A70s7EuX60v8W6WK4QzA1a8ck4+Kzj
kEaapt90ZtQojBSzBm9WLjYugpJ7jcwEhOR77b59mQPyEfI5FPx02T0bORoWT82inafdVWuN47Ym
KP9a1im8hy6hhBlHHKyLjmJ7rZcy3XbQuLgxqnZYuUVLtHn7LVntqWDNs0chaJ+mhtDgZC1LmBdg
EYgE7iumlTdaD0caJ4e1egpTsaxhqJrClLyCDloym1NmbSEckgKnMwSbiuz/vQR0q/dn/K/Qzf9r
/LddvWEWLHzuWLLkWgH42FA2zXYM0akDVy7qTssYg8AXjgrLX/vNv4FDjgtmiRBD2Ct4RLp+1qpn
8K0NyyYiKVntVutnpXXW7iUywHV1e7EQtz9e3ogPlx8vb8W76+sPlxc34vrik/hy9elvF58mAovE
7RVWXYgvP159uBDXn67eX9zczI4h4EAfXhhZdVzrpqg5IRMQtySgWmmGZNbGDmxd6B4lQcbYwkum
gEJtYJZJva8ryAmAhjeRvH/kbMbJnlaUWaETgiCzjCkbIoDePZCbjMRnXFEOoTzPG2ZfryZfsFfS
MNtGKyoHjGaJXWNXs3cnA9xLb9q9qL5jZW3fvMySldy3ki9lkyIypvvKmgHoZe1yqBE7dpewu4Dd
a1n1XHyMOUFh1sMH30yGnHDshIMbmvSao8nvjLzrfQjOxJXBfOPwqB7qvsx2vBRIIk+V2PPfGsIb
Zh+CRo5jZcVpPzBYfJUk2XUMhZ1seVOvh2RrdtsV07Frji1M0lhLfuUb4gWXOvCOm6FgJJM1OInc
0Dpy1q83proyJZywE1OaGOx1TovsBuad2RwkwBPSPIJdvqBgJG0kPpzwCCdr21635s1sq5dDtUmg
RaftuZoMhjQ1gi0qZ4YbWvqHelrL5ynfxbYD7+/lhkaLdb9GjkV6bYh4JytUlTCksK8YmYu9Xile
rCo5Yr72MRTbG8sRHzilKrhH0g12FjuvzdSxT5v3kgN9s3gIIUPLLhxLxpXDlO96d7KdgxWuVVA+
kvbAnSkwDJWNpJ5EmD1Gwr102Gb1aeQZTqbF+2qXFFhSG2Dp/jmpP/PDu6rSHRlsYVMESrNVXZoS
M6UXVVyJM8uomuBCNskwtpnOx86a1GJf91OxadLbq7GVhimC1WbbEfGJmLojA7Lx+OBpNzBjUwCj
9r6O5fcDVEJmRnLqZbjQp80YtGzNxI+oBfl1NRV34v315wn2gocU8fVUZHB7rhUMeu7oT5n+QkRD
2b2vyFvWzmjtTLzLAFQrWeanaCVNm5Bp+LA9CocKuhckBxsF4j7tjYiNW5GLZ0I1KjFlORPExOfr
6nootvcNIPUSxNQT0iZt7DfVZmqfj7qbjzbq2uI3vbMnleWDGVtKeLZkQtlu3GOUWoPEM5vezMS1
3VPKZskbpO1ErS/wiXkjlyQCbAK1tZuSKxZqL9dgnoJdNmSn92WBVaZfbtBM6bYTH28/M6ctRCKx
074T1J+zKffHmeZiNmDNuuuntGvB3I77Q13xSyT7qQtdDKAWQsE6iIn+N88LNROcpVaSigBRrKGb
jmwHa/AHO4CpCfMCoz0y0yvSBFCXgRgpWjKct8akppTA2s76KEmizf2AhTrbTZ1fcZF0fnnz7nvU
R1xP9RX7EAF2T0jJ7z9NkVCQM9rPWLJxv7GXcx/rmU775WJo2r4TLjVrtmRdAa54XtgWvTWXChTN
VVub5G0jwiVihmtD7f2qRhNPUTj0anroxhnF6dpYtPJxyBb4idbbfFpBc6M2Hozxq3lTtNk7mX/U
RWUuBFhT34if0/qZIr8Rl+fi9c+fL8/fwO4Ie/CA9U8wGxmmQLpHcFAP12RWP6b8QDTUe9tViPaf
v/8w0Lf93WjkGz6MXo5x4cDmtaUIy1YPN0Q2jT6Dvyl9mXBW5zkfi7ki306f+yLbG4T1OT28nLnl
2xUTaubbMKMDXmvjqm/tLY8CiHQGZu2eqdmzEPbtKR1jUoiFR3sK5UBZLXc9SkXbyuNUPBlWPRb6
abpL0C9diBnlvlvXPaFHbnKdBROobFAt5XZCR74KgfnpNydnbP7EqXq0mQWvtGm9U22IpTqn2G83
8omdgnzUUGfXouHDpG/Ep4N24gMDhTxmFbIozlpCI5++xKXzMpuyAaVMyMHdweywmf6748Y/uuFJ
y1px+LZFZnIGySNhUzhc26djLSwpiWKFzkzq5IddauOrJuscUildau4UjHvzqWXxgCOoT2YkKiVE
Xzb1U7cyOIYjpFgZaiOQQ/S3nUnJzOyUtDGwNt2rxoh2ed6O5CKYJssbasK8Nt2Jaa+chjKH9xwY
CfSmwhOvwCZa5b0h99daO1vOvjamBa8nWXA3i2SCVs940abe9OUQNvaB8j2vsWnD9+hAboNISj6J
Mi4hF0oC22DQiL3IW9hSh+4dubk2w6ZSsJ4FRvYIne1BjyJzSl8XHg3tgOFw2H5GMMrpwIOp+bho
t3IFuy0MK7PNer2ZFTVzDKjbrqk5RCh3dM+q2j3rlKbsvNjPswgMc3K5bPTSXina+0dzzULfsD0c
y8f8AWuuzq8W0MfUJgVTHxB8PWnTgUgE+ROf2DLjewF4bDa69Eee3mm+39AHScY4XykVBjXz1plQ
CdF3A5zLRvnmPd3N6/Fd3gTJYbOSCAtNyN4QD0NdioyR6wa9x5RwsaJkaGaH3GUyhzy4G7SfcIyS
bY8aHLUNY+sAYZYgW9nMD2d8ZVUj19isXbHeZxCbjYkorSevp4RBViQYpwP50tNuGi64Z/sD7Mz4
hEFzf57vbTIxljQRMLpLsjRAvrP6HG6NVnbQQFyz6yQsOtAlPJq1jMugIt8RopfkfWPeuBDaDFcp
BnlBz6LTkG9Rk8nW9mkorSV9+WSfqAACj9ZWi8FoZg4+Snd6C/ELVy4oWid8yfd3Isot2D55j98E
sRhUSTcM8HSNYsCLvEp3L+ZRxmduH1vuGLj9hn0K8GqLgDH75lzmwfwERQqDwDE5dX/iQvzw4d2t
GaRWQ9PN2rf2i4xJmDxDokpP/OesaLoJg+63ttIz71rGlxYmiCnRQbX2TlH21utKGEtthfmSuW8G
3B06tWb3loZBBXSQjhS/BWsHPU2HNzxwAVPWv/qB0YSP4vUHRLgutiP3o5Ep15ejwq82tb9+Bra1
tslVD9QmtbvP1PkLYFPI8TqSF6ygBTOZwoSKkZLpozJqdnBMr1+PjUrvKa/3Jn7PLyv5bd0dqpZX
N8i+51qJQLjzRZAsfF98ufxeeI7n0vzwQu1MA2DxvK677OzgzaYwL9No0pw9pdA7cxMXiQyDT6ui
01N6r0YFKdNAl2RrsjPPoZGlpDuCTJ/xk3mVtxuzu+hWlt7eDM+bx80ZggS/soLaJvjp9oxP3Lnd
LoudsShc8VIhfdY+bDnp74fJc0er6FX62fnFD+8+f7ilUdvZ8AtAeyqnAYpJ+3xQpp7FNDQqxc2W
qkKpoHb9B0q9Qpv/B6C1S0wNSR8vmVuhMzcand8AfQb56feMbvIRgNnZf/DfgQkeIzaCP9pfbDBo
Djr5/X8B4o7LLQ==
===END CRASH DUMP===
