PocketMine-MP Crash Dump Mon Jan 3 12:38:51 WIB 2022

Error: pocketmine\world\WorldManager::isWorldLoaded(): Argument #1 ($name) must be of type string, pocketmine\world\World given, called in D:\FoxCraft\plugins\NPC\src\hachkingtohach1\NPC\Main.php on line 105
File: pmsrc/src/world/WorldManager
Line: 112
Type: TypeError

A PLUGIN WAS INVOLVED IN THIS CRASH
BAD PLUGIN: NPC

Code:
[103] 	 * This won't change the level-name property,
[104] 	 * it only affects the server on runtime
[105] 	 */
[106] 	public function setDefaultWorld(?World $world) : void{
[107] 		if($world === null or ($this->isWorldLoaded($world->getFolderName()) and $world !== $this->defaultWorld)){
[108] 			$this->defaultWorld = $world;
[109] 		}
[110] 	}
[111] 
[112] 	public function isWorldLoaded(string $name) : bool{
[113] 		return $this->getWorldByName($name) instanceof World;
[114] 	}
[115] 
[116] 	public function getWorld(int $worldId) : ?World{
[117] 		return $this->worlds[$worldId] ?? null;
[118] 	}
[119] 
[120] 	/**
[121] 	 * NOTE: This matches worlds based on the FOLDER name, NOT the display name.
[122] 	 */

Backtrace:
#0 plugins/NPC/src/hachkingtohach1/NPC/Main(105): pocketmine\world\WorldManager->isWorldLoaded(object pocketmine\world\World#23835)
#1 plugins/NPC/src/hachkingtohach1/NPC/Main(131): hachkingtohach1\NPC\Main->create(integer 1, object pocketmine\math\Vector3#23412, object pocketmine\entity\Skin#23413, object pocketmine\world\World#23835, object pocketmine\entity\Location#23421, false, string[4] Test, integer 1)
#2 plugins/NPC/src/hachkingtohach1/NPC/task/CreateEntity(22): hachkingtohach1\NPC\Main->registerEntities()
#3 pmsrc/src/scheduler/TaskHandler(117): hachkingtohach1\NPC\task\CreateEntity->onRun()
#4 pmsrc/src/scheduler/TaskScheduler(141): pocketmine\scheduler\TaskHandler->run()
#5 pmsrc/src/plugin/PluginManager(467): pocketmine\scheduler\TaskScheduler->mainThreadHeartbeat(integer 21)
#6 pmsrc/src/Server(1753): pocketmine\plugin\PluginManager->tickSchedulers(integer 21)
#7 pmsrc/src/Server(1642): pocketmine\Server->tick()
#8 pmsrc/src/Server(1034): pocketmine\Server->tickProcessor()
#9 pmsrc/src/PocketMine(301): pocketmine\Server->__construct(object BaseClassLoader#2, object pocketmine\utils\MainLogger#3, string[12] D:\FoxCraft\, string[20] D:\FoxCraft\plugins\)
#10 pmsrc/src/PocketMine(324): pocketmine\server()
#11 pmsrc(11): require(string[56] phar://D:/FoxCraft/PocketMine-MP.phar/src/PocketMine.php)

PocketMine-MP version: 4.0.0 [Protocol 475]
Git commit: 468faa464b2bc5c97f23fafbb71ea61035f6f218
uname -a: Windows NT DESKTOP-BVRHES0 10.0 build 19042 (Windows 10) AMD64
PHP Version: 8.0.13
Zend version: 4.0.13
OS: WINNT, win
Composer libraries: 
- adhocore/json-comment 1.1.2@fc2f76979f0a44a5f5bc2a2b600d0762fe0e78e7
- brick/math 0.9.3@ca57d18f028f84f777b2168cd1911b0dee2343ae
- daverandom/callback-validator unknown@unknown
- fgrosse/phpasn1 v2.3.0@20299033c35f4300eb656e7e8e88cf52d1d6694e
- netresearch/jsonmapper v4.0.0@8bbc021a8edb2e4a7ea2f8ad4fa9ec9dce2fcb8d
- pocketmine/bedrock-data 1.5.0+bedrock-1.18.0@482c679aa5ed0b81c088c2b1ff0b8110a94c8a6c
- pocketmine/bedrock-protocol 7.0.0+bedrock-1.18.0@040a883a4abb8c9b93114d5278cb5fecc635da82
- pocketmine/binaryutils 0.2.2@f883e1cf9099ed6a757a10a2f75b3333eeb2cdf9
- pocketmine/callback-validator 1.0.3@64787469766bcaa7e5885242e85c23c25e8c55a2
- pocketmine/classloader 0.2.0@49ea303993efdfb39cd302e2156d50aa78209e78
- pocketmine/color 0.2.0@09be6ea6d76f2e33d6813c39d29c22c46c17e1d2
- pocketmine/errorhandler 0.3.0@ec742b209e8056bbe855069c4eff94c9734ea19b
- pocketmine/locale-data 2.0.20@a6e4eb22587e0014f6d658732cf633262723f8d3
- pocketmine/log 0.4.0@e6c912c0f9055c81d23108ec2d179b96f404c043
- pocketmine/log-pthreads 0.4.0@61f709e8cf36bcc24e4efe02acded680a1ce23cd
- pocketmine/math 0.4.0@6d64e2555bd2e95ed024574f75d1cefc135c89fc
- pocketmine/nbt 0.3.0@98c4a04b55a915e18f83d3b0c9beb24a71abcd31
- pocketmine/pocketmine-mp 4.0.0@468faa464b2bc5c97f23fafbb71ea61035f6f218
- pocketmine/raklib 0.14.2@e3a861187470e1facc6625040128f447ebbcbaec
- pocketmine/raklib-ipc 0.1.1@922a6444b0c6c7daaa5aa5a832107e1ec4738aed
- pocketmine/snooze 0.3.1@0ac8fc2a781c419a1f64ebca4d5835028f59e29b
- ramsey/collection 1.2.2@cccc74ee5e328031b15640b51056ee8d3bb66c0a
- ramsey/uuid 4.2.3@fc9bb7fb5388691fd7373cd44dcb4d63bbcf24df
- rhumsaa/uuid unknown@unknown
- symfony/polyfill-ctype v1.23.0@46cd95797e9df938fdd2b03693b5fca5e64b01ce
- symfony/polyfill-php80 v1.23.1@1100343ed1a92e3a38f9ae122fc0eb21602547be
- symfony/polyfill-php81 v1.23.0@e66119f3de95efc359483f810c4c3e6436279436
- webmozart/assert 1.10.0@6964c76c7804814a842473e0c8fd15bab0f18e25
- webmozart/path-util 2.3.0@d939f7edc24c9a1bb9c0dee5cb05d8e859490725

Loaded plugins:
Alerts 1.0.0 by hachkingtohach1 for API(s) 4.0.0
BuilderTools 1.3.0-beta2 by CzechPMDevs, VixikHD for API(s) 4.0.0
CraftingTable 1.0.0 by hachkingtohach1 for API(s) 4.0.0
DevTools 1.15.0 by PocketMine Team for API(s) 4.0.0
EconomyAPI 5.7.3-PM4 by onebone for API(s) 4.0.0
FCCore 1.0.1 by hachkingtohach1 for API(s) 4.0.0
KeepInventory 1.0.0 by NhanAZ, KhoaGamingVN for API(s) 4.0.0
MaxEnchants 1.2.2 by Xenophilicy for API(s) 4.0.0
MultiWorld 1.7.0-beta3 by CzechPMDevs, VixikCZ, fuyutsuki, kaliiks for API(s) 4.0.0
MyItem 1.4.9 by hachkingtohach1 for API(s) 4.0.0
NPC 1.0.0 by hachkingtohach1 for API(s) 4.0.0
Netherite 2.0 by Wertzui123 for API(s) 4.0.0
PlayerStats 3.1.9_BETA by hachkingtohach1 for API(s) 4.0.0
PureEntities 2.0.0 by LeinneSW for API(s) 4.0.0
PurePerms 1.4.4 by Vecnavium , 64FF00 & ProjectInfinity for API(s) 4.0.0
ShopGUI 1.0.0 by hachkingtohach1 for API(s) 4.0.0

----------------------REPORT THE DATA BELOW THIS LINE-----------------------

===BEGIN CRASH DUMP===
eNrtPAtz28aZf2VP7lykHknhTYAdpZYludbEtnSWHGcaejyLxYJEhFfwkER38t/v+75dgAAlO27j
u2bmkmkjYrH7vZ+7i/xjLy6qjDcfbmVVJ0W+t3Ame02Syb2F6Tmm6fu2bc4s2/Ts+WSvLdUrdxZY
vj93Ai9wfMuxrMleyuvmrKqKam/xj71mU8KsvWv4o8Yme5msa77C0bIQN7LJklwul3dFlUbL5Tv8
84rnMKFaLJKanl8WPJLR/sGCHVerNpN5w56YbP9POc/kAcvaumGhZEXMEBurmyrJVxP2KehsldzK
fMIET1MZsSRnp4vl8nlxf1LxuFkuy7RdJXm9XL6+PFku60osl2su1jcAtCnwl6lfveJJPivXJSty
lgIaZhou8Be3afo8SYnBNa8Wh4eni8MO/OElUfUKpk9fXc5wwiGgOCQCD4fcI2SEpiFlOOvxmTAL
0YOeTBB/U3EBv3/ce2IwzcohkEtrd/igceRiHygH6f6KPqbfjvVRhD9J0Xxy1RPL9m33AKgDZX05
JbYJlHxa4NNvRSV5I/eTvJFAFDMn7BFCwJDXy+X3MFxUNlDigGgemwe2lDSb5fIKsNE0+9FpD/n6
LLSXheAN+BBCtIDAmKe1nGjL/NF5z65l3UxYzwIJyfoiITW8vjk8IRGcEbZ9y/oVgVVyldSNrGh+
Iut9QmezrU3VYi2jNpXV4TWAf8HzCH7vm+b8k5CRjOVySMf02yJ/0+YKuPNJ4Ffd077pmDs2189c
Lgd0AAMdWHcAVgnr8JL+aAvdd7z552H26KffZiCc6zVwEL2QvGpCYKU3KkupxBvgu5LVLVI9d+0d
FIqS5XJEyvTbJhFbdPUu6PkjoD3H2gGt3ihYSgT+I+sM2/nMusuqEBByi0oBCAYAtsFo3zbMT8D4
8EEUOZhuK5rO5Z/xWp5AnK8pElRPHvettknSWhnhy2IFvD+xex8wrfc7Ybd/ZRnvPxWRVTAxPsGB
tSuFWslHrTLVKrBqmFXJn9ukkvsapeu9Z18eq7fDGKMP9t7/MtmT/58T3j+XokBaCuOHJL8t0luJ
/MH6JI9AJaLZ697DGKCFR1FEEmULhg5jy4b9mV2vk5rdFfk3DRNrnq8ka9aSpfJWplOUEiuropRV
s5nAetNwunVJA8SnG8bjGFDVtEqZCTIFgYbKGlzi6iWH9OTRU9mGaSJY3OYCwzusbE5lzNu0IWb3
/6rk/ScSwAFbsNsiif5BAOYEYNkk8b56zY6OjlgOtQIrKlBtAwztJlg1cfrtSjbPixQc7TVwtn9w
wCAwaiTsPwCKXhwNSDk4UGh9jXbZPDKJHWkof6G5gZ77Cz6ZBj2p3yb8ph/Wo2IYU63MkWljXbCw
KFIixrQ1gko2bZV3ZAN3tPzZhtjT68AgG54LCUb+rifRdAZEuR1Rj+umA4uBV7N5TjpRSlIUzR+l
iCbXP3aL3rO//pU0pWjwBzQEmgZLSevwz3+mJ7Mzt9cX12cLZaxQkUAyQKNF4CyEEBqhzaEFPr94
eXr2hiHnE1xDg1FSlynf0OiMwFq9Sf7yR533R533R533R533R533f1jndYVJjcXIMWi7oV8YoCEy
64HJXr+BsmfOjJkBI7xt1kVVY7TecTMEyssE3zg0GZ5lzkMo1PYWoAs52YtkKfMIF8O7uoih5BgM
oHUDpgfeq6jp/mL9BSqEiZcXV9fvLt68PIWhOxnWSYO0r5umrEEqd5ik6nXSzO6kDNPNTBQZZZtn
bYIFyDXk8iHPo+Ex5/bMmIay4daY/5OPUqwvX53KW1zwfXKf3Lw4/VpSEAi8zCIAvlyGirYGaVsu
dyj9ImmskmbdhiSDAdmHI1AgGzIikP01EjwQznj8d2IXI6J2Hr9ELiAWEG+SimozqzeNrGe5bA4j
Xq/DglcRGQtIaddQ+qGxGEx3Vw5bp4PkybOvJYcO/3I5oEQze3V9/Ob67eWvmcCWssMeBjB7BlGz
yDbHl+cDdgeDQ4bd2XxmTy9fOWOei1yG8P+vxasGB2WKogJgLpcjij6rZWTq+clJUQ1tWQ/sGrH5
7zFiRU3392uZ7XdSluc5tMpQS24GvI/Hf8WPX0M3evx3GPtuXfC/cUhQq+9ffy1BKODL5YgilXn/
hZimSQXOX/H7sxz76FFCG46OubZmO1H9B5kX5TqBBmzztXgdgEQOe1JGD19iy6+g3U2ooh/yth0c
szbXacv+1bR18nfa7N+0Td3eJPD7hqdJclP/rySzDOnV3cmI9t+SyAaAUE6b80ZmQxmpgbF8nFnw
7/F5RU3392v5PG4wbTlW202/izzd93W/uXR7LZu1rGjyltF+bMiutcvsOyifPraJadlfi88tRGCx
I+JfjmBbaIdbjoDly5RvZHXV8FE8G44O2bZn5iz48Ozs+vjfo+oBXaOH36z5y7aS3WbAUA7D4R39
71rAS5nkubx697WYTwketHpAg9Q0ANNjiv65uqwj8XAERbN/Katsl3c1thvWdmqy76XI+W3SZmzC
POf5c8Ng/8mgxcbu9zyPkzxpvlqq+6AQKDkQdYOfX5LirtZF+be3wwK0G/mdRDNNTv/j64RvPEng
FTDcyN3moWvkiYP7RuYoAzIEVdju+Vi9YpIPBe4hDkcET4EjWDscK7IPUdEABaNRfdqzHWirdPgc
8Wb0Pk5SoHU4ssrK4eMa2Bs+J1C23w4HfqpJl/1zFqq9jdFYAV0vzoJnqtRwKx0YioaTSjGWwxsZ
p5K2zoejNUm0Hg9F4BbDkavLlyP0m/rnNEdk+hfrXzXFjcyTj2MR3N9rrpFc7Cg2PEspHFn0+DEp
VbMYzPC46WOahMPl8HifjaVeIHmWYdimaWG5cnl6MWI9Kj4QabuDMJSMFVaAcdf1aOJVkpWp/OHV
iOcdCuARNxx3+MzSO8xQo8Gyoa1JlLCj/fNyvWN76za/oU02i4Rkk1SSVZjkHBsVSGDWzENJ4PFX
FOpJCAp8p2wKPWApYUWgaGWWKG+ctd1L+7DFNXiPB3xJHhcju40eqDwZWQmJ0h4OVRLcA/1w1Spb
7OD/HdyNXVwKiBUD4aN3r0uNFzHKXFY8HQbzobujK/Nabq8v9fKkjaC9hWXYFoit/gBRZW+htur3
yqpoClEAVGfuAo4E/dvx/Jhzx3NCKxSuCOaxZcc8DsO5KblnGrYbe7Fl+gC71aS8S/KouKvZ62t2
enb13fXF5fTZ929enF0ZzAQqGNHAzMBwLLbfTTaNA3b86tTD1IO3fQay+ijJgZzeTNblhwJ18u78
9etrNEx8uKOqCWJTWdSy+gDKrXilkz2P1sBYJQ8xYkxhjj5mNTEmPI2FFc+9YB7EBncc7sZuKCxu
hZ5hRMbcs2JpyLkv5yi+KhE3hzpIGrNgZj8V3J1Hph8blh/7Tjyfz0PL9HwRmYFphkYkpWU7NpcU
AUEhEH0gUeP5c8jFzfQWGiWIjHhgDgK8yYu7/Kn+i9a2qoq6lofAMq9zPEq7tdCcn1qGFQSGbQuQ
v2Mbhgw915Nz6UvfF7FrRWbkeYGDWCFOV7KWvBJr4j/jZUl+d0tG8dQPQ2FYJvdlFFrS4XPJrdjn
kRPzQIogEtKKRehHI+c4DGVUwdMUaOckSXdm/Fc3CHIF7T11fEt484BzV0ZG6JvCAOKs0IxjfDIN
HjjC5554HPLWHPfmSOgudMMxuO/b3OFh6IsgDCDCOZFrzX0RurEUwrPdiPvWDnQKFFuvttAAAIw0
RRwYQSAjj8/dOQfqwCrc0IZ/oJK0RBQHY0iPqhDrCvup58z9uQMm5Xmh4CBR1/ddy7Gk7wrLFpYr
feG6fIc0gacLaaFDJZIGIgwktw07CGwZR3FoByKyDUtaputFrgGgfcsIwDp3IBVpsYVhBKH0wFmj
OXiqtO3I800wnCCyAmFZwvGEOZdmtEMN3eJYq+OoLoo+lWLuWCGi9A3XC0NgyDW8QDgyjkGZwdx2
JDeDcAwqLbCM6EwFK2vLeMo96YBcLdefS8MwndiLPPhtWyL2bNvyrDkEGj+yd0GtiBgHifFEYFrC
AL25rvCBA9s0fCnA+OdgDl7sGI4wnIcQpoNEo0B5ZjxHpkRsg8aE5QBt4PYWFxEYhG9wE7zAFjs+
0McBAhF5jrRc1w0jSwZo8ZbjziEguBEsjoVpA41BvGPsedj0wg184XDDCcEyAtOVEFN8O7JDA2wb
BAWOafIQ1G+OIWx/Tql8Uk79T4TtAayK36iCAiKtA44hbe57pgm2PDekGXPwKc9ywfFMCHaOM5cQ
OkIuxWNQpkkpujrmaWBZ3HMcB5jxxDziEBLwf75tmQbYnhTO3Pa53JFvnRfFR9nl+acGFz7EarB5
UzhmwM0YJA7+BU7v2y7GXzeQFhkfFMK13KAfbOs42qp7KuCfuSOlK23Lh6IoBE9yjNA1wZ6lBHsL
Q88TBt8CadtEpR+IvJArApBhHLq273uBGUdzew524TiRCJ3Ig9UitpwoxuXrNqs579Y/DO71JouL
fAMaTDdQVqTTroS+xbvFpEQRBe48mMsAoo/tx1FkhYbtBTYEOMg7EtRrgHE9Bgsyhm/0sMynEG4N
yEMyMnkAQYADtIBL04LYDskDMpZhuc48/CQsc0CX9MAogtiO0M5jSEGB44OvmoZwhA1E2eC8Afxb
tTFZ8ZFXzSHENlnppIsW6gWeI+ZgDb7h+KbDfccCI5AG6Dgy3ZCHRmz64FAjICV43BSDN8URpCUK
7CCeywh8VoBJhGEgMOe6IjTcCLIh0BYYcwBDHVJvW7MNFalPGO62MGgs4mTVVnSBgWGJx+KiYqOa
apk/YddrSKR40wmPiWrGK3XVqsgl3p7iDRM8zwu6kJbkIm0jdcVMncnO9DUs7PIB1lWRqWtrD2HW
PJYTVuAmTo0gWQjR6oZtirbqLmglMcug94gTwgC1Dd4WSzcI+LW868Ed6itO3f0wTP28YtD1FhC8
EkxhG6QQ7/oovu/WMmdtuap4BABmy3yZd8AWy5yxJ+/WtLvEmgKwQK0KIPQpNsgAqpsaC+pIvSZS
VfTHm12pbNRtHmhlhWQqueBIhpBB4kJOU44l8Uou1AUSfFGv2wZqxHyqLw8u2HJPHdQzkUKxFy33
iLLjNC3uWJrUSG13sYTdJpz9dyurDc75GX9M9asFwzaelp5RY6/X0JUyLBfx4hwIBaGFG6ZFifPV
PsC0fz0g9sm7BK+x0b26KGJQeSnxo1jxZgLLJK/bii76MRB6KJFoEI78ueUpio1uKDIoKlrJ9jVS
ZhkHCF1hlNNKltDXTkHseMdgAa8J9+s2C/H2XsyO600u8PIH3rG6ATua0YS3eNEKTbvjFKetqyIv
WtAeTK8n6lIWUx0G+sOEYVENjGArQbIBf8SxrM0TdedHAb8i9QJPYGVVcZ+AhUkQA7BElpv3xKFs
NUHnMdoqzkGbnLCk+QbE11S0LJIN3q9Ak9lZzPaBhxb8xiKxEBtTzemCQO3aKifjqNo8R3VG2B0W
JSmB2pF6xk7lrf7NsmS1BmeuoBWfDJ1PGw5KpKraslGjSmAomAxo03yRcsEpqdeIlENwvAIJZD9O
AdoI2hwU/AlY12xgaDB5qib1lrbMMwnoNsop/5YWIVgP7kExNQ5+kCUN+nYmVzykPSN2pURtkHCT
mo69cbm6QZqQ5MmiwGnvpgpQZ2Q1cRgnQCJEJIkHbggmrqTsUCojB2216KZsVYCiCnRTtApEtCIy
p0TaghnIBWCnEKwqst89B7ip9zn619DN/zb666Yoh1dxe5I0uJpB+Cgxm0Y9QYi1o8qEulMTRkHg
HXmFpq/+5itQSH5BJGHEYKKF5JND8mHyXoqWgq++y6k8EpNVP1veCymjesuRClzqbuiL8yv28vzV
+TU7vrx8eX52xS7P3rB3F2++O3ujLoNeX8CsM/buxcXLM3b55uLk7OpqthsCRvKwXE+L41JWSUEJ
GQNxjQyKtaSQTNLog60JsoeSIKLYQlOmEAqlCrME6qTIgU8I0GBNyO+njE0Z2d0aMyteFIcQpKYR
ZAUEQu82kKuMRDguMIdgnqcFs4ez0Rb0jjSorZQCywElWSRX6VWt7XkA85JlvWXVNjSv9cHjJGnO
bc35ilcheMZ0W1lTAHpcuuRqSI5exfQqiN0Zz1sqPoaUQGHWgg0eTLqcsGuEnRk+uLaebV1wxi5U
zFcGD9VD0aZRT0sCSeQuZ1v6awW4JPKBUc8wNK+A7TkFiwdJkkxHQeh5i6si65KtWq1nTIemOdQw
cqM1+cA22CMmNbKOq65gRJVVgAnNUBty1Galqq5UCcf0iym+6PR1ipP0AqKdyOw4gCdI8+Ds/BEB
Q9KGxAcYbsHI6rrFm9xJswatrbpqE4MWYttSNekUqWoEXVTOFDU49ZNyyvj9lPZi6472E17iaJK1
GeRYSK8VAqc78qhIVtLBoaJiK1f0Fy1K8piHNgbFdqkpIoRTrIJbSLpOr7HTQr3atWmsjTDqKfhq
cudCCpaeOORMfdNAe709b6dACtUqUD6i9IA6VWAoKCXHnoSpNYrDLXewTMtT8dNhxsnbahcFmGIb
oOF+HtTn7HCZ57JBhS10ioDSbF2kqsQM8SiWKnEiuca730wnGYptqvPRb1VqCWVfbKr09mSope4V
htVq06zpS5+pOVAgKY8QT5uOGJ0CKGpv61g6H8ASMlKcYy9DhT59mhB1ZM3YC6gFwZaOqLhjJ5dv
J7C2xo8W8uguicDsqVZQ0bOHPyX4C+Z1Zfe2Iq9JOoO5M3YcQaBa8zQ+hFZStQmRBBvWqAApw31B
NLCBI27T3gDYsBU5u8eohiUmT2cMiXh7mV92xfa2AcReAom6g7SJC9syL6f6eae7eaW9rk4+yl6f
WJZ3aqwx4emSCcp2ZR6D1OoEllp0MGOXek3KqxUt4LoT1bZAGOOKr5AF/EIE2t8ypYoF28sMv+EC
Z+cV6ukkTWCW6pfxqrOsG/bq+i1RWgNLyHbYNgz7c1LlFp1qLmZdrMmadoqrFkTtsD+UOR0ika/H
DDcGBN4Z7dmE/jeOEzFTX7msORYBLMlANvipFYYm+q4cwtSEaAGl3RLRa5QERF0KxJCiOYXzWqlU
lRIwt9E2ipxItT+gQ53upk4vqEg6Pb86fgb1EdVTbU42hAG7xUhJ55+qSEjQGPWHZ9Gw39jyufX1
SIbtatE1bd/iNyigCVWyriFc0XumW/RabSqgN+d1oZK39ggTgSmqFbSTdQFNPHph16vJrhunKI7b
xqzmt122gJ/QetM72lIetPFAGJ3Mq6JN78n8VCS52hAgSX3DfgiLe/T8ip2fsv0f3p6fHqgvkoAG
mH8HakPFJJDuwTmwh6siLR9VfoA3FFvd5eDtPzx72cHX/d1g5BtChodjVDiQenUpQrwV3Q6RTqP3
QN8ULyYcFXFMaOFdEm+m920SbRWiPvAbb85c0+6KcjX1nzBQMqC52q/aWu/yqI+KyOP1mqlas2D6
9BTRqBSiw6PGUnQfGuoeJcdl6W4qnnSzbhN5N+0T9GMbYkq4x1nRYvSIVa7TwQRE1okWcztGR9oK
AfXjb0rOsPgNperBYmI8l6r1DqUCFsoYfb8u+R0ZBdqogk6mhcPjpK/YR0Q9+xADGd8ltVRfnAA2
Cfn0MSqNx8nkFUCKGO/MHYjtFuPfnhp7Z4cnTAtB7lsnkcoZyA8HnYLB1W04lMIKkyjMkJFKnfTQ
pzbaatLGwYWQqaROQZk3YU2TG0CBfTJFopQD66uquGvWKo4BCs7WCtogyIH3141KyUTsFKXRkTbd
ikaxdn5aD/jCMI2aV9CYOjbt2dRbTl2ZQ2tGSgJ4U2axJ0AmtMpbRW63tXpdzh4qUwevO55QNwvJ
BFo9ZUVlUbZp5zb6AfM9zdFpw7YQIbVByCVhwoyLkQtKAt1g4IjeyFvoUgf3Ham5VsOqUtCWBYRs
I3S0DXromVP8KnhnqA8M42F9jWCQ0yEeTNVVsn7mGvS2UKTMyiwrZ0lBFEOo22TYHIIrN7jPKuot
6Zim9Hu2fU8sUJjjq1UlV3pLUe8/qm0W/HzzZpc/og9izcXpBX67NNVJQdUHGL7upOpAODj5HWGs
ifAtAzQ2G2z6Q57uJd+WeCFJKeeBUEGh6r02JqiE8N4A5bJBvjnBvXk53MubQHIo1xzcQmJkr5CG
ri6FjBHLCnqPKcbFHJOhetvlLpU5+GhvUF/hGCTbFmrwWn/q3YUwDZC0rN53OB5oVfE1VGuTZNsM
orMxAsX5aPWYMFCLGMYRIW166kXdBvdsi0C/GWLoJPf5fK+TidKk8oDBXpKGAeAbLc9u12itB1WI
q/pOQkcH3ISHZi2iMiiJe0B4SN5W6sQFo023laIiL8DT0anLt1CT8Vr3aVBac7z5pJ+wAAIata4W
ndLUO7BR3NNbsB+pcoGidUKbfO8RqPoCuk/ew5MgYgMr6YoCPG6jqOCFViWbR/MoxWdqH2vqGKj9
xpvtQKsuAobkK7xEg/oJENENHEPl1C3GBXv+8vhaDWKrIXFn7S/6RsbEDe6Bo1xO7PsoqZoJBd2/
6EpPnbUMNy2UE2OiA9HqPUXe1t1/t2DFxYapjy/bqou7XadW9ac0FFQADqQjQadgdSenaXfCAyag
yvonzymaECqaPwJCdbEe+TAYmVJ9OSj8ClX7y3uIbbVucsUNtkk1NXQQ3MIEGpSNKuRoHvJLH/Cn
KlMoV1FcEnyojKo+HOPx665S8ZzycqviEzqspNO6JVQtT55XCTuVglkOs6yF7S5cg707f8YswzJx
QneidiQhwsJzVjTR0ehok6nTNHypkE/R947MwIRMNh689WjYxmHdLCQlDIKxw8jdOmnkFE/gsHQl
ZNBP6ertyDJwZMVxNyGSR/SkDv36Mb0K92/xnKd7Lm9LjSFKsMECi94cEWm9gfb57oh47v/jF0fq
Q5FqWy/LaDAFT9yPTs+eH799eT3gic4JNUrKFui6+nlUzR75ODSo2GnK3i//A9Tgm70=
===END CRASH DUMP===
