PocketMine-MP Crash Dump Mon Dec 6 06:25:11 WIB 2021

Error: Undefined property: pocketmine\entity\Zombie::$getLocation
File: plugins/PlayerStats/src/hachkingtohach1/PlayerStats/PlayerStats
Line: 505
Type: ErrorException

THIS CRASH WAS CAUSED BY A PLUGIN
BAD PLUGIN: PlayerStats

Code:
[496]         if(!($entity instanceof Bubble) and !($entity instanceof Throww) and !($entity instanceof ShapePet) and $event->isCancelled() === false and $event instanceof EntityDamageByEntityEvent){          
[497] 			$damager = $event->getDamager();
[498] 			if($damager instanceof Player and !$entity instanceof Player){
[499] 				if(isset($this->damageability[$damager->getName()])) return;
[500] 				$damage = $this->getDamage($damager);
[501] 			    $event = new EntityDamageEvent($entity, EntityDamageEvent::CAUSE_MAGIC, $damage[0]);
[502] 				$entity->attack($event);
[503] 				$nbt = new CompoundTag("", [
[504]                     new ListTag("Pos", [
[505]                         new DoubleTag("", $entity->getLocation->x),
[506]                         new DoubleTag("", $entity->getLocation->y + 1),
[507]                         new DoubleTag("", $entity->getLocation->z + 0.5)
[508]                     ]),
[509]                     new ListTag("Motion", [
[510]                         new DoubleTag("", 0),
[511]                         new DoubleTag("", 0),
[512]                         new DoubleTag("", 0)
[513]                     ]),
[514]                     new ListTag("Rotation", [
[515]                         new FloatTag("",$entity->yaw),

Backtrace:
#0 plugins/PlayerStats/src/hachkingtohach1/PlayerStats/PlayerStats(505): pocketmine\errorhandler\ErrorToExceptionHandler::handle(integer 2, string[58] Undefined property: pocketmine\entity\Zombie::$getLocation, string[79] D:\FoxCraft\plugins\PlayerStats\src\hachkingtohach1\PlayerStats\PlayerStats.php, integer 505)
#1 pmsrc/src/event/RegisteredListener(75): hachkingtohach1\PlayerStats\PlayerStats->onDamage(object pocketmine\event\entity\EntityDamageEvent#116039)
#2 pmsrc/src/event/Event(62): pocketmine\event\RegisteredListener->callEvent(object pocketmine\event\entity\EntityDamageByEntityEvent#115962)
#3 pmsrc/src/entity/Entity(522): pocketmine\event\Event->call()
#4 pmsrc/src/entity/Living(482): pocketmine\entity\Entity->attack(object pocketmine\event\entity\EntityDamageByEntityEvent#115962)
#5 pmsrc/src/player/Player(1669): pocketmine\entity\Living->attack(object pocketmine\event\entity\EntityDamageByEntityEvent#115962)
#6 pmsrc/src/network/mcpe/handler/InGamePacketHandler(424): pocketmine\player\Player->attackEntity(object pocketmine\entity\Zombie#23589)
#7 pmsrc/src/network/mcpe/handler/InGamePacketHandler(225): pocketmine\network\mcpe\handler\InGamePacketHandler->handleUseItemOnEntityTransaction(object pocketmine\network\mcpe\protocol\types\inventory\UseItemOnEntityTransactionData#116004)
#8 pmsrc/vendor/pocketmine/bedrock-protocol/src/InventoryTransactionPacket(114): pocketmine\network\mcpe\handler\InGamePacketHandler->handleInventoryTransaction(object pocketmine\network\mcpe\protocol\InventoryTransactionPacket#115874)
#9 pmsrc/src/network/mcpe/NetworkSession(395): pocketmine\network\mcpe\protocol\InventoryTransactionPacket->handle(object pocketmine\network\mcpe\handler\InGamePacketHandler#115742)
#10 pmsrc/src/network/mcpe/NetworkSession(358): pocketmine\network\mcpe\NetworkSession->handleDataPacket(object pocketmine\network\mcpe\protocol\InventoryTransactionPacket#115874, string[32] .............zzBe.oA............)
#11 pmsrc/src/network/mcpe/raklib/RakLibInterface(192): pocketmine\network\mcpe\NetworkSession->handleEncoded(string[94] c.abd.b.jm...C.f.;10d82..f..&.%..X..$V..10(.10301.0|._..IU.S..|G.$ '...?Dj.I..A.)
#12 pmsrc/vendor/pocketmine/raklib-ipc/src/RakLibToUserThreadMessageReceiver(42): pocketmine\network\mcpe\raklib\RakLibInterface->onPacketReceive(integer 0, string[103] ....1U.....=-z=....=.=&.eGB......3...&...,.b.....2].U..C=..t..+..:..3..6a......})
#13 pmsrc/src/network/mcpe/raklib/RakLibInterface(122): raklib\server\ipc\RakLibToUserThreadMessageReceiver->handle(object pocketmine\network\mcpe\raklib\RakLibInterface#23664)
#14 pmsrc/vendor/pocketmine/snooze/src/SleeperHandler(123): pocketmine\network\mcpe\raklib\RakLibInterface->pocketmine\network\mcpe\raklib\{closure}()
#15 pmsrc/vendor/pocketmine/snooze/src/SleeperHandler(82): pocketmine\snooze\SleeperHandler->processNotifications()
#16 pmsrc/src/Server(1645): pocketmine\snooze\SleeperHandler->sleepUntil(double 1638746710.8823)
#17 pmsrc/src/Server(1034): pocketmine\Server->tickProcessor()
#18 pmsrc/src/PocketMine(301): pocketmine\Server->__construct(object BaseClassLoader#2, object pocketmine\utils\MainLogger#3, string[12] D:\FoxCraft\, string[20] D:\FoxCraft\plugins\)
#19 pmsrc/src/PocketMine(324): pocketmine\server()
#20 pmsrc(11): require(string[56] phar://D:/FoxCraft/PocketMine-MP.phar/src/PocketMine.php)

PocketMine-MP version: 4.0.0 [Protocol 475]
Git commit: 468faa464b2bc5c97f23fafbb71ea61035f6f218
uname -a: Windows NT DESKTOP-BVRHES0 10.0 build 19042 (Windows 10) AMD64
PHP Version: 8.0.13
Zend version: 4.0.13
OS: WINNT, win
Composer libraries: 
- adhocore/json-comment 1.1.2@fc2f76979f0a44a5f5bc2a2b600d0762fe0e78e7
- brick/math 0.9.3@ca57d18f028f84f777b2168cd1911b0dee2343ae
- daverandom/callback-validator unknown@unknown
- fgrosse/phpasn1 v2.3.0@20299033c35f4300eb656e7e8e88cf52d1d6694e
- netresearch/jsonmapper v4.0.0@8bbc021a8edb2e4a7ea2f8ad4fa9ec9dce2fcb8d
- pocketmine/bedrock-data 1.5.0+bedrock-1.18.0@482c679aa5ed0b81c088c2b1ff0b8110a94c8a6c
- pocketmine/bedrock-protocol 7.0.0+bedrock-1.18.0@040a883a4abb8c9b93114d5278cb5fecc635da82
- pocketmine/binaryutils 0.2.2@f883e1cf9099ed6a757a10a2f75b3333eeb2cdf9
- pocketmine/callback-validator 1.0.3@64787469766bcaa7e5885242e85c23c25e8c55a2
- pocketmine/classloader 0.2.0@49ea303993efdfb39cd302e2156d50aa78209e78
- pocketmine/color 0.2.0@09be6ea6d76f2e33d6813c39d29c22c46c17e1d2
- pocketmine/errorhandler 0.3.0@ec742b209e8056bbe855069c4eff94c9734ea19b
- pocketmine/locale-data 2.0.20@a6e4eb22587e0014f6d658732cf633262723f8d3
- pocketmine/log 0.4.0@e6c912c0f9055c81d23108ec2d179b96f404c043
- pocketmine/log-pthreads 0.4.0@61f709e8cf36bcc24e4efe02acded680a1ce23cd
- pocketmine/math 0.4.0@6d64e2555bd2e95ed024574f75d1cefc135c89fc
- pocketmine/nbt 0.3.0@98c4a04b55a915e18f83d3b0c9beb24a71abcd31
- pocketmine/pocketmine-mp 4.0.0@468faa464b2bc5c97f23fafbb71ea61035f6f218
- pocketmine/raklib 0.14.2@e3a861187470e1facc6625040128f447ebbcbaec
- pocketmine/raklib-ipc 0.1.1@922a6444b0c6c7daaa5aa5a832107e1ec4738aed
- pocketmine/snooze 0.3.1@0ac8fc2a781c419a1f64ebca4d5835028f59e29b
- ramsey/collection 1.2.2@cccc74ee5e328031b15640b51056ee8d3bb66c0a
- ramsey/uuid 4.2.3@fc9bb7fb5388691fd7373cd44dcb4d63bbcf24df
- rhumsaa/uuid unknown@unknown
- symfony/polyfill-ctype v1.23.0@46cd95797e9df938fdd2b03693b5fca5e64b01ce
- symfony/polyfill-php80 v1.23.1@1100343ed1a92e3a38f9ae122fc0eb21602547be
- symfony/polyfill-php81 v1.23.0@e66119f3de95efc359483f810c4c3e6436279436
- webmozart/assert 1.10.0@6964c76c7804814a842473e0c8fd15bab0f18e25
- webmozart/path-util 2.3.0@d939f7edc24c9a1bb9c0dee5cb05d8e859490725

Loaded plugins:
DevTools 1.15.0 by PocketMine Team for API(s) 4.0.0
PlayerStats 3.1.9_BETA by hachkingtohach1 for API(s) 4.0.0

----------------------REPORT THE DATA BELOW THIS LINE-----------------------

===BEGIN CRASH DUMP===
eNrtXGlz20aa/iu9cnYi7ZAQbgJMKWtbUhLV2JbWksepCV2uBtAgEYEAg0MSncl/3+ftboAgJXmc
xLs1H6wcBhrd730D8q97aVktefP+RlR1VhZ7U3e012RLsTe1fCeYuP7EsgzbdHEx2mtX6pHjGWbg
TlzP8gM/8EJrtJfzujmtqrLam/6616xX2LUn70/vYoFjAD3aW4q65nN69KZIRJoVImGrqlyJqllP
2aqMr0WzxOpsJooma9az2T/KZZSJ6fSruWhelDHXgNI2z7/LcoJ0Mp3NvivvjiueNrPZKm/nWVHP
Zhc5X4vqsuENbuoqns0WPF5cZ8W8KenK2tkyuDFWixXhUPA1xMPBhkPAO9wBt/V8cA1AOTjam3qm
B8lWPMb1T3tPTPYnAe8D4MGO0EjeC14kuahmMyn9q7KX/w/qwXSqduxnRSPmomL2iNVNBYQ/ecE7
9mcU0wOahO/Y/41eRqwjm9iHcJ9YbLUksdF/4gbkHb4W86xuRCWSF/RnIar9CYnqkxGNvy2LE76E
pe6X0c8ibrYlQEg2gjiVf6rtp/ToiWX5phNK4ux7xMkt+769qzoF9D7p429jnufq1O8j5vla3XVE
eSGwElHOkCi55VDt3PfsR+iSMBQp+xKGex/Gi+wGwt13g3swtogbf8ubhsfXn4sbb0DJSupQe8m+
5fvhI6QoWj83Kf6AlEI0t2V1fbiMV+JQ++ThWfE9X4oLTmi0O+67trtDpOKis8iOSK2ih0jdcskn
tuMFyvomf4Qe294NK/robEZnyV91gHng9Phb9fRNLc4asTwvFNVXFS9qHlOMeIiBHQQIPE0Zl/ls
RnkErpkVJOmyAo+PAz7hDZeuZ7qS+UAzj6NJWR1u8B1GIqlwN+7wSPmcdTgGIBVr+5bl/nmJPAT/
d8nicQLJBJGpJdfhYyp/pW4ukYEJsxP+Cy1/CuKOt0/g42MiIvonrnIhy/xUBrzg4wxs7+9IJSvR
av2swu9Tn2O/Y8bw58OH58Ionw2XFKfWY5xW/DrPosPX/PpFFp0h3VUpqoZ9K7T/CMenRVwmItnX
9IXuOxYbPEqMyPh5CWKOjdT4xjKTwDZwZfzF+E/D+NEwvvq7YVjmPv5zTMsw/2m8N4yzN8alYfzz
e+Mr9jVO/vfJz8aZYTzT/NiPOpxiaJytFLOKsasSvlxdLSrBk5eqLnwtYpHdyJj4cU4VQKTLbRFR
3lZa0ZD6Gsfs9QN+lIKsN1IXR+MPR/JP4+gvhvj+udKQY5AkDGMEKdGP/c7A9mPsbAzjr4YxlVt8
rnb/pgTg/F6Fymzb8QJh3JCDQEodYx8R0e9wvUeEhTzh+ypoWO6jqquLsvwgJEuXuRAoCLs8YdnO
H1TSJ5z5Nc7Luq3Eb6rasLw/QOC9OkRtnc2294EeZANI91XZZGmmKtla4x1m9EupIFQVrveJgGu6
f4NEle8nZRvlgvU9lWkEAQQokUweQGI6uzlHPRl/22Tx9YWiuKw0mcEAwoU88xJn9uG5jwB5/z4G
k03Vxn0cfM5rcYwurn5R8gRBGW3BA7bVghlk5Jc8K16Uc7jWE2fjWvZu1d8/ss1HGwLFQfgIB/eK
I+Umim9bJwtkaHIk8UubVaILdJ7/jq0WvJoeHp5MDzvEA+DjlxcGbdjBSV3Gwd6730Z74v+vnf3s
rSbIV9Deo3gq8xuxBAlAkUBCcbPXPcXKNgDKFcSyG/p4xvRPlu7/x/5Xigk0YHXDi1iUKXveRrDq
AwaDZw9uQOwqb28/suFywVfiQjRqy1dC9RlZfUzP8xx564AdHR2xlOe1GOwZwni0Nj/4lfU/4M0N
J+Bp1tA/XyVye8WOeqRQiYIB6/pGbg/67RBAf2KAWclOcfcAc+rxwa8SWNgDk+CyukYN8lWzyNBu
KtA8ynJA+KnDJEl6hWpp/+DdwQHsu2mrgijzTHMATG8nThS0npGe5gN1yupPkUS0II9YIW7ZvS62
U9bo/qPp9PjZm8vT9y+ffX92PGIayU/mO43GHhIntps+hVRvdIYbi6ij5bhcrsq2SK74fH+2N9sb
sZ/kdndgkcMfOkPtstp/UdabI94jR7pjJzIsbxD15A78c/zt3cFIQvM/C7Q1+yuzNMTJZ4H4ARBN
Q45DPDN4BOQ7jTL8JCm+LAl0L0jL/J2EmgqbZf3Bc/bvPiePOR9n3vo0E3pdNnyb/X9lR9/lJW96
anotrfktEP/2Ze73Ze73Ze73Ze73Ze73Ze73Ze73Ze73Ze73Ze73Ze73Ze73Ze737zf36yZjNU3B
TsTNVVnm8rrgS/m5Sbc02us/mdmzDMszTCzxtlmUVU2d3gYyuxJ8SZD5KqMnrmFiM+5FwWEcyd4U
ChGjvQRGVCR0GM/qMm1OhgtLLsd1Hf7ZbEAJuk9A2bu8evb66s0FFm5FVGcN0btomlUNWcyzZtFG
RlwuBzwf9jDQow4HgRt+t8eDG5YdwzLC989Pr55ts73TbH0utj+5h9tI4+L88urt+esXJw/K45Y3
8aJeZI1xK0SUr6Vk9n6juSmvwDqi1o4aO7uRLNyhSSNJSFEdlxWBDsCg5QBbFC95sxiuoIECSzg7
XCuX75OyQSTcWtXD5s1CW+XD+4Q3W8/TLAetw5X5cjW8XfB6i5YMIeBmuPBzLTXa3y8j5Upba2XV
yF24N2ws0JATDCXDTat4Ww6vRZoLWTMNV2sp0Xp7Kcna5XDl8uLFFvp1/UteEDJ9xfpHTXktiuzD
tgju7jTXRK6FhTVfkhRtw5a3H7KVctvQ8OgWyWd4HLd3y22pl0SebZqOZdkhFi5OzrdYT8r3krTd
RSxl2worYd11vbXxMluucvHjyy2edyjALdUDO3wu89sq29H/qpGVA0lY+RyoXezY3qItrmVMt6WQ
HCmVbB5lBa/W0r1twydJoB/Ok0hvIlBxtV41pV6wlbASKFqZJcmbdm1C9/sNrsFzeuORFWm5ZbfJ
PZVnW1YiRekMlyoB9yA/nLfKFjv4/4C7sfOLGMFiIHzy7sVK4yWMNGnh+TDcDd2dXBnZcfNtZC/P
qM1yoLNNx4bY6veJgEfJdxTAoLuHvak78YAjI/92/SDl3PXdyI5iLw4nqe2kPI2iiSW4j7TvpX5q
WwFgt5qUtxlqntuavbpiJ6eXf7s6vxg///vrH04vTYYywmSSBmaFpmuz/W6zZR6wZy9PfHdPsjqU
1QchHcjtzWSxel+STt6evXp1RYZJN7dZoWLTqkTKfQ/lVrzKhIxzPFmAsUocUsQYY49+qWRRTHia
xnY68cNJmJrcdbmXelFscztCZ56YE99OhSkmgZiQ+CoUM4c6SJpGaDhPY+5NEitITTtIAzedTCaR
bflBnFihZUVmIoTtuA4XMgJCIYg+CNg0mIpQ+Y9veJ4hMtL7Ogjwuihvi6f6T7K2eVXWtTgEy7wu
aCZ9Y5M5P7VNOwxNx4khf9cxTRH5ni8mIhBBEKeenViJ74cuYUWcrkQteBUvJP9LvlpJv7uRRvE0
iKLYtC0eiCSyhcsngttpwBM35aGIwyQWdhpHQbLlHP1MArRzKUnUEX/tFiFXaO+pG9ixPwk590Ri
RoEVmyDOjqw0pTvL5KEbB9yPH4a8Mce9CRG6C910TR4EDnd5FAVxGIWIcG7i2ZMgjrxUxLHveAkP
7B3oMlBsvNomAwAYYcVpaIahSHw+8SYc1MEqvMjBD/KsHSdpuA3pQRXCiWETvjuhqjmc+H4Uc0jU
CwLPdm0ReLHtxLYngtjz+A5pMRWzealDJZEGEYaCO6YTho5IkzRywjhxTFvYlucnngnQgW2GsM4d
SGVebmCYYSR8OGsygacKx0n8wILhhIkdxrYdu35sTYSV7FAznM13UfSpiCeuHRHKwPT8KAJDnumH
sSvSFMoMJ44ruBVG26DyksqIzlRAkmGbT7kvXMjV9oKJME3LTf3Ex7Vjx6nvOLZvTxBogsTZBTWX
xLhEjB+Hlh2b0JvnxQE4cCwzEDGMfwJz8FPXdGPTvQ9hPEg0CpRvpRNiKk4daCy2XdAGt7d5nMAg
ApNb8AIn3vGBPg5IEInvCtvzvCixRUgWb7veBAHBS3A4jS0HNIbpjrEXUdMLNwxil5tuBMsILU8g
pgRO4kQmbBuCgmNaPIL6rW0Im8uxLJ+UU/+OsH1v7qGykQvHEA4PfMuCLU9MYaEZjn3f9uB4FoKd
604EQkfERfwQFJqedHXM09C2ue+6Lpjx40nCERLo38CxLRO2J2J34gRc7MhXtaldnn9q8jhArIbN
W7FrhdxKIXH4F5w+cDyKv14obGl8KIRrsSY/2NRxlvT1GD8TVwhPOHaAoiiCJ7lm5FmwZyFgb1Hk
+7HJN0DaNlPpB5EXuSKEDNPIc4LAD600mTgT2IXrJnHkJj5Ox6ntJikdX7TLmvPu/P3gXq+XaVms
ocF8jbIiH3cl9A1IdaQS4yT0JuFEhIg+TpAmiR2Zjh86CHDIOwLqNWFcD8FCxgjMHpb1FOEWLboj
EouHCAIc0EIuLBuxHckDGcu0PXcSPQrLGtAlfBhFmDoJ2XmKFBS6AXzVMmM3dkCUA+cN8X/VvyzL
D7xqDhHbRKWTLlmoH/puPIE1BKYbWC4PXBtGIEzoOLG8iEdmagVwqC0gK3jcmIK3jCNESxI6YToR
CXw2hklEURhTzvXiyPQSZEPQFpoTgJEdUm9bxloWqU8YDQYYGos0m7eVHKUwKvFYWlZsq6aaFU/Y
1QKJlNWiadBl1IxXgjULwcpC1LjgDYt5UZQNiwTLijhvETxwwdQIwNDvJ1GTEKzLcomTKQHYhVnz
VIxYiSdVTSBZhGh1zdZlW2lYLEvZEr1HmkkMqG3o65h8TYBfidse3CEKXN7mTc1uy+LrhlHq5xVD
21sieGWUwujDD0bfXyi+bxeiYO1qXvEEAIxZMSs6YNNZwdiTtwtBhLGmBBbUqgChhyaQAQ2bqaBO
1GNJqor+DPLMRSPlhaIziwVTyYVWlgQZEo/FOOdUEs/FVH05Qw/qRdugRizG+rOlKZvtqbkQo6mb
SGZ7krJneV7esjyridrubTW7yTj7n1ZUa9rzC12M9aMpoz5eHj2Vnb0+Iz+LoXKR3ihDKAQtWjMt
StqvBgHj/vGA2Cdv4TGwCMiVJwlD5aXET2KlSRhbCk6DwqX8FqiGqRDREI74peU5iW2e3WAviopW
sH2NlNnmAUFXGMW4Eiv0tWOInUZaUzyWuF+1ywhSgVU9q9dFfMXra0bTStiRITe8gbSkaXec0rZF
VRZlC+1hez2iAyjPVYehXpJTUV2pIb2UDfyR1pZtoaePCvilVC94gpVV5V0GCxMQA1iSllv0xJFs
NUFnKdkq7SGbHLGs+Rriayp5LBENjfPIZHYOs33w0MJvbCkWycZYczqVoHZtlUvjqNqiIHUm1B2W
K6kE2Y7UBjsRN/qaLbP5As5coRUfDZ1PGw5JpKraVaNWlcBIMEvQpvmSyoVTyl4jUQ7Bb8osAdkP
U0A2QjaHgj+DdRkDQ8PmsdrUW9qsWAqgWyun/D4vI1gPDaGYWocfLDP62gz3cx6tG0icXSpRm1K4
WU2w5fEr0tptJiUvLQpOeztWgDojqyWHaVbR12xMfYIFMGklRIdSGTm01ZKbsnkJRZXkpmQVhGgu
yRxL0qbMJC6AXYZgVZH923NAU72P0b9AN//n6K+bciVJ0OGzJ0mDqxnCx4qyadITRFg7qizUnZow
GQTeSq/Q9NVffwYKpV9IkihisLhF8imQfJi4E3Erg2+pSFYeScmq3y3uYiGSesORClznV6dTdvXD
2SV7cfby7Io9u7h4cXZ6yS5OX7O356//dvp6xLCJXZ1j1yl7+8P5i1N28fr8+PTy0tgNAVvysD1f
i+NCVFkpEzIF4poYjBdChmQpjT7YWpA9SoJExha5ZYxQKFSYlaCOywJ8IkDDmojfx4xNGdntgjIr
ZEIhSG2TkBUQhN5NIFcZSeI4pxxCeV4eMO7vJlvQI2mobSViKgeUZIlcpVd1tucB5iVW9YZVx9S8
1gcPk6Q5dzTnc15F8IzxprKWAehh6UpXI3L0KaZPIXYvedHK4mNICQqzFjZ4MOpywq4Rdmao0muK
Jr9R/C43LmiwcxXzlcGjeijbPOlpyZBEbgu2ob9WgFeSfDDqm6bmFdi+k8HiXpKUpqMg9LylVbns
kq06rXeMh6Y51DBxozV5zzbYAya1ZR2XXcFIKquAicxQG3LSLlequlIlHNMPxvSg09cJbdIHJO2S
zI4D3CHNw9n5AwJG0kbiA4YbGFldt4ICQ7OA1uZdtUlBi7BtqBp1ilQ1gi4qDUUNbX1UTkt+N5az
2Lqj/ZivaDVbtkvkWKTXioDLr5dJkUx9kKSo2MiV/EWLUnrMfRtDsb3SFEmEY6qCWyRdt9fYSake
7do01UYU9RR8tblzIQVLbxxyJiuHsZz19rydgBRZq6B8JOmBOlVgKCgr+bkAU2cUhxvucEzLU/HT
YabNm2qXBJhTG6DhfhzUx+xwVujX4VOdIlCaLcpclZgRvaiSlbgkuaYvIZlOMjK2qc5HP1WpJRJ9
sanS25OhlrpHFFardUPAR2xsDRQolScRj5uOGJ0CZNTe1LHy/QCVkIninHoZWejTYfqYVJFlsB9Q
C8rP7am4Y8cXb0Y4Cxoi+NdtlsDsZa2gomcPfyzhT5nfld2biryW0hnsNdizBIFqwfP0EK2kahMS
ARvWqICU0VyQDGzgiJu0NwA2bEVO7yiqUYnJc4MREW8uiouu2N40gNRLEFG3SJt0sF0Vq7G+3+lu
Xmqvq7MPotcnleWdGmtKeLpkQtmuzGOQWt3QVocODHahz+S8mssDXHei2hYkxrTic2IBOoHY6lUu
KxZqL5cgnpydV6Sn4zzDLtUv05t1UTfs5dUbSWkNlojtqG0Y9edSlRt0qrkwulizbNoxnZpKaof9
oSjkSyTp6ymjwUBM7+h7NtH/pmkWG0xmqQWnIoBlS8imId1BG/IvrUCYGklaoLQbSfSCJIGoKwMx
UjSX4bxWKlWlBPY22kaJE6HmAzrU6W7q5FwWSSdnl8+eoz6S9VRbSBuigN1SpJTvP1WRkJEx6l+z
SYb9xobPja8nImrn065p+5ZZ1KzpknWBcCWfM92i12qoQN5c1KVK3tojLAKmqFbQjhclmnjywq5X
E103LqM4jY1ZzW+6bIFLtN7qU1N6NmjjQZh8Na+KNj2T+bnMCjUQkJL6mv0YlXfk+RU7O2H7P745
OzmA3uH2oAH7b6E2UkyGdA/noB6uSrR8VPkBbyg3uivg7T8+f9HB1/3dYOVriYxejsnCQapXlyKS
t7KbEOk0egf6xvRlwlGZphItnmXpenzXZslGIVKe4+3hzJWcrihXU38/ipKB3Kv9qq31lCdGEGlU
mNVnxurMlOm3p4RGpRAdHjUWyoG8mPc9SkHH8t1UPOp23WTidtwn6IcGYkq4z5ZlS9EjVblOBxOI
rBMt5XaKjnIUAvXTtUzOOPxapurBYcl4IVTrHQkFLBIp+X694rfSKMhG9efLZFq0vJ30FfuEqGcf
MZDxXVL1N1nAJpBPH6LSfJhMXtGvDDHemTuI7Q7Tnz01zs6EJ8rLWLpvnSUqZxA/HDqFwdVtNJTC
nJIodohEpU5506c2OWrSxsHjWORCdgrKvCXWPLsGCuqTZSTKOVifV+Vts1BxDCg4WyhogyAH768b
lZIlsWOSRkfaeCMaxdrZST3gi8I0aV5BY+q1ac+mHjl1ZY48s6UkwBszmz0BmWiVN4rcjLV6XRr3
lamD1y3PZDeLZIJWT1nRqly1eec2+obyvdyj04ZjE0LZBhGXEhNlXIpcKAl0g0ErepA31aUOzR1l
c62WVaWgLQuEbCJ0sgl65Jlj+mJ2Z6kPDNvL+jOCQU5HPBirj4v6nQvobapIMVbL5crISkkxQt16
Sc1hTb9nVIPDekM6pSn9nG2eSxZkmOPzeSXmeqSo549qzEK/ZHS9y5/6xcknV+cn5/Sp3FgnBVUf
UPi6FaoD4fIXmQhjLQnfMFCrX8LZDP2Rp3vJtyv6IEkp555QoVD1XBsTKiH6bkDmskG+OabZvBjO
8kZIDqsFh1sIiuwV0dDVpcgYqajQe4wpLhaUDNXTLnepzMG3ZoP6E45Bsm1Rg6O2kbG1C2EaoNSy
et7huKdVxddQrU223GQQnY0JKO0nq6eEQVqkME4I5dBTH+oG3MYGgX4yxNBJ7uP5XicTpUnlAYNZ
koYB8I2WZzc1WuhFFeKqvpPQ0YGG8GjWElkGZWkPiF6St5V640LRphulqMgLeDo6dfkWNRmvdZ+G
0prTl0/6jgog0Kh1Ne2Upp7BRmmmN2U/ycoFRetIDvneEVDZgm2S9/BNkGSDKulKBngao6jgRVYl
mgfzqIzPsn2sZccg22/oJwOtuggYkq/wShrUJSCSG7imyqkbjFP23YtnV2qRWg1Bk7Vv9BcZIy+8
A0eFGDl3SVY1Ixl0v9GVnnrXMhxaKCemRAfR6pkib7XV5VBWvGbqW9+26uJu16lV/VsaGVQAB+ko
lm/B6k5O4+4ND0xAlfVPvpPRRKKS+7eAyLpYr7wfrIxlfTko/EpV+4s7xLZaN7nxNbVJtWzoENzU
r0KrQk7uI37lr1bnKlMoV1FcSviojKo+HNPr112l0nvKi42Kj+XLSvm2boaq5cklsu+JiJnLrMnU
DaeOw96ePWe2aVv0vHuhdiQQYHG/LJvkaOvNJlMv0+ihwj0m1zuyQguJDIu3i6wRY3qvRgWphIEu
SddkR7ZJK3NOM4JEHMk79SqvX9OnaCpLb2+6+9XN6ghOgqsko7YJdro+khh7s+uz2JFkRVa8VEgf
1ddrmfQ3y2S5g130Kv3o5PS7Z29eXNGq7mzkC0CNVaYB8kl9v1WmHgW0NCjF1ZGiQKkQ9/0HSr1M
qL+joNZbVA1JHy+pqdCR5Q/wV4g+Hf90bdAkHw6YHP2X/NlSwY0vleAMzmcrLCpEe7/9L+eng+A=
===END CRASH DUMP===
