PocketMine-MP Crash Dump Mon Dec 20 22:32:16 WIB 2021

Error: Class SonsaYT\InventoryAPI\inventory\ChestInventory contains 5 abstract methods and must therefore be declared abstract or implement the remaining methods (pocketmine\inventory\BaseInventory::internalSetContents, pocketmine\inventory\BaseInventory::internalSetItem, pocketmine\inventory\Inventory::getSize, ...)
File: plugins/InventoryAPI/src/SonsaYT/InventoryAPI/inventory/ChestInventory
Line: 16
Type: E_ERROR

THIS CRASH WAS CAUSED BY A PLUGIN
BAD PLUGIN: InventoryAPI

Code:
[7] use pocketmine\nbt\NetworkLittleEndianNBTStream;
[8] use pocketmine\nbt\tag\CompoundTag;
[9] use pocketmine\network\mcpe\protocol\BlockActorDataPacket;
[10] use pocketmine\network\mcpe\protocol\types\WindowTypes;
[11] use pocketmine\network\mcpe\protocol\UpdateBlockPacket;
[12] use pocketmine\player\Player;
[13] use pocketmine\tile\Nameable;
[14] use SonsaYT\InventoryAPI\Main;
[15] 
[16] class ChestInventory extends ContainerInventory {
[17] 
[18]     public $main;
[19]     protected $name = "Chest";
[20] 
[21]     protected $viewOnly = false;
[22]     protected $clickCallback = null;
[23]     protected $closeCallback = null;
[24] 
[25]     public function __construct(Main $main) {
[26]         parent::__construct(new Vector3(), [], null, null);

Backtrace:

PocketMine-MP version: 4.0.0 [Protocol 475]
Git commit: 468faa464b2bc5c97f23fafbb71ea61035f6f218
uname -a: Windows NT DESKTOP-BVRHES0 10.0 build 19042 (Windows 10) AMD64
PHP Version: 8.0.13
Zend version: 4.0.13
OS: WINNT, win
Composer libraries: 
- adhocore/json-comment 1.1.2@fc2f76979f0a44a5f5bc2a2b600d0762fe0e78e7
- brick/math 0.9.3@ca57d18f028f84f777b2168cd1911b0dee2343ae
- daverandom/callback-validator unknown@unknown
- fgrosse/phpasn1 v2.3.0@20299033c35f4300eb656e7e8e88cf52d1d6694e
- netresearch/jsonmapper v4.0.0@8bbc021a8edb2e4a7ea2f8ad4fa9ec9dce2fcb8d
- pocketmine/bedrock-data 1.5.0+bedrock-1.18.0@482c679aa5ed0b81c088c2b1ff0b8110a94c8a6c
- pocketmine/bedrock-protocol 7.0.0+bedrock-1.18.0@040a883a4abb8c9b93114d5278cb5fecc635da82
- pocketmine/binaryutils 0.2.2@f883e1cf9099ed6a757a10a2f75b3333eeb2cdf9
- pocketmine/callback-validator 1.0.3@64787469766bcaa7e5885242e85c23c25e8c55a2
- pocketmine/classloader 0.2.0@49ea303993efdfb39cd302e2156d50aa78209e78
- pocketmine/color 0.2.0@09be6ea6d76f2e33d6813c39d29c22c46c17e1d2
- pocketmine/errorhandler 0.3.0@ec742b209e8056bbe855069c4eff94c9734ea19b
- pocketmine/locale-data 2.0.20@a6e4eb22587e0014f6d658732cf633262723f8d3
- pocketmine/log 0.4.0@e6c912c0f9055c81d23108ec2d179b96f404c043
- pocketmine/log-pthreads 0.4.0@61f709e8cf36bcc24e4efe02acded680a1ce23cd
- pocketmine/math 0.4.0@6d64e2555bd2e95ed024574f75d1cefc135c89fc
- pocketmine/nbt 0.3.0@98c4a04b55a915e18f83d3b0c9beb24a71abcd31
- pocketmine/pocketmine-mp 4.0.0@468faa464b2bc5c97f23fafbb71ea61035f6f218
- pocketmine/raklib 0.14.2@e3a861187470e1facc6625040128f447ebbcbaec
- pocketmine/raklib-ipc 0.1.1@922a6444b0c6c7daaa5aa5a832107e1ec4738aed
- pocketmine/snooze 0.3.1@0ac8fc2a781c419a1f64ebca4d5835028f59e29b
- ramsey/collection 1.2.2@cccc74ee5e328031b15640b51056ee8d3bb66c0a
- ramsey/uuid 4.2.3@fc9bb7fb5388691fd7373cd44dcb4d63bbcf24df
- rhumsaa/uuid unknown@unknown
- symfony/polyfill-ctype v1.23.0@46cd95797e9df938fdd2b03693b5fca5e64b01ce
- symfony/polyfill-php80 v1.23.1@1100343ed1a92e3a38f9ae122fc0eb21602547be
- symfony/polyfill-php81 v1.23.0@e66119f3de95efc359483f810c4c3e6436279436
- webmozart/assert 1.10.0@6964c76c7804814a842473e0c8fd15bab0f18e25
- webmozart/path-util 2.3.0@d939f7edc24c9a1bb9c0dee5cb05d8e859490725

Loaded plugins:
BuilderTools 1.3.0-beta2 by CzechPMDevs, VixikHD for API(s) 4.0.0
DevTools 1.15.0 by PocketMine Team for API(s) 4.0.0
ExtendedBlocksConverter 1.0.0 by JavierLeon9966 for API(s) 4.0.0
InventoryAPI 1.5 by SonsaYT, DragoVN for API(s) 4.0.0
KeepInventory 1.0.0 by NhanAZ, KhoaGamingVN for API(s) 4.0.0
MaxEnchants 1.2.2 by Xenophilicy for API(s) 4.0.0
MultiWorld 1.7.0-beta3 by CzechPMDevs, VixikCZ, fuyutsuki, kaliiks for API(s) 4.0.0
MyItem 1.4.5 by hachkingtohach1 for API(s) 4.0.0
Netherite 2.0 by Wertzui123 for API(s) 4.0.0
PlayerStats 3.1.9_BETA by hachkingtohach1 for API(s) 4.0.0
PurePerms 1.4.4 by Vecnavium , 64FF00 & ProjectInfinity for API(s) 4.0.0

----------------------REPORT THE DATA BELOW THIS LINE-----------------------

===BEGIN CRASH DUMP===
eNrNWwtz28iR/itTdOp2fSdSeBEEuKUry5I2q1vb0lnyei9hSjUABiQiPBg8JNGp/Pf7umdAgrS8
j4uv7rZSMTGY6enn190z0N9HaVUXsr17UHWTVeVo7h2N2qxQo7nte5Zle67rT2w7sKf20ahb61ce
hmZhaAfW1Jr50zA8GuWyaS/quqpH8z//5Wik9M+/j9rNGgtGF3cX799fvR8djQrVNHJJY2dY04ib
qmzkf90uFpflgyrbqt6cXl8uFln/tFicrVTTbt+KuCpbmZWNmAoZNW0t41YUql1VSSNkmYiia1rR
rlStIJoSkRKJinNZq2Q3v6pFVqxzVYAmzRW1KkAzK5dbUt+uq/hetUVWqj1uXstGbZmZz7OyVXUp
8xvVnoExDDdH4ncvvWxV8cVlgyVL1d5kn9SRmEwmL6HMNMtJk+u8W0Ijx0MVHjd1fGyUu/9iS/p4
X7Ogl2Nvsvw/jgzNO0yu8gdWFDZKslrF7ah/i5EhZYzHVaLI7DO86hq1J1IZtYvFO9U+VvX9m6xt
c3VRJpks372+vWlrJYvvQCD40sJWLuEKVbGuujK5lUuaHD43WW+wWBTxGo/rumqruMqh/RyzTmPw
ei5beS1pCRGxrd9Dhfy5WSw+ZmVSPd7SA9Owfw+ND+tEtor5GbDhPENincuNqheLa/6Xp7nPTGvh
BlCtLJSMcsXTPDPtC+H1Ft7O86aYR//6+DfmgDwIN/UEp0Y8nOmwU/Xu1d9p4cwQIMMJ/LfuojyL
xR+KfoewfwH54TwIwz+U4FSciMWI91qMaJ5jaUKO/fn8h0w9XpX5BmtSmTcsoeN8Pi/GzvdnMs8j
qBWTyy7Pea773NyqUc/N9Qwf032B0q6MWyCkuLsDAgFHurj9ltSoRX3J2nB8s4gXAnPKdj4fLijV
o/hJkRO63748EoBK3lj//8vvRgg8QiilUdTENQXU6y7LE1XfVlXOz6RC7LU3fDTaovjInrgTaxyp
VjoYlx1ArcbCP4/OPql4df32XD3Qgp+yp+z+h/MRNpPrjN57E2ti0bMqyZmS0Rycq6NRotbkB5qx
pkrb8+EAqYA8iIiviwTEF4tI89YSbwi/fU7zSoL06Prq5vbj1fs35xh6VFGTtSTVqm3Xzfz4eJm1
qy6axFVxPGD7eI8UNIbBQ71sh/Z1Yk8h2546rjmM3sKxxS0g6Gspot9/sRhwYmS+uT19f/vh+tck
3nF2vKUBYS84HlXC8NEgKiEf8shA9i/N2FeFdaiJ/5AIs/qNqsow9P2vpYh9qovFF5jTiPS7dbRP
/fhLkkNte3lqp6uD9DVU0HRfPQZIMXhey2X107uvpaFfQOhfixMS7Eel1rsUvpNsf/xXbP9uJcvT
P2Hsx1Ul/yiRVZZfT0BNfLHY4+i3CfiMyQ2rkPytfLooYzy2w8gfju5L7UwOoPBnVVbrVQZ033wt
WQckScItK3sPv8Wsb7u8zT5WdZ4MZdsN7os2M1jv/irWn5GV027TtU13n+H3vcyz7L75X8kABfH7
SPxC/iHv/wz6DwiRnjZUOw91pAf29eMdRvNKxqt7eHlb0S/7a0l/QBZSMzf9v79FcggO5WV5XG8m
zaZVzQR15HEim1VUyTo5JqFRRKO/4TVbuXdjQ9Gdw0j/CET81GU2SqKvJPOOIlf3mon/cXjvqB3v
JILIugK+aeVesA9Hh2K7E3sS3r2+uD39vzH7gK+9h9+qkEfZxqtmlbWTR6WifMOqYTV0tbpWdbGn
hO3YodN7+9Kj8CyRMLtCHAnf+/57yxL/Iq7r6q8oSC/LFP1v+9WA8E5vAOl77gY/fx0AqQGVNeRD
+j6o08ZvryfrlayZM0r4JDDr4wz9PlYH4NsmJIziQrar4Ugsc3CKtcOxqrhLqhZRtjdqDi52A12d
D5+phRs+oxXnMmw3sizWw8cVQnj4nKEreBgO/LVhw22fCzqtgFftjVWop2kWnjmdNa0kgZLhpHW8
r4f3Ks0VNy/D0YY12uwPJfCO4cjN9Zu97TfN3/KSNjO/xPZVW92rMvu0r4KnJyM1sWtjYCOLnGHJ
4cdP2VrX5SED9Kc8i4bL8fhU7Gu9IvYcy3Jt2wkxcH1+tSd6Ut0xa4eDGMr2DVbBaZtmb+INHwr9
/HZP5gMO8FgrmRzIWeSPhFR7g+t2RTNJw54pua5XB7636sr7Du1747CSXNZKtoyyUlI1ByBzJj5p
Qj2oPInMJCKF/LBuKzPgaGUlMLR2S9I3zdqdEtzt9hq8pwOkrEyrPb9NPjN5tuclrEp3OFQrhAfF
4bLTvtjT/xPCTVxdx4DFgfIpuldrsy/tqEpVy3yIacNwp1CWjdqdUW71yS3maO5YrgO1NXfInKM5
HxFgB3PeMpp7syn2yCi+PT9IpfR8L3KieBqHs9RxU5lG0cxW0rctd5r6qWMHoN0ZVvRRTyPe3Yrz
i5sfb6+ux69/ev/DxY0lbHAhmAdhh5bniG/7ybb1Upy+PfcJgSHqUFefFAeQt3WT1fquIpt8vHz3
jvoLfnjk7BnTeVej6jsYt5Z1phjnZLKCYLU6JsQYY445nbMJE16lsZPO/HAWppb0PDlNp1HsSCfy
LSuxZr6TKkvNAjUj9dVZfH9sQNKahBP3VSyns8QOUssJ0sBLZ7NZ5Nh+ECd2aNuRlSjluJ4rFSMg
DAL0QWqKzTnK+AHVJJCRzn6hwPuyeixfmX/J25Z11TTqGCLLpqSDngeH3PmVYzlhaLluDP17rmWp
yJ/6aqYCFQRxOnUSO/H90KNdgdO1apSs4xXLX8j1muPugZ3iVRBFseXYMlBJ5ChPzpR00kAmXipD
FYdJrJw0joJkLziOI5XUeBqDd6m7v4n1b/0g9ArrvfICJ/ZnoZRTlVhRYMcWmHMiO03pybZk6MWB
9OPnKe/ccTQjRg+pW54lg8CVnoyiIA6jEAjnJVNnFsTRNFVx7LvTRAbOAXUGil1UO+QAIKPsOA2t
MFSJL2fTmQR38Ipp5OI/VBROnKThPqVnTUitovvK92bBzINL+X4US2h0GgRTx3NUMI0dN3amKoin
U3nAGp8mUppn6xBrUGGopGu5YeiqNEkjN4wT13KUY0/9ZGqBdOBYIbzzgFKVVzsaVhgpH8GazBCp
ynUTP7DhOGHihLHjxJ4f2zNlJwfc8IUEuq8kN+yQ26l45jkRbRlYUz+KINDU8sPYU2kKY4Yz11PS
DqN9UnlFZUTvKmBp4livpK886NWZBjNF1yapn/j47Tpx6ruu4zszAE2QuIeklsyMR8z4cWg7sQW7
TadxAAlc2wpUDOefwR381LO82PI+pzAeJBpNyrfTGQkVpy4sFjseeEPYOzJO4BCBJW1EgRsfxMAW
B5hE4nvKmU6nUeKokDze8aYzAMI0weI0tl3wGKYHzl5G7Va5YRB70vIieEZoTxUwJXATN7Lg21AU
AtOWEcxv71PY/Rxz+aSD+nfA9oBWLe91QQGk9RAYypWBb9vw5Zml7FQipnxnisCzAXaeN1OAjkiq
+Dkq42wd93XMq9BxpO95HoTx41kiAQn0v8B1bAu+p2Jv5gZSHei3Kavqk+rz/CtLxgGwGj5vx54d
SjuFxhFfCPrAnRL+TkPlsPOhEG7UhuJgV8fxecarGP/NPKWmynUCFEURIsmzoqkNf1YK/hZFvh9b
ckek6zKdfoC8yBUhdJhGUzcI/NBOk5k7g194XhJHXuJjdZw6XpLS8lVXNFL26z8H92ZTpFW5gQXz
DcqKfNyX0A9g1WUjxkk4nYUzFQJ93CBNEieyXD90AXDIOwrmteBcz9FCxgisLS37FeDWQh5SiS1D
gIAEtVAq2wG2I3kgY1nO1JtFX6RlD/hSPpwiTN2E/DxFCgq9ALFqW7EXu2DKRfCG+H/dohTVJ1m3
x8A2dKo66ZKH+qHvxTN4Q2B5ge3JwHPgBMqCjRN7GsnISu0AAbVHZI2IGxN4M44QL0nohulMJYjZ
GC4RRWFMOXcaR9Y0QTYEb6E1AxnukLa+NdlwkfpC8IUEGos0W3a15PsKKvFEWtVir6ZalC/E7QqJ
VDSqbdFlNELWiu9Cq1I1+CFbEcuyrFq6Qs3KOO8AHviBBTUS/wQJDYm3RU1CtG6qAitTInBIs5Gp
OhIVNfMNkRQR0OpebKquNrRElooCvUea8Q6obeiaMd8Q4XfqcUvuGAWu7PK2EY9V+U0rKPXLWqDF
rQBeGaWwDXHYrrJGy/24UqXo1staJiAwWZSLsic2X5RCvPi44lMG0VbYBbUqSAjddkEHqG4aKqgT
/ZpZ1ehPN8i50nfHdFwTK6GTC40URBkaj9U4l1QSL9VcX1zRi2bVtagRy7G5CZ+LxehG0+Y7qWQx
Ys5O87x6FHnWELfCXAWJh0yK/+xUvaE5f6MfY/NqLqg956UX3LCbNXwpTuUi3X5BKUQt2gijSpqv
+/vx9vWA2RcfETHwCOhVJolA5aXVT2qFwu9FoWSDtp4v0qH0SBHTUI76WydzUtsye8BcFBWdEt+a
TYVjvSTqekc1rtUafe0Yal8uVT3Ha977XVdE0Aq86rTZlPGtbO4F3ajCjyY84QO0xa7dS0rTVnVV
Vh2sh+nNkeDjR6E7DIqHI0FFNQShVoJ1g3iksaIr4UE0RRO/YfNCJnhZXT1l8DAFNUAk9txyyxzp
1jB0mZKv0hzyySORtd9AfW3NyxJFd4/sMgeLxbeQgW5rHVYLizE2ks6Z1KGvSnaOuiv5m4WEusNq
zUbgdqSZiHP1YH6LIluuEMw1WvGjYfAZxyGN1HW3bvWoVhh/SQHejFxsXAQl9xqJDgj5UGUJ2H6e
A/IR8jkU/Bm8azJwNEwe60lbT1uUhSroEwfe7o95FcF76GxJ6HHEQZG1FNuFWsqIz0XFjVa1xcrN
GqLNy2/Jao8Za549CkH7ONaEeifT34qkGVgEIqkH/hCkEmmtVL+ldnJYq6MwFcsKhqooTMkraKMl
szlm1ubCIimwO0Owrsj+30tAh3W/xP8K3fw/x3/TVmtmwcDnliVDrhGAjzVl02TLEO3ac2Wj7jSM
MQh85Kgw/DXffAUOOS6YJUIMEXc1Xdvn9OWDijsG30qzrCOSktV2tnqKlUqanUQauK5uL+bi9ofL
G/Hm8u3lrTi9vn5zeXEjri/ei49X73+8eH8kMEncXmHWhfj4w9WbC3H9/urs4uZmcggBe/pwpr5R
x7Wqs4oTMgFxQwLGK8WQzNrYgq0N3aMkSBhbeMoYUKg0zDIp+rYjKwHQ8CaS90vOpp3scUWZFToh
CNLTmLImAujdAbnOSLwHf79BeZ4XTD6fTb5gTpphtrWKqRzQmiV2tV312q0McC+1bnaiupaRtXn5
PEtGctdIvpR1hMgY7yprBqDntcuhRuyYVcKsAnYXsuy4+BhygsKsgw++POpzwqET9m6o02uKJr/V
8ha7EJyIK4352uFRPVRdnmx5yZBEHkux47/RhNfMPgT1LcvIit2+Z7D4LEmy62gKW9nSuir6ZKtX
mxnjoWsOLUzSGEt+5hviGZfa846bvmAkk9XYSX+Kx46cdMVaV1e6hBPmxZhe9PY6p0lmAfPObPYS
4AlpHsEun1EwkjYSH3Z4gJM1TacIGNoVrLbsq00CLdptx9VRb0hdI5iicqK5oalf1FMhn8Z8Ftv0
vJ/JNY1mRVcgxyK91kS8lSWqShhS6K/ANBc7vVK8GFVyxHzuYyi214Yj3nBMVXCHpOttLXZe6VeH
Pk21EaGepq8n9yGkaZmJQ8m4chjzWe9WtnOwwrUKykfSHrjTBYamsubv34ReoyXcSYdlRp9ann5n
mryrdkmBObUBhu4vk/olP1yU5pO9uUkRKM1WVa5LzIiu5LgSZ5ZRNcGFTJJhbNOdj3mrU0uktsWm
Tm8vhlbqXxGs1puWiB+JsT0wIBuPNx63PTMmBTBq7+pYvh+gEjLRklMvw4U+LcagYWsifkAtCF86
4eJOnF1/OMJa8BAhvh6zBG7PtYJGzy39MdOfC78vu3cVecPaGcydiNMEQLWSeXqMVlK3CYmCD5ut
sKmgc0FysEEg7tLegNiwFbl4IlSjElPmE0FMfLgur/tie9cAUi9BTD0ibdLCbl2ux+b5oLt5a6Ku
yT6prT2pLO/N2FDCMyUTynbtHoPU6oWOXvRyIq7NmlzWS14gTSdqfIF3TGu5JBFgE6itWedcsVB7
WYB5CnZZk53O8oy+JeZ+uUYzpZpWvL39wJw2EInEjrpWUH/Optxtp5uLSY81RduNadWcuR32h6rk
SySO9VTQwQBqIRSsvZjof9M0iyeCs9RKUhFA303zF9QlQRN/PA6YOmJeYLQHZnpFmgDqMhAjRUuG
80abVJcSmNsaHyVJlD4fMFBnuqnzKy6Szi9vTl+jPuJ6qivZhwiwO0JKvv/URUJGzmi+V06G/cZO
zl2sJyrqlvO+aft3YVOzZkrWFeCK3wvTojf6UIGiuWwqnbxNRNhETHOtqZ2tKjTxFIV9r6b6bpxR
nI6NRSMf+myBn2i9+R0fKQ/aeDDGN+66aDNnMn+t9HfqRlPfiJ+j6okivxaX5+Lbnz9cnr+E3RH2
4AHzH2E2MkyGdI/goB6uTox+dPmBaKh2tisR7T+/ftPTN/3dYOQb3owux7hwYPOaUoRlq/oTIpNG
n8DfmL5COKnSlLfFuyzdjJ+6LNkZhPU53j+cueXTFR1q+u8UtA54romrrjGnPDFApNUwa9aM9Zq5
MLentI1OIQYezS6UA2W53PYoJS3LD1PxUT+LvkYebxP0cwdiWrmnRdUReqQ61xkwgcp61VJuJ3Tk
oxCYn35zcsbi95yqB4tZ8FLp1jtSmlik/8ahWctHdgryUfPNOLkWDe8nfS0+bbQVHxgo5CGrkCXm
rCUU8ulzXFrPsylr+j5fyN7dwWy/mP7dcuMenPBE/MkmtNlkic4ZJI+ETeFwTRcNtbCkJIoZKtGp
kx+2qY2PmoxzyDhWueJOQbs375pn99iC+mRGolxC9GVdPbYrjWPYQoqVpjYAOUR/0+qUzMyOSRs9
a+OdarRol+fNQC6CabK8pib0telWTHPk1Jc5vGbPSKA3Fo54ATbRKu8MuTvW2tpy8rkxDXg9yoy7
WSQTtHrai9bVusv7sDEPlO95jkkbrkMbchtEUvJOlHEJuVASmAaDRsxB3tyUOnTuyM21HtaVgvEs
MLJD6GQHehSZY/orkoOhLTDsD5vPCAY5HXgw1p9RbWeuYLe5ZmWyLor1JKuYY0DdpqDmEKHc0jlr
3OxYpzRl3ovdexaBYU4ul7VamiNFc/6oj1noA/77Q/mYP2DN1fnVHPoYm6Sg6wOCr0elOxAp6G8E
aMeGGd8JwGOTwaE/8vRW8x3/TYk2zmdKhUH1e+NMqITouwHOZYN8c0Zn82p4lneE5LBeSYSFImSv
iYe+LkXGSFWN3mNMuFhSMtRv+9ylM4fcOxs0n3AMkm2HGhy1DWNrD2GGIFtZv+/3+MyqWq6hWdus
2GUQk42JKM0nr6eEQVYkGKcN+dDTLOoPuCe7Dcyb4Q695n4535tkoi2pI2BwlmRogHxr9NmfGq3M
oIa4ettJGHSgQ3g0awmXQVm6JUSX5F2tb1wIbfqjFI28oGfQqc+3qMlkY/o0lNaSvnwyT1QAgUdj
q3lvNP0OPkpnenPxZ65cJP3xCg38hYhyC7ZL3sObIBaDKumaAZ6OUTR4kVep9tk8yvjM7WPDHQO3
3/T5L3g1RcCQfb0v86B/giKFgWfpnLrbcS6+f3N6qwep1VB0svad+SLjaBo+QaJSHblPSVa3Rwy6
35lKT9+1DA8tdBBTooNqzZmi7IzX5TBWvBH6z3+6usfdvlOrt7c0DCqgg3QU8y1Y0+tp3N/wwAV0
Wf/ie0YT3orn7xHhutiM3A1GxlxfDgq/Stf+6gnY1pgmN76nNqnhhg7gFmVoUDa6kON5JC9YQQum
M4UOFS0l00dlVG/hmK5fD41K95TXOxOf8WUl39YtULW8uEH2PVex8IQ9m3vh3HXFx8vXwrEcm973
F2onCgCL56Jqk5O9m02hL9Popd57TKF3Yoc2EhkGH1dZq8Z0r0YFKdNAl2RqshPHopGlpDOCRJ3w
k77K246ZVXQqS7c3/fP6YX2CIMGvJKO2CX66OeEdt263zWInLApXvFRInzT3G076u2Hy3MEsuko/
Ob/4/vTDm1saNZ0NXwCaXTkNUEya570y9SSgoUEprpeUJUqFeNt/oNTLlP5jz8ZM0TWk+bs52PvE
9gf710CfXn76PaGTfARgcvKv/N+eCR58NoI7WJ+tMag3Gv3jvwEXRFfH
===END CRASH DUMP===
