PocketMine-MP Crash Dump Sat Jan 29 12:19:24 WIB 2022

Error: Undefined property: hachkingtohach1\PlayerStats\task\Popup::$player
File: plugins/PlayerStats/src/hachkingtohach1/PlayerStats/task/Popup
Line: 63
Type: ErrorException

THIS CRASH WAS CAUSED BY A PLUGIN
BAD PLUGIN: PlayerStats

Code:
[54] 			}			
[55] 			if($player->getHealth() == 0) return;
[56]             $maxHealth = $this->plugin->getMaxHealthPlayer($player)/5;			
[57] 		    $health = $player->getHealth() * 5;
[58] 			$player->setMaxHealth((int)($maxHealth));			
[59] 			$tip = "§l§c".$health."/".$this->plugin->getMaxHealthPlayer($player)."❤".
[60] 			        " §a".$this->plugin->getDefensePlayer($player)."✺ Defense"."".
[61] 					" §b".$this->plugin->intelligence[$player->getXuid()]."/".$this->plugin->getIntelligence($player)."✎ Mana";
[62] 			$player->sendTip($tip);
[63] 			if(isset($this->plugin->damageability[$this->player->getXuid()])){
[64] 			    unset($this->plugin->damageability[$this->player->getXuid()]);
[65] 			}
[66] 		}
[67] 	}
[68] }

Backtrace:
#0 plugins/PlayerStats/src/hachkingtohach1/PlayerStats/task/Popup(63): pocketmine\errorhandler\ErrorToExceptionHandler::handle(integer 2, string[67] Undefined property: hachkingtohach1\PlayerStats\task\Popup::$player, string[78] D:\FoxCraft\plugins\PlayerStats\src\hachkingtohach1\PlayerStats\task\Popup.php, integer 63)
#1 pmsrc/src/scheduler/TaskHandler(117): hachkingtohach1\PlayerStats\task\Popup->onRun()
#2 pmsrc/src/scheduler/TaskScheduler(141): pocketmine\scheduler\TaskHandler->run()
#3 pmsrc/src/plugin/PluginManager(467): pocketmine\scheduler\TaskScheduler->mainThreadHeartbeat(integer 281)
#4 pmsrc/src/Server(1753): pocketmine\plugin\PluginManager->tickSchedulers(integer 281)
#5 pmsrc/src/Server(1642): pocketmine\Server->tick()
#6 pmsrc/src/Server(1034): pocketmine\Server->tickProcessor()
#7 pmsrc/src/PocketMine(301): pocketmine\Server->__construct(object BaseClassLoader#2, object pocketmine\utils\MainLogger#3, string[12] D:\FoxCraft\, string[20] D:\FoxCraft\plugins\)
#8 pmsrc/src/PocketMine(324): pocketmine\server()
#9 pmsrc(11): require(string[56] phar://D:/FoxCraft/PocketMine-MP.phar/src/PocketMine.php)

PocketMine-MP version: 4.0.0 [Protocol 475]
Git commit: 468faa464b2bc5c97f23fafbb71ea61035f6f218
uname -a: Windows NT DESKTOP-BVRHES0 10.0 build 19042 (Windows 10) AMD64
PHP Version: 8.0.13
Zend version: 4.0.13
OS: WINNT, win
Composer libraries: 
- adhocore/json-comment 1.1.2@fc2f76979f0a44a5f5bc2a2b600d0762fe0e78e7
- brick/math 0.9.3@ca57d18f028f84f777b2168cd1911b0dee2343ae
- daverandom/callback-validator unknown@unknown
- fgrosse/phpasn1 v2.3.0@20299033c35f4300eb656e7e8e88cf52d1d6694e
- netresearch/jsonmapper v4.0.0@8bbc021a8edb2e4a7ea2f8ad4fa9ec9dce2fcb8d
- pocketmine/bedrock-data 1.5.0+bedrock-1.18.0@482c679aa5ed0b81c088c2b1ff0b8110a94c8a6c
- pocketmine/bedrock-protocol 7.0.0+bedrock-1.18.0@040a883a4abb8c9b93114d5278cb5fecc635da82
- pocketmine/binaryutils 0.2.2@f883e1cf9099ed6a757a10a2f75b3333eeb2cdf9
- pocketmine/callback-validator 1.0.3@64787469766bcaa7e5885242e85c23c25e8c55a2
- pocketmine/classloader 0.2.0@49ea303993efdfb39cd302e2156d50aa78209e78
- pocketmine/color 0.2.0@09be6ea6d76f2e33d6813c39d29c22c46c17e1d2
- pocketmine/errorhandler 0.3.0@ec742b209e8056bbe855069c4eff94c9734ea19b
- pocketmine/locale-data 2.0.20@a6e4eb22587e0014f6d658732cf633262723f8d3
- pocketmine/log 0.4.0@e6c912c0f9055c81d23108ec2d179b96f404c043
- pocketmine/log-pthreads 0.4.0@61f709e8cf36bcc24e4efe02acded680a1ce23cd
- pocketmine/math 0.4.0@6d64e2555bd2e95ed024574f75d1cefc135c89fc
- pocketmine/nbt 0.3.0@98c4a04b55a915e18f83d3b0c9beb24a71abcd31
- pocketmine/pocketmine-mp 4.0.0@468faa464b2bc5c97f23fafbb71ea61035f6f218
- pocketmine/raklib 0.14.2@e3a861187470e1facc6625040128f447ebbcbaec
- pocketmine/raklib-ipc 0.1.1@922a6444b0c6c7daaa5aa5a832107e1ec4738aed
- pocketmine/snooze 0.3.1@0ac8fc2a781c419a1f64ebca4d5835028f59e29b
- ramsey/collection 1.2.2@cccc74ee5e328031b15640b51056ee8d3bb66c0a
- ramsey/uuid 4.2.3@fc9bb7fb5388691fd7373cd44dcb4d63bbcf24df
- rhumsaa/uuid unknown@unknown
- symfony/polyfill-ctype v1.23.0@46cd95797e9df938fdd2b03693b5fca5e64b01ce
- symfony/polyfill-php80 v1.23.1@1100343ed1a92e3a38f9ae122fc0eb21602547be
- symfony/polyfill-php81 v1.23.0@e66119f3de95efc359483f810c4c3e6436279436
- webmozart/assert 1.10.0@6964c76c7804814a842473e0c8fd15bab0f18e25
- webmozart/path-util 2.3.0@d939f7edc24c9a1bb9c0dee5cb05d8e859490725

Loaded plugins:
Alerts 1.0.0 by hachkingtohach1 for API(s) 4.0.0
AntiInstaBreak 1.0.0 by PMMP Team for API(s) 4.0.0
AuctionHouse 2.0.0-BETA1 by Shock95x for API(s) 4.0.0
BuilderTools 1.3.0-beta2 by CzechPMDevs, VixikHD for API(s) 4.0.0
CraftingTable 1.0.0 by hachkingtohach1 for API(s) 4.0.0
DevTools 1.15.0 by PocketMine Team for API(s) 4.0.0
EconomyAPI 5.7.3-PM4 by onebone for API(s) 4.0.0
FormAPI 1.4.0 by jojoe77777/DragonfireHD98 for API(s) 4.0.0
InvCrashFix 0.0.1 by Muqsit for API(s) 4.0.0
KeepInventory 1.0.0 by NhanAZ, KhoaGamingVN for API(s) 4.0.0
MaxEnchants 1.2.2 by Xenophilicy for API(s) 4.0.0
MultiWorld 1.7.0-beta3 by CzechPMDevs, VixikCZ, fuyutsuki, kaliiks for API(s) 4.0.0
MyItem 1.5.5 by hachkingtohach1 for API(s) 4.0.0
NPC 1.0.0 by hachkingtohach1 for API(s) 4.0.0
Netherite 2.0 by Wertzui123 for API(s) 4.0.0
PlayerStats 3.1.9_BETA by hachkingtohach1 for API(s) 4.0.0
PureEntities 2.0.0 by LeinneSW for API(s) 4.0.0
ShopGUI 1.0.0 by hachkingtohach1 for API(s) 4.0.0

----------------------REPORT THE DATA BELOW THIS LINE-----------------------

===BEGIN CRASH DUMP===
eNrtPGtv20a2f2WgLFB7ryXzLVKFgzixszEax76xsym2KoLhcCixpkiWD9vKov/9nnNm+JKdNr31
YvuhThOL8zjv5wzVf0/ivNzw+tOtLKskzyYL52BSJxs5WZieYzu27XrOzLcMNwgOJk2hpqz5zHQ9
w7INy3VNywvcg0nKq/q0LPNysvj3pN4WsGxCz6f3QsI+gH0w2ciq4iuc+pBFMk4yGbGizAtZ1tsF
W3OxvkmyVZ3jJ3O5vEz5VpZXNa+r5bLm1Q0M5UVTLBZ/K2gKQMZNmr5OUoR5slguX+f3r0oe18tl
kTarJKt2oFSlWC6/GtGsWBeIQ8HXEA8Hqw8B3uEOuNE8AjskWAAnBYYnC88GEZdcwMcfJs8M9sfA
7nn2/oIVubiR9QbgL5cSpb7mWZTKcrkkHVznnRbeqInFQq3YS7JarmTJrANW1SWg+8Gb/8ieRj0d
yLn/I/vPaOeAtQyAHEDEz0xWbFB69FesZdQAt4fXsEtzvmea8/3fwc30eZ69b7I9gm59EfpV+7Rn
OuaORrqVy+WAkOnzsgVrD8AqyYC28dc5z8Bfyj3Hm/86zA799PmGJ9n1upQ8eiN5WYeS172WfZMQ
OgOEV7K8RbLn7q4lKVJQNANaps/rRPT4qgew3Udge461A1vNKGBKCN4j+wzb+ZV9l2UuIKLkpQIw
HwC4pC3nsGXPNswvwPj0SeQZmGgj6r08/EmKmr3klXwFsax6m/NIls/ALfTMEEBTJylYyTlI+m2+
Auaf2Z2tm9aurXdTlvFFNyAG/C8wYO0KoVLioU2B2gRmDYtK+XOTlHJPI3S9H1mx5uXi8PBkcdii
HcCenl/OcMEOSvSs/cmPvxxM5H8jpD9xuAU2FKxPSXabp7dyI7MaEEQgKVFP2lkYGYCCYZFHEll3
HZha1vjnF/ULJl23G0ziPU389PlK1uB1ab3e22dHR8zYB5XUTZl9i1s82MIGP3/b8Hu1mh2xv9Xr
pJo+V7QQoPN2VpHVItk/dL/tyZhrMgjeugP2GD1/Zy6R4XeUd8uqAbY99Oj9vZ64/f0BvqDfXCcF
oFpOlo1h8HmqfonlZKbpmC0nh/j01YzNEJY19xzYBbg8o8PVSmw5YQoNfxTwiYxlVsnHwdqc6XnY
C0MKh9nhoD8t/PAhfIxzaZqsZCbkD0MBf98k0d7+j19k92ywcZcoQzKMq8sJasazHtNMFl0nxR5K
e58W2UPDSypQ3d4OzohvwCV5mKRJvf2hm9wleH//3wjPGUm5yf4AQKKvd4xf8NHTj/SgrJU+ohX+
Mvnlr1ror1ror1ror1roz14LtVVChRXBMSi7pk8Zx4a4HTiYdH30xJwZMwNGeFOv87LCALfjZwiU
FwnOOLQYnmXGw1RGkwVoQh5MIllA/MfNMFflMWS4wQBaN2B64L6KmvY3VkKgQCxvLq6uP168f3sC
Q3cyrJIaaV/XdVGBVO54LdbVOqlnd1KG6XYm8s0hBujjrE7OwDb4S3CkmyHX44nf4P7y/PySXUu+
eSq+i82mACZHRChD/C2WiSuwdMwBeVPJIU/D4SFHFpI6fXl6fWyO+bpag60E7v0fY2tyCv6Xb7bH
l2eTnsVKw14uuaJrjXQB02Mqf5PZl02Sggtf53k6NNvR8Fh9NjAbyppbY2ZffZZifXl+Im9xwz+T
++TmzclTKVQg8GITAfDlMlS01UjbcrlD6VcZ9Cqp101IZjwg+3AECmRDcQDc5xoJHghnPP4nce0R
UTuPXyMXEAuIN0lFuZ1V21pWs0zWhxGv1mHOy4j8HaS0ayjd0FgMpvvAybu4+aSu3uJfLgeUaGav
ro/fX3+4/C0T6Ck77GAAswO369kdDA4ZdmfzmT29PHfGPOeZDOHvU/GqwUHxqqgAmFC6Din6TXd/
nZebMUftyFh/zq76fsp/yuUcfw5PSr7Ksxgy6JuTwH8q5noEmPqJpu7D13B2lt2CzVfr18n9gLvh
6JBDIHS2E63Pm58B3FOxsyFoy2WS3QokIE4gVKty6Wu4+U7KAmiXWZ2X2wE/4/HfCD3voHs5/heM
fbfO+T84VEWrf757KgYV8OVyRNHXJdlHfFCTCpyf8/vTTMDjqIwajo65tmY7ieh7meXFGhpSsX0q
XgcgkcOOlNHD16j1vEnr5GNeptGQt35wzNpcZ1r7NzPtq3/Rhce2qavmJoHPNzxNkpvqP5J/N0jv
HdIL/A9p/yO5dwAI5bQ9q+VmKCM1MJaPO3P/O7lWUdP+fqrs+u7y1YBjfPqTlBZAyu9z7C82DO9k
vZYlLe4Z7cZ2iuoxsx+h4vvcJKZlPxWfPURgsSXi/x3BemiHPUfA8vDkuGd6fJ7cs23PzFnwCXuJ
/46qR+c7YyL/mOYvm1KeQkNWJ3Ikh+Hwg6ZqLIO3MskyefXxqZhPCd5yWQANUtMATI8p+n2lZEvi
4QgKsA+tYPGPD8O6qx35k/i4Jqf78DRBDS9YeAkM13K3C2gPVYiD+1pmKAMyjVd5iRh8LNEw9YVi
w+v1cETwFDiCvcOxfPMpymugYDSqb6f6gaZMh88Rr0fzcZICrcOR1aYYPq6BveFzAvX37XDgp4p0
2T1vQnXONBrLoX1VdahJ9UtVc2QoGi4qxFgO72WcSuruh6MVSbQaD0VJsxmOXF2+HaHfVj+nGSLT
n1g3Vec3Mks+j0Vwf6+5RnKxbN7yTUpOatHj56RQXV9AGflzmoTD7fB4vxlLPUfyLMOwTdMKYODy
5GLEepR/ItJ2B2EoGSssB+OuqtHCq2RTpPL78xHPOxTAIx7+7vC5Se8wbo8Gi5qOiVHCjvbPy/WO
7a2b7IaOOy0Skk1SSVZhknEs3yGsWzMPJSFvZRqFehGCAt8p6lwPWEpYEShamSXKG1f1x5qfelyD
ebwYTbI4H9lt9EDlychKSJT2cKiU4B7oh6tG2WIL/1/gbuziUkCsGAgfvXtdaLyIUWay5OkwvA/d
HV2ZV7J/o6iTJ53oTBaWYVsgtuoTRJXJIuZpBeGsKPM6FzlAdeYu4EjQvx3Pjzl3PCe0QuGKYB5b
dszjMJybknumYbuxF1umD7AbTcrHJIvyu4q9u2Ynp1ffXV9cTl/+8/2b0yuDmUAFIxqYGRiOxfba
xaaxz47PTzzs6/GNn4GsPktyIKczk3XxKUedfDx79+4aDRMf7qiWgNhU5JUsP4FyS17qFMijNTBW
ykOMGFNYo2+fTYwJL2JhxXMvmAexwR2Hu7EbCotboWcYkTH3rFgacu7LOYqvTMTNoQ6SxiyY2S8E
d+eR6ceG5ce+E0NXHVqm54vIDEwzNCIpLduxuaQICAqB6APpC+JqGnJxM72F9gEiI17wgwBvsvwu
e6F/o7Wtyryq5CGwzKsM70lvLTTnF5ZhBYFh2wLk79iGIUPP9eRc+tL3RexakRl5XuAgVojTpawk
L8Wa+N/woiC/uyWjeOGHoTAsk/syCi3p8LnkVuzzyIl5IEUQCWnFIvSjkXMchjIq4WkKtHPdIhj/
0w6CXEF7LxzfEt484NyVkRH6pjCAOCs04xifTIMHjvC5Jx6H3JvjZI6E7kI3HIP7vs0dHoa+CMIA
IpwTudbcF6EbSyE82424b+1Ap0DRe7WFBgBgpCniwAgCGXl87s45UAdW4YY2/EB9ZYkoDsaQHlUh
1hX2C8+Z+3MHTMrzQsFBoq7vu5ZjSd8Vli0sV/rCdfkOaQLvedJch0okDUQYSG4bdhDYMo7i0A5E
ZBuWtEzXi1wDQPuWEYB17kDK07yHYQSh9MBZozl4qrTtyPNNMJwgsgJhWcLxhDmXZrRDzfDato2i
L6SYO1aIKH3D9cIQGHINLxCOjGNQZjC3HcnNIByDSnMsI1pTwXrTMl5wTzogV8v159IwTCf2Ig8+
25aIPdu2PGsOgcaP7F1QKyLGQWI8EZiWMEBvrit84MA2DV8KMP45mIMXO4YjDOchhOkg0ShQnhnP
kSkR26AxYTlAG7i9xUUEBuEb3AQvsMWOD3RxgEBEniMt13XDyJIBWrzluHMICG4Em2Nh2kBjEO8Y
exbWnXADXzjccEKwjMB0JcQU347s0ADbBkGBY5o8BPWbYwj9xymVT8qpf0fYHsAq+Y0qKCDSOuAY
0ua+Z5pgy3NDmjEHn/IsFxzPhGDnOHMJoSPkUjwGZZoUoq1jXgSWxT3HcYAZT8wjDiEB//NtyzTA
9qRw5rbP5Y58qyzPP8s2z78wuPAhVoPNm8IxA27GIHHwL3B633Yx/rqBtMj4oBCu5Bb9oK/j6ADr
hYCfuSOlK23Lh6IoBE9yjNA1wZ6lBHsLQ88TBu+BNE2i0g9EXsgVAcgwDl3b973AjKO5PQe7cJxI
hE7kwW4RW04U4/Z1s6k4b/c/DO7VdhPn2RY0mG6hrEinbQl9C6TapEQRBe48mMsAoo/tx1FkhYbt
BTYEOMg7EtRrgHE9Bgsyhm90sMwXEG4NyEMyMnkAQYADtIBL04LYDskDMpZhuc48/CIsc0CX9MAo
gtiO0M5jSEGB44OvmoZwhA1E2eC8Afyr2phN/pmX9SHENujbVdJFC/UCzxFzsAbfcHzT4b5jgRFI
A3QcmW7IQyM2fXCoEZACPG6KwZviCNISBXYQz2UEPivAJMIwEJhzXREabgTZEGgLjDmAoQ6ps63Z
lorUZwzPIJjAQ/ZVU3I0FYYlHovzko1qqmX2jF2vIZGyStZ431MxXkpWryXLM1nBB14zwbMsr1ko
WZKJtIHgAR+Yuh6f6VdXsPcFWFf5BnbGCGAXZsVjecByPNqoECQL8VqVbfOm1LBYErMN9B5xQhig
tsHX6NItAn4n7zpw0DXGvEnrit3l2Tc1w9TPSwZdbw7BK8EUtkUK8W0ixffdWmasKVYljwDAbJkt
sxbYYpkx9uzjms5cWJ0zfC+KAQj9PgHIAKqbCgvqSE0TqSr6M5BnKmuSF7ayQjKVXHBkg5BB4kJO
U44l8UouGFWlOFGtmxpqxGyq33NcsOVEvTLBRArFXrScEGXHaZrfsTSpkNr2NSZ2m3D2v40st7jm
Z/ww1VMLhm08bT2lxl7vYUAXw3IRXzYCoSC0cMu0KHG9OgeYdtMDYp99BI8BiwC58ihiUHkp8aNY
8R0RtpG8akp6/5GB0EOJRINw5M8NT1Fsq+QW1kJR0Ui2p5Eyy9hH6AqjnJaygL52CmLHtz0WME24
3zWbEKQCVnVcbTOBL+KA4ssbsKMZLfgA0iLTbjnFZesyz/IGtAfLqwNG581MdRjoDwcMi2pgBFsJ
kg34I45tmgwsCJco4FekXuAJrKzM7xOwMAliAJbIcrOOOJStJugsRlvFNWiTByypvwHx1SVti2SN
b7qgyexsZnvAQwN+Y5FYiI2p5nRBoHZtlZNxlE2WoToj7A7zgpRA7Ug1YyfyVn9mm2S1BmfG26SD
ofNpw0GJlGVT1GpUCQwFswHaNF+kXHBK6jUi5RD8Nk8iIPtxCtBG0Oag4E/AumYDQ4PFU7Wos7Rl
tpGAbquc8h9pHoL14BkUU+PgB5ukRt/eyBUP6cyIXSlRGyTcpKL7a9x+jVq7S0jyZFHgtHdTBag1
soo4xLtI+MAkXkMhmLiUskWpjBy01aCbslUOisrRTdEqENGKyJwSaQtmIBeAnUKwqsj+9Bzgod6v
0b+Gbv6P0V/VeUEk6PDZkaTBVQzCR4HZNOoIQqwtVSbUnZowCgIfySs0fdU3T0Ah+QWRhBGDiQaS
TwbJh8l7KRoKvrkiWXkkJqtutbwXUkZVz5EKXBfXpwt2/ebsir09Oz+7ZseXl2/PTq/Y5el79vHi
/Xen7w8YLGLXF7DqlH18c/H2lF2+v3h1enU12w0BI3lYrqfFcSnLJKeEjIG4QgbFWlJIJml0wdYE
2UNJEFFsoSVTCIVShVkC9SrPgE8I0GBNyO+XjE0Z2d0aMyvIBEOQWkaQFRAIvX0gVxmJcFxgDsE8
TxtmD1ejLegTaVBbIQWWA0qySK7Sq9rb8QDmJYuqZ9U2NK/V/uMkac5tzfmKlyF4xrSvrCkAPS5d
cjUkR+9iehfE7g3PGio+hpRAYdaADe4ftDlh1whbM1TpNYYmv1b8bnoXnLELFfOVwUP1kDdp1NGS
QBK5y1hPf6UAF0Q+MOoZhuYVsL2mYPEgSZLpKAgdb3GZb9pkq3brFdOhaQ41jNxoTT6wDfaISY2s
46otGFFlJWBCM9SGHDWbQlVXqoRjemKKE62+TnCR3kC0E5ktB/AEaR6cnT8iYEjakPgAwy0YWVU1
EgNDvQatrdpqE4MWYuupOmgVqWoEXVTOFDW49Ity2vD7KZ3FVi3tr3iBo8mm2UCOhfRaIvCaZ1BV
giKZet1bUdHLFf1Fi5I85qGNQbFdaIoI4RSr4AaSrtNp7CRXU7s2jbURRj0FXy1uXUjB0guHnFHl
MKWz3o63EyCFahUoH1F6QJ0qMBSUgmNPwtQexWHPHWzT8lT8tJhxcV/togBTbAM03F8H9Wt2uMwy
WaPCFjpFQGm2zlNVYoZ4QUmVOJFc4avxTCcZim2q89GzKrWEsis2VXp7NtRSO4VhtdzWCPyATc2B
Akl5hHhat8ToFEBRu69j6X4AS8hIcY69DBX6uBm/Z6DImrE3UAuCLR1RccdeXX44gL1AQwj+dZdE
YPZUK6jo2cGfEvwF89qyu6/IK5LOYO2MHUcQqNY8jQ+hlVRtQiTBhjUqQMrwXBANbOCIfdobABu2
Iqf3GNWwxOTpjCERHy6zy7bY7htA7CWQqDtIm7ixKbJiqp93uptz7XVV8ll2+sSyvFVjhQlPl0xQ
tivzGKRWJ7DUpv0Zu9R7Ul6uaAPXnai2BcIYl3yFLIBOQGxVkVLFgu3lBohHZ+cl6ulVmsAq1S/j
a+eyqtn59QeitAKWkO2wqRn256TKHp1qLmZtrNnUzRR3LYjaYX8oM7pEIl+PGR4MCHz5s2MT+t84
TsSMUZZacywCWLIB2dSoO9AGfdUbwtQB0QJKuyWi1ygJiLoUiCFFcwrnlVKpKiVgba1tFDmR6nxA
hzrdTZ1cUJF0cnZ1/BLqI6qnmoxsCAN2g5GS7j9VkZCgMerv40XDfqPns/f1SIbNatE2bc+Zic2a
LlnXEK5onukWvVKHCujNWZWr5K09wkRgimoF7dU6hyYevbDt1WTbjVMUx2NjVvHbNlvAR2i91Ref
cG7QxgNhdDOvijZ9JvNTnmTqQIAk9Q37Pszv0fNLdnbC9r7/cHayD3oHtwcaYP0dqA0Vk0C6B+fA
Hq6MtHxU+QHekPe6y8Dbv3/5toWv+7vByDeEDC/HqHAg9epShHjL2xMinUbvgb4pvphwlMcxoYW5
JN5O75sk6hVC8pyOD2eu6XRFuZr6vwooGdBa7VdNpU95BASRWoVZvWeq9iyYvj1FNCqF6PCosWAO
5Nmq61Ey3JbupuKDdtVtIu+mXYJ+7EBMCfd4kzcYPWKV63QwAZG1osXcjtGRjkJA/fiZkjNsfk+p
erCZGM+kar1DqYCFMkbfrwp+R0aBNqqgk2nh8DjpK/YRUcc+xEDGd0kt1Hd/AJuEfPoYlcbjZPIS
IEWMt+YOxLab8XdHjb1zwhOmuSD3rZJI5Qzkh4NOweCqJhxKYYVJFFbISKVOeuhSGx01aePgQshU
UqegzJuwpskNoMA+mSJRyoH1VZnf1WsVxwAFZ2sFbRDkwPurWqVkInaK0mhJm/aiUaydnVQDvjBM
o+YVNKauTTs29ZFTW+bQnpGSAN6UWewZkAmtcq/I/lir0+XsoTJ18LrjCXWzkEyg1VNWVORFk7Zu
ox8w39ManTZsCxFSG4RcEibMuBi5oCTQDQaO6IO8hS518NyRmms1rCoFbVlASB+hoz7ooWdO8WvS
O0NdYBgP69cIBjkd4sFUvWDVrVyD3haKlBl+w2eW5EQxhLrtBptDcOUaz1lF1ZOOaUrPs36eWKAw
x1erUq70kaI+f1THLPjt05td/og+iDUXJxf4PbKpTgqqPsDwdSdVB8LBye8IY0WE9wzQ2Gxw6A95
upN8U+ALSUo5D4QKClXz2pigEsL3BiiXDfLNKzybl8OzvANIDsWag1tIjOwl0tDWpZAxYllC7zHF
uJhhMlSzbe5SmYOPzgb1KxyDZNtADQ61DcXWNoRpgKRlNd/ieKBVxddQrXWy6TOIzsYIFNej1WPC
QC1iGEeEdOipN7UH3LMegZ4ZYmgl9+v5XicTpUnlAYOzJA0DwNdanu2p0VoPqhBXdp2Ejg54CA/N
WkRlUBJ3gPCSvCnVjQtGm/YoRUVegKejU5tvoSbjle7ToLTm+OaTfsICCGjUulq0SlNzYKN4prdg
P1DlAkXrAR3y/YhAqQXrk/fwJojYwEq6pACPxygqeKFVyfrRPErxmdrHijoGar/xfW+gVRcBQ/IV
XqJBfQSI6AaOoXJqj3HBXr89vlaD2GpIPFn7Vr+RceAG98BRJg/s+ygp6wMKut/qSk/dtQwPLZQT
Y6ID0eozRd5oq0tBWWLL1Ndgm7KNu22nVna3NBRUAA6kI0G3YFUrp2l7wwMmoMr6Z68pmhAqWj8C
QnWxHvk0GJlSfTko/HJV+8t7iG2VbnLFDbZJFTV0ENzU9/NVIUfrkN8EvxuZqkyhXEVxSfChMiq7
cIzXr7tKxXvKy17Fr+iykm7rllC1PHtdJuxECmY5zLIWtrtwDfbx7CWzDMvEBe2N2pGECAvPm7yO
jkZXm0zdpuGkQj5F3zsyA9P2dgZvPRq2cVg3C0kBg2DsMHK3Tmo5xRs4LF0JGfRTuno7sgwcWXE8
TYjkET2pS79uTO/C81u852mfi9tCY4gSbLDAordHFkFrDbTLd0fEM9XGWHIfqa9PlH29LKPBErxx
Pzo5fX384e31gCe6J9QoKVug6+rnUTV75OPQoGKnJZNf/g9rC4JJ
===END CRASH DUMP===
