PocketMine-MP Crash Dump Sat Jan 29 18:55:00 WIB 2022

Error: leinne\pureentities\entity\inventory\MonsterInventory::getItem(): Return value must be of type pocketmine\item\Item, none returned
File: plugins/PureEntities/src/leinne/pureentities/entity/inventory/MonsterInventory
Line: 42
Type: TypeError

THIS CRASH WAS CAUSED BY A PLUGIN
BAD PLUGIN: PureEntities

Code:
[33] 	}
[34] 
[35] 	protected function internalSetItem(int $index, Item $item) : void{
[36] 	}
[37] 	
[38] 	public function getSize() : int{
[39] 	}
[40] 	
[41] 	public function getItem(int $index) : Item{
[42] 	}
[43] 	
[44] 	public function getContents(bool $includeEmpty = false) : array{
[45] 	}
[46] }

Backtrace:
#0 plugins/PureEntities/src/leinne/pureentities/entity/inventory/MonsterInventory(21): leinne\pureentities\entity\inventory\MonsterInventory->getItem(integer 0)
#1 plugins/PureEntities/src/leinne/pureentities/entity/Monster(193): leinne\pureentities\entity\inventory\MonsterInventory->getItemInHand()
#2 pmsrc/src/entity/Entity(1446): leinne\pureentities\entity\Monster->sendSpawnPacket(object pocketmine\player\Player#29961)
#3 pmsrc/src/entity/Entity(1455): pocketmine\entity\Entity->spawnTo(object pocketmine\player\Player#29961)
#4 pmsrc/src/item/SpawnEgg(44): pocketmine\entity\Entity->spawnToAll()
#5 pmsrc/src/world/World(1813): pocketmine\item\SpawnEgg->onInteractBlock(object pocketmine\player\Player#29961, object pocketmine\block\Air#94525, object pocketmine\block\GrassPath#94520, integer 1, object pocketmine\math\Vector3#94493)
#6 pmsrc/src/player/Player(1611): pocketmine\world\World->useItemOn(object pocketmine\math\Vector3#94497, object anonymous@plugins/PureEntities/src/leinne/pureentities/PureEntities#L119#94492, integer 1, object pocketmine\math\Vector3#94493, object pocketmine\player\Player#29961, true)
#7 pmsrc/src/network/mcpe/handler/InGamePacketHandler(360): pocketmine\player\Player->interactBlock(object pocketmine\math\Vector3#94497, integer 1, object pocketmine\math\Vector3#94493)
#8 pmsrc/src/network/mcpe/handler/InGamePacketHandler(223): pocketmine\network\mcpe\handler\InGamePacketHandler->handleUseItemTransaction(object pocketmine\network\mcpe\protocol\types\inventory\UseItemTransactionData#94479)
#9 pmsrc/vendor/pocketmine/bedrock-protocol/src/InventoryTransactionPacket(114): pocketmine\network\mcpe\handler\InGamePacketHandler->handleInventoryTransaction(object pocketmine\network\mcpe\protocol\InventoryTransactionPacket#94541)
#10 pmsrc/src/network/mcpe/NetworkSession(395): pocketmine\network\mcpe\protocol\InventoryTransactionPacket->handle(object pocketmine\network\mcpe\handler\InGamePacketHandler#94659)
#11 pmsrc/src/network/mcpe/NetworkSession(358): pocketmine\network\mcpe\NetworkSession->handleDataPacket(object pocketmine\network\mcpe\protocol\InventoryTransactionPacket#94541, string[99] .g...........@.................?..................?......@................r)Cr=.)
#12 pmsrc/src/network/mcpe/raklib/RakLibInterface(192): pocketmine\network\mcpe\NetworkSession->handleEncoded(string[85] c.a.L.Kg.addbd``......\.p....M.....%v&&L.{.4..l...l...p....C.=.!&.6u39.&.F.q.L.&)
#13 pmsrc/vendor/pocketmine/raklib-ipc/src/RakLibToUserThreadMessageReceiver(42): pocketmine\network\mcpe\raklib\RakLibInterface->onPacketReceive(integer 0, string[94] ..uU..A.....e..f..S...l...:l..)...$..O4`aL..*D..[M.....u..x.:.....A..: ....[....)
#14 pmsrc/src/network/mcpe/raklib/RakLibInterface(122): raklib\server\ipc\RakLibToUserThreadMessageReceiver->handle(object pocketmine\network\mcpe\raklib\RakLibInterface#26163)
#15 pmsrc/vendor/pocketmine/snooze/src/SleeperHandler(123): pocketmine\network\mcpe\raklib\RakLibInterface->pocketmine\network\mcpe\raklib\{closure}()
#16 pmsrc/vendor/pocketmine/snooze/src/SleeperHandler(82): pocketmine\snooze\SleeperHandler->processNotifications()
#17 pmsrc/src/Server(1645): pocketmine\snooze\SleeperHandler->sleepUntil(double 1643457300.1298)
#18 pmsrc/src/Server(1034): pocketmine\Server->tickProcessor()
#19 pmsrc/src/PocketMine(301): pocketmine\Server->__construct(object BaseClassLoader#2, object pocketmine\utils\MainLogger#3, string[12] D:\FoxCraft\, string[20] D:\FoxCraft\plugins\)
#20 pmsrc/src/PocketMine(324): pocketmine\server()
#21 pmsrc(11): require(string[56] phar://D:/FoxCraft/PocketMine-MP.phar/src/PocketMine.php)

PocketMine-MP version: 4.0.0 [Protocol 475]
Git commit: 468faa464b2bc5c97f23fafbb71ea61035f6f218
uname -a: Windows NT DESKTOP-BVRHES0 10.0 build 19042 (Windows 10) AMD64
PHP Version: 8.0.13
Zend version: 4.0.13
OS: WINNT, win
Composer libraries: 
- adhocore/json-comment 1.1.2@fc2f76979f0a44a5f5bc2a2b600d0762fe0e78e7
- brick/math 0.9.3@ca57d18f028f84f777b2168cd1911b0dee2343ae
- daverandom/callback-validator unknown@unknown
- fgrosse/phpasn1 v2.3.0@20299033c35f4300eb656e7e8e88cf52d1d6694e
- netresearch/jsonmapper v4.0.0@8bbc021a8edb2e4a7ea2f8ad4fa9ec9dce2fcb8d
- pocketmine/bedrock-data 1.5.0+bedrock-1.18.0@482c679aa5ed0b81c088c2b1ff0b8110a94c8a6c
- pocketmine/bedrock-protocol 7.0.0+bedrock-1.18.0@040a883a4abb8c9b93114d5278cb5fecc635da82
- pocketmine/binaryutils 0.2.2@f883e1cf9099ed6a757a10a2f75b3333eeb2cdf9
- pocketmine/callback-validator 1.0.3@64787469766bcaa7e5885242e85c23c25e8c55a2
- pocketmine/classloader 0.2.0@49ea303993efdfb39cd302e2156d50aa78209e78
- pocketmine/color 0.2.0@09be6ea6d76f2e33d6813c39d29c22c46c17e1d2
- pocketmine/errorhandler 0.3.0@ec742b209e8056bbe855069c4eff94c9734ea19b
- pocketmine/locale-data 2.0.20@a6e4eb22587e0014f6d658732cf633262723f8d3
- pocketmine/log 0.4.0@e6c912c0f9055c81d23108ec2d179b96f404c043
- pocketmine/log-pthreads 0.4.0@61f709e8cf36bcc24e4efe02acded680a1ce23cd
- pocketmine/math 0.4.0@6d64e2555bd2e95ed024574f75d1cefc135c89fc
- pocketmine/nbt 0.3.0@98c4a04b55a915e18f83d3b0c9beb24a71abcd31
- pocketmine/pocketmine-mp 4.0.0@468faa464b2bc5c97f23fafbb71ea61035f6f218
- pocketmine/raklib 0.14.2@e3a861187470e1facc6625040128f447ebbcbaec
- pocketmine/raklib-ipc 0.1.1@922a6444b0c6c7daaa5aa5a832107e1ec4738aed
- pocketmine/snooze 0.3.1@0ac8fc2a781c419a1f64ebca4d5835028f59e29b
- ramsey/collection 1.2.2@cccc74ee5e328031b15640b51056ee8d3bb66c0a
- ramsey/uuid 4.2.3@fc9bb7fb5388691fd7373cd44dcb4d63bbcf24df
- rhumsaa/uuid unknown@unknown
- symfony/polyfill-ctype v1.23.0@46cd95797e9df938fdd2b03693b5fca5e64b01ce
- symfony/polyfill-php80 v1.23.1@1100343ed1a92e3a38f9ae122fc0eb21602547be
- symfony/polyfill-php81 v1.23.0@e66119f3de95efc359483f810c4c3e6436279436
- webmozart/assert 1.10.0@6964c76c7804814a842473e0c8fd15bab0f18e25
- webmozart/path-util 2.3.0@d939f7edc24c9a1bb9c0dee5cb05d8e859490725

Loaded plugins:
Alerts 1.0.0 by hachkingtohach1 for API(s) 4.0.0
AntiInstaBreak 1.0.0 by PMMP Team for API(s) 4.0.0
AuctionHouse 2.0.0-BETA1 by Shock95x for API(s) 4.0.0
BuilderTools 1.3.0-beta2 by CzechPMDevs, VixikHD for API(s) 4.0.0
CraftingTable 1.0.0 by hachkingtohach1 for API(s) 4.0.0
DevTools 1.15.0 by PocketMine Team for API(s) 4.0.0
EconomyAPI 5.7.3-PM4 by onebone for API(s) 4.0.0
FCCore 1.0.1 by hachkingtohach1 for API(s) 4.0.0
FormAPI 1.4.0 by jojoe77777/DragonfireHD98 for API(s) 4.0.0
InvCrashFix 0.0.1 by Muqsit for API(s) 4.0.0
KeepInventory 1.0.0 by NhanAZ, KhoaGamingVN for API(s) 4.0.0
MaxEnchants 1.2.2 by Xenophilicy for API(s) 4.0.0
MultiWorld 1.7.0-beta3 by CzechPMDevs, VixikCZ, fuyutsuki, kaliiks for API(s) 4.0.0
MyItem 1.5.5 by hachkingtohach1 for API(s) 4.0.0
NPC 1.0.0 by hachkingtohach1 for API(s) 4.0.0
Netherite 2.0 by Wertzui123 for API(s) 4.0.0
PlayerStats 3.1.9_BETA by hachkingtohach1 for API(s) 4.0.0
PureEntities 2.0.0 by LeinneSW for API(s) 4.0.0
ShopGUI 1.0.0 by hachkingtohach1 for API(s) 4.0.0

----------------------REPORT THE DATA BELOW THIS LINE-----------------------

===BEGIN CRASH DUMP===
eNrtPItS3MaWv9ILdxO8y2j0Hmm2yIIBx1TAsAbHqZtJ+bak1oyCRproAYxT+fc953TrNYBf4dbN
rbITG6nVfd7PVovft+K8WPLq3Y0oyiTPtqb27laVLMXW1HBty3Ymlq5rhmvYhrm7Va/kI9PTDNPW
ffzPdyae5+5upbysjosiL7amv29V6xVM27qCH3Jsd2spypLPcTQVSZaJ2WxVF0JkVVIlopzN6Go9
myXZDVzmBVye5VlZieKkGZlO56I6qcRy59mUvRZVXWTshqe1YMu6rFggWB4zRM1WeXgtqmWCaBJY
MJvhsl2W5ZlgBa0UERAV12n6IkmRqqPpbPYivzsseFwBbWk9TzIg6wKIPG6JLItwNvti+rXVYoVI
JUKFYtzHMAYEYwl/3Ac/ltDHLfDxJmyAmwK7oD/QU1XwEC5/3trW2dOi2TENkP0XS2D0XaPBJKvE
XBRMfwaUbxtfRKaCvmP41pMQdZK95Fm0QxSZbLVE9PhXoSOy1juGbbsfRadwjL4rRRZdrvhtdsHR
JHfy4FcRVgMDXaV8LQowNfq5bfq+axAN1gdocBygoQ+lwSxnAGJEepV/FkK7hxDdZkyUH8/nO7b9
aegO0lTKz+mBus2LNBq/xX93DM+wNkBJB21Qjb7LsxMwDjDh6nkK0z6Vg132wMQAIcxmB0mx7duO
6Xxo0vcFL8sLXi1oqr7LGht9GDREzcVs9iMM54UFS2ywQuTc7XEu6RxLMncgjBobvJNoZjOSzei7
uhRoh+fZzifhm7R0cQhs62Vel/uf5Uf9SdunhuETWPMLOH9w3sNaqopakKAmPUFlogJRXI+X4UqM
F+CFKYjtJPueL4V0nJdybMdy9Q0RDrGMvks+ZjwPCvLLdO19CQumuekBainggbWzmVoMSev+6tF3
8ukbaSpXBc9KYBZS90OsbgBeFXmVh3k6m2GWLAdR8T7AI15x5HXiE6++4hVWRHkx7tCMAxEVcDdq
wJM42vDag6hioGHYf14AD8H/LBE8TiD6vy0joqE/puFX8uYSyhrEbPnOh3n6FMQNb5/Ax4dEBPS7
jlSaYXwq/Y73YfqH8xtK0UYez2xfLPtdVlZFks1/9v1fmDbXuj/72uaf/9UeG7o3t3h2WOxpUjDm
Y4Ip+HWaBOPX/Po0CSgTxVBNQZFhfomAjrMwj0S0o/jxnF9YqHHtVPthrvEoCqJ//EPSNptpK/x5
Rnf/efPNN6fa75qtaakm/9LTQ21P+49vNLe2fO0b7YX2G0D6RjJkPeqfkqNRspLcSs6ucvD44mpR
CB6dydr8tQhFAo3Ajv0RViXA2WxDRpi6pRYVpK7K6xRqg0K1+o2mHRCjQtNiTbtUPE7hn2fw82+a
dm7/g59q2n8dadrPUia1pt1pU7qEtVOGFz/jP5J/+3MVaiKXDSsgixt0JxBSw9cHJPQZjvqIrLZN
13BlEjGcRzVXZnn+XhBLl6kQK1E0ScT4WBJ5VEefsOb3MM1LqA3+kLWc4X4Bgd6mDcmpUOgN5gE9
kDtAuq/yKomTkGMoKBXefoVwSQqCGsp2PhFwifdvoLxJd6K8DlLB+i2t6XsSifcAEt3azFDyyei7
KgmvLyTFeaHI9HsQLmjNGazZsXTjESDv3oXYHxR12IbN57wUh9BDl6c5j7BYerAOqYEZSNtnPMlO
8zl41rbVepZh/sKGTWz7yNQ3H7X9rWx29Ec4MDfFIN1EtUgqt+xQVVuI3+qkEE2gc9xf2GrBi+l4
fDQdN4h7wEdnFxpO2MCJPfKzrV/+2N0S/3abCf/kvh5kImG/g+l5eiOWMAUQRiD2sNpqnsJIHzWM
YwZCQVoWPJtVf8CQZcMl/nRoCDMzwBARi+uMsjEVxEXG08uuYWd/S7JI3O0yHIAb+PcZm7KbPIl+
R1huB35Cl3jlSQTgf0nYQQfZXybvxQ6uB8i03G+X23qz3DYeW75BFALCIYRkmx0kq4VkPwbpMAdW
s6rcCfI8RXBhWkfieLmq1myPxTwtBULnRcHXBN7pwCPLf2z98XXL5euWy9ctl69bLl+3XL5uuXzd
cvm65fJ1y+XrlsvXLZevWy5ft1y+brn8u2y5NPsHJW4VHIA6K7rKOJ74aAZ2t9qDIluGpms6jPC6
WuRFic3vgoeLa6ClyvHKQKB8leATmybDvcg42EW0NcWidHcrAvvJIlwMz8o8ro76A0tO+xkbYKG5
IGqan7hHAirEjY/zy6u3569Pj2DoVgQl9Dm4vKpWJUjlllfholwklXYrRJCutTBfjrF5PwCLPQHr
4M8h8Fz3uR4++Aj3F2dnF+xK8OVT8b1aLlfA5IAIaYofY5m4qinJv4QeRfR56g/3OTKR1NHz46sD
Y8jX5QJsxXfu/hxbW8fggflyfXBxstWxWCrYsxmXdC2QLmB6SOVHmX1eJyk48VWep32zHQwP1WcB
s4GouDlk9vC9CBcXZ0fiBhf8mNwl1y+PnkqhIQJfLSMADj2wpK1C2mazDUo/yaDnSbWoAzLjHtnj
ASiQDcUBcJ8rJLgnnOH4X8S1B0Rt3H6KXEAsIN4kDYu1Vq4rUWqQcccRLxdBzouI/B2ktGko7dBQ
DIZzz8nbuPmkrt7gn816lChmL68OXl+9ufiYCXSUjVsYwGzP7Tp2e4N9hh1tolmjizN7yHOeiQD+
PhWvCtxsJiQVAHM2G1D0UXd/cXiYF31bVgObRmz8a4xYUtP8fCqzfZEXy6Eam5Eh2/amzf6a/5qL
Cf4ZHxV8nmcxlA0vj3zvqQTQIcCKh2hqLz5FndCcgqOXixfJXY+7/mifQ/2+Ys/q3wDcU7GzJGi0
VxMiAXEC+UlWiZ/CzQ9QBHcvcDp+huMfibevoN05+DuM/bDI+fccasH5j6+eikEJfDYbUPRplcUD
gUeRCpyf8TvovuF2UDv2R4dcm9pG9v1JZPlqkaRJuH4qXnsgkcOWlMHNp6j1rE6rhLaN+7x1g0PW
Jqq8sD5aXhz+nU4ir+uqrK8TuL7maZJcl/+UomOJ9Kot8AHtf6bg6AFCOa1xV7MvIzkwlI+jOf+a
2CypaX4+VWx+dXHY4xjv/iL1FJDyeY79aJf0SlQLUdDkjtF2bKOTGDL7Fsrc93VimNZT8dlBpG1A
ScQXR7AO2rjjCFiWLzguKz6IZ/3RPtuWZmj+O2yg/jWq7tE1uPnTmh+cJ+jJYXjMYKOTHMrglN6F
Xb59KuYffhe8QdHn1c8NiYN3dMg+9L+r79/0665m5C/i44qc9uJpghqeN+EFMFyJzdan2UkiDu4q
kaEMyDRkWb7lYYmGqS8I8UVefyTkKXAEa/tj+fJdlFdAwWBUnfzpBuoi7d9HvBo8j5MUaO2PzJer
/u0C2OvfJ9B03PQHfi1Jl+39MpCba4OxHHp2WYcaVL+UFUeGov6kVTiUw2sRp4K2NPqjJUm0HA5F
Sb3sj1xenA7Qr8vf0gyRqSvWPqrya5El74ciuLtTXCO5WDav+TIlJzXp9n2ykq2uTxn5fZoE/eVw
e7ccSj1H8kxdtwzD9GHg4uh8wHqUvyPSNgdhKBkqLAfjLsvBxMtkuUrFT2cDnjcogFt8Q7DB5zK9
xbg9GFxV9C4BJWwr/7xYbNjeos6uaZfXJCFZJJVkHiQZx/IdwrqpuSgJcSPSKFCTEBT4zqrK1YAp
hRWBoqVZorxxVreZ+67D1XuO58aSLM4HdhvdU3kysBISpdUfKgS4B/rhvJa22MD/O7gbO78IIVb0
hI/evVgpvIhRZKLgaT+8990dXZmXovtOsJUnbWNtTU3dMkFs5TuIKltTOjUFGNTrx62pPXEAR4L+
bbtezLnt2oEZhE7oT2LTinkcBBNDcNfQLSd2Y9PwAHatSHmbZFF+W7JXV+zo+PKHq/OL0fMfX788
vtSZAVQwooEZvm6bbKeZbOjP2MHZkYubGfjlXU9W7wU5kN2ayWL1LkedvD159eoKDRNvbqmWgNi0
yktRvAPlFrxQKZBHC2CsEGOMGCOYow7jGRgT9uPQjCeuP/Fjnds2d2InCE1uBq6uR/rENWOhi4kn
Jii+IgmvxypI6pqvWfshdyaR4cW66cWeHUNXHZiG64WR4RtGoEdCmJZtcUEREBQC0QfSF8TVNODh
9egG2geIjHh4EgR4neW32b76idY2L/KyFGNgmZcZHq+7MdGc903d9H3dskKQv23pughcxxUT4QnP
C2PHjIzIdX0bsUKcLkQpeBEuiP8lX63I727IKPa9IAh10+CeiAJT2HwiuBl7PLJj7ovQj0JhxmHg
RQPnaM80AO1ctQj6fzeDIFfQ3r7tmaE78Tl3RKQHnhHqQJwZGHGMd4bOfTv0uBs+DLkzx60JEroJ
Xbd17nkWt3kQeKEf+BDh7MgxJ14YOLEIQ9dyIu6ZG9ApUHRebaIBABhhhDF+ICsil0+cCQfqwCqc
wII/UF+ZYRT7Q0gPqhDrCmvftSfexAaTct0g5CBRx/Mc0zaF54SmFZqO8ELH4Rukhfh6K81VqETS
QIS+4JZu+b4l4igOLD+MLN0UpuG4kaMDaM/UfbDODUh5mncwdD8QLjhrNAFPFZYVuZ4BhuNHph+a
Zmi7oTERRrRBDZ3oVacomii6L8KJbQaI0tMdNwiAIUd3/dAWcQzK9CeWLbjhB0NQaY5lRGMqWG+a
+j53hQ1yNR1vInTdsGM3cuHaMsPYtSzTNScQaLzI2gQ1J2JsJMYNfcMMddCb44QecGAZuidCMP4J
mIMb27od6vZ9CKNeopGgXCOeIFNhbIHGQtMG2sDtTR5GYBCezg3wAivc8IE2DhCIyLWF6ThOEJnC
R4s3bWcCAcGJYHEcGhbQ6Mcbxp4FVStc3wttrtsBWIZvOAJiimdFVqCDbYOgwDENHoD6jSGE7nJE
5ZN06s8I2/cOQshsZINjCIt7rmGALU90YcQcfMo1HXA8A4KdbU8EhI6Ai/AhKHicoqlj9n3T5K5t
28CMG04iDiEB//cs09DB9kRoTyyPiw35yhfXTZ7f13noQawGmzdC2/C5EYPEwb/A6T3Lwfjr+MIk
44NCuBRr9IOujqMNrP0Q/kxsIRxhmR4URQF4kq0HjgH2LATYWxC4bqjzDkhdJzL9QOSFXOGDDOPA
sTzP9Y04mlgTsAvbjsLAjlxYHcamHcW4fFEvS86b9feDe7lexnm2Bg2maygr0lFTQt8AqRYpMYx8
Z+JPhA/Rx/LiKDID3XJ9CwIc5B0B6tXBuB6CBRnD01tYxj6EWx3ykIgM7kMQ4ADN58IwIbZD8oCM
pZuOPQkehWX06BIuGIUfWxHaeQwpyLc98FVDD+3QAqIscF4f/pVtzDJ/z4tqDLEN+naZdNFCXd+1
wwlYg6fbnmFzzzbBCIQOOo4MJ+CBHhseONQAyAo8boTBm+II0hL5lh9PRAQ+G4JJBIEfYs51wkB3
IsiGQJuvTwAMdUitbWlrKlK3Ge5BsBA32ed1QYcrGJZ4LM4LNqipZtk2u1pAImWlqPAlV8l4IVi1
ECzPRAkXvGIhz7KcvkdQB9MjuGDyUIAGCQ0SL/W+AOsyX8qvFu7DLHksdlmOWxslgmQBvktm67wu
FCyWxGwJvUecEAaobfCrgnSNgF+J2xYcdI0xr9OqZLd59m3FMPXzgkHXm0PwSjCFrZHCapGUku/b
hchYvZoXPAIA2iybZQ2w6SxjbPvtgvZcWJUzPLvNAIQ6RgEywNNqWFBH8jGRKqM/A3mmoiJ5YSsb
CiaTC44sETJIPBSjlGNJPBdTeZYfH5SLuoIaMRupD0mmbLYlT4owPIcjotkWUXaQpvktS5MSqW0O
zLObhLP/q0Wxxjm/4cVIPZrSUVtaekyNvVrDgC6G5SIDjYFQEFqwZkqUOF/uA4zaxz1it9+Cx4BF
gFx5FDGovKT4Uax4NoYtBcejQ1iBMhB6IJBoEI74reYpim2e3Ijm65YdhZSZ+jOELjGKUSFW0NeO
QOx4yGUKjwn3q3oZgFTAqg7KdRZe8fKa4fklsCONJrwp8asRwNZwitMWRZ7lNWgPppe7jPabmeww
0B92GRbVhTy2R7IBf8SxZZ2p80gS+CWpF3gCKyvyuwQsTIAYgCWy3KwlDmWrCDqJ0VZxDtrkLkuq
b0F8VUHLIoHfuZDJbCxmO8BDDX5jkliIjZHidEqgNm2Vk3EUdZahOiPsDvMVKYHakVJjR+JGXbNl
Ml+AM+PbpN2+8ynDQYkURb2q5KgUGApmCbQpvki54JTUa0TSITh+fANkP0wB2gjaHBT8CViX1jM0
mDySk1pLm2VLscQvowjd92kegPXgHhST4+AHy6RC316KOQ9oz4hdSlHrJNykpJf2uPwKtXabkOTJ
osBpb0cSUGNkJXGI7yLhggl8DYVg4kKIBqU0ctBWjW7K5jkoKkc3RatARHMic0SkTZmOXAB2CsGy
IvvLc4Cbeh+ifwHd/J+jv6zyFZGgwmdLkgJXMggfK8ymUUsQYm2oMqDuVIRREHhLXqHoK799AgrJ
L4gkjBgsrCH5ZJB8mLgTYU3BN5ckS4/EZNXOFnehEFHZcSQD1/nV8ZRdvTy5ZKcnZydX7ODi4vTk
+JJdHL9mb89f/3D8epfBJHZ1DrOO2duX56fH7OL1+eHx5aW2GQIG8jAdV4njQhRJTgkZA3GJDIYL
QSGZpNEGWwNkDyVBRLGFpowgFAoZZgkUfoWWZBCgwZqQ38eMTRrZ7QIzK8gEQ5CcRpAlEAi9XSCX
GYlwnGMOwTxPC7T7s9EW1I40qG0lQiwHpGSRXKlXubblAcxLrMqOVUtXvJbPHiZJcW4pzue8CMAz
Rl1lTQHoYemSqyE5ahVTqyB2L3lWU/HRpwQKsxps8NlukxM2jbAxQ5leY2jyK8nvsnNBjZ3LmC8N
HqqHvE6jlpYEkshtxjr6Swl4ReQDo66uK14B2wsKFveSJJmOhNDyFhf5skm2crWaMeqbZl/DyI3S
5D3bYA+Y1MA6LpuCEVVWACY0Q2XIUb1cyepKlnBMPRjhg0ZfRzhJLSDaicyGA7iDNA/Ozh8QMCRt
SHyA4QaMrCxrgYGhWoDW5k21iUELsXVU7TaKlDWCKio1SQ1OfVROS343or3YsqH9kK9wNFnWS8ix
kF4LBF7xDKpKUCSTnzxJKjq5or8oUZLH3LcxKLZXiiJCOMIquIaka7caO8rlo02bxtoIo56ELyc3
LiRhqYl9zqhyGNFeb8vbEZBCtQqUjyg9oE4WGBLKir4fYHKN5LDjDpYpeUp+Gsw4uat2UYAptgEK
7odBfcgOZ5k6ID9VKQJKs0WeyhIzwBeUVIkTySV+Q8ZUkqHYJjsf9VSmlkC0xaZMb9t9LTWPMKwW
6wqB77KR0VMgKY8Qj6qGGJUCKGp3dSy9H8ASMpKcYy9DhT4uhkFFlsZeQi0ItrRHxR07vHizC2uB
hgD86zaJwOypVpDRs4U/IvhT5jZld1eRlySd3lyNHUQQqBY8jcf4lTq1CZEAG1aoACnDfUE0sJ4j
dmmvB6zfihzfYVTDEpOnGkMi3lxkF02x3TWA2EsgUbeQNnFhvcpWI3W/0d2cKa8rk/ei1SeW5Y0a
S0x4qmSCsl2aRy+12r4pFz3T2IVak/JiTgu46kSVLRDGuOBzZAF0AmIrVylVLNheLoF4dHZeoJ4O
0wS/C6d+Gc/ai7JiZ1dviNISWEK2g7pi2J+TKjt0srnQmlizrOoRrpoStf3+UGT0Eol8PWa4MRDi
ideWTeh/4zgJNUZZasGxCGDJEmRToe5AG/QLHCFM7RItoLQbInqBkoCoS4EYUjSncF5KlcpSAuZW
ykaREyH3B1SoU93U0TkVSUcnlwfPoT6ieqrOyIYwYNcYKen9pywSEjRG9esJon6/0fHZ+Xokgno+
bZq27/BDUNCELFkXEK7oOVMteik3FdCbszKXyVt5hIHAJNUS2uEihyYevbDp1UTTjVMUx21jVvKb
JlvAJbTe8mNWfNZr44EwejMviza1J/NrnmRyQ4Ak9S37Kcjv0PMLdnLEdn56c3L0DPQObg80wPxb
UBsqJoF0D86BPVwRKfnI8gO8Ie90l4G3//T8tIGv+rveyLeEDF+OUeFA6lWlCPGWNztEKo3eAX0j
PJiwl8cxoYVnSbwe3dVJ1CmE5Dkabs5c0e6KdDX5u0KlDGiu8qu6VLs8IQSRSoZZtWYk10yZenuK
aGQKUeFRYcEcyLN526NkuCzdTMW7zaybRNyO2gT90IaYFO7BMq8xesQy16lgAiJrRIu5HaMjbYWA
+vGakjMsfk2pureYGM+EbL0DIYEFIkbfp6/xyZUWjZ2RaeHwMOlL9hFRyz7EQMY3SVVfaQE2Afn0
ISr1h8nkBUCKGG/MHYhtFuPPlhprY4eHPspHPyuTSOYM5IeDTsHgyjroS2GOSRRmiEimTrppUxtt
NSnj4GEoUkGdgjRvwpom14AC+2SKRCkH1udFflstZBwDFJwtJLRekAPvLyuZkonYEUqjIW3UiUay
dnJU9vjCMI2al9CYfG3asqm2nJoyh9YMlATwRsxk20AmtMqdIrttrVaX2n1lquB1yxPqZiGZQKsn
rWiVr+q0cRt1g/me5qi0YZmIkNog5JIwYcbFyAUlgWowcERt5E1VqYP7jtRcy2FZKSjLAkK6CB11
QQ89c4Tf0G4MtYFhOKyOEfRyOsSDkTxg1c5cgN6mkhQNP2vSkpwobn6LwghcucJ91rDsSC+737LA
uufEAoU5Pp8XYq62FNX+o9xmwV/Hcr3JH9EHseb86Bw/nhuppCDrAwxft0J2IByc/JYwlkR4xwCN
ab1Nf8jTreTrFR5Iksq5J1RQqHyujAkqITw3QLmsl28OcW9e9PfydiE5rBYc3EJgZC+QhqYuhYwR
iwJ6jxHGxQyToXza5C6ZOfhgb1Ad4egl2xpqcKhtKLY2IUwBJC3L5w2Oe1qVfPXVWiXLLoOobIxA
cT5aPSYM1CKGcURIm55qUbPBrXUI1JM+hkZyH873KplITUoP6O0lKRgAvlLybHaNFmpQhrii7SRU
dMBNeGjWIiqDkrgFhC/J60K+ccFo02ylyMgL8FR0avIt1GS8VH0alNYcTz6pOyyAgEalq2mjNPkM
bBT39KbsZ6pcoGjdpU2+XxAotWBd8u6/CSI2sJIuKMDjNooMXmhVonowj1J8pvaxpI6B2m887w20
qiKgT77ESzTIS4CIbmDrMqd2GKfsxenBlRzEVkPgztr/qBMZu45/BxxlYte6i5Ki2qWg+z+q0pPv
WvqbFtKJMdGBaNWeIq+V1aWgrHDN5Ne/ddHE3aZTK9q3NBRUAA6ko5DegpWNnEbNGx4wAVnWb7+g
aEKoaP4ACNXFauRdb2RE9WWv8Mtl7S/uILaVqskNr7FNKqmhg+AWJNCgrGUhR/OQ3wQ/CE1lppCu
Irkk+FAZFW04xtevm0rF95QXnYoP6WUlva2bQdWy/aJI2JEImWkz05xaztTR2duT58zUTQMnNG/U
9gREWLhf5lW0N3i1yeTbNHwokY/Q9/YM37DcjcEbl4YtHFbNQrKCQTB2GLldJJUY4Rs4LF0JGfRT
qnrbM3UcmXPcTYjEHt3Jl37tmFqF+7f4nqe5X92sFIYowQYLLHq9ZxK0xkDbfLdHPFNtjCX3nvx8
oujqZRH1puAb972j4xcHb06vejzRe0KFkrIFuq66H1Szex4O9Sp2mrL1x/8DR/yVkw==
===END CRASH DUMP===
