PocketMine-MP Crash Dump Sat Jan 29 16:53:20 WIB 2022

Error: Call to undefined method pocketmine\block\GrassPath::getX()
File: plugins/FCCore/src/hachkingtohach1/FCCore/FCCore
Line: 109
Type: Error

THIS CRASH WAS CAUSED BY A PLUGIN
BAD PLUGIN: FCCore

Code:
[100] 			return true;
[101]         }		
[102] 		return false;
[103] 	}
[104] 	
[105] 	public function onInteractEvent(PlayerInteractEvent $event){
[106] 		$player = $event->getPlayer();
[107] 		$block = $event->getBlock();
[108] 		$this->blockBreak[$player->getXuid()] = [
[109] 		    "X" => (int) $block->getX(),
[110] 			"Y" => (int) $block->getY(),
[111] 			"Z" => (int) $block->getZ()
[112] 		];
[113] 	}
[114] 	
[115] 	public function onBreakBlock(BlockBreakEvent $event){
[116] 		$player = $event->getPlayer();
[117] 		$block = $event->getBlock();
[118] 		if(isset($this->blockBreak[$player->getXuid()])){
[119] 			$x = $this->blockBreak[$player->getXuid()]["X"];

Backtrace:
#0 pmsrc/src/event/RegisteredListener(75): hachkingtohach1\FCCore\FCCore->onInteractEvent(object pocketmine\event\player\PlayerInteractEvent#120304)
#1 pmsrc/src/event/Event(62): pocketmine\event\RegisteredListener->callEvent(object pocketmine\event\player\PlayerInteractEvent#120304)
#2 pmsrc/src/world/World(1807): pocketmine\event\Event->call()
#3 pmsrc/src/player/Player(1611): pocketmine\world\World->useItemOn(object pocketmine\math\Vector3#122041, object anonymous@pmsrc/src/item/ItemFactory#L349#120755, integer 1, object pocketmine\math\Vector3#120771, object pocketmine\player\Player#29356, true)
#4 pmsrc/src/network/mcpe/handler/InGamePacketHandler(360): pocketmine\player\Player->interactBlock(object pocketmine\math\Vector3#122041, integer 1, object pocketmine\math\Vector3#120771)
#5 pmsrc/src/network/mcpe/handler/InGamePacketHandler(223): pocketmine\network\mcpe\handler\InGamePacketHandler->handleUseItemTransaction(object pocketmine\network\mcpe\protocol\types\inventory\UseItemTransactionData#120268)
#6 pmsrc/vendor/pocketmine/bedrock-protocol/src/InventoryTransactionPacket(114): pocketmine\network\mcpe\handler\InGamePacketHandler->handleInventoryTransaction(object pocketmine\network\mcpe\protocol\InventoryTransactionPacket#122996)
#7 pmsrc/src/network/mcpe/NetworkSession(395): pocketmine\network\mcpe\protocol\InventoryTransactionPacket->handle(object pocketmine\network\mcpe\handler\InGamePacketHandler#118674)
#8 pmsrc/src/network/mcpe/NetworkSession(358): pocketmine\network\mcpe\NetworkSession->handleDataPacket(object pocketmine\network\mcpe\protocol\InventoryTransactionPacket#122996, string[99] .............@.................?..................@......@................+<Cr=.)
#9 pmsrc/src/network/mcpe/raklib/RakLibInterface(192): pocketmine\network\mcpe\NetworkSession->handleEncoded(string[85] c.a.L..f.adbbd``jbw`....8hb.G.a...p....S.mm..".V....:3...jl.gPp.kS7.c`b.Z......D)
#10 pmsrc/vendor/pocketmine/raklib-ipc/src/RakLibToUserThreadMessageReceiver(42): pocketmine\network\mcpe\raklib\RakLibInterface->onPacketReceive(integer 0, string[94] .....\.b...P.t.K/Kb...cz...hu.M.hmi.g%...F6.X..sMF...'....N=.".hMH.Bl...Lrs.....)
#11 pmsrc/src/network/mcpe/raklib/RakLibInterface(122): raklib\server\ipc\RakLibToUserThreadMessageReceiver->handle(object pocketmine\network\mcpe\raklib\RakLibInterface#26307)
#12 pmsrc/vendor/pocketmine/snooze/src/SleeperHandler(123): pocketmine\network\mcpe\raklib\RakLibInterface->pocketmine\network\mcpe\raklib\{closure}()
#13 pmsrc/vendor/pocketmine/snooze/src/SleeperHandler(82): pocketmine\snooze\SleeperHandler->processNotifications()
#14 pmsrc/src/Server(1645): pocketmine\snooze\SleeperHandler->sleepUntil(double 1643450000.3094)
#15 pmsrc/src/Server(1034): pocketmine\Server->tickProcessor()
#16 pmsrc/src/PocketMine(301): pocketmine\Server->__construct(object BaseClassLoader#2, object pocketmine\utils\MainLogger#3, string[12] D:\FoxCraft\, string[20] D:\FoxCraft\plugins\)
#17 pmsrc/src/PocketMine(324): pocketmine\server()
#18 pmsrc(11): require(string[56] phar://D:/FoxCraft/PocketMine-MP.phar/src/PocketMine.php)

PocketMine-MP version: 4.0.0 [Protocol 475]
Git commit: 468faa464b2bc5c97f23fafbb71ea61035f6f218
uname -a: Windows NT DESKTOP-BVRHES0 10.0 build 19042 (Windows 10) AMD64
PHP Version: 8.0.13
Zend version: 4.0.13
OS: WINNT, win
Composer libraries: 
- adhocore/json-comment 1.1.2@fc2f76979f0a44a5f5bc2a2b600d0762fe0e78e7
- brick/math 0.9.3@ca57d18f028f84f777b2168cd1911b0dee2343ae
- daverandom/callback-validator unknown@unknown
- fgrosse/phpasn1 v2.3.0@20299033c35f4300eb656e7e8e88cf52d1d6694e
- netresearch/jsonmapper v4.0.0@8bbc021a8edb2e4a7ea2f8ad4fa9ec9dce2fcb8d
- pocketmine/bedrock-data 1.5.0+bedrock-1.18.0@482c679aa5ed0b81c088c2b1ff0b8110a94c8a6c
- pocketmine/bedrock-protocol 7.0.0+bedrock-1.18.0@040a883a4abb8c9b93114d5278cb5fecc635da82
- pocketmine/binaryutils 0.2.2@f883e1cf9099ed6a757a10a2f75b3333eeb2cdf9
- pocketmine/callback-validator 1.0.3@64787469766bcaa7e5885242e85c23c25e8c55a2
- pocketmine/classloader 0.2.0@49ea303993efdfb39cd302e2156d50aa78209e78
- pocketmine/color 0.2.0@09be6ea6d76f2e33d6813c39d29c22c46c17e1d2
- pocketmine/errorhandler 0.3.0@ec742b209e8056bbe855069c4eff94c9734ea19b
- pocketmine/locale-data 2.0.20@a6e4eb22587e0014f6d658732cf633262723f8d3
- pocketmine/log 0.4.0@e6c912c0f9055c81d23108ec2d179b96f404c043
- pocketmine/log-pthreads 0.4.0@61f709e8cf36bcc24e4efe02acded680a1ce23cd
- pocketmine/math 0.4.0@6d64e2555bd2e95ed024574f75d1cefc135c89fc
- pocketmine/nbt 0.3.0@98c4a04b55a915e18f83d3b0c9beb24a71abcd31
- pocketmine/pocketmine-mp 4.0.0@468faa464b2bc5c97f23fafbb71ea61035f6f218
- pocketmine/raklib 0.14.2@e3a861187470e1facc6625040128f447ebbcbaec
- pocketmine/raklib-ipc 0.1.1@922a6444b0c6c7daaa5aa5a832107e1ec4738aed
- pocketmine/snooze 0.3.1@0ac8fc2a781c419a1f64ebca4d5835028f59e29b
- ramsey/collection 1.2.2@cccc74ee5e328031b15640b51056ee8d3bb66c0a
- ramsey/uuid 4.2.3@fc9bb7fb5388691fd7373cd44dcb4d63bbcf24df
- rhumsaa/uuid unknown@unknown
- symfony/polyfill-ctype v1.23.0@46cd95797e9df938fdd2b03693b5fca5e64b01ce
- symfony/polyfill-php80 v1.23.1@1100343ed1a92e3a38f9ae122fc0eb21602547be
- symfony/polyfill-php81 v1.23.0@e66119f3de95efc359483f810c4c3e6436279436
- webmozart/assert 1.10.0@6964c76c7804814a842473e0c8fd15bab0f18e25
- webmozart/path-util 2.3.0@d939f7edc24c9a1bb9c0dee5cb05d8e859490725

Loaded plugins:
Alerts 1.0.0 by hachkingtohach1 for API(s) 4.0.0
AntiInstaBreak 1.0.0 by PMMP Team for API(s) 4.0.0
AuctionHouse 2.0.0-BETA1 by Shock95x for API(s) 4.0.0
BuilderTools 1.3.0-beta2 by CzechPMDevs, VixikHD for API(s) 4.0.0
CraftingTable 1.0.0 by hachkingtohach1 for API(s) 4.0.0
DevTools 1.15.0 by PocketMine Team for API(s) 4.0.0
EconomyAPI 5.7.3-PM4 by onebone for API(s) 4.0.0
FCCore 1.0.1 by hachkingtohach1 for API(s) 4.0.0
FormAPI 1.4.0 by jojoe77777/DragonfireHD98 for API(s) 4.0.0
InvCrashFix 0.0.1 by Muqsit for API(s) 4.0.0
KeepInventory 1.0.0 by NhanAZ, KhoaGamingVN for API(s) 4.0.0
MaxEnchants 1.2.2 by Xenophilicy for API(s) 4.0.0
MultiWorld 1.7.0-beta3 by CzechPMDevs, VixikCZ, fuyutsuki, kaliiks for API(s) 4.0.0
MyItem 1.5.5 by hachkingtohach1 for API(s) 4.0.0
NPC 1.0.0 by hachkingtohach1 for API(s) 4.0.0
Netherite 2.0 by Wertzui123 for API(s) 4.0.0
PlayerStats 3.1.9_BETA by hachkingtohach1 for API(s) 4.0.0
PureEntities 2.0.0 by LeinneSW for API(s) 4.0.0
ShopGUI 1.0.0 by hachkingtohach1 for API(s) 4.0.0

----------------------REPORT THE DATA BELOW THIS LINE-----------------------

===BEGIN CRASH DUMP===
eNrtPGtT3Ea2f6Vr2FuBWkboPdLsxRcbcEwFzFyDY28yLqcltWZkNNJED2Ccyn+/55xujaQBbJJw
a/PB7MZIre7T5/1Si98GcV4sePXxWhRlkmeDsb07qJKFGIwN17ZsR4cfzfR1zzB3B/VSPbJNzfRc
3XF0z9NtCx6lvKyOiyIvBuPfBtVqCbMG8n53sBBlyWc4csjTlFU5q7NIxEkmIrYQ1TyP2DIPr0S1
gKHpNEjhZjr9vuBlOeHVfDyeier99g5Aius0fZmkCOpoPJ2+zG8PCx5X0+kyrWdJVsLQ4WFeAJCy
CKfTOQ/nV0k2q3K8Mtqn8re2nC8RqASoQOzJZ3sAYG9jffNI/oKVKeAL3NB94FnBQ7j+ebCls+UC
F+N/4lpk1d4bMUvKShQiOsXfmSi2R87OmH0FveGzPDvJYB0Pq2MEtJ0Hn0RY9ZhFOyD9fCWK6XRC
v3urtgxTt3Qb2bdl3MFNAnZNQOcesHcxHz4LQYZPhI7ZQecmL9Jo7x3+u214+uh+hAiExIEUYsvq
gJC77slNtw3XMDaA0B7TKW0yfFaX4qQSi/PsPkLAJubT6Y8wnBcW4GzqtrHL1ESe5dlqkdflQbt5
AqD2EN5LjmtWW6eW7SOxI8fZZQmwYCYK1sL40mb6aHT/xD5ft0zfctxdVhW1IGbYHWZkogJyr/YW
4VKAImdRCqw5yb7nCzHhCPGVHNu2XH2DTf1dhs8SJb8XaJiPZ9Yfp5mIcP4MEaZpbRChlsJGsBZd
AU2cTu9ZPXwmn76VCnFZ8KwEcsEd3kfsBuBlkVd5mKfTKXo98EBJhjoKGjCd3gV4xCuOxJquR8S6
ilhYEuXFXrvPXiCiAu6GDXzix0kDuwNSkrJtGPZf58B98P8QDx5GENXC912ievSQiF/LmwsIGLiz
5TtfpukxGze0PYKOL7FoyzA8dyT9lvdY/B3vy/j35zeYopIoqT4p73dZWRUQb372/Q9M6/4caJs/
/3NnpJl0Z+4///uw2NeIMf5DjCn4VZoEe2/41WkSUDyIIV5uG775Zxh0nIV5JKJtRY7nfGChxrVT
TYs1HgVB9Msvn4KbXxA5bx5o38MzTVvi7YW2WGjadKD9iHdjC/75lGqzyVK7uhhp4S+B9pMk6kjG
S/1B+5QUDZOlpFZSdpmDyReX80Lw6ExmPW9EKBLIrrbtr5AqAULM7fMIswApRQVpu/GreitPW8lz
OtUC+DXRKu2HvR/wMvwM/8xr7UybLxJt9l9w99LV3mtaefYSrr/DVa/3kSPzs1faixRuT4uSgEkO
GH9UpCbS2RAD3LhGgwI2NZR9gUd/wFQf4NaW6VqQOxDm5oOyK7M8/yxTvItUiKUomjhifC2OPCil
R6z5LUzzsi7E7zJ1Maw/gaC3qUVy6nTanwf4QPQA7r7OqyROQo7OoFT7dtOECxIQJEu280jAJd6/
zaok3Y7yOkgF61QKlu6rTNO5ZxPd2oxR8snwWZWEVxOJcV4oNN0OhAmtOYM125ZuPADk48cQiIRs
KFw7zhe8FIdQm5SnOY8wY7o3F6mBGIjcZzzJTvMZ2NaWtbYtw/zA+rXG+pGpbz5alyGSgtEDFJib
bJBmouhW0WWb0tdC/FonhWhcneN+YMs5L8Z7e0fjvWbjDvDh2UTDCRt7YqmzM/jw++5A/P8XaX+9
ngI85fKPkE3l6bVYQGQDmBGwIqwGzVMYWa/FiIBkGboOw9MK/1eIqi4yyo//BVMM3YBHTP38jjNo
1FQL1PSYp6Wab9GT3+napmu6dOhyCcqfhCyuMwq1bLNau6f4Yf+gOmbnNwLjqn3/IRNutq8eD58B
L1UVsyMRGTVTie/9mTItVxO9ZmI1T8rhM5r+Alzt1c9qF1ryvk6i7Z0PAOdnWuWrVciX6eD9dMD2
nzEMNDtM7ihXbe/s4nSj5fB08O8HJv+7mWx0Jv/0wOSfSHEMo5HEByLG6LDfaNlvPMR+olNy48Wa
7rt8Nx7Pd+OxfDcavifxdlKWkLk9SgA7CiN/zaN/3OImj1n7MwkKOPX7t+7Dt+7Dt+7Dt+7Dt+7D
t+7Dt+7Dt+7Dt+7Dt+7Dt+7Dt+7D36370JTtJdbpz0GcFV1lHN8pNwO7g/Wr6IGh6ZoOI7yu5nlR
YoGzUbUgUL5M8IlNk+FeZBz0IhqMMTPdHUSgP1mEi+FZmcfVUXdgwamNcKcYktg0v7E3ASKEiZPz
i8t3529Oj2DoRgQlJN64vKqWJXDlhlfhvJwnlXYjRJCutDBf7GGB9hw09gS0g1M516W6/+Ar1E/O
zibsUvDFU9G9XCyWQGQPCamKXyOZqKopzL+CWkR0aeoOdykyEdXhi+PL50afros56Irv3P41sgbH
YIH5YvV8cjJoSSwV7OmUS7zmiBcQ3cfyq8S+qJMUjPgyz9Ou2vaG++KzgNhAVNzsE3v4WYTzydmR
uMYFPya3ydWro6cSaIjAl4sIgE+ngcStQtym0w1MH6XQs6Sa1wGpcQftvR4o4A35ATCfS0S4w5z+
+N/EtHtIbdw+hi/AFmBvkobFSitXlSg1iLh7ES/nQc6LiOwduLSpKOuhPhsM546Rr/3mk5p6s/90
2sFEEXtx+fzN5dvJ11SgxWxvDQOI7ZhdS25nsEuwo400azg5s/s055kI4L+nolWBm06FxAJgTqc9
jL5q7qqx3BK07jT3ldj4zyhxv1n3VGr7Mi8WfTE2I32y7U2d/ZR/ysUIf/aOCj7LsxjShldHvvdU
DGg3wIyHcFpfPEacUJ6CoZfzl8lth7ruaJdC/a5gz+pfAdxTkbMgaNSuCRGBOIH4JLPEx1DzAyTB
64K7Q09//Cv+9jWUO89/grEf5jn/nkMuOPvx9VMRKIFPpz2MHpdZ3ON4FKpA+Rm/hfobbnu5Y3e0
T7WpbUTf9yLLl/MkTcLVU9HaAYkUrlHp3TxGrGd1WiXUH+7S1g72SRup9ML6anpx+BOdnVzVVVlf
JXB9xdMkuSr/X5KOBeKret093P9KwtEBhHxaYWOzyyM50OePozn/Gd8ssWl+P5Vvfj057FCMd3+T
fApQ+WOG/WCV9FpUc1HQ5JbQ9dhGJdEn9h2kuZ/rxDCtp6KzhUiNQInEn/ZgLbS9liIgWb7luKh4
z591R7tkW5qh+R+xgPrPiLqDV+/mL0t+UhfiGKrQKhE9PnSH71SSfR6ciiTLxMW7pyI+JXjT6RJw
EAoHILqP0R/LnxsU93pQgHyof5ffv+3mXc3I38TGFTrri6dxanjMgxdAcCU2S5+mk0QU3FYiQx6Q
asi0fOBhioahLwjxZV53JOQpUARru2P54mOUV4BBb1QdgmkH6iLt3ke86j2PkxRw7Y7MFsvu7RzI
694nUHRcdwc+lSTL9f0ikM213lgONbvMQw3KX8qKI0FRd9Iy7PPhjYhTQS2N7mhJHC37Q1FSL7oj
F5PT3var8tc0w83UFVs/qvIrkSWf+yy4vVVUI7qYNq/4IiUjNen2c7KUpa5PEflzmgTd5XB7u+hz
PUf0TF23DMP0YWBydN4jPco/EmqbgzCU9AWWg3KXZW/iRbJYpuL9WY/mDQzgFt8QbNC5SG/Qb/cG
lxW9S0AO28o+J/MN3ZvX2RV1eU1ikkVcSWZBknFM38Gtm5qLnBDXIo0CNQlBge0sq1wNmJJZEQha
qiXyG2e1zdyP7V6d53giK8nivKe30R2RJz0tIVZa3aFCgHmgHc5qqYsN/J/A3Nj5JARf0WE+Wvd8
qfbFHfEEB0+77r1r7mjKvBTtl0hrflIbazA2dfzQKCk/glcZjOmUFuygXkAOxvbIgT0StG/b9WLO
bdcOzCB0Qn8Um1bM4yAYGYK7hm45sRubhgewa4XKuySL8puSvb5kR8cXP1yeT4Yvfnzz6vhCZwZg
wQgHZvi6bbLtZrKh77DnZ0cuNjPwW6IOrz4LMiB7rSbz5cccZfLu5PXrS1RMvLmhXAJ80zIvRfER
hFvwQoVAHs2BsELsoccYwhx1Bs5An3AQh2Y8cv2RH+vctrkTO0FocjNwdT3SR64ZC12MPDFC9hVJ
eLWnnKSu+Zp1EHJnFBlerJte7NkxVNWBabheGBm+YQR6JIRp2RYX5AFBIOB9IHzhuZeAh1fDaygf
wDPiOUJg4FWW32QH6jdq26zIy1LsAcm8zPD417WJ6nxg6qbv65YVAv9tS9dF4DquGAlPeF4YO2Zk
RK7r27gr+OlClIIX4ZzoX/DlkuzumpTiwAuCUDcN7okoMIXNR4KbsccjO+a+CP0oFGYcBl7UM471
qQbAnasSQf9nMwh8Bekd2J4ZuiOfc0dEeuAZoQ7ImYERx3hn6Ny3Q4+74f2QW3UcjBDRTei6rXPP
s7jNg8AL/cAHD2dHjjnywsCJRRi6lhNxz9yATo6itWoTFQDACCOMfd33ReTykTPigB1ohRNY8AP5
lRlGsd+HdK8IMa+wDlx75I1sUCnXDUIOHHU8zzFtU3hOaFqh6QgvdBy+gVqIr7fSXLlKRA1Y6Atu
6ZbvWyKO4sDyw8jSTWEajhs5OoD2TN0H7dyAlKd5C0P3A+GCsUYjsFRhWZHrGaA4fmT6oWmGthsa
I2FEG9jQ4VZ1jqLxogciHNlmgFt6uuMGARDk6K4f2iKOQZj+yLIFN/ygDyrNMY1oVAXzTVM/4K6w
ga+m442Erht27EYuXFtmGLuWZbrmCByNF1mboGaEjI3IuKFvmKEOcnOc0AMKLEP3RAjKPwJ1cGNb
t0Pdvgth2Ak0EpRrxCMkKowtkFho2oAbmL3JwwgUwtO5AVZghRs2sPYDBCJybWE6jhNEpvBR403b
GYFDcCJYHIeGBTj68YayZ0G1Zq7vhTbX7QA0wzccAT7FsyIr0EG3gVFgmAYPQPxGH0J7OaT0SRr1
H3Dbd45CyGhkg2EIi3uuYYAuj3RhxBxsyjUdMDwDnJ1tjwS4joCL8D4oeKCiyWMOfNPkrm3bQIwb
jiIOLgH/71mmoYPuidAeWR4XG/yVL66bOH+g89ADXw06b4S24XMjBo6DfYHRe5aD/tfxhUnKB4lw
KVZoB20eRw2sgxB+RrYQjrBMD5KiACzJ1gPHAH0WAvQtCFw31HkLpK4TGX7A80Ks8IGHceBYnuf6
RhyNrBHohW1HYWBHLqwOY9OOYlw+rxcl5836u869XC3iPFuBBNMVpBXpsEmhrwFVi4QYRr4z8kfC
B+9jeXEUmYFuub4FDg7ijgDx6qBc98GCiOHpa1jGAbhbHeKQiAzugxPgAM3nwjDBt0PwgIilm449
Ch6EZXTwEi4ohR9bEep5DCHItz2wVUMP7dACpCwwXh/+lWXMIv/Mi2oPfBvU7TLoooa6vmuHI9AG
T7c9w+aebYISCB1kHBlOwAM9NjwwqB6QJVjcEJ03+RHEJfItPx6JCGw2BJUIAj/EmOuEge5EEA0B
N18fARiqkNa6pa0oSd1i2INgITbZZ3VBhysYpngszgvWy6mm2Ra7nEMgZaWo8CVXyXghWDUXLM9E
CRe8YiHPsrxigWBJFqY1OA+4YPJQgAYBDQIv1b4A6yJfwMoYAWzCLHksdlmOrY0SQbIA3yWzVV4X
ChZLYraA2iNOaAfIbfAwf7pCwK/FzRocVI0xr9OqZDd59l3FMPTzgkHVm4PzSjCErRBDPCQt6b6Z
i4zVy1nBIwCgTbNp1gAbTzPGtt7NqeeCXzWUmKviFw6y7AIe4Hk1TKgj+ZhQld6fAT9TURG/sJQN
BZPBBUcWCBk4HophyjElnomx/HYAH5TzuoIcMRuq7yrGbDqQJ0UYnsMR0XRAmD1P0/yGpUmJ2DJ1
PoJdJ5z9by2KFc75FS+G6tGYztvS0mMq7NUaBngxTBcZSAyYgtCCFVOsxPmyDzBcP+4gu/UOLAY0
AvjKo4hB5iXZj2zFszFsITgeHcIMlAHTA4FIA3PErzWnb0VmyTXMhaSiFmxbbcpMfQehyx3FsBBL
qGuHwHY85DKGx7T363oRAFdAq56Xqyy85OUVw/NLoEcaTXgL3CLVbijFafMiz/IapAfTy11G/WYm
Kwy0h12GSXUhD+4Rb8AecWxRZ+o8kgR+QeIFmkDLivw2AQ0TwAYgiTQ3WyOHvFUIncSoqzgHdXKX
JdV3+MVMQcsiUeEBH1SZjcVsG2iowW5MYguRMVSUjgnUpq5yUo6izjIUZ4TVYb4kIVA5UmrsSFyr
a7ZIZnMwZnybtNs1PqU4yJGiqJeVHJUMQ8Ys8C8hSLpIuGCUVGtE0iD4dZ5EgPb9GKCOoM5Bwp+A
dmkdRYPJQzlprWnTbCFgu5U0yu/TPADtwR4Uk+NgB4ukQtteiBkPqGfELiSrdWJuUtJLe1x+iVK7
SYjzpFFgtDdDCahRspIoxHeRcMHoFD+CiQshmi2lkoO0ajRTNstBUDmaKWoFbjQjNIeE2pjpSAXs
Ti5YZmR/ewqwqfcl/OdQzf81/MsqXxIKyn2uUVLgSgbuY4nRNFojhLs2WBmQdyrEyAm8I6tQ+JXf
PQGGZBeEEnoMFtYQfDIIPkzcirAm55tLlKVFYrBazxa3oRBR2VIkHdf55fGYXb46uWCnJ2cnl+z5
ZHJ6cnzBJsdv2LvzNz8cv9llMIldnsOsY/bu1fnpMZu8OT88vrjQNl1Ajx+m4yp2TESR5BSQ0RGX
SGA4F+SSiRtrZ2sA7yEliMi30JQhuEIh3SyBOswzoBMcNGgT0vuQskklu5ljZAWeoAuS0wiyBAKu
t3XkMiLRHucYQzDO0wLt7mzUBdWRBrEtRYjpgOQsoivlKteuaQD1EsuyJdXSFa3lzv0oKcotRfmM
FwFYxrDNrMkB3c9dMjVER61iahX47gXPako+uphAYlaDDu7sNjFhUwkbNZThNYYiv5L0LloT1Ni5
9PlS4SF7yOs0WuOSQBC5yViLfykBLwl9INTVdUUr7PaSnMWdIEmqIyGsaYuLfNEEW7lazRh2VbMr
YaRGSfKObrB7VKqnHRdNwogiK2AnVEOlyFG9WMrsSqZwTD0Y4oNGXkc4SS0g3AnNhgK4gzAPxs7v
YTAEbQh8sMM1KFlZ1gIdQzUHqc2abBOdFu7WYrXbCFLmCCqp1CQ2OPVBPi347ZB6sWWD+yFf4miy
qBcQYyG8Fgi84hlklSBIpj5GJCxavqK9KFaSxdzVMUi2lwoj2nCIWXANQddeS+wol482dVp+NtnA
l5MbE5Kw1MQuZZQ5DKnXu6btCFChXAXSR+QeYCcTDAllSV8QMLlGUthSB8sUPyU9zc44uc12kYEp
lgEK7pdBfUkPp5k6ID9WIQJSs3meyhQzwBeUlIkTyiV+R8ZUkCHfJisf9VSGlkCsk00Z3ra6Umoe
oVstVhUC32VDoyNAEh5tPKwaZFQIIK/d5rH0fgBTyEhSjrUMJfq4GAYVWhp7BbkgfdiKyR07nLzd
hbWAQwD2dZNEoPaUK0jvuYY/JPhj5jZpd5uRl8SdzlyNPY/AUc15Gu9BKSnLhEiADqutYFOGfUFU
sI4htmGvA6xbihzfolfDFJOnGkMk3k6ySZNstwUg1hKI1A2ETVxYL7PlUN1vVDdnyurK5LNYyxPT
8kaMJQY8lTJB2i7VoxNabd+Ui3Y0NlFrUl7MaAFXlajSBdoxLvgMSQCZANvKZUoZC5aXC0AejZ0X
KKfDNIFZsl7Gs/airNjZ5VvCtASSkOygrhjW5yTKdjtZXGiNr1lU9RBXjQnbbn0oMnqJRLYeM2wM
hHjidU0m1L9xnIQaoyg155gEsGQBvKlQdiAN+hNx4KZ2CRcQ2jUhPUdOgNclRwwhmpM7L6VIZSoB
cyulo0iJkP0B5epUNXV0TknS0cnF8xeQH1E+VWekQ+iw8a8QFPT+UyYJCSqj+qsAUbfeaOlsbT0S
QT0bN0XbM/wYFCQhU9Y5uCt6zlSJXsqmAlpzVuYyeCuLMBCYxFpCO5znUMSjFTa1mmiqcfLi2DZm
Jb9uogVcQuktv2jFZ50yHhCjN/MyaVM9mU95ksmGAHHqO/Y+yG/R8gt2csS23789OdoBuYPZAw4w
/wbEhoJJINyDcWANV0SKPzL9AGvIW9llYO3vX5w28FV91xn5jjbDl2OUOJB4VSpCtOVNh0iF0VvA
b4gHE/bzOKZt4VkSr4a3dRK1AiF+DvvNmUvqrkhTk3+NUPKA5iq7qkvV5QnBiVTSzao1Q7lmzNTb
U9xGhhDlHtUuGAN5NlvXKBkuSzdD8W4z6zoRN8N1gL6vISaZ+3yR1+g9YhnrlDMBljWsxdiO3pFa
ISB+vKbgDIvfUKjuLCbCMyFL70BIYIGI0fbLJb8hpUAdVV9Jo2rhcD/oS/JxozX54AMZ30RVfaUF
uwmIp/dhqd+PJi8AUsR4o+6AbLMYf6+xsTY6PPQXDdDOyiSSMQPp4SBTULiyDrpcmGEQhRkikqGT
btahjVpNSjl4GIpUUKUg1Zt2TZMr2ALrZPJEKQfSZ0V+U82lH4MtOJtLaB0nB9ZfVjIkE7JD5EaD
2rBljSTt5Kjs0IVuGiUvoTH52nRNpmo5NWmO/OsXXSEBvCEz2RagCaVyK8i2rbWWpXZXmMp53fCE
qlkIJlDqSS1a5ss6bcxG3WC8pzkqbFgmbkhlEFJJO2HERc8FKYEqMHBENfLGKtXBviMV13JYZgpK
swCR1kNHrdNDyxziV7QbQ2vH0B9Wxwg6MR38wVAesFrPnIPcxhIVDT9r0pKcMG7+WsIQTLnCPmtY
tqiX7V9TYO1zIoHcHJ/NCjFTLUXVf5RtFvyTG1eb9BF+4GvOj87x47mhCgoyP0D3dSNkBcLByG9o
x5IQbwmgMa3T9Ic4veZ8vcQDSVI4d5gKApXPlTJBJoTnBiiWdeLNIfbmRbeXtwvBYTnnYBYCPXuB
ODR5KUSMWBRQewzRL2YYDOXTJnbJyMF7vUF1hKMTbGvIwSG3Id/auDAFkKQsnzd73JGqpKsr1ipZ
tBFERWMEivPpjxeV8nUIunHckJqealHT4NbaDdST7g4N574c71UwkZKUFtDpJSkYAL5S/Gy6RnM1
KF1csa4klHfAJjwUaxGlQUm8BoQvyetCvnFBb9O0UqTnBXjKOzXxFnIyXqo6DVJrjief1B0mQICj
ktW4EZp8BjqKPb0x+5kyF0had6nJ9wGBUgnWBu/umyAiAzPpghw8tlGk80KtEtW9cZT8M5WPJVUM
VH7jeW/AVSUBXfTlvoSDvASIaAa2LmNqu+OYvTx9fikHsdQQ2Fn7lzqRsev4t0BRJnat2ygpql1y
uv9SmZ5819JtWkgjxkAHrFU9RV4rrUtBWOGKya9/66Lxu02lVqzf0pBTATgQjkJ6C1Y2fBo2b3hA
BWRav/WSvAltRfN7QCgvViMfOyNDyi87iV8uc39xC76tVEVueIVlUkkFHTi3IIECZSUTOZqH9Cb4
QWgqI4U0FUklwYfMqFi7Y3z9uilUfE85aUV8SC8r6W3dFLKWrZdFwo5EyEybmebYcsaOzt6dvGCm
bho4oXmjti/Aw8L9Iq+i/d6rTSbfpuFDufkQbW/f8A3L3Ri8dmnYwmFVLCRLGARlh5GbeVKJIb6B
w9SVNoN6SmVv+6aOIzOO3YRI7NOdfOm3HlOrsH+L73ma++X1Uu0QJVhggUav9k2C1ijoOt7tE82U
G2PKvS8/nyjafFlEnSn4xn3/6Pjl87enlx2a6D2h2pKiBZquuu9ls/seDnUydpoy+P3/AHO7GeI=
===END CRASH DUMP===
