PocketMine-MP Crash Dump Sat Feb 12 00:01:11 WIB 2022

Error: Player is not connected
File: pmsrc/src/player/Player
Line: 539
Type: LogicException

A PLUGIN WAS INVOLVED IN THIS CRASH
BAD PLUGIN: Dungeon

Code:
[530] 		return $this->isConnected();
[531] 	}
[532] 
[533] 	public function isConnected() : bool{
[534] 		return $this->networkSession !== null && $this->networkSession->isConnected();
[535] 	}
[536] 
[537] 	public function getNetworkSession() : NetworkSession{
[538] 		if($this->networkSession === null){
[539] 			throw new \LogicException("Player is not connected");
[540] 		}
[541] 		return $this->networkSession;
[542] 	}
[543] 
[544] 	/**
[545] 	 * Gets the username
[546] 	 */
[547] 	public function getName() : string{
[548] 		return $this->username;
[549] 	}

Backtrace:
#0 pmsrc/src/player/Player(1956): pocketmine\player\Player->getNetworkSession()
#1 plugins/Dungeon/src/hachkingtohach1/Dungeon/task/Scheduler(56): pocketmine\player\Player->sendPopup(string[53] ..a< GamingXF - 00:00:57 - ..6foxcraft.zapto.org >...)
#2 pmsrc/src/scheduler/TaskHandler(117): hachkingtohach1\Dungeon\task\Scheduler->onRun()
#3 pmsrc/src/scheduler/TaskScheduler(141): pocketmine\scheduler\TaskHandler->run()
#4 pmsrc/src/plugin/PluginManager(466): pocketmine\scheduler\TaskScheduler->mainThreadHeartbeat(integer 1821)
#5 pmsrc/src/Server(1768): pocketmine\plugin\PluginManager->tickSchedulers(integer 1821)
#6 pmsrc/src/Server(1657): pocketmine\Server->tick()
#7 pmsrc/src/Server(1046): pocketmine\Server->tickProcessor()
#8 pmsrc/src/PocketMine(304): pocketmine\Server->__construct(object BaseClassLoader#2, object pocketmine\utils\MainLogger#3, string[36] C:\Users\tranthien\Desktop\FoxCraft\, string[44] C:\Users\tranthien\Desktop\FoxCraft\plugins\)
#9 pmsrc/src/PocketMine(327): pocketmine\server()
#10 pmsrc(11): require(string[80] phar://C:/Users/tranthien/Desktop/FoxCraft/PocketMine-MP.phar/src/PocketMine.php)

PocketMine-MP version: 4.2.0 [Protocol 486]
Git commit: 44818e6d1456dcf1f0fd3cd27da1dfecbe03c08b
uname -a: Windows NT tranthien4-8sin 10.0 build 17763 (Windows Server 2016) AMD64
PHP Version: 8.0.13
Zend version: 4.0.13
OS: WINNT, win
Composer libraries: 
- adhocore/json-comment 1.1.2@fc2f76979f0a44a5f5bc2a2b600d0762fe0e78e7
- brick/math 0.9.3@ca57d18f028f84f777b2168cd1911b0dee2343ae
- daverandom/callback-validator unknown@unknown
- fgrosse/phpasn1 v2.4.0@eef488991d53e58e60c9554b09b1201ca5ba9296
- netresearch/jsonmapper v4.0.0@8bbc021a8edb2e4a7ea2f8ad4fa9ec9dce2fcb8d
- pocketmine/bedrock-data 1.6.0+bedrock-1.18.10@e98c511584a7bd58a95986374d2df4b04c6a2ba0
- pocketmine/bedrock-protocol 8.0.0+bedrock-1.18.10@017e57c8f8a74118bcbba7332e7ebac9e6c81693
- pocketmine/binaryutils 0.2.4@5ac7eea91afbad8dc498f5ce34ce6297d5e6ea9a
- pocketmine/callback-validator 1.0.3@64787469766bcaa7e5885242e85c23c25e8c55a2
- pocketmine/classloader 0.2.0@49ea303993efdfb39cd302e2156d50aa78209e78
- pocketmine/color 0.2.0@09be6ea6d76f2e33d6813c39d29c22c46c17e1d2
- pocketmine/errorhandler 0.6.0@dae214a04348b911e8219ebf125ff1c5589cc878
- pocketmine/locale-data 2.4.3@4d0b081f1a79407e087968ea76aaf330db6ea2b5
- pocketmine/log 0.4.0@e6c912c0f9055c81d23108ec2d179b96f404c043
- pocketmine/log-pthreads 0.4.0@61f709e8cf36bcc24e4efe02acded680a1ce23cd
- pocketmine/math 0.4.2@aacc3759a508a69dfa5bc4dfa770ab733c5c94bf
- pocketmine/nbt 0.3.2@3e0d9ef6b6c5fb45e3745a121296e75631b3eefe
- pocketmine/pocketmine-mp 4.2.0@44818e6d1456dcf1f0fd3cd27da1dfecbe03c08b
- pocketmine/raklib 0.14.3@4798576fec0364266dce23b368a7fec5e5de7927
- pocketmine/raklib-ipc 0.1.1@922a6444b0c6c7daaa5aa5a832107e1ec4738aed
- pocketmine/snooze 0.3.1@0ac8fc2a781c419a1f64ebca4d5835028f59e29b
- ramsey/collection 1.2.2@cccc74ee5e328031b15640b51056ee8d3bb66c0a
- ramsey/uuid 4.2.3@fc9bb7fb5388691fd7373cd44dcb4d63bbcf24df
- rhumsaa/uuid unknown@unknown
- symfony/polyfill-ctype v1.24.0@30885182c981ab175d4d034db0f6f469898070ab
- symfony/polyfill-php80 v1.24.0@57b712b08eddb97c762a8caa32c84e037892d2e9
- symfony/polyfill-php81 v1.24.0@5de4ba2d41b15f9bd0e19b2ab9674135813ec98f
- webmozart/assert 1.10.0@6964c76c7804814a842473e0c8fd15bab0f18e25
- webmozart/path-util 2.3.0@d939f7edc24c9a1bb9c0dee5cb05d8e859490725

Loaded plugins:
Alerts 1.0.0 by hachkingtohach1 for API(s) 4.0.0
AlwaysSpawn 2.2.5 by Philip Shilling for API(s) 4.0.0
AuctionHouse 2.0.0-BETA1 by Shock95x for API(s) 4.0.0
BlockGenerator 0.1.0_beta by BlockHorizons, Chris-Prime for API(s) 4.0.0, 3.0.0
BuilderTools 1.3.0-beta2 by CzechPMDevs, VixikHD for API(s) 4.0.0
CraftingTable 1.0.0 by hachkingtohach1 for API(s) 4.0.0
CropGrowth 2.0.1 by NhanAZ, kaidoMC, YTBJero for API(s) 4.0.0
CustomItemLoader 2.3.1 by alvin0319 for API(s) 4.0.0
DevTools 1.15.0 by PocketMine Team for API(s) 4.0.0
Dungeon 1.0.0 by hachkingtohach1 for API(s) 4.0.0
EconomyAPI 5.7.3-PM4 by onebone for API(s) 4.0.0
FCCore 1.0.1 by hachkingtohach1 for API(s) 4.0.0
FormAPI 1.4.0 by jojoe77777/DragonfireHD98 for API(s) 4.0.0
Gems 5.7.3-PM4 by onebone for API(s) 4.0.0
HealthTag 2.1.2 by Shelly7w7 for API(s) 4.0.0
InvCrashFix 0.0.1 by Muqsit for API(s) 4.0.0
InvSee 2.0.1 by BlockHorizons for API(s) 4.0.0
KeepInventory 1.0.0 by NhanAZ, KhoaGamingVN for API(s) 4.0.0
LaunchableTNT 1.0.1 by Vecnavium for API(s) 4.0.0
MaxEnchants 1.2.4 by Xenophilicy for API(s) 4.0.0
MultiWorld 1.7.0-beta3 by CzechPMDevs, VixikCZ, fuyutsuki, kaliiks for API(s) 4.0.0
MyItem 1.5.5 by hachkingtohach1 for API(s) 4.0.0
NPC 1.0.0 by hachkingtohach1 for API(s) 4.0.0
Napthe 0.0.2 by hachkingtohach1,tungstenvn for API(s) 4.0.0
Parties 2.0.1 by Didah (@Diduhless) for API(s) 4.0.0
PlayerStats 3.1.9_BETA by hachkingtohach1 for API(s) 4.0.0
PureChat 2.0.0 by Vecnavium, 64FF00 for API(s) 4.0.0
PureEntities 2.0.0 by LeinneSW for API(s) 4.0.0
PurePerms 1.4.5 by Vecnavium , 64FF00 & ProjectInfinity for API(s) 4.0.0
RedstoneCircuit 3.0.0 by tedo0627 for API(s) 4.0.0
ScoreBoard 1.0 by hachkingtohach1 for API(s) 4.0.0
ShopGUI 1.0.0 by hachkingtohach1 for API(s) 4.0.0
SimpleHome 1.1.0 by CzechPMDevs, VixikCZ for API(s) 4.0.0
Spyglass 1.0.1 by ItsRealNise for API(s) 4.0.0
VanillaHopper 2.0.1 by ColinHDev for API(s) 4.0.0
VanillaX 3.0.0 by CLADevs for API(s) 4.0.0
WorldProtect 2.3.11 by aliuly for API(s) 4.0.0
_NewAlias 1.4.0 by Javier Leon9966 for API(s) 4.0.0
libEasyUI 1.0.2 by GiantQuartz for API(s) 4.0.0

----------------------REPORT THE DATA BELOW THIS LINE-----------------------

===BEGIN CRASH DUMP===
eNrtPGl33MaRf6VD7YulLGcG9zFZ+YkiKYmJDkakLG0CP70G0JiBiQFgHCRHef7vW1XduIaUREfM
2h/iZ5tAobu67qPRmH/uJUW14c3HS1HVaZHvLa39vSbdiL2l7liW7Xueq89Nz3dtb3+vLeUj35y7
um17nuYbnmb6zv5exuvmuKqKam/5z71mW8KovZfFKo2OryMB0wD1/t5G1DVf4aPTjG9FxdKa5UXD
oiLPRdSIGMYkbZY9SzMcVK55tVwsDpeLdzWQt2gqnjfrVOSLI1FfNEW5eFZcH1Y8aRanRXQhmldp
LmavTuc4cVFX0aKkZRZyNQCXuIBCvsEBNwbBgAyw7C1t0wdJVDyC63/sPdDYZyY81H3bebRkJVGw
gblBIAcEgRwx+34lmteiuSqqizOQAMji4SNY54HOyqxdpXm9OGrzlShywr7m0foizVdNgVd6/6zh
9cXiLFqLuM1g2a8uWos8Pi3KtnxYNxXg+4dt/sjmc/4/7DmHGasPz9iMadoS/rVduJzPnaS4jlCc
80+8bIp5Ua3Y9/P5nIg1RgKoOyoW50DUC57HSJGuu0DSDvlBoOgPAmQgCHoOZt8X+dtWicL8LPaB
Y93Sd1juRwbBiJDZ91WH1ppoDWUNWsM/r3gOhlg9tBznyzhH5G54mp+vK8HjF4JXTSh48zDNGwF4
mO4ZOq1oj1Y8E9Ul0u063g1dIRGoqxExs++bNBoWrG8id25B7tjuDnL5RGKTYnBvmadZzhfmnVZF
BKZaVBKBN0IwuNpDU7M+g+PjR/BpsLs2ah4W4U/g3Owpr8UhhIn6ZcFjUT0w9pl6MkbQNmlWB8Er
kDWED+D+gbnPlAGbzo/scBkEFA3AnrpwADYm40EQdAEhCPpZlvUrZimHDAJi2/8M28auyGspVOnV
KlSAP8CoSvzcppXofNDTfmTfHtYGMMa0R3s//rK/J+4l+N45NsKKUlYf0/yyyC7FRuQNTE3zGNiN
mr3uOcBUBABQVMQCabRNDeBBA9oQTVvl7L9AAPXs+7Q+7Kh5+OjPMME2dRr4C10bcE0XJgHLNszS
iCVtHiGPbDKbLVlYFNk/abx162r5JCazPzx+zHLIPuyPf7x9xK302SP6nI4+91b6bkkDQOUUJOn1
FL1p8vB2Wh8rWh/J8b4aHzTNuiquWC6uWBBMTeBh8DnFB3uSF6tTCnFj6XcQmpxnDDKwTCUDS8p8
8ac/0Z0UE/sTey6amjVrwVow/pxDOYGPHfV4QXefFx+MJ6FJdyLmLe9WOjv0kkJfUfjLf3L6f3L6
f3L6f3L67z+ndwm0xoR5AMbT0BWFzGUH2N/rG7c9fa7NNYDwtlkXVY0hbsdxESkvU3xi0WC4FzkP
M0j+S1Cs2N+LRQkxBifDs7pImqMxAN0FVroRDyQ13V+sE8AesNJ4c3b+/s3bl0cAuhJhnTZI+7pp
yhqkdcWbaF2v02Z+JUSYbedRsVlgiD7Irvi2Piv5VT5heYCO+Tbmxtye8n26TrO0ZGfwByqW1X3x
XRLaWmENAk4U1UgRZlt0gYH3s/ODt+fvTiecE3MtpbMXBWSoMXdj8JQ9oHj29Pj8QJ8yebYGk/Ht
62/jbu8YvLrYbA9OT/YGTmuFG3iUdK2RLlDwlMovqhmZfZoBnuciFxVvZHmq2N15MGZYm4MlfwxF
w6f80pQXRZV+gjAEjw7XFST60wq3JHZFsL9nfouiJ0sFwZTYm6r+Av9tmsHQc6hEx947AU99GOie
Ie/GlPnDTyJan746Epc44Yf0Or14cXRfdh0h8nITA/IgCCVtDdIGrE8pvZNfr9Jm3YbkzSOyFxNU
IBsKh+BH50jwSDhT+O8kwk2I2rm9i1xALCDeNIuq7bzeNqKeQyG9iHm9DgtexQspkKJ8DuV7s55I
owfuRoWdePB6zfODvwPsgqdx8eoQrv73/OlfRFXcl1TkCsh9R5PM6v+CYShikeu2borNSSM2yq1G
vO8+mkrA3JUAzy7TXDN1/74Y7hECzzu03ITcJR6AI+zGgh40tXTd3jX1oUJg54Jv7ovHbn2snS53
/Py2HHaLMgfKFj0OZFb1/SNe+52A34VT923MQNe9OPIopQ68j4Bj9u25Ozdnp6+sqQiKXITw332x
rtAFgZBUAM4gmFD0VdN9dnhYVOM4rQC7utR/G11Karq/96XJZ0W1maqxg0zZtnZN+Kfip0K4+M/i
qOKrIk+gY3hx5Hv3JYBhAex1iKb+4i7qfC424yhEt7+hXeL68v93IR6a9axZn/PViIMBNs0S+tzY
rZtFlm3dK/e+mKg7hEHQE3G3xIi8nOSXUE3U62fp9YibMXRaHN/wsFftz4DuvpjZELYgSPPLCAlI
0utfU/AC3WdCTBlBwFdql2ltf0+s7FTxkpJfw8xfhShhlsih6t+OeJrCv5LM+rLsr+uCy226H17f
d0U2oegeirKXvM2jNdJz/vp8xPkU/pXQ/4OIcn6ZtvdWqvQIQYljQnZu76LaV/z6GGfkk12VMXTK
nDHfCYQfRF7QfkC0vS/2RihRhT0pk5s7MddmTfq+qLJ4zNsAnLLmqo7T/GrHefh3ekG/bZu6vUip
08jS9KL+t/ShG6T3CukF/se0f0sPOkKEctpi9T6WkQRM5WPv7i79f5U0kpru732VNK9PD0cc493v
pBoHUn5d5Prs/uFrXjbrcRJSgN1EanyR0f0GuoK6Efll/u/jmQjr/t7Ft0951aRiHLQ6yFdS7FEa
8zV7+AT+tutM1PWj++Iq7jAGQSlpCYKBqF/rrj19xC29+Dpr+CRMj6Fjrk0o9vyPuFX621jwiK7J
zTcb9GlbicM1b8Yy6EA39oo/l4T39xzr2TNN+1Xs0zqnotpQkN/ZOn7GaTe4Pq0KwP4BIk/R1qfH
sw4+2lD+KNcGsSi6h6s7WT2MPc6bdNf0x+CvCOKlSPNcnL2/L+1nhA9MHmgQigbJ1IiiX7eP0pG4
mGBR7EslTHmXsN1W1P6MBbB9JrXA/shAZfie7gT60jxt7q2EmaiZqBtd3kXRb0VcN9ARHqZV1KZj
g999MnX8G+puRFxojnFvTV6HLwgqRUgkCQmCm5R9lc2zqKjEU8zJIw5HwJ2U/NuEs4Ge8fU3B7Oz
dVE+fzfeU+kgv5NCRJHTX9xX5XWWbspMvCg249JkBNzZAN5l//aC/N9RetdE0xpoAhmM6fuW0vts
w7PsVB2OGWFFwZTbFZ4iGIulA32lxzxp6reCZ6/T+t72pEYogX1Fx933c37geZpl/EVRlpOXGVP4
V4q1wyJL8xcgt/tiqkcYBBNCdm7/FR33pA7Mf7jJ94evBezDlwdk2vfFsETX8/dhuLqLFqlHhCTZ
4FnGgZkJ+MbbqBuvo9I2297fuyjEFgTUEpeShF2rvGOd8apNqyQVWbwYDrzMunNrDZQziw2Hxqda
TNgFqXx8La4OspSPPXWAfWVL/C9QhIiKvRRF7vuOc19ykWg7rHgGBWhRf/4Fc56iW0g0v+DJ1/CY
19tJ3hpgu1Fqp7N8nvK8+VsLPdGn+2JbLhwEPQFfMWk8sMsroBv0uvM6sTuHRKRcQ8NbU/EOfMo3
PnseBijcHgqjDce30wMk4hmQBnPHsGLzMS4aSIATqDqYPADaKhvfx7yZPE/SrBETxKtNOb5dQ3Yd
36dRkV+OAT/VpJD+fhPKI1sTWFE1/bETVFvdcGQoHg8qo6kc3ookE9TjjKE1SbSegmJsvUaQs9OX
k+W39c9ZjoupK9Y/aooLkaefpiK4vlZcI7kYb7Z8k6lDUHj7KS1l9eBTG/AJTHQ8HW6vN1OpF0ie
oWmmrhs+AE6P3kxYj4uPRNouEEDpVGEFWGldTwbKPP/h1YTnHQrgFg9g7vC5ya6qdEf/ZUNHNVHC
3TGf0/WO7a3b/IIOHBokJHlGIF2Fac5xDx8yjzF3UBLiEgJgqAYhKijdyqZQAEMKKwZFS7PUVEE2
RMyPw1qj53iEPs2TYmK38Q2VpxMrIVGaY1AlwD3QD1ettMUO/9/B3dib0whK1ZHw0bvXpVoXV6TD
Stm4XRy7O7oyr8Xw1RfI0yD0dPpnb2lotgliqz9CQbi3THhWQ1zCpFNEBWC1PAfWwPZsz7I83RNO
rFu2E0eJnmhJbEax4cZcjxMRhUIzI80LAXfbJdE0j4urmr0+Z/05SWvm1WnOdNAqIxqY7rqOyR52
g+UpVGZouvOIHbw6cnA/Hr/oGgntkyBPsnp7WZcfC1TO+5PX9FqAbq5S+SnCpixqUX0ELVe8UvsK
PF4X2OksMHTMYIz6rAHLceNJEhmJ6/iun2jcsrid2GFkcCN0NC3WXMdIhCZcT7goxyqNLhYqWmpz
f24+ibjtxrqXaIaXeFbium5o6I4Xxbqv66EWC2GYlskFhULgFcIQ5CMIsFnIo4vZJRQAsTxFB5K8
yIur/In6i2a3qoq6Fgtgmdc5Ht2/NDAFPxEisTzP9/XYNoUNmtIi37atUPNDHYQJRIXcN3x0CQjY
lagFr6I18b/hsoTduyRve+KFYaQZOvdEHBrC4q7gRuLx2Eq4LyI/joSRRKEXT7xkEYq4grsZ0M5J
ks5c++8OCHL15jpQ6XuRreu2B1jD2Pa4b/ueY7pWbMQJEGtFDsiZa7ejHgyTbOEmek13he1GIHfu
WrruhVEYctc0DeEKEK4vnMjTHd/cQU8xY3BwEOgTm0euENzXeRLy2Isjy/cSOxKmFQnH8N3YFg48
5lNMtyoR6wTziWO5nmuBUTlOGHGQqe15tmEZwrMjw4wMW4BkbDoOOEaIPUmmzksRadoTyxfc1Ezf
N0USJ6HpR7GpGcLQwTFtDVB7huaDfe5gKrJiwAFWgfQ7seskhjDN2PF0MzL92PAjw4gsJwJJ6vEO
NfTt0Vqe1CdUoOInMYelLa5ZpuWFYOHCM3RfhIlu2EmiA0+eH0XeLjlZgRVFZyxowuYTK9ZCzdMT
nbu+pblC81zf8QR3Hc4T09TiEEg2QnsX04poISdwIl83Ii3xNdsGVceGqWueiIxYd/3QdxILLAwo
vYFhNko5EpWjJy6I0YsSExQWGZawBPi9waNYgLQ0roMbQACcouoDAcTZJ5xHkenaPrc1jzt+nIAP
Rhb8cV2Nh2CWkR35VphMUeRh0+WmJ6bQYl8kTuhEdhJatgBPsbluQAZ3hGs7ph6a4PhiimFU7FMh
ZUmzuXsAH+Gq+IUsLSDUko5c37PBaESkmY5lOA5GAzM0HfA4ANrCjoXrG+5tWGZpGXUVzRPfMLhj
WeDzkRMBDZzb+K9nGjqoXheR5ZoeFzvyrfOi+CS6jP9E4+DrEJpdT48s3ed64lgC3MuC0GLaGIBt
Xxg+8gQlcS226AZDRYeve40nEfzjWkKAdPErZz0ER7K00NY12xHCi80wdJxI4wOStk1jJVcTkoUf
hm4S2qbnOb6exK7pglwtK45CK3ZgdpQYoHWcvm43Nefd/JvRvd5ukiLfggazLRQY2awrpi+BVLRK
U4OooXtG5Hs6D3XXjsFpTCsOtQSM2/E939PQuG7DBSnD00a4bDd0dQM8TsRx6LsRJDbuQWgyjciz
wBhczzdiQ/ifw6WPccXCCrkRWyi9xA9jTeh+aHDwOQjEpg3RBTKHl8hmZVN8ghZpAaFNVCrrYt5x
fMcCKiLX08BWLe5ZBhiB0EDHsQ7pC5gECzbsCZISPG6GsVs15xCQfNNPXBGDz0ZgEmHoR5h07SjU
7NiDeOtbvuYCGuqVetuab6lcfcCw1caP5pJ01VacPknDYo8lRcUm1VWQP2Dna8ikrBYNnhKuGa8E
ffRW5AK/fuMNi3iOH+GFgqV5lLUQPOCCyY9O5pDQIPPSGwXAdVZsYGaCCHZx1jwR+6yAJ1WNKFkI
0eqCbYu2UrhYmrANdCHQ7+MKUNzg55nZFhFD596jW0Cpy9usqdlVkX/XMMz9vGLQxBYQvFLMYFuk
EL+uk3xfrUXO2nJV8RgQzIM8yDtkyyBn7MH7tUDCWFMw/HCNAQr1AU9NhV+NpXUsHxOpMvgzkGcm
GpIX7qlGgsncgpANYgaJR2KWcSyOV2LJqD7FB/W6baBazGfqY9clC/ZU4Ri0mq7r8H9NmOxiHbS6
iJO0B8Odn69YhldcT/8Q7BELB1lWXLEsrZGt7tM+dply9rdWVFsc8zNedLsnS4YtPE09pqZezWHA
AMPCkoFqQXqILdwyJXMcL/cAZv3jEVcP3oNrgemAAngcM6jRpJ5Q/vhhF9sIXrcVfYKLH3eGAokG
KYqfW56hfFfpJYyF4qMV7KFaFErpR4hdrihmlSihFZ6BfvATrSU8prVft5sQxAfmd1Bv8wi/n2P4
1SMY3JwGvKtBh+gDHac4bF0VedGCmmF4vc9oz4rJpgQdZ59h+V2pj1lRNuC4CNu0OZgaDpHIz8gO
gCcwx6q4TsEUBYgBWCITz3viULaKoJMEjRrHoPHus7T5DsTXVDQtFriXRba1M5k9BB5acDCDxEJs
zBSnS0K1a9ScjKNq8xzVGWNDWZSkBOpg6jk7Epfqmm3S1Rq8Ho/U7Y+9VBkOSqSq2rKRUCkwFMwG
aFN8kXLBe6kriaXn8MsijYHs2ylAG0Gbg9YgBeuajwwNBs/koN7SgnwjYLmt9N7nWRGC9eD+E5Nw
8INN2mAQ2IgVD+ktBzuTotZIuGlNn0fg9HPU2lVKkieLAu++mklEnZHVxCGejIULJvD4GqJJKiG6
JaWR0+fC4M9sVYCiCvRntApcaEVkzoi0JdOQC1idYrUs3X73HOCG3pfoX/Mq/jb666YoiQQVZ3uS
FLqaQfgoMe3GPUG4akeVrhmWIoyCwHvyCkVf/d09UEh+QSRhxGBRC1kqhyzFxLWIWgq+hSRZeiRm
tX60uI6EiOuBIxm43pwfL9n5i5Mz9vLk1ck5Ozg9fXlyfMZOj9+y92/e/vX47T6DQez8DYw6Zu9f
vHl5zE7fvjk8Pjub74aAiTwM21HiOBVVWlDmxkBcI4PRWlBIJmn0wVYH2UPtEFNsoSEzCIVChllC
dVjkwCcEaLAm5PdzxiaN7GqNKRhkgiFIDiPMEgmE3iGQy4xEa7zBHIIFAU2Y3xyNtqB2o0FtpYiw
bpCSRXKlXuXcngcwL1HWA6umpnitH91OkuLcVJyveBWCZ8yGEpwC0O3SJVdDctQspmZB7N7wvKUq
ZUwJVHAt2OCj/S4n7BphZ4YyvSbQq6jfJ9gMLjhnb2TMlwYPZUbRZnFPSwpJ5CpnA/21RFwS+cCo
o2mKV1jtGQWLG0mSTEdi6HlLqmLTJVs5W42YjU1zrGHkRmnyhm2wW0xqYh1nXWWJKqsK+si1M+S4
3ZSyDJO1HlMPZvig09cRDlITiHYis+MA7iDNg7PzWwQMSRsSH6xwCUZW163AwNCsQWurrizFoIWr
DVTtd4qUNYKqPueSGhz6WTlt+PWMtm/rjvZDXiI03bQbyLGQXitE3vAcyk9QJJM/xSCpGOSK/qJE
SR5z08agKi8VRbTgDMvlFpKu1WvsqJCPdm0aayOMehK/HNy5kMSlBo45o8phRtvDPW9HQArVKlA+
ovSAOllgSCwlx+aFyTmSw4E7mKbkKfnpVsbBQ7WLAsywX1B4v4zqS3YY5OoXRpYqRUBpti4yWWKG
eKaEKnEiGaomMCGVZCi2yRZJPZWpJRR9sSnT24OxlrpHGFarbYPI99lMHymQlEcLz5qOGJUCKGoP
dSy9UsASMpacY9NDhT5OBqAia85eQC0ItvSYijt2ePpun+GBRxiYx1dpDGZPtYKMnj3+GeFfMqcr
u4eKvCbpjMbO2UEMgWrNs2QBPadsE2IBNqyWgkUZ7h+igY0ccUh7I2TjVuT4GqMalpg8mzMk4t1p
ftoV20OniL0EEnWFp4dgYlvm5Uzd73Q3r5TX1ekn0esTy/JOjTUmPFUyQdkuzWOUWi3fkJMezdmp
mpPxakUTuGpZlS3QiknFV8gC6ATEVpcZVSzYh+IZFXR2XqGeDrMURsnGGn/0QdQNe3X+jiitgSVk
O2wb+jUdUuWwnGwu5l2s2TTtDGctidpxfyhyeu9Evp4w3EGgn2vp2YRGOUnSaM4oS605FgEs3YBs
GtQdaIN+wQ/C1D7RAkq7JKLXKAmIuhSIIUVzCue1VKksJWBso2wUORFyI0GFOtVNHb2hIuno5Ozg
KdRHVE+1OdkQBuwWIyW9MpVFQorGqH4SKh73GwOfg6/HImxXy65p+57p2KypknUN4YqeM9XL13L3
Ab05rwuZvJVH6IhMUi2xHa6LoqYdiq5XE103TlEct5dZzS+7bAGXeACCfmQHn43aeCCM3srLok1t
3vxUpLncECBJfcc+hMU1/aIROzliDz+8Ozl6BHoHtwcaYPwVqA0Vg+djwTmwh6tiJR9ZfoA3FIPu
cvD2D09fdvhVfzeCfNf/fBIVDqReVYoQb0W3laTS6DXQN8MDCY+LJKFl4VmabGfXbRoPCiF5zqa7
OOe0DSNdTf5YpJQBRXrlV22ttoMiCCKNDLNqzkzOWTL1whWXkSlEhUe1CuZAnq/6HiXHadluKt7v
Rl2m4mrWJ+jbds6kcA82RYvRI5G5TgUTEFknWsztGB1pKwTUj9eUnGHyW0rVo8nEeC5k6x0KiSwU
Cfo+/QwIudK6szMyLQRPk75kHxfq2YcYyPguqaX8wR5YTUA+vY1K7XYyeQWYYsY7cwdiu8n4t6fG
3NnhCfGDOfSzOo1lzkB+OOgUDK5uw7EUVphEYYSIZeqkmz610VaTMg4eRSIT1ClI86ZVs/QClsA+
mSJRxoH1Ff2mgIxjsARna4ltFOTA++tGpmQidobS6EibDaKRrJ0c1SO+MEyj5iU2Jl+w9myqLaeu
zKE5EyUBvhkz2AMgEw8E9ooctrV6Xc5vKlMFryueUjcLyQRaPWlFZVG2Wec26gbzPY1RacM0cEFq
g5BLWgkzLkYuKAlUg4EQtZG3VKUO7jtScy3BslJQloU/YtNH6HgIeuiZM/ytvh1QHximYHXyYJTT
IR7M5NmqfuQa9LaUpMzLzaacpwVRDKFuu8HmEFy5wX3WqB5IxzSlnrPhObFAYY6vVpVYqS1Ftf8o
t1nwV94udvkj+iDWvDl6g7/iNFNJQdYHGL6uhOxAOP2CHq5YE+EDAwSbj94OQJ7uJd+WeIZJKueG
UEGh8rkyJqiE8IQB5bJRvjnETXwx3svbh+RQrjm4hcDIXiENXV0KGSMRFfQeM4yLOSZD+bTLXTJz
8MneoDr1MUq2LdTgUNtQbO1CmEJIWpbPuzVuaFXyNVZrk26GDKKyMSLF8Wj1mDBQixjGcUHa9FST
ug3u+bCAejJeoZPcl/O9SiZSk9IDRntJCgegb5Q8u12jtQLKEFf1nYSKDrgJD81aTGVQmvSI8GV6
W8lXMxhtuq0UGXkBn4pOXb7leLpQ9WlQWnM8LKXusAACGpWulp3S5DOwUdzTW7J/UOUCRes+bfL9
iEhlYu6T9/iVEbGBlXRFAR63UbpfNaL9kdvyKMVnah9r6hio/cbPKMtMqCJgTL5cl+DyEjCiG1ia
zKnDikv27OXBuQRiqyFwZ+3P6ujGvu1f00cV++Z1nFbNPgXdP6tKT75rGW9aSCfGRAeiVXuKvFVW
l4Gyoi2Tv13XVl3c7Tq1qn9LQ0EF8EA6iuh1Wd3Jada94QETkGX9g2cUTWgpGj9BQnWxgnwcQWZU
X44Kv0LW/uIaYlutmtzoAtukmho6CG5hCg3KVhZyNA75BVKgBZOZQrqK5JLwQ2VU9eEY39PuKhVf
aJ4OKj6kt5r0Wi+AquXBsyplRyJihsUMY2naS1tj70+eMkMzdBzQvXp7LCDCwv2maOLH8lvdCt8C
0g8GorM91n0dUtcUeOkQ2ESw6g7SEoBg3QC5WqeNmOErNwXA/klVa49tDSErjrsHsXhMd/JtYA+D
AhehuF+L73W6+/KyVPjiFBsqsODtY6KsN8g+vz0mHqkWxhJ74Kyrj0U8GoKv4h8fHT87ePfyfMQS
vRdUS1J2QFdV95Pq9bGHoFGFTkP2fvk/SlMzfw==
===END CRASH DUMP===
