PocketMine-MP Crash Dump Sat Feb 12 00:28:34 WIB 2022

Error: Undefined variable $entity
File: plugins/Dungeon/src/hachkingtohach1/Dungeon/Dungeon
Line: 302
Type: ErrorException

THIS CRASH WAS CAUSED BY A PLUGIN
BAD PLUGIN: Dungeon

Code:
[293] 		foreach($this->dungeons as $case => $data){
[294] 			if(isset($data["players"][$player->getName()])){
[295] 				$result = true;
[296] 			}
[297] 		}
[298] 		return $result;
[299] 	}
[300] 	
[301] 	public function isSpectator(Player $player) :bool{
[302] 		if(isset($this->spectators[$entity->getName()])){
[303] 			return true;
[304] 		}
[305] 		return false;
[306] 	}
[307] 	
[308] 	public function spawnMobs(string $id){
[309] 		foreach($this->dungeons[$id]["mobs"] as $data){
[310] 			$position = explode(",", $data["position"]);
[311] 			$entityClasses = $data["mob"];
[312] 			$vector3 = new Vector3($position[0], $position[1] + 0.5, $position[2]);

Backtrace:
#0 plugins/Dungeon/src/hachkingtohach1/Dungeon/Dungeon(302): pocketmine\errorhandler\ErrorToExceptionHandler::handle(integer 2, string[26] Undefined variable $entity, string[91] C:\Users\tranthien\Desktop\FoxCraft\plugins\Dungeon\src\hachkingtohach1\Dungeon\, integer 302)
#1 plugins/Dungeon/src/hachkingtohach1/Dungeon/task/Scheduler(58): hachkingtohach1\Dungeon\Dungeon->isSpectator(object pocketmine\player\Player#105116)
#2 pmsrc/src/scheduler/TaskHandler(117): hachkingtohach1\Dungeon\task\Scheduler->onRun()
#3 pmsrc/src/scheduler/TaskScheduler(141): pocketmine\scheduler\TaskHandler->run()
#4 pmsrc/src/plugin/PluginManager(466): pocketmine\scheduler\TaskScheduler->mainThreadHeartbeat(integer 401)
#5 pmsrc/src/Server(1768): pocketmine\plugin\PluginManager->tickSchedulers(integer 401)
#6 pmsrc/src/Server(1657): pocketmine\Server->tick()
#7 pmsrc/src/Server(1046): pocketmine\Server->tickProcessor()
#8 pmsrc/src/PocketMine(304): pocketmine\Server->__construct(object BaseClassLoader#2, object pocketmine\utils\MainLogger#3, string[36] C:\Users\tranthien\Desktop\FoxCraft\, string[44] C:\Users\tranthien\Desktop\FoxCraft\plugins\)
#9 pmsrc/src/PocketMine(327): pocketmine\server()
#10 pmsrc(11): require(string[80] phar://C:/Users/tranthien/Desktop/FoxCraft/PocketMine-MP.phar/src/PocketMine.php)

PocketMine-MP version: 4.2.0 [Protocol 486]
Git commit: 44818e6d1456dcf1f0fd3cd27da1dfecbe03c08b
uname -a: Windows NT tranthien4-8sin 10.0 build 17763 (Windows Server 2016) AMD64
PHP Version: 8.0.13
Zend version: 4.0.13
OS: WINNT, win
Composer libraries: 
- adhocore/json-comment 1.1.2@fc2f76979f0a44a5f5bc2a2b600d0762fe0e78e7
- brick/math 0.9.3@ca57d18f028f84f777b2168cd1911b0dee2343ae
- daverandom/callback-validator unknown@unknown
- fgrosse/phpasn1 v2.4.0@eef488991d53e58e60c9554b09b1201ca5ba9296
- netresearch/jsonmapper v4.0.0@8bbc021a8edb2e4a7ea2f8ad4fa9ec9dce2fcb8d
- pocketmine/bedrock-data 1.6.0+bedrock-1.18.10@e98c511584a7bd58a95986374d2df4b04c6a2ba0
- pocketmine/bedrock-protocol 8.0.0+bedrock-1.18.10@017e57c8f8a74118bcbba7332e7ebac9e6c81693
- pocketmine/binaryutils 0.2.4@5ac7eea91afbad8dc498f5ce34ce6297d5e6ea9a
- pocketmine/callback-validator 1.0.3@64787469766bcaa7e5885242e85c23c25e8c55a2
- pocketmine/classloader 0.2.0@49ea303993efdfb39cd302e2156d50aa78209e78
- pocketmine/color 0.2.0@09be6ea6d76f2e33d6813c39d29c22c46c17e1d2
- pocketmine/errorhandler 0.6.0@dae214a04348b911e8219ebf125ff1c5589cc878
- pocketmine/locale-data 2.4.3@4d0b081f1a79407e087968ea76aaf330db6ea2b5
- pocketmine/log 0.4.0@e6c912c0f9055c81d23108ec2d179b96f404c043
- pocketmine/log-pthreads 0.4.0@61f709e8cf36bcc24e4efe02acded680a1ce23cd
- pocketmine/math 0.4.2@aacc3759a508a69dfa5bc4dfa770ab733c5c94bf
- pocketmine/nbt 0.3.2@3e0d9ef6b6c5fb45e3745a121296e75631b3eefe
- pocketmine/pocketmine-mp 4.2.0@44818e6d1456dcf1f0fd3cd27da1dfecbe03c08b
- pocketmine/raklib 0.14.3@4798576fec0364266dce23b368a7fec5e5de7927
- pocketmine/raklib-ipc 0.1.1@922a6444b0c6c7daaa5aa5a832107e1ec4738aed
- pocketmine/snooze 0.3.1@0ac8fc2a781c419a1f64ebca4d5835028f59e29b
- ramsey/collection 1.2.2@cccc74ee5e328031b15640b51056ee8d3bb66c0a
- ramsey/uuid 4.2.3@fc9bb7fb5388691fd7373cd44dcb4d63bbcf24df
- rhumsaa/uuid unknown@unknown
- symfony/polyfill-ctype v1.24.0@30885182c981ab175d4d034db0f6f469898070ab
- symfony/polyfill-php80 v1.24.0@57b712b08eddb97c762a8caa32c84e037892d2e9
- symfony/polyfill-php81 v1.24.0@5de4ba2d41b15f9bd0e19b2ab9674135813ec98f
- webmozart/assert 1.10.0@6964c76c7804814a842473e0c8fd15bab0f18e25
- webmozart/path-util 2.3.0@d939f7edc24c9a1bb9c0dee5cb05d8e859490725

Loaded plugins:
Alerts 1.0.0 by hachkingtohach1 for API(s) 4.0.0
AlwaysSpawn 2.2.5 by Philip Shilling for API(s) 4.0.0
AuctionHouse 2.0.0-BETA1 by Shock95x for API(s) 4.0.0
BlockGenerator 0.1.0_beta by BlockHorizons, Chris-Prime for API(s) 4.0.0, 3.0.0
BuilderTools 1.3.0-beta2 by CzechPMDevs, VixikHD for API(s) 4.0.0
CraftingTable 1.0.0 by hachkingtohach1 for API(s) 4.0.0
CropGrowth 2.0.1 by NhanAZ, kaidoMC, YTBJero for API(s) 4.0.0
CustomItemLoader 2.3.1 by alvin0319 for API(s) 4.0.0
DevTools 1.15.0 by PocketMine Team for API(s) 4.0.0
Dungeon 1.0.0 by hachkingtohach1 for API(s) 4.0.0
EconomyAPI 5.7.3-PM4 by onebone for API(s) 4.0.0
FCCore 1.0.1 by hachkingtohach1 for API(s) 4.0.0
FormAPI 1.4.0 by jojoe77777/DragonfireHD98 for API(s) 4.0.0
Gems 5.7.3-PM4 by onebone for API(s) 4.0.0
HealthTag 2.1.2 by Shelly7w7 for API(s) 4.0.0
InvCrashFix 0.0.1 by Muqsit for API(s) 4.0.0
InvSee 2.0.1 by BlockHorizons for API(s) 4.0.0
KeepInventory 1.0.0 by NhanAZ, KhoaGamingVN for API(s) 4.0.0
LaunchableTNT 1.0.1 by Vecnavium for API(s) 4.0.0
MaxEnchants 1.2.4 by Xenophilicy for API(s) 4.0.0
MultiWorld 1.7.0-beta3 by CzechPMDevs, VixikCZ, fuyutsuki, kaliiks for API(s) 4.0.0
MyItem 1.5.5 by hachkingtohach1 for API(s) 4.0.0
NPC 1.0.0 by hachkingtohach1 for API(s) 4.0.0
Napthe 0.0.2 by hachkingtohach1,tungstenvn for API(s) 4.0.0
Parties 2.0.1 by Didah (@Diduhless) for API(s) 4.0.0
PlayerStats 3.1.9_BETA by hachkingtohach1 for API(s) 4.0.0
PureChat 2.0.0 by Vecnavium, 64FF00 for API(s) 4.0.0
PureEntities 2.0.0 by LeinneSW for API(s) 4.0.0
PurePerms 1.4.5 by Vecnavium , 64FF00 & ProjectInfinity for API(s) 4.0.0
RedstoneCircuit 3.0.0 by tedo0627 for API(s) 4.0.0
ScoreBoard 1.0 by hachkingtohach1 for API(s) 4.0.0
ShopGUI 1.0.0 by hachkingtohach1 for API(s) 4.0.0
SimpleHome 1.1.0 by CzechPMDevs, VixikCZ for API(s) 4.0.0
Spyglass 1.0.1 by ItsRealNise for API(s) 4.0.0
VanillaHopper 2.0.1 by ColinHDev for API(s) 4.0.0
VanillaX 3.0.0 by CLADevs for API(s) 4.0.0
WorldProtect 2.3.11 by aliuly for API(s) 4.0.0
_NewAlias 1.4.0 by Javier Leon9966 for API(s) 4.0.0
libEasyUI 1.0.2 by GiantQuartz for API(s) 4.0.0

----------------------REPORT THE DATA BELOW THIS LINE-----------------------

===BEGIN CRASH DUMP===
eNrtPGlz28aSf2WWdm3keiKF++Aru6xIcqz3fHAtOfY+0+UaAAMSEQggOCTRqfz37e4ZXJR8Jcom
H5JKIqAx09P3MRjwl0mclxtef7gUZZXk2WRu7U/qZCMmc92xLEfTbN2a2Y6rGcb+pCnkI8OYuZ5l
GZqmm5bhuiZMSnlVn5RlXk7mv0zqbQHDJnR/ch0KmAe49ycbUVV8hY9eZ5GIk0xE7JKXCQ9Swe6L
rE7qLQyLmzR9kqQ47mi+XL6ugLjlsi55Vq8TkS2Xx6K6qPNiuXySXx+VPK6XyyJtVkkGw46bbCVy
GFSV4XK55uH6IslWdY5X+uCxupgV6wKXlMspLAfq4QHgONhB0T1Tf2FyCoxM5qYGIgIiQ7h+N7mn
sd+AbA+QPJizIg8vRL0BtMulQCGueRalolwuSaTneSfUp/LBfC5H7CVZLVaiZMY+q+oSFnpnOO/Z
p6XdDfP19+yPE/Y+awlDBkFk9/RvEk/Nq4uDs3Atoga43bM9ENIXVTt9lFRnhQhrXuflXh78BJcj
0RYp36JQF/T3ng7GrjtEncGKDdJD/7XLHpwDFUrge7rufpYGpHi57EiePsqzV022R9jNT2LvWdQt
fccQupHL5YCQ6aOyRWsN0ErhHizoz3OegdeVe5bjfB7ngNwNT7LzdSl49FTwsg4ErzvjsjSdFrQH
C56J8hLJdh1vZw1JCkp5QMv0UZ2E/XrVDdzOLbgd293BLZ9IZFII7i3zNMv5zLxFmYcQl8BECIE3
QLCgKc9hCjim9QkcHz6EeQZe1IR1a2Tf80ocQUSsnuU8AssCb7zF/Jo6ScGHnoOkn+UrYP6e2bmj
6XyDO3azLOu3ODGx7X+CbWNX5JUUqnRiTc4Cb4BRpfi5SUqxp4jxtPesWPNyfnBwND8gkg46ig4U
QQctPYNFp88XM5y4QwtG6geT97/uT8Rd5Zk7CfpAkMTwIcku8/RSbGABQBuBLMJ60j4FSD85zCOB
DBi+CfBlvawhDwtYae8+iKeaPork0Irxit0PwZzYw0fsfsRr/uAXmG/4lpq3rJN4L6kqUe/R43fL
iQxr1XLy/t19eT19tBL1C74Rew/eP1AI7A7Bsr5fiqpJa/aQgRmLf9Jzp3v+K9276l7eeequFHVT
ZkwhkDN9eobjTE2ja7rU6bJogjQJWdxkISqLDUO0jMNMEf2AzYM8T3+hyYZar2dWyqlqJ1fvlF5v
8mpqZseLordlE7x6wJap2WO2Yp5WapwzYMrtmfJuZaoq+FX2PA8q5QvsfhIpUvzP6/sdjHwPOtzA
ZFAgqb/TuqlrHSP3i7xKaLGHTFwXKRjU3nKyD/+yzg7UCMDzgJjQ9X66FBYFKVEBjnYSLAzj5XCj
H34JYs5LEwZm4or9KO/2OiLeae9h3e4Oaol/MG1mD2EGEvHr3xXS3xXS3xXS3xXS3xXSH1chtRVH
hRXGIdhOTVcZx969BexPupZ/os+0mQYQ3tRryKQYnHfcFpHyIsEnFg2Ge5FhmIwmc0ym+5NIFCKL
cDI8q/K4Ph4C0FlgpRvRQFLT/sWyCuwBBi5enp2/efnq2TGArkQAOQRpX9d1UYG0rngdrqt1Us+u
hAjS7SzMNweYXA7TK76FkAbpd8RyDx3ybcyMmT3me7FO0qRgZ/AHCrzVXfFdENpKYV0uOVFEZcJy
KV2g5/3s/PDV+evFiHNirqHq4mneVGLI3RA8Zg8onn5/cn6oj5k8W4PJ+Pb17+NucgJenW+2h4vT
Sc9ppXADj5KuNdIFCh5T+Vk1I7Pfp4DnB5GJEnPTgN2dB0OGtRlY8odA1HzML015mpfJRwhD8Oho
XULNtShxM2tXBFD3/B5Fj5ZaLsfE3lT1Z/hvkhSGnkMFPPTeEXjsw0D3FHk3xswffRThevH8WFzi
hB+T6+Ti6fFd2XWIyItNBMiXy0DSViNtwPqY0q/y61VSr5uAvHlA9sEIFciGwiH40TkSPBDOGP4X
iXAjonZuv0YuIBYQb5KG5XZWbWtRzTJRH0S8Wgc5L6MDKZC8+KHMr+r1SBodcDcq7MSDF1AaH/4H
YBc8ifLnR3D1v+ff/0uU+V1JRa6A3Lc0yaz+GwxDEYtcN1Wdb05rsVFuNeB999FYAuauBHh6mWSa
qft3xXCHEHjeoeUm5GviATjCbizoQGNL1+1dU+8rBHYu+OaueGzXx9rpcsfPb8thtyizp+ygw4HM
qo2SAa/d1slfwql3G6m7cuRBSu15HwCH7Nszd2ZOF8+tsQjyTATw312xrtBBly2pAJzQYw8p+qLp
Pjk6ysthnFaAXV3qf44uJTXt37vS5JO83IzV2ELGbFu7JvxT/lMuXPzn4LjkqzyLoWN4eux7dyWA
fgHsdYim7uJr1PmD2AyjEN3+iXaJ68v/fw3x0Kqn9fqcrwYc9LBxltBnxm7dLNJ06165d8VE1SJc
Ljsivi4xIi+n2SVUE9X6SXI94GYIHRfHNzzsefMzoLsrZjaEbblMsssQCYiT628peIHuMyHGjCDg
C7XLuLa/I1Z2qnhJybcw828hCpglMqj6twOexvAvJLOuLPv3Ouc/8A0ErR9f3HVFNqLoDoqyZ7zJ
wjXSc/7ifMD5GP6F0P+jCDN+mTR3Vqp0CEGJQ0J2br9Gtc/59QnOyEa7KkPomDljthMI34osp/2A
cHtX7A1Qogo7UkY3X8Vck9bJm7xMoyFvPXDMmqs6TvOLHefRf+hYx7apq+YioU4jTZKL6g/pQzdI
7xXSC/wPaf89PegAEcppi9X7UEYSMJaPvbu79P9V0khq2r93VdK8WBwNOMa7v0g1DqR8W+T65P7h
C17U62ESUoDdRGp8ltH9GrqCqhbZZfbH8UyEtX+/xrcXvKwTMQxaLeQLKfY4ifia7T2Gv806FVX1
4K64ilqMy2UhaVkue6K+1V07+ohbemN1VvNRmB5Ch1ybUOz5H3Cr9M+x4AFdo5vfbdCLphRHa14P
ZdCCbuwVfyoJ708c68kTTfsm9mmdhSg3FOR3to6fcNoNrhZlDtjfQuTJm2pxMm3hgw3lD3JtEIui
u7/6KquHsSf4InfH9IfgLwjimUiyTJy9uSvtp4QPTB5oEIoGydSAom/bR2lJPBhhUexLJYx5l7Dd
VtT+hAWwfSa1wP6bgcrwPd0p9KUZHqO5I6GM1EzUDS6/RtGvRFTV0BEeJWXYJEOD330ydvwb6q5F
lGuOcWdNXotvuSwVIaEkZLm8SdkX2TwL81J8jzl5wOEAuJOS/5xw1tMzvP7dwexsnRc/vB7uqbSQ
v0ghosjpLu6q8jpLNkUqnuabYWkyAO5sAO+yf3tB/keU3hXRtAaaQAZD+n5P6X224Wm6UGdhBlhR
MMV2hacIhmJpQV/oMU/r6pXg6YukurM9qQFKYF/R8fX7OT/yLElT/jQvitHLjDH8C8XaUZ4m2VOQ
210x1SFcLkeE7Nz+Fh13pPbMv73J99svBeyjZ4dk2nfFsETX8fe2v/oaLVKPCEmyxsOfPTMj8I23
UTdeRyVNur27d1GIbbmklriQJOxa5VfWGc+bpIwTkUYH/YGXaXtMrYZy5mDDofEpD0bsglQ+vBBX
h2nCh57aw76wJf4vKEJEyZ6JPPN9x7kruUi0LVY8gwK0qD+/wZzH6A4kml/xoHBwwqvtKG/1sN0o
tdNZ/pDwrP6fBnqij3fFtlx4uewI+IJJ4/lmXgLdoNed14ntOSQi5Roa3oqKd+BTvvGZeBigcHso
CDcc3073kJCnQBrMHcLyzYcoryEBjqDqmHcPaMp0eB/xevQ8TtJajBCvNsXwdg3ZdXifhHl2OQT8
VJFCuvtNII9sjWB5WXfHTlBtVc2RoWg4qAjHcngl4lRQjzOEViTRagyKsPUaQM4Wz0bLb6uf0wwX
U1ese1TnFyJLPo5FcH2tuEZyMd5s+SZVh6Dw9mNSyOrBpzbgI5jocDrcXm/GUs+RPEPTTF03fAAs
jl+OWI/yD0TaLhBAyVhhOVhpVY0Gyjz/9vmI5x0K4BaPX+7wuUmvymRH/0VNBzVRwu0xn8V6x/bW
TXZBBw4NEpI8I5CsgiTjuIcPmceYOSgJcQkBMFCDEBWUbkWdK4AhhRWBoqVZaqog6yPmh36twXP8
GiHJ4nxkt9ENlScjKyFRmkNQKcA90A9XjbTFFv9/wN3Yy0UIpepA+Ojd60KtiyvSYaV02C4O3R1d
mVei/14Q5GkQejr9M5kbmm2C2KoPUBBO5nSAHlaARJCHOWC1PAfWwPZsYlme7gkn0i3bicJYj7U4
MsPIcCOuR7EIA6GZoeYFgLtpk2iSRflVxV6cs+6cpDX1qiRjOmiVEQ1Md13HZHvtYHkKlRma7jxg
h8+PHdyPx6/+BkL7KMiTrM5e1sWHHJXz5vQFvRagm6tEfruxKfJKlB9AyyUv1b4Cj9Y5djoHGDqm
MEZ9BYLluPE4Do3YdXzXjzVuWdyO7SA0uBE4mhZprmPEQhOuJ1yUY5mEFwcqWmozf2Y+DrntRroX
a4YXe1bsum5g6I4XRrqv64EWCWGYlskFhULgFcIQ5CMIsGnAw4vpJRQAkTxFB5K8yPKr7LH6i2a3
KvOqEgfAMq8y/ELg0sAU/FiI2PI839cj2xQ2aEoLfdu2As0PdBAmEBVwH78T2Z9AwC5FJXgZron/
DZcl7OSSvO2xFwShZujcE1FgCIu7ghuxxyMr5r4I/SgURhwGXjTykoNARCXcTfHLBJKkM9P+0QJB
rt5MByp9L7R13fYAaxDZHvdt33NM14qMKAZirdABOXPtdtS9YZIt3ESv6a6w3RDkzl1L170gDALu
mqYhXAHC9YUTerrjmzvoKWb0Dg4CfWzz0BWC+zqPAx55UWj5XmyHwrRC4Ri+G9nCgcd8jOlWJWKd
YD52LNdzLTAqxwlCDjK1Pc82LEN4dmiYoWELkIxNxwGHCLEnSdV5KSJNe2z5gpua6fumiKM4MP0w
MjVDGDo4pq0Bas/QfLDPHUx5mvc4wCqQfidyndgQphk5nm6Gph8ZfmgYoeWEIEk92qFm+OkGoQIV
P444LG1xzTItLwALF56h+yKIdcOOYx148vww9HbJSXOsKFpjQRM2H1uRFmieHuvc9S3NFZrn+o4n
uOtwHpumFgVAshHYu5hWRAs5gRP6uhFqsa/ZNqg6Mkxd80RoRLrrB74TW2BhQOkNDNNBypGoHD12
QYxeGJugsNCwhCXA7w0eRgKkpXEd3AAC4BhVFwggzj7mPAxN1/a5rXnc8aMYfDC04I/rajwAswzt
0LeCeIwiC+o2Nz02hRb5InYCJ7TjwLIFeIrNdQMyuCNc2zH1wATHF2MMg2KfCilLms3XB/ABrpJf
yNICQi3pyPU9G4xGhJrpWIbjYDQwA9MBjwOgLexIuL7h3oZlmhRhW9E89g2DO5YFPh86IdDAuY3/
eqahg+p1EVqu6XGxI98qy/OPos34jzUOvg6h2fX00NJ9rseOJcC9LAgtpo0B2PaF4SNPUBJXYotu
0Fd0+LrXeBzCP64lBEjX8KA8CsCRLC2wdc12hPAiMwgcJ9R4j6RpkkjJ1YRk4QeBGwe26XmOr8eR
a7ogV8uKwsCKHJgdxgZoHaevm03FeTv/ZnSvtps4z7agwXQLBUY6bYvpSyAVrdLUIGronhH6ns4D
3bUjcBrTigItBuN2fM/3NDSu23BByvC0AS7bDVzdAI8TURT4bgiJjXsQmkwj9CwwBtfzjcgQ/qdw
6UNckbACbkQWSi/2g0gTuh8YHHwOArFpQ3SBzOHFslnZ5B+hRTrAj9lKlXUx7zi+YwEVoetpYKsW
9ywDjEBooONIh/QFTIIFG/YISQEeN8XYrZpzCEi+6ceuiMBnQzCJIPBDTLp2GGh25EG89S1fcwEN
9Uqdbc22VK7eY9hqsxBPcq2aktNHe1jssTgv2ai6Wmb32PkaMimrRI2nhCvGS8HqtWB5Jiq44DUL
eZblNQsES7IwbSB4wAWTH53MIKFB5qU3CoDrLN/AzBgR7OKseCz2WQ5PygpRsgCi1QXb5k2pcLEk
ZhvoQqDfxxWguMHvWdMtIobOvUN3AKUub9K6Yld59l3NMPfzkkETm0PwSjCDbZFC/NBR8n21Fhlr
ilXJI0AwW2bLrEU2X2aM3XuzFkgYq3NYBapWQKE+4Kmo8KuwtI7kYyJVBn8G8kxFTfLCPdVQMJlb
ELJBzCDxUExTjsXxSszlB574oFo3NVSL2VR9Ojxny4kqHJeNpus6/F8TJrtYLxtdRHHSgeHOz1Ys
xSuuJ/+1nBALh2maX7E0qZCt9ks+dplw9j+NKLc45me8aHdP5vRNKk09oaZezWHAAMPCkoFqQXqI
LdgyJXMcL/cApt3jAVf33oBrgemAAngUMfmRbiXljx92sY3gVVPSF8sMtBMIJBqkKH5ueIryXSWX
MBaKj0awPbUolNIPELtcUUxLUUArPAX94Cdac3hMa79oNgGID8zvsNpmIX49BxZSXoDBzWjA6wp0
iD7QcorD1mWe5Q2oGYZX+4z2rJhsStBx9hmW38AIdh8kG3BchG2aDEwNh0jkZ2QHwBOYY5lfJ2CK
AsQALJGJZx1xKFtF0GmMRo1j0Hj3WVJ/B+KrS5oWCdzLItvamcz2gIcGHMwgsRAbU8XpnFDtGjUn
4yibLEN1RthQ5gUpgTqYasaOxaW6ZptktQavxyN1+0MvVYaDEinLpqglVAoMBbMB2hRfpFzwXupK
Iuk5/DJPIiD7dgrQRtDmoDVIwLpmA0ODwVM5qLO0ZbYRsNxWeu8PaR6A9eD+E5Nw8INNUmMQ2IgV
D+gtBzuTotZIuElFn0fg9HPU2lVCkieLAu++mkpErZFVxCGejIULJvD4GqKJSyHaJaWRg7Ya9Ge2
ykFROfozWgUutCIyp0TanGnIBaxOsVqWbn95DnBD73P0r3kZ/T76qzoviAQVZzuSFLqKQfgoMO1G
HUG4akuVrhmWIoyCwBvyCkVf9d0dUEh+QSRhxGBhA1kqgyzFxLUIGwq+uSRZeiRmtW60uA6FiKqe
Ixm4Xp6fzNn509Mz9uz0+ek5O1wsnp2enLHFySv25uWrf5+82mcwiJ2/hFEn7M3Tl89O2OLVy6OT
s7PZbggYycOwHSWOhSiTnDI3BuIKGQzXgkIySaMLtjrIHmqHiGILDZlCKBQyzBKqozwDPiFAgzUh
v58yNmlkV2tMwSATDEFyGGGWSCD09oFcZiRa4yXmECwIaMLs5mi0BbUbDWorRIh1g5Qskiv1Kud2
PIB5iaLqWTU1xWv14HaSFOem4nzFywA8Y9qX4BSAbpcuuRqSo2YxNQti94ZnDVUpQ0qggmvABh/s
tzlh1whbM5TpNYZepZb8bnoXnLGXMuZLg4cyI2/SqKMlgSRylbGe/koiLoh8YNTRNMUrrPaEgsWN
JEmmIzF0vMVlvmmTrZytRkyHpjnUMHKjNHnDNtgtJjWyjrO2skSVlTl95NoactRsClmGyVqPqQdT
fNDq6xgHqQlEO5HZcoC/gnElwNn5LQKGpA2JD1a4BCOrqkZgYKjXoLVVW5Zi0MLVeqr2W0XKGkFV
nzNJDQ79pJw2/HpK27dVS/sRLxCabJoN5FhIryUir3kG5ScoksnfUJBU9HJFf1GiJI+5aWNQlReK
IlpwiuVyA0nX6jR2nMtHuzaNtRFGPYlfDm5dSOJSA4ecUeUwpe3hjrdjIIVqFSgfUXpAnSwwJJaC
Y/PC5BzJYc8dTFPylPy0K+PgvtpFAabYLyi8n0f1OTtcZpmoUWFzlSKgNFvnqSwxAzxTQpU4kVzh
z20wlWQotskWST2VqSUQXbEp09u9oZbaRxhWy22NyPfZVB8okJRHC0/rlhiVAihq93UsvVLAEjKS
nGPTQ4U+TgagImvGnkItCLb0kIo7drR4vc/wwCMMzKKrJAKzp1pBRs8O/5Twz5nTlt19RV6RdAZj
Z+wwgkC15ml8AD2nbBMiATasloJFGe4fooENHLFPewNkw1bk5BqjGpaYPJ0xJOL1Ilu0xXbfKWIv
gURd4ekhmNgUWTFV9zvdzXPldVXyUXT6xLK8VWOFCU+VTFC2S/MYpFbLN+SkBzO2UHNSXq5oAlct
q7IFWjEu+QpZAJ2A2KoipYoF+1A8o4LOzkvU01GawCjZWOOPPoiqZs/PXxOlFbCEbAdNzbCRJ1X2
y8nmYtbGmk3dTHHWnKgd9ocio/dO5Osxwx2EEL8t7tiERjmOk3DGKEutORYBLNmAbGrUHWiDfvsR
wtQ+0QJKuySi1ygJiLoUiCFFcwrnlVSpLCVgbK1sFDkRciNBhTrVTR2/pCLp+PTs8Huoj6ieajKy
IQzYDUZKemUqi4QEjVH9glY07Dd6Pntfj0TQrOZt0/aI6disqZJ1DeGKnjPVy1dy9wG9OatymbyV
R+iITFItsR2t87yiHYq2VxNtN05RHLeXWcUv22wBl3gAgn5kC58N2nggjN7Ky6JNbd78lCeZ3BAg
SX3H3gb5NXp+yU6P2d7b16fHD0Dv4PZAA4y/ArWhYvB8LDgH9nBlpOQjyw/whrzXXQbe/vb7Zy1+
1d8NIN/RYvg+jQoHUq8qRYi3vN1KUmn0Guib4oGEh3kc07LwLIm30+smiXqFkDyn412cc9qGka4m
f2ZUyoAivfKrplLbQSEEkVqGWTVnKufMmXrhisvIFKLCo1oFcyDPVl2PkuG0dDcV77ejLhNxNe0S
9G07Z1K4h5u8wegRy1ynggmIrBUt5naMjrQVAurHa0rOMPkVperBZGI8E7L1DoREFgj8FTD5a2Hk
SuvWzsi0EDxO+pJ9XKhjH2Ig47ukFvIHe2A1/I2x26jUbieTl4ApYrw1dyC2nYx/O2rMnR2eAD+Y
Qz+rkkjmDOSHg07B4KomGEphhUkURohIpk666VIbbTUp4+BhKFJBnYI0b1o1TS5gCeyTKRKlHFhf
0W8KyDgGS3C2ltgGQQ68v6plSiZipyiNlrRpLxrJ2ulxNeALwzRqXmJj8gVrx6bacmrLHJozUhLg
mzKD3QMy8UBgp8h+W6vT5eymMlXwuuIJdbOQTKDVk1ZU5EWTtm6jbjDf0xiVNkwDF6Q2CLmklTDj
YuSCkkA1GAhRG3lzVergviM11xIsKwVlWfgjNl2Ejvqgh545xR833AF1gWEMVicPBjkd4sFUnq3q
Rq5Bb3NJyqzYbIpZkhPFEOq2G2wOwZVr3GcNq550TFPqOeufEwsU5vhqVYqV2lJU+49ymwV/n+5i
lz+iD2LNy+OX+CtOU5UUZH2A4etKyA6E0+/j4YoVEd4zQLDZ4O0A5OlO8k2BZ5ikcm4IFRQqnytj
gkoITxhQLhvkmyPcxBfDvbx9SA7FmoNbCIzsJdLQ1qWQMWJRQu8xxbiYYTKUT9vcJTMHH+0NqlMf
g2TbQA0OtQ3F1jaEKYSkZfm8XeOGViVfQ7XWyabPICobI1Icj1aPCQO1iGEcF6RNTzWp3eCe9Quo
J8MVWsl9Pt+rZCI1KT1gsJekcAD6Wsmz3TVaK6AMcWXXSajogJvw0KxFVAYlcYcIX6Y3pXw1g9Gm
3UqRkRfwqejU5luOpwtVnwalNcfDUuoOCyCgUelq3ipNPgMbxT29OXtHlQsUrfu0yfcekcrE3CXv
4SsjYgMr6ZICPG6jtL9qRPsjt+VRis/UPlbUMVD7jZ9RFqlQRcCQfLkuweUlYEQ3sDSZU/sV5+zJ
s8NzCcRWQ+DO2j/V0Y1927+mjyr2zesoKet9Crr/VJWefNcy3LSQToyJDkSr9hR5o6wuBWWFWyZ/
u64p27jbdmpl95aGggrggXQU0uuyqpXTtH3DAyYgy/p7Tyia0FI0foSE6mIF+TCATKm+HBR+uaz9
xTXEtko1ueEFtkkVNXQQ3IIEGpStLORoHPILpEALJjOFdBXJJeGHyqjswjG+p91VKr7QXPQqPqK3
mvRabwlVy70nZcKORcgMixnG3LTntsbenH7PDM3QcUD76u2hgAgL95u8jh7Kb3VLfAtIPxiIzvZQ
93VIXWPgpUNgE8GqO0gKAIJ1A+RqndRiiq/cFAD7J1WtPbQ1hKw47h5E4iHdybeBHQwKXITifi2+
12nvi8tC4YsSbKjAgrcPibLOILv89pB4pFoYS+yes7Y+FtFgCL6Kf3h88uTw9bPzAUv0XlAtSdkB
XVXdj6rXhx6CBhU6DZn8+n9iYA7i
===END CRASH DUMP===
