PocketMine-MP Crash Dump Sat Nov 27 18:26:30 WIB 2021

Error: Constant expression contains invalid operations
File: plugins/CraftBook/src/hachkingtohach1/CraftBook/CraftBook
Line: 31
Type: E_COMPILE_ERROR

THIS CRASH WAS CAUSED BY A PLUGIN

Code:
[22] 
[23] class CraftBook extends PluginBase implements Listener {
[24] 	
[25] 	CONST BLOCKS = 0;
[26] 	CONST ARMORS = 1;
[27] 	CONST WEAPONS = 2;
[28] 	CONST POTIONS = 3;
[29] 	CONST OTHERS = 4;
[30] 	
[31] 	public $items = [
[32] 	        "§l§l§r".TextFormat::DARK_PURPLE."Ender Sword".TextFormat::RED."§l§l§l§1" => [
[33] 		        "ITEM" => EnderSword::getInstance()->getEnderSword(),
[34] 			    "MIXED_NEEDLE" => [
[35] 			        "Eye of Ender" => "381,0,164",
[36] 				    "Stick" => "280,0,2"
[37] 			    ],
[38] 			    "CATEGORY" => self::WEAPONS
[39] 		    ]
[40] 	    ];
[41] 	public $dataItems = [];

Backtrace:

PocketMine-MP version: 3.25.4 [Protocol 471]
Git commit: 7306a2d939105d8d91b4180de9aec42a31d9570f
uname -a: Windows NT DESKTOP-BVRHES0 10.0 build 19042 (Windows 10) AMD64
PHP Version: 8.0.13
Zend version: 4.0.13
OS: WINNT, win
Composer libraries: 
- adhocore/json-comment 1.1.2@fc2f76979f0a44a5f5bc2a2b600d0762fe0e78e7
- daverandom/callback-validator unknown@unknown
- pocketmine/binaryutils 0.1.13@0abee38d4e2861621f262c79a2a3d699d8a697f4
- pocketmine/callback-validator 1.0.3@64787469766bcaa7e5885242e85c23c25e8c55a2
- pocketmine/classloader 0.1.3@3c484a27787f7732ce842ed694928a29ba340961
- pocketmine/log 0.2.1@830b44a2cf96ef703c550abe64302f230231ca49
- pocketmine/log-pthreads 0.1.4@01620c3628cdaa6b4a21122cff4c5d2f70b5c1d3
- pocketmine/math 0.2.6@43057cb8c179a9859677b496a788db922fd5cfc3
- pocketmine/nbt 0.2.18@9f82ca4d7f97fcd9a566e44b63c4f18a7657ae82
- pocketmine/pocketmine-mp 3.25.4@7306a2d939105d8d91b4180de9aec42a31d9570f
- pocketmine/raklib 0.12.12@5abe22043352e94099e4edfcef5fb3644578ddc1
- pocketmine/snooze 0.1.6@92abf1e988c71635d466abb777f61f89e5a9c990
- pocketmine/spl 0.4.2@6b08b7cf8c4afa17139c9a1b3bf1b408531de161

Loaded plugins:
CoinsAPI 1.0 by hachkingtohach1 for API(s) 3.0.0, 3.14.0, 3.14.1, 3.14.2, 3.19.0
DevTools 1.14.2 by PocketMine Team for API(s) 3.13.0
EnderSword 2.9 by hachkingtohach1 for API(s) 3.19.3
FormAPI 1.3.0 by jojoe77777 for API(s) 3.2.0
GiveItems 1.0.1 by hachkingtohach1 for API(s) 3.14.0
InvCrashFix 0.0.1 by  for API(s) 3.14.0
MyItem 1.2.7 by hachkingtohach1 for API(s) 3.19.3
NoDeathScreen 1 by SilencedTick880 for API(s) 3.17.2
PlayerStats 3.1.6_BETA by hachkingtohach1 for API(s) 3.0.0, 3.14.0, 3.14.1, 3.14.2, 3.19.0, 3.20.0
Slapper 1.6.1 by jojoe77777 for API(s) 3.19.0
TrumThe 1.0.0 by hachkingtohach1 for API(s) 3.19.3

----------------------REPORT THE DATA BELOW THIS LINE-----------------------

===BEGIN CRASH DUMP===
eNrNO/lv20aX/8pAWaDJQpR56C78wY6ttEbtSGspm+5WhTEkhxJrXuWQltWi//u+92Z4yW6/7DbA
t/4hIud48+6Lk997QZrHvHh4ErkM06Q3H/Z7RRiL3twaO1PTsp2ZORjPHHM07ffKTE8NRvZsMrLM
MUw71nQ66vdEnqd5b/57rzhmsKS3eLha3q1ubhcPi/v75X2v34uFlHyHc1dpIgueFEw8ZzmMwsHM
S5OCh4lkYfLEo9BnaSZyXsCUhL1BGOHGLCp3sObsKudB8T5NH89k7p3tubd/DJNdkeKT1ZqtnwBE
FCYAwrH+6GswD3BSGj2JWCQFwPbDXHgFLPRSXyAhtg2j8G478OtFXEpWwwPMC5H4kq0I1HsuBQvj
LCJgkt2GEqZFzn7H/UPYv0XI9oierpYf1xv2/nZ59cOanTPzW5wat6Yu7++W9zhl0dSkNfV5cbmC
B5izaW7amlstNzdqzqG5WWtuufl+QSCHOOWYFUqORU9Z6Uahx/4tLEQsYdVPOGXTFNN/2962NE0+
iTo/+bY32AAzPpAazefXl/c/PKw+3a9uF4Ntb5H4wIT1Ic39k3X3i+vB6xD1j7XtsfN/KEQcQqSN
ys1mcacW0BF0wny+E8UNaZYn3r4z/gGvzezbd30ENdSgFLBt7+7mx8X1w8fF4vp20Tpx1Fmmli6O
gqWBOlAt3facqdU3+9Z4uO0R+HG9rzpgXYTeY7Xcnpqw3N6iWjmTzhk/0/7pCXpXl5vFd8v7/1IA
pIiC+VyrAC6ftRjzMwwMzVpkP6Och13p+rzgN5WEYQGYQpFzD7T9Jzh+hxrLI1T9hKOZ91ap9yiK
OzAc424F4FxQ88ZT9JyBPRoMcbwMI783t03b6fdC+eCLp9484JEUYGt5WqReCmCHEwsOCdHWJo45
5rY/c2aWOfKn/sxyh9bU9MWMC29oc8fyZ6OJGQDsUuPyOUz89CDZxw27Xqx/2CxXxvv/vP9+sTaZ
ZQ5MRjgwa2YObfa2WmyZ79jl3fUYkcz2GYCZDsyB5cDrb2C+8D6s3mH6IZV40M3HjxsYoJdDmJBH
iLNUivwhCt2c56GQyCTu74GwXJz9ItPEgDXakVgDa2BfBJ4dTMazySww+XDIR8HI9Wxuu2PT9M3J
2A6EKSZTMQHwPgeecsA4PvN4FLncezTIB/ICXSqw4DFJD8mF/kVkSTAxCObMDROeH8sijBBfIAbI
uTC5K4Qz9YfCno6tsW0F9tj2JjMOrPXHs5k/5YBaMOyCevVwCxjkXIyHk+lkCHvGY9fjfCJG4PTt
oS2mI892PHskpt5oxO0TgOg0o5SDwWjcnAvHG06H3J4AvGAycWxPTAEMIDWc2VNuz1zuDM3Z2OpC
itIdQbAH1sXUMV3gqO0Fs7EIJqYDJyPB46Fj2oEN/ziWx4ezFxCMrNjngvsVo4YXJvDG9JyxPfV8
zscuQLUsGyAHQ2/kgwBNd+RZvtMFBQ5sr7EZX8Cho4nnTj0L2DubjmbjycQdzsZ8Mp367sy2A3/k
Bd4JiMQtKnqmF7NgagPC/iQAmXj+jI/GYzEcumPgVWBN+WQ8mnAxPWFu82jEWW2NF/8L02oBy/kj
6LbiC+BkX4yAobZtDh1nZIsZSGQmhsIPPBGMAtcZD4ejydT3vRMxySRNfxOaveOLmc3dwBKz6dSb
QDox8ofjMXfdyWQSjK1gOhMjPvNmM/MESBYRhCFY0dg1p+7EC6bekAfcmlgObOCW6wBcd2hOR0CO
sEBb/qjDOtnmVQoPl6ubljOrh/q9xoWBdsM7L4t9msPGn3onuUQP/CLPQpxxwBBwsTOwhs2DVT3Y
6mEGU7BHJNyNhF97QV9kmC4oRyvToLhuD8SQ+AAyJ2dvtxXKzRPmMWBP6JuX683n5f3tNQwdhCsh
ciOIosjk/OzswAtvL/dhMTgI4UbHAbinM/T31+Jpk6aRbDGmHuoyRtPU4k0TDthG8LjDG8s5IbzI
yy+lu0Jgu22hoslcby7vN59WrxIJsWRfukRag9pZDQOobcJ/i97WYJtiezD7clUAOTtfT84NRu3n
L5E1cAGCbRh5+XEgj4WQg0QUZz6XezfluU8ix5SrawrVSFfgzqkt/JL+kooJ/nVot/+Gijcgt1uN
Rf3wz+hFWr4LnwRlMC1qmrETyybj/FKBDr+m4e4AJUqlt9s7TinEP6XsJnmC6kLuP4TPLdrao23q
zBfUfTVi4vJXQGu7herIw6OD8Hm7vVVB/AvouDuiLFok6IGubOzB5F9lbAqf6vdrGdnH9FpAWrD2
ciGSFvXd8Q4TugxYQ4ULdYu/gXJhOjW7DJiAK/6/MuAE8Jdr5CriR3BFBS/a1tYebZPjYMR/eL/Y
XH79gIoPtvk1DbRFReflb8fXdcSzTOQthlUjXQMYnzqnP3G2fyuhkOroLxP5K1G1wemsogJI3ORl
vNmLFonVyKn/Nf9VNq4Rqh++jpVjislzILkQpwkR1MeDbM9zJAEKRWDDAApfYFhBxWLvzap+Y1dp
EoQ7hi2tbb5N3qzLhC29gjnMGs9Hztxy2Oeb9wyqaQvnI57sSr4T5yLZ4XucFv5552S2phNxUp1t
ZGlenFszy7Fx8AB6KowolMV5GgQEgz8bGWm9PLdNHNkBWXHqi3N6C9LcE0Y9pncBfT4WvNV79pSd
pwk++WEQhF4ZFcdzOlG1EqCANKQoCpCMPCdSxJOIDFSac0hwIr8Zk0L4rSXYQzy/Xny4/HS7wVGl
FcavpciP+kjQq9SQUDnr96dQHAw/VN2f8ykOPbvps4H6V21JkrSEWU26AboSCtX/k3qJzPghMbBn
ITzsPZ5b49b5uQcjmnh8HmRQ32Kqdv7v9Lft1uaDY4yVzBuG5ocNThB7qXqaJH0GbGYdSYI2MFBX
KVjFN8ZzwYq9YGkCqlPsecE8pKNgrmBh4kWlL3x4YC+0DmGt05h6VsVLmJIHos9SmMklgmQulMaP
7JiWuYbFwoCB+MMgpBNA8tggjY4I+KM41ODAbAIOspfskCbfFAwdBc8ZCggq5RC7CkfEsNiHUtF9
2IuEldku5z4AGGwTVFwFbL5NGHvzeS8QMVakcEriMwDBZJET8kXOE3BsBSBF04RqlMIxQCo8iYL4
hbbsCbbniR8RB2OErBS7Mqk5Iy+DE3JfFn4Kstdd6jm27hRsL0ql8Lc9wuwyitIDQ1sCZJiuONlT
yNl/oHLiGtJSQ0/NGRZCtHVBSqT3MMCLoTExkBgwBaG5R6ZZieu1ztXTLWTffA6BIWkCfOW+z3Ih
FfuRrdhuZLHgssxJsxkw3RWINDBH/FryCNmGCWrCnnhUCvZWHwoe5x1CVyeCtgt0IwawfbcT+Rym
6eyPZewCV0CrLuUx8TZcPoLg80fQowEt+ATcItWuKMVl+zwF4wPpwXLZZ2T+TLsJsIc+wx5b9S0A
eQPOGcfiMgENwiUK+JrECzSBluXpcwgaJoANQBJpblIjh7zVCN0EqKu4BnWyz8LiG2BfkdM2X6Cp
k8qcbGZvgYYS7MYmthAZhqZ0TqBOdZWTcuRlkqA4fXRlaUZCoO6kHDAoTvUzi8PdHowZU+x+2/i0
4iBH8rzMCjWqGIaMiQE3TRcJF4ySWo++Mgj+lIY+oP06BqgjqHMpMBq0a9BSNFhsqEW1pkGggACQ
H5VRfhelLmgPBmGmxsEO4rBA247FjrsUNNlasdok5oYSYdP2DUrtEBLnSaPAaA+GAlQpmSQKgxBQ
BI8E2CcEK4DkuTpSKTlIq0QzZbsUBJWimaJW4EE7QtMg1ObMRCrgdHLBqv33/54CzGr+Cn+Mw38P
f1mkGaGg3WeNkgYnGbgPDG7g9yqE8NQKK8u0hxoxcgKfySo0fvKbr4Ah2QWhhB6DeSUEnwSCDxPP
wivJ+aYKZWWRGKzq1eLZg3xCNhQpx7XcLOZs8/3Nmt3e3N1s2OVqdXuzWLPV4p5BTvjD4r7PYBHb
LGHVgn3+fnm7YKv75dVivR6cuoAOP+zRWLNjJfIwpYCMjlgigd5ekEsmbtTO1gLeQ0rgk2+hJQa4
QqHcLIGCPBHoBAcN2oT0/pmyKSWDJA8DYILL9GEEWQEB19s4chWR6IwlxhCM87Rh8HI16oLOyUFs
mfAwHVCcRXSVXNXemgZQL5HJhlTH1LTKd6+jpCl3NOU7nrtgGYaXRpFKw8gBvc5dMjVER+9iehf4
7pgnJSUfbUwgMStBB9/1q5hwqoSVGqrwGgQAS9EbNyY4YEvl85XCQ/aQlpFf4xJCEDkkrMFfKsAZ
oQ+Ejk1T0wqnfSBn8SJIkuooCDVtQZ7GVbBVu/UKo62abQkjNVqSL3SDvaJSHe1YVwkjiiyHk1AN
tSL7ZZyp7EqlcExPGDhRyesaF+kNhDuhWVEAbxDmwdj5KwyGoA2BD054AiWTshToGIo9SG1XZZvo
tPC0Bqt+JUiVI+ikcqCwwaV/yiesiLx9mTzKCvcrnuFoGJcxxFj6kF2VFyhIpooIhUXDV7QXzUqy
mJc6Bsl2pjGiAw3MgksIusNaYtepmjrVacyN0Osp+GpxZUIKll7YpowyB8ODYkfUtF0DKpSrQPqI
3APsVIKhoGQcaxKm9igKG+pgm+anoqc6GRc32S4yMMIyQMP9a1B/pYfbBOpwFNhchwhIzfZppFJM
F/swlIkTypA1gQrpIEO+TVU+elaFFlfUyaYKb2/aUqqm0K3mxwKB95lhtQRIwqODjaJCRocA8tpN
HkvFLKaQvqIcaxlK9HEzDGq0Bux7yAVBl84puWNXq0992As4uGBfh9AHtadcQXnPGr5B8OdsXKXd
TUYuiTuttQN26YOj2vMoOINSUpUJvgAd1kfBoQx7JKhgLUNswl4LWLsUWTyjV8MUk0cDhkh8WiWr
KtluCkCsJRCpA4RN3FhmSWbo95Pq5k5bnQx/E7U8MS2vxCgx4OmUCdJ2pR6t0Dqc2WrTuwFb6T0R
z3e0getKVOsCnRjkfIckgEyAbTKLKGPB8jIG5NHYeY5yuopCut+D9XIOxZSQBbvbfCJMJZCEZLtl
wbA+J1E2x6niYlD5mrgoDdw1J2zb9aFIvPyYKVsPGDYGPLx1VJMJ9S82WwaMotSeYxKAd484xAnY
A9KgK13gpvqECwjtiZDeIyfA65IjhhDNyZ1LJVKVSsDaQusoUiJUf0C7Ol1NXS8pSbq+WV++h/yI
8qkyIR1Ch12ip0Q36askIURl1Det/Ha90dDZ2Lov3HI3r4q2fzALizWdsu7BXdE80yW6VE0FtOZE
pip4a4uwEJjCWkG72qdQxKMVVrWaqKpx8uJ4M4ZJ/lRFC2wsVW0inGuV8YAYfdtUSZvuyfySholq
CBCnvmE/uukzWn7Obq7Z2x8/3Vy/A7mD2QMOsP4AYkPBhBDuwTiwhst9zR+VfoA1pI3sErD2H9/f
VvB1fdca+YYOw9YaJQ4kXp2KEG1p1SHSYbTVGwsCOhbmwuBoPJeh3wik6s61mzMb6q4oU1O3BxUP
aK22q1LqLo8HTqRQblbvMdSeuVrvu3iMCiHaPepTMAbyZFfXKAlui05Dcb9a1en/vdoQU8y9jNMS
vUegYp12JsCyirUY2+nOVkIJm4HPFJxh8z2F6tZmIjwRqvR2hQLmigBtn3qJZEr7Ss9ItajF2An6
inw8qCYffCDjp6gCLR5FLSYgnr6Gpfk6mjwHSD7jlboDstVm/K2xcU46PG6UemS+MvRVzEB6OMgU
FE6WbpsLOwyisEL4KnTSSx3aqNWklYN7nogEVQpKvenUKHyEI7BOJk8U4f3QXZ4eir3yY3AEZ3sF
reXkwPploUIyIWsgNyrUjIY1irSba9miC900Sl5BY+oOVk2mbjlVaQ7t6QgJ4BnMZm8ATSiVG0E2
ba1aloOXwtTO68BDqmYhmECpp7QoS7MyqsxGv2C8pzU6bDg2HkhlEFJJJ2HERc8FKYEuMKhLrhp5
c53qYN+Rims1rDIFrVmASOOh/cbpoWUaeC/2ZKh2DN3hbA85eZC2Yjr4A0N9YKpX7kFuc4XKIIvj
bBCmhDG4umOMxSGYcoF9Vk82qGOY0vOsmScSyM3x3S4XO91S1P1H1WbBi46Pp/QRfuBrltfLOfDD
0EFB5Qfovg5CVSAcjPxAJ0pCvCGAxgatpj/E6ZrzZQZYaeG8YCoIVM1rZYJMCK8RUixrxZsr7M2L
di+vD8Eh23MwC4GePUccqrwUIkYgcqg9DPSLCQZDNVvFLhU5eKc3qL/atYJtCTk45DbkWysXpgGS
lNV8dcYLqSq62mItwriJIDoaI1Bcj1qPAQOliG4cD6Smp95UNbgHzQF6pn1Cxbm/jvc6mChJKgto
9ZI0DABfaH5WXaO9HlQuLq8rCe0dsAkPxZpPaVAY1ICgHgNC1BcX9DZVK0V5XoCnvVMVbyEn41LX
aZBac7xSrt8wAQIctazmldDUHOgo9vTm7CfKXCBp7VOT72cESiVYE7zbX4KIDMykc3Lw2EapPt1R
f+S1OEr+mcpHSRUDld8gnxBw1UlAG311LuGgHhl+7MNYpWJqc+Kcfbi93KhBLDUEdta+dYUPzumx
P5o9A0WJ6DvPfpgXfXK63+pMT31raTctlBFjoAPW6p4iL7XWRSAs74iflEqvKPPK71aVWl5/pSGn
AnAgHHn0FUxWfDKqLzygAiqtf/OBvAkdRes7QCgv1iMPrRGD8stW4peq3F88g2+Tusj1HrFMklTQ
gXNzQyhQjiqRo3VIb4g33yMVKZSpKCoJPmRGee2Oe/0e/fcFyvvVbclctO9Gu56+4lqP4Ne1xOd5
ZyyNH/y0AH/XGdX//6MZKPOo/Y6eof0ehFEhOoB3ceemNpQ4HVxCMK6n9gDev26/x676VtgZA0PX
N6csulpCJQrHi4HNoszr8uFeBLrt0h6V5Otldwjyp7g9sl7ddo4/yl8junCun1g9VaSPIoGQ3mHB
87Ommi50w8CR07dkG28M4+31MFOXNGeDEb6qy7v1dnh9jrtcTxE92zQdy7LxouPqetkh3U8fCLXT
QRgKuwIDP5BI2Vm4pv/78uNdh+YTDOAVGwondMbRIQ9P5N+6pj3Ut0hW+xPdwxyKLr3bxCSHuBLu
1G14dRt6MEZOqCJDL0JQVHWmesBWzILSJFJqifzu3kd+aM5qzeMXUsxxOnrrvxB52NESYqXTHoLC
ryQ3viuVLlbw/xvztOWK+mbNhj/++B/WG+J4
===END CRASH DUMP===
