PocketMine-MP Crash Dump Sat Dec 11 15:16:01 WIB 2021

Error: Call to undefined method pocketmine\entity\Entity::registerEntity()
File: plugins/MyItem/src/hachkingtohach1/MyItem/MyItem
Line: 88
Type: Error

THIS CRASH WAS CAUSED BY A PLUGIN
BAD PLUGIN: MyItem

Code:
[79] 	
[80] 	public static function getInstance(): MyItem{
[81]         return self::$instance;
[82]     }
[83] 
[84]     public function onEnable() :void{	
[85] 	    /*if(!InvMenuHandler::isRegistered()){
[86] 	        InvMenuHandler::register($this);
[87] 		}*/
[88] 		Entity::registerEntity(Bubble::class, true);
[89] 		Entity::registerEntity(Throww::class, true);
[90] 		@mkdir($this->getDataFolder());
[91] 		@mkdir($this->getDataFolder()."items/");
[92] 		$this->loadAllItems();
[93] 		$this->saveDefaultConfig();
[94] 		$customPath = $this->getDataFolder() . "customskill";
[95]         @mkdir($customPath);
[96]         foreach(scandir($customPath) as $file){
[97]             if(!is_dir("$customPath/$file") && strtolower(explode(".", $file)[1]) === "php"){
[98]                 require_once "$customPath/$file";

Backtrace:
#0 pmsrc/src/plugin/PluginBase(137): hachkingtohach1\MyItem\MyItem->onEnable()
#1 pmsrc/src/plugin/PluginManager(438): pocketmine\plugin\PluginBase->onEnableStateChange(true)
#2 pmsrc/src/Server(1371): pocketmine\plugin\PluginManager->enablePlugin(object hachkingtohach1\MyItem\MyItem#23476)
#3 pmsrc/src/Server(999): pocketmine\Server->enablePlugins(object pocketmine\plugin\PluginEnableOrder#23439)
#4 pmsrc/src/PocketMine(301): pocketmine\Server->__construct(object BaseClassLoader#2, object pocketmine\utils\MainLogger#3, string[12] D:\FoxCraft\, string[20] D:\FoxCraft\plugins\)
#5 pmsrc/src/PocketMine(324): pocketmine\server()
#6 pmsrc(11): require(string[56] phar://D:/FoxCraft/PocketMine-MP.phar/src/PocketMine.php)

PocketMine-MP version: 4.0.0 [Protocol 475]
Git commit: 468faa464b2bc5c97f23fafbb71ea61035f6f218
uname -a: Windows NT DESKTOP-BVRHES0 10.0 build 19042 (Windows 10) AMD64
PHP Version: 8.0.13
Zend version: 4.0.13
OS: WINNT, win
Composer libraries: 
- adhocore/json-comment 1.1.2@fc2f76979f0a44a5f5bc2a2b600d0762fe0e78e7
- brick/math 0.9.3@ca57d18f028f84f777b2168cd1911b0dee2343ae
- daverandom/callback-validator unknown@unknown
- fgrosse/phpasn1 v2.3.0@20299033c35f4300eb656e7e8e88cf52d1d6694e
- netresearch/jsonmapper v4.0.0@8bbc021a8edb2e4a7ea2f8ad4fa9ec9dce2fcb8d
- pocketmine/bedrock-data 1.5.0+bedrock-1.18.0@482c679aa5ed0b81c088c2b1ff0b8110a94c8a6c
- pocketmine/bedrock-protocol 7.0.0+bedrock-1.18.0@040a883a4abb8c9b93114d5278cb5fecc635da82
- pocketmine/binaryutils 0.2.2@f883e1cf9099ed6a757a10a2f75b3333eeb2cdf9
- pocketmine/callback-validator 1.0.3@64787469766bcaa7e5885242e85c23c25e8c55a2
- pocketmine/classloader 0.2.0@49ea303993efdfb39cd302e2156d50aa78209e78
- pocketmine/color 0.2.0@09be6ea6d76f2e33d6813c39d29c22c46c17e1d2
- pocketmine/errorhandler 0.3.0@ec742b209e8056bbe855069c4eff94c9734ea19b
- pocketmine/locale-data 2.0.20@a6e4eb22587e0014f6d658732cf633262723f8d3
- pocketmine/log 0.4.0@e6c912c0f9055c81d23108ec2d179b96f404c043
- pocketmine/log-pthreads 0.4.0@61f709e8cf36bcc24e4efe02acded680a1ce23cd
- pocketmine/math 0.4.0@6d64e2555bd2e95ed024574f75d1cefc135c89fc
- pocketmine/nbt 0.3.0@98c4a04b55a915e18f83d3b0c9beb24a71abcd31
- pocketmine/pocketmine-mp 4.0.0@468faa464b2bc5c97f23fafbb71ea61035f6f218
- pocketmine/raklib 0.14.2@e3a861187470e1facc6625040128f447ebbcbaec
- pocketmine/raklib-ipc 0.1.1@922a6444b0c6c7daaa5aa5a832107e1ec4738aed
- pocketmine/snooze 0.3.1@0ac8fc2a781c419a1f64ebca4d5835028f59e29b
- ramsey/collection 1.2.2@cccc74ee5e328031b15640b51056ee8d3bb66c0a
- ramsey/uuid 4.2.3@fc9bb7fb5388691fd7373cd44dcb4d63bbcf24df
- rhumsaa/uuid unknown@unknown
- symfony/polyfill-ctype v1.23.0@46cd95797e9df938fdd2b03693b5fca5e64b01ce
- symfony/polyfill-php80 v1.23.1@1100343ed1a92e3a38f9ae122fc0eb21602547be
- symfony/polyfill-php81 v1.23.0@e66119f3de95efc359483f810c4c3e6436279436
- webmozart/assert 1.10.0@6964c76c7804814a842473e0c8fd15bab0f18e25
- webmozart/path-util 2.3.0@d939f7edc24c9a1bb9c0dee5cb05d8e859490725

Loaded plugins:
DevTools 1.15.0 by PocketMine Team for API(s) 4.0.0
MyItem 1.4.5 by hachkingtohach1 for API(s) 4.0.0
PlayerStats 3.1.9_BETA by hachkingtohach1 for API(s) 4.0.0

----------------------REPORT THE DATA BELOW THIS LINE-----------------------

===BEGIN CRASH DUMP===
eNrtW4tv20aa/1fmlMXW3pNkvkSRKlwksZ2rsUnti51LcVURDMmhxDVFqnxYVor+7/f7vhlKlOJ0
97CLuwNujd2KnMf3fs4wvw7SslrJ5tOjquqsLAYzbzhospUazGzfDR3bmvj22LYnQTAdDtq1nrLG
U2fqeH4YhlPP8i3LHw5yWTdXVVVWg9mvg2a7xrKBfh8OVqqu5YJGLmSei6YUbZGoNCtUIlaqWZaJ
WJfxg2pWGJrPVdFkzXY+v+Lf2axSi6xuVKXfT04BMW3z/E2WE8jL2Xz+pny6qGTazOfrvF1kRT2f
v9teN2o1n9dVPJ8vZbx8yIpFU9KTvZ/Vv+P1ck1ANUAD4kzPnQHA2dH+bkr/YGcOugezIIDsKhnj
8afBC0usV7SX/q9Bnt3yz2tZqxPbnZ7OxF+ha/RdWVwVMsoVM/3C/hrId7KAfKsTzw0AtS9LvWw+
36PeA71rZKMulrJYqJOmahXjcHo47lQFuyBa7d8Fa9CPvlMMVw+elNFfVNz8NR5fOK439Rm1+yVq
WNgRZj1xiKrucH2dRM3xTZWoijC6IWP0ehhvee877D1xLfsrWD99isuihrDipsNJMr2A9ddvS8nQ
h+IZatomy8kqZVa8LRcQ1gt3KAAIgvnJdn4Wh1a8m3Ks46mdgTMDk68w4HhHDNRanrzJ15tObOKy
Ur+0WaVODMKJ/7NYL2U1Ozu7nJ11aHuwR+9ux7TgCCW50Ong59+GA/U/FwT+bn8FuXr3p6x4LPNH
tQJagEwgkbgZdLMY2W2Ny0QRd9MQo3NaE1j8tG6jPIuhONngJ22LuEFAFQvVXMNiZBHDiWdCw/mV
ttnYJsxfpZq2KkSt8nQ2+0NmNnxLyxyz7Dd6cfFCv54ZNEh32PbxQsweyyz5VVM4YQppw9mfsvTk
X66Lx3eqaL+XRZKrajbL6vdGvCo5OT1l8vzdHvo73tGp4+QPzTKrT5nSKe+YN7/96YxeA/P6FQ2+
biMQOpvF5DtDwQGIwYS/v+9+WZWbzZf7Qsvse7l6gP40YaPvIP9L2cg3ZZ6Q/eul9t+ydDwfZNBV
fTYf6F2O2WWW5/D3V3lO+qxP9Ar3cEUtH9WlSmWbNxdlkWYLs8zrlsVt3ZSrW9ksxbl4ngoxFvOB
Xlc/ZHk+HzCISc94Oi720DQav7cGaV7BFU7qGBo8WixkLf5AzsSKD6e9bfRHBpPVn2jXfNDbd8Z7
IBzxxz9SvGrKvNyAZPW0zuEkWAwJDg3kn+yfT8X5+TmYQaTAJkYVHKHSrsAB6VMJBxDPIvx28Ns/
E+0/E+3/60TbpaaactGlerwvy5yfC7niqrgbGg52pf0AlfxkbGFItsi3VU3us4cs7pVcEWS5zmjG
G1tYjHdtAclgRrY7HCRqrYqENmOuLtPmsj+wkpwvO/zzeY8SipiYu7t/9f7+wy0GNiqqEWMxtmya
dQ1ZLLJm2UbjuFz1eD7bwYDjm0y8Z3WXmvuMeuPJIZ9H3vGP4vOvON2e6dubu/uPN+/fXn7BNrhO
1GOWx9V2XG8bVY8L1Zwlsl5GpaySM2L6NpdbVVEc6Su5P9pn3x3b4/DT66v7V/87MujRdfDyt0iD
jGAjm3hZL7NmvFEqyrdsDoPfqFqTFVhHMXBku52zMAtPjSpIEiyqCyQ+gA7AoO0CWxSj3V32R2KZ
gyXs7Y+Vq09J2UARB6OmpN0PtFXef09kczCPfAVa+yOL1br/uoSW++8Zot5jf+AvNWt0976KdPw4
GCuRe2kV3scOBqh6BENJf9E6PpTDe5XmiovG/mjNEq0Ph5KsXfVH7m7fHqDf1r/kBSEzT2I31ZQP
qsg+H4rg6clwTeTaGNjKFUnRGTv8+jlb61gVsg9/zrOovx2vT6tDqZdEnmNZrm07IQZuL28OWE/K
T0za8SCGskOFlbDuuj5YeJet1rn68d0Bz0cU4BXlVXLE5yrfVNmR/tfNklaShLXPgdrlke0t2+KB
05jDQnJZKtkiygpZbdm9nbFPklCPKk8is4hAIYSsm9IMOFpY6LFybZYkb1q1T1ef9rh681RlZUVa
Htht8oXKswMrYVG6/SG0UC1HpEWrbbGD/59wN3FzGyNY9IRP3r1cG7yEURWqknk/3PXdnVwZBcH+
4Gonz6jNcqBzLNeB2FC4KnhUKvMa8WxdlU0Zl4DqTSfAkZF/e36QSun5XuRE8SQOp6njpjKNoqmt
pG9b7iT1U8cOALs1pHzMiqTc1OKHe3F5dffn+5vb0ev/eP/91Z0lbFAhmAZhh5bniJNusW2dilfv
Ln1vwKz2ZfVZsQN5OzNZrj+VpJOP1z/8cE+GSS8bhFuOTesSZcYnKLeSVaY4zslkCcYqdUYRY4Q1
ppW1KSa8TGMnnfrhNEwt6Xlykk6i2JFO5FtWYk19J1WWmgZqSuKrsvjhzARJaxyO3ZexnEwTO0gt
J0gDL51Op5Fj+0Gc2KFtR1aiFFV6UnEEhEIQfRCwEVfzSMYPo0eZZ4iMdCoAAT4U5aZ4aX7J2hZV
WdfqDCzLuqDO7NEhc37pWE4YWq4bQ/6ea1kq8ie+mqpABUGcTpzETnw/9Agr4nSlaiWreMn8r+R6
zX73yEbxMoii2HJsGagkcpQnp0o6aSATL5WhisMkVk4aR0Fy4BxnkUoqvI1Au2RJonj6124QcoX2
XnqBE/vTUMqJSqwosGMLxDmRnab0Zlsy9OJA+vHzkPfmOJgSocfQLc+SQeBKT0ZREIdRiAjnJRNn
GsTRJFVx7LuTRAbOEXQOFHuvdsgAAEbZcRpaYagSX04nUwnqYBWTyMUf8qwTJ2l4COlZFcKJYRO+
Nw2mHkzK96NYQqKTIJg4nqOCSey4sTNRQTyZyCPSuGnPSxMqiTSIMFTStdwwdFWapJEbxolrOcqx
J34ysQA6cKwQ1nkECd3mHoYVRsqHsyZTeKpy3cQPbBhOmDhh7Dix58f2VNnJETV8VLXURxpdFH2p
4qnnRIQysCZ+FIGhieWHsafSFMoMp66npB1Gh6DyksqIzlRA0tixXkpfeZCrMwmmyrJsL/UTH8+u
E6e+6zq+M0WgCRL3GNSCifGIGD8ObSe2oLfJJA7AgWtbgYph/FOYg596lhdb3pcQRr1Eo0H5djol
puLUhcZixwNtcHtHxgkMIrCkDS9w4yMf2MUBBpH4nnImk0mUOCoki3e8yRQBYZJgcxrbLmgM0yNj
L6JmJ9wwiD1peREsI7QnCjElcBM3smDbEBQc05YR1G8fQtg/jrh80k793wjbPViVfNAFBSKtB8dQ
rgx824YtTy1lpxI+5TsTOJ6NYOd5U4XQEUkVPwdllK3jro55GTqO9D3PAzN+PE0kQgL9L3Ad24Lt
qdibuoFUR/Kti7L8rLo8/9KScYBYDZu3Y88OpZ1C4vAvOH3gTij+TkLlsPGhEK7VlvxgX8fZ7Osx
/qaeUhPlOgGKogie5FnRhC5zlIK9RZHvx5bcA2nbTKcfRF7kihAyTKOJGwR+aKfJ1J3CLjwviSMv
8bE7Th0vSWn7sl3VUnb7vwzu9XaVlsUWGsy3KCvyUVdCP4JUl5UYJ+FkGk5ViOjjBmmSOJHl+qGL
AIe8o6BeC8b1HCxkDD571bDslwi3FvKQSmwZIghIQAulsh3EdiQPZCzLmXjT6Kuw7B5dyodRhKmb
kJ2nSEGhF8BXbSv2YhdEuXDeEP/V/cuq/Cyr5gyxTVUm6ZKF+qHvxVNYQ2B5ge3JwHNgBMqCjhN7
EsnISu0ADnUAZA2PG1Hw5jhCtCShG6ZTlcBnY5hEFIUx5dxJHFmTBNkQtIXWFGC4Q9rZ1njLReoL
QWchIuYDyLaSfE5MJR6dCYqDmmpevBD3SyRSUaumQZdRC1kp0SyVKAtV40E2IpZFUTYiUiIr4rxF
8MCD0MceYyQ0JN4GNQnBuitX2JkSgGOYtUzVUJSYqWoCKSJEqwexLdvKwBJZKlboPdKMMaC2oTP5
fEuAf1CbHTg0z3zCWotNWXzTCEr9shJoe8sVHcUjhW2JQjpd1XxvlqoQ7XpRyQQAxvNiXnTAZvNC
iBcfl4oIozuKmmpVuq/QbRdkgOqmpoI60dNMqo7+AvLMVcPyoo4+VkInFxpZEWRIPFajXFJJvFAz
wVUpTdTLtkGNWIzMLclMzAf6KEzEOYq9ZD5gyl7lebkReVYTtcIcAYnHTIp/b1W1pTW/0MPITM34
fJy36oM5s0eALkHlooDGIBSCFm2FESWt1wcBo910j9gXH+ExsAjIVSaJQOWlxU9ihcAfxErJuq34
MkVA6JEioiEc9Usr+eZnkT1iLYqKVokTg1Q41ilB1xjVqFJr9LUjiJ1O8WaYZtw/tKsIUoFVvaq3
RXwv6wcovnqAHY15wQdIi02745SWLauyKFtoD8vrIW1Aea47DPKHoaCiGoxQK8GygT/S2KotYEG0
RAO/Y/WCJ1hZVT5lsDAFMYAlttxiRxzJ1hB0nZKt0hqyyaHImm/o/qvibYlq6ASTTOZoszgBDy38
xmGxMBsjw+mMQR3bqmTjqNqiIHUm1B2Wa1YCtyP1WFyqR/MsVtliCWeu0IoP+85nDIckUlXtutGj
WmAkmBVoM3yxcuGU3Gsk2iEk3TqB7OcpIBshm0PBn8G6xj1Dw+KRXrSztHmxUkC31U75b3kZwXro
EErocfjBKmvIt1dqISM+OhN3WtQWCzerCTZvvyetbTKWPFsUnHYz0oA6I6uZwzQDiYhIoL5gWGml
VIdSGzm01ZKbikUJRZXkpmQVhGjBZI6YtJmwiAtg5xCsK7L/8xzQqd7v0b9EN//30V835ZpJMOFz
R5IBVwuEjzVl02RHEGHtqLJRdxrCOAh8ZK8w9NXf/AMoZL9gkihiiLhF8imQfIR6UnHLwbfUJGuP
pGS1W62eYqWSes+RDlw391czcf/99Z14e/3u+l68ur19e311J26v3ouPN+//fPV+KLBI3N9g1ZX4
+P3N2ytx+/7m4urubnwcAg7k4Ux8I45bVWUlJ2QKxDUxGC8Vh2SWxi7Y2pA9SoKEYwsvGSEUKh1m
GdRFWYBPBGhYE/H7NWPTRrZZUmaFTCgE6WUMWQNB6N0Hcp2RGMcN5RDK87xh/OVqsgVzJA21rVVM
5YCWLJGr9ar37niAeal1vWfVtQyv9enzJBnOXcP5QlYRPGO0r6w5AD0vXXY1IsfsEmYXYvdKFi0X
H31KUJi1sMHTYZcTjo2wM0OdXlM0+Y3md7V3wbG40TFfGzyqh7LNkx0tGZLIphB7+msNeM3kg1Hf
sgyvwPaGg8UXSZJNR0PY8ZZW5apLtnq3WTHqm2Zfw8SN0eQXtiGeMakD67jrCkZSWQVMZIbGkJN2
tdbVlS7hhJkY0USnr0taZDYw7UxmxwFde28UnF0+I2AkbSQ+YHiEkdV1qygwNEtobdFVmxS0CNue
qmGnSF0jmKJyrKmhpV+V00o+jfgstu5ov5BrGs1W7Qo5Fum1IuD8WQgpEnmarlU0FXu5kr8YUbLH
fGljKLbXhiJGOKIquEXS9XYauyz11LFN6w9MOvh6cedCGpZZ2OeMK4cRn/XueLsEKVyroHwk6YE6
XWBoKGtJPYnQezSHe+6wzchT89NhpsX7apcEmFMbYOD+Pqjfs8N5UaiGFDYzKQKl2bLMdYkZ0UUV
V+JMMqommJBJMhzbdOdjZnVqidSu2NTp7UVfS90UhdVq2xDwoRjZPQWy8hjxqOmIMSmAo/a+juX7
ASohE8059TJc6NNmDBqyxuJ71IKwpXMu7sTF7Ych9oKGCP61yRKYPdcKOnru4I8Y/kz4Xdm9r8hr
lk5v7Vi8ShColjJPz9BK6jYhUbBhgwpIBZ0LkoH1HHGf9nrA+q3I1RNFNSoxZT4WRMSH2+K2K7b3
DSD1EkTUBmmTNrbrYj0y70fdzTvjdXX2We30SWV5p8aaEp4pmVC2a/PopVYvdPSm07G4NXtyWS14
gzSdqLEFxphWckEsQCcQW73OuWKh9nIF4snZZUV6usgzrNL9Mn1OoOpGvLv/wJTWYInYjtpGUH/O
qtyj083FuIs1q6Yd0a4ZU9vvD1XBl0js66mgg4GYPkzYsYn+N02zeCw4Sy0lFQEiW0E2DekO2uAv
ihGmhkwLlPbIRC9JEoi6HIiRoiWH81qrVJcSWNsYGyVOlD4fMKHOdFOXN1wkXV7fvXqN+ojrqbZg
G6KATd8UVnz/qYuEjIzRfNyX9PuNPZ97X09U1C5mXdP2nbCpWTMl6xLhiueFadFrfahA3lzUpU7e
xiNsAqap1tAuliWaePLCrldTXTfOUZyOjUUtH7tsQR+OjfQcHyn32ngQxlfzumgzZzJ/KbNCHwiw
pL4RP0blE3l+Ja4vxcmPH64vT6F3uD1owPoN1EaKyZDu4RzUw1WJkY8uP+AN5V53Bbz9x9dvO/im
v+uNfMPI6HKMCwdWrylFmLeyOyEyafQJ9I3oy4TzMk0ZLeaydDt6arNkrxCW5+jwcOaeT1e0q+mP
17UMeK3xq7Y2pzwxgkijw6zZM9J7ZsLcnhIanUJMeDRYKAfSB1tdj1LQtvw4FQ+7VY+Z2ox2Cfq5
AzEt3FersqXokepcZ4IJRNaJlnI7RUc+CoH66ZmTMza/51Td28yMF0q33pHSwCJFH/shjMgNGwXZ
qIbOpkXDh0lfs0+IduwjBgp5TCp4iTlrCfqU8DkqrefJlBUgJUJ25g5iu830u6PGPTrhifIyZvet
s0TnDOJHQqcwuLqN+lJYUBLFCpXo1Mkvu9TGR03GOGQcq1xxp6DNm7Hm2QNQUJ/MkSiXYH1RlZtm
qeMYUEix1NB6QQ7eXzc6JTOxI5JGR9poLxrN2vVl3eOLwjRpXkMT+tp0x6Y5curKHN5zoCTAGwlH
vACZaJX3itwfa+10Of5SmSZ4bWTG3SySCVo9bUXrct3mnduYF8r3vMakDdchhNwGEZeMiTIuRS6U
BKbBoBFzkDczpQ6dO3JzrYd1pWAsC4TsI3SyD3rkmSP68PpoaBcYDofNZwS9nI54MNIfF+1WLqG3
mSZlvF6t1uOsZIoR6rYrag75Q+4aHNZ70ilNmXmxn2cWOMzJxaJSC3OkaM4f9TELfa76cMwf04dY
c3N5Q98HjkxS0PUBha+N0h2IhJNvGGPNhO8Z4LFx79AfeXon+XZNHyRp5XwhVChUzxtjQiVE3w1w
Luvlmws6m1f9s7whksN6KeEWiiJ7RTR0dSkyRqoq9B4jiosFJUM92+UunTnkwdmg+YSjl2xb1OCo
bTi2diHMAGQt6/kOxxda1Xz11dpkq30GMdmYgNJ6/qcItb4OoTBOCPnQ02zqDrjHewRmpo+hk9zv
53uTTLQmtQf0zpIMDIBvjDy7U6OlGdQhrtp1EiY60CE8mrWEy6As3QGiS/K20jcuFG26oxQdeQHP
RKcu36Imk7Xp01BaS/ryybxRAQQaja5mndL0HGyUzvRm4ieuXFC0DvmQ72cCyi3YPnn3b4KYDaqk
Kw7wdIyigxdZlWqezaMcn7l9rLlj4PYb+slAqykC+uRrvEyDfgREcgPP0jl1j3Em3rx9da8HqdVQ
dLL2rfkiYzgJn8BRoYbuU5JVzZCD7rem0tN3Lf1DC+3ElOggWnOmKFtjdTmUFW+F/ry5rbq423Vq
1e6WhoMK4CAdxXwLVndyGnU3PDABXda/eMPRhFHx+gMgXBebkU+9kRHXl73Cr9S1v3pCbKtNkxs/
UJtUc0OH4BZlaFC2upDjdcQv/5uVXGcK7SqaS4aPyqjahWO6fj1WKt1T3u5VrP+1BN/WzVG1vLhD
9r1UsfCEPZ154cx1xcfr18KxHJvmuwu1c4UAi/dV2STnBzebQl+m0aTGPSLXO7dDG4kMg5tl1qgR
3atRQcow0CWZmuzcsWhkIemMIFHn/Kav8nZjZhedytLtTfe+flyfw0nwlGTUNsFOt+eMcWd2uyx2
zqxwxUuF9Hn9sOWkvx8my+2toqv088urN68+vL2nUdPZ8AWgwcppgHzSvB+UqecBDfVKcb2lKFAq
xLv+A6VepvS/jKrNEl1D0sdL+lTo3PZ7+CtEn45/eh7TST4cMDn/E/8dqODRZyW4vf3ZGoMa0eC3
/wIkjrU7
===END CRASH DUMP===
