PocketMine-MP Crash Dump Sat Feb 5 21:35:27 WIB 2022

Error: Undefined variable $farmingfortune
File: plugins/PlayerStats/src/hachkingtohach1/PlayerStats/PlayerStats
Line: 656
Type: ErrorException

THIS CRASH WAS CAUSED BY A PLUGIN
BAD PLUGIN: PlayerStats

Code:
[647] 						    $player->getWorld()->dropItem($vector3, $this->getDataItem(142, 3, rand(1, 15)));
[648] 						}
[649] 					}
[650] 					if($block->getId() == 141){
[651] 						if(rand(1, 2000) <= $farmingfortune){
[652] 						    $player->getWorld()->dropItem($vector3, $this->getDataItem(141, 3, rand(1, 15)));
[653] 						}
[654] 					}
[655] 					if($block->getId() == 59){
[656] 						if(rand(1, 2000) <= $farmingfortune){
[657] 						    $player->getWorld()->dropItem($vector3,$this->getDataItem(295, 0, rand(1, 4)));
[658] 						    $player->getWorld()->dropItem($vector3,$this->getDataItem(296, 0, rand(1, 15)));
[659] 						}
[660] 					}
[661] 					if($block->getId() == 115){
[662] 						if(rand(1, 2000) <= $farmingfortune){
[663] 						    $player->getWorld()->dropItem($vector3, $this->getDataItem(115, 3, rand(1, 15)));
[664] 						}
[665] 					}
[666] 					if($block->getId() == 83){

Backtrace:
#0 plugins/PlayerStats/src/hachkingtohach1/PlayerStats/PlayerStats(656): pocketmine\errorhandler\ErrorToExceptionHandler::handle(integer 2, string[34] Undefined variable $farmingfortune, string[103] C:\Users\tranthien\Desktop\FoxCraft\plugins\PlayerStats\src\hachkingtohach1\Play, integer 656)
#1 pmsrc/src/event/RegisteredListener(75): hachkingtohach1\PlayerStats\PlayerStats->onBreak(object pocketmine\event\block\BlockBreakEvent#136989)
#2 pmsrc/src/event/Event(62): pocketmine\event\RegisteredListener->callEvent(object pocketmine\event\block\BlockBreakEvent#136989)
#3 pmsrc/src/world/World(1726): pocketmine\event\Event->call()
#4 pmsrc/src/player/Player(1582): pocketmine\world\World->useBreakOn(object pocketmine\math\Vector3#124541, object pocketmine\item\Fertilizer#139934, object pocketmine\player\Player#101071, true)
#5 pmsrc/src/network/mcpe/handler/InGamePacketHandler(367): pocketmine\player\Player->breakBlock(object pocketmine\math\Vector3#134294)
#6 pmsrc/src/network/mcpe/handler/InGamePacketHandler(223): pocketmine\network\mcpe\handler\InGamePacketHandler->handleUseItemTransaction(object pocketmine\network\mcpe\protocol\types\inventory\UseItemTransactionData#101101)
#7 plugins/VanillaX-4.0/src/CLADevs/VanillaX/network/InGamePacketHandlerX(223): pocketmine\network\mcpe\handler\InGamePacketHandler->handleInventoryTransaction(object pocketmine\network\mcpe\protocol\InventoryTransactionPacket#129320)
#8 pmsrc/vendor/pocketmine/bedrock-protocol/src/InventoryTransactionPacket(114): CLADevs\VanillaX\network\InGamePacketHandlerX->handleInventoryTransaction(object pocketmine\network\mcpe\protocol\InventoryTransactionPacket#129320)
#9 pmsrc/src/network/mcpe/NetworkSession(395): pocketmine\network\mcpe\protocol\InventoryTransactionPacket->handle(object CLADevs\VanillaX\network\InGamePacketHandlerX#140706)
#10 pmsrc/src/network/mcpe/NetworkSession(358): pocketmine\network\mcpe\NetworkSession->handleDataPacket(object pocketmine\network\mcpe\protocol\InventoryTransactionPacket#129320, string[55] .......<.........................D.zvB.E.D.............)
#11 pmsrc/src/network/mcpe/raklib/RakLibInterface(192): pocketmine\network\mcpe\NetworkSession->handleEncoded(string[75] c.a.5.c`b`d``.......`.b.._...<.*sz......0...0..,....).L.*., ....D..d4..M...)
#12 pmsrc/vendor/pocketmine/raklib-ipc/src/RakLibToUserThreadMessageReceiver(42): pocketmine\network\mcpe\raklib\RakLibInterface->onPacketReceive(integer 2, string[84] .H...S".~..............W7^.[.....#....5...Z....3...]G..S.W.P..3Z5..J...fF@......)
#13 pmsrc/src/network/mcpe/raklib/RakLibInterface(122): raklib\server\ipc\RakLibToUserThreadMessageReceiver->handle(object pocketmine\network\mcpe\raklib\RakLibInterface#26934)
#14 pmsrc/vendor/pocketmine/snooze/src/SleeperHandler(123): pocketmine\network\mcpe\raklib\RakLibInterface->pocketmine\network\mcpe\raklib\{closure}()
#15 pmsrc/vendor/pocketmine/snooze/src/SleeperHandler(82): pocketmine\snooze\SleeperHandler->processNotifications()
#16 pmsrc/src/Server(1645): pocketmine\snooze\SleeperHandler->sleepUntil(double 1644071727.6707)
#17 pmsrc/src/Server(1034): pocketmine\Server->tickProcessor()
#18 pmsrc/src/PocketMine(301): pocketmine\Server->__construct(object BaseClassLoader#2, object pocketmine\utils\MainLogger#3, string[36] C:\Users\tranthien\Desktop\FoxCraft\, string[44] C:\Users\tranthien\Desktop\FoxCraft\plugins\)
#19 pmsrc/src/PocketMine(324): pocketmine\server()
#20 pmsrc(11): require(string[80] phar://C:/Users/tranthien/Desktop/FoxCraft/PocketMine-MP.phar/src/PocketMine.php)

PocketMine-MP version: 4.0.0 [Protocol 475]
Git commit: 468faa464b2bc5c97f23fafbb71ea61035f6f218
uname -a: Windows NT tranthien4-8sin 10.0 build 17763 (Windows Server 2016) AMD64
PHP Version: 8.0.13
Zend version: 4.0.13
OS: WINNT, win
Composer libraries: 
- adhocore/json-comment 1.1.2@fc2f76979f0a44a5f5bc2a2b600d0762fe0e78e7
- brick/math 0.9.3@ca57d18f028f84f777b2168cd1911b0dee2343ae
- daverandom/callback-validator unknown@unknown
- fgrosse/phpasn1 v2.3.0@20299033c35f4300eb656e7e8e88cf52d1d6694e
- netresearch/jsonmapper v4.0.0@8bbc021a8edb2e4a7ea2f8ad4fa9ec9dce2fcb8d
- pocketmine/bedrock-data 1.5.0+bedrock-1.18.0@482c679aa5ed0b81c088c2b1ff0b8110a94c8a6c
- pocketmine/bedrock-protocol 7.0.0+bedrock-1.18.0@040a883a4abb8c9b93114d5278cb5fecc635da82
- pocketmine/binaryutils 0.2.2@f883e1cf9099ed6a757a10a2f75b3333eeb2cdf9
- pocketmine/callback-validator 1.0.3@64787469766bcaa7e5885242e85c23c25e8c55a2
- pocketmine/classloader 0.2.0@49ea303993efdfb39cd302e2156d50aa78209e78
- pocketmine/color 0.2.0@09be6ea6d76f2e33d6813c39d29c22c46c17e1d2
- pocketmine/errorhandler 0.3.0@ec742b209e8056bbe855069c4eff94c9734ea19b
- pocketmine/locale-data 2.0.20@a6e4eb22587e0014f6d658732cf633262723f8d3
- pocketmine/log 0.4.0@e6c912c0f9055c81d23108ec2d179b96f404c043
- pocketmine/log-pthreads 0.4.0@61f709e8cf36bcc24e4efe02acded680a1ce23cd
- pocketmine/math 0.4.0@6d64e2555bd2e95ed024574f75d1cefc135c89fc
- pocketmine/nbt 0.3.0@98c4a04b55a915e18f83d3b0c9beb24a71abcd31
- pocketmine/pocketmine-mp 4.0.0@468faa464b2bc5c97f23fafbb71ea61035f6f218
- pocketmine/raklib 0.14.2@e3a861187470e1facc6625040128f447ebbcbaec
- pocketmine/raklib-ipc 0.1.1@922a6444b0c6c7daaa5aa5a832107e1ec4738aed
- pocketmine/snooze 0.3.1@0ac8fc2a781c419a1f64ebca4d5835028f59e29b
- ramsey/collection 1.2.2@cccc74ee5e328031b15640b51056ee8d3bb66c0a
- ramsey/uuid 4.2.3@fc9bb7fb5388691fd7373cd44dcb4d63bbcf24df
- rhumsaa/uuid unknown@unknown
- symfony/polyfill-ctype v1.23.0@46cd95797e9df938fdd2b03693b5fca5e64b01ce
- symfony/polyfill-php80 v1.23.1@1100343ed1a92e3a38f9ae122fc0eb21602547be
- symfony/polyfill-php81 v1.23.0@e66119f3de95efc359483f810c4c3e6436279436
- webmozart/assert 1.10.0@6964c76c7804814a842473e0c8fd15bab0f18e25
- webmozart/path-util 2.3.0@d939f7edc24c9a1bb9c0dee5cb05d8e859490725

Loaded plugins:
Alerts 1.0.0 by hachkingtohach1 for API(s) 4.0.0
AntiInstaBreak 1.0.0 by PMMP Team for API(s) 4.0.0
AuctionHouse 2.0.0-BETA1 by Shock95x for API(s) 4.0.0
BlockGenerator 0.1.0_beta by BlockHorizons, Chris-Prime for API(s) 4.0.0, 3.0.0
BuilderTools 1.3.0-beta2 by CzechPMDevs, VixikHD for API(s) 4.0.0
CraftingTable 1.0.0 by hachkingtohach1 for API(s) 4.0.0
CropGrowth 2.0.1 by NhanAZ, kaidoMC, YTBJero for API(s) 4.0.0
CustomItemLoader 2.3.1 by alvin0319 for API(s) 4.0.0
DevTools 1.15.0 by PocketMine Team for API(s) 4.0.0
EconomyAPI 5.7.3-PM4 by onebone for API(s) 4.0.0
FCCore 1.0.1 by hachkingtohach1 for API(s) 4.0.0
FormAPI 1.4.0 by jojoe77777/DragonfireHD98 for API(s) 4.0.0
Gems 5.7.3-PM4 by onebone for API(s) 4.0.0
HealthTag 2.1.2 by Shelly7w7 for API(s) 4.0.0
InvCrashFix 0.0.1 by Muqsit for API(s) 4.0.0
InvSee 2.0.1 by BlockHorizons for API(s) 4.0.0
KeepInventory 1.0.0 by NhanAZ, KhoaGamingVN for API(s) 4.0.0
LaunchableTNT 1.0.1 by Vecnavium for API(s) 4.0.0
MaxEnchants 1.2.2 by Xenophilicy for API(s) 4.0.0
MultiWorld 1.7.0-beta3 by CzechPMDevs, VixikCZ, fuyutsuki, kaliiks for API(s) 4.0.0
MyItem 1.5.5 by hachkingtohach1 for API(s) 4.0.0
NPC 1.0.0 by hachkingtohach1 for API(s) 4.0.0
Napthe 0.0.2 by hachkingtohach1,tungstenvn for API(s) 4.0.0
Parties 2.0.1 by Didah (@Diduhless) for API(s) 4.0.0
PlayerStats 3.1.9_BETA by hachkingtohach1 for API(s) 4.0.0
PureChat 2.0.0 by Vecnavium, 64FF00 for API(s) 4.0.0
PureEntities 2.0.0 by LeinneSW for API(s) 4.0.0
PurePerms 1.4.5 by Vecnavium , 64FF00 & ProjectInfinity for API(s) 4.0.0
RedstoneCircuit 3.0.0 by tedo0627 for API(s) 4.0.0
ScoreBoard 1.0 by hachkingtohach1 for API(s) 4.0.0
Shield 1.4.0 by JavierLeon9966 for API(s) 4.0.0
ShopGUI 1.0.0 by hachkingtohach1 for API(s) 4.0.0
SimpleHome 1.1.0 by CzechPMDevs, VixikCZ for API(s) 4.0.0
Spyglass 1.0.1 by ItsRealNise for API(s) 4.0.0
VanillaHopper 2.0.1 by ColinHDev for API(s) 4.0.0
VanillaX 3.0.0 by CLADevs for API(s) 4.0.0
_NewAlias 1.4.0 by Javier Leon9966 for API(s) 4.0.0
libEasyUI 1.0.2 by GiantQuartz for API(s) 4.0.0

----------------------REPORT THE DATA BELOW THIS LINE-----------------------

===BEGIN CRASH DUMP===
eNrtfWl320aW6F+pI+VM5BmSwk6APc6xLMm2uiWbY8mxJ808pwAUSEQgwGDR4j55v/3de6sAAhAV
yTbz0h+sxBZQy627L4UC/K+dKMuXvPx4JfIiztKdiTXYKeOl2JnojmVpY31sjEeOZVjOYKdayR7P
GTm6OzZtbWx5nuPZg52EF+Vxnmf5zuRfO+XtCkbt0P3xTSBgGkAe7CxFUfA5dr1LQxHFqQjZFc9j
7ieCfRfxfBmnc8CnrFIBw6MqSV7ECY4/nMxm7wpAcTYrc56Wi1iks9mRKC7LbDWbvchuDnMelbPZ
KqnmcQrDpgm/Ffl5yUu4KfJgNlvwYHEJC5QZXum9Ia2b0WqxwuXl0grifmvAPsDb74Hr9LeuAVAC
hO5MHBs4CMgHcP3PnV2NfSXgPQD4ZMJWWXApSmCcmM0EMnzB0zAR+WxG7L/IGgG8kh2TiRyxF6el
mIucGQNWlDks+E/T+pk9LJlmuK6ZP7M/TTIDViOIhAIbd3W2WiKD8I+4Emm5/1bM46IUuQhP8Xcq
8r2xDUx5tKiHP2Tp81zwy73M/1UEZZeduMZs5ifQNps9x1809hjbd3XT8VyPEDPuIEZD9hyjLyAJ
8S7awx8CniRy1tdgYrYwuc7yJNx/j3/vgRU7m3EhEHL5PQJhtUCsiFNK6/Z02+0TRGvMZrTI8Ieq
EITWm3QTEeBlFrPZj9Cc5eaubli2pQ/YhoFxKZagOSIv4yT+JHIg0PNMa+NYiWEt011d08FlDViZ
V4KosVvUpKIEfC/3l8FK7Csz2T9JX/KlmHIEqSxkz3TGPTq7ywx/8JFMksMjKDUtw7MIG+dLsDEM
s4eNmgoLwVw0H2XxG2YPf5C9YKInwNYLMNGCB+gONiHeA7zKszILsgRMGzw6WE6corZk+S3ZfA/g
ES85CgD+J2LHjYf7kadxkvAPQ2ukEe2HpwdH4mrd0TBjAwUftsOAkxr1L2XBJgByJdBlzzQ0ItpV
EoaxYZbvryHv+yLM4W5YQyRG3A90T9ctoFpxCrRJsaqF4SZm/X8m17tPoV/Lm3OI+Liy6dl/LMLH
LFzTVtPxubzZ1SGf0VQs0R6Lue3+Mebd8TWOaAxKkFvlehN8bftnNpI//z267+do9Onq+egYfrd/
JAP0+xiQ88sk9vff8svT2D+BGJxHkLTs6Z7xJYw4ToMsFOGeQnsMaAcjPrJHwS/+L+Evvyicfhn5
o9FHIuY/i0+yTZN/BoTz6HT0n6MBk1SNQms0OmtIMe41OknLMF5JOiVNFxkmLBcL8OHhmUxJ34pA
xJAC71kPECkBQgjvcgfzCCknBWlDduVCdjV6BUifz3ZG/7crqPfj/zP6J13t4l82/PkJL0z48/NL
mDJ6P5rC7U/Q83doi148a8vS/FxZGkhmTQsw4wq9J3CpJuwPWNS3ws9n1q7hQDiXmFv3iq5Is+yT
IJLOEyFWIq8Dov5QPLhXSI+Y868gyYoqF7/LbEi3vwDBO2mSHDqbdccBPhARgLuvszKO4oCjtRdq
3XaqcE4C2oOCzH4k4ALv36WQQO2FWYVJfLuaG2tjuch4wyKaafUWkT3DH8o4uJxKjLNcoem2IExp
zhnM2TMhB9gM5OPHAIiE/CxoPONzXohDKCCL04yHkMQZGzO9CogBX3/G4/Q0m4Np7ZrrwsX5jEKk
mWVZX1K+SLq9e+g2+syTxiW5ZaigA7EdzU/8VsW5qD2jq/3MVgueT/b3Dyf7hNN+g9K+wmi/Rqi1
6PBsOsKJPVywin2y8/Pvgx2x7bp864UxICmhfYQMM0uuxBKiICwRAn+CcqfuhZYuAAwtSJhjjaFv
Vq7/Y/Dz3Upl63NRyjLoyfAHSMJWmLjufXcl8/MB+w5YXNAojNrUqVughNAF/IfiacB0+8mTJ3+D
FR3L7a30O7V6nVZqs7VOWxztfUcFHK10Asiwp0+ZbulP/kWj9R5cGF+vbmia9oT999O+LNRMY9u0
6/fQbpubaLetDbTbj6Dd9hQBzheT/hVi30C54dkDpq0ptxrC3S2v43TWaXHY28RhR7vLYUd/jHYB
ZGKUY3wpix1zy9ql2/dol2NtpN3eQLvzCNpdEwj4/duW27ctt29bbt+23L5tuX3bcvu25fZty+3b
ltu3LbdvW27ftty+bbl923L7s7bc6u2qAremDkA5SrpKOZ6dqRsGO82Jmx0dfK4GLbwqF1leYLHa
K6cQKF/F2GPRYLgXKZaK4c4EM+/BTgjamIY4GfqKLCqP2g1LTttnd6o0iU39G/fkQCFwn+3N+cX7
N29Pj6DpWvgFFAg4vSxXBXDrmpfBoljE5ehaCD+5HQXZch+L7QPQ/xPQNU5FSZvqbscD1E/Pzqbs
QvDltuheLZegWl0kpGI/RDJRVVFW8CqDaqtNU7u5TZGBqA6fH18c6F26zhegK55983Vk7RyDPWfL
24Ppyc6axELBns24xGuBeAHRXSwfJJZKrJdYIfNSbhsrcnsdbYK1EQjxoy9K3qWXprzK8vgTOCDo
OlzkcTGc5niKrM+CwY75NRLuLKUK9gbZ2Uz6uUfRX8UJDL3IsqRttp3mrvoC3kOk3egSf/hJBIvp
GebL0PFjfBNfvjralkIHCHy1DCkZ9yVuJeIGpHcxfZRBz+NyUflkxi209zuggDfkB8F9XCDCLeZ0
2/9NXFsHqd7tY/gCbAH2xkmQ346K21IUI8hf9kNeLPyM5+G+ZEi2epln1+Wiw42mse8Vev7gNeR1
Bz9B2yWPw+zsEK7+9+L530WebYsrcgWkvsbpcW5vg2IoZJHqqiizJe5FKLNq0d7v6nLA7HOAJ1dx
qpm6ty2CG4BAcw+Xuy2P8QdgCH1f0DR1NV2378SxJjXYajSr18es6apn5+cXB28v3k0fEuYas/0G
BhDbiixrcluNbYLt0XhkDqdnVpfmLBU+/NkWrQrcbCYkFgBzNutg9KAEXxweZnnbXamGvp/S/xo/
JbGpf2/LM73I8mVXjHVLl2yrr7O/Zr9mYow/+0c5n2dpBBnzqyPP3RYD1gtgsk84NRePEedLsWwb
I93+hXqJ68u/H4P8K8GTcnHB5y0K1m1dZ6mPjH76KJLkdnw93hYRRQ1wNmuQeHxafJJeQVAtFi/i
mxY17dZujnjHws6q3wDctohZEjTaMQ8QgSi++Zy8D/A+F6JLCDY8EMK7Ke6WSOklsxKTzyHmH0Ks
mo3NFk3d9gcStSY7+cci4y85Po/88fW2E5MORlvITU55lQYLxOfi9UWL8m77A67/RxGk/Cquthax
G4AgxDYivdvHiPaM3xzjjLSzq9Bu7RJn9L3IB5Fmq0WcxMHttshrgUQRNqh0bh5FXJWUMT3abNO2
buySNlaFl/lg4XX4E71PdFuVRXUZU8KdxPFl8aeUY0vEVz2m7eD+NaVYCxDy6RaT2DaPZEOXP/bI
/mtSGolN/XtbKc3r6WGLYrz7N6k0AZXP81z37p+95qty0Q5CqqEfSI0/JHRQVukcTzlcpX8ezYRY
/fsxtj3leRmLttOqWx4IsUdxyBds7xn8rhaJKIon26IqrCHOZiuJy2y2RupzzbXBj6htHVRsUdw5
vrimGurikfcRdwz/Gg2+77DOVyv0tMrF4YKXbR7UTXe2TO8LwnjA8sULTfss8mmdqciX5OR7O6gv
5HPeYppnAP0DeJ6sKqbHw7q9ta/6Ua4NbFF4r68epfUw9jgt477qt5sfYMSpiNNUnL/flvQTggcq
DzgIhYMkqoXR520n1Cjud6Ao8qUQurTLtn4pat+jAWzApBTYfzAQGT6oOoG6NI3LraUwHTETdq3L
xwj6rQiLEirCwzgPqrit8P2eruHfEXcpwkxzjK0VeTW82SxXiAQSETwV18fsQTLPgywXzzEmtyhs
NfZC8l/jztb4tK+/2pmdL2LRyUxVwwM7Kn8HHRb5qchSz3OcbRHdhQp0Ei7170eJcpGtXr476dAj
W/5N8iqFTnOxrUTyPF6uEvEqW7YzrVZjb1u3T/7m+uLPqCQKwmkBOAEP2vh9TSVxvuRJMlXnBFtQ
kTGr2zmeCmizpW56oGQ+KYu3giev42JrW2wtkEC+wuPx21PqiNqrbLXqPKLotj+Qex5mSZy+Ar5t
i6gGYHOGTiLSu/0SGTeoron/cJfuDw/FH3XGb2sE3z0y2MLkQSl+fC2uD5KYt3Vy3fYoz8v+bNdL
uKhfXyC4Lrh9CeZ3fD3KP+bFbcdDr9v69tgrCV/GPC3/p4Ji5tO2yJYLz2YNAg8ID9/q4jngXYr+
47D6AA2hcgOVakFZN9ApH9XsuGiKuK/jB3i0u90S8ARQg7nttmz5McxKcPWdVvXC27qhypP2fcjL
Tn8UJ6XoAJ4vV+3bBcSR9n0cZOlVu+HXggTS3C99edao05blZXNsAsVWlBwJCtuDVkGXD29FlAgq
TtqtBXG06DaFWDO1Ws6np53lb4vfkhQXU1es6SqzS5Hi+f/2+JsbRTWii+7xli8T8pYG3X6KVzJO
epS/fwIVbU+H25tll+sZomdomqnrhgcN06M3HdLD7COh1m+EprgrsAy0tCg6A2VE+3DWobmHAdzi
McsencvkOo978l+VdCATOVwfU5kuerq3qNJLOipnEJPkM+547scpx8138LHGyEFOiCvIzHw1CEFB
krIqM9VgSGaFIGiplppKPdZn2z6u12r14/uYcRplHb0N74g87mgJsdJsN+UCzAPtcF5JXazh/wTm
xt5MA0jKWsxH616s1Lq4Ih22Sdp1Xtvc0ZR5IdbfmWr4SadXdiaGZhrAtuIjpD47k4gnBfil+pj2
zsQa27AG1lU7luNGnFuO5Rt+YAfeODLMiEe+P9YFd3TNtCMnMnQXYFcKlfdxGmbXBXt9wZoDftbQ
LeKU6YAFIxyYPh47JturB8vzk8zQdOcJOzg7cvCJIn4bqsW0T4IsyWr0ZbH6mKFw3p+8pv18urmm
jAWc1CorRP4RpJzzXG0I8HCRYYmyj65jCGPUu6+YeBrPosCIxo439iKNWxa3I9sPDG74jqaF2tgx
IqGJsSvGyMc8Di73lbfURt7IfBZwexzqbqQZbuRa0Xg89g3dcYNQ93Td10IhDNMyuSBXCLSCG4J4
hC8m+Ty4HF7xJA7lKTDg5GWaXafP1G9Uu3meFYXYB5J5keLriFd4wEN7ZmiG52mmGYAgLFPThO/Y
jhgLV7huENlGqIeO41m4KjjsXBSC58GC6F9ymaztXJF2PHN9P9AMnbsi9A1h8bHgRuTy0Iq4JwIv
DIQRBb4bdqykee8DcOdqI1z7r7oR+ArSe2a5RuCMPc5tEWq+qwcaIGf4ehThna5xzwpc7gSbIa/1
cmeMiPaha5bGXdfkFvd9N/B8D1ydFdrG2A18OxJB4Jh2yF2jB508xtq8DVQAACP0IPI0zxOhw8f2
mAN2oBW2b8IPVKhGEEZeF9JGEWKWYD5zrLE7tkClHMcPOHDUdl3bsAzh2oFhBoYt3MC2eQ+1AHPv
RJ32IdSAhZ7gpoYviokojHzTC0JTM4Sh205oawDaNTQPtLMHKUuyNQzN84UDVhuOwWSFaYaOq4Pi
eKHhBYYRWE6gj4Ue9rBpv3VZu9NnIhhbho9Luprt+D4QZGuOF1giikCY3ti0BNc9vwsqyTCfqFUF
KwBDe8YdYQFfDdsdC03TrcgJHbg2jSByTNNwjDF4HDc0+6DmhIyFyDiBpxuBBnKz7cAFCkxdc0UA
yj8GdXAiS7MCzboLYdiKOBKUo0djJCqITJBYYFiAG5i9wYMQFMLVuA5WYAY9G2j8AIEIHUsYtm37
oSE81HjDssfgEOwQJkeBbgKOXtRT9tQvG+Z6bmBxzfJBMzzdFuBTXDM0fQ10GxgFhqlzH8SvdyGs
L4eUR0mj/gz/fee9EhmWLDAMYXLX0XXQ5bEm9IiDTTmGDYang7OzrLEA1+FzEWyCgm+n1AnNM88w
uGNZFhDjBOOQg0vA/13T0DXQPRFYY9Plosdf+RpAHfCfaTxwwVeDzuuBpXtcj4DjYF9g9K5po/+1
PWGQ8kFGXIhbtIN1QkePaZ8F8DO2hLCFabiQHflgSZbm2zrosxCgb77vOIHG10CqKpbhBzwvxAoP
eBj5tum6jqdH4dgcg15YVhj4VujA7CAyrDDC6YtqWXBez7/r3IvbZZSltyDB5Bbyi2RY59JXgKpJ
QgxCzx57Y+GB9zHdKAwNXzMdzwQHB3FHgHg1UK5NsCBiuFoDS38G7laDOCRCnXvgBDhA87jQDfDt
EDwgYmmGbY39e2HpLbyEA0rhRWaIeh5BCPIsF2xV1wIrMAEpE4zXg79lrbLMPkGFtA++TeQq6KKG
Op5jBWPQBlezXN3irmWAEggNZBzqts99LdJdMKgOkBVY3BCdtzrpqD0LPdOLxiIEmw1AJXzfCzDm
2oGv2SFEQ8DN08YAhkqlRrdGt5St7jLc6WABnsCaVzm9qsIw12NRlrNOcjVLd9nFAgIpK0SJh1wL
xnPByoVgWSoKuOAlC3iaZiXzBYvTIKnAecAFky9LjCCgrYR8AgawzrMlzIwQQB9mwSMxYBn05AWC
ZPReLrvNqlzBYnHEllCERDGtALkNfsQjuUXAULg34PYh0+VVUhbsOku/LxmGfp4zqGEzcF4xhrBb
xBC/ISDpvl6IlFWrec5DADCapbO0BjaZpYztvl8IRIyVGawCSSuAUG+eFJT3FZhZh7KbUJXenwE/
E1ESv3DzMBBMBhdsWSJk4HgghgnH3HguJozSU+woFlUJyWI6VN9QmbDZjsob8a0mEc52CLODJMmu
WRIXiG39li67ijn7n0rktzjmN7wYqq4JvU9NU4+pVFdzGODFMF1kIDFgCkLzb5liJY6Xlf2w6W4h
u/seLAY0AvjKw5BB5iXZj2zFN43YUnB8EQszUAZM9wUiDcwRv1U8QbbN4ysYC0lFJdieWhQS5CcI
Xa4ohrlYQYE7BLbjK0MT6Ka1X1dLH7gCWnVQ3KbBBS8uGb4NBno0ogHvgFuk2jWlOGyRZ2lWgfRg
eDFgdKqCyVID7WHAMKnO5fuPxBuwR2xbVql6u0sCPyfxAk2gZXl2E4OGCWADkESamzbIIW8VQicR
6iqOQZ0csLj8HthX5jQtFCW+LoUq05vM9oCGCuzGILYQGUNF6YRA9XWVk3LkVZqiOEMsE7MVCYHq
kmLEjsSVumbLeL4AY8YTboO28SnFQY7kebUqZatkGDJmCbgpuki4YJRUa4TSIPhVFoeA9mYMUEdQ
5yDhj0G7Ri1Fg8FDOajRtFm6FLDcrTTKl0nmg/bgrhKT7WAHy7hE216KOfdpl56dS1ZrxNy4oEP7
OP0CpXYdE+dJo8Bor4cSUK1kBVGIB1XhgtFnFhBMlAtRLymVHKRVoZmyeQaCytBMUStwoTmhOSTU
JkxDKmB1csEyI/u3pwC36f4I/wWU9V+Hf1FmK0JBuc8GJQWuYOA+VhhNwwYhXLXGSoe8UyFGTuA9
WYXCr/h+CxiSXRBK6DFYUEHwSSH4MHEjgoqcbyZRlhaJwaoZLW4CIcJiTZF0XG8ujifs4tXJOTs9
OTu5YAfT6enJ8TmbHr9l79+8/cfx2wGDQeziDYw6Zu9fvTk9ZtO3bw6Pz89HfRfQ4YdhO4odU5HH
GQVkdMQFEhgsBLlk4kbjbHXgPaQEIfkWGjIEVyikmyVQh1kKdIKDBm1Ceu9TNqlk1wuMrMATdEFy
GEGWQMD1rh25jEi0xhuMIRjnacLo7mjUBbXHDGJbiQDTAclZRFfKVc5taAD1EqtiTaqpKVqLJ5tR
UpSbivI5z32wjOE6syYHtJm7ZGqIjprF1Czw3UueVpR8tDGBxKwCHXwyqGNCXwlrNZThNYIiv5T0
LtcmOGJvpM+XCg/ZQ1YlYYNLDEHkOmVr/AsJeEXoA6GOpilaYbUX5CzuBElSHQmhoS3Ks2UdbOVs
NWLYVs22hJEaJck7usE2qFRHO87rhBFFlsNKqIZKkcNquZLZlUzhmOoYYkctryMcpCYQ7oRmTQHc
QZgHY+cbGAxBGwIfrHAFSlYUlUDHUC5AavM620SnhautsRrUgpQ5gkoqRxIbHHovn5b8ZkibskWN
+yFfYWu8rJYQYyG85gi85ClklSBIJr9rI7FY8xXtRbGSLOaujkGyvVIY0YJDzIIrCLpWI7GjTHb1
dRpzI/R6Er4cXJuQhKUGtimjzGFIm74NbUeACuUqkD4i9wA7mWBIKCv6HAOTcySFa+pgmuKnpKde
GQevs11kYIJlgIL7x6D+SA9nqfrcwESFCEjNFlkiU0wfj3hQJk4oF/jlK6aCDPk2WfmoXhlafNEk
mzK87balVHehW81vSwQ+YEO9JUASHi08LGtkVAggr73OY+lBAaaQoaQcaxlK9HEyNCq0RuwV5IKg
S08puWOH03cDhucPYWAaXschqD3lCtJ7NvCHBH/CnDrtXmfkBXGnNXbEDkJwVAueRPtQSsoyIRT0
sTBaChZluC+ICtYyxHXYawFrlyLHN+jVMMXkyYghEu+m6bROttcFINYSiNQ1HuaBidUqXQ3Vfa+6
OVNWV8SfRCNPTMtrMRYY8FTKBGm7VI9WaLU8Q056MmJTNSfh+ZwmcFWJKl2gFaOcz5EEkAmwrVgl
lLFgeYlnLNDYeY5yOkxiGCXrZfwGgShKdnbxjjAtgCQk269KhvU5iXK9nCwuRrWvWZbVEGdNCNt2
fShSeppEth4x3BgI8I3Xhkyof6MoDkaMotSCYxLA4iXwpkTZgTToXwIBNzUgXEBoV4T0AjkBXpcc
MYRoTu68kCKVqQSMLZWOIiVC7g8oV6eqqaM3lCQdnZwfPIf8iPKpKiUdQoddoaekB6EySYhRGdXX
QMN2vbGmc23rofCr+aQu2n5gOhZrKmVdgLuifqZK9EJuKqA1p0Umg7eyCB2BSawltMNFBkU8WmFd
q4m6GicvjtvGrOBXdbSASyi95RfLsK9VxgNi9KxdJm1qT+bXLE7lhgBx6nv2wc9u0PJzdnLE9j68
Ozl6AnIHswccYPw1iA0Fg8dVwTiwhstDxR+ZfoA1ZGvZpWDtH56f1vBVfddq+Z4Ww6dklDiQeFUq
QrRl9Q6RCqM3gN8Qjxk8zaKIloW+OLod3lRxuBYI8XPY3Zy5oN0VaWryH52RPCBPr+yqKtQuTwBO
pJRuVs0ZyjkTph6j4jIyhCj3qFbBGMjTeVOjpDgt6YfiQT3qKhbXwyZAb9oQk8w9WGYVeo9Ixjrl
TIBlNWsxtqN3pK0QED9eU3CGyW8pVLcmE+GpkKW3LyQwX0Ro+8WKX5NSoI6qr+ChamFzN+hL8nGh
hnzwgYz3UVXfvIHVBMTTTVhqm9HkOUAKGa/VHZCtJ+PvBhuzt8NDX01EOyviUMYMpIeDTEHhispv
c2GOQRRGiFCGTrppQhttNSnl4EEgEkGVglRvWjWJL2EJrJPJEyUcSJ/Tm+7Sj8ESnC0ktJaTA+sv
ShmSCdkhcqNGbbhmjSTt5Kho0YVuGiUvoTH52LQhU2051WmO/DJpW0gAb8gMtgto4oG2RpDrba1G
lqO7wlTO65rHVM1CMIFST2rRKltVSW026gbjPY1RYcM0cEEqg5BKWgkjLnouSAlUgYEtaiNvolId
3Hek4lo2y0xBaRYgsvbQ4drpoWUO8WNkvabGMXSb1XmCVkwHfzCUJ6aakQuQ20SiMsLPuozijDAG
V3e7xOIQTLnEfdagWKOOYUr1s3U/kUBujs/nuZirLUW1/yi3WfDzsZd9+gg/8DVvjt7gR4WGKijI
/ADd17WQFQgHI7+mFQtCfE1AIf+lqfWmP8TphvPVCk8mSeHcYSoIVPYrZYJMCM8NUCxrxZtD3JsX
7b28AQSH1YKDWQj07DniUOelEDEikUPtMUS/mGIwlL117JKRg3f2BtVZjlawrSAHh9yGfGvtwhRA
krLsr9e4I1VJV1usZbxcRxAVjREojketx4CBUkQ3jgvSpqeaVG9wj9YLqJ72CjXn/jjeq2AiJSkt
oLWXpGAA+FLxs941WqhG6eLyppJQ3gE34aFYCykNiqMGED4kr3L5xAW9Tb2VIj0vwFPeqY63HM8M
qjoNUmuOR6DUHSZAgKOS1aQWmuwDHcU9vQn7J2UukLQOaJPvZwQqA3MTvNtPgogMzKRzcvC4jVJ/
a4f2RzbFUfLPVD4WVDFQ+Y1vNa4SoZKANvpyXWqXlwARzcDSZExdrzhhL04PLmQjlhoCd9b+pk5k
DGzvht5xGJg3YZyXA3K6f1OZnnzW0t60kEaMgQ5Yq/YUeaW0LgFhBbdMfkutymu/W1dqefOUhpwK
wIFwFNBTsKLm07B+wgMqINP63RfkTWgpGt8BQnmxavnYahlSftlK/DKZ+4sb8G2FKnKDSyyTCiro
wLn5MRQotzKRo3FIb4wfxEpkpJCmIqkk+JAZ5Y07xsevfaHic8rpWsSH9LCSntbNIGvZfZHH7EgE
zLCYYUxMe2Jr7P3Jc2Zoho4D6idqTwV4WLhfZmX4VL46m+PDPfqAHRrbU93TIXR1G68cajaxWVUH
8QoaQbuh5XoRl2KIj9wwVyXoUECpdO2prWHLnOP2QSie0p18yte0qVm4YYsPdur71dVKrRDGWFGB
Ct8+JdQajWwC3FMikpJhzLHXpNUJsghbQ/AR+9Oj4xcH704vWjTRg0G1JIUHtFV130lfn7rY1ErR
acjO7/8Pj7VfRg==
===END CRASH DUMP===
