PocketMine-MP Crash Dump Sat Aug 14 13:38:53 WIB 2021

Error: Call to a member function setBlockIdAt() on null
File: plugins/MyItem/src/hachkingtohach1/MyItem/task/RemoveIce
Line: 28
Type: Error

THIS CRASH WAS CAUSED BY A PLUGIN
BAD PLUGIN: MyItem v1.0.7

Code:
[19] 		$this->pos = $pos;
[20] 		$this->plugin = $plugin;
[21] 	}	
[22] 	
[23] 	public function onRun(int $currentTick){
[24]         $x = (int) explode(",", $this->pos)[0];
[25] 	    $y = (int) explode(",", $this->pos)[1];
[26] 		$z = (int) explode(",", $this->pos)[2];
[27] 		$level = $this->entity->getLevel();
[28] 		$level->setBlockIdAt($x, $y + 2, $z, 0);
[29]         $level->setBlockDataAt($x, $y + 2, $z, 0);
[30] 		$this->entity->setImmobile(true);
[31] 		unset($this->plugin->freeze[$this->entity->getId()]);
[32] 	}
[33] }	

Backtrace:
#0 pmsrc/src/pocketmine/scheduler/TaskHandler(137): hachkingtohach1\MyItem\task\RemoveIce->onRun(integer 921)
#1 pmsrc/src/pocketmine/scheduler/TaskScheduler(179): pocketmine\scheduler\TaskHandler->run(integer 921)
#2 pmsrc/src/pocketmine/plugin/PluginManager(654): pocketmine\scheduler\TaskScheduler->mainThreadHeartbeat(integer 921)
#3 pmsrc/src/pocketmine/Server(2389): pocketmine\plugin\PluginManager->tickSchedulers(integer 921)
#4 pmsrc/src/pocketmine/Server(2152): pocketmine\Server->tick()
#5 pmsrc/src/pocketmine/Server(1992): pocketmine\Server->tickProcessor()
#6 pmsrc/src/pocketmine/Server(1586): pocketmine\Server->start()
#7 pmsrc/src/pocketmine/PocketMine(291): pocketmine\Server->__construct(object BaseClassLoader, object pocketmine\utils\MainLogger, string[35] C:\Users\Fox Main\Desktop\FoxCraft\, string[43] C:\Users\Fox Main\Desktop\FoxCraft\plugins\)
#8 pmsrc/src/pocketmine/PocketMine(321): pocketmine\server()
#9 pmsrc(11): require(string[90] phar://C:/Users/Fox Main/Desktop/FoxCraft/PocketMine-MP.phar/src/pocketmine/Pock)

PocketMine-MP version: 3.22.0 [Protocol 448]
Git commit: c32c21464c30cd7059a4cbfb0a7d7e493238a561
uname -a: Windows NT DESKTOP-BVRHES0 10.0 build 19042 (Windows 10) AMD64
PHP Version: 7.4.21
Zend version: 3.4.0
OS : WINNT, win
Composer libraries: 
- adhocore/json-comment 1.1.2@fc2f76979f0a44a5f5bc2a2b600d0762fe0e78e7
- daverandom/callback-validator unknown@unknown
- pocketmine/binaryutils 0.1.13@0abee38d4e2861621f262c79a2a3d699d8a697f4
- pocketmine/callback-validator 1.0.3@64787469766bcaa7e5885242e85c23c25e8c55a2
- pocketmine/classloader 0.1.2@9757928424652393b178a3760073113aa7c9911b
- pocketmine/log 0.2.1@830b44a2cf96ef703c550abe64302f230231ca49
- pocketmine/log-pthreads 0.1.3@e477ecf6ec214fdd4415ea1da3fdd9d73bf699ea
- pocketmine/math 0.2.6@43057cb8c179a9859677b496a788db922fd5cfc3
- pocketmine/nbt 0.2.18@9f82ca4d7f97fcd9a566e44b63c4f18a7657ae82
- pocketmine/pocketmine-mp 3.22.0@c32c21464c30cd7059a4cbfb0a7d7e493238a561
- pocketmine/raklib 0.12.11@9cce458b8bfde3e4dfdbf70c659fc7b7fe26b5c4
- pocketmine/snooze 0.1.5@70b5e7937a06878dd321a3182ceb76d56298f2cd
- pocketmine/spl 0.4.2@6b08b7cf8c4afa17139c9a1b3bf1b408531de161

Loaded plugins:
CoinsAPI 1.0 by hachkingtohach1 for API(s) 3.0.0, 3.14.0, 3.14.1, 3.14.2, 3.19.0
CraftBook 1.0.0 by hachkingtohach1 for API(s) 3.19.3
DevTools 1.14.2 by PocketMine Team for API(s) 3.13.0
FormAPI 1.3.0 by jojoe77777 for API(s) 3.2.0
GiveItems 1.0.1 by hachkingtohach1 for API(s) 3.14.0
InvCrashFix 0.0.1 by  for API(s) 3.14.0
MyItem 1.0.7 by hachkingtohach1 for API(s) 3.19.3
PlayerStats 2.9 by hachkingtohach1 for API(s) 3.0.0, 3.14.0, 3.14.1, 3.14.2, 3.19.0
RedSkyBlock 5.0.2 by RedCraftPE for API(s) 3.19.0
RevenantHorror 1.0.0 by DragoVN for API(s) 3.0.0
ScoreBoard 1.0 by hachkingtohach1 for API(s) 3.0.0, 3.14.0, 3.14.1, 3.14.2, 3.19.0
Slapper 1.6.1 by jojoe77777 for API(s) 3.19.0
TrumThe 1.0.0 by hachkingtohach1 for API(s) 3.19.3

----------------------REPORT THE DATA BELOW THIS LINE-----------------------

===BEGIN CRASH DUMP===
eNrtO4tu28aWvzJQCtS+K8oiKYmSCgdOYufGe5PYays3xVZBMCSHEmuSw3JIy0qRf99zzgwfkp3U
bbPYLlCjjcnhzHm/Sf/ai2SR8vLjrShULLPefNTvlXEqenN74kxnjmu77gD+8dxxv1fl+tFoOnA8
xxlNZ1PXnbr2tN9LuCrPikIWvfmvvXKbw66evu/3UqEUX+HKC54krJSMs1SkvihYVGVBCXiZEuXz
RAY35+Gz8uCQwUpWJQkcjuDXyzih0/Pl8p0CQpfLl/KOveFxtlyeCnVTypyWXhQ8KpfLPKlWcQa7
3mzPS5Eul6oIlss1D9Y3cbYqJV7Z7dOSq5vl8kqk8lacB2KQr3PEq3EaWEd68xFAOtoDVD9CMEcN
FICQxBlAcEA4ZcFhZf5T78mQ5SnCwP9zYFeUKew6UsFahFUiiqMFQHnFsxCuD0Dqh3P2WLqtpzK7
qrKDOCvFCkQ7c+xDoOKJ/RiU1/Xdge3NAGm7EaRXP1suO9RZT4sHkDkPI9NSPLqkX294BtZQHEzG
o69jaoiynqag68W6EDx8JXhR+oKX93C7D+O+FgUY94HjTvcZ01QtlztkWU/LOGhRq3toRl9HY4+d
PTT6iYZ7QCDGXwVhz2ZfA3FZyAAcShYa1uTrsMbTyRdgqRIEqWF4D8O4pMs3cHngzOwvgPn4MZCZ
KosqKA+k/7MISvacK/ECAoJ6LXkoij4z693jVRkn6KGg19dytcJdAATM/Cd3/IE91tObQyP38Yea
8EC8T3+Td9fZ511p4dL5mT5/YOOmQvxSxYU4MFTNhh9YvubF/OjoxfyIaDuqSTsylB3VhHVQWm8u
B3juIaIOex8+93vifyXUfrOQBxRqKB/j7FYmtyIVWQmgQxBOUPbqp7CiIcFKIEOBDNkzWF2Wy/K7
ch0r62kuFTtm38GvH2CXM9x7SnBoA13RHpv2fF4iIsehG7xy6Sqv/CQOWmk0QZN9F1RFAXQuwMkO
f8UTIzjBzM93d4AF9x0ycZcnQO3BsteH/1hL6OFPww9EwZhQ0bHtY47Z+tikZu7TYw45+pBXH0rE
rUhQFHoPcBKXW+vpSpSv8cnBIW2f7myHMNC1hu/u+kjxfzAHfn/qs6E+M+vKYe/cKS/5F0+6e+qq
aYLD52kqfTC4AwgdQm+2zeYqg+cHOxq2nkaFEJ/ET/eZOw8PDj9oAFrXn/ESlY0W8Pnv7Pt39v07
+/6dfb9Z9u33ViITBU8wW2Uc+6HezmGgywcdtC1Vzx04zmCI61WchNBaTUduvxerj6G47c0jnigB
KbGQpQwkgB2NoGdYxZgwA9cJHHs0GQXuMAi94XjGR4Ef+UPuhZ4YzVxwLD6e2AC7MrS8j7NQbhR7
u2CnZ9f/WlxcWs//ffXq7HrI7OFgyIgGZs+GI4cd1Jvt4SF79uZ0MsLcDP3PvOcNRgMH4X4SWUg8
jIgFePpRKsRz/vbtAhboZgPJHHN4CplJFB+T2C94EQuFMuLhGvgqxNHPSmYW7DHFgD2wB85JFDiR
N5l5s2jIRyM+jsZ+4HDHnwyH4dCbOJEYCm8qPAAfchApxD+ZHgVQ3fg8uLFueRKHvMRiCCRwk8lN
dmJ+I7Gt9vw448WWDB+2DgG37Z4MuS+EOw1HwplOoOG1I2fiBN6MO9wNJ7NZOOVAWjTaBfUgcnsw
HLgnk5E39UZwZjLxA849MZ5Ox87IEdNx4LiBMxbTYDzmzh5AdNeE3NXQ5pzMvLE3c6YjZzQZO+7M
9W1vyl0PxOK5tu0C7GA2s21/F1IiVwTBGdgnU3fog0SdIJpNROQNXcCMDE9G7tCJHPjHtQM+mt2D
YOUlBftaUO6JGHmeCKKJQGOMwnA0sseC2yF34WYWeq4fgbQE3wWV8nJtqJmcANKxF/jTAFIcn03H
s4nn+aPZhHvTaejPHCcKx0EUuLsgMr+s+ZmezKKpAwSHXgQ6CcIZGP5EjEb+xA1GkT3l3mTscTHd
E257aaV544wnv8OzOsAKfgO2reUCNNknsyAQo/HUn/pRKFwxCqPQB1kHk/EsCjzfi4Qz8cfBngWp
TMpPwoh3fOIN/bHwZq7Hh5OpNw1DCHrctYFb4XuTcDxxZtPICcI9IHlCEMBPTyb+cOp7QTQNRjzi
tme7s2DGbR8UY/uj4XTs2qGwgZvPTWlOvvlCwsWzy/NOLGuW+r02gtnk+7wq17JQWEvt1UUYFnke
4xMXHAE3uwN71F7Y9YWjL2bwCM6IjPuJgPiCVSB4uMgh2iACeKZkVJ52F7AMAVrulWQ1xe0VtiLg
ThiZL64X7y+uXp/C0kb4Ki6Rx3VZ5grywoaXwVqt43KwEcJPtgOITkdYM1JOeC7lTVcwzdqeZH6P
bIBx99sxXlPUuXwM68A5ZJ44CYrtQG1LoQaZKI9Crta+5EVIEjgVtwspE9URQLO0y79RakcAbTpk
C8HTXQG4f1zzNQFYWDSkGG6vF8+uFu8uH1Qz5NJ15ZNyW9KOGhjA7UtZpLtuUK/s8uru6/pn+bMU
Hv7scOn8cSZbiFg2ERHNxW8pF1n5ZwwNCbQoXc21a/uma/8O0x19Q59dAUUxUqSr0Mcwdp7dgpWr
9cv4rsNad7XL3PAec9+Kl7T6BahaLuPsNkDMUXy3XOpi+zFsmIlHy0EzAtnVjPd/FFTqBrch65uE
k8uEb0VxXfKya5fd1S7/zmD21003HaJ3bv500rkS4fXNlqYqHRl1V7syGgPje3EXtlIeuDzbN48/
zH0LEocdDSXQgbY0/abJX4lbwJ2Vr2Q9tmx423nwG3n1tOAr+e+395T/h1nrIn98HLrGZuY5WnaH
k87i/5u6qaW5e/2nzfg64XkuumquV3YlM9lPPl/IpX+GZ6UxP065D5QLLUlHNRPA4aKo0sVadDis
V/4qlaGhp7n4NmEcewdeAMel2C/06qEJcqAHNIO8kCCvkqYAvSeXzR17IbMoXjF83bAsltmTRSXY
f1YJczzmDOeuPXcm7P35c7hxbNyQ8GxV8ZU4FtkK71NZhsc7qJmeh+FDjdzKZVEe2zPbdXBxA2Yq
rCRW5bGMIlzhWSarLBBWTgHcArHFQr+nUMcyI0g532QWjmUEvSo4tieEnd+ZQ+rYGeLKCiSSylAc
010kCwDbrBl8IJoQXay+z29zgyaMoygOqqTcHhOterpUysJSoixBqeqYhEBjdzS3Y3Wz9SkIN8tK
iLCzC18KHZ+evXz27vUCV7VJWb9UotgarGapCIAvQxJeD3Ku1EYW4fE/6AcEVZXSUvxWmIO3sdhY
IUiSg/SOp7h058s7C63cbNlpUwfbFNvUJzR2YwGpvgL+8N0LWgADebEdZYJFMDBZJVgtAMYLwcq1
YDID8ynXvGQBKrBkvmBxFiRVKEK4YPcsD2FdyxRORghgH6bikegzCU8KhSCZXwh+w7ayKgwsFkcM
9BhHMWEAFeIbrGSLgN+KTQMOXCfioETFNjL7vmQYK3jBUHopMIsjoy1SiK8vNN+btchYla8KHgKA
wTJD29XA5suMsSfv1wIJw5d4Cjye4Qs9PdoEGRQ8g9hWAlH0mEgFm+AAGOSZiJLkhf4cCLamlwa4
kiJkbaG1V80ZDSDxgVpXZSjB6M1rxDlb9rRnsSCRSoTLHlH2LEnkhqE7ATHMjBPYbczZf6GJ4R6y
Ncs8mjOMZXT0jOzOnGFAF0OvYKAxEApC87fMiBL3GzNtHneIffI+BoHIDOTKw5AVQmnxo1hxUs9S
wVVVkEszELovkGgQjvil4vRqFHuQjN3yBOLPgUEKQecQoWuM4CACI4kFYscx+RweE+63Fb1TBat6
prZZgO9LQPHFDdjRgDa8A2mRadec4rZ1ISHqgPZgu+rjgSRkxt/BH/oMB6jACCYQkg0EaFxLqwws
CLdo4NekXuAJrKyQdzFYmAAxAEtkuVlDHMrWEHQeoa3SG2GwyT6Ly+/xBXFBx0KBMY5MZu8wOwAe
KvAbh8RCbFiG0zmB2rdVTsZRVFmG6gwxIMmclECTZzVg0Hiba5bGqzU4M7ZR/a7zGcNBiRRFlZd6
VQsMBZMCbYYvUi44Jc2VQ+0Q/FbGIZD9MAVoI2hzEgQN1jXoGBpstvSmxtIg4kMkL7baKf+ZSB+s
BxMx0+vgB2lcom+nYsV9SpzsWot6SMKNFcKm4wvU2iYmyZNFgdNuLA2oNjJFHEYxkAgRCYtUgoUv
QGuU2shBWxW6KVtJUJREN0WrQEQrItMi0uZsiFwAdgrBerb7l+cAK5uv0Y8J9c/Rr0qZEwkmfDYk
GXCKQfjAfAhxryYIsdZU2UNnZAijIPCevMLQp77/BhSSXxBJGDGY+T4BPF3ciaCi4Cs1ydojMVk1
u8VdAFWBajnSgeticTZni1fn1+z1+ZvzBXt2efn6/OyaXZ5dMagL/3V21WewiS0uYNcZe//q4vUZ
u7y6eHF2fT3YDwE78nDGEyOOS1HEkhIyBmKFDAZrQSGZpNEEWxtkDyVBSLGFtlgQCoUOswQKakXg
EwI0WBPy+yVj00YGdR4mwAy3GWQEWQOB0NsGcp2RCMcF5hDM83RgcH832oIpy0FtuQiwHNCSRXK1
XvXZhgcwL5GrllV3aHhVhw+TZDh3DecrXvjgGVYgk0TXnxSAHpYuuRqSY04xcwpid8qzioqPLiVQ
mFVgg4f9OifsG2Fthjq9RhHA0vymrQsO2IWO+drgoXqQVRI2tMSQRDYZa+lXGnBO5AOjk+HQ8ArY
XlKwuJckyXQ0hIa3qJBpnWz1abPD6ppmV8PIjdHkPdtgD5jUjnVc1wUjqqwATGiGxpDDKs11daVL
OGYeWPig1tcpbjIHiHYis+YA7iDNg7PzBwQMSRsSH2C4BSNTqhIYGMo1aG1VV5sYtBBbS1W/VqSu
EUxROdDU4NYvyglbm2BdZTeqpv0Fz3E1TqsUciyk14LVtT8qkulGSFPRyhX9xYiSPOa+jUGxnRuK
CKGFVXAFSXfUaOxU6kf7Nq0/2qrh6821C2lYZmOXM6ocrAC6PNHwdgqkUK0C5SNKD6jTBYaGknPs
SZg+ozlsuYNjRp6anxozbm6rXRRggm2Agft1UF+zw2UGvTgqbG5SBJRma5noEtPHSQxV4kQyVE1g
QibJUGzTnY95qlOLL5piU6e3J10t1Y8wrBbbEoH3mWV3FEjKI8RWWRNjUgBF7baO1Z+lVVgPE+fY
y1Chj4dh0ZA1YK+gFgRbOqbijr24fNeHs0CDD/61iUMwe6oVdPRs4FsEf84mddndVuSKpNPZO2DP
QghUa55ER9BK6jYhFGDDBhUgZTgnQQPrOGKb9jrAuq3I2R1GNSwxeTJgSMS7y+yyLrbbBhB7CSRq
gzM3OFjlWW6Z+73u5o3xOhV/Eo0+sSyv1agw4ZmSCcp2bR6d1DqaOfrQ4YBdmjMJL1Z0gJtO1NgC
YYwKvkIWQCcgNpUnVLFge5kC8ejsvEA9vUhinJJQv4yf3AhVsjeLd0SpApaQbb8qGfbnpMoWnW4u
BnWsScvKwlNzohatPBR+tZrXDctTZmOjYsq1NbgqPWemPVW6oUZLzpTUictYg43AdHDS0F6sJTSw
aIF1nyLqTpQiWMhLzhS/rSMlTjzq2RA+67SwQBiN5nTBYuYRP8s4080wTYa+Zz/68g6tvmDnp+zg
x3fnp4fAM5g80AD7NxDuwZJuY0h1YBjYvxTQvAzaChAsQdIWEnYGlv7j89c1fNPbdFa+J2Q4H6Kk
CdUHNrmUhok3WU9HTArpDG2iiNDCszjaWndVHLbccihTILgJXtZhE9jXXyzVXQB1kIZQMBsoOqki
y2SQxDmjs2A1b/gWLAY7Sfxi0jTlmNFMGqBQbNXPNErVBsB6ztUdkCxowqHNXf8Zi9YF7TW2XSkz
aQnAkUsd6swZS5+ZsxxqpNs4QTQ6jJsQZbBgHuLZqukTMjyW7KfDfr1rZ0D24FBKK/lZKiv04Ejn
G+PQKEqjYsyvGKFoHAFmiNeUIOHwFaXLzmFiPBO6/fWFBuaLCP2PBpmU4da1vZOJ03xzJ/Fq9hFR
wz7EIcb3Sc31V5CATUBOe4jK4cNk8gIggX3UbgfE1ofxd0ONS76MwwGrysF+herExgBzKiGikW7X
NU8JGU1HFQUglKcoUNNMfzrGDHfMDFPqBE5ndlgHeBZz2BO2gjZMteJpBzaNhAb3RWRC04bH1KdB
mIQmRusml3mV1MZobjCT0R4TEF0Kh1TgW7kJYphLMC5BsjOlMw1n9YhqbpI4TtSobdTLOgcafQEh
7ayj4+Ro7xZ+gL+31Ljb7nK+hmozkh2NgJdZ+u1Js3MtUTNEyiBP03wQS6IYAtk2xbYHHKTECWKg
WtKxlzPPWfucWKAgxlerAhpoPSwzkzU9QMCPvG/2+SP6wIMvTi/w61DLhHyd+TAobISurTm4zoYw
KiK8ZYDWBp1xNiTaRvLaNLVy7gkVFKqfG2OCHI9fP1Km6paItC67ooOqO0M76Uyu+hAf8zXvwzLG
8gLpqqswCL2RKKDStjACZZj+9NM6W+lcwXcmYeY1VSe9VlBxQianKFYHCwOQNK+f1zjuaVrz2lV1
GadtrDb5F4HifvQEDM2oWQyYiJBGfOZQPc4dtAjMky6GWppfz/AmbGvtaq/oTE4MDABfGnnWM5K1
WaSIgU2OqZtNxMCRM7QmIRWOcdQAgu4DGNHvFzAC1YMDHeMAngmRdWbjScyV6UqgkORpntR3WPIA
jUZX81pp+hnYLU6w5uwnqlUgf/ZppPUBgVLD0abJ7nsPYgPrxiIOzdCgfuNE04CHMhYldMrQiupj
ajZBPzHQatJtl3yNl2jQlwxfUGFW0NmrxThnL18/W8ydH7z+eHZn9907t+/8YP8QYj1Efn5QFgJu
ILgeT4c6FOu70fhQF3n6FUO3V9cejrkFZGxGaVR60CwMtBZsmf5ovirqoFw3KEXzcoIiDsCBVBXQ
yx9VC8yqX2yALehq9slLCjWEivbvAKmoUjB/EdVZsai07NR8Mqf2VtxB4FOmtwtusDtQ1MeARPwY
6vKtruFoH/ILpEDnodOI9hnNJcGHYqRoYnWv3xN3pcjQjswXoIXofu7tB+az3WYFXyplIS921mT6
MZQlBMOdVfPXaO1CVSTdewwR3fsoTkqxA3iV7nx8vob00b2Pwctuuwv4TXn3PvX1K7LuGpZiIX2u
0a7lwS7bVyIyw4WdkxT31e4SVChpd+X68vUOBVv1S0KfzJsr1jwq5Y3IIL3vcLzl9ILUwW+c8XP7
ONdfVY4HE7zVnxs3u+H2Lt2VqURqnOHQtW0HP5u6PL3Y4TSUH4mS/UVYinfVAe6eKbWz8TpGh/7x
zQ6LexTALXbJu2zB4qaI97Tb+bAcv5G08e8fgOD1rnG12fYjFVPdj/bxg4p4pT/mN1Dwk3GKQaFf
fyuOplds81LSgksfz6zCe1qKdxRL4nC7S9CVVRRxV5U2n5qC/8Yy6+KSBjrtgc+f/weO5VZh
===END CRASH DUMP===
