PocketMine-MP Crash Dump Sat Dec 4 18:15:53 WIB 2021

Error: Declaration of hachkingtohach1\PlayerStats\task\Popup::onRun(int $currentTick): void must be compatible with pocketmine\scheduler\Task::onRun(): void
File: plugins/PlayerStats/src/hachkingtohach1/PlayerStats/task/Popup
Line: 19
Type: E_COMPILE_ERROR

THIS CRASH WAS CAUSED BY A PLUGIN
BAD PLUGIN: PlayerStats

Code:
[10] use pocketmine\entity\Attribute;
[11] use hachkingtohach1\PlayerStats\PlayerStats;
[12] 
[13] class Popup extends Task {
[14] 	
[15] 	public function __construct(PlayerStats $plugin){
[16]         $this->plugin = $plugin;
[17] 	}	
[18] 	
[19] 	public function onRun(int $currentTick) :void{
[20] 		foreach($this->plugin->getServer()->getOnlinePlayers() as $player){
[21] 			if(!isset($this->plugin->pets[$player->getName()])) return;
[22] 			if(isset($this->plugin->intelligence[$player->getName()])){
[23] 				if($this->plugin->intelligence[$player->getName()] > $this->plugin->getIntelligence($player)){
[24] 					$reduceMana = $this->plugin->intelligence[$player->getName()] - $this->plugin->getIntelligence($player);
[25] 					$this->plugin->intelligence[$player->getName()] -= $reduceMana;
[26] 				}
[27] 				if($this->plugin->intelligence[$player->getName()] < $this->plugin->getIntelligence($player)){
[28] 		            $this->plugin->intelligence[$player->getName()] += $this->plugin->addIntelligence[$player->getName()];
[29] 				}

Backtrace:

PocketMine-MP version: 4.0.0 [Protocol 475]
Git commit: 468faa464b2bc5c97f23fafbb71ea61035f6f218
uname -a: Windows NT DESKTOP-BVRHES0 10.0 build 19042 (Windows 10) AMD64
PHP Version: 8.0.13
Zend version: 4.0.13
OS: WINNT, win
Composer libraries: 
- adhocore/json-comment 1.1.2@fc2f76979f0a44a5f5bc2a2b600d0762fe0e78e7
- brick/math 0.9.3@ca57d18f028f84f777b2168cd1911b0dee2343ae
- daverandom/callback-validator unknown@unknown
- fgrosse/phpasn1 v2.3.0@20299033c35f4300eb656e7e8e88cf52d1d6694e
- netresearch/jsonmapper v4.0.0@8bbc021a8edb2e4a7ea2f8ad4fa9ec9dce2fcb8d
- pocketmine/bedrock-data 1.5.0+bedrock-1.18.0@482c679aa5ed0b81c088c2b1ff0b8110a94c8a6c
- pocketmine/bedrock-protocol 7.0.0+bedrock-1.18.0@040a883a4abb8c9b93114d5278cb5fecc635da82
- pocketmine/binaryutils 0.2.2@f883e1cf9099ed6a757a10a2f75b3333eeb2cdf9
- pocketmine/callback-validator 1.0.3@64787469766bcaa7e5885242e85c23c25e8c55a2
- pocketmine/classloader 0.2.0@49ea303993efdfb39cd302e2156d50aa78209e78
- pocketmine/color 0.2.0@09be6ea6d76f2e33d6813c39d29c22c46c17e1d2
- pocketmine/errorhandler 0.3.0@ec742b209e8056bbe855069c4eff94c9734ea19b
- pocketmine/locale-data 2.0.20@a6e4eb22587e0014f6d658732cf633262723f8d3
- pocketmine/log 0.4.0@e6c912c0f9055c81d23108ec2d179b96f404c043
- pocketmine/log-pthreads 0.4.0@61f709e8cf36bcc24e4efe02acded680a1ce23cd
- pocketmine/math 0.4.0@6d64e2555bd2e95ed024574f75d1cefc135c89fc
- pocketmine/nbt 0.3.0@98c4a04b55a915e18f83d3b0c9beb24a71abcd31
- pocketmine/pocketmine-mp 4.0.0@468faa464b2bc5c97f23fafbb71ea61035f6f218
- pocketmine/raklib 0.14.2@e3a861187470e1facc6625040128f447ebbcbaec
- pocketmine/raklib-ipc 0.1.1@922a6444b0c6c7daaa5aa5a832107e1ec4738aed
- pocketmine/snooze 0.3.1@0ac8fc2a781c419a1f64ebca4d5835028f59e29b
- ramsey/collection 1.2.2@cccc74ee5e328031b15640b51056ee8d3bb66c0a
- ramsey/uuid 4.2.3@fc9bb7fb5388691fd7373cd44dcb4d63bbcf24df
- rhumsaa/uuid unknown@unknown
- symfony/polyfill-ctype v1.23.0@46cd95797e9df938fdd2b03693b5fca5e64b01ce
- symfony/polyfill-php80 v1.23.1@1100343ed1a92e3a38f9ae122fc0eb21602547be
- symfony/polyfill-php81 v1.23.0@e66119f3de95efc359483f810c4c3e6436279436
- webmozart/assert 1.10.0@6964c76c7804814a842473e0c8fd15bab0f18e25
- webmozart/path-util 2.3.0@d939f7edc24c9a1bb9c0dee5cb05d8e859490725

Loaded plugins:
DevTools 1.15.0 by PocketMine Team for API(s) 4.0.0
PlayerStats 3.1.9_BETA by hachkingtohach1 for API(s) 4.0.0

----------------------REPORT THE DATA BELOW THIS LINE-----------------------

===BEGIN CRASH DUMP===
eNrNW/tz20aS/lfm5FTFvhUpvAlwTyk7lnJRrR3pLPmcumjLNRgMSKxAgMFDFLOV//2+7hmQIK3k
NrX7w6m21sQ8evr5dfcA+ftJXjcr2X1+1E1b1NXJPDg96YqVPpm7kR9HbhSG/jQKwsg/PenXZsaZ
RjPHDWZxEsaul8Qx5krZdpdNUzcn85/+enqizc+/n3TbNXacXH5+e/3+5urd5efLDx+uP5ycnqx0
28oFzV1oVcpGdjhe1LlYSrV8KKpFV9Mv9/7+ppRb3dx2smvv7zvZPmCoXvfr+byuPvTVy6LqxFeq
bxpddXeFeng1F491kYlV33Yi1ULVqzWop6UWm6JbinWtHnS3Kip9f9+qpc76Ujf393egPJC0JMBm
XpTE47rsF0XVno14OWsbdXbE7ME8sXrGnIJOieOg0+TXU0vrc1E91uWjXoFrHJAVjVbdyTCLkREp
DKs606RP18FU3+oDKUCi6Lb392+6rinSvtN/xg7XtSt/X6GjB97lYRf96+Nf2KVtBYsg9FOnq6wV
pCbxd1oRYMU9seyG/Gvdp2WhRN5Xim35+bOqq7ZretW9HJ0ivjIivmIiEbYK+/dVtyzayTdmWpwP
C5mtGR/xqzkv3p2cPHvyb/iFmJNR6VjP4X33HbxfQykvD46efLPQ3a1uEBMvX/HDdUX2M0K0L18J
yVLQE0vhuZbcfVfkL/+taFvdHZNc6679yW5imj/IlX756q+vXolGd33DYnremNCzdCCVLstioSul
n6fHHPk7QkzqDxIR34gvNXI12vRyEN+cFoxOu+++ahBTSr+XlSQr/sGjJ//o0ayw8PDkP3oW2Nsz
ywSjEcFfaWD2z2nyP/6YJmN7mhj9/dEj//SF0mWWXf0fu1j45EB4YFXXSKUNpFsIJBC60I93dV3y
70quDIjbodOTXSo5caduOHUwJPtuWTdY/9PJDePWe4STuNNydQLKcl3QTDB1sJiSRyUB1tnJHNih
T08yvSbkMVy0dd5djAdWktFyOP/+fsRJWUtQObm9e/Ph7uMNBjY6bYuO+F123bqdn50tkBH6dIoc
cbbn7GxHAyoY4/Be3kN03ovsT91p8vnby7s3h2IfgfC/Sux/GNv32ri5vr37dP3h3cWz+tjITi3b
ZdFNN1qn5ZY1c/IrpS3k6JXu9LEZJ+9vpuulbFgEShKkCVbVW4ArSMcQEOnk9CRVqDSW4xElS4iE
veOxevU5q7tKdwejtpDYD/RNOX7OZHcwj8QNXscji9V6/LiU7QEvBbLV43jgby1bdPe8SpHMoOuD
sbrpeBWepx4G2k6SQNl40Vod6uGDzkvNmWo82rJG28OhrOhX45Hbm3cHx2/bn8uKDrO/xG6qqx90
VfxyqIKnJys1setiYCtXpEVv6vHjL8XahG0yDemxLNLxdjw+rQ61XhN7nuP4LipBDNxcXB+IntWf
mbXjQQwVhwar4d1te7DwtlitS/3j+wOZjzjAI1J4diTnqtw0xZH9192SVpKGTcyB2+WR7y376qHv
irL1WEk+a6VYpEUlmy2HtzeNSBP6UZdZahcRKdVs111tBzyjrAyGNm5J+qZV+6rt8/6s0TyVm0WV
1wd+m31h8uLAS1iV/ngItWTPiLTojS8O9P8H4SaubxTAYqR8iu7l2p5LJ+pKN7Icw9043CmUZav3
PcNOn2lflDjOc3wPams/ZxoRlcuyBZ6tm7qrVQ2qwSzEGQXFdxDFuZRBFKReqkKVzHLPz2WepjNX
y8h1/DCPcg8FH7oPy8qnosrqTSt+uBMXl7d/ubu+mXz73x++v7x1hAsuBPMg3MQJPPFyWOw6r8Sb
9xdRcMKijnX1i+YACnZuslx/rskmn65++OGOHJMeNoBbxqZ13ermM4zbyKbQjHMyW0KwRp8RYkyw
xtb0LmHC61x5+SxKZknuyCCQYR6mypNeGjlO5swiL9eOnsV6RuprUKaeWZB0psnUf61kOMvcOHe8
OI+DfDabpZ4bxSpzE9dNnUxrzw98qRkBYRCgDwAbuFqmUj1MHmVZABmpF4MCH6p6U722/5K3LZoa
NeYZRJZtRUXso0fu/NpzvCRxfF9B/4HvODqNwkjPdKzjWOWhl7lZFCUBnQqcbnSrZaOWLP9Krtcc
d4/sFK/jNFWO58pYZ6mnAznT0stjmQW5TLRKMqW9XKVxdhAcZ6nOGjxNwLtkTaKO+NMwCL3Ceq+D
2FPRLJEy1JmTxq5ywJyXunlOT64jk0DFMlLPU96748mMGD2m7gSORGcrA5mmsUrSBAgXZKE3i1Ua
5lqpyA8zGXtH1Bko9lHtkQOAjHZVnjhJorNIzsKZBHfwijD18Yc866ksTw4pPWtCBDF8IkLrPQvg
UlGUKgmNhnEceoGn41B5vvJCHaswlEescTNHNQBbh1iDChMtfcdPEl/nWZ76icp8x9OeG0ZZ6IB0
7DkJvPOIUl3WexpOkuoIwZrNEKna97ModuE4SeYlyvNUECl3pt3siBu+IFjCW0vLDrmdVrPAS+nI
2AmjNIVAoRMlKtB5DmMmMz/Q0k3SQ1JlTWXE4Cpgaeo5r2WkA+jVC+OZdhw3yKMswm/fU3nk+17k
zQA0ceYfk1owMwExE6nE9ZQDu4WhiiGB7zqxVnD+GdwhygMnUE7wJYXJKNEYUpGbz0golfuwmPIC
8Iaw96TK4BCxI11Ega+OYmCHA0wiiwLthWGYZp5OyOO9IJwBEMIMm3Pl+uAxyY+cvUq7nXKTWAXS
CVJ4RuKGGpgS+5mfOvBtKAqB6coU5ncPKex/Trh8MkH9B2B7RKuRD6agANIGCAztyzhyXfjyzNFu
LhFTkRci8FyAXRDMNKAjlVo9R2VSrNVQx7xOPE9GQRBAmEjNMglIoP/Fvuc68D2tgpkfS32k37aq
61/0kOdfO1LFwGr4vKsCN5FuDo0jvhD0sR8S/oaJ9tj5UAi3ektxsK/jXI51hb9ZoHWofS9GUZQi
kgInDV34s9bwtzSNIuXIPZG+L0z6AfIiVyTQYZ6GfhxHiZtnM38GvwiCTKVBFmG3yr0gy2n7sl+1
Ug77vwT3drvK62oLC5ZblBXlZCihH8Gqz0ZUWRLOkplOgD5+nGeZlzp+lPgAOOQdDfM6cK7naCFj
xM6OlvsacOsgD+nMlQlAQIJaIrXrAduRPJCxHC8MZulv0nJHfOkITpHkfkZ+niMFJUGMWHUdFSgf
TPkI3gT/b/qXVf2LbLozYJtubNIlD42SKFAzeEPsBLEbyDjw4ATagY0zN0xl6uRujIA6ILJGxE0I
vBlHiJcs8ZN8pjPErIJLpGmiKOeGKnXCDNkQvCXODGS4Q9r51nTLReoL8R5tmkBjkReL3l5xUokn
8roRBzXVffVC3C2RSEWruw5dRitko0W31KKudIsfshNKVlXNd5pFpcoe4IEf2EA3VVMkNCTeDjUJ
0bqtV5puU7svabYy16eixkzTEkmRAq0exLbuG0tLFLlYoffICz4BtQ1dTpZbIvyD3uzInaHAlX3Z
tWJTV193glK/bATa3hrgVVAK2xKHdBlh5N4sdSX69aKRGQhM76v7aiA2v6+EePFpqYkx0dU4BbUq
SAjTdkEHqG5aKqgzM82sGvQX0GepO9YXis5C0bUnJRcaWRFlaFzpSSmpJF7oueCqlCbaZd+hRqwm
9kZ6Lu5PzOWfUCWKvez+hDl7U5b1RpRFS9wKexsiHgsp/qvXzZbW/Ew/JnZqLqiP562X3NnbPQJ8
CSoXBSwGpRC1dCusKmm9uQiY7KZHzL74hIiBR0CvMssEKi+jflIrFP4gVlq2fcO3ygJKTzUxDeXo
n3tZktoWxSPWoqjotXhpDxWe84qomxP1pNFr9LUTqH2x0M0c03z2D/0qhVbgVW/abaX4JnhTNw/w
oykv+AhtsWsPktKyZVNXdQ/rYXl7ShtQnpsOg+LhlO/nIQi1EqwbxCONrfoKHkRLDPFbNi9kgpc1
9VMBD9NQA0Riz612zJFuLUNXOfkqrSGfPBVF9zXU1zW8LdMdvJpd5mizeAkZ6OrcY7WwGBMr6ZxJ
HfuqZOdo+qoic2bUHdZrNgK3I+1UXOhH+1usisUSwdygFT8dB591HNJI0/TrzowahZFiVuDNysXG
RVByr5GZgJD81qNvn+eAfIR8DgU/vQqZjhwNiydm0c7T7quVxnFbE5T/WdYpvIcuoYQZRxysio5i
e6UXMt120Li4Nap2WLlFS7R5+x1ZbVOw5tmjELSbiSE0OFnLEuYFWAQigfuKaeWN1sORxslhrZ7C
VCxqGKqmMCWvoIMWzOaEWZsLh6TA6QzBpiL7fy8B3er9Hv9LdPP/HP9tV6+ZBQufO5YsuVYAPtaU
TbMdQ3TqwJWLutMyxiDwiaPC8td+/S/gkOOCWSLEEPYFDiJdP2nVM/jWhmUTkZSsdqv1k9I6a/cS
GeC6vruci7vvr27Fu6v3V3fizc3Nu6vLW3Fz+UF8uv7wl8sPpwKLxN01Vl2KT99fv7sUNx+u317e
3k6PIeBAH14YWXXc6KaoOSETELckoFpqhmTWxg5sXegeJUHG2MJLJoBCbWCWSb2tK8gJgIY3kby/
5WzGyTZLyqzQCUGQWcaUDRFA7x7ITUbiM64ph1Ce5w3TL1eTL9graZhtrRWVA0azxK6xq9m7kwHu
pdftXlTfsbK2r55nyUruW8kXskkRGZN9Zc0A9Lx2OdSIHbtL2F3A7pWsei4+xpygMOvhg69Oh5xw
7ISDG5r0mqPJ74y8q30ITsW1wXzj8Kge6r7MdrwUSCKbSuz5bw3hNbMPQSPHsbLitO8YLL5Ikuw6
hsJOtrypV0OyNbvtisnYNccWJmmsJb/wDfGMSx14x+1QMJLJGpxEbmgdOetXa1NdmRJO2IkJTQz2
uqBFdgPzzmwOEtAL1I1GsMtnFIykjcSHEx7hZG3b69a8t2/1Yqg2CbTotD1Xp4MhTY1gi8qp4YaW
/qaeVvJpwnex7cD7W7mm0WLVr5BjkV4bIt7JClUlDCnMyzPDxV6vFC9WlRwxX/oYiu215YgPnFAV
3CPpBjuLXdRm6tinzVvtgb5ZPISQoWUXjiXjymHCd7072S7ACtcqKB9Je+DOFBiGylpSTyLMHiPh
Xjpss/o08gwn0+J9tUsKLKkNsHR/n9Tv+eF9VemODDa3KQKl2bIuTYmZ0osqrsSZZVRNcCGbZBjb
TOdjZ01qsR+DULFp0tuLsZWGKYLVZtsR8VMxcUcGZOPxwZNuYMamAEbtfR3L7weohMyM5NTLcKFP
mzFo2ZqK71ELwpfOubgTb28+nmIveEgRX5sig9tzrWDQc0d/wvTnIhrK7n1F3rJ2Rmun4k0GoFrK
Mj9DK2nahEzDh+1ROFTQvSA52CgQ92lvRGzcilw+EapRiSnLqSAmPt5UN0OxvW8AqZcgpjZIm7Sx
X1friX0+6m7e26hri1/0zp5Ulg9mbCnh2ZIJZbtxj1FqDRLPbHo1FTd2TymbBW+QthO1vsAn5o1c
kAiwCdTWrkuuWKi9XIF5CnbZkJ3elgVWmX65QTOl2068v/vInLYQicRO+05Qf86m3B9nmovpgDWr
rp/QrjlzO+4PdcUvkex3UHQxgFoIBesgJvrfPC/UVHCWWkoqAkSxgm46sh2swR9zAaZOmRcY7ZGZ
XpImgLoMxEjRkuG8NSY1pQTWdtZHSRJt7gcs1Nlu6uKai6SLq9s336I+4nqqr9iHCLB7Qkp+/2mK
hIKc0X7llI37jb2c+1jPdNov5kPT9o1wqVmzJesScMXzwrborblUoGiu2tokbxsRLhEzXBtqb5c1
mniKwqFX00M3zihO18ailY9DtsBPtN7m8wiaG7XxYIxfzZuizd7J/K0uKnMhwJr6WvyY1k8U+Y24
uhAvf/x4dfEKdkfYgwes38BsZJgC6R7BQT1ck1n9mPID0VDvbVch2n/89t1A3/Z3o5Gv+TB6OcaF
A5vXliIsWz3cENk0+gT+JvRlwnmd53ws5op8O3nqi2xvENbn5PBy5o5vV0yome8GjQ54rY2rvrW3
PAog0hmYtXsmZs9c2LendIxJIRYe7SmUA2W12PUoFW0rj1Px6bDqsdCbyS5BP3chZpT7ZlX3hB65
yXUWTKCyQbWU2wkd+SoE5qffnJyx+QOn6tFmFrzSpvVOtSGWavqgDDAiN+wU5KOGOrsWDR8mfSM+
HbQTHxgo5DGrkEVx1hL0udpzXDrPsykbUMqEHNwdzA6b6d8dN/7RDU9a1orDty0ykzNIHgmbwuHa
Ph1rYUFJFCt0ZlInP+xSG181WeeQSulSc6dg3JtPLYsHHEF9MiNRKSH6oqk33dLgGI6QYmmojUAO
0d92JiUzsxPSxsDaZK8aI9rVRTuSi2CaLG+oCfPadCemvXIayhzec2Ak0JsIT7wAm2iV94bcX2vt
bDn90pgWvDay4G4WyQStnvGidb3uyyFs7APle15j04bv0YHcBpGUfBJlXEIulAS2waARe5E3t6UO
3Ttyc22GTaVgPQuM7BE624MeReaEPj49GtoBw+Gw/YxglNOBBxPzcdFu5RJ2mxtWpuvVaj0tauYY
ULddUXOIUO7onlW1e9YpTdl5sZ9nERjm5GLR6IW9UrT3j+aahb5heziWj/kD1lxfXM+hj4lNCqY+
IPjaaNOBSAT5hk9smfG9ADw2HV36I0/vNN+v6YMkY5wvlAqDmnnrTKiE6LsBzmWjfPOW7ub1+C7v
FMlhvZQIC03I3hAPQ12KjJHrBr3HhHCxomRoZofcZTKHPLgbtJ9wjJJtjxoctQ1j6wBhliBb2cwP
Z3xhVSPX2KxdsdpnEJuNiSitJ6+nhEFWJBinA/nS024aLrin+wPszPiEQXO/n+9tMjGWNBEwukuy
NEC+s/ocbo2WdtBAXLPrJCw60CU8mrWMy6Ai3xGil+R9Y964ENoMVykGeUHPotOQb1GTydb2aSit
JX35ZJ+oAAKP1lbzwWhmDj5Kd3pz8RNXLihaT/mS769ElFuwffIevwliMaiSbhjg6RrFgBd5le6e
zaOMz9w+ttwxcPsN+xTg1RYBY/bNucyD+QmKFAaBY3Lq/sS5+O7dmzszSK2Gppu1P9svMk7D5AkS
VfrUf8qKpjtl0P2zrfTMu5bxpYUJYkp0UK29U5S99boSxlJbYT5L75sBd4dOrdm9pWFQAR2kI8Vv
wdpBT5PhDQ9cwJT1L75jNOGjeP0BEa6L7cjn0ciE68tR4Veb2l8/Adta2+SqB2qT2t1/xFCgQdma
Qo7XkbxgBS2YyRQmVIyUTB+VUbODY3r9emxUek95szfxW35ZyW/r7lG1vLhF9r3QSgTCnc2DZO77
4tPVt8JzPJfmhxdq5xoAi+dV3WXnB282hXmZRpPm7AmF3rmbuEhkGNwsi05P6L0aFaRMA12SrcnO
PYdGFpLuCDJ9zk/mVd5uzO6iW1l6ezM8rx/X5wgS/MoKapvgp9tzPnHndrssds6icMVLhfR5+7Dl
pL8fJs8draJX6ecXl9+9+fjujkZtZ8MvAO2pnAYoJu3zQZl6HtPQqBQ3W6oKpYLa9R8o9Qpt/hOR
1i4xNSR9vGRuhc7daHR+A/QZ5KffU7rJRwBm5//OfwcmeIzYCP5of7HGoDno5Nf/BXaNiMY=
===END CRASH DUMP===
