PocketMine-MP Crash Dump Sat Jan 29 23:07:11 WIB 2022

Error: Call to undefined method pocketmine\player\Player::add()
File: plugins/MyItem/src/hachkingtohach1/MyItem/utils/Math
Line: 35
Type: Error

THIS CRASH WAS CAUSED BY A PLUGIN
BAD PLUGIN: MyItem

Code:
[26]         return sqrt(pow($a->x - $b->x, 2) + pow($a->y - $b->y, 2) + pow($a->z - $b->z, 2));
[27] 	}
[28]    
[29]     public static function DistanceY(Vector3 $from, Vector3 $to) :float{
[30]         return $from->getY() - $to->getY();
[31]     }
[32] 	
[33] 	public static function getPosDistance(int $distance, $entity){
[34] 		$delta = $entity->getDirectionVector()->multiply($distance);
[35] 		return $entity->add($delta);
[36] 	}
[37] 	
[38] 	public static function getEntitiesRadius($distance, $entity) :array{
[39] 		$result = [];
[40] 		foreach($entity->getWorld()->getEntities() as $target){	
[41]             $vector = new Vector3($entity->getLocation()->x, $entity->getLocation()->y, $entity->getLocation()->z);
[42]             if($target->getPosition()->distance($vector) <= $distance){
[43] 				$result[] = $target;
[44] 			}
[45] 		}

Backtrace:
#0 plugins/MyItem/src/hachkingtohach1/MyItem/ability/Manager(784): hachkingtohach1\MyItem\utils\Math::getPosDistance(integer 0, object pocketmine\player\Player#34831)
#1 plugins/MyItem/src/hachkingtohach1/MyItem/ability/Manager(476): hachkingtohach1\MyItem\ability\Manager->teleport(object pocketmine\player\Player#34831, array[4])
#2 plugins/MyItem/src/hachkingtohach1/MyItem/ability/Manager(581): hachkingtohach1\MyItem\ability\Manager->caculateAblility(integer 1, array[1], object pocketmine\player\Player#34831, object pocketmine\player\Player#34831)
#3 pmsrc/src/event/RegisteredListener(75): hachkingtohach1\MyItem\ability\Manager->onItemUse(object pocketmine\event\player\PlayerItemUseEvent#121802)
#4 pmsrc/src/event/Event(62): pocketmine\event\RegisteredListener->callEvent(object pocketmine\event\player\PlayerItemUseEvent#121802)
#5 pmsrc/src/player/Player(1387): pocketmine\event\Event->call()
#6 pmsrc/src/network/mcpe/handler/InGamePacketHandler(378): pocketmine\player\Player->useHeldItem()
#7 pmsrc/src/network/mcpe/handler/InGamePacketHandler(223): pocketmine\network\mcpe\handler\InGamePacketHandler->handleUseItemTransaction(object pocketmine\network\mcpe\protocol\types\inventory\UseItemTransactionData#121745)
#8 pmsrc/vendor/pocketmine/bedrock-protocol/src/InventoryTransactionPacket(114): pocketmine\network\mcpe\handler\InGamePacketHandler->handleInventoryTransaction(object pocketmine\network\mcpe\protocol\InventoryTransactionPacket#121742)
#9 pmsrc/src/network/mcpe/NetworkSession(395): pocketmine\network\mcpe\protocol\InventoryTransactionPacket->handle(object pocketmine\network\mcpe\handler\InGamePacketHandler#98716)
#10 pmsrc/src/network/mcpe/NetworkSession(358): pocketmine\network\mcpe\NetworkSession->handleDataPacket(object pocketmine\network\mcpe\protocol\InventoryTransactionPacket#121742, string[807] .............................Ability*.ability|register:item|register:19|only|7|1)
#11 pmsrc/src/network/mcpe/raklib/RakLibInterface(192): pocketmine\network\mcpe\NetworkSession->handleEncoded(string[538] ]RAo.A.~.-+.j..f..4j.T.D.\...@v.M.`...2..L3;.l......O..7o&.F......`.]X!...o.....)
#12 pmsrc/vendor/pocketmine/raklib-ipc/src/RakLibToUserThreadMessageReceiver(42): pocketmine\network\mcpe\raklib\RakLibInterface->onPacketReceive(integer 0, string[547] ...s..lo.j?.......H+1..z..>.7....T..8P...@..........ngDJj..H:..n.u.{..0.n.I(%...)
#13 pmsrc/src/network/mcpe/raklib/RakLibInterface(122): raklib\server\ipc\RakLibToUserThreadMessageReceiver->handle(object pocketmine\network\mcpe\raklib\RakLibInterface#32730)
#14 pmsrc/vendor/pocketmine/snooze/src/SleeperHandler(123): pocketmine\network\mcpe\raklib\RakLibInterface->pocketmine\network\mcpe\raklib\{closure}()
#15 pmsrc/vendor/pocketmine/snooze/src/SleeperHandler(82): pocketmine\snooze\SleeperHandler->processNotifications()
#16 pmsrc/src/Server(1645): pocketmine\snooze\SleeperHandler->sleepUntil(double 1643472431.4823)
#17 pmsrc/src/Server(1034): pocketmine\Server->tickProcessor()
#18 pmsrc/src/PocketMine(301): pocketmine\Server->__construct(object BaseClassLoader#2, object pocketmine\utils\MainLogger#3, string[12] D:\FoxCraft\, string[20] D:\FoxCraft\plugins\)
#19 pmsrc/src/PocketMine(324): pocketmine\server()
#20 pmsrc(11): require(string[56] phar://D:/FoxCraft/PocketMine-MP.phar/src/PocketMine.php)

PocketMine-MP version: 4.0.0 [Protocol 475]
Git commit: 468faa464b2bc5c97f23fafbb71ea61035f6f218
uname -a: Windows NT DESKTOP-BVRHES0 10.0 build 19042 (Windows 10) AMD64
PHP Version: 8.0.13
Zend version: 4.0.13
OS: WINNT, win
Composer libraries: 
- adhocore/json-comment 1.1.2@fc2f76979f0a44a5f5bc2a2b600d0762fe0e78e7
- brick/math 0.9.3@ca57d18f028f84f777b2168cd1911b0dee2343ae
- daverandom/callback-validator unknown@unknown
- fgrosse/phpasn1 v2.3.0@20299033c35f4300eb656e7e8e88cf52d1d6694e
- netresearch/jsonmapper v4.0.0@8bbc021a8edb2e4a7ea2f8ad4fa9ec9dce2fcb8d
- pocketmine/bedrock-data 1.5.0+bedrock-1.18.0@482c679aa5ed0b81c088c2b1ff0b8110a94c8a6c
- pocketmine/bedrock-protocol 7.0.0+bedrock-1.18.0@040a883a4abb8c9b93114d5278cb5fecc635da82
- pocketmine/binaryutils 0.2.2@f883e1cf9099ed6a757a10a2f75b3333eeb2cdf9
- pocketmine/callback-validator 1.0.3@64787469766bcaa7e5885242e85c23c25e8c55a2
- pocketmine/classloader 0.2.0@49ea303993efdfb39cd302e2156d50aa78209e78
- pocketmine/color 0.2.0@09be6ea6d76f2e33d6813c39d29c22c46c17e1d2
- pocketmine/errorhandler 0.3.0@ec742b209e8056bbe855069c4eff94c9734ea19b
- pocketmine/locale-data 2.0.20@a6e4eb22587e0014f6d658732cf633262723f8d3
- pocketmine/log 0.4.0@e6c912c0f9055c81d23108ec2d179b96f404c043
- pocketmine/log-pthreads 0.4.0@61f709e8cf36bcc24e4efe02acded680a1ce23cd
- pocketmine/math 0.4.0@6d64e2555bd2e95ed024574f75d1cefc135c89fc
- pocketmine/nbt 0.3.0@98c4a04b55a915e18f83d3b0c9beb24a71abcd31
- pocketmine/pocketmine-mp 4.0.0@468faa464b2bc5c97f23fafbb71ea61035f6f218
- pocketmine/raklib 0.14.2@e3a861187470e1facc6625040128f447ebbcbaec
- pocketmine/raklib-ipc 0.1.1@922a6444b0c6c7daaa5aa5a832107e1ec4738aed
- pocketmine/snooze 0.3.1@0ac8fc2a781c419a1f64ebca4d5835028f59e29b
- ramsey/collection 1.2.2@cccc74ee5e328031b15640b51056ee8d3bb66c0a
- ramsey/uuid 4.2.3@fc9bb7fb5388691fd7373cd44dcb4d63bbcf24df
- rhumsaa/uuid unknown@unknown
- symfony/polyfill-ctype v1.23.0@46cd95797e9df938fdd2b03693b5fca5e64b01ce
- symfony/polyfill-php80 v1.23.1@1100343ed1a92e3a38f9ae122fc0eb21602547be
- symfony/polyfill-php81 v1.23.0@e66119f3de95efc359483f810c4c3e6436279436
- webmozart/assert 1.10.0@6964c76c7804814a842473e0c8fd15bab0f18e25
- webmozart/path-util 2.3.0@d939f7edc24c9a1bb9c0dee5cb05d8e859490725

Loaded plugins:
Alerts 1.0.0 by hachkingtohach1 for API(s) 4.0.0
AntiInstaBreak 1.0.0 by PMMP Team for API(s) 4.0.0
AuctionHouse 2.0.0-BETA1 by Shock95x for API(s) 4.0.0
BuilderTools 1.3.0-beta2 by CzechPMDevs, VixikHD for API(s) 4.0.0
CraftingTable 1.0.0 by hachkingtohach1 for API(s) 4.0.0
DevTools 1.15.0 by PocketMine Team for API(s) 4.0.0
EconomyAPI 5.7.3-PM4 by onebone for API(s) 4.0.0
FCCore 1.0.1 by hachkingtohach1 for API(s) 4.0.0
FormAPI 1.4.0 by jojoe77777/DragonfireHD98 for API(s) 4.0.0
InvCrashFix 0.0.1 by Muqsit for API(s) 4.0.0
InvSee 2.0.1 by BlockHorizons for API(s) 4.0.0
KeepInventory 1.0.0 by NhanAZ, KhoaGamingVN for API(s) 4.0.0
MaxEnchants 1.2.2 by Xenophilicy for API(s) 4.0.0
MultiWorld 1.7.0-beta3 by CzechPMDevs, VixikCZ, fuyutsuki, kaliiks for API(s) 4.0.0
MyItem 1.5.5 by hachkingtohach1 for API(s) 4.0.0
NPC 1.0.0 by hachkingtohach1 for API(s) 4.0.0
Netherite 2.0 by Wertzui123 for API(s) 4.0.0
PlayerStats 3.1.9_BETA by hachkingtohach1 for API(s) 4.0.0
PureChat 2.0.0 by Vecnavium, 64FF00 for API(s) 4.0.0
PureEntities 2.0.0 by LeinneSW for API(s) 4.0.0
PurePerms 1.4.5 by Vecnavium , 64FF00 & ProjectInfinity for API(s) 4.0.0
Shield 1.4.0 by JavierLeon9966 for API(s) 4.0.0
ShopGUI 1.0.0 by hachkingtohach1 for API(s) 4.0.0
Spyglass 1.0.1 by ItsRealNise for API(s) 4.0.0
VanillaHopper 2.0.1 by ColinHDev for API(s) 4.0.0
_NewAlias 1.4.0 by Javier Leon9966 for API(s) 4.0.0

----------------------REPORT THE DATA BELOW THIS LINE-----------------------

===BEGIN CRASH DUMP===
eNrtPOt62zaWr4JVult7a9G8i1Q32Ti203hqx9rYaTpT5cuAJCgxpkiVF9tK2332PecApEjZTpzG
szM/4q+pSBA4OPcLAPK3QZwXC169uxRFmeTZYGzvDKpkIQZjw7Ute2TalqE5pqNb8KBeykemrdm+
7eqG79q+ozvuziDlZXVYFHkxGP82qFZL6DWQ9zuDhShLPsOWfZ6mrMpZnUUiTjIRsYWo5nnElnl4
IaoFNE2ny5SvRDGdTuh3POZRtLUNYOI6TZ8nKcI5GE+nz/Pr/YLHFQ6oZ0lWTqcnq6NKLKbTsgin
0zkP5xdJNqtyvDLWT+sqSbEzr+bacr5EyBKqgrMrO+4ClN0NIM0jArGLEGB0ClgPxpYDjCt4CJe/
DB7p7P7AeJCkSbUCcBlwqdgaefb2mN0H/fF4JqpJXh4kZcWzUGwlWSUABNN3WB68F2H1EcY+smzP
MpCxj4wvwNYeuR/DVnVHfKn/8EklUrHMi2rrnhjuMF4UfPWL/ZZwNb8AV8czPg/XkId1yiuxF6T0
qGVwi5Xx9t6s/jyZWGy5QNLwn7gUWbX7SsxAzqIQ0TH+ZqgqzufRk2f45HUpbmM+zbKJkep/iM8e
Gabh6SahZ99Aj7psuSZgdAvUm8gjd9NUjvpSbJwONnLErhywZVje6HaMCIhEgtzLI7cDJBPVVV5c
7C7CpQDtyqIUQB5lP/CFmHAE9UK2bVkjbwN8H+Phk7oUL0QaIepyntGfmcc0rY151NDpFMeiu6OO
0+kto4dP5FNgHaJxXvCs5GEF/v42zm8AXhZ5lYd5Op2iWwfPk2TIubwAxboJ8IBXHCUzsh0i1lPE
wpAoL3bX8+wGIirgbtjAJ34cNbA7ICUpW4ZhfzkHboP/WTy4G0FJtdRH/y4Rv5Q3ZxARcWbLdz5O
030mbmi7Bx0fY9Ej3xsZrowH+n3xd7yP49/v32CKSqKk+qC832FlVYAn/MXTR2+Z9rG/Pekb/1NT
TvL3QjmocQIKvb4z/N/zLF39PvpdhUrjLtYU/CJNgt1X/OI4CY4gThQxZANbhm/+GRYdZmEeiWhL
EeRY3lv29tVeru1p/6sNv9Pea1qsafZ77Vw70KZToOjppXai/R0uTE07tr7XUknoqaaN8v/Qnsu7
v2tvf/43+M3pTlJk3mmikqRhspTkStLOc7D64nxeCB6dyMzulQhFconJwCdolQAhGvSZhIFJClJB
6iYyDQdsKdJS09Jce//fSo4vvjM07YOmPdFGeHuuad4EmbGWdDY7+Atw68UYLrVa+03TdLg42vr3
lgHW54rURDIbWoAZl2hSwKWGsI+w6DOM9Q5mPbLMkaVLzO07RVdmef5BEElnqRBLUTSRxPhUJLlT
SPcY81uY5mVdiD9kqDOcP4Ggt6lEsut02u8H+ED8AO6+zKskTkKO7qBU83Zj+RkJaAvqGeeegEu8
f51Bor0V5XWQCtYphmwPGEiTjG6ZBOqkjUnkE8h7k/BiIjHOC4Wm14EwoTEnMGbL0o07gLx7FwKR
VVGHret8xkuxD+VXeZzzCNy4eWue2VYNSXacz2aYaramZZhvWb+iah+Z+uajttiSFPh3UGBuskGa
iaTbVPEFYjoakvi1TgrRujr3LVvOeTHe3T0Y7zYTd4APTyYadtiYE2u57cHbP3YG4h9chz5ItQh4
SgjvIJ/K00uxgNgGYCNgRVgNmqfQIqFAC0YEJMt0oZWpv0JUdZGx8leoqJb51dY3fPjkmg3ZNwH8
7jBzm33HmvaVal9ttH9Q7R+wfft7mMocwRTT6g+89ORseOmriZdgFEkISgJGF7K4zigWs6YO/evW
T0BDXljsm7jIFzusva3ybTaO05xXvwE8S79JCI0YPoHC9q9b24hXlTd3iJhlqCGImmUSlnhl0dUd
eN2sktk3kbrbYd8A4yED2CaMbIIzrb6JRFpx9rh5SjgckGwAoqRna3v4ZFGnVbJMV1stQImmo+A0
VDVQUIkkbNnPbflsjVpivE8Qc4jAElG+4lFSl1u30MLGVJ4SSX5DUiFKwBZo+uUtzm3r6kGcQ6AK
51tdUt/kRRohgZ3pQB68BIHwAhq3fyNcbaMjQvz75pJ4A7Nk4qoRfA/0cS59NUK/3mF3PVrd/egD
8c42N6ZO4i2FHI0AkSfNiIZDWwq9bfZfj9c6QKK3LcWODq9+eYsaIGHSlHbbB0VmN1L+Y/DH19Wf
r6s/X1d/vq7+fF39+br683X15+vqz9fVn6+rP19Xf76u/nxd/fn/XP1plk1KXCfZA3FWdJVxPLbQ
NOwM2tMOAwP8gQ4tvK7meVFi+baRUSNQvkzwiU2d4V5kHPQiGoxBFmJnEIH+ZBEOhmdlHlcH3YYF
p2WcG4m6xKb5xaUhECF0nJyenb85fXV8AE1XIoAiFnGfV9WyBK5c8Sqcl/Ok0q6ECNKVFuaLXSw/
90Bjj0A7+DNwPBddqvsPPkH95ORkws4FXzwU3cvFYglE9pCQqvgpkomqmgL9ixwS6S5N3eYuRSai
Onx2eL5n9Ok6m4Ou+M71l5E1OAQLzBervcnRYE1iqWBD0SXxmiNeQHQfy08S+6xOUjDi8zxPu2rb
a+6LzwJiA1Fxs0/s/gcRzicnB+ISB/yUXCcXLw4eSqAhAl8uIgA+nQYStwpxm043ML2XQs+Sal4H
pMYdtHd7oIA35AfAfM4R4Q5z+u3/IqbdQ2rj9j58AbYAe5M0LFZauapEqUHE3Y14OQ9yXkRk78Cl
TUVpm/psMJwbRt76zQc19Wb+6bSDiSL27Hzv1fnryadUYI3ZbgsDiO2Y3ZrcTmOXYAeSQWs4ObH7
NOeZCODfQ9GqwE2nQmIBMKfTHkafNPfn+/t50dVl1bCpxMY/R4klNs3vQ6nt87xY9MXYtPTJtjd1
9n3+Phcj/Ns9KPgsz2JIG14c+N5DMWA9AWY8hFN7cR9xQoEKhl7OnyfXHeq6rV0K9ZuCPal/BXAP
Rc6CoNGCTYgIxAnEJ5kl3pOaMyH6hGDDZrDdoOFZCgb8Ii+SD5CpPhQpPaC0EgCYfA4xP0JG364f
dGjqt38ieLyE2m3vb9D24zznP3BIbGc/vXwoEiXw6bSH0f3SpFu8qEIVKD/h14dZCLe9RLjb2qfa
1DZSiZ9Fli/nSZqEq4eitQMSKWxR6d3cR6wnuPlGO1Vd2taNfdJGKleyPpkr7f+Njhuv6qqsLxK4
vuBpklyU/5AMinYQrxBfoL+L+5dkTx1AyCe5g9zhUbOl3OWPozn/nEDT7Fi0WD1IoHk52e9QjHf/
IskhoPJ5hn1nyfdSVHNRUOc1oW3bhqfuE/sGcvYPdWKY1kPRuYZIq5oSiT/twdbQdtcUAclyX+Ws
4j1/1m3tkm1phua/w2rwnyPqDl69my+W/KQuxP6cV10eNE03yuE+7T+JMOOXSY2G5trPn+v6Z5FP
80xEsSBvuFEdP5fL8uWkyAH6z2CiUPpODodNe6dmfifnBrYovNdX93H92Lc5l7DBhLb5E4w4FkmW
ibM3DyX9lOBNp0vAQSgcJFEdjD6vGmpQ3O1BUeRLIfRpl22bmbRzhwawHSalwP6Dgchw2fAI0uos
qR4s1vfETNh1Lu8j6LN5InrxXTV8olr4CxAoimORZ77vug9FTR/qdCpxaX7vR06+/OH1UY8e2fIv
Ep0UOu3FQ4Xjs+VqhuvUXcqbpk8UvEdV+Urw9GVSPlj13gEJlCo87r8q+RPPkjTlL/LlUhQdivrt
nyiV9vM0yV5AuvZQRLUAp9MeIhu3fya1bFEF4t+9FFd7acK7oly33csu2T/aMAkX9fMn6O2D25Vg
/sAjm7wAgiuxuYzW7EoQ/teVyEoKd8AgucQz8FD+WHkE4QIPgnZaQp4CPTC225Yv3kV5BWbUa1UH
WtcNdZF27yNe9Z7HSVqJHuDZYtm9nYONdu+TMM8uuw3vS5Jke78I5EZNry0vKrWmYVD5iOfRgKCo
22kZ9vnwSsSpPEzZbS2Jo2W/KcJkpdNyNjnuTb8qf00znExdsfZRlV+ILPnQZ8H1taIa0UWbXPFF
SiZq0u2HZCmXTX0KnB/SJOgOh9vrRZ/rOaJn6rplGKYPDZOD0x7pUf6OUNtshKakL7AcVLssex3P
ksUyFT+f9GjewABucbd5g85FeoVpc69xWdG+NHLYVkFmMt/QvXmdXdCOoUlMsogrySxIMo6rJ5BV
m5qLnBCXEPUC1QlBQQBYVrlqMCWzIhC0VEvkN/Zabwy+W8/VeY4HrJMsznt6G90QedLTEmKl1W0q
BJgH2uGslrrYwP8bmBs7nYQQ8DrMR+ueL9W8OCMeU+NpN8HqmjuaMi/F+sXplp+0JTIYm7plAtvK
dxAaB+OYpyU4s+Y4y2BsjxyYI0H7tl0v5tx27cAMQif0R7FpxTwOgpEhuGvolhO7sWl4ALtWqLxJ
sii/KtnLc3ZwePbj+elk+OynVy8Oz3RmABaMcGCGr9sm22o6G/o22zs5cHFhHF987vDqgyADsls1
mS/f5SiTN0cvX56jYuLNFUVH8E3LvBTFOxBuwQuVgPNoDoQVYhc9xhD6qPPsBvqEp3FoxiPXH/mx
zm2bO7EThCY3A1fXI33kmrHQxcgTI2RfkYQXu8pJ6pqvWU9D7owiw4t104s9Ox6NRoFpuF4YGb5h
BHokhGnZFhfkAUEg4H3AiePZvoCHF8NLnibgGfGdAGDgRZZfZU/VL2rbrMjLUuwCybzM8DjzpYnq
/NTUTd/XLSsE/tuWrovAdVwxEp7wvDB2zMiIXNe3cVbw04UoBS/COdG/4DIxGFySUjz1giDUTYN7
IgpMYfOR4Gbs8ciOuS9CPwqFGYeBF/WMoz0jB7hztUKjf9c0Al9Bek9tzwzdkc+5IyI98IxQB+TM
wIhjvDN07tuhx93wdshrdRyMENFN6Lqtc8+zuM2DwAv9wAcPZ0eOOfLCwIlFGLqWE3HP3IBOjmJt
1SYqAIARRhj7uu+LyOUjZ8QBO9AKJ7DgD8pbM4xivw/pVhFihmg9de2RN7JBpVw3CDlw1PE8x7RN
4TmhaYWmI7zQcfgGaiHmeWmuXCWiBiz0Bbd0y/ctEUdxYPlhZOmmMA3HjRwdQHum7oN2bkDK03wN
Q/cD4YKxRiOwVGFZkesZoDh+ZPqhaYa2GxojYUQb2NCLKupUXuNFn4pwZJsBTunpjhsEQJCju35o
izgGYfojyxbc8IM+qDTHNKJRFcw2Tf0pd4UNfDUdbyR03bBjN3Lh2jLD2LUs0zVH4Gi8yNoENSNk
bETGDX3DDHWQm+OEHlBgGbonQlD+EaiDG9u6Her2TQjDTqCRoFwjHiFRYWyBxELTBtzA7E0eRqAQ
ns4NsAIr3LCB1g8QiMi1hek4ThCZwkeNN21nBA7BiWBwHBoW4OjHG8qeBVXLXN8Lba7bAWiGbzgC
fIpnRVagg24Do8AwDR6A+I0+hPXlkNInadSf4bZvnKqT0cgGwxAW91zDAF0e6cKIOdiUazpgeAY4
O9seCXAdARfhbVDwbF6Txzz1TZO7tm0DMW44iji4BPzPs0xDB90ToT2yPC42+CsPQTVx/qnOQw98
Nei8EdqGz40YOA72BUbvWQ76X8cXJikfJMKlWKEdrPM42j94GsLfyBbCEZbpQVIUgCXZeuAYoM9C
gL4FgeuGOl8DqetEhh/wvBArfOBhHDiW57m+EUcjawR6YdtRGNiRC6PD2LSjGIfP60XJeTP+pnMv
V4s4z1YgwXQFaUU6bFLoS0DVIiGGke+M/JHwwftYXhxFZqBbrm+Bg4O4I0C8OijXbbAgYnh6C8t4
Cu5WhzgkIoP74AQ4QPO5MEzw7RA8IGLppmOPgjthGR28hAtK4cdWhHoeQwjybQ9s1dBDO7QAKQuM
14f/y0pmkX/gRbULvk0UKuiihrq+a4cj0AZPtz3D5p5tghIIHWQcGU7AAz02PDCoHpAlWNwQnTf5
EcQl8i0/HokIbDYElQgCP8SY64SB7kQQDQE3Xx8BGKqQWt3SVpSkPmJYVbMQN2xndUEH9RimeCzO
C9bLqabZI3Y+h0DKSlHhgYmS8UKwai5YnokSLnjFQp5lecUCwZIsTGtwHnDB5AEzDQIaBF5aeQNY
Z/kCRsYIYBNmyWOxw3JcWS4RJAvwXBJb5XWhYLEkZguoPeKEZoDcBl/+SlcIGKrdFtwuJLi8TquS
XeXZtxXD0M8LBjVvvsA3tyCErRDDap6Uku6ruchYvZwVPAIA2jSbZg2w8TRj7NGbOS154xuKJeaq
+LaiLLuAB3j6GRPqSD4mVKX3Z8DPVFTEL1yPCQWTwQVbFggZOB6KYcoxJZ6JMaOsFB+U87qCHDEb
qnckx2w6kKcOGZ7pFNF0QJjtpWl+xdKkRGybd3HYZcLZ/9SiWGGfX/FiqB6NGRbxNPSQyno1hgFe
DNNFBhIDpiC0YMUUK7G/XAUYto87yD56AxbD8GA241HE5KtapWQrnrNkC8HxGCpmoAyYHghEGpgj
fq05vfc5Sy6hLyQVtWBbalJm6tsIXc4ohgW9pzQEtuOByTE8prlf1osAuAJatVeusvCclxcMz8KC
HmnU4TVwi1S7oRS7zYs8y2uQHnQvdxht9zFZYaA97DBMqgt5CJx4A/aIbYs6U2dbJfAzEi/QBFpW
5NcJaJgANgBJpLlZixzyViF0FKOuYh/UyR2WVN/i268FDYtEhYdFUWU2BrMtoKEGuzGJLUTGUFE6
JlCbuspJOYo6y1CcEVaH+ZKEQOVIqbEDcamu2SKZzcGY8WTCTtf4lOIgR4qiXlayVTIMGbMA3BRd
JFwwSqo1ImkQ/DJPIkD7dgxQR1DnIOFPQLu0jqJB56Hs1GraNFsImG4ljfKHNA9Ae3AFisl2sINF
UqFtL8SMB7Twyc4kq3ViblLSATAcfo5Su0qI86RRYLRXQwmoUbKSKMRzLXDB6E0lBBMXQjRTSiUH
adVopmyWg6ByNFPUCpxoRmgOCbUx05EKmJ1csMzI/uUpwCW9j+E/h2r+y/Avq3xJKCj32aKkwJUM
3McSo2nUIoSzNlgZkHcqxMgJvCGrUPiV3z4AhmQXhBJ6DBbWEHwyCD5MXIuwJuebS5SlRWKwanuL
61CIqFxTJB3X6fnhmJ2/ODpjx0cnR+dsbzI5Pjo8Y5PDV+zN6asfD1/tMOjEzk+h1yF78+L0+JBN
Xp3uH56daZsuoMcP03EVOyaiSHIKyOiISyQwnAtyycSN1tkawHtICSLyLdRlCK5QSDdLoPbzDOgE
Bw3ahPTepWxSya7mGFmBJ+iCZDeCLIGA6107chmRaI5TjCEY52mAdrM36oJajwaxLUWI6YDkLKIr
5SrHtjSAeolluSbV0hWt5fbtKCnKLUX5jBcBWMZwnVmTA7qdu2RqiI4axdQo8N0LntWUfHQxgcSs
Bh3c3mliwqYSNmoow2sMRX4l6V2sTVBjp9LnS4WH7CGv06jFJYEgcpWxNf6lBLwk9IFQV9cVrTDb
c3IWN4IkqY6E0NKGnwZogq0crXoMu6rZlTBSoyR5QzfYLSrV046zJmFEkRUwE6qhUuSoXixldiVT
OKYeDPFBI68D7KQGEO6EZkMBvkx/JcDY+S0MhqANgQ9muAQlK8taoGOo5iC1WZNtotPC2dZY7TSC
lDmCSio1iQ12vZNPC349pLXYssF9ny+xNVnUC4ixEF4L1rwuj4Jk8kVXicWar2gvipVkMTd1DJLt
pcKIJhwW9BGDMbNbiR3k8tGmTmNuhF5PwpedGxOSsFTHLmWUOQxprbel7QBQoVwF0kfkHmAnEwwJ
ZUkvozE5RlK4pg6GKX5KepqZsfM620UGplgGKLgfB/UxPZxm6mWrsQoRkJrN81SmmAGeD6FMnFCG
rAlUSAUZ8m2y8lFPZWgJRJtsyvD2qCul5hG61WJVIfAdNjQ6AiTh0cTDqkFGhQDy2us8lvYHMIWM
JOVYy1Cij4OhUaGlsReQCwr8ZAQmd2x/8noHxgIOAdjXVRKB2lOuIL1nC39I8MfMbdLudUZeEnc6
fTW2F4GjmvM03oVSUpYJkQAdVlPBpAzXBVHBOoa4DnsdYN1S5PAavRqmmDzVGCLxepJNmmR7XQBi
LYFIXUHYxIH1MlsO1f1GdXOirK5MPohWnpiWN2IsMeCplAnSdqkendBq+6YctK2xiRqT4jcscABX
lajSBZoxLvgMSQCZANvKZUoZC5aXC0AejZ0XKKf9NIFesl7G97ZEWbGT89eEaQkkIdlBXTGsz0mU
6+lkcaE1vmZR1UMcNSZsu/WhyGgTiWw9ZrgwEOLbEy2ZUP/GcRJqjKLUnGMSwJIF8KZC2YE06Iu2
9DUUxAWEdklIz5ET4HXJEUOI5uTOSylSmUpA30rpKFIi5PqAcnWqmjo4pSTp4Ohs7xnkR5RP1Rnp
EDps/KJQQfufMklIUBnVF36ibr2xpnNt65EI6tm4Kdqe4HcmQBIyZZ2Du6LnTJXopVxUQGvOylwG
b2URBgKTWEto+/Mcini0wqZWE001Tl4cl41ZyS+baAGXUHrLTxjgs04ZD4jRvrxM2tSazPs8yeSC
AHHqW/ZzkF+j5Rfs6IBt/fz66GAb5A5mDzhA/ysQGwoGj4eBcWANV0SKPzL9AGvI17LLwNp/fnbc
wFf1XaflW5oMN8cocSDxqlSEaMubFSIVRq8BvyEeS3icxzFNC8+SeDW8rpNoLRDi57C/OHNOqyvS
1OTHkyUPqK+yq7pUqzwhOJFKulk1ZijHjJnaPcVpZAhR7lHNgjGQZ7O2RslwWLoZineaXpeJuBq2
Afq2BTHJ3L1FXqP3iGWsU84EWNawFmM7ekdaCgHx4zUFZxgsvzfUGUyEZ0KW3oGQwAKBHxQCN8Kv
SClQR9VnMVC1sLkf9CX5OFFLPvhAxjdRVW/8wmz4uaLbsNRvR5MXAClivFF3QLYZjL8tNtbGCk+A
7x2gnZVJJGMG0sNBpqBwZR10uTDDIAo9RCRDJ920oY2WmpRy8DAUqaBKQao3zZomFzAF1snkiVIO
pM+K/KqaSz8GU3A2l9A6Tg6sv6xkSCZkh8iNBrXhmjWStKODskMXummUvITG5LZpS6ZacmrSHBrT
ExLAGzKTPQI08fBUK8j1slYrS+2mMJXzuuIJVbMQTKDUk1q0zJf03R0yG3WD8Z76qLBhmTghlUFI
Jc2EERc9F6QEqsDAFrWQN1apDq47UnEtm2WmoDQLEFl76Gjt9NAyh/hFho2m1jH0m9Uxgk5MB38w
lMeM2p5zkNtYoqLhK7JakhPG4OpWCywO6btfJVBYrlHHMKWes/VzIoHcHJ/NCjFTS4pq/VEus+DH
qS426SP8wNecHpzii9hDFRRkfoDu60rICoTTx7xwxpIQXxNAbVpn0R/idMv5eokHkqRwbjAVBCqf
K2WCTAjPDVAs68SbfVybF921vB0IDss5B7MQ6NkLxKHJSyFixKKA2mOIfjHDYCifNrFLRg7eWxtU
Rzg6wbaGHBxyG/KtjQtTAEnK8nkzxw2pSrq6Yq2SxTqCqGiMQLE/fYiwlNsh6MZxQlr0VIOaBW5t
PYF60p2h4dzH470KJlKS0gI6a0kKBoCvFD+bVaO5apQurmgrCeUdcBEeirWI0qAkbgHhJnldyB0X
9DbNUor0vABPeacm3nI8aKfqNEitOZ58UneYAAGOSlbjRmjyGegorumN2S+UuUDSukOLfG8RKJVg
6+Dd3QkiMjCTLsjB4zKKdF6oVaK6NY6Sf6bysaSKgcpv+RVAoZKALvpyXsJBXgJENANblzF1PeOY
PT/eO5eNWGoIXFn7Xp3I2HH8a6AoEzvWdZQU1Q453e9Vpif3WrqLFtKIMdABa9WaIq+V1qUgrHDF
5Jck6qLxu02lVrS7NORUAA6Eo5B2wcqGT8NmhwdUQKb1j56TN6GpqH8PCOXFquVdp2VI+WUn8ctl
7i+uwbeVqsgNL7BMKqmgA+cmv9kjEznqh/Qm+HGBVEYKaSqSSoIPmVHRumPcft0UKu5TTtYi3qfN
Stqtm0LW8uh5kbADETLTZqY5tpyxo7M3R8+YqZsGdmh21B4L8LBwv8ir6HFva5PJ3TR8KCcfou09
NnzDcjcaL11qtrBZFQvJEhpB2aHlap5UYog7cJi60mRQT6ns7bGpY8uM42pCJB7Tndz0a9vUKFy/
xX2e5n55uVQzRAkWWKDRq8cmQWsUtI13j4lmyo0x5X4s314r1vmyiDpdcMf98cHh873Xx+cdmmif
UE1J0QJNV933stnHHjZ1MnbqMvjj/wD6gAdW
===END CRASH DUMP===
