PocketMine-MP Crash Dump Sat Dec 11 16:06:02 WIB 2021

Error: Call to undefined method pocketmine\entity\Zombie::addEffect()
File: plugins/MyItem/src/hachkingtohach1/MyItem/ability/Manager
Line: 499
Type: Error

THIS CRASH WAS CAUSED BY A PLUGIN
BAD PLUGIN: MyItem

Code:
[490]             if ($ability["TYPE"] == $this->ability["CONFUSE"][0]) {
[491]                 $entities = $this->styleAttack($player, $victim, $ability["STYLE"]);
[492]                 foreach ($entities as $entity) {
[493]                     $entity->addEffect(new EffectInstance(Effect::getEffect(Effect::NAUSEA), (int)$ability["DURATION"], (int)$ability["LEVEL"]));
[494]                 }
[495]             }
[496]             if ($ability["TYPE"] == $this->ability["WEAK"][0]) {
[497]                 $entities = $this->styleAttack($player, $victim, $ability["STYLE"]);
[498]                 foreach ($entities as $entity) {
[499]                     $entity->addEffect(new EffectInstance(Effect::getEffect(Effect::WEAKNESS), (int)$ability["DURATION"], (int)$ability["LEVEL"]));
[500]                 }
[501]             }
[502]             if ($ability["TYPE"] == $this->ability["BLIND"][0]) {
[503]                 $entities = $this->styleAttack($player, $victim, $ability["STYLE"]);
[504]                 foreach ($entities as $entity) {
[505]                     $entity->addEffect(new EffectInstance(Effect::getEffect(Effect::BLINDNESS), (int)$ability["DURATION"], (int)$ability["LEVEL"]));
[506]                 }
[507]             }
[508]             if ($ability["TYPE"] == $this->ability["HUNGRY"][0]) {
[509]                 $entities = $this->styleAttack($player, $victim, $ability["STYLE"]);

Backtrace:
#0 plugins/MyItem/src/hachkingtohach1/MyItem/task/DelayAbility(26): hachkingtohach1\MyItem\ability\Manager->caculateAblility(integer 1, array[1], object pocketmine\player\Player#25833, object pocketmine\player\Player#25833)
#1 pmsrc/src/scheduler/TaskHandler(117): hachkingtohach1\MyItem\task\DelayAbility->onRun()
#2 pmsrc/src/scheduler/TaskScheduler(141): pocketmine\scheduler\TaskHandler->run()
#3 pmsrc/src/plugin/PluginManager(467): pocketmine\scheduler\TaskScheduler->mainThreadHeartbeat(integer 2953)
#4 pmsrc/src/Server(1753): pocketmine\plugin\PluginManager->tickSchedulers(integer 2953)
#5 pmsrc/src/Server(1642): pocketmine\Server->tick()
#6 pmsrc/src/Server(1034): pocketmine\Server->tickProcessor()
#7 pmsrc/src/PocketMine(301): pocketmine\Server->__construct(object BaseClassLoader#2, object pocketmine\utils\MainLogger#3, string[12] D:\FoxCraft\, string[20] D:\FoxCraft\plugins\)
#8 pmsrc/src/PocketMine(324): pocketmine\server()
#9 pmsrc(11): require(string[56] phar://D:/FoxCraft/PocketMine-MP.phar/src/PocketMine.php)

PocketMine-MP version: 4.0.0 [Protocol 475]
Git commit: 468faa464b2bc5c97f23fafbb71ea61035f6f218
uname -a: Windows NT DESKTOP-BVRHES0 10.0 build 19042 (Windows 10) AMD64
PHP Version: 8.0.13
Zend version: 4.0.13
OS: WINNT, win
Composer libraries: 
- adhocore/json-comment 1.1.2@fc2f76979f0a44a5f5bc2a2b600d0762fe0e78e7
- brick/math 0.9.3@ca57d18f028f84f777b2168cd1911b0dee2343ae
- daverandom/callback-validator unknown@unknown
- fgrosse/phpasn1 v2.3.0@20299033c35f4300eb656e7e8e88cf52d1d6694e
- netresearch/jsonmapper v4.0.0@8bbc021a8edb2e4a7ea2f8ad4fa9ec9dce2fcb8d
- pocketmine/bedrock-data 1.5.0+bedrock-1.18.0@482c679aa5ed0b81c088c2b1ff0b8110a94c8a6c
- pocketmine/bedrock-protocol 7.0.0+bedrock-1.18.0@040a883a4abb8c9b93114d5278cb5fecc635da82
- pocketmine/binaryutils 0.2.2@f883e1cf9099ed6a757a10a2f75b3333eeb2cdf9
- pocketmine/callback-validator 1.0.3@64787469766bcaa7e5885242e85c23c25e8c55a2
- pocketmine/classloader 0.2.0@49ea303993efdfb39cd302e2156d50aa78209e78
- pocketmine/color 0.2.0@09be6ea6d76f2e33d6813c39d29c22c46c17e1d2
- pocketmine/errorhandler 0.3.0@ec742b209e8056bbe855069c4eff94c9734ea19b
- pocketmine/locale-data 2.0.20@a6e4eb22587e0014f6d658732cf633262723f8d3
- pocketmine/log 0.4.0@e6c912c0f9055c81d23108ec2d179b96f404c043
- pocketmine/log-pthreads 0.4.0@61f709e8cf36bcc24e4efe02acded680a1ce23cd
- pocketmine/math 0.4.0@6d64e2555bd2e95ed024574f75d1cefc135c89fc
- pocketmine/nbt 0.3.0@98c4a04b55a915e18f83d3b0c9beb24a71abcd31
- pocketmine/pocketmine-mp 4.0.0@468faa464b2bc5c97f23fafbb71ea61035f6f218
- pocketmine/raklib 0.14.2@e3a861187470e1facc6625040128f447ebbcbaec
- pocketmine/raklib-ipc 0.1.1@922a6444b0c6c7daaa5aa5a832107e1ec4738aed
- pocketmine/snooze 0.3.1@0ac8fc2a781c419a1f64ebca4d5835028f59e29b
- ramsey/collection 1.2.2@cccc74ee5e328031b15640b51056ee8d3bb66c0a
- ramsey/uuid 4.2.3@fc9bb7fb5388691fd7373cd44dcb4d63bbcf24df
- rhumsaa/uuid unknown@unknown
- symfony/polyfill-ctype v1.23.0@46cd95797e9df938fdd2b03693b5fca5e64b01ce
- symfony/polyfill-php80 v1.23.1@1100343ed1a92e3a38f9ae122fc0eb21602547be
- symfony/polyfill-php81 v1.23.0@e66119f3de95efc359483f810c4c3e6436279436
- webmozart/assert 1.10.0@6964c76c7804814a842473e0c8fd15bab0f18e25
- webmozart/path-util 2.3.0@d939f7edc24c9a1bb9c0dee5cb05d8e859490725

Loaded plugins:
DevTools 1.15.0 by PocketMine Team for API(s) 4.0.0
MyItem 1.4.5 by hachkingtohach1 for API(s) 4.0.0
PlayerStats 3.1.9_BETA by hachkingtohach1 for API(s) 4.0.0

----------------------REPORT THE DATA BELOW THIS LINE-----------------------

===BEGIN CRASH DUMP===
eNrtW/tz20aS/lem5FTFvhMpvAlwSy7LlrxWrW3pLHmd3dDlGgADEhEIMHhIorfyv9/XPQMSpGVX
Lpvc3Q9x7cbEPHr6+XX3AP7XQVbVS9l+ulV1k1flwdQ7PGjzpTqY2oEbObbrB87YdkLXcw8PupWZ
8q2xbwWu41pRZLuB6x8eFLJpz+q6qg+m/zpo1yssO9DPhwdL1TRyTiMvZFGIthJdmaosL1Uqlqpd
VKlYVcmNapcYms1U2ebtejb7Z7WMczWdyjQ9yzKVtI+fgFjWFcXLvCBqp9PZ7GV1/6KWWTubrYpu
npfNbPZmfd6q5WzW1MlstpDJ4iYv521Fv+ztrIzzgo95I0swV49XixWR16QNsSO9+gikjvYo9VOG
zpEhAxIFpIAiowiqrGWC3z8ePLLEryfZyubm6FQVcn2iiT92gidT8atFGT1NZNIVslUncaEJ5GWr
MCPsQyHrWq5/tD8eiir+CVrd0f0Kh6p6Nrvkvx85fui6v3ohmeeRLVZLko3/nyxU2hWqPrqGSK9k
meL3Y9uefEsakn42G4o/elqV77qSzf/I+Sr9q/7pse3ZOGHI7mblbDZgZfS07sm6A7LaUkeX/JfR
6WMvmHyb5ub40dOlzMvrRa1k+krJuo2VbDcWcCJfK8obnHil6lvie4K56Z6eiQnS84CZ0dM2T7YH
Nl8S9x8gHnjOHnE9o6lpNQQP7LNc7xv7LusqQXxXtSYwGRC45C1vsOWxa9lfofHpU1KVTVt3iG/j
Z89lo14AUJrXlUzJuR70wK7NC4p26Pp1NYf0j+CpIASf+tF2PopddNhMOdb+1AY4WIDwKwI4+0po
tHp4U6Q3wbWxqFY/d3mtHpsD/eCjWC1kPT06Op0e9ccOaI/eXI5pwd6RBEhPDj7+cnig/ldw9XcE
PvCs6XzKy9uquFVLnA3iKdSStAf9LEY0LYwkVapIRC+yMCwGf/JMPP7OHPbj7OD6H5dns4OP4vhY
fNcu8mb0dDv34uLty/dXNP2j9fGJ+BfoepG9R4/+fMe6yFUjNlSadl2ok7aVCIXvNLodiu9u8wQ5
Dz+2h1xd/+M1HfHkL0zeeYA8kqqCqsD35hzZmEPXPV/uAxu3vAH0tvYp1Z3QP88RKrJM1GP9OJ3O
VWsW9SNvT6CCkyeHglDhyYDx0/fvTq7PL96C9y8nX5/9/ew1SWXE8h7g7hee8fdm9Gjw26324ezk
b7smm/yxJgt/q8miP8hkpIG3Z1dX/57RfMv6itF8y37AaL7l/HajPX99/vZ0aDXfcv9Iq/mW99us
5lv+H2Q1VsHvYbbgq2abPGi28Leb7dX7t399949du0V/nN1++bME/rME/rME/rME/rdK4L5ebKhA
PFW311VV8O9SLvkeoB86PNjcYxzYY9sfWxiSHSrhuiEI2lIW10ouibJc5TTjjS0sxrMqZVyo9GAK
c6jDg1StVJnSZsw1VdaeDgfIyQfnU8huOClgOMxdXZ+8u35/iYE7FTd5S/wu2nbVQBfzvF108Tip
lgOZjzY0AJ6mPN6KuqmXh4J6Y39Xzj1g+b3k/CpebbgyQl9eXF1/uHj3+vQLsSF1qm7zIqnX42bd
qmZcqvYolc0irmSdHpHQGk+vWtkOjTwcHYrvju1x9On52fXJ/40OBnztPPwabZAT3Mk2WTSLvB3f
KRUXa3aHg1+ohZI1RG/Vvu/2wcIi3LeqJE2wql6gHALpEALaLk6Lk6VsF8ORRBYQCXuHY9XyU1q1
MMTOqGk2twNdXQyfU9nuzKOBBK/DkflyNXxcwMrD5xyodzsc+Klhi26el7HGj52xqm55FZ7HDgao
TINA6XDRKtnVwzuVFcDOfJd8wxptdofSvFsOR64uX+8cv25+Lko6zPwSm6m2ulFl/nlXBff3Rmpi
18bAWi5Ji87Y4cfP+UpjVcQx/LnI4+F2PN4vd7VeEXuOZbm27UQYuDy92BE9rT4xa/uDGMp3DVbB
u5tmZ+FVvlwV6oc3OzLvcYBHSut7ci6Luzrfs/+q5QKANKxjDtwu9nxv0ZU3nMYcVpLLWsnncV7K
es3h7YwD0oS6VUUam0VEChCyaisz4GhlpTC0dkvSN63apqtP27MG83TtkZdZteO36Rcmz3e8hFXp
DodqhfCgOJx32hd7+v9EuImLS1Sji4HyKboXK3MunahKVctiCHfDcKdQRkGwvaXf6DPu8gLHOZbr
QG3NJ4DrwTSTRQM8W9VVWyUVqHoTH2fkFN9eEGZSeoEXO3HiJ9Ekc9xMZnE8sZUMUOj4WZA5dgja
nWHlQ16m1V0j3l6L07Orv11fXI6e//3dq7MrS9jgQjAPwo4szxGP+8W29UScvDkNvAMWdairz4oD
yNu4yWL1qSKbfDh/+/aaHJMe7gC3jE2rCmXGJxi3ljUaEtKRTBcQrFZHhBgjrDH3SzZhwrMscbJJ
EE2izJKeJ/3MjxNHOnFgWak1CZxMWWoSqgmpr0b5dmRA0hpHY/dZIv1JaoeZ5YRZ6GWTySR27CBM
Ujuy7dhKlXJcz5WKERAGAfoAsIGrRYzOaHQrixzISPd1UOBNWd2Vz8zf5G3zumoadQSRZVNSU37r
kDs/cywniizXTaB/z7UsFQd+oCYqVGGYZL6T2mkQRB6dCpyuVYOiOlmw/Eu5WnHc3bJTPAvjOLEc
W4YqjR3lyYmSThbK1MtkpJIoTZSTJXGY7gTHUaxSVLE3I/AuWZMonv6zH4ReYb1nXugkwSSS0lep
FYd2YoE5J7azjJ5sS0ZeEsogeZjy1h0PJsToPnXLs2QYutKTcRwmURwB4bzUdyZhEvvouJPA9VMZ
OnvUGSi2Ue2QA4CMspMssqJIpYGc+BMJ7uAVfuziD/Ksk6RZtEvpQRMiiOETgTcJJx5cKgjiREKj
fhj6jueo0E8cN3F8FSa+L/dYS6h+LyoDlcQaVBgp6VpuFLkqS7PYjZLUtRzl2H6Q+hZIh44VwTv3
KFVFtaVhRbEKEKzpBJGqXDcNQhuOE6VOlDhO4gWJPVF2uscNXyIvdNPXo+gzlUw8J6YjQ8sP4hgC
+VYQJZ7KMhgzmrieknYU75IqKiojelcBS2PHeiYD5UGv6IInyrJsLwvSAL9dJ8kC13UCZwKgCVN3
n9ScmfGImSCJbCexYDffT0JI4NpWqBI4/wTuEGSe5SWW9yWF0SDRaFKBnU1IqCRzYbHE8cAbwt6R
SQqHCC1pIwrcZC8GNjjAJNLAU47v+3HqqIg83vH8CQDBT7E5S2wXPEbZnrOXcbtRbhQmnrS8GJ4R
2b4CpoRu6sYWfBuKQmDaMob57V0K258jLp90UP8PYHtAq5Y3uqAA0noIDOXKMLBt+PLEUnYmEVOB
4yPwbICd500UoCOWKnmIyihfJX0d8yxyHBl4ngdhgmSSSkAC/S90HduC76nEm7ihVHv6bcqq+qz6
PP/MkkkIrIbP24lnR9LOoHHEF4I+dH3CXz9SDjsfCuFGrSkOtnWczbGe4M/EU8pXrhOiKIoRSZ4V
+zb8WSn4WxwHQWLJLZGuy3X6AfIiV0TQYRb7bhgGkZ2lE3cCv/C8NIm9NMDuJHO8NKPti27ZSNnv
/xLcm/Uyq8o1LFisUVYUo76EvgWrLhsxSSN/Ek1UBPRxwyxNndhyg8gFwCHvKJjXgnM9RAsZI7Q2
tOxngFsLeUiltowAAhLUIqlsB9iO5IGMZTm+N4m/Ssse8KUCOEWUuSn5eYYUFHkhYtW2Ei9xwZSL
4I3wX92/LKvPsm6PgG2qNkmXPDSIAi+ZwBtCywttT4aeAydQFmyc2n4sYyuzQwTUDpEVIm5E4M04
QrykkRtlE5UiZhO4RBxHCeVcP4ktP0U2BG+RNQEZ7pA2vjVec5H6SNBdiEBjkeXzrpbkKoJKPLop
Fjs11ax8JK4XSKSiUW2LLqMRslaiXShRlarBD9mKRJZl1YpYibxMig7ggR9CX3uMkdCQeOmSlGhd
VUvszIjAPs1GZupQVJipGyIpYqDVjVhXXW1o0RXuEr1HlvMJqG3oRVmxJsJv1d2GHJrnTHZF24i7
qvy+FZT6ZS3Q9lYAr5xS2Jo4pBtbLffdQpWiW81rmYLAeFbOyp7YdFYK8ejDQhFj9PawoVqV3iTq
tgs6QHXTUEGd6mlmVaO/gD4L1bK+qKNPlNDJhUaWRBkaT9SokFQSz9VUcFVKE82ia1EjliPz/nIq
Zgf6KkwkBYq9dHbAnJ0URXUnirwhbvu7Y3GbS/FfnarXtOZn+jEyU1NBfTxvPePO3uwR4EtQuShg
MSiFqMVrYVRJ6/VFwGgzPWD20QdEDDwCepVpKlB5afWTWunuTyyVbLqa33AKKD1WxDSUo37uJL+T
nee3WIuiolPisTlUONYToq5PVKNardDXjqB2usWbYprPftstY2gFXnXSrMuErlhh+PoGfjTmBe+h
LXbtXlJatqirsupgPSxvDmkDynPdYVA8HAoqqiEItRKsG8QjjS27Eh5ESzTxKzYvZIKX1dV9Dg9T
UANEYs8tN8yRbg1D5xn5Kq0hnzwUefs9vZmueVuqWrrBJJfZ2yweQ4YOceOwWliMkZF0yqT2fVWy
c9RdWZI5U+oOqxUbgduRZixO1a35LZb5fIFgrtGKHw6DzzgOaaSuu1WrR7XCSDFL8GbkYuMiKLnX
SHVAyNsqT8H2wxyQj5DPoeDP4V3jgaNh8Ugv2njarFwqHLfWQfnXoorhPXQJJfQ44mCZtxTbSzWX
MV+diSutaouVmzdEm7dfk9XuctY8exSC9m6kCfVO1rCEWQ4WgUjgvmRaWa1Uf6R2clirozAV8wqG
qihMySvooDmzOWLWpsIiKXA6Q7CuyP7fS0C3et/if4Fu/t/jv2mrFbNg4HPDkiHXCMDHirJpumGI
Tu25slF3GsYYBD5wVBj+mu9/Bw45LpglQgyRdEg+JZKPUPcq6Rh8K82yjkhKVpvV6j5RKm22Emng
urg+m4rrV+dX4vX5m/NrcXJ5+fr87Epcnr0THy7e/e3s3aHAInF9gVVn4sOri9dn4vLdxYuzq6vx
PgTs6MPxA6OOS1XnFSdkAuKGBEwWiiGZtbEBWxu6R0mQMrbwkhGgUGmYZVIvqhJyAqDhTSTv15xN
O9ndgjIrdEIQpJcxZU0E0LsFcp2R+IwLyiGU53nD+MvV5AvmShpmW6mEygGtWWJX21Xv3cgA91Kr
ZiuqaxlZmycPs2Qkd43kc1nHiIzRtrJmAHpYuxxqxI7ZJcwuYPdSlh0XH0NOUJh18MEnh31O2HfC
3g11euXX6lre5TYEx+JCY752eFQPVVekG15yJJG7Umz5bzThFbMPQQPLMrLitJcMFl8kSXYdTWEj
W1ZXyz7Z6t1mxWjomkMLkzTGkl/4hnjApXa846ovGMlkNU4iNzSOnHbLla6udAknzMSIJnp7ndIi
s4F5ZzZ7CeiziDuFYJcPKBhJG4kPJ9zCyZqmUwQM7QJWm/fVJoEWnbbl6rA3pK4RTFE51tzQ0q/q
aSnvR3wX2/S8v5ArGs2X3RI5Fum1JuL8/QUZUug37ZqLrV4pXowqOWK+9DEU2yvDER84oiq4Q9L1
NhY7rfTUvk9TbUSop+nrxX0IaVpm4VAyrhxGfNe7ke0UrHCtgvKRtAfudIGhqawk9SRC79ESbqXD
NqNPLU9/Mi3eVrukwILaAEP326S+5YezslQtGWxqUgRKs0VV6BIzphdVXIkzy6ia4EImyTC26c7H
zOrUEqtNsanT26OhlfopgtV63RLxQzGyBwZk4/HBo7ZnxqQARu1tHcvvB6iETLXk1MtwoU+bMWjY
GotXqAXhS8dc3IkXl+8PsRc8xIivuzyF23OtoNFzQ3/E9Kci6MvubUXesHYGa8fiJAVQLWSRHaGV
1G1CSh9zmKNwqKB7QXKwQSBu096A2LAVObsnVKMSUxZjQUy8vywv+2J72wBSL0FM3SFt0sZuVa5G
5nmvu3ljoq7JP6uNPaks783YUMIzJRPKdu0eg9TqRY7e9GQsLs2eQtZz3iBNJ2p8gU/MajknEWAT
qK1ZFVyxUHu5BPMU7LImO70ocqzS/TJ9TqCaVry5fs+cNhCJxI67VlB/zqbcHqebi3GPNcu2G9Gu
KXM77A9VyS+RONYzQRcDCX2YsBET/W+W5clYcJZaSCoCRL6EblqyHazB/3wCMHXIvMBot8z0gjQB
1GUgRoqWDOeNNqkuJbC2NT5Kkih9P2CgznRTpxdcJJ2eX508R33E9VRXsg8RYNPXvjW//9RFQk7O
aL64TYf9xlbObaynKu7m075pe0qfRcESumRdAK54XpgWvdGXChTNZVPp5G0iwiZimmtN7cWiQhNP
Udj3aqrvxhnF6dpYNPK2zxb4idab5/hKedDGgzF+Na+LNnMn81OVl/pCgDX1vfghru4p8mtxfioe
//D+/PQJ7I6wBw9YfwezkWFypHsEB/VwdWr0o8sPREO1tV2JaP/h+euevunvBiPf82H0cowLBzav
KUVYtqq/ITJp9B78jejLhOMqy/hYzOXZenTf5enWIKzP0e7lzDXfruhQ0/9SR+uA15q46hpzy5MA
RFoNs2bPSO+ZCvP2lI7RKcTAozmFcqAs55sepaRtxX4qPuxX3ebqbrRJ0A9diGnlniyrjtAj07nO
gAlU1quWcjuhI1+FwPz0m5MzNr/jVD3YzIKXSrfesdLEYkWfgAJG5B07Bfmo+S6PXIuGd5O+Fp8O
2ogPDBRyn9WV/qYLp/EHpg9waT3MpqxBKRWyd3cw22+mvzfcuHs3PHFRJRy+TZ7qnEHySNgUDtd0
8VALc0qiWKFSnTr5YZPa+KrJOIdMElUo7hS0e/OpRX6DI6hPZiQqJESf19Vdu9A4hiOkWGhqA5BD
9DetTsnM7Ii00bM22qpGi3Z+2gzkIpgmy2tqQr823Yhprpz6Mof37BgJ9EbCEY/AJlrlrSG311ob
W46/NKYBrzuZczeLZIJWT3vRqlrxZ6IcNuaB8j2vMWnDdehAboNISj6JMi4hF0oC02DQiLnIm5pS
h+4dubnWw7pSMJ4FRrYInW5BjyJzRP8aYm9oAwy7w+YzgkFOBx6M9MdFm5UL2G2qWRmvlsvVOK+Y
Y0DdeknNIUK5pXvWpNmyTmnKzIvtPIvAMCfn81rNzZWiuX/U1yz0ye/NvnzMH7Dm4vSCvg8cmaSg
6wOCrzulOxAp6CtsOrFhxrcC8Nh4cOmPPL3RfLeiD5K0cb5QKgyq540zoRKi7wY4lw3yzQu6m1fD
u7xDJIfVQiIsFCF7TTz0dSkyRqZq9B4jwsWSkqGe7XOXzhxy527QfMIxSLYdanDUNoytPYQZgmxl
Pd+f8YVVtVxDs7b5cptBTDYmorSe/5FQo1+HEIzTgXzpaTb1F9zj7QFmZnhCr7lv53uTTLQldQQM
7pIMDZBvjT77W6OFGdQQV286CYMOdAmPZi3lMijPNoToJXlX6zcuhDb9VYpGXtAz6NTnW9RksjF9
GkprSV8+mScqgMCjsdW0N5qeg4/Snd5U/MiVC4rWQ77k+0hEuQXbJu/hmyAWgyrpmgGerlE0eJFX
qfbBPMr4zO1jwx0Dt9+wTw5eTREwZF+fyzzon6BIYeBZOqduT5yKl69PrvUgtRqKbtb+Yr7IOPSj
e0hUqkP3Ps3r9pBB9y+m0tPvWoaXFjqIKdFBteZOUXbG6woYK1kL/XlzV/e423dq9eYtDYMK6CAd
JfwWrOn1NOrf8MAFdFn/6CWjCR/F63eIcF1sRj4NRkZcXw4Kv0rX/uoe2NaYJje5oTap4YYO4KY/
v9eFHK8jeXP6xyGFzhQ6VLSUTB+VUb2BY3r9um9Uek95uTXxC35ZyW/rZqhaHl0h+56qRHjCnky9
aOq64sP5c+FYjk3z/Qu1YwWAxfOyatPjnTebQr9Mo0l99ohC79iObCQyDN4t8laN6L0aFaRMA12S
qcmOHYtG5pLuCFJ1zE/6Vd5mzOyiW1l6e9M/r25XxwgS/Epzapvgp+tjPnHjdpssdsyicMVLhfRx
c7PmpL8dJs8drKJX6cenZy9P3r++plHT2fALQHMqpwGKSfO8U6YehzQ0KMX1lrJEqZBs+g+UernS
/1yxMUt0DUkfL+lboWM7GJxfA316+en3mG7yEYDp8X/wnx0T3AZsBHewP19hUB908Mt/A07gIW0=
===END CRASH DUMP===
