PocketMine-MP Crash Dump Sat Feb 26 18:20:22 WIB 2022

Error: Call to a member function getSkyBlock() on null
File: plugins/SkyBlocksPM/src/Vecnavium/SkyBlocksPM/commands/subcommands/VisitSubCommand
Line: 51
Type: Error

THIS CRASH WAS CAUSED BY A PLUGIN
BAD PLUGIN: SkyBlocksPM

Code:
[42]                 $sender->sendMessage(SkyBlocksPM::getInstance()->getMessages()->getMessage('no-island'));
[43]                 return;
[44]             }
[45]             $sender->teleport(SkyBlocksPM::getInstance()->getServer()->getWorldManager()->getWorldByName($skyblock->getWorld())->getSpawnLocation());
[46]             $sender->teleport($skyblock->getSpawn());
[47]         }
[48]         $skyblocks = [];
[49]         foreach (SkyBlocksPM::getInstance()->getServer()->getOnlinePlayers() as $player)
[50]         {
[51]             $skyblock = SkyBlocksPM::getInstance()->getSkyBlockManager()->getSkyBlockByUuid(SkyBlocksPM::getInstance()->getPlayerManager()->getPlayer($player)->getSkyBlock());
[52]             if  ($skyblock instanceof SkyBlock)
[53]                 $skyblocks[] = $skyblock;
[54]         }
[55]         $form = new SimpleForm(function (P $player, ?int $data) use ($skyblocks) {
[56]             if (!isset($skyblocks[$data]))
[57]                 return;
[58]             $skyblock = $skyblocks[$data];
[59]             $player->teleport(SkyBlocksPM::getInstance()->getServer()->getWorldManager()->getWorldByName($skyblock->getWorld())->getSpawnLocation());
[60]             $player->teleport($skyblock->getSpawn());
[61]         });

Backtrace:
#0 plugins/SkyBlocksPM/src/Vecnavium/SkyBlocksPM/libs/CortexPE/Commando/BaseCommand(143): Vecnavium\SkyBlocksPM\commands\subcommands\VisitSubCommand->onRun(object pocketmine\player\Player#107611, string[2] sb, array[0])
#1 pmsrc/src/command/SimpleCommandMap(220): Vecnavium\SkyBlocksPM\libs\CortexPE\Commando\BaseCommand->execute(object pocketmine\player\Player#107611, string[2] sb, array[0])
#2 pmsrc/src/Server(1408): pocketmine\command\SimpleCommandMap->dispatch(object pocketmine\player\Player#107611, string[8] sb visit)
#3 plugins/FCCore/src/hachkingtohach1/FCCore/FCCore(586): pocketmine\Server->dispatchCommand(object pocketmine\player\Player#107611, string[8] sb visit)
#4 plugins/FormAPI_dev-5.phar/src/jojoe77777/FormAPI/Form(46): hachkingtohach1\FCCore\FCCore->hachkingtohach1\FCCore\{closure}(object pocketmine\player\Player#107611, integer 1)
#5 pmsrc/src/player/Player(1985): jojoe77777\FormAPI\Form->handleResponse(object pocketmine\player\Player#107611, integer 1)
#6 pmsrc/src/network/mcpe/handler/InGamePacketHandler(885): pocketmine\player\Player->onFormSubmit(integer 12, integer 1)
#7 pmsrc/vendor/pocketmine/bedrock-protocol/src/ModalFormResponsePacket(46): pocketmine\network\mcpe\handler\InGamePacketHandler->handleModalFormResponse(object pocketmine\network\mcpe\protocol\ModalFormResponsePacket#165735)
#8 pmsrc/src/network/mcpe/NetworkSession(397): pocketmine\network\mcpe\protocol\ModalFormResponsePacket->handle(object CLADevs\VanillaX\network\InGamePacketHandlerX#144795)
#9 pmsrc/src/network/mcpe/NetworkSession(360): pocketmine\network\mcpe\NetworkSession->handleDataPacket(object pocketmine\network\mcpe\protocol\ModalFormResponsePacket#165735, string[5] e..1.)
#10 pmsrc/src/network/mcpe/raklib/RakLibInterface(192): pocketmine\network\mcpe\NetworkSession->handleEncoded(string[54] cM.a2.2....Q..K..y.e/.'..........$.......y.#...7a.^...)
#11 pmsrc/vendor/pocketmine/raklib-ipc/src/RakLibToUserThreadMessageReceiver(42): pocketmine\network\mcpe\raklib\RakLibInterface->onPacketReceive(integer 0, string[63] .s.R8].`}..K..ZCF$.?....)..\....@U.....n....Z..H.YL....q|.D....)
#12 pmsrc/src/network/mcpe/raklib/RakLibInterface(122): raklib\server\ipc\RakLibToUserThreadMessageReceiver->handle(object pocketmine\network\mcpe\raklib\RakLibInterface#28652)
#13 pmsrc/vendor/pocketmine/snooze/src/SleeperHandler(123): pocketmine\network\mcpe\raklib\RakLibInterface->pocketmine\network\mcpe\raklib\{closure}()
#14 pmsrc/vendor/pocketmine/snooze/src/SleeperHandler(82): pocketmine\snooze\SleeperHandler->processNotifications()
#15 pmsrc/src/Server(1660): pocketmine\snooze\SleeperHandler->sleepUntil(double 1645874422.5525)
#16 pmsrc/src/Server(1046): pocketmine\Server->tickProcessor()
#17 pmsrc/src/PocketMine(304): pocketmine\Server->__construct(object BaseClassLoader#2, object pocketmine\utils\MainLogger#3, string[36] C:\Users\tranthien\Desktop\FoxCraft\, string[44] C:\Users\tranthien\Desktop\FoxCraft\plugins\)
#18 pmsrc/src/PocketMine(327): pocketmine\server()
#19 pmsrc(11): require(string[80] phar://C:/Users/tranthien/Desktop/FoxCraft/PocketMine-MP.phar/src/PocketMine.php)

PocketMine-MP version: 4.2.1 [Protocol 486]
Git commit: 6d6551253173a498128c750c38e719f19880ad49
uname -a: Windows NT tranthien4-8sin 10.0 build 17763 (Windows Server 2016) AMD64
PHP Version: 8.0.13
Zend version: 4.0.13
OS: WINNT, win
Composer libraries: 
- adhocore/json-comment 1.1.2@fc2f76979f0a44a5f5bc2a2b600d0762fe0e78e7
- brick/math 0.9.3@ca57d18f028f84f777b2168cd1911b0dee2343ae
- daverandom/callback-validator unknown@unknown
- fgrosse/phpasn1 v2.4.0@eef488991d53e58e60c9554b09b1201ca5ba9296
- netresearch/jsonmapper v4.0.0@8bbc021a8edb2e4a7ea2f8ad4fa9ec9dce2fcb8d
- pocketmine/bedrock-data 1.6.0+bedrock-1.18.10@e98c511584a7bd58a95986374d2df4b04c6a2ba0
- pocketmine/bedrock-protocol 8.0.0+bedrock-1.18.10@017e57c8f8a74118bcbba7332e7ebac9e6c81693
- pocketmine/binaryutils 0.2.4@5ac7eea91afbad8dc498f5ce34ce6297d5e6ea9a
- pocketmine/callback-validator 1.0.3@64787469766bcaa7e5885242e85c23c25e8c55a2
- pocketmine/classloader 0.2.0@49ea303993efdfb39cd302e2156d50aa78209e78
- pocketmine/color 0.2.0@09be6ea6d76f2e33d6813c39d29c22c46c17e1d2
- pocketmine/errorhandler 0.6.0@dae214a04348b911e8219ebf125ff1c5589cc878
- pocketmine/locale-data 2.4.3@4d0b081f1a79407e087968ea76aaf330db6ea2b5
- pocketmine/log 0.4.0@e6c912c0f9055c81d23108ec2d179b96f404c043
- pocketmine/log-pthreads 0.4.0@61f709e8cf36bcc24e4efe02acded680a1ce23cd
- pocketmine/math 0.4.2@aacc3759a508a69dfa5bc4dfa770ab733c5c94bf
- pocketmine/nbt 0.3.2@3e0d9ef6b6c5fb45e3745a121296e75631b3eefe
- pocketmine/pocketmine-mp 4.2.1@6d6551253173a498128c750c38e719f19880ad49
- pocketmine/raklib 0.14.3@4798576fec0364266dce23b368a7fec5e5de7927
- pocketmine/raklib-ipc 0.1.1@922a6444b0c6c7daaa5aa5a832107e1ec4738aed
- pocketmine/snooze 0.3.1@0ac8fc2a781c419a1f64ebca4d5835028f59e29b
- ramsey/collection 1.2.2@cccc74ee5e328031b15640b51056ee8d3bb66c0a
- ramsey/uuid 4.2.3@fc9bb7fb5388691fd7373cd44dcb4d63bbcf24df
- rhumsaa/uuid unknown@unknown
- symfony/polyfill-ctype v1.24.0@30885182c981ab175d4d034db0f6f469898070ab
- symfony/polyfill-php80 v1.24.0@57b712b08eddb97c762a8caa32c84e037892d2e9
- symfony/polyfill-php81 v1.24.0@5de4ba2d41b15f9bd0e19b2ab9674135813ec98f
- webmozart/assert 1.10.0@6964c76c7804814a842473e0c8fd15bab0f18e25
- webmozart/path-util 2.3.0@d939f7edc24c9a1bb9c0dee5cb05d8e859490725

Loaded plugins:
Alerts 1.0.0 by hachkingtohach1 for API(s) 4.0.0
AlwaysSpawn 2.2.5 by Philip Shilling for API(s) 4.0.0
AuctionHouse 2.0.0-BETA1 by Shock95x for API(s) 4.0.0
BlockGenerator 0.1.0_beta by BlockHorizons, Chris-Prime for API(s) 4.0.0, 3.0.0
BuilderTools 1.3.0-beta2 by CzechPMDevs, VixikHD for API(s) 4.0.0
CraftingTable 1.0.0 by hachkingtohach1 for API(s) 4.0.0
CropGrowth 2.0.1 by NhanAZ, kaidoMC, YTBJero for API(s) 4.0.0
CustomItemLoader 2.3.1 by alvin0319 for API(s) 4.0.0
DEVirion 1.2.5-ALPHA12 by poggit, SOFe for API(s) 4.0.0
DevTools 1.15.0 by PocketMine Team for API(s) 4.0.0
Dungeon 1.0.3 by hachkingtohach1 for API(s) 4.0.0
EconomyAPI 5.7.3-PM4 by onebone for API(s) 4.0.0
EnchantedUI 1.0 by ItsRealNise for API(s) 4.0.0
FCCore 1.10.1 by hachkingtohach1 for API(s) 4.0.0
FishingRod 1.0.1 by hachkingtohach1 for API(s) 4.0.0
FormAPI 1.4.0 by jojoe77777/DragonfireHD98 for API(s) 4.0.0
Gems 5.7.3-PM4 by onebone for API(s) 4.0.0
HealAndFeed 2.1.0 by Kylan1940 for API(s) 4.0.0
HealthTag 2.1.2 by Shelly7w7 for API(s) 4.0.0
InvCrashFix 0.0.1 by Muqsit for API(s) 4.0.0
InvSee 2.0.1 by BlockHorizons for API(s) 4.0.0
KeepInventory 1.0.0 by NhanAZ, KhoaGamingVN for API(s) 4.0.0
LaunchableTNT 1.0.1 by Vecnavium for API(s) 4.0.0
MaxEnchants 1.2.4 by Xenophilicy for API(s) 4.0.0
MinePos 1.3.5 by hachkingtohach1 for API(s) 4.0.0
MultiWorld 1.7.0-beta3 by CzechPMDevs, VixikCZ, fuyutsuki, kaliiks for API(s) 4.0.0
MyItem 1.7 by hachkingtohach1 for API(s) 4.0.0
NPC 1.0.0 by hachkingtohach1 for API(s) 4.0.0
Napthe 0.0.2 by hachkingtohach1,tungstenvn for API(s) 4.0.0
Parties 2.0.1 by Didah (@Diduhless) for API(s) 4.0.0
PlayerStats 3.1.9_BETA by hachkingtohach1 for API(s) 4.0.0
PureChat 2.0.0 by Vecnavium, 64FF00 for API(s) 4.0.0
PureEntities 2.0.0 by LeinneSW for API(s) 4.0.0
PurePerms 1.4.5 by Vecnavium , 64FF00 & ProjectInfinity for API(s) 4.0.0
Quest 2.5 by hachkingtohach1 for API(s) 4.0.0
RedstoneCircuit 3.0.1 by tedo0627 for API(s) 4.0.0
Rewards 5.0 by Wertzui123 for API(s) 4.0.0
ScoreBoard 1.0 by hachkingtohach1 for API(s) 4.0.0
Sell 1.0.0 by lenlenlL6 for API(s) 4.0.0
ShopGUI 1.0.0 by hachkingtohach1 for API(s) 4.0.0
SizeUI 1.0 by fernanACM for API(s) 4.0.0
SkyBlocksPM 1.0.1 by Vecnavium for API(s) 4.0.0
Spyglass 1.0.1 by ItsRealNise for API(s) 4.0.0
StackStorage 1.3.0 by Ree-jp for API(s) 4.0.0
VanillaEnchant 1.0.0 by hachkingtohach1 for API(s) 4.0.0
VanillaHopper 2.0.1 by ColinHDev for API(s) 4.0.0
VanillaX 3.0.0 by CLADevs for API(s) 4.0.0
VoteReward 1.1.0 by  for API(s) 4.0.0
WorldProtect 2.3.11 by aliuly for API(s) 4.0.0
_NewAlias 1.4.0 by Javier Leon9966 for API(s) 4.0.0
libEasyUI 1.0.2 by GiantQuartz for API(s) 4.0.0

----------------------REPORT THE DATA BELOW THIS LINE-----------------------

===BEGIN CRASH DUMP===
eNrtXXt328Zy/ypbOaeRTkUSbwK6x6lkSY7VWDavJMduQtddAAsSEQgweEiib/PdOzO7AAFIsmSb
9yZ/2CcxgQUw+5v3zOLhf2xFWb7g5YcrkRdxlm7tWbtbZbwQW3u6Y9nu2LIMY2gbrubZu1vVUh0y
9PHQdjzH9jzLNS1vdyvhRXmc51m+tfePrXK1hLO25P7u1kIUBZ/hyCFPElZmjLOFWPgiZ1GVBiXM
y2aiPL9cPUuy4HJ7h8FAWiUJXBvBz/M4oYv3ptM3BeCcTsucp+U8Ful0eiSKyzJbTqfPs5vDnEfl
dLpMqlmcwmk1xWJyOp0WeTCd/iyClF/F1aJ3MMgWC56GcE1R+eudn+MiLs8r/1CODJfzJWKSeNQ0
oxahEUwyauboHKmJjloTjHr0gXYSp0Db1kELOQ9g89etJxr7vKmS2C9Gh1leipvJ8UjRzkbPeCHU
zrZumTt77OukMfghS8+qdDvzfxNByZZwtSgXgB81wFcin04n9PtE18aOru+yoszjdPar8Z4V/i7j
ec5Xv2rvd4DtJzpbLpAj/F/NODqPF8ukhnzKl9uGoX0CNbI9ndZ845ZkfDptcT74QdyIoCrFZmAb
LdjnIgcvAtFqLqBs01UMAd4eR4MfwrhY8jKYfz4cF+GwK9QJQTEbK3l+CEIQhGnOg/klnF1muKXX
h+TPtu06PaSShzWs2l6+Gp21RgcB52By8iEUVwMbPIrnhPS37LdMjPFPfQb9blsIsccGODsxUP8O
frj3hH8ESVZUufjjM1iI01LMIDjphNxuqVheMJLnb+ueawO4NXIMQgRdbiCsNEzEmSiWWVqIL4bg
tCCkorzO8svRIliKkaSfj07SH/lCTDjSfSHHtl0Cd/9c6L6IEhx6EZfbzYxGf/axmv1KgDPlozXF
kS/CHPYGyzwrsyBLCOBpFvIECddsS1hSkW04ipPpFFmZThUv0+kdzNSSvEX7LpH26NbgptN7kD3R
HXts2sSre5+kX8mdc0hlkK62TW/8aW4enLVmqebg8OXBkbjCKMvTOEn4uxbJOyTy7oluWWNPovYe
i9rRPo26e34N8YiXXClxc+JuIoX9nonhUB/KNKDdx0rOLyHAj8745cvYPwEDzSPIj+CDxpewdJwG
WSjC7RqD9Z4Fp0NuDI0h/Pn7cPjTcLgaitHw+2Hz5zv1uxo+gb/HfPg/8CNR6/e6iIQ9iJeSJQn/
IsM65mKeCx6eyuLoTAQixvRhPcCPJDid9gSB3izlqyg1Dq01knbM92xYDM/c98P//YNY/OXw+XfD
/0SmdobD6RQ39t8Qkyn+9ctw+GL43y9x8/f/Gx4NG36Nz9WSgVzV0AtKMtMpCKXm4xMS6TvK58vm
ieE6tiGRm/dqqkiz7KPMmueJEEuR15FUN8wv1MkjrlknKAnQ+gKAbt9m5KmQzjvnAR4I1yDdV1kZ
R3HAsfIu1Lz2HZWMcyte3Ee4wP03aRkn22FW+Ylg7fbBNmSc0p07JtGs+4qQMg4uJxJxliuY4xaF
CV1zCtdsm5p1D5EPHwJgssyroIleVA5Cw1K8zHgISRcy3h22VQEzEI5PeZy+zGbgSU/MxpNM5z17
dDvSXGVZn3FV08RIvt17+Db6eUg6l5KWSgzbuo7uJ36vYqj66gpNe8+w+tobjQ73RoRp1EAaKUSj
GlBr0sHpZF22rYexOdrZev/H7pb4Z/SB/4KeC6BL+h/i9CpLrsRCpCVMGoLUgnKrPgojrUlgGFMJ
smsZcIj1/nxXgCOTi8CvCm3brev39oDlE7BQnkKg3Bn8ALvqtKK7u/19mg3iIgHQ3+/s/A0mtsw7
JsxFWeUpHbZ6h//AQbs32AAsRSKW0D09hE45rtx5m+UJdDIp4OsMPVu9gpJl+7vicuUjrfWR7R1F
ZsmvwbNkFNpWDDkPgutSJCL1xePWxcSq2xporivYU/bre7rAax2PoF2A1oF9FvevU7QdWU+Dthgv
2Heyykb/s7UW/X/ggH6LPQUKMD00rzrclXU9+mz1porDh7BLoF0KqpepYXeoKsHafbuOI8bWioB2
Qc6SRQ0TxL55pzvUavj1PTDd7NI8Vk+BdttWv8OVKrgkFddM9tHUHzaRY3tSy36X/ScUP+y7EOrW
HVYVogW22JGacG6ztP1vcVGIloUVvxKJ9zvEzfiTvma7n1DtLYp0hde/Yqn6sr+AIzrag+Dud0Sn
beZ/wNAf31azvq1mfVvN+raa9W0169tq1rfVrG+rWd9Ws76tZn1bzfq2mvWXX82q13wKXN85AOMo
aSvl+BhEPbC71Tw9saUPtaEGI7wq51leYMfTq+aQKF/GeMSik2FfpBysLNzaA82K3a0QrBF6FDgF
jhVZVB61Bxac1qBuFYkSTf2L61pgEHDi5PX5xdvXZy+PYOha+FDDIvZ5WS4LkNY1FsbFPC6H10L4
yWoI5f0IO7aD5JqvCurrOiyvR9t8Y66xu3xP5nESL9k5/CSAc1N8L4lsoahOp5wQFYhoOpU+sOb9
/OLg7OLNpMM5MVfRosGLrCpEm7v2cJc9QDx4dnxxoHeZPJ+DyXj2zddxt3UMbp0tVlBsb605LRRt
4FHimiMuUHAX5SfVjMxSU/mjSEXOS7kwq9jtHWgzrEENo33wRcm7/NIlL7I8/ghxCA4dzvO4GExy
fC6oL4LdLfNrFN2ZCtreDtjbqv4E/1WcwKkXWZa0vbcz3PVhwD1A3o0u84cfRTCfnGJlCwd+jm/i
yxdHm7LrAIkvFyGVzb7EViI2YL2L9FF+PYvLeeWTN7dgjzqkQDYUDsGPLhBwSzjd8b9IhOuA6u0+
Ri4gFhBvnAT5alisSlEMoYwZhbyY+xnPw5EUSLb8Mc+uy3lHGs1gPyr04sErKO8OfoGxSx6H2ekh
bP33xbP/Enm2KanIGZD7GpNM619gGAoscl0VZbY4KcVCuVWL9/6hrgTMvgR4chWnmql7m2K4IQg8
97DcHnlMPDg6/jnOCX/DZDPUtXTIaYODl5MXB3ovEiyhhorxltD56+diY5mNiE6nVwRlOkVblVst
eA8kNnDyfpxrhrq86XbfjdfVD7sQfLEptur5sTC86sWwu9i4w1DXyEYNDWS2Smeiq0c10g9Y5p8T
sBScZmNTQapVLqx5bw222beH46E5mJxaXRFkqfDh/02xrshNp0KiAJrTaQfRg255nAYQj0oRvulw
1RrtabXL0ElZnAmevIqLjTHVIgnMrIE8LuAiT3LhtsWOGui54q008q8y0O7K86bM83kM5Xk6O8vC
Nufrwb53/lnMN4ja2xsTglw8b0tAjXTZt/qG3Lp3cJTzWZZG0Oe+OPLcTQni3iX+Rzrqj2LRzi+0
+ydGHJxf/v0Y8C/AoQ/S8LkQbeNsj3brm1tx5qdVwlPds7RNMdIQnE5bMB4fY/Cicn7BZz1+5Fif
G6Pfv4okWY2vx5vipqgJSm4IxON5OUmvoKov5s/jmxY37dFuk3ordpxWvwO5TTGzIGrTaZxeBQgg
im8+p/EE3OdCdBnBgQd6iG6PvSFWet20RPI5zPwkxBKuEil036sWT93xBzrFpj36aZ7xH/kCQu7P
rzbdGXUQbaA5eskrzP2A5+LVRYvz7vgDSa25z78pblsPDnSA9HYfo9pTfqOqm3Zcb4/226JeaH8n
0ozW5YLVpthrkUQVNlA6O49iDp/QyjqMqZH+mo/955QhCk6z8dUrt6dVUsb0iE+b6fVgl++xWusy
H1zrOvyFXshbVWVRXca0xpHE8WXxT1kBWyDea8QLgmlj/5rVrxYhlNMK1w3aMpIDPfn8SVZBWOrf
TRWlryaHLX5x7y+ytAdQPi9S32v9r/iynLeTrhroFw7GJxndLaFjL0qRXqX/PJ4JWP37mFg24XkZ
i3Ysq0ceKCmO4pDP2fY+/FbzRBTFzqa4CmuK0+lSYplO16A+11kbfMQtPdlzXvJOWmqPtrk2obj1
PuAtmj/Hglu4OjtfbdCTKheHc162ZVAP3bpHdV/RsbvlWM+fa5/XtNA8E5EvKMT3blk953QXqpjk
GVB/B5Enq4rJ8aAeb93I+iDnBrEo3OutR1k9nHuclnHf9NvDDwjipYjTVJy/3ZT2E6IHJg8YhMIg
mWoh+rw1zhriqENFsS+V0OVdjvUXE+x7LIDtMqkF9u8MVIYPCJykUZzG5cZKto6aCV1r8zGK/nsl
iraZy/2uav+kIo2gqJ+v9ugzERZllorDOA+quM1x/0g3wN0K66UIM80xNta81/Sm01wBCSSQ6fQ2
sgfVeSauoe4oOuzJke5qUc9X34q8/FjFumFuiq01ReSDIHxxW7imNVKkSKXnQZaLZ1hntdhtDX5y
6fpfZcRrPO3trzbnc5Ekba4FvbH1ybIyESn+99L5vHzUfUzi/uCsiOPzQ0mCT08RogcN9nyeLX/s
3H2oR/4iVbKC02xsqi04jz+KLt9y4JNWG4k85enB4emm2G0I4qsFOL/8/QInXUND5lov67U47LzC
96ct3XTe+ehiethcl6sZPvjX5qoeeoClf/bNshrH41d+oVYOLs/LLKc3RNcMtYdvPaTTZepMiMFv
y03xA4Xdh9+WEEIQQSERAGMtPBP5Oujnm6cEOsBHHAN6HFFRJSZBFuqhebXK1ZJG78BfJCp1UfX3
NxWjFNUX2XLZeT6lO/5AH3yYJXH64khcbUoYDcGGbQmkt/sl61YN1DXz727z/e5WjdizAvUqxsYY
vv1mRwvJg27+c1YKWTe1WVkP9m6M95jZmGtHPKGHCK9g5sfHKFo5hOapxNfB1/A7w7eejrr1eFRc
JavNPRuF1KZTWihdSgh9fh7Zf55WcR7FIglbT+kP6tfcSoiGowUvSpGPOuyCVD68EtcHSczbeWg9
9sDN7v+CPChy9lJkqec5zqbkIsnWVPGZaMCifr7AF7vkRpLMH/jlAP+YF6tO6bQe64fn3orjjzFE
x79XHPqJTbEtJ55OGwAPmDR+8YDngBv02nsErH4unqDclCItaFEH+JRPtGy5GF3xpoEfLDg+Lbke
CTjU3yFc2x7LFh/CrIS43hlVn4hYD1R50t4Pedk5HsVJKTqEZ4tle3cOSaO9H0PLcNUe+K0ghTT7
C1++QtAZy/KyeQwa1YbvXYcUtNYnLYOuHM5ElAha+2qPFiTRojsUYjHZGjmfvOxMvyp+T1KcTG2x
5lCZXYoUiuKOCG5uFNcIF+PNii8S9VA+7n6MlzKcerR88hFMtH057N4sulLPEJ6haaauGx4MTI5e
d1gPsw8ErT8IQ3FXYRlYaVF0TpTvDb877fDcQwC7+PZUj89Fcp3HPf0vS3rPCiVcP3Y+mfdsb16l
l/QGjEFCks+sxjM/Tjney4a0aQwdlIS4ggDoq5OQFFQkyzJTA4YUVgiKlmapqQy1jpgf1nO1juPX
S+I0yjp2G95SedyxEhKl2R7KBbgH+uGskrZY0/8F3I29ngRQj7WEj949X6p5cUZ6eL7dqnfcHV2Z
F2L9KVCQp7Qfehp9a8/QbAvEVuDLzlt7kEILiEv1G5Jbe5brwBy4nLXlhI5t64Zt6mOTW56rG24w
trXAdMVY9yLdc12NhxZaVlUn0TgNs+uCvbpgzXs71sAt4pTpoFVGGJg+Hjsm265Plq9FMUPTnR12
cHrk4H1p/EhnS2gfBXmS1djLfPkBbwdvvT15RbfHaeeaMiYEqWVWiPwDaDnnuVpv5uE8w9WSEYaO
Ab7+Lr8Lg/WJsR8FRjR2vLEXadyyuB3ZfmBww3c0LdTGjhEJTYyBb5RjHgeXIxUttaE3NPcDbo9D
3Y00w41cKxqPx76hO24Q6p6u+1oohGFaJhcUCoFX/ATAYgQBNvGhZRhcQQEQyrc6QJKXaXad7qtf
NLtZnhWFGAHLvEjxqwxXBqbgfSEiy3U9Tw9tU9iucLTAs23L1zxfB2ECKJ97hocuAQE7F4XgeTAn
/hdc1t9bV+Rt+67vB5qhc1eEviEsPhbciFxQbsQ9EXhhIIwo8N2w4yXNu9b4NQySpDPU/qMeBLm6
Qx1Qem5g67rtAlU/tF3u2Z7rmGMrNMIIwFqBA3Lm2t2k14ZJtnCbvKaPhT0OQO58bOm66we+z8em
aYixAOF6wglc3fHMHnmKGWsHB4Hu2zwYC8E9nUc+D90wAJOP7ECYViAcwxuHtnDgMO9SulOJ9LDy
vmON3bEFRuU4fsBBprbr2oZlCNcODDMwbAGSsen1lDZB7LgT9fw+QdP2LU9wUzM9zxRRGPmmF4Sm
ZghDt53Q1oC0a2ge2GePUpZkaxpgFYjfCcdOZAjTDB1XNwPTCw0vMIzAcgKQpB720NBXoNRr8EQK
VLwfcpja4pplWq4PFi5cQ/eEH0GsiCIdeHK9IHD7cJIMK4raWNCEzX0r1HzN1SOdjz1LGwvNHXuO
K/jY4TwyTS30AbLh231KM8JCTuAEnm4EWuRptg2qDg1T11wRGKE+9nzPiSywMEB6i8KglXIkKUeP
xiBGN4hMUFhgWMIS4PcGD0IB0tK4Dm5gBj0naAIBxNl9zoPAHNsetzWXO14YgQ8GFvyMxxr3wSwD
O/AsP+qSSP2yzk37ptBCT0SO7wR25Fu2AE+xuW5ABnfE2HZM3TfB8UWXQqvYp0KKYv7+ZwTwW6+H
y7xEOhp7rg1GIwLNdCzDcTAamL7pgMfBoC3sUIw9Y3wXFXzJvK5o9j3D4I5lgc8HTjAOOec2/uea
hg6q10VgjU2Xi5585eu9dcbf1zj4OoTmsasHlu5xPXIsAe5lQWgxbQzAticMz8dEyxeFWKEbrCs6
fOzJ2A/gz9gSAqRruFAe+eBIlubbumY7Qrih6fuOE2h8TaSq4lDJ1YRk4fn+OPJt03UdT4/CsTkG
u7CsMPCt0IGrg8gArePl82pRcF5ffzu6F6tFlKUr0GCyggIjGdTF9BVARas0NYgaumsEoD/u62M7
BKcxrdDXIjBux3M9V0PjuosWpAxXa9Gyx/5YN8DjRBj63jiAxMZdCE2mEbiW0Myx6xmhIbz7aOlt
WqGwfG6EFkov8vxQE7rnGxx8DgKxaUN0gczhRrJZWWQfoUUaQWgTeVk/Lg8u5zkWoAjGrma5EFJc
ywAjEBroONQhfQGTuisMu0NkCR43wNitmnMISJ7pRWMRgs8GYBK+7wWYdO3A1+zQhXjrWZ42BjLU
KzW2NVxRufqEYavNAnxGe1bl9Ao6w2IPPyfGOtXVNH3CLuaQSVkhSnxrrWA8F6ycC5alooANXrKA
p2lWMl+wOA2SCoIHbDD5EvQQEhpkXrrTDLTOswVcGSGBPs2CR2KXZXAkL5Ak8yFaXbJVVuWKFn7u
agFdCPT7OAMUN/iFu2SFhKFzb8iNoNTlVVIW7DpLvy8Z5n6eM2hiMwheMWawFSKEaq2QfF/PRcqq
5SznIRAYTtNpWhPbm6aMPXk7FwgMv/6H33Zj+CVA2YAVVPgVWFqH8jBBlcGfgTwTUZK8cKkwEEzm
FhxZIGWQeCAGCcfieCb2GNWneKCYVyVUi+lAfX9wj023VOE4rTRd1+FvTZjscj6tdBFGcTMMe146
YwlucT3+t+kWsXCQJNk1S+IC2aq/BMSuYs7+Xol8hef8jhv16skewxaeLj2mpl5dw4ABhoUlA9WC
9JCav2JK5ni+XAMYNIdbXD15C64FpgMK4GHIoEaTekL546cG2EJw/BID1qoMtOMLBA1SFL9XnD6+
OIuv4FwoPirBttWkUErvIHU5oxjk9K2vAegHvxmwB4dp7lcVfbURzO+gWKXBBS8uGX4OAgxuSCe8
KUCH6AM1p3jaPM/SrAI1w+nFLqM1KyabEnScXYbldy4/bUKyAcfFsUWVqs87SOLnZAfAE5hjnt3E
YIoCxAAskYmnDTiUrQJ0EqFR0zcnwXh3WVx+j5+gzOmyUOBaFtlW72K2DTzgF+QMEguxMVCc7hGp
vlFzMo68SlNUZ4gNZbYkJVAHUwzZkbhS22wRz+bg9fho+W7bS5XhoETyvFqWclQKDAWzAGyKL1Iu
eC91JaH0HH6VxSHAvhsB2gjaHLQGMVjXsGVo+BUreVJjadN0IWC6lfTeH5PMB+vB9Scmx8EPFnGJ
QWAhZtynxXt2LkWtkXDjgl7XxcsvUGvXMUmeLAq8+3ogCdVGVhCH+M4LbDCBj3EjmSgXop5SGjlo
q0J/ZrMMFJWhP6NV4EQzgjkgaHtMQy5gdorVsnT7y3OAC3qfwj/nefh1+IsyWxIEFWcbSIpcwSB8
LDHthg0gnLVGpWuGpYBREHhLXqHwFd9vACH5BUHCiMGCCrJUClmKyY/eoXVnErL0SMxqzdniJhAi
LNYcycD1+uJ4j128ODlnL09OTy7YwWTy8uT4nE2Oz9jb12c/HZ/tMjiJXbyGs47Z2xevXx6zydnr
w+Pz82E/BHTkYdiOEsdE5HFGmRsDcYEMBnNBIZmk0QRbHWQPtUNIsYVOGUAoFDLMEqnDLAU+IUCD
NSG/9xmbNLLrOaZgkAmGIHkaUZZEIPSuA7nMSDTHa8whWBDQBcPbZ6MtqNVoUNtSBFg3SMkiXKlX
eW3DA5iXWBZrVk1N8Vrs3A1JcW4qzmc898EzBusSnALQ3dIlV0M46iqmroLYveBpRVVKGwlUcBXY
4M5unRP6RliboUyvEfQqpeR3sXbBIXstY740eCgzsioJGywxJJHrlK3xF5LwkuADo46mKV5htucU
LG4lSTIdSaHhLcqzRZ1s5dXqjEHbNNsaRm6UJm/ZBrvDpDrWcV5XlqiyPKOPrtSGHFaLpSzDZK3H
1IEBHqj1dYQnqQsIO8GsOcBP5l4LcHZ+h4AhaUPigxmuwMiKohIYGMo5aG1Wl6UYtHC2NardWpGy
RlDV51CiwVPvldOC3wxo+baosR/yJY7Gi2oBORa/RIzE6RusqEgmv0EoUazliv6iREkec9vGoCpf
KkQ04QDL5QqSrtVo7CiTh/o2jbURRj1JX55cu5CkpU5sc0aVw4CWhxvejgAK1SpQPqL0AJ0sMCSV
JX1+jclrJIdr7uAyJU/JTz0znryudlGACfYLiu6nSX3KDqep+t7YnkoRUJrNs0SWmD4+l0aVOEEu
8IuPTCUZim2yRVJHZWrxRVNsyvT2pK2l+hCG1XxVIvFdNtBbCiTl0cSDsgajUgBF7XUdS7cUsIQM
JefY9FChjxfDoII1ZC+gFgRbekrFHTucvNll+CA8nJiG13EIZk+1goyeDf0B0d9jTl12ryvygqTT
OnfIDkIIVHOeRCPoOWWbEAqwYTUVTMpw/RANrOWI67TXItZuRY5vMKphicmTIUMQbybppC62150i
9hIICu/044XVMl0O1H6vuzlVXlfEH0WjTyzLazUWmPBUyQRluzSPVmq1PENetDNkE3VNwvMZXcBV
y6psgWaMcj5DFkAnILZimVDFgn3oAsCjs/Mc9XSYxHCWbKzxI2SiKNnpxRtCWgBLyLZflQwbeVLl
ejrZXAzrWLMoqwFetUdo2/2hSOm+E/l6xE7r54QaNqFRjqI4GDLKUnOORQCLFyCbEnUH2qB/1g3C
1C5hAaVdEeg5SgKiLgViSNGcwnkhVSpLCTi3VDaKnAi5kKBCneqmjl5TkXR0cn7wDOojqqeqlGwI
A3aFkZJumcoiIUZjVN/UD9v9xprPta+Hwq9me3XT9gPD78eWqmSdQ7ii40z18oVcfUBvTotMJm/l
EToSk6gltcN5lhW0QlH3aqLuximK4/IyK/hVnS1gEx+AoK/L4rFWGw/A6K68LNrU4s1vWZzKBQGS
1PfsnZ/doOfn7OSIbb97c3K0A3oHtwcMcP41qA0Vg+9NgHNgD5eHSj6y/ABvyNa6S8Hb3z17WdNX
/V1r5HuaDO+nUeFA6lWlCPGW1UtJKo3eAL4BPpDwNIsimhaOxdFqcFPF4VohJM9BdxXngpZhpKvJ
f0FQyoAivfKrqlDLQQEEkVKGWXXNQF6zx9QNV5xGphAVHtUsmAN5Omt6lBQvS/qpeLc+6yoW14Mm
Qd+1ciaFe7DIKowekcx1KpiAyGrRYm7H6EhLIaB+3KbkDBefUapuXUyMp0K23r6QxHyB/6AAo8/S
kSvNazsj08LhbtKX7ONEDfsQAxnvQ1UfvYTZ6J8ruAOldjdMngOlkPHa3AFsfTH+NmjM3gqP+kcT
4rSIQ5kzkB8OOgWDwy+qt6QwwyQKZ4hQpk7aaVIbLTUp4+BBIBJBnYI0b5o1iS9hCuyTKRIlHFif
0TeuZByDKTibS2qtIAfeX5QyJRPYAUqjhjZYi0aydnJUtPjCMI2al9SYvMHasKmWnOoyR37vvq0k
oDdgBnsCMPFx10aR62WtRpfD28pUweuax9TNQjKBVk9a0TJbVkntNmoH8z2do9KGaeCE1AYhlzQT
ZlyMXFASqAYDR9RC3p4qdXDdkZprOSwrBWVZ+FHFJkKH66CHnjnA7wz3hprA0B1WTx60cjrEg4F8
tqo5cw5625NQhsvFYjmMM0IMoW61wOYQXLnEddagWEPHNKWOs/VxYoHCHJ/NcjFTS4pq/VEus+A/
QnDZ54/wQax5ffQavyo6UElB1gcYvq6F7EA4/dMTOGNBwNcM0NiwdXcA8nQj+WqJzzBJ5dwSKihU
HlfGBJUQPmFAuayVbw5xEV+01/J2ITks5xzcQmBkzxFDXZdCxohEDr3HAONiislQHq1zl8wcvLM2
qJ76aCXbCmpwqG0ottYhTBEkLcvj9Ry3tCr5aqu1jBfrDKKyMRLF89HqMWGgFjGM44S06Kkuqhe4
h+sJ1JH2DLXkPp3vVTKRmpQe0FpLUjSAfKnkWa8azdWgDHF500mo6ICL8NCshVQGxVFDCG+mV7m8
NYPRpl5KkZEX6KnoVOdbjk8Xqj4NSmuOD0upPSyAAKPS1V6tNHkMbBTX9PbYr1S5QNG6S4t875Go
TMxN8m7fMiI2sJLOKcDjMkr9lU1aH7krj1J8pvaxoI6B2m98uX6ZCFUEtOHLeWlcGvqTQqAbWJol
d5sZgSf5NPEHRCTf/6czsO8QuMz2N/Ucx67t3dAbabvmTRjn5S5F4L+psk/eeGmvYEiPxqwHclYL
jLxSJpiA5oIVk19WrvI6CNdtW97csqEIA3QgNwV076yohTaob/eAPcga/8lzCi00FZ3fIUJFshr5
0BoZULHZqgIz2QiIGwh0hep4g0t69Yy6O4h0fgzdykpWdXQe8kv/LE8i04b0G8kl0YcyKW9iM960
7WsY725O1vo+pFucdI9vCiUMIKvYc+Ezw2K6vaeZe7rJ3p48Y4ZmGHhCfR/uqYBwC/uLrAyf1u+3
4ICccIDO91T3dNPoDV45NGzisOoW4iUMgrXDyPU8LsUAb8E91Yg8tFOqeHtq08iM42JCKORxeXOw
GYN6F0dx+RZv89T7y6uloh/G2F+BQa+eErDGPpt095S4pNIYK+6nwZxuI3q4Aiu3OJjpYn0WWnzr
IrxX//To+PnBm5cXLR7pxqECQekDfVntd8rbpy4OtUp4OmXrj/8HKHFn6g==
===END CRASH DUMP===
