PocketMine-MP Crash Dump Sat Jan 29 18:32:04 WIB 2022

Error: Undefined property: leinne\pureentities\entity\hostile\Zombie::$inventory
File: plugins/PureEntities/src/leinne/pureentities/entity/Monster
Line: 193
Type: ErrorException

THIS CRASH WAS CAUSED BY A PLUGIN
BAD PLUGIN: PureEntities

Code:
[184]     public function setMaxDamages(array $damages) : void{
[185]         foreach($damages as $i => $damage){
[186]             $this->maxDamage[$i] = max((float) $damage, $this->minDamage[$i]);
[187]         }
[188]     }
[189] 
[190]     protected function sendSpawnPacket(Player $player) : void{
[191]         parent::sendSpawnPacket($player);
[192] 
[193]         $player->getNetworkSession()->sendDataPacket(MobEquipmentPacket::create($this->id, ItemStackWrapper::legacy(TypeConverter::getInstance()->coreItemStackToNet($this->inventory->getItemInHand())), 0, ContainerIds::INVENTORY));
[194]     }
[195] 
[196]     public function saveNBT() : CompoundTag{
[197]         $nbt = parent::saveNBT();
[198] 
[199]         $min = [];
[200]         $max = [];
[201]         for($i = 0; $i < 4; ++$i){
[202]             $min[$i] = new DoubleTag($this->minDamage[$i]);
[203]             $max[$i] = new DoubleTag($this->maxDamage[$i]);

Backtrace:
#0 plugins/PureEntities/src/leinne/pureentities/entity/Monster(193): pocketmine\errorhandler\ErrorToExceptionHandler::handle(integer 2, string[73] Undefined property: leinne\pureentities\entity\hostile\Zombie::$inventory, string[75] D:\FoxCraft\plugins\PureEntities\src\leinne\pureentities\entity\Monster.php, integer 193)
#1 pmsrc/src/entity/Entity(1446): leinne\pureentities\entity\Monster->sendSpawnPacket(object pocketmine\player\Player#29624)
#2 pmsrc/src/entity/Entity(1455): pocketmine\entity\Entity->spawnTo(object pocketmine\player\Player#29624)
#3 pmsrc/src/item/SpawnEgg(44): pocketmine\entity\Entity->spawnToAll()
#4 pmsrc/src/world/World(1813): pocketmine\item\SpawnEgg->onInteractBlock(object pocketmine\player\Player#29624, object pocketmine\block\Air#117641, object pocketmine\block\Grass#117619, integer 1, object pocketmine\math\Vector3#117552)
#5 pmsrc/src/player/Player(1611): pocketmine\world\World->useItemOn(object pocketmine\math\Vector3#117646, object anonymous@plugins/PureEntities/src/leinne/pureentities/PureEntities#L119#117524, integer 1, object pocketmine\math\Vector3#117552, object pocketmine\player\Player#29624, true)
#6 pmsrc/src/network/mcpe/handler/InGamePacketHandler(360): pocketmine\player\Player->interactBlock(object pocketmine\math\Vector3#117646, integer 1, object pocketmine\math\Vector3#117552)
#7 pmsrc/src/network/mcpe/handler/InGamePacketHandler(223): pocketmine\network\mcpe\handler\InGamePacketHandler->handleUseItemTransaction(object pocketmine\network\mcpe\protocol\types\inventory\UseItemTransactionData#117581)
#8 pmsrc/vendor/pocketmine/bedrock-protocol/src/InventoryTransactionPacket(114): pocketmine\network\mcpe\handler\InGamePacketHandler->handleInventoryTransaction(object pocketmine\network\mcpe\protocol\InventoryTransactionPacket#117526)
#9 pmsrc/src/network/mcpe/NetworkSession(395): pocketmine\network\mcpe\protocol\InventoryTransactionPacket->handle(object pocketmine\network\mcpe\handler\InGamePacketHandler#94121)
#10 pmsrc/src/network/mcpe/NetworkSession(358): pocketmine\network\mcpe\NetworkSession->handleDataPacket(object pocketmine\network\mcpe\protocol\InventoryTransactionPacket#117526, string[99] .............@.................?..................?......@................r)Cr=.)
#11 pmsrc/src/network/mcpe/raklib/RakLibInterface(192): pocketmine\network\mcpe\NetworkSession->handleEncoded(string[85] c.a.L..f.addbd``......\.p....M......v&&L...4..l...l....1......aC.}.......#.8f&L.)
#12 pmsrc/vendor/pocketmine/raklib-ipc/src/RakLibToUserThreadMessageReceiver(42): pocketmine\network\mcpe\raklib\RakLibInterface->onPacketReceive(integer 0, string[94] .O...2..S...M..B...&.)I.j..R'po(.Bl1].,..AW..y...m._..c{.$....S[.....9.TW.>..8..)
#13 pmsrc/src/network/mcpe/raklib/RakLibInterface(122): raklib\server\ipc\RakLibToUserThreadMessageReceiver->handle(object pocketmine\network\mcpe\raklib\RakLibInterface#186)
#14 pmsrc/vendor/pocketmine/snooze/src/SleeperHandler(123): pocketmine\network\mcpe\raklib\RakLibInterface->pocketmine\network\mcpe\raklib\{closure}()
#15 pmsrc/vendor/pocketmine/snooze/src/SleeperHandler(82): pocketmine\snooze\SleeperHandler->processNotifications()
#16 pmsrc/src/Server(1645): pocketmine\snooze\SleeperHandler->sleepUntil(double 1643455924.7638)
#17 pmsrc/src/Server(1034): pocketmine\Server->tickProcessor()
#18 pmsrc/src/PocketMine(301): pocketmine\Server->__construct(object BaseClassLoader#2, object pocketmine\utils\MainLogger#3, string[12] D:\FoxCraft\, string[20] D:\FoxCraft\plugins\)
#19 pmsrc/src/PocketMine(324): pocketmine\server()
#20 pmsrc(11): require(string[56] phar://D:/FoxCraft/PocketMine-MP.phar/src/PocketMine.php)

PocketMine-MP version: 4.0.0 [Protocol 475]
Git commit: 468faa464b2bc5c97f23fafbb71ea61035f6f218
uname -a: Windows NT DESKTOP-BVRHES0 10.0 build 19042 (Windows 10) AMD64
PHP Version: 8.0.13
Zend version: 4.0.13
OS: WINNT, win
Composer libraries: 
- adhocore/json-comment 1.1.2@fc2f76979f0a44a5f5bc2a2b600d0762fe0e78e7
- brick/math 0.9.3@ca57d18f028f84f777b2168cd1911b0dee2343ae
- daverandom/callback-validator unknown@unknown
- fgrosse/phpasn1 v2.3.0@20299033c35f4300eb656e7e8e88cf52d1d6694e
- netresearch/jsonmapper v4.0.0@8bbc021a8edb2e4a7ea2f8ad4fa9ec9dce2fcb8d
- pocketmine/bedrock-data 1.5.0+bedrock-1.18.0@482c679aa5ed0b81c088c2b1ff0b8110a94c8a6c
- pocketmine/bedrock-protocol 7.0.0+bedrock-1.18.0@040a883a4abb8c9b93114d5278cb5fecc635da82
- pocketmine/binaryutils 0.2.2@f883e1cf9099ed6a757a10a2f75b3333eeb2cdf9
- pocketmine/callback-validator 1.0.3@64787469766bcaa7e5885242e85c23c25e8c55a2
- pocketmine/classloader 0.2.0@49ea303993efdfb39cd302e2156d50aa78209e78
- pocketmine/color 0.2.0@09be6ea6d76f2e33d6813c39d29c22c46c17e1d2
- pocketmine/errorhandler 0.3.0@ec742b209e8056bbe855069c4eff94c9734ea19b
- pocketmine/locale-data 2.0.20@a6e4eb22587e0014f6d658732cf633262723f8d3
- pocketmine/log 0.4.0@e6c912c0f9055c81d23108ec2d179b96f404c043
- pocketmine/log-pthreads 0.4.0@61f709e8cf36bcc24e4efe02acded680a1ce23cd
- pocketmine/math 0.4.0@6d64e2555bd2e95ed024574f75d1cefc135c89fc
- pocketmine/nbt 0.3.0@98c4a04b55a915e18f83d3b0c9beb24a71abcd31
- pocketmine/pocketmine-mp 4.0.0@468faa464b2bc5c97f23fafbb71ea61035f6f218
- pocketmine/raklib 0.14.2@e3a861187470e1facc6625040128f447ebbcbaec
- pocketmine/raklib-ipc 0.1.1@922a6444b0c6c7daaa5aa5a832107e1ec4738aed
- pocketmine/snooze 0.3.1@0ac8fc2a781c419a1f64ebca4d5835028f59e29b
- ramsey/collection 1.2.2@cccc74ee5e328031b15640b51056ee8d3bb66c0a
- ramsey/uuid 4.2.3@fc9bb7fb5388691fd7373cd44dcb4d63bbcf24df
- rhumsaa/uuid unknown@unknown
- symfony/polyfill-ctype v1.23.0@46cd95797e9df938fdd2b03693b5fca5e64b01ce
- symfony/polyfill-php80 v1.23.1@1100343ed1a92e3a38f9ae122fc0eb21602547be
- symfony/polyfill-php81 v1.23.0@e66119f3de95efc359483f810c4c3e6436279436
- webmozart/assert 1.10.0@6964c76c7804814a842473e0c8fd15bab0f18e25
- webmozart/path-util 2.3.0@d939f7edc24c9a1bb9c0dee5cb05d8e859490725

Loaded plugins:
Alerts 1.0.0 by hachkingtohach1 for API(s) 4.0.0
AntiInstaBreak 1.0.0 by PMMP Team for API(s) 4.0.0
AuctionHouse 2.0.0-BETA1 by Shock95x for API(s) 4.0.0
BuilderTools 1.3.0-beta2 by CzechPMDevs, VixikHD for API(s) 4.0.0
CraftingTable 1.0.0 by hachkingtohach1 for API(s) 4.0.0
DevTools 1.15.0 by PocketMine Team for API(s) 4.0.0
EconomyAPI 5.7.3-PM4 by onebone for API(s) 4.0.0
FCCore 1.0.1 by hachkingtohach1 for API(s) 4.0.0
FormAPI 1.4.0 by jojoe77777/DragonfireHD98 for API(s) 4.0.0
InvCrashFix 0.0.1 by Muqsit for API(s) 4.0.0
KeepInventory 1.0.0 by NhanAZ, KhoaGamingVN for API(s) 4.0.0
MaxEnchants 1.2.2 by Xenophilicy for API(s) 4.0.0
MultiWorld 1.7.0-beta3 by CzechPMDevs, VixikCZ, fuyutsuki, kaliiks for API(s) 4.0.0
MyItem 1.5.5 by hachkingtohach1 for API(s) 4.0.0
NPC 1.0.0 by hachkingtohach1 for API(s) 4.0.0
Netherite 2.0 by Wertzui123 for API(s) 4.0.0
PlayerStats 3.1.9_BETA by hachkingtohach1 for API(s) 4.0.0
PureEntities 2.0.0 by LeinneSW for API(s) 4.0.0
ShopGUI 1.0.0 by hachkingtohach1 for API(s) 4.0.0

----------------------REPORT THE DATA BELOW THIS LINE-----------------------

===BEGIN CRASH DUMP===
eNrtPIly28aSvzIluV6kCgnhJsCsvZYlOVbFOtaio2xCl98AGJCIQIDBIYlO5d+3u2cAApTkI9Gr
pLbMiiNiMNPT94UBf9+K82LBq/fXoiiTPNsa24OtKlmIrbHh2pbtOL5payPb9wZb9VLe8EfaSB95
hud7MO5YzmAr5WV1VBR5sTX+fataLWHWFl0f3YYClgHgwdZClCWf4a23WSTiJBMRWxb5UhTVasxS
kWSZmE6XdSFEViVVIsrplL6tptN5XlZJCrd/zhdBIsbjJ0l2DTfzYgWQ4zpNX8JtAH04nk5f5rcH
BY8rAJbWsyQDOOcA9aiFWhbhdPrxDU/yrKxEoS3nS9xAAlfg9rrQ9gDYnoS11wW1JyHtKUAAJAWK
ga2+BRwueAjff9na1tlfALoDwHbHbJmHV6JaJEiNQK7PeRalophOSQaTvJXCK3ljPJYzdpKsEjNR
MHPAyqpIstkvI+sde1TxrCE779h/QDoD1hCBzAA2bxtsuUD+4T/FLwK+2jFs2939FC0K9vBZKbLo
YslvsnOO/N3Jg19FWPW4vUz5Cvl8Tn+3Td81bcLB/AgOjrMpM7WznAEb46aT/Is2tDobJpVY7BHm
R7PZjm1/3nb7abpDoOwOqJu8SKO9S/z/juEZm9qGO02nzVbDZ3l2DMIA5a5epDDtcykYsHsmBghh
Ot1Pim3DGLm28bFZ3xe8LGme4Xc04t4l4O7m0+mPMJwXFq5xHJMIdzqESzT3JJY7hmsYG6QTZ6ZT
Ys3wWV2KY+DFWbbzORu6tttixrM8Wy3yunz+RY6gO2n7tWH4RAiy8suJv3fi/XKqiloQr9wOrzJR
ATeu9hbhUuwp37N3nH3PF0KajnI7O5arb3Cxv8vwWfIp9bmfl39S4KM/Q4RpblqBWgobwVpwho33
vWf18Jm8+1bqy6TgWQnkgmu+j9gNwOCNqzzM0+kUQyy4rNbJTqd3AR7yihOxnkHEeopYWBLlxd56
n71ARAVcDRv4xI/jBnYHpHKEhmH/dQ7cB/+LePAwgtIUXKLaf0jEp/LiApIS3NnynY/T9DkbN7R9
Bh0fY9G2bxumFJqhfy7+jvdx/PvzG0xRSR4Ob3+e923U9/13TOt+nmubn//WHhq6M7fYPSieapIz
xkOcKfhVmgR7b/jV6ySgeBRDtgW5kvlnOHSUhXkkoh1FjwdZTKhx7bWmxRqPoiD6978lbtOptsS/
J/Ly+l//gjmarWmpJv9phrzDD7Q/FD3bmhfDNEmQ+aCBSoqGyVJSKymb5GDzxWReCB6dyNT6jQhF
Apn8jv0JUiXA6XSDRxjApRgVpDZB1NcCtUGgZ4C7qWkXktwX8Odf2u6x9qumvflmme9oL1LjnTbQ
tP1LTVvB3YX2XtPC37UnSPTFL0S7r00utWea5mmKfutLBWoilQ0pwItrtCdgUkPXRzj0BZb6AK+2
DU96GMN+UG5llucfBBF0kQoBqXQTRIxPBZEHJfQZa34P07yE/OAPmc8Zzp9A0NvUIDkVkr3ePMAH
Qgfw9jSvkjgJOXqCUu3bzREuSDyQSNnOZwIu8fotpDjpTpTXQSpYtyJ1LU9uMrpnE93aDFDyzvBZ
lYRX5xLjvFBoeh0I57TmBNbsWLrxAJD370OsEYo6bL3mC16KA6iCy9c5jzBdujcRqYEYCNsnPMle
5zOwq22rtSvD3CyP2lum/mDlJCnwH6DA3GSDNBJJt6lCyw6ltoX4rU4K0bg5x33HlnNejPf2Dsd7
zcYd4MOTcw0nbOyJFdnu1rs/Blvib2wHPGq1DrRISO9hjzy9FguYC+AjYFdYbTV3YaS7EYxj3EAG
GJ4NNxl8lqDGScjiOqOIyUpgGr895AvgQ7nDi4Kv2JNIXu6yMbvOk+h3gGR4joKAnzgHhxbOd5qZ
jJfsScKePmvW7so1bmcNfp5U86QcPls0O/7yJHnHnjK43tmJ05xXuw2AQTs3ydZzd78jsKMO2D9o
xFMj8sqHK/zi6w3VkDYAp0C8HcL7pbVM/9kTWQ70SPeNzn5LXgDzx+PN9c1CwtA3GwyszlI1Zfhs
JqqN3GlX1vqdXOgkD47AHpYoajk0HofA9UrsKM4k0YBhwn1Rwe3Lgi+X2FZJxYyHq50JqPxBDhpZ
VDgKOx6DWvEMghbsFYL82qWT/BTxV0AbJSYscc4xtWx2dnd3BxiDAWgFzkMUx1E5Hh+f/nh0Ojl7
87+7inC7KwjfadjgPqR+/FqcvpjsIL8P8sUyr7NowmeS7V0xP8mCCjSl5X6zTu7qNfv43SWgOrDk
l3c4x9T13i1+27ll9FV7B1WZ6d+hSv8Xs79j3377JCGNNnVzU6NhE6XFmbhhhxQmgIKdB9XX1K07
MPjtR2F0zQVg/PG1e/e1e/e1e/e1e/e1e/e1e/e1e/e1e/e1e/e1e/e1e/e1e/e1e/e1e/f/o3vX
tLRK7F7tgzgr+pZxPP3TDAy22iNDW4amazqM8Lqa50WJpfGch/MrwKXK8ZuBQPkywTs2TYZrkXHQ
i2hrjGnpYCsC/ckiXAz3yjyuDrsDC04ttg2wUGAQNs1f7NuBCLEXd3YxuTx78/oQhm5EUEKtg8ur
alkCV254Fc7LeVJpN0IE6UoL88Uelvb7oLHUq3kBbueqS3X/xieoPz85OWcTwRePRfdysVgCkT0k
pCp+imSiqqYY/wrqFNGlqTvcpchEVIcvjib7Rp+uiznoiu/c/jWyto7AAvPFav/8eGtNYqlgT6dc
4jVHvIDoPpafJPZFnaRgxJM8T7tq2xvui88CYgNRcbNP7MEHEc7PTw7FNS74MblNrl4dPpZAQwS+
XEQAHMpgiVuFuE2nG5h+lkLPkmpeB6TGHbT3eqCAN+QHwHwmiHCHOf3xf4hp95DauPwcvgBbgL1J
GhYrrVxVotQg4u5FvJwHOS8isnfg0qaitEN9NhjOHSNv/eajmnqz/3TawUQRezHZfzN5e/4pFVhj
ttfCAGI7ZrcmtzPYJdjRRpo1PD+x+zTnmQjg32PRqsBNp0JiATCn0x5GnzT3lwcHedHVZTWwqcTG
36PEEpvm72Op7cu8WPTF2Iz0ybY3dfbX/NdcjPCzd1jwWZ7FkDa8OvS9x2LAegPMeAin9svniBNq
UzD0cv4yue1Q1x3tUqjfFexJ/RuAeyxyFgSNejUhIhAnEJ9klvg51PwASXBbbXfo6Y9/wt+eQrGz
/zOM/TDP+fcccsHZj6ePRaAEPp32MPq8zOIex6NQBcpP+C3U3nDZyx27o32qTW0j+v4ksnw5T9Ik
XD0WrR2QSGGLSu/ic8R6UqdVQr3jLm3rwT5pI5VeWJ9MLw5+psPsq7oq66sEvl/xNEmuyv9I0rFA
fFUfvIf7X0k4OoCQTyvsanZ5JAf6/HE05+/xzRKb5u9j+ebT84MOxXj1D8mnAJUvM+wHq6RTUc1F
QZPXhLZjG5VEn9hLSHM/1IlhWo9F5xoiNQElEn/ag62h7a0pApLlI46Livf8WXe0S7alGZr/Hguo
v0fUHbx6F39Z8r0jLh0+9E++bFSSfR68pudhF5ePRfz9z4M3MPqy/LlBsfecDsmH+nf5/dtu3tWM
/ENsXKHTfnkcp4ZHoHgBBFdis/RpOklEwW0lMuQBqYZMy7c8TNEw9AUhPsnrjoQ8BYpgbXcsX7yP
8gow6I2qQ2TrgbpIu9cRr3r34yTFY1ydkdli2b2cA3nd6wSKjuvuwK8lybK9XgSyudYby6Fml3mo
QfkLHvIBgqLupGXY58MbEaeCWhrd0ZI4WvaHoqRedEcuzl/3tl+Vv6UZbqa+sfZWlV+JLPnQZ8Ht
raIa0cW0ecUXKRmpSZcfkqUsdX2KyB/SJOguh8vbRZ/rOaJn6rplGKYPA+eHZz3So/w9obY5CENJ
X2A5KHdZ9iZeJItlKn466dG8gQFc4vOBDToX6Q367d7gsqInCchhW9nn+XxD9+Z1dkVdXpOYZBFX
klmQZBzTd3DrpuYiJ8S1SKNATUJQYDvLKlcDpmRWBIKWaon8xlnrZu779V6d+3hwMcnivKe30R2R
Jz0tIVZa3aFCgHmgHc5qqYsN/J/B3NjZeQi+osN8tO75Uu2LO4pMFDztuveuuaMp81Ks3xht+Ult
rK2xqVsmsK18D15laxzztAR31jx93BrbIwf2SNC+bdeLObddOzCD0An9UWxaMY+DYGQI7hq65cRu
bBoewK4VKpdJFuU3JTudsMOjix8mZ+fDFz++eXV0oTMDsGCEAzN83TbZTjPZ0HfZ/smhi80MfKGz
w6sPggzIbtVkvnyfo0wuj09PJ6iYeHFDuUSIZ+RKUbwH4Ra8UCGQR/Mcj/TtoccYwhx1PtRAn/A8
Ds145PojP9a5bXMndoLQ5Gbg6nqkj1wzFroYeWKE7CuS8GpPOUld8zXrecidUWR4sW56sWfHUFUH
puF6YWT4hhHokRCmZVtckAcEgYD3gfAFfjUNeHg1vIbyATwjnsMFBl5l+U32XP1FbZsVeVmKPSCZ
lxkew7s2UZ2fm7rp+7plhcB/29J1EbiOK0bCE54Xxo4ZGZHr+jbuCn66EKXgRTgn+hd0EBJBkVI8
94Ig1E2DeyIKTGHzkeBm7PHIjrkvQj8KhRmHgRf1jKM90gC4c1Ui6N82g8BXkN5z2zNDd+Rz7ohI
Dzwj1AE5MzDiGK8Mnft26HE3vB/yWh23RojoJnTd1rnnWdzmQeCFfuCDh7Mjxxx5YeDEIgxdy4m4
Z25AJ0extmoTFQDACCOMfd33ReTykTPigB1ohRNY8IH8ygyj2O9DuleEmFdYz1175I1sUCnXDUIO
HHU8zzFtU3hOaFqh6QgvdBy+gVqIj7fSXLlKRA1Y6Atu6ZbvWyKO4sDyw8jSTWEajhs5OoD2TN0H
7dyAlKf5GobuB8IFY41GYKnCsiLXM0Bx/Mj0Q9MMbTc0RsKINrDpnnNsvOhzEY5sM8AtPd1xgwAI
cnTXD20RxyBMf2TZght+0AeV5phGNKqC+aapP+eusIGvpuONhK4bduxGLny3zDB2Lct0zRE4Gi+y
NkHNCBkbkXFD3zBDHeTmOKEHFFiG7okQlH8E6uDGtm6Hun0XwrATaCQo14hHSFQYWyCx0LQBNzB7
k4cRKISncwOswAo3bKD1AwQicm1hOo4TRKbwUeNN2xmBQ3AiWByHhgU4+vGGsmdB1TLX90Kb63YA
muEbjgCf4lmRFeig28AoMEyDByB+ow9h/XVI6ZM06i9w23eOQchoZINhCIt7rmGALo90YcQcbMo1
HTA8A5ydbY8EuI6Ai/A+KHiYosljnvumyV3btoEYNxxFHFwC/udZpqGD7onQHlkeFxv8lQ+umzj/
XOehB74adN4IbcPnRgwcB/sCo/csB/2v4wuTlA8S4VKs0A7WeRw1sJ6H8BnZQjjCMj1IigKwJFsP
HAP0WQjQtyBw3VDnayB1ncjwA54XYoUPPIwDx/I81zfiaGSNQC9sOwoDO3JhdRibdhTj8nm9KDlv
1t917uVqEefZCiSYriCtSIdNCn0NqFokxDDynZE/Ej54H8uLo8gMdMv1LXBwEHcEiFcH5boPFkQM
T29hGc/B3eoQh0RkcB+cAAdoPheGCb4dggdELN107FHwICyjg5dwQSn82IpQz2MIQb7tga0aemiH
FiBlgfH68H9ZxizyD7yo9sC3Qd0ugy5qqOu7djgCbfB02zNs7tkmKIHQQcaR4QQ80GPDA4PqAVmC
xQ3ReZMfQVwi3/LjkYjAZkNQiSDwQ4y5ThjoTgTREHDz9RGAoQqp1S1tRUnqNsMeBAuxyT6rCzpc
wTDFw2PurJdTTbNtNplDIMVXQvAhV8l4IVg1FyzPRAlfeMVCnmV5xQLBkixMa3Ae8IXJQwGaOuuN
tS/AusgXsDJGAJswSx6LAcuxtVEiSBbgs2S2yutCwWJJzBZQe8QJ7QC5Db7okq4Q8Km4acFB1Rjz
Oq1KdpNn31QMQz8vGFS9OTivBEPYCjHEc/SS7pu5yFi9nBU8AgDaNJtmDbDxNGNs+3JOPRdW5fSK
CAMQ6hgF8AAPq2FCHcnbhKr0/gz4mYqK+IWlbCiYDC44skDIwPFQDFOOKfFMjBllpXijnNcV5IjZ
UL2ONGbTLXlShOE5HBFNtwiz/TTNb1ialIhtc+qfXSec/U8tihXO+Q2/DNWtMR22paVHVNirNQzw
Ypgu4ul8YApCC1ZMsRLnyz7AsL3dQXb7EiwGNAL4yqOIQeYl2Y9sxbMxbCE4Hh3CDJQB0wOBSANz
xG81T5Fts+Qa5kJSUQu2ozZlpr6L0OWOYliIJdS1Q2A7HnIZw23a+7ReBMAV0Kr9cpWFE15eMTy/
BHqk0YS3Jb7iA7s1lOK0eZFneQ3Sg+nlgFG/mckKA+1hwDCpLuShPeIN2COOLepMnUeSwC9IvEAT
aFmR3yagYQLYACSR5mYtcshbhdBxjLqKc1AnByypvgH2VQUtiwS+lEQqs7GY7QANNdiNSWwhMoaK
0jGB2tRVTspR1FmG4oywOszp3SFZjpQaOxTX6jtbJLM5GDM+TRp0jU8pDnKkKOplJUclw5AxC8BN
0UXCBaOkWiOSBsHxjSlA+34MUEdQ5yDhT0C7tI6iweShnNRq2jRbCNhuJY3y+zQPQHuwB8XkONjB
IqnQthdixgPqGbELyWqdmJuU9NAel09QajcJcZ40Coz2ZigBNUpWEoX4LBK+MIGPoRBMXAjRbCmV
HKRVo5myWQ6CytFMUStwoxmhOSTUxkxHKmB3csEyI/vHU4BNvY/hP4dq/q/hX1b5klBQ7rNFSYEr
GbiPJUbTqEUId22wMiDvVIiRE7gkq1D4ld88AoZkF4QSegwW1gW+cwaWLm5FWJPzzSXK0iIxWLWz
xW0oRFSuKZKO62xyNGaTV8cX7PXxyfGE7Z+fvz4+umDnR2/Y5dmbH47eDBhMYpMzmHXELl+dvT5i
52/ODo4uLrRNF9Djh+m4ih3nokhyCsjoiEskMJwLcsnEjdbZGsB7SAki8i00ZQiuUEg3S6DwJb8k
AwcN2oT0PqRsUslu5hhZgSfoguQ0giyBgOtdO3IZkWiPM4whGOdpgXZ3NuqC6kiD2JYixHRAchbR
lXKVa1saQL3EslyTaumK1nL3fpQU5ZaifMaLACxjuM6syQHdz10yNURHrWJqFfjuBc9qSj66mEBi
VoMO7g6amLCphI0ayvAaQ5FfSXoXaxPU2Jn0+VLhIXvI6zRqcUkgiNxkbI1/KQEvCX0g1NV1RSvs
9pKcxZ0gSaojIbS0xUW+aIKtXK1mDLuq2ZUwUqMkeUc32D0q1dOOiyZhRJEVsBOqoVLkqF4sZXYl
UzimbgzxRiOvQ5ykFhDuhGZDAb6wfCPA2Pk9DIagDYEPdrgGJSvLWqBjqOYgtVmTbaLTwt3WWA0a
QcocQSWVmsQGpz7IpwW/HVIvtmxwP+BLHE0W9QJiLITXAoHT27soSCZfepJYrPmK9qJYSRZzV8cg
2V4qjGjDIWbBNQRdu5XYYS5vbeo05kbo9SR8ObkxIQlLTexSRpnDkHq9LW2HgArlKpA+IvcAO5lg
SChLenuAyTWSwjV1sEzxU9LT7IyT19kuMjDFMkDB/Tioj+nhNFMH5McqREBqNs9TmWIG+ICSMnFC
ucSXyJgKMuTbZOWj7srQEog22ZThbbsrpeYWutViVSHwARsaHQGS8GjjYdUgo0IAee11HkvPBzCF
jCTlWMtQoo+L8cVciZbGXkEuCLr0lJI7dnD+dgBrAYcA7OsmiUDtKVeQ3rOFPyT4Y+Y2afc6Iy+J
O525GtuPwFHNeRrvQSkpy4RIgA6rrWBThn1BVLCOIa7DXgdYtxQ5ukWvhikmTzWGSLw9z86bZHtd
AGItgUjdQNjEhfUyWw7V9UZ1c6Ksrkw+iFaemJY3Yiwx4KmUCdJ2qR6d0Gr7ply0q7FztSblxYwW
cFWJKl2gHeOCz5AEkAmwrVymlLFgebkA5NHYeYFyOkgTmCXrZTxrL8qKnUzeEqYlkIRkB3XFsD4n
Ua63k8WF1viaRVUPcdWYsO3WhyKjh0hk6zHDxkCIJ15bMqH+jeMk1BhFqTnHJIAlC+BNhbIDadBP
eYKbGhAuILRrQnqOnACvS44YQjQnd15KkcpUAuZWSkeREiH7A8rVqWrq8IySpMPji/0XkB9RPlVn
pEPosGv0lPT8UyYJCSqj+sWMqFtvrOlc23okgno2boq2Z/gmKEhCpqxzcFd0n6kSvZRNBbTmrMxl
8FYWYSAwibWEdjDPoYhHK2xqNdFU4+TFsW2Mv4PQRAv8aYOh+qUIvNcp4wExejIvkzbVk/k1TzLZ
ECBOfcN+CvJbtPyCHR+ynZ/eHh/ugtzB7AEHmH8DYkPBJBDuwTiwhisixR+ZfoA15GvZZWDtP714
3cBX9V1n5BvaDB+OUeJA4lWpCNGWNx0iFUZvAb8hHkx4mscxbQv3kng1vK2TaC0Q4uew35yZUHdF
mpr81VjJA5qr7KouVZdH/loGWbxaM5Rrxkw9PcVtZAhR7lHtgjGQZ7O2RslwWboZigfNrOtE3Azb
AH1fQ0wyd3+R1+g9YhnrlDMBljWsxdiO3pFaISB+/E7BGRa/oVDdWUyEZ0KW3oGQwAKBP83C6I18
MqV5o2ekWjjcD/qSfNyoJR98IOObqKq3tGA3/OGX+7DU70eTF/ibHow36g7INovxb4uNtdHhoffy
0c7KJJIxA+nhIFNQuLIOulyYYRCFGSKSoZMu2tBGrSalHDwMRSqoUpDqTbumyRVsgXUyeaKUA+mz
Ir+p5tKPwRaczSW0jpMD6y8rGZIJ2SFyo0FtuGaNJO34sOzQhW4aJS+hMfnYtCVTtZyaNIfW9IQE
8IbMZNuAJpTKa0Gu21qtLLW7wlTO64YnVM1CMIFST2rRMl/WaWM26gLjPc1RYcMycUMqg5BK2gkj
LnouSAlUgYEjqpE3VqkO9h2puJbDMlNQmgWIrD10tHZ6aJlDfIN2Y6h1DP1hdYygE9PBHwzlAat2
Jv7ayFiiouFrTVqSE8bNLykMwZQr7LOG5Rr1cv1LC2x9n0ggN8dns0LMVEtR9R9lmwV/rOVqkz7C
D3zN2eEZvjw3VEFB5gfovm6ErEA4/SgM7lgS4msCaEzrNP0hTrecr5d4IEkK5w5TQaDyvlImyITw
3ADFsk68OcDevOj28gYQHJZzDmYh0LMXiEOTl0LEiEUBtccQ/WKGwVDebWKXjBy81xtURzg6wbaG
HBxyG/KtjQtTAEnK8n6zxx2pSrq6Yq2SxTqCqGiMQHE+aj0GDJQiunHckJqealHT4NbWG6g73R0a
zn083qtgIiUpLaDTS1IwAHyl+Nl0jeZqULq4oq0klHfAJjwUaxGlQUncAsKH5HUhn7igt2laKdLz
AjzlnZp4CzkZL1WdBqk1x5NP6goTIMBRyWrcCE3eAx3Fnt6Y/UKZCyStA2ryvUOgVIKtg3f3SRCR
gZl0QQ4e2yjSeaFWiereOEr+mcrHkioGKr/xvDfgqpKALvpyX8JBfgWIaAa2LmPqescxe/l6fyIH
sdQQ2Fn7Tp3IGDj+LVCUiYF1GyVFNSCn+53K9OSzlm7TQhoxBjpgreop8lppnfx9Libf/q2Lxu82
lVrRPqUhpwJwIByF9BSsbPg0bJ7wgArItH77JXkT2orm94BQXqxG3ndGhpRfdhK/XOb+4hZ8W6mK
3PAKy6SSCjpwbkECBcpKJnI0D+lN8IXQVEYKaSqSSoIPmVHRumN8/LopVHxOeb4W8QE9rKSndVPI
WrZfFgk7FCEzbWaaY8sZOzq7PH7BTN00cELzRO2pAA8L14u8ip72Hm0y+TQNb8rNh2h7Tw3fsNyN
wWuXhi0cVsVCsoRBUHYYuZknlRjiEzhMXWkzqKdU9vbU1HFkxrGbEImndCUf+rVjahX2b/E5T3O9
vF6qHaIECyzQ6NVTk6A1CtrGu6dEM+XGmHI/la9PFOt8WUSdKfjE/enh0cv9t68nHZroOaHakqIF
mq667mWzTz0c6mTsNGXrj/8Do24Tdw==
===END CRASH DUMP===
