PocketMine-MP Crash Dump Sat Feb 5 17:03:13 WIB 2022

Error: pocketmine\world\World::isInWorld(): Argument #1 ($x) must be of type int, float given, called in phar://C:/Users/tranthien/Desktop/FoxCraft/PocketMine-MP.phar/src/world/World.php on line 1787
File: pmsrc/src/world/World
Line: 1499
Type: TypeError

A PLUGIN WAS INVOLVED IN THIS CRASH
BAD PLUGIN: VanillaX

Code:
[1490] 
[1491] 		if($this->skyLightUpdate !== null){
[1492] 			$this->timings->doBlockSkyLightUpdates->startTiming();
[1493] 			$this->skyLightUpdate->execute();
[1494] 			$this->skyLightUpdate = null;
[1495] 			$this->timings->doBlockSkyLightUpdates->stopTiming();
[1496] 		}
[1497] 	}
[1498] 
[1499] 	public function isInWorld(int $x, int $y, int $z) : bool{
[1500] 		return (
[1501] 			$x <= Limits::INT32_MAX and $x >= Limits::INT32_MIN and
[1502] 			$y < $this->maxY and $y >= $this->minY and
[1503] 			$z <= Limits::INT32_MAX and $z >= Limits::INT32_MIN
[1504] 		);
[1505] 	}
[1506] 
[1507] 	/**
[1508] 	 * Gets the Block object at the Vector3 location. This method wraps around {@link getBlockAt}, converting the
[1509] 	 * vector components to integers.

Backtrace:
#0 pmsrc/src/world/World(1787): pocketmine\world\World->isInWorld(double 1291.5, integer 71, double 1503.5)
#1 pmsrc/src/player/Player(1611): pocketmine\world\World->useItemOn(object pocketmine\math\Vector3#184017, object CLADevs\VanillaX\items\types\EndCrystalItem#135427, integer 1, object pocketmine\math\Vector3#182935, object pocketmine\player\Player#123752, true)
#2 pmsrc/src/network/mcpe/handler/InGamePacketHandler(360): pocketmine\player\Player->interactBlock(object pocketmine\math\Vector3#184017, integer 1, object pocketmine\math\Vector3#182935)
#3 pmsrc/src/network/mcpe/handler/InGamePacketHandler(223): pocketmine\network\mcpe\handler\InGamePacketHandler->handleUseItemTransaction(object pocketmine\network\mcpe\protocol\types\inventory\UseItemTransactionData#180823)
#4 plugins/VanillaX-4.0/src/CLADevs/VanillaX/network/InGamePacketHandlerX(223): pocketmine\network\mcpe\handler\InGamePacketHandler->handleInventoryTransaction(object pocketmine\network\mcpe\protocol\InventoryTransactionPacket#155016)
#5 pmsrc/vendor/pocketmine/bedrock-protocol/src/InventoryTransactionPacket(114): CLADevs\VanillaX\network\InGamePacketHandlerX->handleInventoryTransaction(object pocketmine\network\mcpe\protocol\InventoryTransactionPacket#155016)
#6 pmsrc/src/network/mcpe/NetworkSession(395): pocketmine\network\mcpe\protocol\InventoryTransactionPacket->handle(object CLADevs\VanillaX\network\InGamePacketHandlerX#140384)
#7 pmsrc/src/network/mcpe/NetworkSession(358): pocketmine\network\mcpe\NetworkSession->handleDataPacket(object pocketmine\network\mcpe\protocol\InventoryTransactionPacket#155016, string[56] .......F......@...............v..DI..B~..D...?...?..==..)
#8 pmsrc/src/network/mcpe/raklib/RakLibInterface(192): pocketmine\network\mcpe\NetworkSession->handleEncoded(string[57] c.a.c.b.9.&..i"n.....q:0.......,t....T....a..=.C.=C...+F.)
#9 pmsrc/vendor/pocketmine/raklib-ipc/src/RakLibToUserThreadMessageReceiver(42): pocketmine\network\mcpe\raklib\RakLibInterface->onPacketReceive(integer 3, string[66] ..vx...r...).>)z..^Y.q.}.....].n_-w....#...e.....W.q...n....o.cX.K)
#10 pmsrc/src/network/mcpe/raklib/RakLibInterface(122): raklib\server\ipc\RakLibToUserThreadMessageReceiver->handle(object pocketmine\network\mcpe\raklib\RakLibInterface#109475)
#11 pmsrc/vendor/pocketmine/snooze/src/SleeperHandler(123): pocketmine\network\mcpe\raklib\RakLibInterface->pocketmine\network\mcpe\raklib\{closure}()
#12 pmsrc/vendor/pocketmine/snooze/src/SleeperHandler(82): pocketmine\snooze\SleeperHandler->processNotifications()
#13 pmsrc/src/Server(1645): pocketmine\snooze\SleeperHandler->sleepUntil(double 1644055393.7585)
#14 pmsrc/src/Server(1034): pocketmine\Server->tickProcessor()
#15 pmsrc/src/PocketMine(301): pocketmine\Server->__construct(object BaseClassLoader#2, object pocketmine\utils\MainLogger#3, string[36] C:\Users\tranthien\Desktop\FoxCraft\, string[44] C:\Users\tranthien\Desktop\FoxCraft\plugins\)
#16 pmsrc/src/PocketMine(324): pocketmine\server()
#17 pmsrc(11): require(string[80] phar://C:/Users/tranthien/Desktop/FoxCraft/PocketMine-MP.phar/src/PocketMine.php)

PocketMine-MP version: 4.0.0 [Protocol 475]
Git commit: 468faa464b2bc5c97f23fafbb71ea61035f6f218
uname -a: Windows NT tranthien4-8sin 10.0 build 17763 (Windows Server 2016) AMD64
PHP Version: 8.0.13
Zend version: 4.0.13
OS: WINNT, win
Composer libraries: 
- adhocore/json-comment 1.1.2@fc2f76979f0a44a5f5bc2a2b600d0762fe0e78e7
- brick/math 0.9.3@ca57d18f028f84f777b2168cd1911b0dee2343ae
- daverandom/callback-validator unknown@unknown
- fgrosse/phpasn1 v2.3.0@20299033c35f4300eb656e7e8e88cf52d1d6694e
- netresearch/jsonmapper v4.0.0@8bbc021a8edb2e4a7ea2f8ad4fa9ec9dce2fcb8d
- pocketmine/bedrock-data 1.5.0+bedrock-1.18.0@482c679aa5ed0b81c088c2b1ff0b8110a94c8a6c
- pocketmine/bedrock-protocol 7.0.0+bedrock-1.18.0@040a883a4abb8c9b93114d5278cb5fecc635da82
- pocketmine/binaryutils 0.2.2@f883e1cf9099ed6a757a10a2f75b3333eeb2cdf9
- pocketmine/callback-validator 1.0.3@64787469766bcaa7e5885242e85c23c25e8c55a2
- pocketmine/classloader 0.2.0@49ea303993efdfb39cd302e2156d50aa78209e78
- pocketmine/color 0.2.0@09be6ea6d76f2e33d6813c39d29c22c46c17e1d2
- pocketmine/errorhandler 0.3.0@ec742b209e8056bbe855069c4eff94c9734ea19b
- pocketmine/locale-data 2.0.20@a6e4eb22587e0014f6d658732cf633262723f8d3
- pocketmine/log 0.4.0@e6c912c0f9055c81d23108ec2d179b96f404c043
- pocketmine/log-pthreads 0.4.0@61f709e8cf36bcc24e4efe02acded680a1ce23cd
- pocketmine/math 0.4.0@6d64e2555bd2e95ed024574f75d1cefc135c89fc
- pocketmine/nbt 0.3.0@98c4a04b55a915e18f83d3b0c9beb24a71abcd31
- pocketmine/pocketmine-mp 4.0.0@468faa464b2bc5c97f23fafbb71ea61035f6f218
- pocketmine/raklib 0.14.2@e3a861187470e1facc6625040128f447ebbcbaec
- pocketmine/raklib-ipc 0.1.1@922a6444b0c6c7daaa5aa5a832107e1ec4738aed
- pocketmine/snooze 0.3.1@0ac8fc2a781c419a1f64ebca4d5835028f59e29b
- ramsey/collection 1.2.2@cccc74ee5e328031b15640b51056ee8d3bb66c0a
- ramsey/uuid 4.2.3@fc9bb7fb5388691fd7373cd44dcb4d63bbcf24df
- rhumsaa/uuid unknown@unknown
- symfony/polyfill-ctype v1.23.0@46cd95797e9df938fdd2b03693b5fca5e64b01ce
- symfony/polyfill-php80 v1.23.1@1100343ed1a92e3a38f9ae122fc0eb21602547be
- symfony/polyfill-php81 v1.23.0@e66119f3de95efc359483f810c4c3e6436279436
- webmozart/assert 1.10.0@6964c76c7804814a842473e0c8fd15bab0f18e25
- webmozart/path-util 2.3.0@d939f7edc24c9a1bb9c0dee5cb05d8e859490725

Loaded plugins:
Alerts 1.0.0 by hachkingtohach1 for API(s) 4.0.0
AntiInstaBreak 1.0.0 by PMMP Team for API(s) 4.0.0
AuctionHouse 2.0.0-BETA1 by Shock95x for API(s) 4.0.0
BlockGenerator 0.1.0_beta by BlockHorizons, Chris-Prime for API(s) 4.0.0, 3.0.0
BuilderTools 1.3.0-beta2 by CzechPMDevs, VixikHD for API(s) 4.0.0
CraftingTable 1.0.0 by hachkingtohach1 for API(s) 4.0.0
CropGrowth 2.0.1 by NhanAZ, kaidoMC, YTBJero for API(s) 4.0.0
CustomItemLoader 2.3.1 by alvin0319 for API(s) 4.0.0
DevTools 1.15.0 by PocketMine Team for API(s) 4.0.0
EconomyAPI 5.7.3-PM4 by onebone for API(s) 4.0.0
FCCore 1.0.1 by hachkingtohach1 for API(s) 4.0.0
FormAPI 1.4.0 by jojoe77777/DragonfireHD98 for API(s) 4.0.0
Gems 5.7.3-PM4 by onebone for API(s) 4.0.0
HealthTag 2.1.2 by Shelly7w7 for API(s) 4.0.0
InvCrashFix 0.0.1 by Muqsit for API(s) 4.0.0
InvSee 2.0.1 by BlockHorizons for API(s) 4.0.0
KeepInventory 1.0.0 by NhanAZ, KhoaGamingVN for API(s) 4.0.0
LaunchableTNT 1.0.1 by Vecnavium for API(s) 4.0.0
MaxEnchants 1.2.2 by Xenophilicy for API(s) 4.0.0
MultiWorld 1.7.0-beta3 by CzechPMDevs, VixikCZ, fuyutsuki, kaliiks for API(s) 4.0.0
MyItem 1.5.5 by hachkingtohach1 for API(s) 4.0.0
NPC 1.0.0 by hachkingtohach1 for API(s) 4.0.0
Napthe 0.0.2 by hachkingtohach1,tungstenvn for API(s) 4.0.0
Parties 2.0.1 by Didah (@Diduhless) for API(s) 4.0.0
PlayerStats 3.1.9_BETA by hachkingtohach1 for API(s) 4.0.0
PureChat 2.0.0 by Vecnavium, 64FF00 for API(s) 4.0.0
PureEntities 2.0.0 by LeinneSW for API(s) 4.0.0
PurePerms 1.4.5 by Vecnavium , 64FF00 & ProjectInfinity for API(s) 4.0.0
RedstoneCircuit 3.0.0 by tedo0627 for API(s) 4.0.0
ScoreBoard 1.0 by hachkingtohach1 for API(s) 4.0.0
Shield 1.4.0 by JavierLeon9966 for API(s) 4.0.0
ShopGUI 1.0.0 by hachkingtohach1 for API(s) 4.0.0
SimpleHome 1.1.0 by CzechPMDevs, VixikCZ for API(s) 4.0.0
Spyglass 1.0.1 by ItsRealNise for API(s) 4.0.0
VanillaHopper 2.0.1 by ColinHDev for API(s) 4.0.0
VanillaX 3.0.0 by CLADevs for API(s) 4.0.0
_NewAlias 1.4.0 by Javier Leon9966 for API(s) 4.0.0
libEasyUI 1.0.2 by GiantQuartz for API(s) 4.0.0

----------------------REPORT THE DATA BELOW THIS LINE-----------------------

===BEGIN CRASH DUMP===
eNrtPYt228aVvzIr9TRyS0J4E2BXWcmSbKuRbNaSa7dlVmcADEhEIMDgIYnOyX773ntnAAKUbMmJ
usk5a5/YBAYzd+77MZhBftqK82LBq8trUZRJnm2N7cFWlSzE1thwbVt3HMu3tJHrGaPRYKteyke2
ZZvayDB009cdc2TBmJSX1XFR5MXW+KetarWEXlsX8CPbBlsLUZZ8hq3LPLwS1SLJxHR6kxdpNJ2+
x5/xOClPMrrceTZmB8WsXoisYtsG2/nD7TO2qMuKBYLlMUP4LMmqAYvTnFdsllyLbMBCnqYiggds
OefFeHf3cLz7rgTCdquCZ9U8EdnukSivqny5+yK/PSx4XO1OCJ0zQGd4NtFw4G5ZhLuE2S5hA41L
lmcshT7MGHkjICeu0/RFkhI9Tz0XglegF/h4ows8RkxAQLbvg7AKHsLNv7a2dXZv/x1EGRj6Kb4P
v13zPcrrIAUiTd/QnAGyWMxEwUbGgDWPHN3SnGeABMhlPd8y5StR7E7oZ8dwDeOzM9alOKnE4k22
kwc/iLDqdQV1nE+nf4fmvLC2Dc/WjdGAqY6HpwdH4rqE5zxL0pR/mE4TgAQNqBTwc5xFh8WqrHiK
M2wblmObozUpRgvpc1OavuXc21HSOZ1KQrcN0xo55oBVRS2IJ2aHJ5mogOqr3UW4FLtznkUpcOgk
e8kXYsIR5CvZtmO5+ga3+tOAhAB7kHP1PIVOj+fZlxNNRFi/hAjTtDaIUENhIhg7narB0+k9o4ff
yqfvpF5cgAmVQC44pPuI3QC8LPIqD/O0VYEkA3cARK2m07sAj3jFgVjdA3yRWJst03qWZOVuo1FD
W9OJdqVr7YOWGfdQ8OFpGHDSoP5LWXAfADnTtuE4uuES0Y6SMPSN8mJ3DXk3EFEBd8MGIjHi00B3
DMMGqu+xyhbD+5j1f0yu+ymFfi1vziE44cyW73xehI+ZuKFt59Me67O82TZs3fJsQnz0WMQd7/OI
9/s3KKItKDk+KdMHrKyKJJv9y3G/Z5r880L+7Gv9P9eadnSiac//B37h9r/k3709TSMGeJ9iQMGv
0iTYfcuvTpPgBN1jDHFwx/DNX8KI4yzMIxHtNGiPvmehxrVQCzRf+6OmJdOtjND9cawrxAcV/nuB
/3BAWDvU9g7h+s8vJOL+Jy1MYj5MlpIqScFFjsnDxbwQPDqTqdJbEQrIa4od+wGSJMDpdIMXw28b
qShIO004sFr5uCSf61tAvIC/z7Rvn33UtP/+h/aj9jNR+b2WXQ5v8Gob/gpqew9PNY34kWvhB+07
mQ3oXyoqE+lqkAfqr9E3AlsaSj7Dk00b+3LuAL6+PVKJjPFJYZVZnn8URNN5KsRSFE28Mx5y958U
yyPG/BSmeVkX4ucdiaD5CxD0NtVGdp1O+/0AH3D4wN7XeZXEScjRmks1bzcTOCcJQW5nO48EXOL9
u6xK0jax7NQUjqe4b98ziW7ZG5PIJ8NvqyS8mkiM80Kh6XQgrHPsHUs3PgHk8jIEIiFrC1vP95yX
4hCqmPI05xGkdua9OVMNxIArP+NJdprPwJi218ZkgTEdjinnKDAfbeqA6VQVAtNpUwlMp+0o2/6C
USpVmU4l3e4n6DY3mSetS3FLBZUdytEL8WOdFKLxfJ7+/RMUT+tmrGeebX3/82BL/D8qDh9bvQFb
pEQvIWXN02uBNMHIJItAJmG11TyHtiZ7gDaMVchJAKHDE2iBKwOuptUUbHjnD0BNCeZ3tTpNZvPq
3TLilWD/sbfHMihbn/0kB5hqwLRS/aG2BxWAiyinOuO8Nx4BVryoLqjXzrO/SCjWJpT+rMNvxa0I
60q0A+zPD2ASSdXZ+QU45ssNFF0F5Gd5O6JbdeO1/POpeQluKglZXGeU1bC11oFGsT/cUk3F/rBS
vx+fsTEL8jwlnjq6rqYqRFUXGduRrcaailv2n3vsFPCryvH45PWFZV6eHXxg4DEBOPv2zrOT1/hM
gukIbMX+kymOLPjtP+T4FY5vWpPsH+uRHSF9/AwCH+9FQIJoxCaZ6ujOmouO7iouOrpk7u6f/iRv
Pbplf2IvRVWyai4YSa3xrGCd2KZKUAaPKPpo7AKIYAtRzfOI3RR8WTJe5DXg+NM+WM8VmwlZCh9U
P4Nl55CPFhWIHKHJif1m4muCDX0WyzwD6wIs8qYuLrWtn78uoHxdQPm6gPJ1AeXrAsrXBZSvCyhf
F1C+LqB8XUD5uoDydQHld7aA0iwElFj3H4ByVHSVcXwd3zQMttq3+FuGpms6tPAaiqiixPpmzsP5
FeBY5XhlIFC+TPCJTZ3hXmQctCzaGmM+PtiKQBuzCAfDszKPq6Nuw4LTwsQG2OlUYtP84oIHKAR0
nLw5v3j/5u3pETTdiKCEsgOHV9WyBG7d8Cqcl/Ok0m6ECNKVBiXbLtZnB6D/J6Br/Dn4sasu1f0H
D1A/OTubsAvBF09F93KxANXqIyEV+yGSiaqaov6rHCq5Lk3d5i5FJqI6fH58cWD06Tqfg674zu2v
I2vrGOw5X6wOJidbaxJLBXs65RKvOeIFRPexfJBYqrpeigxKsEouAipyNx50CdY1EOJlICrep5eG
vMqL5CM4IHh0OC+ScjgpcGPKJgsGW9avkXBvqum0j+x0Kv3co+ivkxS6XuR52jXbXnNffQHvIdJu
9ok//CjC+eQM02F48PfkNrl6dfRUCh0i8OUiolw7kLhViBuQ3sf0UQY9S6p5HZAZd9De7YEC3pAf
BPdxgQh3mNNv/524th5SG7eP4QuwBdibpGGx0spVJUoN8pfdiJfzIOdFtCsZki9fFvlNNe9xo23c
9Aob/uA1JHYH/4S2K55E+dkhXP3j4vlfRZE/FVfkDEh9g9Pj3N49iqGQRarrssoXuNSgzKpD++aj
PgesTQ7w9DrJdMvwn4rgFiDQvIHL3ZbH+AMwhE1f0Db1Nd1w7sSxNjV40mjWzI9Z0/WGnZ9fHLy9
eDd5SJhrzHZbGEBsJ7Ksye00dgl2tJFmDSdndp/mPBMB/H0qWhW46VRILADmdNrD6EEJvjg8zIuu
u1INm37K+G38lMSm+X0qz/QiLxZ9MTYtfbLtTZ39If8hFyP8s3tU8FmexZAxvzryvadiwHoCTPYJ
p/biMeJ8KRZdY6Tb31AvX9J6vMLiQeRfCZ5W8ws+61Cwbus7S0MzN9NHkaar0c3oqYgoG4DTaYvE
49Pik+wagmo5f5HcdqjptvZzxDsWdlb/COCeipgFQaMF8RARiJPbL8n7AO9zIfqEYMMDIbyf4j4R
KRvJrMTkS4j5Tohlu3DZoanf/kCi1mYn381z/pLje9q/v37qxKSH0RPkJqe8zsI54nPx+qJDeb/9
Adf/dxFm/DqpnyxitwBBiF1ENm4fI9ozfnuMI7LeqkK3tU+cuelFPogsX86TNAlXT0VeBySKsEWl
d/Mo4uq0SuTeiw5t68Y+aSNVeFkPFl6H/6RzAKu6KuurhBLuNEmuyn9LObZAfNUr4B7uv6YU6wBC
Pq0wie3ySDb0+eNozm+T0khsmt+nSmleTw47FOPd76TSBFS+zHN9cv3sNV/itogOlbJhM5CanyV0
UNXZrKxEdp39+2gmxJrfx9j2hBdVIrpOq2l5IMQeJRGfs519+K3nqSjLZ09FVdRAnE6XEpfpdI3U
l5prix9RS5sZzivec9Pd1i7VUBdr/iWuGP42GtzBq3fzqxV6UhficM6rLg+apjtLpp8KwoMt137x
Qte/iHyaZyKKBTn5jRXUF/I9bjkpcoD+ATxPXpeT42HT3llXvZRzA1sU3uurR2k99D3OqmRT9bvN
DzDiVCRZJs7fP5X0U4IHKg84CIWDJKqD0ZctJzQo7vagKPKlEPq0y7bNUtT5hAawAZNSYH9kIDJ8
UXUCdWmWVE+WwvTETNh1Lh8j6LciKiuoCA+TIqyTrsJvPukb/h1xVyLKddd8siKvgTedFgqRUCIy
nd7F7EEyz8O8EM8xJnco7DRuhOTfxp2t8ele/2pndj5PRC8zVQ0PrKj8FXRYFKciz3zfdZ+K6D5U
oJNwaX4fJcp5vnz57qRHj2z5neRVCp324qkSyfNksUzFq3zRzbQ6jRvLupvk319f/DsqiZJwmgNO
wIMufr+mkjhf8DSdqG2AHajImOVqhrsCumxpmh4omU+q8q3g6eukfLIltg5IIF/h8fjlKbUD7VW+
XPZeUfTbH8g9D/M0yV4B356KqBZgu0VOIrJx+0tk3KK6Jv7DXbo/PBR/1Ba+JyP47o7ADiYPSvHy
tbg5SBPe1cl126M8L/t3u17CRf38AsH1we1KMD/j2ZPgmJernodet23a40ZJ+DLhWfW3GoqZj09F
tpx4Om0ReEB4eGKGF4B3JTZfhzUbaAiVW6hUS8q6gU75qmbLQ1PEdZ0gxJ3b3ZaQp4AajO225YvL
KK/A1fda1fGldUNdpN17PIfSvY+TtBI9wLPFsns7hzjSvU/wPEO34YeSBNLeLwK516jXlhdVu20C
xVZWHAmKup2WYZ8Pb0WcCipOuq0lcbTsN0VYM3VazienvelX5Y9phpOpK9Y+qvIrkSUf+yy4vVVU
I7roHld8kZK3NOn2Y7KUcdKn/P0jqGh3ONzeLvpczxE9U9ctwzB9aJgcvemRHuWXhNpmIzQlfYHl
oKVl2esoI9qHsx7NGxjALe6z3KBzkd4UyYb8lxXtyEQON9tUJvMN3ZvX2RVtlTOJSfIddzILkozj
4jv4WFNzkRPiGjKzQHVCUJCkLKtcNZiSWREIWqqlrlKP9d62y/Vcned4hC3J4rynt9EdkSc9LSFW
Wt2mQoB5oB3OaqmLDfx/grmxN5MQkrIO89G650s1L85Im23Sbp3XNXc0ZV6K9bdrWn7S7pWtsalb
JrCtvITUZ2sc87QEv9Rsw94a2yMH5sC6ast2vZhz27UDMwid0B/FphXzOAhGhuCuoVtO7Mam4QHs
WqHyPsmi/KZkry9Yu8HPHnplkjEDsGCEAzNGI9diO01nuX+Smbixnh2cHbn4RhG/+dJh2kdBlmS3
+jJfXuYonPcnr2k9n25uKGOhc02lKC5BygUv1IIAj+Y5lii76DqG0EedK8TE09yPQzMeuf7Ij3Vu
29yJnSA0uRm4uh7pI9eMhS5GnsCTjEGRhFe7ylvqmq9Z+yF3RpHhxbrpxZ4dj0ajwDRcL4wM3zAC
PRLCtGyLC3KFQCu4IYhHePoy4OHV8JqnSSR3gQEnr7L8JttXv6h2syIvS7ELJPMyw3Nz17jBQ983
ddP3dcsKQRC2pesicB1XjIQnPC+MHTMyItf1bZwVHHYhSsGLcE70L7hM1rauSTv2vSAIddPgnogC
U9h8JLgZezyyY+6L0I9CYcZh4EU9K2mPdQDuXC2E639uGoGvIL192zNDd+Rz7ohIDzwj1AE5MzDi
GO8Mnft26HE3vB/yWi+3RojoJnTd1rnnWdzmQeCFfuCDq7Mjxxx5YeDEIgxdy4m4Z25AJ4+xNm8T
FQDACCOMfd33ReTykTPigB1ohRNY8AcqVDOMYr8P6V4RYpZg7bv2yBvZoFKuG4QcOOp4nmPapvCc
0LRC0xFe6Dh8A7UQc+9U7fYh1ICFvuCWbvm+JeIoDiw/jCzdFKbhuJGjA2jP1H3Qzg1IeZqvYeh+
IFyw2mgEJissK3I9AxTHj0w/NM3QdkNjJIxoAxs6n6xOGDXudF+EI9sMcEpPd9wgAIIc3fVDW8Qx
CNMfWbbghh/0QeE5xlQ0qoIVgKnvc1fYwFfT8UZC1w07diMXri0zjF3LMl1zBB7Hi6xNUDNCxkZk
3NA3zFAHuTlO6AEFlqF7IgTlH4E6uLGt26Fu34Uw7EQcCco14hESFcYWSCw0bcANzN7kYQQK4enc
ACuwwg0baP0AgYhcW5iO4wSRKXzUeNN2RuAQnAgGx6FhAY5+vKHsWVC1zPW90Oa6HYBm+IYjwKd4
VmQFOug2MAoM0+ABiN/oQ1hfDimPkkb9Bf77zkkSGZZsMAxhcc81DNDlkS6MmINNuaYDhmeAs7Pt
kQDXEXAR3gcFz6M0Cc2+b5rctW0biHHDUcTBJeB/nmUaOuieCO2R5XGxwV95DKAJ+Ps6Dz3w1aDz
RmgbPjdi4DjYFxi9Zznofx1fmKR8kBGXYoV2sE7o6DXtfgh/RrYQjrBMD7KjACzJ1gPHAH0WAvQt
CFw31PkaSF0nMvyA54VY4QMP48CxPM/1jTgaWSPQC9uOwsCOXBgdxqYdxTh8Xi9Kzpvxd517uVrE
ebYCCaYryC/SYZNLXwOqFgkxjHxn5I+ED97H8uIoMgPdcn0LHBzEHQHi1UG57oMFEcPTW1jGPrhb
HeKQiAzugxPgAM3nwjDBt0PwgIilm449Cj4Jy+jgJVxQCj+2ItTzGEKQb3tgq4Ye2qEFSFlgvD78
K2uVRf4RKqRd8G2iUEEXNdT1XTscgTZ4uu0ZNvdsE5RA6CDjyHACHuix4YFB9YAsweKG6LzVTkd9
P/ItPx6JCGw2BJUIAj/EmOuEge5EEA0BN18fARgqlVrd0laUrW4zXOnAE9NxMqsLOqrCMNdjcV6w
XnI1zbbZxRwCKStFhZtc8Qy2oPPaeSbwMDevWMizLKcPLyRZmNaR/MCCPCyhQUBbCvkGDGCd5wv5
eYa7MEseiwHL4UlRIkgW4F56tsrrQsFiScwWUITECc0AuQ1+HiFdIWAo3Ftwu5Dp8jqtSnaTZ99U
DEM/LxjUsDk4rwRD2AoxxEPyku6buchYvZwVPAIA2jSbZg2w8TRjbPv9XCBieGy8xKQVQKiTJyXl
fSVm1pF8TKhK78+An6mQ59tx8TAUTAYXbFkgZOB4KIYpx9x4JsaM0lN8UM7rCpLFbKg+izFm0y2V
N+KpJhFNtwizgzTNb1ialHT0XZ0PYdcJZ3+rRbHCPj/ixVA9GtMpaxp6TKW6GkOH/zFdZCAxYApC
C1ZMsRL7y8p+2D7uILv9HiwGNAL4yqOIQeYl2Y9sxZNGbCE4HsSir3UA0wOBSANzxI81T5Ft9H0O
BklFLdiOmhQS5GcIXc4ohoVYQoE7BLbjkaExPKa5X9eLALgCWnVQrrLwgpdXDE+D4dF+6vAOuEWq
3VCK3eZFnuU1SA+6lwNGuyqYLDXQHgb0sYBCnm8k3oA9YtuiztTpLgn8nMQLNIGWFfltAhomgA1A
Emlu1iKHvFUIncSoq9gHdXLAkuobYF9V0LBIVHhcClVmYzDbARpqsBuT2EJkDBWlYwK1qauclKOo
swzFGWGZmC9JCFSXlBo7Etfqmi3wExqMdrgNusanFAc5UhT1spKtkmHImAXgpugi4YJRUq0RSYPg
13kSAdr3Y4A6gjoHCX8C2qV1FA06D2WnVtOm2ULAdCtplC/TPADtwVUlJtvBDhZJhba9EDMe0Co9
O5es1om5SUmb9nE4fV7iJiHOk0aB0d4MJaBGyUqiEDeqwgUTuJsMwcSFEM2UUslBWjWaKZvlIKgc
zRS1AieaEZpDQm3MdKQCZicXLDOy3z0FuEz3OfznUNb/Ovzxgy2EgnKfLUoKXMnAfSwxmkYtQjhr
g5UBeadCjJzAe7IKhV/5zRNgSHZBKKHHYGENwSeD4MPkp21Qu3OJsrRIDFZtb3EbChGVa4qk43pz
cTxmF69OztnpydnJBTuYTE5Pjs/Z5Pgte//m7XfHbwcMOrGLN9DrmL1/9eb0mE3evjk8Pj/XNl1A
jx+m4yp2TESR5BSQ0RHTh0/CuSCXTNxona0BvIeUICLfQl2G4AqFdLME6jDPgE5w0KBNSO+nlE0q
2c0cIyt+FAlckOxGkCUQcL1rRy4jEs3xBmMIxnkaoN3tjbqg1phBbEsRYjogOYvoSrnKsS0NoF5i
Wa5JtXRFa/nsfpQU5ZaifMaLACxjuM6syQHdz10yNURHjWJqFPjuBc9qSj66mEBiVoMOPhs0MWFT
CRs1lOE1hiJffUVnsTZBjb2RPl8qPGQPeZ1GLS4JBJGbjK3xLyXgJaEPhLq6rmiF2V6Qs7gTJEl1
JISWtrjIF02wlaNVj2FXNbsSRmqUJO/oBrtHpXracd4kjCiyAmZCNVSKHNWLpcyuZArH1IMhPmjk
dYSd1ADCndBsKIA7CPNg7PweBkPQhsAHM1yDkpVlLdAxVHOQ2qzJNtFp4WxrrAaNIGWOoJJKTWKD
XT/JpwW/HdKibNngfsiX2Jos6gXEWAivBQKveAZZJQiSya/dSCzWfEV7Uawki7mrY5BsLxVGNOEQ
s+Aagq7dSuwol482dRpzI/R6Er7s3JiQhKU6dimjzGFIi74tbUeACuUqkD7SJ5xylWBIKEv6AAOT
YySFa+pgmOKnpKeZGTuvs11kYIplgIL7eVCf08Nppj43MFYhAlKzeZ7KFDPALR6UiRPKJX49iKkg
Q75NVj7qqQwtgWiTTRnetrtSah6hWy1WFQIfsKHRESAJjyYeVg0yKgSQ117nsfSiAFPISFKOtQwl
+jgYGhVaGnsFuSDo0h4ld+xw8m7AcP8hdMyimyQCtadcQXrPFv6Q4I+Z26Td64y8JO50+mrsIAJH
NedpvAulpCwTIgE6rKaCSRmuC6KCdQxxHfY6wLqlyPEtejVMMXmqMUTi3SSbNMn2ugDEWgKRusHN
PDCwXmbLobrfqG7OlNWVyUfRyhPT8kaMJQY8lTJB2i7VoxNabd+Ug55pbKLGpLyY0QCuKlGlCzRj
XPAZkgAyAbaVy5QyFiwvcY8FGjsvUE6HaUKfM8N6Gb9BIMqKnV28I0xLIAnJDuqKYX1OolxPJ4sL
rfE1i6oe4qgxYdutD0VGb5PI1mOGCwMhnnhtyYT6N46TUH2vbc4xCWDJAnhToexAGvR/FwA3NSBc
QGjXhPQcOQFelxwxhGhO7ryUIpWpBPStlI4iJUKuDyhXp6qpozeUJB2dnB88h/yI8qk6Ix1Ch12j
p6QXoTJJSFAZ1ZcWo269saZzbeuRCOrZuCnavsVPgIEkZMo6B3dFz5kq0Uu5qIDWnJW5DN7KIgwE
JrGW0A7nORTxaIVNrSaaapy8OC4bs5JfN9ECLqH0lt8xw2edMh4Qo3ftMmlTazI/5EkmFwSIU9+w
D0F+i5ZfsJMjtvPh3cnRM5A7mD3gAP1vQGwoGNyuCsaBNVwRKf7I9AOsIV/LLgNr//D8tIGv6rtO
yzc0Gb4lo8SBxKtSEaItb1aIVBi9BfyGuM1gL49jmhaeJfFqeFsn0VogxM9hf3HmglZXpKnJ/5GF
5AF5emVXdalWeUJwIpV0s2rMUI4ZM/UaFaeRIUS5RzULxkCezdoaJcNh6WYoHjS9rhNxM2wD9H0L
YpK5B4u8Ru8Ry1innAmwrGEtxnb0jrQUAuLHawrOMPgtherOYCI8E7L0DoQEFogYbb9c8ptMfSBR
QSfVwuZ+0Jfk40Qt+eADGd9EVX3zBmYTEE/vw1K/H031IUfeqDsg2wzG3xYba2OFJ8Dza2hnZRLJ
mIH0cJApKFxZB10uzDCIQg8RydBJN21oo6UmpRw8DEUqqFKQ6k2zpskVTIF1MnmilAPpMzrpLv0Y
TMHZXELrODmw/rKSIZmQHSI3GtSGa9ZI0k6Oyg5d6KZR8hIak69NWzLVklOT5tCYnpAA3pCZbBvQ
xA1trSDXy1qtLLW7wlTO64YnVM1CMIFST2rRMl/WaWM26gbjPfVRYcMycUIqg5BKmgkjLnouSAlU
gYEtaiFvrFIdXHek4lo2y0xBaRYgsvbQ0drpoWUO8WNjG02tY+g3q/0EnZgO/mAod0y1Pecgt7FE
RcPPumhJThiDq1stsDgEU65wnTUs16hjmFLP2fo5kUBujs9mhZipJUW1/iiXWfCLo1eb9BF+4Gve
HL3BjwoNVVCQ+QG6rxshKxAORn5DM5aE+JoAatM6i/4Qp1vO1/SFXCmcO0wFgcrnSpkgE8J9AxTL
OvHmENfmRXctbwDBYTnnYBYCPXuBODR5KUSMWBRQewzRL2YYDOXTJnbJyMF7a4NqL0cn2NaQg0Nu
Q761cWEKIElZPm/muCNVSVdXrOobwr1ojECxP2o9BgyUIrpxnJAWPdWgZoFbW0+gnnRnaDj3+Xiv
gomUpLSAzlqSggHgK8XPZtVorhqliyvaSkJ5B1yEh2ItojQoiVtA+JK8LuQbF/Q2zVKK9LwAT3mn
Jt5y3DOo6jRIrTlugVJ3mAABjkpW40Zo8hnoKK7pjdm/KHOBpHVAi3zfI1AZmNvg3X0TRGRgJl2Q
g8dllOZbO7Q+cl8cJf9M5WNJFQOV33iqcZkKlQR00ZfzUru8BIhoBrYuY+p6xjF7cXpwIRux1BC4
svYXtSNj4Pi3dMZhYN1GSVENyOn+RWV68l1Ld9FCGjEGOmCtWlPktdK6FIQVrpj8llpdNH63qdSK
9i0NORWAA+EopLdgZcOnYfOGB1RApvXbL8ib0FTUvweE8mLVctlpGVJ+2Un8cpn7i1vwbaUqcsMr
LJNKKujAuQUJFCgrmchRP6Q3wQ9ipTJSSFORVBJ8yIyK1h3j69dNoeJ7yslaxIf0spLe1k0ha9l+
USTsSITMtJlpji1n7Ojs/clzZuqmgR2aN2p7Ajws3C/yKtqTR2cLfLlHH7BDY9szfANCV7/x2qVm
C5tVdZAsoRG0G1pu5kklhvjKDXNVgg4FlErX9hwdW2Yclw8isUd38i1f26ZG4YItvthp7pfXSzVD
lGBFBSq82iPUWo1sA9weEUnJMObYa9KaBFlEnS74in3v6PjFwbvTiw5N9GJQTUnhAW1V3ffS1z0P
mzopOnXZ+vl/AW9BDWg=
===END CRASH DUMP===
