PocketMine-MP Crash Dump Sat Feb 12 07:08:18 WIB 2022

Error: Undefined variable $id
File: plugins/Dungeon/src/hachkingtohach1/Dungeon/task/Scheduler
Line: 95
Type: ErrorException

THIS CRASH WAS CAUSED BY A PLUGIN
BAD PLUGIN: Dungeon

Code:
[86] 								$this->plugin->dungeons[$case]["status"] = Dungeon::RESTARTING;
[87] 							}else{
[88] 								$timeDiff = microtime(true) - $data["time"];
[89] 								$timeSpec = microtime(true) - $this->plugin->spectators[$player->getName()]["time"];
[90] 						    	$arrayA = ["%time", "%player", "%ip", "%timespec"];
[91] 						    	$arrayB = [gmdate("H:i:s", $timeDiff), $player->getName(), Dungeon::SERVER_IP, $timeSpec];
[92] 						    	$player->sendPopup(str_replace($arrayA, $arrayB, Dungeon::IN_GAME_SPECTATOR_TIP));
[93] 								if($timeSpec >= 30){
[94] 									$this->plugin->noCheckTp[$player->getName()] = $player;
[95] 									$world = $this->plugin->getServer()->getWorldManager()->getWorldByName($this->plugin->dungeons[$id]["world"]);				
[96] 	                            	$spawn = explode(",", $this->plugin->spectators[$player->getName()]["position"]);
[97] 		                        	$pos = new Vector3($spawn[0], $spawn[1], $spawn[2]);
[98] 		                        	$player->teleport(Position::fromObject($pos, $world));
[99]                                 	unset($this->plugin->spectators[$player->getName()]);								
[100] 								}
[101] 							}
[102] 						}
[103] 						if($player->isOnline()){
[104] 							if(!isset($this->timeSendMusic[$case])){
[105] 								$this->plugin->sendMusic($player);

Backtrace:
#0 plugins/Dungeon/src/hachkingtohach1/Dungeon/task/Scheduler(95): pocketmine\errorhandler\ErrorToExceptionHandler::handle(integer 2, string[22] Undefined variable $id, string[98] C:\Users\tranthien\Desktop\FoxCraft\plugins\Dungeon\src\hachkingtohach1\Dungeon\, integer 95)
#1 pmsrc/src/scheduler/TaskHandler(117): hachkingtohach1\Dungeon\task\Scheduler->onRun()
#2 pmsrc/src/scheduler/TaskScheduler(141): pocketmine\scheduler\TaskHandler->run()
#3 pmsrc/src/plugin/PluginManager(466): pocketmine\scheduler\TaskScheduler->mainThreadHeartbeat(integer 7621)
#4 pmsrc/src/Server(1768): pocketmine\plugin\PluginManager->tickSchedulers(integer 7621)
#5 pmsrc/src/Server(1657): pocketmine\Server->tick()
#6 pmsrc/src/Server(1046): pocketmine\Server->tickProcessor()
#7 pmsrc/src/PocketMine(304): pocketmine\Server->__construct(object BaseClassLoader#2, object pocketmine\utils\MainLogger#3, string[36] C:\Users\tranthien\Desktop\FoxCraft\, string[44] C:\Users\tranthien\Desktop\FoxCraft\plugins\)
#8 pmsrc/src/PocketMine(327): pocketmine\server()
#9 pmsrc(11): require(string[80] phar://C:/Users/tranthien/Desktop/FoxCraft/PocketMine-MP.phar/src/PocketMine.php)

PocketMine-MP version: 4.2.0 [Protocol 486]
Git commit: 44818e6d1456dcf1f0fd3cd27da1dfecbe03c08b
uname -a: Windows NT tranthien4-8sin 10.0 build 17763 (Windows Server 2016) AMD64
PHP Version: 8.0.13
Zend version: 4.0.13
OS: WINNT, win
Composer libraries: 
- adhocore/json-comment 1.1.2@fc2f76979f0a44a5f5bc2a2b600d0762fe0e78e7
- brick/math 0.9.3@ca57d18f028f84f777b2168cd1911b0dee2343ae
- daverandom/callback-validator unknown@unknown
- fgrosse/phpasn1 v2.4.0@eef488991d53e58e60c9554b09b1201ca5ba9296
- netresearch/jsonmapper v4.0.0@8bbc021a8edb2e4a7ea2f8ad4fa9ec9dce2fcb8d
- pocketmine/bedrock-data 1.6.0+bedrock-1.18.10@e98c511584a7bd58a95986374d2df4b04c6a2ba0
- pocketmine/bedrock-protocol 8.0.0+bedrock-1.18.10@017e57c8f8a74118bcbba7332e7ebac9e6c81693
- pocketmine/binaryutils 0.2.4@5ac7eea91afbad8dc498f5ce34ce6297d5e6ea9a
- pocketmine/callback-validator 1.0.3@64787469766bcaa7e5885242e85c23c25e8c55a2
- pocketmine/classloader 0.2.0@49ea303993efdfb39cd302e2156d50aa78209e78
- pocketmine/color 0.2.0@09be6ea6d76f2e33d6813c39d29c22c46c17e1d2
- pocketmine/errorhandler 0.6.0@dae214a04348b911e8219ebf125ff1c5589cc878
- pocketmine/locale-data 2.4.3@4d0b081f1a79407e087968ea76aaf330db6ea2b5
- pocketmine/log 0.4.0@e6c912c0f9055c81d23108ec2d179b96f404c043
- pocketmine/log-pthreads 0.4.0@61f709e8cf36bcc24e4efe02acded680a1ce23cd
- pocketmine/math 0.4.2@aacc3759a508a69dfa5bc4dfa770ab733c5c94bf
- pocketmine/nbt 0.3.2@3e0d9ef6b6c5fb45e3745a121296e75631b3eefe
- pocketmine/pocketmine-mp 4.2.0@44818e6d1456dcf1f0fd3cd27da1dfecbe03c08b
- pocketmine/raklib 0.14.3@4798576fec0364266dce23b368a7fec5e5de7927
- pocketmine/raklib-ipc 0.1.1@922a6444b0c6c7daaa5aa5a832107e1ec4738aed
- pocketmine/snooze 0.3.1@0ac8fc2a781c419a1f64ebca4d5835028f59e29b
- ramsey/collection 1.2.2@cccc74ee5e328031b15640b51056ee8d3bb66c0a
- ramsey/uuid 4.2.3@fc9bb7fb5388691fd7373cd44dcb4d63bbcf24df
- rhumsaa/uuid unknown@unknown
- symfony/polyfill-ctype v1.24.0@30885182c981ab175d4d034db0f6f469898070ab
- symfony/polyfill-php80 v1.24.0@57b712b08eddb97c762a8caa32c84e037892d2e9
- symfony/polyfill-php81 v1.24.0@5de4ba2d41b15f9bd0e19b2ab9674135813ec98f
- webmozart/assert 1.10.0@6964c76c7804814a842473e0c8fd15bab0f18e25
- webmozart/path-util 2.3.0@d939f7edc24c9a1bb9c0dee5cb05d8e859490725

Loaded plugins:
Alerts 1.0.0 by hachkingtohach1 for API(s) 4.0.0
AlwaysSpawn 2.2.5 by Philip Shilling for API(s) 4.0.0
AuctionHouse 2.0.0-BETA1 by Shock95x for API(s) 4.0.0
BlockGenerator 0.1.0_beta by BlockHorizons, Chris-Prime for API(s) 4.0.0, 3.0.0
BuilderTools 1.3.0-beta2 by CzechPMDevs, VixikHD for API(s) 4.0.0
CraftingTable 1.0.0 by hachkingtohach1 for API(s) 4.0.0
CropGrowth 2.0.1 by NhanAZ, kaidoMC, YTBJero for API(s) 4.0.0
CustomItemLoader 2.3.1 by alvin0319 for API(s) 4.0.0
DevTools 1.15.0 by PocketMine Team for API(s) 4.0.0
Dungeon 1.0.3 by hachkingtohach1 for API(s) 4.0.0
EconomyAPI 5.7.3-PM4 by onebone for API(s) 4.0.0
FCCore 1.0.1 by hachkingtohach1 for API(s) 4.0.0
FormAPI 1.4.0 by jojoe77777/DragonfireHD98 for API(s) 4.0.0
Gems 5.7.3-PM4 by onebone for API(s) 4.0.0
HealthTag 2.1.2 by Shelly7w7 for API(s) 4.0.0
InvCrashFix 0.0.1 by Muqsit for API(s) 4.0.0
InvSee 2.0.1 by BlockHorizons for API(s) 4.0.0
KeepInventory 1.0.0 by NhanAZ, KhoaGamingVN for API(s) 4.0.0
LaunchableTNT 1.0.1 by Vecnavium for API(s) 4.0.0
MaxEnchants 1.2.4 by Xenophilicy for API(s) 4.0.0
MultiWorld 1.7.0-beta3 by CzechPMDevs, VixikCZ, fuyutsuki, kaliiks for API(s) 4.0.0
MyItem 1.5.5 by hachkingtohach1 for API(s) 4.0.0
NPC 1.0.0 by hachkingtohach1 for API(s) 4.0.0
Napthe 0.0.2 by hachkingtohach1,tungstenvn for API(s) 4.0.0
Parties 2.0.1 by Didah (@Diduhless) for API(s) 4.0.0
PlayerStats 3.1.9_BETA by hachkingtohach1 for API(s) 4.0.0
PureChat 2.0.0 by Vecnavium, 64FF00 for API(s) 4.0.0
PureEntities 2.0.0 by LeinneSW for API(s) 4.0.0
PurePerms 1.4.5 by Vecnavium , 64FF00 & ProjectInfinity for API(s) 4.0.0
RedstoneCircuit 3.0.0 by tedo0627 for API(s) 4.0.0
ScoreBoard 1.0 by hachkingtohach1 for API(s) 4.0.0
ShopGUI 1.0.0 by hachkingtohach1 for API(s) 4.0.0
SimpleHome 1.1.0 by CzechPMDevs, VixikCZ for API(s) 4.0.0
Spyglass 1.0.1 by ItsRealNise for API(s) 4.0.0
VanillaHopper 2.0.1 by ColinHDev for API(s) 4.0.0
VanillaX 3.0.0 by CLADevs for API(s) 4.0.0
WorldProtect 2.3.11 by aliuly for API(s) 4.0.0
_NewAlias 1.4.0 by Javier Leon9966 for API(s) 4.0.0
libEasyUI 1.0.2 by GiantQuartz for API(s) 4.0.0

----------------------REPORT THE DATA BELOW THIS LINE-----------------------

===BEGIN CRASH DUMP===
eNrtPIly20aWv9JDZzdSLUnhPphySrIk25qxLI4lx94JXKoG0CARgQCCQxI9lX+f97obp2RbTpRN
tiqeQ8BD9+t3H40G/z2JsmJDq8trVpRxlk4WxnRSxRs2WaiWYViaYbjO3HQM1dWmkzoXj3THnFu6
Zju2a2iOY+nmdJLQsjouiqyYLP49qbY5DJvw++PbgME8wD2dbFhZ0hU+epuGLIpTFpJrWsTUTxj5
Jg5hSFQnyfM4wTGHC897WwJhnlcVNK3WMUs974iVV1WWe97z7PawoFHleXlSr+IUhh3V6YplMKgs
As9b02B9FaerKsMrtfe4ouWV550HaxbWCSvm+TrHpcWyEtueHL0HuPZGqNpniGivxQM4EuBpsnBB
IEByAJc/Tp4o5Nej3HHN3QXJs+CKVRvA7XkMhbqmaQhPPY+L+CJrhfxSPFgsxIidOK3YihVEm5Ky
KmC5HzXtA7lf+u0Q1/lAfj/hT0lDFPAGInuiknyDEuH/axjfuwA5SG52VNUGKTxYn7Pvs/RNne5w
7NonsXdCVg11JOV2pOf1CJl9XzRo9R5aIYK9Jf9zSlMw8WLHsKzP4+yRu6FxerEuGA1fMlpUPqNV
qznb0lS+otFb8ZwV10i3bTmjRQQtnjcgZvZ9FQfdguVd5OY9yC3THiEXTwQ2IQbrnnmKYX1m3rLI
AggDWSEQ2D0ESz7lFKbs6IrxCRyXl0GWgqHWQbWT+T+xoCLPaMkOIQCVrzIasuIJGLt80kdQV3EC
ZnoKsn6VrYD7J3pr8br1FRbfzjKMX+MnnG3nE2xrY5GXQqh8kismgTvAoIL9XMcF25G0OMoHkq9p
sdjbO1zscYr2WoL2JD17DTm9NWenyzlOHJGCMXF38uGX6YQ9RlR/xNAKJAk8l3F6nSXXbMPSCpCH
II2gmjRPASJRASjIQoYsOBaAvWr4n29ARuXsezFt9n0oZpU/fhOAXX340ZuUFa3q0pt8IE+JxLlY
vDk+vzh4c3Hy+sV3sIBj30H8C0tK9m985ty7KKTSoziKAOcmDooM73fArNkumZFvQlpRWBmBsC5f
wf0UlvOcBfdjGTJWwjjgJCuAtTyhW/SmFateU5iy+2G4mquMViPwD9ajRUG3B7AaDP8vMX5K4FLg
kzdxLi9wAK7aIFU/g/QZIl1tgHG2401eLuJFiVhaOe3C9R2qp50+zo/f/HD85vJkKeegVMSq2v2r
NshKlobLLK9zdKXLggE8YDuSU0AmqOutdPL68sXB6fHl+fL48OLg4uzN5cXJcneXr6Xfo6Q42un0
9P1Toiu7aBaucc/YO9aYZodrFlxd5PfpDEQmoXxx836EN1mRhDh0iBnQyIi9y2/e4bAme/VAz7Z8
tU96SRyi7fBFQM+73zXrIkXC3chn/gF9ZU5vUqCP3eYJ+Clofyo0/3XWm2dljBGJE4GLNy75maVh
DiycshvyA2DPCn1HUPOj8gEIEJdqd6lJzM4DMEsSK5awPCuqnaUkb7GIimxzxvPTDhIA2LnwpAWh
m5Mv/POqOi1ZtfNVIuo009OQqij3GM0v/Il6N6Rx+NifBHRs+Wj1DRFxeZZi+N7Z5ZYPFcId1DD8
b3HZY4p7DLjmaV3GgYzFzXTzy1G8bKY2VIB0f/mrKv+rKv+rKv+rKv//XpU3NW6JNe0B2E7Fr1KK
uzMNYDppN3Um6lyZKwChdbWG9IABcOS3iJTmMT4x+GC4ZykGoXCywIJyOglZDkEVJ8OzMouqoz4A
vQVWuhMOBDXNX6zjwRxg4PLs/OLd2ZtXRwC6YT4kR6R9XVV5CdK6oVWwLtdxNb9hzE+28yDb7GEA
P0hu6LY8x3Q8YLmD9vnW5trcHPK9XMdJnJNz+AMpafVYfOccbSmxeh7lFPGywfOEB3S8887h7XLA
OWcO3AfTRVaXrM9dHzxkDyiePTu+OFCHTJ6vwWRc8/a3cTc5BqfONtuD5cmk47SUuIFHQdca6QIF
D6n8rJqR2WcJ4HnBUlZgydJjd/Sgz7AyB0u+9FlFh/zyKS+zIv4IUQgeHa4LKAaWBW5XjkUwnei/
RdGDpTxvSOxdVX+G/zpOYOhFliV97x2Ahz4MdM+Qd23I/OFHFqyXp0fsGif8EN/GVy+PHsuuA0Se
b0JA7nm+oK1C2oD1IaUP8utVXK1rn3tzj+y9ASqQDQ+H4EcXSHBPOEP4nyTCDYga3T5ELiAWEG+c
BMV2Xm4rVs5TVu2FtFz7GS3CPSGQLH9RZDfVeiCNFjiOCqN48BoKz4N/AeyKxmF2eghX/3vx7O+s
yB5LKmIF5L6hSST1X2EYkljkui6rbHNSsY10qx7v40dDCehjCdDkOk4VXXUfi+EWIfA8ouUu5CHx
ABxhHAta0NDSVXNs6l2FQC4Y3TwWj836WDpdj/z8vhx2jzI7yvZaHMis3Jrr8dpu1g2dWv9jnLrt
Yjq6HsWReym1470H7LNvzu25PlueGkMRZCnz4X+PxbpEBz2soAJwQgfbp+iLpvv88DAr+nFaAsa6
VP8YXQpqmr+PpcnnWbEZqrGBDNk2xs76U/ZTxmz8t3dU0FWWRtAxvDxynccSQLcAtjqcpvbiIep8
wTb9KMRv/0C7xPXF/z+EeOjVk2p9QVc9DjrYMEuoc21cN7Mk2do39mMxUTYIPa8l4mGJEXk5Sa+h
mijXz+PbHjd96LA4vuNhp/XPgO6xmNlwbJ4Xp9cBEhDFt19T8ALd54wNGUHAF2qXYW3/SKyMqnhB
ydcw8w/GcpjFUqj6tz2ehvAvVKhtWfaPdUZf0A0ErR9eP3ZFNqDoEYqyV7ROgzXSc/H6osf5EP6F
0P8DC1J6HdePVqq0CEGJfUJGtw9R7Sm9PcYZ6WBXpQ8dMqfNR4HwPUszvh8QbB+LvR5KVGFLyuDm
QczVSRXz9zp93jrgkDVbdpz6FzvOw3/xwzvbuirrq5h3GkkcX5W/Sx+6QXrFGydvQPtv6UF7iFBO
W6ze+zISgKF8zPHu0v9VSSOoaf4+VknzennY4xjv/iQtNpDydZHrk/uHr2lerftJSALGiVT7LKPT
CrqCsmLpdfr78cwJa/4+xLeXtKhi1g9aDeQLKfYoDuma7OzD33qdsLLcfSyuwgaj5+WCFs/riPpa
d23p49zy13rnFR2E6T60z7UOxZ57iVulf4wF9+ga3Pxmg17WBTtc06ovgwZ0Z6/4U0l4OrGM588V
5avY5+ssWbHhQX60dfyc8t3gcllkgP09RJ6sLpfHswbe21C+FGuDWCTd3dWDrB7GHqdVPDb9PvgL
gnjF4jRl5+8eS/sJxwcmDzQwSYNgqkfR1+2jNCTuDbBI9oUShrwL2LgVNT9hAWRKhBbIfxNQGb6m
O4G+NI2rRythBmrm1PUuH6LoNywsK+gID+MiqOO+wY+fDB3/jrorFmaKpT1ak9fg87xCEhIIQjzv
LmVfZPM8yAr2DHNyj8MecJSS/5hw1tHTv/7Nwex8neUv3vb3VBrIn6QQkeS0F49VeZ3HmzxhL7NN
vzTpAUcbwGP27y/If4/Su+Q0rYEmkEGfvt9Sep9vaJIs5XGcHlYUTL5d4SGCvlga0Bd6zJOqfMNo
8jouH21PqocS2Jd0PHw/5weaxklCX2Z5PniZMYR/oVg7zJI4fQlyeyymWoSeNyBkdPtrdNyS2jH/
/i7f778UsA9fHXDTfiyGBbqWv/fd1UO0yHtESJIVHjfumBmA77yNuvM6Kq6T7eO9i0Jsnsdb4lyQ
MLbKB9YZp3VcRDFLwr3uvMusOSlXQTmzt6HQ+BR7A3ZBKpev2c1BEtO+p3awL2yJ/x2KEFaQVyxL
XdeyHksuAm2DFc+gAC3yz68w5yG6PYHmFzyZ7h/TcjvIWx1sHKVGneWLmKbVP2voiT4+FttiYc9r
CfiCSeOJeloA3aDX0evE5hwSJ+UWGt6SF+/Ap3jjM3EwQOH2kB9sKL6d7iABTYA0mNuHZZvLMKsg
AQ6g8tOCDlAXSf8eT4X376M4qdgA8WqT92/XkF3793GQpdd9wE8lV0h7v/HFka0BLCuq9tgJqq2s
KDIU9gflwVAOb1iUMN7j9KEll2g5BIXYevUg58tXg+W35c9JiovJK9I+qrIrlsYfhyK4vZVcI7kY
b7Z0k8hDUHj7Mc5F9eDyNuAjmGh/OtzeboZSz5A8TVF0VdVcACyPzgash9klJ20MBFA8VFgGVlqW
g4Eiz78/HfA8ogBu8fzliM9NclPEI/3nFT+piRJujvks1yPbW9fpFT9vqHEhiTMC8cqPU4p7+JB5
tLmFkmDXEAB9OQhRQemWV5kEaEJYIShamKUiC7IuYl52a/We41cwcRplA7sN76g8HlgJF6XeBxUM
3AP9cFULW2zw/wvcjZwtAyhVe8JH717ncl1ckR9WSvrtYt/d0ZVpybovQkGeGkfPT/9MFppi6iC2
8hIKwskiokkJcQmTThZkgNVwLFgD27OJYTiqw6xQNUwrDCI1UqJQD0LNDqkaRizwmaIHiuMD7rpJ
onEaZjcleX1B2nOSxswp45SooFXCaSCqbVs62WkGi0OoRFNUa5ccnB5ZuB+P33T2hPaRcU8yWntZ
55cZKufdyWv+WoDf3MTia6FNnpWsuAQtF7SQ+wo0XGfY6exh6JjBGPndEZbj2n4UaJFtubYbKdQw
qBmZfqBRzbcUJVRsS4uYwmyH2SjHIg6u9mS0VObuXN8PqGmHqhMpmhM5RmTbtq+plhOEqquqvhIy
pumGThkPhcArhCHIRxBgE58GV7NrKABCcYoOJHmVZjfpvvyLZrcqsrJke8AyLVM81X+tYQreZywy
HMd11dDUmQmaUgLXNA1fcX0VhAlE+dTVXHQJCNgFKxktgjXnf0NFCTu55t627/h+oGgqdVjoa8yg
NqNa5NDQiKjLAjcMmBYFvhMOvGTPZ2EBdzP82olL0por/9MAQa7OXAUqXScwVdV0AKsfmg51Tdex
dNsItTACYo3AAjlT5X7UnWFyW7iLXlFtZtoByJ3ahqo6fuD71NZ1jdkMhOsyK3BUy9VH6HnM6Bwc
BLpv0sBmjLoqjXwaOmFguE5kBkw3AmZprh2azILHdIjpXiXygy/7lmE7tgFGZVl+QEGmpuOYmqEx
xww0PdBMBpIx+XHAPkLsSRJ5XoqTpuwbLqO6oruuzqIw8nU3CHVFY5oKjmkqgNrRFBfsc4QpS7IO
B1gF0m+FthVpTNdDy1H1QHdDzQ00LTCsACSphiNq+h9GcFSg4v2QwtIGVQzdcHywcOZoqsv8SNXM
KFKBJ8cNAmdMTpJhRdEYC5qwvm+Eiq84aqRS2zUUmymO7VoOo7ZFaaTrSugDyZpvjjGtOC3cCazA
VbVAiVzFNEHVoaarisMCLVRt13etyAALA0rvYJj1Uo5AZamRDWJ0gkgHhQWawQwGfq/RIGQgLYWq
4AYQAIeo2kAAcXaf0iDQbdOlpuJQyw0j8MHAgD+2rVAfzDIwA9fwoyGK1K+a3LSvMyV0WWT5VmBG
vmEy8BSTqhpkcIvZpqWrvg6Oz4YYesU+L6QMYTYPD+A9XAW9EqUFhFquI9t1TDAaFii6ZWiWhdFA
93ULPA6AJjNDZruafR+WWZwHTUWz72oatQwDfD6wAqCBUhP/6+iaCqpXWWDYukPZSL5lmmUfWZPx
9xUKvg6h2XbUwFBdqkaWwcC9DAgtuokB2HSZ5iJPUBKXbItu0FV0+LpX2w/gn20wBtLVHCiPfHAk
Q/FNVTEtxpxQ933LChTaIanrOJRy1SFZuL5vR76pO47lqlFo6zbI1TDCwDdCC2YHkQZax+nrelNS
2sy/G93L7SbK0i1oMNlCgZHMmmL6GkhFq9QViBqqowWuo1Jftc0QnEY3Ql+JwLgt13EdBY3rPlyQ
Mhylh8u0fVvVwONYGPquHUBiow6EJl0LHAOMwXZcLdSY+ylcah9XyAyfaqGB0otcP1SY6voaBZ+D
QKybEF0gcziRaFY22UdokfYgtLFCZl3MO5ZrGUBFYDsK2KpBHUMDI2AK6DhUIX0Bk2DBmjlAkoPH
zTB2y+YcApKru5HNQvDZAEzC990Ak64Z+IoZOhBvXcNVbEDDe6XWtuZbXq4+IdhqkwBPcq3qgqKp
ECz2SJQVZFBdeekTcrGGTEpKVuEp4ZLQgpFqzUiWshIuaEUCmqZZRXxG4jRIaggecEHENydzSGiQ
efkbBcB1nm1gZoQIxjhLGrEpyeBJUSJK4kO0uiLbrC4kLhJHZANdCPT7uAIUN/gFdbJFxNC5t+j2
oNSldVKV5CZLv60I5n5aEGhiMwheMWawLVKIX+AJvm/WLCV1vipoCAjmXuqlDbKFlxLy5N2aIWGk
ygh+qUcAhfx+p+SFX4mldSgec1JF8Ccgz4RVXF64pxowInILQjaIGSQesFlCsThesQXh9Sk+KNd1
BdViOpOfqy+IN5GFo1crqqrC/ytMJ1drr1ZZGMUtGO7cdEUSvKJq/Ddvwlk4SJLshiRxiWw1HxOS
65iSf9as2OKYn/Gi2T1ZEGzh+dRj3tTLOQQYIFhYElAtSA+x+VsiZY7jxR7ArH3c4+rJO3AtMB1Q
AA1DAjWa0BPKH7/rIhtGy7rg38gT0I7PkGiQIvu5pgnKdxVfw1goPmpGduSiUErvInaxIpsV/BPW
GegHv9BawGO+9ut644P4wPwOym0a4OdzYCHFFRjcnA94W4IO0QcaTnHYusjSrAY1w/BySsTXyaIp
QceZEiy/gRHsPrhswHERtqlTMDUcIpCfczsAnsAci+w2BlNkIAZgiZt42hKHspUEnURo1DgGjXdK
4upbEF9V8Gkhw70sblujyWQHeKjBwTQuFs7GTHK64KjGRk25cRR1mqI6Q2wos5wrgXcw5ZwcsWt5
TTbxag1ej0fqpn0vlYaDEimKOq8EVAgMBbMB2iRfXLngvbwrCYXn0OssDoHs+ylAG0Gbg9YgBuua
9wwNBs/EoNbSvHTDYLmt8N4XSeaD9eD+ExFw8INNXGEQ2LAV9flbDnIuRK1w4cYl/zwCp1+g1m5i
LnluUeDdNzOBqDGyknOIJ2PhgjA8voZoooKxZklh5KCtGv2ZrDJQVIb+jFaBC604mTNO2oIoyAWs
zmO1KN3+9Bzght7n6F/TIvxt9JdVlnMSZJxtSZLoSgLhI8e0G7YE4aoNVaqiGZIwHgTeca+Q9JXf
PgKF3C84SRgxSFBDlkohSxF2y4KaB99MkCw8ErNaO5rdBoyFZceRCFxnF8cLcvHy5Jy8Ojk9uSAH
y+Wrk+Nzsjx+Q96dvfnH8ZspgUHk4gxGHZN3L89eHZPlm7PD4/Pz+TgEDOShmZYUx5IVccYzNwbi
EhkM8KccGmm0wVYF2UPtEPLYwofMIBQyEWY5qsMsBT4hQIM1Ib+fMjZhZDdrTMEgEwxBYhjHLJBA
6O0CuchIfI0zzCFYEPAJ87uj0RbkbjSoLWcB1g1Cskiu0KuY2/IA5sXysmNVVySv5e79JEnOdcn5
ihY+eMasK8F5ALpfutzVkBw5i8hZELs3NK15ldKnBCq4Gmxwd9rkhLERNmYo0msEvUol+N10Ljgn
ZyLmC4OHMiOrk7ClJYYkcpOSjv5SIM45+cCopSiSV1jtOQ8Wd5IkNx2BoeUNf0SiSbZithwx65tm
X8PIjdTkHdsg95jUwDrOm8oSVVZk/CPXxpDDepOLMkzUekQ+mOGDRl9HOEhO4LRzMhsO4A7SPDg7
vUfAkLQh8cEK12BkZVkzDAzVGrS2aspSDFq4WkfVtFGkqBFk9TkX1ODQT8ppQ29nfPu2bGg/pDlC
4029gRwL6bVA5BVNofwERRLxAxOCik6u6C9SlNxj7toYVOW5pIgvOMNyuYaka7QaO8rEo7FNY22E
UU/gF4MbFxK45MA+Z7xymPHt4Za3IyCF1ypQPqL0gDpRYAgsOcXmhYg5gsOOO5gm5Sn4aVbGwV21
iwJMsF+QeD+P6nN26KUpq1BhC5kioDRbZ4koMX08U8IrcU5yiT9oQWSS4bFNtEjyqUgtPmuLTZHe
nvS11DzCsFpsK0Q+JTO1p0CuPL7wrGqIkSmAR+2ujuWvFLCEDAXn2PTwQh8nA1CSNScvoRYEW3rK
iztyuHw7JXjgEQam4U0cgtnzWkFEzxb/jONfEKspu7uKvOTS6Y2dk4MQAtWaJtEe9JyiTQgZ2LBc
ChYluH+IBtZzxC7t9ZD1W5HjW4xqWGLSZE6QiLfLdNkU212niL0EEnWDp4dgYp2n+Uzej7qbU+l1
ZfyRtfrEsrxRY4kJT5ZMULYL8+ilVsPVxKTdOVnKOQktVnwClS2rtAW+YlTQFbIAOgGxlXnCKxbs
Q/GMCjo7LVBPh0kMo0RjjT/6wMqKnF685ZSWwBKy7dcVwUaeq7JbTjQX8ybWbKp6hrMWnNp+f8hS
/t6J+3pEcAchwG+LWzahUY6iOJgTnqXWFIsAEm9ANhXqDrTBf90TwtSU0wJKu+ZEr1ESEHV5IIYU
TXk4L4VKRSkBYytpo8gJExsJMtTJburojBdJRyfnB8+gPuL1VJ1yG8KAXWOk5K9MRZEQozHK32wL
+/1Gx2fn6yHz69Wiadq+Jyo2a7JkXUO44s+J7OVLsfuA3pyWmUje0iNURCaoFtgO11lW8h2Kpldj
TTfOozhuL5OSXjfZAi7xAAT/ISN81mvjgTD+Vl4UbXLz5qcsTsWGAJfUt+S9n92i5xfk5IjsvH97
crQLege3Bxpg/A2oDRWD52PBObCHK0IpH1F+gDdkne5S8Pb3z141+GV/14N8yxfD92m8cODqlaUI
5y1rtpJkGr0F+mZ4IOFpFkV8WXgWR9vZbR2HnUK4PGfDXZwLvg0jXE38kKyQAY/00q/qUm4HBRBE
KhFm5ZyZmLMg8oUrLiNSiAyPchXMgTRdtT1KitOScSqeNqOuY3YzaxP0fTtnQrgHm6zG6BGJXCeD
CYisES3mdoyOfCsE1I/XPDnD5Dc8Vfcmc8ZTJlpvnwlkPovQ9/nPgHBXWjd2xk0LwcOkL9jHhVr2
IQYSOiY1F7/XA6sxyKf3UancTyYtAFNIaGPuQGwzGf+21OijHR4fP5hDPyvjUOQM5IeCTsHgytrv
S2GFSRRGsFCkTn7Tpja+1SSNgwYBSxjvFIR581WT+AqWwD6ZR6KEAusr/psCIo7BEpSsBbZekAPv
LyuRkjmxM5RGQ9qsE41g7eSo7PGFYRo1L7AR8YK1ZVNuOTVlDp8zUBLgmxGNPAEy8UBgq8huW6vV
5fyuMmXwuqEx72YhmUCrJ6woz/I6adxG3mC+52Nk2tA1XJC3QcglXwkzLkYuKAlkg4EQuZG3kKUO
7jvy5lqARaUgLQt/xKaN0GEX9NAzZ/hzmiNQGxiGYHnyoJfTIR7MxNmqduQa9LYQpMzzzSafxxmn
GELddoPNIf4AJ+6zBmVHOqYp+Zx0zzkLPMzR1apgK7mlKPcfxTYL/gbc1Zg/Th/EmrOjM/wVp5lM
CqI+wPB1w0QHQvnPBeKKJSe8Y4DD5r23A5CnW8nXOZ5hEsq5I1RQqHgujQkqITxhwHNZL98c4iY+
6+/lTSE55GsKbsEwshdIQ1OXQsaIWAG9xwzjYorJUDxtcpfIHHSwNyhPffSSbQ01ONQ2PLY2IUwi
5FoWz5s17mhV8NVXaxVvugwiszEixfFo9ZgwUIsYxnFBvukpJzUb3PNuAfmkv0Ijuc/ne5lMhCaF
B/T2kiQOQF9JeTa7RmsJFCGuaDsJGR1wEx6atZCXQXHUIsKX6XUhXs1gtGm2UkTkBXwyOjX5luLp
QtmnQWlN8bCUvMMCCGiUulo0ShPPwEZxT29BfuSVCxStU77J9wGRisTcJu/+KyPOBlbSBQ/wuI3S
/KoR3x+5L4/y+Mzbx5J3DLz9xs8o84TJIqBPvliXw8UlYEQ3MBSRU7sVF+T5q4MLAcRWg+HO2nfy
6MbUdG/5RxVT/TaMi2rKg+53stIT71r6mxbCiTHRgWjlniKtpdUloKxgS8RP19VFE3ebTq1o39Lw
oAJ4+M/Dhm0iBBSz5g0PmIAo658859GEL8XHD5DwulhCLnuQGa8ve4VfJmp/dguxrZRNbnCFbVLJ
GzoIbn4MDcpWFHJ8HPILpEALJjKFcBXBJccPlVHRhmN8TztWKr7QXHYqPuRvNflrPQ+qlifPi5gc
sYBoBtG0hW4uTIW8O3lGNEVTcUDz6u0pgwgL95usCp+Kb3ULfAvIfy8Qne2p6qqQuobAa4uDdQTL
7iDOAQjWDZCbdVyxGb5yw1qVY4cGSpZrT00FISuK2wche8rvxOvAFiZn4YYtvthp7vPrXK4QxthR
gQlvn3LSWotsE9xTziQvhrHG7lhrCmQW9obgu/inR8fPD96+uujxxF8MyiV5ekBflfeD8vWpg6Be
ic6HTH75D8LinnU=
===END CRASH DUMP===
