PocketMine-MP Crash Dump Sat Feb 26 01:37:44 WIB 2022

Error: Declaration of hachkingtohach1\Quest\Quest::onLoad() must be compatible with pocketmine\plugin\PluginBase::onLoad(): void
File: plugins/Quest/src/hachkingtohach1/Quest/Quest
Line: 68
Type: E_COMPILE_ERROR

THIS CRASH WAS CAUSED BY A PLUGIN

Code:
[59] 	CONST GO_WORLD = 6;
[60] 	
[61] 	private array $placeBlock = [];
[62] 	private array $checkDeath = [];
[63] 	public array $sendMessage = [];
[64] 	
[65] 	private $dataBase;	
[66] 	private static $instance;
[67] 
[68] 	public function onLoad(){
[69]         self::$instance = $this;
[70] 	}
[71] 	
[72]     public static function getInstance(): Quest{
[73]         return self::$instance;
[74]     }
[75] 
[76] 	public function onEnable() :void{
[77] 		$this->saveDefaultConfig();
[78] 		$this->dataBase = new SQL("mysql");    

Backtrace:

PocketMine-MP version: 4.2.1 [Protocol 486]
Git commit: 6d6551253173a498128c750c38e719f19880ad49
uname -a: Windows NT tranthien4-8sin 10.0 build 17763 (Windows Server 2016) AMD64
PHP Version: 8.0.13
Zend version: 4.0.13
OS: WINNT, win
Composer libraries: 
- adhocore/json-comment 1.1.2@fc2f76979f0a44a5f5bc2a2b600d0762fe0e78e7
- brick/math 0.9.3@ca57d18f028f84f777b2168cd1911b0dee2343ae
- daverandom/callback-validator unknown@unknown
- fgrosse/phpasn1 v2.4.0@eef488991d53e58e60c9554b09b1201ca5ba9296
- netresearch/jsonmapper v4.0.0@8bbc021a8edb2e4a7ea2f8ad4fa9ec9dce2fcb8d
- pocketmine/bedrock-data 1.6.0+bedrock-1.18.10@e98c511584a7bd58a95986374d2df4b04c6a2ba0
- pocketmine/bedrock-protocol 8.0.0+bedrock-1.18.10@017e57c8f8a74118bcbba7332e7ebac9e6c81693
- pocketmine/binaryutils 0.2.4@5ac7eea91afbad8dc498f5ce34ce6297d5e6ea9a
- pocketmine/callback-validator 1.0.3@64787469766bcaa7e5885242e85c23c25e8c55a2
- pocketmine/classloader 0.2.0@49ea303993efdfb39cd302e2156d50aa78209e78
- pocketmine/color 0.2.0@09be6ea6d76f2e33d6813c39d29c22c46c17e1d2
- pocketmine/errorhandler 0.6.0@dae214a04348b911e8219ebf125ff1c5589cc878
- pocketmine/locale-data 2.4.3@4d0b081f1a79407e087968ea76aaf330db6ea2b5
- pocketmine/log 0.4.0@e6c912c0f9055c81d23108ec2d179b96f404c043
- pocketmine/log-pthreads 0.4.0@61f709e8cf36bcc24e4efe02acded680a1ce23cd
- pocketmine/math 0.4.2@aacc3759a508a69dfa5bc4dfa770ab733c5c94bf
- pocketmine/nbt 0.3.2@3e0d9ef6b6c5fb45e3745a121296e75631b3eefe
- pocketmine/pocketmine-mp 4.2.1@6d6551253173a498128c750c38e719f19880ad49
- pocketmine/raklib 0.14.3@4798576fec0364266dce23b368a7fec5e5de7927
- pocketmine/raklib-ipc 0.1.1@922a6444b0c6c7daaa5aa5a832107e1ec4738aed
- pocketmine/snooze 0.3.1@0ac8fc2a781c419a1f64ebca4d5835028f59e29b
- ramsey/collection 1.2.2@cccc74ee5e328031b15640b51056ee8d3bb66c0a
- ramsey/uuid 4.2.3@fc9bb7fb5388691fd7373cd44dcb4d63bbcf24df
- rhumsaa/uuid unknown@unknown
- symfony/polyfill-ctype v1.24.0@30885182c981ab175d4d034db0f6f469898070ab
- symfony/polyfill-php80 v1.24.0@57b712b08eddb97c762a8caa32c84e037892d2e9
- symfony/polyfill-php81 v1.24.0@5de4ba2d41b15f9bd0e19b2ab9674135813ec98f
- webmozart/assert 1.10.0@6964c76c7804814a842473e0c8fd15bab0f18e25
- webmozart/path-util 2.3.0@d939f7edc24c9a1bb9c0dee5cb05d8e859490725

Loaded plugins:
Alerts 1.0.0 by hachkingtohach1 for API(s) 4.0.0
AlwaysSpawn 2.2.5 by Philip Shilling for API(s) 4.0.0
AuctionHouse 2.0.0-BETA1 by Shock95x for API(s) 4.0.0
BuilderTools 1.3.0-beta2 by CzechPMDevs, VixikHD for API(s) 4.0.0
CropGrowth 2.0.1 by NhanAZ, kaidoMC, YTBJero for API(s) 4.0.0
DevTools 1.15.0 by PocketMine Team for API(s) 4.0.0
Dungeon 1.0.3 by hachkingtohach1 for API(s) 4.0.0
EconomyAPI 5.7.3-PM4 by onebone for API(s) 4.0.0
EnchantedUI 1.0 by ItsRealNise for API(s) 4.0.0
FishingRod 1.0.1 by hachkingtohach1 for API(s) 4.0.0
FormAPI 1.4.0 by jojoe77777/DragonfireHD98 for API(s) 4.0.0
HealAndFeed 2.1.0 by Kylan1940 for API(s) 4.0.0
HealthTag 2.1.2 by Shelly7w7 for API(s) 4.0.0
InvCrashFix 0.0.1 by Muqsit for API(s) 4.0.0
InvSee 2.0.1 by BlockHorizons for API(s) 4.0.0
KeepInventory 1.0.0 by NhanAZ, KhoaGamingVN for API(s) 4.0.0
LaunchableTNT 1.0.1 by Vecnavium for API(s) 4.0.0
MinePos 1.3.5 by hachkingtohach1 for API(s) 4.0.0
MultiWorld 1.7.0-beta3 by CzechPMDevs, VixikCZ, fuyutsuki, kaliiks for API(s) 4.0.0
NPC 1.0.0 by hachkingtohach1 for API(s) 4.0.0
Napthe 0.0.2 by hachkingtohach1,tungstenvn for API(s) 4.0.0
Parties 2.0.1 by Didah (@Diduhless) for API(s) 4.0.0
PlayerStats 3.1.9_BETA by hachkingtohach1 for API(s) 4.0.0
PurePerms 1.4.5 by Vecnavium , 64FF00 & ProjectInfinity for API(s) 4.0.0
RedstoneCircuit 3.0.1 by tedo0627 for API(s) 4.0.0
Rewards 5.0 by Wertzui123 for API(s) 4.0.0
ShopGUI 1.0.0 by hachkingtohach1 for API(s) 4.0.0
SizeUI 1.0 by fernanACM for API(s) 4.0.0
Spyglass 1.0.1 by ItsRealNise for API(s) 4.0.0
VanillaEnchant 1.0.0 by hachkingtohach1 for API(s) 4.0.0
VanillaHopper 2.0.1 by ColinHDev for API(s) 4.0.0
VanillaX 3.0.0 by CLADevs for API(s) 4.0.0
WorldProtect 2.3.11 by aliuly for API(s) 4.0.0
_NewAlias 1.4.0 by Javier Leon9966 for API(s) 4.0.0

----------------------REPORT THE DATA BELOW THIS LINE-----------------------

===BEGIN CRASH DUMP===
eNrNPIly20ayvzKPTr3YtSKF+2DKW5IlOdbGsriSHOdtuKUaAAMSEQggOCTRW/n3190zuCjFdhJt
Ja7dCGjM9PR9DAb8zyTOyw2vr29FWSV5Nplbe5M62YjJXHcs29Mtw7FmrmGZnrM3aQr5SJs5ju9a
mq/bhu9Zju7vTVJe1SdlmZeT+Y//3psIefmfSb0tYMbk5Pro/Gxx+vbk+uTi4vxisjfZiKriK3x2
LMKUl7yG9VkeszUP1zdJtqpzvNKXy382oqrVn/k8z97mPHr+gm2aqmaBYGG+KWBykAp2l9RrVuTh
jag3SSaWyyJtVkm2XC7o7yteiR7BnN3mSQSUxEmKZMix1T6ts1+V4f4OJeoJ/RempbDCZO54v+yp
qddJdpunt2IjshrwRUkpQhwonwIErsM8EigW24f7ZX10/u7yin17fv3h/OLtMXvJnG9gkKPRQ7zS
6aook1teC8bLkm/ZV0XKQ/EqBT5hxo//pinGYwPDtQhvjgUHqXQDTTmwCdIkbMdVIovOpD76gVZH
hD3C/VXEa46i/EY+dUZPqxp0EbKvQJI1z0JBqFzJvOMN146bLJQ6Vwr5Dw5BuTD1rxJpPJ93qIC0
r+p1UiFKV4roF7zUW0JdQ01WKyhauoVWoj5VuFD9pEhc1DUHi5aibspsd21a01LDaFVb8uQ6v8LT
ScbBJMFO52hmtIxLQ5c1cTH9e8VvxbGIeZPWR3kWJ6vnL2gZbzysFTewn4k7dvnPt8+Xk822+jld
Tl58g/RMwATrEmxC+p4yZDSzw1SUNV1lHD23BexNOoef6DNtpgGEN/U6L2Hwj5Mdw58AUl4k+MSi
wejgxF40mcc8rcTeJBIFGFElKajyuD4eAjacHOCBa0ty2r/oVGAJMHBxfnlFLgGgOxFUSY3Er+u6
qOb7+3e8DtfVOqlnd0IE6XYGIWAfhXCY3vFtdVnwu2zEcw8dMm7MjJk9ZnyxTtKkYJfwB9x79WSM
F4S3UmiXS04kVUjSconWL8qe+curw4ur94sR68RdQ7b1Jm8qMWRvCB7zByRPX51cHepjLi/XEDp8
+/4Psjc5CfMs32wPF6eTntVKIQcmJWFrJAxUPCbzk4pGbl81SQpiucrzdGjAI/DYjE3gNhA1N8bc
Hn0U4XpxdixuccL3yX1y8+b4yTQbIvZiEwH25TKQxNVI3HK5Q+oXmfYKMlgTkEEP6N4foQLhHJV5
8W2Z39XrgWgGwF0z2DGAd2ueHf4LYDc8ifKzI7j6v6tX/xBl/mRykUsslz1Ry+UZPvrtglDUAtsg
i1176EBjW9Dt3Zi2oLLgDJI2uxJ882SMtgQslwNSPuHJjzDYk7bf4UBum2wl8mEkayG74dv8k8K3
oqe7+BLlAuvgLEkalttZta1FNctEvR/xah3kvIwojg8CS8/8ADjk3565M3O6OLPGMsgzEcD/n4x3
hW+5FJIMQLpcjkj6bEQ7yUKw5FpE70dsDaA7eh1zdFpXF4Kn75Lq6bga4ARuekq+zFeRqdcJZLVs
dZFHA54GwF1T1f8kU+1JGl4/lcG+hi5qbK0tZMy/tavUn/KfcuHiv/3jkq+wDCzFm2PfezJJ9CsA
45Ko7uJLFPwG7OMwi14LMdTwEDpONg/s9rttyjPdt7QnY6nDuFwO6Phym8VJ9fqKr3YYkrBddozd
4kmk6da9c5+MnarFKNkhKr6cmdPs9qgEY3yd3A/YGUKHDGkPXfCs+RnQPRk3G0K3XEIzHCIFcXL/
sMT9JDuXQow5QcBnKhrqht/kZfIxh87nqXgZYV0uJSm/hZvvhChglsjqvNwOmBrDP9ONddXad+uc
f8s3ELq+f/fkhdqIpCeo1d7yBvMJEHT17mrA+hj+mfTwvQgzfps0T1eudRhBjUNKdm6/RLlYsC3y
YTHaQnb7EvtPSnqKnu7iDzfYZ01aJx/yMh3mggFwzLirGjLzsw3ZEZp33GybumpuEmpM0iS5qf47
bdoGCb5DgkEyQ+L/SIs2QASCerc4GkgI7/4qWy5Ay2/z7l81hne8qNfDUK0Au/nG+CSnezX0DlUt
stvsv8g0Udb+/RLnXvCyTsTQuVvIZzLRcRLxNXt+AH+bdSqq6sWTsRW1KJfLQhKzXPZU/Vbj7Qgk
dlO+FeVlzUe7hUPokG0TyiL/GneW/iQjHhA2uvnDNr1oSrEQ5WYkhQ62W8zbv5Kt2B5zrNevNY39
L1uU+U8irE+hss+SevtkMrmWKwD7LXmDyy+x8AsRVTW0tEdJGTZQAPYM7z4Zq/6BxUPHmGuO8XQF
cYtwuSwVJaGkZLl8SNoX8HkHbVo14k9CxtsIOwH5gyjrj02iG+aT8dWjREaIht9daPW49hUqst/L
dV58O9pfaCF/lfyj6OkunqoFv0w+ijHjEvDJPZVYlBkUrEdnT8ZvhxEYJALk39+h4Z425K7YrlJe
Da24A32mhv6v7xu1hHx5z/o9z5I05WrDacDTzoO/is2Oydq9fyoLVljf5EUhyodCUfDPlB9HeZpk
b6AifTJpdBg7viUlO7e/p3zuaO25/+Eh4z88SEA7dnD09pCaiSfjWOLrGPyhv/oS66YmANJ+ja//
e25G4LEWoZ7aUSO0P036dMWCRLdcUtNTSBp23fULX1acNUkZJyKN9vuDFtP27ERdCrG/4VDOl/sj
fkEs1+/E3WGa8GEM62Gf2Sf9B9RVomRvRZ75vuM8mWAk3hYtvogGYtSf32HRY3T7Es0veEKEl8Ax
iGXnXdT0bDEr1rwkBu6hC0IRkISO8hIX8dDFsYEOwg3H1309JOQp8ANzh7B8cx3lNQSXEVSdwukB
TZkO7yNej57HSVqLEeLVphjeriFyDe+TMM9uh4CfKlJld78JqrrEV+pDWF7WqkuU26x41gIYioaD
inAshwsRp4JeJQ+hFUm0GoMi3DgaQC4Xb0fL4xmKDBdTV6x7VOc3IoO0PRLB/b3iGslFf93yTarO
EeDtx6SQ7x59agw+pkkwnA6395ux1HMkz9A0U9cNHwCL4/MR61F+TaTtAgGUjBWWg2lX1WjgZbIp
UvHD2YjnHQrgthS0mTkG3pXJjv6hb8aRKGFLReDFesf21k1209RJWhkkJJOkkqyCJOO4+wmh25g5
KAlxC/EjUIMQFaTFos4VwJDCikDR0iw19VKhDzjX/VqD53iQK8nifGS30QOVJyMrIVGaQ1ApwD3Q
D1eNtMUW/7/A3dj5IoSiYCB89O51odbFFUUmSp4OG8ihu6Mr80r0J+5AntJ+6PTAZG5otgViq66h
YOiCGcbsPMwBq4Un8VbYr02cyLFt3bBN3TW55Xu64YWurYWmJ1zdj3Xf8zQeWWhZTZuEkizK7yr2
7orVJdQu60Rk1tSrkozpoFVGNDDddR2TPW8HX4oSqGWGpjsv2OHZsYPvWoHnodA+CvIkq7OXdXGN
e6OTD6fvaDuVbu4o4eCJvbwS5TVoueSl2mbh0Ro4LMU+ho4pjFHn6HQMDgdxaMSu47t+rHHL4nZs
B6HBjcDRtEhzHSMWmnCBb5RjmYQ3+ypaajN/Zh6E3HYj3Ys1w4s9K3ZdNzB0xwsj3df1QIuEMEzL
5IJCIfAKYQiiOQTYNODhzfQW8ieESDzRCJK8yfK77ED9RbNblXlViX1gmVcZnka7NTCDHQgRW57n
+3pkm8L2hKOFvm1bgeYHOggTiAq4b/joEhCwS1EJXoZr4n/DZRE4uSVvO/CCINQMnXsiCgxhcVdw
I/ZAuTH3RehHoTDiMPCikZfsByIq4W6KR8hIks5M+1sLBLl6Mx2o9L3Q1nXbA6xBZHvct33PMV0r
MqIYiLVCB+TMtcdR94ZJtvAQvaa7wnZDkDt3LV33gjAIuGuahnAFCNcXTujpjm/uoKeY0Ts4CPTA
5qErBPd1Hgc88qIQTD62Q2FaoXAM341s4cBjPsb0qBLp0MSBY7mea4FROU4QcpCp7Xm2YRnCs0PD
DA1bgGRsOk80RIi9TpqrqImkaQeWL7ipmb5vijiKA9MPI1MzhKHbTmRrgNozNB/scwdTnuY9DrAK
pN+JXCc2hGlGjqeboelHhh8aRmg5IUhSj3aooYO20IVEqSIHVHwQcVja4pplWl4AFi48Q/dFEEOs
iGMdePL8MPR2yUlzrChaY0ETNg+sSAs0T4917vqW5grNc33HE9x1OI9NU4sCINkI7F1MK6KFnMAJ
fd0ItdjXbBtUHRmmrnkiNCLd9QPfiS2wMKD0AYbpIOVIVI4euyBGL4xNUFhoWMIS4PcGDyMB0tK4
Dm5ghjtO0AUCiLMHnIeh6do+tzWPO34Ugw+GFvxxXY0HYJahHfpWEI9RZEHd5qYDU2iRL2IncEI7
DixbgKfYXDcggzvCtR1TD0xwfDHGMKiVqZCimH/wGwL4AFfJb2RpAaGWdOT6ng1GI0LNdCzDcTAa
mIHpgMcB0BZ2JFzfcB/DMk2KsK1oDnzD4I5lgc+HTuhGnHMb/+eZhg6q10VouabHxY58qyzPP4o2
4x9oHHwdQrPr6aGl+1yPHUuAe1kQWkwbA7DtC8MPMNHyTSW26AZ9RQexHoQcwj/XEgKka3hQHgXg
SJYW2LpmO0J4kRkEjhNqvEfSNEmk5GpCsvCDwI0D2/Q8x9fjyDVdsAvLisLAihyYHcYGaB2nr5tN
xXk7/2F0r7abOM+2oMF0CwVGOm2L6VsgFa3S1CBq6J4Rgv54oLt2BE5jWlGgxWDcju/5nobG9Rgu
SBmeNsBlu4GrG+BxIooC3w0hsXEPQpNphJ4lNNP1fCMyhP9ruPQhrkhYATciC6UX+0GkCd0PDA4+
B4HYtCG6QObwYtnTbPKPvKz3IbSJUmVdzDuO71hAReh6muVBSPEsA4xAaKDjSIf0BUzqnjDsEZIC
PG6KsVs1txCQfNOPXRGBz4ZgEkHgh5h07TDQ7MiDeOtbvuYCGuqVOtuabalcfcawU2UhHZJu1JcC
WOyxOC/ZqLpaZs/Y1RoyKatEXUO/UTFeClavBcszUcEFr1nIsyynbweSLEwbCB5wAROwyplBQoPM
Sy9XANdlvhH4UUL9EGfFY7HHcnhSVoiSBRCtbtg2b0qFiyUx20AXAu0yrgDFDX4RAH04IIbGt0O3
H8lT4BW7y7Ova4a5n5cM2t98gyfYIYNtkUI8Dy75vluLjDXFquQRIJgts2XWIpsvM8aefVgLJIzV
OcPD/QxQMNmAVVT4VVhaR/IxkSqDPwN5pqImeeF+VSiYzC0I2SBmkHgopinH4ngl5ozqU3xQrZsa
qsVsqj7smLPlRBWOy0bTdR3+qwmT3ayXjS6iOOnAcOdnK5biFdeT/1lOiIXDNM3vWJpUyBZTOwzs
NuF4cL/c4pif8aLdfJgDYw2R8kyevVdzGDDAsLBkoFqQHmILtkzJHMfLnYNp93jA1bMP4FpgOqAA
HkUMajSpJ5Q/aOaGbQSvmpK++WCgnUAg0SBF8XPDU5TvKrmFsVB8NII9V4tCKf0CscsVxbQUBbTC
U9DPaiXKOTymtd81mwDEB+Z3WG2z8IpXN2Ah5Q0Y3IwGvK9Ah+gDLac4bF3mWd6AmmF4tcdoy4fJ
pgQdZ48+mAFGsPsg2YDjImzTZGBqOEQivyQ7AJ7AHMv8PgFTFCAGYIlMPOuIQ9kqgk5jNGocg8a7
x5L6axBfXdK0SOBWENnWzmT2HHhowMEMEguxMVWczgnVrlFzMo6yyTJUZ4QNZV6QEqiDqWbsWNyq
a7ZJVmvwejyNtDf0UmU4KJGybIpaQqXAUDAboE3xRcoF76WuJJKew/HDDiD7cQrQRtDmoDXAb5Nm
A0ODwVM5qLO0ZbYRsNxWeu+3aR6A9eCmFZNw8INNUmMQ2IgVD2gHmV1KUWsk3KRC3DT9CrV2l5Dk
yaLAu++mElFrZBVxiKcN4YIJPPeDaOJSiHZJaeSgrYY+DFrloKgc/RmtAhdaEZlTIm3ONOQCVqdY
LUu3vzwHuAv4KfrXvIz+GP1VnRdEgoqzHUkKXcUgfBSYdqOOIFy1pUrXDEsRRkHgA3mFoq/6+gko
JL8gkjBisLCBLJVBlmLiXoQNBd9ckiw9ErNaN1rch0JEVc+RDFznVydzdvXm9JK9PT07vWKHi8Xb
05NLtji5YB/OL747udhjMIhdncOoE/bhzfnbE7a4OD86ubyc7YaAkTwM21HiWIgyySlzYyCukEH6
3q2VRhdsdZA91A4RxRYaMoVQKGSYJVRHeQZ8QoAGa0J+f83YpJHdrTEFg0wwBMlhhFkigdDbB3KZ
kWiNc8whWBDQhNnD0WgLag8b1FaIEOsGKVkkV+pVzu14APMSRdWzamqK1+rF4yQpzk3F+YqXAXjG
tC/BKQA9Ll1yNSRHzWJqFsTuDc8aqlKGlEAF14ANvthrc8KuEbZmKNNrDL1KLfnd9C44Y+cy5kuD
hzIjb9KooyWBJHKXsZ7+SiIuiHxg1NE0xSus9pqCxYMkSaYjMXS8xWW+aZOtnK1GTIemOdQwcqM0
+cA22CMmNbKOy7ayRJWVOX0m1hpy1GwKWYbJWo+pB1N80OrrGAepCUQ7kdlyAHeQ5sHZ+SMChqQN
iQ9WuAUjq6pGVPJD2kqs2rIUgxau1lO11ypS1giq+pxJanDor8ppw++ntH1btbQf8QKhyabZQI6F
9FoicvnNJygS8jQe8JFU9HJFf1GiJI95aGNQlReKIlpwiuVyA0nX6jR2nMtHuzYtv+Fs8cvBrQtJ
XGrgkDOqHKa0PdzxdgykUK0C5SNKD6iTBYbEUnBsXpicIznsuYNpSp6Sn3ZlHNxXuyjAFPsFhffT
qD5lh8ssEzUqbK5SBJRm6zyVJWaAR6aoEieSoWoCE1JJhmKbbJHUU5la1NfZWGzK9PZsqKX2EYbV
clsj8j021QcKJOXRwtO6JUalAIrafR1LrxSwhIwk59j0UKGPkwGoyJqxN1ALgi29pOKOHS3e7zE8
AwcDs+guicDsqVaQ0bPDPyX8c+a0ZXdfkVckncHYGTuMIFCteRrvQ88p24RIgA2rpWBRhvuHaGAD
R+zT3gDZsBU5uceohiUmT2cMiXi/yBZtsd13ithLIFF4KggnNkVWTNX9TndzpryuSj6KTp9Ylrdq
rDDhqZIJynZpHoPUavmGnPRixhZqTsrLFU3gqmVVtkArxiVfIQugExBbVaRUsWAfugHi0dl5iXo6
ShMYJRvrEpopUdXs7Oo9UVoBS8h20NQMG3lSZb+cbC5mbazZ1M0UZ82J2mF/KDJ676R+dwB3EKAW
goK1ZRMa5ThOwhmjLLXmWASwZAOyqVF3oA369QQIU3tECyjtloheoyQg6lIghhTNKZxXUqWylICx
tbJR5ETIjQQV6lQ3dXxORdLx6eXhK6iPqJ5qMrIhDNgNRkp6ZSqLhASNUf0GQTTsN3o+e1+PRNCs
5m3T9nemY7OmStY1hCt6zlQvX8ndB/TmrMpl8lYeoSMySbXEdrTO84p2KNpeTbTdOEVx3F5mFb9t
swV+BT+Vz2jredDGA2F4vSeLNrV581OeZHJDgCT1NfshyO/R80t2esye//D+9PgF6B3cHmiA8Xeg
NlRMAukenAN7uDJS8pHlB3hD3usuA2//4dXbFr/q7waQr2kxfJ9GhQOpV5UixFvebiWpNHoP9E3x
KMPLPI5pWXiWxNvpfZNEvUJIntPxLs4VbcNIV5M/1CFlQJFe+VVTqe2gEIJILcOsmjOVc+ZMvXDF
ZWQKUeFRrYI5kGerrkfJcFq6m4r32lG3ibibdgn6sZ0zKdzDTd5g9IhlrlPBBETWihZzO0ZH2goB
9eM1JWeYfEGpejCZGM+EbL0DIZEFIkbfpw/pyZXWrZ2RaSF4nPQl+7hQxz7EQMZ3SQVeQspaTEA+
fYxK7XEyeQmYIsZbcwdi28n4t6PG3NnhCfBTI/SzKolkzkB+OOgUDK5qgqEUVphEYYSIZOqkmy61
0VaTMg4ehiIV1ClI86ZV0+QGlsA+mSJRyoH1FX2jLeMYLMHZWmIbBDnw/qqWKZmInaI0WtKmvWgk
a6fH1YAvDNOoeYmNyResHZtqy6ktc2jOSEmAb8oM9gzIxIOGnSL7ba1Ol7OHylTB644n1M1CMoFW
T1pRkRdN2rqNusF8T2NU2jANXJDaIOSSVsKMi5ELSgLVYCBEbeTNVamD+47UXEuwrBSUZeHPQHQR
OuqDHnrmFH8lZgfUBYYxWJ08GOR0iAdTeTKpG7kGvc0lKbNisylmSU4UQ6jbbrA5pB9KqYDDqicd
05R6zvrnxAKFOb5alWKlthTV/qPcZsGfIrnZ5Y/og1hzfnw+B3lMVVKQ9QGGrzshOxBOv3KCK1ZE
eM8AwWaDtwOQpzvJNwWeYZLKeSBUUKh8rowJKiE8YUC5bJBvjnATXwz38vYgORRrDm4hMLKXSENb
l0LGiEUJvccU42KGyVA+bXOXzBx8tDeoTn0Mkm0DNTjUNhRb2xCmEJKW5fN2jQdalXwN1Vonmz6D
qGyMSHE8Wj0mDNQihnFckDY91aR2g3vWL6CeDFdoJffpfK+SidSk9IDBXpLCAehrJc9212itgDLE
lV0noaIDbsJDsxZRGZTEHSJ8md6U8tUMRpt2K0VGXsCnolObbzmezVN9GpTWHA9LqTssgIBGpat5
qzT5DGwU9/Tm7EeqXKBo3aNNvn8jUpmYu+Q9fGVEbGAlXVKAx20UGbzQqkT9aB6l+EztY0UdA7Xf
+J1ZkQpVBAzJl+sSXBr6s0qgG1iaJW+7FYEneaD1GimSn8LRCOw7BG6zfaPOcezZ/j19cbFn3kdJ
We9RBP5GlX3yxctwB0N6NGY9kLPaYOSNMsEUNBdu8UVUE9ZN2Qbhtm0ru1c2FGEAD/3SVdRlRUAx
bV/3gD3IGv/ZawottBSNHyGhIllBrgeQKRWbgyowl42AuIdAV6mON7yhLyu6nxhLoFvZyqqOxiG/
9AtRqUwb0m8kl4QfyqSyi8340nZXw/h2c9HrW/4OFL3jW0IJA5Q17LUImGEx3Z5r5lw32YfTV8zQ
DAMHtO/hXgoIt3C/yevo5eXNlj5cRoBccIrO91L3ddPYAd46BDYRrLqFpAAgWDtA7tZJLab4Cu6l
RuihnVLF20ubICuOmwmRkM/ly8EOBvUuQnH7Fl/ztPfFbaHwRwn2V2DQ25dEWGefXbp7SVxSaYwV
98twTa8RfdyBlVcczHTTj0KLH0zCd/Uvj09eH75/ezXgkV4cKiIofaAvq/tRefvSQ9CghKchk1/+
H6qtOG0=
===END CRASH DUMP===
