PocketMine-MP Crash Dump Sat Feb 26 02:35:17 WIB 2022

Error: str_replace(): Argument #2 ($replace) must be of type array|string, pocketmine\player\Player given
File: plugins/Quest/src/hachkingtohach1/Quest/Quest
Line: 148
Type: TypeError

THIS CRASH WAS CAUSED BY A PLUGIN
BAD PLUGIN: Quest

Code:
[139] 	}
[140] 	
[141] 	public function getDataItem(int $id, int $meta = 0, int $count = 1, $tags = null) : Item{
[142] 		$class = new ItemFactory();
[143] 		return $class->get($id, $meta, $count, $tags);
[144] 	}
[145] 	
[146] 	public function rewardQuest(Player $player, array $cmds){
[147] 		foreach($cmds as $cmd){
[148] 		    Server::getInstance()->dispatchCommand(new ConsoleCommandSender($this->getServer(), $this->getServer()->getLanguage()), str_replace("%player", $player, $cmd));
[149] 		}
[150] 	}
[151] 	
[152] 	public function checkQuest(Player $player, $event) :bool{
[153] 		if($this->getQuest($player) >= $this->getConfig()->get("MAXQUEST")){
[154] 			return true;
[155] 		}
[156] 		$quest = $this->getConfig()->get("QUESTS")[$this->getQuest($player)];
[157] 		if($quest["EVENT"] == "break" and $event instanceof BlockBreakEvent){			
[158] 			if($event->getBlock()->getId() == (int)$quest["ID"] and $event->getBlock()->getMeta() == (int)$quest["META"]){

Backtrace:
#0 plugins/Quest/src/hachkingtohach1/Quest/Quest(148): str_replace(string[7] %player, object pocketmine\player\Player#107841, string[14] givemoney 5000)
#1 plugins/Quest/src/hachkingtohach1/Quest/task/SendMessage(45): hachkingtohach1\Quest\Quest->rewardQuest(object pocketmine\player\Player#107841, array[1])
#2 pmsrc/src/scheduler/TaskHandler(117): hachkingtohach1\Quest\task\SendMessage->onRun()
#3 pmsrc/src/scheduler/TaskScheduler(141): pocketmine\scheduler\TaskHandler->run()
#4 pmsrc/src/plugin/PluginManager(466): pocketmine\scheduler\TaskScheduler->mainThreadHeartbeat(integer 3681)
#5 pmsrc/src/Server(1768): pocketmine\plugin\PluginManager->tickSchedulers(integer 3681)
#6 pmsrc/src/Server(1657): pocketmine\Server->tick()
#7 pmsrc/src/Server(1046): pocketmine\Server->tickProcessor()
#8 pmsrc/src/PocketMine(304): pocketmine\Server->__construct(object BaseClassLoader#2, object pocketmine\utils\MainLogger#3, string[36] C:\Users\tranthien\Desktop\FoxCraft\, string[44] C:\Users\tranthien\Desktop\FoxCraft\plugins\)
#9 pmsrc/src/PocketMine(327): pocketmine\server()
#10 pmsrc(11): require(string[80] phar://C:/Users/tranthien/Desktop/FoxCraft/PocketMine-MP.phar/src/PocketMine.php)

PocketMine-MP version: 4.2.1 [Protocol 486]
Git commit: 6d6551253173a498128c750c38e719f19880ad49
uname -a: Windows NT tranthien4-8sin 10.0 build 17763 (Windows Server 2016) AMD64
PHP Version: 8.0.13
Zend version: 4.0.13
OS: WINNT, win
Composer libraries: 
- adhocore/json-comment 1.1.2@fc2f76979f0a44a5f5bc2a2b600d0762fe0e78e7
- brick/math 0.9.3@ca57d18f028f84f777b2168cd1911b0dee2343ae
- daverandom/callback-validator unknown@unknown
- fgrosse/phpasn1 v2.4.0@eef488991d53e58e60c9554b09b1201ca5ba9296
- netresearch/jsonmapper v4.0.0@8bbc021a8edb2e4a7ea2f8ad4fa9ec9dce2fcb8d
- pocketmine/bedrock-data 1.6.0+bedrock-1.18.10@e98c511584a7bd58a95986374d2df4b04c6a2ba0
- pocketmine/bedrock-protocol 8.0.0+bedrock-1.18.10@017e57c8f8a74118bcbba7332e7ebac9e6c81693
- pocketmine/binaryutils 0.2.4@5ac7eea91afbad8dc498f5ce34ce6297d5e6ea9a
- pocketmine/callback-validator 1.0.3@64787469766bcaa7e5885242e85c23c25e8c55a2
- pocketmine/classloader 0.2.0@49ea303993efdfb39cd302e2156d50aa78209e78
- pocketmine/color 0.2.0@09be6ea6d76f2e33d6813c39d29c22c46c17e1d2
- pocketmine/errorhandler 0.6.0@dae214a04348b911e8219ebf125ff1c5589cc878
- pocketmine/locale-data 2.4.3@4d0b081f1a79407e087968ea76aaf330db6ea2b5
- pocketmine/log 0.4.0@e6c912c0f9055c81d23108ec2d179b96f404c043
- pocketmine/log-pthreads 0.4.0@61f709e8cf36bcc24e4efe02acded680a1ce23cd
- pocketmine/math 0.4.2@aacc3759a508a69dfa5bc4dfa770ab733c5c94bf
- pocketmine/nbt 0.3.2@3e0d9ef6b6c5fb45e3745a121296e75631b3eefe
- pocketmine/pocketmine-mp 4.2.1@6d6551253173a498128c750c38e719f19880ad49
- pocketmine/raklib 0.14.3@4798576fec0364266dce23b368a7fec5e5de7927
- pocketmine/raklib-ipc 0.1.1@922a6444b0c6c7daaa5aa5a832107e1ec4738aed
- pocketmine/snooze 0.3.1@0ac8fc2a781c419a1f64ebca4d5835028f59e29b
- ramsey/collection 1.2.2@cccc74ee5e328031b15640b51056ee8d3bb66c0a
- ramsey/uuid 4.2.3@fc9bb7fb5388691fd7373cd44dcb4d63bbcf24df
- rhumsaa/uuid unknown@unknown
- symfony/polyfill-ctype v1.24.0@30885182c981ab175d4d034db0f6f469898070ab
- symfony/polyfill-php80 v1.24.0@57b712b08eddb97c762a8caa32c84e037892d2e9
- symfony/polyfill-php81 v1.24.0@5de4ba2d41b15f9bd0e19b2ab9674135813ec98f
- webmozart/assert 1.10.0@6964c76c7804814a842473e0c8fd15bab0f18e25
- webmozart/path-util 2.3.0@d939f7edc24c9a1bb9c0dee5cb05d8e859490725

Loaded plugins:
Alerts 1.0.0 by hachkingtohach1 for API(s) 4.0.0
AlwaysSpawn 2.2.5 by Philip Shilling for API(s) 4.0.0
AuctionHouse 2.0.0-BETA1 by Shock95x for API(s) 4.0.0
BlockGenerator 0.1.0_beta by BlockHorizons, Chris-Prime for API(s) 4.0.0, 3.0.0
BuilderTools 1.3.0-beta2 by CzechPMDevs, VixikHD for API(s) 4.0.0
CraftingTable 1.0.0 by hachkingtohach1 for API(s) 4.0.0
CropGrowth 2.0.1 by NhanAZ, kaidoMC, YTBJero for API(s) 4.0.0
CustomItemLoader 2.3.1 by alvin0319 for API(s) 4.0.0
DEVirion 1.2.5-ALPHA12 by poggit, SOFe for API(s) 4.0.0
DevTools 1.15.0 by PocketMine Team for API(s) 4.0.0
Dungeon 1.0.3 by hachkingtohach1 for API(s) 4.0.0
EconomyAPI 5.7.3-PM4 by onebone for API(s) 4.0.0
EnchantedUI 1.0 by ItsRealNise for API(s) 4.0.0
FCCore 1.10.1 by hachkingtohach1 for API(s) 4.0.0
FishingRod 1.0.1 by hachkingtohach1 for API(s) 4.0.0
FormAPI 1.4.0 by jojoe77777/DragonfireHD98 for API(s) 4.0.0
Gems 5.7.3-PM4 by onebone for API(s) 4.0.0
HealAndFeed 2.1.0 by Kylan1940 for API(s) 4.0.0
HealthTag 2.1.2 by Shelly7w7 for API(s) 4.0.0
InvCrashFix 0.0.1 by Muqsit for API(s) 4.0.0
InvSee 2.0.1 by BlockHorizons for API(s) 4.0.0
KeepInventory 1.0.0 by NhanAZ, KhoaGamingVN for API(s) 4.0.0
LaunchableTNT 1.0.1 by Vecnavium for API(s) 4.0.0
MaxEnchants 1.2.4 by Xenophilicy for API(s) 4.0.0
MinePos 1.3.5 by hachkingtohach1 for API(s) 4.0.0
MultiWorld 1.7.0-beta3 by CzechPMDevs, VixikCZ, fuyutsuki, kaliiks for API(s) 4.0.0
MyItem 1.7 by hachkingtohach1 for API(s) 4.0.0
NPC 1.0.0 by hachkingtohach1 for API(s) 4.0.0
Napthe 0.0.2 by hachkingtohach1,tungstenvn for API(s) 4.0.0
Parties 2.0.1 by Didah (@Diduhless) for API(s) 4.0.0
PlayerStats 3.1.9_BETA by hachkingtohach1 for API(s) 4.0.0
PureChat 2.0.0 by Vecnavium, 64FF00 for API(s) 4.0.0
PureEntities 2.0.0 by LeinneSW for API(s) 4.0.0
PurePerms 1.4.5 by Vecnavium , 64FF00 & ProjectInfinity for API(s) 4.0.0
Quest 2.5 by hachkingtohach1 for API(s) 4.0.0
RedstoneCircuit 3.0.1 by tedo0627 for API(s) 4.0.0
Rewards 5.0 by Wertzui123 for API(s) 4.0.0
ScoreBoard 1.0 by hachkingtohach1 for API(s) 4.0.0
Sell 1.0.0 by lenlenlL6 for API(s) 4.0.0
ShopGUI 1.0.0 by hachkingtohach1 for API(s) 4.0.0
SizeUI 1.0 by fernanACM for API(s) 4.0.0
SkyBlocksPM 1.0.1 by Vecnavium for API(s) 4.0.0
Spyglass 1.0.1 by ItsRealNise for API(s) 4.0.0
StackStorage 1.3.0 by Ree-jp for API(s) 4.0.0
VanillaEnchant 1.0.0 by hachkingtohach1 for API(s) 4.0.0
VanillaHopper 2.0.1 by ColinHDev for API(s) 4.0.0
VanillaX 3.0.0 by CLADevs for API(s) 4.0.0
VoteReward 1.1.0 by  for API(s) 4.0.0
WorldProtect 2.3.11 by aliuly for API(s) 4.0.0
_NewAlias 1.4.0 by Javier Leon9966 for API(s) 4.0.0
libEasyUI 1.0.2 by GiantQuartz for API(s) 4.0.0

----------------------REPORT THE DATA BELOW THIS LINE-----------------------

===BEGIN CRASH DUMP===
eNrtPIly20aWv9JLZzdSrUjhPjSllGVJjrVj2RxLjr0TulQNoEEiAgEGhyR6Nv++771ugAAk23LM
2aS2xmWbQKP79buPRqP/MYrzYsmrqxtRlEmejQ6svVGVLMXoQHcs29NdV3cnumXrhr03qlfqkedN
fN80LM0zTcMzLHdvlPKyOi2KvBgd/GNUrVfQbXQJP7Jtb7QUZcnn2FpWxVUhVikPxc7uATsq5vVS
ZBV7YrCd79SDXbasy4oFguUxQ2iMFwVf/w+MTbL5Hlvl4bWolkkmZjMYsBbFbDalXzZPbkQGE8Z1
mj5PUpzx+GA2e1sChbNZVfCsWiQim81ORHld5avZ7Hl+d1zwuEJQ9TzJoNvfalHCfVmEs9mCh4tr
mLXK8UpvH9LPZLVY4WRyIjV+nx7tw+j9wWD1hP6HYSkQAOy0PGB6AWSPDn4ePdHYV4HZgeHAxi5X
JZd+dj+wf5fM2WN58IsIq8/w7YmuuZ6l7zE1WLc+ECuXeSbWzNY0bRcQfqI/GrmKl9f7FyKLzqXk
dywb0PwsM8c/FOKWF5Gk6/Eok278rH8gDA22WiJW9C9ciKhORbF/Cdi84FkE1zu67n4GE8R7Nusg
Pv4hz97U2Q5BNz8J/aK5A4HoAL+Ld9tzNusgAuQ2YK0OWMng/Sn9nPMMUCh2LMf5PMx2+vEPS55k
l4tC8OiF4EUVCF7tJFklAA4zHU+nGe3OjBeiuEG8XccbTCJxQYZ3kBn/UCXhZsLyPnDnAeCO7Q6A
yycSmmSD+8A4zXI+M25a5CGIKS8kAK8DYEpDzmHIjqlZn4BxdRXmGah8HbYK94yX4hjcWfky5xFo
mfGg9dRVkoKjOAdev8znQP0Ts7Ud0/nAHu1z2lGW9RWjWk9FZPufINsYsryUTJWmrMlRYA/QqxC/
1knR+g5P+8BWC14c7O8fH+wTSvstRvsKof0Gn86k4/PpBAcOcEE/uTv68NveSPypgsQ3+m2gR469
SrKbPAV3CUgCwAhYGWJP+RRamqFhHgmkXjd9aJ1Vv0Gbbml0TZc6Xa7qIE1CFtdZWEFcZnNRnfCK
n1ViiebGvkuiPUYXS1Fxdsg0dRvmNfwcMnCL31V8XsJlBpFwlx0wHPwPmsOgOWbVdyHqOXYRt/T4
OQ+rvFjv7P6F+pmqXyGqusiY7D7+AZDZIQRo8j01qZpQDbU61Nkb6pwHqeu6fSWh75rIRTKFKZZR
uSuxdxVWkLoIEM4OPWO8pE6qj6f6MPgjbf3gANA+A1vnGerU+IcoKVe8ChfH+XIJDnkHeXAMziBP
hWrCIADW8h0ovaRa+aRdJHXYRjcveTavMdjt7u71QvJspELxbLS3oY0QVgzzFcbEMlvbsM/WW/bZ
xoPsA08cXj/Mve8EKHoF0g/yPCXW2I1Qk7hDmRythu2yHw47FAJT4mSuKARKzo/e/+3t6cXlbLQr
uW1bCmSrKeBQBZFl2z2ynEbxfsX52OdmoSkuYI6fP4XlBzmD26GHwP48G53+dPoK8PvADg/ZbBSA
nlzPRgxEqhgCtiIVATzHsxT8xDPsckq8+oekhGB7LWEInYYSIjRG4XoW7eziPGiXuy0GZyc4/WbG
e8POwXQeGnh+enkEQ4Gzv/0rK/xXVvivrPBfWeH/96ywSZNKTIyOQHkquso4LjY0DXujdo1ipE+0
iQYtvK4WeVGigxwYLgLlqwSfWNQZ7kXGg1REowOMTnujSKzAnHEwPCvzuDrpNqC5wEz3/IHEpvnF
XBD0ATpOX19cvnv95uUJNN2KoEwqxH1RVasSuHWLiUa5SKrJrRBBup6E+XIfHfxResvX5cWK32Y9
kjetXbqNiTGx+3RPF0marNgF/EBWOt8W3SsCWyqosxknjErEaDaTJrCh/eLy6M3l22mPciKupvzk
RV6Xoktdt7lPHmA8fgYBUO8TebEAlfHtu2+jbnQKVp0v10fTs9GG0lLBBholXgvECwTcx/KzYkZi
Kbb/KDJR8EoWOIrcwYMuwdoENPkqgEygTy8NeZEXyUdwQ/DoeFFABjQtcPVtyIK9kfktgu5NNZv1
kb0v6s/QXycpdL2EPLNrvb3mvg0D3mOk3egTf/xRhIvp+Ym4wQE/JXfJ9YuTbel1iMBXywiAz2aB
xK1C3ID0PqaPsut5Ui3qgKy5g/Z+DxTwhtwh2NElItxhTr/9T+LhekgNbh/DF2ALsDdJw2I9KdeV
KCeZqPYjXi6CHNK4fcmQfPVjkd9Wix432sahVxj4g1cLnh39HdqueRLl58dw9d+Xz/5LFPm2uCJn
QOobnGRU/x2KoZBFquuyypdYZyuz6tA+fNTngDnkAE9vkkwzdX9bBLcAgeYBLvdbHuMPTk5/SgrC
vyWybeprOsS08dHL6YsjfeAJVpBCJViIXbx+LrYW2QjobHZDqMxmqKvyqoPeFwIbGPnQz7VNfdp0
e2jGm+yHXQq+3BZZzfyYF94MfNhDZDygqBvM9lsYSGydzUVfjqpl6LDMP8ZhKXTai205qU66sKG9
09gl3564E3M8Pbf6LIAyOYB/2yJdgZvNhMQCYM5mPYy+aJanWQj+qBLR2x5VndaBVPsEnVXlG8HT
V0m5NaI6IIGYDSKPc7hI0/Pj47zoxlXVMDDFe2Hk/0pBJTrN77bU83kC6Xk2f5NHXco3jUPr/KOI
bzHqXm+NCXmx7Bto09In3xoq8i/5L7lw8c/+ScHnuPhYiBcnvrctRmwmwAqdcGovHqPUP4plN77Q
7R/ocXB++f9jkH8BBn2URc+F6Cpnt7Wf39zzM39dpzzTfUvbFiEtwNmsg8bjfQwOqhaXfD6gR7YN
qTGG9atI07V7626LmrIBKKkhJB5Py1l2A1l9uXie3HWo6bb2i9R7vuO8/hXAbYuYJUGbzZLsJkQE
4uTuawpPwPtCiD4h2PCFGqJfY2+JlEE1LTH5GmL+KsQKRokMX8N1aOq3f6FSbMujvy5y/iNfgsv9
6dW2K6MeRlsojl7yGmM/4HP56rJDeb/9C0HtJxFm/Capt5ZWtwBBiF1EBrePEe05v1PZTdevd1uH
ZdHAtb8XWU7rcuF6W+R1QKIIW1R6N48iDqqGad4jTLUM13zsPyYNUei0F9+8cntep1XyLi/SboTr
NPbpdtVal/nFta7jv9PmtXVdlfV1QmscaZJcl/+UFbAl4nuL+AJjurh/y+pXBxDyaY3rBl0eyYYB
f/4grSBcmt9tJaWvpscdevHuT7K0B6h8naf+pPa/4qtq0Q26qmGYOBifJXSvgoq9rER2k/3zaCbE
mt/H+LIpL6pEdH1Z0/KFlOIkifiC7TyF33qRirLc3RZVUQNxNltJXGazDVJfa6wtfkQtvTW/qHgv
LHVbu1SbkNz6V/iK5o/R4A5evZtvVuhpXYjjBa+6PGia7r2j+lTSsTdyrOfPta8rWmieqSiW5OIH
r6xwQxZMXE6LHKC/B8+T1+X0dNy0d15kXcm5gS0K783Vo7Qe+p5mVTJU/W7zFxjxUiRZJi7ebUv6
KcEDlQcchMJBEtXB6OvWOBsU93tQFPlSCH3aZdtwMcH+hAawPSalwP6Dgchwf8BZFidZUm0tZeuJ
mbDrXD5G0HIn4obKZmdiV7R/UJLW3fbzzRb9RkRllWfiOCnCOulSPHzSd3D33HololxzjK0V7w28
2axQiIQSkdnsPmZfFOcb2hxV9siTLf3VooGtvhNF9bFOdMPcFlkbiEgHofC7y8INrH0FikR6EeaF
eIZ5VofcTuNnl67/r5R4g0/3+pvV+UKkaZdqvP1CWpmKDP++dL4uHvW3SXzaOSvguH8oTXHzFGH0
RYW9WOSrH3tvH5qWP0mWrNBpL7ZVFlwkH0WfbtnwWa2NRZHx7Oj4fFvktgCBPppf/v4OI92ghsRd
r2nxq5yedynstP6BSzcdNHo3j1LX1XqO+/66VDVNXyDpn/2yrMHj8Su/kCuH1xdVXtBXFhuCus33
Nun0iXojxPiX1bbogcTu6pcVuBDEoJQYAGEdfOQm09+hnhLRMW5xDGk7ooJKRAIvfuJZkqZcrXJ1
uDF48CfxSn2shvfb8lEK6ot8tertT+m3f6EOPs7TJHtxIm62xYwWYEu2RGRw+3vWrVpUN8S/v0/3
+3s54kALjl8e0SLetgiW4Fr63m+uHmPmP+WVkHlTl5RN4+DF+ICYrZl2zFPaRHgDMz/eR9HKIRRP
FX5BtUG/13xvd9S97VFJna63tzcKoc1mtFC6kigM6Xlk/XleJ0WciDTa32zAHjcfT1TgDfeXvKxE
sd8jF7hy9UrcHqUJ78ahTdsXXnb/F8RBUbCXIs9833G2xRcJtoGKe6IBF/XzO2yxD25fgvkNv7YL
Tnm57qVOm7ahex6sOP6YgHf8W82hntgW2XLi2axF4AsqjR8J8gLwBrkOtoA1++IJlbtKZCUt6gCd
ckfLyEPvii8NgnDJcbfkpiXkkH9HMLbbli+vorwCv95rVZ9abhrqIu3eR7zqPY+TtBI9wPPlqnu7
gKDRvU+gZLjpNvxSkkDa+2UgPyHoteVF1W6DRrHhJ1kROa1Np1XY58MbEaeC1r66rSVxtOw3RZhM
dloupi9706/LX9MMJ1NXrH1U5dcig6S4x4K7O0U1oov+Zs2XqdqUj7cfk5V0pz4tn3wEFe0Oh9u7
ZZ/rOaJnaJqp64YPDdOT1z3So/yKUBs2QlPSF1gOWlqWvY4XyXKVivfnPZoHGMAtfhA0oHOZ3hbJ
QP6rij4dQg43286ni4HuLersmj6AMYhJcs9qMg+SjOO7bAibxsRBTogbcICB6oSgICNZVblqMCSz
IhC0VEtNRaiNx7zazNV5jh/zJlmc9/Q2uifypKclxEqz21QIMA+0w3ktdbGB/3cwN/Z6GkI+1mE+
WvdipebFGWnzfLdU75k7mjIvxebADeCn1B/ajT46MDTbAraVV5CrjQ4ghJbglzDo5GEOUC3PgTlw
OWvkRI6NB3OYumtyy/d0wwtdWwtNT7i6H+u+52k8slCz6iaIJlmU35bs1SVrv9uxxl6ZZEwHqTLC
gemu65hsp+ksv4pihqY7u+zo/MTB99J47kWHaR8FWZLV6stidYWvg0fvzl7R63G6uaWICU5qlZei
uAIpF7xQ6808WuS4WrKPrmMMfdSn1JifGE/j0Ihdx3f9WOOWxe3YDkKDG4GjaZHmOkYsNOEC3cjH
Igmv95W31Cb+xHwactuNdC/WDC/2rNh13cDQHS+MdF/XAy0SwjAtkwtyhUAruCGIR+Bg0wBKhvEN
JACR/KoDOHmd5bfZU/WLajcv8rIU+0AyLzP8WPfGwBD8VIjY8jzf1yPbFLYnHC30bdsKND/QgZmA
VMB9w0eTAIddiFLwIlwQ/Usu8+/RDVnbUy8IQs3QuSeiwBAWdwU3Yg+EG3NfhH4UCiMOAy/qWcl+
IKIC7saAOydOOhPtP5tG4Ks30QFL3wttXbc9gBpEtsd92/cc07UiI4oBWSt0gM9cexj0RjFJF+6D
13RX2G4IfOeupeteEAYBd03TEK4A5vrCCT3d8c0BePIZGwMHhj61eegKwX2dxwGPvCgElY/tUJhW
KBzDdyNbOPCY9yE9KETarPzUsVzPtUCpHCcIOfDU9jzbsAzh2aFhhoYtgDM2fZ7SBYgVd6r27xNq
2lPLF9zUTN83RRzFgemHkakZwtBtJ7I1AO0Zmg/6OYCUp/kGBmgF4u9ErhMbwjQjx9PN0PQjww8N
I7ScEDipRwNs6DSFhfxylECBiJ9GHKa2uGaZlheAhgvP0H0RxOAr4lgHmjw/DL0hOmmOGUWjLKjC
5lMr0gLN02Odu76luULzXN/xBHcdzmPT1KIAUDYCewhpTriQETihrxuhFvuabYOoI8PUNU+ERqS7
fuA7sQUaBpjegzDuhBwJytFjF9johbEJAgsNS1gC7N7gYSSAWxrXwQzMcGAErSMAP/uU8zA0Xdvn
tuZxx49isMHQgh/X1XgAahnaoW8FcR9EFlRNbHpqCi3yRewETmjHgWULsBSb6wZEcEe4tmPqgQmG
L/oQOsk+JVLk859+hQPvwCr4tUwtwNWSjFzfs0FpRKiZjmU4DnoDMzAdsDhotIUdCdc33IegjJNV
2GQ0T33D4I5lgc2HTuhGnHMb/3qmoYPodRFarulxMeBvmeX5R9FE/KcaB1sH1+x6emjpPtdjxxJg
Xha4FtNGB2z7wvADDLR8WYo1msEmo8NtT8bTEP64lhDAXcOD9CgAQ7K0wNY12xHCi8wgcJxQ4xsg
dZ1Eiq8mBAs/CNw4sE3Pc3w9jlzTBb2wrCgMrMiB0WFsgNRx+KJelpw34+9793K9jPNsDRJM15Bg
pOMmmb4BVFErTQ28hu4ZIciPB7prR2A0phUFWgzK7fie72moXA/BgpDhaR1Ythu4ugEWJ6Io8N0Q
Ahv3wDWZRuhZQjNdzzciQ/ifgqV3YUXCCrgRWci92A8iTeh+YHCwOXDEpg3eBSKHF8tiZZl/hBJp
H1ybKKpmuzyYnO9YgEXoeprlgUvxLAOUQGgg40iH8AVE6p4w7B6QFVjcGH23Ks7BIfmmH7siApsN
QSWCwA8x6NphoNmRB/7Wt3zNBTBUK7W6NVlTuvqEYanNQjogoi44nXmByR6L84L1sqtZ9oRdLiCS
slJU+NVayXghWLUQLM9ECRe8YiHPspzOjUmyMK3BecAFkx9BTyCgQeSlN80A6yJfytNl7sMseSz2
WA5PihJBMjplgq3zulCwWBKzJVQhUO/jDJDc4KEw6RoBQ+XegtuHVJfXaVWy2zz7vmIY+3nBoIjN
wXklGMHWiCEegyHpvl2IjNWrecEjADCZZbOsAXYwyxh78m4hEDFW5TALZK0AQn1QXlLiV2JqHcnH
hKp0/gz4mYqK+IVLhaFgMrZgyxIhA8dDMU7VMScHjPJTfFAu6gqyxWyszvA5YLORShxntabrOvyv
CZNdL2a1LqI4aZvhzs/mLMUrrif/NhsRCUdpmt+yNCmRrOZ8CXaTcPa3WhRr7PMrXjSrJwd06AgN
PaWiXo2hMzgwsWQgWuAeQgvWTPEc+8s1gHH7uEPVk3dgWqA6IAAeRQxyNCkn5D8eNMCWgpd1Qcf+
MJBOIBBp4KL4teYp8pdOGmKQfNSC7ahJIZXeRehyRjEuxApK4THIB48MOIDHNPerehkA+0D9jsp1
FuJ5DqAhxTUo3IQ6vC1BhmgDDaXYbVHkWV6DmKF7ucdozYrJogQNZ49h+g2EYPVBvAHDxbZlnYGq
YRcJ/IL0AGgCdSzyuwRUUQAbgCRS8axFDnmrEDqLUamxDyrvHkuq74F9VUHDIoFrWaRbg8FsB2io
wcAMYguRMVaUHhCooVJzUo6izjIUZ4QFZb4iIVAFU07YibhR12yZzBdg9bi1fK9rpUpxkCNFUa8q
2SoZhoxZAm6KLhIuWC9VJZG0HH6TJxGg/TAGqCOoc1AaJKBdk46iQeex7NRq2ixbCphuLa33xzQP
QHtw/YnJdrCDZYKn1sD9nAe0eM8uJKs1Ym5S0ue6OPwSpXabEOdJo8C6b8cSUKNkJVGI37zABZNn
4gCYuBCimVIqOUirRntm8xwElaM9o1bgRHNCc0yoHTANqYDZyVfL1O1PTwEu6H0O/wUvom/Dv6zy
FaGg/GyLkgJXMnAfKwy7UYsQztpgpWuGpRAjJ/COrELhV36/BQzJLggl9BgsrCFKZRClmLgTYU3O
N5coS4vEqNb2FnehEFG5oUg6rteXpwfs8sXZBXt5dn52yY6m05dnpxdsevqGvXv95q+nb/YYdGKX
r6HXKXv34vXLUzZ98/r49OJiMnQBPX4YtqPYMRVFklPkRkdcIoF0DlbDjdbZ6sB7yB0i8i3UZQyu
UEg3S6CO8wzoBAcN2oT0fkrZpJLdLjAEA0/QBcluBFkCAde7ceQyItEcrzGGYEJAAyb3e6MuqNVo
ENtKhJg3SM4iulKucmxLA6iXWJUbUk1N0VruPoySotxUlM95EeBZRpsUnBzQw9wlU0N01CimRoHv
XvKspiyliwlkcDXoIB6E9rASNmoow2sMtUol6V1uTHDCXkufLxUe0oy8TqMWlwSCyG3GNviXEvCK
0AdCHU1TtMJsz8lZ3AuSpDoSQktbXOTLJtjK0arHuKuaXQkjNUqS93SDPaBSPe24aDJLFFmR06Er
jSJH9XIl0zCZ6zH1YIwPGnmdYCc1gHAnNBsK8HC8WwHGzh9gMARtCHwwww0oWVnWAh1DtQCpzZu0
FJ0WzrbBaq8RpMwRVPY5kdhg10/yacnvxrR8Wza4H/MVtibLegkxFo/cQ+B0PBsKksnzvSQWG76i
vShWksXc1zHIylcKI5pwjOlyDUHXaiV2kstHQ53G3Ai9noQvOzcmJGGpjl3KKHMY0/JwS9sJoEK5
CqSPyD3ATiYYEsqKY/HC5BhJ4YY6GKb4KelpZsbOm2wXGZhivaDgfh7U5/RwlmWiQoEdqBABqdki
T2WKGeC+NMrECeUSj5tkKsiQb5MlknoqQ0sg2mRThrcnXSk1j9CtFutqQWd2jvWOAEl4NPG4apBR
IYC89iaPpVcKmEJGknIseijRx8HQqNCasBeQC4IuHVJyx46nb/cYboSHjll0m0Sg9pQrSO/Zwh8T
/APmNGn3JiMviTudvhN2FIGjWvA03oeaU5YJkQAdVlPBpAzXD1HBOoa4CXsdYN1S5PQOvRqmmDyd
METi7TSbNsn2plLEWgKRwjf9OLBeZauxuh9UN+fK6srko2jliWl5I8YSA55KmSBtl+rRCa2Wb8hB
uxM2VWNSXsxpAFclq9IFmjEu+BxJAJkA28pVShkL1qFLQB6NnRcop+M0gV6ysMZDyPC0yPPLt4Rp
CSQh2UFdMSzkSZSb6WRxMWl8zbKqxzjqgLDt1ocio/dOZOsxO2/2CbVkQqEcx0k4YRSlFhyTAJYs
gTcVyg6kQYeng5vaI1xAaDeE9AI5AV6XHDGEaE7uvJQilakE9K2UjiIlQi4kKFenqqmT15QknZxd
HD2D/IjyqTojHUKHXaOnpFemMklIUBnVMbRRt97Y0Lmx9UgE9fygKdp+wONiQRIyZV2Au6LnTNXy
pVx9QGum41FxmLIIHYFJrCW040Wel7RC0dRqoqnGyYvj8jIr+U0TLeASN0DgM1p67pTxgBi9lZdJ
m1q8+SVPMrkgQJz6nr0P8ju0/IKdnbCd92/PTnZB7mD2gAP0vwWxoWDwuwkwDqzhikjxR6YfYA35
RnYZWPv7Zy8b+Kq+67R8T5Ph+zRKHEi8KhUh2vJmKUmF0TvAb4wbEg7zOKZp4VkSr8d3dRJtBEL8
HPdXcS5pGUaamjynX/KAPL2yq7pUy0EhOJFKulk1ZizHHDD1whWnkSFEuUc1C8ZAns3bGiXDYekw
FO81vW4ScTtuA/RDK2eSuUdLOooYi3wK99KZAMsa1mJsR+9ISyEgfrym4AyD31Co7gwmwjMhS+9A
SGCBwDOAGR1LR6a0aPSMVAub+0Ffko8TteSDD2R8iOpKHiAJs+EJww9hqT2MJi8AUsR4o+6AbDMY
f1tszMEKT0A7UvFY2iSSMQPp4SBTULiyDrpcmGMQhR4ikqGTbtrQRktNSjl4GIpUUKUg1ZtmTZNr
mALrZPJEKQfS53TGlfRjMAVnCwmt4+TA+stKhmRCdozcaFAbb1gjSTs7KTt0oZtGyUtoTL5gbclU
S05NmkNjekICeGNmsCeAJm53bQW5WdZqZTm5L0zlvG55QtUsBBMo9aQWrfJVnTZmo24w3lMfFTZM
AyekMgippJkw4qLngpRAFRjYohbyDlSqg+uOVFzLZpkpKM3CQxVbDx1tnB5a5hjPCB80tY6h36x2
HnRiOviDsdxb1fZcgNwOJCqT1XK5miQ5YQyubr3E4hBMucJ11rDcoI5hSj1nm+dEArk5Pp8XYq6W
FNX6o1xmwTOLr4f0EX7ga16fvMZTRccqKMj8AN3XrZAVCKezyHHGkhDfEEBtk87bAYjTLefrFe5h
ksK5x1QQqHyulAkyIdxhQLGsE2+OcRFfdNfy9iA4rBYczAIPWceEpWrzUogYsSig9hijX8wwGMqn
TeySkYP31gbVro9OsK0hB4fchnxr48IUQJKyfN7McU+qkq6uWKtkuYkgKhojUOyPWo8BA6WIbhwn
pEVPNahZ4J5sJlBPujM0nPt8vFfBREpSWkBnLUnBAPCV4mezarRQjdLFFW0lobwDLsJDsRZRGpTE
LSB8mV4X8tUMeptmKUV6XoCnvFMTbznuLlR1GqTWHDdLqTtMgABHJauDRmjyGegorukdsJ8pc4Gk
dY8W+T4gUBmY2+DdfWVEZGAmXZCDx2WU5pRNWh95KI6Sf6bysaSKgcpv/Lh+lQqVBHTRl/NSu1T0
J6VAM7A0S962MwJNcjfxFWIkv/+nHlh3CFxm+4vax7Fn+3f0RdqeeRclRbVHHvgvKu2TL166KxjS
ojHqAZ/VAiOvlQqmILlwzeTBynXROOGmbCvaVzbkYQAOHVwetVERQIyb1z2gDzLHf/KcXAtNRf17
QChJVi1XnZYxJZudLDCXhYC4A0dXqoo3vKZPz6i6A08XJFCtrGVWR/2QXjpIPpVhQ9qNpJLgQ5pU
tL4ZX9oOJYxvN6cbecsz8Okd3wxSGMCsZs9FwAyL6faBZh7oJnt39owZmmFgh+Y93KEAdwv3y7yK
DpvvW7BBTjhG4zvUfd00Bo03DjWb2KyqhWQFjaDt0HK7SCoxxldwhxqBh3JKJW+HNrXMOS4mREI+
ly8H2zbId7EVl2/xNU9zv7pZKfhRgvUVKPT6kBBr9bMNd4dEJaXGmHEfhgt6jejjCqy84qCmy00v
1PjOIHxXf3hy+vzo7cvLDo304lAhQeEDbVnd99LbQw+bOik8dRn99r/516mW
===END CRASH DUMP===
