PocketMine-MP Crash Dump Sat Feb 26 02:50:28 WIB 2022

Error: Undefined array key 1005
File: plugins/Quest/src/hachkingtohach1/Quest/Quest
Line: 123
Type: ErrorException

THIS CRASH WAS CAUSED BY A PLUGIN
BAD PLUGIN: Quest

Code:
[114] 		}else{
[115] 			$quest = "NONE";
[116] 		}
[117] 		return $quest;
[118] 	}
[119] 	
[120] 	public function getProcessQuestPlayer(Player $player) :int{		
[121] 		$process = 0;
[122] 		if(!empty($this->getQuest($player))){
[123] 			$quest = $this->getConfig()->get("QUESTS")[$this->getQuest($player)];
[124] 		    $process = 0;
[125] 		    if(!empty($quest["COUNT"])){
[126] 			    $process = ($this->getStatus($player)/$quest["COUNT"])*100;
[127] 			}else{
[128] 			    $process = 0;
[129] 			}
[130] 			if($this->getQuest($player) >= $this->getConfig()->get("MAXQUEST")){
[131] 				$process = $this->getConfig()->get("ALL_QUESTS_DONE");
[132] 			}
[133] 		}

Backtrace:
#0 plugins/Quest/src/hachkingtohach1/Quest/Quest(123): pocketmine\errorhandler\ErrorToExceptionHandler::handle(integer 2, string[24] Undefined array key 1005, string[85] C:\Users\tranthien\Desktop\FoxCraft\plugins\Quest\src\hachkingtohach1\Quest\Ques, integer 123)
#1 plugins/ScoreBoard/src/hachkingtohach1/ScoreBoard/ScoreBoard(91): hachkingtohach1\Quest\Quest->getProcessQuestPlayer(object pocketmine\player\Player#106557)
#2 plugins/ScoreBoard/src/hachkingtohach1/ScoreBoard/task/SendScore(28): hachkingtohach1\ScoreBoard\ScoreBoard->getFunction(string[23] ..7%whatday ..8plati09M, object pocketmine\player\Player#106557)
#3 pmsrc/src/scheduler/TaskHandler(117): hachkingtohach1\ScoreBoard\task\SendScore->onRun()
#4 pmsrc/src/scheduler/TaskScheduler(141): pocketmine\scheduler\TaskHandler->run()
#5 pmsrc/src/plugin/PluginManager(466): pocketmine\scheduler\TaskScheduler->mainThreadHeartbeat(integer 461)
#6 pmsrc/src/Server(1768): pocketmine\plugin\PluginManager->tickSchedulers(integer 461)
#7 pmsrc/src/Server(1657): pocketmine\Server->tick()
#8 pmsrc/src/Server(1046): pocketmine\Server->tickProcessor()
#9 pmsrc/src/PocketMine(304): pocketmine\Server->__construct(object BaseClassLoader#2, object pocketmine\utils\MainLogger#3, string[36] C:\Users\tranthien\Desktop\FoxCraft\, string[44] C:\Users\tranthien\Desktop\FoxCraft\plugins\)
#10 pmsrc/src/PocketMine(327): pocketmine\server()
#11 pmsrc(11): require(string[80] phar://C:/Users/tranthien/Desktop/FoxCraft/PocketMine-MP.phar/src/PocketMine.php)

PocketMine-MP version: 4.2.1 [Protocol 486]
Git commit: 6d6551253173a498128c750c38e719f19880ad49
uname -a: Windows NT tranthien4-8sin 10.0 build 17763 (Windows Server 2016) AMD64
PHP Version: 8.0.13
Zend version: 4.0.13
OS: WINNT, win
Composer libraries: 
- adhocore/json-comment 1.1.2@fc2f76979f0a44a5f5bc2a2b600d0762fe0e78e7
- brick/math 0.9.3@ca57d18f028f84f777b2168cd1911b0dee2343ae
- daverandom/callback-validator unknown@unknown
- fgrosse/phpasn1 v2.4.0@eef488991d53e58e60c9554b09b1201ca5ba9296
- netresearch/jsonmapper v4.0.0@8bbc021a8edb2e4a7ea2f8ad4fa9ec9dce2fcb8d
- pocketmine/bedrock-data 1.6.0+bedrock-1.18.10@e98c511584a7bd58a95986374d2df4b04c6a2ba0
- pocketmine/bedrock-protocol 8.0.0+bedrock-1.18.10@017e57c8f8a74118bcbba7332e7ebac9e6c81693
- pocketmine/binaryutils 0.2.4@5ac7eea91afbad8dc498f5ce34ce6297d5e6ea9a
- pocketmine/callback-validator 1.0.3@64787469766bcaa7e5885242e85c23c25e8c55a2
- pocketmine/classloader 0.2.0@49ea303993efdfb39cd302e2156d50aa78209e78
- pocketmine/color 0.2.0@09be6ea6d76f2e33d6813c39d29c22c46c17e1d2
- pocketmine/errorhandler 0.6.0@dae214a04348b911e8219ebf125ff1c5589cc878
- pocketmine/locale-data 2.4.3@4d0b081f1a79407e087968ea76aaf330db6ea2b5
- pocketmine/log 0.4.0@e6c912c0f9055c81d23108ec2d179b96f404c043
- pocketmine/log-pthreads 0.4.0@61f709e8cf36bcc24e4efe02acded680a1ce23cd
- pocketmine/math 0.4.2@aacc3759a508a69dfa5bc4dfa770ab733c5c94bf
- pocketmine/nbt 0.3.2@3e0d9ef6b6c5fb45e3745a121296e75631b3eefe
- pocketmine/pocketmine-mp 4.2.1@6d6551253173a498128c750c38e719f19880ad49
- pocketmine/raklib 0.14.3@4798576fec0364266dce23b368a7fec5e5de7927
- pocketmine/raklib-ipc 0.1.1@922a6444b0c6c7daaa5aa5a832107e1ec4738aed
- pocketmine/snooze 0.3.1@0ac8fc2a781c419a1f64ebca4d5835028f59e29b
- ramsey/collection 1.2.2@cccc74ee5e328031b15640b51056ee8d3bb66c0a
- ramsey/uuid 4.2.3@fc9bb7fb5388691fd7373cd44dcb4d63bbcf24df
- rhumsaa/uuid unknown@unknown
- symfony/polyfill-ctype v1.24.0@30885182c981ab175d4d034db0f6f469898070ab
- symfony/polyfill-php80 v1.24.0@57b712b08eddb97c762a8caa32c84e037892d2e9
- symfony/polyfill-php81 v1.24.0@5de4ba2d41b15f9bd0e19b2ab9674135813ec98f
- webmozart/assert 1.10.0@6964c76c7804814a842473e0c8fd15bab0f18e25
- webmozart/path-util 2.3.0@d939f7edc24c9a1bb9c0dee5cb05d8e859490725

Loaded plugins:
Alerts 1.0.0 by hachkingtohach1 for API(s) 4.0.0
AlwaysSpawn 2.2.5 by Philip Shilling for API(s) 4.0.0
AuctionHouse 2.0.0-BETA1 by Shock95x for API(s) 4.0.0
BlockGenerator 0.1.0_beta by BlockHorizons, Chris-Prime for API(s) 4.0.0, 3.0.0
BuilderTools 1.3.0-beta2 by CzechPMDevs, VixikHD for API(s) 4.0.0
CraftingTable 1.0.0 by hachkingtohach1 for API(s) 4.0.0
CropGrowth 2.0.1 by NhanAZ, kaidoMC, YTBJero for API(s) 4.0.0
CustomItemLoader 2.3.1 by alvin0319 for API(s) 4.0.0
DEVirion 1.2.5-ALPHA12 by poggit, SOFe for API(s) 4.0.0
DevTools 1.15.0 by PocketMine Team for API(s) 4.0.0
Dungeon 1.0.3 by hachkingtohach1 for API(s) 4.0.0
EconomyAPI 5.7.3-PM4 by onebone for API(s) 4.0.0
EnchantedUI 1.0 by ItsRealNise for API(s) 4.0.0
FCCore 1.10.1 by hachkingtohach1 for API(s) 4.0.0
FishingRod 1.0.1 by hachkingtohach1 for API(s) 4.0.0
FormAPI 1.4.0 by jojoe77777/DragonfireHD98 for API(s) 4.0.0
Gems 5.7.3-PM4 by onebone for API(s) 4.0.0
HealAndFeed 2.1.0 by Kylan1940 for API(s) 4.0.0
HealthTag 2.1.2 by Shelly7w7 for API(s) 4.0.0
InvCrashFix 0.0.1 by Muqsit for API(s) 4.0.0
InvSee 2.0.1 by BlockHorizons for API(s) 4.0.0
KeepInventory 1.0.0 by NhanAZ, KhoaGamingVN for API(s) 4.0.0
LaunchableTNT 1.0.1 by Vecnavium for API(s) 4.0.0
MaxEnchants 1.2.4 by Xenophilicy for API(s) 4.0.0
MinePos 1.3.5 by hachkingtohach1 for API(s) 4.0.0
MultiWorld 1.7.0-beta3 by CzechPMDevs, VixikCZ, fuyutsuki, kaliiks for API(s) 4.0.0
MyItem 1.7 by hachkingtohach1 for API(s) 4.0.0
NPC 1.0.0 by hachkingtohach1 for API(s) 4.0.0
Napthe 0.0.2 by hachkingtohach1,tungstenvn for API(s) 4.0.0
Parties 2.0.1 by Didah (@Diduhless) for API(s) 4.0.0
PlayerStats 3.1.9_BETA by hachkingtohach1 for API(s) 4.0.0
PureChat 2.0.0 by Vecnavium, 64FF00 for API(s) 4.0.0
PureEntities 2.0.0 by LeinneSW for API(s) 4.0.0
PurePerms 1.4.5 by Vecnavium , 64FF00 & ProjectInfinity for API(s) 4.0.0
Quest 2.5 by hachkingtohach1 for API(s) 4.0.0
RedstoneCircuit 3.0.1 by tedo0627 for API(s) 4.0.0
Rewards 5.0 by Wertzui123 for API(s) 4.0.0
ScoreBoard 1.0 by hachkingtohach1 for API(s) 4.0.0
Sell 1.0.0 by lenlenlL6 for API(s) 4.0.0
ShopGUI 1.0.0 by hachkingtohach1 for API(s) 4.0.0
SizeUI 1.0 by fernanACM for API(s) 4.0.0
SkyBlocksPM 1.0.1 by Vecnavium for API(s) 4.0.0
Spyglass 1.0.1 by ItsRealNise for API(s) 4.0.0
StackStorage 1.3.0 by Ree-jp for API(s) 4.0.0
VanillaEnchant 1.0.0 by hachkingtohach1 for API(s) 4.0.0
VanillaHopper 2.0.1 by ColinHDev for API(s) 4.0.0
VanillaX 3.0.0 by CLADevs for API(s) 4.0.0
VoteReward 1.1.0 by  for API(s) 4.0.0
WorldProtect 2.3.11 by aliuly for API(s) 4.0.0
_NewAlias 1.4.0 by Javier Leon9966 for API(s) 4.0.0
libEasyUI 1.0.2 by GiantQuartz for API(s) 4.0.0

----------------------REPORT THE DATA BELOW THIS LINE-----------------------

===BEGIN CRASH DUMP===
eNrtPWt3nEaWf6W2PbuRd9Ut3g2a4xwrkhx7xrJ7LDn2TsjRKaDoJqKB8JDUnpP/vvfeKmhAsi3H
PZt8iI/jhnrcuu9HUZB/TeK8XPP68lqUVZJnk0Nrf1InazE51B3LdnXXMdyZa3mWZe5PmkJ2Gc7M
8DzT1j1Tc3TXcJ39Scqr+rQs83Jy+K9JvSlg2ITuT29DAfMA9v5kLaqKL7HrbRaJOMlExHhZ8g27
Ehuma5oNg+ImTZ8lKY46PvT9txWg5vt1ybN6lYjM909EdVXnhe8/y2+PSx7Xvl+kzTLJYNg/GlHB
fVWGvr/i4eoqyZZ1jld610k/s2JV4GJyITX/gLoOYPbBaLLqoX9hWgqoA4sMYAogFsL1j5NHGvsi
MHsw/fEhK/LwStRrAOj7Ahm24lmUitL3iX0XecfA57Lj8FCO2EuyWixFyYx9VtUlLPKjYf3EPsbZ
bpBr/8T+fYzdZy1aSB6w6pHeseU8zEvxXc7L6F7e9Lq3l3ueDkz6pCin3y5FvSjzELSLGhYp34hy
Lw9+FmE9YHBBPb4vRzzSNce254Sl8RuwrHl1dXAusoja9gz3Pky34/vXhPOzJgtRsHut+Myf2Gw2
/8+bFa8jEN1s5gLCdaJ5Z/vsi6gxWbFG5Om/cCWiBhTn4ALwVUq0p+vzz2GL5EFLS9/02zx702R7
tID10QXO27s93dJH+t2N9P0eLtNvyxas3QMr5XGwoJ8znoHjKPcsx/k0zG756bdrnmQXq1Lw6Lng
ZR0IXnc2Yzk6Lej0FjwX5TWiPXfc0RoSFWR0D5fpt3USbter7sCe3wPbsecj2LJHApNMcO+Zp1nO
J+Yp5c9LCcDrAVjQlDOYsmdq1kdgXF6GeQZK2IR1azXf8Uocg1OvXuY8AuUy7tXApk5ScA5nwOmX
+RKIf2R2fsZ0vsDPdLMs67d4J+lotI/QbYx5Xkmuylm6nAUWAaNK8UuTgC23vlL7iRUrXh4eHBwf
HhBOBx1KBwqjgxah3qLTs8UMJ45wwajzePLTr/sTsZtY+ZXhCxCRcy+T7DpPr8VaZDUAjIAHIY6U
vdDSTg3zSCDaum5Bq1/79a8ircS/oEvXbdXk13/5BcezJ8yfvHr96tSf/JUGOO0cupuru1LUTZkx
OUcOdKlLDvPoGi8NjS6LJkiTkMXKfbL73b/8YX+RXvIxOwT7/BcuR5B0tfZfCjkTUNVoacNQPUm8
9x9iXdSbvb+AuCvy2DJwtyAfPyayDfMu2dspx3kWJ8u9x3Sz50/+8fb0/OLcnzz+8WNgf5J4tPxl
8Oculnavt4cprf+jPzl+/fbVhT/5qUXR6VAcgesRd17zuqk6NA7uAvtvUDu5/LyDtxW/4X5sETXJ
207Ce1Pr7oGCj3GDffspbp4dvSeGAj8lpabeAR0I9+Mgjl6+vJRCuTwhVX1M2JrGCFuz091f/8z6
/sz6/sz6/sz6/sz6/sz6Hp71tdlUhfnTEShPTVcZxz2VtmF/0m3FTPSZNtOghTf1Ki8rDDcj00Wg
vEiwx6LBcC8yHqQimhyCZMX+JBIF2DJOhr4qj+uTfgNaC6x0xyNIbNpfTBlBIWDg4vX5xbvXb16e
QNONCKqkRtxXdV1UwK0bXoerapXUsxshgnQzC/P1AYbLo/SGb6rzgt9kA5K3rX26jZkxs4d0L1ZJ
mhTsHH4geV3uiu6CwFYKqu9zwqhCjHxf2sCW9vOLozcXbxcDyom4hvz587ypRJ+6fvOQPMB4+t3p
xZE+JPJ8BSrj2bdfR93kFMw6X2+OFi8mW0orBRtolHitEC8Q8BDLT4oZif0uBTjfi0yUvJYFjCJ3
1NEnWJuBJl8GouZDemnK87xMPoAfgq7jVQk52qLETcYxC/Yn5tcIerCU7w+RvSvqT9DfJCkMvcjz
tG+9g+ahDQPeU6TdGBJ//EGEq8XZibjGCT8kt8nV85Nd6XWIwIt1BMB9P5C41YgbkD7E9EF2vUzq
VROQNffQPhiAAt6QOwQ7ukCEe8wZtv9BPNwAqdHtQ/gCbAH2JmlYbmbVphbVLBP1QcSrVUBpomRI
Xnxf5jf1asCNrnHsFUb+4BWk/Ef/hLYrnkT52TFc/e/Fd38TZb4rrsgVkPoWJxnWf4NiKGSR6qaq
8/WLWqyVWfVoH3cNOWCOOcDT6yTTTN3bFcEdQKB5hMvdlof4g5PTH5KS8O+I7JqGmg4xbXr0cvH8
SB95ggJyqAR3Jc5fPxM7i2wE1PevCRXfR12VVz30PhPYwMjHfq5rGtKm22Mz3mY/7ELw9a7IatfH
xPB65MPuI+MeRd1idtDBQGKbbCmGclQtY4dl/j4OS6HTXezKSfXShS3tvcY++fZsPjOnizNryII8
EwH8tyvSFTjfFxILgOn7A4w+a5anWQj+qBbR2wFVvdaRVIcEvairN4Knr5JqZ0T1QAIxW0Qe5nCR
pmfHx1CQ98hRDSNTvBNG/r8UVKLT/u5KPZ8lkJ5nyzd51Kd82zi2zt+L+A6j/vXOmJCX66GBti1D
8q2xIv+c/5yLOf45OCn5Erc+S/H8xHN3xYjtAliiE07dxUOU+nux7scXuv0dPQ6uL/99CPLPwaCP
suiZEH3l7LcO85s7fubvm5RnumdpuyKkA+j7PTQe7mNwUr264MsRPbJtTI0xrl9Fmm7mN/NdUVO1
ACU1hMTDaXmRXUNWX62eJbc9avqtwyL1ju84a34BcLsiZk3QfD/JrkNEIE5uv6TwBLzPhRgSgg2f
qSGGNfaOSBlV0xKTLyHm70IUMEtkUH1vejQN2z9TKXbl0d9XOf+er8Hl/vBq15XRAKMdFEcveYOx
H/C5eHXRo3zY/pmg9oMIM36dNDtLqzuAIMQ+IqPbh4j2jN+q7Kbv1/ut47Jo5Nrfiyynfblwsyvy
eiBRhB0qg5sHEQdVwyIfEKZaxns+9u+Thih0uouv3rk9a9I6eZeXaT/C9RqHdM/VXpf52b2u43/S
Ub9NU1fNVUJ7HGmSXFX/lh2wNeJ7g/gCY/q4f83uVw8Q8mmD+wZ9HsmGEX9+J60gXNrfXSWlrxbH
PXrx7g+ytQeofJmn/qj2v+JFveoHXdUwThyMTxK6X0PFXtUiu87+fTQTYu3vQ3zZgpd1Ivq+rG35
TEpxkkR8xfaewm+zSkVVPd4VVVEL0fcLiYvvb5H6UmPt8CNq6Wk5HnEZUNxr7VNtQnLrXeIjmt9H
g3t4DW6+WqEXTSmOV7zu86BtuvOM6mNJx/7EsZ49076saKF1FqJck4sfPbJ6xukpVLUoc4D+HjxP
3lSL02nb3nuQdSnXBrYovLdXD9J6GHua1clY9fvNn2HES5FkmTh/tyvppwQPVB5wEAoHSVQPoy/b
42xRPBhAUeRLIQxpl23jzQT7IxrA9pmUAvsvBiLDAwIvsjjJknpnKdtAzIRd7/IhgpYHFrdUtgcY
+6L9nZK0/jGmr7boNyKq6jwTx0kZNkmf4nHP0MHdceu1iHLNMXZWvLfwfL9UiIQSEd+/i9lnxflG
3EDeUQ3Iky3D3aKRrb4TZf2hSfCM5o7I2kJEOgiF31wWbmEdKFAk0u1xrB65vcZPbl3/fynx/Sfc
vlqdz0Wa9qnG28+klanI8O9L58vi0fCYxMedswKO54fSFE9PEUafVdjzVV58P3j60Lb8QbJkhU53
sauy4Dz5IIZ0y4ZPam0syoxnR8dnuyK3Awj00fry9zcY6RY1JO5qQ5tf1eKsT2Gv9XfcuumhMbh5
kLoWmyUe/OtT1TZ9hqR/98OyFo+H7/xCrhxendd5SS9QbAnqN985pDMk6o0Q05+LXdEDid3lzwW4
EMSgkhgAYT185CHT36CeEtEpHnEM6TiigkpEAi9+4FmSplztcvW4Mer4g3ilIVbj+135KAX1eV4U
g/Mpw/bP1MHHeZpkz0/E9a6Y0QHsyJaIjG5/y75Vh+qW+Pd36X5/J0ccacHxyyPaxNsVwRJcR9/7
7dVDzPyHvBYyb+qTsm0cPRgfEbMz0455SocIr2Hlh/so2jmE4qnGF6226A+a75yOunM8KmnSze7O
RiE036eN0kKiMKbngfXnWZOUcSLS6GB7AHvavmpRgzc8WPOqFuXBgFzgyuUrcXOUJrwfh7Ztn3nY
/TeIg6JkL0WeeZ7j7IovEmwLFc9EAy7q5zfY4hDcgQTzK76UF5zyajNInbZtY/c82nH8PgHv+I+G
Qz2xK7Llwr7fIfAZlcZ3CXkJeINcR0fA2nPxhMptLbKKNnWATnmiZeKid8WHBkG45nhactsScsi/
I5jbb8vXl1Feg18ftKpXKbcNTZn27yNeD/rjJK3FAPByXfRvVxA0+vcJlAzX/YafKxJId78O5CsE
g7a8rLtj0Cg2SAKQoKg/qAiHfHgj4lTQ3le/tSKOVsOmCJPJXsv54uVg+U31S5rhYuqKdV11fiUy
SIoHLLi9VVQjuuhvNnydqkP5ePshKaQ79Wj75AOoaH863N6uh1zPET1D00wdXwHcnyxOXg9Ij/JL
Qm3cCE3JUGA5aGlVDQaeJ+siFe/PBjSPMIBbfB9oROc6vSmTkfyLmt4cQg63x84Xq5HurZrsit6A
MYhJ8sxqsgySjOOzbAibxsxBTohrcICBGoSgICMp6lw1GJJZEQhaqqWmItTWY15u1+r14zu/SRbn
A72N7og8GWgJsdLsN5UCzAPtcNlIXWzh/xPMjb1ehJCP9ZiP1r0q1Lq4Ih2e75fqA3NHU+aV2H5X
BPgp9YdOo08ODc22gG3VJeRqk0MIoRX4JQw6eZgDVAu/KYKnYg8nTuTYtm7Ypj43ueW5uuGGc1sL
TVfMdS/WPdfVeGShZjVtEE2yKL+p2KsL1r23Y03dKsmYDlJlhAPT53PHZHvtYPlaFDM03XnMjs5O
HHwujV8J6THtgyBLsjp9WRWX+Dh48u7FK3o8Tjc3FDHBSRV5JcpLkHLJS7XfzKNVjrslB+g6pjBG
vXGN+YnxNA6NeO54cy/WuGVxO7aD0OBG4GhapM0dIxaamAPdyMcyCa8OlLfUZt7MfBpyex7pbqwZ
buxa8Xw+DwzdccNI93Q90CIhDNMyuSBXCLSCG4J4BA42DaBkmF5DAhDJtzqAk1dZfpM9Vb+odssy
rypxACTzKsO3bK8NDMFPhYgt1/U8PbJNYbvC0ULPtq1A8wIdmAlIBdwzPDQJcNilqAQvwxXRv+Yy
/55ck7U9dYMg1AyduyIKDGHxueBG7IJwY+6J0ItCYcRh4EYDKzkIRFTC3RRw58RJZ6b9T9sIfHVn
OmDpuaGt67YLUIPIdrlne65jzq3IiGJA1god4DPX7ge9VUzShbvgNX0u7HkIfOdzS9fdIAwCPjdN
Q8wFMNcTTujqjmeOwJPP2Bo4MPSpzcO5ENzTeRzwyI1CUPnYDoVphcIxvHlkCwe6+RDSvUKkw8pP
HWvuzi1QKscJQg48tV3XNixDuHZomKFhC+CMTa+n9AFixZ2q8/uEmvbU8gQ3NdPzTBFHcWB6YWRq
hjB024lsDUC7huaBfo4g5Wm+hQFagfg70dyJDWGakePqZmh6keGFhhFaTgic1KMRNv1XpAkUiPhp
xGFpi2uWabkBaLhwDd0TQQy+Io51oMn1wtAdo5PmmFG0yoIqbD61Ii3QXD3W+dyztLnQ3LnnuILP
Hc5j09SiAFA2AnsMaUm4kBE4oacboRZ7mm2DqCPD1DVXhEakz73Ac2ILNAwwvQNh2gs5EpSjx3Ng
oxvGJggsNCxhCbB7g4eRAG5pXAczMMOREXSOAPzsU87D0JzbHrc1lzteFIMNhhb8zOcaD0AtQzv0
rCAegsiCuo1NT02hRZ6IncAJ7TiwbAGWYnPdgAjuiLntmHpgguGLIYResk+JFPn8p1/gwHuwSn4l
UwtwtSSjuefaoDQi1EzHMhwHvYEZmA5YHDTawo7E3DPm90GZJkXYZjRPPcPgjmWBzYdOOI845zb+
dU1DB9HrIrTmpsvFiL9VlucfRBvxn2ocbB1c89zVQ0v3uB47lgDzssC1mDY6YNsThhdgoOXrSmzQ
DLYZHR57Mp6G8GduCQHcNVxIjwIwJEsLbF2zHSHcyAwCxwk1vgXSNEmk+GpCsPCCYB4Htum6jqfH
0dycg15YVhQGVuTA7DA2QOo4fdWsK87b+Xe9e7VZx3m2AQmmG0gw0mmbTF8DqqiVpgZeQ3eNEOTH
A31uR2A0phUFWgzK7Xiu52qoXPfBgpDhaj1Y9jyY6wZYnIiiwJuHENi4C67JNELXEpo5dz0jMoT3
MVh6H1YkrIAbkYXci70g0oTuBQYHmwNHbNrgXSByuLEsVtb5ByiRDsC1ibJuj8uDyXmOBViEc1ez
XHAprmWAEggNZBzpEL6ASN0Vhj0AUoDFTdF3q+IcHJJnevFcRGCzIahEEHghBl07DDQ7csHfepan
zQEM1Uqdbs02lK4+Ylhqs5A+T9GUnD5tgskei/OSDbIrP3vELlYQSVklanxrrWK8FKxeCZZnooIL
XrOQZ1les0CwJAvTBpwHXDD5EvQMAhpEXnrSDLDO8zXMjBHAGGbFY7HPcugpKwTJAvBWV2yTN6WC
xZKYraEKgXofV4DkBr8dk24QMFTuHbgDSHV5k9YVu8mzb2qGsZ+XDIrYHJxXghFsgxjihzok3Tcr
kbGmWJY8AgAzP/OzFtihnzH26N1KIGKszmEVyFoBhHqjvKLEr8LUOpLdhKp0/gz4mYqa+IVbhaFg
MrZgyxohA8dDMU05JsdLccgoP8WOatXUkC1mU/V5nkPmT1Ti6DearuvwryZMdrXyG11EcdI1w52X
LVmKV1xP/sOfEAlHaZrfsDSpkKz2axTsOuHsH40oNzjmF7xod08OGZbwNPWUino1hwEBDBNLBqIF
7iG0YMMUz3G83AOYdt09qh69A9MC1QEB8ChikKNJOSH/8UsDbC141ZT0dSAG0gkEIg1cFL80PEX+
LpNrGAvJRyPYnloUUunHCF2uKKalKKAUnoJ88JsBh9BNa79q1gGwD9TvqNpkIX7OATSkvAKFm9GA
txXIEG2gpRSHrco8yxsQMwyv9hntWTFZlKDh7DNMv4EQrD6IN2C42LZuMlA1HCKBn5MeAE2gjmV+
m4AqCmADkEQqnnXIIW8VQi9iVGocg8q7z5L6G2BfXdK0SOBeFunWaDLbAxoaMDCD2EJkTBWlhwRq
rNSclKNssgzFGWFBmRckBKpgqhk7Edfqmq2T5QqsHo+W7/etVCkOcqQsm6KWrZJhyJg14KboIuGC
9VJVEknL4dd5EgHa92OAOoI6B6VBAto16ykaDJ7KQZ2m+dlawHIbab3fp3kA2oP7T0y2gx2skxqd
wFoseUCb9+xcsloj5iYVva6L0y9QajcJcZ40Cqz7ZioBtUpWEYX4zgtcMIHHuBFMXArRLimVHKTV
oD2zZQ6CytGeUStwoSWhOSXUDpmGVMDq5Ktl6vaHpwA39D6F/4qX0dfhX9V5QSgoP9uhpMBVDNxH
gWE36hDCVVusdM2wFGLkBN6RVSj8qm92gCHZBaGEHoOFDUSpDKIUE7cibMj55hJlaZEY1brR4jYU
Iqq2FEnH9fri9JBdPH9xzl6+OHtxwY4Wi5cvTs/Z4vQNe/f6zd9P3+wzGMQuXsOoU/bu+euXp2zx
5vXx6fn5bOwCBvwwbEexYyHKJKfIjY64QgLDlSCXTNzonK0OvIfcISLfQkOm4AqFdLME6jjPgE5w
0KBNSO/HlE0q2c0KQzDwBF2QHEaQJRBwvVtHLiMSrfEaYwgmBDRhdnc06oLajQaxFSLEvEFyFtGV
cpVzOxpAvURRbUk1NUVr9fh+lBTlpqJ8ycsALGO6TcHJAd3PXTI1REfNYmoW+O41zxrKUvqYQAbX
gA4+3m9jwlgJWzWU4TWGWqWW9K63Jjhjr6XPlwoPaUbepFGHSwJB5CZjW/wrCbgg9IFQR9MUrbDa
M3IWd4IkqY6E0NEWl/m6DbZythox7atmX8JIjZLkHd1g96jUQDvO28wSRVbm9NGVVpGjZl3INEzm
ekx1TLGjldcJDlITCHdCs6UA7iDMg7HzexgMQRsCH6xwDUpWVY1Ax1CvQGrLNi1Fp4WrbbHabwUp
cwSVfc4kNjj0o3xa89spbd9WLe7HvMDWZN2sIcZCeC0ReM0zSD9BkEx+10tiseUr2otiJVnMXR2D
rLxQGNGCU0yXGwi6Viexk1x2jXUacyP0ehK+HNyakISlBvYpo8xhStvDHW0ngArlKpA+IvcAO5lg
SCgFx+KFyTmSwi11ME3xU9LTroyDt9kuMjDFekHB/TSoT+mhn2WiRoEdqhABqdkqT2WKGeC5NMrE
CWX6sB1TQYZ8myyRVK8MLYHokk0Z3h71pdR2oVstNzUC32dTvSdAEh4tPK1bZFQIIK+9zWPpkQKm
kJGkHIseSvRxMjQqtGbsOeSCoEtPKLljx4u3+wwPwsPALLpJIlB7yhWk9+zgTwn+IXPatHubkVfE
nd7YGTuKwFGteBofQM0py4RIgA6rpWBRhvuHqGA9Q9yGvR6wfilyeoteDVNMns4YIvF2kS3aZHtb
KWItgUjhk36c2BRZMVX3o+rmTFldlXwQnTwxLW/FWGHAUykTpO1SPXqh1fIMOenxjC3UnJSXS5rA
VcmqdIFWjEu+RBJAJsC2qkgpY8E6dA3Io7HzEuV0nCYwShbW+BEy/Hjo2cVbwrQCkpDsoKkZFvIk
yu1ysriYtb5mXTdTnHVI2PbrQ5HRcyey9ZidteeEOjKhUI7jJJwxilIrjkkAS9bAmxplB9Kgb8SD
m9onXEBo14T0CjkBXpccMYRoTu68kiKVqQSMrZWOIiVCbiQoV6eqqZPXlCSdvDg/+g7yI8qnmox0
CB12g56SHpnKJCFBZVRfq4369caWzq2tRyJolodt0fYt07FYUynrCtwV9TNVy1dy9wGtOatyGbyV
RegITGItoR2v8ryiHYq2VhNtNU5eHLeXWcWv22gBl3gAAvto67lXxgNi9FReJm1q8+bnPMnkhgBx
6hv2Pshv0fJL9uKE7b1/++LkMcgdzJ7hdyPZDYgNBYPvTYBxYA1XRoo/Mv0Aa8i3ssvA2t9/97KF
r+q7Xss3tBg+T6PEgcSrUhGiLW+3klQYvQX8pngg4Ukex7Qs9CXxZnrbJNFWIMTP6XAX54K2YaSp
yf8dgeQBeXplV02ltoNCcCK1dLNqzlTOOWTqgSsuI0OIco9qFYyBPFt2NUqG09JxKN5vR10n4mba
Bej7ds4kc4/WeYPeI5axTjkTYFnLWozt6B1pKwTEj9cUnGHyGwrVvclEeCZk6R0ICSwQMdo+fZaO
TGnV6hmpFjYPg74kHxfqyAcfyPgYVfV5XFhNQDy9D0vtfjR5CZAixlt1B2TbyfjbYWOOdngCOpEK
3KySSMYMpIeDTEHhqiboc2GJQRRGiEiGTrrpQhttNSnl4GEoUkGVglRvWjVNrmAJrJPJE6UcSF/S
N66kH4MlOFtJaD0nB9Zf1TIkE7JT5EaL2nTLGknai5OqRxe6aZS8hMbkA9aOTLXl1KY5NGcgJIA3
ZQZ7BGjicddOkNttrU6Ws7vCVM7rhidUzUIwgVJPalGRF03amo26wXhPY1TYMA1ckMogpJJWwoiL
ngtSAlVgYIvayDtUqQ7uO1JxLZtlpqA0Cz+q2HnoaOv00DKn+CnxUVPnGIbN6uRBL6aDP5jKs1Xd
yBXI7VCiMivW62KW5IQxuLrNGotDMOUa91nDaos6hinVz7b9RAK5Ob5clmKpthTV/qPcZsEvQF+N
6SP8wNe8PnmNXxWdqqAg8wN0XzdCViAcjPyGVqwI8S0B1DbrPR2AON1xvinwDJMUzh2mgkBlv1Im
yITwhAHFsl68OcZNfNHfy9uH4FCsOJiFQM9eIg5tXgoRIxYl1B5T9IsZBkPZ28YuGTn4YG9Qnfro
BdsGcnDIbci3ti5MASQpy/52jTtSlXT1xVon620EUdEYgeJ41HoMGChFdOO4IG16qkntBvdsu4Dq
6a/Qcu7T8V4FEylJaQG9vSQFA8DXip/trtFKNUoXV3aVhPIOuAkPxVpEaVASd4DwYXpTykcz6G3a
rRTpeQGe8k5tvOV4ulDVaZBaczwspe4wAQIclawOW6HJPtBR3NM7ZD9S5gJJ6z5t8v2EQGVg7oJ3
/5ERkYGZdEkOHrdR2q9s0v7IfXGU/DOVjxVVDFR+48v1RSpUEtBHX65L7VLRH1UCzcDSLHnbrQg0
ydPEl4iRfP+fRmDdIXCb7a/qHMe+7d3SG2n75m2UlPU+eeC/qrRPPnjp72BIi8aoB3xWG4y8USqY
guTCDZNfVm7K1gm3ZVvZPbIhDwNwIDaF9Oysapk2bR/3gD7IHP/RM3IttBSNHwChJFm1XPZappRs
9rLAXBYC4hYcXaUq3vCKXj2j6g48XZBAtbKRWR2NQ3oBFajHZNiQdiOpJPiQJpWdb8aHtmMJ49PN
xVbe8gv89IzPhxQGMGvYMxEww2K6faiZh7rJ3r34jhmaYeCA9jncEwHuFu7XeR09ad9vwQa54BSN
74nu6aYxarx2qNnEZlUtJAU0grZDy80qqcUUH8E90Qg8lFMqeXtiU8uS42ZCJGS/fDjYtUG+i624
fYuPedr74rpQ8KME6ytQ6M0TQqzTzy7cPSEqKTXGjPtJuKLHiB7uwMorDmq63o5Cje9Nwmf1T05O
nx29fXnRo5EeHCokKHygLav7QXr7xMWmXgpPQya//h81pQQU
===END CRASH DUMP===
