PocketMine-MP Crash Dump Sat Feb 19 22:32:12 WIB 2022

Error: Class tedo0627\redstonecircuit\block\power\BlockObserver contains 1 abstract method and must therefore be declared abstract or implement the remaining methods (tedo0627\redstonecircuit\block\ILinkRedstoneWire::isConnect)
File: plugins/RedstoneCircuit/src/tedo0627/redstonecircuit/block/power/BlockObserver
Line: 21
Type: E_ERROR

THIS CRASH WAS CAUSED BY A PLUGIN

Code:
[12] use pocketmine\math\Vector3;
[13] use pocketmine\player\Player;
[14] use pocketmine\world\BlockTransaction;
[15] use tedo0627\redstonecircuit\block\BlockUpdateHelper;
[16] use tedo0627\redstonecircuit\block\entity\BlockEntityObserver;
[17] use tedo0627\redstonecircuit\block\ILinkRedstoneWire;
[18] use tedo0627\redstonecircuit\block\IRedstoneComponent;
[19] use tedo0627\redstonecircuit\block\RedstoneComponentTrait;
[20] 
[21] class BlockObserver extends Opaque implements IRedstoneComponent, ILinkRedstoneWire {
[22]     use AnyFacingTrait;
[23]     use PoweredByRedstoneTrait;
[24]     use RedstoneComponentTrait;
[25] 
[26]     protected int $blockId = 0;
[27]     protected int $stateMeta = 0;
[28] 
[29]     
[30] }

Backtrace:

PocketMine-MP version: 4.2.0 [Protocol 486]
Git commit: 44818e6d1456dcf1f0fd3cd27da1dfecbe03c08b
uname -a: Windows NT tranthien4-8sin 10.0 build 17763 (Windows Server 2016) AMD64
PHP Version: 8.0.13
Zend version: 4.0.13
OS: WINNT, win
Composer libraries: 
- adhocore/json-comment 1.1.2@fc2f76979f0a44a5f5bc2a2b600d0762fe0e78e7
- brick/math 0.9.3@ca57d18f028f84f777b2168cd1911b0dee2343ae
- daverandom/callback-validator unknown@unknown
- fgrosse/phpasn1 v2.4.0@eef488991d53e58e60c9554b09b1201ca5ba9296
- netresearch/jsonmapper v4.0.0@8bbc021a8edb2e4a7ea2f8ad4fa9ec9dce2fcb8d
- pocketmine/bedrock-data 1.6.0+bedrock-1.18.10@e98c511584a7bd58a95986374d2df4b04c6a2ba0
- pocketmine/bedrock-protocol 8.0.0+bedrock-1.18.10@017e57c8f8a74118bcbba7332e7ebac9e6c81693
- pocketmine/binaryutils 0.2.4@5ac7eea91afbad8dc498f5ce34ce6297d5e6ea9a
- pocketmine/callback-validator 1.0.3@64787469766bcaa7e5885242e85c23c25e8c55a2
- pocketmine/classloader 0.2.0@49ea303993efdfb39cd302e2156d50aa78209e78
- pocketmine/color 0.2.0@09be6ea6d76f2e33d6813c39d29c22c46c17e1d2
- pocketmine/errorhandler 0.6.0@dae214a04348b911e8219ebf125ff1c5589cc878
- pocketmine/locale-data 2.4.3@4d0b081f1a79407e087968ea76aaf330db6ea2b5
- pocketmine/log 0.4.0@e6c912c0f9055c81d23108ec2d179b96f404c043
- pocketmine/log-pthreads 0.4.0@61f709e8cf36bcc24e4efe02acded680a1ce23cd
- pocketmine/math 0.4.2@aacc3759a508a69dfa5bc4dfa770ab733c5c94bf
- pocketmine/nbt 0.3.2@3e0d9ef6b6c5fb45e3745a121296e75631b3eefe
- pocketmine/pocketmine-mp 4.2.0@44818e6d1456dcf1f0fd3cd27da1dfecbe03c08b
- pocketmine/raklib 0.14.3@4798576fec0364266dce23b368a7fec5e5de7927
- pocketmine/raklib-ipc 0.1.1@922a6444b0c6c7daaa5aa5a832107e1ec4738aed
- pocketmine/snooze 0.3.1@0ac8fc2a781c419a1f64ebca4d5835028f59e29b
- ramsey/collection 1.2.2@cccc74ee5e328031b15640b51056ee8d3bb66c0a
- ramsey/uuid 4.2.3@fc9bb7fb5388691fd7373cd44dcb4d63bbcf24df
- rhumsaa/uuid unknown@unknown
- symfony/polyfill-ctype v1.24.0@30885182c981ab175d4d034db0f6f469898070ab
- symfony/polyfill-php80 v1.24.0@57b712b08eddb97c762a8caa32c84e037892d2e9
- symfony/polyfill-php81 v1.24.0@5de4ba2d41b15f9bd0e19b2ab9674135813ec98f
- webmozart/assert 1.10.0@6964c76c7804814a842473e0c8fd15bab0f18e25
- webmozart/path-util 2.3.0@d939f7edc24c9a1bb9c0dee5cb05d8e859490725

Loaded plugins:
AlwaysSpawn 2.2.5 by Philip Shilling for API(s) 4.0.0
AuctionHouse 2.0.0-BETA1 by Shock95x for API(s) 4.0.0
BlockGenerator 0.1.0_beta by BlockHorizons, Chris-Prime for API(s) 4.0.0, 3.0.0
BuilderTools 1.3.0-beta2 by CzechPMDevs, VixikHD for API(s) 4.0.0
CraftingTable 1.0.0 by hachkingtohach1 for API(s) 4.0.0
CropGrowth 2.0.1 by NhanAZ, kaidoMC, YTBJero for API(s) 4.0.0
DevTools 1.15.0 by PocketMine Team for API(s) 4.0.0
EconomyAPI 5.7.3-PM4 by onebone for API(s) 4.0.0
EconomyJob 2.0.6 by onebone for API(s) 4.0.0
EconomyLand 2.1.3 by onebone for API(s) 4.0.0
FCCore 1.10.1 by hachkingtohach1 for API(s) 4.0.0
FormAPI 1.4.0 by jojoe77777/DragonfireHD98 for API(s) 4.0.0
Gems 5.7.3-PM4 by onebone for API(s) 4.0.0
HealAndFeed 2.1.0 by Kylan1940 for API(s) 4.0.0
HealthTag 2.1.2 by Shelly7w7 for API(s) 4.0.0
InvCrashFix 0.0.1 by Muqsit for API(s) 4.0.0
InvSee 2.0.1 by BlockHorizons for API(s) 4.0.0
KeepInventory 1.0.0 by NhanAZ, KhoaGamingVN for API(s) 4.0.0
MultiWorld 1.7.0-beta3 by CzechPMDevs, VixikCZ, fuyutsuki, kaliiks for API(s) 4.0.0
PurePerms 1.4.5 by Vecnavium , 64FF00 & ProjectInfinity for API(s) 4.0.0
Rewards 5.0 by Wertzui123 for API(s) 4.0.0
ScoreBoard 1.0 by hachkingtohach1 for API(s) 4.0.0
SimpleHome 1.1.0 by CzechPMDevs, VixikCZ for API(s) 4.0.0
Spyglass 1.0.1 by ItsRealNise for API(s) 4.0.0
VanillaHopper 2.0.1 by ColinHDev for API(s) 4.0.0
WorldProtect 2.3.11 by aliuly for API(s) 4.0.0
_NewAlias 1.4.0 by Javier Leon9966 for API(s) 4.0.0
libEasyUI 1.0.2 by GiantQuartz for API(s) 4.0.0

----------------------REPORT THE DATA BELOW THIS LINE-----------------------

===BEGIN CRASH DUMP===
eNrNPIty3MaRvzJHXZ2tOu4S78emdCWKpCzGorghKcuX7JVqgBnswsQCMB5crlL+9+vuGWCBJSMx
MXM5V2IuGjM9/X7MDPzXg6So1rz5fCerOi3yg5lzeNCka3kwMz3HtQLHt62p4xleGB4etKV6ZUx9
23d80zRszwss04J3Ga+bs6oqqoPZX/7n8ECqn389aLYlzDg4+3x2dXV5dXB4sJZ1zZcIO4E5NWuk
KAzP8heLSoq6KXIZp1Xcps1iEWVFfLtYlMVGVovFG3y6jGpZAbEsLvKGp3nNTMajuql43LC1bFaF
YDwXbN3WDWtWspLAoGSRZELGGYcldsOLiqXrMpNrmdNYVsk1oEzzpcZUs++/Td35+zS/vdIvP6WV
nM3S+qTIYWTzEvhN0gyZLbN2CeQedSNPFJqjuoqPukWO9tY4oiWOiP+jEfuAN0tzwGuZvx1q3J/T
/K7I7ogdWFAAKXFz0L0FCPyOCyFRK6YFz20tWQlIZbMGXIsF2MFqsfgJZhWV/QcYbdqPjCozvkV1
zOkvDXMeGbYpqkxopd1UPK9B4mBgNN7V478tXJr+sRS8ke9kVur1vCfPB1GkzVbjOaOHToSEyX8y
pgdqpvnB0+f3ii/WJfzJG0IQPhnBg/kg1ZSQWIZSrmXC35icauwr8r6ROVjzZcl/beXO6Gv2kKpD
9oBT9ldEjhbD4B+k9jjfvuUxOMqOBnvweo4GK8WbbYdlN8wZDPsKR67myNPDy6powC7Be1Pw1X8n
kZwL9ooZNNx/fFjdgN1cyIb3AwONN9QT4LeN0vvtANwIo4JU4Ut7K7rKcbbh2/q65JscH3OOEXAE
PTzoo+eBNbWmLkB4CwGkAgR/OZiv0iwt2TX8AZ9dHgB6Xqb4xpkaUwOfZc6jTIqDWcKzWh4eCFmi
whQtdZE0p0MABimMKIS31mgXC04k1UjSYvG+4EKFCfgBg69vjq9uPs4BsJFRnTbIA/J83JJbvitA
IUP2huAxf0Dy5M3ZzbE55vJ6BSoJ3fvfyd7BGQT2Yr09np8f7FitNXJgUhG2QsIWiz0yNa/zy+ub
T5dX708fcEtu8YPMZcUblZ40v3svhhwbU3NqfI7AisYM05R3RZV+KcBQDg9OVlVaT+YVZsh9GYCV
/S5Vj9bS0ayn9qGyvyKANs1g6E1RZPWQ/SF4yLw5BcInyLw15v7ki4xX84tTeYcTfkrv09t3p89m
2jFiL9cCsEP8U8Q1SBzwPib1qxyvmqasZ0dHy7RZtdE0LtZHA7qPRqhAOCcVTxoMakjxQDpj+Fg8
SrsDwax4vLqFwU2Bv8xnE8ke3sViRNXe41MEA3IB+aZZXG2n9baR9TSXzZHg9SoqeCWOlESK8oeq
2DSrkTh64H5k2IsJH1Y8P/4zwG55KoqLE/j13zdv/iir4tnEopZA9juiFosLfPX3m4amFtgG69j3
kB40Vr/p7ut/TjXQBdRA7Eby9bMx2hGwWAxI+Upwf4TBHWlHPQ7gdhBxd/wOgEOO3ak/tSfzC2fM
NGTvCP7/bMxqfFC/KTIA6WIxIumbkU6P/mMRPeQKgfum6z0DR3vJ66nc/VJEPXeKtKdy9x5anYfs
EXTMH8Txfx1/GdDTM6iJ+yaHb09OoHEbMKcBe/73IOb8n8VfRU/397ki7ltox8ee2EHGjDv7ceeX
4pdC+vjP0WnFl0WeQOX+7jQMnk0CuxWAaUVU/+MpGv1BrocRlR7/lbEFCVD/fgr17yTPjnPxVsqh
xw2h+x63p6Af0Q/M0DGejZMe42IxoONp+a9jqVnd8OUeQwq2z461X+/LLNv6G//Z2Kk7jIodouLp
zJznd1AC1au36f2AnSF0XNQ/CBwX7a+A7tm4WRO6xSLN72KkIEnv/55CHQi/lnLMCQK+UXGNm5Ln
4mWv/VCk/D3c/ChlCbOgxS+q7YCpMfwblXVfTf64KvgPfA3B+KcPz15Ijkh6hlryos2a9BNuhg34
HgDHTPu627K/2W2doCSSdts2dXubUo2dpelt/c/pwdZIsN7SGxH/e/qvASIQ1Lyt5FxWoxyxg+1n
v709lp9knPO7tF2zQ+Y5b98aBvsPNq+KX2TcnEMqzNNm+2yS+axWWCx68gY/n+IOV3ID+X7IaAcZ
58M9B/gETfCXNjUt+9lY2aHEDUai4R+2+R2uI42KKprrGMqjN1jgDPgdAPe8/l9Uze0IGv5+qhQ2
vIlX9Sptphspo2xL8iDmaa/1XbEehvIBcK+a3Wf/cb//p3h4TUStgCgQwJDA3+Ph12ueZXN98jHA
ipIpt0vcqh7KpQPtJ4K9JHfe1FdQIHxI6+erCgc4gX9NyNOrj594nmYZf1eUpRzuK47h30jeJ0WW
5u9AcM/GVY9xsRhRsvf4j2i5pxW4pxg+V3vvA+ZH4DHv9tTcYx6yV5s9X4xW6PQxlD4W2FfnE7dN
Ltq0SlKZiaPd+dakO85rKimP1rxuZHU04hfE8vmD3BxnKR/a+A72jX7uj5DOZMXeyyIPQ897NsEo
vB3axYKI0X/+ATsYoztSaH7D08nojNfbj8NOdgfbd/C93uKHlOfNn1oO+eTZ+FYrLxY9Bd/waTxW
5RUQDprd29ibXMyn5YpXRAserSEnpGS1ZXEQoG9jCRfFeKY6hMQ8A9Jg7hBWrD+LosllM4Lqk/Md
oK2y4TMeig6fkzRr5Ajxcl0OH1fQhgyf07jI74aAX2rSSP+8xpNyPLIawoqq6c9FUG91w5EhMRxU
xmM5XMkkk3RUM4TWJNF6DBJQxA0h1/P3o+W39a8Zbnp1v1j/qiluZZ5+GYvg/l5zjeRiyNnydabP
6fDxS1qq1BtSSfkFbHQ4HR7v12OpF0ieZRi2aVohAOanlyPWRfGZSNsHAigdK6wAK63r0UCVI3++
GPG8RwE8VpI6rzFwU6V7+i+bFY5ECXfnUPPVnu2t2vy2bdKstkhINkklXUZpzrFVO7BBULg3msk7
CIGRHoSo4mpbNoUGWEpYAhStzNLQ1cwuZn7erTV4j9cj0jwpRnYrHqg8HVkJidIegioJ7oF+uGyV
LXb4/wzuxi7nMZR5A+Gjd69KvS6uSIdp2bD1GLo7ujKv5e6WDMjTIvR0OHUwswzXBrHVn6GY6uMS
pp0iLgCrE3iwRor+7TiBGUhPmI7riTgxEyMRdiwsX3BTJDKOpGHHRoC7wG2XR9NcFJuafbhhTQWR
cZXK3JkEdZozE7TKiAZm+r5ns++7wdfq6N8yTO8lO7449XBbDXgeCu2LJE9yentZlZ8LVM6n8w8f
btBC8WFDOTPGQ/paVp9ByxWvUkkBj4tVgdXyEYaOCYzRl0+wlrVeJ7GV+F7oh4nBHYe7iRvFFrci
zzCE4XtWIg3pB9JHOVZpfHuko6UxDaf265i7vjCDxLCCJHAS3/cjy/SCWJihaUaGkNKyHZtLCoXA
K4QhSEgQYLOIx7eTOygBhDrmBUne5sUmf63/otktq6Ku5RGwzOscL07cWZiEX0uZOEEQhqZwbemC
pow4dF0nMsLIBGECUREPrRBdAgJ2JWvJq3hF/K+5qv4O7sjbXgdRFBuWyQMpIks63JfcSgIunISH
Mg5FLK0kjgIx8pKjSIoKniZAOydJelPjPzsgyDWYmkBlGMSuaboBYI2EG/DQDQPP9h1hiQSIdWIP
5MyNx1HvDJNs4SF6w/Sl68cgd+47phlEcRRx37Yt6UsQbii9ODC90N5DTzFj5+Ag0Ncuj30peWjy
JOIiELETBokbS9uJpWeFvnClB6/5GNOjSsRCwX7tOX7gO2BUnhfFHGTqBoFrOZYM3NiyY8uVIBmX
jquHCLGczwodNZE047UTSm4bdhjaMhFJZIexsA1LWiY4pmsA6sAyQrDPPUxFVuxwgFUg/Z7wvcSS
ti28wLRjOxRWGFtW7HgxSNIUe9TQ5bgV2GumyQEVvxYclna44dhOEIGFy8AyQxklpuUmiQk8BWEc
B/vkZAVWFJ2xoAnbrx1hREZgJib3Q8fwpRH4oRdI7nucJ7ZtiAhItiJ3H9OSaCEn8OLQtGIjCQ3X
BVULyzaNQMaWMP0wCr3EAQsDSh9gmAxSjkLlmYkPYgzixAaFxZYjHQl+b/FYSJCWwU1wAwiAY1R9
IIA4+5rzOLZ9N+SuEXAvFAn4YOzAH983eARmGbtx6ETJGEUeNV1uem1LQ4Qy8SIvdpPIcSV4istN
vLnoSd/1bDOywfHlGMOg3KdCylFm8/QAPsBV8VtVWkCoJR35YeCC0cjYsD3H8jyMBnZke+BxAHSl
K6QfWv5jWCZpGXcVzevQsrjnOODzsRcDDZy7+L/AtkxQvSljx7cDLvfkW+dF8UV2Gf+1wcHXITT7
gRk7ZsjNxHMkuJcDocV2MQC7obRC5AlK4lpu0Q12FR3EehByDP/4jpQgXSuA8igCR3KMyDUN15My
EHYUeV5s8B2Stk2FlqsNySKMIj+JXDsIvNBMhG/7IFfHEXHkCA9mx4kFWsfpq3Zdc97Nfxjd6+06
KfItaDDbQoGRTbpi+g5IRau0DYgaZmDFYWDyyPRdAU5jOyIyEjBuLwzCwEDjegwXpIzAGOBy/cg3
LfA4KUQU+jEkNh5AaLKtOHDAGPwgtIQlw7+FyxziEtKJuCUclF4SRsKQZhhZHHwOArHtQnSBzBEk
qllZF1+gRzqC0CarpjsPBZcLPQeoiP3AAFt1eOBYYATSAB0LE9IXMAkWbLkjJCV43ARjt+7PISCF
dpj4UoDPxmASURTGmHTdODJcEUC8DZ3Q8AEN9Uq9bU23VK6+YNhs4zXdJF22FUdTYVjssaSo2Ki6
WuQv2M0KMimrZYN3WGrGK0k3cotc1vCDNyzmeV40eJE3zeOsFXTHj6kLjlNIaJB5GyhKENd1sYaZ
CSLYx1nzRB6yAi8G14iSRRCtbtm2aCuNi6UJW0MXAh0/rgDFDV6jzbaIGHr3Ht0RlLq8zZqabYr8
u4Zh7ucVgy62gOCVYgbbIoVQrdWK781K5qwtlxUXgGC6yBd5h2y2yBl78WklkTDWFLAKVK2AgqkG
rKbCr8bSWqjXRKoK/niPOZPqBjOeL8eSqdyCkDViBonHcpJxLI6XcsaoPsUX9aptoFrMJ/pS9owt
DnThuGgN0zTh34a02e1q0ZpSJGkPhqcwX7IMf3Ez/bfFAbFwnGXFhmVpjWwxvUnC7lLO/tTKaotj
fsUf3f7JDBhriZQXZ9TV6zl0hxsLS7zSCdJDbNGWaZnjeLUJMOlfD7h68QlcC0wHFMCFYFCjKT2h
/EEzt2wted1W6t43aCeSSDRIUf7a8gzlu0zvYCwUH61k3+tFoZR+idjVinJSyRJa4QnoZ7mU1Qxe
09of2nUE4gPzO663eXzD61uwkOoWDG5KAz7WoEP0gY5THLaqirxoQc0wvD5ktGvFVFOCjnPIsPwG
RrD7INmA4yJs3eZgajhEIb8mOwCewByr4j4FU5QgBmCJTDzviUPZaoLOEzRqHIPGe8jS5jsQX1PR
NCFxN4tsa28y+x54wGu8FomF2JhoTmeEat+oORlH1eZ0xV5gQ1mUpATqYOopO5V3+jdbp8sVeD0e
nR4OvVQbDkqkqtqyUVAlMLr4D7Rpvki54L3UlQjlOfyuSAWQ/TgFaCNoc9AapGBd04GhweCJGtRb
2iJfS1huq7z3h6yIwHpw/4kpOPjBOm0wCKzlkkd044NdK1EbJNy0pst7OP0GtbZJSfJkUeDdm4lC
1BlZTRzixQ74weQdfbdQsKSSsltSGTloq0V/ZssCFFWgP6NV4EJLInNCpM2YgVzA6hSrVen2/54D
3ND7Gv0rXonfR3/dFCWRoONsT5JGVzMIHyWmXdEThKt2VJmG5WjCKAh8Iq/Q9NXfPQOF5BdEEkYM
FreQpXLIUkzey7il4FsokpVHYlbrR8v7WEpR7zhSgevy5mzGbt6dX7P35xfnN+x4Pn9/fnbN5mdX
7NPl1Y9nV4cMBrGbSxh1xj69u3x/xuZXlydn19fT/RAwkoflelocc1mlBWVuDMQ1MhivJIVkkkYf
bE2QPdQOgmILDZlAKJQqzBKqkyIHPiFAgzUhv3/L2JSRbVaYgkEmGILUMMKskEDo3QVylZFojUvM
IVgQ0ITpw9FoC3o7GtRWyhjrBiVZJFfpVc3teQDzkmW9Y9U2NK/1y8dJ0pzbmvMlryLwjMmuBKcA
9Lh0ydWQHD2L6VkQu9c8b6lKGVICFVwLNvjysMsJ+0bYmaFKrwn0Ko3id71zwSm7VDFfGTyUGUWb
iZ6WFJLIJmc7+muFuCTygVHPMDSvsNpbChYPkiSZjsLQ85ZUxbpLtmq2HjEZmuZQw8iN1uQD22CP
mNTIOq67yhJVVhX0GUZnyKJdl6oMU7Ue0y8m+KLT1ykO0hOIdiKz4wCeIM2Ds/NHBAxJGxIfrHAH
RlbXrcTA0KxAa8uuLMWghavtqDrsFKlqBF19ThU1OPRvymnN7ye0fVt3tJ/wEqHpul1DjoX0WiHy
hudQfoIimfpMTFGxkyv6ixYlecxDG4OqvNQU0YITLJdbSLpOr7HTQr3at2msjTDqKfxqcOdCCpce
OOSMKocJbQ/3vJ0CKVSrQPmI0gPqVIGhsJQcmxem5igOd9zBNC1PxU+3Mg7eVbsowAz7BY3366i+
ZoeLPJcNKmymUwSUZqsiUyVmhPcSqBInkqFqAhPSSYZim2qR9FuVWiLZF5sqvb0Yaql7hWG12jaI
/JBNzIECSXm08KTpiNEpgKL2ro6lIwUsIYXiHJseKvRxMgA1WVP2DmpBsKVXVNyxk/nHQ5gLNETg
X5tUgNlTraCiZ49/QvhnzOvK7l1FXpN0BmOn7FhAoFrxLDmCnlO1CUKCDeulYFGG+4doYANH3KW9
AbJhK3J2j1ENS0yeTRkS8XGez7tie9cpYi+BROG9GZzYlnk50c973c2F9ro6/SJ7fWJZ3qmxxoSn
SyYo25V5DFKrE1pq0sspm+s5Ga+WNIHrllXbAq2YVHyJLIBOQGx1mVHFgn0o3u9AZ+cV6ukkS+mr
QmysK2imZN2wi5uPRGkNLCHbUdswbORJlbvlVHMx7WLNumknOGtG1A77Q5nTuRP5esJwByHGL196
NqFRTpI0njLKUiuORQB+8Ugf/OYYmuiLZwhTh0QLKO2OiF6hJCDqUiCGFM0pnNdKpaqUgLGNtlHk
RKqNBB3qdDd1eklF0un59fEbqI+onmpzsiEM2C1GSjoyVUVCisaoP9wVw35jx+fO14WM2uWsa9r+
i5nYrOmSdQXhit4z3cvXavcBvTmvC5W8tUeYiExRrbCdrIqiph2KrleTXTdOURy3l1nN77psAT/x
CgS+o63nQRsPhOHvQ1W06c2bXwr1WbWW1Hfs56i4R8+v2Pkp+/7nj+enL0Hv4PZAA4zfgNpQMSmk
e3AO7OEqoeWjyg/whmKnuxy8/ec37zv8ur8bQL6jxfA8jQoHUq8uRYi3ottK0mn0Huib4I2EV0WS
0LLwLk22k/s2FTuFkDwn412cG9qGUa6mPq5XMqBIr/2qrfV2UAxBpFFhVs+ZqDkzpg9ccRmVQnR4
1KtgDuT5su9RcpyW7afiw27UXSo3kz5BP7ZzpoR7vC5ajB6JynU6mIDIOtFibsfoSFshoH78TckZ
Jl9Rqh5MJsZzqVrvSCpkkfoknz5UJVdadXZGpoXgcdJX7ONCPfsQAxnfJxV4iSlrMQn59DEqjcfJ
5BVgEox35g7EdpPxb0+NvbfDQ58ho5/VqVA5A/nhoFMwuLqNhlJYYhKFEVKo1EkPfWqjrSZtHDyO
ZSapU1DmTatm6S0sgX0yRaKMA+tL+uBNxTFYgrOVwjYIcuD9daNSMhE7QWl0pE12olGsnZ/WA74w
TKPmFTamDlh7NvWWU1fm0JyRkgDfhFnsBZCJd+l6Re62tXpdTh8qUwevDU+pm4VkAq2esqKyKNus
cxv9gPmexui0YVu4ILVByCWthBkXIxeUBLrBQIjeyJvpUgf3Ham5VmBVKWjLws+s+wgtdkEPPXOC
/2mFPVAfGMZgffNgkNMhHkzU5ap+5Ar0NlOkTMv1upymBVEMoW67xuYQP27Hfda43pGOaUq/Z7v3
xAKFOb5cVnKptxT1/qPaZsFv32/3+SP6INZcnl7OQB4TnRRUfYDhayNVB8LByTe0Yk2E7xgg2HRw
OgB5upd8S/9hB6WcB0IFhar32pigEsIbBpTLBvnmBDfx5XAv7xCSQ7ni4Bb45T8WLE1fl0LGSGQF
vccE42KOyVC97XKXyhx8tDeob30Mkm0LNTjUNhRbuxCmEZKW1ftujQdaVXwN1dqk610G0dkYkeJ4
tHpMGKhFDOO4IG166kndBvd0t4B+M1yhk9zX871OJkqTygMGe0kaB6BvtDy7XaOVBqoQV/WdhI4O
uAkPzZqgMihNekR4mN5W6mgGo023laIiL+DT0anLtxyvF+o+DUprjpel9BMWQECj1tWsU5p6BzaK
e3oz9heqXKBoPaRNvv9BpCox98l7eGREbGAlXVGAx22U7qt72h95LI9SfKb2saaOgdpv/NKhzKQu
Aobkq3UJrn4CRnQDx1A5dbfijL19f3yjgNhqSNxZ+4O+unHohvf0H9M4tO9FWjWHFHT/oCs9ddYy
3LRQToyJDkSr9xR5q60uA2XFWzx7auOmrbq423VqVX9KQ0EF8EA6ium4rO7kNOlOeMAEVFn/4i1F
E1qKxo+QUF2sIZ8HkAnVl4PCr1C1v7yH2FbrJje+pc8NqKGD4Bal0KBsVSFH45BfIAVaMJUplKso
Lgk/VEZVH47xnHZfqXigOd+p+IRONelYbwFVy4u3VcpOZcwsh1nWzHZnrsE+nb9hlmGZOKA7ensl
IcLC87poxCv1OU2Fp4C42gSd7ZUZmpC6xsA7j8A2gnV3kJYABOsGyGaVNnKCR25YqxJ2aKB0ufbK
NRCy5Lh9IOQrelLHgT1Mz8INWzzY6Z7Lu1KvIFLsqMCEt6+ItN4i+wT3ipikYhhr7B1rXYEsxWAI
nsW/Oj17e/zx/c2AJzoY1EtSekBf1c+j8vVVgKBBiU5DDn77X4E35ZQ=
===END CRASH DUMP===
