PocketMine-MP Crash Dump Sat Feb 12 06:26:39 WIB 2022

Error: Undefined variable $player
File: plugins/Dungeon/src/hachkingtohach1/Dungeon/Dungeon
Line: 446
Type: ErrorException

THIS CRASH WAS CAUSED BY A PLUGIN
BAD PLUGIN: Dungeon

Code:
[437] 			}
[438] 		}
[439] 	}
[440] 	
[441] 	public function onEntityTeleportEvent(EntityTeleportEvent $event){
[442] 	    $entity = $event->getEntity();	
[443] 		$world = $event->getTo()->getWorld();
[444]         $from = $event->getFrom();		
[445] 		if($entity instanceof Player){
[446] 			if(isset($this->noCheckTp[$player->getName()])){
[447] 				unset($this->noCheckTp[$player->getName()]);
[448] 				return;
[449] 			}
[450] 			if($from->getWorld()->getFolderName() === $world->getFolderName()) {
[451]                 return;
[452] 			}
[453] 			if($this->inGame($entity)){
[454] 				foreach($this->dungeons as $case => $data){
[455] 					if(isset($data["players"][$entity->getName()])){
[456] 				        if($entity->getWorld()->getFolderName() != $data["world"]){

Backtrace:
#0 plugins/Dungeon/src/hachkingtohach1/Dungeon/Dungeon(446): pocketmine\errorhandler\ErrorToExceptionHandler::handle(integer 2, string[26] Undefined variable $player, string[91] C:\Users\tranthien\Desktop\FoxCraft\plugins\Dungeon\src\hachkingtohach1\Dungeon\, integer 446)
#1 pmsrc/src/event/RegisteredListener(75): hachkingtohach1\Dungeon\Dungeon->onEntityTeleportEvent(object pocketmine\event\entity\EntityTeleportEvent#112562)
#2 pmsrc/src/event/Event(62): pocketmine\event\RegisteredListener->callEvent(object pocketmine\event\entity\EntityTeleportEvent#112562)
#3 pmsrc/src/entity/Entity(1399): pocketmine\event\Event->call()
#4 pmsrc/src/player/Player(2354): pocketmine\entity\Entity->teleport(object pocketmine\world\Position#112534, NULL , NULL )
#5 plugins/AlwaysSpawn.phar/src/philipshilling/alwaysspawn/Loader(15): pocketmine\player\Player->teleport(object pocketmine\world\Position#112534)
#6 pmsrc/src/event/RegisteredListener(75): philipshilling\alwaysspawn\Loader->onPlayerLogin(object pocketmine\event\player\PlayerLoginEvent#113394)
#7 pmsrc/src/event/Event(62): pocketmine\event\RegisteredListener->callEvent(object pocketmine\event\player\PlayerLoginEvent#113394)
#8 pmsrc/src/Server(1666): pocketmine\event\Event->call()
#9 pmsrc/src/network/mcpe/NetworkSession(240): pocketmine\Server->addOnlinePlayer(object pocketmine\player\Player#112625)
#10 pmsrc/src/promise/Promise(45): pocketmine\network\mcpe\NetworkSession->onPlayerCreated(object pocketmine\player\Player#112625)
#11 pmsrc/src/network/mcpe/NetworkSession(231): pocketmine\promise\Promise->onCompletion(object Closure#112636, object Closure#112661)
#12 pmsrc/src/network/mcpe/NetworkSession(689): pocketmine\network\mcpe\NetworkSession->createPlayer()
#13 pmsrc/src/network/mcpe/handler/ResourcePacksPacketHandler(142): pocketmine\network\mcpe\NetworkSession->pocketmine\network\mcpe\{closure}()
#14 pmsrc/vendor/pocketmine/bedrock-protocol/src/ResourcePackClientResponsePacket(61): pocketmine\network\mcpe\handler\ResourcePacksPacketHandler->handleResourcePackClientResponse(object pocketmine\network\mcpe\protocol\ResourcePackClientResponsePacket#112662)
#15 pmsrc/src/network/mcpe/NetworkSession(395): pocketmine\network\mcpe\protocol\ResourcePackClientResponsePacket->handle(object pocketmine\network\mcpe\handler\ResourcePacksPacketHandler#112670)
#16 pmsrc/src/network/mcpe/NetworkSession(358): pocketmine\network\mcpe\NetworkSession->handleDataPacket(object pocketmine\network\mcpe\protocol\ResourcePackClientResponsePacket#112662, string[4] ....)
#17 pmsrc/src/network/mcpe/raklib/RakLibInterface(192): pocketmine\network\mcpe\NetworkSession->handleEncoded(string[7] c.`a`..)
#18 pmsrc/vendor/pocketmine/raklib-ipc/src/RakLibToUserThreadMessageReceiver(42): pocketmine\network\mcpe\raklib\RakLibInterface->onPacketReceive(integer 0, string[16] .R.........*....)
#19 pmsrc/src/network/mcpe/raklib/RakLibInterface(122): raklib\server\ipc\RakLibToUserThreadMessageReceiver->handle(object pocketmine\network\mcpe\raklib\RakLibInterface#32454)
#20 pmsrc/vendor/pocketmine/snooze/src/SleeperHandler(123): pocketmine\network\mcpe\raklib\RakLibInterface->pocketmine\network\mcpe\raklib\{closure}()
#21 pmsrc/vendor/pocketmine/snooze/src/SleeperHandler(82): pocketmine\snooze\SleeperHandler->processNotifications()
#22 pmsrc/src/Server(1660): pocketmine\snooze\SleeperHandler->sleepUntil(double 1644621999.0867)
#23 pmsrc/src/Server(1046): pocketmine\Server->tickProcessor()
#24 pmsrc/src/PocketMine(304): pocketmine\Server->__construct(object BaseClassLoader#2, object pocketmine\utils\MainLogger#3, string[36] C:\Users\tranthien\Desktop\FoxCraft\, string[44] C:\Users\tranthien\Desktop\FoxCraft\plugins\)
#25 pmsrc/src/PocketMine(327): pocketmine\server()
#26 pmsrc(11): require(string[80] phar://C:/Users/tranthien/Desktop/FoxCraft/PocketMine-MP.phar/src/PocketMine.php)

PocketMine-MP version: 4.2.0 [Protocol 486]
Git commit: 44818e6d1456dcf1f0fd3cd27da1dfecbe03c08b
uname -a: Windows NT tranthien4-8sin 10.0 build 17763 (Windows Server 2016) AMD64
PHP Version: 8.0.13
Zend version: 4.0.13
OS: WINNT, win
Composer libraries: 
- adhocore/json-comment 1.1.2@fc2f76979f0a44a5f5bc2a2b600d0762fe0e78e7
- brick/math 0.9.3@ca57d18f028f84f777b2168cd1911b0dee2343ae
- daverandom/callback-validator unknown@unknown
- fgrosse/phpasn1 v2.4.0@eef488991d53e58e60c9554b09b1201ca5ba9296
- netresearch/jsonmapper v4.0.0@8bbc021a8edb2e4a7ea2f8ad4fa9ec9dce2fcb8d
- pocketmine/bedrock-data 1.6.0+bedrock-1.18.10@e98c511584a7bd58a95986374d2df4b04c6a2ba0
- pocketmine/bedrock-protocol 8.0.0+bedrock-1.18.10@017e57c8f8a74118bcbba7332e7ebac9e6c81693
- pocketmine/binaryutils 0.2.4@5ac7eea91afbad8dc498f5ce34ce6297d5e6ea9a
- pocketmine/callback-validator 1.0.3@64787469766bcaa7e5885242e85c23c25e8c55a2
- pocketmine/classloader 0.2.0@49ea303993efdfb39cd302e2156d50aa78209e78
- pocketmine/color 0.2.0@09be6ea6d76f2e33d6813c39d29c22c46c17e1d2
- pocketmine/errorhandler 0.6.0@dae214a04348b911e8219ebf125ff1c5589cc878
- pocketmine/locale-data 2.4.3@4d0b081f1a79407e087968ea76aaf330db6ea2b5
- pocketmine/log 0.4.0@e6c912c0f9055c81d23108ec2d179b96f404c043
- pocketmine/log-pthreads 0.4.0@61f709e8cf36bcc24e4efe02acded680a1ce23cd
- pocketmine/math 0.4.2@aacc3759a508a69dfa5bc4dfa770ab733c5c94bf
- pocketmine/nbt 0.3.2@3e0d9ef6b6c5fb45e3745a121296e75631b3eefe
- pocketmine/pocketmine-mp 4.2.0@44818e6d1456dcf1f0fd3cd27da1dfecbe03c08b
- pocketmine/raklib 0.14.3@4798576fec0364266dce23b368a7fec5e5de7927
- pocketmine/raklib-ipc 0.1.1@922a6444b0c6c7daaa5aa5a832107e1ec4738aed
- pocketmine/snooze 0.3.1@0ac8fc2a781c419a1f64ebca4d5835028f59e29b
- ramsey/collection 1.2.2@cccc74ee5e328031b15640b51056ee8d3bb66c0a
- ramsey/uuid 4.2.3@fc9bb7fb5388691fd7373cd44dcb4d63bbcf24df
- rhumsaa/uuid unknown@unknown
- symfony/polyfill-ctype v1.24.0@30885182c981ab175d4d034db0f6f469898070ab
- symfony/polyfill-php80 v1.24.0@57b712b08eddb97c762a8caa32c84e037892d2e9
- symfony/polyfill-php81 v1.24.0@5de4ba2d41b15f9bd0e19b2ab9674135813ec98f
- webmozart/assert 1.10.0@6964c76c7804814a842473e0c8fd15bab0f18e25
- webmozart/path-util 2.3.0@d939f7edc24c9a1bb9c0dee5cb05d8e859490725

Loaded plugins:
Alerts 1.0.0 by hachkingtohach1 for API(s) 4.0.0
AlwaysSpawn 2.2.5 by Philip Shilling for API(s) 4.0.0
AuctionHouse 2.0.0-BETA1 by Shock95x for API(s) 4.0.0
BlockGenerator 0.1.0_beta by BlockHorizons, Chris-Prime for API(s) 4.0.0, 3.0.0
BuilderTools 1.3.0-beta2 by CzechPMDevs, VixikHD for API(s) 4.0.0
CraftingTable 1.0.0 by hachkingtohach1 for API(s) 4.0.0
CropGrowth 2.0.1 by NhanAZ, kaidoMC, YTBJero for API(s) 4.0.0
CustomItemLoader 2.3.1 by alvin0319 for API(s) 4.0.0
DevTools 1.15.0 by PocketMine Team for API(s) 4.0.0
Dungeon 1.0.3 by hachkingtohach1 for API(s) 4.0.0
EconomyAPI 5.7.3-PM4 by onebone for API(s) 4.0.0
FCCore 1.0.1 by hachkingtohach1 for API(s) 4.0.0
FormAPI 1.4.0 by jojoe77777/DragonfireHD98 for API(s) 4.0.0
Gems 5.7.3-PM4 by onebone for API(s) 4.0.0
HealthTag 2.1.2 by Shelly7w7 for API(s) 4.0.0
InvCrashFix 0.0.1 by Muqsit for API(s) 4.0.0
InvSee 2.0.1 by BlockHorizons for API(s) 4.0.0
KeepInventory 1.0.0 by NhanAZ, KhoaGamingVN for API(s) 4.0.0
LaunchableTNT 1.0.1 by Vecnavium for API(s) 4.0.0
MaxEnchants 1.2.4 by Xenophilicy for API(s) 4.0.0
MultiWorld 1.7.0-beta3 by CzechPMDevs, VixikCZ, fuyutsuki, kaliiks for API(s) 4.0.0
MyItem 1.5.5 by hachkingtohach1 for API(s) 4.0.0
NPC 1.0.0 by hachkingtohach1 for API(s) 4.0.0
Napthe 0.0.2 by hachkingtohach1,tungstenvn for API(s) 4.0.0
Parties 2.0.1 by Didah (@Diduhless) for API(s) 4.0.0
PlayerStats 3.1.9_BETA by hachkingtohach1 for API(s) 4.0.0
PureChat 2.0.0 by Vecnavium, 64FF00 for API(s) 4.0.0
PureEntities 2.0.0 by LeinneSW for API(s) 4.0.0
PurePerms 1.4.5 by Vecnavium , 64FF00 & ProjectInfinity for API(s) 4.0.0
RedstoneCircuit 3.0.0 by tedo0627 for API(s) 4.0.0
ScoreBoard 1.0 by hachkingtohach1 for API(s) 4.0.0
ShopGUI 1.0.0 by hachkingtohach1 for API(s) 4.0.0
SimpleHome 1.1.0 by CzechPMDevs, VixikCZ for API(s) 4.0.0
Spyglass 1.0.1 by ItsRealNise for API(s) 4.0.0
VanillaHopper 2.0.1 by ColinHDev for API(s) 4.0.0
VanillaX 3.0.0 by CLADevs for API(s) 4.0.0
WorldProtect 2.3.11 by aliuly for API(s) 4.0.0
_NewAlias 1.4.0 by Javier Leon9966 for API(s) 4.0.0
libEasyUI 1.0.2 by GiantQuartz for API(s) 4.0.0

----------------------REPORT THE DATA BELOW THIS LINE-----------------------

===BEGIN CRASH DUMP===
eNrtfQlz1Ei27l/Jazpem/dcVdqXmoCAtk3jOwbqYjPwpovgpqRUldoqqVqL7WKi//s752RqtQFD
u2/Pi4CZpqRU5snvLHmW1MK/9uK82PDqw6UoyiTP9ubWwV6VbMTeXHcsyzF03/enmu9pzsFevVVX
vKlm266re4br+K5rw5iUl9VxUeTF3vxfe9VuC9326Pz4OhQwDkgf7G1EWfIVXnqTRSJOMhGxS14k
PEgF+2Gb8p0ooFtcp+mzJMV+h/Pl8k0J2JbLquBZtU5EtlweifKiyrfL5bP8+rDgcbVcbtN6lWTQ
7ajOViKHTmURLpdrHq4vkmxV5Xik9y6rg+l2vcUp5XSKykxdnAGN2YhEe039wuAUGAHBWSAiABnC
8S97DzT2DcT2gcjDOdvm4YWoNkB2uRQoxDXPolQUyyWJ9DxvhfpcXpjPZY/9JKvEShTMOGBlVcBE
vxjOe/ZpabfdfP09+/OEfcAaYMggiOyBzrYbFAj+Jy5FVs1ei1VSVqIQ0Sn+ZqLYd20QxhdVOHmc
Z8dZlVS7c5GKbV5Ux0hwPw9+FWE1FCZegB/qDdK8OeqBrhu2YxBG4wZGSRguz28je5ODyeOQp+k9
wTH7cKjrTI7Y103fvx0SEZEo9omI1SMiTWC2oJ99w7StMZEBsMnjSkG7jZervEij5XKRlwkaJgE3
rQP28s3pKVM/hMBuF8bT9IrvyrMtv8JlyAsJap2kybaEv2FZrWac+pTYZ3aa8wiA6vYIpuQD5qbf
b4FJwJw7m+QQ43LZA7lcSpRolBLPaQ7Mfkb7Q/TUu1G9afoSmvs/ZIl3weL1sJyJ4hI14jjOHe3P
743ORAXquJhtwq2YvZQnZxAiQC/7hqWNKMq5Jo95FL3K0OUqu72FmyEbqGPHsKXb0fr2X+SbpBSz
hfzdt8aGpQAul4hwuRxC7DR8WAheiegrkeh3lYSpj+1d4gWq8gCRHOabbSrQpBsYh2le1oWgOU3n
gN3S7OgSinFHKI7nf52EQpKMUpScy/zUXCrGwaIr87oIxYKHFyX+JSoV5fZ1y/i6+T/T9V+hFMTv
ClfjGMFgo7yYdSNngYgKOJuA2Ks8zFOC3kd5mEKgrKBlm2elkJD3Hf3zUNuQ/ml+J49lp0/PdZvJ
jeZpUA8nug2yNAkZa3T7jiZh+l9YNHefv2H3DkzdQXjEjatJbpy7cmN7X2dgEsgRr7hS+5+gkDZH
s96zKfyRLLmfYqngF2kSzF7zi9MkOIG0q4ghJ93XfeNbWDvOwjwC36YguO9ZOP1v/t8NCu+Tq0bC
mCRbCVHCOc8xvzxfg1uIXshi4LUIRYJB5EtrWxIEqQ0ZIzdM4lKU2hxYawWnQw48fT1t/vzvTor+
10rRQJQNlJJC0nIJTDa4PsPhV9j3J3h9YBqWLaOwoX1S8mWW5x+FjM+pEFtRtP7TML9RxncYM3Ko
hv4NAL2xDciuEPwH/QAPeGSQ7su8SuIk5Bj3SjWvcWt+ot2RcInnbyDfTfejvMZKqV8He44rJzFv
mUS7Ubs1KUuVhBcLiThXcdDoJ+ILGvMCxuybmvUJIh8+hMBkVdRh62V+4qU4hMq7lDnnA6ON8n0C
NTADtdoLnmSQ0cHKeGC2K8N0vqLs6xyR9S3FouTb/gTfhjvWkBSrHKUc+L6OUbUQv9VJIRqf5Gnv
GZYP89nscD4jTLMW0kwhmjWAepNOXiy6uqNrxi2Bh3vvfz/YE/e1oXEvuwsASFL4kGSXeXopNhAx
gGwEsgirveYqtHSD0XkjA5bpQvuywv/9Du2W6alzeebTGR1bGh3ToU6HW1gHScjiOguRb3Z7uX1L
G/uByoCH/yJiBhFj8OcHWViyR6rD5PFKVKqWffg3NbepAP5AJduw73m+/5AO3uI1GEMjLBjB1J8f
YsiNh4OeQQuRVxPYaoIk3m8AgXYqnoUij5lMWhV0pxUedE7KEgL9D2Be5eRxlh+uRXhxvv1FqZum
esk3Yv/h+4dqeCf7ZVVndx4tufJ6gwtR1UUm2/2hQm2tj5HY70tISiBPwU1I8uzRI5AOyfbGtYeM
cNt6T6DNnx4E2xhBMAcQJItJ9jPSVBJWErGtHlNxDsEyXDcDImm8JeMl+yEED8cePWY/RJBiqbF2
b2xfIdjll+WeFGS53Hv/i5r0FpXYTo9Iw1pnCJ+X3H88Ys1kcjth7z1Q/f377t/33b/vu3/fd/++
7/593/37vvv3fffv++7f992/77t/33f/vu/+fd/9+7779//Z7l+zm1bi7tlTMI6KjjKOD0A1DQd7
7WNTe/pUm2rQwutqnRcl7gKMalckyrcJXrGoM5yLDOvxaG8OmhUHexFYYxbhYLhW5nF11G/YcNrd
u1ESSzTNL24ZgkFAx8Wrs/O3r16fHkHTlQig5kHs66raliCtK16Fa6hiqumVEEG6m4b5Zoa7GL3C
bMBy19rn25gaU3vI94IKJHamKqT74vsOdVfH+9n509fnbxYDzom5mvYwn+d1Kfrc9ZuH7AHiyU/H
50/1IZNnazAZ377+Y9ztHcOyzje7p4uTvY7TUtEGHiWuNeICBQ9RflbNyOxPKdD5GQtAXsmNbMXu
6EKfYW0KlvwhEBUf8ktDnudF8hH8EFw6XBdJOVkU+ETgWAQHe+YfUfRgquVyCPamqj/Df53gtt15
nqf91TtoHq5hwD1B3o0h84cfRbhevDgSlzjgH8l1cvH86L7sOkTi200ExJfLQGKrEBuwPkR6p3W9
Sqp1HdBq7sGeDUiBbMgdwjo6R8A94Qzb/0083ADU6PQucgGxgHiTNCx203JXiXIKacws4uU6yHkR
zaRA8u3PRX5VrQfSaBvHXmHkD15Cevf0n9B2wZMof3EIR//3/Kf/FEV+X1KRMyD3DSYZ1r/BMBRY
5Louq3xzUomNWlY93seXhhIwxxLg6WWSaabu3xfDLUHgeYTlZstd/AEshLEvaJuGlq7bY1PvMgR2
Lvjmvnhs5sfk6XK0zm+LYbcos0M2a2kgs+omYI/X9rbgcFGbf82iHu/k39dC7oXUjvdeY599e+pO
zcnihTUUQZ6JAP67L9YVueVSSBRAc7kcIPqi6T47PMyLvp9WDWNd6n+NLiWa5ve+NPksLzZDNTYt
Q7at8WL9Nf81Fy7+mR0VfJVnMVQMz498774E0E2AxQ5hag/uos6fxabvhej0L7RLnF/+fRfwzwVP
q/U5X/U46NqGUUKfGuO8WaTpzr1y74uJsiG4XLYg7hYYkZeT7BKyiXL9LLnucdNvHSbHN1bYi/o3
IHdfzGyI2nKZZJchAoiT669JeAH3mRBDRrDhC7nLMLe/J1ZGWbxE8jXM/F2ILYwSGWT9ux5Pw/Yv
ZKhtWvb3dc5/5htwWv94ed8Z2QDRPSRlp7zOwjXiOX953uN82P4F1/8PEWb8MqnvLVVpCYIS+0BG
p3dR7Qt+fYwjssGuSr91yJwxHTnCdyLLaT8g3N0Xez2SqMIWyuDkTszVaZXQwyN93rrGIWuuqjjN
L1ach/+kd+N2dVXWFwlVGmmSXJR/Sh26QbzqdvkA+x+pQXuEUE47zN77MpINQ/nY492l/6mURqJp
fu8rpXm5OOxxjGf/JiU2QPk6z/XJ/cOXfFut+0FINYwDqfFZRg8qqArw6YXL7M/jmYA1v3dZ2wte
VInoO62m5Qsh9iiJ+JrtP4Hfep2Ksnx4X1xFDcXlciuxLJcdqK9dri0+4pZu3Z9VfOCm+619rk1I
9vwPuFX611hwD9fg5A8b9KIuxOGaV30ZNE039oo/FYQP9hzr2TNN+yr2aZ6FKDbk5Edbx8847QaX
iyIH6u/A8+R1uTieNO29DeUPcm4Qi8LdHd3J6qEvPQU2Mv1+8xcEcSqSLBNnb+9L+ynRA5MHDEJh
kEz1EH3dPkoDcTagotiXShjyLtvGpaj9CQtgB0xqgf0vBirDG3UnUJdmSXVvKcxAzYSud3gXRb8W
UVlBRXiYFGGd9A1+fGW48G+ouxJRrjnGvRV5Db3lslBAQgkEn6MYI/sim2dhXoifMCb3OOw1jkLy
X+POOjz94z/szM7W+fbnN/09labl3yQRUXDag/vKvM4SfEbueb7ppya9xtEG8Jj92xPyPyP1LgnT
GjCBDPr4/kjqfbbhabpQj972qKJgtrsVPkbQF0vT9IUa86QqXwuevkzKe9uT6pEE9hWOu+/n/INn
SZry5/l2O7iZMWz/QrJ2mKdJ9hzkdl9MtQSXywGQ0em36LiF2jH/7ibf777ksA9Pn5Jp3xfDklzL
37vu6C5apBoRgmSFLzZ1zAyab9yNunE7KqnT3f3di0Jq6gnyrYQwtso75hkv6qSIE5FGvaeiJs1T
8RWkM7MNx8e3ZwN2QSofXoqrp2nC+yu1a/vClvh/QhIiCnYq8sz3Hee+5CLJNlTxGRTAon6+wZyH
5GaSzO/4ElxwzMvdIG51bWMvNaosf054Vv1XDTXRx/tiW068XLYAvmDS+O4eLwA36HV0O7F5Domg
XEPBW1LyDnzKOz57Hjoo3B4Kwg3Hu9NdS8hTgAZj+2355kOUVxAAB63qFcauoS7S/nnEq8H1OEkr
MSC82mz7p2uIrv3zJMyzy37DryUppD3fBPKRrUFbXlTtYyeoNnz/LqLErOu0DYdyeC3iVFCN028t
SaLlsCnC0qvXcrY4HUy/K39LM5xMHbH2UpVfiCz5OBTB9bXiGuGiv9nxTaoegsLTj8lWZg8+lQEf
wUT7w+H0ejOUeo7wDE0zdd3woWFx9GrAepR/IGjjRmhKhgrLwUrLctBRxvl3LwY8jxDAKT6tOuJz
k14VyUj/24qea0UJN4/5LNYj21vX2QU9cWiQkOQzAskqSDKOe/gQeYypg5IQl+AAA9UJSUHqtq1y
1WBIYUWgaGmWmkrIOo/5oZurdx3ftE2yOB/YbXRD5cnASkiUZr+pELA8cB2uammLDf1/wnJjrxYh
pKo94ePqXm/VvDgjPayU9svF/nLHpcxL0X1zDeRpEHl6+mdvbmi2CWIrP0BCuDePeVqCX2qeHN+b
W54Dc2B5hq+H6p5wIt2ynSiM9ViLIzOMDDfiehSLMBCaGWpeALTrJogmWZRflezlOWufk7QmXplk
TAetMsLAdNd1TLbfdJaPoTJD052H7OmLIwf34/HTaT2hfRS0kqzWXtbbDzkq5+3JS7otQCdXiXwv
ebPNS1F8AC0XvFD7Cjxa51jpzNB1TKCPesMZ03HjSRwaMX5vzo81blncju0gNLgROJoWaa5jxEIT
ridclGORhBcz5S21qT81n4TcdiPdizXDiz0rdl03MHTHCyPd1/VAi4QwTMvkglwh8ApuCOIRvroU
8PBicgkJQCSfogNJXmT5VfZE/aLZrYq8LMUMWOZlhq/NXhoYgp8IEVue5/t6ZJvCBk1poW/bVqD5
gQ7CBFAB9w0flwQ47EKUghfhmvjfcJnC7l3SanviBUGoGTr3RBQYwuKu4Ebs8ciKuS9CPwqFEYeB
Fw1WSfv6Cr6vSpJ0ptr/aRpBrt5UB5S+F9q6bntANYhsj/u27zmma0VGFANYK3RAzly7nXRnmGQL
N8lruitsNwS5c9fSdS8Ig4C7pmkIV4BwfeGEnu745og8+YxugYNAn9g8dIXgvs7jgEdeFFq+F9uh
MK1QOIbvRrZw4DIfUrpVifTgyxPHcj3XAqNynCDkIFPb82zDMoRnh4YZGrYAydj0OGCfINYkqXpe
iqBpTyxfcFMzfd8UcRQHph9GpmYIQ4eFaWtA2jM0H+xzRClP844GWAXidyLXiQ1hmpHj6WZo+pHh
h4YRWk4IktSjEZr+O8JEClT8JOIwtcU1y7S8ACxceIbuiyDWDTuOdeDJ88PQG8NJc8woGmNBEzaf
WJEWaJ4e69z1Lc0Vmuf6jie463Aem6YWBQDZCOwxpRVhoUXghL5uhFrsa7YNqo4MU9c8ERqR7vqB
78QWWBggvUFh0gs5kpSjxy6I0QtjExQWGpawBKx7g4eRAGlpXIdlAA5wSKp1BOBnn3AehqZr+9zW
PO74UQxrMLTgx3U1HoBZhnboW0E8JJEFVRObnphCi3wRO4ET2nFg2QJWis11AyK4I1zbMfXAhIUv
hhR6yT4lUpY0m7s78Buv18i4RDpyfc8GoxGhZjqW4TjoDczAdGDFQaMt7Ei4vuHeRgVf0mkymie+
YXDHsmDNh04IGDi38f+eaeigel2Elmt6XIzkK1+naCL+E43DWgfX7Hp6aOk+12PHErC8LHAtpo0O
2PaF4SNPkBKXYofLoMvo8Hav8SSEP64lBEjX8CA9CmAhWVpg65rtCOFFZhA4TqjxjkhdJ5GSqwnB
wg8CNw5s0/McX48j13RBrpYVhYEVOTA6jA3QOg5f15uS82b8Te9e7jZxnu1Ag+kOEox00iTTlwAV
rdLUwGvonhH6ns4D3bUjWDSmFQVaDMbt+J7vaWhct9GCkOFpPVq2G7i6AStORFHguyEENu6BazKN
0LPAGFzPNyJD+J+ipfdpRcIKuBFZKL3YDyJN6H5gcFhz4IhNG7wLRA4vlsXKJv8IJdIMXJsoVNTF
uOP4jgUoQtfTwFYt7lkGGIHQQMeRDuELmAQLNuwBkS2suAn6blWcg0PyTT92RQRrNgSTCAI/xKBr
h4FmRx74W9/yNRfIUK3U2tZ0R+nqA4alNgvxSa5VXdArPwyTPRbnBRtkV8vsATtfQyRlpajwKeGS
8UKwai1YnokSDnjFQp5lecUCwZIsTGtwHnDA5EsnUwhoEHnpjgLQOss3MDJGAmOaJY/FAcvhSlEi
SRaAt7pgu7wuFC2WxGwDVQjU+zgDJDf4rZZ0h4Shcm/JzSDV5XValewqz36sGMZ+XjAoYnNwXglG
MPw6CcNPZEi+r9YiY/V2VfAICEyX2TJriM2XGWMP3q4FAmNVDrNA1gok1Bs8JSV+JabWkbxMUKXz
ZyDPVFQkL9xTDQWTsQVbNkgZJB6KScoxOV6JOaP8FC+U67qCbDGbqM/izNlyTyWOy1rTdR3+1oTJ
LtbLWhdRnLTNcOZnK5biEdeT/1juEQtP0zS/YmlSIlvNhwPYZcLZf9Wi2GGf3/Cg2T2ZMyzhaegx
FfVqDAMGGCaWDFQL0kNqwY4pmWN/uQcwaS/3uHrwFpYWmA4ogEcRgxxN6gnlj692sY3g+OYb5qoM
tBMIBA1SFL/VPEX5rpJL6AvJRy3YvpoUUumHSF3OKCYFfbNgAvrBd7TmcJnmfllvAhAfmN/TcpeF
57y8YPj6HRjclDq8KUGHuAYaTrHbusizvAY1Q/fygMkP6MiiBBfOAcP0u5CvepJsYOFi26bO1Ot0
kvgZ2QHwBOZY5NcJmKIAMQBLZOJZCw5lqwCdxGjU2AeN94Al1Y8gvqqgYZHAvSyyrdFgtg881LDA
DBILsTFRnM6J1NioORlHUWcZqjPCgjLfkhKogimn7EhcqmO2SVZrWPX4SN1Bf5Uqw0GJFEW9rWSr
FBgKZgPYFF+kXFi9VJVEcuXwyzyJAPbtCNBG0OagNEjAuqY9Q4POE9mptbRlthEw3U6u3p/TPADr
wf0nJtthHWySCp3ARqx4QHc52JkUtUbCTUp6PQKHn6PWrhKSPFkUrO6riSTUGFlJHOKTsXDA6JMN
SCYuhGimlEYO2qpxPbNVDorKcT2jVeBEK4I5IWhzpiEXMDv5apm6/dtzgBt6n8O/5kX0x/CXVb4l
CMrPtpAUuZKB+9hi2I1aQDhrg0rXDEsBIyfwllaFwlf+eA8IaV0QJPQYLKwhSmUQpZi4FmFNzjeX
kOWKxKjW9hbXoRBR2XEkHder8+M5O39+csZOT16cnLOni8XpyfEZWxy/Zm9fvf778esDBp3Y+Svo
dczePn91eswWr18dHp+dTccuYCAPw3aUOBaiSHKK3OiIS2QwxO9pNdJona0OsofcISLfQl0m4AqF
dLNE6jDPgE9w0GBNyO+njE0a2dUaQzDIBF2Q7EaUJRFwvZ0jlxGJ5niFMQQTAhowvdkbbUHtRoPa
tiLEvEFKFuFKvcqxLQ9gXmJbdqyamuK1fHg7JMW5qThf8SKAlTHpUnByQLdLl5YawlGjmBoFvnvD
s5qylD4SyOBqsMGHB01MGBthY4YyvMZQq1SS3023BKfslfT50uAhzcjrNGqxJBBErjLW4S8l4S3B
B0YdTVO8wmzPyFncCJJkOpJCyxt9QU6FIDla9Zj0TbOvYeRGafKGbbBbTGpgHWdNZokqK3J6ybUx
5KjebGUaJnM9pi5M8EKjryPspAYQdoLZcICfU7sSsNj5LQKGoA2BD2a4BCMry1qgY6jWoLVVk5ai
08LZOlQHjSJljqCyz6lEg10/KacNv57Q9m3ZYD/kW2xNNvUGYiyE1wKJ07f4UJFMfklHoujkiutF
iZJWzE0bg6x8qxDRhBNMl2sIularsaNcXhrbtPzSYUNfdm6WkKSlOvY5k9/To+3hlrcjgEK5CqSP
KD1AJxMMSWVLn69gcozksOMOhil5Sn6ambFzl+2iAFOsFxTdz5P6nB0uM/V9h7kKEZCarfNUppgB
PlNCmThBLvG7bkwFGfJtskRSV2VoCUSbbMrw9qCvpeYSutViVyHxAzbRewok5dHEk6oBo0IAee0u
j6VbCphCRpJzLHoo0cfB0KhgTdlzyAXBlh5RcscOF28OGD7wCB2z6CqJwOwpV5Des6U/Ifpz5jRp
d5eRlySdXt8pexqBo1rzNJ5BzSnLhEiADaupYFKG+4doYL2F2IW9HrF+KXJ8jV4NU0yeThmCeLPI
Fk2y3VWKWEsgqCt8eggG1ttsO1Hno+rmhVp1ZfJRtPrEtLxRY4kBT6VMkLZL8+iFVss35KCHU7ZQ
Y1JerGgAVyWrsgWaMS74ClkAnYDYym1KGQvWofiMCi52XqCe5EdxZGGNH30QZcVenL8hpCWwhGwH
dcWwkCdVdtPJ4mLa+JpNVU9w1JzQ9utDkdF9J1rrMcMdhBDfLW7ZhEI5jpNwyihKrTkmASzZgGwq
1B1og/79HHBTB4QFlHZJoNcoCfC65IghRHNy56VUqUwloG+lbBQ5EXIjQbk6VU0dvaIk6ejk7OlP
kB9RPlVnZEPosGv0lHTLVCYJCRqj+jps1K83Oj67tR6JoF7Nm6LtMdOxWFMp6xrcFV1nqpYv5e4D
ruaszGXwVitCR2IStaR2uM7zknYomlpNNNU4eXHcXmYlv2yiBRziAxD0+T681ivjARjdlZdJm9q8
+TVPMrkhQJL6kb0L8mtc+QU7OWL7796cHD0EvcOyBwzQ/wrUhorB52NhcWANV0RKPjL9gNWQd7rL
YLW/++m0oa/qu17LjzQZ3k+jxIHUq1IR4i1vtpJUGL0GfBN8IOFRHsc0LVxL4t3kuk6iTiEkz8lw
F+ectmHkUpP/VJOUAXl6ta7qUm0HyQ+u0YpXYyZyzJypG644jQwhyj2qWTAG8mzV1igZDkvHofig
6XWZiKtJG6Bv2zmTwn26yWv0HrGMdcqZgMga0WJsR+9IWyGgfjym4AyDX1Oo7g0mxjMhS+9ASGKB
wO/HMvoMCC2ldWNnZFrYPAz6kn2cqGUffCDjY6jqI0MwG36d9jaU2u0weQGUIsYbcwewzWD8bdGY
ox2eAF+Yw3VWJpGMGcgPB52CwZV10JfCCoMo9BCRDJ100oY22mpSxsHDUKSCKgVp3jRrmlzAFFgn
kydKObC+om8KSD8GU3C2ltR6Tg5Wf1nJkExgJyiNBtqkE41k7eSo7PGFbho1L6kxeYO1ZVNtOTVp
Do0ZKAnoTZjBHgBMfCCwVWS3rdXqcnpTmcp5XfGEqlkIJlDqSSva5ts6bZaNOsF4T31U2DANnJDK
IOSSZsKIi54LUgJVYGCL2sibq1QH9x2puJbNMlNQloUfsWk9dNQ5PVyZE/zu2qipdQzDZvXkQS+m
gz+YyGer2p5r0NtcQpluN5vtNMkJMbi63QaLQ1jKFe6zhmUHHcOUus6668QCuTm+WhVipbYU1f6j
3GbBDyFfjPkjfOBrXh29wq84TVRQkPkBuq8rISsQDov8imYsCXjHALVNe3cHIE63kq+3+AyTVM4N
oYJC5XVlTJAJ4RMGFMt68eYQN/FFfy/vAILDds1hWQj07AViaPJSiBixKKD2mKBfzDAYyqtN7JKR
gw/2BtVTH71gW0MODrkN+dbGhSmCpGV5vZnjhlYlX321VsmmiyAqGiNR7I9WjwEDtYhuHCekTU81
qNngnnYTqCv9GRrJfT7eq2AiNSlXQG8vSdEA8pWSZ7NrtFaN0sUVbSWhvANuwkOxFlEalMQtIbyZ
Xhfy1gx6m2YrRXpeoKe8UxNvOT5dqOo0SK05PiylzjABAoxKV/NGafIa2Cju6c3ZL5S5QNJ6QJt8
75GoDMxt8O7fMiI2MJMuyMHjNkrzVSPaH7ktjpJ/pvKxpIqBym98jXKbCpUE9OHLealdHgJFXAaW
JmNqN+OcPTt9ei4bsdQQuLP2N/XoxoHtX9NLFQfmdZQU1QE53b+pTE/ea+lvWshFjIEORKv2FHmt
rC4FZYU7Jj9eVxeN320qtaK9S0NOBehAOArpdlnZyGnS3OEBE5Bp/YNn5E1oKuo/IEJ5sWr50GuZ
UH7ZS/xymfuLa/BtpSpywwssk0oq6MC5BUmK/zQAJXLUD/mlfygglZFCLhXJJdGHzKho3THepx0r
FW9oLjoVH9JdTbqtt4Ss5cGzImFHImSGxQxjbtpzW2NvT35ihmbo2KG59fZIgIeF801eRY/ku7oF
3gWkLwbiYnuk+zqErmHjpUPNJjar6iDZQiNYN7RcrZNKTPCWm2rA+klla49sDVtWHHcPIvGIzuTd
wLYNElxsxf1avK/TnG8vt4pelGBBBRa8e0TIWoNs49sj4pFyYUyxO86a/FhEvS54K/7R0fGzp29O
z3ss0X1BNSVFB1yq6nyQvT7ysKmXoVOXvd//H4axybg=
===END CRASH DUMP===
