PocketMine-MP Crash Dump Sat Jan 29 21:28:17 WIB 2022

Error: Class leinne\pureentities\entity\inventory\MonsterInventory contains 1 abstract method and must therefore be declared abstract or implement the remaining methods (pocketmine\inventory\Inventory::getItem)
File: plugins/PureEntities/src/leinne/pureentities/entity/inventory/MonsterInventory
Line: 0
Type: E_ERROR

THIS CRASH WAS CAUSED BY A PLUGIN
BAD PLUGIN: PureEntities

Code:
[1] <?php
[2] 
[3] declare(strict_types=1);
[4] 
[5] namespace leinne\pureentities\entity\inventory;
[6] 
[7] use leinne\pureentities\entity\Monster;
[8] use pocketmine\inventory\BaseInventory;
[9] use pocketmine\item\Item;
[10] 

Backtrace:

PocketMine-MP version: 4.0.0 [Protocol 475]
Git commit: 468faa464b2bc5c97f23fafbb71ea61035f6f218
uname -a: Windows NT DESKTOP-BVRHES0 10.0 build 19042 (Windows 10) AMD64
PHP Version: 8.0.13
Zend version: 4.0.13
OS: WINNT, win
Composer libraries: 
- adhocore/json-comment 1.1.2@fc2f76979f0a44a5f5bc2a2b600d0762fe0e78e7
- brick/math 0.9.3@ca57d18f028f84f777b2168cd1911b0dee2343ae
- daverandom/callback-validator unknown@unknown
- fgrosse/phpasn1 v2.3.0@20299033c35f4300eb656e7e8e88cf52d1d6694e
- netresearch/jsonmapper v4.0.0@8bbc021a8edb2e4a7ea2f8ad4fa9ec9dce2fcb8d
- pocketmine/bedrock-data 1.5.0+bedrock-1.18.0@482c679aa5ed0b81c088c2b1ff0b8110a94c8a6c
- pocketmine/bedrock-protocol 7.0.0+bedrock-1.18.0@040a883a4abb8c9b93114d5278cb5fecc635da82
- pocketmine/binaryutils 0.2.2@f883e1cf9099ed6a757a10a2f75b3333eeb2cdf9
- pocketmine/callback-validator 1.0.3@64787469766bcaa7e5885242e85c23c25e8c55a2
- pocketmine/classloader 0.2.0@49ea303993efdfb39cd302e2156d50aa78209e78
- pocketmine/color 0.2.0@09be6ea6d76f2e33d6813c39d29c22c46c17e1d2
- pocketmine/errorhandler 0.3.0@ec742b209e8056bbe855069c4eff94c9734ea19b
- pocketmine/locale-data 2.0.20@a6e4eb22587e0014f6d658732cf633262723f8d3
- pocketmine/log 0.4.0@e6c912c0f9055c81d23108ec2d179b96f404c043
- pocketmine/log-pthreads 0.4.0@61f709e8cf36bcc24e4efe02acded680a1ce23cd
- pocketmine/math 0.4.0@6d64e2555bd2e95ed024574f75d1cefc135c89fc
- pocketmine/nbt 0.3.0@98c4a04b55a915e18f83d3b0c9beb24a71abcd31
- pocketmine/pocketmine-mp 4.0.0@468faa464b2bc5c97f23fafbb71ea61035f6f218
- pocketmine/raklib 0.14.2@e3a861187470e1facc6625040128f447ebbcbaec
- pocketmine/raklib-ipc 0.1.1@922a6444b0c6c7daaa5aa5a832107e1ec4738aed
- pocketmine/snooze 0.3.1@0ac8fc2a781c419a1f64ebca4d5835028f59e29b
- ramsey/collection 1.2.2@cccc74ee5e328031b15640b51056ee8d3bb66c0a
- ramsey/uuid 4.2.3@fc9bb7fb5388691fd7373cd44dcb4d63bbcf24df
- rhumsaa/uuid unknown@unknown
- symfony/polyfill-ctype v1.23.0@46cd95797e9df938fdd2b03693b5fca5e64b01ce
- symfony/polyfill-php80 v1.23.1@1100343ed1a92e3a38f9ae122fc0eb21602547be
- symfony/polyfill-php81 v1.23.0@e66119f3de95efc359483f810c4c3e6436279436
- webmozart/assert 1.10.0@6964c76c7804814a842473e0c8fd15bab0f18e25
- webmozart/path-util 2.3.0@d939f7edc24c9a1bb9c0dee5cb05d8e859490725

Loaded plugins:
Alerts 1.0.0 by hachkingtohach1 for API(s) 4.0.0
AntiInstaBreak 1.0.0 by PMMP Team for API(s) 4.0.0
AuctionHouse 2.0.0-BETA1 by Shock95x for API(s) 4.0.0
BuilderTools 1.3.0-beta2 by CzechPMDevs, VixikHD for API(s) 4.0.0
CraftingTable 1.0.0 by hachkingtohach1 for API(s) 4.0.0
DevTools 1.15.0 by PocketMine Team for API(s) 4.0.0
EconomyAPI 5.7.3-PM4 by onebone for API(s) 4.0.0
FCCore 1.0.1 by hachkingtohach1 for API(s) 4.0.0
FormAPI 1.4.0 by jojoe77777/DragonfireHD98 for API(s) 4.0.0
InvCrashFix 0.0.1 by Muqsit for API(s) 4.0.0
KeepInventory 1.0.0 by NhanAZ, KhoaGamingVN for API(s) 4.0.0
MaxEnchants 1.2.2 by Xenophilicy for API(s) 4.0.0
MultiWorld 1.7.0-beta3 by CzechPMDevs, VixikCZ, fuyutsuki, kaliiks for API(s) 4.0.0
MyItem 1.5.5 by hachkingtohach1 for API(s) 4.0.0
NPC 1.0.0 by hachkingtohach1 for API(s) 4.0.0
Netherite 2.0 by Wertzui123 for API(s) 4.0.0
PlayerStats 3.1.9_BETA by hachkingtohach1 for API(s) 4.0.0
PureEntities 2.0.0 by LeinneSW for API(s) 4.0.0
ShopGUI 1.0.0 by hachkingtohach1 for API(s) 4.0.0

----------------------REPORT THE DATA BELOW THIS LINE-----------------------

===BEGIN CRASH DUMP===
eNrNW3lz20aW/ypd9B+Ja0UKNwHOeteyJI9VsSytJcepGU25Go0GiQgEEByS6Kn57vt73Q0SoJXY
2Whr4pqJgD5ev/tq8J+TtKzXvP10J+smK4vJwjuYtNlaThZ24LleEHjRfBY5vm9FB5Ou0lOON3Mt
Z+6GkeVFvmtZ7sEk5017WtdlPVn8/R8HE6kf/zlpNxV2TE4/nb5/f/F+cjBZy6bhSxo7xp6G5TIr
CnlzU3W1lEWbtZlsbm7U0+bmJivu8FjWeDwvi6aV9Vk/wkRZtDwrGmYzHjdtzUXL1rJdlQnjRcLW
XdOydiVrCRoliyVLpMh5LZPd8rJm2brK5RogaS2r5Rogs2JpIDXs+6oUt7JdZ4TkAJ0tHovFUrZn
rVw/B3VplhNpVd4tgdnhJYg6NUQdNrU41NQeDok91LQebmEf7lMKuDmOnyysfx0Y0J+wuszvFOI4
L8lqKdpJP4uR4ckYF2UiSRw2pv7zv6tVhTEHz/jj0n7Nme/Blky0n0hozQv7+V8w7elVPv4UHMKr
uJDfKjTaH+j9c/zpmq/tNJTTvtBs+BX2v+KNPBueEz22HlKBpPBfWmFbhApYSLKXWk+NoIg1R7ms
W/VEdGKpGTiYbI1jYs+smYUR3kE5aiz++2TFxeoWCtOW9GRPAJRXGc14ajEZQ8HjXCaTRVt38gDM
rmSRNBqBpkzbk+EA6R9O2gN7c6Ox6f+SSpQ8IUFfXF1/vHj/9gRD9zJuQDNtb9uqWRwe3vNWrJpV
1s7upYzzzUyU60PiwRE4fgZm81e15LdDqscTX6H+8vz8kl1Lvn4quqv1ugKRIySgFzT5FZIVVZ1o
geubEpowpGk4PKTIIVSnr06vj+wxXVcrqFHkP/wxsian8FHlenN0eTbZkdgY2Dc3XOO1IrxA9BjL
rxL7qsvyRNbXZZkP1XY0PBafC2Jj2XJnTOzxZylWl+cn8o42/Jg9ZLdvTp5KoIKAV+sEwG9uYo1b
S7jBhseYfpNCL7N21cVKjQdoH45AgTfHNU9bmM81ITxgznj8T2LaI6T2Xr+FL2AL2Jvlot7Mmk0r
m1kh28OEN6u45HWi7B1c2leU7dCYDbb/hZErl3oOl/qkpt6ff3MzwMQQe3V99P76w+XXVGCH2eEW
BogdmN2O3MHgkGB/Np+508tzb0xzWcgY/38qWg04RDqNBWDe3Iww+qq5vz4+Rh4zIMgM7Cux/e9R
Yo1N//ep1PY10tOxGPuRMdnevs7+XP5cyjn9Ozyp+bIsUqRIb06i8KkYsDsANGuctg/fIk4kLzD0
ZvU6exhQNxwdUmh9Kdjz7heAeypy1gqaSrEEIZBmiE9vQYSsv4WaH6Ssdvnqjp7x+Ff87bsVL47+
hrEfViX/K0cOt/zx3VMRqIHf3Iww+rbM4hHHY1AF5ef84bQQeB3ljsPRMdXObC/6/iSLslpleSY2
T0XrACRRuEVl9PItYj3v8jb7WNZ5MqRtNzgmbW7SC/er6cUxSTntNl3bdLcZnm95nmW3zf9L0rEm
fO8JX9A/xP2PJBwDQMSnDRUZQx7pgTF//Jn/7/HNGpv+71P55neXxwOK6e1Pkk8Bld9n2L9aJb2T
1EBQi3eEbsf2KokxsR+R5n7uMttxn4rOHUSQ2CPxf/ZgO2iHO4pA8mXON7K+avnInw1Hh2S7M3sW
faIC6t8j6gFeo5c/LPlR/2TAh3FbZa+SHPPgrWp1XH18KuIfb53sYfT78ucexVGjishH/Vv99cMw
7+pH/iQ2btDZPjyNU6P+Gq9BcCv3S5/p+eWsWvFaUfDQyoJ4oFRDp+WTkFI0Cn2xWPN2NRwRPAdF
2DscK9efkrIFBqNR0y/dDXR1PnxPeDuaT7McuA5Hlutq+LoCecP3DEXH3XDg50bJcvu+puYoWD0a
K1Gz6zzUVvlL03IiKBkuqsSYD+9lmkvV0hiONoqjzXgoybr1cOTq8u3o+E3zS17QYeaJbafa8lYW
2ecxCx4eDNWELqXNG77OlZE66vVzVulSN1IR+XOexcPteH1Yj7leEnqOZbm27UQYuDy5GJGelJ8U
avuDGMrGAiuh3E0zWniletA/nY9o3sMAr7VU2fh48J789miwale0kjjsGfu8XO3p3qorbrs2yxtH
MclVXMmWcVZwSt/h1p1ZQJyQdzJPYrOIQMF2qrY0A45mVgJBa7UkftOqXRP20+6swTy1ybMiLUd6
m3wh8mykJYqV7nColjAPssNlp3Wxh/83mBu7uBTwFQPmk3WvKnMunSgLWfN86N6H5k6mzBu5uxvZ
8lO1sSYLx3IdsK35BK8yWaQ8b+DOqrpsS1ECqjf3cUZG9u0FYcq5F3ixEwtfRPPUcVOexvHcljyw
LddPg9SxQ8DuDCofsyIp7xv27pqdnF79cH1xOX314/s3p1cWs4EFUzgwO7I8h33fL7at5+zo/CSg
ZgY1+Qe8+iyVAXlbNVlVn0qSycezd++uSTHp5V7lEvBNVdnI+hOEW/PahECerEBYLQ/JY0yxxlw+
2OQTXqbCSedBNI9Si3se91M/Fg534sCyEmseOKm05DyUc2JfnYnbQ+MkrVk0c18K7s8TO0wtJ0xD
L0VVHTt2EIrEjmw7thIpHddzuVQeEAKB90H4gl/NYy5up3coH+AZ6coJDLwtyvvipflL2rasy6aR
hyCZNwVdgdw5pM4vHcuJIst1BfjvuZYl48AP5FyGMgxF6juJnQRB5NGp8NO1bCSvxUrRv+ZVpezu
TinFyzCOheXYPJRJ7EiPzyV30pAnXsojKaJESCcVcZiMjOMwlkmNtylw56ZEsP6jHwRfIb2XXuiI
YB5x7svEikNbWEDOie00pTfb4pEnQh6IxyHv1HEyJ0T3oVuexcPQ5R6P41BEcQQP5yW+Mw9F7KdS
iMD1Ex46e9CVo9hZtUMKADDSFmlkRZFMAj735xzYQSv82MU/5FeOSNJoDOlREVJe4b4MvHk496BS
QRALDo76Yeg7niNDXziucHwZCt/ne6gJulXMS+MqCTWwMJLctdwocmWapLEbicS1HOnYfpD4FkCH
jhVBO/cglXm5g2FFsQxgrMkclipdNwlCG4oTJU4kHEd4gbDn0k72sFH3oCi3k9ygQ2onxdxzYjoy
tPwgjkGQbwWR8GSaQpjR3PUkt6N4DCovKY3oVYXyTcd6yQPpga+OH86lZdleGiQBnl1HpIHrOoEz
h6MJE3cf1FIh4xEygYhsR1iQm++LEBS4thVKAeWfQx2C1LM8YXlfQpgOAo0GFdjpnIgSqQuJCccD
bjB7h4sEChFa3IYVuGLPBrZ+QIFIAk86vu/HiSMj0njH8+dwCH6CzamwXeAYpXvKXsTtlrlRKDxu
eTE0I7J9CZ8SuokbW9BtMAqGafMY4rfHEHaPU5U+aaP+HW57AKvmtzqhgKf1YBjS5WFg29DluSXt
lMOmAseH4dlwdp43l3AdMZfiMSjTrBJ9HvMychweeJ4HYgIxTzhcAv0vdB3bgu5J4c3dkMs9/jZF
WX6WfZx/aXERwldD523h2RG3U3Ac9gWjD12f/K8fSUcpHxLhRm7IDnZ5nGpgvRT4N/ek9KXrhEiK
YliSZ8W+DX2WEvoWx0EgLL4D0nWZDj/wvIgVEXiYxr4bhkFkp8ncnUMvPC8RsZcE2C1Sx0tS2r7q
1g3n/f4vnXuzWadlsYEE8w3Sinzap9B3QNVVQhRJ5M+juYzgfdwwTRInttwgcuHgEHckxGtBuR6D
hYgRWltY9ku4WwtxSCY2j+AEOKBFXNoOfDuCByKW5fjePP5VWPYALxlAKaLUTUjPU4SgyAthq7Yl
POECKRfGG+G/uoxZl5953R7Ct6Fu10GXNDSIAk/MoQ2h5YW2x0PPgRJICzJObD/msZXaIQxqBKSC
xU3JeSs/QrgkkRulc5nAZgVUIo4jQTHXF7HlJ4iGwC2y5gCjKqStbs02Kkl9xqgHQd9jpNmyqzmp
CqMUj6VlzUY51U3xjF2vEEhZI1u65GoYr6X69KIsZIMH3jLBi6Js6YuNrBB5B+eBB2yoEfhnCGgI
vKr2Bayrco2dKQHYh9nwVB6wklobDYFkMd0ls03Z1QYWy1K2Ru2RZuoE5Db0FUW+IcDv5P0WHKrG
lHd527D7sviuZRT6ec1Q9ZZwXhmFsA1h2K6yRtN9v5IF66plzRMAmN0UN0UPbHFTMPbs40r1XFhb
4hTkqgDBdNkFHiC7aSihTvS0QlV7f/pgJZf6UxUqZYVkOrjQyJogg+NCTnNOKfFSLpjKSmmiWXUt
csRiaj7AWbCbyZWGLXIke8nNRGF2lOflPcuzhrBl5vsIdpdx9j+drDe05hd6mJqpBaMyXm09VYW9
2aO+waF0kUFiYApBizfMsJLW6z7AdDs9QPbZR1gMNAJ85UnCkHlp9hNbwfBbtpa86Wr93Q6YHktC
GsyRv3Q8J7YtszusRVLRSfa9OZQ51nOCrk+U01pWqGunYPtyKesFptXZ77p1DK5Aq46aTSGueXML
wde30KOZWvAB3FKq3VNKy1Z1WZQdpIflzQFT/WamKwyyhwNGSTUIoVJC8Qb2SGPrroAG0RIN/EqJ
FzRBy+ryIYOGSbABJCnNLbbIEW8NQmcp6SqtIZ08YFn7HdjX1mpbIltotVKZvc3se9BA38w4ii2K
jKmhdKFA7esqV8pRd4X6RCqh6rCslBBUOdLM2Im8M89snS1XMGa6TToYGp9RHOJIXXdVq0c1w9SH
W8DN0KWEC6NUtUaiDYLflVkCtB/HgHSEdA4Jfwbtmg0UDYunetFW026KtVzTN1zquL/mZQztoR4U
0+Owg3XWkm2v5ZLHqmfErjSrLcXcrFGX9rT9mqR2nynOK42C0d5PNaBeyRpFId1F4oHJO/XdWcnS
Wsr+SK3kkFZHZsqWJQRVkpmSVtBBS4XmVKG2YBZRgdOVC9YZ2Z+eAmrq/Rb+K1Tzfwz/pi0rhYJx
n1uUDLiGwX1UFE2TLUJ0ao+VjbzTIKacwEdlFQa/5rsnwFDZhUKJPAYTHYJPgeDD5IMUnXK+pUZZ
WyQFq+1q+SCkTJodRdpxXVyfLtj1m7Mr9vbs/OyaHV1evj07vWKXp+/Zx4v3P5y+P2BYxK4vsOqU
fXxz8faUXb6/OD69uprtu4ARPxw/MOy4lHVWqoBMjrghAsVKKpesuLF1tjZ4j5QgUb5FLZnCFUrt
ZhWo47IAnXDQ0Cai99eUTSvZ/YoiK3hCLkgvU5A1ELjenSPXEUmdcUExhOK82jD7cjXpgulIQ2yV
FJQOaM4Sulqueu+WBqiXrJodqa5laG2eP46Sodw1lC95HcMyprvMWjmgx7mrTI3QMbuY2QXfveZF
p5KPISZIzDro4PODPibsK2Gvhjq8pijyW03vemeCM3ahfb5WeGQPZZcnW1wyBJH7gu3wbzTgSqEP
QgPLMrTitNfKWXwRJJXqaAhb2tK6XPfBVu82K6ZD1RxKmKgxkvxCN9gjKjXSjqs+YSSR1ThJf/mr
FDnp1pXOrnQKx8zElCZ6eZ3QIrNB4a7Q7CnAG8I8jJ0/wmAEbQQ+nHAHJWuaTpJjaFeQ2rLPNslp
0Wk7rA56QeocwSSVM40NLf1VPq35w1T1Ypse92Ne0Wi27taIsQivNQFveYGsEoJEnKbrNI3Fjq9k
L4aVymK+1DEk25XBSB04pSy4Q9D1thI7KfXUvk5TbkReT8PXi3sT0rDMwiFlKnOYql7vlrYToKJy
FaSPxD1gpxMMDaXiVJMwvUdTuKMO2ww/NT39ybR4l+0SA3MqAwzc3wb1W3p4UxSyJYEtTIhAarYq
c51ixnRBqTJxhTKyJqiQCTLKt+nKx8zq0BLLbbKpw9uzoZT6KXKr9aYl4Adsag8EqISnDp62PTIm
BCivvctj1f0ApZCJppxqGZXo02YMGrRm7A1yQejSC5XcsePLDwfYCxxi2Nd9lkDtVa6gvecW/lTB
X7CgT7t3GXmjuDNYO2NHCRzViufpIUpJXSYkEjpsjsKhjPqCpGADQ9yFvQGwYSly+kBejVJMns8Y
IfHhsrjsk+1dAUi1BCF1j7BJG7uqqKbmfa+6OTdW12Sf5VaelJb3Ymwo4JmUCWm7Vo9BaPUiR296
PmOXZk/O66XawE0lanRBnZjWfEkkQCZgW1PlKmOh8nIN5MnYeU1yOs4zrNL1co1iSjYtO7/+oDBt
QBKRHXcto/pciXJ3nC4uZr2vWbfdlHYtFLbD+lAW6hJJ2XrKqDEg6IvXLZmof9M0EzOmotSKUxJA
P9NQP9goyDWpH63ATR0oXCC0O4X0ijgBr6scMUI0V+680SLVqQTWtkZHiRKp+wPG1Zlq6uRCJUkn
Z1dHr5AfqXyqK5QOkcPuyFOq+0+dJGSkjObnGMmw3tjRubP1RMbdctEXbf/FbCrWTMq6grtS88yU
6I1uKpA1F02pg7exCJuAaaw1tONViSKerLCv1WRfjSsvTm1j1vC7PlrgEaW3mlMt5UEZD8TUzbxO
2kxP5udS/yzGcOo79lNcPpDl1+zshH3/04ezk+eQO8weOGD9PcRGgskQ7mEcVMPVieGPTj9gDeVO
dgWs/adXb3v4pr4bjHynDlM/QVFtERKvSUUUbWXfITJh9AH4TenDhBdlmqpjMZelm+lDlyU7gSh+
TsfNmWvVXdGmpn8fpXmg1hq76hrT5RFwIq12s2bPVO9ZMHN7SsfoEGLcozmFYiAvltsapaBt+X4o
PuhX3WXyfroN0I81xDRzj9ZlR94j1bHOOBOwrGctxXbyjqoVAvHTswrO2PxeherBZkV4IXXpHUsN
LNY/qWoqfq+UgnRUQ1eqRcPjoK/Jp4O25MMHMr6PKmgRKmoxiXj6GJbW42jyGpASxnt1B7L9Zvq7
xcbd6/DEeSmU+TZZomMG0cMhUyhc08VDLiwpiGKFTHToVC/b0KZaTUY5uBAyl6pS0OqtTs2zWxxB
dbLyRDkH6cu6vG9X2o/hCM5WGtrAycH6m1aHZIXslLjRozbdsUaTdnbSDOgiN02S19CYvjbdkmla
Tn2ao/aMhAR4U+awZ0ATpfJOkLu21laWsy+FaZzXPc9UNYtgglJPa1FVVl3em415oXiv1piw4Tp0
oCqDiEp1EkVc8lxICUyBQSOmkbcwqQ71HVVxrYd1pmA0C4jsPHSyc3pkmVP6kdze0NYxjIfNZwSD
mA5/MNUfWG1XriC3hUZlRj9rmmWlwhiubrOm4hCm3FKfVTQ71ClMmXm2m1ckKDfHl8taLk1L0fQf
dZuFftV2u0+fwg++5uLkYgF+TE1Q0PkBua97qSsQDiO/Vyc2CvEdAWpsNmj6I05vOd9V9EGSFs4X
TIVA9bxRJmRC9N2AimWDeHNMvXk57OUdIDhUKw6zkOTZa8Khz0sRMVJZo/aYkl8sKBjq2T526cjB
R71B8wnHINh2yMGR2yjf2rswA1BJWc/3Z3whVU3XUKxttt5FEBONCSitJ62ngEFSJDdOB6qmp9nU
N7hnuwPMzPCEnnO/He9NMNGS1BYw6CUZGADfGn72XaOVGdQurt5WEsY7UBMexVqi0qAs3QKiS/Ku
1jcu5G36Vor2vIBnvFMfb5GT8cbUaUitOX35ZN4oAQKORlaLXmh6DjpKPb0F+7vKXJC0Hqgm3z8I
qCrBdsF7eBOkyKBMulYOntoo2nmRVsn20Tiq/LMqHxtVMajym773Bq4mCRiir89VOOhHQCQz8Cwd
U3cnLtjrt0fXepBKDUmdtb+YLzIO/OgBFBXywH1Isro9UE73LybT03ctw6aFNmIKdGCt6Snyzmhd
DmGJDV0pdaLt6t7v9pVavb2lUU4FcBCOhLoFa3o+TfsbHqiATuufvVbeRB2l1o+AqLzYjHwajExV
fjlI/Eqd+8sH+LbGFLnilsqkRhV0cG5xhgJloxM5tY7ozegHobmOFNpUNJUKPjKjeuuO6fp1X6h0
T3m5E/GxuqxUt3U3yFqeva4zdiIFczzmOAvXX/gW+3j2ijmWY9OC/kbthYSHxfu6bJMXo6tNpm/T
aFIfPiXbe2FHthvsDd4FatilYVMsZBUGoewYuV9lrZzSDRylruow1FMme3vhWDSy5NRNSOQL9aYv
/bZjZhf1b+mep3+v7ipzQpJRgQWN3rxwFLReQbfx7oWiWeXGlHK/0D+fqHf5skwGS+jG/cXJ6euj
D2+vBzSpe0JzpIoWZLrmfZTNvghpaJCxqyWTf/0vwMidxQ==
===END CRASH DUMP===
