PocketMine-MP Crash Dump Sat Dec 4 18:13:02 WIB 2021

Error: A void function must not return a value
File: plugins/PlayerStats/src/hachkingtohach1/PlayerStats/task/Popup
Line: 36
Type: E_COMPILE_ERROR

THIS CRASH WAS CAUSED BY A PLUGIN
BAD PLUGIN: PlayerStats

Code:
[27] 				if($this->plugin->intelligence[$player->getName()] < $this->plugin->getIntelligence($player)){
[28] 		            $this->plugin->intelligence[$player->getName()] += $this->plugin->addIntelligence[$player->getName()];
[29] 				}
[30] 			}
[31] 			if(isset($this->plugin->critChance[$player->getName()])){
[32] 				if($this->plugin->critChance[$player->getName()] <= $this->plugin->getCritChance($player) and $this->plugin->critChance[$player->getName()] <= 100){
[33] 					$this->plugin->critChance[$player->getName()] += rand(10, 15);
[34] 				}
[35] 			}else{
[36] 				return $this;
[37] 			}
[38] 			if(!isset($this->plugin->speed[$player->getName()])){				
[39] 				$value = $this->plugin->getSpeed($player);
[40] 				$attr = $player->getAttributeMap()->getAttribute(Attribute::MOVEMENT_SPEED);		
[41] 			    $attr->setValue($attr->getValue() * (1 + 0.5 * ($value/100)));
[42] 				$this->plugin->speed[$player->getName()] = $value;
[43] 			}	
[44]             if($this->plugin->speed[$player->getName()] != $this->plugin->getSpeed($player)){	
[45]                 $speed = $this->plugin->speed[$player->getName()]/100;			
[46] 				$attr = $player->getAttributeMap()->getAttribute(Attribute::MOVEMENT_SPEED);

Backtrace:

PocketMine-MP version: 4.0.0 [Protocol 475]
Git commit: 468faa464b2bc5c97f23fafbb71ea61035f6f218
uname -a: Windows NT DESKTOP-BVRHES0 10.0 build 19042 (Windows 10) AMD64
PHP Version: 8.0.13
Zend version: 4.0.13
OS: WINNT, win
Composer libraries: 
- adhocore/json-comment 1.1.2@fc2f76979f0a44a5f5bc2a2b600d0762fe0e78e7
- brick/math 0.9.3@ca57d18f028f84f777b2168cd1911b0dee2343ae
- daverandom/callback-validator unknown@unknown
- fgrosse/phpasn1 v2.3.0@20299033c35f4300eb656e7e8e88cf52d1d6694e
- netresearch/jsonmapper v4.0.0@8bbc021a8edb2e4a7ea2f8ad4fa9ec9dce2fcb8d
- pocketmine/bedrock-data 1.5.0+bedrock-1.18.0@482c679aa5ed0b81c088c2b1ff0b8110a94c8a6c
- pocketmine/bedrock-protocol 7.0.0+bedrock-1.18.0@040a883a4abb8c9b93114d5278cb5fecc635da82
- pocketmine/binaryutils 0.2.2@f883e1cf9099ed6a757a10a2f75b3333eeb2cdf9
- pocketmine/callback-validator 1.0.3@64787469766bcaa7e5885242e85c23c25e8c55a2
- pocketmine/classloader 0.2.0@49ea303993efdfb39cd302e2156d50aa78209e78
- pocketmine/color 0.2.0@09be6ea6d76f2e33d6813c39d29c22c46c17e1d2
- pocketmine/errorhandler 0.3.0@ec742b209e8056bbe855069c4eff94c9734ea19b
- pocketmine/locale-data 2.0.20@a6e4eb22587e0014f6d658732cf633262723f8d3
- pocketmine/log 0.4.0@e6c912c0f9055c81d23108ec2d179b96f404c043
- pocketmine/log-pthreads 0.4.0@61f709e8cf36bcc24e4efe02acded680a1ce23cd
- pocketmine/math 0.4.0@6d64e2555bd2e95ed024574f75d1cefc135c89fc
- pocketmine/nbt 0.3.0@98c4a04b55a915e18f83d3b0c9beb24a71abcd31
- pocketmine/pocketmine-mp 4.0.0@468faa464b2bc5c97f23fafbb71ea61035f6f218
- pocketmine/raklib 0.14.2@e3a861187470e1facc6625040128f447ebbcbaec
- pocketmine/raklib-ipc 0.1.1@922a6444b0c6c7daaa5aa5a832107e1ec4738aed
- pocketmine/snooze 0.3.1@0ac8fc2a781c419a1f64ebca4d5835028f59e29b
- ramsey/collection 1.2.2@cccc74ee5e328031b15640b51056ee8d3bb66c0a
- ramsey/uuid 4.2.3@fc9bb7fb5388691fd7373cd44dcb4d63bbcf24df
- rhumsaa/uuid unknown@unknown
- symfony/polyfill-ctype v1.23.0@46cd95797e9df938fdd2b03693b5fca5e64b01ce
- symfony/polyfill-php80 v1.23.1@1100343ed1a92e3a38f9ae122fc0eb21602547be
- symfony/polyfill-php81 v1.23.0@e66119f3de95efc359483f810c4c3e6436279436
- webmozart/assert 1.10.0@6964c76c7804814a842473e0c8fd15bab0f18e25
- webmozart/path-util 2.3.0@d939f7edc24c9a1bb9c0dee5cb05d8e859490725

Loaded plugins:
DevTools 1.15.0 by PocketMine Team for API(s) 4.0.0
PlayerStats 3.1.9_BETA by hachkingtohach1 for API(s) 4.0.0

----------------------REPORT THE DATA BELOW THIS LINE-----------------------

===BEGIN CRASH DUMP===
eNrNWwtz20aS/iuz8lbF2hUpvAkwq5QdS7mo1rZ0lrxOXbTlGgwGJFYgwOAhidnKf7+vewYkSCvZ
S91e1TkpB5hHTz+/7h4w/zzK62Ylu88PummLujqaBydHXbHSR3M38uOI/vKmvucH3uzkqF+bKWca
+eEsiJIwjGduGHsnR6Vsu4umqZuj+Y9/PznS5vGfR91mjQ1HF5/fXL27vnx78fniw4erD0cnRyvd
tnJBc6/FQ11kIu8r1YEFserbTlR1Jxrd9U0lpHiQZa+xJy9K2rAu+0VRtafXpdzo5qaTXXvaNup0
KdXyvqgWXU1P7t58J9v70+t63a9Bpywq0PGjX04src9F9VCXD3qlqw4HZEWjVXc0zGJkRArDqs40
CefNMHXXmX+K/OUfu2XRTr4xuybfFFWny7JY6ErpH/+4ZhKTbxa6ey9X+uXx38VfxMEOzF2ONr20
m46P/4lTvdieJkZ/fu+Rfz473CKz7PJf7PqaTk9Gsv6CAd/ZDvCru32FJoq21d2hPlRTdG+W8lcO
MUL63m+q9LdJiL+cPaPRN9s9W30KWWXid5N2Hcfw6I94vOt+Hx0YoMHpL13nRLjhManWDw5VG+5U
q8tW86HRaJGNDD6ZKcz2bRGPbfGHZ43RrrXOfsUOwzFEamz2P3IgiueUfEPktvolngJnvFN2XUMb
R+e9xlCR9p1+J9cvj/eHXm6f5vN3V3+7eHfx/vbzzfXFxfnx15azYOdwHAh0AsTS3d+IyZf2fTG8
H4s/iZeu+LNwpiE9GllOyabHht+x5/1PlUUiMSGmsPOLXwyLZNhxtH7p0L9O+Q//Ws1kKTomPDiG
9cGUv7TVrx5Iqvh6a/cg+j+y3hFAt2uk0iZRWCwnND3XD7d1XfJzJSnP7IZOjrYJ6siduuHUwZDs
u2XdYP2PR9e1utfdO+C6uNVydQTKcl3QTDB1sJhSUiXTUmdH867p9clRpte6ylrDRVvn3fl4YCUZ
9ofz7+5GnJS1BJWjm9vXH24/XmPgUadt0RG/y65bt/PT00XRLft0qurV6Y6z0y0NqGCcUHby7qeZ
ncj+1J0mn7+9uH29L/ZBxvt3iX1A9u5uxNfey04b11c3t5+uPrw9f1Yfj7JTy3ZZdNNHrdNyw5o5
+oXyr2wgeqcPzTh5dz1dL2XDIjx1uiJNsKre1A2RjiGg6+O0VKF+WY5HlCwhEvaOx+rV56zuKt3t
jdryZDfQN+X4PZPd3jwqEPA6Hlms1uPXpWz3eClUXT2MB/7RskW376u0RaxUi72xuul4Fd6nHgba
TpJA2XjRWu3r4YPOS80V1Hi0ZY22+0NZ0a/GIzfXb/eO37Q/lRUdZp/Edqqr73VV/LyvgqcnKzWx
62JgI1ekRW/q8evPxdqEbTIN6bUs0vF2vD6t9rVeE3ue4/iui7oD0XJ+tSd6Vn9m1g4HMVTsG6yG
d7ft3sKbYrUu9Q/v9mQ+4ACvjZbZgZyr8hHJfX9w3S1pJWnYxBy4XR743rKv7vuuKFuPleSzVopF
WlSy2XB4e9OINKEfdJmldhGRUs1m3dV2wDPKymBo45akb1q1ZiOvEDafd2eN5qluLqq83vPb7AuT
F3tewqr0x0MointGpEVvfHGg/18IN3F1rQAWI+VTdC/X9lw6UVe6keUY7sbhTqEsW73rRLb6TPui
xHGe46PRKNrPmUZE5RKFEU5o6q5WNagGsxBnFBTfQRTnUgZRkHqpClUyyz0/l3mazlwtI9fxwzzK
PTcG7d6y8qmosvqxFe9vxfnFzV9vr64n3/7tw/cXNw7KvqkjmAfhJk7giZfDYtc5Fq/fnUfBEYs6
1tXPmgMo2LrJcv25Jpt8unz//pYck14eAbeMTeu61c1nGLeRTaEZ52S2hGCNPiXEmGCNbU5cwoRX
ufLyWZTMktyRQSDDPEyVJ700cpzMmUVerh09i/WM1NcU6v7UgqQzTab+KyXDWebGuePFeRzks9ks
9dwoVpmbuG7qZFqj4/OlZgSEQYA+AGzgaplKdT9BxVMAGanDgwLvq/qxemX/S962aGpUnKcQWbYV
VWkPHrnzK8/xksTxfQX9B77j6DQKIz3TsY5jlYde5mZRlAR0KnC60a2WjVqy/Cu5XnPcPbBTvIrT
VDmeK2OdpZ4O5ExLL49lFuQy0SrJlPZylcbZXnCcpjpr8DYB75I1iTriz8Mg9ArrvQpiT0WzRMpQ
Z04au8oBc17q5jm9uY5MAhXLSD1PeeeORzNi9JC6Ezgyjn0ZyDSNVZImQLggC71ZrNIw10qhsc5k
7B1QZ6DYRbVHDgAy2lV54iSJziI5C2cS3MErwtTHH+RZT2V5sk/pWRMiiOETUTCLqaefRVGqJDQa
xnHoBZ6OQ+X5ygt1rMJQHrCm0Pi3VAOwdYg1qDDR0nf8JPF1nuWpn6jMdzztuWGUhQ5Ix56TwDsP
KNVlvaPhJKmOEKzZDJGqfT+LYheOk2ReojxPBZFyZ9rNDrjhawf0Xllp2SG302oWeCkdGTthlKYQ
KHSiRAU6z2HMZOYHWrpJuk+qrKmMGFwFLE0955WMdAC9emE8047jBnmURXj2PZVHvu9F3gxAE2f+
IakFMxMQM5FKXE85sFsYqhgS+K4TawXnn8EdojxwAuUEX1KYjBKNIRW5+YyEUrkPiykvAG8Ie0+q
DA4RO9JFFPjqIAa2OMAksijQXhiGaebphDzeC8IZACHMsDlXrg8ek/zA2au02yo3iVUgnSCFZyRu
qIEpsZ/5qQPfhqIQmK5MYX53n8LuccLlkwnq3wHbI1qNvDcFBZA2QGBoX8aR68KXZ452c4mYirwQ
gecC7IJgpgEdqdTqOSqTYq2GOuZV4nkyCoIAwkRqlklAAv0b+57rwPe0CmZ+LPWBftuqrn/WQ55/
5UgVA6vh864K3ES6OTSO+ELQx35I+Bsm2mPnQyHc6g3Fwa6OcznWFf7MAq1D7XsxiqIUkRQ4aejC
n7WGv6VpFClH7oj0fWHSD5AXuSKBDvM09OM4Stw8m/kz+EUQZCoNsgi7Ve4FWU7bl/2qlXLY/yW4
t5tVXlcbWLDcoKwoJ0MJ/QBWfTaiypJwlsx0AvTx4zzLvNTxo8QHwCHvaJjXgXM9RwsZI3a2tNxX
gFsHeUhnrkwAAhLUEqldD9iO5IGM5XhhMEt/lZY74ktHcIok9zPy8xwpKAlixKrrqED5YMpH8Cb4
2/Qvq/pn2XSnwDbd2KRLHholUaBm8IbYCWI3kHHgwQm0AxtnbpjK1MndGAG1R2SNiJsQeDOOEC9Z
4if5TGeIWQWXSNNEUc4NVeqEGbIheEucGchwh7T1remGi9QX4h3aNIHGIi8WfSP50pRKPJHXjdir
qe6qF+J2iUQqWt116DJaIRstuqUWdaVbPMhOKFnRbWuqRVGpsgd44AEbGiT+KRIaEm+HmoRo3dQr
7MyJwCHNVub6RNSYaVoiKVKg1b3Y1H1jaYkiFyv0HnnBJ6C2oVvWckOE3+vHLblTFLiyL7tWPNbV
V52g1C8bgba3BngVlMI2xCHdaxi5H5e6Ev160cgMBKZ31V01EJvfVUK8+LTUxJjoapyCWhUkhGm7
oANUNy0V1JmZZlYN+gvos9Qd6wtFZ6G0MMmFRlZEGRpXelJKKokXei64KqWJdtl3qBGrib3nnou7
oxtDW5Uo9rK7I+bsdVnWj6IsWuJW2NsQ8VBI8Z+9bja05id6mNipuaA+nrdecGdv9/CNJpWLAhaD
UohauhFWlbTeXARMttMjZl98QsTAI6BXmWUClZdRP6kVCr8XKy3bvuHrcQGlp5qYhnL0T70sSW2L
4gFrzfXgS3uo8Jxjom5O1JNGr9HXTqD2xUI3c0zz2e/7VQqtwKtet5tK3cr2HoZv7uFHU17wEdpi
1x4kpWXLpq7qHtbD8vaENqA8Nx0GxcOJoKIaglArwbpBPNLYqq/gQbTEEL9h80ImeFlTPxXwMA01
QCT23GrLHOnWMnSZk6/SGvLJE1F0X0F9XcPbMt3Bq9llDjaLl5ChR9x4rBYWY2IlnTOpQ1+V7BxN
X1Vkzoy6w3rNRuB2pJ2Kc/1gn8WqWCwRzA1a8ZNx8FnHIY00Tb/uzKhRGClmBd6sXGxcBCX3GpkJ
CMkfZ/r2eQ7IR8jnUPAX8K7pyNGweGIWbT3trlppHLcxQfkfZZ3Ce+gSSphxxMGq6Ci2V3oh000H
jYsbo2qHlVu0RJu335LVHgvWPHsUgvZxYggNTtayhHkBFoFI4L5iWnmj9XCkcXJYq6cwFYsahqop
TMkr6KAFszlh1ubCISlwOkOwqcj+30tAt3q/xf8S3fz/jv+2q9fMgoXPLUuWXCsAH2vKptmWITp1
4MpF3WkZYxD4xFFh+Wu/+jdwyHHBLBFiCNUj+VRIPkI/adUz+NaGZRORlKy2q/WT0jprdxIZ4Lq6
vZiL2+8vb8Tby3eXt+L19fXby4sbcX3xQXy6+vDXiw8nAovE7RVWXYhP31+9vRDXH67eXNzcTA8h
YE8fXhhZdVzrpqg5IRMQtySgWmqGZNbGFmxd6B4lQcbYwksmgEJtYJZJvakryAmAhjeRvL/mbMbJ
HpeUWaETgiCzjCkbIoDeHZCbjMRnXFEOoTzPG6ZfriZfsFfSMNtaKyoHjGaJXWNXs3crA9xLr9ud
qL5jZW2Pn2fJSu5byReySREZk11lzQD0vHY51Igdu0vYXcDulax6Lj7GnKAw6+GDxydDTjh0wsEN
TXrN0eR3Rt7VLgSn4spgvnF4VA91X2ZbXgokkcdK7PhvDeE1sw9BI8exsuK07xgsvkiS7DqGwla2
vKlXQ7I1u+2Kydg1xxYmaawlv/AN8YxL7XnHzVAwkskanERuaB0561drU12ZEk7YiQlNDPY6p0V2
A/PObA4S4A1pHsEun1EwkjYSH054gJO1ba8JGLolrLYYqk0CLTptx9XJYEhTI9iicmq4oaW/qqeV
fJrwXWw78P5Grmm0WPUr5Fik14aId/ShmAwpzLc1w8VOrxQvVpUcMV/6GIrtteWID5xQFdwj6QZb
i53XZurQp6k2ItQz9M3iIYQMLbtwLBlXDhO+693Kdg5WuFZB+UjaA3emwDBU1pJ6EmH2GAl30mGb
1aeRZziZFu+qXVJgSW2ApfvbpH7LD++qSndksLlNESjNlnVpSsyUPlRxJc4so2qCC9kkw9hmOh87
a1JLqrfFpklvL8ZWGqYIVptNR8RPxMQdGZCNxwdPuoEZmwIYtXd1LH8foBIyM5JTL8OFPm3GoGVr
Kr5HLajpiy0Vd+LN9ccT7AUPKeLrscjg9lwrGPTc0p8w/bmIhrJ7V5G3rJ3R2ql4nQGolrLMT9FK
mjYh0/BhexQOFXQvSA42CsRd2hsRG7ciF0+EalRiynIqiImP19X1UGzvGkDqJYipR6RN2tivq/XE
vh90N+9s1LXFz3prTyrLBzO2lPBsyYSy3bjHKLUGiWc2HU/Ftd1TymbBG6TtRK0v8Il5IxckAmwC
tbXrkisWai9XYJ6CXTZkpzdlgVWmX27QTOm2E+9uPzKnLUQisdPe/BqKTbk7zjQX0wFrVl0/oV1z
5nbcH+qKPyJxrOeCLgZQC6FgHcRE/5vnhZoKzlJLSUWAKFbQTUe2gzX4J2KAqRPmBUZ7YKaXpAmg
LgMxUrRkOG+NSU0pgbWd9VGSRJv7AQt1tps6v+Ii6fzy5vW3qI+4nuor9iEC7J6Qkr9/miKhIGe0
P9fKxv3GTs5drGc67RfzoWn7RrjUrNmSdQm44nlhW/TWXCpQNFdtbZK3jQiXiBmuDbU3yxpNPEXh
0KvpoRtnFKdrY9HKhyFb4BGtt/n1BM2N2ngwxp/mTdFm72T+UReVuRBgTX0lfkjrJ4r8Rlyei5c/
fLw8P4bdEfbgAesfYTYyTIF0j+CgHq7JrH5M+YFoqHe2qxDtP3z7dqBv+7vRyFd8GH0c48KBzWtL
EZatHm6IbBp9An8T+mXCWZ3nfCzminwzeeqLbGcQ1udk/3Lmlm9XTKiZXyMaHfBaG1d9a295FECk
MzBr90zMnrmwX0/pGJNCLDzaUygHymqx7VEq2lYepuKTYdVDoR8n2wT93IWYUe7rVd0TeuQm11kw
gcoG1VJuJ3TkqxCYn545OWPzB07Vo80seKVN651qQyzVOcV+u5aP7BTko4Y6uxYN7yd9Iz4dtBUf
GCjkIauQRXHWEhr59DkunefZlA0oZUIO7g5mh8303y03/sENT1rWisO3LTKTM0geCZvC4do+HWth
QUkUK3RmUie/bFMbXzVZ55BK6VJzp2Dcm08ti3scQX0yI1EpIfqiqR+7pcExHCHF0lAbgRyiv+1M
SmZmJ6SNgbXJTjVGtMvzdiQXwTRZ3lAT5rPpVkx75TSUObxnz0igNxGeeAE20SrvDLm71tracvql
MS14PcqCu1kkE7R6xovW9bovh7CxL5TveY1NG75HB3IbRFLySZRxCblQEtgGg0bsRd7cljp078jN
tRk2lYL1LDCyQ+hsB3oUmRP6Fe3B0BYY9oftzwhGOR14MDE/LtquXMJuc8PKdL1aradFzRwD6jYr
ag4Ryh3ds6p2xzqlKTsvdvMsAsOcXCwavbBXivb+0Vyz0G/Y7g/lY/6ANVfnV3PoY2KTgqkPCL4e
telAJIL8kU9smfGdADw2HV36I09vNd+v6QdJxjhfKBUGNfPWmVAJ0e8GOJeN8s0bupvX47u8EySH
9VIiLDQhe0M8DHUpMkauG/QeE8LFipKhmR1yl8kccu9u0P6EY5Rse9TgqG0YWwcIswTZymZ+OOML
qxq5xmbtitUug9hsTERpPXk9JQyyIsE4HciXnnbTcME93R1gZ8YnDJr77Xxvk4mxpImA0V2SpQHy
ndXncGu0tIMG4pptJ2HRgS7h0axlXAYV+ZYQfSTvG/PFhdBmuEoxyAt6Fp2GfIuaTLa2T0NpLemX
T/aNCiDwaG01H4xm5uCjdKc3Fz9y5YKi9YQv+f5ORLkF2yXv8ZcgFoMq6YYBnq5RDHiRV+nu2TzK
+MztY8sdA7ffsE8BXm0RMGbfnMs8mEdQpDAIHJNTdyfOxXdvX9+aQWo1NN2sfW1/kXESJk+QqNIn
/lNWNN0Jg+7XttIz31rGlxYmiCnRQbX2TlH21utKGEtt6JNSr7q+GXB36NSa7VcaBhXQQTpS/BWs
HfQ0Gb7wwAVMWf/iO0YTPorX7xHhutiOfB6NTLi+HBV+tan99ROwrbVNrrqnNqnlhg7glhZoUDam
kON1JC9YQQtmMoUJFSMl00dl1GzhmD6/HhqVvlNe70z8hj9W8te6O1QtL26Qfc+1EoFwZ/Mgmfu+
+HT5rfAcz6X54YPamQbA4n1Vd9nZ3pdNYT6m0aQ5e0Khd+YmLhIZBh+XRacn9F2NClKmgS7J1mRn
nkMjC0l3BJk+4zfzKW87ZnfRrSx9vRne1w/rMwQJnrKC2ib46eaMT9y63TaLnbEoXPFSIX3W3m84
6e+GyXNHq+hT+tn5xXevP769pVHb2fAHQHsqpwGKSfu+V6aexTQ0KsXNlqpCqaC2/QdKvUKb/9el
tUtMDUk/XjK3QmduNDq/AfoM8tPzlG7yEYDZ2Z/4z54JHiI2gj/aX6wxaA46+uW/AbWOkOc=
===END CRASH DUMP===
