PocketMine-MP Crash Dump Sat Dec 25 15:08:17 WIB 2021

Error: Cannot use pocketmine\player\Player as Player because the name is already in use
File: plugins/MyItem/src/hachkingtohach1/MyItem/ability/Manager
Line: 30
Type: E_COMPILE_ERROR

THIS CRASH WAS CAUSED BY A PLUGIN
BAD PLUGIN: MyItem

Code:
[21] use pocketmine\event\entity\EntityShootBowEvent;
[22] use pocketmine\event\entity\ProjectileLaunchEvent;
[23] use pocketmine\event\player\PlayerInteractEvent;
[24] use pocketmine\event\player\PlayerDropItemEvent;
[25] use pocketmine\event\player\PlayerJumpEvent;
[26] use pocketmine\event\player\PlayerMoveEvent;
[27] use pocketmine\level\Position;
[28] use pocketmine\entity\Location;
[29] use pocketmine\item\enchantment\VanillaEnchantments;
[30] use pocketmine\player\Player;
[31] use pocketmine\world\sound\BowShootSound;
[32] use pocketmine\event\server\DataPacketReceiveEvent;
[33] use pocketmine\network\mcpe\protocol\AnimatePacket;
[34] use pocketmine\item\enchantment\Enchantment;
[35] use pocketmine\network\mcpe\protocol\LevelSoundEventPacket;
[36] use pocketmine\entity\projectile\Projectile;
[37] use pocketmine\entity\object\Painting;
[38] use pocketmine\entity\object\ItemEntity;
[39] use pocketmine\entity\object\ExperienceOrb;
[40] use pocketmine\entity\object\FallingBlock;

Backtrace:

PocketMine-MP version: 4.0.0 [Protocol 475]
Git commit: 468faa464b2bc5c97f23fafbb71ea61035f6f218
uname -a: Windows NT DESKTOP-BVRHES0 10.0 build 19042 (Windows 10) AMD64
PHP Version: 8.0.13
Zend version: 4.0.13
OS: WINNT, win
Composer libraries: 
- adhocore/json-comment 1.1.2@fc2f76979f0a44a5f5bc2a2b600d0762fe0e78e7
- brick/math 0.9.3@ca57d18f028f84f777b2168cd1911b0dee2343ae
- daverandom/callback-validator unknown@unknown
- fgrosse/phpasn1 v2.3.0@20299033c35f4300eb656e7e8e88cf52d1d6694e
- netresearch/jsonmapper v4.0.0@8bbc021a8edb2e4a7ea2f8ad4fa9ec9dce2fcb8d
- pocketmine/bedrock-data 1.5.0+bedrock-1.18.0@482c679aa5ed0b81c088c2b1ff0b8110a94c8a6c
- pocketmine/bedrock-protocol 7.0.0+bedrock-1.18.0@040a883a4abb8c9b93114d5278cb5fecc635da82
- pocketmine/binaryutils 0.2.2@f883e1cf9099ed6a757a10a2f75b3333eeb2cdf9
- pocketmine/callback-validator 1.0.3@64787469766bcaa7e5885242e85c23c25e8c55a2
- pocketmine/classloader 0.2.0@49ea303993efdfb39cd302e2156d50aa78209e78
- pocketmine/color 0.2.0@09be6ea6d76f2e33d6813c39d29c22c46c17e1d2
- pocketmine/errorhandler 0.3.0@ec742b209e8056bbe855069c4eff94c9734ea19b
- pocketmine/locale-data 2.0.20@a6e4eb22587e0014f6d658732cf633262723f8d3
- pocketmine/log 0.4.0@e6c912c0f9055c81d23108ec2d179b96f404c043
- pocketmine/log-pthreads 0.4.0@61f709e8cf36bcc24e4efe02acded680a1ce23cd
- pocketmine/math 0.4.0@6d64e2555bd2e95ed024574f75d1cefc135c89fc
- pocketmine/nbt 0.3.0@98c4a04b55a915e18f83d3b0c9beb24a71abcd31
- pocketmine/pocketmine-mp 4.0.0@468faa464b2bc5c97f23fafbb71ea61035f6f218
- pocketmine/raklib 0.14.2@e3a861187470e1facc6625040128f447ebbcbaec
- pocketmine/raklib-ipc 0.1.1@922a6444b0c6c7daaa5aa5a832107e1ec4738aed
- pocketmine/snooze 0.3.1@0ac8fc2a781c419a1f64ebca4d5835028f59e29b
- ramsey/collection 1.2.2@cccc74ee5e328031b15640b51056ee8d3bb66c0a
- ramsey/uuid 4.2.3@fc9bb7fb5388691fd7373cd44dcb4d63bbcf24df
- rhumsaa/uuid unknown@unknown
- symfony/polyfill-ctype v1.23.0@46cd95797e9df938fdd2b03693b5fca5e64b01ce
- symfony/polyfill-php80 v1.23.1@1100343ed1a92e3a38f9ae122fc0eb21602547be
- symfony/polyfill-php81 v1.23.0@e66119f3de95efc359483f810c4c3e6436279436
- webmozart/assert 1.10.0@6964c76c7804814a842473e0c8fd15bab0f18e25
- webmozart/path-util 2.3.0@d939f7edc24c9a1bb9c0dee5cb05d8e859490725

Loaded plugins:
Alerts 1.0.0 by hachkingtohach1 for API(s) 4.0.0
BuilderTools 1.3.0-beta2 by CzechPMDevs, VixikHD for API(s) 4.0.0
DevTools 1.15.0 by PocketMine Team for API(s) 4.0.0
ExtendedBlocksConverter 1.0.0 by JavierLeon9966 for API(s) 4.0.0
KeepInventory 1.0.0 by NhanAZ, KhoaGamingVN for API(s) 4.0.0
MaxEnchants 1.2.2 by Xenophilicy for API(s) 4.0.0
MultiWorld 1.7.0-beta3 by CzechPMDevs, VixikCZ, fuyutsuki, kaliiks for API(s) 4.0.0
MyItem 1.4.5 by hachkingtohach1 for API(s) 4.0.0
Netherite 2.0 by Wertzui123 for API(s) 4.0.0
PlayerStats 3.1.9_BETA by hachkingtohach1 for API(s) 4.0.0
PureEntities 2.0.0 by LeinneSW for API(s) 4.0.0
PurePerms 1.4.4 by Vecnavium , 64FF00 & ProjectInfinity for API(s) 4.0.0

----------------------REPORT THE DATA BELOW THIS LINE-----------------------

===BEGIN CRASH DUMP===
eNrNWwtv20iS/isNB7iZwVkyX6JIDXKIEzs73rFjX+xMBrteBE2yKXFMkVw+bCuL/e/3VXVTpBRP
ktnN4W6wWIvN7up6flXVzfzjIC3rtWw/3Ku6ycriYOEdHrTZWh0sbN+zPDv0w/nU81zHcg8Pukq/
8mjEs73Q8WdOELr24UEum/a0rsv6YPHXvx0eKP3zHwftpsKCg9MPry4vrs7OTz+cvn17+fbg8GCt
mkYu6d0rWRRlK7pGiaqM71S7zgp1e1vlcqPq29sr/itkI8yvSMWSJrcrJQq5ViJrhMxrJZONyAqi
A/JplhPtKu+WWdEcXWzOWrU+aur4aCXj1V1WLNuSftn9KxlledZuji5kAbZqkMjBxsHCtf55aMh8
yIr7Mr9Xa1W0oJ1ktYrbg/4tRjQpjMRlokh6x8bovmDqHuvxp2ix3+3tKf+9XpVl+7J8OKWXP4KE
43x56VVd/gYWIOq57Ip4NSx2f3/xrl7PilbVMm6Hpd7XLj2py4rkHZbOvnbpn7t1NSzzv3bZRXmv
hmXzJ5blWJdjetlkLdyZ5wVPkTcaPC9juZ0YPjExg4A0PV7Jol0zT7/IIstzeTqMNbTctZ5Yvss/
T3vKJR7KOk9ub5uyK/AHbsDucE2PvOYzvtCo+p52OJGtvJL0+q2KVTZSlPuUMxSqxaZ3t7fruCI+
67It4xKqOy4y4IHSpHi593VqGemDl83+yK7nZDeWl9ke7e5/xnrV1v/HscDL5p9ZVkY0E0tkhpFi
yQuCr1jA3s5jvCT8iiWnj5WqMyhKXdYRrfKsr1j1WuZAn+XLHHN+PAAAtYhRpaHVQBrBy3Gu6pZ/
EQ6Crhk4PNjC+YE9taYWRmTXrsoak/96sIeAByAqq4zeeDyZ8LuQUa6Sg0Vbd+rwIFGVKpJGM9CU
aXsyHlhLRr89snAl5qb/S4haSpA8uLq8vnl/+fb8BEMPKkKoEu+rtq2axdHRg2zjVbPK2umDUlG+
mcbl+oh08LLL8kTVN2WZj2XeGd6V3J1ak0i10tmV/9VHFa+uLk7UPS34JXvM7n46+VZaiIl4tU5A
/PY20ry1xBviepfTr9LGMmtXXcQ6GLF9tEMKusHgvl62Q7s6sWf77nDFjngBRxQ3Sq6/lSL6/QFN
AydG5uub47c3766+JPHA2dGWBoQ9fWyxm0o4PJpXZQH5kMVGsv/ejC8Exp/lfabqc1UWYej730oR
u1QJEp5k7vb2gub/UR3tUj/6Pcmhtp+Vqs4Kgtey3oyUtTv+BRW9AcYf/wVjP69K+ScJ+Fr+8uZb
aUoTv73d4WhfL18dL4ZVSH4hH012GgfIeHRXame6hxi/qqKsVigQ481nZU1l3nytsCOaJOKWl52H
L4nN0nV5m72nCmIs3DC4K9vcYKL7RUx8RWZOu03XNt1dht93Ms+yu+Z/BSnXxK8pg3Z4/3dQckSI
9KSr85GO+nJ9rB9vOvu/yZaam/7v10gOwaG8LI/rzbTZtKqZor46SmSzikpZJ5w03yi0STWv2co9
jI1Fd/ZD/T2Q42OX2WgmvpHMA8Xb2y0T/3J8D9SOBokgsq61r1u5E+3j0bHY7tSehh9ent4c/+tm
/yNh/4ndR4ztPPzb9dJVVyuuVjO1o4jx8J4D7LvAucqKQl2//1YOkDM9FO7gQRkeIPQuR38s//Us
Hu1QMeJfqXq9L7se2w96b1fwX1RcILF2a3EofO/1a8sS/yFMi3FWpFmBcv1bKeWD3kDrgbkb/fxy
AqDjCVlDPqT5vXpucnE1rVayZs6oMCCBWR+vyppWB+DbpkwQxWj6VuORWObgFGvHY+X6Q1K2QJmd
UXPGMwx0dT5+TmS78z7Nci7XhpHluho/rgBh4+csRh0zHvitYcNtn9dR09YIqp2xEnU3zcIz5/Om
lSRQMp5Uxbt6eKvSnLrIXfINa7TZHUrgHeOR66vzne03zd/zgjYzv8T2VVveqSL7uKuCx0cjNbFr
Y2Aj1zlHpcOPH7NK1+8hJ6iPeRaNl+Pxcb2r9ZLYcyzLtW0nxMDVyeWO6En5gVnbH8RQtmuwEk7b
NDsTr7N1latfL3Zk3uMAj3QqtyfnOn8gpN4ZrNoVzSQNewaFrlZ7vrfqirsO/X3jsJJc1kq2jLJC
UjkLIHemPmmCjhKSyEwiUsiPVVuaAUcrK4GhtVuSvmnW0I9/GPYavacTxaxIyx2/TT4xebbjJaxK
dzxUK4QHxeGy077Y0/8Lwk1cXsXICiPlU3SvKrMv7agKVct8jGnjcKdQlo0ajnO3+uRW9GDhWK4D
tTUfUDlsE1d/DnOw8OYz7JFRfHt+kErp+V7kRPEsDuep46YyjaK5raRvW+4s9VPHDkC7M6y8z4qk
fGjEmxtxcnr9883l1eTlL29/Or22hA0uBPMg7NDyHPF9P9m2fhDHFyc+ITBEHevqo+IA8rZusqo+
lGST92dv3tyQY9LDA1cPwKaqbFT9AcatZW1ynkxWEKxWR4QYE8wxZ7c2YcKLNHbSuR/Ow9SSnidn
6SyKHelEvmUl1tx3UmWpeaDmpL46i++ODEha03DqvojlbJ7YQWo5QRp46Xw+jxzbD+LEDm07shKl
HNdzpWIEhEGAPshXwNU8kvHd5B7VNJCRjsmhwLuifChemL/kbcu6bBp1BJFlU9CZ4b1D7vzCsZww
tFw3hv4917JU5M98NVeBCoI4nTmJnfh+6NGuwOlaNUrW8YrlX8uq4ri7Z6d4EURRbDm2DFQSOcqT
cyWdNJCJl8pQxWESKyeNoyDZCY6jSCU1nibgXbImZ1PrP/tB6BXWe+EFTuzPQylnKrGiwI4tMOdE
dprSk23J0IsD6cdPUx7c8WBOjO5TtzxLBoErPRlFQRxGIRDOS2bOPIijWari2HdniQycPeoMFENU
O+QAIKPsOA2tMFSJL+ezuQR38IpZ5OI/FFROnKThLqUnTUi9svvC9+bB3INL+X4US2h0FgQzx3NU
MIsdN3ZmKohnM7nHWpxLwGtpoJJYgwpDJV3LDUNXpUkauWGcuJajHHvmJzMLpAPHCuGde5TKvBxo
WGGkfARrMkekKtdN/MCG44SJE8aOE3t+bM+Vnexxw3c36D6T3LBDbqfiuedEtGVgzfwogkAzyw9j
T6UpjBnOXU9JO4x2SeUllRG9q1CB6VgvpK886NWZBXNlWbaX+omP364Tp77rOr4zB9AEibtPasnM
eMSMH4e2E1uw22wWB5DAta1AxXD+OdzBTz3Liy3vUwqTUaLRpHw7nZNQcerCYrHjgTeEvSPjBA4R
WNJGFLjxXgxscYBJJL6nnNlsFiWOCsnjHW82ByDMEixOY9sFj2G65+xF1G6VGwaxJy0vgmeE9kwB
UwI3cSMLvg1FITBtGcH89i6F4eeEyycd1H8Atke0anmnCwogrYfAUK4MfNuGL88tZacSMeU7MwSe
DbDzvLkCdERSxU9RmWRV3NcxL0LHkb7neRDGj+eJBCTQ/wLXsS34noq9uRtItaffpijLj6rP8y8s
GQfAavi8HXt2KO0UGkd8IegDd0b4OwuVw86HQrhRG4qDoY7jA50XMf6be0rNlOsEKIoiRJJnRTMb
/qwU/C2KfD+25ECk6zKdfoC8yBUhdJhGMzcI/NBOk7k7h194XhJHXuJjdZw6XpLS8lW3bqTs138K
7s1mnZbFBhbMNygr8klfQt+DVZeNGCfhbB7OVQj0cYM0SZzIcv3QBcAh7yiY14JzPUULGSOwtrTs
F4BbC3lIJbYMAQIS1EKpbAfYjuSBjGU5M28e/S4te8SX8uEUYeom5OcpUlDoBYhV24q92AVTLoI3
xP/rFmVdfpR1ewRsQ6euky55qB/6XjyHNwSWF9ieDDwHTqAs2DixZ5GMrNQOEFA7RCpE3ITAm3GE
eElCN0znKkHMxnCJKApjyrmzOLJmCbIheAutOchwh7T1remGi9Rngk4dBBqLNFt2NV8CCirxRFrW
Yqemui2eiZsVEqloVEv3RY2Qtb5+LgvV4IdsRawvsSMlsiLOO4AH3UXry7kpEhoSLze7oHVdrrEy
JQL7NBuZqkNR0mFGQyRFBLS6E5uyqw0tkaVijd4jzXgH1DZ0CZ1viPAb9bAld4QCV3Z524iHsviu
FZT6ZS3Q4pYAr4xSGN+Wt6us0XI/rFQhumpZywQEprfFbdETW9wWQjx7v+JTFtGW2AW1KkgI3XZB
B6huGiqoE/2aWdXoL6DPXLWsLzquipXQyYVG1kQZGo/VJJdUEi/VQnBVSi+aVdeiRiwm5mOBhbg9
uNa04xzFXnJ7wJwd53n5IPKsIW6FuSAT95kU/92pekNz/k4/JubVQlB7zktPuWE3awT4ElQuClgM
SiFq0UYYVdJ83d9Ptq9HzD57j4iBR0CvMkkEKi+tflIrFH4n1ko2aOupAqVPFiJFTEM56u+dzElt
y+wec1FUdEp8bzYVjvUDUdc7qkmtKvS1E6h9uVT1Aq957zfdOoJW4FXHzaaIb2RzJ+imFX405Qnv
oC127V5Smraqy6LsYD1Mbw4FH78K3WFQPBwKKqohCLUSrBvEI42tuyLT9+aa+DWblz7DqMDnI18g
Qw0QiT232DJHujUMnaXkqzSHfPJQZO13UF9b87JEtfBq/YXH7mLxPWSg61OH1cJiTIykCya176uS
naPuioLMmVB3WFZsBG5Hmqk4Uffmt1hnyxWCuUYrfjgOPuM4pJG67qpWj2qFkWLW4M3IxcZFUHKv
keiAkPdlloDtpzkgHyGfQ8GfwbumI0fD5ImetPW022KtsN1GB+Wf8jKC99DZktDjiIN11lJsr9VS
RnwuLK61qi1WbtYQbV5+Q1Z7yFjz7FEI2oeJJtQ7WcMSphlYBCLxZwdEJq2V6rfUTg5rdRSmYlnC
UCWFKXkFbbRkNifM2kJYJAV2ZwjWFdn/ewnosO5z/K/Qzf97/DdtWTELBj63LBlyjQB8VJRNky1D
tGvPlY260zDGIPCeo8Lw13z3DTjkuGCWCDFE3CH5FEg+Qj2quGPwLTXLOiIpWW1nq8dYqaQZJNLA
dXlzuhA3P51di/Ozi7MbcXx1dX52ei2uTt+K95dvfz59eygwSdxcYtapeP/T5fmpuHp7+er0+nq6
DwE7+nBmvlHHlaqzkhMyAXFDAsYrxZDM2tiCrQ3doyRIGFt4ygRQqDTMMqlXJX0yAoCGN5G8v+ds
2skeVpRZoROCID2NKWsigN4ByHVG4j0uKYdQnucF009nky+Yk2aYrVIxlQNas8Sutqteu5UB7qWq
ZhDVtYyszQ9Ps2Qkd43kS1lHiIzJUFkzAD2tXQ41YsesEmYVsHsti46LjzEnKMw6+OAPh31O2HfC
3g11ek3R5Lda3vUQglNxqTFfOzyqh7LLky0vGZLIQyEG/htNuGL2IahvWUZW7PaaweKTJMmuoyls
ZUvrct0nW73azJiMXXNsYZLGWPIT3xBPuNSOd1z3BSOZrC75Q6HekZNuXenqSpdwwryY0IveXic0
ySxg3pnNXgL60PJBIdjlEwpG0kbiww739NVl0ykChnYFqy37apNAi3YbuDrsDalrBFNUTjU3NPV3
9bSWjxM+i2163l/JikazdbdGjkV6rYl4KwtUlTCk0N/baS4GvVK8GFVyxHzqYyi2K8MRbzihKrhD
0vW2Fjsp9at9n6baiFBP09eT+xDStMzEsWRcOUz4rHcr2wlY4VoF5SNpD9zpAkNTqfibOKHXaAkH
6bDM6FPL0+9Mk4dqlxSYUxtg6H6e1Of88LYwn/ItTIpAabYqc11iRnQjyZU4s4yqCS5kkgxjm+58
zFudWiK1LTZ1ens2tlL/imC13rRE/FBM7JEB2Xi88aTtmTEpgFF7qGP5foBKyERLTr0MF/q0GIOG
ran4CbUgfOk5F3fi1dW7Q6wFDxHi6yFL4PZcK2j03NKfMP2F8Puye6jIG9bOaO5UHCcAqpXM0yO0
krpNSBR82GyFTQWdC5KDjQJxSHsjYuNWRH91SCWmzKeCmHh3VVz1xfbQAFIvQUw9IG3Swq4qqol5
3utuLkzUNdlHtbUnleW9GRtKeKZkQtmu3WOUWr3Q0Yt+mIorsyaX9ZIXSNOJGl/gHdNaLkkE2ARq
a6qcKxZqL9dgnoJd1mSnV3lG3+Byv1yjmVJNKy5u3jGnDUQisaOuFdSfsymH7XRzMe2xZt12E1q1
YG7H/aEq+BKJYz0VdDCAWggFay8m+t80zeKp4Cy1klQEiGwN3bRkO1iDv7MHTB0yLzDaPTO9Ik0A
dRmIkaIlw3mjTapLCcxtjY+SJEqfDxioM93UySUXSSdn18cvUR9xPdUV7EME2B0hJd9/6iIhI2c0
X7Mn435jkHOI9URF3XLRN23/JWxq1kzJugJc8XthWvRGHypQNBdNqZO3iQibiGmuNbVXqxJNPEVh
36upvhtnFKdjY9HI+z5b4Cdab37HR8qjNh6M8Y27LtrMmcxvZVboAwHW1Hfi16h8pMivxdmJ+P7X
d2cnP8DuCHvwgPkPMBsZJkO6R3BQD1cnRj+6/EA0lIPtCkT7ry/Pe/qmvxuNfMeb0eUYFw5sXlOK
sGxlf0Jk0ugj+JvQVwjPyzTlbfEuSzeTxy5LBoOwPie7hzM3fLqiQ03/kw6tA55r4qprzClPDBBp
NcyaNRO9ZiHM7Slto1OIgUezC+VAWSy3PUpBy/L9VHzYz7rP1MNkm6CfOhDTyj1elx2hR6pznQET
qKxXLeV2Qkc+CoH56TcnZyx+y6l6tJgFL5RuvSOliUUqpdhvKvnATkE+ar7OJ9ei4d2kr8Wnjbbi
AwOF3GcVssSctYRCPn2KS+tpNmVN37sL2bs7mO0X098tN+7eCU/En3ZCm02W6JxB8kjYFA7XdNFY
C0tKopihEp06+WGb2vioyTiHjGOVK+4UtHvzrnl2hy2oT2YkyiVEX9blQ7vSOIYtpFhpaiOQQ/Q3
rU7JzOyEtNGzNhlUo0U7O2lGchFMk+U1NaGvTbdimiOnvszhNTtGAr2JcMQzsIlWeTDkcKy1teX0
U2Ma8HqQGXezSCZo9bQXVWXV5X3YmAfK9zzHpA3XoQ25DSIpeSfKuIRcKAlMg0Ej5iBvYUodOnfk
5loP60rBeBYYGRA6GUCPInNC/9Job2gLDLvD5jOCUU4HHkz0F1XbmSvYbaFZmVbrdTXNSuYYULdZ
U3OIUG7pnDVuBtYpTZn3YnjPIjDMyeWyVktzpGjOH/UxC/2zhrt9+Zg/YM3lyeUC+piYpKDrA4Kv
B6U7EIkgf+AdG2Z8EIDHpqNDf+Tprea7ij5I0sb5RKkwqH5vnAmVEH03wLlslG9e0dm8Gp/lHSI5
VCuJsFCE7DXx0NelyBipqtF7TAgXC0qG+m2fu3TmkDtng+YTjlGy7VCDo7ZhbO0hzBBkK+v3/R6f
WFXLNTZrm62HDGKyMRGl+eT1lDDIigTjtCEfeppF/QH3dNjAvBnv0Gvu8/neJBNtSR0Bo7MkQwPk
W6PP/tRoZQY1xNXbTsKgAx3Co1lLuAzK0i0huiTvan3jQmjTH6Vo5AU9g059vkVNJhvTp6G0lvTl
k3miAgg8GlsteqPpd/BROtNbiL9y5YKi9ZAP+f5GRLkFG5L3+CaIxaBKumaAp2MUDV7kVap9Mo8y
PnP72HDHwO03ff4MXk0RMGZf78s86J+gSGHgWTqnDjsuxOvz4xs9SK2GopO1H80XGYez8BESFerQ
fUyyuj1k0P3RVHr6rmV8aKGDmBIdVGvOFLf/ljOHseINXSl1cdvVPe72nVq9vaVhUAEdpKOYb8Ga
Xk+T/oYHLqDL+mevGU14K56/Q4TrYjPyYTQy4fpyVPiVuvZXj8C2xjS58R21SQ03dAA3/e9HdSHH
80hesIIWTGcKHSpaSqaPyqjewjFdv+4ble4prwYTv+LLSr6tu0XV8ux1nYkTFQvHE46zcGeLmSXe
n70UjuXYNKG/UXuugLB4Xpdt8nznalPo2zR6qTefUOw9t0MbmWx38N7nYZeGTbOQVRiEs2PkYZW1
akI3cFS68mbop0z19tyxaGQp6TQhUc/5SV/6bcfMKjq/pXue/rm6r8wOSUYNFjx685xZ2zroNt89
Z5m5NqaS+7n+1wT1UC+rZDSFbtyfn5y+Pn53fjOSie8JzZacLSh0zfNONfs8oKFRxc5TDv75P+G5
rZk=
===END CRASH DUMP===
