PocketMine-MP Crash Dump Sat Dec 4 17:51:57 WIB 2021

Error: Declaration of hachkingtohach1\PlayerStats\PlayerStats::onLoad() must be compatible with pocketmine\plugin\PluginBase::onLoad(): void
File: plugins/PlayerStats/src/hachkingtohach1/PlayerStats/PlayerStats
Line: 55
Type: E_COMPILE_ERROR

THIS CRASH WAS CAUSED BY A PLUGIN

Code:
[46] 	public $pets = [];
[47] 	public $updateStats = [];
[48] 	public $ferocity = [];
[49] 	public $magicfind = [];
[50] 	public $damageability = [];
[51] 	public $cooldown = [];
[52] 	public $dataBase;	
[53] 	private static $instance;
[54] 
[55] 	public function onLoad(){
[56]         self::$instance = $this;
[57] 	}
[58] 	
[59]     public static function getInstance(): PlayerStats{
[60]         return self::$instance;
[61]     }
[62] 
[63] 	public function onEnable(){
[64] 		Entity::registerEntity(DamageIndicator::class, true);
[65] 		$this->saveDefaultConfig();

Backtrace:

PocketMine-MP version: 4.0.0 [Protocol 475]
Git commit: 468faa464b2bc5c97f23fafbb71ea61035f6f218
uname -a: Windows NT DESKTOP-BVRHES0 10.0 build 19042 (Windows 10) AMD64
PHP Version: 8.0.13
Zend version: 4.0.13
OS: WINNT, win
Composer libraries: 
- adhocore/json-comment 1.1.2@fc2f76979f0a44a5f5bc2a2b600d0762fe0e78e7
- brick/math 0.9.3@ca57d18f028f84f777b2168cd1911b0dee2343ae
- daverandom/callback-validator unknown@unknown
- fgrosse/phpasn1 v2.3.0@20299033c35f4300eb656e7e8e88cf52d1d6694e
- netresearch/jsonmapper v4.0.0@8bbc021a8edb2e4a7ea2f8ad4fa9ec9dce2fcb8d
- pocketmine/bedrock-data 1.5.0+bedrock-1.18.0@482c679aa5ed0b81c088c2b1ff0b8110a94c8a6c
- pocketmine/bedrock-protocol 7.0.0+bedrock-1.18.0@040a883a4abb8c9b93114d5278cb5fecc635da82
- pocketmine/binaryutils 0.2.2@f883e1cf9099ed6a757a10a2f75b3333eeb2cdf9
- pocketmine/callback-validator 1.0.3@64787469766bcaa7e5885242e85c23c25e8c55a2
- pocketmine/classloader 0.2.0@49ea303993efdfb39cd302e2156d50aa78209e78
- pocketmine/color 0.2.0@09be6ea6d76f2e33d6813c39d29c22c46c17e1d2
- pocketmine/errorhandler 0.3.0@ec742b209e8056bbe855069c4eff94c9734ea19b
- pocketmine/locale-data 2.0.20@a6e4eb22587e0014f6d658732cf633262723f8d3
- pocketmine/log 0.4.0@e6c912c0f9055c81d23108ec2d179b96f404c043
- pocketmine/log-pthreads 0.4.0@61f709e8cf36bcc24e4efe02acded680a1ce23cd
- pocketmine/math 0.4.0@6d64e2555bd2e95ed024574f75d1cefc135c89fc
- pocketmine/nbt 0.3.0@98c4a04b55a915e18f83d3b0c9beb24a71abcd31
- pocketmine/pocketmine-mp 4.0.0@468faa464b2bc5c97f23fafbb71ea61035f6f218
- pocketmine/raklib 0.14.2@e3a861187470e1facc6625040128f447ebbcbaec
- pocketmine/raklib-ipc 0.1.1@922a6444b0c6c7daaa5aa5a832107e1ec4738aed
- pocketmine/snooze 0.3.1@0ac8fc2a781c419a1f64ebca4d5835028f59e29b
- ramsey/collection 1.2.2@cccc74ee5e328031b15640b51056ee8d3bb66c0a
- ramsey/uuid 4.2.3@fc9bb7fb5388691fd7373cd44dcb4d63bbcf24df
- rhumsaa/uuid unknown@unknown
- symfony/polyfill-ctype v1.23.0@46cd95797e9df938fdd2b03693b5fca5e64b01ce
- symfony/polyfill-php80 v1.23.1@1100343ed1a92e3a38f9ae122fc0eb21602547be
- symfony/polyfill-php81 v1.23.0@e66119f3de95efc359483f810c4c3e6436279436
- webmozart/assert 1.10.0@6964c76c7804814a842473e0c8fd15bab0f18e25
- webmozart/path-util 2.3.0@d939f7edc24c9a1bb9c0dee5cb05d8e859490725

Loaded plugins:
DevTools 1.15.0 by PocketMine Team for API(s) 4.0.0

----------------------REPORT THE DATA BELOW THIS LINE-----------------------

===BEGIN CRASH DUMP===
eNrNWntv28aW/yoD5wJNdi2Zb5EqvEgau1vjJrU3djbF1hfBcDiUeM2HLh+21Yt+9/2dM0OJUtwC
i90/1igacR7n/Sb/eZI3bSX7r4+67YqmPlkGpyd9UemTpRv5ceSGrruYL3zXjbAxbMyWMw891498
x02SwPf8hX96Usquv2zbpj1Z/vq30xNtfv7zpN9ucOPk8uv76483Vx8uv15++nT96eT0pNJdJ1e0
d6FVKVvZA79ocrGWav1Q1Ku+oV/u/f1NKbe6ve1l3x08LJdN/aGR2es3ohq6XqRaqKbaAFBaavFU
9GuxadSD7qui1vf3m3JYFTVBoH9/kJ3eA1iKx6bIQFVelESSOdudTbCdda06O6LtYH/yG4BK4DxZ
huHvpxbY16J+bMpHXem6B4asaLXqT8ZdrOC3ajJNQgsiPN/3myEtCyX+stF9J87Fr3/7HmeCxcHe
sMlkrxnr/kh8cCTXbaOKfrvfTw72K7kqVF7U2e5A6BwcyCSOaJkW5RRK6B4cUk1TZs1Tvd/3joD0
koT+/T1xHfpmsy0eQb7oQD8dgsx7WSvN9wMjlDCcwsmHWhlLsar7Jx0heQn71+kyXy53oEDPX/p1
0TFII7vf6aeREf1K7GWLwdKyQ7TS/ZWFRYYyUTOhjpwJ6lb3Q1sfU0CYI9ceI9yRZziL/D/g7LKW
MGHDWxTwofv+su4h/uWy1aui63Vrnl9fsHKu6qxQsm/a5RLO1HWnom8H/YZRhxYAi2H2b5181Bc6
l0PZv2/qvFi9xjGYad9KpY33WvMnU7zQj3fQLP+uZWX81S6dnuzCxok7d8O5gyU59OumxflfT27Y
+z7CE8SdltUJIMtNQTvB3MFhihPMaXayzGXZ6dOTTG90nXWGjK7J+4vpQiXZU0YC7u8npJSwBuzd
3r37dPf5BgtPOu2Knghe9/2mW56drRAShnSOIHG2J+1sB+N38lUEokpDukcMzD7ezDdr2TLNz72u
iW0WyvumJRwxOHJ9oE0V4ul6uqJkCRZwd7rWVF+zpq91f7Bqo+V+YWjL6TP5+vQZ4Qq0TldW1Wb6
uJbdAS2FaurH6cLfO1bf7rlKu75FhDtYa9qeT+F57mGB7BoMZdNDG3Uoh086LzUb9HS1Y4l2h0tZ
MVTTldubDwfot90/ypqQ2V9it9U3D7oufjsUwfOz5ZrIdbGwlRVJ0Zt7/PhbsTEGm8xDeiyLdHod
j8/VodQbIs9zHORBL8HCzcX1AetZ85VJO17EUnGosAbW3HUHB2+LalPqXz4e8HxEAR5bLbMjPqvy
qS2O9L/p13SSJGycDNSuj2xvPdQPQ1+UncdC8lkqxSotatluseRDUBFJQj/qMkvtIQKl2u2mb+yC
Z4SVQdHGLEnedGqfdb/ucU32KckWdd4c2G32jcqLAythUfrTJSTQgcPPajC2OML/L7ibuL5RSNET
4ZN3rzcWL2HUtW5lOQlsB+5Orox0ta+MdvJMh6IEOs/xPYit+5rpx1382rRN36gGUINFCBwF+XcQ
xbmUQRSkXqpClSxyz89lnqYLV8vIdfwwj3LPjQF7sKR8QTpunjrx8524uLz96931zeyH//z00+Wt
I1xQIZgG4SZO4InX42HXeSPefbxAxmBWp7L6TbMDBTszWW++NqSTL1c//3xHhkkPTwivHJs2Tafb
r1BuK9tCc5yT2RqMtfqMIsYMZ2wh41JMeJsrL19EySLJHRkEMszDVHnSSyPHyZxF5OXa0YtYL0h8
baEezmyQdObJ3H+rZLjI3Dh3vDiPg3yxWKSeG8UqcxPXTZ1Ma88PfKk5AkIhiD6I4YirZSrVw+xR
lkVGyQ8AYW41qpC39l+ytlXbdJ0+A8uyqykPP3pkzm89x0sSx/cV5B/4jqPTKIz0Qsc6jlUeepmb
RVESEFbE6VZ3WrZqzfxXcrNhv3tko3gbp6lyPFfGOks9HciFll4eyyzIZaJVkint5SqNswPnOEt1
hsrsYUalEUsSGfRfx0XIFdp7G8SeihaJlKHOnDR2lQPivNTNc3pyHZkEKpaRehny3hxPFkToMXQn
cGQc+zKQaRqrJE0Q4YIs9BaxSsNcKxX5YSZj7wg6B4q9V3tkAACjXZUnTpLoLJKLcCFBHawiTH38
aZ16KsuTQ0gvqhBODJuIgkW8CGBSUZQqCYmGcRx6gafjUHm+8kIdqzCUR6Rx8UOlAGuHSIMIEy19
x08SX+dZnvqJynzH054bRlnoAHTsOQms8whSUzZ7GE6S6gjOmi3gqdr3syh2YThJ5iXK81QQKXeh
3eyIGu6C1rDW0pJDZqfVIvBSQhk7YZSmYCh0okQFOs+hzGThB1q6SXoIqmyojBhNBSTNPeetjHQA
uXphvNCO4wZ5lEX47Xsqj3zfi7wFAk2c+cegVkxMQMREKnE95UBvYahicOC7TqwVjH8Bc4jywAmU
E3wLYTZJNAZU5OYLYkrlPjSmvAC0we09qTIYROxIF17gqyMf2MUBBpFFgfbCMEwzTydk8V4QLhAQ
wgyXc+X6oDHJj4y9TvudcJNYBdIJUlhG4oYaMSX2Mz91YNsQFBzTlSnU7x5C2P+ccflknPp/ELYn
sFr5YAoKRNoAjqF9iT7ahS0vHO3mEj4VeSEcz0WwC4KFRuhIpVYvQZkVGzXWMW8Tz5NREARgJlKL
TCIk0H+x77kObE+rYOHHUh/Jt6ub5jc95vm3jlQxYjVs3lWBm0g3h8ThX3D62A8p/oaJ9tj4UAh3
ekt+sK/jXPZ1hb9FoHWofS9GUZTCkwInDV3Ys9awtzSNIuXIPZBhKEz6QeRFrkggwzwN/TiOEjfP
Fv4CdhEEmUqDLMJtlXtBltP19VB1Uo73vw3u3bbKm3oLDZZblBXlbCyhH0Gqz0pUWRIukoVOEH38
OM8yL3X8KPER4JB3NNTrwLhegoWMETs7WO5bhFsHeUhnrkwQBCSgJVK7HmI7kgcyluOFwSL9Q1ju
hC4dwSiS3M/IznOkoCSI4auuowLlgygfzpvg/6aRqZrfZNufIbbp1iZdstAoiQK1gDXEThC7gYwD
D0agHeg4c8NUpk7uxnCoAyAbeNyMgjfHEaIlS/wkX+gMPqtgEmmaKMq5oUqdMEM2BG2JswAY7pB2
tjXfcpH6SnxEWyYU95KDneNQiSfyphUHNdV9/UrcrZFI0SL3PbqMTshWi36t0fTqDj9kL5Ss64an
OUWtygHBAz9woUXinyOhIfH2qEkI1m1TaRoZ9d/C7GSuT0WDnbYjkCJFtHoQ22ZoLSxR5KJC75EX
jAG1DU1kyi0B/lk/7cCdZaZZ7sRTU3/XC0r9shXoc5uKJgVIYVuikLprw/fTWtdi2KxamQHA/L6+
r0dgy/taiFdf1poIE30DLKhVAUKYtgsyQHXTUUGdmW0m1UR/AXmWumd5oegslBYmudBKRZAhcaVn
paSSeKWXgqtS2ujWQ0/TmZkduy3F/cmtga1KFHvZ/QlT9q4smydRFh1RK+wcQDwWUvzHoNstnfkH
/ZjZrSXPGfiqGVrYOwJ0CSoXBTQGoRC0dCusKOm86fxnu+0Jsa++wGNgEZCrzDKBysuIn8QKgT+I
SstuaHmUJiD0VBPREI7+xyBLEtuqeMRZFBWDFq8tUuE5bwi6wahnrd6gr51B7KuVbpfYZtw/D1UK
qcCq3nXbWt3J7gGKbx9gR3M+8BnSYtMeOaVj67apmwHaw/HulC6gPDcdBvnDKU8mwQi1Eiwb+COt
VUNNcxusGuC3rF7wBCtrm+cCFqYhBrDEllvviCPZWoKucrJVOkM2eSqK/juIr2/5WqZ7WDWbzNFl
8Ro8DPAbj8XCbMwsp0sGdWyrko2jHeqa1JlRd9hsWAncjnRzcaEf7W9RFas1nLlFK346dT5rOCSR
th02vVk1AiPBVKDN8sXKhVNyr5EZh5A0qAXZL1NANkI2h4KfhsDziaHh8Mwc2lnafV1poNsap/z3
sklhPTR0EmYdflAVPfl2pVcy3faQuLg1onZYuEVHsPn6HWntqWDJs0XBaZ9mBtBoZB1zmBcgEREJ
1NcMK2+1HlEaI4e2BnJTsWqgqIbclKyCEK2YzBmTthQOcQHsHIJNRfb/ngOa4v0Z/Wt08/87+ru+
2TAJNnzuSLLgOoHwsaFsmu0IIqwjVS7qTksYB4Ev7BWWvu67/wMK2S+YJIoYQg1IPjWSj9DPWg0c
fBtDsvFISla70/pZaZ11e45M4Lq+u1yKu5+ubsWHq49Xd+Ldzc2Hq8tbcXP5SXy5/vTXy0+nAofE
3TVOXYovP11/uBQ3n67fX97ezo9DwIE8vDCy4rjRbdFwQqZA3BGDaq05JLM0dsHWhexREmQcW/jI
DKFQmzDLoN43NfhEgIY1Eb9/ZGzGyJ7WlFkhEwpB5hhDNkAQeveB3GQkxnFNOYTyPF+Yf3uabMHO
oKG2jVZUDhjJErlGr+bujgeYl950e1Z9x/LavXmZJMu5bzlfyTaFZ8z2lTUHoJely65G5Nhbwt5C
7K5kPXDxMaUEhdkAG3xzOuaEYyMczdCk1xxNfm/4rfYuOBfXJuYbg0f10AxltqOlQBJ5qsWe/s4A
3jD5YDRyHMsrsP3IweKbJMmmYyDseMvbphqTrbltT8ympjnVMHFjNfmNbYgXTOrAOm7HgpFU1gIT
maE15GyoNqa6MiWcsBsz2hj1dUGH7AWmnckcOcAT0jycXb4gYCRtJD5geISRdd2gO/PGstOrsdqk
oEXY9lSdjoo0NYItKueGGjr6h3Kq5POMZ7HdSPt7uaHVohoq5Fik15aAm1dmUCTyNL3nMlTs5Ur+
YkXJHvOtjaHY3liKGOGMquABSTfYaeyiMVvHNm1efo3wzeHRhQwse3DKGVcOM5717ni7AClcq6B8
JOmBOlNgGCgbST2JMHcMh3vucM3K0/AzYqbD+2qXBFhSG2Dh/jmoP7PD+7rWPSlsaVMESrN1U5oS
M5W9WnMlziSjaoIJ2STDsc10PnbXpBb7GpyKTZPeXk21NG5RWG23PQE/FTN3okBWHiOe9SMxNgVw
1N7Xsfx+gErIzHBOvQwX+nQZi5asufgJtSBs6ZyLO/H+5vMp7oKGFP71VGQwe64VTPTcwZ8x/KWI
xrJ7X5F3LJ3J2bl4lyFQrWWZn6GVNG1CpmHDFhWQCpoLkoFNHHGf9ibApq3I5TNFNSoxZTkXRMTn
m/pmLLb3DSD1EkTUE9ImXRw29WZmn4+6m4/W67riN73TJ5Xloxo7Sni2ZELZbsxjklqDxDOX3szF
jb1TynbFF6TtRK0tMMa8lStiATqB2LpNyRULtZcViCdnly3p6X1Z4JTpl1s0U7rrxce7z0xpB5aI
7XToBfXnrMo9OtNczMdYU/XDjG4tmdppf6hrfolkP/agwQBqIRSsI5vof/O8UHPBWWotqQgQRQXZ
9KQ7aIM/WUGYOmVaoLRHJnpNkkDU5UCMFC05nHdGpaaUwNne2ihxos18wIY6201dXHORdHF1++4H
1EdcTw012xAF7IEiJb//NEVCQcZoP+3Ipv3Gns+9r2c6HVbLsWn7N+FSs2ZL1jXCFe8L26J3ZqhA
3lx3jUne1iNcAmaoNtDerxs08eSFY6+mx26coziNjUUnH8dsQd8AzMwej5QnbTwIo9+npmizM5m/
N0VtBgIsqe/EL2nzTJ7fiqsL8fqXz1cXb6B3uD1owPknqI0UUyDdwzmoh2szKx9TfsAbmr3uanj7
Lz98GOHb/m6y8h0jo5djXDiwem0pwrw144TIptFn0DejTxHOmzxntNgr8u3seSiyvUJYnrPD4cwd
T1eMq5mvo4wM+Kz1q6GzUx6FINKbMGvvzMydpbBvTwmNSSE2PFoslANlvdr1KDVdK49T8el46rHQ
T7Ndgn5pIGaE+65qBooeucl1NphAZKNoKbdTdORRCNRPvzk54/InTtWTy8x4rU3rnWoDLNU5+X63
kU9sFGSjBjqbFi0fJn3DPiHasY8YKOQxqeBFcdYSGvn0JSqdl8mULSBlQo7mDmLHy/Tvjhr/aMKT
lo1i9+2KzOQM4kdCpzC4bkinUlhREsUJnZnUyQ+71MajJmscUildau4UjHkz1rJ4AArqkzkSlRKs
r9rmqV+bOAYUUqwNtEmQg/d3vUnJTOyMpDGSNtuLxrB2ddFN+KIwTZo30IR5bbpj046cxjKH7xwo
CfBmwhOvQCZa5b0i92OtnS7n3yrTBq8nWXA3i2SCVs9Y0abZDOXoNvaB8j2fsWnD9wght0HEJWOi
jEuRCyWBbTBoxQ7ylrbUobkjN9dm2VQK1rJAyD5CZ/ugR545o4/vjpZ2geFw2X5GMMnpiAcz85XR
7uQaelsaUuabqtrMi4YpRqjbVtQc8ndmHTjs9qRTmrL7Yr/PLHCYk6tVq1d2pGjnj2bMQl9vPRzz
x/Qh1lxfXC8hj5lNCqY+oPD1pE0HIuHkT4yxY8L3DPDafDL0R57eSd58fGiU841QoVCzb40JlRB9
N8C5bJJv3tNsXk9neadIDpu1hFtoiuwt0TDWpcgYuW7Re8woLtaUDM3umLtM5pAHs0H7Ccck2Q6o
wVHbcGwdQ5gFyFo2+yOOb7Rq+JqqtS+qfQax2ZiA0nmyekoYpEUK44SQh5720jjgnu8R2J0phlFy
f57vbTIxmjQeMJklWRgA31t5jlOjtV00Ia7ddRI2OtAQHs1axmVQke8A0UvyoTVvXCjajKMUE3kB
z0anMd+iJpOd7dNQWkv68sk+UQEEGq2ulqPSzB5slGZ6S/ErVy4oWk95yPc3Asot2D55T98EMRtU
Sbcc4GmMYoIXWZXuX8yjHJ+5fey4Y+D2G/opQKstAqbkG7xMg/kJiOQGgWNy6h7jUvz44d2dWaRW
Q9Nk7Xv7RcZpmDyDo1qf+s9Z0fanHHS/t5WeedcyHVoYJ6ZEB9HamaIcrNWVUJba0iulQfVDO8bd
sVNrd29pOKgADtKR4rdg3Sin2fiGByZgyvpXP3I0YVR8/gAI18V25etkZcb15aTwa0ztr58R2zrb
5KoHapO63efb5kNjLuT4HPHLX9OWJlMYVzFcMnxURu0uHNPr12Ol0nvKm72KzYev/LbuHlXLq1tk
3wutRCDcxTJIlr4vvlz9IDzHc2l/fKF2rhFg8Vw1fXZ+8GZTmJdptGlwz8j1zt3ERSLD4tO66PWM
3qtRQcow0CXZmuzcc2hlJWlGkOlzfjKv8nZr9hZNZentzfi8edycw0nwKyuobYKdbs8Z487sdlns
nFnhipcK6fPuYctJf79Mljs5Ra/Szy8uf3z3+cMdrdrOhl8AWqycBsgn7fNBmXoe09KkFDdX6hql
gtr1Hyj1Cm2+i+/sEVND0sdLZip07kYT/C2iz8g//Z7TJB8OmJ3/C/8dqOAxYiX4k/vFBosG0cnv
/w1gBGx0
===END CRASH DUMP===
