PocketMine-MP Crash Dump Sat Feb 26 00:23:39 WIB 2022

Error: Call to a member function isOnline() on null
File: plugins/SkyBlocksPM/src/Vecnavium/SkyBlocksPM/commands/subcommands/InviteSubCommand
Line: 47
Type: Error

THIS CRASH WAS CAUSED BY A PLUGIN
BAD PLUGIN: SkyBlocksPM

Code:
[38]         {
[39]             $sender->sendMessage(SkyBlocksPM::getInstance()->getMessages()->getMessage('no-sb'));
[40]             return;
[41]         }
[42]         if (count($skyblock->getMembers()) >= SkyBlocksPM::getInstance()->getConfig()->getNested('settings.max-members'))
[43]         {
[44]             $sender->sendMessage(SkyBlocksPM::getInstance()->getMessages()->getMessage('member-limit'));
[45]             return;
[46]         }
[47]         if (!$player->isOnline())
[48]         {
[49]             SkyBlocksPM::getInstance()->getMessages()->getMessage('player-not-online');
[50]             return;
[51]         }
[52]         if ($sender === $player)
[53]             return;
[54]         $id =  Uuid::uuid4()->toString();
[55]         SkyBlocksPM::getInstance()->getInviteManager()->addInvite($id, $sender, $player);
[56]         $player->sendMessage(SkyBlocksPM::getInstance()->getMessages()->getMessage('invite-get', [
[57]             "{INVITER}" => $sender->getName()

Backtrace:
#0 plugins/SkyBlocksPM/src/Vecnavium/SkyBlocksPM/libs/CortexPE/Commando/BaseCommand(143): Vecnavium\SkyBlocksPM\commands\subcommands\InviteSubCommand->onRun(object pocketmine\player\Player#98428, string[2] sb, array[1])
#1 pmsrc/src/command/SimpleCommandMap(220): Vecnavium\SkyBlocksPM\libs\CortexPE\Commando\BaseCommand->execute(object pocketmine\player\Player#98428, string[2] sb, array[1])
#2 pmsrc/src/Server(1408): pocketmine\command\SimpleCommandMap->dispatch(object pocketmine\player\Player#98428, string[15] sb coop RickyVN)
#3 pmsrc/src/player/Player(1382): pocketmine\Server->dispatchCommand(object pocketmine\player\Player#98428, string[15] sb coop RickyVN)
#4 pmsrc/src/network/mcpe/handler/InGamePacketHandler(751): pocketmine\player\Player->chat(string[16] /sb coop RickyVN)
#5 pmsrc/vendor/pocketmine/bedrock-protocol/src/CommandRequestPacket(51): pocketmine\network\mcpe\handler\InGamePacketHandler->handleCommandRequest(object pocketmine\network\mcpe\protocol\CommandRequestPacket#137976)
#6 pmsrc/src/network/mcpe/NetworkSession(397): pocketmine\network\mcpe\protocol\CommandRequestPacket->handle(object CLADevs\VanillaX\network\InGamePacketHandlerX#147268)
#7 pmsrc/src/network/mcpe/NetworkSession(360): pocketmine\network\mcpe\NetworkSession->handleDataPacket(object pocketmine\network\mcpe\protocol\CommandRequestPacket#137976, string[37] M./sb coop RickyVN.[E@aq........iX...)
#8 pmsrc/src/network/mcpe/raklib/RakLibInterface(192): pocketmine\network\mcpe\NetworkSession->handleEncoded(string[85] S.../NRH../P..L....c.vuH,..n......2#.00.O`tH.u..1v6x......).s.3..\j69...4......`)
#9 pmsrc/vendor/pocketmine/raklib-ipc/src/RakLibToUserThreadMessageReceiver(42): pocketmine\network\mcpe\raklib\RakLibInterface->onPacketReceive(integer 0, string[94] ..~V.,q.6..V...N..D:.0L..p,.k<..2B...... ...:...:.....7]o.:.).....i.3.a9$.0V.,..)
#10 pmsrc/src/network/mcpe/raklib/RakLibInterface(122): raklib\server\ipc\RakLibToUserThreadMessageReceiver->handle(object pocketmine\network\mcpe\raklib\RakLibInterface#106791)
#11 pmsrc/vendor/pocketmine/snooze/src/SleeperHandler(123): pocketmine\network\mcpe\raklib\RakLibInterface->pocketmine\network\mcpe\raklib\{closure}()
#12 pmsrc/vendor/pocketmine/snooze/src/SleeperHandler(82): pocketmine\snooze\SleeperHandler->processNotifications()
#13 pmsrc/src/Server(1660): pocketmine\snooze\SleeperHandler->sleepUntil(double 1645809819.8654)
#14 pmsrc/src/Server(1046): pocketmine\Server->tickProcessor()
#15 pmsrc/src/PocketMine(304): pocketmine\Server->__construct(object BaseClassLoader#2, object pocketmine\utils\MainLogger#3, string[36] C:\Users\tranthien\Desktop\FoxCraft\, string[44] C:\Users\tranthien\Desktop\FoxCraft\plugins\)
#16 pmsrc/src/PocketMine(327): pocketmine\server()
#17 pmsrc(11): require(string[80] phar://C:/Users/tranthien/Desktop/FoxCraft/PocketMine-MP.phar/src/PocketMine.php)

PocketMine-MP version: 4.2.1 [Protocol 486]
Git commit: 6d6551253173a498128c750c38e719f19880ad49
uname -a: Windows NT tranthien4-8sin 10.0 build 17763 (Windows Server 2016) AMD64
PHP Version: 8.0.13
Zend version: 4.0.13
OS: WINNT, win
Composer libraries: 
- adhocore/json-comment 1.1.2@fc2f76979f0a44a5f5bc2a2b600d0762fe0e78e7
- brick/math 0.9.3@ca57d18f028f84f777b2168cd1911b0dee2343ae
- daverandom/callback-validator unknown@unknown
- fgrosse/phpasn1 v2.4.0@eef488991d53e58e60c9554b09b1201ca5ba9296
- netresearch/jsonmapper v4.0.0@8bbc021a8edb2e4a7ea2f8ad4fa9ec9dce2fcb8d
- pocketmine/bedrock-data 1.6.0+bedrock-1.18.10@e98c511584a7bd58a95986374d2df4b04c6a2ba0
- pocketmine/bedrock-protocol 8.0.0+bedrock-1.18.10@017e57c8f8a74118bcbba7332e7ebac9e6c81693
- pocketmine/binaryutils 0.2.4@5ac7eea91afbad8dc498f5ce34ce6297d5e6ea9a
- pocketmine/callback-validator 1.0.3@64787469766bcaa7e5885242e85c23c25e8c55a2
- pocketmine/classloader 0.2.0@49ea303993efdfb39cd302e2156d50aa78209e78
- pocketmine/color 0.2.0@09be6ea6d76f2e33d6813c39d29c22c46c17e1d2
- pocketmine/errorhandler 0.6.0@dae214a04348b911e8219ebf125ff1c5589cc878
- pocketmine/locale-data 2.4.3@4d0b081f1a79407e087968ea76aaf330db6ea2b5
- pocketmine/log 0.4.0@e6c912c0f9055c81d23108ec2d179b96f404c043
- pocketmine/log-pthreads 0.4.0@61f709e8cf36bcc24e4efe02acded680a1ce23cd
- pocketmine/math 0.4.2@aacc3759a508a69dfa5bc4dfa770ab733c5c94bf
- pocketmine/nbt 0.3.2@3e0d9ef6b6c5fb45e3745a121296e75631b3eefe
- pocketmine/pocketmine-mp 4.2.1@6d6551253173a498128c750c38e719f19880ad49
- pocketmine/raklib 0.14.3@4798576fec0364266dce23b368a7fec5e5de7927
- pocketmine/raklib-ipc 0.1.1@922a6444b0c6c7daaa5aa5a832107e1ec4738aed
- pocketmine/snooze 0.3.1@0ac8fc2a781c419a1f64ebca4d5835028f59e29b
- ramsey/collection 1.2.2@cccc74ee5e328031b15640b51056ee8d3bb66c0a
- ramsey/uuid 4.2.3@fc9bb7fb5388691fd7373cd44dcb4d63bbcf24df
- rhumsaa/uuid unknown@unknown
- symfony/polyfill-ctype v1.24.0@30885182c981ab175d4d034db0f6f469898070ab
- symfony/polyfill-php80 v1.24.0@57b712b08eddb97c762a8caa32c84e037892d2e9
- symfony/polyfill-php81 v1.24.0@5de4ba2d41b15f9bd0e19b2ab9674135813ec98f
- webmozart/assert 1.10.0@6964c76c7804814a842473e0c8fd15bab0f18e25
- webmozart/path-util 2.3.0@d939f7edc24c9a1bb9c0dee5cb05d8e859490725

Loaded plugins:
Alerts 1.0.0 by hachkingtohach1 for API(s) 4.0.0
AlwaysSpawn 2.2.5 by Philip Shilling for API(s) 4.0.0
AuctionHouse 2.0.0-BETA1 by Shock95x for API(s) 4.0.0
BlockGenerator 0.1.0_beta by BlockHorizons, Chris-Prime for API(s) 4.0.0, 3.0.0
BuilderTools 1.3.0-beta2 by CzechPMDevs, VixikHD for API(s) 4.0.0
CraftingTable 1.0.0 by hachkingtohach1 for API(s) 4.0.0
CropGrowth 2.0.1 by NhanAZ, kaidoMC, YTBJero for API(s) 4.0.0
CustomItemLoader 2.3.1 by alvin0319 for API(s) 4.0.0
DEVirion 1.2.5-ALPHA12 by poggit, SOFe for API(s) 4.0.0
DevTools 1.15.0 by PocketMine Team for API(s) 4.0.0
Dungeon 1.0.3 by hachkingtohach1 for API(s) 4.0.0
EconomyAPI 5.7.3-PM4 by onebone for API(s) 4.0.0
EnchantedUI 1.0 by ItsRealNise for API(s) 4.0.0
FCCore 1.10.1 by hachkingtohach1 for API(s) 4.0.0
FishingRod 1.0.1 by hachkingtohach1 for API(s) 4.0.0
FormAPI 1.4.0 by jojoe77777/DragonfireHD98 for API(s) 4.0.0
Gems 5.7.3-PM4 by onebone for API(s) 4.0.0
HealAndFeed 2.1.0 by Kylan1940 for API(s) 4.0.0
HealthTag 2.1.2 by Shelly7w7 for API(s) 4.0.0
InvCrashFix 0.0.1 by Muqsit for API(s) 4.0.0
InvSee 2.0.1 by BlockHorizons for API(s) 4.0.0
KeepInventory 1.0.0 by NhanAZ, KhoaGamingVN for API(s) 4.0.0
LaunchableTNT 1.0.1 by Vecnavium for API(s) 4.0.0
MaxEnchants 1.2.4 by Xenophilicy for API(s) 4.0.0
MinePos 1.3.5 by hachkingtohach1 for API(s) 4.0.0
MultiWorld 1.7.0-beta3 by CzechPMDevs, VixikCZ, fuyutsuki, kaliiks for API(s) 4.0.0
MyItem 1.7 by hachkingtohach1 for API(s) 4.0.0
NPC 1.0.0 by hachkingtohach1 for API(s) 4.0.0
Napthe 0.0.2 by hachkingtohach1,tungstenvn for API(s) 4.0.0
Parties 2.0.1 by Didah (@Diduhless) for API(s) 4.0.0
PlayerStats 3.1.9_BETA by hachkingtohach1 for API(s) 4.0.0
PureChat 2.0.0 by Vecnavium, 64FF00 for API(s) 4.0.0
PureEntities 2.0.0 by LeinneSW for API(s) 4.0.0
PurePerms 1.4.5 by Vecnavium , 64FF00 & ProjectInfinity for API(s) 4.0.0
RedstoneCircuit 3.0.1 by tedo0627 for API(s) 4.0.0
Rewards 5.0 by Wertzui123 for API(s) 4.0.0
ScoreBoard 1.0 by hachkingtohach1 for API(s) 4.0.0
Sell 1.0.0 by lenlenlL6 for API(s) 4.0.0
ShopGUI 1.0.0 by hachkingtohach1 for API(s) 4.0.0
SizeUI 1.0 by fernanACM for API(s) 4.0.0
SkyBlocksPM 1.0.1 by Vecnavium for API(s) 4.0.0
Spyglass 1.0.1 by ItsRealNise for API(s) 4.0.0
StackStorage 1.3.0 by Ree-jp for API(s) 4.0.0
VanillaEnchant 1.0.0 by hachkingtohach1 for API(s) 4.0.0
VanillaHopper 2.0.1 by ColinHDev for API(s) 4.0.0
VanillaX 3.0.0 by CLADevs for API(s) 4.0.0
VoteReward 1.1.0 by  for API(s) 4.0.0
WorldProtect 2.3.11 by aliuly for API(s) 4.0.0
_NewAlias 1.4.0 by Javier Leon9966 for API(s) 4.0.0
libEasyUI 1.0.2 by GiantQuartz for API(s) 4.0.0

----------------------REPORT THE DATA BELOW THIS LINE-----------------------

===BEGIN CRASH DUMP===
eNrtXXl3nMaW/yo1cs5YPtNNsy96Yx/LkhxrnmX3SPIyL+R4Cii6iWggLJLaOZnPPvdWFTQgyZKd
fi/5wz6JGwq49bv7vcXi33bivFzR+tMlK6skz3b2zMlOnazYzp5mm5areq7mKa5tOa422WkKccg0
Fc9WNdvRbM9yVE+f7KS0qo/KMi939n7bqdcFnLUj9ic7K1ZVdIEjBzRNSZ0TSlZsFbCSxE0W1jAv
Saq3WZpkbPcJgb2sSVO4MIafl0nKr9zz/XcVgPT9uqRZvUxY5vuHrLqo88L3X+bXByWNa98v0maR
ZHDa2cX6RZqHF9X8xPerMvT99yzM6GXSrEYHw3y1olkE11RNsNk5zi6Tmp01wYEYUoplgaAEIDnP
rEdpBrPMukkGR1qqs94Ms/EEQBxFAPJ1QAklDWHzp51HKvm6udIkqGYHeVmz6/nRTNLOZy9oxeTO
rmYaT/bIH5TH9FmenTbZbh78wsKaFHA5q1fAACqBrlnp+3P++8hzTd2dkKouk2zxk/4zqYIJoWVJ
1z9pPz8Bth9ppFghR/i/nHF2lqyKtIV8QotdXVe/gBrZ9v2Wb9wSjPt+j/PpM3bNwqZmW0Gt91Cf
sRJ8CCSrugCyT1byA3BHDE2fRUlV0DpcfjUazUI4JMzzgpwm4cX6/RuOyOghEgRm4vpdzXD1ETAB
eYOitY5tgTF7YDJWX+XlxWwVFmy2hFlSgHac/UhXbE5xnldibNextBHM4dzTZ+GS1rvt1PbPZHbb
3Jac+5KBCZSzDb1ZwKIS9qZFmdd5mKccnmT9lP3asKoWiHZvIJFM+D5y4fuSDfSMG3xMn4mjQ8K3
iXZEtIXVGfAA0yPNcDzH5izad4n3jdg5g7ALoXXX8Jwv8/HlKVtOWuwHr/cP2SW42nuaJWlKP/bo
3SKIj48009Ftl0N2HgrZVr8MeXh+C/GQ1lTqbkuC7mzccH4mJ8rY1JSfjp7TXxX5J/kIf3E+3bv4
LOkFxKnZKb14nQTHWc3KGML8rubp38LvURbmEYtaZ3DBD88AwuzN6Sv4e64orxFWqFw2ryaKkgmU
+iNFVZW3/1u/UhpF0S7tazH+RKkUQ1F8/xfbg11TjP4v58e705sEQ9OkEMwKxs5zTNXny5LR6EQk
/1MWsgQDpHkPp4Kg749EhMlGaEZS2k3g0AJKCLXTkWf+TBTl/94rk18VW1HeA/w3inK4p6ggh2Ki
XPwncP9C8AUnKnvyf0Vxfs5h64nQIkiBej8oKtCR6tTUr9Wnjly2rFQ8zvo+CKnl6wsSGvvb18sK
8NqOpwno2p2qq7I8/8xE8koZK1jZxmBNN75RSQ+45rcwzaumZL/vCoD6NwC8kcrEqZDSBucBHgj1
IN43eZ3ESUix1KzkvMYtydu+EXfuIlzh/rusTtLdKG+ClJFhvWyKScxbJlFN+45EXENUmQvEeSlh
Wj0Kc37NCZbJhmreQeTTpxCYrMsm7KIgL4CgQq9e5zSC9K1PyC3G1QAzENZPaJK9zhfgWo+MTfiD
PPvgEry7yjS/4qqucBd823fwrY+TmfAuKS2ZYHY1TN0lBPSkZF14VH8mxZKWe7PZwd6MY5p1kGYS
0awF1Jt0ejJX8MIRFuwHnuz8/Ptkh2298flX9BgAXEzwKcku8/SSrVhWw6wRyCysd9qjMNKbBYYx
5yCzhguHiPzzGxwwvN4A/vmhAp/m3gK/Mszt9ojt7S1YfQzGSjMImk+mz2BXnlYNd3cfZ/m0Ch4/
efI3mMhURxOVrG7KjB/Seod+xwG9N5DEZDfMm6ze/aG6WAcIQ86CSoE5n5BnT8k9CA/yLE4WcucN
VAyQgR9XrK7ByCplRa+nQscVoEUAxkhMpvlPFJOYepomq6RupWXdLS17LC1nJK1/+6GQZffGUDlX
Y+WbY+V/IwNyuiyvpzmf7zFnwrpb5dZY5dZY5VLA5OnTp0TygzxYxt00+zr6IYnIU0LeNUm0t9fA
3yaCrvMzHld2Bb6+kO9hXfjkCc2A4RLHaBSJsV2YatLaw6TDyifoq6pTyhYsJuEzT2Ho8YT8hDM5
I7H4O78dv3l/fH50+ru/Q54+2xgsOgAU/BB8f/++YvF9xeL7isX3FYvvKxbfVyy+r1h8X7H4vmLx
fcXi+4rFX3LFou3sK+zi98E4ar6VUby32w5MdrpbwjuaoioqjNCmXuZlhTX+kobLC8BY57ilIVFa
JHjE5CfDPssoWFm0sweaZZOdCKwRqnI4BY5VeVwf9gdWlK80jMj6vkDT/uLqBRgEnDh/e3b+4e3p
60MYumJBBXU+Xl7XRQXSusLisFomtXLFWJCuFahoZ9ij7KdXdF2dFfQqG7C8Ge3zrSu6Yg35ni+T
NCnIGfxAc7rYFt8FJ1tJqr5POaIKEfm+8IEN72fn+6fn7+YDzjlzDV9SepU3Fetz1x8esgeIpy+O
zve1IZNnSzAZz7r+Y9ztHIFb56v1/vx4Z8NpJWkDjwLXEnGBgocov6hmZJa3UT+yjJW0Fotvkt3R
gT7DqgKW/ClgNR3yyy95lZfJZ4hDcOhgWSbVdF7iww5jEUx2jD+i6MFU0OgNwN5U9Rf4b5IUTj3P
87TvvYPhoQ8D7inyrg+ZP/jMwuX8BCtkOPA+uU4uXh1uy65DJF6sIl5+BwJbjdiA9SHSB/n1IqmX
TcC9uQd7NiAFsuHhEPzoHAH3hDMc/4tEuAGo0e5D5AJiAfEmaViulWpds0qBMmYW0WoZ5LSMZkIg
efFjmV/Vy4E0usFxVBjFgzdQ3+3/A8YuaBLlJwew9T/nL/6Llfm2pCJmQO5bTCKtf4NhSLDIdVPV
+eq4ZivpVj3ex4eGEjDGEqDpZZKphuZti+GOIPA8wnJz5CHx4PDofVJy/B2T3dDQ0iGnTfdfz1/t
a6NIUEANleDC/9nbl2xrmY0T9f1LDsX30VbFVg/ePYkNnHwc57qhIW+aNXbjTfVDzhldbYutdn4s
DC9HMew2Nm4x1A2yWUcDmW2yBRvqUY6MA5bx5wQsCafb2FaQ6pULG957g332LcVRjOn8xByKIM9Y
AP9vi3VJzveZQAE0fX+A6F63PMpCiEc1i94NuOqNjrQ6ZOi4rk4ZTd8k1daY6pEEZjZAHhZwkaeX
Bwd52c+rcmDkijfSyL/KQAWc9ndb5vkygfI8W5zmUZ/zzeDYO/8s5jtE/e2tCSEvV0MHbUeG7Jtj
Q/4l/yVnDv6ZHZZ0gbdQS/bq0HO3JYjNBNiic0zdxkOM+ke26ucXvvsnRhycX/z9EPCvwKH3s+gl
Y33j7I8O65sbcebv65Rmmmeq22KkI+j7PRgPjzF4Ub08p4sRP2JszI0+7l9Zmq6dK2db3FQtQcEN
B/FwXo6zS6jqq+XL5LrHTX902KTeiB0nza9AblvMrDg130+yyxABxMn11zSegPuMsSEjOHBPDzHs
sbfEyqibFki+hpm/M1bAVSyD7nvd42k4fk+n2LVHf1/m9Ee6gpD7/s22O6MBoi00R69pg7kf8Jy/
Oe9xPhy/J6l1d7a3xW3vVvkAyGj3Iao9odeyuunH9f7ouC0ahfaPLMv5uly43hZ7PZKowg7KYOdB
zEHXMM8HjMmR8ZqP9eeUIRJOt/GHV25PmrROPuRl2s9wvcEh345c6zLuXes6+Ad/0Wjd1FVzkfA1
jjRJLqp/ygrYCvFeIV4QTB/7H1n96hFCOa1x3aAvIzEwks+fZBUcS/u7raL0zfygxy/u/UWW9gDK
10XqO63/DS3qZT/pyoFx4aB/kdFJDR17VbPsMvvn8cyBtb8PiWVzWtYJ68eyduSekuIwieiS7D6H
32aZsqp6si2uopai7xcCi+9vQH2ts3b4OLf8maCzmg7SUn+0z7UBxa33CW/R/DkW3MM12PnDBj1v
SnawpHVfBu3QjXtUdxUdkx3bfPlS/bqmhc8zZ+WKh/jRLauXlN+FquZlDtQ/QuTJm2p+NG3Hezey
Pom5QSwS92brQVYP5x5ldTI2/f7wPYJ4zZIsY2cftqX9lNMDkwcMTGIQTPUQfd0aZwtxNqAi2RdK
GPIuxsaLCdYdFkAmRGiB/DsBleEDAsdZnGRJvbWSbaBmjq63+RBFn7KoqqGnP0jKsEn6Bj8+MnT8
G+GuZlGu2vrWmtqWnu+XEkgogPj+TWQPYPMK8nE1YE+MDFdRRjb8gZX15ybRdGNbbG0oIh8cwje3
SxtaM0mKB6+zMC/ZC6w/euz2Br+4pPuvCt0bPP3tPxy4z1ia9rlm/IWVL5ZbKcvwv9f218Xp4eMD
dwctSRyfq0lTfKqII7rXYM+WefHjYFW+HfmLVI8STrexrXL5LPnMhnyLgS9abczKjGb7ByfbYrcj
iE+Z4/zi9xucdAMNmeu9qtTjcPAC05+2pDF4+n+I6X5zLdYLfCCuz1U7dA9L/+ybSC2Oh6+IQg0Z
XpzVecnfjtsw1B++8fDKkKlTxqa/FNviBwqeT78UEEIQQSUQAGM9PHPxMtzXm6cAOsVH/0L+mJ6k
ypkEWciH0uXqT08aowN/kag0RDXe31aMklRf5UUxeG5jOH5Pf3iQp0n26pBdbksYHcGObQFktPst
6zkd1A3zH2/y/fFGjTiyAvmqw9YYvvnmRA/JvW7+Pq+ZqJv6rGwGRzeMR8xszbVjmvKH6y5h5ofH
KL6iBk1FjS/DbuAPhm88NXTjsaGkSdfbe2YIqfk+X0AsBIQxPw/sy06apIwTlka9p9en7Ut7NUTD
2YpWNStnA3ZBKp/esKv9NKH9PLQZu+cm8H9BHmQlec3yzPNse1tyEWRbqvisMGCRP9/gi0NyM0Hm
d3xvOjii1XpQOm3GxuF5tBL3YwLR8b8bCv3EttgWE/t+B+Aek8b3vWkJuEGvo0ej2ufFOZTrmmUV
X+wAPsWTHjsuRldcTA/CFcWnCDcjIYX6O4Jr+2P56lOU1xDXB6Py9fjNQFOm/f2I1oPjcZLWbEB4
sSr6u0tIGv39BFqGy/7ALxVXSLe/CsSj9YOxvKy7x4NRbfjabMSD1uakIhzK4ZTFKeNrQv3Riku0
Gg5FWEz2Rs7mrwfTr6tf0wwnk1ukO1TnFyyDongggutryTXCxXizpqtUPqyOu5+TQoRTjy+bfAYT
7V8Ou9erodRzhKerqqFpugcD88O3A9aj/BOHNh6EoWSosBystKoGJ4pXSD+eDHgeIYBdfK1oxOcq
vSqTkf6Lmr+AhBJuH8eeL0e2t2yyC/5miM6FJJ7lTBZBklG8xwtpU1dslAS7hAAYyJOQFFQkRZ3L
AV0IKwJFC7NUZYbaRMxPm7l6x/HjDUkW5wO7jW6oPBlYCRel0R8qGbgH+uGiEbbY0v8HuBt5Ow+h
HusJH717Wch5cUb+UHm/VR+4O7oyrdjmu38gT2E//CntnT1dtUwQW/UJarWdPUihFcSl9g3EnT3T
tWEOXM7asSPbsjTdMjTHoKbnarobOpYaGi5zNC/WPNdVaWSiZTVtEk2yKL+qyJtz0r3PYk7dKsmI
BlolHAPRHMc2yG57snhdiOiqZj8h+yeHNt6vxW/y9YT2mXFPMjt7WRaf8DbpzofjN/y2Md+54hkT
glSRV6z8BFouaSnXYWm0zHG1ZIahY4pvQouvYmB9oj+PQz12bM/xYpWaJrViKwh1qge2qkaqY+sx
U5kDfKMcyyS8mMloqSqeYjwPqeVEmhuruhu7Zuw4TqBrthtGmqdpgRoxphumQRkPhcArvgy+mkGA
TQNoGaaXUABE4m0HkORFll9lz+Uvmt2izKuKzYBlWmX4TYRLHVPwc8Zi03U9T4ssg1kus9XQsywz
UL1AA2ECqIB6uocuAQG7ZBWjZbjk/K+oqL93Lrm3PXeDIFR1jbosCnRmUodRPXZBuTH1WOhFIdPj
MHCjgZd07y8DdsolaSvqf7SDIFdX0QCl54aWplkuUA0iy6We5bm24ZiRHsUA1gxtkDNVbye9MUxu
CzfJq5rDLCcEuVPH1DQ3CIOAOoahM4eBcD1mh65me8aIPI8ZGwcHgT63aOgwRj2NxgGN3CgEk4+t
kBlmyGzdcyKL2XCYDindqkT+EO9z23RcxwSjsu0gpCBTy3Ut3dSZa4W6EeoWA8lY/LWNPkHsuFP5
XDuHpj43PUYN1fA8g8VRHBheGBmqznTNsiNLBdKurnpgnyNKeZpvaIBVIH47cuxYZ4YR2a5mhIYX
6V6o66FphyBJLRqh4V/AkW+Xc1Kg4ucRhalNqpqG6QZg4czVNY8FMcSKONaAJ9cLQ3cMJ82xomiN
BU3YeG5GaqC6WqxRxzNVh6mu49kuo45NaWwYahQAZD2wxpQWHAt3Ajv0ND1UY0+1LFB1pBua6rJQ
jzTHCzw7NsHCAOkNCtNeyhGkbC12QIxuGBugsFA3mcnA73UaRgykpVIN3MAIR07QBQKIs88pDUPD
sTxqqS61vSgGHwxN+HEclQZglqEVemYQD0lkQd3mpucGUyOPxXZgh1YcmBYDT7GopkMGt5lj2YYW
GOD4bEihV+zzQorH/OdfEcBvvEct8hLXkeO5FhgNC1XDNnXbxmhgBIYNHgeDFrMi5ni6cxsVfBu7
rWiee7pObdMEnw/t0IkopRb+5xq6BqrXWGg6hkvZSL7itdc24z9XKfg6hGbH1UJT86gW2yYD9zIh
tBgWBmDLY7oXYKKlq4qt0Q02FR0+DqQ/D+GPYzIG0tVdKI8CcCRTDSxNtWzG3MgIAtsOVbohgl+H
kXI1IFl4QeDEgWW4ru1pceQYDtiFaUZhYEY2XB3GOmgdL182q4rS9vqb0b1ar+I8W4MG0zUUGOm0
LaYvASpapaFC1NBcPQT90UBzrAicxjCjQI3BuG3P9VwVjes2WpAyXLVHy3ICR9PB41gUBZ4TQmKj
LoQmQw9dk6mG43p6pDPvLlpan1bEzIDqkYnSi70gUpnmBToFn4NAbFgQXSBzuLFoVlb5Z2iRZhDa
WFm3j5GDy3m2CShCx1VNF0KKa+pgBEwFHUcapC9gUnOZbg2IFOBxU4zdsjmHgOQZXuywCHw2BJMI
Ai/EpGuFgWpFLsRbz/RUB8jwXqmzLWXNy9VHBFttEvLPPzUlfzWbYLFH4rwkg+rKzx6R8yVkUtJ+
F4rQkpF6yUiesQo2aE1CmmV5TQJGkixMGwgesEHEy8EKJDTIvPwOLNA6y1dwZYwExjQrGrMJyeFI
WSFJEkC0uiDrvCklLfwE0gq6EOj3cQYobvD7XukaCUPn3pGbQalLm7SuyFWePa4J5n5aEmhicwhe
CWawNSKEaq0SfF8tWUaaYlHSCAgofuZnLbE9PyPk0YclQ2D45TP8ZBDBr6CJBqzihV+FpXUkDnOo
IvgTkGfKai4vXCoMGRG5BUdWSBkkHrJpSrE4XrA9wutTPFAtmxqqxWwqv722R/wdWTj6jappGvyt
MoNcLP1GY1GcdMOw52ULkuIW1ZJ/83c4C/tpml+RNKmQrfa7RuQyoeS/G1au8ZxfcaNdPdkj2MLz
S494Uy+vIcAAwcKSgGpBekgtWBMpczxfrAFMu8M9rh59ANcC0wEF0CgiUKMJPaH88RV8smIUv1CA
tSoB7QQMQYMU2a8N5R+eWySXcC4UHw0ju3JSKKWfIHUxI5uWrIBWeAr6wXfp9+Awn/tNw79YB+a3
X62z8JxWFwQ/kwAGp/AT3lWgQ/SBllM8bVnmWd6AmuH0akL4mhURTQk6zoRg+V2Kr4Nw2YDj4tiq
yeRnDwTxM24HwBOYY5lfJ2CKDMQALHETzzpwKFsJ6DhGo+bf2wPjnZCkfoyf3yv5ZRHDtSxuW6OL
yS7w0ICD6VwsnI2p5HSPkxobNeXGUTZZhuqMsKHMC64E3sFUCjlkl3KbrJLFErweH7me9L1UGg5K
pCybohajQmAomBVgk3xx5YL38q4kEp5DL/MkAti3I0AbQZuD1iAB61J6hgYnT8VJnaX52YrBdGvh
vT+meQDWg+tPRIwT/l05DAIrtqABX7wnZ0LUKhduUvHXWPHyc9TaVcIlzy0KvPtqKgi1RlZxDvFd
ENggDB9vRjJxyVg7pTBy0FaD/kwWOSgqR39Gq8CJFhym+OTdHlGRC5idx2pRuv3lOcAFvS/hX9Iy
+mP4qzovOAQZZztIklxFIHwUmHajDhDO2qLSVN2UwHgQ+MC9QuKrHm8BIfcLDgkjBgkbyFIZZCki
Pn+G1p0LyMIjMat1Z7PrkLGo2nAkAtfb86M9cv7q+Iy8Pj45Pif78/nr46MzMj86JR/env796HRC
4CRy/hbOOiIfXr19fUTmp28Pjs7OlHEIGMhDt2wpjjkrk5xnbgzEFTIYLhkPyVwaXbDVQPZQO0Q8
tvBTphAKmQiznNRBngGfEKDBmpDfu4xNGNnVElMwyARDkDiNUxZEIPRuArnISHyOt5hDsCDgFyg3
z0ZbkKvRoLaChVg3CMkiXKFXcW3HA5gXK6oNq4Yqea2e3A5Jcm5Izhe0DMAzppsSnAeg26XLXQ3h
yKuIvApi94pmDa9S+kiggmvABp9M2pwwNsLWDEV6jaFXqQW/q40LKuStiPnC4KHMyJs06rAkkESu
MrLBXwnCBYcPjNqqKnmF2V7yYHEjSXLTERQ63uIyX7XJVlwtz5j2TbOvYeRGavKGbZBbTGpgHWdt
ZYkqK3P+MZLWkKNmVYgyTNR6RB6Y4oFWX4d4kryAY+cwWw5gD9I8ODu9RcCQtCHxwQyXYGRV1TAM
DPUStLZoy1IMWjjbBtWkVaSoEWT1qQg0eOqdcsLvtPLl26rFfkALHE1WzQpyLP9gKBDnn9BERRLx
VT+BYiNX9BcpSu4xN20MqvJCIuITTrFcbiDpmp3GDnNxaGzTWBth1BP0xcmtCwla8sQ+Z7xymPLl
4Y63Q4DCaxUoH1F6gE4UGIJKwb9TRsQ1gsMNd3CZlKfgp50ZT95UuyjAFPsFSffLpL5kh34mv8O1
J1MElGbLPBUlZoDPpfFKnEOGqglMSCYZHttEiySPitQSsK7YFOntUV9L7SEMq+W6RuITMtV6CuTK
4xNP6xaMTAE8am/qWH5LAUvISHCOTQ8v9PFiGJSwFPIKakH8IC0v7sjB/N2E4APicGIWXSURmD2v
FUT07OhPOf09Yrdl96Yir7h0eucqZD+CQLWkaTyDnlO0CREDG5ZTwaQE1w/RwHqOuEl7PWL9VuTo
GqMalpg0VQiCeDfP5m2xvekUsZdAUHinHy9siqyYyv1Rd3Miva5KPrNOn1iWt2qsMOHJkgnKdmEe
vdRqerq46IlC5vKalJYLfgGVLau0BT5jXNIFsgA6AbFVRcorFuxDVwAenZ2WqKeDNIGzRGNdiq8t
kpPzdxxpBSwh20FTE2zkuSo304nmQmljzapupnjVHkfb7w9Zxu87cV+PyUn7nFDHJjTKcZyECuFZ
akmxCCDJCmRTo+5AG/zfcIIwNeFYQGmXHPQSJQFRlwdiSNGUh/NKqFSUEnBuLW0UOWFiIUGGOtlN
Hb7lRdLh8dn+C6iPeD3VZNyGMGA3GCn5LVNRJCRojPKL4lG/39jwufH1iAXNYq9t2p4RDZs1WbIu
IVzx40T28pVYfUBvzqpcJG/pERoSE6gFtYNlnld8haLt1VjbjfMojsvLpKKXbbaATXwAgn+vFY/1
2ngAxu/Ki6JNLt78kieZWBDgknpMPgb5NXp+SY4Pye7Hd8eHT0Dv4PaAAc6/ArWhYvB9AnAO7OHK
SMpHlB/gDflGdxl4+8cXr1v6sr/rjTzmk+H9NF44cPXKUoTzlrdLSTKNXgO+KT6Q8DSPYz4tHEvi
9fQaP2vdKYTLczpcxTnnyzDC1cQ/FyZkwCO99KumkstBIQSRWoRZec1UXLNH5A1XnEakEBke5SyY
A2m26HqUDC9Lx6l40p51mbCraZegb1s5E8LdX+EH33mTz9O9CCYgsla0mNsxOvKlEFA/bvPkDBef
8lTdu5gznjHRegdMEAtYjL7PP9fGXWnZ2hk3LRweJn3BPk7UsQ8xkNAxVPkxSJiNQT69DaV6O0xa
AqWI0NbcAWx7Mf52aIzRCg//JD76WZVEImcgPxR0CgaH39buSWGBSRTOYJFInXynS218qUkaBw1D
ljLeKQjz5rOmyQVMgX0yj0QpBdYX/NtPIo7BFJQsBbVekAPvr2qRkjnYKUqjhTbdiEawdnxY9fjC
MI2aF9SIuMHasSmXnNoyR/zzAH0lAb0p0ckjgImPu3aK3CxrdbpUbipTBq8rmvBuFpIJtHrCioq8
aNLWbeQO5nt+jkwbho4T8jYIueQzYcbFyAUlgWwwcEQu5O3JUgfXHXlzLYZFpSAtCz822EXoaBP0
0DOn+Kne0VAXGIbD8smDXk6HeDAVz1Z1Zy5Bb3sCilKsVoWS5BwxhLr1CptDcOUa11nDagMd05Q8
TjbHOQs8zNHFomQLuaQo1x/FMgt+jv5izB/HB7Hm7eFb/NrmVCYFUR9g+LpiogOh4ORXfMaKA98w
wMeU3t0ByNOd5JsCn2ESyrkhVFCoOC6NCSohfMKA57JevjnARXzWX8ubQHIolhTcgmFkLxFDW5dC
xohZCb3HFONihslQHG1zl8gcdLA2KJ/66CXbBmpwqG14bG1DmCTItSyOt3Pc0Krgq6/WOlltMojM
xkgUz0erx4SBWsQwjhPyRU95UbvArWwmkEf6M7SS+3K+l8lEaFJ4QG8tSdIA8rWUZ7tqtJSDIsSV
XSchowMuwkOzFvEyKIk7QngzvSnFrRmMNu1Sioi8QE9GpzbfUny6UPZpUFpTfFhK7mEBBBilrvZa
pYljYKO4prdHfuKVCxStE77I9zMSFYm5S979W0acDaykSx7gcRml/fokXx+5LY/y+Mzbx4p3DLz9
xpfOi5TJIqAPX8zLx4WhP6oYuoGpmmK3mxF4Ek8Tf0JE4r14fgb2HQyX2f4mn+OYWN41fyNtYlxH
SVlPeAT+myz7xI2X/gqG8GjMeiBnucBIG2mCKWguXBPxxeGmbINw27aV3S0bHmGADuSmkN87q1qh
TdvbPWAPosZ/9JKHFj4VP39AhBfJcuRTb2TKi81eFZiLRoBdQ6CrZMcbXvBXz3h3B5EuSKBbWYuq
jp+H/Cb4j32kIm0IvxFccvpQJpVdbMabtmMN493N+Ubf4l+44ff4fChhAFlDXrKA6CbRrD3V2NMM
8uH4BdFVXccT2vtwTxmEW9hf5XX09KwpLxOoAnBATDhF53uqeZqhjwYvbT5s4LDsFpICBsHaYeRq
if9ACd6Ce6py8tBOyeLtqcVHFhQXEyImjoubg90Y1Ls4isu3eJun3S8uC0k/SrC/AoNeP+XAOvvs
0t1TziUvjbHifhou+W1ED1dgxRYFM11tzkKL712E9+qfHh693H/3+rzHI79xKEHw9IG+LPcH5e1T
F4d6JTw/Zef3/wfcvfjn
===END CRASH DUMP===
