PocketMine-MP Crash Dump Sun Feb 13 12:49:31 WIB 2022

Error: Call to undefined method pocketmine\block\Pumpkin::getPos()
File: plugins/PureEntities/src/leinne/pureentities/PureEntities
Line: 391
Type: Error

THIS CRASH WAS CAUSED BY A PLUGIN
BAD PLUGIN: PureEntities

Code:
[382]                 if(!isset($second) && ($first = $down->getSide(Facing::NORTH))->getId() === BlockLegacyIds::IRON_BLOCK){
[383]                     $second = $down->getSide(Facing::SOUTH);
[384]                 }
[385] 
[386]                 if(!isset($second) || $second->getId() !== BlockLegacyIds::IRON_BLOCK){
[387]                     return;
[388]                 }
[389] 
[390]                 $ev->cancel();
[391]                 $entity = new IronGolem(Location::fromObject($pos = $block->getPos()->add(0.5, -2, 0.5), $block->getPos()->getWorld()), CompoundTag::create()->setByte("PlayerCreated", 1));
[392]                 $entity->spawnToAll();
[393] 
[394]                 $down->getPos()->getWorld()->setBlock($pos, $air = VanillaBlocks::AIR());
[395]                 $down->getPos()->getWorld()->setBlock($first->getPos(), $air);
[396]                 $down->getPos()->getWorld()->setBlock($second->getPos(), $air);
[397]                 $down->getPos()->getWorld()->setBlock($block->getPos()->add(0, -1, 0), $air);
[398] 
[399]                 if($player->hasFiniteResources()){
[400]                     $item->pop();
[401]                     $player->getInventory()->setItemInHand($item);

Backtrace:
#0 pmsrc/src/event/RegisteredListener(75): leinne\pureentities\PureEntities->onBlockPlaceEvent(object pocketmine\event\block\BlockPlaceEvent#136637)
#1 pmsrc/src/event/Event(62): pocketmine\event\RegisteredListener->callEvent(object pocketmine\event\block\BlockPlaceEvent#136637)
#2 pmsrc/src/world/World(1897): pocketmine\event\Event->call()
#3 pmsrc/src/player/Player(1655): pocketmine\world\World->useItemOn(object pocketmine\math\Vector3#148684, object pocketmine\item\ItemBlock#159711, integer 1, object pocketmine\math\Vector3#138945, object pocketmine\player\Player#125362, true)
#4 pmsrc/src/network/mcpe/handler/InGamePacketHandler(444): pocketmine\player\Player->interactBlock(object pocketmine\math\Vector3#148684, integer 1, object pocketmine\math\Vector3#138945)
#5 pmsrc/src/network/mcpe/handler/InGamePacketHandler(305): pocketmine\network\mcpe\handler\InGamePacketHandler->handleUseItemTransaction(object pocketmine\network\mcpe\protocol\types\inventory\UseItemTransactionData#123139)
#6 plugins/VanillaX-4.0/src/CLADevs/VanillaX/network/InGamePacketHandlerX(223): pocketmine\network\mcpe\handler\InGamePacketHandler->handleInventoryTransaction(object pocketmine\network\mcpe\protocol\InventoryTransactionPacket#144966)
#7 pmsrc/vendor/pocketmine/bedrock-protocol/src/InventoryTransactionPacket(105): CLADevs\VanillaX\network\InGamePacketHandlerX->handleInventoryTransaction(object pocketmine\network\mcpe\protocol\InventoryTransactionPacket#144966)
#8 pmsrc/src/network/mcpe/NetworkSession(395): pocketmine\network\mcpe\protocol\InventoryTransactionPacket->handle(object CLADevs\VanillaX\network\InGamePacketHandlerX#133724)
#9 pmsrc/src/network/mcpe/NetworkSession(358): pocketmine\network\mcpe\NetworkSession->handleDataPacket(object pocketmine\network\mcpe\protocol\InventoryTransactionPacket#144966, string[80] ..............d...............H...........d..............D...Bff.B..M?...?..S?.()
#10 pmsrc/src/network/mcpe/raklib/RakLibInterface(192): pocketmine\network\mcpe\NetworkSession->handleEncoded(string[116] c.a.d...9.&F...5.@..G....X...........,..{';..}wbX.k...`...l..a6..G..S..C.@.&..*.)
#11 pmsrc/vendor/pocketmine/raklib-ipc/src/RakLibToUserThreadMessageReceiver(42): pocketmine\network\mcpe\raklib\RakLibInterface->onPacketReceive(integer 1, string[125] .H.DoA.)..lK{.m.....N..\..._9.x.H..H.Ej.,I....l.7s.+".W....|/.....o.......e>%...)
#12 pmsrc/src/network/mcpe/raklib/RakLibInterface(122): raklib\server\ipc\RakLibToUserThreadMessageReceiver->handle(object pocketmine\network\mcpe\raklib\RakLibInterface#28770)
#13 pmsrc/vendor/pocketmine/snooze/src/SleeperHandler(123): pocketmine\network\mcpe\raklib\RakLibInterface->pocketmine\network\mcpe\raklib\{closure}()
#14 pmsrc/vendor/pocketmine/snooze/src/SleeperHandler(82): pocketmine\snooze\SleeperHandler->processNotifications()
#15 pmsrc/src/Server(1660): pocketmine\snooze\SleeperHandler->sleepUntil(double 1644731371.5368)
#16 pmsrc/src/Server(1046): pocketmine\Server->tickProcessor()
#17 pmsrc/src/PocketMine(304): pocketmine\Server->__construct(object BaseClassLoader#2, object pocketmine\utils\MainLogger#3, string[36] C:\Users\tranthien\Desktop\FoxCraft\, string[44] C:\Users\tranthien\Desktop\FoxCraft\plugins\)
#18 pmsrc/src/PocketMine(327): pocketmine\server()
#19 pmsrc(11): require(string[80] phar://C:/Users/tranthien/Desktop/FoxCraft/PocketMine-MP.phar/src/PocketMine.php)

PocketMine-MP version: 4.2.0 [Protocol 486]
Git commit: 44818e6d1456dcf1f0fd3cd27da1dfecbe03c08b
uname -a: Windows NT tranthien4-8sin 10.0 build 17763 (Windows Server 2016) AMD64
PHP Version: 8.0.13
Zend version: 4.0.13
OS: WINNT, win
Composer libraries: 
- adhocore/json-comment 1.1.2@fc2f76979f0a44a5f5bc2a2b600d0762fe0e78e7
- brick/math 0.9.3@ca57d18f028f84f777b2168cd1911b0dee2343ae
- daverandom/callback-validator unknown@unknown
- fgrosse/phpasn1 v2.4.0@eef488991d53e58e60c9554b09b1201ca5ba9296
- netresearch/jsonmapper v4.0.0@8bbc021a8edb2e4a7ea2f8ad4fa9ec9dce2fcb8d
- pocketmine/bedrock-data 1.6.0+bedrock-1.18.10@e98c511584a7bd58a95986374d2df4b04c6a2ba0
- pocketmine/bedrock-protocol 8.0.0+bedrock-1.18.10@017e57c8f8a74118bcbba7332e7ebac9e6c81693
- pocketmine/binaryutils 0.2.4@5ac7eea91afbad8dc498f5ce34ce6297d5e6ea9a
- pocketmine/callback-validator 1.0.3@64787469766bcaa7e5885242e85c23c25e8c55a2
- pocketmine/classloader 0.2.0@49ea303993efdfb39cd302e2156d50aa78209e78
- pocketmine/color 0.2.0@09be6ea6d76f2e33d6813c39d29c22c46c17e1d2
- pocketmine/errorhandler 0.6.0@dae214a04348b911e8219ebf125ff1c5589cc878
- pocketmine/locale-data 2.4.3@4d0b081f1a79407e087968ea76aaf330db6ea2b5
- pocketmine/log 0.4.0@e6c912c0f9055c81d23108ec2d179b96f404c043
- pocketmine/log-pthreads 0.4.0@61f709e8cf36bcc24e4efe02acded680a1ce23cd
- pocketmine/math 0.4.2@aacc3759a508a69dfa5bc4dfa770ab733c5c94bf
- pocketmine/nbt 0.3.2@3e0d9ef6b6c5fb45e3745a121296e75631b3eefe
- pocketmine/pocketmine-mp 4.2.0@44818e6d1456dcf1f0fd3cd27da1dfecbe03c08b
- pocketmine/raklib 0.14.3@4798576fec0364266dce23b368a7fec5e5de7927
- pocketmine/raklib-ipc 0.1.1@922a6444b0c6c7daaa5aa5a832107e1ec4738aed
- pocketmine/snooze 0.3.1@0ac8fc2a781c419a1f64ebca4d5835028f59e29b
- ramsey/collection 1.2.2@cccc74ee5e328031b15640b51056ee8d3bb66c0a
- ramsey/uuid 4.2.3@fc9bb7fb5388691fd7373cd44dcb4d63bbcf24df
- rhumsaa/uuid unknown@unknown
- symfony/polyfill-ctype v1.24.0@30885182c981ab175d4d034db0f6f469898070ab
- symfony/polyfill-php80 v1.24.0@57b712b08eddb97c762a8caa32c84e037892d2e9
- symfony/polyfill-php81 v1.24.0@5de4ba2d41b15f9bd0e19b2ab9674135813ec98f
- webmozart/assert 1.10.0@6964c76c7804814a842473e0c8fd15bab0f18e25
- webmozart/path-util 2.3.0@d939f7edc24c9a1bb9c0dee5cb05d8e859490725

Loaded plugins:
Alerts 1.0.0 by hachkingtohach1 for API(s) 4.0.0
AlwaysSpawn 2.2.5 by Philip Shilling for API(s) 4.0.0
AuctionHouse 2.0.0-BETA1 by Shock95x for API(s) 4.0.0
BlockGenerator 0.1.0_beta by BlockHorizons, Chris-Prime for API(s) 4.0.0, 3.0.0
BuilderTools 1.3.0-beta2 by CzechPMDevs, VixikHD for API(s) 4.0.0
CraftingTable 1.0.0 by hachkingtohach1 for API(s) 4.0.0
CropGrowth 2.0.1 by NhanAZ, kaidoMC, YTBJero for API(s) 4.0.0
CustomItemLoader 2.3.1 by alvin0319 for API(s) 4.0.0
DevTools 1.15.0 by PocketMine Team for API(s) 4.0.0
Dungeon 1.0.3 by hachkingtohach1 for API(s) 4.0.0
EconomyAPI 5.7.3-PM4 by onebone for API(s) 4.0.0
FCCore 1.0.1 by hachkingtohach1 for API(s) 4.0.0
FormAPI 1.4.0 by jojoe77777/DragonfireHD98 for API(s) 4.0.0
Gems 5.7.3-PM4 by onebone for API(s) 4.0.0
HealthTag 2.1.2 by Shelly7w7 for API(s) 4.0.0
InvCrashFix 0.0.1 by Muqsit for API(s) 4.0.0
InvSee 2.0.1 by BlockHorizons for API(s) 4.0.0
KeepInventory 1.0.0 by NhanAZ, KhoaGamingVN for API(s) 4.0.0
LaunchableTNT 1.0.1 by Vecnavium for API(s) 4.0.0
MaxEnchants 1.2.4 by Xenophilicy for API(s) 4.0.0
MultiWorld 1.7.0-beta3 by CzechPMDevs, VixikCZ, fuyutsuki, kaliiks for API(s) 4.0.0
MyItem 1.5.5 by hachkingtohach1 for API(s) 4.0.0
NPC 1.0.0 by hachkingtohach1 for API(s) 4.0.0
Napthe 0.0.2 by hachkingtohach1,tungstenvn for API(s) 4.0.0
Parties 2.0.1 by Didah (@Diduhless) for API(s) 4.0.0
PlayerStats 3.1.9_BETA by hachkingtohach1 for API(s) 4.0.0
PureChat 2.0.0 by Vecnavium, 64FF00 for API(s) 4.0.0
PureEntities 2.0.0 by LeinneSW for API(s) 4.0.0
PurePerms 1.4.5 by Vecnavium , 64FF00 & ProjectInfinity for API(s) 4.0.0
RedstoneCircuit 3.0.0 by tedo0627 for API(s) 4.0.0
ScoreBoard 1.0 by hachkingtohach1 for API(s) 4.0.0
ShopGUI 1.0.0 by hachkingtohach1 for API(s) 4.0.0
SimpleHome 1.1.0 by CzechPMDevs, VixikCZ for API(s) 4.0.0
Spyglass 1.0.1 by ItsRealNise for API(s) 4.0.0
VanillaHopper 2.0.1 by ColinHDev for API(s) 4.0.0
VanillaX 3.0.0 by CLADevs for API(s) 4.0.0
WorldProtect 2.3.11 by aliuly for API(s) 4.0.0
_NewAlias 1.4.0 by Javier Leon9966 for API(s) 4.0.0
libEasyUI 1.0.2 by GiantQuartz for API(s) 4.0.0

----------------------REPORT THE DATA BELOW THIS LINE-----------------------

===BEGIN CRASH DUMP===
eNrtfYl21Ei24K9Em5oqe55T1r5kH3gY24BfGeyHTcF0Zx8mJIUyVVZKWVpsJ9X173PvjZBSSqfB
gPtVzzlwClKK5cbdl1BI9ftWUpRzXn+4EmWVFvnW2N7dqtO52Bobrm17lmF5huYFlmkbu1vNQnZ5
vuYH0GIEtmc6uuXtbmW8qo/Ksii3xr9v1csFjNqS97tbc1FVfIotBzzLWF2wJo9FkuYiZnNRz4qY
LYroUtRzaJpMwgxuJpOzZr64TPPxeCrqs6La3gFISZNlz9OMQI0nk7cVYD2Z1CXP61kq8snkUFSX
dbGYTJ4XNwclT+rJZJE10zSvEGApjvI6rVMBd1UZTSaZSHNccgFdouvqD9QWswUuLBdVsPb6I/YA
0p4EtNeHMxgEIDIgbmtsBcBHQDiC679vPdLZYo7z8a+4gql7b8Q0rWpRivgEf3NRbnvOzph9HtXR
kyJ/hrw7ywD8EULbLsJfRVQP2EvLdFxem/DIsFzX8pDXj4xbuEmYrgnobIB4G/PRkwgE/u2YmD1M
rosyi/fe4b/bhh94m3EhEHJ5UpxHVg/EIuNLUe6d0c+24TrOGhBaYzKhRUZPmkoc12J+mm+iAWxn
Npn8As1FaT0ybN/17V22YWAKICYTBESEPjKcwDOMXZbmtZiKkhkbZ62Bt/zAdjYOlDSBQtDvI8N0
LNfcZXXZCKLf7tGfixoovNybRwuxN+N5nAE3jvMXfC7OOIJ8Kdu2bdte48xwmdETxB6UuSaa7s+f
LyeaiHC+hghLXxevmgoLwdzJRE0G4dyePXoie99KHbgAT1MBueApNxG7BnhRFnURFRl4KHCIYK1p
jmpZlEtyXWsAD3nNQW7gcQMi1mWtt/mF52mW8fcjW9OJ9oOT/UNxteromLGBgvfbpml9OwOOW9S/
lgWbAMiVQCvswHWJaE9JGMbGRbm3grwXiriEu1ELkRhxN9Btg8SuOAXapFjVw3ATs/6HyfXvUujX
8uYcIieubAWf0eH7LNzS1tLxpbwBS7Q80ybEg/si7vifRnw4vkURbUHJ8UGZvsuqukzz6d99/R9M
G/yJh7fay7v7DuHvsyTRnmnaq/+Ea/h7/p+ajDOGfhdnSn6ZpeHeG355kobH6DcTiHXbRmB+DYeO
8qiIRbyt6DEM9x8s0jihGmg/PocfR3uqaS8Q4fc95Hc17fef/qppf1yH77VLaPi/8DfTNO7S4HNN
O4B5P2ra/9YkQcadJikpGqULSa2k7KLArOxiVgoev5KJ3xsRifQK48lnSJUAIZMY8ggTGylGBWm7
Fz9aBpgOSPSldljsaztA0M+/a3Oi97WmTSbw+yHQblCoL7WjX7XdY42o9irtPyZb2ju8++cejS8U
n8ST/wX/ShaYXypTEwltqQF2XKF3BT61pH2CSetW+uXsemT6nqdLzK07hVflRfFREEnnmRALUbYB
0/hcvLhTTPeY83uUFRUkrX8oc7G/AkF/XY3k0MlkOA7wgYgB3H1d1GmSRhzdQaXW7acS5yQgSARd
/Z6AK7x/C3l3th0XTZgJ1quWIPPy5SLuhkV0211bRPaMntQp5L8S46JUaHo9CGc05xXMgZzGvgPI
hw8REAlpX9S5zme8EgdQn1UnBY8hNzQ3Jl0NEAOx4BVP85NiCsb1yOqMywLncu96q5tl218wq6vS
JN3+HXSb6/m+NC7FLRWVtg0DzU/81qSl2O55/MWMl+O9vYPxHuG016G0pzDaaxHqLTp6dabhxDVc
sDDc2frHH7tb4l9f9j5g9QkISzgfIBstsisxhykAPAZeRfVW2wstaxAw3iCVlm9CJ1v7kybbf0mr
CgL2D5UAFYx32I8/su0fkrSsavaY/RAX1xC8gKjzNBbbz3kEQhmPX5++uXi5s0Mdx/H2Dnv8+DGj
YuJETHm0PI6r8fj4zenrD89OTg9+3vkdELF8awMC+Ectffdy56dvYbm/EhB7A5A/qMeBHrpw70fo
P//Zrryi4y/3ocO7g45S1E2ZSzT9O9EMFJqBvmHID+IKy988ElAAE6TA2DgMBbwEjuXimh2XRf6i
yMR8+6SQ7nI8TspifkruYvuHRVEhb0lTiVRS0NETHsfbugaF6Qh8C1zs7G4YBFeyat+B7oNivijA
HC44SCWCMFgLHANsfbaEy8mWLDAPqCeebO0yY0eRYd5NBgBY8Ov8otjPOqqtlkub5L1Sk1tISmSo
rEW6gSKelkC9SpapB2S6f/xmu8XM+foVyExWw+RqCqz79WB7Wnkbrvf1cDdrAMgfEjJ9uIrf8j/Y
bEw/LNRWwoxXz9M8rSETqoqmhDAIjEU7sXX9LnvHTRVMOxZS2rZu3DWyXQXts60SFE1Yhx/nGNu3
CSCA+uP7Ht33Pbrve3Tf9+i+79F936P7vkf3fY/u+x7d9z2673t03/fovu/R/X+4R9fuaVW4fbUP
ylHTVc7xLEvbsLvVHYHZMjRd06GFN/WsKCusAmc8ml0CjnWBVwYC5YsUe2waDPci56Bl8dYYE/rd
rRi0MY9xMvRVRVIf9hvmnPbY1sBOJhKb9hc37kAhcDPu9Pzi3embk0NouhZhBaUKTq/rRQXcuuZ1
NKtmaa1dCxFmSy0q5ntYxe5n13xZneOuyIDkVWufblMzNWdI99kszdIFO4efDPB8KLoXBLZSUCcT
ThjR7s1kIm1gRfv5xf6bi7dnA8qJuIayh5cFVH996vrNQ/IA49Gzo4t9Y0jk+QxUJnBuvo26rSMw
62K+3D873lpRWinYQKPEa4Z4gYCHWH5SzEgsVW8vsGLntdxuVuSudfQJ1jXQ5A+hqPmQXprysijT
j+CHoOtgVqbV6KzEw13rLNjdsr5F0IOl1AZCh+xtUX+C/ibNYOhFUWR96x00D20Y8B4h7eaQ+IOP
IpqdvcK0Gjp+SW/Sy5eHD6XXEQJfzGPK2UOJW424AelDTO9l19O0njUhWXMP7b0BKOANuUOwowtE
uMecYfu/iYcbILV2ex++AFuAvWkWlUutWtai0iCN2Yt5NQsLXsZ7kiHF4kVZXNezATe6xnWvsOYP
XkN6t/83aLvkaVy8OoCr/3Px7L9EWTwUV+QKSH2LkwzrX6EYClmkuqnqYo5bFsqserSvdw05YK1z
gGdXaa5bRvBQBHcAgeY1XG633McfgCGs+4KuaajphrOu6qsMgV0IPn8oGtv1MXm6WrPzTTFsgzBX
mO11MJDYJp+Koh/C25Z1o7b+HKNW6HQXD2XIvZC6or3X2Cff0TzNGp29socsKHIRwt+HIl2Bm0yE
xAJgTiYDjD6rus8PDoqy76dVw7osjT9HlhKb9vehJPm8KOdDMbYtQ7LtdWP9tfi1EB7+2Tss+bTI
E6gYXh4G/kMxYLUAFjuEU3dxH3G+EPO+F6LbP1EvcX35732Qfyl4Vs8u+LRHwaptGCUMzVzPm0WW
Lb1r76GIqFqAk0mHxP0CI9JynF9BNlHNnqc3PWr6rcPk+JaFvWp+A3APRcycoNEThQgRSNKbL0l4
Ae9zIYaEYMNncpdhbv9ApKxl8RKTLyHmZyEW3c5vj6Zh+2cy1C4t+3lW8Bd8Dk7rl9cPnZENMHqA
pOyEN3k0Q3wuXl/0KB+2f8b1/yKinF+lzYOlKh1AEGIfkbXb+4j2Fb85whn5YFel3zokztTWHOF7
kRe0HxAtH4q8HkgUYYfK4OZexDVZndIz5j5tq8YhaZ6qOK3PVpwHf6O3mZZNXTWXKVUaWZpeVv+S
OnSO+Krn5QPcv6UG7QFCPi0xe+/zSDYM+eOs7y79T6U0Epv296FSmtdnBz2K8e7fpMQGVL7Mc925
f/iaL+pZPwiphvVAan6S0N0aqgI8bnKV/+toJsTa3/vY9hkv6Wjjiri25TMh9jCN+YxtP4XfZpaJ
qtp5KKriFuJkspC4TCYrpL7UXDv8iFo6DXJe84Gb7rf2qbYg2Qs+4Fbpn6PBPbwGN9+s0HgY62DG
6z4P2qZbe8V3BeHdLdd+/lzXv4h8WudMlHNy8mtbx8/lg/DqrCwA+nvwPEVTnR2N2vbehvIHubY8
V4Z4r67upfX9U71DJvQO+36SESd0zO383UNJ//PH5r54H6VFcXgMWpEvhTCkXbatl6LOHRrAdpmU
AvuRgcjwQd0x1KV5Wj9YCjMQM2HXu7yPoN+IuKqhIjxIy6hJ+wq/3jM0/FvirkVc6K75YEVeC28y
KRUikUQEjyeuY/ZZMs+johTPMCb3KOw1roXkP8edrfDpX3+zMzufFYsXb/t7Km3Lv0kiotDpLh4q
8zpP54tMvCzm/dSk17i2AbxO/uaE/F+ReleE0wxwAh708fuW1Pt8zrPsTB087EFFxiyWUzxG0GdL
2/SZGvO4rt4Inr1Oqwfbk+qBBPIVHvffz1Fn3l4Wi8XgYcaw/TPJ2kGRpflL4NtDEdUB7A7lSUTW
br9Gxh2qK+Lf36b7/ecctjo0+GAE3z6D2MPks1KkGhGCZI2vF62IGTTfehp163FU2mTLh3sWhdDU
EfKFRGFdK++ZZ7xq0jJJRRb3TkWN2jPBNaQze3OO5+33BuQCVz68Ftf7Wcr7lrpq+8yW+H9BEiJK
diKKPAhc96H4IsG2UPEMCuCifr5CnYfg9iSYP/BVtPCIV8tB3Fq1rXuptcryRcrz+r8bqIk+PhTZ
cuHJpEPgMyqNb9DxEvAGua49TmzPIREqN1DwVpS8A53yic+Wjw4Kt4fCCE/Q91singFqMLffVsw/
xEUNAXDQql40XDU0Zda/j3k96E/SrBYDwNP5on87g+jav0+jIr/qN/xakUC6+3koj2wN2oqy7o6d
oNiqmiNBcX/QIhry4Y1IMkE1Tr+1Io5Ww6YYS69ey/nZyWD5ZfVbluNi6op1XXVxKfL045AFNzeK
akQX/c2SzzN1CApvP6YLmT0EVAZ8BBXtT4fbm/mQ6wWiZ+q6ZRhmAA1nh6cD0uPiA6G23ghN6VBg
BWhpVQ0Gyjj//tWA5jUM4BZPq67ROc+uy3RN/ouazrUih9tjPmezNd2bNfklnTg0iUnyjEA6DdOc
4x4+RB5Tc5ET4gocYKgGIShI3RZ1oRpMyawYBC3VUlcJ2cpjflit1evHt17TPCkGehvfEnk60BJi
pdVvKgWYB9rhtJG62ML/G5gbOz2LIFXtMR+te7ZQ6+KKdFgp65eLfXNHU+aVWH0/C/hpEng6/bM1
NnXHArZVHyAh3BonPKvAL7XH4bfGtu/CGliebdm2b/jCjQ3bceMoMRI9ia0oNr2YG3EiolDoVqT7
IcBu2iCa5nFxXbHXF6w7J2mP/CrNmQFSZYQDMzzPtdh2O1geQ2Wmbrg7bP/VoYv78fiZqx7TPgqy
JLvTl9niQ4HCeXf8mh4L0M01RcwI3+WsRPkBpFzyUu0r8HhWYKWzh65jBGPUe8aYjptPk8hMPDfw
gkTnts2dxAkjk5uhq+ux7rlmInTh+cJDPpZpdLmnvKWuBZr1NOKOFxt+opt+4tuJ53mhabh+FBuB
YYR6LIRp2RYX5AqBVnBDEI/wRbOQR5ejK0gAYnmKDjh5mRfX+VP1i2o3LYuqEntAMq9yfKHwysQQ
/FSIxPb9IDBixxIOSEqPAsexQz0IDWAmIBXywAzQJMBhl6ISvIxmRP+cyxR264qs7akfhpFuGtwX
cWgKm3uCm4nPYzvhgYiCOBJmEoV+PLCS7vUawJ0TJ11N/4+2EfjqawZgGfiRYxiOD1DD2PF54AS+
a3l2bMYJIGtHLvCZ65tBrxSTdOE2eN3whONFwHfu2Ybhh1EYcs+yTOEJYG4g3Mg33MBaA08+Y2Xg
wNCnDo88IXhg8CTksR9HduAnTiQsOxKuGXixI1zo5kNIG4VIB1+eurbnezYoleuGEQeeOr7vmLYp
fCcyrch0BHDGoeOAfYBYk2TqvBShpj+1A8Et3QoCSyRxElpBFFu6KUwDDNPRAbRv6gHo5xqkIitW
MEArEH839tzEFJYVu75hRVYQm0FkmpHtRsBJI17Dhr4loN71IlAg4qcxh6VtrtuW7Yeg4cI3jUCE
iWE6SWIATX4QRf46OlmBGUWrLKjC1lM71kPdNxKDe4Gte0L3vcD1BfdczhPL0uMQUDZDZx3SlHAh
I3CjwDAjPQl0xwFRx6Zl6L6IzNjwgjBwExs0DDC9BWHUCzkSlGskHrDRjxILBBaZtrAF2L3Jo1gA
t3RugBmAAxyC6hwB+NmnnEeR5TkBd3Sfu0GcgA1GNvx4ns5DUMvIiQI7TIYg8rBuY9NTS+hxIBI3
dCMnCW1HgKU43DAhgrvCc1zLCC0wfDGE0Ev2KZGypdrc34HfekNHxiWSkRf4DiiNiHTLtU3XRW9g
hZYLFgeNjnBi4QWmtwkKvufTZjRPA9Pkrm2DzUduBDhw7uB/vmUaIHpDRLZn+Vys8Ve+TtFG/Kc6
B1sH1+z5RmQbATcS1xZgXja4FstBB+wEwgyQJkiJK7FEM1hldPi413wawR/PFgK4a/qQHoVgSLYe
OobuuEL4sRWGrhvpfAWkadJY8dWCYBGEoZeEjuX7bmAksWd5wFfbjqPQjl2YHSUmSB2nz5p5xXk7
/7Z3r5bzpMiXIMFsCQlGNmqT6StAFbXS0sFrGL4ZBb7BQ8NzYjAay45DPQHldgM/8HVUrk2wIGT4
eg+W44WeYYLFiTgOAy+CwMZ9cE2WGfk2KIPnB2ZsiuAuWEYfVizskJuxjdxLgjDWhRGEJgebA0ds
OeBdIHL4iSxW5sVHKJH2wLWJUkVdjDtu4NqAReT5OuiqzX3bBCUQOsg4NiB8AZGgwaYzALIAixuh
71bFOTikwAoST8RgsxGoRBgGEQZdJwp1J/bB3wZ2oHsAhmqlTre0JaWrjxiW2izCk1zTpqRXfhgm
eywpSjbIrib5I3Yxg0jKKlHjKeGK8VKweiZYkYsKLnjNIp7nRc1CwdI8yhpwHnDB5EsnGgQ0iLz0
RAFgnRdzmJkggHWYFU/ELiugp6wQJAvBW12yZdGUChZLEzaHKgTqfVwBkhv8Ykq2RMBQuXfg9iDV
5U1WV+y6yH+qGcZ+XjIoYgtwXilGsCViCNlaJem+nomcNYtpyWMAoE3ySd4CG09yxh69mwlEDL8h
U2HWit+TkQVYRYlfhal1LLsJVen8GfAzEzXxC/dUI8FkbMGWOUIGjkdilHFMjqdizCg/xY5q1tT0
LQj1FZsxm2ypxHHS6IZhwL+6sNjlbNIYIk7SrhnugnzKMrziRvqXyRaRsJ9lxTXL0grJal+bZlcp
Z//diHKJY37Di3b3ZEzvxdPUIyrq1RwGBDBMLBmIFriH0MIlUzzH8XIPYNR196h69A5MC1QHBMDj
mEGOJuWE/MdXu9hccHzzDXNVBtIJBSINXBS/NZw+4TNNr2AsJB+NYNtqUUildxC6XFGMSrGAUngE
8sF3tMbQTWu/buYhsA/Ub79a5tEFry4Zvn4HCqfRgLcVyBBtoKUUh83KIi8aEDMMr3YZ7VkxWZSg
4ewyTL9L+eIp8QYMF9vmTa5ep5PAz0kPgCZQx7K4SUEVBbABSCIVzzvkkLcKoeMElRrHoPLusrT+
CT9kVNK0WOBeFunW2mS2DTQ0YGAmsYXIGClKxwRqXak5KUfZ5DmKM8aCsliQEKiCqTR2KK7UNZun
0xlYPR6p2+1bqVIc5EhZNotatkqGIWPmgJuii4QL1ktVSSwth18VaQxob8YAdQR1DkqDFLRL6yka
DB7JQZ2mTfK5gOWW0npfZEUI2oP7T0y2gx3M0xqdwFxMeUhPOdi5ZLVOzE0rej0Cp1+g1K5T4jxp
FFj39UgCapWsIgrxZCxcMPrABoJJSiHaJaWSg7QatGc2LUBQBdozagUuNCU0R4TamOlIBaxOvlqm
bv/2FOCG3qfwn/Ey/jb8q7pYEArKz3YoKXAVA/exwLAbdwjhqi1Whm7aCjFyAu/IKhR+1U8PgCHZ
BaGEHoNFDUSpHKIUEzciasj5FhJlaZEY1brR4iYSIq5WFEnHdXpxNGYXL4/P2cnxq+MLtn92dnJ8
dM7Ojt6wd6dvfj56s8tgELs4hVFH7N3L05Mjdvbm9ODo/FxbdwEDfpiOq9hxJsq0oMiNjrhCAqOZ
IJdM3OicrcHUd7dwGg0ZgSsU0s0SqIMiBzrBQYM2Ib13KZtUsusZhmDgCbogOYwgSyDgeleOXEYk
WuMUYwgmBDRBuz0adUHtRoPYFiLCvEFyFtGVcpVzOxpAvcSiWpFq6YrWamczSopyS1E+5WUIljFa
peDkgDZzl0wN0VGzmJoFvnvO84aylD4mkME1oIM7u21MWFfCVg1leE2gVqklvfOVCWrsVPp8qfCQ
ZhRNFne4pBBErnO2wr+SgBeEPhDq6rqiFVZ7Ts7iVpAk1ZEQOtrwK2ZtsJWz1YhRXzX7EkZqlCRv
6QbboFID7ThvM0sUWVnQS66tIsfNfCHTMJnrMdUxwo5WXoc4SE0g3AnNlgK4gzAPxs43MBiCNgQ+
WOEKlKyqGoGOoZ6B1KZtWopOC1dbYbXbClLmCCr71CQ2OPROPs35zYi2b6sW9wO+wNZ03swhxkJ4
LRF4jd+iQ0Ey+X0iicWKr2gvipVkMbd1DLLyhcKIFhxhutxA0LU7iR0WsmtdpzE3Qq8n4cvBrQlJ
WGpgnzLKHEa0PdzRdgioUK4C6SNyD7CTCYaEsqAvYDA5R1K4og6mKX5KetqVcfAq20UGZlgvKLif
BvUpPZzk6vsOYxUiIDWbFZlMMUM8U0KZOKFc4feemAoy5NtkiaR6ZWgJRZdsyvD2qC+ltgvdarms
ETh+EK4nQBIeLTyqW2RUCCCvvcpj6ZECppCxpByLHkr0cTI0KrQ09hJyQYGf5cPkjh2cvd1leOAR
BubxdRqD2lOuIL1nB39E8MfMbdPuVUZeEXd6YzW2H4OjmvEs2YOaU5YJsQAdVkvBogz3D1HBeoa4
Cns9YP1S5OgGvRqmmDzTGCLx9iw/a5PtVaWItQQidY2nh2Bis8gXI3W/Vt28UlZXpR9FJ09My1sx
VhjwVMoEabtUj15otQNTTtrR2Jmak/FyShO4KlmVLtCKScmnSALIBNhWLTLKWLAOxTMqaOy8RDkd
ZCmMkoU1fvRBVDV7dfGWMK2AJCQ7bGqGhTyJcrWcLC601tfM62aEs8aEbb8+FDk9dyJbTxjuIET4
bnFHJhTKSZJGGqMoNeOYBLB0DrypUXYgDfp/oYCb2iVcQGhXhPQMOQFelxwxhGhO7rySIpWpBIyt
lY4iJUJuJChXp6qpw1NKkg6Pz/efQX5E+VSTkw6hw8aPw5b0yFQmCSkqo/pGa9yvN1Z0rmw9FmEz
HbdF2xP86A5IQqasM3BX1M9ULV/J3Qe05rwqZPBWFmEgMIm1hHYwK4qKdijaWk201Th5cdxeZhW/
aqMFXOIBCPryHPb1ynhAjJ7Ky6RNbd78WqS53BAgTv3E3ofFDVp+yY4P2fb7t8eHOyB3MHvAAcZf
g9hQMHg+FowDa7gyVvyR6QdYQ7GSXQ7W/v7ZSQtf1Xe9lp9oMXyeRokDiVelIkRb0W4lqTB6A/iN
8EDC4yJJaFnoS5Pl6KZJ45VAiJ+j4S7OBW3DSFOT/9sdyQPy9MqumkptB0Xq06cwUc0ZyTljph64
4jIyhCj3qFbBGMjzaVej5DgtWw/Fu+2oq1Rcj7oAvWnnTDJ3f1406D0SGeuUMwGWtazF2I7ekbZC
QPx4TcEZJr+hUN2bTITnQpbeoZDAQpGg7dNnQMiUZq2ekWph8zDoS/JxoY588IGMr6OqPjIEqwmI
p5uw1DejyUv8Si3jrboDsu1k/O2wsdZ2eOh7mWhnVRrLmIH0cJApKFzVhH0uTDGIwggRy9BJN11o
o60mpRw8ikQmqFKQ6k2rZuklLIF1MnmijAPpU/qmgPRjsARnMwmt5+TA+qtahmRCdoTcaFEbrVgj
STs+rHp0oZtGyUtoTD5g7chUW05tmiM/FtsXEsAbMZM9AjTxQGAnyNW2VidL7bYwlfO65ilVsxBM
oNSTWrQoFk3Wmo26wXhPY1TYsExckMogpJJWwoiLngtSAlVgYIvayBurVAf3Ham4ls0yU1CahR+x
6Tx0vHJ6aJkj/ArcWlPnGIbN6uRBL6aDPxjJs1XdyBnIbSxR0Rbz+UJLC8IYXN1yjsUhmHKN+6xR
tUIdw5TqZ6t+IoHcHJ9OSzFVW4pq/1Fus+CHcC/X6SP8wNecHp7iV5xGKijI/ADd17WQFQinD0vj
ihUhviKA2rTe0wGI0x3nmwWeYZLCucVUEKjsV8oEmRCeMKBY1os3B7iJL/p7ebsQHBYzDmYh0LOX
iEObl0LESEQJtccI/WKOwVD2trFLRg4+2BtUpz56wbaBHBxyG/KtrQtTAEnKsr9d45ZUJV19sdbp
fBVBVDRGoDievilfyecm6MZxQdr0VJPaDW5ttYDq6a/Qcu7T8V4FEylJaQG9vSQFA8DXip/trtFM
NUoXV3aVhPIOuAkPxVpMaVCadIDwYXpTykcz6G3arRTpeQGe8k5tvOV4ulDVaZBaczwspe4wAQIc
lazGrdBkH+go7umN2d8pc4GkdZc2+f6BQGVg7oJ3/5ERkYGZdEkOHrdR2q8a0f7IpjhK/pnKx4oq
Biq/8TXKRSZUEtBHX65L7fISIKIZ2LqMqasVx+z5yf6FbMRSQ+DO2l/V0Y1dJ7ihlyp2rZs4Letd
crp/VZmefNbS37SQRoyBDlir9hR5o7Quo6/ZM/nxuqZs/W5bqZXdUxpyKgBngR+LjrtACCBG7RMe
UAGZ1j96Tt6ElqLxAyCUF6uWD72WEeWXvcSvkLm/uAHfVqkiN7rEMqmigg6cW5hm+LV7SuRoHNIL
qEAJJiOFNBVJJcGHzKjs3DE+p10XKj7QPFuJ+ICeatJjvQlkLY+elyk7FBEzbWaaY8sZOzp7d/yM
mbpp4ID20dtjAR4W7udFHT+W7+qW+BSQvhiIxvbYCAwIXcPGK5eaLWxW1UG6gEbQbmi5nqW1GOEj
N8xVCToUUCpde+zo2DLluH0Qi8d0Jx8Hdm1qFm7Y4oOd9n5xtVArxClWVKDCy8eEWqeRXYB7TERS
Mow59oq0NkEWcW8IPot/fHj0fP/tyUWPJnowqJak8IC2qu4H6etjH5t6KToN2frj/wH7Gmmh
===END CRASH DUMP===
