PocketMine-MP Crash Dump Sun Aug 1 15:14:59 WIB 2021

Error: Could not check compatibility between hachkingtohach1\Dungeons\Dungeons::onCommand(hachkingtohach1\Dungeons\CommandSender $sender, hachkingtohach1\Dungeons\Command $command, string $label, array $args): bool and pocketmine\plugin\PluginBase::onCommand(pocketmine\command\CommandSender $sender, pocketmine\command\Command $command, string $label, array $args): bool, because class hachkingtohach1\Dungeons\Command is not available
File: plugins/Dungeons/src/hachkingtohach1/Dungeons/Dungeons
Line: 35
Type: E_COMPILE_ERROR

THIS CRASH WAS CAUSED BY A PLUGIN

Code:
[26]     public const MODE_MASTER = 1;	
[27] 	// DATA
[28] 	public $arenas = [];
[29] 
[30]     public function onEnable(){
[31]         $this->getServer()->getPluginManager()->registerEvents($this, $this);
[32] 		$this->getScheduler()->scheduleRepeatingTask(new ArenaScheduler($this), 20);
[33]     }
[34] 	
[35] 	public function onCommand(CommandSender $sender, Command $command, string $label, array $args): bool{
[36]         if($command->getName() == "dungeons"){
[37] 			if(!$sender->isOp()){
[38] 				$sender->sendMessage(TextFormat::RED."This is command for admin!");
[39] 				return false;
[40] 			}
[41] 			///
[42] 			return true;
[43]         }
[44] 		return true;
[45] 	}

Backtrace:

PocketMine-MP version: 3.22.0 [Protocol 448]
Git commit: c32c21464c30cd7059a4cbfb0a7d7e493238a561
uname -a: Windows NT DESKTOP-BVRHES0 10.0 build 19042 (Windows 10) AMD64
PHP Version: 7.4.21
Zend version: 3.4.0
OS : WINNT, win
Composer libraries: 
- adhocore/json-comment 1.1.2@fc2f76979f0a44a5f5bc2a2b600d0762fe0e78e7
- daverandom/callback-validator unknown@unknown
- pocketmine/binaryutils 0.1.13@0abee38d4e2861621f262c79a2a3d699d8a697f4
- pocketmine/callback-validator 1.0.3@64787469766bcaa7e5885242e85c23c25e8c55a2
- pocketmine/classloader 0.1.2@9757928424652393b178a3760073113aa7c9911b
- pocketmine/log 0.2.1@830b44a2cf96ef703c550abe64302f230231ca49
- pocketmine/log-pthreads 0.1.3@e477ecf6ec214fdd4415ea1da3fdd9d73bf699ea
- pocketmine/math 0.2.6@43057cb8c179a9859677b496a788db922fd5cfc3
- pocketmine/nbt 0.2.18@9f82ca4d7f97fcd9a566e44b63c4f18a7657ae82
- pocketmine/pocketmine-mp 3.22.0@c32c21464c30cd7059a4cbfb0a7d7e493238a561
- pocketmine/raklib 0.12.11@9cce458b8bfde3e4dfdbf70c659fc7b7fe26b5c4
- pocketmine/snooze 0.1.5@70b5e7937a06878dd321a3182ceb76d56298f2cd
- pocketmine/spl 0.4.2@6b08b7cf8c4afa17139c9a1b3bf1b408531de161

Loaded plugins:
CoinsAPI 1.0 by hachkingtohach1 for API(s) 3.0.0, 3.14.0, 3.14.1, 3.14.2, 3.19.0
DevTools 1.14.2 by PocketMine Team for API(s) 3.13.0
FormAPI 1.3.0 by jojoe77777 for API(s) 3.2.0
InvCrashFix 0.0.1 by  for API(s) 3.14.0
MyItem 1.0.0 by hachkingtohach1 for API(s) 3.19.3
RedSkyBlock 5.0.2 by RedCraftPE for API(s) 3.19.0
Slapper 1.6.1 by jojoe77777 for API(s) 3.19.0
TrumThe 1.0.0 by hachkingtohach1 for API(s) 3.19.3

----------------------REPORT THE DATA BELOW THIS LINE-----------------------

===BEGIN CRASH DUMP===
eNrNWllz28aW/it96VRFniIoYuGaUkqKJd9ormVpJHqcmjDlagANEhG2YBHFpPzf5zunGyRIO9tN
Hq4eRKCX02ff0L/0orxMZf3hSZVVnGe9udfv1XGqenN77Eymw9F4NhtMpuORh4mm0FPDwdQbjezZ
cDyaYoHrjvs9VZZ52Zv/0qu3BZb0rj68ur25u35z9eHq/v72vtfvpaqq5IrmXuVNEoosr0WwVsGj
CPK0kHXsx0lcb4Wv6o1SmVjLYP0YZ6s6pyd7ubxsspXKs2r/NJ/n2as8TWUWnvzGcrPkQWWhKsUX
Ff/2xe/vEF8E+qEvqrrEUvFFIn2V9IUsS7kVX8hyVb2cCz/PE0Hrizx4VHUaZ2q5LJJmFWfL5R3/
fiMr1UW3u9Ic8quI/tbaP4NiH7wNZFMpESSyqv4IA+KK5SSfZAywiYIcozghIWryqtN2z2lVBqdH
EPeT7QP2J6CjN3dHH/sGxoc4e8qTJ5WqrAbgMC5VUGNhkIeKNMoZY1Tgr2j8JA6gLllVi5vby6sP
NxcPi6t7cSbsr5a0xZlg6bI+PRWXF4sLGpjygNkJZqhMVlj//Q9f0ewMs/h1h4cnRE0W1DAHkWdX
GZF98vIXWmabZfT3Rb2OK+vrlaofVAnzOXnJL1raNzKDqvNYqVZxVavy6gnkVSe8ra93vyQcXIcx
XNYdgDCLsEn0/sq83KtCwUiy1UJWjyeZ2ogLIma/VoPsC2eo4boG2Y/04vEh9DTqMqRDaKuYv6KD
/4a6McvGHZbF0Um7nel8K1NwVpydiWUvbFWvp1k9MVxZ1tj1D4OG9XVc3RYnL/WS6W4JmNcuoN8b
7WlOFuq5fs3+bT6/v7ocLHsLsIh02mAh4P2EDGFZ/8C5zLVZB2ip6qbMRCSTStGkN9xNElM9e/d6
enpKA85uwGyty0bvdDts4L2eWXq8UIvnYw/WUZcygAF8/0O/t1KZKmVC1pBJcsG9O/YJN7Al6+YO
G334l70X77kDxxkMabyJkxDefOq5/V5cfQjVU2/OFMH8yrzOgxxgPW+KQ2Iyv8B1Asf2xl7gDoNw
MhzNpBf4kT+Uk3CivJnruFM5GtuA3Rhc3sdZmG8q8XYhLq8e/rW4vbO++d/7b68ehsIeDoaCcRCI
F54jTtrF9vCluLi5HHsAVKwLgJkMvIFDcH+GDJkGj0nA7Ie8onOu375dYIBfNnHGPiIt8kqVH5LY
L2UZq4p4JMM16CrV6Y9VnlkkbO1a7IE9cM6jwIkm49lkFg2l58lRNPIDRzr+eDgMh5OxE6mhmkzV
BOBDCZZCUfL0NJBJ4svg0XqSSRzKmqIdOPCY5Zvs3PwSsjtfferHmSy3TR0nhO8QZ9vu+RDWotxp
6ClnOkaMtSNn7ASTmXSkGyLYhlMJ1CLvENRnD7cHw4F7PvYm04mHPeOxH0g5UaPpdOR4jpqOAscN
nJGaBqORdI4AUgBIcgmbMbg557PJaDJzpp7jjUeOO3N9ezKV7gRsmbi27QJ2MJvZtn8IKclXDMEZ
2OdTd+iDo04QzcYqmgxdnEwEjz136EQO/rl2IL3ZJxCsol6XSoYto9xz5U0mKojGipQxCkPPs0dK
2qF08TILJ64fgVtKHoKCqa8NNuNzHDqaBP40sMHe2XQ0G08mvjcby8l0Gvozx4nCURAF7iGIzK9b
eqbns2jqAOFwEkEmQTiD4o+V5/ljN/Aieyon49FEqukRc/ePVlrsjPH8T1hWB1gpH6Hbmi/AyT6f
BYHyRlN/6kehcpUXRqEPXgfj0SwKJv4kUs7YHwVHGlRlef6zMuwdnU+G/khNZu5EDsfTyTQMXceW
rg1qlT8Zh6OxM5tGThAeASkShgA7PR/7w6k/CaJp4MlI2hPbnQUzafsQjO17w+nItUNlg5qPu0DP
tvkqx8PF3XXHl+2G+r29B7PZ9mVTr/MSG7/vHeUWPbhFWcQ048IQaLE7sL39g90+OPphhinsURzQ
w50TDBFXM1I88rNVHtWX3YFUxoTMJ5lSi/L+iTIb2BO55tuHxfvb+zeXGNoov4prInJd10U1Pz3d
yDpYV+u4HiDL9ZPtAO7plNz9pXpaIGpWHcbshg4ZY2jq8GYfDcRCyfSAN7Z7RDjFmj9Id4sAUsM9
KobMh8XF/eLd3WeJRChZNz6TtkftdAcD1FJcPtSCduSQVvdYDX7Mf8zVhP4OqHT+gnT3IJdLg8Xu
4ffESrRcZ0+vSlmtX8fPHXq6o12aoKusm3uaDqTl/QVC0uYnoLVcIqEO6Ogofl4u32gv/wfouNle
1yrtkGAGjszyzxgmrM79+6xO49P+/hGLgy4i44mToNwOqm2tqkGm6tMQvPFzWYZsePcqfHjcfpNA
UTu0d0e7DBiBAUfWh6WQdFTfXR3T/u+Lcg9zueygslx2kPpdgT4ksihU2aGqHTkU6fhIIX/NyP4S
RZU+GtKTnLr9IW/ZcSR7nE5bKkDiomzSxVp1SGxH/mO01iC0e/h79JaiqixBMmrLoxiAimBQrGVJ
JFRcnA6Q6oNhNefHvRd3uzfUdVkUrwQV9ctymb1YNEr8d5MIZ4JCcu7ac2cs3l9/gxfHpgWJzFYN
iqszla3oPc3r8OzgaKHrYZrUh1tFXtZn9sx2HRrcIPYpK0FRfJZHEY3ILMtRiCqrSOQW68G2WOl+
QHWWZwypkJvMooJFccF6Zo/5dPlsNlVnzpBGVuBImofqjN9Q3wHsbsycB9aEVB6078VTYY4J4yiK
gyapt2eMq667kG5blaqp+K7OmAnALrFI386qx63PhrkbrpQKO6uoH3Z2efX64t2bBY1qnbJ+alS5
NaeaoTIAXQYleh4UyNE3eRme/Rf/gVFNnVsVahKz8SlWGysEJyW4dzaloWc/f7ZIzc2SgwRusE0p
gXshyASpjwLRN6CPOgCkAVwPHwgTGiGgspUSLQNQ6CtRr5XIM6hPvZa1CEiAtfCViLMgaUIV4kF8
onkE6yFPsTMiAMcwKxmpvsgxU1YEUvioCB7FNm9KA0vEkYAc4yjmEyBC6hQlWwL8Vm124GA6kYQQ
K7HJsy9rQc5CotAH91AgxFRMbQlDaphoujdrlYmmWJUyBIDBMiPd1cDmy0yIF+/XihATdS6owyAA
wjRAwANUiHBuNZDiaUYVOiEBGPxMVM38InsOlFijnEyYgylB1hraWtVcNxtoolo3NQrlzDJ907lY
9rRliSBByRsue4zZRZLkG0HmRN0Yk2iLp1iK/yEVozWsa5aZmnOvgbfq3pbZw/1LsgoBiYEpBM3f
CsNKWm/UdDfdQfbF+xgMyTPwVYahKFWl2U9sBcMfRapk1ZRs0tR/8RUhDeaonxqZENtW8RPWoryF
/zkxh1Iri6DrE2EgijyJBbavVqqcY5rPftukPrgCrbqotllA/TEIvnyEHg14wTtwi1W7pZSWrcsc
XgfSw/KqTxuSUBh7hz30uSsNQiiCMG/goLlv1GTQIFqigT+weEETtKzMn2NomAIbQBJrbrZDjnhr
ELqOSFdpDelkX8T1l2BfXfK2UJGPY5U52ixOQAO1bx1mC5NhGUrnDOpYVyUrR9lkGYkzJIeUFywE
7slUA4Gc3DyLNF6tYcyUOPa7xmcUhzhSlk1R61HNMGJMCtwMXSxcGCV3XEJtEPIpj0Og/XkMSEdI
53IwGto16CgaFlt60U7T4PHhycutNsp/JrkP7aFALPQ47CCNa7LtVK2kz4FTPGhWD5m5cUWweTs3
Azcxc541Cka7sTSgVskqpjCKgSI8kqIeLoGJSqXaI7WSQ1oNmalY5RBUTmZKWkEHrRhNi1GbiyFR
gdPZBeuux388BZTZ/Bb+FFD/Gv5VnReMgnGfO5QMuErAfVA8hN9rEaJTW6zsoeMZxNgJvGerMPhV
X/4NGLJdMErkMUTQIPhkCD5CPaugYeeba5S1RVKw2q1WzwGygmpPkXZct4uruVh8e/0g3lzfXC/E
xd3dm+urB3F3dS+QF/7r6r4vsEgsbrHqSrz/9vbNlbi7v3119fAwOHYBB/xwRmPDjjtVxjkHZHLE
FRGov7oZbuycrQ3eIyUI2bfwEguuUGk3y6CQK4JOOGhoE9H7a8qmlQx5HgXAjJaZwxiyBgLXu3fk
OiLxGbcUQyjO84bBp6tJF0xeDrEVKqB0QHOW0NVy1Xt3NEC9VFHtSXWHhtbq5edRMpS7hvKVLH1Y
hhXkSaLzT3ZAn+cumxqhY3YJswu+O5VZw8lHFxMkZg108GW/jQnHStiqoQ6vUQRYmt50b4IDcat9
vlZ4ZA/8jbXFJUYQ2WRij3+lAReMPggdD4eGVpz2mp3FJ0GSVUdD2NEWlXnaBlu926ywuqrZlTBR
YyT5iW6Iz6jUgXY8tAkjiazESaSGRpHDJi10dqVTOGEmLJpo5XVJi8wGxp3RbCnAG8I8jF1+hsEI
2gh8OOEJSlZVjSLHUK8htVWbbZLTotP2WPVbQeocwSSVA40NLf1VPlFpE6yb7LFqcX8lCxqN0yZF
jOXPc23uT4IUuhDSWOz5SvZiWMkW86mOIdkuDEZ8oEVZcIOg6+0kdpnrqWOd1p8OW/h6cWtCGpZZ
2KWMMwcrQJWndrRdAhXOVZA+EveAnU4wNJRCUk0i9B5N4Z46bDP81PS0J9PifbZLDEyoDDBwfxvU
b+nhMkMtTgKbmxCB1GydJzrF9Km9y5k4o4ysCSpkggz7Nl35mFkdWny1SzZ1eHvRlVI7RW613NYE
vC8suyNAFh4fbNUtMiYEsNfe57FcklIKGWrKqZbhRJ82Y9CgNRDfIheELp1xcide3b3rYy9w8GFf
mziE2nOuoL3nDr7F8Odi3Kbd+4y8Yu501g7ERRjSHYQkOkUpqcuEUEGHzVE4VFCfhBSsY4j7sNcB
1i1Frp7Jq1GKKZOBICTe3WV3bbK9LwCpliCkNgibtLEpssIy70fVzY2xuir+We3kSWl5K8aKAp5J
mZC2a/XohFZv5uhNLwfizuxJZLniDdJUokYX+MSolCsiATIB26oi4YyFyssUyJOxy5Lk9CqJqUvC
9XKJYkrRzYjFO8a0AklEtt/UfImDRbk/ThcXg9bXpHVj0a45Y0taHiq/Wc3bguVrYVOhYtK1NUyV
54UpTytdUCu+nZHrwGW0wSZg2jlpaK/WOQpY0sC2TlFtJcoeLJS1FJV8aj0ldTza3hDNdUpYIMaf
M3TCYvoRP+Zxpoth7gx9Kb7z82fS+lJcX4qT795dX74EzVB54ID1G7h7aNJTjFAHxaD6pUTxMthn
gNCEnJcwszNo+nffvGnhm9qmM/IlH0b9IQ6ayD6oyOUwzLTlbXfEhJBO0yaK+FjMxdHWem7icE+t
RJoC56Zk3bpNkK9bk20VwBWkQRRqg6STM7IsD5K4ELwXWnMjt0JfBErzp7Yop4hmwgC7Yqud00dW
ewfY9rm6DZIFdzi0uus7ZVoWvNbodlOZTksAQ661qzN7LL1nLgrkSE9xQsdoN25clDmF4pDMVrs6
IaNtyXE47LerDhpkn21KaSFfpHlDFhzpeGMMmlhpREzxlTwUtyOghvTMARKb7zlcdjYz4ZnS5a+v
NDBfRWR/3MjkCLdu9Z1VnPubB4FXk08H7ciHHxLyGFXQEnDkEAox7XNYDj+PpiwBCfrRmh2QbTfT
7w4bl22ZmgNWU0B/VdXxjQHFVD6IW7pd07zkw7g7qm+RET9VSZIW+lKFMNQJ00xpAzjvOSAd8Czh
iBdihTKs2rNn37DZcWjwKYuMa9rImOs0uEkUMVo2RV40SauM5oUiGa8xDtFld8gJvlUYJ0axhPwS
gp1Jnbk5q1tUcxPEqaPGZaMe1jHQyAuI7HsdHSMnfbfo6tvR0M7cDoeLNbLNKO9IBFZm6c8nu5Xr
nCTDqAyKNC0Gcc4Yw5FtUyp7YCA1dRCDao861XJmXuznmQR2YnK1KlFA62aZ6azpBgJdXHo8po/x
gwXfXt7OwQ/LuHwd+cgpbJTOraWgy210YsWI7wngsUGnnY1Au+O8Vk0tnE+YCoHqeaNMiPF0L4gj
VTdF5PG8yzpk3RnpSadz1Yd/LNaSblOSLy8JrzYLg+uNVIlM2yIPlFH407NttNKxQh50wsx3qk54
bZBxVrX2Yq2zMABZ8nq+PeMTSWtau6Ku43Tvq038JaC0niyBXDNJlhwmHcgtPrOpbecO9geYme4J
LTd/O8Ibt62lq62i0zkxMAC+NvxseyRrM8geg4ockzcbj0EtZ5QmISeOcbQDhOoDhOjvC+SB2saB
9nGAZ1xkG9lkEsvKVCVIJGVaJO0bpTzA0chq3gpNz0FvqYM1F99zroL42eeW1g8ElAuOfZjsfvdg
MihvLOPQNA3aL07cDfhcxOKAzhG64vyYi03IJwauJtx20dfnMg76UdAHKooKOnrtT5yL128uFnPn
q0l/NHu2++6z23e+sr8KKR9iOz+pS4UXONez6VC7Yv3mjV7qJE9/YujW6trCKbaAx6aVxqkH98Ig
tWBLX1KaoG7K1im3BUq5+zjBHgdwEKoC/vhTtQyz2g8b0AWdzb54za6Gj+L1B0AazhTMzePOiMWp
ZSfnywsub9UzHF9larvgkaqD6ujGOudwvI7oBSqoPHQY0TajqWT4SEbKna/u9XvquVYZ6ZG5G1Wq
7kVIPzAX2nYj9FEpC2V5MJanH8K8hjM8GDUX8fcDTZl038lFdN+jOKnVAeBVenAtc43w0X2PYWVP
3QG6bdl9T339iaw7RqkY8A+7Y0VwSPa9ikxz4WAn+/3qcAgZStodebh7c4DBtvop4cuk5knspur8
UWUI7wcUbyV/IHXo9h9dRI0LfeFqNBjTq76It1uN1+f0kKc5YeMMh65tO3TN8e7y9oDSMP/AmBwP
Yig+FAfMPauqg4UPMRn0dzcHJB5hgFeqkg/JwuCmjI+k27lySdenbLoZDITXh8q1j7YfOJnqXmel
GxXxSl9zNVDoMiX7oNBvb1GS6pXbos55wOXLM6vwEynFB4JldrjdIVRlDXvcVaPVp8Xg/yjNur3j
hs5+w8eP/w/1gh2S
===END CRASH DUMP===
