PocketMine-MP Crash Dump Sun Feb 13 18:02:11 WIB 2022

Error: mysqli::__construct(): (HY000/2002): No connection could be made because the target machine actively refused it
File: plugins/PlayerStats/src/hachkingtohach1/PlayerStats/provider/sql/SQL
Line: 26
Type: ErrorException

THIS CRASH WAS CAUSED BY A PLUGIN
BAD PLUGIN: PlayerStats

Code:
[17]     public function __construct(string $dbName){ $this->plugin = PlayerStats::getInstance();
[18]         $this->dbName = $dbName;
[19]         $config = $this->plugin->getConfig()->getNested("MySQL-Info");
[20] 
[21]         $this->db = new mysqli(
[22] 			$config["Host"] ?? "127.0.0.1",
[23] 			$config["User"] ?? "root",
[24] 			$config["Password"] ?? "",
[25] 			$config["Database"] ?? "1",
[26] 			$config["Port"] ?? 3306
[27] 		);
[28] 			
[29] 		if($this->db->connect_error){
[30] 			$this->plugin->getLogger()->critical("Could not connect to MySQL server: ".$this->db->connect_error);
[31] 			return;
[32] 		}
[33] 		
[34] 		if(!$this->db->query("CREATE TABLE if NOT EXISTS user_profile(
[35] 			    username VARCHAR(20) PRIMARY KEY,
[36] 			    health FLOAT,

Backtrace:
#0 (): pocketmine\errorhandler\ErrorToExceptionHandler::handle(integer 2, string[111] mysqli::__construct(): (HY000/2002): No connection could be made because the tar, string[108] C:\Users\tranthien\Desktop\FoxCraft\plugins\PlayerStats\src\hachkingtohach1\Play, integer 26)
#1 plugins/PlayerStats/src/hachkingtohach1/PlayerStats/provider/sql/SQL(26): mysqli->__construct(string[9] 127.0.0.1, string[4] root, string[0] , string[11] PlayerStats, integer 3306)
#2 plugins/PlayerStats/src/hachkingtohach1/PlayerStats/PlayerStats(76): hachkingtohach1\PlayerStats\provider\sql\SQL->__construct(string[5] mysql)
#3 pmsrc/src/plugin/PluginBase(137): hachkingtohach1\PlayerStats\PlayerStats->onEnable()
#4 pmsrc/src/plugin/PluginManager(437): pocketmine\plugin\PluginBase->onEnableStateChange(true)
#5 pmsrc/src/Server(1385): pocketmine\plugin\PluginManager->enablePlugin(object hachkingtohach1\PlayerStats\PlayerStats#29645)
#6 pmsrc/src/Server(1011): pocketmine\Server->enablePlugins(object pocketmine\plugin\PluginEnableOrder#24905)
#7 pmsrc/src/PocketMine(304): pocketmine\Server->__construct(object BaseClassLoader#2, object pocketmine\utils\MainLogger#3, string[36] C:\Users\tranthien\Desktop\FoxCraft\, string[44] C:\Users\tranthien\Desktop\FoxCraft\plugins\)
#8 pmsrc/src/PocketMine(327): pocketmine\server()
#9 pmsrc(11): require(string[80] phar://C:/Users/tranthien/Desktop/FoxCraft/PocketMine-MP.phar/src/PocketMine.php)

PocketMine-MP version: 4.2.0 [Protocol 486]
Git commit: 44818e6d1456dcf1f0fd3cd27da1dfecbe03c08b
uname -a: Windows NT tranthien4-8sin 10.0 build 17763 (Windows Server 2016) AMD64
PHP Version: 8.0.13
Zend version: 4.0.13
OS: WINNT, win
Composer libraries: 
- adhocore/json-comment 1.1.2@fc2f76979f0a44a5f5bc2a2b600d0762fe0e78e7
- brick/math 0.9.3@ca57d18f028f84f777b2168cd1911b0dee2343ae
- daverandom/callback-validator unknown@unknown
- fgrosse/phpasn1 v2.4.0@eef488991d53e58e60c9554b09b1201ca5ba9296
- netresearch/jsonmapper v4.0.0@8bbc021a8edb2e4a7ea2f8ad4fa9ec9dce2fcb8d
- pocketmine/bedrock-data 1.6.0+bedrock-1.18.10@e98c511584a7bd58a95986374d2df4b04c6a2ba0
- pocketmine/bedrock-protocol 8.0.0+bedrock-1.18.10@017e57c8f8a74118bcbba7332e7ebac9e6c81693
- pocketmine/binaryutils 0.2.4@5ac7eea91afbad8dc498f5ce34ce6297d5e6ea9a
- pocketmine/callback-validator 1.0.3@64787469766bcaa7e5885242e85c23c25e8c55a2
- pocketmine/classloader 0.2.0@49ea303993efdfb39cd302e2156d50aa78209e78
- pocketmine/color 0.2.0@09be6ea6d76f2e33d6813c39d29c22c46c17e1d2
- pocketmine/errorhandler 0.6.0@dae214a04348b911e8219ebf125ff1c5589cc878
- pocketmine/locale-data 2.4.3@4d0b081f1a79407e087968ea76aaf330db6ea2b5
- pocketmine/log 0.4.0@e6c912c0f9055c81d23108ec2d179b96f404c043
- pocketmine/log-pthreads 0.4.0@61f709e8cf36bcc24e4efe02acded680a1ce23cd
- pocketmine/math 0.4.2@aacc3759a508a69dfa5bc4dfa770ab733c5c94bf
- pocketmine/nbt 0.3.2@3e0d9ef6b6c5fb45e3745a121296e75631b3eefe
- pocketmine/pocketmine-mp 4.2.0@44818e6d1456dcf1f0fd3cd27da1dfecbe03c08b
- pocketmine/raklib 0.14.3@4798576fec0364266dce23b368a7fec5e5de7927
- pocketmine/raklib-ipc 0.1.1@922a6444b0c6c7daaa5aa5a832107e1ec4738aed
- pocketmine/snooze 0.3.1@0ac8fc2a781c419a1f64ebca4d5835028f59e29b
- ramsey/collection 1.2.2@cccc74ee5e328031b15640b51056ee8d3bb66c0a
- ramsey/uuid 4.2.3@fc9bb7fb5388691fd7373cd44dcb4d63bbcf24df
- rhumsaa/uuid unknown@unknown
- symfony/polyfill-ctype v1.24.0@30885182c981ab175d4d034db0f6f469898070ab
- symfony/polyfill-php80 v1.24.0@57b712b08eddb97c762a8caa32c84e037892d2e9
- symfony/polyfill-php81 v1.24.0@5de4ba2d41b15f9bd0e19b2ab9674135813ec98f
- webmozart/assert 1.10.0@6964c76c7804814a842473e0c8fd15bab0f18e25
- webmozart/path-util 2.3.0@d939f7edc24c9a1bb9c0dee5cb05d8e859490725

Loaded plugins:
Alerts 1.0.0 by hachkingtohach1 for API(s) 4.0.0
AlwaysSpawn 2.2.5 by Philip Shilling for API(s) 4.0.0
AuctionHouse 2.0.0-BETA1 by Shock95x for API(s) 4.0.0
BlockGenerator 0.1.0_beta by BlockHorizons, Chris-Prime for API(s) 4.0.0, 3.0.0
BuilderTools 1.3.0-beta2 by CzechPMDevs, VixikHD for API(s) 4.0.0
CraftingTable 1.0.0 by hachkingtohach1 for API(s) 4.0.0
CropGrowth 2.0.1 by NhanAZ, kaidoMC, YTBJero for API(s) 4.0.0
CustomItemLoader 2.3.1 by alvin0319 for API(s) 4.0.0
DevTools 1.15.0 by PocketMine Team for API(s) 4.0.0
Dungeon 1.0.3 by hachkingtohach1 for API(s) 4.0.0
EconomyAPI 5.7.3-PM4 by onebone for API(s) 4.0.0
EconomyLand 2.1.3 by onebone for API(s) 4.0.0
FCCore 1.0.1 by hachkingtohach1 for API(s) 4.0.0
FormAPI 1.4.0 by jojoe77777/DragonfireHD98 for API(s) 4.0.0
Gems 5.7.3-PM4 by onebone for API(s) 4.0.0
HealthTag 2.1.2 by Shelly7w7 for API(s) 4.0.0
InvCrashFix 0.0.1 by Muqsit for API(s) 4.0.0
InvSee 2.0.1 by BlockHorizons for API(s) 4.0.0
KeepInventory 1.0.0 by NhanAZ, KhoaGamingVN for API(s) 4.0.0
LaunchableTNT 1.0.1 by Vecnavium for API(s) 4.0.0
MaxEnchants 1.2.4 by Xenophilicy for API(s) 4.0.0
MultiWorld 1.7.0-beta3 by CzechPMDevs, VixikCZ, fuyutsuki, kaliiks for API(s) 4.0.0
MyItem 1.5.5 by hachkingtohach1 for API(s) 4.0.0
NPC 1.0.0 by hachkingtohach1 for API(s) 4.0.0
Napthe 0.0.2 by hachkingtohach1,tungstenvn for API(s) 4.0.0
Parties 2.0.1 by Didah (@Diduhless) for API(s) 4.0.0
PlayerStats 3.1.9_BETA by hachkingtohach1 for API(s) 4.0.0
PureChat 2.0.0 by Vecnavium, 64FF00 for API(s) 4.0.0
PureEntities 2.0.0 by LeinneSW for API(s) 4.0.0
PurePerms 1.4.5 by Vecnavium , 64FF00 & ProjectInfinity for API(s) 4.0.0
RedstoneCircuit 3.0.0 by tedo0627 for API(s) 4.0.0
ScoreBoard 1.0 by hachkingtohach1 for API(s) 4.0.0
ShopGUI 1.0.0 by hachkingtohach1 for API(s) 4.0.0
SimpleHome 1.1.0 by CzechPMDevs, VixikCZ for API(s) 4.0.0
Spyglass 1.0.1 by ItsRealNise for API(s) 4.0.0
VanillaHopper 2.0.1 by ColinHDev for API(s) 4.0.0
VanillaX 3.0.0 by CLADevs for API(s) 4.0.0
WorldProtect 2.3.11 by aliuly for API(s) 4.0.0
_NewAlias 1.4.0 by Javier Leon9966 for API(s) 4.0.0
libEasyUI 1.0.2 by GiantQuartz for API(s) 4.0.0

----------------------REPORT THE DATA BELOW THIS LINE-----------------------

===BEGIN CRASH DUMP===
eNrtPItS3Ea2v9I73rrBdZlB75Fmy7lgwDEbMKzBsbM7LqoltWYUNJKiBzBO5d/vOadbrwEbkpCb
1K04sUfqx+nzfrRa+mkUZcWKV5fXoijjLB3NrO1RFa/EaKY7ljW1Nd3UJ5rrOO50e1TnssuaGKZr
WaZuOoZuG/r2KOFldVgUWTGa/TSq1jkMGtH94W0gYBZA3h6tRFnyBXat1uWPSTybXV4GWVpWRR1U
W89nbOv195qm7RiaZsDdm4xBbyoCnA6XdRIyX7AVDwX8BrwuBauW8JcXC1FBe7CMU8E4jL8WyZoV
IoIhIYsrWDuqk+RVnODi+7P5/F0J9M7nVcHTahmLdD4/EOVVleXz+avsdr/gUTWf50m9iFMYdpbw
tSjOK17BTVkE8/kSFruK00WV4ZW+MSQvsus4FAUM/jGZz8//dTzJlzliITFQgHd6k3YA7M4G1EF/
A3MHQO4ARICWALmjmeGAxAoewOV/Rs80hozMs+BKVCvon88FimHJ0zBBhEgoF1krlteyYzaTI7bi
tBILUTBjm4FcAJf/6Lr+kT21wDromvuR/W4S2WYtPc5z4NgznT0F77cA2kzxZPx1nyeKKu8j043p
RIP/9JZU6yMrsqxq77WPrMfkj6y3Yoe3aWoSc+NXYd673poi0r9Uce8lz1YKQYiZLF8hGvhXogir
4s9LXoot3Zw+uGrvZvx1lh6m3AdNJODW54Cf8BRcSbFlEfy+vsthCLVBogOKa4h9UPWF2AKKBK1h
99Y4FwV4QsDatb8IVi0//loQXNm4lfk/gPI/ntpnhudYNiHh3IOEpusbSMie4apls+znsZXEnxYg
2WeG5WlyyWlvyTOaewJzt0zN+syqfU1QayJ798H5l8cZJ+jb7B5s6ipOgPITHqfH2QL49sxsNd90
foH9d7Zk/RqvQWS7nyHb2FSkUoqBJnly0hZJpBA/1nEhGmtwwZDzJS9mOzv7sx3CaKdFaEfhs9Og
01tzfHI2wYkbqGCseD76+PP2SPypI+rvEsuAagnxMk6vs+RarERawTIhMDzAZWUvtPQAQnOQhQI5
pU+hi8GfvPaTOGBRnUpq77ox9vfQf8NX4vlP7O8gK/A9EjZ70XfFsxmw4ghm8jQAp/QPWEt31Rr4
R02VoGCqAkrjvP44WD6KFziiv9j4awC/T11bz+nmjSgrEW7NRydr9L9HaZTNR7SuoQE8/NXvWx8g
p+JGRaUtHGbAsHmF/6nF/zMfvc7Kaj76yP7nf9h81MaoOQyHCeY9E1Cf2wkYv9RY656xZ+AIbrIi
bMersfY9Yw94xX3wHh0yarBzH+CsaLDGgIjDpmqY5IzbTsI7T93F0VbLnvHXSvUvyaqe/wQDTa1b
645QpKdCoQRFXMUBT0Am+2QzaVY1hsSqjJGgmHQXM6Bk8tlFEVdTbxctRFUXKTU2svoZbxo54LXV
0fK3Htwfa1GsEaG3h3sXh+xi7+XxIYsj9ub0gh1+ODq/OGdgqsUlmBoaKuqD2YkBFQe7U9TZ7/be
7r/ee7tlaM/Z2dujk72337NvD79HYZjOYMpS8KRaslfHp3sX26Of/8o7/8o7/8o7/8o7/8o7/z/l
nU2KVWI6tQc+uqIrDBUQDFTD9qjdMBrp6G+ghdfVMitKDAcbmohAeR5jj0WD4V6qUjiaoT1sj0KR
izTEydBXZlF10G9YcUr57ii4xKb5xTQS1AFzw9Pzi/enb48PoOlG+GVcIe7LqspL4NYNr4JluYyr
yY0QfrKeBNlqB8PZXnLD1+V5zm/SAclda59uY2JM7CHdZ8s4iXN2Dj+Q0C6eiu6cwJYK6nzOCaMS
MZrPpQV0tJ9f7L29eHc2oJyIqyk+vs4gHPap6zcPyQOMxy8PL/b0IZHnS1AZz779InURT8ovkzc6
BKvOVuu9s6NRR2qpgAORErElIgYSHqL5RTkjtS8TgPONSEXBK1lDKXo3OvoUQ9CcaJe+qPiQYJry
OiviT+CGoGt/WUAadlbgXugmDyBn+i2SHiw1nw+RvSvrL9BfxwkMvciypG++g+ahEQPeY6TdGBK/
/0kEy7OTA3GNE76Lb+Or1wdPpdgBAs9XIQCfz32JW4W4AelDTB9l2Iu4WtY+mXMP7Z0BKOAN+UMw
pAtEuMecYfufxMUNkNq4fQxfgC3A3jgJivWkXFeinKSi2gl5ufQzXoQ7kiFZ/k2R3VTLATfaxk23
sOEQ3kBis/dvaLvicZid7MPV9xcv/ymK7Km4IldA6hucZFT/FYqhkEWq67LKVkeVWCmz6tG+2TXk
gLnJAZ5cx6lmQsH/RAS3AIHmDVzutjzGH4AhbPqCtmmo6bq9qepdisAuBF89FY3N+pg7XW/Y+X1B
7B5hdpjttDCQ2BoS7awfw5uWTaM2/xijVui0F09lyL2Q2tHea+yTb0+mE3N8dmINWZClwoe/T0W6
AjefC4kFwJzPBxg9qLpq9DFPw7tUUevQOvVNqf4akjayk8eSlwA6LX0KtwcJfLW/nxX9QKQaNpVV
//XK+nA69gVtleg0v0+lq6+yYjVU1KZlSLe16Y5+yH7IxBT/7BwUfIF7hIV4feC5T6Wz3QJYzRFO
7cVj5PmNWPX9LN3+gZaH68t/H4P8a9rju+CLHgVd26alGZulgUiS9fRm+lRElA3A+bxF4nGhH2k5
Sq8hXyqXr+LbHjX91mH6f8fETuofAdxTEbMiaPN5nF4HiEAU3/6SlB7wPhdiSAg2PJCdDauXJyJl
o06RmPwSYr4VIodZIoW6Zt2jadj+QA7eJp7fLjP+DV+B0/ruzVPnnAOMniDtPOZ1GiwRn4s3Fz3K
h+0P+P7vRJDy67h+smSsBQhC7COycfsY0Z7w20OckQ42jvqtQ+KMyYYj/CDSjLY8gvVTkdcDiSJs
URncPIq4Oqni91mR9HORXuOQtKmqqc0Ha+r9f9MhpXVdlfVVTLVUEsdX5e9Saa8Q3xvEF+jv4/5b
quweIOTTGuuTPo9kw5A/9uYG2v9VAi6xaX6fKqV5c7bfoxjvnnAT4TelcIDLL3Ndn90jfcPzatmP
QqphM5IaX6R0u4LCp6xEep3+bjKWiDW/jzHuM15Useh7rablgRh7EId8ybZ24bdeJqIsnz8VVWED
cT7PJS7zeYfUL7XXFj+itneAokfx4FhFR7UJ2Z53idvBf4zFfu5Z1m9W6LO6wEdzVZ8HTdOd/fDP
ReHtkWO9eqVpv8yCaaEzUazKuzXm6BWnHe/yrMgA/AfwPVldnh2Om/bepvmlXBz4ohDvrh6l9jD2
MK3iTd3vNz/AiWMRp6k4f/9U4k8IHug84CAUDpKoHka/bK+oQXFnAEWRL4UwpF22bRaj9mdUgG0z
KQX2XwxEhs8ij6AyTePqyZKYgZgJu97lYwT9VoRlBTXhflwEddzX+M2eoeXfEXclwkxzjCcr8xp4
83mhEAkkIvP5XcweJPM8yArxEqNyj8Je40ZQ/mP8WYdP//o3e7PzZZZ/866/q9K0/EmeZyh02oun
yr3O41WeiNfZqp+b9Bo3Nrk3yb8/Jf89ku+ScFoCTsCDPn6/Jfk+X/EkUecydnpQkTH5eoEnJfps
aZoeqDKPqvKt4MmbuHyyXakeSCBf4fH4HZ3veBonCX+d5fnggc2w/YFsbT9L4vQ18O2piGoBzucD
RDZuf42MW1Q74j/cpfvDQw57/3iPVPupCJbgWvo+dFePkSJViRAkKzzS2xEzaL7zxO3OI7e4TtZP
97wNoc3nVBTnEoVNrXxknnFSx0UUiyTc6Q71jJszdBWkMzsrDpVPsTMgF7hy+Ubc7CUx71tq1/bA
pvg/IQkRBTsWWep5jvNUfJFgG6h40AZwUT+/Qp2H4HYkmJ/x9Ld/yMv1IG51bZteaqO0/CbmafWv
GoqiT09Ftlx4Pm8ReECl8dQ6LwBvkOvGI9PmsBWeG3nswTF5AmwCegheA9PUic+viJZbKJlLyv6B
UfKp0chFD4c7TH6w4vgIv2sJeAK0weL9tmx1GWYVRNBBq3rFoGuoi6R/H/Jq0B/FSSUGgBervH+7
hPDcv4+DLL3uN/xQkkTb+5UvD7YN2rKias/moNzxHH5ImV03KA+GfHgrokQeBu63liSSctgUYvHW
azk/Ox4sj6dN8bFjc8Xariq7Emn8aciC21tFNaKLDmvNV4k6Koa3n+Jcph8e1RGfQMf70+H2djXk
eoboGZpm6rrhQcPZwemA9DC7JNQ2G/GI8FBgoEtpWQ4GykThw8mA5g0M4LYQ8njEoPGmiDfkn1dL
HIkcbs5CnS03dG9Zp1d0KtMgJsmDFPHCj1OOjwEgdBkTPN6fiGvwoL4ahKAg98urTDUYklkhCFqq
paYyus7lXnZr9frxLHycRtlAb8M7Io8HWkKsNPtNhQDzQDtc1FIXG/j/BnNjp2cB5Lo95qN7WOZq
XVyRTnQl/Xqz7y/QlHkpundygZ8GgacjUqOZodkmsK28hIyy3VbAqJUFGUC1XAfWwPpuZFmu7gon
1C3bCYNIj7QoNIPQmIZcDyMR+EIzA831AXbdROE4DbObkr25YK2XssZuGadMB6kywoHp06ljsq1m
sDyqywxNd56zvZMDB7f08Z3XHtM+CbIkq9WXZX6ZoXDeH72hJwt0c0MhF5xUnuH7CyDlghdqY4KH
ywxLpR10HWMYo14Ownze2I0CI5o63tSLNG5Z3I5sPzC44TuaFmpTx4iEJqaumCIfizi42lHeUpt4
E3M34PY01N1IM9zItaLpdOobuuMGoe7puq+FQhimZXJBrhBoBTcEAQ0cbOLz4Gp8DRlEKI8aAiev
0uwm3VW/qHaLIitLsQMk8zLFF0CuDYzhu0JElut6nh7aprBBUlrg2bbla56vAzMBKZ97hocmAQ67
EKXgRbAk+ldc5sCja7K2Xdf3A83QuStC3xAWnwpuRC4PrYh7IvDCQBhR4LvhwEp2fBEWcDcG3Dlx
0plo/900Al/diQ5Yem5g67rtAlQ/tF3u2Z7rmFMrNMIIkLUCB/jMtftBd4pJunAXvKZPhT0NgO98
aum66we+z6emaYipAOZ6wglc3fHMDfDkMzoDB4bu2jyYCsE9nUc+D90wsDw3sgNhWoFwDG8a2sKB
bj6EdK8Q6XTQrmNN3akFSuU4fsCBp7br2oZlCNcODDMwbAGcsenMZB8gFjWJOlRGqGm7lie4qZme
Z4oojHzTC0JTM4Shg2HaGoB2Dc0D/dyAlCVZBwO0AvF3wqkTGcI0Q8fVzcD0QsMLDCOwnAA4qYcb
2PRfxCFQIOLdkMPSFtcs03J90HDhGron/Eg37CjSgSbXCwJ3E50kw4yiURZUYXPXCjVfc/VI51PP
0qZCc6ee4wo+dTiPTFMLfUDZ8O1NSAvChYzACTzdCLTI02wbRB0apq65IjBCfer5nhNZoGGA6R0I
417IkaAcPZoCG90gMkFggWEJS4DdGzwIBXBL4zqYATjAIajWEYCf3eU8CMyp7XFbc7njhRHYYGDB
z3SqcR/UMrADz/KjIYjUr5rYtGsKLfRE5PhOYEe+ZQuwFJvrBkRwR0xtx9R9EwxfDCH0qgVKpCyp
No934D1YBb+SqQW4WpLR1HNtUBoRaKZjGY6D3sD0TQcsDhptYYdi6hnT+6CM4zxoMppdzzC4Y1lg
84ETAA6c2/i/axo6iF4XgTU1XS42+FumWfZJNBF/V+Ng6+Cap64eWLrH9cixBJiXBa7FtNEB254w
PKQJcupSrNEMuowOnxgbuwH8mVpCAHcNF9IjHwzJ0nxb12xHCDc0fd9xAo13QOo6DhVfTQgWnu9P
I982Xdfx9CicmlPgq2WFgW+FDswOIgOkjtOX9arkvJl/17uX61WUpWuQYLKGBCMZN8n0NaCKWmlq
4DV01wg8V+e+PrVDMBrTCn0tAuV2PNdzNVSu+2BByHC1Hix76k91AyxOhKHvTQMIbNwF12QagWuB
MkxdzwgN4X0Olt6HFQrL50ZoIfcizw81oXu+wcHmwBGbNngXiBxuJKudVfYJaqwdcG1QlMioi3HH
8RwLsAimrga6anHXMkAJhAYyDnUIX0AkaLBhD4DkYHFj9N2qugeH5JleNBUh2GwAKuH7XoBB1w58
zQ5d8Lee5WlTAEPFVqtbkzWlq88Y1upMvjBaF5zeBMRkj0VZwQbZ1Tx9xi6WEElZKSo8Sl0yXsgX
BLNUlHDBKxbwFF/y9AWL0yCpQ3zpOWV36jKEdZ6tYGaEADZhljwS2yyDnqJEkMwHb3XF1lldKFj4
yuYKqpAophUgucHXnJM1AobSvwW3A6kur5OqZDdZ+lXFMPbzgkEVnIHzwpdTkzViiC+ISrpvliJl
db4oeAgAJvN0njbAZvOUsWfvlwIRwxdYS8xaAYR6y6mkxK/E1DqU3YSqdP4M+JmIiviFm7KBYDK2
YMsKIQPHAzFOOCbHCzFjlJ9iR7msK8gW07F6bR3flVWJ47zWdF2HfzVhsqvlvNZFGMVtM9x56YIl
eMX1+G/zEZGwlyTZDUviEslq3lNk1zFn/8LXY3EMvSfbbL/MGO4B0FT5apqaw4AAhoklk6/LIjR/
zRTPcbzcRBi33T2qnr0H0wLVAQHwMGSQo0k5If9BMldsJXhZF/QiOwPp+AKRBi6KH2ueIH8X8TWM
heSjFmxLLQqp9HOErt7fHRcih1J4DPLB99hm0E1rv6lXPrAP1G+vXKfBBS+vQEOKK1C4CQ14h+/r
ow00lOKwZZGlWQ1ihuHlNqNNLyaLEjScbYbpNxCC1QfxBgwX21Z1CqqGQyTwc9IDoAnUschuY1BF
/EwAkEQqnrbIIW8VQkcRKjWOQeXdZnH1FbCvKmhaKCp6pxp0a2My2wIa8EVeg9hCZIwVpTMCtanU
nJSjqNMUxRliQZnlJASqYMoJOxDX6pqt4sUSrB5P5W33rVQpDnKkKOq8kq2SYciYFeCm6CLhgvVS
VRJKy+HXWRwC2vdjgDqCOgelQQzaNekpGgwey0Gtps3TlYDl1tJ6v0kyH7QHN7CYbAc7WMUVOoGV
WHCfHpOwc8lqjZgbl/QOCU6/QKndxMR50iiw7puxBNQoWUkU4uFauGACT8AhmKgQollSKjlIq0Z7
ZosMBJWhPaNW4EILQnNMqM2YhlTA6uSrZer2p6cAdwS/hP+SF+Fvw7+sspxQUH62RUmBKxm4jxzD
btgihKs2WOmaYSnEyAm8J6tQ+JVfPQGGZBfqFXpwMEENUSqFKMXErQhqcr6ZRFlaJEa1drS4DYQI
y44i6bhOLw5n7OL10Tk7Pjo5umB7Z2fHR4fn7OzwLXt/+vbbw7fb9DGDi1MYdcjevz49PmRnb0/3
D8/PJ5suYMAPw3YUO85EEWcUudERl0hgsBTkkokbrbPVgfeQO4TkW2jIGFyhkG6WQO1nKdAJDhq0
Cen9nLJJJbtZYggGnqALksMIsgQCrrdz5DIi0RqnGEMwIaAJk7ujURfUdjaILRcB5g2Ss4iulKuc
29IA6iXysiPV1BSt5fP7UVKUm4ryBS98sIxxl4KTA7qfu2RqiI6axdQs8N0rntaUpfQxgQyuBh18
vt3EhE0lbNRQhtcIapVK0rvqTHDCTqXPlwoPaQZ9AaLBJYYgcpOyDv9SAs4JfSDU0TRFK6z2ipzF
nSBJqiMhtLRFRbZqgq2crUaM+6rZlzBSoyR5RzfYPSo10I7zJrNEkRUZvQrcKHJYr3KZhslcj6mO
MXY08jrAQWoC4U5oNhTAHYR5MHZ+D4MhaEPggxWuQcnKshboGKolSG3RpKXotHC1DqvtRpAyR1DZ
50Rig0M/y6cVvx3T9m3Z4L7Pc2yNV/UKYiyE1wKB0zd5UJAQp/FAmMSi4yvai2IlWcxdHYOsPFcY
0YJjTJdrCLpWK7GDTHZt6jTmRuj1JHw5uDEhCUsN7FNGmcOYtodb2g4AFcpVIH1E7gF2MsGQUHKO
xQuTcySFHXUwTfFT0tOsjIO7bBcZmGC9oOB+GdSX9HCepqJCgc1UiIDUbJklMsX08VAKZeKEMn1N
hKkgQ75NlkiqV4YWX7TJpgxvz/pSarrQrRbrCoFvs7HeEyAJjxYeVw0yKgSQ1+7yWHqkwOj7VUQ5
Fj2U6ONkaFRoTdhryAVBl15Qcsf2z95tMzwyCQPT8CYOQe0pV5Des4U/Jvgz5jRpd5eRl8Sd3tgJ
2wvBUS15Eu1AzSnLhFDQh2NoKViU4f4hKljPELuw1wPWL0UOb9GrYYrJkwlDJN6dpWdNst1VilhL
IFI3ePwIJtZ5mo/V/UZ1c6Ksrow/iVaemJY3Yiwx4KmUCdJ2qR690Gp5hpz0fMLO1JwEPzCGE7gq
WZUu0IpRwRdIAsgE2FbmCWUsWIfiIRc0dl6gnPaTGEbJwho/jSHKip1cvCNMSyAJyfbrir7WRKLs
lpPFxaTxNauqHuOsGWHbrw9FSs+dyNYjhjsIAT6ibcmEQjmK4mDCKEotOSYBLF4BbyqUHUiDvq8K
bmqbcAGhXRPSS+QEeF1yxBCiObnzUopUphIwtlI6ipQIuZGgXJ2qpg5OKUk6ODqnD0BRPlWnpEPo
sGv0lPTIVCYJMSqj+rBa2K83Ojo7Ww+FXy9mTdH2NdOxWFMp6xLcFfUzVcuXcvcBrTktMxm8lUXo
CExiLaHtL7OspB2KplYTTTVOXhy3l1nJr5toAZd4ggL7aOu5V8YDYvRYXyZtavPmhyxO5YYAceor
9sHPbul7V+zogG19eHd08BzkDmYPOMD4GxAbCgYP2NJX7qDYCxV/ZPoB1pB1skvB2j+8PG7gq/qu
1/JV+3EtShxIvCoVIdqyZitJhdFbwG+MJxpeZFFEy0JfHK3Ht3UcdgIhfo6HuzgXtA0jTU1+ylfy
gDy9squ6VNtBATiRSrpZNWcs58yYeuCKy8gQotyjWgVjIH69qKlRUpyWbIbi7WbUdSxuxm2Avm/n
TDJ3b5XV6D0iGeuUMwGWNazF2I7ekbZCQPx4TcEZJr+lUN2bTISnQpbevpDAfBGh7dPHUsiUlo2e
kWph8zDoS/JxoZZ88IGMb6IKtAQUtZiAeHofltr9aPICIIWMN+oOyDaT8bfFxtzY4fHxnTu0szIO
ZcxAejjIFBSurP0+F/DzjThChDJ00k0b2mirSSkHDwKRCKoUpHrTqkl8BUtgnUyeKOFA+oI+vCD9
GCzB2VJC6zk5sP6ykiGZkB0jNxrUxh1rJGlHB2WPLnTTKHkJjckHrC2ZasupSXNozkBIAG/MDPYM
0MQTha0gu22tVpaTu8JUzuuGx1TNQjCBUk9qUZ7lddKYjbrBeE9jVNgwDVyQyiCkklbCiIueC1IC
VWBgi9rIm6lUB/cdqbiWzTJTUJqFn/ppPXTYOT20zDF+73KjqXUMw2Z18qAX08EfjOXhrHbkEuQ2
k6hM8tUqn8QZYQyubr3C4hBMucJ91qDsUMcwpfpZ108kkJvji0UhFmpLUe0/ym0W/G7g1SZ9hB/4
mtODU/zW1VgFBZkfoPu6EbIC4fShS1yxJMQ7Aqht0ns6AHG65Xyd4xkmKZw7TAWByn6lTJAJ4QkD
imW9eLOPm/iiv5e3DcEhX3IwC4GevUAcmrwUIkYkCqg9xugXUwyGsreJXTJy8MHeoDr10Qu2NeTg
kNuQb21cmAJIUpb9zRp3pCrp6ou1ilddBFHRGIHieNR6DBgoRXTjuCBteqpJzQb3pFtA9fRXaDj3
5XivgomUpLSA3l6SggHgK8XPZtdoqRqliyvaSkJ5B9yEh2ItpDQojlpA+DC9LuSjGfQ2zVaK9LwA
T3mnJt5yPJ6o6jRIrTkellJ3mAABjkpWs0Zosg90FPf0Zuw/lLlA0rpNm3wfEagMzG3w7j8yIjIw
ky7IweM2SvPpJ9ofuS+Okn+m8rGkioHKb3wTM0+ESgL66Mt1qV1eAkQ0A0uTMbVbccZeHe9dyEYs
NQTurP1DHd3Ytr1beitj27wN46LaJqf7D5XpyWct/U0LacQY6IC1ak+x/SxnAsIK1kx+4K8uGr/b
VGpF+5SGnArAgXAU0OOysuHTuHnCAyog0/pnr8ib0FI0fgCE8mLVctlrGVN+2Uv8Mpn7i1vwbaUq
coMrLJNKKujAufkxFChrmcjROKQ3xg8GJzJSSFORVBJ8yIyK1h3jc9pNoeIDzbNOxPLzwPRYbw5Z
y7NXRcwORMAMixnGzLRntsbeH71khmboOKB59PZCgIeF+1VWhS/k674FPgWkryqisb3QPR1C17Dx
2qFmE5tVdRDn0AjaDS03y7gSY3zkhrkqQYcCSqVrL2wNWxYctw9C8YLu5OPAtk3Nwg1bfLDT3OfX
uVohjLGiAhVevyDUWo1sA9wLIpKSYcyxO9KaBFmEvSH4LP7FweGrvXfHFz2a6MGgWpLCA9qquh+k
ry9cbOql6DRk9PP/AkO6Kec=
===END CRASH DUMP===
