PocketMine-MP Crash Dump Sun Nov 28 00:37:14 WIB 2021

Error: Undefined variable $entity
File: plugins/MyItem/src/hachkingtohach1/MyItem/task/RemoveIce
Line: 31
Type: ErrorException

THIS CRASH WAS CAUSED BY A PLUGIN
BAD PLUGIN: MyItem v1.2.7

Code:
[22] 		$this->plugin = $plugin;
[23] 	}	
[24] 	
[25] 	public function onRun(int $currentTick){
[26]         $x = (int) explode(",", $this->pos)[0];
[27] 	    $y = (int) explode(",", $this->pos)[1];
[28] 		$z = (int) explode(",", $this->pos)[2];
[29] 		$this->level->setBlockIdAt($x, $y + 2, $z, 0);
[30]         $this->level->setBlockDataAt($x, $y + 2, $z, 0);
[31] 		$entity->setImmobile(false);
[32] 		unset($this->plugin->freeze[$this->entity->getId()]);
[33] 	}
[34] }	

Backtrace:
#0 plugins/MyItem/src/hachkingtohach1/MyItem/task/RemoveIce(31): pocketmine\utils\Utils::errorExceptionHandler(integer 2, string[26] Undefined variable $entity, string[121] C:\Users\Fox Main\OneDrive - hcmunre.edu.vn\Desktop\FoxCraft\plugins\MyItem\src\, integer 31)
#1 pmsrc/src/pocketmine/scheduler/TaskHandler(137): hachkingtohach1\MyItem\task\RemoveIce->onRun(integer 471)
#2 pmsrc/src/pocketmine/scheduler/TaskScheduler(179): pocketmine\scheduler\TaskHandler->run(integer 471)
#3 pmsrc/src/pocketmine/plugin/PluginManager(654): pocketmine\scheduler\TaskScheduler->mainThreadHeartbeat(integer 471)
#4 pmsrc/src/pocketmine/Server(2389): pocketmine\plugin\PluginManager->tickSchedulers(integer 471)
#5 pmsrc/src/pocketmine/Server(2152): pocketmine\Server->tick()
#6 pmsrc/src/pocketmine/Server(1992): pocketmine\Server->tickProcessor()
#7 pmsrc/src/pocketmine/Server(1586): pocketmine\Server->start()
#8 pmsrc/src/pocketmine/PocketMine(314): pocketmine\Server->__construct(object BaseClassLoader, object pocketmine\utils\MainLogger, string[61] C:\Users\Fox Main\OneDrive - hcmunre.edu.vn\Desktop\FoxCraft\, string[69] C:\Users\Fox Main\OneDrive - hcmunre.edu.vn\Desktop\FoxCraft\plugins\)
#9 pmsrc/src/pocketmine/PocketMine(344): pocketmine\server()
#10 pmsrc(11): require(string[116] phar://C:/Users/Fox Main/OneDrive - hcmunre.edu.vn/Desktop/FoxCraft/PocketMine-M)

PocketMine-MP version: 3.25.4 [Protocol 471]
Git commit: 7306a2d939105d8d91b4180de9aec42a31d9570f
uname -a: Windows NT DESKTOP-BVRHES0 10.0 build 19042 (Windows 10) AMD64
PHP Version: 8.0.13
Zend version: 4.0.13
OS: WINNT, win
Composer libraries: 
- adhocore/json-comment 1.1.2@fc2f76979f0a44a5f5bc2a2b600d0762fe0e78e7
- daverandom/callback-validator unknown@unknown
- pocketmine/binaryutils 0.1.13@0abee38d4e2861621f262c79a2a3d699d8a697f4
- pocketmine/callback-validator 1.0.3@64787469766bcaa7e5885242e85c23c25e8c55a2
- pocketmine/classloader 0.1.3@3c484a27787f7732ce842ed694928a29ba340961
- pocketmine/log 0.2.1@830b44a2cf96ef703c550abe64302f230231ca49
- pocketmine/log-pthreads 0.1.4@01620c3628cdaa6b4a21122cff4c5d2f70b5c1d3
- pocketmine/math 0.2.6@43057cb8c179a9859677b496a788db922fd5cfc3
- pocketmine/nbt 0.2.18@9f82ca4d7f97fcd9a566e44b63c4f18a7657ae82
- pocketmine/pocketmine-mp 3.25.4@7306a2d939105d8d91b4180de9aec42a31d9570f
- pocketmine/raklib 0.12.12@5abe22043352e94099e4edfcef5fb3644578ddc1
- pocketmine/snooze 0.1.6@92abf1e988c71635d466abb777f61f89e5a9c990
- pocketmine/spl 0.4.2@6b08b7cf8c4afa17139c9a1b3bf1b408531de161

Loaded plugins:
CoinsAPI 1.0 by hachkingtohach1 for API(s) 3.0.0, 3.14.0, 3.14.1, 3.14.2, 3.19.0
CraftBook 1.0.0 by hachkingtohach1 for API(s) 3.19.3
DevTools 1.14.2 by PocketMine Team for API(s) 3.13.0
EnderSword 2.9 by hachkingtohach1 for API(s) 3.19.3
FormAPI 1.3.0 by jojoe77777 for API(s) 3.2.0
GiveItems 1.0.1 by hachkingtohach1 for API(s) 3.14.0
InvCrashFix 0.0.1 by  for API(s) 3.14.0
MyItem 1.2.7 by hachkingtohach1 for API(s) 3.19.3
NoDeathScreen 1 by SilencedTick880 for API(s) 3.17.2
PlayerStats 3.1.6_BETA by hachkingtohach1 for API(s) 3.0.0, 3.14.0, 3.14.1, 3.14.2, 3.19.0, 3.20.0
Slapper 1.6.1 by jojoe77777 for API(s) 3.19.0
Terminator 1.0.0 by DragoVN for API(s) 3.0.0
TrumThe 1.0.0 by hachkingtohach1 for API(s) 3.19.3

----------------------REPORT THE DATA BELOW THIS LINE-----------------------

===BEGIN CRASH DUMP===
eNrtO2tv20a2f2WgBKh9ryjzoXfhwI7tbIxNYt/Y2RS3CowhOZRYkxx2SFpWivz3e86Z4UOyk6at
L3Y/NNityeHMeb9J/daLpEp5eXMnVBHLrDcf9ntlnIre3Bl7U9sbjr3hYDJyhx48qHL9yB0NhmN7
OhnNplPbHo9mbr+X8KI8U0qq3vy3XrnJYVuP7s/uAwHnAHa/l4qi4Et89CELRRRnImR3XMXcTwR7
LrIyLjewLaqS5FWc4L6T+WLxoQDiFotX8p695XG2WFxk4lTFd4JZbBWkVabEQITV4A4enYritpQ5
7T5RPCoXizyplnEGAN5uzkuRLhaFChaLFQ9Wt3G2LCVeOe3Tkhe3i8V7kco7cR6IQb7KkSRNjoF1
oDcfAKSDHUD1IwRz0EABCAlw25t7DshXcViZ/9x7ZrM/C3DPc/bnLJfBrShTgLxYVGWcAJMf8M98
LrZE/5pnYSLUXpyVYikUc/usKBXg+Nkdf2Jf10WzzXGdT+z/TRd9VhMGXIGonjksT1EU+P+Wx4Mi
WAFsYOTgGoRRM+V4ExDF9+rTeiGz91XWiGI40Sjd70F5Vd/tOZPZjvybnYtFhzrrhXoEmfc4Mi2d
g0v685Zn4CpqbzwafhtTQ5T1IgWVXK+U4OFrwVXpC14+wD18HPeVUBAD9lxvusuYpmqx2CLLelHG
QYu6eIBm9G00zsjdQaOfaLh7BGL8TRDObPYtEJdKBhBtpNKwJt+GNZqOvwKrKEGQGsb0cRiXdPkW
LsEph18Bc3MTyAycqQrKPen/IoKSveSFOIGwWbyRPBSqz8z6I06NrvZGLpe4y3jk+GkcsoU3e1oH
J4nNfl9iwwfWrVWi44CtAew5GO2U+LWKldirY5IDsStfcTU/ODiZHxDhBzXdB18l+8BQfVAT3SHH
ervf+/Sl3xNPlcieLGsAURrKTZzdyeROpIAEQIcgkKDs1U9hRUOClUCGAnlwXVhdlIvyebmKC+uF
3skO2XN99SPsdT3a82WBoNwh3eDViK7yyk/igEVVFiD/rImg7HlQKQWUXIPH7f+GJ8Zwgpl/z+8B
C+7bZ+I+T4CevUWvD/9jNSmy2P/Z/kQUTAgVHdt8zzFHH5vWzH3+nkOuPjTblkgi7kQCri7KlwnY
wnl4XO49v+8jIf+NufL55z6z9/GkZ3fZe/T0KS/51887NWZtI3TsPE2lD5ayF/GkEHpfrbMqgw17
W5qzXkRKiM/iZ7NaQ1oCpHBv/5MGYBSKl6hO1OyXv0uPv0uPv0uPv0uPv0uP/9DSo99bikwonmDe
zjj22r3ulkugzAfdte16zxtgN47rVZyE0JvbrtfvxcVNKO56c8ooUBwoWcpAAljwEUASY+kw8ewx
d8OZN3PsUTgNZ44/dKZ2KGZcBEOXe044G03sCGBXhpaPcRbKdcHeXbPTs6t/Xl9cWi//9f712ZXN
HHtgM6KBOTN76LK9erNj77Pjt6djJBKb6XlvOrAHjge3n0UGJPeG9T08vpEFIjp/9+4aFuhmHWdU
zqSQwoW6SWJfQbIQBQqJhytgTImDXwqZWbDH1EXOwBm4R1HgRpPxbDKLbD4c8lE08gOXu/7YtkN7
MnYjYYvJVEwAfMhBphA4ZXoQ8CTxeXBr3fEkDnmJpSCI4DaT6+zI/EViW6vy44yrDXkMbAVmgJ0j
m/tCeNNwKNzp2Bm7TuSO3WAy4yDacDybhVMOpEXDbVCPIndAQN7ReDiZToZwZjz2A84nYjSdjtyh
K6ajwPUCdySmwWjE3R2A6OcJ+bmhzTvyguF0yN0JwIsmE88NxBTAAFHDmTvl7szn3tCejZ1tSIlc
EgR34BxNPdsHibpBNBuLaGJ7gBkZHg89241c+I/nBHw4ewDBykvKErWghkc2yMYOvLE7DULOxz5A
dRwXIEfDYBSCAm1/FDihtw0q5eXKUDM+AqSjSeBPA8iNfDYdzcaTiT+cjflkOg39metG4SiIgh0Q
mV/W/EyPZtHUBYLDSQQ6CcIZH43HYjj0xyCryJnyyXg04WK6I9z20krzxhuP/oBrdYApfgu2reUC
NLlHIxCo69pDzxu5YgYamYmhCKNARKPI98bD4WgyDcNgR01FJuVnYcQ7Ppq53I8cMZtOg4kz9kbh
cDzmvj+ZTKKxE01nYsRnwWxm7wDJE4IwBC8a+/bUnwTRNBjyiDsTx4MD3PE9gOsP7ekI2BEOWMuX
pksh3zyRcHF8ed4JZs1Sv9eGMLBuuOdVuZKqwOJ0p6DCuMjzGJ944Ai42Rs4w/bCqS9cfTGDR3BG
ZFhQQoCB3AdBMBQ5hBtEAM8KGZWn3QWsX4CWB7VcTXF7hV0ZuBOG5our648X79+cwtJa+EVcIo+r
sswLSAxrXgarYhWXg7UQfrIZQHQ6wCKcQv9LKW+7gmnWdiTzR2QDjHtPx3hNUefye1gHziH1xEmg
NoNiU4pikInyIOTFypdchSSBU3F3LWVSdATQLG3zb5TaEUCbD9m14Om2ALw/r/maAKwtGlIMt1fX
x++vP1w+qmZIpqvKJ+W2pB00MIDbM2hy1NVaqrDDb2exy7E7mP2b9N0S1L1+Ko2/kirdDgX1yra+
vV17/0X+IsUE/22x7v55RbcQsXokIpqL32MXWfkHlHbY33Wtt13bdV/nD6hz+IRxawkUxUiRLuG/
h7Hz7A48vVi9iu87rHVXu8zZD5h7Kl7S6legarGIs7sAMUfx/WKhO5XvYcMMwFoOmolYVzPuYPJv
crR6OtCQ9SQO9k6eQsu9ugqUEFmH+e31LRls838VJyILRIijvOnU3uZ/AlH4T/K/A/f7zfEy4RuI
QiUvu57WXe1y42Gxc/Py7Pr46WsJvHDtJ3TODhNbN3+5tLhKeJ4L1ZFXvbJt/ePduPSVMPtXSqlC
Y/4+hT+STVuSDmomgMNroaBA1X1Rw2Rn8XfKp1PFl/Jf7x6YwZ/ksUX8/XZ9rar0eiW65JuV/5TS
z9DTXDxNjMLmgCvguBS7lZz19nKA4xTkQA9hBrmSoPGS2vzes8vmjp3ILIqXDF+tLNQie3ZVZewi
KJnHnPF85M0dj308f8lc23XwecKzZcWX4lBkS7xPZRkebmFmelCGDzVuK5eqPHRmjufi4hr8TFhJ
XJSHMooIBr+3cvLa4tC1cWUJbKUyFId0F0kVCKtZM6eAvxBHFfV9fpcfygyvwjiK4qBKys0hYdRD
IDAqqxBlCZopDokVetGANnMIpVkStmuFEGFnC761Ojw9e3X84c01rmqjsH6thNoYlGBW0ir4nTD3
d7FYWyHwyCFWH05x6d6X9xaaX30ky2QFTw3rFthKLPSLqMJsKXK+ziycNgl6U3TojDv4VQArhnm8
HuS8KLDIPPwv+rfYnqoMNin2oM9oqMYCUnsFYsE3UKh9BmJmW5oEa2BgroVgtdwYV4KVK8FkBqZT
rnjJAuSjZL5gcRYkVShCuGAPrA5hXckUTkYIYBdmwSPRZxKeqAJBMl8Jfss2slIGFosjBuqPo5gw
gObxTV2yQcDvxLoBB24TcdB9wdYy+6FkGOm4YqigFJjFedAGKcSXPZrv9UpkrMqXiocAYLDI0HA1
sPkiY+zZx5VAwlgpAUsWMgBhZq0gA8UziMwlEEWPidREAhpgFa5ESfJCXw4EW9GrBFxJEbI27Nql
5ozGi/igWFVlKEH35sXonC162q1YkMhChIseUXacJHLN0JeAmPoNFLuLOfsfNE7cQ1ZqmUdzhnGM
jp6REZkzDOhi6EwMNAZCQWj+hhlR4n5jc83jDrHPPsYgEJmBXHkYMiUKLX4UK87vWSp4USmybAZC
9wUSDcIRv1Y8QbFhcZ2xO55Ugu0ZpBBx9hG6xgjWLjCMWCB2HJ7P4THhflelPkgFrOq42GQBvkUB
xatbsKMBbfgA0iLTrjnFbSslwflAe7C96DNyf2bCBPhDn+F0FBjB5EGygeCMa2mVgQXhFg38itQL
PIGVKXkfg4UJEAOwRJabNcShbA1B5xHaKu5Bm+yzuPwBxFcqOhYKdHUymZ3DbA94qMBvXBILsWEZ
TucEatdWORmHqrIM1RliKJM5KYHmysWAQVdtrlkaL1fgzNgf9LvOZwwHJaJUlZd6VQsMBZMCbYYv
Ui44JQ2NQ+0Q/E7GIZD9OAVoI2hzEgQN1jXoGBpstvSmxtIgUUACUBvtlP9IpA/Wg0mY6XXwgzQu
0bdTseQ+JU12pUVtk3DjAmHT8WvU2jomyZNFgdOuLQ2oNrKCOIxiIBEiElCfESx8XVyj1EYO2qrQ
TdlSgqIkuilaBSJaEpkWkTZnNnIB2CkE68HtfzwHWNV8i37Mw3+N/qKUOZFgwmdDkgFXMAgfmNwg
7tUEIdaaKsd2h4YwCgIfySsMfcUPT0Ah+QWRhBGDma80wNPFvQgqCr5Sk6w9EpNVs1vcB1BPFC1H
OnBdXJ/N2fXr8yv25vzt+TU7vrx8c352xS7P3jOoCf959r7PYBO7voBdZ+zj64s3Z+zy/cXJ2dXV
YDcEbMnDHY2NOC6FiiUlZAzEBTIYrASFZJJGE2wdkD2UBCHFFtpiQSgUOswSKKgTgU8I0GBNyO/X
jE0bGRR5mAAz3GaQEWQNBEJvG8h1RiIcF5hDMM/TgcHD3WgLpiQHteUiwHJASxbJ1XrVZxsewLxE
XrSserbhtdh/nCTDuWc4X3Llg2dYgUwSXYZRAHpcuuRqSI45xcwpiN0pzyoqPrqUQGFWgQ3u9+uc
sGuEtRnq9BpFAEvzm7YuOGAXOuZrg4fqQVZJ2NASQxJZZ6ylv9CAcyIfGB3btuEVsL2iYPEgSZLp
aAgNb5GSaZ1s9Wmzw+qaZlfDyI3R5APbYI+Y1JZ1XNUFI6pMASY0Q2PIYZXmurrSJRwzDyx8UOvr
FDeZA0Q7kVlzAHeQ5sHZ+SMChqQNiQ8w3IGRFUUlMDCUK9Dasq42MWghtpaqfq1IXSOYonKgqcGt
X5UTdkTBqspui5r2E57japxWKeRYnCezur1ARTLdRGgqWrmivxhRksc8tDEotnNDESG0sAquIOkO
G42dSv1o16b1p2s1fL25diENy2zsckaVgxVAsyMa3k6BFKpVoHxE6QF1usDQUHKOPQnTZzSHLXdw
zMhT81Njxs1ttYsCTLANMHC/DepbdrjIoA9Hhc1NioDSbCUTXWL6OEeiSpxILvBrKGaSDMU23fmY
pzq1+KIpNnV6e9bVUv0Iw6ralAi8zyyno0BSHiG2ypoYkwIoard1LDWzWEKGmnPsZajQx8OwaMga
sNdQC4ItHVJxx04uP/ThLNDgg3+t4xDMnmoFHT0b+BbBn7NxXXa3FXlB0unsHbDjEALViifRAbSS
uk0IBdiwQQVIGc5I0MA6jtimvQ6wbitydo9RDUtMngwYEvHhMrusi+22AcReAolaQ9rEg1We5Za5
3+lu3hqvK+LPotEnluW1GgtMeKZkgrJdm0cntQ5nrj60P2CX5kzC1ZIOcNOJGlsgjJHiS2QBdAJi
K/KEKhZsL1MgHp2dK9TTSRLjsID6ZfyiRhQle3v9gSgtgCVk269Khv05qbJFp5uLQR1r0rKy8NSc
qO32hyIL1CbXvh4xHAwE+PayYRP6Xxy2DBhlqRXHIoDFKcimRN2BNugXMRCm+kQLKO2OiF6hJCDq
UiCGFM0pnBdapbqUgL2lsVHkROj5gAl1pps6vaAi6fT86vgl1EdUT1UZ2RAG7AojJYbJUBcJMRqj
+eQ37PYbLZ+tr4fCr5bzuml7wRxs1kzJuoJwRc+ZadELPVRAb84KqZO38QgHgWmqNbSTlYQmHr2w
7tVE3Y1TFA95yVnB7+psgYOlekyEzzptPBBGo0ldtJmZzC8yzvRAgCT1A/vJl/fo+Yqdn7K9nz6c
n+6D3sHtgQbYvwa1oWJiSPfgHNjDqdDIR5cf4A2y1V0G3v7Tyzc1fNPfdVZ+IGQ4WqPCgdRrShHi
TdYTIpNGO7OxKCK08CyONtZ9FYetQurpXHc4c03TFe1q+sdXWga01/hVVZgpTwBBpNRh1pyx9Jm5
3h/6iEanEBMeDRbMgTxbNj1KhseS3VTcr3dtzf8eHYhp4R6nssLoEelcZ4IJiKwWLeZ2jI40CgH1
4zUlZzj8nlJ15zAxngndevtCA/NFhL5Ps0RypVVtZ2RaNGLcSvqafUTUsA8xkPFdUnP9XSZgE5BP
H6PSfpxMrgBSyHht7kBsfRj/NtR4OxMeH78HRz8r4lDnDOSHg07B4IrK70phiUkUdohQp066aVIb
jZqMcfAgEImgTkGbN2FN4ltAgX0yRaKEA+tLJdflSscxQMHZSkPrBDnw/qLUKZmItVAaNWlWKxrN
2vlp0eELwzRqXkNj+uu5hk0zcqrLHDqzpSSAZzGXPQMyoVVuFdmOtRpdDh4q0wSvNY+pm4VkAq2e
tqJc5lVSu425wXxPe0za8FxESG0QckmYMONi5IKSwDQYNCXXg7y5KXVw7kjNtV7WlYKxLCCkjdBh
G/TQMy38OcbOUhMYtpfzFdTkkezkdIgHln5D1uxcgd7mmpRBnqb5IJZEMYS6TYrNIbhyiXPWoGhJ
xzRlnrP2ObFAYY4vl0oszUjRzB/1mAV/OHC7yx/RB7Hm4vQCP5G1TFLQ9QGGr7XQHQgHJ18TxoII
bxmgtUFn6A95upF8lQNVRjkPhAoK1c+NMUElhB+AUi7r5JsTnM2L7iyvD8khX3FwC4GRXSENdV0K
GSMSCnoPC+NihslQP61zl84cfGs2aF7adZJtBTU41DYUW+sQZgCSlvXzGscDrWq+umot47TNICYb
I1Dcj1aPCQO1iGEcEdLQ0xyqB9yDFoF50sVQS+7b+d4kE61J7QGdWZKBAeBLI896arQyizrEqaaT
MNEBh/DQrIVUBsVRAwj6MWBEv3HBaFOPUnTkBXgmOtX5FmoyXpg+DUprnuZJfYcFENBodDWvlaaf
gY3iTG/OfqbKBYrWPg35PiFQasHa5N19E0RsYCWtKMDjGKV+dUfzkcfyKMVnah8L6hio/Qb9xECr
KQK65Gu8RIO+ZPiyD3OVzqktxjl79eb4Wi9iqyFwsvajL0IITrf90eweOMpE37sPY1X2Kej+aCo9
/a6lO7TQToyJDkRrZoq8MlaXgLKCDdO/KahUHXfrTk01b2koqAAcSEcBvQUrajlZ9RseMAFd1j97
RdGEUNH+LSBUF5uVm86KRfVlp/CTuvYX9xDbCtPkBrfYJhXU0EFw82NoUDa6kKN9yC+QAi2YzhTa
VTSXBB8qI9WE416/J+6hzqe6X3/nqkT3q3Y/MB8nNyv4di0Ludpak+lNKEuId1ur5heH7UKlku49
RobufRQnpdgCvEy3vrGHFmeLlhic6667gF/Od+9TX78r3FoDRzdffTn0ZQy1KBy/aGw35cG2HN6L
yIxduqsFxfpiewnqp7S7cnX5Zgv9pvg1oZ8KmCvWPCrlrcggpW+J4P7ecE2f4sPChtO7ZBe/9cbf
HcS5/rp0Nhjhrf7sujkOt/fpttQlkufatuc4Ln6heXl6scV6KG+ItN1FWIq3FQZxICuKrY1XMXr6
T2+3eN6hAG5xoLDDZ5qsVbyj/84H9kPzEcnlasf2sIainyu4JCSPpBIv9e8Y9HfsgzFKQjcZZhOC
oq5TmgVXCwtak0SbJcp7+0vymxZX5zm+IcUaZ8tuwwcqj7eshETpdZeg8asojC8rbYs1/P/FOu3i
kuZm7YEvX/4PCSGmcQ==
===END CRASH DUMP===
