PocketMine-MP Crash Dump Sun Feb 27 01:06:23 WIB 2022

Error: Undefined variable $name
File: plugins/FishingRod/src/hachkingtohach1/FishingRod/task/CatchTime
Line: 60
Type: ErrorException

THIS CRASH WAS CAUSED BY A PLUGIN
BAD PLUGIN: FishingRod

Code:
[51] 				    if($entities instanceof ItemEntity and $entity instanceof ItemEntity){
[52] 				        $entities->teleport(new Vector3($entity->getLocation()->x, $entity->getLocation()->y, $entity->getLocation()->z));
[53] 					}
[54] 				}
[55] 			}
[56] 		}
[57] 		
[58]         foreach($this->plugin->getServer()->getOnlinePlayers() as $player){
[59] 			
[60] 			$vip = FCCore::getInstance()->getConfig()->getNested("database.$name.vip");
[61]             if(isset($vip)){
[62] 				if($vip != 12){
[63] 				    if($vip < date("m") and !$this->plugin->getServer()->isOp($player->getName())){
[64] 				        $pure = $this->plugin->getServer()->getPluginManager()->getPlugin('PurePerms');
[65]                         $userGroup = $pure->getUserDataMgr()->getGroup($player);    
[66]                         $group = $pure->getGroup("Vip+");	
[67] 					    if($userGroup == "Vip++"){
[68] 						    $pure->getUserDataMgr()->setGroup($player, $group, null);
[69] 						}
[70] 					}

Backtrace:
#0 plugins/FishingRod/src/hachkingtohach1/FishingRod/task/CatchTime(60): pocketmine\errorhandler\ErrorToExceptionHandler::handle(integer 2, string[24] Undefined variable $name, string[104] C:\Users\tranthien\Desktop\FoxCraft\plugins\FishingRod\src\hachkingtohach1\Fishi, integer 60)
#1 pmsrc/src/scheduler/TaskHandler(117): hachkingtohach1\FishingRod\task\CatchTime->onRun()
#2 pmsrc/src/scheduler/TaskScheduler(141): pocketmine\scheduler\TaskHandler->run()
#3 pmsrc/src/plugin/PluginManager(466): pocketmine\scheduler\TaskScheduler->mainThreadHeartbeat(integer 421)
#4 pmsrc/src/Server(1768): pocketmine\plugin\PluginManager->tickSchedulers(integer 421)
#5 pmsrc/src/Server(1657): pocketmine\Server->tick()
#6 pmsrc/src/Server(1046): pocketmine\Server->tickProcessor()
#7 pmsrc/src/PocketMine(304): pocketmine\Server->__construct(object BaseClassLoader#2, object pocketmine\utils\MainLogger#3, string[36] C:\Users\tranthien\Desktop\FoxCraft\, string[44] C:\Users\tranthien\Desktop\FoxCraft\plugins\)
#8 pmsrc/src/PocketMine(327): pocketmine\server()
#9 pmsrc(11): require(string[80] phar://C:/Users/tranthien/Desktop/FoxCraft/PocketMine-MP.phar/src/PocketMine.php)

PocketMine-MP version: 4.2.1 [Protocol 486]
Git commit: 6d6551253173a498128c750c38e719f19880ad49
uname -a: Windows NT tranthien4-8sin 10.0 build 17763 (Windows Server 2016) AMD64
PHP Version: 8.0.13
Zend version: 4.0.13
OS: WINNT, win
Composer libraries: 
- adhocore/json-comment 1.1.2@fc2f76979f0a44a5f5bc2a2b600d0762fe0e78e7
- brick/math 0.9.3@ca57d18f028f84f777b2168cd1911b0dee2343ae
- daverandom/callback-validator unknown@unknown
- fgrosse/phpasn1 v2.4.0@eef488991d53e58e60c9554b09b1201ca5ba9296
- netresearch/jsonmapper v4.0.0@8bbc021a8edb2e4a7ea2f8ad4fa9ec9dce2fcb8d
- pocketmine/bedrock-data 1.6.0+bedrock-1.18.10@e98c511584a7bd58a95986374d2df4b04c6a2ba0
- pocketmine/bedrock-protocol 8.0.0+bedrock-1.18.10@017e57c8f8a74118bcbba7332e7ebac9e6c81693
- pocketmine/binaryutils 0.2.4@5ac7eea91afbad8dc498f5ce34ce6297d5e6ea9a
- pocketmine/callback-validator 1.0.3@64787469766bcaa7e5885242e85c23c25e8c55a2
- pocketmine/classloader 0.2.0@49ea303993efdfb39cd302e2156d50aa78209e78
- pocketmine/color 0.2.0@09be6ea6d76f2e33d6813c39d29c22c46c17e1d2
- pocketmine/errorhandler 0.6.0@dae214a04348b911e8219ebf125ff1c5589cc878
- pocketmine/locale-data 2.4.3@4d0b081f1a79407e087968ea76aaf330db6ea2b5
- pocketmine/log 0.4.0@e6c912c0f9055c81d23108ec2d179b96f404c043
- pocketmine/log-pthreads 0.4.0@61f709e8cf36bcc24e4efe02acded680a1ce23cd
- pocketmine/math 0.4.2@aacc3759a508a69dfa5bc4dfa770ab733c5c94bf
- pocketmine/nbt 0.3.2@3e0d9ef6b6c5fb45e3745a121296e75631b3eefe
- pocketmine/pocketmine-mp 4.2.1@6d6551253173a498128c750c38e719f19880ad49
- pocketmine/raklib 0.14.3@4798576fec0364266dce23b368a7fec5e5de7927
- pocketmine/raklib-ipc 0.1.1@922a6444b0c6c7daaa5aa5a832107e1ec4738aed
- pocketmine/snooze 0.3.1@0ac8fc2a781c419a1f64ebca4d5835028f59e29b
- ramsey/collection 1.2.2@cccc74ee5e328031b15640b51056ee8d3bb66c0a
- ramsey/uuid 4.2.3@fc9bb7fb5388691fd7373cd44dcb4d63bbcf24df
- rhumsaa/uuid unknown@unknown
- symfony/polyfill-ctype v1.24.0@30885182c981ab175d4d034db0f6f469898070ab
- symfony/polyfill-php80 v1.24.0@57b712b08eddb97c762a8caa32c84e037892d2e9
- symfony/polyfill-php81 v1.24.0@5de4ba2d41b15f9bd0e19b2ab9674135813ec98f
- webmozart/assert 1.10.0@6964c76c7804814a842473e0c8fd15bab0f18e25
- webmozart/path-util 2.3.0@d939f7edc24c9a1bb9c0dee5cb05d8e859490725

Loaded plugins:
Alerts 1.0.0 by hachkingtohach1 for API(s) 4.0.0
AlwaysSpawn 2.2.5 by Philip Shilling for API(s) 4.0.0
AuctionHouse 2.0.0-BETA1 by Shock95x for API(s) 4.0.0
BlockGenerator 0.1.0_beta by BlockHorizons, Chris-Prime for API(s) 4.0.0, 3.0.0
BuilderTools 1.3.0-beta2 by CzechPMDevs, VixikHD for API(s) 4.0.0
CraftingTable 1.0.0 by hachkingtohach1 for API(s) 4.0.0
CropGrowth 2.0.1 by NhanAZ, kaidoMC, YTBJero for API(s) 4.0.0
CustomItemLoader 2.3.1 by alvin0319 for API(s) 4.0.0
DEVirion 1.2.5-ALPHA12 by poggit, SOFe for API(s) 4.0.0
DevTools 1.15.0 by PocketMine Team for API(s) 4.0.0
Dungeon 1.0.3 by hachkingtohach1 for API(s) 4.0.0
EconomyAPI 5.7.3-PM4 by onebone for API(s) 4.0.0
EnchantedUI 1.0 by ItsRealNise for API(s) 4.0.0
FCCore 1.10.1 by hachkingtohach1 for API(s) 4.0.0
FishingRod 1.0.1 by hachkingtohach1 for API(s) 4.0.0
FormAPI 1.4.0 by jojoe77777/DragonfireHD98 for API(s) 4.0.0
Gems 5.7.3-PM4 by onebone for API(s) 4.0.0
HealAndFeed 2.1.0 by Kylan1940 for API(s) 4.0.0
HealthTag 2.1.2 by Shelly7w7 for API(s) 4.0.0
InvCrashFix 0.0.1 by Muqsit for API(s) 4.0.0
InvSee 2.0.1 by BlockHorizons for API(s) 4.0.0
KeepInventory 1.0.0 by NhanAZ, KhoaGamingVN for API(s) 4.0.0
LaunchableTNT 1.0.1 by Vecnavium for API(s) 4.0.0
MaxEnchants 1.2.4 by Xenophilicy for API(s) 4.0.0
MinePos 1.3.5 by hachkingtohach1 for API(s) 4.0.0
MultiWorld 1.7.0-beta3 by CzechPMDevs, VixikCZ, fuyutsuki, kaliiks for API(s) 4.0.0
MyItem 1.7 by hachkingtohach1 for API(s) 4.0.0
NPC 1.0.0 by hachkingtohach1 for API(s) 4.0.0
Napthe 0.0.2 by hachkingtohach1,tungstenvn for API(s) 4.0.0
Parties 2.0.1 by Didah (@Diduhless) for API(s) 4.0.0
PlayerStats 3.1.9_BETA by hachkingtohach1 for API(s) 4.0.0
PureChat 2.0.0 by Vecnavium, 64FF00 for API(s) 4.0.0
PureEntities 2.0.0 by LeinneSW for API(s) 4.0.0
PurePerms 1.4.5 by Vecnavium , 64FF00 & ProjectInfinity for API(s) 4.0.0
Quest 2.5 by hachkingtohach1 for API(s) 4.0.0
RedstoneCircuit 3.0.1 by tedo0627 for API(s) 4.0.0
Rewards 5.0 by Wertzui123 for API(s) 4.0.0
ScoreBoard 1.0 by hachkingtohach1 for API(s) 4.0.0
Sell 1.0.0 by lenlenlL6 for API(s) 4.0.0
ShopGUI 1.0.0 by hachkingtohach1 for API(s) 4.0.0
SizeUI 1.0 by fernanACM for API(s) 4.0.0
SkyBlocksPM 1.0.1 by Vecnavium for API(s) 4.0.0
Spyglass 1.0.1 by ItsRealNise for API(s) 4.0.0
StackStorage 1.3.0 by Ree-jp for API(s) 4.0.0
VanillaEnchant 1.0.0 by hachkingtohach1 for API(s) 4.0.0
VanillaHopper 2.0.1 by ColinHDev for API(s) 4.0.0
VanillaX 3.0.0 by CLADevs for API(s) 4.0.0
VoteReward 1.1.0 by  for API(s) 4.0.0
WorldProtect 2.3.11 by aliuly for API(s) 4.0.0
_NewAlias 1.4.0 by Javier Leon9966 for API(s) 4.0.0
libEasyUI 1.0.2 by GiantQuartz for API(s) 4.0.0

----------------------REPORT THE DATA BELOW THIS LINE-----------------------

===BEGIN CRASH DUMP===
eNrtPYty20aSvzJLpy5SrUjhTYB7TkmR5Fgby9Jacuzb5ZZqAAxIRCCA4CGJ3sq/X3fPAAQg2ZZj
7iV1tdmHiMZMT78fgwHyr1GUFSteXd+KooyzdDSz9kZVvBKjme5Ytuu5U9ecuIZh6e7eqM7lLcOa
6K5t6bZmeLZhT+3p3ijhZXVSFFkxmv1rVK1zGDai65P7QMA8wL03Womy5Au89TYNRRSnImS3vIi5
nwj2TcoB+d4oqpPkRZzgqKPZfP62BNLm86rgabWMRTqfH4vypsry+fxFdn9U8Kiaz/OkXsQpDHsR
l8s4XbzJwvm8LIL5fMmD5Q1Aqgx/6f0RFS9v5vMjXgXLK+Bski9zJEAurnDubybsA8b9AcLubUS3
32IDTAlwOJo5Gsi04AH8/Mfomca+FvGOo+3OWJ4FN6JawQrzuUBBL3kaJqKYz0nsV1kr+Jfyxmwm
R+zEaSUWomDGHiurApb4h2H9k31MI+0gXYNR/zaN7LGGLOAORPdMZ/kKxUL/C5YirIGH/SuQhOJn
R9enIIcvUfD4uyx9U6c7tIDx0QUum6sd3dIHom5HzucdWsbfFQ1as4NWCmH/gv6c8RRsv9ixHOfT
ONvlx9+teJxeLQvBw5eCF5UveNWqzzJ0WtDqLHgpilske+q4gzUkKfN5j5bxd1UcbNYrH+C2H8Ht
2NMBbnlHIpNCcB6Zp1nOJ+ZdFFkA0SErJIJpB8EFTTmDKTumZn0Ex/V1kKVgqXVQ7WT+zyKo2Pe8
FEcQl8pXGQ9F8QzsXd3pIqirOAEzPQNJv8oWwPwzszV50/kCi29nWb/JT4ht9yNsG0ORl1KoNMmT
k8AfYFAhfqnjQuwoWlztnyxf8mK2v3802yeK9luC9hU9+w05nTXHZxcTnDggBUPk7uifv+6NxHaC
/dZjLZAmsV3H6W2W3IqVSCtYIgSpBNWouQuQDTaABlkokBtbhzvzSv6HwT9xtPMNYIirWJQQo8qK
p4HIInZaidUJwtcMYgCTY9aPj9j9F6xgGwPM+E+LGrxAJCLPimonFXfsJ6A1K0y19Hr83UJUr7KA
o2x3dsff3e+xj91af/zWh93dvyAlZoeSefUrgqwOiAB2C6BLR13SxVRd4G8XfjfcQDEhQFE734B5
AUdS0kSFCgK7dHGeorIuEr7GmLPLeMm+yelKCsprl4YrR2uvvrmNc/acvTg6gnVmM8B0qqStEB9l
aRQv1MVrUVYi3JmPQl5xH2LBhIxuAkjmI5KDo3doV7qOy1JUO7jSLhHjdLWGtoA0/Ok50w1523zE
XHDIfzNYVsDqK1iMLORPn5JKXJ7nO0oIknogdWdX0WA9Zjl5XQiQxmdk3c89XdjOtxeA4UIUq/Jb
KQ57II7uP9/UEDt+KLIaNUBrEyqMKMcg37NFg5zGNKzs/gXnIm7nU7gXD/BKLPPRT3H+Z9SWNIVp
z24bcXcoe87kFJxDknN7M+Scj1JfDqjfU5TtsRRqUikjb4AQ/WGqDfzp1/8UfP8p+P5T8P2n4Pt/
U/A1ZVOJNdIhmE5Fv6iKmzWAvVG7jTDSJ9pEAwivq2VWlBgJB46LSHke4x2LBsO1SDEOhaMZ6FXs
jUKRizTEyXCvzKLquAtAX4GVHsQDSU3zF0tDMAcYeHF+efXu/M2rYwDdCb+MK6R9WVV5CdK6w5gB
gaSa3AnhJ+tJkK32MZIfJnd8XV7m/C7tsbyBdvk2JsbE7vN9sYwTqAgu4Q/UPYtt8Z0T2lJhnc85
UVQiRfO59IAN75dXh2+u3l70OCfmwH0wY2SQRLvcdcF99oDi8fcnV4d6n8nLJZiMZ99/HXejE3Dq
bLU+vDgdbTgtFW7gUdK1RLpAwX0qP6lmZPb7BPD8IFJR8Er2LordwY0uw9oELPnaFxXv80tTXmZF
/AGiENw6WhZQhl0U2IwMRbA3Mr9G0b2l5vM+sQ9V/Qn+6ziBoVdZlnS9twfu+zDQPUbejT7zRx9E
sLw4Oxa3OOGn+D6+eXm8LbsOEHm+CgH5fO5L2iqkDVjvU/okv17E1bL2yZs7ZO/3UIFsKByCH10h
wR3h9OF/kAjXI2pw+RS5gFhAvHESFOtJua5EOUlFtR/yculnvAj3pUCyHKrhu2rZk0YLHEaFQTx4
DbXn4d8BdsPjMDs7gl//c/X9X0WRbUsqcgXkvqFJJvXfYBiKWOS6LqtshZ27cqsO78NbfQmYQwnw
5DZONVP3tsVwixB4HtDyEPKUeHB88lNcEP0tky2ob+mQ08aHry5eHuqDSJBDBRVjb3Z5/kJsLbMR
0vn8lkiZz9FW5a8OeZ9JbODkwzjXgvq86fbQjTfVD7sSfLUttpr1sSy8HcSwx9h4xFA3lO23OJDZ
Ol2Ivh4VZBiwzN8nYCly2h/bClKdcmHDewfYZd+eTCfm+OLM6osgS4UP/9sW6wodtOiSCsAJDXqX
os+65UkaQDyqRPi2x1UHOtBqn6HTqnwjePI6LrfGVAclMLMh5GkBF3mSe3YddhRg4IoP0sj/lYFK
cpq/2zLPzg5zh/PutnPfO38v5jsbKD3qtiOErFj1HbSB9Nm3hob8c/ZzJqb4z/5xwRe4t1uIl8ee
uy1BbBbABp1oan88xah/EKtufqHL3zHi4Pry/59C/Etw6MM0fCFE1zi70H598yDO/LhOeKp7lrYt
RlqE83mHjKfHGJxULa/4YsCPhA25MYb9q0iS9fRuui1uygah5IaIeDovp+ktVPXl8kV83+GmC+03
qQ9ix1n9C6DbFjMrwjafx+ltgARE8f2XNJ5A96UQfUYQ8Jkeot9jb4mVQTctKfkSZn4UIodZIoXu
e93hqQ//TKfYtkc/LjP+A19ByP3p9bY7ox5FW2iOXvEacz/Qc/X6qsN5H/6ZpPaTCFJ+G9dbK6tb
hKDELiGDy6eo9ozfq+qmG9e70GFbNAjt70Wa0b5csN4Wex2UqMKWlN7Fk5jDZ65ZjzEFGe752L9P
GaLIaX989c7tWZ1U8busSLoZrgPs8z1Ve13mZ/e6jv5Ox9TWdVXWNzHtcSRxfFP+W3bAVkjvHdIL
gunS/jW7Xx1EKKc17ht0ZSQBA/n8TlZBtDR/t1WUvr446vCLV3+QrT0g5csi9Uet/zXPq2U36SrA
sHAwPsnoXgUde1mJ9Db99/FMhDV/nxLLLniBh2Y6zDWQz5QUx3HIl2znAP7Wy0SU5e62uAobjPN5
LmmZzzdEfamztvQRt3Qa4bLivbTUhXa5NqG49a7xEc3vY8EdunoXX23QeFzlaMmrrgwa0INnVB8r
OvA0zYsX2pc1LaP2pMzo4SOrF5yeQpUXRQbY30Pkyery4mTcwDsPsq7l2iAWRffm15OsHsaeqPNi
AyG04M8I4pWI01RcvtuW9hPCByYPNDRH2SRTHYq+bI+zIXG/h0WxL5XQ513ChpsJ9kcsgO0xqQX2
XwxUhscDTtMoTuNqayVbT81EXefnUxT9t1qUXTOX133V/k5FGpGi/ny1R78RYVllqTiKi6COuxwP
7/QD3IOwXokw0xxja817g28+LxQhgSRkPn9I2WfV+UbcQd1R9tiTkP5u0cBX34mi+lDHumFui60N
RuSDSPjNbeEG175CRSq9DLJCfI91VofdDvCTW9f/V0a8oaf7+6vN+VIkSZdrvPxMWZmIFP/7yvmy
fNQ/JvHx4KyQ4/GhJMGzU0TRZw32cpnlP/SePjSQP0iVrMhpf2yrLbiMP4g+3xLwSauNRJHy9PDo
bFvstgiBP1pf/v0NTrohDZm7WdPmV3lx1uWwA/0dt246ZPQunmSu+XqBx/66XDWgz7D0735Y1tDx
9J1fqJWDm8sqK+jdiQ1DXfCDQzp9pt4IMf453xY/UNhd/5xDCEEKSkkBMNahRx4x/Q3mKQkd4wnH
gI4jKqzEJMjiJ57GScLVLldHGoMbf5Co1KdqeL2tGKWwvszyvHc+pQ//TB98lCVx+vJY3G5LGC3C
lm1JyODyt+xbtaRumH//kO/3D2rEgRUcvTqkTbxtMSzRtfy93/x6ipv/lFVC1k1dVjbAwYPxATNb
c+2IJ3SI8BZWfnqMop1DaJ4qfKNqQ34P/OB01IPjUXGdrLd3Ngqxzee0UZpLEob8PLH/PKvjIopF
Eu5vzl+Pm1c4KoiG+yteVqLY77ELUrl+Le4Ok5h389AG9pmH3X+FPCgK9kpkqec5zrbkItE2WPFM
NNCi/vwGX+yj25dofsWX7/wTXq57pdMGNgzPgx3HH2KIjn+rOfQT22JbLjyftwR8xqTxpUFeAN2g
18ERsOZcPJFyX4m0pE0d4FOeaBm5GF3xoYEfrDieltxAAg71dwhzu7BsdR1mFcT1HlS9RbkB1EXS
vca3ybrXUZxUood4scq7l0tIGt3rGFqG2y7g55IU0l6vfPkKQQ+WFVV7DBrVhq/bhRS0NoPyoC+H
NyJKBO19daElSbTsg0IsJjuQy4tXveXX5S9JioupX6y9VWU3IoWiuCeC+3vFNZKL8WbNV4k6lI+X
H+JchlOPtk8+gIl2p8Pl/aov9QzJMzTN1HXDA8DF8XmP9TC7JtKGQADFfYVlYKVl2Rt4Ga/yRLw/
6/E8oAAu8W2gAZ+r5K6IB/rPK3pvCCXcHDu/WA5sb1mnN/T+i0FCkmdW44UfpxyfZUPaNCYOSkLc
QgD01SBEBRVJXmUKYEhhhaBoaZaaylCbiHm9WatzH1/3jdMo69lt+EDlcc9KSJRmF1QIcA/0w0Ut
bbHB/3dwN3Z+EUA91hE+evcyV+viinR4vtuq99wdXZmXYvNNDJCntB86jT6aGZptgdjKa6jVRjNI
oSXEJUw6WZABVst1YA3czho5oWPbumGb+tTklufqhhtMbS0wXTHVvUj3XFfjoYWWVTdJNE7D7K5k
r69Y+96ONXbLOGU6aJURDUyfTh2T7TSD5UtRzNB0Z5cdnh07+Fwav2bREdoHQZ5ktfayzK/xcfDo
3elrejxOF3eUMSFI5VkpimvQcsELtd/Mw2WGuyX7GDrGMEa9Wo31iXEQBUY0dbypF2ncsrgd2X5g
cMN3NC3Upo4RCU1MgW+UYxEHN/sqWmoTb2IeBNyehrobaYYbuVY0nU59Q3fcINQ9Xfe1UAjDtEwu
KBQCrxCGIB9BgE18aBnGt1AAhPKtDpDkTZrdpQfqL5rdosjKUuwDy7xM8a3fWwNT8IEQkeW6nqeH
tilsVzha4Nm25Wuer4MwgSife4aHLgEBuxCl4EWwJP5XXNbfo1vytgPX9wPN0LkrQt8QFp8KbkQu
KDfingi8MBBGFPhu2POSfV+EBVyN8R1lkqQz0f7cAEGu7kQHKj03sHXddgGrH9ou92zPdcypFRph
BMRagQNy5trjqDeGSbbwEL2mT4U9DUDufGrpuusHvs+npmmIqQDhesIJXN3xzAF6ihkbBweBHtg8
mArBPZ1HPg/dMACTj+xAmFYgHMObhrZw4DbvY3pUiXRY+cCxpu7UAqNyHD/gIFPbdW3DMoRrB4YZ
GLYAydj0ekoXIXbciTq/T6RpB5YnuKmZnmeKKIx80wtCUzOEodtOaGuA2jU0D+xzgClLsg0OsAqk
3wmnTmQI0wwdVzcD0wsNLzCMwHICkKQeDqjpvqtLqEDFByGHpS2uWabl+mDhwjV0T/gRxIoo0oEn
1wsCd0hOkmFF0RgLmrB5YIWar7l6pPOpZ2lToblTz3EFnzqcR6aphT6QbPj2ENOCaCEncAJPNwIt
8jTbBlWHhqlrrgiMUJ96vudEFlgYUPoAw7iTciQqR4+mIEY3iExQWGBYwhLg9wYPQgHS0rgObmAG
AydoAwHE2QPOg8Cc2h63NZc7XhiBDwYW/JlONe6DWQZ24Fl+1EeR+lWTmw5MoYWeiBzfCezIt2wB
nmJz3YAM7oip7Zi6b4Ljiz6GTrFPhRTF/IMvCOAdXAW/kaUFhFrS0dRzbTAaEWimYxmOg9HA9E0H
PA6AtrBDMfWM6WNYxnEeNBXNgWcY3LEs8PnACaYh59zG/7qmoYPqdRFYU9PlYiDfMs2yD6LJ+Aca
B1+H0Dx19cDSPa5HjiXAvSwILaaNAdj2hOH5mGj5qhRrdINNRYfHnoyDAP6ZWkKAdA0XyiMfHMnS
fFvXbEcINzR933ECjW+Q1HUcKrmakCw8359Gvm26ruPpUTg1p2AXlhUGvhU6MDuIDNA6Tl/Wq5Lz
Zv7D6F6uV1GWrkGDyRoKjGTcFNO3QCpapalB1NBdIwD9cV+f2iE4jWmFvhaBcTue67kaGtdjuCBl
uFoHlz31p7oBHifC0PemASQ27kJoMo3AtYRmTl3PCA3hfQyX3sUVCsvnRmih9CLPDzWhe77Bwecg
EJs2RBfIHG4km5VV9gFapH0IbaKomuPy4HKeYwEVwdTVLBdCimsZYARCAx2HOqQvYFJ3hWH3kOTg
cWOM3ao5h4DkmV40FSH4bAAm4ftegEnXDnzNDl2It57laVNAQ71Sa1uTNZWrzxi22iyg72/UBX1w
hGGxh58EYb3qap4+Y1dLyKSsFBW+tVYyXghWLQXLUlHCD16xgKdpVjFfsDgNkhqCB/xg8h3oCSQ0
yLz0pBlwXWYrmBkhgiHOkkdij2VwpygRJfMhWt2wdVYXCheLI7aCLgT6fVwBihv8SEyyRsTQubfo
9qHU5XVSlewuS7+tGOZ+XjBoYjMIXjFmMPz0C8NvcUi+75YiZXW+KHgICCbzdJ42yGbzlLFn75YC
CWNVBqtA1Qoo1PvkJRV+JZbWobxNpMrgz0CeiahIXrhVGAgmcwtCVogZJB6IccKxOF6IGaP6FG+U
y7qCajEdqy/zzNh8pArHea3pug7/rwmT3SzntS7CKG7BcOWlC5bgL67Hf5qPiIXDJMnuWBKXyFbz
lQt2G3P2t1oUaxzzC/5odk9mDFt4mnpCTb2aQ59HwcKSgWpBeojNXzMlcxwv9wDG7e0OV8/egWuB
6YACeBgyqNGknlD++J0BthK8rAv6DBAD7fgCiQYpil9qnqB8F/EtjIXioxZsRy0KpfQuYpcrinFB
n+YZg37wiwEzuE1rv65XPogPzO+wXKcBfswBLKS4AYOb0IC3JegQfaDhFIctiyzNalAzDC/3GO1Z
MdmUoOPsMSy/gRHsPkg24LgIW9VpLD/mI5Ffkh0AT2CORXYfgykKEAOwRCaetsShbBVBpxEaNY5B
491jcfUtiK8qaFoocC+LbGswme0ADzU4mEFiITbGitMZoRoaNSfjKOo0RXWG2FBmOSmBOphywo7F
rfrNVvFiCV6PR8v3ul6qDAclUhR1XkmoFBgKZgW0Kb5IueC91JWE0nP4bRaHQPbjFKCNoM1BaxCD
dU06hgaDx3JQa2nzdCVgubX03h+SzAfrwf0nJuHgB6u4wiCwEgvu0+Y9u5Si1ki4cUmv6+L0K9Ta
XUySJ4sC774bS0SNkZXEIb7zAj+YwGPciCYqhGiWlEYO2qrRn9kiA0Vl6M9oFbjQgsgcE2kzpiEX
sDrFalm6/eE5wA29T9G/5EX4dfSXVZYTCSrOtiQpdCWD8JFj2g1bgnDVhipdMyxFGAWBd+QVir7y
2y1QSH5BJGHEYEENWSqFLMXEvQhqCr6ZJFl6JGa1drS4D4QIyw1HMnCdX53M2NXL00v26vTs9Iod
Xly8Oj25ZBcnb9i78zc/nrzZYzCIXZ3DqBP27uX5qxN28eb86OTycjIMAT15GLajxHEhijijzI2B
uEQGg6WgkEzSaIOtDrKH2iGk2EJDxhAKhQyzhOooS4FPCNBgTcjvx4xNGtndElMwyARDkBxGmCUS
CL2bQC4zEq1xjjkECwKaMHk4Gm1B7UaD2nIRYN0gJYvkSr3KuS0PYF4iLzesmpritdx9nCTFuak4
X/DCB88Yb0pwCkCPS5dcDclRs5iaBbF7xdOaqpQuJVDB1WCDu3tNThgaYWOGMr1G0KtUkt/VxgUn
7FzGfGnwUGZkdRK2tMSQRO5StqG/lIhzIh8YdTRN8QqrvaBg8SBJkulIDC1vUZGtmmQrZ6sR465p
djWM3ChNPrAN9ohJ9azjsqksUWVFRh9daQw5rFe5LMNkrcfUjTHeaPR1jIPUBKKdyGw4wI/g3Qlw
dv6IgCFpQ+KDFW7ByMqyFhgYqiVobdGUpRi0cLUNVXuNImWNoKrPiaQGh35UTit+P6bt27Kh/Yjn
CI1X9QpyLKTXApHTp/dQkUx+L01SsZEr+osSJXnMQxuDqjxXFNGCYyyXa0i6Vqux40zeGto01kYY
9SR+ObhxIYlLDexyRpXDmLaHW96OgRSqVaB8ROkBdbLAkFhyjs0Lk3MkhxvuYJqSp+SnWRkHb6pd
FGCC/YLC+2lUn7LDeZqKChU2UykCSrNllsgS08dzaVSJE8klfmGNqSRDsU22SOquTC2+aItNmd6e
dbXU3MKwWqwrRL7HxnpHgaQ8WnhcNcSoFEBRe1PH0iMFLCFDyTk2PVTo42QAKrIm7CXUgmBLz6m4
Y0cXb/cYHoSHgWl4F4dg9lQryOjZ4h8T/hlzmrJ7U5GXJJ3O2Ak7DCFQLXkS7UPPKduEUIANq6Vg
UYb7h2hgHUfcpL0Osm4rcnKPUQ1LTJ5MGBLx9iK9aIrtTaeIvQQShU/6cWKdp/lYXQ+6mzPldWX8
QbT6xLK8UWOJCU+VTFC2S/PopFbLM+Sk3Qm7UHMSXixoAlctq7IFWjEq+AJZAJ2A2Mo8oYoF+9AV
EI/OzgvU01ESwyjZWONHyERZsbOrt0RpCSwh235dMWzkSZWb5WRzMWlizaqqxzhrRtR2+0OR0nMn
8vWInTXnhFo2oVGOojiYMMpSS45FAItXIJsKdQfaoO+bQ5jaI1pAabdE9BIlAVGXAjGkaE7hvJQq
laUEjK2UjSInQm4kqFCnuqnjcyqSjk8vD7+H+ojqqTolG8KAXWOkpEemskiI0RjVZ2nDbr+x4XPj
66Hw68Wsadq+Yzo2a6pkXUK4ovtM9fKl3H1Ab07LTCZv5RE6IpNUS2xHyywraYei6dVE041TFMft
ZVby2yZbwE88AEGfJsV7nTYeCKOn8rJoU5s3P2dxKjcESFLfsvd+do+eX7DTY7bz/u3p8S7oHdwe
aIDxd6A2VAy+NwHOgT1cESr5yPIDvCHb6C4Fb3///asGv+rvOpBvaTF8nkaFA6lXlSLEW9ZsJak0
eg/0jfFAwvMsimhZuBdH6/F9HYcbhZA8x/1dnCvahpGuJj+lL2VAkV75VV2q7aAAgkglw6yaM5Zz
Zkw9cMVlZApR4VGtgjmQp4u2R0lxWjJMxXvNqNtY3I3bBP3YzpkU7uEqqzF6RDLXqWACImtEi7kd
oyNthYD68TclZ5j8hlJ1ZzIxngrZevtCIvMFfhSY0WfpyJWWjZ2RaSG4n/Ql+7hQyz7EQMaHpOby
+5GwGn5y+DEqtcfJ5AVgChlvzB2IbSbj35Yac7DD49OJVPzAcxzKnIH8cNApGFxZ+10pLDCJwggR
ytRJF21qo60mZRw8CEQiqFOQ5k2rJvENLIF9MkWihAPrC/rGlYxjsARnS4mtE+TA+8tKpmQidozS
aEgbb0QjWTs9Ljt8YZhGzUtsTD5gbdlUW05NmUNzekoCfGNmsGdAJh53bRW52dZqdTl5qEwVvO54
TN0sJBNo9aQV5VleJ43bqAvM9zRGpQ3TwAWpDUIuaSXMuBi5oCRQDQZC1EbeTJU6uO9IzbUEy0pB
WRZ+VLGN0OEm6KFnjvFz4QNQGxj6YHXyoJPTIR6M5dmqduQS9DaTpEzy1SqfxBlRDKFuvcLmEFy5
wn3WoNyQjmlK3Web+8QChTm+WBRiobYU1f6j3GbBjxPfDPkj+iDWnB+f41dFxyopyPoAw9edkB0I
Z/iFclyxJMI3DBBs0nk6AHm6lXyd4xkmqZwHQgWFyvvKmKASwhMGlMs6+eYIN/FFdy9vD5JDvuTg
FgIje4E0NHUpZIxIFNB7jDEuppgM5d0md8nMwXt7g+rURyfZ1lCDQ21DsbUJYQohaVneb9Z4oFXJ
V1etVbzaZBCVjREpjkerx4SBWsQwjgvSpqea1GxwTzYLqDvdFRrJfTrfq2QiNSk9oLOXpHAA+krJ
s9k1WiqgDHFF20mo6ICb8NCshVQGxVGLCB+m14V8NIPRptlKkZEX8Kno1ORbjqcLVZ8GpTXHw1Lq
CgsgoFHpatYoTd4DG8U9vRn7B1UuULTu0SbfPxGpTMxt8u4+MiI2sJIuKMDjNkrzlU3aH3ksj1J8
pvaxpI6B2m98uT5PhCoCuuTLdQkuDf1ZKdANLM2Sl+2KwJM8TXyNFMn3/2kE9h0Ct9n+os5x7Nne
Pb2Rtmfeh3FR7VEE/osq++SDl+4OhvRozHogZ7XByGtlggloLlgz+V1l/MC8DMJN21a0j2wowgAe
yE0BPTsrG6GNm8c9YA+yxn/2gkILLUXje0ioSFaQ6w5kTMVmpwrMZCMg7iHQlarjDW7o1TPq7iDS
+XGC/xIGqupoHPJL/0qGRKYN6TeSS8IPZVLRxmZ8aDvUMD7dvNjoW/4rBugZ3xxKGKCsZi+EzwyL
6fZMM2e6yd6dfs8MzTBwQPMc7rmAcAvXq6wKnzfvtyBALjhG53uue7ppDIC3DoFNBKtuIc4BCNYO
kLtlXIkxPoJ7rhF6aKdU8fbcJsiC42ZCKOR9+XCwhUG9i1DcvsXHPM11fpsr/GGM/RUY9Po5Edba
Z5vunhOXVBpjxf08WNJjRA93YOUvDma62oxCi+9Mwmf1z49PXhy+fXXV4ZEeHCoiKH2gL6vrXnn7
3EVQp4SnIaNf/xe5eoar
===END CRASH DUMP===
