PocketMine-MP Crash Dump Sun Feb 6 11:52:51 WIB 2022

Error: Undefined constant pocketmine\entity\Entity::EntityMetadataProperties
File: plugins/PureEntities/src/leinne/pureentities/entity/passive/Cow
Line: 42
Type: Error

THIS CRASH WAS CAUSED BY A PLUGIN
BAD PLUGIN: PureEntities

Code:
[33]     }
[34] 
[35]     public function getName() : string{
[36]         return 'Cow';
[37]     }
[38] 	
[39] 	public function interact(Player $player, Item $item) : bool{
[40]         $hand = $player->getInventory()->getItemInHand();
[41] 		if($hand instanceof Bucket and $hand->getMeta() === 0) { // check for empty bucket
[42] 			$this->getNetworkProperties()->setString(Entity::EntityMetadataProperties, "Milk");
[43] 		}
[44]         return false;
[45]     }
[46] 
[47]     public function canInteractWithTarget(Entity $target, float $distanceSquare) : bool{
[48]         return false; //TODO: 아이템 유인 구현
[49]     }
[50] 
[51]     public function interactTarget() : bool{
[52]         if(!parent::interactTarget()){

Backtrace:
#0 plugins/PureEntities/src/leinne/pureentities/PureEntities(261): leinne\pureentities\entity\passive\Cow->interact(object pocketmine\player\Player#111348, object pocketmine\item\Bucket#128600)
#1 pmsrc/src/event/RegisteredListener(75): leinne\pureentities\PureEntities->onDataPacketEvent(object pocketmine\event\server\DataPacketReceiveEvent#128621)
#2 pmsrc/src/event/Event(62): pocketmine\event\RegisteredListener->callEvent(object pocketmine\event\server\DataPacketReceiveEvent#128621)
#3 pmsrc/src/network/mcpe/NetworkSession(394): pocketmine\event\Event->call()
#4 pmsrc/src/network/mcpe/NetworkSession(358): pocketmine\network\mcpe\NetworkSession->handleDataPacket(object pocketmine\network\mcpe\protocol\InventoryTransactionPacket#131270, string[49] ..........................F.Dr=.B.`.D.F.Dr=.B.`.D)
#5 pmsrc/src/network/mcpe/raklib/RakLibInterface(192): pocketmine\network\mcpe\NetworkSession->handleEncoded(string[51] 3.c`f.e`......\.p..m.K.m.Sk...uP.D .L.......3.]....)
#6 pmsrc/vendor/pocketmine/raklib-ipc/src/RakLibToUserThreadMessageReceiver(42): pocketmine\network\mcpe\raklib\RakLibInterface->onPacketReceive(integer 0, string[60] ..BL.`..GSj/H..(Jx~HC..J.S..j.......b.....y......\.#........)
#7 pmsrc/src/network/mcpe/raklib/RakLibInterface(122): raklib\server\ipc\RakLibToUserThreadMessageReceiver->handle(object pocketmine\network\mcpe\raklib\RakLibInterface#116971)
#8 pmsrc/vendor/pocketmine/snooze/src/SleeperHandler(123): pocketmine\network\mcpe\raklib\RakLibInterface->pocketmine\network\mcpe\raklib\{closure}()
#9 pmsrc/vendor/pocketmine/snooze/src/SleeperHandler(82): pocketmine\snooze\SleeperHandler->processNotifications()
#10 pmsrc/src/Server(1645): pocketmine\snooze\SleeperHandler->sleepUntil(double 1644123171.5584)
#11 pmsrc/src/Server(1034): pocketmine\Server->tickProcessor()
#12 pmsrc/src/PocketMine(301): pocketmine\Server->__construct(object BaseClassLoader#2, object pocketmine\utils\MainLogger#3, string[36] C:\Users\tranthien\Desktop\FoxCraft\, string[44] C:\Users\tranthien\Desktop\FoxCraft\plugins\)
#13 pmsrc/src/PocketMine(324): pocketmine\server()
#14 pmsrc(11): require(string[80] phar://C:/Users/tranthien/Desktop/FoxCraft/PocketMine-MP.phar/src/PocketMine.php)

PocketMine-MP version: 4.0.0 [Protocol 475]
Git commit: 468faa464b2bc5c97f23fafbb71ea61035f6f218
uname -a: Windows NT tranthien4-8sin 10.0 build 17763 (Windows Server 2016) AMD64
PHP Version: 8.0.13
Zend version: 4.0.13
OS: WINNT, win
Composer libraries: 
- adhocore/json-comment 1.1.2@fc2f76979f0a44a5f5bc2a2b600d0762fe0e78e7
- brick/math 0.9.3@ca57d18f028f84f777b2168cd1911b0dee2343ae
- daverandom/callback-validator unknown@unknown
- fgrosse/phpasn1 v2.3.0@20299033c35f4300eb656e7e8e88cf52d1d6694e
- netresearch/jsonmapper v4.0.0@8bbc021a8edb2e4a7ea2f8ad4fa9ec9dce2fcb8d
- pocketmine/bedrock-data 1.5.0+bedrock-1.18.0@482c679aa5ed0b81c088c2b1ff0b8110a94c8a6c
- pocketmine/bedrock-protocol 7.0.0+bedrock-1.18.0@040a883a4abb8c9b93114d5278cb5fecc635da82
- pocketmine/binaryutils 0.2.2@f883e1cf9099ed6a757a10a2f75b3333eeb2cdf9
- pocketmine/callback-validator 1.0.3@64787469766bcaa7e5885242e85c23c25e8c55a2
- pocketmine/classloader 0.2.0@49ea303993efdfb39cd302e2156d50aa78209e78
- pocketmine/color 0.2.0@09be6ea6d76f2e33d6813c39d29c22c46c17e1d2
- pocketmine/errorhandler 0.3.0@ec742b209e8056bbe855069c4eff94c9734ea19b
- pocketmine/locale-data 2.0.20@a6e4eb22587e0014f6d658732cf633262723f8d3
- pocketmine/log 0.4.0@e6c912c0f9055c81d23108ec2d179b96f404c043
- pocketmine/log-pthreads 0.4.0@61f709e8cf36bcc24e4efe02acded680a1ce23cd
- pocketmine/math 0.4.0@6d64e2555bd2e95ed024574f75d1cefc135c89fc
- pocketmine/nbt 0.3.0@98c4a04b55a915e18f83d3b0c9beb24a71abcd31
- pocketmine/pocketmine-mp 4.0.0@468faa464b2bc5c97f23fafbb71ea61035f6f218
- pocketmine/raklib 0.14.2@e3a861187470e1facc6625040128f447ebbcbaec
- pocketmine/raklib-ipc 0.1.1@922a6444b0c6c7daaa5aa5a832107e1ec4738aed
- pocketmine/snooze 0.3.1@0ac8fc2a781c419a1f64ebca4d5835028f59e29b
- ramsey/collection 1.2.2@cccc74ee5e328031b15640b51056ee8d3bb66c0a
- ramsey/uuid 4.2.3@fc9bb7fb5388691fd7373cd44dcb4d63bbcf24df
- rhumsaa/uuid unknown@unknown
- symfony/polyfill-ctype v1.23.0@46cd95797e9df938fdd2b03693b5fca5e64b01ce
- symfony/polyfill-php80 v1.23.1@1100343ed1a92e3a38f9ae122fc0eb21602547be
- symfony/polyfill-php81 v1.23.0@e66119f3de95efc359483f810c4c3e6436279436
- webmozart/assert 1.10.0@6964c76c7804814a842473e0c8fd15bab0f18e25
- webmozart/path-util 2.3.0@d939f7edc24c9a1bb9c0dee5cb05d8e859490725

Loaded plugins:
Alerts 1.0.0 by hachkingtohach1 for API(s) 4.0.0
AntiInstaBreak 1.0.0 by PMMP Team for API(s) 4.0.0
AuctionHouse 2.0.0-BETA1 by Shock95x for API(s) 4.0.0
BlockGenerator 0.1.0_beta by BlockHorizons, Chris-Prime for API(s) 4.0.0, 3.0.0
BuilderTools 1.3.0-beta2 by CzechPMDevs, VixikHD for API(s) 4.0.0
CraftingTable 1.0.0 by hachkingtohach1 for API(s) 4.0.0
CropGrowth 2.0.1 by NhanAZ, kaidoMC, YTBJero for API(s) 4.0.0
CustomItemLoader 2.3.1 by alvin0319 for API(s) 4.0.0
DevTools 1.15.0 by PocketMine Team for API(s) 4.0.0
EconomyAPI 5.7.3-PM4 by onebone for API(s) 4.0.0
FCCore 1.0.1 by hachkingtohach1 for API(s) 4.0.0
FormAPI 1.4.0 by jojoe77777/DragonfireHD98 for API(s) 4.0.0
Gems 5.7.3-PM4 by onebone for API(s) 4.0.0
HealthTag 2.1.2 by Shelly7w7 for API(s) 4.0.0
InvCrashFix 0.0.1 by Muqsit for API(s) 4.0.0
InvSee 2.0.1 by BlockHorizons for API(s) 4.0.0
KeepInventory 1.0.0 by NhanAZ, KhoaGamingVN for API(s) 4.0.0
LaunchableTNT 1.0.1 by Vecnavium for API(s) 4.0.0
MultiWorld 1.7.0-beta3 by CzechPMDevs, VixikCZ, fuyutsuki, kaliiks for API(s) 4.0.0
MyItem 1.5.5 by hachkingtohach1 for API(s) 4.0.0
NPC 1.0.0 by hachkingtohach1 for API(s) 4.0.0
Napthe 0.0.2 by hachkingtohach1,tungstenvn for API(s) 4.0.0
Parties 2.0.1 by Didah (@Diduhless) for API(s) 4.0.0
PlayerStats 3.1.9_BETA by hachkingtohach1 for API(s) 4.0.0
PureChat 2.0.0 by Vecnavium, 64FF00 for API(s) 4.0.0
PureEntities 2.0.0 by LeinneSW for API(s) 4.0.0
PurePerms 1.4.5 by Vecnavium , 64FF00 & ProjectInfinity for API(s) 4.0.0
RedstoneCircuit 3.0.0 by tedo0627 for API(s) 4.0.0
ScoreBoard 1.0 by hachkingtohach1 for API(s) 4.0.0
Shield 1.4.0 by JavierLeon9966 for API(s) 4.0.0
ShopGUI 1.0.0 by hachkingtohach1 for API(s) 4.0.0
SimpleHome 1.1.0 by CzechPMDevs, VixikCZ for API(s) 4.0.0
Spyglass 1.0.1 by ItsRealNise for API(s) 4.0.0
VanillaHopper 2.0.1 by ColinHDev for API(s) 4.0.0
VanillaX 3.0.0 by CLADevs for API(s) 4.0.0
_NewAlias 1.4.0 by Javier Leon9966 for API(s) 4.0.0
libEasyUI 1.0.2 by GiantQuartz for API(s) 4.0.0

----------------------REPORT THE DATA BELOW THIS LINE-----------------------

===BEGIN CRASH DUMP===
eNrtXOty28aSfpVZOrWRa0USdwI85ZRlSbaVSLbWkuPsOUj5DIABiQgEEFwk0anss293zwAEKCmS
E2WTH1YlJjEY9Hx97x4A/GUU5+WK1x8vRVkleTaaW7ujOlmJ0Vx3LEs3TH2mT2zbgC+7o6aQp8zZ
xDJcy3V0zZ3NPA9OpbyqD8syL0fzX0b1uoBZI3m8O1qJquILHHmfRSJOMhGxMM+qmmc1K/LwQtQr
GPR9kdVJvfb9Q/qcz+Xniah5xGt+WuaFKOtEVEAzbtL0ZZIi0f2577+vAL/v1yWQXCYi8/0DUV3U
eeH7L/Pr/ZLHte8XabNIMph22pSCaAMt36/K0PdTkWQIoYBTojvVAip4VSWXcHo/v5oUywIByMUV
zWmf5BQoTiXBaZ/eVJKbKmpTIAaEUmAdxG6A3Esewtd/jZ5o7LPo9iftGI7+dM4ezs/4mySrBSxd
7+TBTyIcqqRI+VqUIDL6fKLrumm5u+yWmUktVr7/osGRJ7rhOpr2FNh7orNihcDxf3EJCKbvxCKp
YEkRHeNnJsqdmX0n5j5z42/y7ABNgeMqh0jtNtC0DChWlJeIfXPFOxEK4JsuJIyGThiNGxglbccA
WLdQvsnB+JuQp+njITJ7iDJRX+XlxXQVFmL6Rh6cgU+Bv+6YnnU7RKIoUe0QReuhFG13i6Ka7fs4
3feH88ffLHkWpWLD0m38b5EoyrzOwzz1/aMMcebl+hxctwIjBJKSzBPd1I2Ztsuqukyyxb8s70c2
ufPv5eSgfDZ5Mfn35KD/nTi37+K85BdpEkzf8YvjJDhCL4jBA3d0z/g9EjjMwjwS0Y7Ca+s/MnMS
/jueiH9LjL4/KSaT1eQ7+P/sAgaa08kBmxwrFszJj/hBkB0FGYQT5eV0g0VhHieF5EdiP88xAJ4v
S8GjExltlWGVO9Y9zEiCYNNDKaCrDUx0B8PEQpRsoxJHQ5W8OAZJT16d/TR9PZnsfHv9v6/3J5Nv
J2eTyU+Ks4D+XXdSeNJqjXidfa56DOSohd26FAik5eE3pNHq6gE2eodcIAQ63kw6qXunlqoszz8J
YuksFQLy1mtatwT05u/UxwOu+SVM8wri5a/S5b3fgc/dNhc51feH8wBOmYcg3Dd5ncRJyNFxK7ms
rvU0ekb62YFqwn4g4QqP30PET3eivAlSwQaliGvJRfRbFtHM7Wgoz4y/qZPw4lQizksFsx/1T+ma
E7hmx9T0O4h8/EhlS9lscuULXol9KH6q45xHkCCNW3NjA8xAKjvhSXacL8CJnpidE5nOj+zBJcwm
GlqfcVVX+Ei+zTv4NraFJ31LSUvljx0dpVOKn5ukFG2scyEQFEtezqfT/fmUME07SFOFaNoC6i06
Pjmd4IVbWLDGejr68dfdkfj/rCkfu6QD/JLYxyS7zNNLsYLpsEIEogvrUXsWRvprwTgmEmTaNOEc
g79fYdC04AA/bTVYgHMkIYubjNImW4j6DV+JnadsrszkF5zuqOn4V4q6KTP2NeD8+h94ctZfwIUD
H3GZHn3bXqArFGU1yL6S1eEuO4Laj32FFSCuHeR5iitbWm/lrzDwsmftNeNvAG2X/HeeymMgcJRh
INh5iugsnWD4EGF25PUJaTgUecxkpclwlM4RBdQr8P/s2TOmPWW/sOmUhUsRXjBoc5hYFfWaBXQd
UjcUdb/+Cgy1IgIqtW/sAqFVoj4jee7cZ0W7zB+dJOmFP5IMmGoJFK9l3VREzNNK0Ey7pwjLkZq2
ZndoOuTZkdLFh6RenvMSoCtw7KuaDndZnOa8Zl9FiZTZ2c8NL8VAQe5diEBw528P3s6Z34S2ZcG/
sxn8G+l2iEMzQ6MhFw545IRwxtEspOj12LA1yYat38FGa08Kfx+abfSggfr/owDsWT2fb1/z9JfR
r19apy+t05fW6Uvr9KV1+tI6fWmdvrROX1qnH9veosI2Yg+Mo6ZvGcf9+3Zgd9Rt+4/0iTbRYIQ3
9TIvK6ylljxcXgDGOsdvOhLlRYJnLJoMxyLjYGXRaA6aFbujCKwxi/BiOFflcX3QH1hx6nW2yPq+
RNN+Yv8EBoFN0duz8w9v3x0fwNCVCCook/Dyui4qkNYVr8NltUzqyZUQQbqehPlqirXgHtj/EfYJ
LyCKXfS5Hp64h/vTk5NTdi746rH4LlYrMK0hCGnY97FMXDWU4F/nTSX6PPWH+xwZCHX84vB8Tx/y
dbYEW/Hs6z/G1ugQ/DlfrfdOj0YbFitF2/e5xLVEXMD0EOW9zL5Igc4rLA55Ldt/xe7WiT7D2gSU
+DGAlmzIL13yOi+TTxCA4NT+soRe77TEO1nbIoDO949oeLAUFPQDsL4v49yD+G+SFKaeQzPUd9vB
8NB8AfcYeTeGzO9/EuHy9ORAXOIF3yfXycXrg8cy6BCJF6sIiPt+ILHViA17mQHSBzn0AjrZJiA3
7sGeDkiBbCgOQvg4R8A94QzH/yahbQBq6/AhcgGxgHiTNCzXk2pdi2oC5cs04tUyyHkZTaVA8uJV
mV/Vy4E0usHtqLAVD95AWbf3Txi74EmUn+zDt/85f/GtKPPHkopcAblvMT0s7N1iGAosct1Udb7C
HSPlVj3et08NJWBuS4Cnl0mmmbr3WAx3BIHnLSw3Rx4SD8ARtmNBNzS0dN2+kce60uBRs1m7PlZN
l1t+fna+9+78/el9ytwgm3Y0gNleZtmw2xvsM2xPZhNzfHpiDXnOMxHA/4/FqyLn+0KiAJq+P0B0
rwZf7u/nZT9cqYHtOKX/NXFKomk/HysyvczL1VCN7ciQbWvbZn/Kf8rFDP+mByVf5FkMFfPrA899
LAFsFsBinzB1Xx6izldi1XdGOvwL7RLXl/8+BPxrwVPcNF70ONiMDYOlPjG2y0eRpuvZ1eyxmKha
gr7fgXh4WXyUXUJSrZYvk+seN/3RYY14w8NOmp+B3GMxsyJqvp9klyECiJPrz6n7APeZEENGcOCe
FD4scR+Jla1iViL5HGa+E6Lo9ih7PA3H7ynUuurku2XOX3Forhffv3nswmSA6BFqk2PeZOES8Zy/
Oe9xPhy/J/R/L8KMXybNo2XsjiAosQ9k6/Ahqj1p0jr5kJdp1OOuNzhkbaZ6E/Pe3mT/n/Ro37qp
q+YioZo0TZKL6k/pWFaI9wrxgsr72P9It9IjhHJaY53Xl5EcGMrHnth/TdaXaNrPx8r6b073exzj
0d+kGQMon+fcd24xveFFvezHaTWwnWuM32R0t26yBd4Du8z+PJ4JWPv5EN8+5fJ5iA1z7cg9Wegg
ifiS7TyHz2aZiqp6+lhcRS1FvP1aqnubHajPddcOH3FLN2fPaj7YH+2P9rmG1nHifcRNtb/Ggnu4
Bgd/2KDxTvH+ktd9GbRDN3YV78pTuyPHevlS0z6LfVrnVJQrCvJbm4wv5V3N6rTMgfoPEHnypjo9
HLfjva3Hj3JtedMbcW++Pcjq+w/gDIXQey7nNwVxTPfgzz48lvbvv6f/2R13C3Hw2EPLvlTCkHc5
tt2t2XdYANtlUgvsPxmoDO/lHEHrliX1+rGEMlAzoet9fYii34moqqFp2k/KsEn6Br99Zuj4N9Rd
iyjXHOPR+qCWnu+XCkgogeAzE9vI7mXzLIQ+/gXm5B6HvcGtlPzXhLMNnv73PxzMzpaJGFSmauCe
TYdvwYZFeSzyzPMc57GYHlIFPglL+/kgVS7z4tX7owE/cuRvUlcpON2Xxyokz5JVkYrX+apfafUG
t3Y+t9m/vb/4MzqJijAtARPIoI/vj3QSZyuepqfqWbYeVRRMsV7gjfO+WNqhe7rKo7p6J3j6Jqke
bReqRxLYVzgevoPzPc+SNOWv86IY7OIPx++pPffzNMleg9wei6mOoO8PgGwd/h4dd1A3zP9wk+8f
7ss/+8d7ZNqPxbAk1/H3w+bbQ7T48Y242ksT3rfJzdiDIi/7s0MvYVEfv0NxQ3JTSeZXfNo7OOTV
ehChN2Pb/rjVEr5KeFb/dwPNzKfHYlsu7PsdgHuUh0+p8xJw12L7jlH7jAlBuYZOtaKqG/iUdzNG
Lroi7usE4YrjDcjNSMhTgAbX9sfy1ccoryHUD0bVs/2bgaZM+8cRrwfn4yStxYDwYlX0D5eQR/rH
SZhnl/2BnypSSHe8CuTjOIOxvKy7JwtQbfgYdUQV1WZSEQ7l8E7EqaDmpD9akUSr4VCEPVNv5Oz0
eLD8uvo5zXAx9Y11p+r8QmTJp6EIrq8V1wgXw+Oar1KKlgYdfkoKmSc9qt8/gYn2L4fD69VQ6jnC
MzTN1HXDg4HTg7cD1qP8I0HbHoShZKiwHKy0qgYTZUb74WTA8xYCOMQHEbf4XKVXZbKl/6KmRxZR
wu2THKfLLdtbNtkFPU1mkJDkbeBkESQZx/1piLHGxEFJiEuozAI1CUlBkVLUuRowpLAiULQ0S02V
HpvHvz5u1uqdx9dLkizOB3Yb3VB5MrASEqXZHyoFuAf64aKRttjS/ye4G3t7GkJR1hM+eveyUOvi
ivQ8Strv8/rujq7MK7F5H7yTJz3gMZobmmmA2KqPUPqM5vS2AKygHkoeza2ZDWtgXzWyHDfm3HKs
wAhCO/RmsWHGPA6CmS64o2umHTuxobtAu1FQPiRZlF9V7M05656Bs8ZulWRMBxSMMDB9NnNMttNO
lo8YMkPTnads7+TAwZtu+JJ2T2ifBHmS1dnLsviYo3I+HL2hLW86uKKKBYJUkVei/AhaLnmpNgR4
tMyxRZli6BjDHPUuDxaexvM4NOKZ4828WOOWxe3YDkKDG4GjaZE2c4xYaGLmihnKsUzCi6mKltrE
m5jPQ27PIt2NNcONXSuezWaBoTtuGOmergdaJIRhWiYXFAqBVwhDkI/w+fSAhxfjS54mkXxQCiR5
keVX2XP1iWa3KPOqElNgmVcZvopxic9AaM8NzfA8zTRDUIRlapoIHNsRM+EK1w1j24j0yHE8C1eF
gF2KSvAyXBL/Ky6LtdElWcdzNwhCzdC5K6LAEBafCW7ELo+smHsi9KJQGHEYuNHAS6aBiEo4GuMr
NGojXPuvdhDkCtp7brlG6Mw8zm0RaYGrhxqAMwI9jvFI17hnhS53wtspb+xyNEOg29Q1S+Oua3KL
B4EbeoEHoc6KbGPmhoEdizB0TDvirrFFnSLGxr0NNAAgI/Qw9jTPE5HDZ/aMAzqwCjsw4Q86VCOM
Ym9I6VYVYpVgPnesmTuzwKQcJwg5SNR2XduwDOHaoWGGhi3c0Lb5FrQQa+9UPRBD0ECEnuCmZnqe
KeIoDkwvjEzNEIZuO5GtAWnX0Dywzi1KeZpvaGheIBzw2mgGLitMM3JcHQzHiwwvNIzQckJ9JvRo
Cw29vCefGi/bcPpchDPLCHBJV7OdIACGbM3xQkvEMSjTm5mW4LoXDEmlOdYTralgB2Boz7kjLJCr
YbszoWm6FTuRA99NI4wd0zQcYwYRx43MbVILAmMhGCf0dCPUQG+2HbrAgalrrgjB+GdgDk5saVao
WTcpjHsZR5Jy9HiGTIWxCRoLDQuwgdsbPIzAIFyN6+AFZrjlA10cIBKRYwnDtu0gMoSHFm9Y9gwC
gh3BxXGom4DRi7eMPQvqTrieG1pcswKwDE+3BcQU14zMQAPbBkGBY+o8APXrQwqbr2Oqo6RTf0b8
vvGShUxLFjiGMLnr6DrY8kwTeszBpxzDBsfTIdhZ1kxA6Ai4CG+jgq9qtAXNc88wuGNZFjDjhLOI
Q0jA/1zT0DWwPRFaM9PlYku+8kn5NuE/13joQqwGm9dDS/e4HoPEwb/A6V3Txvhre8Ig44OKuBJr
9INNQaeTr4fwN7OEsIVpuFAdBeBJlhbYOtizEGBvQeA4ocY3RJomkekHIi/kCg9kGAe26bqOp8fR
zJyBXVhWFAZW5MDVYWxYUYyXL5tVxXl7/c3gXq1XcZ6tQYPpGuqLdNzW0pcA1SQlhpFnz7yZ8CD6
mG4cRUagmY5nQoCDvCNAvRoY1220IGO4WkdLfw7hVoM8JCKdexAEOFDzuNANiO2QPCBjaYZtzYI7
aek9XMIBo/BiM0I7jyEFeZYLvqproRWaAMoE5/XgX9mrrPJP0CFNIbaJUiVdtFDHc6xwBtbgapar
W9y1DDACoYGOI90OeKDFugsONSBSgMeNMXirhwG155FnevFMROCzIZhEEHgh5lw7DDQ7gmwI2Dxt
BmSoVepsa7KmavUJw50OfPk4ThZNSW9zMKz16J3TQXHlZ0/Y+RISKatEjc+BVoyXgtVLwfJMVPCF
1/huZ5bXLBAsycK0geABX5h8n2BSdG+aIq2zfAVXxkhgm2bFY7HLcjhTVkiSBfi4OVvnTalosSRm
K2hC4oRWgNoGX0pO10gYGveO3BQqXd6kdcWu8uzrmmHq5yWDHjaH4JVgClsjQnyFVvJ9tRQZa4pF
ySMgMPEzP2uJzf2MsScflgKBsTqHVaBoBRLq5YyK6r4KK+tIniaoMvozkGcqapIXbh6GgsnkgiMr
pAwSD8U45VgbL8RcvsyKJ6plU0OxmI3Ve+Nz5o9U3Yjv/YjIHxGyvTTNr1iaVIi2fZOUXSac/Xcj
yjXO+Rm/jNWpOcPGnC49pFZdXUOvJWO5yEBjIBSkFqyZEiXOl539uDvdA/vkA3gMWATIlUcRg8pL
ih/Fii/jsJXg+KoSVqAMhB4IBI0vOP/c8BTFtkguYS4UFY1gO2pRKJCfInW5ohiXooAGdwxix7dq
5nCa1n7TrAKQCljVXrXOwnNeXTB8XwrsaEIT3oO0yLRbTnHassyzvAHtwfRql9FTFUy2GugPuwyL
6lK+9EeyAX/EsVWTqRegJPEzUi/wBFZW5tcJWJgAMQBLZLlZBw5lqwAdxWirOAdtcpcl9dcgvrqk
yyJR4xtFaDJbF7Md4KEBvzFILMTGWHE6J1LbtsrJOMomy1CdEbaJeUFKoL6kmrADcam+s1WyWIIz
40Ngu33nU4aDEinLpqjlqBQYCmYF2BRfpFxwSuo1IukQ/DJPIoB9OwK0EbQ5KPgTsK5Jz9Bg8lhO
6izNz1YClltLp3yV5gFYD+4qMTkOfrBKavTtlVjwgHbp2ZkUtUbCTSp6rh0vP0etXSUkebIocNqr
sSTUGllFHOKznPCF0du2SCYuhWiXlEYO2mrQTdkiB0Xl6KZoFbjQgmCOCdqcacgFrE4hWFZkf3sO
cJvut/Avoa3/Y/irOi8IggqfHSRFrmIQPvBFdoh7LSBctUWlQ92pgFEQ+EBeofBVXz8CQvILgoQR
g4VNiW/3g6eLaxE2FHxzCVl6JCarbra4DoWIqg1HMnC9PT+cs/PXR2fs+Ojk6JztnZ4eHx2esdPD
d+zD23ffHb7bZTCJnb+FWYfsw+u3x4fs9N3b/cOzs8l2CBjIw7AdJY5TUSY5JWQMxBUyKH9fQkmj
C7Y6yB5KgohiC00ZQygUMswSqf08Az4hQIM1Ib93GZs0sqslZlaQCYYgOY0oSyIQejeBXGYkWuMt
5hDM83TB5OZstAW1xwxqK0SI5YCULMKVepXXdjyAeYmi2rBqaorX6untkBTnpuJ8wcsAPGO8qawp
AN0uXXI1hKOuYuoqiN0rnjVUfPSRQGHWgA0+3W1zwrYRtmYo02sMTX4t+V1tXHDC3sqYLw0eqoe8
SaMOSwJJ5CpjG/yVJFwQfGDU0TTFK6z2koLFjSRJpiMpdLzFZb5qk628Ws0Y902zr2HkRmnyhm2w
W0xqYB1nbcGIKithJTRDZchRsypkdSVLOKZOjPFEq68DnKQuIOwEs+UAjiDNg7PzWwQMSRsSH6xw
CUZWVY3AwFAvQWuLttrEoIWrbVDttoqUNYIqKicSDU69U04rfj2mTdmqxb7PCxxNVs0Kciyk15K1
P5SCimTy1zskio1c0V+UKMljbtoYFNuFQkQLjrEKbiDpWp3GDnJ5atumsTbCqCfpy8mtC0laamKf
M6ocxrTp2/F2AFCoVoHyEaUH6GSBIakU9NsETF4jOdxwB5cpeUp+2pVx8qbaRQGm2AYour9N6rfs
0M/UC/lzlSKgNFvmqSwxA3zEgypxggxVE5iQSjIU22Tno87K1BKIrtiU6e1JX0vtKQyr5bpG4rts
rPcUSMqjhcd1C0alAIramzqWbhRgCRlJzrGXoUIfL4ZBBWvCXkMtCLb0jIo7tn/6fpfh84cwMYuu
kgjMnmoFGT07+mOiP2dOW3ZvKvKKpNObO2F7EQSqJU/jKbSSsk2IBNiwWgoWZbgviAbWc8RN2usR
67cih9cY1bDE5OmEIYj3p9lpW2xvGkDsJRDUFT7MAxc2RVaM1fFWd3OivK5KPolOn1iWt2qsMOGp
kgnKdmkevdRqeYa86OmEnaprUvw5ILyAq05U2QKtGJd8gSyATkBsVZFSxYLtJT5jgc7OS9TTfprA
LNkv42v6oqrZyfl7QloBS8h20NQM+3NS5WY52VxM2lizqpsxXjUntP3+UGR0N4l8PWa4MRDiS6Ed
m9D/xnESThhlqSXHIoAlK5BNjboDbdAv9kKY2iUsoLRLAr1ESUDUpUAMKZpTOK+kSmUpAXNrZaPI
iZD7AyrUqW7q4C0VSQdHZ3svoD6ieqrJyIYwYDcYKelGqCwSEjRG9etmUb/f2PC58fVIBM1i3jZt
3zAdmzVVsi4hXNF5plr0Sm4qCPpZt1wmb+UROhKTqCW1/WUOTTx6YduribYbpyiO28as4pdttoCv
0HrLHyLDc702HoDRvXZZtKk9mZ/yJJMbAiSpr9kPQX6Nnl+yowO288P7o4OnoHdwe8AA869AbagY
fFwVnAN7uDJS8pHlB3hDvtFdBt7+w4vjlr7q73ojX9NieJeMCgdSrypFiLe83SFSafQa8I3xMYNn
eRzTsnAuidfj6yaJNgoheY6HmzPntLsiXU3+OLSUAUV65VdNpXZ5QggitQyz6pqxvGbO1G1UXEam
EBUe1SqYA3m26HqUDC9Lt1PxbjvrMhFX4y5B37YhJoW7t8objB6xzHUqmIDIWtFibsfoSFshoH78
TskZLn5Hqbp3MTGeCdl6B0ISC0SMvl8V/IqMAm1U/dYXmhYOD5O+ZB8X6tiHGMj4NlT1szCwmoB8
ehtK7XaYvARKEeOtuQPY9mL87NCYWzs8Ab7ihX5WJZHMGcgPB52CwVVN0JfCApMozBCRTJ100KU2
2mpSxsHDUKSCOgVp3rRqmlzAEtgnUyRK8XcaF/QyuIxjsARnS0mtF+TA+6tapmQCO0ZptNDGG9FI
1o4Oqh5fGKZR85Iak7dNOzbVllNb5tA1AyUBvTEz2BOAiQ+0dYrcbGt1upzcVKYKXlc8oW4Wkgm0
etKKirxo0tZt1AHme5qj0oZp4ILUBiGXtBJmXIxcUBKoBgNH1EbeXJU6uO9IzbUclpWCsiwAsonQ
0SbooWeO8Re4toa6wDAcVs8T9HI6xIOxfGKqm7kEvc0llAn+8skkyQkxhLr1CptDcOUa91nDagMd
05Q6zzbniQUKc3yxKMVCbSmq/Ue5zYI/AHixzR/hg1hDv2RYYk7aNA8Uvq6E7EA4OPkVrVgR8A0D
NDbpbfpDnu4k3xT4ZJJUzg2hgkLleWVMUAnhcwOUy3r5Zh/35kV/L28XkkOx5OAWAiN7iRjauhQy
RixK6D3GGBczTIbybJu7ZObgg71B9SxHL9k2UINDbUOxtQ1hiiBpWZ5v17ihVclXX611stpkEJWN
kSjOR6vHhIFaxDCOC9Kmp7qo3eCebBZQZ/ortJL77XyvkonUpPSA3l6SogHkayXPdtdoqQZliCu7
TkJFB9yEh2YtojIoiTtCeJO8KeUdF4w27VaKjLxAT0WnNt9yfGZQ9WlQWnN8BEodYQEEGJWu5q3S
5DmwUdzTm7N/UeUCResubfL9iERlYu6Sd/9OELGBlXRJAR63Udqfo6H9kdvyKMVnah8r6hio/ca3
GotUqCKgD1+uS+PyK1BEN7A0mVM3K87Zy+O9czmIrYbAnbV/qCcydm3vmt5x2DWvo6Ssdyno/kNV
evJeS3/TQjoxJjoQrdpT5I2yuhSUFa6Z/Lmxpmzjbtupld1dGgoqQAfSUUh3wapWTuP2Dg+YgCzr
n7ykaEJL0fwBEaqL1cjH3siY6ste4ZfL2l9cQ2yrVJMbXmCbVFFDB8EtSFL8HVcq5Gge8ku/fJvK
TCFdRXJJ9KEyKrtwjLdft5WK9yk3v1LL9ulmJd2t86FqefKyTNiBCJlhMcOYm/bc1tiHoxfM0Awd
J7R31J4JiLBwvMrr6Jl8dbbEm3v0G2/obM90T4fUNRy8dGjYxGHVHSQFDIJ1w8jVMqnFGG+5Ya1K
1KGBUuXaM1vDkQXH7YNIPKMjeZevG1NX4YYt3thpj4vLQq0QJdhRgQmvnxG0ziK7BPeMmKRiGGvs
DWttgSyi3hS8xf7s4PDl3vvj8x5PdGNQLUnpAX1VHQ/K12cuDvVKdJoy+vX/AE0AA/I=
===END CRASH DUMP===
