PocketMine-MP Crash Dump Sun Dec 12 01:09:16 WIB 2021

Error: pocketmine\entity\Human::__construct(): Argument #1 ($location) must be of type pocketmine\entity\Location, pocketmine\world\World given, called in D:\FoxCraft\plugins\MyItem\src\hachkingtohach1\MyItem\ability\Manager.php on line 661
File: pmsrc/src/entity/Human
Line: 99
Type: TypeError

A PLUGIN WAS INVOLVED IN THIS CRASH
BAD PLUGIN: MyItem

Code:
[90] 
[91] 	/** @var HungerManager */
[92] 	protected $hungerManager;
[93] 	/** @var ExperienceManager */
[94] 	protected $xpManager;
[95] 
[96] 	/** @var int */
[97] 	protected $xpSeed;
[98] 
[99] 	public function __construct(Location $location, Skin $skin, ?CompoundTag $nbt = null){
[100] 		$this->skin = $skin;
[101] 		parent::__construct($location, $nbt);
[102] 	}
[103] 
[104] 	protected function getInitialSizeInfo() : EntitySizeInfo{ return new EntitySizeInfo(1.8, 0.6, 1.62); }
[105] 
[106] 	/**
[107] 	 * @throws InvalidSkinException
[108] 	 * @throws SavedDataLoadingException
[109] 	 */

Backtrace:
#0 plugins/MyItem/src/hachkingtohach1/MyItem/ability/Manager(661): pocketmine\entity\Human->__construct(object pocketmine\world\World#23540, object pocketmine\nbt\tag\CompoundTag#115971)
#1 plugins/MyItem/src/hachkingtohach1/MyItem/task/DelayAbility(26): hachkingtohach1\MyItem\ability\Manager->caculateAblility(integer 1, array[1], object pocketmine\player\Player#25805, object pocketmine\player\Player#25805)
#2 pmsrc/src/scheduler/TaskHandler(117): hachkingtohach1\MyItem\task\DelayAbility->onRun()
#3 pmsrc/src/scheduler/TaskScheduler(141): pocketmine\scheduler\TaskHandler->run()
#4 pmsrc/src/plugin/PluginManager(467): pocketmine\scheduler\TaskScheduler->mainThreadHeartbeat(integer 513)
#5 pmsrc/src/Server(1753): pocketmine\plugin\PluginManager->tickSchedulers(integer 513)
#6 pmsrc/src/Server(1642): pocketmine\Server->tick()
#7 pmsrc/src/Server(1034): pocketmine\Server->tickProcessor()
#8 pmsrc/src/PocketMine(301): pocketmine\Server->__construct(object BaseClassLoader#2, object pocketmine\utils\MainLogger#3, string[12] D:\FoxCraft\, string[20] D:\FoxCraft\plugins\)
#9 pmsrc/src/PocketMine(324): pocketmine\server()
#10 pmsrc(11): require(string[56] phar://D:/FoxCraft/PocketMine-MP.phar/src/PocketMine.php)

PocketMine-MP version: 4.0.0 [Protocol 475]
Git commit: 468faa464b2bc5c97f23fafbb71ea61035f6f218
uname -a: Windows NT DESKTOP-BVRHES0 10.0 build 19042 (Windows 10) AMD64
PHP Version: 8.0.13
Zend version: 4.0.13
OS: WINNT, win
Composer libraries: 
- adhocore/json-comment 1.1.2@fc2f76979f0a44a5f5bc2a2b600d0762fe0e78e7
- brick/math 0.9.3@ca57d18f028f84f777b2168cd1911b0dee2343ae
- daverandom/callback-validator unknown@unknown
- fgrosse/phpasn1 v2.3.0@20299033c35f4300eb656e7e8e88cf52d1d6694e
- netresearch/jsonmapper v4.0.0@8bbc021a8edb2e4a7ea2f8ad4fa9ec9dce2fcb8d
- pocketmine/bedrock-data 1.5.0+bedrock-1.18.0@482c679aa5ed0b81c088c2b1ff0b8110a94c8a6c
- pocketmine/bedrock-protocol 7.0.0+bedrock-1.18.0@040a883a4abb8c9b93114d5278cb5fecc635da82
- pocketmine/binaryutils 0.2.2@f883e1cf9099ed6a757a10a2f75b3333eeb2cdf9
- pocketmine/callback-validator 1.0.3@64787469766bcaa7e5885242e85c23c25e8c55a2
- pocketmine/classloader 0.2.0@49ea303993efdfb39cd302e2156d50aa78209e78
- pocketmine/color 0.2.0@09be6ea6d76f2e33d6813c39d29c22c46c17e1d2
- pocketmine/errorhandler 0.3.0@ec742b209e8056bbe855069c4eff94c9734ea19b
- pocketmine/locale-data 2.0.20@a6e4eb22587e0014f6d658732cf633262723f8d3
- pocketmine/log 0.4.0@e6c912c0f9055c81d23108ec2d179b96f404c043
- pocketmine/log-pthreads 0.4.0@61f709e8cf36bcc24e4efe02acded680a1ce23cd
- pocketmine/math 0.4.0@6d64e2555bd2e95ed024574f75d1cefc135c89fc
- pocketmine/nbt 0.3.0@98c4a04b55a915e18f83d3b0c9beb24a71abcd31
- pocketmine/pocketmine-mp 4.0.0@468faa464b2bc5c97f23fafbb71ea61035f6f218
- pocketmine/raklib 0.14.2@e3a861187470e1facc6625040128f447ebbcbaec
- pocketmine/raklib-ipc 0.1.1@922a6444b0c6c7daaa5aa5a832107e1ec4738aed
- pocketmine/snooze 0.3.1@0ac8fc2a781c419a1f64ebca4d5835028f59e29b
- ramsey/collection 1.2.2@cccc74ee5e328031b15640b51056ee8d3bb66c0a
- ramsey/uuid 4.2.3@fc9bb7fb5388691fd7373cd44dcb4d63bbcf24df
- rhumsaa/uuid unknown@unknown
- symfony/polyfill-ctype v1.23.0@46cd95797e9df938fdd2b03693b5fca5e64b01ce
- symfony/polyfill-php80 v1.23.1@1100343ed1a92e3a38f9ae122fc0eb21602547be
- symfony/polyfill-php81 v1.23.0@e66119f3de95efc359483f810c4c3e6436279436
- webmozart/assert 1.10.0@6964c76c7804814a842473e0c8fd15bab0f18e25
- webmozart/path-util 2.3.0@d939f7edc24c9a1bb9c0dee5cb05d8e859490725

Loaded plugins:
DevTools 1.15.0 by PocketMine Team for API(s) 4.0.0
ExtendedBlocksConverter 1.0.0 by JavierLeon9966 for API(s) 4.0.0
MyItem 1.4.5 by hachkingtohach1 for API(s) 4.0.0
PlayerStats 3.1.9_BETA by hachkingtohach1 for API(s) 4.0.0

----------------------REPORT THE DATA BELOW THIS LINE-----------------------

===BEGIN CRASH DUMP===
eNrtWwtv28aW/isDp0CdriTzLVKFs0ljd+O9Se2NnU2xVREMyaHEa4pU+bCtFP3v+50zQ4mSnaAX
e4FdYBsUFTmP837O0L8fZVW9ku2nO1U3eVUezbzRUZuv1NHMDtzI8QLbDyZ+MLV8f3TUrfWUM52E
vhNNHcu1sCrAVCGb9ryuq/po9vtRu1lj1dENfvTY6GilmkYuaHRdJbeqXeWlms9V2ebtZj5/061k
OZt9+pRUZdPWXdIeP5+JV/WiW2GJeGaL42+KKpEtSHwuVl3TiliJKhOESTwF8a1ZPdqbva/qIp3P
P9KPWOR3CvOJLAqVirwUZ7P5/Mfq4XUts3Y+XxfdIi+b+fzd5qJVq/m8qZP5fCmT5W1eLtqKnuzd
rIzzgjG/kyUYrSfr5VpUpSiAWASBDRlkXVH8mBcshKWsZycnZ7OTHuHJFdP5DsvH764mtOAEGE80
QycsIYJJcAyMFc0frsE8oTyaRRE0WcsEj78cPbOE4edEE8z7DpjppwwrJ4aTY1APbXxRb+MXQ71V
8d9V0n5R6s8c1/eskXhiWRlD6q1czOevq9W66sr0Ri6e2bYfTe3nYAtW8Od5aGVze3KmCrl5pbk5
dgIw8afVN36RyKQrZKtexYUGkJetwoywR0LWtdz8Yv/6JB9rIFX1fH7Fv88cP7T8P72QGXXETrdN
slRpV6j65AYsvZFliudj255+jRvifj4fsj9+UZXvu/KY4btfhH/dvx3b3qHStyvn8wEp4xd1D9Yb
gNWaOrnin96QvGD6dZhb9OMXK5mXN8tayfSNknUbK9luNeDbLiP0BwivVX1HZE999wCHJoXEPKBl
/KLNkx2+5hHs4AnYgeccwNYzGpgWwvSJfZbrfWXfVV0liI5VrQGEAwC7mHDsWvYXYDzhfT/IRr1G
SG7eVjIl03rS/ro2Lyi+QdJvqwWYf+aOBADBon6xnV8P4uF2yrF+/VKoZAaiLzDgHAqh0eLRvm3p
XbBsrKrVb11eq2OD0Q9+FX8+Yu6GKV4+P/r1j9GR+is1fT01/cmUAlFq5J/y8q4q7hQJARvzMoW+
kvaon8eYRo+RpEoVyT6yMIr3yMbvvD357jvx8k7W4k1XgipDnPjuhJY4vGRdVy2gQgbfLIeLvqcl
7j6U84e1qnNVJmofkncI6WE9hOIbmoJ9aAgHZv/08f5rpVLeHJrNkV7TIVUkIuvKhPQrhjbTK11s
jWUkrqEt8U2D/4/Evw5ynvgGqVCcihL1wvPfAd+2LEYwb79pl3kzfkF7sID3fs8LbLNgLWtoZN9e
BygJ8nO9Q0v4D352NR+2dSisLS8L1V6UeZvL4jr/rC7KrDp+LmbinM2kH/odjtt2dSlKdX8wdWxP
wpGwJsFI2JPAef690Jj9HvNW/vymhS6gjHZZV/eNuCjvZJGnJLLzh0StiSheGR6uvJZ3Kj2TraTY
B3fYXx6Z5SdHf/xVHv1VHv1VHv1VHv1/L4/6lN1Qjj5TdzdVVfBzKanZ3w2NjranBEf2xPYnFoZk
1y6ruqEouoMsbpRcEWS5zmnGm1hYjHdVyhglzdEM+lCjo1StVZnSZsw1VdaeDQfIxgf4yWO3lBTQ
HOaub169v/lwhYF7FTd5S/Qu23bdQBaLvF128SSpVgOeT7YwEP/PH1pgU+kPSJC3zeuqBH+tqge8
f2nFviisQ0n8u7zLVf1WVWUUBcE/SxD7UOfzLxCnTfYfltE+9JMvcQ6xmcJuJ6VtpTcUijfx94Vy
EI7/WVL5YpTfUmXkcHV5ffPx8v3bs0eSgCBSdZcXSb2ZNJtWNZNStSepbJZxJeuUawWdha5b2Q59
Yzg6ZN+d2JPo0w/nN6/+d2QwoGvv5c9Ig+ziXrbJslnm7eReqbjYsIUc/UHlv6zBOizhwOX7GMMs
kO2QJFhUr6uaQIdg0HaBLU5Wsl0OR9DngCXsHY5Vq09p1UIRe6Omf9sNdHUxfE9luzePxoY9ejey
WK2Hr0toefieI1vcDQf+3rBGt++rWIfdvbGqbnkV3icOBppWEkPpcNE62ZfDe5UViqvr4WjDEm32
h9K8Ww1Hrq/e7qHfNL8VJSEzT2I71Va3qkQNvieChwfDNZFL7d9GrkiKzsTh18/5Wof4iH34c5HH
w+14fVjtS70i8hzLcm3biTBwdXa5x3pafWLSDgcxlO8rrIJ1N83ewut8tS7Uz+/2eD6gAK9UDB3w
uSru6/xA/+uWyyaSsGci99XywPbQbN5y+ndYSC5LJV/EeSnrDbu3MwlIEupOFWlsFhEohJB1W5kB
RwsrhaK1WZK8adUuzX/a4RrMUzueo2vas9v0kcrzPSthUbrDIXTkHUekRadtsYf/X3A3cXmFGn45
ED5593Jt8BJGVapaFsNwN3R3cmUUUrurg6084y4vgM6xXAdiaz4huB7NMlk0iGfUW1ZJBaje1AeO
nPzbC8JMSi/wYidO/CSaZo6bySyOp7aSAQpEPwsyxw4BuzOkfMzLlNq9n27E2fn1324ur8Y//Of7
N+fXlrBBhWAahB1ZniOO+8W29Vy8encWeEfM6lBWnxU7kLc1k+X6U0U6+Xjx0083ZJj0cs+JNaEG
DOXZJyi3lnWuOM7JdAnGanVCEWOMNeZsxKaY8DJLnGwaRNMos6TnST/z48SRThxYVmpNAydTlpqG
akriq1H2npggaU2iifsykf40tcPMcsIs9LLpdBo7dhAmqR3ZdmylSjmu50rFERAKQfRBwKbzo1gm
t2PunWVLR2AQ4G1Z3ZcvzS9Z26KumkadgGXZlHSScOeQOb90LCeKLNdNIH/PtSwVB36gpipUYZhk
vpPaaRBEHmFFnK5Vg1YkWTL/K7les9/dsVG8DOM4sRxbhiqNHeXJqZJOFsrUy2SkkihNlJMlcZju
OcdJrFJU/7dj0C5Zkqg5/6UfhFyhvZde6CTBNJLSV6kVh3ZigTgntrOM3mxLRl4SyiB5GvLOHI+m
ROghdMuzZBi60pNxHCZRHCHCeanvTMMk9jOVJIHrpzJ0DqBzoNh5tUMGADDKTrLIiiKVBnLqTyWo
g1X4sYt/yLNOkmbRPqQnVUgVp/sy8Kbh1INJBUGcSEjUD0Pf8RwV+onjJo6vwsT35QFpCfU9RWVC
JZEGEUZKupYbRa7K0ix2oyR1LUc5th+kvgXQoWNFsM4DSFVR7WBYUawCOGs6hacq102D0IbhRKkT
JY6TeEFiT5WdHlDD57JL3Sr3UfSlSqaeExNKdPxBHIMh3wqixFNZBmVGU9dT0o7ifVB0yFWo3lRA
0sSxXspAeZCr44dTZVm2lwVpgGfXSbLAdZ3AmSLQhKl7CGrBxHhETJBEtpNY0JvvJyE4cG0rVAmM
fwpzCDLP8hLLewxhPEg0GlRgZ1NiKslcaCxxPNAGt3dkgjo7CC1pwwvc5MAHtnGAQaSBpxzf9+PU
URFZvOP5UwQEP8XmLLFd0BhlB8Zexu1WuFGYeNLyYlhGZPsKMSV0Uze2YNsQFBzTljHUb+9D2D2O
uXzSTv0PhO0BrFre6oICkdaDYyhXhoFtw5anlrIzCZ8KHB+OZyPYed5UIXTEUiVPQRnn66SvY15G
jiMDz/PATJBMU4mQQP+FrmNbsD2VeFM3lOpAvk1ZVZ9Vn+dfWjIJEath83bi2ZG0M0gc/gWnD12f
4q8fKYeND4VwozbkB7s6zmZfT/Bv6inlK9cJURTF8CTPin0b9qwU7C2OgyCx5A5I1+U6/SDyIldE
kGEW+24YBpGdpVN3CrvwvDSJvTTA7iRzvDSj7ctu1UjZ738c3JvNKqvKDTRYbFBWFOO+hL4DqS4r
MUkjfxpNVYTo44ZZmjqx5QaRiwCHvKOgXgvG9RQsZIzQ2sKyXyLcWshDKrVlhCAgAS2SynYQ25E8
kLEsx/em8Rdh2QO6VACjiDI3JTvPkIIiL4Sv2lbiJS6IcuG8Ef6v+5dV9VnW7QliG9pUnXTJQoMo
8JIprCG0vND2ZOg5MAJlQcep7ccytjI7hEPtAVnD48YUvDmOEC1p5EbZVKXw2QQmEcdRQjnXT2LL
T5ENQVtkTQGGO6StbU02XKQ+E9SQCzQWWb7oan0PQCWeyKpa7NVU8/KZuFkikYpGtS26jEbIWol2
qURVqgYPshWJLMuKr5nyMim6VF8R6eOiCRIaEm+LmoRgXVcrfRn1GGYjMzUSFWbqhkCKGNHqVmyq
rjawRJ6JFXqPLGcMqG3oiqfYEOCf1P0WHJrnTHZF24j7qvy2FZT6ZS3Q9lYIXjmlsA1RSHcXmu/7
pSpFt17UfEI/mZfzsgc2m5dCPPu4VESYaCtgQa0KEOZ8DTJAddNQQZ3qaSZVR38BeRaqZXlRR58o
oZMLjawIMiSeqHEhqSReqJngqpQmmmXXokYsx+Y6cCbmR/oIUSQFir10fsSUvSqK6l4UeUPU9ifu
4i6X4j86VW9ozW/0MDZTM0F9PG89587e7BGgS1C5KKAxCIWgxRthREnr9UHAeDs9IPbZR3gMLAJy
lWkqUHlp8ZNY6cxUrJRsuppv5wSEHisiGsJRv3WyILHxDaNAUdEpcWyQCsd6TtA1RjWu1Rp97Rhi
p9PPGaYZ90/dKoZUYFWvmk2Z0ME0FF/fwo4mvOBDQzdHwNZzSsuWdVVWHbSH5c1I3Ot7Tu4w9NUU
FdVghFoJlg38kcZWXZnr2ysN/JrVC55gZXX1kMPCFMQAlthyyy1xJFtD0EVGtkpryCZHIm+/hfja
mreliu662GQONotj8NDBbxwWC7MxNpzOGNShrUo2jrorS1JnSt1htWYlcDvSTMSZujPPYpUvlnDm
Gq34aOh8xnBIInXdrVs9qgVGglmBNsMXKxdOyb1Gqh1C3lV5CrKfpoBshGwOBX8O65oMDA2Lx3rR
1tLm5UoB3UY75b8VVQzroUMoocfhB6u8Jd9eqYWM+ehMXGtRWyzcvCHYvP2GtHafs+TZouC092MN
qDeyhjnMcpCIiATqS4aV1Ur1KLWRQ1sdualYVFBURW5KVkGIFkzmmEmbCYu4AHYOwboi+z/PAZ3q
fY3+Jbr5/xn9TVutmQQTPrckGXCNQPhYUzZNtwQR1p4qG3WnIYyDwEf2CkNf8+0/gUL2CyaJIoZI
upoutuHp6kElHQffSpOsPZKS1Xa1ekiUSpsdRzpwXd6cz8TNm4tr8fbi3cWNeHV19fbi/Fpcnb8X
Hy/f/+38/Uhgkbi5xKpz8fHN5dtzcfX+8vX59fXkMATsycPxAyOOK1XnFSdkCsQNMZgsFYdklsY2
2NqQPUqClGMLLxkjFCodZhnU66oEnwjQsCbi90vGpo3sfkmZlT7rQAjSyxiyBoLQuwvkOiMxjkvK
IZTnecPk8WqyBXMkDbWtVULlgJYskav1qvdueYB5qXWzY9W1DK/N86dJMpy7hvOFrGN4xnhXWXMA
elq67GpEjtklzC7E7pUsOy4+hpSgMOtgg89HfU44NMLeDHV6zdDkt5rf1c4FJ+JSx3xt8Kgeqq5I
t7TkSCL3pdjR32jAayYfjAaWZXgFth85WDxKkmw6GsKWt6yuVn2y1bvNivHQNIcaJm6MJh/ZhnjC
pPas47ovGEllNTCRGRpDTrvVWldXuoQTZmJME72+zmiR2cC0M5k9B3hDmoezyycEjKSNxAcMdzCy
pukUBYZ2Ca0t+mqTghZh21E16hWpawRTVE40NbT0i3JayYcxn8U2Pe2v5ZpG81W3Qo5Feq0JeCtL
VJVQpNDfJ2gqdnIlfzGiZI95bGMotteGIkY4piq4Q9L1tho7q/TUoU1TbURRT8PXi3sX0rDMwiFn
XDmM+ax3y9sZSOFaBeUjSQ/U6QJDQ1lL6kmE3qM53HGHbUaemp8eMy3eVbskwILaAAP366C+Zofz
slQtKWxmUgRKs2VV6BIzposqrsSZZFRNMCGTZDi26c7HzOrUEqttsanT27OhlvopCqv1piXgIzG2
Bwpk5THicdsTY1IAR+1dHcv3A1RCpppz6mW40KfNGDRkTcQb1IKwpVMu7sTrqw8j7AUNMfzrPk9h
9lwr6Oi5hT9m+DMR9GX3riJvWDqDtRPxKkWgWsoiO0ErqduElD6BMaiAVNC5IBnYwBF3aW8AbNiK
6O/uqMSUxUQQER+uyqu+2N41gNRLEFH3SJu0sVuX67F5P+hu3hmva/LPaqtPKst7NTaU8EzJhLJd
m8cgtXqRozc9n4grs6eQ9YI3SNOJGltgjFktF8QCdAKxNeuCKxZqL1f0DSacXdakp9dFjlW6X6av
MFTTinc3H5jSBiwR23HXCurPWZU7dLq5mPSxZtV2Y9o1Y2qH/aEq+RKJfT0TdDCQ0PccWzbR/2ZZ
nkwEZ6mlpCJA5CvIpiXdQRv8Nx0IUyOmBUq7Y6KXJAlEXQ7ESNGSw3mjVapLCaxtjY0SJ0qfD5hQ
Z7qps0suks4url/9gPqI66muZBuigN1RpOT7T10k5GSM5mvRdNhv7Pjc+Xqq4m4x65u2F/QxGTSh
S9YlwhXPC9OiN/pQgby5bCqdvI1H2ARMU62hvV5WaOLJC/teTfXdOEdxOjYWjbzrswUe0XrzHB8p
D9p4EMZX87poM2cyf6/yUh8IsKS+FT/H1QN5fi0uzsTxzx8uzp5D73B70ID191AbKSZHuodzUA9X
p0Y+uvyAN1Q73ZXw9p9/eNvDN/3dYORbRkaXY1w4sHpNKcK8Vf0JkUmjD6BvTF8mnFZZxmgxl2eb
8UOXpzuFsDzH+4czN3y6ol1N//mQlgGvNX7VNeaUJ0EQaXWYNXvGes9MmNtTQqNTiAmPBgvlQFku
tj1KSduKw1Q86lfd5ep+vE3QTx2IaeG+WlUdRY9M5zoTTCCyXrSU2yk68lEI1E/PnJyx+T2n6sFm
ZrxUuvWOlQYWq4x8v1nLezYKslHzNSOZFg3vJ33NPiHaso8YKOQhqWv9LRywKeTTp6i0niZT1vTB
qJC9uYPYfjP9bqlxD054Yv76B9Js8lTnDOJHQqcwuKaLh1JYUBLFCpXq1Mkv29TGR03GOGSSqEJx
p6DNm7EW+S1QUJ/MkaiQYH1RV/ftUscxoJBiqaENghy8v2l1SmZixySNnrTxTjSatYuzZsAXhWnS
vIYm9LXplk1z5NSXObxnT0mANxaOeAYy0SrvFLk71trqcvJYmSZ43cucu1kkE7R62orW1Zo/rmW3
MS+U73mNSRuuQwi5DSIuGRNlXIpcKAlMg0Ej5iBvZkodOnfk5loP60rBWBYI2UXodBf0yDPH9B3/
wdA2MOwPm88IBjkd8WCsPy7arlxCbzNNymS9Wq0necUUI9RtVtQcwpVbOmdNmh3plKbMvNjNMwsc
5uRiUatF//cV+vxRH7PQx963h/wxfYg1l2eX9Fnl2CQFXR9Q+LpXugOR/E07YWyY8B0DPDYZHPoj
T28l363pgyStnEdChUL1vDEmVEL03QDnskG+eU1n82p4ljdCclgvJdxCUWSviYa+LkXGyFSN3mNM
cbGkZKhn+9ylM4fcOxs0n3AMkm2HGhy1DcfWPoQZgKxlPd/jeKRVzddQrW2+2mUQk40JKK0nq6eE
QVqkME4I+dDTbOoPuCc7BGZmiKGX3NfzvUkmWpPaAwZnSQYGwLdGnv2p0dIM6hBXbzsJEx3oEB7N
WsplUJ5tAdEleVfrGxeKNv1Rio68gGeiU59vUZPJxvRpKK0lfflk3qgAAo1GV7NeaXoONkpnejPx
C1cuKFpHfMj3KwHlFmyXvIc3QcwGVdI1B3g6RtHBi6xKtU/mUY7P3D423DFw+w395KDVFAFD8jVe
pkE/AiK5gWfpnLrDOBM/vn11owep1VB0sva9+SJj5EcP4KhUI/chzet2xEH3e1Pp6buW4aGFdmJK
dBCtOVOUnbG6AspKNkJ/Ft7VfdztO7V6e0vDQQVwkI4SvgVrejmN+xsemIAu65/9yNGEUfH6PSBc
F5uRT4ORMdeXg8Kv0rW/ekBsa0yTm9xSm9RwQ4fgpv9oQRdyvI74BSlowXSm0K6iuWT4qIzqbTim
69dDpdI95dVOxa/5spJv6+aoWp5dI/ueqUR4wp7OvGjmuuLjxQ/CsRyb5vsLtVOFAIv3VdWmp3s3
m0JfptGkxj0m1zu1IxuJDIP3y7xVY7pXo4KUYaBLMjXZqWPRyELSGUGqTvlNX+Vtx8wuOpWl25v+
fX23PoWT4CnNqW2CnW5OGePW7LZZ7JRZ4YqXCunT5nbDSX83TJY7WEVX6adn5z+++vD2hkZNZ8MX
gAYrpwHySfO+V6aehjQ0KMX1lrJEqZBs+w+UernSf2rXmCW6hjR/pwV9n9rBAH+N6NPzT88TOsmH
A6an3/G/PRXcBawEd7A/X2NQIzr6478BGDizuQ==
===END CRASH DUMP===
