PocketMine-MP Crash Dump Sun Feb 20 11:14:06 WIB 2022

Error: syntax error, unexpected identifier "getTopLevelList", expecting "("
File: plugins/PlayerStats/src/hachkingtohach1/PlayerStats/PlayerStats
Line: 253
Type: ParseError

THIS CRASH WAS CAUSED BY A PLUGIN

Code:
[244] 			}
[245] 			$this->setStrength($player, $this->getDatabase()->getStrength($player) + 1);
[246] 			$this->setDefense($player, $this->getDatabase()->getDefense($player) + 1);
[247] 			$this->setCritDamage($player, $this->getDatabase()->getCritDamage($player) + 1);
[248] 		}else{
[249] 			$this->getDatabase()->setXpLevel($player, (float)($xplevel + $addxp));
[250] 		}
[251] 	}
[252] 	
[253] 	public function function getTopLevelList(){
[254]         $server = $this->getServer();
[255] 		
[256]         $banList = [];
[257]         foreach ($server->getNameBans()->getEntries() as $entry) {
[258]             if ($this->getDatabase()->accountExists($entry->getName())) {
[259]                 $banList[] = $entry->getName();
[260]             }
[261]         }
[262]         $ops = [];
[263]         foreach ($server->getOps()->getAll() as $op) {

Backtrace:
#0 pmsrc/vendor/pocketmine/classloader/src/BaseClassLoader(83): BaseClassLoader->loadClass(string[39] hachkingtohach1\PlayerStats\PlayerStats)
#1 (): BaseClassLoader->{closure}(string[39] hachkingtohach1\PlayerStats\PlayerStats)
#2 pmsrc/src/plugin/PluginManager(155): class_exists(string[39] hachkingtohach1\PlayerStats\PlayerStats, true)
#3 pmsrc/src/plugin/PluginManager(356): pocketmine\plugin\PluginManager->internalLoadPlugin(string[55] C:\Users\tranthien\Desktop\FoxCraft\plugins\PlayerStats, object DevTools\FolderPluginLoader#28825, object pocketmine\plugin\PluginDescription#28999)
#4 pmsrc/src/Server(1005): pocketmine\plugin\PluginManager->loadPlugins(string[44] C:\Users\tranthien\Desktop\FoxCraft\plugins\)
#5 pmsrc/src/PocketMine(304): pocketmine\Server->__construct(object BaseClassLoader#2, object pocketmine\utils\MainLogger#3, string[36] C:\Users\tranthien\Desktop\FoxCraft\, string[44] C:\Users\tranthien\Desktop\FoxCraft\plugins\)
#6 pmsrc/src/PocketMine(327): pocketmine\server()
#7 pmsrc(11): require(string[80] phar://C:/Users/tranthien/Desktop/FoxCraft/PocketMine-MP.phar/src/PocketMine.php)

PocketMine-MP version: 4.2.0 [Protocol 486]
Git commit: 44818e6d1456dcf1f0fd3cd27da1dfecbe03c08b
uname -a: Windows NT tranthien4-8sin 10.0 build 17763 (Windows Server 2016) AMD64
PHP Version: 8.0.13
Zend version: 4.0.13
OS: WINNT, win
Composer libraries: 
- adhocore/json-comment 1.1.2@fc2f76979f0a44a5f5bc2a2b600d0762fe0e78e7
- brick/math 0.9.3@ca57d18f028f84f777b2168cd1911b0dee2343ae
- daverandom/callback-validator unknown@unknown
- fgrosse/phpasn1 v2.4.0@eef488991d53e58e60c9554b09b1201ca5ba9296
- netresearch/jsonmapper v4.0.0@8bbc021a8edb2e4a7ea2f8ad4fa9ec9dce2fcb8d
- pocketmine/bedrock-data 1.6.0+bedrock-1.18.10@e98c511584a7bd58a95986374d2df4b04c6a2ba0
- pocketmine/bedrock-protocol 8.0.0+bedrock-1.18.10@017e57c8f8a74118bcbba7332e7ebac9e6c81693
- pocketmine/binaryutils 0.2.4@5ac7eea91afbad8dc498f5ce34ce6297d5e6ea9a
- pocketmine/callback-validator 1.0.3@64787469766bcaa7e5885242e85c23c25e8c55a2
- pocketmine/classloader 0.2.0@49ea303993efdfb39cd302e2156d50aa78209e78
- pocketmine/color 0.2.0@09be6ea6d76f2e33d6813c39d29c22c46c17e1d2
- pocketmine/errorhandler 0.6.0@dae214a04348b911e8219ebf125ff1c5589cc878
- pocketmine/locale-data 2.4.3@4d0b081f1a79407e087968ea76aaf330db6ea2b5
- pocketmine/log 0.4.0@e6c912c0f9055c81d23108ec2d179b96f404c043
- pocketmine/log-pthreads 0.4.0@61f709e8cf36bcc24e4efe02acded680a1ce23cd
- pocketmine/math 0.4.2@aacc3759a508a69dfa5bc4dfa770ab733c5c94bf
- pocketmine/nbt 0.3.2@3e0d9ef6b6c5fb45e3745a121296e75631b3eefe
- pocketmine/pocketmine-mp 4.2.0@44818e6d1456dcf1f0fd3cd27da1dfecbe03c08b
- pocketmine/raklib 0.14.3@4798576fec0364266dce23b368a7fec5e5de7927
- pocketmine/raklib-ipc 0.1.1@922a6444b0c6c7daaa5aa5a832107e1ec4738aed
- pocketmine/snooze 0.3.1@0ac8fc2a781c419a1f64ebca4d5835028f59e29b
- ramsey/collection 1.2.2@cccc74ee5e328031b15640b51056ee8d3bb66c0a
- ramsey/uuid 4.2.3@fc9bb7fb5388691fd7373cd44dcb4d63bbcf24df
- rhumsaa/uuid unknown@unknown
- symfony/polyfill-ctype v1.24.0@30885182c981ab175d4d034db0f6f469898070ab
- symfony/polyfill-php80 v1.24.0@57b712b08eddb97c762a8caa32c84e037892d2e9
- symfony/polyfill-php81 v1.24.0@5de4ba2d41b15f9bd0e19b2ab9674135813ec98f
- webmozart/assert 1.10.0@6964c76c7804814a842473e0c8fd15bab0f18e25
- webmozart/path-util 2.3.0@d939f7edc24c9a1bb9c0dee5cb05d8e859490725

Loaded plugins:
Alerts 1.0.0 by hachkingtohach1 for API(s) 4.0.0
AlwaysSpawn 2.2.5 by Philip Shilling for API(s) 4.0.0
AuctionHouse 2.0.0-BETA1 by Shock95x for API(s) 4.0.0
BlockGenerator 0.1.0_beta by BlockHorizons, Chris-Prime for API(s) 4.0.0, 3.0.0
BuilderTools 1.3.0-beta2 by CzechPMDevs, VixikHD for API(s) 4.0.0
CraftingTable 1.0.0 by hachkingtohach1 for API(s) 4.0.0
CropGrowth 2.0.1 by NhanAZ, kaidoMC, YTBJero for API(s) 4.0.0
CustomItemLoader 2.3.1 by alvin0319 for API(s) 4.0.0
DevTools 1.15.0 by PocketMine Team for API(s) 4.0.0
EconomyAPI 5.7.3-PM4 by onebone for API(s) 4.0.0
EconomyJob 2.0.6 by onebone for API(s) 4.0.0
EconomyLand 2.1.3 by onebone for API(s) 4.0.0
EnchantedUI 1.0 by ItsRealNise for API(s) 4.0.0
FCCore 1.10.1 by hachkingtohach1 for API(s) 4.0.0
FishingRod 1.0.1 by hachkingtohach1 for API(s) 4.0.0
FormAPI 1.4.0 by jojoe77777/DragonfireHD98 for API(s) 4.0.0
Gems 5.7.3-PM4 by onebone for API(s) 4.0.0
HealAndFeed 2.1.0 by Kylan1940 for API(s) 4.0.0
HealthTag 2.1.2 by Shelly7w7 for API(s) 4.0.0
InvCrashFix 0.0.1 by Muqsit for API(s) 4.0.0
InvSee 2.0.1 by BlockHorizons for API(s) 4.0.0
KeepInventory 1.0.0 by NhanAZ, KhoaGamingVN for API(s) 4.0.0
LaunchableTNT 1.0.1 by Vecnavium for API(s) 4.0.0
MaxEnchants 1.2.4 by Xenophilicy for API(s) 4.0.0
MultiWorld 1.7.0-beta3 by CzechPMDevs, VixikCZ, fuyutsuki, kaliiks for API(s) 4.0.0
MyItem 1.5.5 by hachkingtohach1 for API(s) 4.0.0
NPC 1.0.0 by hachkingtohach1 for API(s) 4.0.0
Napthe 0.0.2 by hachkingtohach1,tungstenvn for API(s) 4.0.0
PureEntities 2.0.0 by LeinneSW for API(s) 4.0.0
PurePerms 1.4.5 by Vecnavium , 64FF00 & ProjectInfinity for API(s) 4.0.0
RedstoneCircuit 3.0.1 by tedo0627 for API(s) 4.0.0
Rewards 5.0 by Wertzui123 for API(s) 4.0.0
ScoreBoard 1.0 by hachkingtohach1 for API(s) 4.0.0
ShopGUI 1.0.0 by hachkingtohach1 for API(s) 4.0.0
SimpleHome 1.1.0 by CzechPMDevs, VixikCZ for API(s) 4.0.0
SizeUI 1.0 by fernanACM for API(s) 4.0.0
Spyglass 1.0.1 by ItsRealNise for API(s) 4.0.0
VanillaEnchant 1.0.0 by hachkingtohach1 for API(s) 4.0.0
VanillaHopper 2.0.1 by ColinHDev for API(s) 4.0.0
VanillaX 3.0.0 by CLADevs for API(s) 4.0.0
VoteReward 1.1.0 by  for API(s) 4.0.0
WorldProtect 2.3.11 by aliuly for API(s) 4.0.0
_NewAlias 1.4.0 by Javier Leon9966 for API(s) 4.0.0
libEasyUI 1.0.2 by GiantQuartz for API(s) 4.0.0

----------------------REPORT THE DATA BELOW THIS LINE-----------------------

===BEGIN CRASH DUMP===
eNrtPGlz20ayf2WenHqRakkKNwFtOWVZkmNtLFtrybHfhinXABiQiEAAwSGJTuW/v+6ewSnFVmwm
mw/JbiKgMdPT9zEY8JedKCvWvHp/LYoyztKdA2uyU8VrsXOgO5ZtmpplOTPbMnQDHtS5fKTNXNNy
NcfTPc2be5oGzxJeVidFkRU7B7/sVJschu2c86IUEjjZWYuy5EsEl5u04rdM4IMJq1Nxm4ugEiGL
Q5FWcRSLgi12lqK6zPIX4lokL+KyWuxMmBwYp0t4vLvYAaRRnSTP4gSxHh0sFm9KYGOxqAqeVqtY
pIvFsSivqixfLJ5lt0cFj6rFIk/qZZzCsPOEb0RxUfEKbsoiWCxWPFhdAf4qwyt9NKR3M8tXOS4v
l1YY93sD9gHf/gjd4HnvGhAlcQqIDNsE6Rc8gOsfdh5pLF8jmmuRhlmxn2fBlajWMHI/AGmXScZD
UdBCT3kpjhD2gmC7rrl3wEbA6Tc4gQC7ZVUAWT+Y3o/swSzvAZmPdLZ7H+ZfgiQr60L8+vmYDcUs
/ivlCSLCP2c8BbMpdnXbhqWJ8/fiFizi89iYsKqoBS1pfmpJ03ZgyU7uje0gwt646TdxWoki5QnK
Qz5qaLPtH9kXWeaEZf5PYPXsWFxfZllS4oQEpC7XkRp4ZLiuYbdDf5tiWDQoYnDjLIU5nueRIKye
IC5EcY3S1jT7YbwnLc+tQizrc5gmUuweKee0+BksvgtxaESNpHP6zfv3QZbCunVQ7Sr2R+b5yLhX
MHUVozDPOApxCaw8MiessSjndzDQzvoCtp3fYNuYj9gupXpo0lxO2tV1GFSIn+u4EI0KXO1Hlq94
cbC/f3SwTxTttwTtK3r2G3J6a07Pzmc4cUQKBry9nR9/neyIPz/Ibz3KAhsS2/s4vc6Sa7EGmmCJ
ECQYVDvNU4DAdZCFAvk1LAsAiwr/9yvADctu778CuZbTb0pRXVSFAFpWu1/ltPaEqWfA6jGvuA/G
ubtHt+Ohe+wfTN/7J6F27kF9LCKRwuxPYx6N7COe34P4qIgBwxoU9wDcdwf30bsK/a8iKcUvBPLG
K45wAgHvpAl0q+9GEFaqvd2vbvMEn8AKX/EwvM335Dq21qxDdzrdyWuDrunSpMu89pM4YFGdBhj3
uouR8e3uEb02apmpf76S/sYe9+ShIqQipLEBunH6U32eIlqY+8OPcuy89xjqLgHmynbVEoT6JV+L
pxwCqRT1SQrOLOCO8ZJ9BSZabPaYJNLtocJ/4ggw3SteHgRZnVYnMmVKLO1iu3t7DUZvhLHPww8/
ogTGU4kpRxvNIy04eg8qIUZfNllednJxzE/J5VXeiOQwSZQ4shwp//XvgunvgunvgunvgukvWjA1
pUSJFcRhIoqKrlKOfXQDmOy07feOPtNmGkB4Xa2yosS4NnJVRMrzGJ9YNBjuRcr9RIQ7BxGHvDvZ
CUUOMRBnw8Myi6Ai6AHWnGqbOyFAktP8xYIJ7AFLvFcXl29fvX5xDKAb4ZdxhcSvqiovQVw3vApW
5SquZjdC+MlmFmTrfQzMh8kN35QXOb9JBzx30D7jxsyY2UPGz1dxEufsAv5A6bbcGuM54S0V2sWC
E0klkrRYSB/omL+4PHx9+eZ8wDpxV1MV8TyrS9Fnrw8e8gckT5+eXB7qQy4vVmA0nn37heztnIBf
Z+vN4fnpTsdqqZADk5KwFRIGKh6S+VFFI7dPE8DzrUhFwStZ/it+Rw/6HGszMOb3vqj4kGGa8jwr
4g8QiODR0aqAuuW8wL2lsQwmO+YXqXqw1mIxpPausj8igDrGJEIZpc9+Hzz0YyB8iswbQ+6PPohg
dX4G2QknfB/fxlfPj7dm2gFiz9chYF8sfElcJbPgiNQH+fYyrla1Tx7do3t/gAqEQzERXOkSKe5J
Zwj/q4S5AVWj24cIBuQC8o2ToNjMyk0lylkqqv2Qlys/40W4LyWS5d8W2U21GoijBY4jwygmvFzx
9PA/ALvicZidHcHV/10+/Zcosq2JRS6B7DdEydz+GaahqEW267LK1qeVWCvP6jE/fjQUgTkWAU+u
41QzdW9rHLcYgekRMXchD4kJTYXZ47IFDY1dt8fW3lUK7FLw9daY7KreHikfSWX3qLMjbb/FAdz2
8kvHbw/Y59iezWfm9PzMGjKdpcKHf7fGrMK3WAhJBiBdLAYkfVKHavS/Mv8uVwgcO6qzBY5Gqfqh
3P2U+S13krSHcveCp+Fd9gg65A+y1n+PvwToaRlUxH2awzSA6FOJ8M3ALHvQUdoZ8ndala8FT17G
5fassocT2OkoeVh8RaaeHR1lRT+RKsAoqNxJG39aCpX0NH+3lTSfxVCTp8vXWd9Ye8BxAfFf474l
qX+9NSlkxXoYZBvIkH9rbMs/ZT9lYo7/7B8XfJmlEfS3z489d2uS6FbAzpyIai8eYtffinU/WdLt
fzNtIAHyvw+h/jk49WEaPhOib5996DiYjhT0HYY43bO0rXHSYlwsenQ8PNDgpGp1yZcjhiRszI4x
blxFkmzmN/OtsVM2GCU7RMXDmTlNr6GWL1fP4tseO33osDu9E0DO6p8B3da4WRO6xSJOrwOkIIpv
f0/HCYRfCDHkBAGfaB2G3fW2eBn10ZKU38PNd0LkMEuk0HdvekwN4Z9oEdu26LtVxr/lawi837/c
ekc0IGkLTdELXmMRAARdvrzssT6EfyK5fS+ClF/H9fY6hRYjqLFPyej2Ico947eqzumH9z50yJ0x
G0X4dyLNaFcu2GyNvx5OVGJLy+DmQdzVSRW/zYqkH/Z7wCFvc7XtY35y2+foP3SCaVNXZX0VU7Of
xPFV+cdsBq2R4BskGATQJ/5LNoJ6iFBQG+yf+0KSgKGA7PE2759Wt0lymr/bqtdenh/1WMa7v8pG
F9Dy+8LXb27lv+R5ternIgUYJ1Tjo5xOqjpdlpVIr9M/kGmirPn7EP8+rwtxklZxFYt++BqA7+zk
Dxl9IeI0FRdvt8ZWQggXixyIEIqIxWJE0u/b1mlo3B9gUfyfi2I9Zl7Cxk2H/Rt5iU2YYz17pmns
f9l5keHrw1PoQNK42l5Ify9XkIIg8nqXD1H1axGWFZT+R3ER1FDqdQyPn/TZNu+mY2joM80xtlf6
NggXi0JREkhKFou7pD2AzxsIT+WAPwkZtlsjM34riupDHeuGuTW+OpTICNHw2SVVh2tfoaLgdBFk
hXiK8bjHbw/40Q2gPy0YdwT1r784Ml+ssvzbwd5XA/mrZCFFT3uxrbx7Ea/zRDzP1v281AOONsvG
/N9fkP0hpVdJRK2AKBBCn8AvKb0u1jxJ1DmS/R5WkswHMTQJCfioI0R4ICc9PDrbmgxajMg1EiD/
fgbfHW3IXb5Z4mGVPn8N6BNN1B++29sQ8vBNi+95GicJV/1Ij6fRg7+KNw/JGt9vy7cV1udZng9e
Ig7hn9gJOcqSOH0OzrI1abQYW74lJaPbz/HsltaO+3d3GX93py4ZR7UXhxTRtsaxxNcy+K67epB1
Z5WQqbrPSwf8eIzeFhOFgNF03uMaln64b1JjC7VshYfCO/oH4Dtvse+8xo7rZLPFd9iIbrGgRj6X
NIwZemA/cFbHRRSLJOwdlJ02h+wraDv21xyatWJ/wC+I5f1LcXOYxLwfgTvYJ15S/AuaBVGwFyJL
Pc9xtiYYibdBi2fYgBj15zP8cYhuX6L5FT8h8E94uRlk1w42DtKjdvjbGELkv2sOVezW+JYrLxYt
BZ+wavz0gRdAOGh2dBChOclItNxCm46ckJLl28gdF2Ms7mv5wZrjyZYOEvAESIO5fVi2fh9mFUT3
AVR9N9IB6iLp34e8GjyP4qQSA8TLdd6/XUHq6N/HQZZe9wE/laSR9n7ty0OfA1hWVO2pNdRbWXFk
KOwPyoOhHF6LKBF0kK4PLUmi5RAU4tZtD3Jx/mKw/Kb8OcGX9M0Vax9V2ZVIoW4aiOD2VnGN5GLI
2fB1ok5R4u2HOJch1aOG/QPYaH863N6uh1LPkDxD00xdNzwAnB+/GrAeZu+JtDEQQPFQYRlYaVkO
Bsr69N3ZgOcRBXBbCHloaAC8KeKR/vNqhSNRws0pwfPVyPZWdXpFJ5YNEpI8XhQv/Tjl+P4BcqdB
Zzno85LQV4MQFdQleZUpgCGFFYKipVlqKkt1MfN9t1bvOX60FKdRNrDb8I7K44GVkCjNPqgQ4B7o
h8ta2mKD/z/gbuzVeQBVWU/46N2rXK2LK9JRx6S/sdN3d3RlXoru61+Qp0Ho6ejgzoGh4Sepcfke
KrY2LmHayYIMsFquA2vgPsqOZbm6K5xQt2wnDCI90qLQDEJjHnI9jETgC80MNBdPrdRNHo3TMLsp
2ctL1p60tqZuGadMB60yooHp87ljst1msDzGzgxNd/bY4dmxg28S8GvcntA+CPIkq7WXVf4+Q+W8
PX1JLzTo5oZyJgSpPCtF8R60XPBCbQHycJVhj76PoWMKY9QHYlijGE+iwIjmjjf3Io1bFrcj2w8M
bviOpoXa3DEioYm5K+YoxyIOrvZVtNRm3sx8EnB7HupupBlu5FrRfD73Dd1xg1D3dN3XQiEM0zK5
oFAIvEIYgoQEATbxeXA1vYYSIJSHcEGSV2l2kz5Rf9HslkVWlmIfWOZlil/hXBuYhJ8IEVmu63l6
aJvCBk1pgWfblq95vg7CBKJ87hkeugQE7EKUghfBivhfc1mF71yTtz1xfT/QDJ27IvQNYfG54Ebk
8tCKuCcCLwyEEQW+Gw68ZN8XYQF3U6CdkySdmfaPBghydWc6UOm5ga3rtgtY/dB2uWd7rmPOrdAI
IyDWChyQM9fuR90ZJtnCXfSaPhf2PAC587ml664f+D6fm6Yh5gKE6wkncHXHM0foKWZ0Dg4CfWLz
YC4E93Qe+Tx0w8Dy3MgOhGkFwjG8eWgLBx7zIaZ7lYiFgvnEsebu3AKjchw/4CBT23VtwzKEaweG
GRi2AMnYdJj4/u+aFGnaE8sT3NRMzzNFFEa+6QWhqRnC0MExbQ1Qu4bmgX2OMGVJ1uEAq0D6nXDu
RIYwzdBxdTMwvdDwAsMILCcASerhiBr62BPawDBR5ICKn4Qclra4ZpmW64OFC9fQPeFHumFHkQ48
uV4QuGNykgwrisZY0ITNJ1ao+ZqrRzqfe5Y2F5o79xxX8LnDeWSaWugDyYZvjzEtiRZyAifwdCPQ
Ik+zbVB1aJi65orACPW553tOZIGFAaV3MEx7KUeicvRoDmJ0g8gEhQWGJSwBfm/wIBQgLY3r4AYQ
AIeo2kAAcfYJ50Fgzm2P25rLHS+MwAcDC/7M5xr3wSwDO/AsPxqiSP2qyU1PTKGFnogc3wnsyLds
AZ5ic92ADO6Iue2Yum+C44shhl65T4WUJc3m4QG8h6vgV7K0gFBLOpp7rg1GIwLNdCzDcTAamL7p
gMcB0BZ2KOaeMb8PyzTOg6aieeIZBncsC3w+cAKggXMb/++ahg6q10VgzU2Xi5F8yzTLPogm4z/R
OPg6hOa5qweW7nE9ciwB7mVBaDFtDMC2JwwPeYKSuBQbdIOuosMX1caTAP6ZW0KAdA0XyiMfHMnS
fFvXbEcINzR933ECjXdI6joOlVxNSBae788j3zZd1/H0KJybc5CrZYWBb4UOzA4iA7SO01f1uuS8
mX83upebdZSlG9BgsoECI5k2xfQ1kIpWaWoQNXTXCDxX574+t0NwGtMKfS0C43Y813M1NK77cEHK
cLUeLnvuz3UDPE6Eoe/NA0hs3IXQZBqBa4ExzF3PCA3h/RYuvY8rFJbPjdBC6UWeH2pC93yDg89B
IDZtiC6QOdxINivr7AP0SPsQ2kRRNUcdweU8xwIqgrmrga1a3LUMMAKhgY5DHdIXMAkWbNgDJDl4
3BRjt+rPISB5phfNRQg+G4BJ+L4XYNK1A1+zQxfirWd52hzQUK/U2tZsQ+XqI4bNNgvwdN2yLrj8
pBiKPfxylQ2qq0X6iF2uIJOyUlT4hUHJeCFYtRIsS0UJF7xiAU/TrGK+YHEaJHWIX8inTH61NoOE
BpmX3v0BrotsDTMjRDDGWfJITFgGT4oSUTIfotUV22R1oXDhF8Jr6EKg48cVoLjBT92TDSKG3r1F
tw+lLq+TqmQ3Wfp1xTD384JBF5tB8Ioxg22QQvzWWPJ9sxIpq/NlwUNAMFuki7RBdrBIGXv0diWQ
MFZlsApUrYBCfQFYUuFXYmkdysdEqgz+DOSZiIrkhRuGgWAytyBkjZhB4oGYJhyL46U4YFSf4oNy
VVdQLaZT9XsEB2yxowrHRa3pug7/1YTJrlaLWhdhFLdguPPSJUvwiuvx/yx2iIXDJMluWBKX9MME
apOEXcec/bsWxQbH/IwXzf7JAX00S1NPqKtXcxgwwLCwZKBakB5i8zdMyRzHy02Aafu4x9Wjt+Ba
YDqgAB6GDGo0qSeUP2jmiq0Fx4+KsVZloB1fINEgRfFzzROU7zK+hrFQfNSC7apFoZTeQ+xyRTEt
RA6t8BT0g994HsBjWvtlvfZBfGB+h+UmDS55eQUWUlyBwc1owJsSdIg+0HCKw1ZFlmY1qBmGlxNG
u1ZMNiXoOBOG5Tcwgt0HyQYcF2HrOgVTwyES+QXZAfAE5lhktzGYogAxAEtk4mlLHMpWEXQaoVHj
GDTeCYurr0F8VUHTQoG7WWRbo8lsF3iowcEMEguxMVWcHhCqsVFzMo6iTlNUZ4gNZZaTEqiDKWf4
KbK6Zut4uQKvx/OAk76XKsNBiRRFnVcSKgWGglkDbYovUi54L3UlofQcfp3FIZB9PwVoI2hz0BrE
YF2znqHB4Kkc1FraIl0LWG4jvffbJPPBenD/iUk4+ME6rjAIrMWS+7SFzy6kqDUSblzSp1U4/RK1
dhOT5MmiwLtvphJRY2QlcYinleGCCTx5h2iiQohmSWnkoK0a/ZktM1BUhv6MVoELLYnMKZF2wDTk
AlanWC1Lt788B7ih9zH6V7wIv4z+sspyIkHF2ZYkha5kED5yTLthSxCu2lCla4alCKMg8Ja8QtFX
fr0FCskviCSMGCyoIUulkKWYuBVBTcE3kyRLj8Ss1o4Wt4EQYdlxJAPXq8uTA3b5/PSCvTg9O71k
h+fnL05PLtj5yWv29tXr705eTxgMYpevYNQJe/v81YsTdv761dHJxcVsHAIG8jBsR4njXBRxRpkb
A3GJDAYrQSGZpNEGWx1kD7VDSLGFhkwhFAoZZgnVUZYCnxCgwZqQ398yNmlkNytMwSATDEFyGGGW
SCD0doFcZiRa4xXmECwIaMLs7mi0BbUdDWrLRYB1g5Qskiv1Kue2PIB5ibzsWDU1xWu5dz9JinNT
cb7khQ+eMe1KcApA90uXXA3JUbOYmgWxe83TmqqUPiVQwdVgg3uTJieMjbAxQ5leI+hVKsnvunPB
GXslY740eCgzsjoJW1piSCI3KevoLyXinMgHRh1NU7zCas8oWNxJkmQ6EkPLW1Rk6ybZytlqxLRv
mn0NIzdKk3dsg91jUgPruGgqS1RZkdFH8o0hh/U6l2WYrPWYejDFB42+jnGQmkC0E5kNB/jrLTcC
nJ3fI2BI2pD4YIVrMLKyrAUGhmoFWls2ZSkGLVyto2rSKFLWCKr6nElqcOhvymnNb6e0fVs2tB/x
HKHxul5DjoX0WiDyiqdQfoIimfyFIklFJ1f0FyVK8pi7NgZVea4oogWnWC7XkHStVmPHmXw0tmms
jTDqSfxycONCEpca2OeMKocpbQ+3vB0DKVSrQPmI0gPqZIEhseQcmxcm50gOO+5gmpKn5KdZGQd3
1S4KMMF+QeH9OKqP2eEiTUWFCjtQKQJKs1WWyBLTx9NQVIkTyVA1gQmpJEOxTbZI6qlMLb5oi02Z
3h71tdQ8wrBabCpEPmFTvadAUh4tPK0aYlQKoKjd1bHyF6tqrIeJc2x6qNDHyQBUZM3Yc6gF6cel
sLhjR+dvJjAXaPDBv27iEMyeagUZPVv8U8J/wJym7O4q8pKk0xs7Y4chBKoVT6J96DllmxAKsGG1
FCzKcP8QDazniF3a6yHrtyIntxjVsMTkyYwhEW/O0/Om2O46RewlkCh8248T6zzNp+p+1N2cKa8r
4w+i1SeW5Y0aS0x4qmSCsl2aRy+1Wp4hJ+3N2Lmak/BiSRO4almVLdCKUcGXyALoBMRW5glVLNiH
4tkqdHZeoJ6OkhhGycYafzZGlBU7u3xDlJbAErLt1xXDRp5U2S0nm4tZE2vWVT3FWQdEbb8/FCm9
dyJfjxjuIAT4uwQtm9AoR1EczBhlqRXHIoDFa5BNhboDbdAvuUKYmhAtoLRrInqFkoCoS4EYUjSn
cF5KlcpSAsZWykaREyE3ElSoU93U8Ssqko5PLw6fQn1E9VSdkg1hwK4xUtIrU1kkxGiM6sf1wn6/
0fHZ+Xoo/Hp50DRt3zAdmzVVsq4gXNFzpnr5Uu4+oDenZSaTt/IIHZFJqiW2o1WWlbRD0fRqounG
KYrj9jIr+XWTLeASj0DgM9p67rXxQBheT2TRpjZvfsriVG4IkKS+Zu/87BY9v2Cnx2z33ZvT4z3Q
O7g90ADjb0BtqJgY0j04B/ZwRajkI8sP8Ias010K3v7u6YsGv+rvepCvaTF8n0aFA6lXlSLEW9Zs
Jak0egv0TfFEwuMsimhZeBZHm+ltHYedQkie0+EuziVtw0hXkz8aLGVAkV75VV2q7aAAgkglw6ya
M5VzDph64YrLyBSiwqNaBXMgT5dtj5LitGSciifNqOtY3EzbBH3fzpkU7uEafwSPmnxK9zKYgMga
0WJux+hIWyGgfrym5AyTX1Oq7k0mxlMhW29fSGS+wN+uY/QzQuRKq8bOyLQQPEz6kn1cqGUfYiDj
Y1KBl4CyFqNfxruHSu1+MnkBmELGG3MHYpvJ+Lelxhzt8Pj4sR/6WRmHMmcgPxx0CgZX1n5fCktM
ojBChDJ10k2b2mirSRkHDwKRCOoUpHnTqkl8BUtgn0yRKOHA+pJ+jkTGMViCs5XE1gty4P1lJVMy
ETtFaTSkTTvRSNZOj8seXximUfMSG5MvWFs21ZZTU+bQnIGSAN+UGewRkIknPVtFdttarS5nd5Wp
gtcNj6mbhWQCrZ60ojzL66RxG3WD+Z7GqLRhGrggtUHIJa2EGRcjF5QEqsFAiNrIO1ClDu47UnMt
wbJSUJaFP4LVRuiwC3romVP8+dMRqA0MQ7A6edDL6RAPpvJwVTtyBXo7kKTM8vU6n8UZUQyhbrPG
5hBcucJ91qDsSMc0pZ6z7jmxQGGOL5eFWKotRbX/KLdZ8Mchr8b8EX0Qa14dv8LfgZuqpCDrAwxf
N0J2IByc/IZWLInwjoFS/gp493YA8nQr+TrHM0xSOXeECgqVz5UxQSWEJwwol/XyzRFu4ov+Xt4E
kkO+4uAWAiN7gTQ0dSlkjEgU0HtMMS6mmAzl0yZ3yczBB3uD6tRHL9nWUINDbUOxtQlhCiFpWT5v
1rijVclXX61VvO4yiMrGiBTHo9VjwkAtYhjHBWnTU01qNrhn3QLqSX+FRnIfz/cqmUhNSg/o7SUp
HIC+UvJsdo1WCihDXNF2Eio64CY8NGshlUFx1CLCl+l1IV/NYLRptlJk5AV8Kjo1+Zbj8ULVp0Fp
zfGwlLrDAghoVLo6aJQmn4GN4p7eAfuBKhcoWie0yfcjIpWJuU3e/VdGxAZW0gUFeNxGaX4TjfZH
7sujFJ+pfSypY6D2Gz//zBOhioA++XJdgktDf1QKdANLs+RtuyLwJE8Uv0eK5BeqNAL7DoHbbP9U
5zgmtndLX0JNzNswLqoJReB/qrJPvnjp72BIj8asB3JWG4y8ViaYgOaCDZO/hFkXTRBu2raifWVD
EQbwQG4K6N1Z2Qht2rzuAXuQNf6jZxRaaCkaP0BCRbKCvO9BplRs9qrATDYC8ldbVccbXNEXT9Td
QaTzY+hWNrKqo3HIL5AC/ZhMG9JvJJeEH8qkoo3N+NJ2rGF8u3ne6fuIXnHSO74FlDCPnhUxOxYB
MyxmGAemfWBr7O3pU2Zoho4DmvdwjwWEW7hfZ1X4WKqzwFeC9POj6HmPdU+HPDYEXjsENhGsWoU4
ByCYOkBuVnElpvj+DQtXwg7dlKrdHtsaQpYc9xJC8Zju5LvBFqZm4e4tvuVp7vPrXK0QxthegT1v
HhNprXm22e4xMUmVMRbcHWtNtSzC3hB8Mf/4+OTZ4ZsXlz2e6C2hWpJyBTquuh/Uso9dBPXqdRqy
8+v/AzXROQ0=
===END CRASH DUMP===
