PocketMine-MP Crash Dump Sun Jan 2 20:12:53 WIB 2022

Error: Constant expression contains invalid operations
File: plugins/CraftingTable/src/hachkingtohach1/CraftingTable/utils/Recipes
Line: 12
Type: E_COMPILE_ERROR

THIS CRASH WAS CAUSED BY A PLUGIN
BAD PLUGIN: CraftingTable

Code:
[3] declare(strict_types = 1);
[4] 
[5] namespace hachkingtohach1\CraftingTable\utils;
[6] 
[7] use hachkingtohach1\CraftingTable\CraftingTable;
[8] use hachkingtohach1\MyItem\MyItem;
[9] 
[10] class Recipes{
[11] 	
[12] 	public static $recipes = [
[13] 	    //Name
[14] 		    //slot => id,meta,count,name,flag
[15] 			    // 1 2 3
[16] 			    // 4 5 6
[17] 			    // 7 8 9
[18] 		"MINER_HELMET" => [ 			    
[19] 			1 => "264,0,64,false,false",
[20] 			2 => "264,0,64,false,false",
[21] 			3 => "264,0,64,false,false",
[22] 			4 => "264,0,64,false,false",

Backtrace:

PocketMine-MP version: 4.0.0 [Protocol 475]
Git commit: 468faa464b2bc5c97f23fafbb71ea61035f6f218
uname -a: Windows NT DESKTOP-BVRHES0 10.0 build 19042 (Windows 10) AMD64
PHP Version: 8.0.13
Zend version: 4.0.13
OS: WINNT, win
Composer libraries: 
- adhocore/json-comment 1.1.2@fc2f76979f0a44a5f5bc2a2b600d0762fe0e78e7
- brick/math 0.9.3@ca57d18f028f84f777b2168cd1911b0dee2343ae
- daverandom/callback-validator unknown@unknown
- fgrosse/phpasn1 v2.3.0@20299033c35f4300eb656e7e8e88cf52d1d6694e
- netresearch/jsonmapper v4.0.0@8bbc021a8edb2e4a7ea2f8ad4fa9ec9dce2fcb8d
- pocketmine/bedrock-data 1.5.0+bedrock-1.18.0@482c679aa5ed0b81c088c2b1ff0b8110a94c8a6c
- pocketmine/bedrock-protocol 7.0.0+bedrock-1.18.0@040a883a4abb8c9b93114d5278cb5fecc635da82
- pocketmine/binaryutils 0.2.2@f883e1cf9099ed6a757a10a2f75b3333eeb2cdf9
- pocketmine/callback-validator 1.0.3@64787469766bcaa7e5885242e85c23c25e8c55a2
- pocketmine/classloader 0.2.0@49ea303993efdfb39cd302e2156d50aa78209e78
- pocketmine/color 0.2.0@09be6ea6d76f2e33d6813c39d29c22c46c17e1d2
- pocketmine/errorhandler 0.3.0@ec742b209e8056bbe855069c4eff94c9734ea19b
- pocketmine/locale-data 2.0.20@a6e4eb22587e0014f6d658732cf633262723f8d3
- pocketmine/log 0.4.0@e6c912c0f9055c81d23108ec2d179b96f404c043
- pocketmine/log-pthreads 0.4.0@61f709e8cf36bcc24e4efe02acded680a1ce23cd
- pocketmine/math 0.4.0@6d64e2555bd2e95ed024574f75d1cefc135c89fc
- pocketmine/nbt 0.3.0@98c4a04b55a915e18f83d3b0c9beb24a71abcd31
- pocketmine/pocketmine-mp 4.0.0@468faa464b2bc5c97f23fafbb71ea61035f6f218
- pocketmine/raklib 0.14.2@e3a861187470e1facc6625040128f447ebbcbaec
- pocketmine/raklib-ipc 0.1.1@922a6444b0c6c7daaa5aa5a832107e1ec4738aed
- pocketmine/snooze 0.3.1@0ac8fc2a781c419a1f64ebca4d5835028f59e29b
- ramsey/collection 1.2.2@cccc74ee5e328031b15640b51056ee8d3bb66c0a
- ramsey/uuid 4.2.3@fc9bb7fb5388691fd7373cd44dcb4d63bbcf24df
- rhumsaa/uuid unknown@unknown
- symfony/polyfill-ctype v1.23.0@46cd95797e9df938fdd2b03693b5fca5e64b01ce
- symfony/polyfill-php80 v1.23.1@1100343ed1a92e3a38f9ae122fc0eb21602547be
- symfony/polyfill-php81 v1.23.0@e66119f3de95efc359483f810c4c3e6436279436
- webmozart/assert 1.10.0@6964c76c7804814a842473e0c8fd15bab0f18e25
- webmozart/path-util 2.3.0@d939f7edc24c9a1bb9c0dee5cb05d8e859490725

Loaded plugins:
Alerts 1.0.0 by hachkingtohach1 for API(s) 4.0.0
BuilderTools 1.3.0-beta2 by CzechPMDevs, VixikHD for API(s) 4.0.0
CraftingTable 1.0.0 by hachkingtohach1 for API(s) 4.0.0
DevTools 1.15.0 by PocketMine Team for API(s) 4.0.0
EconomyAPI 5.7.3-PM4 by onebone for API(s) 4.0.0
FCCore 1.0.1 by hachkingtohach1 for API(s) 4.0.0
KeepInventory 1.0.0 by NhanAZ, KhoaGamingVN for API(s) 4.0.0
MaxEnchants 1.2.2 by Xenophilicy for API(s) 4.0.0
MultiWorld 1.7.0-beta3 by CzechPMDevs, VixikCZ, fuyutsuki, kaliiks for API(s) 4.0.0
MyItem 1.4.9 by hachkingtohach1 for API(s) 4.0.0
Netherite 2.0 by Wertzui123 for API(s) 4.0.0
PlayerStats 3.1.9_BETA by hachkingtohach1 for API(s) 4.0.0
PureEntities 2.0.0 by LeinneSW for API(s) 4.0.0
PurePerms 1.4.4 by Vecnavium , 64FF00 & ProjectInfinity for API(s) 4.0.0
ShopGUI 1.0.0 by hachkingtohach1 for API(s) 4.0.0

----------------------REPORT THE DATA BELOW THIS LINE-----------------------

===BEGIN CRASH DUMP===
eNrNWwtz28a1/is79J2beEpSeJKAOurYkeRGE8vSleQ407CjWQALEhUIoHhIojv97/c7ZxckSDtO
cus7rScRgX2cPe/Xkv8YpWW9lu39o6qbrCxGx9541GZrNTq2Z55tO6E9d6e2Gzh+MB51lZmazn2M
+JblBYET2I4/HuWyac/ruqxHxz//dTxS+vEfo3ZTYcfo/P706vL64u35/fnNzdXNaDxaq6aRS5o7
LYumlUUr1HNVYxR4iLgsWpkVjciKR5lniSgrVcsWUw32pllOG6u8W2LN0Wkt0zYrlncyytVRU8dH
KxmvHjDSlvRkH6zo2ixvjm5UnFWKwOVZQVQ5/xwbkPc4tcwf1VoVLc5JslrF7aifJZSH8DARl4ki
al1areJc1urbpq2zuL0nBjTiRNgv/4iFHhbgw8dHIcGCSsZKHGC7WOyBXywYX9o907vn+OiaX9+3
90r7g1/aeLm5aNW6/6SloT7KtvAJeppGGH79g0ZtjC6II7bDT1UX5VksIMYWH/9V66Wg+mda4/Ia
gX9HR+9ANY15PNaPNnnZipM/iSwZr1Urx3HZFe2YODROc7mkDb7Z0G8RtnCESzOzwxlP+GJGM/PD
mbkIREgzQT8zurx4d35z//3528vzu8WIkPhZ7PbQ2nALxabpxciZeWNrjD+pzBul/y6wcjxyrO1a
51fX2tu17q+udbZrvS+vhQ63NZRKm6GxEFLN17mqW34itgKcGRiPtrY/sqfW1MKI7NpVWWPxz6MD
VRkBqKwymvF4Mdl6QfqVjI41KjCAShVJozFoyrQ9Gw6sJVvQJyqo0ek/ySpLCZij66vbuw9XN2/P
MPSkoiZrCflV21bN8dHRk2zjVbPK2umTUlG+mcbl+oiY8F2X5Ymq78oyHxK9N7xPuju1JhGUz9ln
wOlHFa+uL8/UI234MXvOHr4/+yIb2rr7rVyICXi1TgB8sYg0bi3htlgcYPqbuLHM2lUXMQ8GaB/t
gQJv9r3XjjmHXu2rKcbv4Mjv8mm/hS9gC9ib5XG9mTabVjXTQrVHiWxWUSnrhJUFXDpUlO3QPhts
/5AP12X8oNpLhBBxp+T6a/GhP3+xGGBiiL29e31z9/7611Rgh9nRFgaIPUdsLdeb19cXA3IHg0OC
/el86k6uL719mstCRfj/a9FqwC0WSmMBmIvFHkZflDIR9eb0tKyHumwGDpXY/jd5N41O//m19PYH
paqL4hFZSllvBsTvj/+KIb9byeL1XzD2w6qUf5ZroP3ju68lWg18sdjDCHkGzf5+p2ZQBeWX8vm8
iPG6F9KGo/tUO9MDt/6TKspqlSFr2Xw1qQ9gEolbXPZefos2X3Z5m30o6zwZErcb3KdtbgKX+6uB
65TEnHabrm26hwzPD8its4fm/yWcrQnfJ8IX9A9x/1dC2QAQ8YnT1SGP9MA+f7xp+G+y+v20+mtZ
/TvVrlTNe7aE78aGtDuHtv4B6cXHLrMd92uJfAdxsdgi8X828B20ox1FIPk6lxtV36K8GJr7cHRI
NirWaXj/3fnd63+T3AeI7b38y1ntdVer86LN2kztMWI4fKAAhyrwVmVFoW4/fC0FyBneYlEBB2Vw
ANH7GP2+xKVH8WgPiiH/WtXrQ9r12KHVHyQtP6q4kI9ZtxZjMfPevLEs8d/iui7/htr+okizIms3
X4sp9/oAzQfGbvD4WyLA7aqs/vx+mKH1I/8p9ZrBZ/vwdbwbtWBkDYpbdZheTy6vp9VK1kzCc6uK
hrtB4JBO/UYB5XcUBKN4LdvVcCSWOSjC3uFYub5PyhYY7I2ahtVuoKvz4Xsi2735NMuB63Bkua6G
ryuQN3zPkNg+Dgf+1rAwt+/riFpHxXJvrERdSKvwzqkMdcxAUDJcVMX7fLhRaQ7lzvbBN8zRZn8o
gV0MR26v3+4dv2n+nhd0mHkS26m2fFBF9nGfBc/PhmpCl3LujVzn7I8cfv2YVbqcCqc+veZZNNyO
1+f1PtdLQs+xLJeakhi4PrvaIz0p7xm1w0EMZfsCK6HcTbO38DZbV7n66XKP5gMM8FormRzQuc6f
KEbtDVbtilYShz1joNerA91bdcUDt/UcZpLLXMmWUVZIyuQRwpwptbBy9ajyJDKLCBRsp2pLM+Bo
ZiUQtFZL4jetqljIyOXV/e6swTx1ULMiLff0NvlE5NmeljAr3eFQrWAeZIfLTutiD/8vMDdxdR3D
VwyYT9a9qsy5dKIqVC3zoTcfmjuZsmzUrjm95Se3SkbHjuU6YFtzD6+ydWdVXbZlXAKqN/dxRkb2
7c2CVEpv5kVOFPtxOE8dN5VpFM1tJWe25frpLHXsALA7g8qHrEjKp0a8uxNn57c/3F1dT7778eb7
81tL2MBCMA7CDi3PEd/2i23rpXh9eTaj2ANSh7z6qNiAvK2arKr7kmTy4eLduztSTHp54rwJvqkq
G1XfQ7i1rE20l8kKhNXqiDzGBGtMf9omn/AqjZ10PgvnYWpJz5N+6kexI51oZlmJNZ85qbLUPFBz
Yl+dxQ9Hxkla03DqvoqlP0/sILWcIA28dD6fR449C+LEDm07shKlHNdzpWIPCIHA+yBSw6/mkYwf
Jtykly31/MHAh6J8Kl6ZT9K2ZV02jToCybIpqO/56JA6v3IsJwwt143Bf8+1LBXN/Jmaq0AFQZz6
TmIns1no0anw07VqlKzjFdO/llXFdvfISvEqiKLYcmwZqCRylCfnSjppIBMvlaGKwyRWThpHQbJn
HEeRSmq8TYC7ZE76U+sP/SD4Cum98gInns1DKX2VWFFgxxaQcyI7TenNtmToxYGcxZ+HvFPH0ZwQ
PYRueZYMAld6MoqCOIxCeDgv8Z15EEd+quJ45vqJDJwD6OwodlbtkAIAjLLjNLTCUCUzOffnEthB
K/zIxT+kkk6cpOE+pM+KkBIL99XMmwdzDyo1m0WxBEf9IPAdz1GBHztu7PgqiH1fHqDGtwWUCrB0
CDWwMFTStdwwdFWapJEbxolrOcqx/VniWwAdOFYI7TyAVOblDoYVRmoGY03msFTluskssKE4YeKE
sePE3iy258pODrDhiygU3klu0CG1U/HccyI6MrD8WRSBIN+ahbGn0hTCDOeup6QdRvug8pLSiF5V
KLV2rFdypjzw1fGDubIs20tnyQzPrhOnM9d1Zs4cjiZI3ENQS0bGI2RmcWg7sQW5+X4cgALXtgIV
Q/nnUIdZ6llebHmfQpgMAo0GNbPTOREVpy4kFjsecIPZOzJOoBCBJW1YgRsf2MDWDzCIZOYpx/f9
KHFUSBrveP4cDsFPsDmNbRc4humBshdRu2VuGMSetLwImhHavoJPCdzEjSzoNhgFw7RlBPHb+xB2
jxNOn7RR/w63PYBVywedUMDTejAM5cpgZtvQ5bml7FTCpmaOD8Oz4ew8b67gOiKp4s9BmWRV3Ocx
r0LHkTPP80DMLJ4nEi6B/gtcx7ageyr25m4g1QF/m6IsP6o+zr+yZBzAV0Pn7dizQ2mn4DjsC0Yf
uD75Xz9UDisfEuFGbcgOdnkc97Jexfg395TylesESIoiWJJnRb4NfVYK+hZFs1lsyR2Qrst0+IHn
RawIwcM08t0gmIV2mszdOfTC85I48pIZdsep4yUpbV9160bKfv+nzr3ZrNOy2ECC+QZpRT7pU+hH
oOqyEOMk9OfhXIXwPm6QJokTWe4sdOHgEHcUxGtBuT4HCxEjsLaw7FdwtxbikEpsGcIJSEALpbId
+HYED0Qsy/G9efSLsOwBXmoGpQhTNyE9TxGCQi+ArdpW7MUukHJhvCH+6jJmXX6UdXsE36ZqE3RJ
Q2fhzIvn0IbA8gLbk4HnQAmUBRknth/JyErtAAa1B6SCxU3IebMfIVyS0A3TuUpgszFUIorCmGKu
H0eWnyAaArfQmgMMV0hb3ZpuOEl9IajfQpfmabbs9D25oBRPpGUt9nKqRfFC3K0QSEWjWrpIaYSs
lWhXSpSFavAgWxHLoihbESmRFXHewXngARtqBP4pAhoCL5f5gHVbrrEzJQCHMBuZqrEoqY3TEEgR
wVs9iE3Z1QaWyFKxRu2RZnwCchu6aM83BPidetqCQ9WYyi5vG/FUFt+0gkK/rAXK3nJNN84IYRvC
sF1ljab7aaUK0VXLWiYAMF0Ui6IHdrwohHjxYcX9JdGWOAW5KkAIXXaBB8huGkqoEz3NqGrvL8DP
XLXMLypl+faegguNrAkyOB6rSS4pJV6qY6FvZjHRrLoWOWIxMd98OBaL0a2GHedI9pLFiDF7nefl
k8izhrAV5gZXPGZS/E+n6g2t+Ts9TMzUsaDGBG8958re7BHAS1C6KCAxMIWgRRthWEnrdSNgsp0e
IPviAywGGgG+yiQRyLw0+4mtYPiDWCvZdDV/Q0KA6ZEipMEc9fdO5sS2ZfaItUgqOiW+NYcKx3pJ
0PWJalKrCnXtBGxfLlV9jGk++123jsAVaNXrZlPEd7J5gODrB+jRlBe8B7dYtXtKadmqLouyg/Sw
vBkL7jwLXWGQPYwFJdX990uIN7BHGlt3BTSIlmjgtyxe0AQtq8vnDBqmwAaQxJpbbJEj3hqELlLS
VVpDOjkWWfsN2NfWvC1RLbSaVeZgs/gWNNAXMhxmC5MxMZQeM6hDXZWsHHVXFCTOhKrDsmIhcDnS
TMWZejTPYp0tVzDmGqX4eGh8RnGII3XdVa0e1QwjxqyBm6GLhQuj5Foj0QYhH8ssAdqfx4B0hHQO
CX8G7ZoOFA2LJ3rRVtMWxVrhuI02yj/nZQTtoR6U0OOwg3XWkm2v1VJG3DMSt5rVFjM3a/himLbf
kdSeMuY8axSM9mmiAfVK1jCFaQYU4ZEU3UgRmLRWqj9SKzmk1ZGZimUJQZVkpqQVdNCS0ZwwasfC
IipwOrtgnZH9x1NATb0v4b9CNf+v4d+0ZcUoGPe5RcmAawTcR0XRNNkiRKf2WNnIOw1i7AQ+sFUY
/JpvvgKGbBeMEnkMEXcIPgWCj1DPKu7Y+ZYaZW2RFKy2q9VzrFTS7CjSjuvq7vxY3H1/cSveXlxe
3InX19dvL85vxfX5jfhwdfPD+c1YYJG4u8Kqc/Hh+6u35+L65ur0/PZ2eugC9vjh+DPDjmtVZyUH
ZHLEDREYrxS7ZObG1tna4D1SgoR9Cy+ZwBUq7WYZ1GlZgE44aGgT0ftLyqaV7GlFkRU8IReklzFk
DQSud+fIdUTiM64ohlCc5w3TT1eTLpiWNMRWqZjSAc1ZQlfLVe/d0gD1UlWzI9W1DK3Ny8+jZCh3
DeVLWUewjMkus2YH9HnusqkROmaXMLvgu9ey6Dj5GGKCxKyDDr4c9zHhUAl7NdThNUWR32p61zsT
nIor7fO1wiN7KLs82eKSIYg8FWKHf6MBV4w+CJ1ZlqEVp71hZ/FJkGTV0RC2tKV1ue6Drd5tVkyG
qjmUMFFjJPmJbojPqNSedtz2CSOJrMZJpIZGkZNuXensSqdwwkxMaKKX1xktMhsYd0azpwBvCPMw
dvkZBiNoI/DhhEcoWdN0ihxDu4LUln22SU6LTtthNe4FqXMEk1RONTa09Bf5tJbPE+7FNj3up7Ki
0WzdrRFjEV5rAt7KAlklBIk4TTeHGosdX8leDCvZYj7VMSTblcGID5xQFtwh6HpbiZ2VeupQpyk3
Iq+n4evFvQlpWGbhkDLOHCbc693SdgZUOFdB+kjcA3Y6wdBQKkk1idB7NIU76rDN8FPT059Mi3fZ
LjEwpzLAwP0yqC/p4aIoVEsCOzYhAqnZqsx1ihnRXSxn4owysiaokAky7Nt05WNmdWiJ1DbZ1OHt
xVBK/RS51XrTEvCxmNgDAbLw+OBJ2yNjQgB77V0ey/cDlEImmnKqZTjRp80YNGhNxffIBaFLJ5zc
idPr92PsBQ4R7OspS6D2nCto77mFP2H4x2LWp927jLxh7gzWTsXrBI5qJfP0CKWkLhMSBR02R+FQ
QX1BUrCBIe7C3gDYsBQ5fyavRimmzKeCkHh/XVz3yfauAKRagpB6QtikjV1VVBPzflDdXBqra7KP
aitPSst7MTYU8EzKhLRdq8cgtHqhoze9nIprsyeX9ZI3SFOJGl3gE9NaLokEyARsa6qcMxYqL9dA
noxd1iSn0zzDKl0v1yimVNOKy7v3jGkDkojsqGsF1ecsyt1xuriY9r5m3XYT2nXM2A7rQ1XwJRLb
eiqoMRDTtyq3ZKL+TdMsngqOUitJSYDI1uBNS7KDNPhXA3BTY8YFQntkpFfECXhddsQI0ZLdeaNF
qlMJrG2NjhIlSvcHjKsz1dTZFSdJZxe3r79DfsT5VFewDpHD7shT8v2nThIyUkbzjf1kWG/s6NzZ
eqKibnncF21/EjYVayZlXcFd8bwwJXqjmwpkzUVT6uBtLMImYBprDe10VaKIJyvsazXVV+Psxalt
LBr52EcLPKL05jluKQ/KeCDG3zXQSZvpyfytzArdEGBOfSN+ispnsvxaXJyJb396f3H2EnKH2QMH
rH+C2EgwGcI9jINquDox/NHpB6yh3MmugLX/9N3bHr6p7wYj3/Bh/KsFbouQeE0qwrSVfYfIhNFn
4DehbyaclGnKx2IuSzeT5y5LdgJhfk72mzN33F3RpqZ/oKJ5wGuNXXWN6fLEcCKtdrNmz0TvORbm
9pSO0SHEuEdzCsVAWSy3NUpB2/LDUDzuVz1m6mmyDdCfa4hp5r5e068XuMjncK+dCVjWs5ZiO3lH
boVA/PTMwRmbbzhUDzYz4YXSpXekNLBIpWT7TSWfWClIRzV0Vi0a3g/6mnw6aEs+fKCQh6iClpij
llCIp5/D0vo8mrIGpETIXt2BbL+ZPrfYuAcdnigvYzbfJkt0zCB6JGQKhWu6aMiFJQVRrFCJDp38
sg1t3GoyyiHjWOWKKwWt3nxqnj3gCKqT2RPl9JujZV0+tSvtx3CEFCsNbeDkYP1Nq0MyIzshbvSo
TXas0aRdnDUDushNk+Q1NKGvTbdkmpZTn+bwnj0hAd5EOOIF0ESpvBPkrq21leX0U2Ea5/UkM65m
EUxQ6mktqsqqy3uzMS8U73mNCRuuQwdyGURU8kkUcclzISUwBQaNmEbesUl1qO/IxbUe1pmC0Swg
svPQyc7pkWVO6GdUB0Nbx7A/bL5GMIjp8AcT/V2y7coV5HasUZlW63U1zUrGGK5us6bikH+v1IDC
Zoc6hSkzL3bzTAK7Oblc1mppWoqm/6jbLPS7m4dD+hg/+Jqrs6tj8GNigoLOD8h9PSldgUgY+ROf
2DDiOwJ4bDpo+iNObznfVfSFJC2cT5gKgep5o0zIhOh7AxzLBvHmlHrzatjLGyM4VCsJs1Dk2WvC
oc9LETFSVaP2mJBfLCgY6tk+dunIIfd6g+YrHINg2yEHR27DvrV3YQYgS1nP92d8IlVN11Csbbbe
RRATjQkorSetp4BBUiQ3Tgdy09Ns6hvc090BZmZ4Qs+5L8d7E0y0JLUFDHpJBgbAt4affddoZQa1
i6u3lYTxDtSER7GWcBqUpVtAdEne1frGhbxN30rRnhfwjHfq4y1yMtmYOg2ptaRvPpk3SoCAo5HV
cS80PQcdpZ7esfiZMxckrWNu8v2VgHIJtgvew5sgJoMy6ZodPLVRtPMirVLtZ+Mo+2cuHxuuGLj8
pm9+A1eTBAzR1+cyDvoREMkMPEvH1N2Jx+LN29d3epBKDUWdtT+ab2SM/fAZFBVq7D4nWd2O2en+
0WR6+q5l2LTQRkyBDqw1PUXZGa3LIax4Q1dKXdx2de93+0qt3t7SsFMBHISjmG/Bmp5Pk/6GByqg
0/oXb9ib8FG8fg8I58Vm5H4wMuH8cpD4lTr3V8/wbY0pcuMHKpMaLujg3KIMBcpGJ3K8jujN6He6
uY4U2lQ0lQwfmVG9dcd0/XooVLqnvN6J+JQvK/m2boGs5cWbOhNnKhaOJxzn2PWPfUt8uPhOOJZj
04L+Ru1EwcPifV22ycne1abQt2k0qQ+fkO2d2KGNSLY/+DjjYZeGTbGQVRiEsmPkaZW1akI3cJS6
8mGop0z2duJYNLKU1E1I1Am/6Uu/7ZjZRf1buufp36vHypyQZFRgQaM3J4zaVkG38e6EaebcmFLu
E/1DinqXL6tksIRu3E/Ozt+8fv/2bkAT3xOaIzlakOma971s9iSgoUHGzktG//xfZOWq7Q==
===END CRASH DUMP===
