PocketMine-MP Crash Dump Sun Dec 26 17:29:43 WIB 2021

Error: Call to undefined method pocketmine\world\World::getName()
File: plugins/FCCore/src/hachkingtohach1/FCCore/FCCore
Line: 66
Type: Error

THIS CRASH WAS CAUSED BY A PLUGIN
BAD PLUGIN: FCCore

Code:
[57] 		if($player->getWorld()->getName() == $this->getServer()->getWorldManager()->getDefaultWorld()->getName()){
[58] 		    if(!$player->isOp()){
[59] 				$event->setCancelled(true);
[60] 			}
[61] 		}
[62] 	}
[63] 	
[64] 	public function onPlaceBlock(BlockPlaceEvent $event){
[65] 		$player = $event->getPlayer();
[66] 		if($player->getWorld()->getName() == $this->getServer()->getWorldManager()->getDefaultWorld()->getName()){
[67] 		    if(!$player->isOp()){
[68] 				$event->setCancelled(true);
[69] 			}
[70] 		}
[71] 	}
[72] }

Backtrace:
#0 pmsrc/src/event/RegisteredListener(75): hachkingtohach1\FCCore\FCCore->onPlaceBlock(object pocketmine\event\block\BlockPlaceEvent#113960)
#1 pmsrc/src/event/Event(62): pocketmine\event\RegisteredListener->callEvent(object pocketmine\event\block\BlockPlaceEvent#113960)
#2 pmsrc/src/world/World(1873): pocketmine\event\Event->call()
#3 pmsrc/src/player/Player(1611): pocketmine\world\World->useItemOn(object pocketmine\math\Vector3#113930, object pocketmine\item\ItemBlock#113947, integer 1, object pocketmine\math\Vector3#113940, object pocketmine\player\Player#27338, true)
#4 pmsrc/src/network/mcpe/handler/InGamePacketHandler(360): pocketmine\player\Player->interactBlock(object pocketmine\math\Vector3#113930, integer 1, object pocketmine\math\Vector3#113940)
#5 pmsrc/src/network/mcpe/handler/InGamePacketHandler(223): pocketmine\network\mcpe\handler\InGamePacketHandler->handleUseItemTransaction(object pocketmine\network\mcpe\protocol\types\inventory\UseItemTransactionData#113900)
#6 pmsrc/vendor/pocketmine/bedrock-protocol/src/InventoryTransactionPacket(114): pocketmine\network\mcpe\handler\InGamePacketHandler->handleInventoryTransaction(object pocketmine\network\mcpe\protocol\InventoryTransactionPacket#113905)
#7 pmsrc/src/network/mcpe/NetworkSession(395): pocketmine\network\mcpe\protocol\InventoryTransactionPacket->handle(object pocketmine\network\mcpe\handler\InGamePacketHandler#110624)
#8 pmsrc/src/network/mcpe/NetworkSession(358): pocketmine\network\mcpe\NetworkSession->handleDataPacket(object pocketmine\network\mcpe\protocol\InventoryTransactionPacket#113905, string[79] .......?......@....J .........___Meta___.............p.'Cr=.B...C.. ?...?...>.')
#9 pmsrc/src/network/mcpe/raklib/RakLibInterface(192): pocketmine\network\mcpe\NetworkSession->handleEncoded(string[89] c.ab..c`b`..d....a......./.............}SK......(x..\d..tf..g.)..........Z.}A.1.)
#10 pmsrc/vendor/pocketmine/raklib-ipc/src/RakLibToUserThreadMessageReceiver(42): pocketmine\network\mcpe\raklib\RakLibInterface->onPacketReceive(integer 0, string[98] ..3.dm..!.$I.E...}t.+&."...!.3.....a..c;...:.W..&z..Y.{.3...J.J..h.W.A....D..s}.)
#11 pmsrc/src/network/mcpe/raklib/RakLibInterface(122): raklib\server\ipc\RakLibToUserThreadMessageReceiver->handle(object pocketmine\network\mcpe\raklib\RakLibInterface#25106)
#12 pmsrc/vendor/pocketmine/snooze/src/SleeperHandler(123): pocketmine\network\mcpe\raklib\RakLibInterface->pocketmine\network\mcpe\raklib\{closure}()
#13 pmsrc/vendor/pocketmine/snooze/src/SleeperHandler(82): pocketmine\snooze\SleeperHandler->processNotifications()
#14 pmsrc/src/Server(1645): pocketmine\snooze\SleeperHandler->sleepUntil(double 1640514583.4608)
#15 pmsrc/src/Server(1034): pocketmine\Server->tickProcessor()
#16 pmsrc/src/PocketMine(301): pocketmine\Server->__construct(object BaseClassLoader#2, object pocketmine\utils\MainLogger#3, string[12] D:\FoxCraft\, string[20] D:\FoxCraft\plugins\)
#17 pmsrc/src/PocketMine(324): pocketmine\server()
#18 pmsrc(11): require(string[56] phar://D:/FoxCraft/PocketMine-MP.phar/src/PocketMine.php)

PocketMine-MP version: 4.0.0 [Protocol 475]
Git commit: 468faa464b2bc5c97f23fafbb71ea61035f6f218
uname -a: Windows NT DESKTOP-BVRHES0 10.0 build 19042 (Windows 10) AMD64
PHP Version: 8.0.13
Zend version: 4.0.13
OS: WINNT, win
Composer libraries: 
- adhocore/json-comment 1.1.2@fc2f76979f0a44a5f5bc2a2b600d0762fe0e78e7
- brick/math 0.9.3@ca57d18f028f84f777b2168cd1911b0dee2343ae
- daverandom/callback-validator unknown@unknown
- fgrosse/phpasn1 v2.3.0@20299033c35f4300eb656e7e8e88cf52d1d6694e
- netresearch/jsonmapper v4.0.0@8bbc021a8edb2e4a7ea2f8ad4fa9ec9dce2fcb8d
- pocketmine/bedrock-data 1.5.0+bedrock-1.18.0@482c679aa5ed0b81c088c2b1ff0b8110a94c8a6c
- pocketmine/bedrock-protocol 7.0.0+bedrock-1.18.0@040a883a4abb8c9b93114d5278cb5fecc635da82
- pocketmine/binaryutils 0.2.2@f883e1cf9099ed6a757a10a2f75b3333eeb2cdf9
- pocketmine/callback-validator 1.0.3@64787469766bcaa7e5885242e85c23c25e8c55a2
- pocketmine/classloader 0.2.0@49ea303993efdfb39cd302e2156d50aa78209e78
- pocketmine/color 0.2.0@09be6ea6d76f2e33d6813c39d29c22c46c17e1d2
- pocketmine/errorhandler 0.3.0@ec742b209e8056bbe855069c4eff94c9734ea19b
- pocketmine/locale-data 2.0.20@a6e4eb22587e0014f6d658732cf633262723f8d3
- pocketmine/log 0.4.0@e6c912c0f9055c81d23108ec2d179b96f404c043
- pocketmine/log-pthreads 0.4.0@61f709e8cf36bcc24e4efe02acded680a1ce23cd
- pocketmine/math 0.4.0@6d64e2555bd2e95ed024574f75d1cefc135c89fc
- pocketmine/nbt 0.3.0@98c4a04b55a915e18f83d3b0c9beb24a71abcd31
- pocketmine/pocketmine-mp 4.0.0@468faa464b2bc5c97f23fafbb71ea61035f6f218
- pocketmine/raklib 0.14.2@e3a861187470e1facc6625040128f447ebbcbaec
- pocketmine/raklib-ipc 0.1.1@922a6444b0c6c7daaa5aa5a832107e1ec4738aed
- pocketmine/snooze 0.3.1@0ac8fc2a781c419a1f64ebca4d5835028f59e29b
- ramsey/collection 1.2.2@cccc74ee5e328031b15640b51056ee8d3bb66c0a
- ramsey/uuid 4.2.3@fc9bb7fb5388691fd7373cd44dcb4d63bbcf24df
- rhumsaa/uuid unknown@unknown
- symfony/polyfill-ctype v1.23.0@46cd95797e9df938fdd2b03693b5fca5e64b01ce
- symfony/polyfill-php80 v1.23.1@1100343ed1a92e3a38f9ae122fc0eb21602547be
- symfony/polyfill-php81 v1.23.0@e66119f3de95efc359483f810c4c3e6436279436
- webmozart/assert 1.10.0@6964c76c7804814a842473e0c8fd15bab0f18e25
- webmozart/path-util 2.3.0@d939f7edc24c9a1bb9c0dee5cb05d8e859490725

Loaded plugins:
Alerts 1.0.0 by hachkingtohach1 for API(s) 4.0.0
BuilderTools 1.3.0-beta2 by CzechPMDevs, VixikHD for API(s) 4.0.0
DevTools 1.15.0 by PocketMine Team for API(s) 4.0.0
EconomyAPI 5.7.3-PM4 by onebone for API(s) 4.0.0
ExtendedBlocksConverter 1.0.0 by JavierLeon9966 for API(s) 4.0.0
FCCore 1.0.0 by hachkingtohach1 for API(s) 4.0.0
KeepInventory 1.0.0 by NhanAZ, KhoaGamingVN for API(s) 4.0.0
MaxEnchants 1.2.2 by Xenophilicy for API(s) 4.0.0
MultiWorld 1.7.0-beta3 by CzechPMDevs, VixikCZ, fuyutsuki, kaliiks for API(s) 4.0.0
MyItem 1.4.5 by hachkingtohach1 for API(s) 4.0.0
Netherite 2.0 by Wertzui123 for API(s) 4.0.0
PlayerStats 3.1.9_BETA by hachkingtohach1 for API(s) 4.0.0
PureEntities 2.0.0 by LeinneSW for API(s) 4.0.0
PurePerms 1.4.4 by Vecnavium , 64FF00 & ProjectInfinity for API(s) 4.0.0
ShopGUI 1.0.0 by hachkingtohach1 for API(s) 4.0.0

----------------------REPORT THE DATA BELOW THIS LINE-----------------------

===BEGIN CRASH DUMP===
eNrtPGlX3Ea2f6UGcib4DC20L52DxxjwhIkxPIPjvEzn8EpSqVuDWlK0AO0c//d3762SWmrAS+I5
mQ92lpauqm7dfamS/NtWUlRL3lzdiKpOi3xrau9uNelSbE0N19Ydw3Z8S7NdQzfN3a22lI8sTzM8
y7fcwHZt37Ot3a2M181xVRXV1vS3rWZVwqgteb+7tRR1zecIOeRZxpqCtXkskjQXMVuKZlHErCyi
a9EsATSb3RZVFs9mb/FnOp2L5hVfip0ngChps+xFmiGmo+ls9qK4O6x40sxmZdbO07wG0OFhUQGO
uopmswWPFtdpPm8KvDLWT+WvVi5KRCoRKhR78tkeINjbmN89kj8wMwNyt6auCxKreASX/9ra1lm5
xLn4n7gRebP3WszTuhGViF/iby6qHc95MmUfoW7ytMjPM0D7PAPZ7BThv0XUjORE6GezEJ/PZjSM
JhwjfNswrMDVUWrbxj2aaMiOawIZD2C8T/HkaQSak7P+CCXmgBJS8x5pecfwPethWgiFXJ5MYNsa
oCgzvhLV3jn97BiuYWwgGZrS5Glbi5NGLM/yh3gAJ1jMZj8CuKgsotnSd9kDA1NAMZshImKUhtre
LkvzRsxFxYwHZ91Hbz+MXvI0m0mmtk3Psvxd1lStIPbtAfu5aIDB671lVAow1jzOQBgn+T/AXc45
YvxewnYsEP/0A6tMniLxYMPNo8b2sHg+n2diwvk9TJjmpomoqbAQzEV3p4Ggm/uzJ0/l0zfSBC4r
ntfALkS8h5jdQFxWRVNERTabYWCDKJPmaJVFtZrN7iM84g0nZnXJrKuYhSlxUe2t19kLRVzB3aTD
T/I46XAPUEpWdgzD/uMSeAj/Z8ngcQIl1w5x7T2m4lfy5gJyAq5sBc6HefqUhTvePoGPD4kI6Ndd
0yb6/U+l3/E/TP94fEcpGonS6heV/S6rmwqSyr+84BemyT9/lz/P8H//7ICadnV1dSoaDj/a8E+p
fXtY7WvP4fJQ09jfFYKn2rckl+AxuVT8OkvDvdf8+mUanmA4SSAD7BiB+Xvkc5xHRSziHcWND9xE
Gg81Lfq/8P80LUZKuaJ4b0T/+4sf5MXOnabNZjCySTRtrj1ZD/lZe3+gGZrMjfqj7ik5mqSl5FZy
dlmAx1eXi0rw+FTWNa9FJFKon3bsj7AqEUJ+HcuIMj0pUWHa6cKq3qsz8FGdlhYvNe0v2jcn2jGy
2mh/+6s229IQZmlKJtF38DvV3mraX99p2v9qv9Gjf8I/2gKgBzjsSNPq90oAxudq1EQ2O15AGDfo
TiCljrEPiOgzHPURYW2bDjippNx8VHV1XhTvZBF3kQlRiqrLIsbHssijSvqEOb9FWVG3lXgvSxXD
+h0E+ptGJIfOZuNxQA/kDpDuq6JJkzTiGApqte6wSLggBUFxZDufiLjG+zd5k2Y7cdGGmWCjVkD3
5SLOA4vo1maGkk8mT5sUakJJcVEpMt0BhnOacwpzdizdeATJ1VUETEItFPVh8zmvxSE0H/XLgsdY
Lz1YibTADOTtU57mL4s5uNa21buWYf7Cxt1E/8jUNx/1jYbkwHuEA3NTDNJNFN8qt+xQuVqJX9u0
El2kc9xfWLng1XRv72i61y08QD45PddwwMaa2Mw82frl/e6W+I93YX+4YQIq5ewrqKSK7EYsIasB
yhgEETVb3VOA9FMxHSBTjgfQWTMDo9/5plTVK1An+4gndC0pZfv77JtmkdYEUxb6ZD34lOcgjg50
JBLeZg+gefIbrO74alUGf2Dlv/RLp/VZ2Q0K1CD85xshG5daNIc8j0SWQTajKv47GOrq/dD3eGuo
W7ox6YYuLbrEK5uuSnDHNGJJm1PqZ6MWcaPvYpIEIs111AKKbrbPOgKBUdU/ScrcP0O+rvcJ8nX9
T5dvMJKvpw/k6xm9fD0U9fut918b+K8N/NcG/msD/7WB/9rAf23gvzbwXxv4rw381wb+awP/JzTw
Xe9bY7N7AOps6CrneO7aAXa3+uPaLUPTNR0gvIUWvqqxh9loTBApL1N8YtNguBc5B7uIt6ZYl+5u
xWA/eYyT4VldJNCuDQBLTr34vX5HUtP9Yn8PKoSB52cXl2/PXr88AtCtCGsouHF605Q1SOWWN9Gi
XqSNditEmK20qFjuYQ/2vE0zsIDLosiGPI/AY84tTZ+EkALNMf+H70S0OD89Ejc44cf0Lr3+/uhL
SSFC5OUyBuTQMEnaGqQN+qYxpZ8kjXnaLNqQZDAge2+ECmQDwE259KCxTAxn0xzWNsYuBV9+KUF0
689mA0oUzxeXB68v35x/jOM1ZXs9DmD2GIJEsVwdnJ8M2B0Ahww7mqdZk/NTe8xzkYsQ/vtSvCp0
0NRKKgAndLZDij6obGLqDhpxqIioQasPCygEK0hNQw4fGfERb/8nv0lF9VIUeRC47pfieIwVmH2Y
OBmSP1vxY+x7j3EOYlMbgGsp9TuC/xUhcLzl8ylOD4KA2JFmUbXS6lUjag1qkb2Y14uw4FVMkfAH
yN99pzDgfQz/iAheQaV28DPAflgUHFolIPvHV19KEBL5bDaiaNMYPjnyKVKB81N+B50D3I7S3hA6
5trUNmL/TyIvykWapdHqS/E6QIkc9qSMbj4lBJy2WZPSVtaQtzVwzJqnkpv10eR2+DO9G7Vqm7q9
TuH6mmdpel3/R1LeEulV23Ij2v9IuhsgQjmtcEdmKCMJGMvH1pw/x+clNd3vl/J5aKMXoqI5Pd9r
2JB1c9PT30K0fNem0Bl9KZ7XGKm/l0T8bvdeY9tbcwQsy73Li4aPnH0IHbJtQccfXD0/vjz4c9Q+
oGt084fr3nNoOI+hW2tSMZLDELyh/00LeCnSPBcXb78U8xnhg24JaBCKBmB6TNHnpfyOxL0RFsX+
uaiWm7xL2KbPb9R5P4ooh1qiXbJd5tovXug6+yuDNhUbyJM8SfO0+WJ54EouIOVA1A0uPyX+XyyK
8h9vhkVtB/kvqWYUOf3Fl4lteNrLK2AYSrqNhqTrhYkDLAJRBmQIsurb8oE/AzNgGOFhxBAS8Qw4
grlDWLG8iosGKBhB1Un4GtBW2fA+5s3oeZJmVJqvIfNlObxdAHvD+xRagZsh4N816bK/X4Zye2AE
K6BxxFFwT2VM3XBkKB4OKqOxHF6LJBO0bTyE1iTRegyKwS2GkIvzl6PlV/WvWY6LqSvWP2qKa5Gn
78YiuLtTXCO5BgBWfJlRODLp9l1aygY0oMT8LkvD4XS4vVuOpV4geaauW4ZhBgA4PzobsR4XV0Ta
JhBA6VhhBRh3XY8GXqTLMhM/nY543qAAbnGPc4PPZXaLGWoELBvaDUUJ28o/zxcbtrdo82vapzJJ
SBZJJZ2Hac6xiocEZmouSkLciCwO1SBEBb5TNoUCmFJYMShamiXKG0ett6Ou1msNnuN7GWmeFCO7
je+pPB1ZCYnSGoIqAe6BfjhvpS12+H8Gd2Nn5xHEioHw0bsXpVoXV8TjZp4Ng/nQ3dGVeS3W3xv0
8qS9lK2pqVsmiK2+gqiyNU14VkM46w5Qtqa258AaKfq37foJ57Zrh2YYOVHgJaaV8CQMPUNw19At
J3ET0/ABd6tIeZvmcXFbs1eX7Oj44ofLs/PJ8x9ff398oTMDqGBEAzMC3TbZTjfY0J+wg9MjF1MP
fjIwkNU7QQ5k92ayKK8K1Mnbk1evLtEw8eaWqiaITWVRi+oKlFvxSiV7Hi+AsUrsYcSYwBj1KoyB
MeFZEpmJ5wZekOjctrmTOGFkcjN0dT3WPddMhC48X3goviqNrvdUkNS1QLOeRdzxYsNPdNNPfDvx
PC80DdePYiMwjFCPhTAt2+KCIiAoBKIPJGo8qQ95dD25gS4CIiO+TAQCvM6L2/yZ+kVrm1dFXYs9
YJnXOb5TcWOiOT8zdTMIdMuKQP62pesidB1XeMIXvh8ljhkbsesGNq4KcboSteBVtCD+l7wsye9u
yCie+WEY6abBfRGHprC5J7iZ+Dy2Ex6IKIgjYSZR6Mcj5+hPZYF2TpJ0NP1vHRDkCtp7Zvtm5HoB
546I9dA3Ih2IM0MjSfDO0HlgRz53o4cxr81xy0NCN7Hrts593+I2D0M/CsIAIpwdO6bnR6GTiChy
LSfmvrmBnQLF2qtNNABAI4woCfQgELHLPcfjQB1YhRNa8AcqSTOKk2CM6UEVYl1hPXNtz/dsMCnX
DSMOEnV83zFtU/hOZFqR6Qg/chy+QVqEG/RZoUIlkgYiDAS3dCsILJHESWgFUWzppjANx40dHVD7
ph6AdW5gKrJijUMPQuGCs8YeeKqwrNj1DTCcIDaDyDQj240MTxjxBjX0hps6B+6i6DMRebYZ4pK+
7rhhCAw5uhtEtkgSUGbgWbbgRhCOUWUFlhGdqWBlberPuCtskKvp+J7QdcNO3NiFa8uMEteyTNf0
IND4sbWJak7E2EiMGwWGGemgN8eJfODAMnRfRGD8HpiDm9i6Hen2fQyTQaKRqFwj8ZCpKLFAY5Fp
A23g9iaPYjAIX+cGeIEVbfhAHwcIRezawnQcJ4xNEaDFm7bjQUBwYpicRIYFNAbJhrHnYdMLN/Aj
m+t2CJYRGI6AmOJbsRXqYNsgKHBMg4egfmOMYX05ofJJOvVnhO17Z7kyG9ngGMLivmsYYMueLoyE
g0+5pgOOZ0Cws21PQOgIuYgewoInwl0d8ywwTe7atg3MuJEXcwgJ+K9vmYYOtici27N8LjbkK4/e
ujz/TOeRD7EabN6IbCPgRgISB/8Cp/ctB+OvEwiTjA8K4Vqs0A/WdRztYz2L4I9nC+EIy/ShKArB
k2w9dAywZyHA3sLQdSOdr5G0bSrTD0ReyBUByDAJHcv33cBIYs/ywC5sO45CO3ZhdpSYdpzg9EW7
rDnv5t8P7vVqmRT5CjSYraCsyCZdCX0DpFqkxCgOHC/wRADRx/KTODZD3XIDCwIc5B0B6tXBuB7C
BRnD13tcxjMItzrkIREbPIAgwAFbwIVhQmyH5AEZSzcd2wsfxWUM6BIuGEWQWDHaeQIpKLB98FVD
j+zIAqIscN4A/i/bmGXxjlfNHsQ2UamkixbqBq4deWANvm77hs192wQjEDroODackId6YvjgUCMk
JXjcBIM3xRGkJQ6sIPFEDD4bgUmEYRBhznWiUHdiyIZAW6B7gIY6pN62tBUVqdsMd1sYNBZJOm8r
Oh5mWOKxpKjYqKaa5dvscgGJlNWiaaDLqBmvBGsWghW5qOGCNyzieV40LBQszaOsheABF0wea2qQ
0CDxUpcPuC6KJcxMEMEmzponYpcVuIlTI0oWQrS6ZquirRQuliZsCb1HktIKUNvgO73ZChG/Erc9
Ouga6Y3Qmt0W+bcNw9TPKwZdbwHBK8UUtkIK8Q1TyfftQuSsLecVjwGBNstneYdsOssZ2367oN0l
fLW5xloVX3OWbRfIAN+3wYI6lo+JVBn9GcgzEw3JC1vZSDCZXBCyRMwg8UhMMo4l8VxMGVWl+KBe
tA3UiPlEvVw9ZbMtedbN8E0CEc+2iLKDLCtuWZbWSC1TJ7zsJuXsf1pRrXDMr3gxUY+m9L4gTT2m
xl7NYUAXw3KRgcZAKIgtXDElShwv9wEm/eMBsdtvwWPAIkCuPI4ZVF5S/ChWPN1nS8Hx5QesQBkI
PRRINAhH/NpyemF8nt7AWCgqWsF21KLM1J8gdrmimFSihL52AmLHY/opPKa1X7XLEKQCVnVQr/Lo
ktfXDN/AADvSaMAbkBaZdscpDltURV60oD0YXu8y2nZmssNAf9hlWFRX8s0jkg34I8KWba7eqJDI
L0i9wBNYWVXcpWBhAsQALJHl5j1xKFtF0EmCtopj0CZ3Wdp8i6/NVzQtFg2+ooAmszGZ7QAPLfiN
SWIhNiaK0ymh2rRVTsZRtXmO6oyxOyxKUgK1I7XGjsSNumbLdL4AZ66gFd8dOp8yHJRIVbVlI6FS
YCiYJX7wLPki5YJTUq8RS4fgN0UaA9kPU4A2gjYHBX8K1qUNDA0GT+Sg3tJm+VLAcivplP/IihCs
B/egmISDHyzTBn17KeY8pD0jdiFFrZNw0xpx0/RL1NptSpIniwKnvZ1IRJ2R1cRhkgKJEJHovWNE
k1RCdEtKIwdtteimbF6Aogp0U7QKXGhOZE6ItCnTkQtYnUKwrMj+6znATb0P0b+Abv6P0V83RUkk
qPDZk6TQ1QzCR4nZNO4JwlU7qgyoOxVhFATeklco+upvvwCF5BdEEkYMFrWQfHJIPkzciail4FtI
kqVHYrLqR4u7SIi4XnMkA9fZ5fGUXX5/csFenpyeXLKD8/OXJ8cX7Pz4NXt79vqH49e7DAaxyzMY
dczefn/28pidvz47PL640DZDwEgepuMqcZyLKi0oIWMgrpHBaCEoJJM0+mBrgOyhJIgpttCQCYRC
IcMsoToscuATAjRYE/L7mLFJI7tdYGYFmWAIksMIs0QCoXcdyGVGojXOMIdgnqcJ2v3RaAtqRxrU
VooIywEpWSRX6lXO7XkA8xJlvWbV0hWv9ZOHSVKcW4rzOa9C8IzJurKmAPSwdMnVkBw1i6lZELuX
PG+p+BhSAoVZCzb4ZLfLCZtG2JmhTK8JNPmN5He5dkGNncmYLw0eqoeizeKelhSSyG3O1vTXEnFJ
5AOjrq4rXmG1FxQs7iVJMh2JoectqYpll2zlbDViMjTNoYaRG6XJe7bBHjCpkXVcdAUjqqyCldAM
lSHH7bKU1ZUs4Zh6MMEHnb6OcJCaQLQTmR0HcAdpHpydPyBgSNqQ+GCFGzCyum4FBoZmAVqbd9Um
Bi1cbU3VbqdIWSOoolKT1ODQR+W05HcT2outO9oPeYnQdNkuIcdCeq0QeYOfKKEimfr+iqhYyxX9
RYmSPOa+jUGxXSqKaMEJVsEtJF2719hRIR9t2rT8UKzDLwd3LiRxqYFDzqhymNBeb8/bEZBCtQqU
jyg9oE4WGBJLSa9AMzlHcrjmDqYpeUp+upVx8LraRQFm2AYovB9G9SE7nOXqFd+pShFQmi2KTJaY
IR7FUiVOJNf4HQxTSYZim+x81FOZWkLRF5syvW0PtdQ9wrBarRpEvssmxkCBpDxaeNJ0xKgUQFF7
XcfS+QCWkLHkHHsZKvRxMgAVWRr7HmpB+pYPizt2eP5mF+YCDSH4120ag9lTrSCjZ49/QvinzO3K
7nVFXpN0BmM1dhBDoFrwLNmDVlK2CbEAG1ZLwaIM9wXRwAaOuE57A2TDVuT4DqMalpg80xgS8eY8
P++K7XUDiL0EEnULaRMntmVeTtT9RndzqryuTt+JXp9YlndqrDHhqZIJynZpHoPUagemnPREY+dq
TsarOU3gqhNVtkArJhWfIwugExBbXWZUsWB7uQTi0dl5hXo6zFIYJftlfFtY1A07vXxDlNbAErId
tg3D/pxUuV5ONhdaF2uWTTvBWVOidtgfipwOkcjXE4YbAxG+d9yzCf1vkqSRxihLLTgWASxdgmwa
1B1og/4iKAhTu0QLKO2GiF6gJCDqUiCGFM0pnNdSpbKUgLGNslHkRMj9ARXqVDd1dEZF0tHJxcFz
qI+onmpzsiEM2PgpckXnn7JISNEY1cfB8bDfWPO59vVYhO182jVtT/FjNtCELFkXEK7oOVMtei03
FdCb87qQyVt5hIHIJNUS2+GigCYevbDr1UTXjVMUx21jVvObLlvAJbTe8os8fDZo44EwOpmXRZva
k/l3keZyQ4Ak9S37KSzu0PMrdnLEdn56c3L0BPQObg80wPhbUBsqJoV0D86BPVwVK/nI8gO8oVjr
Lgdv/+n5yw6/6u8GkG9pMTwco8KB1KtKEeKt6HaIVBq9A/om+GLCfpEktCw8S5PV5K5N47VCSJ6T
8ebMJe2uSFeTf+eYlAGNVX7V1mqXJ4Ig0sgwq+ZM5JwpU6enuIxMISo8qlUwB/J83vcoOU7LNlPx
bjfqJhW3kz5BP7QhJoV7sCxajB6JzHUqmIDIOtFibsfoSFshoH68puQMk19Tqh5MJsZzIVvvUEhk
oUjQ9+uS35JRoI2qrzzRtBA8TvqSfVyoZx9iIOObpKrvTGA1Afn0ISr1h8nkFWCKGe/MHYjtJuNv
T421scNDnxGjn9VpLHMG8sNBp2BwdRsOpTDHJAojRCxTJ930qY22mpRx8CgSmaBOQZo3rZql17AE
9skUiTIOrM+r4rZZyDgGS3C2kNgGQQ68v25kSiZiJyiNjrTJWjSStZOjesAXhmnUvMTG5LFpz6ba
curKHJozUhLgmzCTbQOZ0CqvFbne1up1qd1XpgpetzylbhaSCbR60orKomyzzm3UDeZ7GqPShmXi
gtQGIZe0EmZcjFxQEqgGAyFqI2+qSh3cd6TmWoJlpaAsCwhZR+h4HfTQMyf4GeAGqA8MY7B6jWCQ
0yEeTOSrZP3IBehtKknRyuWy1NKCKIZQt1picwiu3OA+a1SvScc0pZ6z9XNigcIcn88rMVdbimr/
UW6z4N8LcL3JH9EHsebs6Aw//5mopCDrAwxft0J2IByc/JZWrInwNQME0wab/pCne8m3Jb6QJJVz
T6igUPlcGRNUQvjeAOWyQb45xL15MdzL24XkUC44uIXAyF4hDV1dChkjERX0HhOMizkmQ/m0y10y
c/DR3qB6hWOQbFuowaG2odjahTCFkLQsn3dr3NOq5Guo1iZdrjOIysaIFMfT32BSy+MQDOO4IG16
qkndBre2XkA9Ga7QSe7D+V4lE6lJ6QGDvSSFA9A3Sp7drtFCAWWIq/pOQkUH3ISHZi2mMihNekR4
SN5W8sQFo023lSIjL+BT0anLt1CT8Vr1aVBac3zzSd1hAQQ0Kl1NO6XJZ2CjuKc3Zf+iygWK1l3a
5PsFkVILtk7ew5MgYgMr6YoCPG6jyOCFViWaB/MoxWdqH2vqGKj9xte+gVZVBAzJl+sSDfISMKIb
2LrMqesVp+zFy4NLCcRWQ+DO2nfqjYxdJ7gDjnKxa93FadXsUtD9TlV68qxluGkhnRgTHYhW7Sny
VlldBsqKVkx+v9hWXdztOrWqP6WhoAJ4Svw7NOI+EQKKSXfCAyYgy/rtFxRNaCkaP0JCdbGCXA0g
E6ovB4VfIWt/cQexrVZNbnSNbVJNDR0EtzCFBmUlCzkah/wCKdCCyUwhXUVySfihMqr6cIzHr5tK
xXPK87WKD+mwkk7rZlC1bL+oUnYkImbazDSnljN1dPb25DkzddPAAd2J2r6ACAv3y6KJ90dHm0ye
puFDufgEfW/fCAzIZGPgjUtgC8GqWUhLAIKxA+R2kTZigidwWLrSYtBPqept39QRMue4mxCLfbqT
h349TM3C/Vs85+nuy5tSrRCn2GCBRa/2ibTeQPt8t088U22MJfe+/IqiWtfLIh4MwRP3/aPjFwdv
Xl4OeKJzQrUkZQt0XXU/qmb3fQQNKnYasvX+/wHCYcuz
===END CRASH DUMP===
