PocketMine-MP Crash Dump Sun Feb 6 16:55:19 WIB 2022

Error: Value 9999999999 is outside the allowed range -2147483648 - 2147483647
File: pmsrc/vendor/pocketmine/nbt/src/tag/IntegerishTagTrait
Line: 45
Type: InvalidArgumentException

A PLUGIN WAS INVOLVED IN THIS CRASH
BAD PLUGIN: MyItem

Code:
[36] 
[37] 	/** @var int */
[38] 	private $value;
[39] 
[40] 	public function __construct(int $value){
[41] 		if(func_num_args() > 1){
[42] 			throw new \ArgumentCountError(__METHOD__ . "() expects at most 1 parameters, " . func_num_args() . " given");
[43] 		}
[44] 		if($value < $this->min() or $value > $this->max()){
[45] 			throw new \InvalidArgumentException("Value $value is outside the allowed range " . $this->min() . " - " . $this->max());
[46] 		}
[47] 		$this->value = $value;
[48] 	}
[49] 
[50] 	public function getValue() : int{
[51] 		return $this->value;
[52] 	}
[53] 
[54] 	protected function stringifyValue(int $indentation) : string{
[55] 		return (string) $this->value;

Backtrace:
#0 pmsrc/vendor/pocketmine/nbt/src/tag/CompoundTag(233): pocketmine\nbt\tag\IntTag->__construct(integer 9999999999)
#1 plugins/MyItem/src/hachkingtohach1/MyItem/MyItem(1239): pocketmine\nbt\tag\CompoundTag->setInt(string[14] Damagemodifier, integer 9999999999)
#2 plugins/MyItem/src/hachkingtohach1/MyItem/MyItem(913): hachkingtohach1\MyItem\MyItem->setDamage(object pocketmine\player\Player#109271, integer 9999999999)
#3 pmsrc/src/command/PluginCommand(54): hachkingtohach1\MyItem\MyItem->onCommand(object pocketmine\player\Player#109271, object pocketmine\command\PluginCommand#28311, string[6] myitem, array[2])
#4 pmsrc/src/command/SimpleCommandMap(220): pocketmine\command\PluginCommand->execute(object pocketmine\player\Player#109271, string[6] myitem, array[2])
#5 pmsrc/src/Server(1394): pocketmine\command\SimpleCommandMap->dispatch(object pocketmine\player\Player#109271, string[27] myitem setdamage 9999999999)
#6 pmsrc/src/player/Player(1337): pocketmine\Server->dispatchCommand(object pocketmine\player\Player#109271, string[27] myitem setdamage 9999999999)
#7 pmsrc/src/network/mcpe/handler/InGamePacketHandler(688): pocketmine\player\Player->chat(string[28] /myitem setdamage 9999999999)
#8 pmsrc/vendor/pocketmine/bedrock-protocol/src/CommandRequestPacket(60): pocketmine\network\mcpe\handler\InGamePacketHandler->handleCommandRequest(object pocketmine\network\mcpe\protocol\CommandRequestPacket#129931)
#9 pmsrc/src/network/mcpe/NetworkSession(395): pocketmine\network\mcpe\protocol\CommandRequestPacket->handle(object CLADevs\VanillaX\network\InGamePacketHandlerX#128006)
#10 pmsrc/src/network/mcpe/NetworkSession(358): pocketmine\network\mcpe\NetworkSession->handleDataPacket(object pocketmine\network\mcpe\protocol\CommandRequestPacket#129931, string[49] M./myitem setdamage 9999999999..Aq.Fd...Hl...0...)
#11 pmsrc/src/network/mcpe/raklib/RakLibInterface(192): pocketmine\network\mcpe\NetworkSession->handleEncoded(string[48] 3......,I.U(N-II.MLOU......._.R8'...9.)`.....*..)
#12 pmsrc/vendor/pocketmine/raklib-ipc/src/RakLibToUserThreadMessageReceiver(42): pocketmine\network\mcpe\raklib\RakLibInterface->onPacketReceive(integer 0, string[57] .Y......#1H.T`\(b......H....n.u.T...O0.".Zw.]..]...)..l..)
#13 pmsrc/src/network/mcpe/raklib/RakLibInterface(122): raklib\server\ipc\RakLibToUserThreadMessageReceiver->handle(object pocketmine\network\mcpe\raklib\RakLibInterface#25630)
#14 pmsrc/vendor/pocketmine/snooze/src/SleeperHandler(123): pocketmine\network\mcpe\raklib\RakLibInterface->pocketmine\network\mcpe\raklib\{closure}()
#15 pmsrc/vendor/pocketmine/snooze/src/SleeperHandler(82): pocketmine\snooze\SleeperHandler->processNotifications()
#16 pmsrc/src/Server(1645): pocketmine\snooze\SleeperHandler->sleepUntil(double 1644141319.9441)
#17 pmsrc/src/Server(1034): pocketmine\Server->tickProcessor()
#18 pmsrc/src/PocketMine(301): pocketmine\Server->__construct(object BaseClassLoader#2, object pocketmine\utils\MainLogger#3, string[36] C:\Users\tranthien\Desktop\FoxCraft\, string[44] C:\Users\tranthien\Desktop\FoxCraft\plugins\)
#19 pmsrc/src/PocketMine(324): pocketmine\server()
#20 pmsrc(11): require(string[80] phar://C:/Users/tranthien/Desktop/FoxCraft/PocketMine-MP.phar/src/PocketMine.php)

PocketMine-MP version: 4.0.0 [Protocol 475]
Git commit: 468faa464b2bc5c97f23fafbb71ea61035f6f218
uname -a: Windows NT tranthien4-8sin 10.0 build 17763 (Windows Server 2016) AMD64
PHP Version: 8.0.13
Zend version: 4.0.13
OS: WINNT, win
Composer libraries: 
- adhocore/json-comment 1.1.2@fc2f76979f0a44a5f5bc2a2b600d0762fe0e78e7
- brick/math 0.9.3@ca57d18f028f84f777b2168cd1911b0dee2343ae
- daverandom/callback-validator unknown@unknown
- fgrosse/phpasn1 v2.3.0@20299033c35f4300eb656e7e8e88cf52d1d6694e
- netresearch/jsonmapper v4.0.0@8bbc021a8edb2e4a7ea2f8ad4fa9ec9dce2fcb8d
- pocketmine/bedrock-data 1.5.0+bedrock-1.18.0@482c679aa5ed0b81c088c2b1ff0b8110a94c8a6c
- pocketmine/bedrock-protocol 7.0.0+bedrock-1.18.0@040a883a4abb8c9b93114d5278cb5fecc635da82
- pocketmine/binaryutils 0.2.2@f883e1cf9099ed6a757a10a2f75b3333eeb2cdf9
- pocketmine/callback-validator 1.0.3@64787469766bcaa7e5885242e85c23c25e8c55a2
- pocketmine/classloader 0.2.0@49ea303993efdfb39cd302e2156d50aa78209e78
- pocketmine/color 0.2.0@09be6ea6d76f2e33d6813c39d29c22c46c17e1d2
- pocketmine/errorhandler 0.3.0@ec742b209e8056bbe855069c4eff94c9734ea19b
- pocketmine/locale-data 2.0.20@a6e4eb22587e0014f6d658732cf633262723f8d3
- pocketmine/log 0.4.0@e6c912c0f9055c81d23108ec2d179b96f404c043
- pocketmine/log-pthreads 0.4.0@61f709e8cf36bcc24e4efe02acded680a1ce23cd
- pocketmine/math 0.4.0@6d64e2555bd2e95ed024574f75d1cefc135c89fc
- pocketmine/nbt 0.3.0@98c4a04b55a915e18f83d3b0c9beb24a71abcd31
- pocketmine/pocketmine-mp 4.0.0@468faa464b2bc5c97f23fafbb71ea61035f6f218
- pocketmine/raklib 0.14.2@e3a861187470e1facc6625040128f447ebbcbaec
- pocketmine/raklib-ipc 0.1.1@922a6444b0c6c7daaa5aa5a832107e1ec4738aed
- pocketmine/snooze 0.3.1@0ac8fc2a781c419a1f64ebca4d5835028f59e29b
- ramsey/collection 1.2.2@cccc74ee5e328031b15640b51056ee8d3bb66c0a
- ramsey/uuid 4.2.3@fc9bb7fb5388691fd7373cd44dcb4d63bbcf24df
- rhumsaa/uuid unknown@unknown
- symfony/polyfill-ctype v1.23.0@46cd95797e9df938fdd2b03693b5fca5e64b01ce
- symfony/polyfill-php80 v1.23.1@1100343ed1a92e3a38f9ae122fc0eb21602547be
- symfony/polyfill-php81 v1.23.0@e66119f3de95efc359483f810c4c3e6436279436
- webmozart/assert 1.10.0@6964c76c7804814a842473e0c8fd15bab0f18e25
- webmozart/path-util 2.3.0@d939f7edc24c9a1bb9c0dee5cb05d8e859490725

Loaded plugins:
Alerts 1.0.0 by hachkingtohach1 for API(s) 4.0.0
AntiInstaBreak 1.0.0 by PMMP Team for API(s) 4.0.0
AuctionHouse 2.0.0-BETA1 by Shock95x for API(s) 4.0.0
BlockGenerator 0.1.0_beta by BlockHorizons, Chris-Prime for API(s) 4.0.0, 3.0.0
BuilderTools 1.3.0-beta2 by CzechPMDevs, VixikHD for API(s) 4.0.0
CraftingTable 1.0.0 by hachkingtohach1 for API(s) 4.0.0
CropGrowth 2.0.1 by NhanAZ, kaidoMC, YTBJero for API(s) 4.0.0
CustomItemLoader 2.3.1 by alvin0319 for API(s) 4.0.0
DevTools 1.15.0 by PocketMine Team for API(s) 4.0.0
EconomyAPI 5.7.3-PM4 by onebone for API(s) 4.0.0
FCCore 1.0.1 by hachkingtohach1 for API(s) 4.0.0
FormAPI 1.4.0 by jojoe77777/DragonfireHD98 for API(s) 4.0.0
Gems 5.7.3-PM4 by onebone for API(s) 4.0.0
HealthTag 2.1.2 by Shelly7w7 for API(s) 4.0.0
InvCrashFix 0.0.1 by Muqsit for API(s) 4.0.0
InvSee 2.0.1 by BlockHorizons for API(s) 4.0.0
KeepInventory 1.0.0 by NhanAZ, KhoaGamingVN for API(s) 4.0.0
LaunchableTNT 1.0.1 by Vecnavium for API(s) 4.0.0
MultiWorld 1.7.0-beta3 by CzechPMDevs, VixikCZ, fuyutsuki, kaliiks for API(s) 4.0.0
MyItem 1.5.5 by hachkingtohach1 for API(s) 4.0.0
NPC 1.0.0 by hachkingtohach1 for API(s) 4.0.0
Napthe 0.0.2 by hachkingtohach1,tungstenvn for API(s) 4.0.0
Parties 2.0.1 by Didah (@Diduhless) for API(s) 4.0.0
PlayerStats 3.1.9_BETA by hachkingtohach1 for API(s) 4.0.0
PureChat 2.0.0 by Vecnavium, 64FF00 for API(s) 4.0.0
PureEntities 2.0.0 by LeinneSW for API(s) 4.0.0
PurePerms 1.4.5 by Vecnavium , 64FF00 & ProjectInfinity for API(s) 4.0.0
RedstoneCircuit 3.0.0 by tedo0627 for API(s) 4.0.0
ScoreBoard 1.0 by hachkingtohach1 for API(s) 4.0.0
Shield 1.4.0 by JavierLeon9966 for API(s) 4.0.0
ShopGUI 1.0.0 by hachkingtohach1 for API(s) 4.0.0
SimpleHome 1.1.0 by CzechPMDevs, VixikCZ for API(s) 4.0.0
Spyglass 1.0.1 by ItsRealNise for API(s) 4.0.0
VanillaHopper 2.0.1 by ColinHDev for API(s) 4.0.0
VanillaX 3.0.0 by CLADevs for API(s) 4.0.0
_NewAlias 1.4.0 by Javier Leon9966 for API(s) 4.0.0
libEasyUI 1.0.2 by GiantQuartz for API(s) 4.0.0

----------------------REPORT THE DATA BELOW THIS LINE-----------------------

===BEGIN CRASH DUMP===
eNrtXXtT3Ea2/ypdw9YN5M5D75Fmr13GgA27YGYNjr1ZudiW1JpR0GOiBzBO5bvfc7pbGkmAgYRU
8odTmzBqtU7/zvuc1mN/GYRZntDy4orlRZSlg5kxHJRRwgYz1TIM1VB11Rk7uqMY1nBQreQpRR1P
bVuHc7ZpTHVLHw5iWpQHeZ7lg9kvg3K9gmmDo/SKxlGwmy+qhKXlwY3PgAKsMhwkrCjoAif9QOOK
Eaf5h0QFyaqyiAJGyiUjNI6zaxaQnKYLRkaaakwNW7cMm4xIczAFkmEVx2+iGGmuljSfTSZ7s8mH
AhiblHBxuYxYOtlnxWWZrSZvspu9nIblZJ75l6w8iVI2OpmP8cLJFUuDLJ+s+JkEzkxSr5wUuT8p
6WJylJZswfKoWJ7TxXlOoxKuWuH6cu0EZz6VBlwfwyyQvwkKyKkPP/8z2FLIY8jtZckqq9IAiG1r
ur4zI5uJrgszXRemuS4sC1NGLy8u/Cwtyrzyy+1IQGkpYAewbKlkFVeLKC0mJ+ujkiV8rSX1l5dR
uigz/KXWp8SfbVXTnXuXbkEcvSxYCVC2AQEQ+49qfCb7NAFrSLIgCiOWD8k9qLSno3JUlEdvjuuK
s/VfDklg2M68n5hfdthYxXTNcted879bquJoU/VekLrUGf7rZ0lC02Ay57D3xNG2aTwGUtbMfzyk
O2ZKCDi1hWFLs3UVLpA6sD6TZB3BskNC85yu/6N95rwYd/ByFiWrmEk6J3S1rWlKT+93rzl6yW6Y
X5VPkfED+MwWvjOWQxTbVnXHuA9OH/roZRAVK1r6y6dD0qY1JgLGE3Dj6ZuC1YInqE0EMUCpT3so
Bf4NpKdr/wnIpi1kKSuvs/xykvgrBt6UBjHgPErf0oTNKS56KMa2LdvuYe4CGb30l7Txa83+TCYP
4bDvDXAeC3I4Gq3yrMz8LOZQpUzes58rVpQC3bbVNz/JkOsiR64rWcL4d4un0Utxtkv4Lpn3iNaw
eGi7hWlL1RxHVzmLzn2ificOziAVQlLc1h3z63x8fcmakxr73vHuPrsqXPcHmkZxTD+16N0hiE8A
2VYUS0R/5bGYTfvrmLvza4z7tKRSec8k6cb4DeczORl/ze7G492fx2+C8Xh8GMN/FPhXMK3ex3RO
L+PIm7ynl8eRh7k7DyFBb6uO9luYP0j9LGBB7SYGuIk+5v8Mj8Yftt+Njo7GJ8enH8TY+GL83v4O
/jrjnf/yge9rvNq9viMAj6KVYEYAP8+wGDpf5owGJ6L8es98FmHQNB7gRBB03Z4IMEkJNUhKTTmh
NAoxIRqN/y142VIPx+f/dd1tTxwf4n/ScTU+h7+nytgdjH+8Hn8e4//GO+NxXLOqP1U1GjJUoy54
ZHVdkEfNwleE0Xekp4tlSzMtXRHIjXuVVKRZ9oWJ1BUztmJ5HWehkvqN6njENb/4cVZUOft1WwA0
fwNAu28uYirksM48wAMhHKT7LiuhsPMpFv+FXNe6I3VbhvlIwgUef0jLKN4OssqLGWn3K/BLLDK9
YxFFN+7JvGXkX84F4iyXMO0WhU2vsK0r6j1E2sW1tKDXtGB70CAVxxkNIF9rdxZqFTAD4fqERulx
tgAn2tIbJ9KhANqbuS5vZ6CkrvsZ15UNjevWHY3rbmKh8YSrZGXtuoJv5x6+tb7whHMJaWkyb2yr
KJ0c4nSUszrQ2cpn8vsasy4WbLt2Bp9/HQ7Yn9t3PlPfB4wIHVxE6VUWXzHEDoSjNAAp+jhVnIcx
0SPACKYS5Fy3YBSO9Sn8dcvJ99+TV1c0xx6FfD/BEzY/scqjK1oy8rcrZP/veMIRVxqKmADOFPkk
rFIfRUZ6vaK8cOcXvELlV7jg29s4/yKtkguaL8DDyUuiijmanOOW5TLPrknKronr1qrZg55QbBts
X1ycHJwfnu5fXJAxcQdAg92sgO2C0JIkWVESyM80h7oFol0xhCkwr78sXkkWEMVTd7CD3Bm6XP9X
PDA2gAUf5P/I38D+itFL0BVcn+WSQWCgPkFvtncEL+advNxnbduutDFJ8av2xbnpQOGsjLonOBTO
ltVmayoP5DSx3IuWjg2hfD5Zqtu8W90LVnLQAGCGxoN8m7Wec1ZWeUrayyB1U2uom7qkbkhry0pQ
IXDZLCCCQRSuxTLcpMDCQXA8O+CyYgpf2eyuLEPJTg/Cr9+2TL5tmXzbMvm2ZfJty+Tblsm3LZNv
Wybftky+bZl82zL5tmXybcvkzi2TeiOhwJ2DXTCOkv9KKd7crweGg+aZgIEKIV+BEVqVyywvsM/q
1eJIlK4iPGPwyXDMUgpWFgxmoFk2HARgjWmAF8O5IgvL/fZAQvnGxq0SX6Cp/+J2CRgETJyfnp1/
PH1/vA9D18wrIHfh5WW5KkBa11gNFsuoHF8z5sXrMdSzE+wTd8H+j8DW6GsIY5dtrrsnHuB+fnIy
J+eMJs/F9ypJwLS6IIRhP8Qy56rizfVhVhWszVN7uM2RhlBHrw/Od9UuX2dLsBXHvPl9bA0OwJ+z
ZL07PxpsWCwkbdelAtcScQHTXZQPMvs6BjpvWcpyWoptP8lu70SbYWUMSrzwWEm7/PJLDrM8+gIB
CE7tLfOoGM1zfMylL4LhQP89Gu4s5bpdsK4r4tyj+K+iGKaeZ1ncdtvOcNd8AfcIede6zO99Yf5y
foIlL5z4IbqJLg/3n8ugfSS+SgJeT3sCW4nYgPUu0kc59CIql5XH3bgFe9IhBbLhcRDCxzkCbgmn
O/4XCW0dUL3Dx8gFxALijWI/X4+LdcmKMdQvk4AWSy+jeTARAslWb/Psulx2pNEM9qNCLx68g7pu
90cYu6RRkJ3swa9/n7/+B8uz55KKWAG5rzE9LuzdYRgSLHJdFWWW4J6QdKsW7/1TXQnofQnQ+CpK
FSiRnovhhiDw3MNye+Qx8QAcoR8LmqGupavmrTzWlAbPms3q9bFquur5+dn57vvzD/OHlLlBNmlo
ALOtzLJhtzXYZtgcT8f6aH5idHnOUubBv8/FqyTnukygAJqu20H0oAbf7O1leTtcyYF+nFL/nDgl
0NR/nysyvcnypKvGeqTLttG32Z+ynzI2xX8m+zldZGkIFfPhvmM/lwA2C2CxzzE1Px6jzrcsaTsj
P/wT7RLXF/99DPhDRuMSb0+2ONiMdYOlOtb65SOL4/X0evpcTBQ1QddtQDy+LD5KryCpFss30U2L
m/Zot0a85WEn1c9A7rmYSTg1143SKx8BhNHNU+o+wH3GWJcRHHgghXdL3GdipVfMCiRPYeafjK3g
KpZC8btu8dQdf6BQa6qTfy4z+pZCc7344d1zFyYdRM9QmxzTKvWXiOf83XmL8+74A6H/B+an9Cqq
ni1jNwRBiW0gvcPHqPakisvoY5bHQYu71mCXtansTfQHe5O9H/lD/uuqLKrLiNekcRRdFn9Ix5Ig
3mvECypvY/893UqLEMpJPMPRklH9UEdbPubY/HOyfvfe6nNl/XfzvRbHePQXacYAytOc+94tpnd0
VS7bcVoO9HON9lVGh2WVLoqSpVfpH8czB1b/fYxvz2leRqxd3dQjD2Sh/SigS7L9Cv5Wy5gVxc5z
cRXUFF13JbC47gbUU921wce55bdoz0ra2R9tj7a5htZx7FzgptqfY8EtXJ2D323Q8ypne0tatmVQ
D93aVbwvTw0HlvHmjaI8iX2+zpzlCQ/yvU3GN5TvGxbzPAPqnyDyZFUxPxjV462txwuxNohF4t78
epTVw9yDtIz6pt8efkAQxyxKU3b28bm0H3N6YPKAgUkMgqkWoqd13DXESYeKZF8oocu7GOt3a+Y9
FkCGRGiB/A8BleG9nCNo3dKoXD+XUDpq5uhaPx+j6PcsKEpomvai3K+itsH3z3Qd/5a6SxZkiqU9
Wx9U03PdXALxBRDXvY3sQTbPfOjjX2NObnHYGuyl5D8nnG3wtH//7mB2toxYpzKVAw9sOvwDbJjl
xyxLHceynovpLlXgk2Op/z5Klcts9fbDUYcfMfIXqasknObHcxWS4rm0wyxpV1qtwd7OZ5/9u/uL
P6KTKDimJWCqH6aT+H5PJ3GW0Dieywc7W1RRMKv1Am+ct8VSDz3QVR6VxXtG43dR8Wy7UC2SwL7E
8fgdHPkg1mG2WnV28bvjD9See1kcpYcgt+diqiHYPCkmgPQOf4uOG6gb5j/d5vvTQ/lHPsn2bAzf
fjCuheRBLV68Y9e7cUTbNrkZe1TkJX906OVY5J/foLguuYkg8yu+3OEd0GLdidCbsb4/9lrCtxFN
y39V0Mx8eS62xcKu2wB4QHn4Ukrz0kX3jlH9jAmHcgOdasGrbuBT3M0Y2OiKuK/j+QnFG5CbEZ/G
AA2ubY9lyUWQlRDqO6PynZ7NQJXH7eOAlp3zYRSXrEN4kazah0vII+3jyM/Sq/bATwVXSHOceOJx
nM5YlpfNkwWotqKkyFDQnrTyu3J4z8KY8eakPVpwiRbdoQB7ptbI2fy4s/y6+DlOcTH5izSnyuyS
pdGXrghubiTXCBfD45omMY+WGj/8Eq1EnnR4/f4FTLR9ORzeJF2pZwhPUxRdVTUHBub7px3Wg+yC
Q+sPwlDUVVgGVloUnYkio3066fDcQwCH+CRij88kvs6jnv5XJX9mESVcP8kxX/Zsb1mll/xpMo0L
SdwGjhZelFLcn4YYq40tlAS7gsrMk5OQFBQpqzKTA5oQVgCKFmapyNJj8/jXxWat1nl8iSxKw6xj
t8EtlUcdK+Gi1NtDOQP3QD9cVMIWa/o/gruR07kPRVlL+Ojdy5VcF1fkz6PE7T6v7e7oyrRgm4/F
NPLkD3gMZpqiayC24gJKn8EspHEBcal+GHkwM6YmrIF91cCw7JBSwzI8zfNN35mGmh7S0POmKqOW
quhmaIWaagPtSkL5GKVBdl2Qd+ekeQbOGNlFlBIVUBCOgajTqaWT7XqyeMSQaIpq7ZDdk30Lb7rh
91paQvvCuCcZjb0sVxcZKufj0Tu+5c0PrnnF4uNLOQXLL0DLOc3lhgANlhm2KBMMHSN8d0K8uoeF
p/Yq9LVwajlTJ1SoYVAzND1fo5pnKUqgTC0tZAqb2gzfJfTyyL+cyGipjJ2x/sqn5jRQ7VDR7NA2
wul06mmqZfuB6qiqpwSMabqhU8ZDIfAKYQjyEQTY2KP+5Yi/myYelAJJXqbZdfpK/kWzW+RZUbAJ
sEyLFN/zusJnIJRXmqI5jqLrPijC0BWFeZZpsSmzmW37oakFamBZjoGrQsDOWcFo7i85/wkVxdrg
ilvHK9vzfEVTqc0CT2MGnTKqhTYNjJA6zHcCn2mh79lBx0uadxkAO5Ub4cr/1oMgV9DeK8PWfGvq
UGqyQPFs1VcAnOapYYhHqkIdw7ep5d9NeWOXgykC7VNXDIXatk4N6nm273gOhDojMLWp7XtmyHzf
0s2A2lqPOo8YG/fW0ACADFP90FEchwUWnZpTCujAKkxPh3+gQ9X8IHS6lO5UIVYJ+ivLmNpTA0zK
sjyfgkRN2zY1Q2O26Wu6r5nM9k2T9qD5WHvH8oEYDg1E6DCqK7rj6CwMQk93/EBXNKapphWYCpC2
NcUB6+xRyuJsQ0NxPGaB1wZTcFmm64Flq2A4TqA5vqb5huWrU6YGPTT8pV35nkkdTl8xf2poHi5p
K6blecCQqViOb7AwBGU6U91gVHW8Lqk4w3qiNhXsADTlFbWYAXLVTHvKFEU1Qiuw4Leu+aGl65ql
TSHi2IHeJ7XgYAwEY/mOqvkK6M00fRs40FXFZj4Y/xTMwQoNxfAV4zaFUSvjCFKWGk6RKT/UQWO+
ZgA2cHuN+gEYhK1QFbxA93s+0MQBTiKwDKaZpukFGnPQ4jXDnEJAMAO4OPRVHTA6Yc/YU69shOvY
vkEVwwPLcFSTQUyx9UD3FLBtEBQ4pko9UL/apbD5OeJ1lHDqJ8TvWy9ZiLRkgGMwndqWqoItTxWm
hhR8ytJMcDwVgp1hTBmEDo8y/y4q+KpGXdC8cjSNWoZhADOWPw0ohAT8n61rqgK2x3xjqtuU9eQr
npSvE/4rhfo2xGqwedU3VIeqIUgc/Auc3tZNjL+mwzRufFARF2yNfrAp6FTu6z78MzUYM5mu2VAd
eeBJhuKZKtgzY2BvnmdZvkI3RKoqEukHIi/kCgdkGHqmbtuWo4bBVJ+CXRhG4HtGYMHVfqgZQYiX
L6ukoLS+/nZwL9ZJmKVr0GC8hvoiHtW19BVA1bkS/cAxp86UORB9dDsMAs1TdMvRIcBB3mGgXgWM
6y5akDFspaGlvoJwq0AeYoFKHQgCFKg5lKkaxHZIHpCxFM00pt69tNQWLmaBUTihHqCdh5CCHMMG
X1UV3/B1AKWD8zrwX9GrJNkX6JAmENtYLpMuWqjlWIY/BWuwFcNWDWobGhgBU0DHgWp61FNC1QaH
6hBZgceNMHjLhwGVV4GjO+GUBeCzPpiE5zk+5lzT9xQzgGwI2BxlCmR4q9TY1njNq9UtgjsdxMeH
lBZVzt/mIFjrkTDLSae4ctMtcr6ERIpvYOFzoAWhuXhVPEtZAT9oSXyapllJPEai1I8rCB7wg4j3
CcaQ0CDx8jsBQOssS+DKEAn0aRY0ZEOSwZm8QJLEw8fNyTqrckmLRCGRrxbjClDb4BcI4jUShsa9
ITeBSpdWcVmQ6yz9riSY+mlOoIfNIHhFmMLWiBBf1xZ8Xy9ZSqrVIqcBEBi7qZvWxGZuSsjWxyVD
YKTMYBUoWoGEfDmj4HVfgZV1IE5zqCL646v7MSu5vHDz0GdEJBccSZAySNxno5hibbxgM8LLUzxR
LKsSisV0JD8OMSPuQNaN+OIPC9wBR7aLb+yTOCoQbf1aNbmKKPlXxfI1zvkZf4zkqRnBxpxfesBb
dXkNAVwEy0UCGgOhIDVvTaQocb7o7EfN6RbYrY/gMWARIFcaBAQqLyF+FCu+jEMSRvFdJaxA8ZMD
HkPQIBz2c0VjFBv/PAIRHwnYlotCgbyD1MWKbJSzFTS4IxA7vlUzg9N87XdV4oFUwKp2i3Xqn9Pi
kuALU2BHYz7hQ4Hv+sNqNac4bZlnaVaB9mB6MST8qQoiWg30hyHBojoXb/xx2YA/4lhSpfIFKEH8
jKsXeAIry7ObCCyMgRiAJW65aQMOZSsBHYVoqzgHbXJIovI7EF+Z88sChl8n4CbTu5hsAw8V+I3G
xcLZGElOZ5xU31b55xxIXqUpqjPANjFbcSXwvqQYk312JX+TJFoswZnxIbBh2/mk4aBE8rxalWJU
CAwFkwA2yRdXLjgl7zUC4RD0KosCgH03ArQRtDko+COwrnHL0GDySExqLM1NEwbLrYVTvo0zD6wH
d5WIGAc/SKISfTthC+rxXXpyJkStcOFGBX+uHS8/R61dR1zy3KLAaa9HglBtZAXnEJ/lhB+E4QNX
SCbMGauXFEYO2qrQTckiA0Vl6KZoFbjQgsMccWgzoiAXsDoPwaIi+8tzgNt0X8O/hLb+9+EvymzF
Icjw2UCS5AoC4WOF2TRoAOGqNSoV6k4JjAeBj9wrJL7iu2dAyP2CQ8KIQfwKkk8KyYeIbyGgdWcC
svBITFbNbHbjMxYUG45E4Do9P5iR88OjM3J8dHJ0Tnbn8+OjgzMyP3hPPp6+/+fB+yGBSeT8FGYd
kI+Hp8cHZP7+dO/g7GzcDwEdeWimJcUxZ3mU8YSMgbhABv0l4yGZS6MJtirIHkqCgMcWPmUEoZCJ
MMtJ7WUp8AkBGqwJ+b3P2ISRXS8xs4JMMASJaZyyIAKhdxPIRUbia5xiDsE8zy8Y356NtiD3mEFt
K+ZjOSAki3CFXsW1DQ9gXmxVbFjVFclrsXM3JMm5Ljlf0NwDzxhtKmsegO6WLnc1hCOvIvIqiN0J
TStefLSRQGFWgQ3uDOuc0DfC2gxFeg1D/vkhXCDZuOCYnIqYLwweqoesioMGSwRJ5DolG/yFILzi
8IFRS1Ekr7DaGx4sbiVJbjqCQsNbmGdJnWzF1XLGqG2abQ0jN1KTt2yD3GFSHes4qwtGVFkOK6EZ
SkMOqmQlqitRwhF5YoQnan3t4yR5AcfOYdYcwBGkeXB2eoeAIWlD4oMVrvCrSUXFMDCUS9Daoq42
MWjhahtUw1qRokaQReVYoMGp98opoTcjvilb1Nj36ApHo6RKIMdCes2ReElTqCpBkUR8w0Og2MgV
/UWKknvMbRuDYnslEfEFR1gFV5B0jUZj+5k41bdprI0w6gn6YnLtQoKWnNjmjFcOI77p2/C2D1B4
rQLlI0oP0IkCQ1BZ8W8TEHGN4HDDHVwm5Sn4qVfGyZtqFwUYYxsg6X6d1Nfs0E3lG/kzmSKgNFtm
sSgxPXzEg1fiHHKBXxciMsnw2CY6H3lWpBaPNcWmSG9bbS3VpzCs5usSiQ/JSG0pkCuPLzwqazAy
BfCovalj+Y0CLCEDwTn2MrzQx4thUMIak0OoBcGWXvDijuzNPwwJPn8IE9PgOgrA7HmtIKJnQ3/E
6c+IVZfdm4q84NJpzR2T3QAC1ZLG4QRaSdEmBAxsWC4FixLcF0QDazniJu21iLVbkYMbjGpYYtJ4
TBDEh3k6r4vtTQOIvQSCusaHeeDCapWuRvK4192cSK8roi+s0SeW5bUaC0x4smSCsl2YRyu1Go4m
LtoZk7m8Jqb5gl9AZScqbYGvGOZ0gSyATkBsxSrmFQu2l/iMBTo7zVFPe3EEs0S/nIvPqZCT8w8c
aQEsIdteVRLsz7kqN8uJ5mJcx5qkrEZ41YyjbfeHLOV3k7ivhwQ3Bnx8KbRhE/rfMIz8MeFZakmx
CCBRArIpUXegDf45fwhTQ44FlHbFQS9REhB1eSCGFE15OC+ESkUpAXNLaaPICRP7AzLUyW5q/5QX
SftHZ7uvoT7i9VSVchvCgF1hpOQ3QkWREKExyo8ZBu1+Y8PnxtcD5lWLWd20vST4tbBSlqxLCFf8
PJEteiE2FdCb0yITyVt6hIrEBGpBbW+ZQROPXlj3aqzuxnkUx21jUtCrOlvAT2i9xdeZ8FyrjQdg
/F67KNrknsxPWZSKDQEuqe/IJy+7Qc/PydE+2f704Wh/B/QObg8YYP41qA0Vg4+rgnNgD5cHUj6i
/ABvyDa6S8HbP70+runL/q418h1fDO+S8cKBq1eWIpy3rN4hkmn0BvCN8DGDF1kY8mXhXBSuRzdV
FGwUwuU56m7OnPPdFeFq4v85QsiAR3rpV1Uhd3l8CCKlCLPympG4ZkbkbVRcRqQQGR7lKpgD+WcR
ZY+S4mVxPxUP61lXEbseNQn6rg0xIdzdBD83yZt8nu5FMAGR1aLF3I7RkW+FgPrxN0/OcPF7nqpb
F3PGUyZab48JYh4L0feLFb3mRoE2Kr/4haaFw92kL9jHhRr2IQYS2ocqPwsDqzHIp3ehVO6GSXP8
iCChtbkD2Ppi/Nug0Xs7PB6+4oV+Jr5YKQDi9iEFgysqry2FBSZRmMECkTr5QZPa+FaTNA7q+yxm
vFMQ5s1XjaNLWAL7ZB6JYgqsL/jL4CKOwRKULAW1VpAD7y9KkZI52BFKo4Y22ohGsHa0X7T4wjCN
mhfUiLht2rApt5zqModf01ES0BsRjWwBTHygrVHkZlur0eX4tjJl8LqmEe9mIZlAqyesaJWtqrh2
G3mA+Z7PkWlD13BB3gYhl3wlzLgYuaAkkA0GjsiNvJksdXDfkTfXYlhUCtKyAMgmQgeboIeeOcLP
b/WGmsDQHZbPE7RyOsSDkXhiqpm5BL3NBJQxfvlkHGUcMYS6dYLNYYFfAy2Aw2IDHdOUPE825zkL
PMzRxSJnC7mlKPcfxTYLfhz0ss8fxwex5nT/FL+7M5JJQdQHGL6umehAKP/OK65YcOAbBvjYuLXp
D3m6kXy1wieThHJuCRUUKs5LY4JKCJ8b4LmslW/2cG+etffyhpAcVksKbsEwsueIoa5LIWOELIfe
Y4RxMcVkKM7WuUtkDtrZG5TPcrSSbQU1ONQ2PLbWIUwS5FoW5+s1bmlV8NVWaxklmwwiszESxflo
9ZgwUIsYxnFBvukpL6o3uMebBeSZ9gq15L6e72UyEZoUHtDaS5I0gHwp5VnvGi3loAhxedNJyOiA
m/DQrAW8DIrChhDeJK9ycccFo029lSIiL9CT0anOtxSfGZR9GpTWFB+BkkdYAAFGqatZrTRxDmwU
9/Rm5D+8coGidcg3+T4jUZGYm+TdvhPE2cBKOq8/SbyoP0fD90fuyqM8PvP2seAdA2+/8a3GVcxk
EdCGL9bl4+InUEQ3MBSRUzcrzsib491zMYitBsOdtb/LJzKGpnPD33EY6jdBlJdDHnT/Lis9ca+l
vWkhnBgTHYhW7inSSlpdDMry10R8bqzK67hbd2p5c5eGBxWgA+nI53fBmk83j+o7PGACoqzfesOj
CV+Kz+8Q4XWxHLlojYx4fdkq/DJR+7MbiG2FbHL9S2yTCt7QQXDzImhQ1qKQ4/OQ3wi/GRWLTCFc
RXDJ6UNllDfhGG+/9pWK9ynnGxXv8ZuV/G6dC1XL1ps8IvvMJ5pBNG2mmzNTIR+PXhNN0VScUN9R
e8EgwsJxkpXBC/HqbI439/g33tDZXqiOCqmrO3hl8WEdh2V3EK1gEKwbRq6XUclGeMsNa1VOHRoo
Wa69MBUcWVDcPgjYC34k7vI1Y/Iq3LDFGzv18epqJVcIIuyowITXLzi0xiKbBPeCM8mLYayxN6zV
BTILWlPwFvuL/YM3ux+Oz1s88RuDckmeHtBX5XGnfH1h41CrROdTBr/+Pzsj02M=
===END CRASH DUMP===
