PocketMine-MP Crash Dump Sun Feb 13 21:49:11 WIB 2022

Error: Undefined variable $session
File: plugins/SimpleHome/src/czechpmdevs/simplehome/commands/SethomeCommand
Line: 48
Type: ErrorException

THIS CRASH WAS CAUSED BY A PLUGIN
BAD PLUGIN: SimpleHome

Code:
[39] 		$this->setPermission("simplehome.command.sethome");
[40] 		$this->plugin = $plugin;
[41] 	}
[42] 
[43] 	public function execute(CommandSender $sender, string $commandLabel, array $args) {
[44] 		if(!$sender instanceof Player) {
[45] 			$sender->sendMessage("This command can be used only in-game!");
[46] 			return false;
[47] 		}
[48] 		if(!Dungeon::getInstance()->inGame($session->getPlayer())){
[49] 			$sender->sendMessage("Lệnh này không được sử dụng trong Dungeon!");
[50] 			return false;
[51] 		}
[52] 		if(empty($args[0])) {
[53] 			$sender->sendMessage($this->plugin->getPrefix() . $this->plugin->messages["sethome-usage"]);
[54] 			return false;
[55] 		}
[56] 		$this->plugin->setPlayerHome($sender, Home::fromPosition($sender->getPosition(), $args[0], $sender));
[57] 		$sender->sendMessage($this->plugin->getPrefix() . str_replace("%1", $args[0], $this->plugin->messages["sethome-message"]));
[58] 		return false;

Backtrace:
#0 plugins/SimpleHome/src/czechpmdevs/simplehome/commands/SethomeCommand(48): pocketmine\errorhandler\ErrorToExceptionHandler::handle(integer 2, string[27] Undefined variable $session, string[109] C:\Users\tranthien\Desktop\FoxCraft\plugins\SimpleHome\src\czechpmdevs\simplehom, integer 48)
#1 pmsrc/src/command/SimpleCommandMap(220): czechpmdevs\simplehome\commands\SethomeCommand->execute(object pocketmine\player\Player#110765, string[7] sethome, array[1])
#2 pmsrc/src/Server(1408): pocketmine\command\SimpleCommandMap->dispatch(object pocketmine\player\Player#110765, string[9] sethome 9)
#3 pmsrc/src/player/Player(1382): pocketmine\Server->dispatchCommand(object pocketmine\player\Player#110765, string[9] sethome 9)
#4 pmsrc/src/network/mcpe/handler/InGamePacketHandler(758): pocketmine\player\Player->chat(string[10] /sethome 9)
#5 pmsrc/vendor/pocketmine/bedrock-protocol/src/CommandRequestPacket(51): pocketmine\network\mcpe\handler\InGamePacketHandler->handleCommandRequest(object pocketmine\network\mcpe\protocol\CommandRequestPacket#142983)
#6 pmsrc/src/network/mcpe/NetworkSession(395): pocketmine\network\mcpe\protocol\CommandRequestPacket->handle(object CLADevs\VanillaX\network\InGamePacketHandlerX#128649)
#7 pmsrc/src/network/mcpe/NetworkSession(358): pocketmine\network\mcpe\NetworkSession->handleDataPacket(object pocketmine\network\mcpe\protocol\CommandRequestPacket#142983, string[31] M./sethome 9..J..........V.....)
#8 pmsrc/src/network/mcpe/raklib/RakLibInterface(192): pocketmine\network\mcpe\NetworkSession->handleEncoded(string[35] ..../N-...MU.d...../ ......a+.g10..)
#9 pmsrc/vendor/pocketmine/raklib-ipc/src/RakLibToUserThreadMessageReceiver(42): pocketmine\network\mcpe\raklib\RakLibInterface->onPacketReceive(integer 0, string[44] ..r...y.d.....%\.....j\(.......%-.G....2.0..)
#10 pmsrc/src/network/mcpe/raklib/RakLibInterface(122): raklib\server\ipc\RakLibToUserThreadMessageReceiver->handle(object pocketmine\network\mcpe\raklib\RakLibInterface#28447)
#11 pmsrc/vendor/pocketmine/snooze/src/SleeperHandler(123): pocketmine\network\mcpe\raklib\RakLibInterface->pocketmine\network\mcpe\raklib\{closure}()
#12 pmsrc/vendor/pocketmine/snooze/src/SleeperHandler(82): pocketmine\snooze\SleeperHandler->processNotifications()
#13 pmsrc/src/Server(1660): pocketmine\snooze\SleeperHandler->sleepUntil(double 1644763751.42)
#14 pmsrc/src/Server(1046): pocketmine\Server->tickProcessor()
#15 pmsrc/src/PocketMine(304): pocketmine\Server->__construct(object BaseClassLoader#2, object pocketmine\utils\MainLogger#3, string[36] C:\Users\tranthien\Desktop\FoxCraft\, string[44] C:\Users\tranthien\Desktop\FoxCraft\plugins\)
#16 pmsrc/src/PocketMine(327): pocketmine\server()
#17 pmsrc(11): require(string[80] phar://C:/Users/tranthien/Desktop/FoxCraft/PocketMine-MP.phar/src/PocketMine.php)

PocketMine-MP version: 4.2.0 [Protocol 486]
Git commit: 44818e6d1456dcf1f0fd3cd27da1dfecbe03c08b
uname -a: Windows NT tranthien4-8sin 10.0 build 17763 (Windows Server 2016) AMD64
PHP Version: 8.0.13
Zend version: 4.0.13
OS: WINNT, win
Composer libraries: 
- adhocore/json-comment 1.1.2@fc2f76979f0a44a5f5bc2a2b600d0762fe0e78e7
- brick/math 0.9.3@ca57d18f028f84f777b2168cd1911b0dee2343ae
- daverandom/callback-validator unknown@unknown
- fgrosse/phpasn1 v2.4.0@eef488991d53e58e60c9554b09b1201ca5ba9296
- netresearch/jsonmapper v4.0.0@8bbc021a8edb2e4a7ea2f8ad4fa9ec9dce2fcb8d
- pocketmine/bedrock-data 1.6.0+bedrock-1.18.10@e98c511584a7bd58a95986374d2df4b04c6a2ba0
- pocketmine/bedrock-protocol 8.0.0+bedrock-1.18.10@017e57c8f8a74118bcbba7332e7ebac9e6c81693
- pocketmine/binaryutils 0.2.4@5ac7eea91afbad8dc498f5ce34ce6297d5e6ea9a
- pocketmine/callback-validator 1.0.3@64787469766bcaa7e5885242e85c23c25e8c55a2
- pocketmine/classloader 0.2.0@49ea303993efdfb39cd302e2156d50aa78209e78
- pocketmine/color 0.2.0@09be6ea6d76f2e33d6813c39d29c22c46c17e1d2
- pocketmine/errorhandler 0.6.0@dae214a04348b911e8219ebf125ff1c5589cc878
- pocketmine/locale-data 2.4.3@4d0b081f1a79407e087968ea76aaf330db6ea2b5
- pocketmine/log 0.4.0@e6c912c0f9055c81d23108ec2d179b96f404c043
- pocketmine/log-pthreads 0.4.0@61f709e8cf36bcc24e4efe02acded680a1ce23cd
- pocketmine/math 0.4.2@aacc3759a508a69dfa5bc4dfa770ab733c5c94bf
- pocketmine/nbt 0.3.2@3e0d9ef6b6c5fb45e3745a121296e75631b3eefe
- pocketmine/pocketmine-mp 4.2.0@44818e6d1456dcf1f0fd3cd27da1dfecbe03c08b
- pocketmine/raklib 0.14.3@4798576fec0364266dce23b368a7fec5e5de7927
- pocketmine/raklib-ipc 0.1.1@922a6444b0c6c7daaa5aa5a832107e1ec4738aed
- pocketmine/snooze 0.3.1@0ac8fc2a781c419a1f64ebca4d5835028f59e29b
- ramsey/collection 1.2.2@cccc74ee5e328031b15640b51056ee8d3bb66c0a
- ramsey/uuid 4.2.3@fc9bb7fb5388691fd7373cd44dcb4d63bbcf24df
- rhumsaa/uuid unknown@unknown
- symfony/polyfill-ctype v1.24.0@30885182c981ab175d4d034db0f6f469898070ab
- symfony/polyfill-php80 v1.24.0@57b712b08eddb97c762a8caa32c84e037892d2e9
- symfony/polyfill-php81 v1.24.0@5de4ba2d41b15f9bd0e19b2ab9674135813ec98f
- webmozart/assert 1.10.0@6964c76c7804814a842473e0c8fd15bab0f18e25
- webmozart/path-util 2.3.0@d939f7edc24c9a1bb9c0dee5cb05d8e859490725

Loaded plugins:
Alerts 1.0.0 by hachkingtohach1 for API(s) 4.0.0
AlwaysSpawn 2.2.5 by Philip Shilling for API(s) 4.0.0
AuctionHouse 2.0.0-BETA1 by Shock95x for API(s) 4.0.0
BlockGenerator 0.1.0_beta by BlockHorizons, Chris-Prime for API(s) 4.0.0, 3.0.0
BuilderTools 1.3.0-beta2 by CzechPMDevs, VixikHD for API(s) 4.0.0
CraftingTable 1.0.0 by hachkingtohach1 for API(s) 4.0.0
CropGrowth 2.0.1 by NhanAZ, kaidoMC, YTBJero for API(s) 4.0.0
CustomItemLoader 2.3.1 by alvin0319 for API(s) 4.0.0
DevTools 1.15.0 by PocketMine Team for API(s) 4.0.0
Dungeon 1.0.3 by hachkingtohach1 for API(s) 4.0.0
EconomyAPI 5.7.3-PM4 by onebone for API(s) 4.0.0
EconomyLand 2.1.3 by onebone for API(s) 4.0.0
FCCore 1.0.1 by hachkingtohach1 for API(s) 4.0.0
FormAPI 1.4.0 by jojoe77777/DragonfireHD98 for API(s) 4.0.0
Gems 5.7.3-PM4 by onebone for API(s) 4.0.0
HealAndFeed 2.1.0 by Kylan1940 for API(s) 4.0.0
HealthTag 2.1.2 by Shelly7w7 for API(s) 4.0.0
InvCrashFix 0.0.1 by Muqsit for API(s) 4.0.0
InvSee 2.0.1 by BlockHorizons for API(s) 4.0.0
KeepInventory 1.0.0 by NhanAZ, KhoaGamingVN for API(s) 4.0.0
LaunchableTNT 1.0.1 by Vecnavium for API(s) 4.0.0
MaxEnchants 1.2.4 by Xenophilicy for API(s) 4.0.0
MultiWorld 1.7.0-beta3 by CzechPMDevs, VixikCZ, fuyutsuki, kaliiks for API(s) 4.0.0
MyItem 1.5.5 by hachkingtohach1 for API(s) 4.0.0
NPC 1.0.0 by hachkingtohach1 for API(s) 4.0.0
Napthe 0.0.2 by hachkingtohach1,tungstenvn for API(s) 4.0.0
Parties 2.0.1 by Didah (@Diduhless) for API(s) 4.0.0
PlayerStats 3.1.9_BETA by hachkingtohach1 for API(s) 4.0.0
PureChat 2.0.0 by Vecnavium, 64FF00 for API(s) 4.0.0
PureEntities 2.0.0 by LeinneSW for API(s) 4.0.0
PurePerms 1.4.5 by Vecnavium , 64FF00 & ProjectInfinity for API(s) 4.0.0
RedstoneCircuit 3.0.0 by tedo0627 for API(s) 4.0.0
ScoreBoard 1.0 by hachkingtohach1 for API(s) 4.0.0
ShopGUI 1.0.0 by hachkingtohach1 for API(s) 4.0.0
SimpleHome 1.1.0 by CzechPMDevs, VixikCZ for API(s) 4.0.0
Spyglass 1.0.1 by ItsRealNise for API(s) 4.0.0
VanillaHopper 2.0.1 by ColinHDev for API(s) 4.0.0
VanillaX 3.0.0 by CLADevs for API(s) 4.0.0
WorldProtect 2.3.11 by aliuly for API(s) 4.0.0
_NewAlias 1.4.0 by Javier Leon9966 for API(s) 4.0.0
libEasyUI 1.0.2 by GiantQuartz for API(s) 4.0.0

----------------------REPORT THE DATA BELOW THIS LINE-----------------------

===BEGIN CRASH DUMP===
eNrtXXtz20aS/yqzdPYi1YokniTALaesSHKsXcnWWnLs28DlGgADEhEIIHhIorfy3a+7ZwACkGzJ
iXLZP5y6s4jBoOfX7+7BY/8zirJizasPV6Io4ywdLay9URWvxWihzyxrPjPntj6xDNvZG9W5PDEz
nIk212zNcF2YY833Rgkvq6OiyIrR4j+japPDrBEdH90EAi4DwnujtShLvsRTb9JQRHEqQnbFi5j7
iWDflHBWzovqJHkeJzjxYOF5b0qA5nlVwdNqFYvU8w5FeVlluec9z24OCh5Vnpcn9TJOYdp5vM4T
8SJbC88ri8Dzgo8iWOXrUFzB2ZLOruhskK3XPA3xGlHh0IEcmOSrHFFIBIrwdEt3CmSnHarTLdFp
Q3PaJwnkEmAXhAtiBEYC+PnT6InGHoX6juXsLlieBZeiWsMynidQ9Cs4lYjC80gRF1mrihfyxGIh
Z+zEaSWWomDGHiurIk6XPxnz9+wzOmrn6Zr7nv1hOtpjDTJgEET4RGf5GsVDIpK8K8kpSZzyfMcw
NJDGF2t9/J24EUFdiZ3M/1kEVU+eecI3KMkz+vtE17X5zG6lAMIqJa09xouCb37S3xNeo4P3XBTg
Yju6pQ2VpRA1YtmyMv4ujMucV8HqyzG5LSbmEhazg0VeOpVX7uimYwwgSbDb9RtD+/0wrA6MVFTX
WXE5XQe5mCprnR6nP/C1OOO4gjLUnbk9lFl/1fF3wYpXO61RvmfT/qq2WvVKpGFWTLeUpr4ICzga
50VWZUGWEDDF7mvxSy3KSmLZsfUBBgXf8xC/57XudgcH4+/k2T7hu8Q5INrA8ry7MD3RLcN1TGJx
9inBvpQH59J1d0zX/jwfn1+y4aTBfnCyf0g+9iNP4yTh7zr07hDEuye64cwsqZX5QyHfUv8Acn9+
A/GQV1zp7pEE3Zq1qb9np5OtkU0m/5i0//1I/xKHzqc4LPhlEvvT1/zyJPaPIcoVESSFHd01fgun
R2mQhSJsHMC03zOEMH05hn9P30xCQjRlEh//22Spawqh+0nPkBDHcS7hS6gXGUb6i1UheHgq0/lr
EYgYQ5t1D3ZJ0PMGTI+/y1IpZUWpzUdaK2/LQo4KAL9RzPzV8+jvz563o+T+1/HkB/xrTBrmdO1L
5W8gDw3QkqKg54EIGtSf4X/oGV8uiSeGA8WURK5/Ui9lmmUfZZlwngiRi6IJk7ph/kYNPOCa/wRJ
VtaF+HVHAjR+A8BbeUZOhXzTmwd4ICaDdF9mVRzFAceipVTrmnfk1NlMeyDhEo/fpFWc7IRZjTVN
r8qVS1h3LKFZs0/kyCoOLs8k3qxQIO0OhTO65hSu2TE16xNEPnwIgMWqqIM2WH3PS3EAdXV5kvEQ
MitUZ3dYVg2sQPQ95XF6ki3Ba550otTsC4qznq99eUkn+Z59gm9jPtSPFKu8SuWBHR0zbAFxNy5E
E8scSOb5iheL6fRgMSVM0xbSVCGaNoA6i45PzyZ44QALFve7o/e/7o3Eo7Urf0yjABAlyQ9xepUl
V2It0grWCUE6QTVqzsLIdkUYxUyAXJkunPEqr/oGRFWC5YvqTBTrWKZUb7TFMlFYJiqdeaPdvwMh
S+sTkMuxp+wb+Yvm6DTnV/xpwE/8a9JQDs4VByyq0wDFyZriWvF5DlEDIjxIEf82tse+UVBOuC8S
VUyzb3ixLHfZf5C4pTDF0c5f1MXQJJQVTwORRUyWg2qureYCB3ImCiFtwjaI4AL4YmpFFvCU+YLV
JWg5S5MNkB0voXz5SyOOWUuuEFVdpCziSSno1FydIjk4HYiHdboUWbpYLEV1rGDu7I6/i6ky2mmM
aPwdnFfV+O7uLqF370N/4tW6CObpiqVerWlC27DLFf6KLJAk/NB1Hf/1NZwozICV9CNkIf21YVZV
ZPCvQtlwamuf5NTWO5zaxpZTsc6rzQ5p6ift/a7UgG1+noeeYUkZFOBnNzu7bMIGJ5Uzlj+B5Uoz
Hdc44I3eS9DWp0HbXdCzu6xaugcpAN1op7VLPFosoiJbn2VljJa807KCeJvB3T3WML/XWPWuBNYY
x5eLAJziQyGg1QlQ33/VvVFvlXsFpIZQRBJKY5p9Cf36dUvi65bE1y2Jr1sSX7ckvm5JfN2S+Lol
8XVL4uuWxNctif/vLYmmoS+xe98H06joV8rxlmszsDdq79OOdAgqGozwGkJ+UWL5vuLB6hIwVhn+
0pEoz2M8Y9FkOBYp1s3haAGaFXujEGwRSk+YAufKLKoOuwNrThsMA7KeJ9E0f3HTAgwCJp69Or94
++r1ySEMXQsfmiPEvqqqvARpXWPdVq7ianIthJ9scONhiu3HfnLNN+V5zq/THsvb0S7fBoRTu8/3
2SpO4pydw58EcD4W3zmRLRVVz+OEqEREnid9YMv7+cX+64s3Zz3OibmadkBeZHUputx1h/vsAeLx
90cX+3qfyfMVmIxr3/w+7kZH4NbZerN/djzacloq2sCjxLVCXKDgPsrPqhmZ/T4BOj+IVBS8krtr
it3BiS7D2gQs+YMvKt7nly55kRXxR4hDcOpgVUDDe1bgMwhDEeyNzN+j6N5SntcHe1vVn+G/jhOY
epFlSdd7e8N9HwbcY+Td6DN/gM3i2SkWsnDix/gmvnxx+Fh23etEfYmtQmzAeh/pg/x6GVer2idv
7sCe9kiBbCgcgh9dIOCOcPrj/yURrgdqcPgQuYBYQLxxEhSbSbmpRDmBImYa8nLlZ7wIp1IgWf5D
kV1Xq5402sFhVBjEg5dQ3O3/G8YueRxmpwfw638vvv+HKLLHkopcAblvMMm0/hsMQ4FFruuyytbH
lVgrt+rwPjzVl4A5lABPruJUM3X3sRhuCQLPAyy3Rx4SD8ARhrGgHepbum4PTX1bIbALwdePxWOz
PhZPVwM/vyuH3aHMLbJpSwOZlfvIXV7VyNCpzT/HqRWc9sdjOXInpW557wx22bcn84k5Pju1+iLI
UuHD/z8W64qc5wmJAmh6Xg/RvaarZp/gXalbXJ3Ie1Vd79SHWv0tLA2qk4eyl9BmZR/bvQw+PzjI
im4iUgNDY9X/HGOVaJq/j2Wqz7Ni3bfTZqTPtjWMRj9nP2dijv9NDwu+zNIIWqIXh67zWALYLoDd
HGFqfzxEnT+IdTfM0uGf6Hi4vvz3IeBfCJ7sp+FzIbrO1h0dOttAPf9EH9BdS3ssRlqCnteB8bD8
33BUrS74csCPHBtyYwxbHZEkm/n1/LG4KRuCkhsC8XBejtMrKADL1fP4psNNd7Tfz9yKGaf1L0Du
sZhZEzXPi9OrAAFE8c2X9CiA+1yIPiM4cE+52W/HHomVQeMlkXwJM/8UIoerRAqN2qbDU3/8nqai
raT/ucr4D3wNYfjHl49dRPcQPUIdfcLrNFghnouXFx3O++P3JLMfRZDyq7h+tOqyJQhK7AIZHD5E
taf85givSHsbYd3RPnPGZBDa34k0oy2cYPNY7HVIogpbKL2DBzFXJ1X8NiuSbrzvDPZZm6tNAvPe
TYKDf9MLFJu6KuvLmJrDJI4vyz9k62CNeK8RL/Dfxf57tg06hFBOG2y4ujKSA3352MMNwf+vIk2i
af4+VpH28uygwzEe/ZfsigCUL4tcn9zyfcnzatVNQmpgmEiNzzK6V0EjV1YivUr/OJ4JWPP3Ib59
xosqFt2g1Yzck2IP45Cv2M4z+FuvElGWu4/FVdhQ9LxcYvG8LagvddcWH3FLzzucV7wXprujXa5N
KPbcD7i7/edYcAdX7+B3G/RZXYiDFa+6MmiGbm3vfyoJ741m1vPn2pcV8bQOPttZ3m6ZR885beCX
Z0UG1N9B5Mnq8uxo3Ix37gF8kGuDWBTu7a8HWT3MPUqreGj63eF7BHEi4jQV528fS/sJ0QOTBwxC
YZBMdRB92dZXA3Hao6LYl0ro8y7Hhs21/QkLYHtMaoH9DwOV4b3VY+i007h6tBKmp2ZC1/n5EEW/
FmFZQY97EBdBHXcNfnim7/i31F2JMNNmxqM1eQ09zysUkEAC8bzbyO5l8zzICvE95uQOh53BQUr+
c8LZFk/39+8OZuerLP/hTXeXqBn5LylEFJz2x2NVXp1H6Tu8d5+v7+3ZD9m/uyD/I0rv7vOjPXy/
p/Q+X/MkObv1/C8JJt8s8cmPrliaoXt6zOOqfC148jIuH22XrUMS2Fc4Hr6fox4MfJHlee/+U3/8
nmLtIEvi9AXI7bGYagm2Ty5KIIPD36LjFuqW+Xe3+X53X8BWT1Y+GsO3H9TsILlXi9QjQpKs8HWY
LTO94Vs3EG/dQYzrZPN4tw+RmudRS5xLCEOrfGCdcVrHRRSLJOw8xjZuHs2voJyZrjk0PsW0xy5I
5cNLcb2fxLzrqduxezb5/wFFiCjYichS153NHksukmxDFR8bAizqz28w5z65qSTzK7455R/xctPL
W9uxYZQadJY/xDyt/lVDT/TxsdiWC3teC+Aek8Y3vngBuEGvgzvAzaNjBOUGGt6SinfgU97DGjkY
oHB7yA/WHB8o2I4EPAFocG13LFt/CLMKEmBvVL0Ktx2oi6R7HPKqdz6Kk0r0CC/XefdwBdm1exwH
WXrVHfi5JIW0x2tfPmXXG8uKqn1SCNWGL1KFVJhtJ+VBXw6vRZQI6nG6oyVJtOwPhdh6dUbOz056
y2/KXxK8Cdr8Yu2pKrsUafyxL4KbG8U1wsV4s+HrRD23hocf41xWDy61AR/BRLuXw+HNui/1DOEZ
mmbquuHCwNnhqx7rYfaBoA0HYSjuKywDKy3L3kSZ59+d9ngeIIBDfLx4wOc6uS7igf7zih5ERgk3
T2adrQa2t6rTS3pI1CAhycc64qUfpxz38CHzGJMZSkJcQQD01SQkBaVbXmVqwJDCCkHR0iw1VZBt
I+aH7Vqd8/jCZpxGWc9uw1sqj3tWQqI0u0OFAPdAP1zW0hYb+v8Gd2OvzgIoVTvCR+9e5WpdXJGe
L0u67WLX3dGVeSm23+UBeRpEnh7YGi0MzTZBbOUHKAhHC3qXC1ZQ7wzgC6QzWAPbs5FlObojZqFu
2bMwiPRIi0IzCI15yPUwEoEvNDPQHB9o100SjdMwuy7ZywvWPtpqjZ0yTpkOWmWEgenz+cxkO81k
+eQwMzR9tsv2Tw9nuB+PH9PpCO2jIE+yWntZ5R8yVM7b45d0W4AOriljQpDKs1IUH0DLBS/UvgIP
Vxl2OlMMHWN8U0m+F4vluPEsCoxoPnPnbqRxy+J2ZPuBwQ1/pmmhNp8ZkdDE3BFzlGMRB5dTFS21
iTsxnwXcnoe6E2mGEzlWNJ/PfUOfOUGou7rua6EQhmmZXFAoBF4hDEE+ggCb+Dy4HF9BARDKBx9B
kpdpdp0+U3/R7JZFVpZiCizzMsU3Ka8MTMHPhIgsx3FdPbRNYYOmtMC1bcvXXF8HYQIon7uGiy4B
AbsQpeBFsCL+11yWsKMr8rZnju8HmqFzR4S+ISw+F9yIHB5aEXdF4IaBMKLAd8Kel7RvHAF2TpKc
TbS/NYMgV2eiA0rXCWxdtx2g6oe2w13bdWbm3AqNMAKwVjADOXPtbtJbwyRbuE1e0+fCngcgdz63
dN3xA9/nc9M0xFyAcF0xCxx95poD8hQztg4OAn1m82AuBHd1Hvk8dMLAcp3IDoRpBWJmuPPQFjM4
zfuU7lQiPav0bGbNnbkFRjWb+QEHmdqOYxuWIRw7MMzAsAVIxqYnOLsEsSdJ1CNuBE17ZrmCm5rp
uqaIwsg33SA0NUMYOjimrQFpx9BcsM8BpSzJtjTAKhD/LJzPIkOYZjhzdDMw3dBwA8MIrFkAktTD
AZru65dEClT8LOSwtMU1y7QcHyxcOIbuCj/SDTuKdODJcYPAGcJJMqwoGmNBEzafWaHma44e6Xzu
WtpcaM7cnTmCz2ecR6aphT5ANnx7SGlJWMgJZoGrG4EWuZptg6pDw9Q1RwRGqM9d351FFlgYIL1F
YdxJOZLUTI/mIEYniExQWGBYwhLg9wYPQgHS0rgObgABsE+qDQQQZ59xHgTm3Ha5rTl85oYR+GBg
wZ/5XOM+mGVgB67lR30SqV81uemZKbTQFdHMnwV25Fu2AE+xuW5ABp+JuT0zdd8Exxd9Cp1inwop
S5rNwwP4rbelZF4iHc1dxwajEYFmzixjNsNoYPrmDDwOBm1hh2LuGvO7qOA7V01F88w1DI7fffO1
YBYABs5t/D/HNHRQvS4Ca246XAzkK99/aTL+M42Dr0Nonjt6YOku16OZJcC9LAgtpo0B2HaF4SJP
UBKXYoNusK3o8Hav8SyA/+aWECBdw4HyyAdHsjTf1jV7JoQTmr4/mwUa3xKp6zhUcjUhWbi+P498
23ScmatH4dycg1wtKwx8K5zB1UFkgNbx8lW9Ljlvrr8d3cvNOsrSDWgw2UCBkYybYvoKoKJVmhpE
Dd0xAtfRua/P7RCcxrRCX4vAuGeu4zoaGtddtCBlOFqHlj3357oBHifC0HfnASQ27kBoMo3AscAY
5o5rhIZwP0VL79IKheVzI7RQepHrh5rQXd/g4HMQiE0bogtkDieSzco6+wgt0hRCmyhU1sW8M3Nn
FqAI5o4GtmpxxzLACIQGOg51SF/AJFiwYfeI5OBxY4zdqjmHgOSabjQXIfhsACbh+26ASdcOfM0O
HYi3ruVqcyBDvVJrW5MNlatPGLbaLMBn05Z1Qe9oMSz2WJQVrFddeekTdrGCTIrvAuOD3SXjhWDV
SrAsFSX84BV+EiLNKvwqRJwGSQ3BA34w+Z7QBBIaZF66owC0zvGdyyxCAkOaJY/EHsvgTFHKr0xA
tLpkm6wuFC0WR2wNXQj0+7gCFDf4hY9kg4Shc2/JTaHU5XVSlew6S7+tGOZ+XjBoYjMIXjFmMPxs
BcMPA0i+r1ciZXW+LHgIBCZe6qUNsYWXMvbk7UogMFZlDD9LwICEeumqpMKvxNI6lKcJqgz+DOSZ
iIrkhXuqgWAyt+DIGimDxAMxTjgWx0uxkN8awBPlqq6gWkybrxMsmDdShWP7zQpNmPQtC12EUdwO
w5GbLlmCv7ge/8UbEQv7SZJdsyQuka3m6wXsKubsX7UoNjjnF/zR7J4sGLbwdOkRNfXqGkZfAYHC
koFqQXpIzd8wJXOcL/cAxu3pDldP3oJrye+G8DBkUKNJPaH88W08thYcX1XEWpWBdnyBoEGK4pea
JyjfZXwFc6H4qAXbUYtCKb2L1OWKYlyIHFrhMegHX6tbwGla+2W99kF8YH775SYNLnh5yfB9STC4
CU14gx81QR9oOMVpqyJLsxrUDNPLPUZ7Vkw2JRV9UAHL70K+1UuyAcelr6XUqXr/URI/JzsAnsAc
i+wmBlMUIAZgiUw8bcGhbBWg4wiNGueg8e6xuPoWxFcVdFkocC+LbGtwMdsBHmpwMIPEQmyMFacL
IjU0ak7GUdRpiuoMsaHMclICdTDlhB2KK/WbrePlCrweH6nb63qpMhyUSFHUeSVHpcBQMGvApvgi
5YL3UlcSSs/hV1kcAuy7EaCNoM1BaxCDdU06hgaTx3JSa2leuhaw3EZ67w9J5oP14P4Tk+PgB+u4
wiCwFkvu010Odi5FrZFw45LeaMHL6fs31zFJniwKvPt6LAk1RlYSh/isL/xgAh9fQzJRIUSzpDTy
FX47B/yZLTNQVIb+jFaBCy0J5pigLZiGXMDqFKtl6fZfzwFu6H0O/4oX4e/DX1ZZThBUnG0hKXIl
g/CRY9oNW0C4aoNK1wxLAaMg8Ja8QuErv30EhOQXBAkjBgtqyFIpZCn1aSe07kxClh6JWa2dLW4C
IcJyy5EMXK8ujhbs4sXxOTs5Pj2+YPtnZyfHR+fs7Og1e/vq9T+PXu8xmMQuXsGsI/b2xauTI3b2
+tXB0fn5ZBgCevIw7JkSx5ko4owyNwbiEhkMVoJCMkmjDbY6yB5qh5BiC00ZQygUMswSqYMsBT4h
QIM1Ib+fMjZpZNcrTMEgEwxBchpRlkQg9G4DucxItMYr+vZUpC6Y3J6NtqB2o0FtuQiwbpCSRbhS
r/LalgcwL5GXW1ZNTfFa7t4NSXFuKs6XvPDBM8bbEpwC0N3SJVdDOOoqpq6C2L3maU1VShcJVHA1
2ODuXpMThkbYmKFMrxH0KpXkd711wQl7JWO+NHgoM7I6CVssMSSR65Rt8ZeScE7wgdGZpileYbXn
FCxuJUkyHUmh5Q0/DdUkW3m1mjHummZXw8iN0uQt22B3mFTPOs6byhJVVmT0XnJjyGG9zmUZJms9
pk6M8USjr0OcpC4g7ASz4QCOIM2Ds/M7BAxJGxIfrHAFRlaWtcDAUK1Aa8umLMWghattUe01ipQ1
gqo+JxINTv2knNb8Zkzbt2WD/YDnOBqv6zXkWPr2GxCnj6qhIpn8Ao9EsZUr+osSJXnMbRuDqjxX
iGjBMZbLNSRdq9XYYSZPDW0aayOMepK+nNy4kKSlJnY5o8phTNvDLW+HAIVqFSgfUXqAThYYkkpO
XyNh8hrJ4ZY7uEzJU/LTrIyTt9UuCjDBfkHR/Typz9mhl6oPcixUioDSbJUlssT08ZkSqsQJcolf
zGIqyVBsky2SOitTiy/aYlOmtyddLTWnMKwWmwqJ77Gx3lEgKY8WHlcNGJUCKGpv61i6pSA/8kec
Y9NDhT5eDIMK1oS9gFoQbOkpFXfs4OzNHsMHHmFiGl7HIZi9/PwcRc+W/pjoL9isKbu3FXlJ0unM
nbD9EALViifRFHpO2SaEAmxYLQWLMtw/RAPrOOI27XWIdVuRoxuMalhi8mTCEMSbs/SsKba3nSL2
EgjqGp8eggvrPM3H6njQ3Zwqryvjj6LVJ5bljRpLTHiqZIKyXZpHJ7VariEv2p2wM3VNwoslXcBV
y6psgVaMCr5EFvBrjNAn5wlVLNiH4jMq6Oy8QD0dJDHMko11Ib+PxE4v3hDSElhCtv26YtjIkyq3
y8nmYtLEmnVVj/GqBaHt9ocipftO5OsRwx2EAF8Hb9mERjmK4mDCKEutOBYBLF6DbCrUHWiD/jcW
IEztERZQ2hWBXqEkIOpSIIYUzSmcqy/ayVIC5lbKRpETITcSVKhT3dThKyqSDo/P97+H+ojqqTol
G8KAXWOkpFumskiI0RjVN0XDbr+x5XPr66Hw6+Wiadq+Yzo2a6pkXUG4ovOs+fig3H1Ab07LTCZv
5RE6EpOoJbWDVZaVtEPR9Gqi6cYpiuP2Miv5VZMt4Cc+AEHfVsNznTYegNFdeVm0qc2bn7M4lRsC
JKlv2Ts/u0HPL9jxIdt59+b4cBf0Dm4PGGD+NagNFYPPx4JzYA9XhEo+svwAb8i2ukvB2999f9LQ
V/1dZ+RbWgzvp1HhQOpVpQjxljVbSSqN3gC+MT6Q8DSLIloWzsXRZnxTx+FWISTPcX8X54K2YaSr
yf85DykDivTKr+pSbQcFEEQqGWbVNWN5zYKpG664jEwhKjyqVTAH8nTZ9igpXpYMU/FeM+sqFtfj
NkHftXMmhbu/zmqMHpHMdSqYgMga0WJux+hIWyGgfvxNyRkufk2punMxMZ4K2Xr7QhLzRYS+T19u
IVdaNXZGpoXD/aQv2ceFWvYhBjI+hKq+CgWrCcind6HU7obJC6AUMt6YO4BtLsa/LRpzsMPj4wtz
6GdlHMqcgfxw0CkYXFn7XSksMYnCDBHK1EkHbWqjrSZlHDwIRCKoU5DmTasm8SUsgX0yRaKEA+tL
+gyEjGOwBGcrSa0T5MD7y0qmZAI7Rmk00MZb0UjWjg/LDl8YplHzkhqTN1hbNtWWU1Pm0DU9JQG9
MTPYE4CJDwS2itxua7W6nNxWpgpe1zymbhaSCbR60oryLK+Txm3UAeZ7mqPShmnggtQGIZe0EmZc
jFxQEqgGA0fURt5ClTq470jNtRyWlYKyLPzuUBuhw23QQ88c4yf2BkNtYOgPqycPOjkd4sFYPlvV
zlyB3hYSyiRfr/NJnBFiCHWbNTaH4MoV7rMG5RY6pil1nm3PEwsU5vhyWYil2lJU+49ymwU/Ons5
5I/wQax5dfgKP7w1VklB1gcYvq6F7EA4OPk1rVgS8C0DNDbp3B2APN1Kvs7xGSapnFtCBYXK88qY
oBLCJwwol3XyzYH8VHRnL28PkkO+4uAWAiN7gRiauhQyRiQK6D3GGBdTTIbybJO7ZObgvb1B9dRH
J9nWUINDbUOxtQlhiiBpWZ5v1rilVclXV61VvN5mEJWNkSjOR6vHhIFaxDCOC9Kmp7qo2eCebBdQ
Z7orNJL7fL5XyURqUnpAZy9J0QDylZJns2u0UoMyxBVtJ6GiA27CQ7MWUhkURy0hvJleF/LWDEab
ZitFRl6gp6JTk285Pl2o+jQorTk+LKWOsAACjEpXi0Zp8hzYKO7pLdhPVLlA0bpHm3zvkahMzG3y
7t4yIjawki4owOM2SvMhKtofuSuPUnym9rGkjoHab3yNMk+EKgK68OW6NC5/AkV0A0uTOXW74oI9
P9m/kIPYagjcWfu7enRjz3Zv6KWKPfMmjItqj4Lu31WlJ++1dDctpBNjogPRqj1FXiurS0BZwYbJ
7w3WRRN3m06taO/SUFABOvRZ7LBNhEBi3NzhAROQZf2T5xRNaCma3yNCdbEa+dAZGVN92Sn8slx9
wh5iW6ma3OAS2yT6fHwOwc2PoUHZyEKO5iG/9GH6RGYK6SqSS6IPlVHRhmO8TztUKt7QPNuq+IDu
atJtPQ+qlifPi5gdioAZFjOMhWkvbI29Pf6eGZqh44Tm1ttTAREWjtdZFT6V7+oWeBeQPvKIzvZU
d3VIXf3BqxkNmzisuoM4h0Gwbhi5XsWVGOMtN6xViTo0UKpce2prOILfzl9DfnpKR/J2YDumrsIN
W7yx0xznV7laIYyxowIT3jwlaK1FtgnuKTFJxTDW2FvWmgJZhJ0peC/+6eHR8/03JxcdnujGoFqS
0gP6qjrula9PHRzqlOg0ZfTr/wF6goTO
===END CRASH DUMP===
