PocketMine-MP Crash Dump Sun Feb 20 22:00:36 WIB 2022

Error: number_format(): Argument #1 ($num) must be of type float, bool given
File: plugins/ScoreBoard/src/hachkingtohach1/ScoreBoard/ScoreBoard
Line: 93
Type: TypeError

THIS CRASH WAS CAUSED BY A PLUGIN
BAD PLUGIN: ScoreBoard

Code:
[84] 		}
[85] 		$jobNeed = $output;
[86] 		$jobList = $result;
[87] 		if($jobApi->player->exists($player->getName())){
[88] 			$myjob = $jobApi->player->get($player->getName());
[89] 		}else{
[90] 			$myjob = "Chưa có";
[91] 		}
[92]         $function = [
[93] 		    number_format($this->getPluginName("EconomyAPI")->myMoney($player)),
[94] 			date("d/m/Y"),
[95] 			time(),
[96] 			"x:".(int)$location->x." y:".(int)$location->y." z:".(int)$location->z,
[97] 			number_format($this->getPluginName("Gems")->myMoney($player)),
[98] 			$jobNeed,
[99] 			$jobList,
[100] 			number_format(PlayerStats::getInstance()->getDatabase()->getLevel($player)),
[101] 		    number_format(PlayerStats::getInstance()->getDatabase()->getXpLevel($player)),
[102] 			number_format((PlayerStats::getInstance()->getDatabase()->getLevel($player) * 5000)),
[103] 			$myjob

Backtrace:
#0 plugins/ScoreBoard/src/hachkingtohach1/ScoreBoard/ScoreBoard(93): number_format(false)
#1 plugins/ScoreBoard/src/hachkingtohach1/ScoreBoard/task/SendScore(28): hachkingtohach1\ScoreBoard\ScoreBoard->getFunction(string[23] ..7%whatday ..8plati09M, object pocketmine\player\Player#110961)
#2 pmsrc/src/scheduler/TaskHandler(117): hachkingtohach1\ScoreBoard\task\SendScore->onRun()
#3 pmsrc/src/scheduler/TaskScheduler(141): pocketmine\scheduler\TaskHandler->run()
#4 pmsrc/src/plugin/PluginManager(466): pocketmine\scheduler\TaskScheduler->mainThreadHeartbeat(integer 601)
#5 pmsrc/src/Server(1768): pocketmine\plugin\PluginManager->tickSchedulers(integer 601)
#6 pmsrc/src/Server(1657): pocketmine\Server->tick()
#7 pmsrc/src/Server(1046): pocketmine\Server->tickProcessor()
#8 pmsrc/src/PocketMine(304): pocketmine\Server->__construct(object BaseClassLoader#2, object pocketmine\utils\MainLogger#3, string[36] C:\Users\tranthien\Desktop\FoxCraft\, string[44] C:\Users\tranthien\Desktop\FoxCraft\plugins\)
#9 pmsrc/src/PocketMine(327): pocketmine\server()
#10 pmsrc(11): require(string[80] phar://C:/Users/tranthien/Desktop/FoxCraft/PocketMine-MP.phar/src/PocketMine.php)

PocketMine-MP version: 4.2.0 [Protocol 486]
Git commit: 44818e6d1456dcf1f0fd3cd27da1dfecbe03c08b
uname -a: Windows NT tranthien4-8sin 10.0 build 17763 (Windows Server 2016) AMD64
PHP Version: 8.0.13
Zend version: 4.0.13
OS: WINNT, win
Composer libraries: 
- adhocore/json-comment 1.1.2@fc2f76979f0a44a5f5bc2a2b600d0762fe0e78e7
- brick/math 0.9.3@ca57d18f028f84f777b2168cd1911b0dee2343ae
- daverandom/callback-validator unknown@unknown
- fgrosse/phpasn1 v2.4.0@eef488991d53e58e60c9554b09b1201ca5ba9296
- netresearch/jsonmapper v4.0.0@8bbc021a8edb2e4a7ea2f8ad4fa9ec9dce2fcb8d
- pocketmine/bedrock-data 1.6.0+bedrock-1.18.10@e98c511584a7bd58a95986374d2df4b04c6a2ba0
- pocketmine/bedrock-protocol 8.0.0+bedrock-1.18.10@017e57c8f8a74118bcbba7332e7ebac9e6c81693
- pocketmine/binaryutils 0.2.4@5ac7eea91afbad8dc498f5ce34ce6297d5e6ea9a
- pocketmine/callback-validator 1.0.3@64787469766bcaa7e5885242e85c23c25e8c55a2
- pocketmine/classloader 0.2.0@49ea303993efdfb39cd302e2156d50aa78209e78
- pocketmine/color 0.2.0@09be6ea6d76f2e33d6813c39d29c22c46c17e1d2
- pocketmine/errorhandler 0.6.0@dae214a04348b911e8219ebf125ff1c5589cc878
- pocketmine/locale-data 2.4.3@4d0b081f1a79407e087968ea76aaf330db6ea2b5
- pocketmine/log 0.4.0@e6c912c0f9055c81d23108ec2d179b96f404c043
- pocketmine/log-pthreads 0.4.0@61f709e8cf36bcc24e4efe02acded680a1ce23cd
- pocketmine/math 0.4.2@aacc3759a508a69dfa5bc4dfa770ab733c5c94bf
- pocketmine/nbt 0.3.2@3e0d9ef6b6c5fb45e3745a121296e75631b3eefe
- pocketmine/pocketmine-mp 4.2.0@44818e6d1456dcf1f0fd3cd27da1dfecbe03c08b
- pocketmine/raklib 0.14.3@4798576fec0364266dce23b368a7fec5e5de7927
- pocketmine/raklib-ipc 0.1.1@922a6444b0c6c7daaa5aa5a832107e1ec4738aed
- pocketmine/snooze 0.3.1@0ac8fc2a781c419a1f64ebca4d5835028f59e29b
- ramsey/collection 1.2.2@cccc74ee5e328031b15640b51056ee8d3bb66c0a
- ramsey/uuid 4.2.3@fc9bb7fb5388691fd7373cd44dcb4d63bbcf24df
- rhumsaa/uuid unknown@unknown
- symfony/polyfill-ctype v1.24.0@30885182c981ab175d4d034db0f6f469898070ab
- symfony/polyfill-php80 v1.24.0@57b712b08eddb97c762a8caa32c84e037892d2e9
- symfony/polyfill-php81 v1.24.0@5de4ba2d41b15f9bd0e19b2ab9674135813ec98f
- webmozart/assert 1.10.0@6964c76c7804814a842473e0c8fd15bab0f18e25
- webmozart/path-util 2.3.0@d939f7edc24c9a1bb9c0dee5cb05d8e859490725

Loaded plugins:
Alerts 1.0.0 by hachkingtohach1 for API(s) 4.0.0
AlwaysSpawn 2.2.5 by Philip Shilling for API(s) 4.0.0
AuctionHouse 2.0.0-BETA1 by Shock95x for API(s) 4.0.0
BlockGenerator 0.1.0_beta by BlockHorizons, Chris-Prime for API(s) 4.0.0, 3.0.0
BuilderTools 1.3.0-beta2 by CzechPMDevs, VixikHD for API(s) 4.0.0
CraftingTable 1.0.0 by hachkingtohach1 for API(s) 4.0.0
CropGrowth 2.0.1 by NhanAZ, kaidoMC, YTBJero for API(s) 4.0.0
CustomItemLoader 2.3.1 by alvin0319 for API(s) 4.0.0
DEVirion 1.2.5-ALPHA12 by poggit, SOFe for API(s) 4.0.0
DevTools 1.15.0 by PocketMine Team for API(s) 4.0.0
Dungeon 1.0.3 by hachkingtohach1 for API(s) 4.0.0
EconomyAPI 5.7.3-PM4 by onebone for API(s) 4.0.0
EconomyJob 2.0.6 by onebone for API(s) 4.0.0
EconomyLand 2.1.3 by onebone for API(s) 4.0.0
EnchantedUI 1.0 by ItsRealNise for API(s) 4.0.0
FCCore 1.10.1 by hachkingtohach1 for API(s) 4.0.0
FishingRod 1.0.1 by hachkingtohach1 for API(s) 4.0.0
FormAPI 1.4.0 by jojoe77777/DragonfireHD98 for API(s) 4.0.0
Gems 5.7.3-PM4 by onebone for API(s) 4.0.0
HealAndFeed 2.1.0 by Kylan1940 for API(s) 4.0.0
HealthTag 2.1.2 by Shelly7w7 for API(s) 4.0.0
InvCrashFix 0.0.1 by Muqsit for API(s) 4.0.0
InvSee 2.0.1 by BlockHorizons for API(s) 4.0.0
KeepInventory 1.0.0 by NhanAZ, KhoaGamingVN for API(s) 4.0.0
LaunchableTNT 1.0.1 by Vecnavium for API(s) 4.0.0
MaxEnchants 1.2.4 by Xenophilicy for API(s) 4.0.0
MultiWorld 1.7.0-beta3 by CzechPMDevs, VixikCZ, fuyutsuki, kaliiks for API(s) 4.0.0
MyItem 1.5.5 by hachkingtohach1 for API(s) 4.0.0
NPC 1.0.0 by hachkingtohach1 for API(s) 4.0.0
Napthe 0.0.2 by hachkingtohach1,tungstenvn for API(s) 4.0.0
Parties 2.0.1 by Didah (@Diduhless) for API(s) 4.0.0
PlayerStats 3.1.9_BETA by hachkingtohach1 for API(s) 4.0.0
PureChat 2.0.0 by Vecnavium, 64FF00 for API(s) 4.0.0
PureEntities 2.0.0 by LeinneSW for API(s) 4.0.0
PurePerms 1.4.5 by Vecnavium , 64FF00 & ProjectInfinity for API(s) 4.0.0
RedstoneCircuit 3.0.1 by tedo0627 for API(s) 4.0.0
Rewards 5.0 by Wertzui123 for API(s) 4.0.0
ScoreBoard 1.0 by hachkingtohach1 for API(s) 4.0.0
ShopGUI 1.0.0 by hachkingtohach1 for API(s) 4.0.0
SimpleHome 1.1.0 by CzechPMDevs, VixikCZ for API(s) 4.0.0
SizeUI 1.0 by fernanACM for API(s) 4.0.0
Spyglass 1.0.1 by ItsRealNise for API(s) 4.0.0
StackStorage 1.3.0 by Ree-jp for API(s) 4.0.0
VanillaEnchant 1.0.0 by hachkingtohach1 for API(s) 4.0.0
VanillaHopper 2.0.1 by ColinHDev for API(s) 4.0.0
VanillaX 3.0.0 by CLADevs for API(s) 4.0.0
VoteReward 1.1.0 by  for API(s) 4.0.0
WorldProtect 2.3.11 by aliuly for API(s) 4.0.0
_NewAlias 1.4.0 by Javier Leon9966 for API(s) 4.0.0
libEasyUI 1.0.2 by GiantQuartz for API(s) 4.0.0

----------------------REPORT THE DATA BELOW THIS LINE-----------------------

===BEGIN CRASH DUMP===
eNrtPQ1zm0iWf6VPmbux7yyZLyHwVlLx2M7Eu3aijZ1JbpcpVwONRIyA4cO2sjX//d573SDATuJM
tLNTV5vaKYtH9+v3/dE07D9GUVaseHV1I4oyztLRgbU3quKVGB3otjU1bdcw7YltG67u7o3qXN4y
zcnMMKfWVJtZlm04cCvhZXVSFFkxOvjHqFrnMGp0CX8kbG+0EmXJFwhN65Uviiu57s7uATssFvVK
pBV7orOd7+D2LlvVZcV8wbKIIS4WJRmv9pifZQlbxDciBYxRnSQv4gRRHh143tsSOPC8quBptYxF
6nnHoryustzzXmR3RwWPKs/Lk3oRpzDsIsgK8UPGi9DzyiLwvCUPltdxuqgy/KX3R2x+T/JljmvL
dRW6/c39fUC2P8DVvb35CViSOAUsrgkSL3gAP/8+eqKxb0G645og0L6EI56UYheWA/F+Pe6Kl9f7
FyINCbZjOID/kbIaP1uI6kWdBhUY1k5ZFTDl74b5M5tMZv95u+RVyNfw28kTXsWae77HMv+DCCqW
Z8G1qFYgHdQYX4vC8+b094mua66tEzcGy1dIPP0XLEVYJ6LYvwR6X/I0hN87uj77ErXIHkAa/sbP
svRNne7QAuYnF7hornZ0S4clugS3Iz2vQ8v4WdGgtTpopT725/TnnKfgIcWOZdufx9kuP3624nF6
uSwED18KXlS+AIXHaSUAD7M1KahpZ8ELUdwg2TPbGawhSUFBd2gZP6viYLNeeQ+3/QBuezob4JZ3
JDIphNkD8zTL/sy8eZEFEEOyQiJwOgjmNOUcpuyYmvUJHFdXQZaCEdZBtaPs7AdeiiMIXOVZxkMw
LuNBC6yrOIGIcQ6SPssWwPwTc48pazbtn9mjg087y7K+YlYbsoht9xNsG0ORl1Ko0u81OQscAkYV
4pc6BldWxDjazyxf8uJgf//oYJ9I2m8p2lcE7Tf0dBYdn88nOHFAC0bI3dHPv+6NxO+bDrYakoF8
iekqTm+y5EYgRYA+BMkF1ai5C5De9CALBXLsWHDHq7zqVwA6U3Xx3YfMfyVEyJ6y77K6yuvqT3jb
7tw+i4FTuF2Isk7k7Zm6HUc7OOIwj8fPZFQcPxN3ML7c+a65hoD7iq/Ezu7u7j9wrqPmAvLVGiYj
6iEOmPMQAlrbbdgQkEMQo6vdx+iNjpZerem+xlkAP7TI9EY43dU7UnANuGDq33eRSgsw/e9401Qj
8WbfIr4DQyyJMBmZiDxvdALenK3Wh/NTb7QLcXB9nqVi3TCyu7uHWK2W2JBXOCvcX+3/L0ygu9P2
LlY1OxJot0BvdHfgjSYY8na/S7KAI73jZ3cTb8TWD91Z452PD935SKhnLepHcfijWJWf4a2jWmVW
BHZ7YDQnBOua9onFZV69qHhVHhwACacQI3kagDiIomNecR/CpLo8Ezci6ROia/ondfd1yN/nD6I3
PkH5N5HO/ptNNU1r1jAHVj369d812b9rsn/XZP+uyf4/1WRN1VJiiXIItlPRr5RjT98A9kbtVsBI
n2gTDSC8rpZZUWIwHHguIuV5jHcsGgzXIuV+IsLRAShW7I1CkYMr42S4V2ZRddwFoLPASvcCgqSm
+YuVGdgDDJy/vrh89/rN2TGAboVfxhXSvqyqvARp3fIqWJbLuJrcCuEn60mQrfYxmB8mt3xdXuT8
Nu2xvIF2+TYmxmTa53u+jJM4ZxfwB2rExbb4zgltqbB6HieKSqTI86QLbHi/uDx8c/l23uOcmKsp
nL/M6lJ0ueuC++wBxeMfTi4P9T6TF0swGXd6923cdWqz0YbTUuEGHiVdS6QLFNyn8rNqRmZ/gLLq
+keRioJXsr1Q7A5udBnWJmDJV76oeJ9fmvIyK+KPEIbg1tGygEpsXuAm11AEeyPzWxTdW8rz+sTe
V/Vn+K/jBIZeQu/T9d4euO/DQPcYeTf6zB99FMFyfn4sbnDCT/FdfP3yeFt2HSDyfBUCcs/zJW0V
0gas9yl9lF8v4mpZ++TNHbL3e6hANhQOwY8ukeCOcPrwP0iE6xE1uHyMXEAsIN44CYr1pFxXopyk
otoPebn0qUqUAsnyH4vstlr2pNECh1FhEA9eLXl6+DeAXfM4zM6P4Nf/Xv7wZ1Fk25KKXAG5b2iS
Wf03GIYiFrmuyypbnVZipdyqw/vwVl8C5lACPLmJU83U3W0x3CIEnge03Ic8Jh4cn/wUF0R/y2QL
6ls65LTx4dn85aE+iAQ5lFAxbmpcvH4htpbZCKnn3RApnoe2Kn91yPtCYgMnH8a5FtTnTZ8O3XhT
/bBLwVfbYqtZH+vCm0EMe4iNBwx1Q9l+iwOZrdOF6OtRQYYBy/zXBCxFTvtjW0GqUy5seO8Au+xP
J7OJOZ6fW30RZKnw4b9tsa7QeZ6QVABOz+tR9EW3VKP/nPn3mULgMPLa387QoO56LHMfMr9lTlL2
WObOoI++zx1B++zpQ5P9HdlLgJyWP0XblxlMA8gmlQjf9myyAx34ZJ+906p8I3jyKi63ZpIdlMDN
hpDHpUvk6cXRUVZ0qyIFGATSe0XA7xVeJDnN320FlxcxNFfp4k3WtdQOcBhb/1XMtxR1f29NCFmx
6ofXBtJn3xoa8ofsQyZm+G//uOCLLI3iQrw8dp1tCWKzAO6vEE3tj8cYNW6Sd9iiy39hvqA9e09R
8UXiX4JDH6bhCyG6xtmFDsPoQD1/weimu5a2LUZahJ7XIePxMQYnVctLvhjwI2FDbozh7oNIkvXs
drYtbsoGoeSGiHg8L6fpDfRk5fJFfNfhpgvtbzHcix3n9S+AblvMrAib58XpTYAERPHd12wbAN0X
QvQZQcAXOsD+DsmWWBnshUhKvoaZvwiRwyyRVlmx7vDUh3+hz2+b278sM/4jX0HI/enVtvvaHkVb
aG3PeI25H+i5fHXZ4bwP/0JS+0kEKb+J6601RS1CUGKXkMHlY1R7zu9UddON613osKkdhPb3Is1o
VzVYb4u9DkpUYUtK7+JRzNVJFb/LiqQb7zvAPmsztW9nfnHf7uhvdB5uXVdlfR3Tfk0Sx9flP2U3
b4X03iK9wH+X9m/ZyesgQjmtcQ+kKyMJ6MtnOtyj/72KNUlN83dbRdqr+VGHY7z6g2xUAilfF7k+
+RTmFc+rZTcJKcAwkRqfZXSvqtNFWYn0Jv3n8UyENX8f49tzXlSx6AatBvKFFHsch3zJdp7D33qZ
iLLc3RZXYYPR83JJi+dtiPpad23pI243Zy+6HHegXa5NKPbcK3zg9K+x4A5dvYtvNuh5XYijJa+6
MmhA9564fSoJ741s68UL7euKeFpnLopVeX8zZPSC0zO1cl5kgP09RJ6sLucn4wbeeSx3JdcGsSi6
N78eZfUw9iSt4qHpd8FfEMSZiNNUXLzblvYTwgcmDzQIRYNkqkPR1+3YNiTu97Ao9qUS+rxL2LC5
nn7CAtgek1pg/8VAZXja4RQ67TSutlbC9NRM1HV+PkbRb0RYVtDjHsVFUMddgx/e6Tv+vXBXiTDT
bGNrTV6Dz/MKRUggCfG8+5Q9gs1byMdljz0J6e8qDGz4nSiqj3WsG+a22NpgRD6IhN/cPmxw7StU
FLw6J1c37PaOs35mi/P3Ct0PH2P75sB9sczyH3ubuw3kD1J0KXLaH9uqMi/iVZ6Il9mqW4Z1gIPd
4CH7Dzcf/4w2oySalkATyKBL37e0GRcrniTz5sDlBisJ5qPoG4QEfNYLIlGk0JofnW9LBC1CZBrX
l39/A9sb0pC5fL3AQ3Vd9hrQFzYL/tnPMho6Hr8xB6VbcH1RZQW9QLBhqAu+dwKmz9QbIcYf8m3x
A3XG1YccTBYpKCUFwFiHHmlyv0GLktAxnh8M6KyfwkpMgix+4mmcJFxtQnSkMbjxB4lqfaqG19uK
cQrryyzPe4c/+vAvtGVHWRKnLyFqbEsYLcKWbUnI4PK3RLiW1A3z7+/z/f5eaTYM7meHFNi3xbBE
1/L3fvPrMW7+U1YJWa50WdkAP5+ptubaEU/ohN4NrPz4GEVbWVDLV/i20Ib8Hvje0aN7Z4/iOllv
7+ARYvM82rnLJQlDfh7ZDp3XcRHFIgn3N6ebx81rDBVEw/0VLytR7PfYBalcvRK3h0nMu3loA/vC
s8g/Q68kCnYmstR1bXtbcpFoG6x44BhoUX9+gy/20e1LNL/ii2X+CS/XvQpjAxuG58EG2I8xRMe/
1hzK+G2xLRf2vJaAL5g0vhDHC6Ab9Do4X9UcOidS7iqRlrTHAHzKAwcjB6Mr7mL7wYrjUcQNJOAJ
kAZzu7BsdRVmFcT1HlS9RbgB1EXSvcZXvLrXUZxUood4scq7l0tIGt3rOMjSmy7gQ0kKaa9Xvjyf
34NlRdWeMUa14TtIIQWtzaA86MvhjYgSQVsxXWhJEi37oBB3iDqQi/lZb/l1+UuCp3CaX6y9VWXX
IoXasSeCuzvFNZKL8WbNV4k68Y6XH+NchlOXdis+gol2p8Pl3aov9QzJMzTN1HXDBcD8+HWP9TC7
ItKGQADFfYVlYKVl2RsoS/T35z2eBxTAJb5rM+BzldwW8UD/eUVv5aCEmzPd8+XA9pZ1ek1vlxgk
JHkgNF74ccrxUSOkTYPOaiX4Olnoq0GICiqSvMoUwJDCCkHR0iw1laE2EfNqs1bnPr7GGqdR1rPb
8J7K456VkCjNLqgQ4B7oh4ta2mKD/2/gbuz1PIB6rCN89O5lrtbFFelketLd1eq6O7oyL8XmoxEg
T4PQ01Hv0YGhTU0QW3kFtdrogN52gxUgEWRBBlgtx4Y1cBdpZFmO7gg71K2pHQaRHmlRaAahMQu5
HkYi8IVmBpqDx9LqJonGaZjdluzVJWtfirHGThmnTAetMqKB6bOZbbKdZrB85YgZmm7vssPzYxsf
G+LHHDpC+yjIk6zWXpb5VYbKeXf6ip5e0sUtZUwIUnlWiuIKtFzwQm1/8nCZ4SbFPoaOMYxRrw1j
fWI8jwIjmtnuzI00bll8Gk39wOCGb2taqM1sIxKamDlihnIs4uB6X0VLbeJOzOcBn85C3Yk0w4kc
K5rNZr6h204Q6q6u+1oohGFaJhcUCoFXCEOQjyDAJj60DOMbKABC+coESPI6zW7T5+ovmt2iyMpS
7APLvEzxjc4bA1PwcyEiy3FcVw+nppiCprTAnU4tX3N9HYQJRPncNVx0CQjYhSgFL4Il8b/isv4e
3ZC3PXd8P9AMnTsi9A1h8ZngRuTw0Iq4KwI3DIQRBb4T9rxk3xdhAVdjoJ2TJO2J9j8NEOTqTHSg
0nWCqa5PHcDqh1OHu1PXsc2ZFRphBMRagQ1y5trDqDeGSbZwH72mz8R0FoDc+czSdccPfJ/PTNMQ
MwHCdYUdOLrtmgP0FDM2Dg4CfT7lwUwI7uo88nnohIHlOtE0EKYVCNtwZ+FU2HCb9zE9qEQ6Cfzc
tmbOzAKjsm0/4CDTqeNMDcsQzjQwzMCYCpDMlN796CLEjjtRh+OJNO255QpuaqbrmiIKI990g9DU
DGHo4JhTDVA7huaCfQ4wZUm2wQFWgfTb4cyODGGaoe3oZmC6oeEGhhFYdgCS1MMBNfShgKV8KZNQ
gYqfhxyWtrhmmZbjg4ULx9Bd4Ue6MY0iHXhy3CBwhuTgO9eJaIwFTdh8boWarzl6pPOZa2kzoTkz
13YEn9mcR6aphT6QbPjTIaYF0UJOYAeubgRa5GrTKag6NExdc0RghPrM9V07ssDCgNJ7GMadlCNR
2Xo0AzE6QWSCwgLDEpYAvzd4EAqQlsZ1cAMIgH1UbSCAOPuc8yAwZ1OXTzWH224YgQ8GFvyZzTTu
g1kG08C1/KiPIvWrJjc9N4UWuiKyfTuYRr41FeApU64bkMFtMZvapu6b4Piij6FT7FMhZUmzeXwA
7+Aq+LUsLSDUko5mrjMFoxGBZtqWYdsYDUzftMHjADgV01DMXGP2EJZxnAdNRfPcNQxuWxb4fGAH
QAPnU/yfYxo6qF4XgTUzHS4G8i3TLPsomoz/XOPg6xCaZ44eWLrL9ci2BLiXBaHFnGIAnrrCcJEn
KIlLsUY32FR0eCrFeB7Av5klBEjXcKA88sGRLM2f6trUFsIJTd+37UDjGyR1HYdKriYkC9f3Z5E/
NR3HdvUonJkzkKtlhYFvhTbMDiIDtI7Tl/Wq5LyZfz+6l+tVlKVr0GCyhgIjGTfF9A2QilZpahA1
dMcIXEfnvj6bhuA0phX6WgTGbbuO62hoXA/hgpThaB1c05k/0w3wOBGGvjsLILFxB0KTaQSOBcYw
c1wjNIT7KVx6F1coLJ8boYXSi1w/1ITu+gYHn4NAbE4hukDmcCLZrKyyj9Ai7UNoE0XVnGYGl3Nt
C6gIZo4GtmpxxzLACIQGOg51SF/AJFiwMe0hycHjxhi7VXMOAck13WgmQvDZAEzC990Ak+408LVp
6EC8dS1XmwEa6pVa25qsqVx9wrDVZgEeoV3UBX0YgmGxx6KsYL3qykufsMslZFJWigpfCSsZLwSr
loJlqSjhB69YwNM0o4+ixGmQ1BA84AeTbxhPIKFB5qUHn4DrIlvJT6fcx1nySOyxDO4UJaJkPkSr
a7bO6kLhYnHEVtCFQL+PK0Bxgx9ASdaIGDr3Ft0+lLq8TqqS3Wbp9xXD3M8LBk1sBsErxgy2Rgrx
WxeS79ulSFmdLwoeAoKJl3ppg+zASxl78m4pkDBWZbAKVK2AQr2tXVLhV2JpHcrbRKoM/gzkmYiK
5IVbhYFgMrcgZIWYQeKBGCcci+OFOGBUn+KNcllXUC2mY/V5mgPmjVThiB840XX8uokw2fXSq3UR
RnELhis3XbAEf3E9/g9vRCwcJkl2y5K4RLaaLz2wm5izv9aiWOOYX/BHs3tywLCFp6kn1NSrOQwY
YFhYMlAtSA+x+WumZI7j5R7AuL3d4erJO3AtMB1QAA9DJj8tU0r541v8bCV4WRf0iRsG2vEFEg1S
FL/UPEH50jd2GBQftWA7alEopXcRu1xRjAuRQys8Bv3g+/gHcJvWfkXfvUDzOyzXaYCfSgALKa7B
4CY04G0JOkQfaDjFYcsiS7Ma1AzDyz1Ge1ZMNiXoOHsMy29gBLsPkg04LsJWdRrLj65I5BdkB8AT
mGOR3cVgigLEACyRiactcShbRdBphEaNY9B491hcfQ/iqwqaFgrcyyLbGkxmO8BDDQ5mkFiIjbHi
9IBQDY2ak3EUdZqiOkNsKLOclEAdTDlhx+JG/WareLEEr8eTv3tdL1WGgxIpijqvJFQKDAWzAtoU
X6Rc8F7qSkLpOfwmi0Mg+2EK0EbQ5qA1iMG6Jh1Dg8FjOai1NC9dCVhuLb33xyTzwXpw/4lJOPjB
Kq4wCKzEgvu0ec8upKg1Em5c0ruwOP0StXYbk+TJosC7b8cSUWNkJXGIryTADybwlC2iiQohmiWl
kYO2avRntshAURn6M1oFLrQgMsdE2gHTkAtYnWK1LN3+8Bzght7n6F/yIvw2+ssqy4kEFWdbkhS6
kkH4yDHthi1BuGpDla4ZliKMgsA78gpFX/n9FigkvyCSMGKwoIYslUKWYuJOBDUF30ySLD0Ss1o7
WtwFQoTlhiMZuF5fnhywy5enF+zs9Pz0kh3O52enJxdsfvKGvXv95i8nb/YYDGKXr2HUCXv38vXZ
CZu/eX10cnExGYaAnjyMqa3EMRdFnFHmxkBcIoPBUlBIJmm0wVYH2UPtEFJsoSFjCIVChllCdZSl
wCcEaLAm5PdTxiaN7HaJKRhkgiFIDiPMEgmE3k0glxmJ1niNOQQLApowuT8abUHtRoPachFg3SAl
i+RKvcq5LQ9gXiIvN6yamuK13H2YJMW5qThf8MIHzxhvSnAKQA9Ll1wNyVGzmJoFsXvF05qqlC4l
UMHVYIO7e01OGBphY4YyvUbQq1SS39XGBSfstYz50uChzMjqJGxpiSGJ3KZsQ38pEedEPjBqa5ri
FVZ7QcHiXpIk05EYWt6iIls1yVbOViPGXdPsahi5UZq8ZxvsAZPqWcdFU1miyoqMvmjSGHJYr3JZ
hslaj6kbY7zR6OsYB6kJRDuR2XAAV5Dmwdn5AwKGpA2JD1a4ASMry1pgYKiWoLVFU5Zi0MLVNlTt
NYqUNYKqPieSGhz6STmt+N2Ytm/LhvYjniM0XtUryLGQXgtETt8jQ0Uy+c0sScVGrugvSpTkMfdt
DKryXFFEC46xXK4h6Vqtxo4zeWto01gbYdST+OXgxoUkLjWwyxlVDmPaHm55OwZSqFaB8hGlB9TJ
AkNiyTk2L0zOkRxuuINpSp6Sn2ZlHLypdlGACfYLCu/nUX3ODr00FRUq7EClCCjNllkiS0wfj4NR
JU4kQ9UEJqSSDMU22SKpuzK1+KItNmV6e9LVUnMLw2qxrhD5HhvrHQWS8mjhcdUQo1IARe1NHUuP
FLCEDCXn2PRQoY+TAajImrCXUAuCLT2l4o4dzd/uMTyXDQPT8DYOweypVpDRs8U/JvwHzG7K7k1F
XpJ0OmMn7DCEQLXkSbQPPadsE0IBNqyWgkUZ7h+igXUccZP2Osi6rcjJHUY1LDF5MmFIxNt5Om+K
7U2niL0EEoVP+nFinaf5WF0Puptz5XVl/FG0+sSyvFFjiQlPlUxQtkvz6KRWyzXkpN0Jm6s5CS8W
NIGrllXZAq0YFXyBLIBOQGxlnlDFgn0oHi9DZ+cF6ukoiWGUbKzxC1+irNj55VuitASWkG2/rhg2
8qTKzXKyuZg0sWZV1WOcdUDUdvtDkdJzJ/L1iJ0354RaNqFRjqI4mDDKUkuORQCLVyCbCnUH2qBP
EkKY2iNaQGk3RPQSJQFRlwIxpGhO4byUKpWlBIytlI0iJ0JuJKhQp7qp49dUJB2fXhz+APUR1VN1
SjaEAbvGSEmPTGWREKMxqk+uht1+Y8PnxtdD4deLg6Zpe8Z0bNZUybqEcEX3merlS7n7gN6clplM
3sojdEQmqZbYjpZZVtIORdOriaYbpyiO28us5DdNtoCfeACCPqGK9zptPBBGT+Vl0aY2bz5kcSo3
BEhS37P3fnaHnl+w02O28/7t6fEu6B3cnuE3GdktqA0Vg8f4wTmwhytCJR9ZfoA3ZBvdpeDt7384
a/Cr/q4D+Z4Ww+dpVDiQelUpQrxlzVaSSqN3QN8YDyQ8zaKIloV7cbQe39VxuFEIyXPc38W5pG0Y
6Wry65dSBhTplV/VpdoOCiCIVDLMqjljOeeAqQeuuIxMISo8qlUwB/J00fYoKU5Lhql4rxl1E4vb
cZugH9o5k8I9XGU1Ro9I5joVTEBkjWgxt2N0pK0QUD/+puQMk99Qqu5MJsZTIVtvX0hkvojQ9+mb
b+RKy8bOyLQQ3E/6kn1cqGUfYiDjQ1Jz+XVGWE1APn2ISu1hMnkBmELGG3MHYpvJ+Lelxhzs8Pj4
Xi/6WRmHMmcgPxx0CgZX1n5XCgtMojBChDJ10kWb2mirSRkHDwKRCOoUpHnTqkl8DUtgn0yRKOHA
+oI+ICXjGCzB2VJi6wQ58P6ykimZiB2jNBrSxhvRSNZOj8sOXximUfMSG5MPWFs21ZZTU+bQnJ6S
AN+YGewJkInHXVtFbra1Wl1O7itTBa9bHlM3C8kEWj1pRXmW10njNuoC8z2NUWnDNHBBaoOQS1oJ
My5GLigJVIOBELWRd6BKHdx3pOZagmWloCwLv1jYRuhwE/TQM8f4KewBqA0MfbA6edDJ6RAPxvJs
VTtyCXo7kKRM8tUqn8QZUQyhbr3C5hBcucJ91qDckI5pSt1nm/vEAoU5vlgUYqG2FNX+o9xmwY//
Xg/5I/og1rw+fo2f7ByrpCDrAwxft0J2IByc/JZWLInwDQMEm3SeDkCebiVf53iGSSrnnlBBofK+
MiaohPCEAeWyTr45wk180d3L24PkkC85uIXAyF4gDU1dChkjEgX0HmOMiykmQ3m3yV0yc/De3qA6
9dFJtjXU4FDbUGxtQphCSFqW95s17mlV8tVVaxWvNhlEZWNEiuPR6jFhoBYxjOOCtOmpJjUb3JPN
AupOd4VGcp/P9yqZSE1KD+jsJSkcgL5S8mx2jZYKKENc0XYSKjrgJjw0ayGVQXHUIsKH6XUhH81g
tGm2UmTkBXwqOjX5luPpQtWnQWnN8bCUusICCGhUujpolCbvgY3int4B+ztVLlC07tEm38+IVCbm
Nnl3HxkRG1hJFxTgcRul+YQl7Y88lEcpPlP7WFLHQO03vu2dJ0IVAV3y5boEl4b+pBToBpZmyct2
ReBJnia+QorkC+k0AvsOgdtsf1LnOPam7h29CLZn3oVxUe1RBP6TKvvkg5fuDob0aMx6IGe1wchr
ZYIJaC5YM/nV4rpognDTthXtIxuKMIAHclNAz87KRmjj5nEP2IOs8Z+8oNBCS9H4HhIqkhXkqgMZ
U7HZqQIz2QjI/1cA1fEG1/TGF3V3EOn8GLqVtazqaBzyG+OX0xOZNqTfSC4JP5RJRRub8aHtUMP4
dHO+0fcRPeKkZ3welDBPXhQxOxYBMyxmGAfm9GCqsXenPzBDM3Qc0DyHeyog3ML1KqvCp1KdBT4S
pE9Fo+c91V0d8lgfeGMT2ESwahXiHIBg6gC5XcaVGOPzNyxcCTt0U6p2ezrVELLguJcQiqd0JZ8N
tjA1C3dv8SlPc53f5GqFMMb2Cux5/ZRIa82zzXZPiUmqjLHg3rDWVMsi7AzBB/NPj09eHL49u+zw
RE8J1ZKUK9Bx1XWvln3qIKhTr9OQ0a//BxztQ7Q=
===END CRASH DUMP===
