PocketMine-MP Crash Dump Sun Dec 26 17:35:41 WIB 2021

Error: Call to undefined method pocketmine\block\Grass::getPos()
File: plugins/PureEntities/src/leinne/pureentities/entity/ai/EntityAI
Line: 96
Type: Error

THIS CRASH WAS CAUSED BY A PLUGIN
BAD PLUGIN: PureEntities

Code:
[87]      * @param Block|null $block
[88]      *
[89]      * @return int
[90]      */
[91]     public static function checkPassablity(Position $pos, ?Block $block = null) : int{
[92]         if($block === null){
[93]             $floor = self::getFloorPos($pos);
[94]             $block = $pos->world->getBlockAt($floor->x, $floor->y, $floor->z);
[95]         }else{
[96]             $floor = $block->getPos();
[97]         }
[98]         $state = self::checkBlockState($block); //현재 위치에서의 블럭 상태가
[99]         switch($state){
[100]             case EntityAI::WALL:
[101]             case EntityAI::DOOR: //벽이거나 문이라면 체크가 더이상 필요 없음
[102]                 return $state;
[103]             case EntityAI::PASS: //통과가능시에
[104]                 //윗블럭도 통과 가능하다면 통과판정 아니라면 벽 판정
[105]                 return self::checkBlockState($floor->getSide(Facing::UP)) === EntityAI::PASS ? EntityAI::PASS : EntityAI::WALL;
[106]             case EntityAI::BLOCK:

Backtrace:
#0 plugins/PureEntities/src/leinne/pureentities/entity/ai/walk/WalkEntityTrait(85): leinne\pureentities\entity\ai\EntityAI::checkPassablity(object pocketmine\entity\Location#113394, object pocketmine\block\Grass#124072)
#1 plugins/PureEntities/src/leinne/pureentities/entity/passive/Sheep(122): leinne\pureentities\entity\passive\Sheep->baseTick(integer 1)
#2 pmsrc/src/entity/Entity(971): leinne\pureentities\entity\passive\Sheep->entityBaseTick(integer 1)
#3 plugins/PureEntities/src/leinne/pureentities/entity/LivingBase(106): pocketmine\entity\Entity->onUpdate(integer 1939)
#4 pmsrc/src/world/World(859): leinne\pureentities\entity\LivingBase->onUpdate(integer 1939)
#5 pmsrc/src/world/World(785): pocketmine\world\World->actuallyDoTick(integer 1939)
#6 pmsrc/src/world/WorldManager(360): pocketmine\world\World->doTick(integer 1939)
#7 pmsrc/src/Server(1760): pocketmine\world\WorldManager->tick(integer 1939)
#8 pmsrc/src/Server(1642): pocketmine\Server->tick()
#9 pmsrc/src/Server(1034): pocketmine\Server->tickProcessor()
#10 pmsrc/src/PocketMine(301): pocketmine\Server->__construct(object BaseClassLoader#2, object pocketmine\utils\MainLogger#3, string[12] D:\FoxCraft\, string[20] D:\FoxCraft\plugins\)
#11 pmsrc/src/PocketMine(324): pocketmine\server()
#12 pmsrc(11): require(string[56] phar://D:/FoxCraft/PocketMine-MP.phar/src/PocketMine.php)

PocketMine-MP version: 4.0.0 [Protocol 475]
Git commit: 468faa464b2bc5c97f23fafbb71ea61035f6f218
uname -a: Windows NT DESKTOP-BVRHES0 10.0 build 19042 (Windows 10) AMD64
PHP Version: 8.0.13
Zend version: 4.0.13
OS: WINNT, win
Composer libraries: 
- adhocore/json-comment 1.1.2@fc2f76979f0a44a5f5bc2a2b600d0762fe0e78e7
- brick/math 0.9.3@ca57d18f028f84f777b2168cd1911b0dee2343ae
- daverandom/callback-validator unknown@unknown
- fgrosse/phpasn1 v2.3.0@20299033c35f4300eb656e7e8e88cf52d1d6694e
- netresearch/jsonmapper v4.0.0@8bbc021a8edb2e4a7ea2f8ad4fa9ec9dce2fcb8d
- pocketmine/bedrock-data 1.5.0+bedrock-1.18.0@482c679aa5ed0b81c088c2b1ff0b8110a94c8a6c
- pocketmine/bedrock-protocol 7.0.0+bedrock-1.18.0@040a883a4abb8c9b93114d5278cb5fecc635da82
- pocketmine/binaryutils 0.2.2@f883e1cf9099ed6a757a10a2f75b3333eeb2cdf9
- pocketmine/callback-validator 1.0.3@64787469766bcaa7e5885242e85c23c25e8c55a2
- pocketmine/classloader 0.2.0@49ea303993efdfb39cd302e2156d50aa78209e78
- pocketmine/color 0.2.0@09be6ea6d76f2e33d6813c39d29c22c46c17e1d2
- pocketmine/errorhandler 0.3.0@ec742b209e8056bbe855069c4eff94c9734ea19b
- pocketmine/locale-data 2.0.20@a6e4eb22587e0014f6d658732cf633262723f8d3
- pocketmine/log 0.4.0@e6c912c0f9055c81d23108ec2d179b96f404c043
- pocketmine/log-pthreads 0.4.0@61f709e8cf36bcc24e4efe02acded680a1ce23cd
- pocketmine/math 0.4.0@6d64e2555bd2e95ed024574f75d1cefc135c89fc
- pocketmine/nbt 0.3.0@98c4a04b55a915e18f83d3b0c9beb24a71abcd31
- pocketmine/pocketmine-mp 4.0.0@468faa464b2bc5c97f23fafbb71ea61035f6f218
- pocketmine/raklib 0.14.2@e3a861187470e1facc6625040128f447ebbcbaec
- pocketmine/raklib-ipc 0.1.1@922a6444b0c6c7daaa5aa5a832107e1ec4738aed
- pocketmine/snooze 0.3.1@0ac8fc2a781c419a1f64ebca4d5835028f59e29b
- ramsey/collection 1.2.2@cccc74ee5e328031b15640b51056ee8d3bb66c0a
- ramsey/uuid 4.2.3@fc9bb7fb5388691fd7373cd44dcb4d63bbcf24df
- rhumsaa/uuid unknown@unknown
- symfony/polyfill-ctype v1.23.0@46cd95797e9df938fdd2b03693b5fca5e64b01ce
- symfony/polyfill-php80 v1.23.1@1100343ed1a92e3a38f9ae122fc0eb21602547be
- symfony/polyfill-php81 v1.23.0@e66119f3de95efc359483f810c4c3e6436279436
- webmozart/assert 1.10.0@6964c76c7804814a842473e0c8fd15bab0f18e25
- webmozart/path-util 2.3.0@d939f7edc24c9a1bb9c0dee5cb05d8e859490725

Loaded plugins:
Alerts 1.0.0 by hachkingtohach1 for API(s) 4.0.0
BuilderTools 1.3.0-beta2 by CzechPMDevs, VixikHD for API(s) 4.0.0
DevTools 1.15.0 by PocketMine Team for API(s) 4.0.0
EconomyAPI 5.7.3-PM4 by onebone for API(s) 4.0.0
ExtendedBlocksConverter 1.0.0 by JavierLeon9966 for API(s) 4.0.0
FCCore 1.0.0 by hachkingtohach1 for API(s) 4.0.0
KeepInventory 1.0.0 by NhanAZ, KhoaGamingVN for API(s) 4.0.0
MaxEnchants 1.2.2 by Xenophilicy for API(s) 4.0.0
MultiWorld 1.7.0-beta3 by CzechPMDevs, VixikCZ, fuyutsuki, kaliiks for API(s) 4.0.0
MyItem 1.4.5 by hachkingtohach1 for API(s) 4.0.0
Netherite 2.0 by Wertzui123 for API(s) 4.0.0
PlayerStats 3.1.9_BETA by hachkingtohach1 for API(s) 4.0.0
PureEntities 2.0.0 by LeinneSW for API(s) 4.0.0
PurePerms 1.4.4 by Vecnavium , 64FF00 & ProjectInfinity for API(s) 4.0.0
ShopGUI 1.0.0 by hachkingtohach1 for API(s) 4.0.0

----------------------REPORT THE DATA BELOW THIS LINE-----------------------

===BEGIN CRASH DUMP===
eNrtPGlz20aWf6VLSm2kWZLCfTDljGVJTrSRLa4lR6kZplyNRoPECAQQHKLo2fz3fe91gwRo2TnG
U5MPUSUS0ce7z27Q/zxIimrFm3cPsqrTIj+YOqODJl3Jg6npOYZrOqFjTizLNaxwdNCWespwJ5br
eq4fmqZtGJ43Osh43VxUVVEdTP950GxKWHagnkcHK1nXfIEjZzzLWFOwNo9lkuYyZivZLIuYlYW4
l80KhubzKIOH+fybitf1dLqQzayoj44BTtJm2cs0Q0Dn0/n8ZfF4VvGkmc/LrF2keT2fz9pKXuRN
2qQSnupKzOeZTHOEWsKU3E7Rp818ztP5nDZsTi8n5bJELAqDhnnSB3kCEE8UwJM+vBMF7oSnJx0w
AJQBNwfTEITTVFzAx78fHBrsd8Jd8+z+5A5+KQS3FU+bo8A9nrJfz+B0KpZS3M9ArjzKYOioiP4h
RTOQfrfxqhC8AZM4BBXboTNiT6zta+rQtBzDt1BPh+bv4rIEKOmDPLlZSlkemZb1i8zpHfM5bRl/
HfFa3qbi/ijNG7mQFTOJHIuVK8SN/2tcSiRHoW/+ZiRq/MXTqOzfxflV+pDmCwR5ZBoeUPSUQhTJ
46+L/G0Z80buMId2SMidHp/rosrikzv8DWYS/iKXOxI+hcH9CAafLLFPNc3O5zQ9/pqLpgXX35wX
Q5l1cL2n4b7iOcSN6sj2jE+Cjz8C1u+BvZEVBLkj0/8kLI1x/HXzJMDgCYCeY+0BVDMaBu0Ln9hn
2M4n9s2qQkDYLCoFwDR6EGa05xXsObIN8yNA3r0TRV43VSuazs1Ru2cQqOurgseyOrSedOq2STMw
jFc8za+KBbB/aI8YAALz+Ltp/ciGoXc7ZRn7U9uorDgwP8KBtS+GWglI7dK+e2Qin5X8qU0reaRR
ut6PrFzyanpycj496RD3gI9fzSa4YA8nBvrjgx9/Hh3If3fG+ty5BGhWwN6l+UORPcgVLAcMMYhF
NAfdLIz0ccG4KGKJjAY+zDH8+Qt7XvKKr9gLpP7/ckiu7AviBJYHwXYZPoW9TZVs2ipn4BswExrb
mRN8NPVj2UKCEWAbkEMES9pcYC5h+/kH5JTSxBdlUY/YX4kUTQV7xpCmYzZFXP9E6FaHDH7S5Khb
90yvpDV2bw3+fJFkRVEBsFpmCSnnJQ6ghhDp8Ve4ydnf1FGAS8Zfr1WYgb1E4GlzpKCOv34cse7j
ZvfxvYLq9qD+LLNaEoHexwhUSAkN2Q/B8PswcCDoDXyB8pVb3ki6ROENjmv5HH/FTk7mbewZzrwV
PhcM/9CDdAP47cYG/DZNgeNuANORNGE68sHaYcwQJmw3YpjnwjCQiLBHRL1OG7E8UrSQDkzD2ONR
QORhuzLk7vTqakoLzU8vPL++fjMl8iMRxUif7yAVPlAcGSHRGtlBNxH5PhAZcd9BukXkIN2ephvX
2q7TrUW2YCh2HXzwQtriCg/nHUHEWXvE4Y+2fsXtV7TM/jQPs9ObG8VDbEYu0pJoioAgi8OIsFC2
qAeC5zyBFrcL3/T7ukF+BJK9g8uGgGMXFRxZ0tlKpU9DbJuo+cB0iXcURGSJYE+OKHnWX0xEuh+X
zUeMUfsGWPdNGsujl1xADJ9O386Oj8mFhxJjf90fmO4ZkBK+92nhv7i6PvtuevDznzX4nzX4nzX4
nzX4nzX4H6sG7wrWGmvT00xWDX3KOZ4zdQOjg+3x1IE5MSaYJnkLVXhVY0BfcrG8B1qaAj+ZCJSX
Kc44tBieZQ7BVsYHU9CFHB3EspR5jJthri6S5rw/sOJUQO+Bnc8VNd1fLMpBhVhpX9/c3l2/uTqH
obWMoKJF2pdNU9YglTWH6qheps1kLWWUbSaiWJ1gQnrRphlYwG1RZH2eB8NDzu2JMY5kw60h/2fv
pVjOXp3LB9zwffqY3n97/rmkIBB4uYoBOOQaRVuDtM3ne5T+Kmks0mbZRiSDHtknA1AgGxjcl8t2
aCgT0903h52NsVvJV59LEB3++bxHieb55vb0ze3b2S9xvKPsZAsDmL2AIFGsNqezyx67vcE+w+7E
n9jj2StnyHORywj+/1y8anCQmRQVABNyX5+iTyqbmHpsAKyMqQKsz4oceGhk1efwIyt+wdv/hz+k
srqSRR6Gnve5OB5CBWafJk6F5N+s+CH0k49xDmJ7eXZWVLInJT3wBwmBipru769xehAExI40E9Vm
Um8aWU9y2ZzEvF5GBa9iioTfQU13CULIm6La9Hgfjv+CCF4veX76Nxj7blnwbzikscX3rz+XIBTw
+XxA0b4x/OrIp0kFzl/xx4tcwOMg7fVHh1xbk73Y/4PMi3KZZqnYfC5eeyCRwy0pg4dfEwJetVmT
UkXX5203OGTN18nN/sXkdvY3ugvatE3d3qfw+Z5naXpf/1tS3grp1dXpgPZ/Jd31AKGcNpeNXPVl
pAaG8nEm7n/G5xU13d/P5fOvZbOUFe3Z8r0b67Nu7Xv6HUTL921qWvbn4nkHcT7fEvG73XsH7WTH
EbA8y/hGVnga0nf2/mifbXtiTsJ3Ly5uT/8zau/RNXj4l+vewcF0Tw7D8+qB/vct4Ira6Ju7z8X8
0235HkW/LeV3JA7OIDr2Z7Ja7fOuxvZ9fq/O+16KHGqJdsVGzHNevjQM9l8M2lRsIC/zJM3T5rPl
gXcKgZIDUdf7+Gvi/82yKL952y9qu5E/SDWjydl++DyxDa9o8F5FQkm315B0vTBxgEUgyoAMQVV9
BwHwZ2IGjMSKN8v+iOAZcAR7+2PF6l1cNEDBYFRfZu0G2irrP+O5Uv85STMqzXcji1XZf1wCe/3n
FFqBh/7AP2rS5fZ5FanjgcFYAY0jroJnKmPqhiNDcX9RKYZyeCOTTNLdUX+0JonWw6EY3KI/cjO7
GqDf1D9lOSLTn9h2qinuZZ6+H4rg8VFzjeSaMLDhq4zCkUWP79NSNaAhJeb3WRr1t8Pj42oo9QLJ
swzDNk0rhIHZ+fWA9bh4R6TtD8JQOlRYAcZd14OFN+mqzOQPrwY871EAj5XEU6e9wTVmqMFg2Sxx
JUrY0f45W+7Z3rLN7+mcyiIh2SSVdBGlOccqHhKYNfFQEvJBZnGkFyEo8J2yKfSApYQVg6KVWaK8
cdXuOOrdDldvHu9W0zwpBnYbf6DydGAlJEq7P1RJcA/0w0WrbLGD/zdwN3Y9ExAresJH716WGi9i
lLmseNYP5n13R1fmtdy9X7WVJ52lHEwtw7ZAbPU7iCoH04RnNYSzsiqaQhQA1fFdwJGifztekHDu
eE5kRcIVoZ9YdsKTKPJNyT3TsN3ESywzANitJuUuzeNiXbPXt+z84ua72+vZ+MX3b769uDGYCVQw
ooGZoeFY7KhbbBrH7PTVuYepB9+I6snqvSQHcrZmsizfFaiTu8vXr2/RMPFhTVUTxKayqGX1DpRb
8Uonex4vgbFKnmDEGMMafX9tYkx4nggr8b3QDxODOw53EzcSFrcizzBiw/esRBrSD6SP4qtScX+i
g6QxCSf2c8FdPzaDxLCCJHAS3/cjy/QCEZuhaUZGLKVlOzaXFAFBIRB9IFFDXM0iLu7HD9BFQGTE
9wFAgPd5sc6f679obYuqqGt5AizzOsdrywcLzfm5ZVhhaNi2APk7tmHIyHM96ctABoFIXCs2Y88L
HcQKcbqSteSVWBL/K16W5HcPZBTPgygShmXyQMZ4Z8d9ya0k4LGT8FCKMBbSSkQUxAPnOIlkXOG9
MdDOSZLuxPjvbhDkCtp77gSW8PyQc1fGRhSYwgDirMhMEnwyDR46IuCeeBryzhwPfCR0H7rhGDwI
bO7wKApEGIUQ4ZzYtfxARG4ihfBsN+aBtQedAsXOqy00AAAjTZGERhjK2OO+63OgDqzCjWz4gUrS
EnESDiE9qUKsK+znnuMHvgMm5XmR4CBRNwhcy7Fk4ArLFpYrA+G6fI80gQf0WaFDJZIGIgwltw07
DG2ZxElkhyK2DUtapuvFrgGgA8sIwTr3IBVZsYNhhJH0wFljHzxV2nbsBSYYThhbobAs4XjC9KUZ
71FDL6lA1x1nmhw0Oyl8x4oQZWC4XhQBQ67hhcKRSQLKDH3bkdwMoyGorMAyojMVrKwt4zn3pANy
tdzAl4ZhOokXe/DZtkTi2bblWT4EmiC290EtiBgHifFEaFrCAL25rgiAA9s0AinA+H0wBy9xDEcY
zocQxr1Eo0B5ZuIjUyKxQWPCcoA2cHuLixgMIjC4CV5giz0f2MYBAhF7jrRc141iS4Zo8Zbj+hAQ
3Bg2J8K0gcYw2TP2PGq2wg0D4XDDicAyQtOVEFMCO7YjA2wbBAWOafII1G8OIew+jql8Uk79G8J2
D1bF71VBAZHWAceQNg880wRb9g1pJhx8yrNccDwTgp3j+BJCR8SleArKOC1FV8c8Dy2Le47jADOe
8GMOIQH/C2zLNMD2pHB8O+ByT751XhTvZZfnnxtcBBCrweZN4ZghNxOQOPgXOH1guxh/3VBaZHxQ
CNdyg36wq+PoHOu5gB/fkdKVthVAURSBJzlG5Jpgz1KCvUWR5wmD74C0barSD0ReyBUhyDCJXDsI
vNBMYt/2wS4cJxaRE3uwWySWEye4fdmuas67/R8G93qzSop8AxrMNlBWZOOuhH4AUm1SoohD1w99
GUL0sYMkjq3IsL3QhgAHeUeCeg0wrqdgQcYIjC0s8zmEWwPykIxNHkIQ4AAt5NK0ILZD8oCMZViu
40cfhWX26JIeGEWY2DHaeQIpKHQC8FXTEI6wgSgbnDeE36qNWRXvedWcQGyTlU66aKFe6DnCB2sI
DCcwHR44FhiBNEDHselGPDISMwCHGgApwePGGLwpjiAtcWiHiS9j8FkBJhFFocCc64rIcGPIhkBb
aPgAhjqkrW1NNlSkHjI8bWHQWCTpoq3otQeGJR5LiooNaqp5fshul5BIWS2bBrqMmvFKsmYpWZHL
Gj7whgme50XDIsnSXGQtBA/4wNS15gQSGiRe6vIB1k2xgp0JAtiHWfNEjliBhzg1gmQRRKt7tina
SsNiacJW0HskKWGA2gZfxMs2CPi1XG/BQdeY8DZrarYu8i8bhqmfVwy63mKF78jhzTxS2CzTWvG9
XsqcteWi4jEAmMzzed4Bm85zxg7vlnS6hG8n1lir4puKqu0CGUB1U2NBHatpIlVFfwbyzGRD8sJW
VkimkguOrBAySFzIccaxJF7IKaOqFCfqZdtAjZiP9fuRUzY/UHfdTGRQ7MXzA6LsNMuKNcvSGqnt
3sZgDyln/9vKaoNrfsIPYz01ZdjG09YLauz1HgZ0MSwXGWgMhILQog3TosT16hxgvJ3uEXt4Bx4D
FgFy5XHMoPJS4kex4u0+W0letxW9QclA6JFEokE48qeW0zufi/QB1kJR0Up2pJEyyzhG6AqjHFey
hL52DGLHa/opTBPu1+0qAqmAVZ3Wm1zc8voeFF/dgx1NaMFbkBaZdscpLltWRV60oD1YXo8YHTsz
1WGgP4wYFtXACLYSJBvwRxxbtXmq3hRSwG9IvcATWFlVPKZgYRLEACyR5eZb4lC2mqDLBG0V16BN
jljafIlvvla0LZYNvqKAJrO3mR0BDy34jUViITbGmtMpgdq3VU7GUbV5juqMsTssSlICtSP1hJ3L
B/2ZrdLFEpy5glZ81Hc+bTgokapqy0aNKoGhYFZAm+aLlAtOSb1GrByCPxRpDGQ/TQHaCNocFPwp
WNekZ2iweKwWbS1tnq8koNsop/wmKyKwHjyDYmoc/GCVNujbK7ngEZ0ZsRslaoOEm+KrYMpmb1Fr
65QkTxYFTrseK0CdkdXEYZICiRCRJN5GIZikkrJDqYwctNWim7JFAYoq0E3RKhDRgsgcE2lTZiAX
gJ1CsKrI/vAc4KHep+hfQjf/r9FfN0VJJOjwuSVJg6sZhA98Mw3iXkcQYu2oMqHu1IRRELgjr9D0
1V9+BgrJL4gkjBhMtJB8ckg+TD5K0VLwLRTJyiMxWW1Xy0chZVzvOFKB6/r2Yspuv728YVeXry5v
2elsdnV5ccNmF2/Y3fWb7y7ejBgsYrfXsOqC3X17fXXBZm+uzy5ubib7IWAgD8v1tDhmskoLSsgY
iGtkkN6K7KSxDbYmyB5KgphiCy0ZQyiUKswSqLMiBz4hQIM1Ib8fMzZlZOslZlaQCYYgtYwgKyAQ
eneBXGUkwnGNOQTzPG2YfLgabUGfSIPaSimwHFCSRXKVXtXeLQ9gXrKsd6zahua1Pn6aJM25rTlf
8CoCzxjvKmsKQE9Ll1wNydG7mN4FsXvFc3otcEAJFGYt2ODxqMsJ+0bYmaFKrwk0+Y3id7VzwQm7
VjFfGTxUD0WbxVtaUkgi65zt6K8V4JLIB0Y9w9C8AraXFCw+SJJkOgrClrekKlZdslW79Ypx3zT7
GkZutCY/sA32hEkNrOOmKxhRZRVgQjPUhhy3q1JVV6qEY3pijBOdvs5xkd5AtBOZHQfwBGkenJ0/
IWBI2pD4AMMDGFldtxIDQ7MErS26ahODFmLbUTXqFKlqBF1UThQ1uPSjclrxxzGdxdYd7We8xNF0
1a4gx0J6rRB4w3OoKkGRkKfx4lBRsZMr+osWJXnMhzYGxXapKSKEY6yCW0i6zlZj54Wa2rdprI0w
6in4anHnQgqWXtjnTH3Dg856t7ydAylUq0D5iNID6lSBoaCUHHsSpvYoDnfcwTYtT8VPhxkX76pd
FGCGbYCG+2lQn7LDeZ7LBhU21SkCSrNlkakSM8KrWKrEiWSomsCEdJKh2KY6Hz2rUkskt8WmSm+H
fS11UxhWq02DwEdsbPYUSMojxOOmI0anAIrauzqW7gewhIwV59jLUKGPm2FQkzVh30ItKPGLMljc
sbPZ2xHsBRoi8K91GoPZU62goucW/pjgT5nXld27irwm6fTWTthpDIFqybPkBFpJ1SbEEmxYowKk
DM8F0cB6jrhLez1g/Vbk4hGjGpaYPJswJOLtLJ91xfauAcReAolaQ9rEjW2Zl2P9vNfdvNJeV6fv
5VafWJZ3aqwx4emSCcp2ZR691OqEltp0PGEzvSfj1YI2cN2JalsgjEnFF8gC6ATEVpcZVSzYXq6A
eHR2XqGezrIUVql+Gd8WlnXDXt2+JUprYAnZjtqGYX9OqtyhU83FpIs1q6Yd464pUdvvD2VOl0jk
6wnDgwGB7x1v2YT+N0lSMWGUpZYciwCWrkA2DeoOtEFffIcwNSJaQGkPRPQSJQFRlwIxpGhO4bxW
KlWlBKxttI0iJ1KdD+hQp7up82sqks4vb05fQH1E9VSbkw1hwMZvE1Z0/6mKhBSNUX+jL+73Gzs+
d74ey6hdTLum7WtmYrOmS9YlhCuaZ7pFr9WhAnpzXhcqeWuPMBGYolpBO1sW0MSjF3a9muy6cYri
eGzMav7QZQv4CK03zdGRcq+NB8LoZl4VbfpM5h9FmqsDAZLUl+yHqHhEz6/Y5Tk7+uHt5fkx6B3c
HmiA9WtQGyomhXQPzoE9XBVr+ajyA7yh2OkuB2//4cVVB1/3d72RLwkZXo5R4UDq1aUI8VZ0J0Q6
jT4CfWN8MeFZkSSEFubSZDN+bNN4pxCS53h4OHNLpyvK1dS/saBkQGu1X7W1PuUREEQaFWb1nrHa
M2X69hTRqBSiw6PGgjmQ54ttj5Ljtmw/FY+6VQ+pXI+3CfqpAzEl3NNV0WL0SFSu08EERNaJFnM7
Rkc6CgH142dKzrD5DaXq3mZiPJeq9Y6kAhbJBH2/LvmajAJtVEEn08LhYdJX7COiLfsQAxnfJ7VU
39oAbBLy6VNUGk+TySuAFDPemTsQ223Gv1tq7L0THvoGFvpZncYqZyA/HHQKBle3UV8KC0yisELG
KnXSwza10VGTNg4uhMwkdQrKvAlrlt4DCuyTKRJlHFhfVMW6Wao4Big4WypovSAH3l83KiUTsWOU
RkfaeCcaxdrled3jC8M0al5BY+radMumPnLqyhz1Fda+kgDemFnsEMiEVnmnyN2x1laXkw+VqYPX
mqfUzUIygVZPWVFZlG3WuY1+wHxPa3TasC1ESG0QckmYMONi5IKSQDcYOKIP8qa61MFzR2qu1bCq
FLRlASG7CB3vgh565hi/Z703tA0Mw2H9GkEvp0M8GKtXybYrl6C3qSJlUq5W5SQtiGIIdZsVNof0
DesaOKx3pGOa0vNsN08sUJjji0UlF/pIUZ8/qmMW/JLk/T5/RB/Emuvza/z6z1gnBVUfYPhaS9WB
cHDyNWGsifAdAzQ26R36Q57eSr6lL7op5XwgVFComtfGBJUQvjdAuayXb87wbF72z/JGkBzKJQe3
kBjZK6Shq0shYySygt5jjHExx2SoZrvcpTIHH5wN6lc4esm2hRocahuKrV0I0wBJy2q+w/GBVhVf
fbU26WqXQXQ2RqC4nv4Rglpdh2AYR4R06Kk3dQfckx0CPdPH0Enu0/leJxOlSeUBvbMkDQPAN1qe
3anRUg+qEFdtOwkdHfAQHpq1mMqgNNkCwkvytlI3LhhtuqMUFXkBno5OXb6FmozXuk+D0prjm0/6
CQsgoFHratopTc2BjeKZ3pT9nSoXKFpHdMj3IwKlFmyXvPs3QcQGVtIVBXg8RlHBC61KNk/mUYrP
1D7W1DFQ+42vfQOtugjok6/wEg3qI0BEN3AMlVN3GKfs5dXprRrEVkPiydpX+o2MkRs+Ake5HNmP
cVo1Iwq6X+lKT9219A8tlBNjogPR6jNF3mqry0BZYsPU9xfbqou7XadWbW9pKKgAHEhHgm7B6k5O
4+6GB0xAlfWHLymaECpaPwBCdbEeedcbGVN92Sv8ClX7y0eIbbVucsU9tkk1NXQQ3KIUv16tCjla
h/wCKdCCqUyhXEVxSfChMqq24RivX/eViveUs52Kz+iykm7r5lC1HL6sUnYuBbMcZllT2526Bru7
fMEswzJxQXej9kxChIXnVdHEzwZXm0zdpuGkQj5G33tmhiZksuHgg0fDNg7rZiEtYRCMHUbWy7SR
Y7yBw9KVkEE/pau3Z5aBIwuOpwmxfEZP6tJvO6Z34fkt3vN0z+VDqTHEKTZYYNGbZ0Ta1kC3+e4Z
8Uy1MZbcz9S3KKpdvSzj3hK8cX92fvHy9O3VbY8nuifUKClboOvq50E1+yzAoV7FTksOfv5/9MGx
6w==
===END CRASH DUMP===
