PocketMine-MP Crash Dump Sun Dec 26 16:40:20 WIB 2021

Error: Call to undefined method pocketmine\item\ItemBlock::getDamage()
File: plugins/ShopGUI/src/hachkingtohach1/ShopGUI/ShopGUI
Line: 136
Type: Error

THIS CRASH WAS CAUSED BY A PLUGIN
BAD PLUGIN: ShopGUI

Code:
[127] 		}		
[128] 		
[129] 		$slots = [9, 18, 27, 36, 17, 26, 35, 44];
[130] 		foreach($slots as $slot){
[131] 			$menu->setItem($slot, $null);
[132] 		}
[133] 		
[134] 	    foreach($this->dataPlayers[$player->getName()] as $dataItems){					    
[135] 			$base = $dataItems["ITEM"];
[136] 			$item = $this->getDataItem($base->getId(), $base->getDamage(), $base->getCount());
[137] 			$item->setCustomName($base->getCustomName());
[138] 			$newLore = $base->getLore();
[139] 			
[140] 			foreach($base->getLore() as $case => $lore){
[141] 				$newLore[$case] = $lore;
[142] 			}
[143] 			
[144] 			$newLore[] = TextFormat::BLUE."";			
[145] 			$newLore[] = TextFormat::GRAY."Cost";
[146] 			if($dataItems["MIXED_NEEDLE"] != false){

Backtrace:
#0 plugins/ShopGUI/src/hachkingtohach1/ShopGUI/ShopGUI(85): hachkingtohach1\ShopGUI\ShopGUI->openShop(object pocketmine\player\Player#27307, string[4] test)
#1 pmsrc/src/command/PluginCommand(54): hachkingtohach1\ShopGUI\ShopGUI->onCommand(object pocketmine\player\Player#27307, object pocketmine\command\PluginCommand#23644, string[8] shopguiz, array[1])
#2 pmsrc/src/command/SimpleCommandMap(220): pocketmine\command\PluginCommand->execute(object pocketmine\player\Player#27307, string[8] shopguiz, array[1])
#3 pmsrc/src/Server(1394): pocketmine\command\SimpleCommandMap->dispatch(object pocketmine\player\Player#27307, string[13] shopguiz test)
#4 pmsrc/src/player/Player(1337): pocketmine\Server->dispatchCommand(object pocketmine\player\Player#27307, string[13] shopguiz test)
#5 pmsrc/src/network/mcpe/handler/InGamePacketHandler(688): pocketmine\player\Player->chat(string[14] /shopguiz test)
#6 pmsrc/vendor/pocketmine/bedrock-protocol/src/CommandRequestPacket(60): pocketmine\network\mcpe\handler\InGamePacketHandler->handleCommandRequest(object pocketmine\network\mcpe\protocol\CommandRequestPacket#117740)
#7 pmsrc/src/network/mcpe/NetworkSession(395): pocketmine\network\mcpe\protocol\CommandRequestPacket->handle(object pocketmine\network\mcpe\handler\InGamePacketHandler#117245)
#8 pmsrc/src/network/mcpe/NetworkSession(358): pocketmine\network\mcpe\NetworkSession->handleDataPacket(object pocketmine\network\mcpe\protocol\CommandRequestPacket#117740, string[35] M./shopguiz test.5IxI>!...H]..)....)
#9 pmsrc/src/network/mcpe/raklib/RakLibInterface(192): pocketmine\network\mcpe\NetworkSession->handleEncoded(string[38] S.../../H/..R(I-.a0....S......f.......)
#10 pmsrc/vendor/pocketmine/raklib-ipc/src/RakLibToUserThreadMessageReceiver(42): pocketmine\network\mcpe\raklib\RakLibInterface->onPacketReceive(integer 0, string[47] ....w..v}4..9....4.S.UN.....-j......{.s.6..P-7.)
#11 pmsrc/src/network/mcpe/raklib/RakLibInterface(122): raklib\server\ipc\RakLibToUserThreadMessageReceiver->handle(object pocketmine\network\mcpe\raklib\RakLibInterface#25019)
#12 pmsrc/vendor/pocketmine/snooze/src/SleeperHandler(123): pocketmine\network\mcpe\raklib\RakLibInterface->pocketmine\network\mcpe\raklib\{closure}()
#13 pmsrc/vendor/pocketmine/snooze/src/SleeperHandler(82): pocketmine\snooze\SleeperHandler->processNotifications()
#14 pmsrc/src/Server(1645): pocketmine\snooze\SleeperHandler->sleepUntil(double 1640511617.9271)
#15 pmsrc/src/Server(1034): pocketmine\Server->tickProcessor()
#16 pmsrc/src/PocketMine(301): pocketmine\Server->__construct(object BaseClassLoader#2, object pocketmine\utils\MainLogger#3, string[12] D:\FoxCraft\, string[20] D:\FoxCraft\plugins\)
#17 pmsrc/src/PocketMine(324): pocketmine\server()
#18 pmsrc(11): require(string[56] phar://D:/FoxCraft/PocketMine-MP.phar/src/PocketMine.php)

PocketMine-MP version: 4.0.0 [Protocol 475]
Git commit: 468faa464b2bc5c97f23fafbb71ea61035f6f218
uname -a: Windows NT DESKTOP-BVRHES0 10.0 build 19042 (Windows 10) AMD64
PHP Version: 8.0.13
Zend version: 4.0.13
OS: WINNT, win
Composer libraries: 
- adhocore/json-comment 1.1.2@fc2f76979f0a44a5f5bc2a2b600d0762fe0e78e7
- brick/math 0.9.3@ca57d18f028f84f777b2168cd1911b0dee2343ae
- daverandom/callback-validator unknown@unknown
- fgrosse/phpasn1 v2.3.0@20299033c35f4300eb656e7e8e88cf52d1d6694e
- netresearch/jsonmapper v4.0.0@8bbc021a8edb2e4a7ea2f8ad4fa9ec9dce2fcb8d
- pocketmine/bedrock-data 1.5.0+bedrock-1.18.0@482c679aa5ed0b81c088c2b1ff0b8110a94c8a6c
- pocketmine/bedrock-protocol 7.0.0+bedrock-1.18.0@040a883a4abb8c9b93114d5278cb5fecc635da82
- pocketmine/binaryutils 0.2.2@f883e1cf9099ed6a757a10a2f75b3333eeb2cdf9
- pocketmine/callback-validator 1.0.3@64787469766bcaa7e5885242e85c23c25e8c55a2
- pocketmine/classloader 0.2.0@49ea303993efdfb39cd302e2156d50aa78209e78
- pocketmine/color 0.2.0@09be6ea6d76f2e33d6813c39d29c22c46c17e1d2
- pocketmine/errorhandler 0.3.0@ec742b209e8056bbe855069c4eff94c9734ea19b
- pocketmine/locale-data 2.0.20@a6e4eb22587e0014f6d658732cf633262723f8d3
- pocketmine/log 0.4.0@e6c912c0f9055c81d23108ec2d179b96f404c043
- pocketmine/log-pthreads 0.4.0@61f709e8cf36bcc24e4efe02acded680a1ce23cd
- pocketmine/math 0.4.0@6d64e2555bd2e95ed024574f75d1cefc135c89fc
- pocketmine/nbt 0.3.0@98c4a04b55a915e18f83d3b0c9beb24a71abcd31
- pocketmine/pocketmine-mp 4.0.0@468faa464b2bc5c97f23fafbb71ea61035f6f218
- pocketmine/raklib 0.14.2@e3a861187470e1facc6625040128f447ebbcbaec
- pocketmine/raklib-ipc 0.1.1@922a6444b0c6c7daaa5aa5a832107e1ec4738aed
- pocketmine/snooze 0.3.1@0ac8fc2a781c419a1f64ebca4d5835028f59e29b
- ramsey/collection 1.2.2@cccc74ee5e328031b15640b51056ee8d3bb66c0a
- ramsey/uuid 4.2.3@fc9bb7fb5388691fd7373cd44dcb4d63bbcf24df
- rhumsaa/uuid unknown@unknown
- symfony/polyfill-ctype v1.23.0@46cd95797e9df938fdd2b03693b5fca5e64b01ce
- symfony/polyfill-php80 v1.23.1@1100343ed1a92e3a38f9ae122fc0eb21602547be
- symfony/polyfill-php81 v1.23.0@e66119f3de95efc359483f810c4c3e6436279436
- webmozart/assert 1.10.0@6964c76c7804814a842473e0c8fd15bab0f18e25
- webmozart/path-util 2.3.0@d939f7edc24c9a1bb9c0dee5cb05d8e859490725

Loaded plugins:
Alerts 1.0.0 by hachkingtohach1 for API(s) 4.0.0
BuilderTools 1.3.0-beta2 by CzechPMDevs, VixikHD for API(s) 4.0.0
DevTools 1.15.0 by PocketMine Team for API(s) 4.0.0
ExtendedBlocksConverter 1.0.0 by JavierLeon9966 for API(s) 4.0.0
KeepInventory 1.0.0 by NhanAZ, KhoaGamingVN for API(s) 4.0.0
MaxEnchants 1.2.2 by Xenophilicy for API(s) 4.0.0
MultiWorld 1.7.0-beta3 by CzechPMDevs, VixikCZ, fuyutsuki, kaliiks for API(s) 4.0.0
MyItem 1.4.5 by hachkingtohach1 for API(s) 4.0.0
Netherite 2.0 by Wertzui123 for API(s) 4.0.0
PlayerStats 3.1.9_BETA by hachkingtohach1 for API(s) 4.0.0
PureEntities 2.0.0 by LeinneSW for API(s) 4.0.0
PurePerms 1.4.4 by Vecnavium , 64FF00 & ProjectInfinity for API(s) 4.0.0
ShopGUI 1.0.0 by hachkingtohach1 for API(s) 4.0.0

----------------------REPORT THE DATA BELOW THIS LINE-----------------------

===BEGIN CRASH DUMP===
eNrtXPlz2ziW/lcwTte2XWvJvEVqKqkkttPxtpN4Y6fTO1EqBZKgxDZFqnn4SFf/7/s9ALwU5+rJ
7swPyfREAgg8fO/hnQCVP3aSolzz+t2VKKu0yHfmzv5Ona7Fztz0HMM1Tc8ypoYR+K69v9Ns1CPX
nXqeMbPswHI82/MxJ+NVfVyWRbkz/2Onvt1g1I5q7++sRVXxJfUc8ixjdcGaPBZJmouYrUW9KmK2
KaJLUa/RtViktVgvFif4+3GG7vl8KeojvgaF3T1QS5ose5JmRO5ovlg8KW4OS57Ui8Uma5ZpXi0W
56ti89Ork8WiKqPFYsWj1WWaL+uCvpmDx/rLdLPaEF1FU1M50A8PQONgi0T3TH9icgbkEJntQXol
j/D9zc49g/0FYru+uzdnnwU9eVBsRE6N3SL8TUT1SISbjN+KcrE4k5/3rJltzPZZVZcg+cZ5y2pR
1STLeybbrAkU/T8q1muexwdnEvShau26zhfC6WZ8MZ47BmoMNHIA4p5le47TMeC/ZRWWXTbp+33G
y5LfvjHfSnasO9g5T9ebTGhKz/hm17IMsPT5VScPxI2Imlp8tYQ/DtAeADwXJaxu17QD52N4trFP
HsRpteF1tPpqTKbdg+r33xngUdMP1GzAsmdbsBTgHsNXb/gnobgDKLmor4vy8mAdbQQMJo8zADvJ
f+JrccZplaeqb9fz/S2Q45UnD6IVr3fbhaH6Bx+u7OmVr0QeF+VBT+0gFHGJ1mRTFnURFZkEp9l+
KX5vQEHh2fW2dUqzsFgQD+SFJGD4tQ+5mDxQT8eE7xLrFtEW1mJxF6Z7pjmbOYZkcfYx4T5XjXO4
aLj/XTtwP83Hp5dsOfkC7J8SCCG3HFci978Uuet/Gvl4fIv0iNdcb+E3knen5rb7lj2bjvVt6p7c
nDz423Q6ffp2Ot3D51RyGXyMy5JfZml48JJfnqbhSV6LMkF42TUD669we5xHRSzi1h5sOKpzQDjA
f0/x18vdk8mUG4SKuvEnUR8KpGl81FAUzEm6USwouBfFq0qUF6tS8PiZygFeikik5PWcz+BXBBeL
LcYpzihpa0q7KR4tRcl6uTuzt4wwX0+nV38602lADQccvXoueZn8pnj6Y1pNven0bDLT7JlfuwkW
MdEiraR3RPqyiVrYnxDAV1jKR0Rxz3INM1DIrY9uTJUXxXuh4k0mxEaUres0LfsvbsEXzPkjyoqq
KcWfuwqg/RcA+tsqooYiDo3GAQ98NKT7vKjTJI14DYWv9LrOHfHWc9wvJFxR+1Vep9luXDRhJlib
FJuzaWDNTLWIe8cihu18JHrWaXR5phAXpYbpDSicyTnPMGfXNsyPEHn3LgKTddlEnd96zCtxiDS8
Oi14TDH3zgSrATNIkZ/xND8tljCce3Yfl623bJxSd48sY/tRl20rDmYf4cDaFoMyE823du67JvFZ
wpmmpWidk+u9ZZsVL+cHB0fzg3bhAfHJs7MpDdhak9L5vZ23f+7viP+feuSb1A2Aqyi8S/OrIrsS
a5HXIBtDIlG90z5FTz+ZfDmxZ1oz9C/qRf0n/YUnpuXrHtkIdOOHKivqit1nb4J9Zvr7zEJShpqF
mfi08Gm7+8xx3v6dZtmGnoUKUQD+rp7NKya/7f0hR5l6FKgDcgOjETXJSg3fZz/kqNf2FEWrhSlb
9gCi7cgGw59uuXqVVkg2KUDLXK5688NGJ3XYgedIGnb33ko4NIbWrPb+UFDof0RLknZ7hCFsBOz3
E94sdk4ujp8tdjTPXj+Wtp3GKhhyz9WkXUlGdp3Eu3tgsWu3ajHsOyyavN7d0yKYjReQ4jpsqrpY
S4YG0/rOdq7fz83F9SnkRPi6GdSxq4cG3VBqOkbX7KS7NU3KMZLiecB+yNCn9tfp97df9o0c+ZZW
p5FyScfqBsrtdewxBOcD8G+IwIW4qZ/II4j5/PHpq+PpYmex8/fBPPfz8356+eh/MO+wqGrMlbP6
fUyT3dF2Pzv59fjo3fPj46PTY2w7+9t9lvCsInb//F68fy/evxfv34v378X79+L9e/H+vXj/Xrx/
L96/F+//guK9LXcrKm8fYTtr+S3ndPvYduzvdJeWO+bUmBro4Q3K97KiDH4r7SWifJPSE0cORlvk
HHoR78yxF2J/J4b+5DFNxrOqSOqjYceay/L7g2xaoWk/qabHFmLg2Yvzi9cvXp4eoetahBXKPZpe
15sKUrmmHKxapfX0Wogwu50ibTygCuRxk2bQgIuiyIY8j7rHnNtTYxKKmltj/g/fi2h19uxIXNGE
X9Kb9PLp0beSQkTEN+sYxBeLUGGrCdtisYX0i6SxTOtVE0oZDGAfjEhBNujclkvXNZaJ6W6rQ69j
qB35+lsJol1/sRgg0TyfXzx6efHq7HMc98gOOhpg9vimxmoilodO1WGRgz948QHvHxvxGcP4L36V
ivJUFHkQeN63EsSY6mLxEXDKe321jMbUDz7GOcT2M7z+Cdp5XZS3A2GN+z8joueI74/+gb6fVwVH
hgt7/+X5t5KUIr5YjBBty+WL7UVDBefP+A1SRDRHznLYO+bamm55jF9FXmxWaZZGt9+K1wFJ4rCD
Mmp8jmvJXJPV6euizOIhb33nmLWZdon2Z13i4T/kKyW3TV01lym+X/IsTS+r/xNHuSa814QX/A+x
/zNOckCI5HRLB11DGamOsXycqfuvCZYKTfv5JZyDcQgvzaLydlrdogybIms9iHm1CgtexjJmol5a
iVLO6fju+4asW9uW/hqO432TIp/+Vjz3FGUhp0D8ZfPuqR30HIFldUJyXvORsQ97h2zbU3MavHt8
fPHoX7PtA1yjxj+dLZ2hTDlGjl+nYiSHYffW/m9rwKlI81ycv/5WzGeSHnJsYBAaA5geI/q66NdC
PBhR0eyfiXK9zbvq27Z5Z8z4LyLKEVabNdtnnvPkiWGw/2AobqjsOMmTNE/rbxYH3qkFlBwkusHX
L/H/7a1Xz2d/D/ZvUQZsH6p/G99G14K8BMPIbrbS2LaCkhxQPkQykIpwWJS0gg/+TIqAYbTm9WrY
E/EMHGHusK9Yv4uLGghGvfrutO9oymzYjnk9ep6kmcxS+57lejNsrsDesJ2iGL4advxWyb3s2utQ
FZWjvgLlBo1CW6YxVc2JoXg4aBON5fBSJBl0Ox2Tr6REq3FXDLMY9pyfnY6Wv61+z3JaTH9j3aO6
uBR5+n4sgpsbzTXBNdFxy9eZdEeWbL5PN6psCWRgfp+l4XA6mjfrsdQLgmcZhm3S9S48wdGLEetx
8U5C2+5EVzreMLqKqqrRQHVz8euzEc9bCNCkk7EtPtfZNUWoUeemlmdoJGFH2+fZakv3Vk1+KU83
LCkkW0olXYZpzimLRwCzph5JQlyJLA71ICIF29nUhe6wlLBibLRSS5I3jeoPMd71aw2e0yV+mifF
SG/jD7Y8HWmJFKU97CoFzIPscNkoXWzp/wPmxl6cRfAVA+GTda82el1aUeSi5NnQmQ/NnUyZV6J/
V7uTp6zAd+aWYVsQW/UOXmVnLq81sYI+996ZOzMXa6Rk347nJ5w7nhNaYeRGwSyx7IQnYTgzBfdM
w3YTL7FMH7QbDeV1msfFdcWeX7Cj4/OfL16cTR7/8vLp8bnBTKBgEgMzA8Ox2G472DT22KNnRx6F
HnrNeiCr90IakNOpyWrzrqA9eX3y/PkFKSY1rmXWBN+0KSpRvsPmlrzUwZ7HKzBWigPyGBO6d1Pv
TJjkEx4mkZXMvGAWJAZ3HO4mbhhZ3Ao9w4iNmWclwhAzX8xIfGUaXR5oJ2lMg6n9MOLuLDb9xLD8
xHeS2WwWWqbnR7EZmGZoxEJYtmNzIT0gNgTeB4EafjULeXQ5uUIVAc9Ir59AgJd5cZ0/1J+kbcuy
qCpxAJZ5ldMN+5VF6vzQMqwgMGw7gvwd2zBE6LmemAlf+H6UuFZsxp4XOLQq/HQpKsHLaCX5X/PN
RtrdlVSKh34YRoZlcl/EoSUcPhPcSnweOwkPRBTEkbCSKPTjkXF0d2Z0Yy4l6U6N/2w7IVfs3kPH
tyJvFnDuitgIfTMyAM4KzSShlmnwwIl87kV3U+7VcWdGQLepG47Bfd/mDg9DPwrCAB7OiV1r5keh
m4go8mw35r61RV06it6qLVIAkBFmlARGEIjY4zN3xoEOWuGGNv4gk7SiOAnGlO7cQsor7IeeM/Nn
DlTK88KIQ6Ku77uWYwnfjSw7slzhR67Lt6BFdKybFdpVEjSIMBDcNuwgsEUSJ6EdRLFtWMIyXS92
DZD2LSOAdm5RKrKip2EEofBgrPEMlipsO/Z8E4oTxFYQWVbkeJE5E2a8hUa+E6Wv71ov+lBEM8cK
aUnfcL0wBEOu4QWRI5IEmxnMbEdwMwjHpLKC0ohWVSiztoyH3BMO5Gq5/kwYhukkXuzhu21FiWfb
lmfN4Gj82N4mtZRgHALjRYFpRQb2zXUjHxzYpuGLCMo/gzp4iWM4keF8SGEyCDSKlGcmM2IqSmzs
WGQ5wAazt3gUQyF8g5uwAjvasoHOD0gSsecIy3XdMLZEQBpvOe4MDsGNMTmJTBsYg2RL2fOw7oQb
+JHDDSeEZgSmK+BTfDu2QwO6DUHBME0eYvvNMYX+60SmT8qov8Jtf3C/p6KRA8MQNvc904Quzwxh
Jhw25VkuDM+Es3OcmYDrCLmI7qJCt4RtHvMwsCzuOY4DZrxoFnO4BPrPty3TgO6JyJnZPhdb8lUX
Nm2cf2jwyIevhs6bkWMG3EwgcdgXjN63XfK/biAsqXxIhCtxS3bQ53HyHOthhD8zRwhX2JaPpCiE
JTlG6JrQZyGgb2HoeZHBeyJNk6rwA8+LWBFAhkno2r7vBWYSz+wZ9MJx4ih0Yg+zo8Ry4oSmr5p1
xXk7/0PnXt2ukyK/xQ5mt0grskmbQl8Bqi03MYoDdxbMRADvY/tJHFuhYXuBDQeHuCOwvQaU6y5a
iBi+0dEyH8LdGohDIjZ5ACfAQS3gwrTg2xE8ELEMy3Vm4UdpmQNcwoNSBIkdk54nCEGB48NWTSNy
IhugbBhvgL9VGbMu3vOyPoBvE6UOuqShXuA50Qza4BuObzrcdywogTCwx7Hphjw0EtOHQY2IbGBx
E3Le0o8Qljiwg2QmYthsBJUIwyCimOtGoeHGiIbAFhgzkJEVUqdb01uZpN5jdNrCUFgk6bIp5aUi
oxSPXi5ko5xqkd9jFysEUlaJukaVUTFeClavBCtyUeELr1nE87yoWShYmkdZA+eBL0xdhk0R0BB4
ZZUPWufFGjMTIrBNs+KJ2GcFHeJURJKF8FaX7LZoSk2LpQlbo/ZIUrkCcht6+TO7JcLPxXVHDlVj
wpusrth1kf9YMwr9vGSoegs4r5RC2C0hpFcXFd/XK5GzZrMseQwC00W+yFti80XO2L3XK3m6RC/D
VpSr0ouxquyCDJDdVJRQx+qxhKq8P4M8M1FLeVEpGwmmggv1rIkyJB6JScYpJV6KuXrZjh5Uq6ZG
jphP9Ou4c7bYUTekjO6fRbzYkcgeZVlxzbK0IrTtS3nsKuXsvxtR3tKY3+nLRD+aMyrj5dRjWdjr
OQy4GKWLDDsGoRC18JZpUdJ4dQ4w6R4PwN57DYuBRkCuPI4ZMi8lfhIr3QmzteB0ZU4ZKIPQQ0Gg
IRzxe8PlK8bL9ApjkVQ0gu3qRZll7BF1taKYlGKDunYCsdPl7hyP5drPm3UIqUCrHlW3eXTBq0tG
9/bQo6kc8ArSkqrdckrDVmWRFw12D8OrfSaPnZmqMMge9hkl1aV6xUTKBvZIfesm1/fwivi53F7w
BC0ri5sUGiYgBrAkNTfvwJFsNaCThHSVxpBO7rO0/pFetC7ltFjUdLFNKrM1me2ChwZ2Y0mxSDYm
mtO5JLWtq1wqR9nkOW1nTNVhsZGbIMuRasqOxJX+ztbpcgVjLlGK7w+NTysOSaQsm02tepXASDBr
YNN8yc2FUcpaI1YGwa+KNAbsuxGQjpDOIeFPoV3TgaJh8EQN6jRtka8FlrtVRvlTVoTQHjqDYqof
drBOa7LttVjyUJ4ZsXMlakMKN62Itpx+Qbt2nUrJS42C0V5PFKFWySrJYZICIjySoNsoIpOUQrRL
KiXHbjVkpmxZYKMKMlPSClpoKWFOJLQ5M4gLrC5dsMrI/u05oEO9T+FfoZr/5/BXdbGRELT77CBp
chWD+9hQNI07QLRqi8pE3qmBSSfwWlqFxlf9+A0QSruQkMhjsKhB8MkRfJh6kZa0u1CQlUVSsOpG
i5tIiLjqOVKO68XF8ZxdPD05Z6cnz04u2KOzs9OT43N2dvySvX7x8ufjl/sMg9jFC4w6Zq+fvjg9
ZmcvXxwen59Pt13ASB6W62lxnIkyLWRAJkdcEYPRSkiXLKXROVsTskdKEEvfIodM4AqFcrOS1GGR
g084aGgT8fsxZVNKdr2iyAqZkAtSwyRlRQSut3fkKiLJNV5QDKE4LydMPxxNuqBPpLFtGxFROqAk
S3DVvqq5HQ9QL7GpelZtQ/Na7d0NSXNua86XvAxhGZM+s5YO6G7pSlMjOHoW07Pgu9c8b2TyMUSC
xKyBDu7ttzFhWwlbNVThNUGRXyt+170JTtkL5fOVwtMryE0Wd1hSBJHrnPX4K0V4I+GDUc8wNK9Y
7Yl0Fh8ESak6ikLHW1IW6zbYqtl6xGSomsMdJm70Tn6gG+wOlRppx3mbMNKWlViJ1FArctysNyq7
Uikc0w8m9KDdryMapCdI7BJmywH9yuNawNj5HQJG0EbgwwpXULKqagQ5hnqFXVu22SY5LVqtR7Xf
bqTKEXRSOVVoaOhH5bTmNxN5Flu12A/5hnrTdbNGjEV4LYl4zXNkldhIpt4OVyh6uZK9aFFKi/lQ
x5BsbzQiueCEsuAGQdfpduyoUI+2dZpyI/J6ir4a3JqQoqUHDjmTmcNEnvV2vB0BisxVkD6S9IBO
JRiKyka+FsvUHMVhzx2maXkqftqVaXCf7ZIAMyoDNN1Pk/qUHi5y/WLoXIcIpGarIlMpZkhXsTIT
l5CRNUGFdJCRvk1VPvqpCi2h6JJNFd7uDXepfURutbytifg+m5iDDZSbJxee1C0YHQKk1+7zWHk/
QClkrDinWkYm+jQZnRrWlD1FLghdui+TO3Z49mofc4EhhH1dpzHUXuYKynt29CeS/px5bdrdZ+SV
lM5g7JQ9iuGoVjxLDlBKqjIhFtBhvRQWZXQuSAo2MMQ+7A2IDUuR4xvyapRi8mzKCMSrs/ysTbb7
ApBqCQJ1jbBJE5tNvpno9lZ180xbXZW+F91+UlrebmNFAU+nTEjblXoMQqsTWGrS3pSd6TkZL5dy
AteVqNYFuWJS8iWxgD2B2KpNJjMWKi/XAE/Gzkvap8MsxShVL5fqhX327OKVRFqBJWI7bGpG9bnc
yn45VVxMW1+zrpsJzZpLtMP6UOTyEknaesLoYCCit1U7NlH/JkkaTZmMUitOSQBL15BNTXuH3ZD/
iA7c1L7Egk27kqBXJAl4XemIEaK5dOeV2lKVSmBsrXWUOBHqfEC7Ol1NHb2QSdLRyfmjx8iPZD7V
5FKHyGHTj1dLef+pkoSUlFH/ijQe1hs9n72txyJslvO2aHvATCrWdMq6gruSz5ku0St1qEDWnFeF
Ct7aIkwiplAraoerAkU8WWFbq4m2GpdenI6NWcWv2miBryi91e9+6NmgjAcweTOvkjZ9JvNbkebq
QEBK6kf2a1jckOWX7OSI7f766uRoD/sOswcGjL/GttHGpAj3MA6q4cpYy0elH7CGot+7HNb+6+PT
lr6u7wY9P8rF6HJMJg5ye3UqInkr2hMiHUZvgG9CLybcL5JELotnaXI7uWnSuN8QKc/J+HDmQp6u
KFNT/16TkoEcq+2qqfQpTwQnUis3q+dM1Jw507entIwKIdo96lUoBvJ82dUoOU3LtkPxfjvqKhXX
ky5A33UgpoT7aE2/gJVFvgz3yplAZK1oKbaTd5RHIdh++i6DMya/lKF6MFkyngtVeodCEQsF/a4V
boRfS6UgHdW/JSPVou5x0Ffs00Id+/CBjG9D1b9OwGr0q9m7UBp3w+QlKMWMt+oOsO1k+uzQ2Fsn
PKF8oxXSrNJYxQzih2NPoXBVEw6lsKQgihEiVqFTNrrQJo+atHLwKBKZkJWCUm+5apZeYgmqk6Un
yjhYX5bFdb1SfgxLcLZS1AZODtZf1SokS7ATkkYLbdKLRrF2clQN+CI3TTuvqDF1bdqxqY+c2jRH
zhltEuhNmMXuASZK5X4j+2Otbi+nH26mdl7XPJXVLIIJSj2lRZti02St2egGxXs5RocN26IFZRlE
XMqVKOKS50JKoAsM6tEHeXOd6tC5oyyuVbfKFLRmAUjvoePe6ZFlTuj3XltdnWMYd+vXCAYxHf5g
ol4l60ausG9zBWW6Wa8307SQiOHqbtdUHMKUazpnjaoeOoUp/Zz1zyUL0s3x5bIUS32kqM8f1TEL
/Zb6cps/iQ++5sXRC/rRyEQHBZUfkPu6FqoC4TDya7liJYH3DMi+6eDQH3G6k3yzoReS1OZ8IFRs
qHqulQmZEL03IGPZIN4c0tm8GJ7l7SM4bFYcZiHIs5eEoc1LETESUaL2mJBfzCkYqqdt7FKRg4/O
BvUrHINg2yAHR24jfWvrwjRBucvqebvGB7uq+Bpua52u+wiiozERpfHy37yo1HUIuXFaUB566knt
Afe0X0A/Ga7QSu7T8V4HE7WTygIGZ0maBsjXWp7tqdFKdyoXV3aVhPYOdAiPYi2WaVCadITokrwp
1Y0LeZv2KEV5XtDT3qmNt8jJeKXrNKTWnN580i1KgIBR79W83TT1DDpKZ3pz9kZmLkha9+Uh31si
KkuwPngPb4IkG5RJl9LB0zGKcl6kVaK+M45K/yzLx0pWDLL8pte+gVUnAUP4al2JQX0FRTIDx1Ax
tV9xzp6cPrpQnVRqCDpZ+7t+I2PfDW7AUS727Zs4Let96XT/rjM9ddcyPLRQRkyBDqLVZ4q80VqX
YbOiW6Z+9daUrd9tK7Wyu6WRTgV0EI4ieQtWtXKatDc8UAGV1t97Ir2JXEqOHxGRebHueTfomcj8
cpD4FSr3FzfwbZUucqNLKpMqWdDBuYUpCpRblcjJccQvoKAEU5FCmYriUtJHZlR27piuX7c3le4p
z/otPpSXlfK2boGs5d6TMmVHImKWwyxrbrtz12CvTx4zy7BMGtDeqN0X8LBor4s6vj+62mTqNo0e
qsUnZHv3zcBEJBt3Xnmy26ZuXSykG3RC2dFzvUprMaEbOEpd5WKop3T2dt8yqGfJ6TQhFvdlS136
dX16Fp3f0j1P295cbfQKcUoFFjT69r6E1iloF+/uS55lbkwp9331K4qyz5dFPBhCN+73j46fPHp1
ejHgSd4T6iVltCDT1e1RNnvfp65Bxi6H7Pz5v+Ob5Ds=
===END CRASH DUMP===
