PocketMine-MP Crash Dump Sun Sep 19 12:18:01 WIB 2021

Error: A function with return type must return a value
File: plugins/MyItem/src/hachkingtohach1/MyItem/MyItem
Line: 890
Type: E_COMPILE_ERROR

THIS CRASH WAS CAUSED BY A PLUGIN

Code:
[881] 				}else{
[882] 					return false;
[883] 				}
[884] 			}			
[885] 		}
[886] 		return true;
[887] 	}
[888] 	
[889] 	public function checkCommandAbility(int $mode, array $args, Player $player, $setupmode = false) :bool{
[890] 		if(empty($args[1])) return;
[891] 		$key = "|";
[892] 		$id = $args[1];	
[893]         if($setupmode != false){
[894] 			$cmd = "";
[895] 		}else{
[896] 			$cmd = "/myitem ";
[897] 		}
[898] 		if(in_array($id, [
[899] 			$this->getManager()->listAbility()["POISON"][1],
[900] 		    $this->getManager()->listAbility()["WITHER"][1],

Backtrace:

PocketMine-MP version: 3.22.0 [Protocol 448]
Git commit: c32c21464c30cd7059a4cbfb0a7d7e493238a561
uname -a: Windows NT DESKTOP-BVRHES0 10.0 build 19042 (Windows 10) AMD64
PHP Version: 7.4.21
Zend version: 3.4.0
OS : WINNT, win
Composer libraries: 
- adhocore/json-comment 1.1.2@fc2f76979f0a44a5f5bc2a2b600d0762fe0e78e7
- daverandom/callback-validator unknown@unknown
- pocketmine/binaryutils 0.1.13@0abee38d4e2861621f262c79a2a3d699d8a697f4
- pocketmine/callback-validator 1.0.3@64787469766bcaa7e5885242e85c23c25e8c55a2
- pocketmine/classloader 0.1.2@9757928424652393b178a3760073113aa7c9911b
- pocketmine/log 0.2.1@830b44a2cf96ef703c550abe64302f230231ca49
- pocketmine/log-pthreads 0.1.3@e477ecf6ec214fdd4415ea1da3fdd9d73bf699ea
- pocketmine/math 0.2.6@43057cb8c179a9859677b496a788db922fd5cfc3
- pocketmine/nbt 0.2.18@9f82ca4d7f97fcd9a566e44b63c4f18a7657ae82
- pocketmine/pocketmine-mp 3.22.0@c32c21464c30cd7059a4cbfb0a7d7e493238a561
- pocketmine/raklib 0.12.11@9cce458b8bfde3e4dfdbf70c659fc7b7fe26b5c4
- pocketmine/snooze 0.1.5@70b5e7937a06878dd321a3182ceb76d56298f2cd
- pocketmine/spl 0.4.2@6b08b7cf8c4afa17139c9a1b3bf1b408531de161

Loaded plugins:
DevTools 1.14.2 by PocketMine Team for API(s) 3.13.0
FormAPI 1.3.0 by jojoe77777 for API(s) 3.2.0
GiveItems 1.0.1 by hachkingtohach1 for API(s) 3.14.0
InvCrashFix 0.0.1 by  for API(s) 3.14.0

----------------------REPORT THE DATA BELOW THIS LINE-----------------------

===BEGIN CRASH DUMP===
eNrNWvtz20aS/lfmaFfFuiIoPEiCZEopKZa80a1l6ST5nDor5RoAAxIRXsFDFJPz/35f9wxIkPJm
92r3h3OqImIePf38unuAPwZxUWWy+fKkqjop8sFiPBw0SaYGC2fqubY7m86c0dybu5PhoC31jD2a
OZ7j+44986fj6XiGPaqqimqw+GPQbEosGVx8eXt9dXP5/uLLxe3t9e1gOMhUXcslzZ2JuM3DBseJ
ddKsRKWatsoF7RRZWzfdgBRPMm0V9sZJShvLtF0meX18tblsVHZcV+HxSoarxyRfNgX9crop/Qc7
0yTHztnc/jo0278k+VORPqlM5Q1oRkmlwgYrwyJSJMBs5mD4odH/fVVprf7A9Gzm9oYfGsNjLDH/
Pc97/W08Mt6OfNV/eHRiRvWaqXnqlFC1hpzPE3rRjH/zzzn/LNsgTcKdHsOVCh/fFlkm8+gsSNKk
2bxJ8ka8ziDVUMiqkhvxWlbLeihuUrlRlXhd8t+heF3j6JIWihMtz5FYBEWRsthz2zCYxG9UVoIu
k/ns/HJ0ZAzF/M47rb1+VBsQehj8z8NAz3SKe51EmOi2f68FmpPahPmHM3rc/FvHjmZkp83XYRbx
Ed0JW5VurTWfvlx9nG0SeIXodvl9Q8xnOznhJKyxN+B4KD7z9HxHr1kltfXDUjVXModHV2+OrB/S
pG46xR99fhjcXF/eXX94GPwCSYcgMLc7PZKc/xCJT5f3P13cdiTgv00lQ7joZzwtVa4qmZK/5pJi
cnBThI8gB3e3rm5wYCBrtYvqgTdy3ZFN422SRoju2dgbDpL6S6SeBgtWMwKkKpoiLEB2PJ7hkIQC
JPTc0HUQ5qFnh5FvT+ZyHAZxYEs/8tV47rneTE6mDmi3hpdPSR4V61p8uBfnF3d/vb++sX78r9uf
Lu5s4dgjWzAPwpnbY1e86RY79pE4uzqfjkGoXJUg44/GI5fo/q7yiGUYswiY/VLUdM7lhw/3GOCH
dZJzFGdlUavqS5oElawSVZOOZLSCXJU6/rUucgtrTPA7I2fknsahG/vTuT+PbTkey0k8CUJXusHU
tiPbn7qxspU/Uz7IRxIqRYwV2XEo0zSQ4aMFkEoi2RD8QQOPebHOT81fYpbtksEux0GSy2rTNklK
/No42/FObRko5c2isQLWOlPXid2pG/pz6Uovms7n0UyCtXi8T+qbhzsje+SdTsf+zB9jz3QahFL6
agLIcceumk1C1wvdiZqFk4l0Dwimsq7TQkaqMry5p3N/4s/d2dgdTyeuN/cCx59Jz4dafM9xPNAO
53PHCfYppcWSKbgj53Tm2QE06obxfKpi3/ZwMgk8HXu2G7v4n+eEcjx/QcEqm1WlZNQpyjtVY99X
YTxV5IxxFI3HzkRJJ5IeHuaR7wUxtKXkPimktpXhZnqKQyd+GMxCB+qdzybzqe8H4/lU+rNZFMxd
N44mYRx6+yTyoOnkmZ3O45kLhiM/hk3CaA7Hn6rxOJh64Th2ZtKfTnypZgfK3f20snIbjKf/h8jq
EavkI3xb6wU8OafzMFTjySyYBXGkPDWO4iiArsPpZB6HfuDHyp0Gk/DAg+q8KH5XRr2TU98OJsqf
e760pzN/FkWe60jPgbQq8KfRZOrOZ7EbRgdEypQpIE5Pp4E9C/wwnoVjGUvHd7x5OJdOAMM4wdie
TTwnUg6k+bpNxRyb5+rpHsmm7mHZdmg42CEYogXHYEi2zaqosP5zD/TEvZLZAMgoy4RmPMQWwAID
KpdBqoAflFoRwaoEmtQaRusibs77A5lM8h4DDw89Vig6MHd3f3Z7/5Egdq2CGgkFY6umKevF8TEQ
c9UGIwDM8Y614y0NCP4O5dbZzWVP2G5kX1aPka4n6q/Fr4Xy6d+elO6BkAbJ/yEpdyQfHgwX2x87
eW+u7+4/Xd++P9+TmGT5S/KkqMzqm243ti8PvGxfnoPCbd90439CqgPCDw9LsER5H9a8kpwk/q5k
l/nT20rWq3fJc0+2/mhfOvuFdP8yYbL2N7D18ICaNaSj4+T54eG9hum/KwfFmazAe6MOwwU1wqhc
yYoYQ7aELCMk/1JVDWfMwaub7ZN4W+RxshRUgz9UD/mr+1aJ/2hT4frCtRees3Cn4tPlj3hwHVqQ
ynzZoqg5UfmSnrOiiU72jhZ3fCRN6sOtsqiaE2fueC4NrlcQwaJ66KSIYxqReV6g1lWWLlotWDZR
uoavT4qcKZVynVtUwiiuiU8s5iaTz2ZTfeLaNLKERqi+POEn9D8gux0z50E1ERUM3XP5VJpjoiSO
k7BNm80J86orMSRgC4VrA7+rT1gJ4C61yHFO6sdNkEL83XCtVNRbRY3PyfnFu7OP7+9pVHuK9Vur
qo051QxVIeQyLNHvUYmsvS6q6OTf+R8U1TaFVaNKMRufErW2ImhSQnsnMxp6Dopni3zVLNmD9NEm
I0h/JShURMimbyEfNRnkAQL6EnvGhEeI+5WqlegUgHZDiWalRJHDfZqVbERIBmxEoESSh2kbqQg/
xAvPI1p3RYadMRE4pFnLGM1MgZmqJpIiQI3wKDZFWxla6CAE7JjECZ8AE1J3l26I8Ae13pI7jlQs
YcRarIv8u0bIslSyEqQ9lAwJlVcb4pDqdC33eqVy0ZbLSkYgMHrIyXc1scVDLsSrTytFjImmwCl5
JEBC1E3FzKNyz+tUNmCKp5lV+IQEYegzVQ3rC7V4EiqxQoGZsgYzoqw9tIuqhe6JaKJetQ1K59wy
rfUCnY2OLBGmKIIjNEjE2VmaFmtB4QRmhEm94imR4j/JxWgN+5plphbchfLWC/Y7s0eAL0FRIWAx
KIWoBRthVEnrjZtup3vMvvqUQCFFDr3KKELnWGv1k1qh8EeRKVm3FYe0gNIDRUxDOeq3VqakNsLx
XF8JiDfmUIDOEVHXJyJAFCGJBbUv0VUtMM1nf2izAFqBV53Vmzy8l/UjDF89wo9GvOAjtMWu3UlK
y1ZVAdSB9bAcfTM2oGsx8Y54GApqNiAIpQHWDcCXxrI2hwfREk38js0LmeBlVfGcwMMU1ACR2HPz
LXOkW8PQZUy+SmvIJ4ciab6D+pqKt0WKMI5d5mCzeAMZWsSNy2phMSwj6YJJHfqqZOeo2jwnc0YE
SEXJRuAurR4JlC/mt8iS5QrBTJlo2A8+4zikkapqy0aPaoWRYjLwZuRi4yIouQeLdEDIpyKJwPa3
OSAfIZ8roGh416jnaFhs6UVbTwPiA8mrjQ7Kv6RFAO+h9Cr0OOIgSxqK7UwtZbBpoHFxp1Vts3KT
mmjz9nuy2jphzbNHIWjXlibUOVnNEsYJWAQigfucacWVUt2R2slhrZbCVCwLGKqgMCWvoIOWzKbF
rC2ETVLgdIZg3Qf9v5eA6pU/458S6j/Hf90UJbNg4HPLkiFXC8AH5UPgXscQndpx5dju2DDGIPCJ
o8LwV3/3L+CQ44JZIsQQYYvkkyP5CPWswpbBt9As64ikZLVdrZ5DVAX1TiINXNf3Fwtx/9PlnXh/
eXV5L85ubt5fXtyJm4tbgZrvrxe3Q4FF4v4aqy7Ep5+u31+Im9vrtxd3d6NDCNjThzuZGnXcqCop
OCETENckIN8ndtrYgq0D3aMkiBhbeIkFKFQaZpkUakXICYCGN5G8f8vZtJOhzqMEmNMycxhT1kQA
vTsg1xmJz7imHEJ5njeMXq4mXzDVNsxWqpDKAa1ZYlfbVe/dygD3UmW9E9Wzjaz10bdZMpJ7RvKl
rAJEhhUWaarrTwagb2uXQ43YMbuE2QXszmTecvHR5wSFWQsfPBp2OeHQCTs31Ok1jkFLy5vtQnAk
rjXma4dH9VC0abTlJUESWedix3+tCZfMPgSd2raRFae9Y7B4kSTZdTSFrWxxVWRdstW7zQqr75p9
C5M0xpIvfEN8w6X2vOOuKxjJZBVOIjc0jhy1WamrK13CCTNh0URnr3NaZDYw78xmJwGekOYR7PIb
CkbSRuLDCU9wsrpuVa1fcNRq2VWbBFp02o6rYWdIXSOYonKkuaGlf1NP1NqEqzZ/rDve38qSRpOs
zZBjkV4r0dX+ZEihGyHNxU6vFC9GlRwxL30MxXZpOOIDLaqCWyTd8dZi54WeOvRpqo0I9TR9vbgL
IU3LLOxLxpWDFaLLU1vZzsEK1yooH0l74E4XGJpKKaknEXqPlnAnHbYZfWp5upNp8a7aJQWm1AYY
un9O6s/88CHPVUMGW5gUgdJsVaS6xAxkg+6VKnFmGVUTXMgkGcY23fmYWZ1aArUtNnV6e9W3UjdF
sFptGiI+FJbTMyAbjw+2mo4ZkwIYtXd1LLekVEJGWnLqZbjQp80YNGyNxE+oBeFLJ1zcibc3H4fY
Cx4CxNc6ieD2XCto9NzSt5j+Qky7sntXkdesnd7akTiLAFQrmcbHaCV1mxAp+LA5CocKugMhB+sF
4i7t9Yj1W5GLZ0I1KjFlOhLExMeb/KYrtncNIPUSxNQaaZM2tmVeWub5oLu5MlFXJ7+rrT2pLO/M
WFPCMyUTynbtHr3UOp67etPRSNyYPamslrxBmk7U+AKfGFdySSLAJlBbXaZcsVB7mYF5CnZZkZ3e
pgndknC/XKGZUnUjru4/Mqc1RCKxg7YR1J+zKXfH6eZi1GFN1rQW7Vowt+TlkQra5aJrWH4QDjUq
plxbIVR5Xpj2tNYNNXlyXhc6cRlvcIiYBidN7e2qQANLHtj1KarrRBnBItlIUcunDinpxqO7G6K5
XgsLxvjmVxcs5j7i1yLJdTPMN0PfiZ+D4pm8vhKX5+LNzx8vz48gM1wePGD9GnAPT3pKkOrgGNS/
VGheRrsKEJ5Q8BJWdg5P//nH9x1909v0Rr7jw+h+iJMmqg9qcjkNs2xFdztiUkjv0iaO+VjMJfHG
em6TaCetRJkCcFOy6WAT4usLx64L4A7SMAq3QdHJFVlehGlSCt4Lr7mSG3gMdZJZ8dQ15ZTRTBpg
KLa6OX1kvQPA7p6rf0Fyzzcc2t31VwfaFrzW+HZbm5uWEIHcaKgzeyy9ZyFK1EhPSUrHaBg3EGVO
oTwk8+W2T8hpW3qYDofdqr0Lsm9eSmkjn2VFSxEc63xjAppUaUxM+ZUQiq8j4Ib0mxMkNt9yuuxt
ZsFzpdvfQGligYop/vgikzPcqvN3dnG+39xLvFp8OmgrPnBIyENWIUvImUMo5LRvcWl/m01ZgRL8
ows7MNttpr9bbjyOZbocsNoS/qvqHjaGlFP5IL7S7YfmOR/Gt6M1AxDpU1VkaaFfswojnTCXKV0C
5z17ooOeJVzxSizRhtU79ewubLYaGr1UkYGmtUy4TwNMoonRtimLsk07ZzQPlMl4jQFEj+GQC3yr
NCBGuYRwCcnOlM58OauvqBYmidONGreNeljnQGMvMLK76+gFOfm7RZ+rHAxtw21/uFyh2oyLnkUQ
ZZZ+ZbVduSrIMszKqMyycpQUzDGAbJNR24MAaegGMax3rFMvZ+bFbp5FYBCTy2WFBlpflpmbNX2B
QJ8yPB7Kx/whgq/PrxfQh2UgX2c+AoW10rW1ROis+cSaGd8JwGOj3nU2Eu1W89o1tXFeKBUG1fPG
mZDj6UsBzlT9EpHHi77qUHXn5Ce9m6sh8LFcySGGCcsr4qurwgC9sapQaVuEQDmlPz3bZSudK+Te
TZh52dRLry0qTmRyRrEOLAxBtrye7854YWkta9/UTZLtsNrkXyJK6ykSCJrJsgSYdCBf8ZlN3XXu
aHeAmemf0GnzzzO8gW1tXR0VvZsTQwPkG6PP7o5kZQYZMajJMXWzQQy6ckZrEnHhmMRbQug+IIh+
v0AI1F0caIwDPQORXWaTaSJr05WgkJRZmXZPVPKAR2OrRWc0PQe/pRushfjMtQry55CvtH4hotxw
7NJk/70Hi0F1Y5VE5tKge+PEtwHfylic0DlD11wfc7MJ+yTg1aTbPvv6XOZB/xT0goqygs5euxMX
4t37s/uF+70/nMyfnaH37A3d753vI6qHOM7fNJXCA8D1ZGZrKNZP48mRLvL0K4Z+r64jnHILdGyu
0rj04LswWC3c0JuUNmzaqgPlrkGpti8nGHFAB6kq5Jc/dacwq3uxAV/Q1eyrdww1fBSv3yPScqVg
vhbsjVhcWvZqvqLk9lY9A/hq09uFj9Qd1NzHQCP6ey5dw/E6khesoPPQaUTHjJaS6aMYqbZYPRgO
1HOjcvIjfs3+FhVC/9OoIDSfuGxH6KVSHslqb6zIvkRFAzDcGzXfau4G2irtPxNE9J/jJG3UHuFl
tveh1grpo/+cIMqe+gP0/VX/OQv0K7L+GJVi4D/qj5Xhvti3KjaXC3s7Gffr/SFUKFl/5O7m/R4H
m/q3lD8vM7/EdqopHlWO9L4n8UbyC1KXvgeiT9OSUn+bMhlN6VF/mrNdjcfnbF+nBXHj2rbnOC59
+HRzfr0naVR8YU4OBzGU7JsD4Z7X9d7Cu4QC+uerPREPOMAjdcn7YmFwXSUH1u19hEVfmjj0rSAY
Xu071y7bfuFiqv+BG33Ekiz1h2+GCn1exRgUBd13VeR61aZsCh7w+CufZfTCSsmeYVkdXn8IXVnL
iLtstft0HPw3lVnXN3yhs9vw9ev/An8TJ6k=
===END CRASH DUMP===
