PocketMine-MP Crash Dump Sun Dec 26 16:45:46 WIB 2021

Error: Class leinne\pureentities\entity\inventory\MonsterInventory contains 5 abstract methods and must therefore be declared abstract or implement the remaining methods (pocketmine\inventory\BaseInventory::internalSetContents, pocketmine\inventory\BaseInventory::internalSetItem, pocketmine\inventory\Inventory::getSize, ...)
File: plugins/PureEntities/src/leinne/pureentities/entity/inventory/MonsterInventory
Line: 0
Type: E_ERROR

THIS CRASH WAS CAUSED BY A PLUGIN
BAD PLUGIN: PureEntities

Code:
[1] <?php
[2] 
[3] declare(strict_types=1);
[4] 
[5] namespace leinne\pureentities\entity\inventory;
[6] 
[7] use leinne\pureentities\entity\Monster;
[8] use pocketmine\inventory\BaseInventory;
[9] use pocketmine\item\Item;
[10] 

Backtrace:

PocketMine-MP version: 4.0.0 [Protocol 475]
Git commit: 468faa464b2bc5c97f23fafbb71ea61035f6f218
uname -a: Windows NT DESKTOP-BVRHES0 10.0 build 19042 (Windows 10) AMD64
PHP Version: 8.0.13
Zend version: 4.0.13
OS: WINNT, win
Composer libraries: 
- adhocore/json-comment 1.1.2@fc2f76979f0a44a5f5bc2a2b600d0762fe0e78e7
- brick/math 0.9.3@ca57d18f028f84f777b2168cd1911b0dee2343ae
- daverandom/callback-validator unknown@unknown
- fgrosse/phpasn1 v2.3.0@20299033c35f4300eb656e7e8e88cf52d1d6694e
- netresearch/jsonmapper v4.0.0@8bbc021a8edb2e4a7ea2f8ad4fa9ec9dce2fcb8d
- pocketmine/bedrock-data 1.5.0+bedrock-1.18.0@482c679aa5ed0b81c088c2b1ff0b8110a94c8a6c
- pocketmine/bedrock-protocol 7.0.0+bedrock-1.18.0@040a883a4abb8c9b93114d5278cb5fecc635da82
- pocketmine/binaryutils 0.2.2@f883e1cf9099ed6a757a10a2f75b3333eeb2cdf9
- pocketmine/callback-validator 1.0.3@64787469766bcaa7e5885242e85c23c25e8c55a2
- pocketmine/classloader 0.2.0@49ea303993efdfb39cd302e2156d50aa78209e78
- pocketmine/color 0.2.0@09be6ea6d76f2e33d6813c39d29c22c46c17e1d2
- pocketmine/errorhandler 0.3.0@ec742b209e8056bbe855069c4eff94c9734ea19b
- pocketmine/locale-data 2.0.20@a6e4eb22587e0014f6d658732cf633262723f8d3
- pocketmine/log 0.4.0@e6c912c0f9055c81d23108ec2d179b96f404c043
- pocketmine/log-pthreads 0.4.0@61f709e8cf36bcc24e4efe02acded680a1ce23cd
- pocketmine/math 0.4.0@6d64e2555bd2e95ed024574f75d1cefc135c89fc
- pocketmine/nbt 0.3.0@98c4a04b55a915e18f83d3b0c9beb24a71abcd31
- pocketmine/pocketmine-mp 4.0.0@468faa464b2bc5c97f23fafbb71ea61035f6f218
- pocketmine/raklib 0.14.2@e3a861187470e1facc6625040128f447ebbcbaec
- pocketmine/raklib-ipc 0.1.1@922a6444b0c6c7daaa5aa5a832107e1ec4738aed
- pocketmine/snooze 0.3.1@0ac8fc2a781c419a1f64ebca4d5835028f59e29b
- ramsey/collection 1.2.2@cccc74ee5e328031b15640b51056ee8d3bb66c0a
- ramsey/uuid 4.2.3@fc9bb7fb5388691fd7373cd44dcb4d63bbcf24df
- rhumsaa/uuid unknown@unknown
- symfony/polyfill-ctype v1.23.0@46cd95797e9df938fdd2b03693b5fca5e64b01ce
- symfony/polyfill-php80 v1.23.1@1100343ed1a92e3a38f9ae122fc0eb21602547be
- symfony/polyfill-php81 v1.23.0@e66119f3de95efc359483f810c4c3e6436279436
- webmozart/assert 1.10.0@6964c76c7804814a842473e0c8fd15bab0f18e25
- webmozart/path-util 2.3.0@d939f7edc24c9a1bb9c0dee5cb05d8e859490725

Loaded plugins:
Alerts 1.0.0 by hachkingtohach1 for API(s) 4.0.0
BuilderTools 1.3.0-beta2 by CzechPMDevs, VixikHD for API(s) 4.0.0
DevTools 1.15.0 by PocketMine Team for API(s) 4.0.0
ExtendedBlocksConverter 1.0.0 by JavierLeon9966 for API(s) 4.0.0
KeepInventory 1.0.0 by NhanAZ, KhoaGamingVN for API(s) 4.0.0
MaxEnchants 1.2.2 by Xenophilicy for API(s) 4.0.0
MultiWorld 1.7.0-beta3 by CzechPMDevs, VixikCZ, fuyutsuki, kaliiks for API(s) 4.0.0
MyItem 1.4.5 by hachkingtohach1 for API(s) 4.0.0
Netherite 2.0 by Wertzui123 for API(s) 4.0.0
PlayerStats 3.1.9_BETA by hachkingtohach1 for API(s) 4.0.0
PureEntities 2.0.0 by LeinneSW for API(s) 4.0.0
PurePerms 1.4.4 by Vecnavium , 64FF00 & ProjectInfinity for API(s) 4.0.0
ShopGUI 1.0.0 by hachkingtohach1 for API(s) 4.0.0

----------------------REPORT THE DATA BELOW THIS LINE-----------------------

===BEGIN CRASH DUMP===
eNrNWwtz28iR/itTctXtuo6k8CbAnO/8kJzVrW3pLHm9lTDlGgADEisQQPCQRKfy3+/rngEJ0trX
xVfJVioiBjM9/fy6ewb+20lWNRvZfbpTTZtX5cnCm5x0+UadLOzAs3zbjrxg5rlWZEWTk77Wrzxr
5kSWM/dD27G9yPInJ4Vsu/OmqZqTxZ//MjlR+uffTrptjQUn55/O37+/fH8yOdmotpUrGnuFNa0o
VF6Warms+0apssu7XLXLJf/aLpd5eYefVYOfb6uy7VRzMYyIpCo7mZet8IWM266RSSc2qltXaStk
mYpN33aiW6tGQUYlYiVSlRSyUel+ftWIfFMXagOaNFc0agOaebnakfq2rpJb1W1y4nLEz0vZqh0z
i0VegrlSFteqewXGMNxOxO9eetGpzc8uGy1Zqe46/6wmYjabPYVWs7wgldZFv4JGTq+gzHOjzNO2
SU61lk/HSj7VOj7dbXB6rGHQLcDDycL6+8SQ/oTZVXHH+sJ+ad6opDsZ3mJkvDPGkypV5AY2Xv3H
f9XrGmMOfuOPS+u1Qb6FNfKk+0TO0j6zn/4Brz09y8efUsJpapmo3+ostD7Q6+f407e/ttJITutC
s+C3mI7mR4/NhxVhLvw/zbAtYgUqJJdTOj6MoUg1LwrVdPyL5MRUMzA52cXkiT2zZhZGZA+fbDD5
zydrmaxv4addRb/sExCVdU5vPJ5MQVjKuFDpyaJrejWBsmtVpq1moK2y7mw8QG6PnY7ILpeam+Ev
uUQlUzL05fXNx8v3b84wdK/iFjLT8q6r28Xp6b3sknW7zrvZvVJxsZ0l1eaUdPCyz4tUNTdVVYxl
Phg+lNydWdNYddI5lP/VZ5Wsr96eqTta8EP+kN9+d/a1tJAQ8XqTgvhyGWveOuINDnDI6W/Sxirv
1n3MOhixfXpACrrB4LFedkOHOrH9Y3e4Yvd7C/cTN0puvpYihv2XyxEnRubrmxfvbz5c/ZrEe85O
dzQg7PkDMDJV6csC71tAJuRDCI5k/7kZvxIY/y3vctW8UVUZRUHwtRRxSHW5/BnmACU0//fq6JD6
6c9JDrV9r1S9B+i9sg7Hf0VF79ayfPEnjH2/ruQfJUBr9cO7r6UpTXy5PODoWC+/OV4Mq5D8rXw4
LxM8HoDlePRQamd2hBg/qrKq13mRJ9uvJeuIJEm4Y+Xg4dekZuH6oss/Vk2RjmXbDx6KNjeQ6P4q
JL4iK2f9tu/a/jbH71tZ5Plt+/8ClBvi9574hfxj3v8RkBwRIj1tKauOdaQHDvXjzfx/TrLU3Ax/
f4vkEBzKy4uk2c7abafaWam601S267iSTco5852iKpbX7OTej41Fd44j/SOA43Of2477tWTeU1wu
d0z8n8N7T+10LxFEvirkVjXXnTwI9vHoWGx3Zs+iTy/Pb178c8w+4uvg4R+ulg6q6ZEeDovsA/sf
e8AbLnyvP34t4R8vpI84+n3Zb2DxoG0ZxL9SzeZYdj12HPPeoeA/qKREWu03YiIC7/VryxL/Jq6a
6id0LBdlhiav+2p54JPeQOuBuRv9/C34f72u6j9+uBjJOYz8i7QBhp3dj6+DbdRXygYCo7o5KmOn
b69m9Vo2LAHVQ6QDdoRX6OaxQwj5bMqAcbKR3Xo8ksgCEmHteKzafEqrDhwcjJrzif1A3xTj51R2
B+/RaHOVuh9Zberx4xrijZ/zBOXbeOCnlm25e97QWQRUfTBWod2gWXjmMqbtJAmUjifVyaEe3qus
gG/nh+Rb1mh7OJQiLMYj11dvDrbftn8tStrM/BK7V111q8r886EKHh6M1MSujYGt3BQMRw4/fs5r
3bZEnJg/F3k8Xo7Hh82h1itiz7Es17adCANXZ5cHoqfVJ2bteBBD+aHBKjh32x5MvOYjnx/fHsh8
xAEeGyXTIzk3xT1lqIPBulvTTNKwZ+Lzan3ke+u+vO27vGgdVpLLWslXcV5KquKRwJxZQJpQd6pI
YzOJSCF26q4yA45WVgpDa7ckfdOs/eHDp/1eo/d0PJSXWXXgt+kXJs8PvIRV6Y6HGoXwoDhc9doX
B/p/QriJy6sEWDFSPkX3ujb70o6qVI0sxmA+DncKZdmq/VHkTp/cgZ8sHMt1oLb2E1DlZJHJogWc
1U3VVUkFqt7cxx45xbcXhJmUXuDFTpz4STTPHDeTWRzPbSUD23L9LMgcOwTt3rDyMS/T6r4V727E
2fn19zeXV9OXP7z/7vzaEja4EMyDsCPLc8S3w2TbeipevD0LKPXQ4dZIV58VB5C3c5N1/akim3y8
ePfuhhyTHu65agI21VWrmk8wbiMbk+xluoZgjTolxJhijjl0swkTnmeJk82DaB5llvQ86Wd+nDjS
iQPLSq154GTKUvNQzUl9TZ7cnhqQtGbRzH2eSH+e2mFmOWEWetl8Po8dOwiT1I5sO7ZSpRzXc6Vi
BIRBgD5I1MDVIpbJ7fQOXQSQkY54ocDbsrovn5u/5G2rpmpbdQqRZVvS0d+dQ+783LGcKLJcN4H+
PdeyVBz4gZqrUIVhkvlOaqdBEHm0K3C6Ua2STbJm+Teyrjnu7tgpnodxnFiOLUOVxo7y5FxJJwtl
6mUyUkmUJsrJkjhMD4LjNFZpg6cpeJesSX9m/fswCL3Ces+90EmCeSSlr1IrDu3EAnNObGcZPdmW
jLwklEHyOOW9O57MidFj6pZnyTB0pSfjOEyiOALCeanvzMMk9jOVJIHrpzJ0jqgzUOyj2iEHABll
J1lkRZFKAzn35xLcwSv82MV/qCSdJM2iQ0qPmpDqCvd54M3DuQeXCoI4kdCoH4a+4zkq9BPHTRxf
hYnvyyPWEjrFp1KArUOsQYWRkq7lRpGrsjSL3ShJXctRju0HqW+BdOhYEbzziFJVVHsaVhSrAMGa
zhGpynXTILThOFHqRInjJF6Q2HNlp0fc8L0Duu60MOyQ26lk7jkxbRlafhDHEMi3gijxVJbBmNHc
9ZS0o/iQVFFRGTG4ClXWjvVcBsqDXh0/nCvLsr0sSAP8dp0kC1zXCZw5gCZM3WNSK2bGI2aCJLKd
xILdfD8JIYFrW6FK4PxzuEOQeZaXWN6XFKajRKNJBXY2J6GSzIXFEscDbwh7RyYpHCK0pI0ocJOj
GNjhAJNIA085vu/HqaMi8njH8+cABD/F4iyxXfAYZUfOXsbdTrlRmHjS8mJ4RmT7CpgSuqkbW/Bt
KAqBacsY5rcPKex/Trl80kH9O2B7RKuRt7qgANJ6CAzlyjCwbfjy3FJ2JhFTgeMj8GyAnefNFaAj
lip5jMo0r5OhjnkeOY4MPM+DMEEyTyUggf4Xuo5twfdU4s3dUKoj/bZlVX1WQ55/bskkBFbD5+3E
syNpZ9A44gtBH7o+4a8fKYedD4Vwq7YUB/s6js+xnif4b+4p5SvXCVEUxYgkz4p9G/6sFPwtjoMg
seSeSN/nOv0AeZErIugwi303DIPIztK5O4dfeF6axF4aYHWSOV6a0fJ1v2mlHNZ/Ce7tdpNV5RYW
LLYoK4rpUELfgVWXjZikkT+P5ioC+rhhlqZObLlB5ALgkHcUzGvBuR6jhYwRWjta9nPArYU8pFJb
RgABCWqRVLYDbEfyQMayHN+bxz9Lyx7xpQI4RZS5Kfl5hhQUeSFi1bYSL3HBlIvgjfD/uo3ZVJ9l
050C21Rjki55aBAFXjKHN4SWF9qeDD0HTqAs2Di1/VjGVmaHCKgDIjUibkrgzThCvKSRG2VzlSJm
E7hEHEcJ5Vw/iS0/RTYEb5E1BxnukHa+NdtykfpE0GkL3X9m+apvJLmKoBJPZFUjDmqqZflE3KyR
SEWrug5dRitko/imsypVix+yE4ksy6qjC9K8TIoe4IEfWNAg8c+Q0JB4ucsHretqg5UZETim2cpM
TURFhzgtkRQx0OpWbKu+MbREnokNeo8s5x1Q29DtYbElwu/U/Y4cusZM9kXXivuq/KYTlPplI9D1
VgCvnFLYljjs1nmr5b5fq1L09aqRKQjMluWyHIgtlqUQTz6u+XRJdBV2Qa0KEkK3XdABqpuWCupU
v2ZWNfrT/XCh9M0wtbKJEjq50MiGKEPjiZoWkkrilVoIrkrpRbvuO9SI5dRceC/E8uRa004KFHvp
8oQ5e1EU1b0o8pa4FeZeUNzlUvxPr5otzfkr/ZiaVwtBbTwvPefG3qzhK28qFwUsBqUQtXgrjCpp
vj4HmO5ej5h98hERA4+AXmWaClReWv2kVij8VmyUbPtGX5ND6bEipqEc9ddeFqS2VX6HuSgqeiW+
NZsKx3pK1PWOatqoGn3tFGpfrVSzwGve+12/iaEVeNWLdlsmN7K9heGbW/jRjCd8gLbYtQdJadq6
qcqqh/UwvZ0IPnYWusOgeJgIKqohCLUSrBvEI41t+hIeRFM08Ws2L2SClzXVQw4PU1ADRGLPLXfM
kW4NQxcZ+SrNIZ+ciLz7BurrGl6Wqg5ezS5ztFh8CxnorthhtbAYUyPpgkkd+6pk52j6kr9ISKk7
rGo2Arcj7UycqTvzW2zy1RrB3KAVn4yDzzgOaaRp+rrTo1ph/J0EeDNysXERlNxrpDog5F2Vp2D7
cQ7IR8jnUPDn8K7ZyNEweaon7TxtWW7Uhj5g4O3+WFQxvIfOoIQeRxxs8o5ie6NWMuYzI3GtVW2x
cvOWaPPyG7Lafc6aZ49C0N5PNaHByfSXIFkOFoFI6o4/86hE1ig1bKmdHNbqKUzFqoKhKgpT8gra
aMVsTpm1hbBICuzOEKwrsn95CehQ75f4X6Ob/8f4b7uqZhYMfO5YMuRaAfioKZumO4Zo14ErG3Wn
YYxB4CNHheGv/eYrcMhxwSwRYoikR/IpkXyEelBJz+BbaZZ1RFKy2s1WD4lSabuXSAPX5c35Qtx8
d3Et3ly8vbgRL66u3lycX4ur8/fi4+X778/fTwQmiZtLzDoXH7+7fHMurt5fvjq/vp4dQ8CBPhw/
MOq4Uk1ecUImIG5JwGStGJJZGzuwtaF7lAQpYwtPmQIKlYZZJkXfJeUlABreRPL+nLNpJ7tfU2aF
TgiC9DSmrIkAevdArjMS73FJOYTyPC+YfTmbfMGcSMNstUqoHNCaJXa1XfXanQxwL1W3e1Fdy8ja
Pn2cJSO5ayRfySZGZEz3lTUD0OPa5VAjdswqYVYBuzey7Ln4GHOCwqyHDz6dDDnh2AkHN9TpNUOT
32l5N/sQnIlLjfna4VE9VH2R7njJkUTuS7Hnv9WEa2YfggaWZWTFbq8ZLL5Ikuw6msJOtqypNkOy
1avNjOnYNccWJmmMJb/wDfGISx14x/VQMJLJGuykP7RjR077Ta2rK13CCfNiSi8Ge53RJLOAeWc2
BwnwhDSPYJePKBhJG4kPO9zBydq2VwQM3RpWWw3VJoEW7bbnajIYUtcIpqicaW5o6s/qaSMfpnwW
2w68v5I1jeabfoMci/TaEPFOlqgqYUjkabo41Fzs9UrxYlTJEfOlj6HYrg1HvOGUquAeSdfbWeys
0q+OfZpqI0I9TV9PHkJI0zITx5Jx5TDls96dbGdghWsVlI+kPXCnCwxNpZbUkwi9Rku4lw7LjD61
PMPONHlf7ZICC2oDDN1fJvVLfrgsS9WRwRYmRaA0W1eFLjFjuorlSpxZRtUEFzJJhrFNdz7mrU4t
sdoVmzq9PRlbaXhFsNpsOyI+EVN7ZEA2Hm887QZmTApg1N7XsXw/QCVkqiWnXoYLfVqMQcPWTHyH
WhC+9IyLO/Hq6sMEa8FDjPi6z1O4PdcKGj139KdMfyGCoezeV+Qta2c0dyZepACqtSyyU7SSuk1I
FXzYbIVNBZ0LkoONAnGf9kbExq3I+QOhGpWYspgJYuLDVXk1FNv7BpB6CWLqHmmTFvZ1WU/N81F3
89ZEXZt/Vjt7Ulk+mLGlhGdKJpTt2j1GqdWLHL3o6UxcmTWFbFa8QJpO1PgC75g1ckUiwCZQW1sX
XLFQe7kB8xTssiE7vSpy+lKY++UGzZRqO/H25gNz2kIkEjvuO0H9OZtyv51uLmYD1my6fkqrFszt
uD9UJV8icaxngg4GUAuhYB3ERP+bZXkyE5yl1pKKAPoqmr+PLgma+BtxwNSEeYHR7pjpNWkCqMtA
jBQtGc5bbVJdSmBuZ3yUJFH6fMBAnemmzi65SDq7uH7xEvUR11N9yT5EgN0TUvL9py4ScnJG8xly
Ou439nLuYz1Vcb9aDE3bfwqbmjVTsq4BV/xemBa91YcKFM1lW+nkbSLCJmKaa03t1bpCE09ROPRq
aujGGcXp2Fi08m7IFviJ1pvf8ZHyqI0HY3wzr4s2cybzU6W/Qjea+kb8GFcPFPmNuDgT3/744eLs
KeyOsAcPmH8Ps5FhcqR7BAf1cE1q9KPLD0RDtbddiWj/8eWbgb7p70Yj3/Bm/Ok1H4uQeU0pwrJV
wwmRSaMP4G9KHyY8q7KMt8W7PNtOH/o83RuE9Tk9PJy54dMVHWr6nyNoHfBcE1d9a055EoBIp2HW
rJnqNQthbk9pG51CDDyaXSgHynK161FKWlYcp+LJMOsuV/fTXYJ+7EBMK/fFpuoJPTKd6wyYQGWD
aim3EzryUQjMT785OWPxe07Vo8UseKl06x0rTSzW/4KhreU9OwX5qKbOrkXDh0lfi08b7cQHBgp5
zCpkSThrCYV8+hiX1uNsygaUUiEHdwezw2L6u+PGPTrhifmLVmizzVOdM0geCZvC4do+HmthRUkU
M1SqUyc/7FIbHzUZ55BJogrFnYJ2b961yG+xBfXJjESFhOirprrv1hrHsIUUa01tBHKI/rbTKZmZ
nZI2Btame9Vo0S7O2pFcBNNkeU1N6GvTnZjmyGkoc3jNgZFAbyoc8QRsolXeG3J/rLWz5exLYxrw
upc5d7NIJmj1tBfVVd0XQ9iYB8r3PMekDdehDbkNIil5J8q4hFwoCUyDQSPmIG9hSh06d+TmWg/r
SsF4FhjZI3S6Bz2KzCn945CjoR0wHA6bzwhGOR14MNWfku1mrmG3hWZlVm829SyvmGNA3XZDzSFC
uaNz1qTds05pyrwX+/csAsOcXK0atTJHiub8UR+z0L/muD2Wj/kD1lyeXS6gj6lJCro+IPi6V7oD
kQjye96xZcb3AvDYbHTojzy903xf0wdJ2jhfKBUG1e+NM6ESou8GOJeN8s0rOptX47O8CZJDvZYI
C0XI3hAPQ12KjJGpBr3HlHCxpGSo3w65S2cOeXA2aD7hGCXbHjU4ahvG1gHCDEG2sn4/7PGFVbVc
Y7N2+WafQUw2JqI0n7yeEgZZkWCcNuRDT7NoOOCe7Tcwb8Y7DJr75Xxvkom2pI6A0VmSoQHyndHn
cGq0NoMa4ppdJ2HQgQ7h0aylXAbl2Y4QXZL3jb5xIbQZjlI08oKeQach36Imk63p01BaS/ryyTxR
AQQeja0Wg9H0O/gonektxJ+5ckHROuFDvr8QUW7B9sl7fBPEYlAl3TDA0zGKBi/yKtU9mkcZn7l9
bLlj4PabPvsGr6YIGLOv92Ue9E9QpDDwLJ1T9zsuxOs3L270ILUaik7W/mC+yJj40QMkKtXEfUjz
ppsw6P7BVHr6rmV8aKGDmBIdVGvOFGVvvK6AsZItXSn1Sdc3A+4OnVqzu6VhUAEdpKOEb8HaQU/T
4YYHLqDL+ievGU14K55/QITrYjPyaTQy5fpyVPhVuvZXD8C21jS5yS21SS03dAC3OEeDstWFHM8j
ecEKWjCdKXSoaCmZPiqjZgfHdP16bFS6p7zam/gVX1bybd0SVcuT100uzlQiHE84zsL1F74lPl68
FI7l2DRhuFF7poCweN5UXfrs4GpT6Ns0eqk3n1LsPbMjG5nscPAu4GGXhk2zkNcYhLNj5H6dd2pK
N3BUuvJm6KdM9fbMsWhkJek0IVXP+Elf+u3GzCo6v6V7nuG5vqvNDmlODRY8evuMWds56C7fPWOZ
uTamkvuZ/lcUzb5eVuloCt24Pzs7f/3iw5ubkUx8T2i25GxBoWueD6rZZyENjSp2nnLy9/8F84Aw
Aw==
===END CRASH DUMP===
