PocketMine-MP Crash Dump Sun Dec 26 16:37:47 WIB 2021

Error: Call to undefined method skymin\InventoryLib\LibInventory::getInventory()
File: plugins/ShopGUI/src/hachkingtohach1/ShopGUI/ShopGUI
Line: 122
Type: Error

THIS CRASH WAS CAUSED BY A PLUGIN
BAD PLUGIN: ShopGUI

Code:
[113] 		$this->dataPlayers[$player->getName()] = $this->items[$category];
[114] 		
[115] 		$menu = InvLibManager::create(LibInvType::DOUBLE_CHEST(), $player->getPosition(), ''); 	
[116] 		
[117] 		$null = $this->getDataItem(26, 0, 1);
[118] 		$null->setCustomName("-");    
[119] 		
[120] 		for($a = 0; $a <= 8; $a++){
[121] 			for($b = 45; $b <= 53; $b++){
[122] 				$menu->getInventory()->setItem($a, $null);
[123] 				if($b != 49){
[124] 				    $menu->getInventory()->setItem($b, $null);
[125] 				}
[126] 			}
[127] 		}		
[128] 		
[129] 		$slots = [9, 18, 27, 36, 17, 26, 35, 44];
[130] 		foreach($slots as $slot){
[131] 			$menu->getInventory()->setItem($slot, $null);
[132] 		}

Backtrace:
#0 plugins/ShopGUI/src/hachkingtohach1/ShopGUI/ShopGUI(85): hachkingtohach1\ShopGUI\ShopGUI->openShop(object pocketmine\player\Player#27305, string[4] test)
#1 pmsrc/src/command/PluginCommand(54): hachkingtohach1\ShopGUI\ShopGUI->onCommand(object pocketmine\player\Player#27305, object pocketmine\command\PluginCommand#23656, string[8] shopguiz, array[1])
#2 pmsrc/src/command/SimpleCommandMap(220): pocketmine\command\PluginCommand->execute(object pocketmine\player\Player#27305, string[8] shopguiz, array[1])
#3 pmsrc/src/Server(1394): pocketmine\command\SimpleCommandMap->dispatch(object pocketmine\player\Player#27305, string[14] shopguiz test\)
#4 pmsrc/src/player/Player(1337): pocketmine\Server->dispatchCommand(object pocketmine\player\Player#27305, string[14] shopguiz test\)
#5 pmsrc/src/network/mcpe/handler/InGamePacketHandler(688): pocketmine\player\Player->chat(string[15] /shopguiz test\)
#6 pmsrc/vendor/pocketmine/bedrock-protocol/src/CommandRequestPacket(60): pocketmine\network\mcpe\handler\InGamePacketHandler->handleCommandRequest(object pocketmine\network\mcpe\protocol\CommandRequestPacket#120751)
#7 pmsrc/src/network/mcpe/NetworkSession(395): pocketmine\network\mcpe\protocol\CommandRequestPacket->handle(object pocketmine\network\mcpe\handler\InGamePacketHandler#114663)
#8 pmsrc/src/network/mcpe/NetworkSession(358): pocketmine\network\mcpe\NetworkSession->handleDataPacket(object pocketmine\network\mcpe\protocol\CommandRequestPacket#120751, string[36] M./shopguiz test\..@..H.uT..N...D...)
#9 pmsrc/src/network/mcpe/raklib/RakLibInterface(192): pocketmine\network\mcpe\NetworkSession->handleEncoded(string[40] S.../../H/..R(I-..ax..[..Ri...~.n.vif`..)
#10 pmsrc/vendor/pocketmine/raklib-ipc/src/RakLibToUserThreadMessageReceiver(42): pocketmine\network\mcpe\raklib\RakLibInterface->onPacketReceive(integer 0, string[49] .......2.X.HP........}..@nj...8..OzdD......^Z...')
#11 pmsrc/src/network/mcpe/raklib/RakLibInterface(122): raklib\server\ipc\RakLibToUserThreadMessageReceiver->handle(object pocketmine\network\mcpe\raklib\RakLibInterface#25044)
#12 pmsrc/vendor/pocketmine/snooze/src/SleeperHandler(123): pocketmine\network\mcpe\raklib\RakLibInterface->pocketmine\network\mcpe\raklib\{closure}()
#13 pmsrc/vendor/pocketmine/snooze/src/SleeperHandler(82): pocketmine\snooze\SleeperHandler->processNotifications()
#14 pmsrc/src/Server(1645): pocketmine\snooze\SleeperHandler->sleepUntil(double 1640511467.1307)
#15 pmsrc/src/Server(1034): pocketmine\Server->tickProcessor()
#16 pmsrc/src/PocketMine(301): pocketmine\Server->__construct(object BaseClassLoader#2, object pocketmine\utils\MainLogger#3, string[12] D:\FoxCraft\, string[20] D:\FoxCraft\plugins\)
#17 pmsrc/src/PocketMine(324): pocketmine\server()
#18 pmsrc(11): require(string[56] phar://D:/FoxCraft/PocketMine-MP.phar/src/PocketMine.php)

PocketMine-MP version: 4.0.0 [Protocol 475]
Git commit: 468faa464b2bc5c97f23fafbb71ea61035f6f218
uname -a: Windows NT DESKTOP-BVRHES0 10.0 build 19042 (Windows 10) AMD64
PHP Version: 8.0.13
Zend version: 4.0.13
OS: WINNT, win
Composer libraries: 
- adhocore/json-comment 1.1.2@fc2f76979f0a44a5f5bc2a2b600d0762fe0e78e7
- brick/math 0.9.3@ca57d18f028f84f777b2168cd1911b0dee2343ae
- daverandom/callback-validator unknown@unknown
- fgrosse/phpasn1 v2.3.0@20299033c35f4300eb656e7e8e88cf52d1d6694e
- netresearch/jsonmapper v4.0.0@8bbc021a8edb2e4a7ea2f8ad4fa9ec9dce2fcb8d
- pocketmine/bedrock-data 1.5.0+bedrock-1.18.0@482c679aa5ed0b81c088c2b1ff0b8110a94c8a6c
- pocketmine/bedrock-protocol 7.0.0+bedrock-1.18.0@040a883a4abb8c9b93114d5278cb5fecc635da82
- pocketmine/binaryutils 0.2.2@f883e1cf9099ed6a757a10a2f75b3333eeb2cdf9
- pocketmine/callback-validator 1.0.3@64787469766bcaa7e5885242e85c23c25e8c55a2
- pocketmine/classloader 0.2.0@49ea303993efdfb39cd302e2156d50aa78209e78
- pocketmine/color 0.2.0@09be6ea6d76f2e33d6813c39d29c22c46c17e1d2
- pocketmine/errorhandler 0.3.0@ec742b209e8056bbe855069c4eff94c9734ea19b
- pocketmine/locale-data 2.0.20@a6e4eb22587e0014f6d658732cf633262723f8d3
- pocketmine/log 0.4.0@e6c912c0f9055c81d23108ec2d179b96f404c043
- pocketmine/log-pthreads 0.4.0@61f709e8cf36bcc24e4efe02acded680a1ce23cd
- pocketmine/math 0.4.0@6d64e2555bd2e95ed024574f75d1cefc135c89fc
- pocketmine/nbt 0.3.0@98c4a04b55a915e18f83d3b0c9beb24a71abcd31
- pocketmine/pocketmine-mp 4.0.0@468faa464b2bc5c97f23fafbb71ea61035f6f218
- pocketmine/raklib 0.14.2@e3a861187470e1facc6625040128f447ebbcbaec
- pocketmine/raklib-ipc 0.1.1@922a6444b0c6c7daaa5aa5a832107e1ec4738aed
- pocketmine/snooze 0.3.1@0ac8fc2a781c419a1f64ebca4d5835028f59e29b
- ramsey/collection 1.2.2@cccc74ee5e328031b15640b51056ee8d3bb66c0a
- ramsey/uuid 4.2.3@fc9bb7fb5388691fd7373cd44dcb4d63bbcf24df
- rhumsaa/uuid unknown@unknown
- symfony/polyfill-ctype v1.23.0@46cd95797e9df938fdd2b03693b5fca5e64b01ce
- symfony/polyfill-php80 v1.23.1@1100343ed1a92e3a38f9ae122fc0eb21602547be
- symfony/polyfill-php81 v1.23.0@e66119f3de95efc359483f810c4c3e6436279436
- webmozart/assert 1.10.0@6964c76c7804814a842473e0c8fd15bab0f18e25
- webmozart/path-util 2.3.0@d939f7edc24c9a1bb9c0dee5cb05d8e859490725

Loaded plugins:
Alerts 1.0.0 by hachkingtohach1 for API(s) 4.0.0
BuilderTools 1.3.0-beta2 by CzechPMDevs, VixikHD for API(s) 4.0.0
DevTools 1.15.0 by PocketMine Team for API(s) 4.0.0
ExtendedBlocksConverter 1.0.0 by JavierLeon9966 for API(s) 4.0.0
KeepInventory 1.0.0 by NhanAZ, KhoaGamingVN for API(s) 4.0.0
MaxEnchants 1.2.2 by Xenophilicy for API(s) 4.0.0
MultiWorld 1.7.0-beta3 by CzechPMDevs, VixikCZ, fuyutsuki, kaliiks for API(s) 4.0.0
MyItem 1.4.5 by hachkingtohach1 for API(s) 4.0.0
Netherite 2.0 by Wertzui123 for API(s) 4.0.0
PlayerStats 3.1.9_BETA by hachkingtohach1 for API(s) 4.0.0
PureEntities 2.0.0 by LeinneSW for API(s) 4.0.0
PurePerms 1.4.4 by Vecnavium , 64FF00 & ProjectInfinity for API(s) 4.0.0
ShopGUI 1.0.0 by hachkingtohach1 for API(s) 4.0.0

----------------------REPORT THE DATA BELOW THIS LINE-----------------------

===BEGIN CRASH DUMP===
eNrtXPtz08iW/ld6k6kl1I0VvS15likgCZfsAMmSMEwNZtmW1LI1kSWPHknMFPu373e6W7JsEh5z
2b37AxQkVj9Of+f0eXbL/LmTltWCN++uRFVnZbEzcfd3mmwhdiaW75qeZbn+2AjHnuk6+zvtUnW5
gWGNzWDsWlYQmG6IrpzXzXFVldXO5M+dZrXEqB31vL+zEHXNZ9RyyPOcNSVri0SkWSESthDNvExY
fblaZMV0elJciaIpq9WzLJpO8aNvmExmoumf9u6Dbtrm+ZMsJ8JHk+n0SXlzWPG0mU6XeTvLino6
PZ+Xy7+/OplO6yqeTuc8nl9mxawp6ZM16NYfjOV8SXQVTU3lQHcegMbBFom+T//G5BxsQXi2DTlW
PMbnNzu7JvsLxPYC7/6EfRb06KdyKQp62Cuj30XcsGUZX4oG8hQkCr4S1XR6Jn/v2mPH9PZZ3VQg
+cZ9yxpRNyTLXYstFwSK/sXlYsGL5OBMgj5UT3ue+4Vw+hlfjOeWgRoDjRyA2LUd3/N7BoK3rMay
szZ7v894VfHVG+utZMe+hZ3zbLHMhab0nC/3bNsES59fdfSTuBFx24ivlvDdAJ0BwHNRwf72LCd0
78KzjX30U5LVS97E86/GZLlrUHL/p1OJyB0gUgQO1HwAc8ZbwBTkNYqv3vLPgPEGYArRXJfV5cEi
XgoYTZHkgHZS/J0vxBmndZ6qtj0/CLZgbq49+ime82avW9p7yw5uW9vXa8PXJGV1sKZ3EImkwtNo
WZVNGZe5hKdZfyn+aEFDIdrztzVLMzGdEhfkiyRk8ngf8TH6SfVuEr5NtFtEO1jT6W2Ydi3bHHuW
ZHF8l3hfqIdzuGyEgz0n9D7Nx6eX7Dj5AuyfEsguhSHfkciDL0XuBZ9Gvjm+Q3rEG6638BvJu1d1
x3/LnhvbGmcYDw3jqdFeGMYLwzCO8E/yGd7FZ8Uv8yw6eMkvZXhsRJUizOxZof1X+D0u4jIRSWcT
rvmWnQPCAf4+xY+Xeycjw+A3hvEGDxl6/tsojKss/S8N0zLvNBYFdJQtFRMK8EX5qhbVxbwSPHmu
8oKXIhYZ+T/3MxwogtPpFusUcZTENaW9DF0zUTFzHenCt8xQf2zjV+PpmX4wPkD+xe/4EBjG6fvk
SLX+52/4cU8xaH3tRtjERoe1ln5yOoUUOuCfEMFX2Msdwti1kaq5Crl959bURVm+Fyr25EIsRdW5
UMt2/uImfMGcP+O8rNtKfNhTAJ2/ADDYVhI1FBFpYxzwwFNDui/KJkuzmDdQ+lqv694Se33X+0LC
NT2/Kpos30vKNsoFG6TKlmOO1SLeLYuYjntHHG2y+PJMIS4rDdMfUDiTc55jzp5jWncQefcuBpNN
1ca993rMa3GI5Lx+VvKEou+tyVYLZpAuP+dZ8aycwXR2nXWEtt+yzfS677LN7a4+81YcjO/gwN4W
gzITzbd28XsW8VnBpWaV6ByUBye6nPNqcnBwNDnoFh4QHz0/M2jA1pqU2t/fefthf0f8X1cp36Sa
AHBF4V1WXJX5lVhgCZBNIJu42el60bKeTJ6dGLUsB+3TZtr80MyzGkkbBTmZEdVvfljq1AjAXyDw
7t1/yx4wPTBrxAJDYD1iBn7e/giq0HNNTT54HWkAajETzEMgz3kBWVaTSQwvh7xZyegCEp9Mjk5f
PX52/O7w6fH5xd79fTZEcFbWGVkqtd+7d/9Hplfxh0uOuyULFIBrsJhO0fsEmPds1Ajw/tZ9hTgY
zoAFi+awrZtyIRme7oymO1gKf+TgcLCWbeoHlMl7P3AsZv7I8PvfHrCAPvztb/f/lOMsPU6PjDDS
9TAioqGeQ5/6sXY/VotNYh9ojUQo+fiBQz4EWjFiO4OpWUrr/AsWCjVhd9BL7HyOeLRJ3BtM/yBb
/L5FPXeS/9DLJxgKq5PcD3VeNjVE8CbEHgT7zB7vMwdbYuE3bY2DAsB1lTo5AxELmMGens1rJj8p
3py1gD/HFU3aYMzpBP5h58P3qvx7Vf69Kv9elX+vyr9X5d+r8u9V+feq/HtV/r0q/ydX5V31WlO1
+gjb2chPBafLxq5hf6e/o9yxDNMw0cJb1OVVTdn8VgpMRPkyox5XDsazKDj0ItmZYC/E/k4C/SkS
moy+ukybo2HDgstq+qPMWqHpflOJji3EwLPT84vXpy+fHaHpWkQoYwn7vGmWNaRyTdlYPc8a41qI
KF8ZSCEPqBp53GY5NOCiLPMhzxvNm5w7hjmKRMPtTf4P34t4fvb8SFzRhF+ym+zy6dG3kkJMxJeL
BMSn00hhawjbdLqF9IukMcuaeRtJGQxgH2yQgmzQuC2XvmlTJpa3rQ5rHWMXgi++lSC69afTARLN
8/nFo5cXr84+x/Ea2UFPA8we3zRYTSSPc/TXhyVK2wpefMD7XSM+Yxj/zq8yUT0TZRGGvv+tBLFJ
dTq9A5zyXl8to03qB3dxDrH9DK/fHwMMhLXZ/hkRvUB8f/Qb2n6elxx5Luz9lxffSlKK+HS6gWhb
Ll9sLxoqOH/Ob5Am4nHDWQ5bN7m2jS2P8asoyuU8y7N49a14HZAkDnsoGw+f41oy1+ZN9rqs8mTI
27pxk7WxdonOZ13i4W/yvZFV29TtZYbPlzzPssv6f8VRLgjvNeEF/0Ps/4iTHBAiOa3ozGsoI9Ww
KR/X8P45wVKh6X5/CedgHMLL8rhaGfUKxZiBrPUg4fU8KnmVyJiJmmkuKjmn53vdNmTd3rb013Ac
79uMDlK/Ec9rirKYUyD+snmvqR2sOQLL6qTkvOEbxj5sHbLtGJYRvnt8fPHon7PtA1wbD/9wtnSG
MuUYOX6TiQ05DJu39n9bA56JrCjE+etvxXwu6SHHBgahMYDpTURfF/06iAcbVDT7Z6JabPOu2rZt
3t1k/BcRFwir7YLtM9998sQ02b8yFDdUdpwUaVZkzTeLA+/UAkoOEt3g45f4/+4Sa83n+lrr/0UZ
sH3A/m18G93y8QoMI7vZSmO7CkpyQPkQyUAqwmFZ0QoB+LMoAkbxgjfzYUvMc3CEucO2cvEuKRsg
2GjVl6LrhrbKh88Jbzb60yyXWeq6ZbZYDh/nYG/4nKEYvho2/F7LveyfF5EqKjfaSpQbNArPMo2p
G04MJcNBy3hTDi9FmkO3s03ytZRovdmUwCyGLednzzaWX9V/5AUtpj+xvqspL0WRvd8Uwc2N5prg
WmhY8UUu3ZEtH99nS1W2hDIwv8+zaDgdjzeLTamXBM82TceiWzZ4gqPTDdaT8p2Ett2Ipmxzw+ha
qq43BqpbjF+fb/C8hQCPdDK2xeciv6YItdG4bOQZGknY1fZ5Nt/SvXlbXMrTDVsKyZFSyWZRVnDK
4hHAbMMnSYgrkSeRHkSkYDvLptQNthJWgo1WaknyplHrQ4x367UG/XQnnxVpuaG3yUdbnm1oiRSl
M2yqBMyD7HDWKl3s6P8Gc2OnZzF8xUD4ZN3zpV6XVhSFqHg+dOZDcydT5rVYv5rdy1NW4DsT23Rs
iK1+B6+yM0l5XsOddaffOxN37GGNjOzb9YOUc9d3IzuKvTgcp7aT8jSKxpbgvmU6XuqnthWAdquh
vM6KpLyu2YsLdnR8/vPF6dno8S8vnx6fm8wCCiYxMCs0XZvtdYMt8z579PzIp9BD71IPZPVeSANy
ezWZL9+VtCevT168uCDFpIdrmTXBNy3LWlTvsLkVr3Sw58kcjFXigDzGiO7g1CsQFvmEh2lsp2M/
HIepyV2Xe6kXxTa3I980E3Ps26kwxTgQYxJflcWXB9pJmkZoOA9j7o0TK0hNO0gDNx2Px5Ft+UGc
WKFlRWYihO24DhfSA2JD4H0QqOFX84jHl6MrVBHwjPReCQR4WZTXxUP9m7RtVpV1LQ7AMq8Lusi+
skmdH9qmHYam48SQv+uYpoh8zxdjEYggiFPPTqzE90OXVoWfrkQteBXPJf8LvlxKu7uSSvEwiKLY
tC0eiCSyhcvHgttpwBM35aGIwyQWdhpHQbJhHP3NGb0QIiXpGebfukbIFbv30A3s2B+HnHsiMaPA
ik2AsyMrTenJMnnoxgH349spr9VxZ0xAt6mbrsmDwOEuj6IgDqMQHs5NPHscxJGXijj2HS/hgb1F
XTqKtVXbpAAgI6w4Dc0wFInPx96YAx20wosc/EEmacdJGm5SunULKa9wHvruOBi7UCnfj2IOiXpB
4NmuLQIvtp3Y9kQQex7fghbTsW5ealdJ0CDCUHDHdMLQEWmSRk4YJ45pC9vy/MQzQTqwzRDauUWp
zMs1DTOMhA9jTcawVOE4iR9YUJwwscPYtmPXj62xsJItNPJlJ32J13nRhyIeu3ZESwam50cRGPJM
P4xdkabYzHDsuIJbYbRJKi8pjehUhTJr23zIfeFCrrYXjIVpWm7qJz4+O3ac+o5j+/YYjiZInG1S
MwnGJTB+HFp2bGLfPC8OwIFjmYGIofxjqIOfuqYbm+7HFEaDQKNI+VY6Jqbi1MGOxbYLbDB7m8cJ
FCIwuQUrcOItG+j9gCSR+K6wPc+LEluEpPG2643hELwEk9PYcoAxTLeUvYiaXrhhELvcdCNoRmh5
Aj4lcBInMqHbEBQM0+IRtt/apLD+OJLpkzLqr3DbH93wqWjkwjCEwwPfsqDLY1NYKYdN+XQfZVpw
dq47FnAdERfxbVTonrDLYx6Gts1913XBjB+PEw6XQH8Dx7ZM6J6I3bETcLElX3Vh08X5hyaPA/hq
6LwVu1bIrRQSh33B6APHI//rhcKWyodEuBYrsoN1HifPsR7G+DN2hfCEYwdIiiJYkmtGngV9FgL6
FkW+H5t8TaRtMxV+4HkRK0LIMI08Jwj80EqTsTOGXrhuEkdu4mN2nNpuktL0ebuoOe/mf+zc69Ui
LYsVdjBfIa3IR10KfQWojtzEOAm9cTgWIbyPE6RJYkem44cOHBzijsD2mlCu22ghYgRmT8t6CHdr
Ig6JxOIhnAAHtZALy4ZvR/BAxDJtzx1Hd9KyBriED6UIUychPU8RgkI3gK1aZuzGDkA5MN4QP1UZ
syjf86o5gG8TlQ66pKF+6LvxGNoQmG5guTxwbSiBMLHHieVFPDJTK4BBbRBZwuJG5LylHyEsSeiE
6VgksNkYKhFFYUwx14sj00sQDYEtNMcgIyukXreMlUxSdxmdtjAUFmk2ayt5qcgoxWNpWbGNnGpa
7LKLOQIpq0XToMqoGa8Ea+aClYWo8YE3LOZFUTYsEiwr4ryF88AHpi7DDAQ0BF5Z5YPWebnAzJQI
bNOseSr2WUmHODWRZBG81SVblW2labEsZQvUHmkmV0BuQ+9y5isi/EJc9+RQNaa8zZuaXZfFvYZR
6OcVQ9VbwnllFMJWhJBeg1R8X89FwdrlrOIJCBjTYlp0xCbTgrHd13N5ukRvudaUq9Ibr6rsggyQ
3dSUUCeqW0JV3p9BnrlopLyolI0FU8GFWhZEGRKPxSjnlBLPxITJrJQ66nnbIEcsRvo92wmb7qgb
Ukb3zyKZ7khkj/K8vGZ5VhPa7gU9dpVx9h+tqFY05g/6MNJdE0ZlvJx6LAt7PYcBF6N0kWHHIBSi
Fq2YFiWNV+cAo757AHb3NSwGGgG58iRhyLyU+EmsdCfMFoLTlTlloAxCjwSBhnDEHy2X7w7PsiuM
RVLRCranF2W2eZ+oqxXFqBJL1LUjiJ0udyfolmu/aBcRpAKtelSviviC15eM7u2hR4Yc8ArSkqrd
cUrD5lVZlC12D8PrfSaPnZmqMMge9hkl1ZV6zUTKBvZIbYu20Pfwivi53F7wBC2rypsMGiYgBrAk
NbfowZFsNaCTlHSVxpBO7rOsuUdvUFdyWiIautgmldmazPbAQwu7saVYJBsjzelEktrWVS6Vo2qL
grYzoeqwXMpNkOVIbbAjcaU/s0U2m8OYK5Ti+0Pj04pDEqmqdtmoViUwEswC2DRfcnNhlLLWSJRB
8KsySwD7dgSkI6RzSPgzaJcxUDQMHqlBvaZNi4VY0Gvjcrm/52UE7aEzKKbaYQeLrCHbXogZj+SZ
ETtXojalcLOaaMvpF7Rr15mUvNQoGO31SBHqlKyWHKYZIMIjCbqNIjJpJUS3pFJy7FZLZspmJTaq
JDMlraCFZhLmSEKbMJO4wOrSBauM7P89B3So9yn8c1Tz/xj+uimXEoJ2nz0kTa5mcB9LiqZJD4hW
7VBZyDs1MOkEXkur0Pjqe98AobQLCYk8BotbBJ8CwYepl2pJu0sFWVkkBat+tLiJhUjqNUfKcZ1e
HE/YxdOTc/bs5PnJBXt0dvbs5PicnR2/ZK9PX/58/HKfYRC7OMWoY/b66emzY3b28vTw+Pzc2HYB
G/KwPV+L40xUWSkDMjnimhiM50K6ZCmN3tlakD1SgkT6FjlkBFcolJuVpA7LAnzCQUObiN+7lE0p
2fWcIitkQi5IDZOUFRG43rUjVxFJrnFKMYTivJxgfDyadEGfSGPbliKmdEBJluCqfVVzex6gXmJZ
r1l1TM1rff92SJpzR3M+41UEyxitM2vpgG6XrjQ1gqNnMT0LvnvBi1YmH0MkSMxa6OD9/S4mbCth
p4YqvKYo8hvF72JtggY7VT5fKTy9jNzmSY8lQxC5Ltgaf60ILyV8MOqbpuYVqz2RzuKjIClVR1Ho
eUurctEFWzVbjxgNVXO4w8SN3smPdIPdolIb2nHeJYy0ZRVWIjXUipy0i6XKrlQKx3THiDq6/Tqi
QXqCxC5hdhzQdyiuBYyd3yJgBG0EPqxwBSWr61aQY2jm2LVZl22S06LV1qj2u41UOYJOKg2Fhobe
KacFvxnJs9i6w37Il9SaLdoFYizCa0XEG14gq8RGMvWWuEKxlivZixaltJiPdQzJ9lIjkguOKAtu
EXTdfseOStW1rdOUG5HXU/TV4M6EFC09cMiZzBxG8qy35+0IUGSugvSRpAd0KsFQVJbyxVim5igO
19xhmpan4qdbmQavs10SYE5lgKb7aVKf0sNpoV8MnegQgdRsXuYqxYzoKlZm4hIysiaokA4y0rep
ykf3qtASiT7ZVOFtd7hLXRe51WrVEPF9NrIGGyg3Ty48ajowOgRIr73OY+X9AKWQieKcahmZ6NNk
NGpYBnuKXBC69EAmd+zw7NU+5gJDBPu6zhKovcwVlPfs6Y8k/Qnzu7R7nZHXUjqDsQZ7lMBRzXme
HqCUVGVCIqDDeiksyuhckBRsYIjrsDcgNixFjm/Iq1GKyXODEYhXZ8VZl2yvC0CqJQjUNcImTWyX
xXKkn7eqm+fa6ursvej3k9LybhtrCng6ZULartRjEFrd0FaT7hvsTM/JeTWTE7iuRLUuyBXTis+I
BewJxFYvc5mxUHm5AHgydl7RPh3mGUaperlSr+2z5xevJNIaLBHbUdswqs/lVq6XU8WF0fmaRdOO
aNZEoh3Wh6KQl0jS1lNGBwMxva3as4n6N02z2GAySs05JQEsW0A2De0ddkP+nzlwU/sSCzbtSoKe
kyTgdaUjRojm0p3XaktVKoGxjdZR4kSo8wHt6nQ1dXQqk6Sjk/NHj5EfyXyqLaQOkcOmb6VW8v5T
JQkZKaP+UmgyrDfWfK5tPRFRO5t0RdtPzKJiTaesc7gr2c90iV6rQwWy5qIuVfDWFmERMYVaUTuc
lyjiyQq7Wk101bj04nRszGp+1UULfETprb7/Q32DMh7A5M28Str0mczvZVaoAwEpqXvs16i8Icuv
2MkR2/v11cnRfew7zB4YMP4a20YbkyHcwziohqsSLR+VfsAayvXeFbD2Xx8/6+jr+m7Qck8uRpdj
MnGQ26tTEclb2Z0Q6TB6A3wjejHhQZmmcln0ZelqdNNmyXpDpDxHm4czF/J0RZma+u+ZlAzkWG1X
ba1PedQXbKXF6zkjNWfC9O0pLaNCiHaPehWKgbyY9TVKQdPy7VC83426ysT1qA/Qtx2IKeE+WpQt
eY9UxTrtTCCyTrQU28k7yqMQbD99lsEZk1/KUD2YLBkvhCq9I6GIRYK+Kwo3wq+lUpCO6u+UkWpR
82bQV+zTQj378IGMb0PV307AavRN1NtQmrfD5BUoJYx36g6w3WT63aNxtk54IvlGK6RZZ4mKGcQP
x55C4eo2GkphRkEUI0SiQqd86EObPGrSysHjWORCVgpKveWqeXaJJahOlp4o52B9VpXXzVz5MSzB
2VxRGzg5WH/dqJAswY5IGh200Vo0irWTo3rAF7lp2nlFjalr055NfeTUpTlyzsYmgd6I2WwXMFEq
rzdyfazV76Xx8WZq53XNM1nNIpig1FNatCyXbd6ZjX6geC/H6LDh2LSgLIOIS7kSRVzyXEgJdIFB
Lfogb6JTHTp3lMW1alaZgtYsAFl76GTt9MgyR/Sdr62m3jFsNuvXCAYxHf5gpF4l60fOsW8TBcVY
LhZLIyslYri61YKKQ5hyQ+escb2GTmFK97N1v2RBujk+m1Vipo8U9fmjOmah71VfbvMn8cHXnB6d
0pdGRjooqPyA3Ne1UBUIh5FfyxVrCXzNgGwzBof+iNO95NslvZCkNucjoWJDVb9WJmRC9N6AjGWD
eHNIZ/NieJa3j+CwnHOYhSDPXhGGLi9FxEhFhdpjRH6xoGCoervYpSIH3zgb1K9wDIJtixwcuY30
rZ0L0wTlLqv+bo2PdlXxNdzWJlusI4iOxkSUxsv/zKJW1yHkxmlBeeipJ3UH3MZ6Ad0zXKGT3Kfj
vQ4maieVBQzOkjQNkG+0PLtTo7luVC6u6isJ7R3oEB7FWiLToCztCdEleVupGxfyNt1RivK8oKe9
UxdvkZPxWtdpSK05vfmknygBAka9V5Nu01QfdJTO9CbsjcxckLTuy0O+t0RUlmDr4D28CZJsUCZd
SQdPxyjKeZFWiebWOCr9sywfa1kxyPKbXvsGVp0EDOGrdSUG9REUyQxcU8XU9YoT9uTZowvVSKWG
oJO1H/UbGfteeAOOCrHv3CRZ1exLp/ujzvTUXcvw0EIZMQU6iFafKfJWa12OzYpXTH3rra06v9tV
alV/SyOdCuggHMXyFqzu5DTqbnigAiqt330ivYlcSo7fICLzYt3ybtAykvnlIPErVe4vbuDbal3k
xpdUJtWyoINzizIUKCuVyMlxxC+goARTkUKZiuJS0kdmVPXumK5ftzeV7inP1lt8KC8r5W3dFFnL
7pMqY0ciZrbLbHvieBPPZK9PHjPbtC0a0N2oPRDwsHhelE3yYONqk6nbNOpUi4/I9h5YoYVIttl4
5ctmh5p1sZAt0QhlR8v1PGvEiG7gKHWVi6Ge0tnbA9uklhmn04REPJBP6tKvb9Oz6PyW7nm65+XV
Uq+QZFRgQaNXDyS0XkH7ePdA8ixzY0q5H6hvUVTrfFkkgyF04/7g6PjJo1fPLgY8yXtCvaSMFmS6
+nkjm30QUNMgY5dDdj78D3BC3Os=
===END CRASH DUMP===
