PocketMine-MP Crash Dump Sun Dec 26 16:57:21 WIB 2021

Error: Undefined variable $item
File: plugins/ShopGUI/src/hachkingtohach1/ShopGUI/ShopGUI
Line: 341
Type: ErrorException

THIS CRASH WAS CAUSED BY A PLUGIN
BAD PLUGIN: ShopGUI

Code:
[332] 						$player->getInventory()->addItem($menu->getItem(49));
[333] 						$menu->setItem(49, $this->getDataItem(0, 0, 0));
[334] 						$player->getWorld()->broadcastLevelEvent($player, LevelEventPacket::EVENT_SOUND_ENDERMAN_TELEPORT, mt_rand());
[335] 					}
[336] 					$action->setCancelled();
[337]                 break;				
[338] 			} 					
[339] 			foreach($this->dataPlayers[$player->getName()] as $dataItems){
[340] 			    if($itemClicked->getCustomName() == $dataItems["ITEM"]->getCustomName()){
[341] 					if(!isset($this->dataPlayers[$player->getName()][$item->getCustomName()])){
[342] 						$player->getWorld()->broadcastLevelEvent($player, LevelEventPacket::EVENT_SOUND_ENDERMAN_TELEPORT, mt_rand());
[343] 						$player->sendMessage(TextFormat::RED."Something didn't go OK! ".TextFormat::GRAY."BACKEND_ERROR");
[344] 						$player->removeCurrentWindow();
[345] 					}
[346] 					$itemNeed = true;
[347] 					$costCoins = true;
[348] 					if($dataItems["MIXED_NEEDLE"] != false){
[349] 			            $count = 0;
[350] 					    $itemNeedRemove = [];
[351] 					    foreach($player->getInventory()->getContents() as $case => $checkInventory){

Backtrace:
#0 plugins/ShopGUI/src/hachkingtohach1/ShopGUI/ShopGUI(341): pocketmine\errorhandler\ErrorToExceptionHandler::handle(integer 2, string[24] Undefined variable $item, string[67] D:\FoxCraft\plugins\ShopGUI\src\hachkingtohach1\ShopGUI\ShopGUI.php, integer 341)
#1 plugins/MyItem/src/skymin/InventoryLib/LibInventory(124): hachkingtohach1\ShopGUI\ShopGUI->hachkingtohach1\ShopGUI\{closure}(object skymin\InventoryLib\InvLibAction#115200)
#2 plugins/MyItem/src/skymin/InventoryLib/InvLibManager(52): skymin\InventoryLib\LibInventory->onActionSenssor(object skymin\InventoryLib\InvLibAction#115200)
#3 (): skymin\InventoryLib\LibInventory->skymin\InventoryLib\{closure}()
#4 plugins/MyItem/src/skymin/InventoryLib/InvLibManager(56): Closure->call(object skymin\InventoryLib\LibInventory#115128)
#5 pmsrc/src/event/RegisteredListener(75): skymin\InventoryLib\InvLibManager::skymin\InventoryLib\{closure}(object pocketmine\event\inventory\InventoryTransactionEvent#115202)
#6 pmsrc/src/event/Event(62): pocketmine\event\RegisteredListener->callEvent(object pocketmine\event\inventory\InventoryTransactionEvent#115202)
#7 pmsrc/src/inventory/transaction/InventoryTransaction(294): pocketmine\event\Event->call()
#8 pmsrc/src/inventory/transaction/InventoryTransaction(312): pocketmine\inventory\transaction\InventoryTransaction->callExecuteEvent()
#9 pmsrc/src/network/mcpe/handler/InGamePacketHandler(320): pocketmine\inventory\transaction\InventoryTransaction->execute()
#10 pmsrc/src/network/mcpe/handler/InGamePacketHandler(217): pocketmine\network\mcpe\handler\InGamePacketHandler->handleNormalTransaction(object pocketmine\network\mcpe\protocol\types\inventory\NormalTransactionData#117056)
#11 pmsrc/vendor/pocketmine/bedrock-protocol/src/InventoryTransactionPacket(114): pocketmine\network\mcpe\handler\InGamePacketHandler->handleInventoryTransaction(object pocketmine\network\mcpe\protocol\InventoryTransactionPacket#92661)
#12 pmsrc/src/network/mcpe/NetworkSession(395): pocketmine\network\mcpe\protocol\InventoryTransactionPacket->handle(object pocketmine\network\mcpe\handler\InGamePacketHandler#91352)
#13 pmsrc/src/network/mcpe/NetworkSession(358): pocketmine\network\mcpe\NetworkSession->handleDataPacket(object pocketmine\network\mcpe\protocol\InventoryTransactionPacket#92661, string[243] .............Nk.........display...Lore.........9....7Cost....6200 coins....6....)
#14 pmsrc/src/network/mcpe/raklib/RakLibInterface(192): pocketmine\network\mcpe\NetworkSession->handleEncoded(string[116] ..(................?#....;CJfqANb%'..O~Q*.H....rKv a.._\..d....($.g.....D.D.sNfr)
#15 pmsrc/vendor/pocketmine/raklib-ipc/src/RakLibToUserThreadMessageReceiver(42): pocketmine\network\mcpe\raklib\RakLibInterface->onPacketReceive(integer 0, string[125] ..#..........)g.SG..0....g.T&.s/$.....Y#Iw.94....$.......W1..j...........s{&v.0.)
#16 pmsrc/src/network/mcpe/raklib/RakLibInterface(122): raklib\server\ipc\RakLibToUserThreadMessageReceiver->handle(object pocketmine\network\mcpe\raklib\RakLibInterface#25089)
#17 pmsrc/vendor/pocketmine/snooze/src/SleeperHandler(123): pocketmine\network\mcpe\raklib\RakLibInterface->pocketmine\network\mcpe\raklib\{closure}()
#18 pmsrc/vendor/pocketmine/snooze/src/SleeperHandler(82): pocketmine\snooze\SleeperHandler->processNotifications()
#19 pmsrc/src/Server(1645): pocketmine\snooze\SleeperHandler->sleepUntil(double 1640512641.1737)
#20 pmsrc/src/Server(1034): pocketmine\Server->tickProcessor()
#21 pmsrc/src/PocketMine(301): pocketmine\Server->__construct(object BaseClassLoader#2, object pocketmine\utils\MainLogger#3, string[12] D:\FoxCraft\, string[20] D:\FoxCraft\plugins\)
#22 pmsrc/src/PocketMine(324): pocketmine\server()
#23 pmsrc(11): require(string[56] phar://D:/FoxCraft/PocketMine-MP.phar/src/PocketMine.php)

PocketMine-MP version: 4.0.0 [Protocol 475]
Git commit: 468faa464b2bc5c97f23fafbb71ea61035f6f218
uname -a: Windows NT DESKTOP-BVRHES0 10.0 build 19042 (Windows 10) AMD64
PHP Version: 8.0.13
Zend version: 4.0.13
OS: WINNT, win
Composer libraries: 
- adhocore/json-comment 1.1.2@fc2f76979f0a44a5f5bc2a2b600d0762fe0e78e7
- brick/math 0.9.3@ca57d18f028f84f777b2168cd1911b0dee2343ae
- daverandom/callback-validator unknown@unknown
- fgrosse/phpasn1 v2.3.0@20299033c35f4300eb656e7e8e88cf52d1d6694e
- netresearch/jsonmapper v4.0.0@8bbc021a8edb2e4a7ea2f8ad4fa9ec9dce2fcb8d
- pocketmine/bedrock-data 1.5.0+bedrock-1.18.0@482c679aa5ed0b81c088c2b1ff0b8110a94c8a6c
- pocketmine/bedrock-protocol 7.0.0+bedrock-1.18.0@040a883a4abb8c9b93114d5278cb5fecc635da82
- pocketmine/binaryutils 0.2.2@f883e1cf9099ed6a757a10a2f75b3333eeb2cdf9
- pocketmine/callback-validator 1.0.3@64787469766bcaa7e5885242e85c23c25e8c55a2
- pocketmine/classloader 0.2.0@49ea303993efdfb39cd302e2156d50aa78209e78
- pocketmine/color 0.2.0@09be6ea6d76f2e33d6813c39d29c22c46c17e1d2
- pocketmine/errorhandler 0.3.0@ec742b209e8056bbe855069c4eff94c9734ea19b
- pocketmine/locale-data 2.0.20@a6e4eb22587e0014f6d658732cf633262723f8d3
- pocketmine/log 0.4.0@e6c912c0f9055c81d23108ec2d179b96f404c043
- pocketmine/log-pthreads 0.4.0@61f709e8cf36bcc24e4efe02acded680a1ce23cd
- pocketmine/math 0.4.0@6d64e2555bd2e95ed024574f75d1cefc135c89fc
- pocketmine/nbt 0.3.0@98c4a04b55a915e18f83d3b0c9beb24a71abcd31
- pocketmine/pocketmine-mp 4.0.0@468faa464b2bc5c97f23fafbb71ea61035f6f218
- pocketmine/raklib 0.14.2@e3a861187470e1facc6625040128f447ebbcbaec
- pocketmine/raklib-ipc 0.1.1@922a6444b0c6c7daaa5aa5a832107e1ec4738aed
- pocketmine/snooze 0.3.1@0ac8fc2a781c419a1f64ebca4d5835028f59e29b
- ramsey/collection 1.2.2@cccc74ee5e328031b15640b51056ee8d3bb66c0a
- ramsey/uuid 4.2.3@fc9bb7fb5388691fd7373cd44dcb4d63bbcf24df
- rhumsaa/uuid unknown@unknown
- symfony/polyfill-ctype v1.23.0@46cd95797e9df938fdd2b03693b5fca5e64b01ce
- symfony/polyfill-php80 v1.23.1@1100343ed1a92e3a38f9ae122fc0eb21602547be
- symfony/polyfill-php81 v1.23.0@e66119f3de95efc359483f810c4c3e6436279436
- webmozart/assert 1.10.0@6964c76c7804814a842473e0c8fd15bab0f18e25
- webmozart/path-util 2.3.0@d939f7edc24c9a1bb9c0dee5cb05d8e859490725

Loaded plugins:
Alerts 1.0.0 by hachkingtohach1 for API(s) 4.0.0
BuilderTools 1.3.0-beta2 by CzechPMDevs, VixikHD for API(s) 4.0.0
DevTools 1.15.0 by PocketMine Team for API(s) 4.0.0
EconomyAPI 5.7.3-PM4 by onebone for API(s) 4.0.0
ExtendedBlocksConverter 1.0.0 by JavierLeon9966 for API(s) 4.0.0
KeepInventory 1.0.0 by NhanAZ, KhoaGamingVN for API(s) 4.0.0
MaxEnchants 1.2.2 by Xenophilicy for API(s) 4.0.0
MultiWorld 1.7.0-beta3 by CzechPMDevs, VixikCZ, fuyutsuki, kaliiks for API(s) 4.0.0
MyItem 1.4.5 by hachkingtohach1 for API(s) 4.0.0
Netherite 2.0 by Wertzui123 for API(s) 4.0.0
PlayerStats 3.1.9_BETA by hachkingtohach1 for API(s) 4.0.0
PureEntities 2.0.0 by LeinneSW for API(s) 4.0.0
PurePerms 1.4.4 by Vecnavium , 64FF00 & ProjectInfinity for API(s) 4.0.0
ShopGUI 1.0.0 by hachkingtohach1 for API(s) 4.0.0

----------------------REPORT THE DATA BELOW THIS LINE-----------------------

===BEGIN CRASH DUMP===
eNrtPGl320aSf6WH8k7kXZHCTYB5ylqW6EQTXSPJcWZCP70G0CARgQCDQxKdl/ntW1XduCjJcRzt
m/lgJ7aAPqrrProb+nUQZfmSl9e3Ii/iLB1MrJ1BGS/FYKI7lmbrhmPpI9Mde6a5M6hWssvSRppl
upapmZpneLZj7wwSXpTTPM/yweTXQblewbABvU/vAwHzAPbOYCmKgs+x620aiihORchueR5zPxHs
RVyKJQyKqiR5Eyc46nAym73J7g9yHpWz2Sqp5nFazGaXi2z17duj2azIg9lswYPFTZzOywyf9E63
ehitFiuEK2EqKLuqcxdg7G6AaPrUT5icAK6DiWnpwJ6cB/D802BLY58BbBuAvJywVRbciHIJYGcz
gXxa8DRMRD6bEdeusoZv38mOyUSO2I7TUsxFzowdVpQ5LPSTYb1nTzG0GeSM37Pn4+cOq9FAcoBB
W3rDjJP1ESxMvChu1kDi7lF6K9Iyy9fHsb8Lf5v3bd2wgBm/u+Twm6eH/BokWVHl4rftzP9ZBCWT
i85m3VXpDX7uB8jSLV23DU0jvI1PxVsCOOEpaHC+bRuA9+MrdQkcfpOlcs1LkRZFln8ekibb/sTl
Hh/T8ojAWZ9JswNIHEhIw28CniQfp6aLGVKjGy4tb7PVklaEvwL7dy/EPC5KkYvwGH+msNjYfpLi
HlaTye+RrHDsWRyOnM3iekZn8lXO04KTBKbYJMVgEOLOA8RpyLZjbFq0hP+QLMk2Oev58Bp38Grm
7pbtjN3HwGwbnvU43rSAkjAt4H7eAqa+yZgOZZ3Zj5OpeHUvgqoUkmWEjNdBJhXlXZbf7C6DldhV
LhRw+ZYvxTnHZZX33DYN7U+hIiQaEgNd+xwUDH28gYKaOpvhXPS8KgQ8Mhs9ID6cYrxOukx+RI02
4K7yrMyCLAFCITAXPdIfwDvkJQfdGmtg7USrrmiFKWGW77br7PoizOFtWMMndjzGPknJtq5bf54B
jyraH+HB0whueYbjqGhmPCXhU/lyCakMqbhnf5ymT1m4pu0T6PgYi7Y83bSlR9DNT8Xfdj+Of398
jSlqiZLqc/K+k9KY79mo++f0pnkM42KV8DU8HWe5aJo9/Gd8kBUlPjgQO1mQQZCjN/xHcsZ6ijM5
v0kg5l3wGwpc4LcjyPS2dc/4HA5N0yALRbitCNJ1BwnaHm38+d8t/Pfrg79Fv+yf+v/11Wh09q+/
//foO2zNv79lfDS6ns2AZmzYfjGa06xD+K84jXJJkf2khUqShvFKkitJu8reFiK/WuSChycyI78Q
gYihBti2fodWCRAiW59JmOZIOSpITZaqNSLVDRs5sNXS/nI+uvx2NNLweT66+uuo2H1BHf/YOrob
eRY+vlBj3+mj0c8dvhW//vUWZkoGOH9UpAaSWdMCzLhFiwIu1YR9hEV/wFafYNaWYWuuJzEfPym6
Is2yD4JIukyEWIm8jiO6YX6mkD5hzkamqLufgaC7qURyKOTsvXGAD4QP4O5pVsZRHHD0BoVatxvk
L0lA21CR2p8IuMD3t2kZJ9thVmEx1Cln9bE5lqm/9sgimrkZpGTP8JsyDm7OJcaQx0sIegfCOc05
gTnbpqY/AeT6OgAiy7wKGs/5mhfiAOrn4jjjIXhxKOwe0a0KiIHQfcLj9Dibg2ltmR3T2qztWkeq
PVn2SQqMJygwNtkgzUTRrcILhHQ0JPFLFeeidnU2eLrVgueT3d3DyW69cAf48OR8hAM21sS68uXg
/W87A/E8GwnPUvADOhLCNWRNWXIrlhDBAGwIFAfloO6FlnYyen5E3zQNaJ+V7X8vMHChHsxF2VbB
L4ff8DDESmz7BYCvZDe+Wt7Ll18DRNM0NyHJgUUzcIe9KBdxQXMxPFMzuF/8vwZifQSdd1mehIiK
n4MeBrwoj6EcULWKGrjD2jbp7yeT6Q/T06vry7O3p4fX09PD6cXJ/un11fR4en52cbXDluU1xHoA
rFCweyj8Rm1Or+1FnXMDbQc8DUSSQBxV08cwlG388cFN33xdT6dhbgPxN9ZCpi6v6YogewDxbyu+
hZjTEJnFT13GnEKetf3yPeMFexEqxhYvf0VgltYAQ0TiaJuU7yABVyFCmn1QFWW2lDDY3l4HxE+z
wdHV9GQ2eP9goIKu9/gC0P8SF8CUT0T4J8LlAez3NXTj364MlvkUCgWEGxV4t6/EffmGtiknk4vp
4Wg2uMyWAliQzlkYh+lXJZtn7Oz7v7DZYNQd/O3F/j9g9Ov9g++niM/FxdnFbKCWftIUcrHMbsVB
ledA17sYwt6dUj7rEd21NnQXWX4qwB3tMXDyQs4b98cEkKIeYGbaG+RuCrunKSdHP04Pr0+n08Pj
KWgM+8sei3hSCCVLr6eH9R9YqUpLWEWjJWyttwSNqPG9IKph6E/v5Vj9wdjGXJ7yYahoGWQbaQlR
nMwFFAdgfgMPCxHcNIMB6d++bKR+2Uj9spH6ZSP1y0bql43ULxupXzZSv2ykftlI/bKR+mUj9ctG
6peN1C8bqc+xkVpvTRa4FbkP4izpKeV4h6tu2Bk0V78GOvgBDVp4VS6yvMDSfKNaRKB8FWOPRYPh
XaRYJIeDCW5l7AxC0J80xMnQV2RRedhtWHLaKn1QhEps6p+4/woihIHnZ5dX784ujg+h6U74BVTi
OL0sVwVw5Y6XwaJYxOXoTgg/WY+CbLmLWwuvqzgBDbjKsqRLc6+5T7k50oa+KLnRp//ggwgW5yeH
4hYn/BDfxzffHT4XFwIEvlqGAHw28yVuJeI2m21g+kncmMflovKJBx20d3uggDfQuMmXpqnPE93e
VIdWx9iV4MvnYkS9/mzWwUTRfHm1f3H19vz3KG4x221gALFTcBLZcr1/ftQht9PYJdgejUfm8PzE
6tOcpcKHv89FqwIHJaLEAmBCndjF6KPCJqLuoQSGlOh1AkQXBxnkgjmEpi6FT4z4HWv/G7+NRX4s
stTzHOe5KO5DBWIfR0665D8s+D703acoB7Z9D6GsyZs7zOq3/w6LTiFp2f8ntH2/yDgUDuDEfjh9
Lk5J4LNZD6NNvnyyE1CoAuUn/B6yaHjtRYBua59qY7ThBn8UabZaxEkcrJ+L1g5IpLBBpffyKdZw
UiVlTOcVXdraxj5pY+Xnzd/18wf/pMvI66osqpsYnm94Esc3xf+L918ivneIL9Dfxf3PeP4OIOQT
7VB2eSQb+vyxRva/JwOQ2NQ/P4VyIByYFydBvh4V61IUI0jFd0NeLPyM5yElAlBSLkROcxq627Yu
6campb8Dx/GhiqFIeC6aW4hU60okPtu8W2i7LUVAsjwRvCx5z9i7rV2yzZE+8q5fT6/2/z1i7+DV
e/nTKeA51F5TKFzKWPT40G3ekP+mBhyLOE3F5bvnIj4heFA4AA5C4QBE9zH6Y9GvRnG3B0WRfy7y
5Sbtsm3T5jdSnh9EkEJYrZZshznWmzeaxv7KoGLDWuoojeI0Lp8tDlzLBSQfCLvO46f4//raRUtn
exHjP6K22TyDex7fhvdSeA4EQ3azkZvXZSFRgPkQ8oAU4SDLcQUX6NMxAvrBkpeLbkvAE6AI5nbb
suV1mJWAQa9VXc5pG6o86b6HvOz1R3FCWWrbMl+uuq8LIK/7HkNWfNtt+LkgWTbvS19Wyr22DGoo
HAXvlMYUJUeCwu6gVdDnw4WIEkGbqN3Wgjha9JtCMItuy+X5cW/5dfFLkuJi6ok1XWV2I9L4Q58F
9/eKakRXh4Y1Xybkjgx6/RCvZC3mUWD+kMR+dzq83i/7XM8QPUPTTF03PGg4PzzrkR5m14TaZiM0
xX2BZSs8au0NvIyXq0T8eNKjeQMDeMXtvg06l8kdRqhe46qkjUHksKXs83yxoXuLKr2hLRuDmGQS
V+K5H6ccs3gIYMbIQU7gXZTQV4MQFNjOqsxUgyGZFYKgpVoiv3FUuzNz3a7V6cdbZHEaZT29DR+I
PO5pCbHS7DblAswD7XBeSV2s4f8TzI2dnQfgKzrMR+terNS6uCKeefKk68y75o6mzAvRfsbX8JO2
FQYTQzMNYFtxDV5lMKGbI7CCOk4YTKyxDWvEaN+W40acW47lG35gB944MsyIR74/1gV3dM20Iycy
dBdgVwoVeUmmYKdX7HB6+f3V2fnw9Q8X300vNaYDFoxwYLqnWQbbrgfr2ku2f3LoYOjBD/Q6vPog
yICsRk0Wq+sMZfLu6PT0ChUTX+4oawLftMoKkV+DcHOeq2DPwwUQlotd9BhDGKMu7enoE15FgRGN
HW/sRRq3LG5Hth8Y3PAdTQu1sWNEQhNjV4yRfXkc3OwqJ6mNvJH5KuD2ONTdSDPcyLWi8XjsG7rj
BqHu6bqvhUIYpmVyQR4QBALeBwI1nsD6PLgZ3kIVAZ4R7zcCA2/S7C59pX6its3zrCjELpDMixTv
4NwaqM6vDM3wPM00A+C/ZWqa8B3bEWPhCtcNItsI9dBxPAtXBT+di0LwPFgQ/Uu+WpHd3ZJSvHJ9
P9AMnbsi9A1h8bHgRuTy0Iq4JwIvDIQRBb4b9oyjOaPES0nESXuk/U/dCHwF6b2yXCNwxh7ntgg1
39UDDZAzfD2K8E3XuGcFLneCxyG36jgYI6Kb0DVL465rcov7vht4vgcezgptY+wGvh2JIHBMO+Su
sQGdHEVr1QYqAIARehB5mueJ0OFje8wBO9AK2zfhD2SSRhBGXh/SoyLEvMJ85Vhjd2yBSjmOH3Dg
qO26tmEZwrUDwwwMW7iBbfMN1ALcq04y5SoRNWChJ7ipmZ5niiiMfNMLQlMzhKHbTmhrANo1NA+0
cwNSlmQtDM3zhQPGGo7BUoVpho6rg+J4oeEFhhFYTqCPhR5uYNO9PFV70VciGFuGj0u6mu34PhBk
a44XWCKKQJje2LQE1z2/DyrJMI2oVQUza0N7xR1hAV8N2x0LTdOtyAkdeDaNIHJM03CMMTgaNzQ3
Qc0JGQuRcQJPNwIN5GbbgQsUmLrmigCUfwzq4ESWZgWa9RDCsBNoJChHj8ZIVBCZILHAsAA3MHuD
ByEohKtxHazADDZsoPEDBCJ0LGHYtu2HhvBQ4w3LHoNDsEOYHAW6CTh60Yayp37ZMNdzA4trlg+a
4em2AJ/imqHpa6DbwCgwTJ37IH69D6F9HFL6JI36D7jtB8eaMhpZYBjC5K6j66DLY03oEQebcgwb
DE8HZ2dZYwGuw+cieAwKHo7WecwrzzC4Y1kWEOME45CDS8D/XdPQNdA9EVhj0+Vig7/yFKqO8680
Hrjgq0Hn9cDSPa5HwHGwLzB617TR/9qeMEj5IBEuxBrtoM3jaB/rVQB/xpYQtjANF5IiHyzJ0nxb
B30WAvTN9x0n0HgLpKpiGX7A80Ks8ICHkW+brut4ehSOzTHohWWFgW+FDswOIsMKI5y+qJYF5/X8
h869WC+jLF2DBJM1pBXJsE6hbwFVk4QYhJ499sbCA+9julEYGr5mOp4JDg7ijgDxaqBcj8GCiOFq
DSz9FbhbDeKQCHXugRPgAM3jQjfAt0PwgIilGbY19p+EpXfwEg4ohReZIep5BCHIs1ywVV0LrMAE
pEwwXg/+lWXMMvvA83IXfJvIVdBFDXU8xwrGoA2uZrm6xV3LACUQGsg41G2f+1qku2BQPSArsLgh
Om/yI4hL6JleNBYh2GwAKuH7XoAx1w58zQ4hGgJunjYGMFQhNbo1WlOSusVwt4VBYRHF8yqnk1KG
KR7ebmW9nGqWbrGrBQRSVoiyhCqjYDwXrFwIlqWigAdesoCnaVYyX7A4DZIKnAc8MHnCN4KABoGX
qnyAhZeWWRYhgE2YBY/EDstwE6dAkPJGO1tnVa5gsThiS6g9ophWgNwGvz5I1gj4VNw14KBqjHiV
lAW7y/BiNIZ+njOoejNwXjGGsDViiBfIJd13C5GyajXPeQgARrN0ltbAJrOUsa13C9pdYmXG8FY2
AxDqTBR4gLdPMKEOZTehKr0/A34moiR+YSkbCCaDC7YsETJwPBDDhGNKPBcTeZ8ZO4pFVUKOmA7V
Zx4TNhvIY1+Gh+oinA0Is/0kye5YEheIbX0Tk93GnP29Evkax/yCD0PVNaHb1jR1SoW9msMAL4bp
IgOJAVMQmr9mipU4Xu4DDJvuDrJb78BiQCOArzwMGWRekv3IVjzoZkvB8R4AZqAMmO4LRBqYI36p
eIJsm8e3MBaSikqwbbUoM7SXCF2uKIa5WEFdOwS244n1BLpp7dNq6QNXQKv2i3UaXPHihuFlBNCj
EQ14C9wi1a4pxWGLPEuzCqQHw4sdRtvOTFYYaA87DJPqXN7CId6APWLbskrV5QIJ/JLECzSBluXZ
fQwaJoANQBJpbtogh7xVCB1FqKs4BnVyh8XlV8C+MqdpoSjxtB5VZmMy2wYaKrAbg9hCZAwVpRMC
tamrnJQjr9KUvhPA6jBbkRCoHClG7FDcqme2jOcLMOYcSvGdrvEpxUGO5Hm1KmWrZBgyZonXpiRd
JFwwSqo1QmkQ/DaLQ0D7cQxQR1DnIOGPQbtGHUWDwUM5qNG0WboUsNxaGuW3SeaD9uAeFJPtYAfL
uETbXoo592nPiF1KVmvE3LhA2DT9CqV2FxPnSaPAaO+GElCtZAVRGMWAIngkutCKYKJciHpJqeQg
rQrNlM0zEFSGZopagQvNCc0hoTZhGlIBq5MLlhnZfzwFuKn3MfwXUM3/OfyLMlsRCsp9NigpcAUD
97HCaBo2COGqNVY65J0KMXIC78gqFH7FV8+AIdkFoYQegwXy0xiwdHmXF7U7kyhLi8Rg1YwW94EQ
YdFSJB3X2dV0wq6+O7pkx0cnR1ds//z8+Gh6yc6nF+zd2cX304sdBoPY1RmMmrJ3350dT9n5xdnB
9PJytOkCevwwbEex41zkcUYBGR1xgQTSdyg1NxpnqwPvISUIybfQkCG4QiHdLIHC71riFBw0aBPS
+5SySSW7W2BkBZ6gC5LDCLIEAq63deQyItEaZxhDMM7ThNHD0agLakcaxLYSAaYDkrOIrpSrnNvQ
AOolVkVLqqkpWouXj6OkKDcV5XOe+2AZwzazJgf0OHfJ1BAdNYupWeC7lzytKPnoYgKJWQU6+HKn
jgmbSliroQyvERT5paR32ZrgiJ1Jny8VHrKHrErCBpcYgshdylr8Cwl4RegDoY6mKVphtTfkLB4E
SVIdCaGhLcqzZR1s5Ww1YthVza6EkRolyQe6wR5RqZ52XNYJI4osh5VQDZUih9VyJbMrmcIx1THE
jlpehzhITSDcCc2aAvxc606AsfNHGAxBGwIfrHALSlYUlUDHUC5AavM620Snhau1WO3UgpQ5gkoq
RxIbHPokn5b8fkh7sUWN+wFfYWu8rJYQYyG85gi8xI9DUZBMfpEmsWj5ivaiWEkW81DHINleKYxo
wSFmwRUEXauR2GEmuzZ1GnMj9HoSvhxcm5CEpQZ2KaPMYUh7vQ1th4AK5SqQPiL3ADuZYEgoK7oN
zOQcSWFLHUxT/JT01Cvj4DbbRQYmWAYouB8H9TE9nKXqtutEhQhIzRZZIlNMH49iKRMnlAv8tI2p
IEO+TVY+qleGFl80yaYMb1tdKdVd6FbzNX3xucOGekeAJDxaeFjWyKgQQF67zWPpfABTyFBSjrUM
Jfo4GRoVWiP2HeSCoEt7lNyxg/O3OzAXcPDBvu7iENSecgXpPRv4Q4I/YU6ddrcZeUHc6Ywdsf0Q
HNWCJ9EulJKyTAgF6LBaChZluC+ICtYxxDbsdYB1S5HpPXo1TDF5MmKIxNvz9LxOttsCEGsJROoO
wiZOrFbpaqjeN6qbE2V1RfxBNPLEtLwWY4EBT6VMkLZL9eiEVssz5KSXI3au5iQ8n9MEripRpQu0
YpTzOZIAMgG2FauEMhYsL5eAPBo7z1FOB0mMX5pSvYwXZ0VRspOrt4RpASQh2X5VMqzPSZTtcrK4
GNW+ZllWQ5w1IWy79aFI6RCJbD1iuDEQ4BXchkyof6MoDkaMotSCYxLA4iXwpkTZgTTo9yuCm9oh
XEBot4T0AjkBXpccMYRoTu68kCKVqQSMLZWOIiVC7g8oV6eqqcMzSpIOjy73X0N+RPlUlZIOocOu
0FPS+adMEmJURvVrDMJuvdHS2dp6KPxqPqmLtm+YjsWaSlkX4K6on6kSvZCbCmjNaZHJ4K0sQkdg
EmsJ7WCRQRGPVljXaqKuxsmL47YxK/htHS3gEUpv+c0x9nXKeECMTuZl0qb2ZH7O4lRuCBCnvmI/
+tk9Wn7Ojg7Z9o9vjw5fgtzB7AEHGH8HYkPBxBDuwTiwhstDxR+ZfoA1ZK3sUrD2H18f1/BVfddp
+YoWw8MxShxIvCoVIdqyeodIhdF7wG+IFxP2siiiZaEvjtbD+yoOW4EQP4f9zZkr2l2RpiZ/lafk
AY1VdlUVapcnACdSSjer5gzlnAlTp6e4jAwhyj2qVTAG8nTe1Cgpfey2GYp36lG3sbgbNgH6sQ0x
ydz9JX2fjkU+hXvpTIBlNWsxtqN3pK0QED8+U3CGyRcUqjuTifBUyNLbFxKYL/CzdXAj/I6UAnVU
QifVwuZ+0Jfk40IN+eADGd9EVX1yAavhR/GPYak9jibPAVLIeK3ugGw9GX822JgbOzw+3WgFbhZx
KGMG0sNBpqBwReV3uTDHIEq/g0KGTnppQhttNSnl4EEgEkGVglRvWjWJb2AJrJPJEyUcSJ/n2V25
kH4MluBsIaF1nBzD32wgQzIhO0Ru1KgNW9ZI0o4Oiw5d6KZR8hIak8emDZlqy6lOc2hOT0gAb8gM
tgVoQqncCrLd1mpkOXooTOW87nhM1SwEEyj1pBatslWV1GajXjDe0xgVNkwDF6QyCKmklTDioueC
lEAVGNiiNvImKtXBfUcqrmWzzBSUZgEirYcOW6eHljnET+I2mhrH0G9W1wg6MR38wVBeJWtGLkBu
E4nKaLVcrkZxRhiDq1svsTgEUy5xnzUoWtQxTKl+1vYTCeTm+Hyei7naUlT7j3KbBX/zw80mfYQf
+JqzwzP8EmaogoLMD9B93QlZgXAw8jtasSDEWwKobdTZ9Ic43XC+WuGFJCmcB0wFgcp+pUyQCeG9
AYplnXhzgHvzoruXtwPBYbXgYBYCPXuOONR5KUSMSORQewzRL6YYDGVvHbtk5OC9vUF1haMTbCvI
wSG3Id9auzAFkKQs++s1HkhV0tUVaxkv2wiiojECxfGo9RgwUIroxnFB2vRUk+oN7lG7gOrprlBz
7uPxXgUTKUlpAZ29JAUDwJeKn/Wu0UI1SheXN5WE8g64CQ/FWkhpUBw1gPCQvMrliQt6m3orRXpe
gKe8Ux1vISfjharTILXmePNJvWECBDgqWU1qock+0FHc05uwnyhzgaR1hzb53iNQKsHa4N09CSIy
MJPOycHjNop0XqhVonw0jpJ/pvKxoIqBym+89g24qiSgi75cl3CQjwARzcDSZExtV5ywN8f7V7IR
Sw2BO2tfqxsZO7Z3DxSlYse8D+O83CGn+7XK9ORZS3fTQhoxBjpgrdpT5JXSugSEFayZ/JSvymu/
W1dqeXNKQ04F4EA4CugUrKj5NKxPeEAFZFq/9Ya8CS1F43tAKC9WLdedliHll53EL5O5v7gH31ao
Ije4wTKpoIIOnJsfQ4GylokcjUN6ARUowWSkkKYiqST4kBnljTvG49dNoeI55Xkr4gM6rKTTuhlk
LVtv8pgdioAZFjOMiWlPbI29O3rNDM3QcUB9orYnwMPC+zIrw73e0SaTp2nYKRcfou3t6Z4Okazf
eOtQs4nNqliIV9AIyg4td4u4FEM8gcPUlRaDekplb3uGhi1zjrsJodijN3no17SpWbh/i+c89fvq
dqVWCGMssECj13uEWqOgTbzbI5opN8aUe09+RZG3+bIIO0PwxH3vcPpm/+3xVYcmOidUS1K0QNNV
771sds/Fpk7GTkMGv/0fC9+Brg==
===END CRASH DUMP===
