PocketMine-MP Crash Dump Sun Feb 6 20:11:23 WIB 2022

Error: Undefined property: leinne\pureentities\entity\passive\Cow::$x
File: plugins/PureEntities/src/leinne/pureentities/entity/LivingBase
Line: 107
Type: ErrorException

THIS CRASH WAS CAUSED BY A PLUGIN
BAD PLUGIN: PureEntities

Code:
[98]         $nbt->setInt("MaxHealth" , $this->getMaxHealth());
[99]         return $nbt;
[100]     }
[101] 
[102]     public function onUpdate(int $currentTick) : bool{
[103]         if(!$this->canSpawnPeaceful() && $this->getWorld()->getDifficulty() === World::DIFFICULTY_PEACEFUL){
[104]             $this->flagForDespawn();
[105]             return false;
[106]         }
[107] 		$block = $this->getWorld()->getBlockAt($this->x, $this->y + 1, $this->z);
[108] 		if($block->getId() == 8 || $block->getId() == 9){
[109] 			$this->motion->y += 0.5;
[110] 		    $this->move($this->motion->x, $this->motion->y, $this->motion->z);
[111] 			$this->updateMovement();
[112] 		}
[113]         return parent::onUpdate($currentTick);
[114]     }
[115] 
[116]     public function isMovable() : bool{
[117]         return true;

Backtrace:
#0 plugins/PureEntities/src/leinne/pureentities/entity/LivingBase(107): pocketmine\errorhandler\ErrorToExceptionHandler::handle(integer 2, string[62] Undefined property: leinne\pureentities\entity\passive\Cow::$x, string[102] C:\Users\tranthien\Desktop\FoxCraft\plugins\PureEntities\src\leinne\pureentities, integer 107)
#1 pmsrc/src/world/World(859): leinne\pureentities\entity\LivingBase->onUpdate(integer 364)
#2 pmsrc/src/world/World(785): pocketmine\world\World->actuallyDoTick(integer 364)
#3 pmsrc/src/world/WorldManager(360): pocketmine\world\World->doTick(integer 364)
#4 pmsrc/src/Server(1760): pocketmine\world\WorldManager->tick(integer 364)
#5 pmsrc/src/Server(1642): pocketmine\Server->tick()
#6 pmsrc/src/Server(1034): pocketmine\Server->tickProcessor()
#7 pmsrc/src/PocketMine(301): pocketmine\Server->__construct(object BaseClassLoader#2, object pocketmine\utils\MainLogger#3, string[36] C:\Users\tranthien\Desktop\FoxCraft\, string[44] C:\Users\tranthien\Desktop\FoxCraft\plugins\)
#8 pmsrc/src/PocketMine(324): pocketmine\server()
#9 pmsrc(11): require(string[80] phar://C:/Users/tranthien/Desktop/FoxCraft/PocketMine-MP.phar/src/PocketMine.php)

PocketMine-MP version: 4.0.0 [Protocol 475]
Git commit: 468faa464b2bc5c97f23fafbb71ea61035f6f218
uname -a: Windows NT tranthien4-8sin 10.0 build 17763 (Windows Server 2016) AMD64
PHP Version: 8.0.13
Zend version: 4.0.13
OS: WINNT, win
Composer libraries: 
- adhocore/json-comment 1.1.2@fc2f76979f0a44a5f5bc2a2b600d0762fe0e78e7
- brick/math 0.9.3@ca57d18f028f84f777b2168cd1911b0dee2343ae
- daverandom/callback-validator unknown@unknown
- fgrosse/phpasn1 v2.3.0@20299033c35f4300eb656e7e8e88cf52d1d6694e
- netresearch/jsonmapper v4.0.0@8bbc021a8edb2e4a7ea2f8ad4fa9ec9dce2fcb8d
- pocketmine/bedrock-data 1.5.0+bedrock-1.18.0@482c679aa5ed0b81c088c2b1ff0b8110a94c8a6c
- pocketmine/bedrock-protocol 7.0.0+bedrock-1.18.0@040a883a4abb8c9b93114d5278cb5fecc635da82
- pocketmine/binaryutils 0.2.2@f883e1cf9099ed6a757a10a2f75b3333eeb2cdf9
- pocketmine/callback-validator 1.0.3@64787469766bcaa7e5885242e85c23c25e8c55a2
- pocketmine/classloader 0.2.0@49ea303993efdfb39cd302e2156d50aa78209e78
- pocketmine/color 0.2.0@09be6ea6d76f2e33d6813c39d29c22c46c17e1d2
- pocketmine/errorhandler 0.3.0@ec742b209e8056bbe855069c4eff94c9734ea19b
- pocketmine/locale-data 2.0.20@a6e4eb22587e0014f6d658732cf633262723f8d3
- pocketmine/log 0.4.0@e6c912c0f9055c81d23108ec2d179b96f404c043
- pocketmine/log-pthreads 0.4.0@61f709e8cf36bcc24e4efe02acded680a1ce23cd
- pocketmine/math 0.4.0@6d64e2555bd2e95ed024574f75d1cefc135c89fc
- pocketmine/nbt 0.3.0@98c4a04b55a915e18f83d3b0c9beb24a71abcd31
- pocketmine/pocketmine-mp 4.0.0@468faa464b2bc5c97f23fafbb71ea61035f6f218
- pocketmine/raklib 0.14.2@e3a861187470e1facc6625040128f447ebbcbaec
- pocketmine/raklib-ipc 0.1.1@922a6444b0c6c7daaa5aa5a832107e1ec4738aed
- pocketmine/snooze 0.3.1@0ac8fc2a781c419a1f64ebca4d5835028f59e29b
- ramsey/collection 1.2.2@cccc74ee5e328031b15640b51056ee8d3bb66c0a
- ramsey/uuid 4.2.3@fc9bb7fb5388691fd7373cd44dcb4d63bbcf24df
- rhumsaa/uuid unknown@unknown
- symfony/polyfill-ctype v1.23.0@46cd95797e9df938fdd2b03693b5fca5e64b01ce
- symfony/polyfill-php80 v1.23.1@1100343ed1a92e3a38f9ae122fc0eb21602547be
- symfony/polyfill-php81 v1.23.0@e66119f3de95efc359483f810c4c3e6436279436
- webmozart/assert 1.10.0@6964c76c7804814a842473e0c8fd15bab0f18e25
- webmozart/path-util 2.3.0@d939f7edc24c9a1bb9c0dee5cb05d8e859490725

Loaded plugins:
Alerts 1.0.0 by hachkingtohach1 for API(s) 4.0.0
AntiInstaBreak 1.0.0 by PMMP Team for API(s) 4.0.0
AuctionHouse 2.0.0-BETA1 by Shock95x for API(s) 4.0.0
BlockGenerator 0.1.0_beta by BlockHorizons, Chris-Prime for API(s) 4.0.0, 3.0.0
BuilderTools 1.3.0-beta2 by CzechPMDevs, VixikHD for API(s) 4.0.0
CSkull 1.0.1 by ColinHDev for API(s) 4.0.0
CraftingTable 1.0.0 by hachkingtohach1 for API(s) 4.0.0
CropGrowth 2.0.1 by NhanAZ, kaidoMC, YTBJero for API(s) 4.0.0
CustomItemLoader 2.3.1 by alvin0319 for API(s) 4.0.0
DevTools 1.15.0 by PocketMine Team for API(s) 4.0.0
EconomyAPI 5.7.3-PM4 by onebone for API(s) 4.0.0
FCCore 1.0.1 by hachkingtohach1 for API(s) 4.0.0
FormAPI 1.4.0 by jojoe77777/DragonfireHD98 for API(s) 4.0.0
Gems 5.7.3-PM4 by onebone for API(s) 4.0.0
HealthTag 2.1.2 by Shelly7w7 for API(s) 4.0.0
InvCrashFix 0.0.1 by Muqsit for API(s) 4.0.0
InvSee 2.0.1 by BlockHorizons for API(s) 4.0.0
KeepInventory 1.0.0 by NhanAZ, KhoaGamingVN for API(s) 4.0.0
LaunchableTNT 1.0.1 by Vecnavium for API(s) 4.0.0
MaxEnchants 1.2.4 by Xenophilicy for API(s) 4.0.0
MultiWorld 1.7.0-beta3 by CzechPMDevs, VixikCZ, fuyutsuki, kaliiks for API(s) 4.0.0
MyItem 1.5.5 by hachkingtohach1 for API(s) 4.0.0
NPC 1.0.0 by hachkingtohach1 for API(s) 4.0.0
Napthe 0.0.2 by hachkingtohach1,tungstenvn for API(s) 4.0.0
Parties 2.0.1 by Didah (@Diduhless) for API(s) 4.0.0
PlayerStats 3.1.9_BETA by hachkingtohach1 for API(s) 4.0.0
PureChat 2.0.0 by Vecnavium, 64FF00 for API(s) 4.0.0
PureEntities 2.0.0 by LeinneSW for API(s) 4.0.0
PurePerms 1.4.5 by Vecnavium , 64FF00 & ProjectInfinity for API(s) 4.0.0
RedstoneCircuit 3.0.0 by tedo0627 for API(s) 4.0.0
ScoreBoard 1.0 by hachkingtohach1 for API(s) 4.0.0
Shield 1.4.0 by JavierLeon9966 for API(s) 4.0.0
ShopGUI 1.0.0 by hachkingtohach1 for API(s) 4.0.0
SimpleHome 1.1.0 by CzechPMDevs, VixikCZ for API(s) 4.0.0
Spyglass 1.0.1 by ItsRealNise for API(s) 4.0.0
VanillaHopper 2.0.1 by ColinHDev for API(s) 4.0.0
VanillaX 3.0.0 by CLADevs for API(s) 4.0.0
_NewAlias 1.4.0 by Javier Leon9966 for API(s) 4.0.0
libEasyUI 1.0.2 by GiantQuartz for API(s) 4.0.0

----------------------REPORT THE DATA BELOW THIS LINE-----------------------

===BEGIN CRASH DUMP===
eNrtPIty28a1v7JXzjTSVKTwJsCOMpb1iNVKNmvJsdsy41kACxIRCCB4SKLb/Ps95+wCBCDZkmvl
JnMnmsQE9nH2vB+LBf69FWXFilcfrkVRxlm6NbV2t6p4JbamumNZum1qrjk2Ddewd7fqXPYY2tiz
9YlpexPTtF3dhjkJL6vjosiKrem/t6p1DsO26P74NhAwD0Dvbq1EWfIFdr1NQxHFqQhZXmS5KKr1
lCUiTlMxn+d1IURaxVUsyvmcrtbQyssyvobuw+xmOv3mFsBFdZKcxAnCO5zO529LoGE+rwqeVstY
pPP5kSivqiyfz0+y28OCRxWASepFnMKwGaxy3K5SFsF8/nkEzuLrOF284KUY58scl5dLK4h7XYB7
AG9PgtvrQtuTwPY2sABOAnwAdmsT4HzBA7j+19YzjX0d3G2AtzNleRZciWoVI1kCxbHkaZiIYj4n
4VxmrXheyo7pVI7YjtNKLETBjF1WVgVA/Zdj/Mi+Xm4tOF0DeL+a3HZZQwAyArj8TGf5CtmH/99k
RRLuvcN/t13b23mIiA1fR99l6ds85NWGQ6Zj0QLGJxaYuPZAEtQ7n1P36DseVDVPkvVRdhkHV3fA
mveDPecpmFKxbTraZ6GH90O1OlAvRAHmv61PPgtKLTj6rroPnn0PPMcyBvBkjwJB85x75mmm9Zl5
syILwI9khQQw6QCY0ZRzmLJtavonYHz4EGQp6GAdVNuZ/5MIKoaCPQQPVp5lPBTFM9B51dMFUFdx
AjpxzuP0LFsA8c/MVplN5wt0uZ1lWf+NBRDZ7ifINoasKyVTaZInJ23ryJtC/FzHhdhWuLjajyxf
8mK6t3c43SOM9lqE9hQ+ew06nTVH57MxThyggk5yZ+vHX3a3xP91WHhqvww0SGAf4vQ6S67FCobD
CiGwL6i2ml5o6a4F7UEWCiTcc6GPqb9vUr8afVeK6jSttudb5/z2peBJtZxvsV32DbC7HH23AB42
7ds7O38BWJ7XgVGIqi5SAoV9uqapzl/oToc7ujBUc177SRywqE4D5Dnr+jD2TVAXBVCEfmKHTZmf
Zcm/abrZWTKOtv9HYRfw9CLnN+lMQLSCILy9w/70pw7q0u3t0PVRHEVxUCfVGkbt7+8z6pxOj05P
Tk4P355d/uPD7Pjg8Pjk7dmOXNTqLEr8knCjhC9OsgIUEZfe3pF024PBijERT0ohRzidEZI7E2iZ
V/PqGz8BbWX7n8D8BfYeVNuq97YVzpr9ment3UeFiaugAp8kYAJyGhLZzGX/+Q+7p91TRHtqNmAl
wa4yFBQtts+0sU2L6Joa1uHLKrsW24NJG1xbMHdaFN66Ply5Js04z6SaK0brhhpGLNTNu7qYc9Sh
6bRVrZ5aSSBWV0t1W2mp7nxCS+MSsOA+JCM9tdQnd1cHdw7y/uWPDOqPDOqPDOqPDOr/UwbVpBcl
ZhIH4GAquko5luJNw+5WW8Bv6WNtrEELr6tlVpToDJc8WF4BjlWGVzoC5XmMPRYNhnuRoqcNt6bo
Sne3QpGLNMTJ0FdmUXXUbVhxSncGYOdziU3zizkUqAPmRa8vLt+9fnN2BE03wi/jCnFfVlVeArdu
eBUsy2VcjW+E8JP1OMhWe+jMD8B5nIKm8ReF4FddqvsdD1A/Oz+fsUvBV09Fd75agWL1kZBq/RDJ
RFVN4e1lVpeiS1O3uUuRgaiOXhxfHuh9ui6WoCuefft1ZG0dgzVnq/XB7HRrQ2KpYM/nXOK1RLyA
6D6WDxJLWdT3IhUFr2QVoMgddHQJ1sYgxA++qHifXpryMivij+B+oOtwWUDCMitwU2rIgt0t82sk
3FtqPu8jC9GMvNyj6K/jBIZeQvLSNdtec199Ae8R0m70iT/8KILl7PxIXOOEH+Lb+Orl0VMpdIDA
81UIwOdzX+JWIW5Aeh/TRxn0Iq6WtU9m3EF7rwcKeHN4cVUnSYcrqmFozgO1P8ygMnsJEJ+K+hYg
pFiEQfP739DbIocEoqMH/3iJOHXp7LX/Tnx3D6nB7WMYAXwA/YmToFiPy3UlynEqqr2Ql0s/40W4
JxmS5d8X2U217HGjbRy6vYHkX0FmffBPaLvicZidH8LVPy5f/FUU2VNxRa6A1Dc4Pc6v36MJClmk
ui6rbHVaiZXyGx3ah119DphDDvAE0mjN1L2nIrgFCDQPcLnb8hiHB6o/dHZtU1/TdftOoG5znycN
1836mBReDxzZxeXBm8u3s4eEucFsr4UBxHZC54bcTmOXYHs8GZuj2bnVpzlLhQ//PxWtChwUXhIL
gAmVahejByV4cniYFV13pRoecMv/V35KYtP8PpVnOsmKVV+MTUufbGuosz9lP2Vign97RwVfZGkE
JcHLI899KgZsFsBahnBqLx4jzu/FqmuMdPsb6iWuL/99DPJyC/SSLzoUbNr6zlIfG8P8WCTJenIz
eSoiygbgfN4i8fi8/zS9hqBaLk/i2w413dZ+EnzHws7rnwHcUxGzImjzeZxeB4hAFN9+SWILeF8I
0ScEGx4I4f0c/olIGWTrEpMvIeZvQuQwS6SQ3a87NPXbH0jU2uzkb8uMf89X4LR+ePXUiUkPoyfI
Tc54nQZLxOfy1WWH8n77A67/BxGk/DqunyxitwBBiF1EBrePEe05vz3GGWlv26Tb2ifOGA8c4XuR
ZvkyTuJg/VTkdUCiCFtUejePIq5Oqpj2Fru0bRr7pE1UZWk+WFke/pOOV6zrqqyvYkq4kzi+Kn+V
enOF+Kp90h7uX1NrdgAhn9aYxHZ5JBv6/LHH9m+T0khsmt+nSmlezQ47FOPd76TSBFS+zHN9coPw
Fc+rZTcIqYZhIDU+S+huVaeLshLpdfrr0UyINb+Pse0ZL+gx8oa4puWBEHsUh3zJtp/Db71MRFnu
PBVVYQMRH0oV8gHPBqkvNdcWP6I24WtRXFS856a7rV2qoS4eex9wS/S30eAOXr2br1ZofDZ3uORV
lwdN05094U8F4d0txzo50bQvIp/WmYliRU5+sEV8wmnXt5wVGUB/D54nq8vZ8ahp72wcf5Bry8eM
iPfm6lFa3z1B0WdC52DFZxlxRg8iL949lfTvf7A5wOjLthMaFHuPphvypRD6tMu2YSlqf0ID2C6T
UmB/YiAyfA53CnVpGldPlsL0xEzYdS4fI+g3IiwrqAgP4yKo467CD3v6hn9H3JUIM80xnqzIa+DN
54VCJJCIzOd3MXuQzIsgK8QLjMkdCjuNg5D827izDT7d6692ZhfLWPQyU9XwwI7KX0GHRXEmstTz
HOepiO5DBToJl+b3UaJcZvn3b0979MiW30lepdBpL54qkbyIV3kiXmarbqbVaRxs6w7Jv7+++DUq
iZJwWgJOwIMufl9TSVyseJLM1FGiDlRkTL5e4KGHLluapgdK5tOqfCN48ioun2yLrQMSyFd4PH57
6geexknCX2Z53ntE0W9/IPf8NZ/N9RAZ3H7tkzoF7P1dut8/FH8Ozw5ItZ+KYAmupe/95uoxUvzw
StwcJDHv6uSm7VGel/3arpdwUT//heD64PYkmF/wvK5/zMt1z0Nv2ob2OCgJv495Wv29hmLm41OR
LReez1sEHhAeHjPmBeBdieHjsOaEEKFyC5VqSVk30Ckf1Wy5aIq4r+MHK45PVzctAU8ANZjbbctW
H8KsAlffa1UHtDcNdZF07/HQXvc+ipNK9AAvVnn3dglxpHsfB1l63W34qSSBtPcrXx6m6rVlRdWe
C0GxlRVHgsLuoDzo8+GNiBJBxUm3tSSOlv2mEGumTsvF7Ky3/Lr8OUlxMXXF2q4quxJp/LHPgttb
RTWii+5xzVcJeUuDbj/GuYyTHuXvH0FFu9Ph9nbV53qG6BmaZuq64UHD7Oh1j/Qw+0CoDRuhKe4L
LAMtLcveQBnR3p/3aB5gALeFkE+ue403RTyQf14tcSRyuDmHM1sOdG9Zp1d0EtAgJsln3PHCj1OO
m+/gY42xg5wQ15CZ+WoQgoIkJa8y1WBIZoUgaKmWmko9Nmf3PmzW6vTj+wFxGmU9vQ3viDzuaQmx
0uw2FQLMA+1wUUtdbOD/E8yNvZ4FkJR1mI/WvczVurginSbqnn7pmTuaMi/F5r28lp90PAdfwjMN
YFv5AVKfrSkdeIcViqzKggygWhMb1sC6asty3Ihzy7F8ww/swJtEhhnxyPcnuuCOrpl25ESG7gLs
WqHyLk7D7KZkry5Ze4LRGrllnDIdsGCEA9MnE8dk281geTyUGZru7LCD8yMHN9LxVbkO0z4KsiSr
1Zdl/iFD4bw7fUX7+XRzQxkLOKk8K0XxAaRc8EJtCPBwmWGJsoeuYwRj1MsYmHgaz6PAiCaON/Ei
jVsWtyPbDwxu+I6mhdrEMSKhiYkrJsjHIg6u9pS31Mbe2HwecHsS6m6kGW7kWtFkMvEN3XGDUPd0
3ddCIQzTMrkgVwi0ghuCeAQONvF5cDW65kkcymNuwMmrNLtJn6tfVLtFkZWl2AOSeZnisftrPOCh
PTc0w/M00wxAEJapacJ3bEdMhCtcN4hsI9RDx/EsXBUcdiFKwYtgSfSvuEzWtq5JO567vh9ohs5d
EfqGsPhEcCNyeWhF3BOBFwbCiALfDXtWsueLsMAXEwB3rjbCtT83jcBXkN5zyzUCZ+JxbotQ8109
0AA5w9ejCO90jXtW4HInuB/yRi+3JojoELpmadx1TW5x33cDz/fA1VmhbUzcwLcjEQSOaYfcNQbQ
yWNszNtABQAwQg8iT/M8ETp8Yk84YAdaYfsm/EGFagRh5PUh3StCzBLM5441cScWqJTj+AEHjtqu
axuWIVw7MMzAsIUb2DYfoBZg7p2o0z6EGrDQE9zUTM8zRRRGvukFoakZwtBtJ7Q1AO0amgfaOYCU
JdkGhub5wgGrDSdgssI0Q8fVQXG80PACwwgsJ9AnQg8H2HTfW2jc6XMRTCzDxyVdzXZ8HwiyNccL
LBFFIExvYlqC657fB5VkmE80qoIVgKE9546wgK+G7U6EpulW5IQOXJtGEDmmaTjGBDyOG5pDUAtC
xkJknMDTjUADudl24AIFpq65IgDln4A6OJGlWYFm3YUw6kQcCcrRowkSFUQmSCwwLMANzN7gQQgK
4WpcByswg4ENtH6AQISOJQzbtv3QEB5qvGHZE3AIdgiTo0A3AUcvGih76lctcz03sLhm+aAZnm4L
8CmuGZq+BroNjALD1LkP4tf7EDaXI8qjpFF/gf/uwCr4lcwswNNaYBjC5K6j66DLE03oEQebcgwb
DE8HZ2dZEwGuw+ciuA/KKM6DJqF57hkGdyzLAmKcYBJycAn4n2sauga6JwJrYrpcDPhbpln2UTQB
/7nGAxd8Nei8Hli6x/UIOA72BUbvmjb6X9sTBikfZMSlWKMdbBI6nWw9gL+JJYQtTMOF7MgHS7I0
39ZBn4UAffN9xwk0vgFS17EMP+B5IVZ4wMPIt03XdTw9CifmBPTCssLAt0IHZgeRYYURTl/Wq5Lz
Zv5d516uV1GWrkGCyRryi2TU5NLXgKpJQgxCz554E+GB9zHdKAwNXzMdzwQHB3FHgHg1UK77YEHE
cLUWlv4c3K0GcUiEOvfACXCA5nGhG+DbIXhAxNIM25r4n4Sld/ASDiiFF5kh6nkEIcizXLBVXQus
wASkTDBeD/6Vtcoq+wgV0h74NlGooIsa6niOFUxAG1zNcnWLu5YBSiA0kHGo2z73tUh3waB6QHKw
uBE6b3XSUXseeqYXTUQINhuASvi+F2DMtQNfs0OIhoCbp00ADJVKrW6N15StPmO408ECPIG1qAtO
r5BhrseirGC95GqePmOXSwikrBQVHnItGS8Eq5aCZako4YJXLOBpmlXMFyxOg6QG5wEXTL4MMlbv
buGTAIB1ka1gZoQAhjBLHoldlkFPUSJI5uPLAmyd1YWCxeKIraAIiWJaAXIbfKs0WSNgKNxbcHuQ
6fI6qUp2k6XfVgxDPy8Y1LAZOK8YQ9gaMcS3+CTdN0uRsjpfFDwEAON5Ok8bYNN5ytizd0uBiLEq
g1UgaQUQ6sWakvK+EjPrUHYTqtL7M+BnIiriF24eBoLJ4IItK4QMHA/EKOGYGy/EVL6PiR3lsq4g
WUxH6p3fKZtvqbwxSCDZC+dbhNlBkmQ3LIlLxLZ5kY9dx5z9vRbFGsf8jBcj1TWlNwBp6jGV6moO
A7wYpov4th0wBaH5a6ZYieNlZT9quzvIPnsHFgMaAXzlYcgg85LsR7bie1RsJXhZF/SeJAOm+wKR
BuaIn2ueINsW8TWMhaSiFmxbLQoJ8g5ClyuKUSFyKHBHwHZ8I2oK3bT2q3rlA1dAqw7KdRpc8vIK
BF9cgR6NacBb4BapdkMpDlsWWZrVID0YXu4yOlXBZKmB9rDLMKkGQrCmIN6APWLbqk5Bg3CIBH5B
4gWaQMuK7DYGDRPABiCJNDdtkUPeKoROI9RVHIM6ucvi6ltgX1XQtFBU+DYYqsxgMtsGGmqwG4PY
QmSMFKVTAjXUVU7KUdRpiuIMsUzMchIC1SXlmB2Ja3XNVvFiCcaMJ9x2u8anFAc5UhR1XslWyTBk
zApwU3SRcMEoqdYIpUHw6ywOAe37MUAdQZ2DhD8G7Rp3FA0Gj+SgVtPm6UrAcmtplN8nmQ/ag7tK
TLaDHaziCm17JRbcp116diFZrRFz45IO7eP0S5TaTUycJ40Co70ZSUCNkpVEIR5UhQsm8DQZgokK
IZolpZKDtGo0U7bIQFAZmilqBS60IDRHhNqUaUgFrE4uWGZkv3sKcJvuc/gvoaz/OvzLKssJBeU+
W5QUuJKB+8DXe8HvNQjhqg1WOuSdCjFyAu/IKhR+5bdPgCHZBaGEHoOpV7bB0sWtCGpyvplEWVok
Bqt2tLgNhAjLDUXScb2+PJ6yy5enF+zs9Pz0kh3MZmenxxdsdvyGvXv95m/Hb3YZDGKXr2HUMXv3
8vXZMZu9eX14fHExHrqAHj8M21HsmIkiziggoyMukcBgKcglEzdaZ6sD7yElCMm30JARuEIh3SyB
OsxSoBMcNGgT0vspZZNKdrPEyAo8QRckhxFkCQRc78aRy4hEa7zGGIJxniaM745GXVB7zCC2XASY
DkjOIrpSrnJuSwOol8jLDammpmgtd+5HSVFuKsoXvPDBMkabzJoc0P3cJVNDdNQspmaB717xlN6+
7mECiVkNOriz28SEoRI2aijDawRFfiXpXW1McMxeS58vFR6yh6xOwhaXGILITco2+JcScE7oA6GO
pilaYbUTchZ3giSpjoTQ0hYV2aoJtnK2GjHqqmZXwkiNkuQd3WD3qFRPOy6ahBFFVsBKqIZKkcN6
lcvsSqZwTHWMsKOR1xEOUhMId0KzoQDuIMyDsfN7GAxBGwIfrHANSlaWtUDHUC1Baosm20Snhatt
sNptBClzBJVUjiU2OPSTfFrx2xFtypYN7oc8x9Z4Va8gxkJ4LRB4xVPIKkGQEKfxdJXEYsNXtBfF
SrKYuzoGyXauMKIFR5gF1xB0rVZiR5nsGuq0/EJKA18ObkxIwlIDu5RR5jCiTd+WtiNAhXIVSB+R
e4CdTDAklJxjTcLkHEnhhjqYpvgp6WlWxsGbbBcZmGAZoOB+HtTn9HCepqJCgU1ViIDUbJklMsX0
8YgHZeKEMn0bgqkgQ75NVj6qV4YWX7TJpgxvz7pSarrQrRbrCoHvspHeESAJjxYeVQ0yKgSQ197k
sfSgAFPIUFKOtQwl+jgZP7Qh0Rqzl5ALgi7tU3LHDmdvdxmeP4SBaXgTh6D2lCtI79nCHxH8KXOa
tHuTkZfEnc7YMTsIwVEteRLtQSkpy4RQgA6rpWBRhvuCqGAdQ9yEvQ6wbilyfIteDVNMnowZIvF2
ls6aZHtTAGItgUjd4GEemFjnaT5S94Pq5lxZXRl/FK08MS1vxFhiwFMpE6TtUj06odXyDDlpZ8xm
ak7CiwVN4KoSVbpAK0YFXyAJIBNgW5knlLFgeYlnLNDYeYFyOkxiGCXrZfzIgigrdn75ljAtgSQk
268rhvU5iXKznCwuxo2vWVX1CGdNCdtufShSeppEth4x3BgI8I3Xlkyof/HLRWNGUWrJMQlg8Qp4
U6HsQBr05URwU7uECwjtmpBeIifA65IjhhDNyZ2XUqQylYCxldJRpETI/QHl6lQ1dfSakqSj04uD
F5AfUT5Vp6RD6LBr9JT0IFQmCTEqo/o8VditNzZ0bmw9FH69mDZF23f4NSOQhExZl+CuqJ+pEr2U
mwpozWmZyeCtLEJHYBJrCe1wmUERj1bY1GqiqcbJi+O2MSv5dRMt4BJKb+qjLeVOGQ+I0bN2mbSp
PZmfsjiVGwLEqW/Zez+7Rcsv2OkR237/9vRoB+QOZg84wPgbEBsKBo+rgnFgDVeEij8y/QBryDay
S8Ha3784a+Cr+q7T8i0thk/JKHEg8apUhGjLmh0iFUZvAb8RHjPYz6KIloW+OFqPbus43AiE+Dnq
b85c0u6KNDX5kU7JA/L0yq7qUu3yBOBEKulm1ZyRnDNl6jEqLiNDiHKPahWMgTxdtDVKitOSYSje
bUZdx+Jm1Abo+zbEJHMPVlmN3iOSsU45E2BZw1qM7egdaSsExI/XFJxh8hsK1Z3JRHgqZOntCwnM
FxHaPn0PjExp2egZqRY294O+JB8XaskHH8j4ENVcfh8HVhMQT+/DUrsfTV4ApJDxRt0B2WYy/rbY
mIMdHvouGNpZGYcyZiA9HGQKClfWfpcLCwyiMEKEMnTSTRvaaKtJKQcPApEIqhSketOqSXwFS2Cd
TJ4o4UD6gt50l34MluBsKaF1nBxYf1nJkEzIjpAbDWqjDWskaadHZYcudNMoeQmNycemLZlqy6lJ
c+Q30rpCAngjZrBngCYeaGsFudnWamU5vitM5bxueEzVLAQTKPWkFuVZXieN2agbjPc0RoUN08AF
qQxCKmkljLjouSAlUAUGtqiNvKlKdXDfkYpr2SwzBaVZgMjGQ4cbp4eWOcKPBg6aWsfQb1bnCTox
HfzBSJ6YakcuQW5TicoYv1szjjPCGFzdeoXFIZhyhfusQblBHcOU6mebfiKB3BxfLAqxUFuKav9R
brPg99euhvQRfuBrXh+9xq8mjVRQkPkBuq8bISsQDkZ+QyuWhPiGAGobdzb9IU63nJefrJPCucNU
EKjsV8oEmRCeG6BY1ok3h7g3L7p7ebsQHPIlB7MQ6NkLxKHJSyFiRKKA2mOEfjHFYCh7m9glIwfv
7Q2qsxydYFtDDg65DfnWxoUpgCRl2d+scUeqkq6uWKt4tYkgKhojUByPWo8BA6WIbhwXpE1PNanZ
4B5vFlA93RUazn0+3qtgIiUpLaCzl6RgAPhK8bPZNVqqRuniiraSUN4BN+GhWAspDYqjFhA+JK8L
+cQFvU2zlSI9L8BT3qmJtxzPDKo6DVJrjkeg1B0mQICjktW0EZrsAx3FPb0p+xdlLpC07tIm348I
VAbmNnh3nwQRGZhJF+TgcRul+ZgQ7Y/cF0fJP1P5WFLFQOU3vtWYJ0IlAV305brULi8BIpqBpcmY
ullxyk7ODi5lI5YaAnfW/qJOZOza3i2947Br3oZxUe2S0/2LyvTks5bupoU0Ygx0wFq1p8hrpXUJ
CCtYM/mpuLpo/G5TqRXtUxpyKgAHwlFAT8HKhk+j5gkPqIBM65+dkDehpWh8DwjlxarlQ6dlRPll
J/HLZO4vbsG3larIDa6wTCqpoAPn5sdQoKxlIkfjkN4Yv/iVyEghTUVSSfAhMypad4yPX4dCxeeU
s42ID+lhJT2tm0PW8uykiNmRCJhhMcOYmvbU1ti70xfM0AwdBzRP1PYFeFi4X2VVuC9fnS3w4R59
nw+NbV/3dAhd/cZrh5pNbFbVQZxDI2g3tNws40qM8JEb5qoEHQoola7t2xq2LDhuH4Rin+7kU762
Tc3CDVt8sNPc59e5WiFsvwW7T6i1GtkGuH0ikpJhzLE3pDUJsgg7Q/AR+/7R8cnB27PLDk30YFAt
SeEBbVXd99LXfRebOik6Ddn65X8Bwy2nlg==
===END CRASH DUMP===
