PocketMine-MP Crash Dump Sun Feb 6 16:51:27 WIB 2022

Error: Value 100000000000 is outside the allowed range -2147483648 - 2147483647
File: pmsrc/vendor/pocketmine/nbt/src/tag/IntegerishTagTrait
Line: 45
Type: InvalidArgumentException

A PLUGIN WAS INVOLVED IN THIS CRASH
BAD PLUGIN: MyItem

Code:
[36] 
[37] 	/** @var int */
[38] 	private $value;
[39] 
[40] 	public function __construct(int $value){
[41] 		if(func_num_args() > 1){
[42] 			throw new \ArgumentCountError(__METHOD__ . "() expects at most 1 parameters, " . func_num_args() . " given");
[43] 		}
[44] 		if($value < $this->min() or $value > $this->max()){
[45] 			throw new \InvalidArgumentException("Value $value is outside the allowed range " . $this->min() . " - " . $this->max());
[46] 		}
[47] 		$this->value = $value;
[48] 	}
[49] 
[50] 	public function getValue() : int{
[51] 		return $this->value;
[52] 	}
[53] 
[54] 	protected function stringifyValue(int $indentation) : string{
[55] 		return (string) $this->value;

Backtrace:
#0 pmsrc/vendor/pocketmine/nbt/src/tag/CompoundTag(233): pocketmine\nbt\tag\IntTag->__construct(integer 100000000000)
#1 plugins/MyItem/src/hachkingtohach1/MyItem/MyItem(1239): pocketmine\nbt\tag\CompoundTag->setInt(string[14] Damagemodifier, integer 100000000000)
#2 plugins/MyItem/src/hachkingtohach1/MyItem/MyItem(913): hachkingtohach1\MyItem\MyItem->setDamage(object pocketmine\player\Player#130685, integer 100000000000)
#3 pmsrc/src/command/PluginCommand(54): hachkingtohach1\MyItem\MyItem->onCommand(object pocketmine\player\Player#130685, object pocketmine\command\PluginCommand#28285, string[6] myitem, array[2])
#4 pmsrc/src/command/SimpleCommandMap(220): pocketmine\command\PluginCommand->execute(object pocketmine\player\Player#130685, string[6] myitem, array[2])
#5 pmsrc/src/Server(1394): pocketmine\command\SimpleCommandMap->dispatch(object pocketmine\player\Player#130685, string[29] myitem setdamage 100000000000)
#6 pmsrc/src/player/Player(1337): pocketmine\Server->dispatchCommand(object pocketmine\player\Player#130685, string[29] myitem setdamage 100000000000)
#7 pmsrc/src/network/mcpe/handler/InGamePacketHandler(688): pocketmine\player\Player->chat(string[30] /myitem setdamage 100000000000)
#8 pmsrc/vendor/pocketmine/bedrock-protocol/src/CommandRequestPacket(60): pocketmine\network\mcpe\handler\InGamePacketHandler->handleCommandRequest(object pocketmine\network\mcpe\protocol\CommandRequestPacket#133097)
#9 pmsrc/src/network/mcpe/NetworkSession(395): pocketmine\network\mcpe\protocol\CommandRequestPacket->handle(object CLADevs\VanillaX\network\InGamePacketHandlerX#131215)
#10 pmsrc/src/network/mcpe/NetworkSession(358): pocketmine\network\mcpe\NetworkSession->handleDataPacket(object pocketmine\network\mcpe\protocol\CommandRequestPacket#133097, string[51] M./myitem setdamage 100000000000.%I...0.....+j.[...)
#11 pmsrc/src/network/mcpe/raklib/RakLibInterface(192): pocketmine\network\mcpe\NetworkSession->handleEncoded(string[46] 3......,I.U(N-II.MLOU04@..UO.v...K..[..&Gof`..)
#12 pmsrc/vendor/pocketmine/raklib-ipc/src/RakLibToUserThreadMessageReceiver(42): pocketmine\network\mcpe\raklib\RakLibInterface->onPacketReceive(integer 0, string[55] .....P...[\.{..O...JJ9&.m...R.'..z...).....9...Q..|...f)
#13 pmsrc/src/network/mcpe/raklib/RakLibInterface(122): raklib\server\ipc\RakLibToUserThreadMessageReceiver->handle(object pocketmine\network\mcpe\raklib\RakLibInterface#107138)
#14 pmsrc/vendor/pocketmine/snooze/src/SleeperHandler(123): pocketmine\network\mcpe\raklib\RakLibInterface->pocketmine\network\mcpe\raklib\{closure}()
#15 pmsrc/vendor/pocketmine/snooze/src/SleeperHandler(82): pocketmine\snooze\SleeperHandler->processNotifications()
#16 pmsrc/src/Server(1645): pocketmine\snooze\SleeperHandler->sleepUntil(double 1644141088.0208)
#17 pmsrc/src/Server(1034): pocketmine\Server->tickProcessor()
#18 pmsrc/src/PocketMine(301): pocketmine\Server->__construct(object BaseClassLoader#2, object pocketmine\utils\MainLogger#3, string[36] C:\Users\tranthien\Desktop\FoxCraft\, string[44] C:\Users\tranthien\Desktop\FoxCraft\plugins\)
#19 pmsrc/src/PocketMine(324): pocketmine\server()
#20 pmsrc(11): require(string[80] phar://C:/Users/tranthien/Desktop/FoxCraft/PocketMine-MP.phar/src/PocketMine.php)

PocketMine-MP version: 4.0.0 [Protocol 475]
Git commit: 468faa464b2bc5c97f23fafbb71ea61035f6f218
uname -a: Windows NT tranthien4-8sin 10.0 build 17763 (Windows Server 2016) AMD64
PHP Version: 8.0.13
Zend version: 4.0.13
OS: WINNT, win
Composer libraries: 
- adhocore/json-comment 1.1.2@fc2f76979f0a44a5f5bc2a2b600d0762fe0e78e7
- brick/math 0.9.3@ca57d18f028f84f777b2168cd1911b0dee2343ae
- daverandom/callback-validator unknown@unknown
- fgrosse/phpasn1 v2.3.0@20299033c35f4300eb656e7e8e88cf52d1d6694e
- netresearch/jsonmapper v4.0.0@8bbc021a8edb2e4a7ea2f8ad4fa9ec9dce2fcb8d
- pocketmine/bedrock-data 1.5.0+bedrock-1.18.0@482c679aa5ed0b81c088c2b1ff0b8110a94c8a6c
- pocketmine/bedrock-protocol 7.0.0+bedrock-1.18.0@040a883a4abb8c9b93114d5278cb5fecc635da82
- pocketmine/binaryutils 0.2.2@f883e1cf9099ed6a757a10a2f75b3333eeb2cdf9
- pocketmine/callback-validator 1.0.3@64787469766bcaa7e5885242e85c23c25e8c55a2
- pocketmine/classloader 0.2.0@49ea303993efdfb39cd302e2156d50aa78209e78
- pocketmine/color 0.2.0@09be6ea6d76f2e33d6813c39d29c22c46c17e1d2
- pocketmine/errorhandler 0.3.0@ec742b209e8056bbe855069c4eff94c9734ea19b
- pocketmine/locale-data 2.0.20@a6e4eb22587e0014f6d658732cf633262723f8d3
- pocketmine/log 0.4.0@e6c912c0f9055c81d23108ec2d179b96f404c043
- pocketmine/log-pthreads 0.4.0@61f709e8cf36bcc24e4efe02acded680a1ce23cd
- pocketmine/math 0.4.0@6d64e2555bd2e95ed024574f75d1cefc135c89fc
- pocketmine/nbt 0.3.0@98c4a04b55a915e18f83d3b0c9beb24a71abcd31
- pocketmine/pocketmine-mp 4.0.0@468faa464b2bc5c97f23fafbb71ea61035f6f218
- pocketmine/raklib 0.14.2@e3a861187470e1facc6625040128f447ebbcbaec
- pocketmine/raklib-ipc 0.1.1@922a6444b0c6c7daaa5aa5a832107e1ec4738aed
- pocketmine/snooze 0.3.1@0ac8fc2a781c419a1f64ebca4d5835028f59e29b
- ramsey/collection 1.2.2@cccc74ee5e328031b15640b51056ee8d3bb66c0a
- ramsey/uuid 4.2.3@fc9bb7fb5388691fd7373cd44dcb4d63bbcf24df
- rhumsaa/uuid unknown@unknown
- symfony/polyfill-ctype v1.23.0@46cd95797e9df938fdd2b03693b5fca5e64b01ce
- symfony/polyfill-php80 v1.23.1@1100343ed1a92e3a38f9ae122fc0eb21602547be
- symfony/polyfill-php81 v1.23.0@e66119f3de95efc359483f810c4c3e6436279436
- webmozart/assert 1.10.0@6964c76c7804814a842473e0c8fd15bab0f18e25
- webmozart/path-util 2.3.0@d939f7edc24c9a1bb9c0dee5cb05d8e859490725

Loaded plugins:
Alerts 1.0.0 by hachkingtohach1 for API(s) 4.0.0
AntiInstaBreak 1.0.0 by PMMP Team for API(s) 4.0.0
AuctionHouse 2.0.0-BETA1 by Shock95x for API(s) 4.0.0
BlockGenerator 0.1.0_beta by BlockHorizons, Chris-Prime for API(s) 4.0.0, 3.0.0
BuilderTools 1.3.0-beta2 by CzechPMDevs, VixikHD for API(s) 4.0.0
CraftingTable 1.0.0 by hachkingtohach1 for API(s) 4.0.0
CropGrowth 2.0.1 by NhanAZ, kaidoMC, YTBJero for API(s) 4.0.0
CustomItemLoader 2.3.1 by alvin0319 for API(s) 4.0.0
DevTools 1.15.0 by PocketMine Team for API(s) 4.0.0
EconomyAPI 5.7.3-PM4 by onebone for API(s) 4.0.0
FCCore 1.0.1 by hachkingtohach1 for API(s) 4.0.0
FormAPI 1.4.0 by jojoe77777/DragonfireHD98 for API(s) 4.0.0
Gems 5.7.3-PM4 by onebone for API(s) 4.0.0
HealthTag 2.1.2 by Shelly7w7 for API(s) 4.0.0
InvCrashFix 0.0.1 by Muqsit for API(s) 4.0.0
InvSee 2.0.1 by BlockHorizons for API(s) 4.0.0
KeepInventory 1.0.0 by NhanAZ, KhoaGamingVN for API(s) 4.0.0
LaunchableTNT 1.0.1 by Vecnavium for API(s) 4.0.0
MultiWorld 1.7.0-beta3 by CzechPMDevs, VixikCZ, fuyutsuki, kaliiks for API(s) 4.0.0
MyItem 1.5.5 by hachkingtohach1 for API(s) 4.0.0
NPC 1.0.0 by hachkingtohach1 for API(s) 4.0.0
Napthe 0.0.2 by hachkingtohach1,tungstenvn for API(s) 4.0.0
Parties 2.0.1 by Didah (@Diduhless) for API(s) 4.0.0
PlayerStats 3.1.9_BETA by hachkingtohach1 for API(s) 4.0.0
PureChat 2.0.0 by Vecnavium, 64FF00 for API(s) 4.0.0
PureEntities 2.0.0 by LeinneSW for API(s) 4.0.0
PurePerms 1.4.5 by Vecnavium , 64FF00 & ProjectInfinity for API(s) 4.0.0
RedstoneCircuit 3.0.0 by tedo0627 for API(s) 4.0.0
ScoreBoard 1.0 by hachkingtohach1 for API(s) 4.0.0
Shield 1.4.0 by JavierLeon9966 for API(s) 4.0.0
ShopGUI 1.0.0 by hachkingtohach1 for API(s) 4.0.0
SimpleHome 1.1.0 by CzechPMDevs, VixikCZ for API(s) 4.0.0
Spyglass 1.0.1 by ItsRealNise for API(s) 4.0.0
VanillaHopper 2.0.1 by ColinHDev for API(s) 4.0.0
VanillaX 3.0.0 by CLADevs for API(s) 4.0.0
_NewAlias 1.4.0 by Javier Leon9966 for API(s) 4.0.0
libEasyUI 1.0.2 by GiantQuartz for API(s) 4.0.0

----------------------REPORT THE DATA BELOW THIS LINE-----------------------

===BEGIN CRASH DUMP===
eNrtXXtX3EaW/yp12rMTPEN3691Sz9rHGLBNAqbH4Ng7kQ9bkkrdCnpFD6CdzXffe6tKakmAgZic
5A/7bIZWqXTrd9/3lh776yjMioRWZxesKKMsHc2N7VEVJWw0Vy3DUA1VsWcTx7ZNR90e1bk4pWuq
OlFM04Kzjqmas+1RTMtqvyiyYjT/dVStc5g1OkgvaBwFO8WyTlha7V/5DAjAItujhJUlXeKkH2lc
M6Iqm38kKklWV2UUMFKtGKFxnF2ygBQ0XTIy1lRjZti6ZdhkTNqDGRAN6zh+FcVINV/RYj6d7s6n
70vgbFrBxdUqYul0j5XnVZZPX2VXuwUNq+ki889ZdRSlbHy0mOCF0wuWBlkxzfmZBM5MU6+aloU/
rehyepBWbMmKqFyd0uVpQaMKrspxfbl2gjMfSgOuj2EWKMAEDRTUh58/jZ4o5D7kdrMkz+o0AGJb
mq4/nZPNRNeFma4L01wXloUp4+dnZ36WllVR+9VWJKD0VPAU0DxRSR7Xyygtp0frg4olfLUV9Vfn
UbqsMvylNqfEny1V051bF++AHD8vWQVgtgADEPtJNT6RPZqARSRZEIURK7bJrbi0h+NyVJTJYI7r
irPNXw5KoNjKvJ+ZX/UYyWO6ZoXrLvjfJ6quWLb5BZi61Bz+52dJQtNguuDAd8XRlmncB1TWzr8/
qBtmSgg4tYPhiWZreIHUg/WJJOsIlt0mtCjo+iftE+fFuIGXkyjJYybpHNF8S9OUge5vXnP8nF0x
v64eIuU78JkdfCesgGC2peqOcRucIfTx8yAqc1r5q4dD0pwGEwHzCbj5XDcGqwNQ0JsKcoBTnw1w
Cg42oB6u/wdhm3Wwpay6zIrzaeLnDHwqDWJAepC+pglbUFz2jRjbsmx7gLoPZfzcX9HWv3XlE5ne
jcS+Ndh5LCjgaJwXWZX5WczBSrm8Y7/UrKwEvi1raISSJddFnlxXMoWx8BpX4+fibJ/wTXIfEG1g
8SB3DROoRVecGWfRuU3Yb8XBCSRGSJFbumN+mY8vL9lw0mDfPdzZYxel6/5I0yiO6ccOvRsE8REg
q5pqijyg3BezaX8Zc39+g3GPVlQq75Ek3TqAqX4iR5MvW97kvw4mk4kywX///HnyE/wRbKu3sV3Q
8zjypu/o+WHkYSYvQkjXW6qj/R7291M/C1jQuIoBMU7nYCbbB5P3W2/HBweTo8Pj94rxYjJ5fzy5
gDM/TBDn319n4f82aLVbfUfAHUe5YEXAPs2wMDpdFYwGR6IYe8d8FmHoNO7gQxB03YEAMFUJNUhK
bWmhbBRifiKctwX895PrTn6dTI7h5/ffO3+fJPDj3eS7yeQz6oBPc+C/f08m/wd/QsGn/lCtaMhN
A7nkodV1QRgN/i9IYuhFD5cJOM9M1W0B3bhVRWWaZZ+ZSF8xYzkrmjgLFdXvVMY9rvnVj7OyLthv
WwKg+TsA2kNjEVMhi/XmAR4I4CDet1kFBZ5PsREo5brWDenbMsx7Ei7x+H1aRfFWkNVeDO7dtC72
RNEUKf3ZDYsounFL7q0i/3whEGeFhGl3KGy6hi1dUW8h0i2zpQm9pCXbhWapPMxoABlbu7FYq4EZ
CNZHNEoPsyW40BO9dSEdAsTu3HV5YwOlddPZuK5sbVy36W1ct73KMB5wlayvXVfw7dzCtzYUnvAu
IS1NZo0tFaVTQJSOCtYEORvqga9r0fpYsAF7Ovr02/aI/dk96CP1gMCK0MJZlF5k8QVD9EA4SgOQ
o49TxXkYE50CjGAiQd51C0bhWJ/BX7ea/uMf5MUFLbBXIf+Y4gmbn8iL6IJWjPztAgXwLzzhiCsN
RUwAd4p8Etapj0Ijg75RXvj0V7xC5Ve44N1bOP8srZMzWizBx8lzooo5mpzjVtWqyC5Jyi6J6zbK
2YXuUGwibJ2dHe2fvjneOzsjE+KOgAa7yoHtktCKJFlZEcjOtIC6BeJduQ1TYN5wWbySLCGQp+7o
KXJn6HL93/DA2AAWfJD/Jn8DCyzHz0FXcH1WSAaBgeYEvdp6Kngxb+TlNnvbcqWVSYpftC/OTQ8K
Z2XcP8GhcLasLlszeSCnieWedXRsCOXzyVLd5s3qXrKKgwYAczQe5Nts9Fywqi5S0l0GqZtaS93U
JXVDWltWgQqBy3YBEQ6icC2W4SYFFg6C4/kBlxVT+Mpmf2UZTJ4OIPz2bfvk2/bJt+2Tb9sn37ZP
vm2ffNs++bZ98m375Nv2ybftk2/bJ9+2T+7YPmm2FErcQ9gB46j4r5TiPf9mYHvUPiowUiHuKzBC
62qVFSV2XIN6HInSPMIzBp8MxyylYGXBaA6aZdujAKwxDfBiOFdmYbXXHUgo3+K4VuYLNM1f3DgB
g4CJi+OT0w/H7w73YOiSeSVkLry8qvISpHWJ9WC5iqrJJWNevJ5ATTvFjnEH7P8AbI2+hDh23uW6
f+IO7hdHRwtyymjyWHznSQKm1QchDPsuljlXNW+z32R1ybo8dYe7HGkIdfxy/3RH7fN1sgJbccyr
r2NrtA/+nCXrncXBaMNiKWm7LhW4VogLmO6jvJPZlzHQec1SVtBKbAFKdgcnugwrE1Dimccq2ueX
X/ImK6LPEIDg1O6qiMrxosCnX4Yi2B7pX6Ph3lKu2wfruiLO3Yv/Ooph6mmWxV237Q33zRdwj5F3
rc/87mfmrxZHWPDCiR+jq+j8zd5jGbSPxPMk4NW0J7BViA1Y7yO9l0Mvo2pVe9yNO7CnPVIgGx4H
IXycIuCOcPrjf5HQ1gM1OLyPXEAsIN4o9ov1pFxXrJxA/TINaLnyMloEUyGQLH9dZJfVqieNdnAY
FQbx4C0Udjv/gbFzGgXZ0S78+p/Tl9+zInssqYgVkPsG0/3C3g2GIcEi13VZZQnuC0m36vA+PNWX
gD6UAI0volTRVeexGG4JAs8DLNdH7hMPwBGGsaAd6lu6al7LY21p8KjZrFkfq6aLgZ+fnO68O32/
uEuZG2TTlgYw28ksG3Y7g12Gzclsoo8XR0af5yxlHvz3WLxKcq7LBAqg6bo9RHdq8NXublZ0w5Uc
GMYp9c+JUwJN8/exItOrrEj6amxG+mwbQ5v9Ofs5YzP8N90r6DJLQ6iY3+w59mMJYLMAFvscU/vj
Pup8zZKuM/LDP9EucX3xv/cB/4bRuMIblR0ONmP9YKlOtGH5yOJ4PbucPRYTZUPQdVsQ9y+LD9IL
SKrl6lV01eGmO9qvEa952FH9C5B7LGYSTs11o/TCRwBhdPWQug9wnzDWZwQH7kjh/RL3kVgZFLMC
yUOY+YGxHK5iKRS/6w5P/fE7CrW2OvlhldHXFJrr5Y9vH7sw6SF6hNrkkNapv0I8p29PO5z3x+8I
/T8yP6UXUf1oGbslCErsAhkc3ke1R3VcRR+yIg463HUG+6zNZG+i39mb7P6HP/q/rquyPo94TRpH
0Xn5h3QsCeK9RLyg8i72r+lWOoRQTuJpjo6Mmsc7uvIxJ+afk/X791cfK+u/Xex2OMajv0gzBlAe
5ty3bjG9pXm16sZpOTDMNdoXGd2u6nRZViy9SP84njmw5u99fHtBiypi3eqmGbkjC+1FAV2RrRfw
t17FrCyfPhZXQUPRdXOBxXU3oB7qri0+zi2/RXtS0d7+aHe0yzW0jhPnDDfV/hwL7uDqHXy1QS/q
gu2uaNWVQTN0bVfxtjy1PbKMV68U5UHs83UWrEh4kB9sMr6ifN+wXBQZUP8IkSery8X+uBnvbD2e
ibVBLBL35te9rB7m7qdVNDT97vAdgjhkUZqykw+Ppf2Y0wOTBwxMYhBMdRA9rONuIE57VCT7Qgl9
3sXYsFszb7EAsk2EFsjfCagM7+UcQOuWRtX6sYTSUzNH1/l5H0W/Y0FZQdO0GxV+HXUNfnim7/jX
1F2xIFMs7dH6oIae6xYSiC+AuO51ZHeyeeJDH/8Sc3KHw87gICX/OeFsg6f7+6uD2ckqYr3KVA7c
senwPdgwKw5ZljqOZT0W032qwCfH0vy9lypXWf76/UGPHzHyF6mrJJz2x2MVkuLZtDdZ0q20OoOD
nc8h+zf3F39EJ1FyTCvA1DxQJ/F9TSdxktA4XsjHOztUUTD5eok3zrtiaYbu6CoPqvIdo/HbqHy0
XagOSWBf4rj/Do58DOtNlue9Xfz++B21524WR+kbkNtjMdUSbJ8TE0AGh79Hxy3UDfMfr/P98a78
I59jezSGrz8W10FypxbP3rLLnTiiXZvcjN0r8pI/OvRyLPLP71Bcn9xUkPkNX/Pw9mm57kXozdjQ
Hwct4euIptW/a2hmPj8W22Jh120B3KE8fD2lff2if8eoecaEQ7mCTrXkVTfwKe5mjGx0RdzX8fyE
4g3IzYhPY4AG13bHsuQsyCoI9b1R+X7PZqAu4u5xQKve+TCKK9YjvEzy7uEK8kj3OPKz9KI78HPJ
FdIeJ554HKc3lhVV+2QBqq2sKDIUdCflfl8O71gYM96cdEdLLtGyPxRgz9QZOVkc9pZfl7/EKS4m
f5H2VJWdszT63BfB1ZXkGuFieFzTJObRUuOHn6Nc5EmH1++fwUS7l8PhVdKXeobwNEXRVVVzYGCx
d9xjPcjOOLThIAxFfYVlYKVl2ZsoMtrHox7PAwRwiI8iDvhM4ssiGug/r/hDiyjh5kmOxWpge6s6
PedPk2lcSOI2cLT0opTi/jTEWG1ioSTYBVRmnpyEpKBIyatMDmhCWAEoWpilIkuPzeNfZ5u1Oufx
dbIoDbOe3QbXVB71rISLUu8OFQzcA/1wWQtbbOj/B9yNHC98KMo6wkfvXuVyXVyRP48Sd/u8rruj
K9OSbb4h08qTP+AxmmuKroHYyjMofUbzkMYlxKXmUeTR3JiZsAb2VSPDskNKDcvwNM83fWcWanpI
Q8+bqYxaqqKboRVqqg20awnlQ5QG2WVJ3p6S9hk4Y2yXUUpUQEE4BqLOZpZOtprJ4hFDoimq9ZTs
HO1ZeNMNv+LSEdpnxj3JaO1llZ9lqJwPB2/5ljc/uOQVi48v55SsOAMtF7SQGwI0WGXYokwxdIzx
/QnxEh8WntqL0NfCmeXMnFChhkHN0PR8jWqepSiBMrO0kClsZjN8q9ArIv98KqOlMnEm+gufmrNA
tUNFs0PbCGezmaeplu0HqqOqnhIwpumGThkPhcArhCHIRxBgY4/652P+lpp4UAokeZ5ml+kL+RfN
bllkZcmmwDItU3zj6wKfgVBeaIrmOIqu+6AIQ1cU5lmmxWbMZrbth6YWqIFlOQauCgG7YCWjhb/i
/CdUFGujC24dL2zP8xVNpTYLPI0ZdMaoFto0MELqMN8JfKaFvmcHPS9p32QA7FRuhCv/bAZBrqC9
F4at+dbModRkgeLZqq8AOM1TwxCPVIU6hm9Ty7+Z8sYuRzMEOqSuGAq1bZ0a1PNs3/EcCHVGYGoz
2/fMkPm+pZsBtbUBdR4xNu6toQEAGab6oaM4DgssOjNnFNCBVZieDv+gQ9X8IHT6lG5UIVYJ+gvL
mNkzA0zKsjyfgkRN2zY1Q2O26Wu6r5nM9k2TDqD5WHvH8oEYDg1E6DCqK7rj6CwMQk93/EBXNKap
phWYCpC2NcUB6xxQyuJsQ0NxPGaB1wYzcFmm64Flq2A4TqA5vqb5huWrM6YGAzT8BV75lkkTTl8w
f2ZoHi5pK6blecCQqViOb7AwBGU6M91gVHW8Pqk4w3qiMRXsADTlBbWYAXLVTHvGFEU1Qiuw4Leu
+aGl65qlzSDi2IE+JLXkYAwEY/mOqvkK6M00fRs40FXFZj4Y/wzMwQoNxfAV4zqFcSfjCFKWGs6Q
KT/UQWO+ZgA2cHuN+gEYhK1QFbxA9wc+0MYBTiKwDKaZpukFGnPQ4jXDnEFAMAO4OPRVHTA64cDY
U69qhevYvkEVwwPLcFSTQUyx9UD3FLBtEBQ4pko9UL/ap7D5OeZ1lHDqB8Tva69YiLRkgGMwndqW
qoItzxSmhhR8ytJMcDwVgp1hzBiEDo8y/yYq+KJGU9C8cDSNWoZhADOWPwsohAT8P1vXVAVsj/nG
TLcpG8hXPCnfJPwXCvVtiNVg86pvqA5VQ5A4+Bc4va2bGH9Nh2nc+KAiLtka/WBT0Knc1334NzMY
M5mu2VAdeeBJhuKZKtgzY2BvnmdZvkI3ROo6EukHIi/kCgdkGHqmbtuWo4bBTJ+BXRhG4HtGYMHV
fqgZQYiXr+qkpLS5/npwL9dJmKVr0GC8hvoiHje19AVA1bkS/cAxZ86MORB9dDsMAs1TdMvRIcBB
3mGgXgWM6yZakDFspaWlvoBwq0AeYoFKHQgCFKg5lKkaxHZIHpCxFM00Zt6ttNQOLmaBUTihHqCd
h5CCHMMGX1UV3/B1AKWD8zrwv6JXSbLP0CFNIbaxQiZdtFDLsQx/BtZgK4atGtQ2NDACpoCOA9X0
qKeEqg0O1SOSg8eNMXjLhwGVF4GjO+GMBeCzPpiE5zk+5lzT9xQzgGwI2BxlBmR4q9Ta1mTNq9Un
BHc6iI8PKS3rgr/NQbDWI2FWkF5x5aZPyOkKEim+f4XPgZaEFuKl8SxlJfygFfFpmmYV8RiJUj+u
IXjADyLeJ5hAQoPEy+8EAK2TLIErQyQwpFnSkG2TDM4UJZIkHj5uTtZZXUhaJAqJfMUYV4DaBr9F
EK+RMDTuLbkpVLq0jquSXGbpdxXB1E8LAj1sBsErwhS2RoT44rbg+3LFUlLny4IGQGDipm7aEJu7
KSFPPqwYAiNVBqtA0Qok5MsZJa/7SqysA3GaQxXRH1/ij1nF5YWbhz4jIrngSIKUQeI+G8cUa+Ml
mxNenuKJclVXUCymY/mhiDlxR7JuxBd/WOCOOLIdfHefxFGJaJuXq8lFRMm/a1ascc4v+GMsT80J
Nub80n3eqstrCOAiWC4S0BgIBal5ayJFifNFZz9uT3fAPvkAHgMWAXKlQUCg8hLiR7HiyzgkYRTf
VcIKFD8+4DEEDcJhv9Q0RrHxDyUQ8bmALbkoFMhPkbpYkY0LlkODOwax41s1czjN135bJx5IBaxq
p1yn/iktzwm+MAV2NOET3pf41j+s1nCK01ZFlmY1aA+ml9uEP1VBRKuB/rBNsKguxNt+XDbgjziW
1Kl8AUoQP+HqBZ7AyorsKgILYyAGYIlbbtqCQ9lKQAch2irOQZvcJlH1HYivKvhlAcPvFHCTGVxM
toCHGvxG42LhbIwlp3NOamir/MMOpKjTFNUZYJuY5VwJvC8pJ2SPXcjfJImWK3BmfAhsu+t80nBQ
IkVR55UYFQJDwSSATfLFlQtOyXuNQDgEvciiAGDfjABtBG0OCv4IrGvSMTSYPBaTWktz04TBcmvh
lK/jzAPrwV0lIsbBD5KoQt9O2JJ6fJeenAhRK1y4Ucmfa8fLT1FrlxGXPLcocNrLsSDUGFnJOcRn
OeEHYfjAFZIJC8aaJYWRg7ZqdFOyzEBRGbopWgUutOQwxxzanCjIBazOQ7CoyP7yHOA23Zfwr6Ct
/zr8ZZXlHIIMny0kSa4kED5yzKZBCwhXbVCpUHdKYDwIfOBeIfGV3z0CQu4XHBJGDOLXkHxSSD5E
fA8BrTsTkIVHYrJqZ7Mrn7Gg3HAkAtfx6f6cnL45OCGHB0cHp2RnsTg82D8hi/135MPxux/2320T
mEROj2HWPvnw5vhwnyzeHe/un5xMhiGgJw/NtKQ4FqyIMp6QMRCXyKC/Yjwkc2m0wVYF2UNJEPDY
wqeMIRQyEWY5qd0sBT4hQIM1Ib+3GZswsssVZlaQCYYgMY1TFkQg9G4CuchIfI1jzCGY5/kFk+uz
0RbkHjOoLWc+lgNCsghX6FVc2/IA5sXycsOqrkhey6c3Q5Kc65LzJS088IzxprLmAehm6XJXQzjy
KiKvgtid0LTmxUcXCRRmNdjg0+0mJwyNsDFDkV7DkH+ICBdINi44Icci5guDh+ohq+OgxRJBErlM
yQZ/KQjnHD4waimK5BVWe8WDxbUkyU1HUGh5C4ssaZKtuFrOGHdNs6th5EZq8pptkBtMqmcdJ03B
iCorYCU0Q2nIQZ3koroSJRyRJ8Z4otHXHk6SF3DsHGbDARxBmgdnpzcIGJI2JD5Y4QK/n1TWDAND
tQKtLZtqE4MWrrZBtd0oUtQIsqicCDQ49VY5JfRqzDdlywb7Ls1xNErqBHIspNcCiVc0haoSFEnE
NzwEio1c0V+kKLnHXLcxKLZziYgvOMYquIaka7Qa28vEqaFNY22EUU/QF5MbFxK05MQuZ7xyGPNN
35a3PYDCaxUoH1F6gE4UGIJKzr9MQMQ1gsMNd3CZlKfgp1kZJ2+qXRRgjG2ApPtlUl+yQzeVb+TP
ZYqA0myVxaLE9PARD16Jc8glfmOIyCTDY5vofORZkVo81habIr096WqpOYVhtVhXSHybjNWOArny
+MLjqgEjUwCP2ps6lt8owBIyEJxjL8MLfbwYBiWsCXkDtSDY0jNe3JHdxfttgs8fwsQ0uIwCMHte
K4jo2dIfc/pzYjVl96YiL7l0OnMnZCeAQLWicTiFVlK0CQEDG5ZLwaIE9wXRwDqOuEl7HWLdVmT/
CqMalpg0nhAE8X6RLppie9MAYi+BoC7xYR64sM7TfCyPB93NkfS6MvrMWn1iWd6oscSEJ0smKNuF
eXRSq+Fo4qKnE7KQ18S0WPILqOxEpS3wFcOCLpEF0AmIrcxjXrFge4nPWKCz0wL1tBtHMEv0y4X4
mAo5On3PkZbAErLt1RXB/pyrcrOcaC4mTaxJqnqMV8052m5/yFJ+N4n7ekhwY8DHl0JbNqH/DcPI
nxCepVYUiwASJSCbCnUH2uBf+Ycwtc2xgNIuOOgVSgKiLg/EkKIpD+elUKkoJWBuJW0UOWFif0CG
OtlN7R3zImnv4GTnJdRHvJ6qU25DGLBrjJT8RqgoEiI0RvlZw6Dbb2z43Ph6wLx6OW+atudExWZN
lqwrCFf8PJEteik2FdCb0zITyVt6hIrEBGpBbXeVQROPXtj0aqzpxnkUx21jUtKLJlvAT2i9xdeZ
8FynjQdg/F67KNrknszPWZSKDQEuqe/IRy+7Qs8vyMEe2fr4/mDvKegd3B4wwPxLUBsqBh9XBefA
Hq4IpHxE+QHekG10l4K3f3x52NCX/V1n5Du+GN4l44UDV68sRThvWbNDJNPoFeAb42MGz7Iw5MvC
uShcj6/qKNgohMtz3N+cOeW7K8LVxP9DCSEDHumlX9Wl3OXxIYhUIszKa8bimjmRt1FxGZFCZHiU
q2AO5B9IlD1KipfFw1S83cy6iNjluE3QN22ICeHuJPjhSd7k83QvggmIrBEt5naMjnwrBNSPv3ly
hovf8VTduZgznjLRentMEPNYiL5f5vSSGwXaqPziF5oWDveTvmAfF2rZhxhI6BCq/CwMrMYgn96E
UrkZJi3wY4KENuYOYJuL8W+LRh/s8Hj4ihf6mfh2pQCI24cUDK6sva4UlphEYQYLROrkB21q41tN
0jio77OY8U5BmDdfNY7OYQnsk3kkiimwvuQvg4s4BktQshLUOkEOvL+sRErmYMcojQbaeCMawdrB
XtnhC8M0al5QI+K2acum3HJqyhx+TU9JQG9MNPIEYOIDba0iN9tarS4n15Upg9cljXg3C8kEWj1h
RXmW13HjNvIA8z2fI9OGruGCvA1CLvlKmHExckFJIBsMHJEbeXNZ6uC+I2+uxbCoFKRlAZBNhA42
QQ89c4yf3hoMtYGhPyyfJ+jkdIgHY/HEVDtzBXqbCygT/PLJJMo4Ygh16wSbwxK/C1oCh+UGOqYp
eZ5sznMWeJijy2XBlnJLUe4/im0W/Ezo+ZA/jg9izfHeMX53ZyyTgqgPMHxdMtGBUP7FV1yx5MA3
DPCxSWfTH/J0K/k6xyeThHKuCRUUKs5LY4JKCJ8b4Lmsk292cW+edffytiE55CsKbsEwsheIoalL
IWOErIDeY4xxMcVkKM42uUtkDtrbG5TPcnSSbQ01ONQ2PLY2IUwS5FoW55s1rmlV8NVVaxUlmwwi
szESxflo9ZgwUIsYxnFBvukpL2o2uCebBeSZ7gqN5L6c72UyEZoUHtDZS5I0gHwl5dnsGq3koAhx
RdtJyOiAm/DQrAW8DIrClhDeJK8LcccFo02zlSIiL9CT0anJtxSfGZR9GpTWFB+BkkdYAAFGqat5
ozRxDmwU9/Tm5CdeuUDRus03+T4hUZGY2+TdvRPE2cBKumg+TrxsPkfD90duyqM8PvP2seQdA2+/
8a3GPGayCOjCF+vycfETKKIbGIrIqZsV5+TV4c6pGMRWg+HO2r/kExnbpnPF33HY1q+CqKi2edD9
l6z0xL2W7qaFcGJMdCBauadIa2l1MSjLXxPxubG6aOJu06kV7V0aHlSADqQjn98Faz/iPG7u8IAJ
iLL+ySseTfhSfH6PCK+L5chZZ2TM68tO4ZeJ2p9dQWwrZZPrn2ObVPKGDoKbF0GDshaFHJ+H/Eb4
zahYZArhKoJLTh8qo6INx3j7dahUvE+52Kh4l9+s5HfrXKhanrwqIrLHfKIZRNPmujk3FfLh4CXR
FE3FCc0dtWcMIiwcJ1kVPBOvzhZ4c49/4w2d7ZnqqJC6+oMXFh/WcVh2B1EOg2DdMHK5iio2xltu
WKty6tBAyXLtmangyJLi9kHAnvEjcZevHZNX4YYt3thpjvOLXK4QRNhRgQmvn3ForUW2Ce4ZZ5IX
w1hjb1hrCmQWdKbgLfZne/uvdt4fnnZ44jcG5ZI8PaCvyuNe+frMxqFOic6njH77f1bz0lw=
===END CRASH DUMP===
