PocketMine-MP Crash Dump Sun Feb 6 00:39:16 WIB 2022

Error: Illegal offset type in isset or empty
File: plugins/CraftingTable/src/hachkingtohach1/CraftingTable/CraftingTable
Line: 205
Type: TypeError

THIS CRASH WAS CAUSED BY A PLUGIN
BAD PLUGIN: CraftingTable

Code:
[196]                     if(isset($this->inRecipe[$player->getName()])){
[197] 				        unset($this->inRecipe[$player->getName()]);
[198] 					}					
[199] 				break;				
[200] 			}
[201] 			foreach($name as $check){
[202] 				if(!empty($name[$item->getCustomName()])){
[203] 					$action->setCancelled();
[204] 					$nameI = $name[$item->getCustomName()];		
[205]                     if(empty($this->recipes[$name])){
[206] 			            return;
[207] 					}					
[208] 					$null = $this->getDataItem(26, 0, 1);
[209] 					$null->setCustomName("-");    
[210] 		
[211] 					for($i = 0; $i <= 53; $i++){
[212] 						if(!in_array($i, [10, 11, 12, 19, 20, 21, 28, 29, 30])){
[213] 							$menu->setItem($i, $null);
[214] 						}
[215] 					}	

Backtrace:
#0 plugins/MyItem/src/skymin/InventoryLib/LibInventory(124): hachkingtohach1\CraftingTable\CraftingTable->hachkingtohach1\CraftingTable\{closure}(object skymin\InventoryLib\InvLibAction#125137)
#1 plugins/MyItem/src/skymin/InventoryLib/InvLibManager(52): skymin\InventoryLib\LibInventory->onActionSenssor(object skymin\InventoryLib\InvLibAction#125137)
#2 (): skymin\InventoryLib\LibInventory->skymin\InventoryLib\{closure}()
#3 plugins/MyItem/src/skymin/InventoryLib/InvLibManager(56): Closure->call(object skymin\InventoryLib\LibInventory#125126)
#4 pmsrc/src/event/RegisteredListener(75): skymin\InventoryLib\InvLibManager::skymin\InventoryLib\{closure}(object pocketmine\event\inventory\InventoryTransactionEvent#128022)
#5 pmsrc/src/event/Event(62): pocketmine\event\RegisteredListener->callEvent(object pocketmine\event\inventory\InventoryTransactionEvent#128022)
#6 pmsrc/src/inventory/transaction/InventoryTransaction(294): pocketmine\event\Event->call()
#7 pmsrc/src/inventory/transaction/InventoryTransaction(312): pocketmine\inventory\transaction\InventoryTransaction->callExecuteEvent()
#8 pmsrc/src/network/mcpe/handler/InGamePacketHandler(320): pocketmine\inventory\transaction\InventoryTransaction->execute()
#9 pmsrc/src/network/mcpe/handler/InGamePacketHandler(217): pocketmine\network\mcpe\handler\InGamePacketHandler->handleNormalTransaction(object pocketmine\network\mcpe\protocol\types\inventory\NormalTransactionData#128255)
#10 plugins/VanillaX-4.0/src/CLADevs/VanillaX/network/InGamePacketHandlerX(223): pocketmine\network\mcpe\handler\InGamePacketHandler->handleInventoryTransaction(object pocketmine\network\mcpe\protocol\InventoryTransactionPacket#127191)
#11 pmsrc/vendor/pocketmine/bedrock-protocol/src/InventoryTransactionPacket(114): CLADevs\VanillaX\network\InGamePacketHandlerX->handleInventoryTransaction(object pocketmine\network\mcpe\protocol\InventoryTransactionPacket#127191)
#12 pmsrc/src/network/mcpe/NetworkSession(395): pocketmine\network\mcpe\protocol\InventoryTransactionPacket->handle(object CLADevs\VanillaX\network\InGamePacketHandlerX#128566)
#13 pmsrc/src/network/mcpe/NetworkSession(358): pocketmine\network\mcpe\NetworkSession->handleDataPacket(object pocketmine\network\mcpe\protocol\InventoryTransactionPacket#127191, string[1931] .........................Ability..ability|register:item|register...Abilitydamage)
#14 pmsrc/src/network/mcpe/raklib/RakLibInterface(192): pocketmine\network\mcpe\NetworkSession->handleEncoded(string[662] .S.k.A.~1M....E..e..BU......&i+.GH...dw.;tw&.L*..<......H.'.....)...?x.<........)
#15 pmsrc/vendor/pocketmine/raklib-ipc/src/RakLibToUserThreadMessageReceiver(42): pocketmine\network\mcpe\raklib\RakLibInterface->onPacketReceive(integer 0, string[671] .?..P7...X.......e..\.'..2_.Q......=.H.|T.l.a.G.....v4.....E..............OZ.$]r)
#16 pmsrc/src/network/mcpe/raklib/RakLibInterface(122): raklib\server\ipc\RakLibToUserThreadMessageReceiver->handle(object pocketmine\network\mcpe\raklib\RakLibInterface#108580)
#17 pmsrc/vendor/pocketmine/snooze/src/SleeperHandler(123): pocketmine\network\mcpe\raklib\RakLibInterface->pocketmine\network\mcpe\raklib\{closure}()
#18 pmsrc/vendor/pocketmine/snooze/src/SleeperHandler(82): pocketmine\snooze\SleeperHandler->processNotifications()
#19 pmsrc/src/Server(1645): pocketmine\snooze\SleeperHandler->sleepUntil(double 1644082755.9631)
#20 pmsrc/src/Server(1034): pocketmine\Server->tickProcessor()
#21 pmsrc/src/PocketMine(301): pocketmine\Server->__construct(object BaseClassLoader#2, object pocketmine\utils\MainLogger#3, string[36] C:\Users\tranthien\Desktop\FoxCraft\, string[44] C:\Users\tranthien\Desktop\FoxCraft\plugins\)
#22 pmsrc/src/PocketMine(324): pocketmine\server()
#23 pmsrc(11): require(string[80] phar://C:/Users/tranthien/Desktop/FoxCraft/PocketMine-MP.phar/src/PocketMine.php)

PocketMine-MP version: 4.0.0 [Protocol 475]
Git commit: 468faa464b2bc5c97f23fafbb71ea61035f6f218
uname -a: Windows NT tranthien4-8sin 10.0 build 17763 (Windows Server 2016) AMD64
PHP Version: 8.0.13
Zend version: 4.0.13
OS: WINNT, win
Composer libraries: 
- adhocore/json-comment 1.1.2@fc2f76979f0a44a5f5bc2a2b600d0762fe0e78e7
- brick/math 0.9.3@ca57d18f028f84f777b2168cd1911b0dee2343ae
- daverandom/callback-validator unknown@unknown
- fgrosse/phpasn1 v2.3.0@20299033c35f4300eb656e7e8e88cf52d1d6694e
- netresearch/jsonmapper v4.0.0@8bbc021a8edb2e4a7ea2f8ad4fa9ec9dce2fcb8d
- pocketmine/bedrock-data 1.5.0+bedrock-1.18.0@482c679aa5ed0b81c088c2b1ff0b8110a94c8a6c
- pocketmine/bedrock-protocol 7.0.0+bedrock-1.18.0@040a883a4abb8c9b93114d5278cb5fecc635da82
- pocketmine/binaryutils 0.2.2@f883e1cf9099ed6a757a10a2f75b3333eeb2cdf9
- pocketmine/callback-validator 1.0.3@64787469766bcaa7e5885242e85c23c25e8c55a2
- pocketmine/classloader 0.2.0@49ea303993efdfb39cd302e2156d50aa78209e78
- pocketmine/color 0.2.0@09be6ea6d76f2e33d6813c39d29c22c46c17e1d2
- pocketmine/errorhandler 0.3.0@ec742b209e8056bbe855069c4eff94c9734ea19b
- pocketmine/locale-data 2.0.20@a6e4eb22587e0014f6d658732cf633262723f8d3
- pocketmine/log 0.4.0@e6c912c0f9055c81d23108ec2d179b96f404c043
- pocketmine/log-pthreads 0.4.0@61f709e8cf36bcc24e4efe02acded680a1ce23cd
- pocketmine/math 0.4.0@6d64e2555bd2e95ed024574f75d1cefc135c89fc
- pocketmine/nbt 0.3.0@98c4a04b55a915e18f83d3b0c9beb24a71abcd31
- pocketmine/pocketmine-mp 4.0.0@468faa464b2bc5c97f23fafbb71ea61035f6f218
- pocketmine/raklib 0.14.2@e3a861187470e1facc6625040128f447ebbcbaec
- pocketmine/raklib-ipc 0.1.1@922a6444b0c6c7daaa5aa5a832107e1ec4738aed
- pocketmine/snooze 0.3.1@0ac8fc2a781c419a1f64ebca4d5835028f59e29b
- ramsey/collection 1.2.2@cccc74ee5e328031b15640b51056ee8d3bb66c0a
- ramsey/uuid 4.2.3@fc9bb7fb5388691fd7373cd44dcb4d63bbcf24df
- rhumsaa/uuid unknown@unknown
- symfony/polyfill-ctype v1.23.0@46cd95797e9df938fdd2b03693b5fca5e64b01ce
- symfony/polyfill-php80 v1.23.1@1100343ed1a92e3a38f9ae122fc0eb21602547be
- symfony/polyfill-php81 v1.23.0@e66119f3de95efc359483f810c4c3e6436279436
- webmozart/assert 1.10.0@6964c76c7804814a842473e0c8fd15bab0f18e25
- webmozart/path-util 2.3.0@d939f7edc24c9a1bb9c0dee5cb05d8e859490725

Loaded plugins:
Alerts 1.0.0 by hachkingtohach1 for API(s) 4.0.0
AntiInstaBreak 1.0.0 by PMMP Team for API(s) 4.0.0
AuctionHouse 2.0.0-BETA1 by Shock95x for API(s) 4.0.0
BlockGenerator 0.1.0_beta by BlockHorizons, Chris-Prime for API(s) 4.0.0, 3.0.0
BuilderTools 1.3.0-beta2 by CzechPMDevs, VixikHD for API(s) 4.0.0
CraftingTable 1.0.0 by hachkingtohach1 for API(s) 4.0.0
CropGrowth 2.0.1 by NhanAZ, kaidoMC, YTBJero for API(s) 4.0.0
CustomItemLoader 2.3.1 by alvin0319 for API(s) 4.0.0
DevTools 1.15.0 by PocketMine Team for API(s) 4.0.0
EconomyAPI 5.7.3-PM4 by onebone for API(s) 4.0.0
FCCore 1.0.1 by hachkingtohach1 for API(s) 4.0.0
FormAPI 1.4.0 by jojoe77777/DragonfireHD98 for API(s) 4.0.0
Gems 5.7.3-PM4 by onebone for API(s) 4.0.0
HealthTag 2.1.2 by Shelly7w7 for API(s) 4.0.0
InvCrashFix 0.0.1 by Muqsit for API(s) 4.0.0
InvSee 2.0.1 by BlockHorizons for API(s) 4.0.0
KeepInventory 1.0.0 by NhanAZ, KhoaGamingVN for API(s) 4.0.0
LaunchableTNT 1.0.1 by Vecnavium for API(s) 4.0.0
MultiWorld 1.7.0-beta3 by CzechPMDevs, VixikCZ, fuyutsuki, kaliiks for API(s) 4.0.0
MyItem 1.5.5 by hachkingtohach1 for API(s) 4.0.0
NPC 1.0.0 by hachkingtohach1 for API(s) 4.0.0
Napthe 0.0.2 by hachkingtohach1,tungstenvn for API(s) 4.0.0
Parties 2.0.1 by Didah (@Diduhless) for API(s) 4.0.0
PlayerStats 3.1.9_BETA by hachkingtohach1 for API(s) 4.0.0
PureChat 2.0.0 by Vecnavium, 64FF00 for API(s) 4.0.0
PureEntities 2.0.0 by LeinneSW for API(s) 4.0.0
PurePerms 1.4.5 by Vecnavium , 64FF00 & ProjectInfinity for API(s) 4.0.0
RedstoneCircuit 3.0.0 by tedo0627 for API(s) 4.0.0
ScoreBoard 1.0 by hachkingtohach1 for API(s) 4.0.0
Shield 1.4.0 by JavierLeon9966 for API(s) 4.0.0
ShopGUI 1.0.0 by hachkingtohach1 for API(s) 4.0.0
SimpleHome 1.1.0 by CzechPMDevs, VixikCZ for API(s) 4.0.0
Spyglass 1.0.1 by ItsRealNise for API(s) 4.0.0
VanillaHopper 2.0.1 by ColinHDev for API(s) 4.0.0
VanillaX 3.0.0 by CLADevs for API(s) 4.0.0
_NewAlias 1.4.0 by Javier Leon9966 for API(s) 4.0.0
libEasyUI 1.0.2 by GiantQuartz for API(s) 4.0.0

----------------------REPORT THE DATA BELOW THIS LINE-----------------------

===BEGIN CRASH DUMP===
eNrtXXl320aS/yq9dN5E3iEp3ASYccayJNuakWyOJY+9E+b5NYAGiQgEGByS6JnsZ9+q6gYIQJIl
x8omf9iJQ6DRXf2ro+toHPn3IMryFS8/XIi8iLN0MLWGgzJeicFUdyxLc42J7YwtzTNMdzio1vKS
6Y11zXUsXbcmjm7ahj0cJLwoD/M8ywfTfw/KzRq6Dc7gR7YNBytRFHyBrUdJIhY8YVkUFaJk2JfF
KYsLPMtyJlbrcgMjoipJnscJDtmfzudvC4A4n5c5T8tlLNL5/EAU52W2ns+fZ1f7OY/K+XydVIs4
hW50HqeLM+4nYj4v8mA+X/JgeQ5tZYZH+rVOndPxerlGEBKAorvb6bILVHd7RHs9OmdALolTIGdo
IDBgJIDjHwaPNFaTP9kclWJFdIvzzSpOd4/SC5GWWb45jv1d+Nuc7+iG9XjKPoun0fd3df93kGRF
lYtfdjL/JxGUTMKYz9s46Ax+94ISTOaRbti6OXkM3D3S78uJJHDCUzCJfMc2gJObZ2qzPPo+S+Wc
pyItiiz/dSANtnPP6W7us5URkTN/Jc8OgNiXlEbfBzxJPs1NGxlxYzg0vcXWK5oR/gq8vvtGLOKi
FLkIj/E3hckm9q0cd1BNp3exrDCus+BclNATbIZmnc/jekRr8Bks1oKTBg6xCYC7mmEQcPsacOqy
46Ax3ED/OltSbHLUw+FyWriasbvldsTuTWR2DM+6GTdNoDRME0x+3QSm3hdMi7PW6JvZVLK6EkFV
CikyAuO2wKSivMzy891VsBbg19IwETlgecFXYsZx2peybcc0tC+CIiQMicD7NQgMfdJDoIbO5zgW
fT11RATXRqMbxINXGPqStoxvsKIe3XWelVmQJcAnxK2iw/k1ege85Ghahm1L97j19P/kaZwk/P3I
GmvE+v7x3oG42F5oZHEDA+93DMP8cv5vNLPPEcFNBORMwPVE93TJta40DJ3DLN/dkt71RZjD2agm
SZK4neoOJBzoNaWo5vNaVi2IN0nr/5tf4zaLfiVPTiEVohXt2Z9W4n1mrpmrGflc4aB92o6MJbp5
X+S2+2nk3f41RlwPSpMPKvYhK8ockpgfdM/Uf2Tj2/7s+XESl5vxmMuD/+QqpkxjCNzN2bZnyFcQ
FqVsrNtkk/PzBML7G35OMRoIRJDZ7eie8WtkdJgGWSjCHcWR4xjA0On4fLw3/l/9BLk4HI/FePzs
reTpT/Gfxy9ewkF4Of6uvPzT+Pi/x+O/yGsvx9/S72P4+9eruhXOiSH71mUpORrFa8mt5Owswwz8
bJkLHp7IZP6NCEQMlcOOdQerkiDE8K6MMKGTilSUdmK4BHkI0xqVOhPU6F/H49kEkL9XHIAA5nPk
zvgw/odsegLs/udsnIz5+AU1XFhjJa72n9f/Gn/zYy4l4HyuSg3ks2YGpHGBHhbEVHP2CRn11+nn
SwvCh2u7moQ+uVV5RZplH2VtcpoIsRZ5HTT1u4LGrWq6x5heVqy7vwKg2zcj2XU+7/YDPBA1QLyv
sjKO4oCjQyjUvO104pQ0tAOVrH1PwgWev03LONkJswpKItaUwfbYc0zp4Q3thkk0s58Ayiuj78s4
OJ9JxFCzSAp6i8KMxpzAmB1T028h8uFDAEyWeRU0zvMZL8Q+1N3FccZDkT8yhuwG46qAGQgHJzxO
j7MFLK5HZrO4TOdHdu/auhllWZ8xqqnIJd/GLXwbfeHJ1aWkpeISxH9cf+LnKs5F7SFd7Ue2XvJ8
uru7P90lTLsNpF2FaLcG1Jp0dDIb48AeFiz8Hw9+/GU4EA+7nfEb7SQAUEnzA6SiWXIhVhAsYaIQ
ZBSUg/oq7qL0SGCgQfZ0z4Gr7IY/cbRDfOx8A9IsRt/HKbizeC1++Gad8A2a5UKUryCn2Hn84+PH
/waaujcBWvNS/lPTqdL7EvmOaLgtGvPyl+0hXfVaV31wtefftS4bmtZc/oXO9eY8yqB3sNz5JoXZ
GC/YN8FSBOcE3NCMFllg/L9IcbLvD99ggkBA96uizFYdng3N7OD9pq5zgOl9ngYCLCTcIdYMzep2
RepH7An75DTfNbzZtytKwZUyzknCxQ9EtoHpNHO3x+airPJUopt8QvCG5vawV0mC0OWUABrzO9wC
2TGcIYZwXfHsXR8nhbNlcj4YzQePv0M8OESvlUgnemc8aHHnmxgm1r5j8PuXJ8w28ejPf5Zs6kan
u1QmLA+e5xwEFA/ZDzqCg7RRB5epe0NmwLkB54YLf+Hc1GqZ6WaPGOCHBVYRfuIVCRJLklnd6g0g
I9TtvmAHv3zdAvy6Bfh1C/DrFuDXLcCvW4BftwC/bgF+3QL8ugX4dQvw6xbg1y3Ar1uAX7cA/wBb
gPXWWYGbZHtgHCUd4ZYKVPOqYThoHp0a6GNtrEELr8pllhdY2feqbSTK1zFesagznIsUC+9wMAXN
iuEgBGtMQxwM14osKg/aDStOW3nXiniJpv7F/UEwCOg4e3169u71m+MDaLoUfgFRDoeX5boAaV3y
MlgWy7gcXwrhJ5txkK12cWdiD+z/CGyNP8P9tTbX3Qt3cD87OZmxM8FXD8X3erUC0+qCkIZ9F8vE
VUWJw8usKkSbp3ZzmyMDoY6eHZ7t6V2+TpdgK5599WVsDQ5hPWerzd7saLBlsVC053MucS0RFzDd
RXkns88SoPMCi2Reym1sxW7vQpthbQxK/OCLknf5pSEvszz+CA4ILu0v87gYzXJ8GrAvguHA/BIN
d6aaz7tg53Pp5+7FfxUn0PUsy5L2su00d80XcI+Qd6PL/P5HESxnJ5hSw4V/xlfx+cuDhzLoAImv
VyHl677EViI2YL2L9F4LehGXy8qnZdyCvdshBbLp3gnYCqd/h+AP4do+tZ15H7mAWEC8cRLkm3Gx
KUUxhvxlN+TF0s94Hu5KgWTrF3l2WS470mga+16h5w9eQWK39y9oO+dxmJ3sw9H/nD37m8izh5KK
nAG5rzHdz+3dYBgKLHJN+++4Y6mWVYv3/qWuBMy+BHhyEaeaqXsPxXBDEHjuYbnech9/AAuh7wua
pq6l6/a1ONakBg8azer5MWu66K3z07O9N2dvZ3cpc4tst6EBzLYiy5bdVmObYXs8GZuj2YnV5TlL
hQ9/H4pXRW4+FxIF0JzPO4ju1ODz/f0sb7sr1dD3U/rv46ckmvr3oTzT8yxfddVYt3TZtvo2+1P2
UyYm+Gf3IOeLLI0gY3554LkPJYDtBJjsE6bm4D7qfCFW7cVIp7+jXeL88r/3Af9S8KRcnvFFi4Nt
W9dZ6mOjnz6KJNlMLicPxURRE5zPGxD3T4uP0gsIqsXyeXzV4qbd2s0Rr62wk+pnIPdQzKyIGm2r
Bwggiq8+J+8D3KdCdBnBhjtCeDfFfSBWesmsRPI5zPxdiHWz99niqdt+R6LWZCd/X2b8BYfievHP
Vw+dmHQQPUBucsyrNFginrNXZy3Ou+13uP5/iiDlF3H1YBG7IQhKbAPpnd5HtSdVUsbvsjwJW9y1
GrusTVRtYt5Zm+z/i96d2lRlUZ3HlJMmcXxe/CYVywrxXiJeUHkb+5dUKy1CKCe6pd6WkWzoysce
279P1Jdo6t+HivqvZvstjvHsD1KMAZTPW9y3bjG94uty2fbTqqEfa4xPMjosq3SBzwJcpL8dzwSs
/r3P2p7xvIxFO7upW+6IQgdxyJds5yn8VstEFMXjh+IqrCnO52uJZT7fgvrc5drgI27pMb7Tknf2
R9utba6hdBx7H3BT7fex4BauzskXG/SsysX+kpdtGdRN13YVb4tTw4FjPX+uaZ/FPs0zE/mKnHxv
k/G5vFtazPIMqL8Hz5NVxexwVLe3th4/yLlBLAr39uheVg99D9My7pt+u/kOQRyLOE3F6buH0n5C
9MDkAYNQGCRTLUSfV3HXEHc7VBT7Ugld3mVbv1qzb7EANmRSC+xPDFSG93KOoHRL43LzUELpqJnQ
tQ7vo+g3IixKKJr24zyo4rbB9690F/41dZcizDTHeLA6qKY3n+cKSCCB4LNjfWR3snkaQB3/DGNy
i8NWYy8k/z7ubIunffzFzux0GYtOZqoa7th0+BvYsMiPRZZ6nuM8FNNdqsAnYal/76XKZbZ+8fao
w49s+YPkVQpOc/BQieRpvFon4mW2amdarcbezmef/Zvri9+ikigI0xIwgQza+L6kkjhd8SSZqeft
WlRRMOvNAm+ct8VSN91RVR6VxRvBk1dx8WC7UC2SwL7Ccf8dHPWg18tsve7s4nfb78g997MkTl+C
3B6KqYZg8ySaBNI7/TU6bqBumX9/ne/3d8Uf9aTcgzF8/cG7FpI7tfjhlbjcS2Letslt2708L/ut
XS9hUT+/QnFdcruSzC/4NpN/yItNx0Nv2/rrsVcSvoh5Wv6jgmLm40OxLSeezxsAdygPX8LiOeAu
Rf+OUf2MCUG5gkq1oKwb+JR3MwYuLkXc1/GDFccbkNuWgCcADca227LVhzArwdV3WtU7atuGKk/a
5yEvO9ejOClFh/BitW6fLiGOtM/jIEsv2g0/FaSQ5nzly8dxOm1ZXjZPFqDaipIjQ2G70zroyuGN
iBJBxUm7tSCJFt2mEGumVsvp7Lgz/ab4OUlxMnXEmktldi7S+GNXBFdXimuEi+5xw1cJeUuDTj/G
axknPcrfP4KJtofD6dWqK/UM4RmaZuq64UHD7OB1h/Uw+0DQ+o3QFHcVlq3xjZdORxnR3p90eO4h
gFN8FLHH5yq5zOOe/tclPbSIEq6f5Jgte7a3rNJzeprMICHJ28Dxwo9TjvvT4GONsYOSEBeQmfmq
E5KCJGVdZqrBkMIKQdHSLDWVemwf//qwnat1HV+ijNMo69hteE3lccdKSJRmuykXsDxwHS4qaYs1
/X/BcmOvZwEkZS3h4+pertW8OCM9j5K067z2cselzAux/aZWI096wAPf2jQNEFvxAVKfwTTiSQF+
qX7YeTC1JjbMgXXVwHLciHPLsXzDD+zAm0SGGfHI9ye64I6umXbkRIbuAu1KQXkXp2F2WbBXZ6x5
Bs4auUWcMh1QMMLA9MnEMdlO3Vk+YsgMTXces72TAwdvuuEXsFpC+yhoJVmNvSzXHzJUzrujV7Tl
TSeXlLGAk1pnhcg/gJZznqsNAR4uMyxRdtF1jKCPelUVE0/jaRQY0cTxJl6kccvidmT7gcEN39G0
UJs4RiQ0MXHFBOWYx8H5rvKW2tgbm08Dbk9C3Y00w41cK5pMJr6hO24Q6p6u+1oohGFaJhfkCoFX
cEMQj/CNGJ8H56MLnsShfFAKJHmeZpfpU/WLZrfIs6IQu8AyL1J8HfECn4HQnhqa4XmaaQagCMvU
NOE7tiMmwhWuG0S2Eeqh43gWzgoOOxeF4HmwJP5XXCZrgwuyjqeu7weaoXNXhL4hLD4R3IhcHloR
90TghYEwosB3w84qaV6fAOxcbYRrf64bQa6gvaeWawTOxOPcFqHmu3qgATjD16MIz3SNe1bgcie4
mfLWLgcTBNqnrlkad12TW9z33cDzPXB1VmgbEzfw7UgEgWPaIXeNHnXyGNvlbaABABmhB5GneZ4I
HT6xJxzQgVXYvgl/oEI1gjDyupRuVCFmCeZTx5q4EwtMynH8gINEbde1DcsQrh0YZmDYwg1sm/eg
BZh7J+qBGIIGIvQENzXT80wRhZFvekFoaoYwdNsJbQ1Iu4bmgXX2KGVJtqWheb5wYNWGE1iywjRD
x9XBcLzQ8ALDCCwn0CdCD3to6CV09SpP7U6fimBiGT5O6Wq24/vAkK05XmCJKAJlehPTElz3/C6p
JMN8ojYVrAAM7Sl3hAVyNWx3IjRNtyIndODYNILIMU3DMSbgcdzQ7JNaEBgLwTiBpxuBBnqz7cAF
Dkxdc0UAxj8Bc3AiS7MCzbpOYdSKOJKUo0cTZCqITNBYYFiADZa9wYMQDMLVuA6rwAx6a6DxA0Qi
dCxh2Lbth4bw0OINy56AQ7BDGBwFugkYvahn7KlfNsL13MDimuWDZXi6LcCnuGZo+hrYNggKFqbO
fVC/3qWwPRxRHiUX9Wf472svX8iwZMHCECZ3HV0HW55oQo84rCnHsGHh6eDsLGsiwHX4XAQ3UcFX
OOqE5qlnGNyxLAuYcYJJyMEl4L+uaega2J4IrInpctGTr3xSvg74TzUeuOCrweb1wNI9rkcgcVhf
sOhd00b/a3vCIOODjLgQG1wH24ROp7UewJ+JJYQtTMOF7MiHlWRpvq2DPQsB9ub7jhNofEukqmIZ
fsDzQqzwQIaRb5uu63h6FE7MCdiFZYWBb4UOjA4iwwojHL6sVgXn9fjrzr3YrKIs3YAGkw3kF8mo
zqUvAKpJSgxCz554E+GB9zHdKAwNXzMdzwQHB3FHgHo1MK6baEHEcLWGlv4U3K0GcUiEOvfACXCg
5nGhG+DbIXhAxNIM25r4t9LSW7iEA0bhRWaIdh5BCPIsF9aqrgVWYAIoExavB/+Vtcoq+wgV0i74
NpGroIsW6niOFUzAGlzNcnWLu5YBRiA00HGo2z73tUh3YUF1iKxhxY3QeauHAbWnoWd60USEsGYD
MAnf9wKMuXbga3YI0RCwedoEyFCp1NjWeEPZ6iOGOx0swIeUFlVOb3MwzPVYlOWsk1zN00fsbAmB
lBWixOdAC8ZzwcqlYFkqCjjgJQt4mmYl8/FLHEFSgfPAT3LI9wnGENAg8NKdAKB1mq1gZIQE+jQL
Hokhy+BKXiBJRh+bYJusyhUtFkdsBUVIFNMMkNvgNzeSDRKGwr0htwuZLq+SsmCXWfptyTD085xB
DZuB84oxhG0QIX5JQfJ9uRQpq9aLnIdAYDxP52lNbDpPGXv0bikQGCszmAWSViChXs4oKO8rMLMO
5WWCKr0/fpEkwc+UgLxw8zAQTAYXbFkhZZB4IEYJx9x4IaaM0lO8UCyrEpLFdKS+fTJl84HKG/HF
HxHOB4RsL0myS5bEBaKt33ZlFzFn/6hEvsE+P+PBSF2aMizMaeghlepqDANcDNNFBhoDoSA1f8OU
KLG/rOxHzeUW2EfvYMWARYBceRgyyLyk+FGs+DIOWwmO7yphBspA6L5A0Pi5lp8rnqDYFvEF9IWk
ohJsR00KCfJjpC5nFKNcrKHAHYHY8a2aKVymuV9VKx+kAla1V2zS4IwX5wxfmAI7GlOHtyAtMu2a
U+y2zLM0q0B70L0YMnqqgslSA9fDkGFSnctXBUk2sB6xbVWl6gUoSfyU1As8gZXl2VUMFiZADMAS
WW7agEPZKkBHEaOP12Rkk0MWl9+C+MqchoWixDeK0GR6g9kO8FDBujFILMTGSHE6JVJ9W+VkHHmV
pqjOEMvEbE1KoLqkGLMDcaGO2SpeLGEx40Ngw/biU4aDEsnzal3KVikwFMwKsCm+SLmwKKnWCOWC
4BdZHALsmxGgjaDNQcIf43eAW4YGnUeyU2Np83QlYLqNXJQvkswH68FdJSbbYR2s4hLX9kosuE+7
9OxUiloj4cYFPdeOw89Qa5cxSZ4sChbt5UgSqo2sIA7xWU44YPSBASQT5ULUU0ojB21VuEzZIgNF
ZbhM0SpwogXBHBG0KdOQC5idXLDMyP7wHOA23afwL6Gs/zL8RZmtCYJynw0kRa5g4D7WGE3DBhDO
WqPSIe9UwMgJvKNVofAV3z4AQloXBAk9BgsqCD4pBB8mv62A1p1JyHJFYrBqeourQIiw2HIkHdfr
s8MpO3t5dMqOj06OztjebHZ8dHjKZodv2LvXb/5++GbIoBM7ew29Dtm7l6+PD9nszev9w9PTcd8F
dORh2I4Sx0zkcUYBGR1xgQzSZ5hqaTTOVgfZQ0oQkm+hLiNwhUK6WSK1n6XAJzhosCbk9zZjk0Z2
ucTICjJBFyS7EWVJBFzv1pHLiERzvMYYgnGeBoyv90ZbUHvMoLa1CDAdkJJFuFKvcmzDA5iXWBdb
Vk1N8Vo8vhmS4txUnC947sPKGG0za3JAN0uXlhrCUaOYGgW+e8XTipKPNhJIzCqwwcfDOib0jbA2
QxleIyjyS8nvarsEx+y19PnS4CF7yKokbLDEEEQuU7bFX0jCa4IPjDqapniF2Z6Ts7gWJMl0JIWG
tyjPVnWwlaNVj1HbNNsaRm6UJq/ZBrvBpDrWcVonjKiyHGZCM1SGHFartcyuZArH1IURXqj1dYCd
1ADCTjBrDvAjZZcCFju/QcAQtCHwwQwXAj83Vwl0DOUStLaos010WjjbFtWwVqTMEVRSOZZosOut
clrxqxFtyhY19n2+xtZ4Va0gxkJ4zZF4iZ88Q0Uy+X03iWIrV1wvSpS0Yq7bGCTba4WIJhxhFlxB
0LUajR1k8lLfpjE3Qq8n6cvO9RKStFTHNmeUOYxo07fh7QCgUK4C6SNKD9DJBENSWdM3C5gcIznc
cgfDlDwlP/XM2Hmb7aIAEywDFN1Pk/qUHc5T9Ub+VIUISM2WWSJTTB8f8aBMnCBD1gQmpIIM+TZZ
+airMrT4okk2ZXh71NZSfQndar4pkfiQjfSWAkl5NPGorMGoEEBee5vH0o0CTCFDyTnWMpTo42Bo
VLDG7CXkgmBLTyi5Y/uzt0OGzx9CxzS8jEMwe8oVpPds6I+I/pQ5ddq9zcgLkk6r75jtheColjyJ
dqGUlGVCKMCG1VQwKcN9QTSw1kLchr0WsXYpcniFXg1TTJ6MGYJ4O0tndbK9LQCxlkBQl/gwDwys
1ul6pM571c2JWnVF/FE0+sS0vFZjgQFPpUyQtkvzaIVWyzPkoMdjNlNjEp4vaABXlaiyBZoxyvkC
WQCdgNiKdUIZC5aX+IwFLnaeo572kxh6yXoZX9MXRclOzt4S0gJYQrb9qmRYn5Mqt9PJ4mJc+5pV
WY1w1JTQtutDkdLdJFrrEcONgQBfCm3YhPo3iuJgzChKLTkmASxegWxK1B1og/6vJ+CmhoQFlHZB
oJcoCfC65IghRHNy54VUqUwloG+pbBQ5EXJ/QLk6VU0dvKYk6eDodO8Z5EeUT1Up2RA67Ao9Jd0I
lUlCjMaoPt4ZtuuNLZ/btR4Kv1pM66Lte6ZjsaZS1iW4K7rOVIleyE0FXM1pkcngrVaEjsQkaklt
f5lBEY+rsK7VRF2NkxfHbWNW8Is6WsAhlN7yC554rVXGAzC61y6TNrUn81MWp3JDgCT1LXvvZ1e4
8nN2dMB23r89OngMeodlDxig/yWoDRWDj6vC4sAaLg+VfGT6Aash2+ouhdX+/tlxTV/Vd62Wb2ky
vEtGiQOpV6UixFtW7xCpMHoF+Eb4mMGTLIpoWrgWR5vRVRWHW4WQPEfdzZkz2l2RS03+D3akDMjT
q3VVFWqXJwAnUko3q8aM5JgpU7dRcRoZQpR7VLNgDOTpoqlRUvr6WD8UD+teF7G4HDUB+qYNMSnc
vVVWofeIZKxTzgREVosWYzt6R9oKAfXjMQVnGPyGQnVrMDGeCll6+0IS8wV+ixXcCL8ko0AbldTJ
tLC5G/Ql+zhRwz74QMb7UNVnYWA2/NLrTSi1m2HyHCiFjNfmDmDrwfjboDF7Ozw+vuKF66yIQxkz
kB8OOgWDKyq/LYUFBlHoIUIZOumkCW201aSMgweBSARVCtK8adYkPocpsE4mT5RwYH1BL4NLPwZT
cLaU1FpODlZ/UcqQTGBHKI0a2mgrGsna0UHR4gvdNGpeUmPytmnDptpyqtMcGtNREtAbMYM9Apj4
QFujyO22VqPL8XVlKud1yWOqZiGYQKknrWidraukXjbqBOM99VFhwzRwQiqDkEuaCSMuei5ICVSB
gS1qI2+qUh3cd6TiWjbLTEFZFgDZeuhw6/RwZY7wu129psYxdJvV8wStmA7+YCSfmGp6LkFvUwll
jF8+GccZIQZXt1lhcQhLucR91qDYQscwpa6z7XVigdwcXyxysVBbimr/UW6z4Odoz/v8ET7wNa8P
XuN3d0YqKMj8AN3XpZAVCIdFfkkzFgR8ywC1jVub/hCnG8lXa3wySSrnmlBBofK6MibIhPC5AYpl
rXizj3vzor2XN4TgsF5yWBYCPXuOGOq8FCJGJHKoPUboF1MMhvJqHbtk5OCdvUH1LEcr2FaQg0Nu
Q761dmGKIGlZXq/nuKZVyVdbrWW82kYQFY2RKPZHq8eAgVpEN44T0qanGlRvcI+3E6gr7RlqyX06
3qtgIjUpV0BrL0nRAPKlkme9a7RUjdLF5U0lobwDbsJDsRZSGhRHDSG8SV7l8o4Lept6K0V6XqCn
vFMdbzk+M6jqNEitOT4Cpc4wAQKMSlfTWmnyGtgo7ulN2Q+UuUDSOqRNvh+RqAzMTfBu3wkiNjCT
zsnB4zZK/Tka2h+5KY6Sf6bysaCKgcpvfKtxnQiVBLThy3mpXR4CRVwGliZj6nbGKXt+vHcmG7HU
ELiz9p16ImNoe1f0jsPQvArjvByS0/1OZXryXkt700IuYgx0IFq1p8grZXX4Uftgw+Tnxqq89rt1
pZY3d2nIqQAdCEcB3QUrajmN6js8YAIyrX/0nLwJTUX9O0QoL1YtH1otI8ovW4lfJnN/cQW+rVBF
bnCOZVJBBR04N/nxRpnIUT/kN8ZvRiUyUsilIrkk+pAZ5Y07xtuvfaXifcrZVsX7dLOS7tbNIWt5
9DyP2YEImGExw5ia9tTW2LujZ8zQDB071HfUngjwsHC+ysrwiXx1Nsebe/SNN1xsT3RPh9DVbbxw
qNnEZlUdxGtoBOuGlstlXIoR3nLDXJWoQwGl0rUntoYtC47bB6F4QmfyLl/Tpkbhhi3e2KnP1xdr
NUMYY0UFJrx5QtAai2wC3BNikpJhzLG3rNUJsghbXfAW+5ODw+d7b4/PWjzRjUE1JYUHXKvqvJO+
PnGxqZWiU5fBL/8HTXXajA==
===END CRASH DUMP===
