PocketMine-MP Crash Dump Sun Feb 6 16:57:47 WIB 2022

Error: Value 5000000000 is outside the allowed range -2147483648 - 2147483647
File: pmsrc/vendor/pocketmine/nbt/src/tag/IntegerishTagTrait
Line: 45
Type: InvalidArgumentException

A PLUGIN WAS INVOLVED IN THIS CRASH
BAD PLUGIN: MyItem

Code:
[36] 
[37] 	/** @var int */
[38] 	private $value;
[39] 
[40] 	public function __construct(int $value){
[41] 		if(func_num_args() > 1){
[42] 			throw new \ArgumentCountError(__METHOD__ . "() expects at most 1 parameters, " . func_num_args() . " given");
[43] 		}
[44] 		if($value < $this->min() or $value > $this->max()){
[45] 			throw new \InvalidArgumentException("Value $value is outside the allowed range " . $this->min() . " - " . $this->max());
[46] 		}
[47] 		$this->value = $value;
[48] 	}
[49] 
[50] 	public function getValue() : int{
[51] 		return $this->value;
[52] 	}
[53] 
[54] 	protected function stringifyValue(int $indentation) : string{
[55] 		return (string) $this->value;

Backtrace:
#0 pmsrc/vendor/pocketmine/nbt/src/tag/CompoundTag(233): pocketmine\nbt\tag\IntTag->__construct(integer 5000000000)
#1 plugins/MyItem/src/hachkingtohach1/MyItem/MyItem(1239): pocketmine\nbt\tag\CompoundTag->setInt(string[14] Damagemodifier, integer 5000000000)
#2 plugins/MyItem/src/hachkingtohach1/MyItem/MyItem(913): hachkingtohach1\MyItem\MyItem->setDamage(object pocketmine\player\Player#109059, integer 5000000000)
#3 pmsrc/src/command/PluginCommand(54): hachkingtohach1\MyItem\MyItem->onCommand(object pocketmine\player\Player#109059, object pocketmine\command\PluginCommand#27536, string[6] myitem, array[2])
#4 pmsrc/src/command/SimpleCommandMap(220): pocketmine\command\PluginCommand->execute(object pocketmine\player\Player#109059, string[6] myitem, array[2])
#5 pmsrc/src/Server(1394): pocketmine\command\SimpleCommandMap->dispatch(object pocketmine\player\Player#109059, string[27] myitem setdamage 5000000000)
#6 pmsrc/src/player/Player(1337): pocketmine\Server->dispatchCommand(object pocketmine\player\Player#109059, string[27] myitem setdamage 5000000000)
#7 pmsrc/src/network/mcpe/handler/InGamePacketHandler(688): pocketmine\player\Player->chat(string[28] /myitem setdamage 5000000000)
#8 pmsrc/vendor/pocketmine/bedrock-protocol/src/CommandRequestPacket(60): pocketmine\network\mcpe\handler\InGamePacketHandler->handleCommandRequest(object pocketmine\network\mcpe\protocol\CommandRequestPacket#126113)
#9 pmsrc/src/network/mcpe/NetworkSession(395): pocketmine\network\mcpe\protocol\CommandRequestPacket->handle(object CLADevs\VanillaX\network\InGamePacketHandlerX#127759)
#10 pmsrc/src/network/mcpe/NetworkSession(358): pocketmine\network\mcpe\NetworkSession->handleDataPacket(object pocketmine\network\mcpe\protocol\CommandRequestPacket#126113, string[49] M./myitem setdamage 5000000000.2E....._...S=D....)
#11 pmsrc/src/network/mcpe/raklib/RakLibInterface(192): pocketmine\network\mcpe\NetworkSession->handleEncoded(string[46] 3......,I.U(N-II.MLOU05...#.....=..m..`[..k...)
#12 pmsrc/vendor/pocketmine/raklib-ipc/src/RakLibToUserThreadMessageReceiver(42): pocketmine\network\mcpe\raklib\RakLibInterface->onPacketReceive(integer 0, string[55] ..../....!.u..j.9.\.......jP..>..Q.v.#..2.F..cO..H.t.Mj)
#13 pmsrc/src/network/mcpe/raklib/RakLibInterface(122): raklib\server\ipc\RakLibToUserThreadMessageReceiver->handle(object pocketmine\network\mcpe\raklib\RakLibInterface#25320)
#14 pmsrc/vendor/pocketmine/snooze/src/SleeperHandler(123): pocketmine\network\mcpe\raklib\RakLibInterface->pocketmine\network\mcpe\raklib\{closure}()
#15 pmsrc/vendor/pocketmine/snooze/src/SleeperHandler(82): pocketmine\snooze\SleeperHandler->processNotifications()
#16 pmsrc/src/Server(1645): pocketmine\snooze\SleeperHandler->sleepUntil(double 1644141467.8104)
#17 pmsrc/src/Server(1034): pocketmine\Server->tickProcessor()
#18 pmsrc/src/PocketMine(301): pocketmine\Server->__construct(object BaseClassLoader#2, object pocketmine\utils\MainLogger#3, string[36] C:\Users\tranthien\Desktop\FoxCraft\, string[44] C:\Users\tranthien\Desktop\FoxCraft\plugins\)
#19 pmsrc/src/PocketMine(324): pocketmine\server()
#20 pmsrc(11): require(string[80] phar://C:/Users/tranthien/Desktop/FoxCraft/PocketMine-MP.phar/src/PocketMine.php)

PocketMine-MP version: 4.0.0 [Protocol 475]
Git commit: 468faa464b2bc5c97f23fafbb71ea61035f6f218
uname -a: Windows NT tranthien4-8sin 10.0 build 17763 (Windows Server 2016) AMD64
PHP Version: 8.0.13
Zend version: 4.0.13
OS: WINNT, win
Composer libraries: 
- adhocore/json-comment 1.1.2@fc2f76979f0a44a5f5bc2a2b600d0762fe0e78e7
- brick/math 0.9.3@ca57d18f028f84f777b2168cd1911b0dee2343ae
- daverandom/callback-validator unknown@unknown
- fgrosse/phpasn1 v2.3.0@20299033c35f4300eb656e7e8e88cf52d1d6694e
- netresearch/jsonmapper v4.0.0@8bbc021a8edb2e4a7ea2f8ad4fa9ec9dce2fcb8d
- pocketmine/bedrock-data 1.5.0+bedrock-1.18.0@482c679aa5ed0b81c088c2b1ff0b8110a94c8a6c
- pocketmine/bedrock-protocol 7.0.0+bedrock-1.18.0@040a883a4abb8c9b93114d5278cb5fecc635da82
- pocketmine/binaryutils 0.2.2@f883e1cf9099ed6a757a10a2f75b3333eeb2cdf9
- pocketmine/callback-validator 1.0.3@64787469766bcaa7e5885242e85c23c25e8c55a2
- pocketmine/classloader 0.2.0@49ea303993efdfb39cd302e2156d50aa78209e78
- pocketmine/color 0.2.0@09be6ea6d76f2e33d6813c39d29c22c46c17e1d2
- pocketmine/errorhandler 0.3.0@ec742b209e8056bbe855069c4eff94c9734ea19b
- pocketmine/locale-data 2.0.20@a6e4eb22587e0014f6d658732cf633262723f8d3
- pocketmine/log 0.4.0@e6c912c0f9055c81d23108ec2d179b96f404c043
- pocketmine/log-pthreads 0.4.0@61f709e8cf36bcc24e4efe02acded680a1ce23cd
- pocketmine/math 0.4.0@6d64e2555bd2e95ed024574f75d1cefc135c89fc
- pocketmine/nbt 0.3.0@98c4a04b55a915e18f83d3b0c9beb24a71abcd31
- pocketmine/pocketmine-mp 4.0.0@468faa464b2bc5c97f23fafbb71ea61035f6f218
- pocketmine/raklib 0.14.2@e3a861187470e1facc6625040128f447ebbcbaec
- pocketmine/raklib-ipc 0.1.1@922a6444b0c6c7daaa5aa5a832107e1ec4738aed
- pocketmine/snooze 0.3.1@0ac8fc2a781c419a1f64ebca4d5835028f59e29b
- ramsey/collection 1.2.2@cccc74ee5e328031b15640b51056ee8d3bb66c0a
- ramsey/uuid 4.2.3@fc9bb7fb5388691fd7373cd44dcb4d63bbcf24df
- rhumsaa/uuid unknown@unknown
- symfony/polyfill-ctype v1.23.0@46cd95797e9df938fdd2b03693b5fca5e64b01ce
- symfony/polyfill-php80 v1.23.1@1100343ed1a92e3a38f9ae122fc0eb21602547be
- symfony/polyfill-php81 v1.23.0@e66119f3de95efc359483f810c4c3e6436279436
- webmozart/assert 1.10.0@6964c76c7804814a842473e0c8fd15bab0f18e25
- webmozart/path-util 2.3.0@d939f7edc24c9a1bb9c0dee5cb05d8e859490725

Loaded plugins:
Alerts 1.0.0 by hachkingtohach1 for API(s) 4.0.0
AntiInstaBreak 1.0.0 by PMMP Team for API(s) 4.0.0
AuctionHouse 2.0.0-BETA1 by Shock95x for API(s) 4.0.0
BlockGenerator 0.1.0_beta by BlockHorizons, Chris-Prime for API(s) 4.0.0, 3.0.0
BuilderTools 1.3.0-beta2 by CzechPMDevs, VixikHD for API(s) 4.0.0
CraftingTable 1.0.0 by hachkingtohach1 for API(s) 4.0.0
CropGrowth 2.0.1 by NhanAZ, kaidoMC, YTBJero for API(s) 4.0.0
CustomItemLoader 2.3.1 by alvin0319 for API(s) 4.0.0
DevTools 1.15.0 by PocketMine Team for API(s) 4.0.0
EconomyAPI 5.7.3-PM4 by onebone for API(s) 4.0.0
FCCore 1.0.1 by hachkingtohach1 for API(s) 4.0.0
FormAPI 1.4.0 by jojoe77777/DragonfireHD98 for API(s) 4.0.0
Gems 5.7.3-PM4 by onebone for API(s) 4.0.0
HealthTag 2.1.2 by Shelly7w7 for API(s) 4.0.0
InvCrashFix 0.0.1 by Muqsit for API(s) 4.0.0
InvSee 2.0.1 by BlockHorizons for API(s) 4.0.0
KeepInventory 1.0.0 by NhanAZ, KhoaGamingVN for API(s) 4.0.0
LaunchableTNT 1.0.1 by Vecnavium for API(s) 4.0.0
MultiWorld 1.7.0-beta3 by CzechPMDevs, VixikCZ, fuyutsuki, kaliiks for API(s) 4.0.0
MyItem 1.5.5 by hachkingtohach1 for API(s) 4.0.0
NPC 1.0.0 by hachkingtohach1 for API(s) 4.0.0
Napthe 0.0.2 by hachkingtohach1,tungstenvn for API(s) 4.0.0
Parties 2.0.1 by Didah (@Diduhless) for API(s) 4.0.0
PlayerStats 3.1.9_BETA by hachkingtohach1 for API(s) 4.0.0
PureChat 2.0.0 by Vecnavium, 64FF00 for API(s) 4.0.0
PureEntities 2.0.0 by LeinneSW for API(s) 4.0.0
PurePerms 1.4.5 by Vecnavium , 64FF00 & ProjectInfinity for API(s) 4.0.0
RedstoneCircuit 3.0.0 by tedo0627 for API(s) 4.0.0
ScoreBoard 1.0 by hachkingtohach1 for API(s) 4.0.0
Shield 1.4.0 by JavierLeon9966 for API(s) 4.0.0
ShopGUI 1.0.0 by hachkingtohach1 for API(s) 4.0.0
SimpleHome 1.1.0 by CzechPMDevs, VixikCZ for API(s) 4.0.0
Spyglass 1.0.1 by ItsRealNise for API(s) 4.0.0
VanillaHopper 2.0.1 by ColinHDev for API(s) 4.0.0
VanillaX 3.0.0 by CLADevs for API(s) 4.0.0
_NewAlias 1.4.0 by Javier Leon9966 for API(s) 4.0.0
libEasyUI 1.0.2 by GiantQuartz for API(s) 4.0.0

----------------------REPORT THE DATA BELOW THIS LINE-----------------------

===BEGIN CRASH DUMP===
eNrtXXtX3EaW/yq1zZ4Nnu1W690Ss/YxBmwzA6bH4Ng7kQ9bkkrdMnp09ADaOfnue29VSS0JMJCQ
k/zhzCa0SqVbv/u+t/TYX0ZRXqS0Or9kRRnn2WjHHI+qOGWjHc02TQ3+Z88UR3MNzRmP6pU8pZvK
zJ3NZoam6zNnZsK5hJbVQVHkxWjnl1G1XsG00WF2SZM43C0Wdcqy6uA6YEABVhmPUlaWdIGTfqRJ
zYilNv+QuCR5XZVxyEi1ZIQmSX7FQlLQbMHIRNdMWM+wTYdMSHswA5JRnSSv4wRprpa02JlO93am
H0pgbFrBxdUyZtl0n5UXVb6avs6v9woaVdN5Hlyw6jjO2OR4ruCF00uWhXkxXfEzKZyZZn41LYtg
WtHF9DCr2IIVcbk8o4uzgsYVXLXC9eXaKc58LA24PoFZIH8LFFDQAH7+NNpSyUPI7eXpKq+zEIht
64bxbIdsJnoezPQ8mOZ5sCxMmbw4Pw/yrKyKOqi2YwGlo4BngGVLI6ukXsRZOT1eH1Ys5WstabC8
iLNFleMvrTkl/mxruuHeuXQH4uRFySqAsg0IgNhPmvmZ7NMUrCHNwziKWTEmd6DSH4/K1VAegzme
J842fzkkgWE797+woOqxsUromhWeN+d/tzTVVS33TpCG1Bn+G+RpSrNwOuew98TRtmU+BFLezn84
pFtmSgg4tYNhS59Zhj0mUgf2Z5KuY1h2TGhR0PVP+mfOi3kLL6dxukqYpHNMV9u6rg70fvuakxfs
mgV19RgZ34PP6uA7ZQVEsW3NcM274AyhT16EcbmiVbB8PCR91mAiYDwhN56hKdgdeILaVBADlMZs
gFLg30B6vPYfgWzWQZax6iovLqZpsGLgTVmYAM7D7A1N2Zziom/F2LbtOAPMfSCTF8GStn6tO5/J
9D4czp0BzmdhAUeTVZFXeZAnHKqUyXv2c83KSqDbtofmJxnyPOTI8yRLGP9u8DR5Ic72Cd8m8wHR
BhYPbTcwbWm6rUHkQRbdu0T9ThycQiqEpLhtuNa3+fj2kg0nDfa9o919dll63o80i5OEfurQu0UQ
nwDybGa5IvqrD8VsOd/G3J/fYNynFZXKeyJJt8Zvup/JsfItu1P0AwX/OYd/T5/v40/BtHYX0wW9
SGJ/+p5eHMU+5u4iggS9rbn6b2H+IAvykIWNm5gQ2wwOSBkfKh+2300OD5Xjo5MPqgVDW/zEc0VJ
FeX/flKUixatfqfnCLiTeCVYEbDPciyFzpYFo+GxKL7es4DFGDLNe/gQBD1vIABMUUIJklJbTKit
OizrM0EOpvif/1BqRfmiuIrnCYaVL3NFeaEo/1IukVNdea0owYmivFUq5fiL4NN4rFZ05KaBXPKg
6nkgjAb/NyQx9KHHy2RLtwxdllDmnRoqszz/ykTWShhbsaIJsVBE/UZdPOCaX4IkL+uC/botAFq/
AaAztBUxFdJXbx7ggegN0n2XV1DTBRTr/lKua9+StW3TeiDhEo8/ZFWcbId57SeM9FoV1RSLzG5Z
RDXMO5JuFQcXc4E4LyRMp0Nh0yZsG6p2B5FuXS0t6BUt2R70RuVRTkNI1fqtNVoNzECkPqZxdpQv
wIO2NgHNgPiwt+N5vJOBarppZTxP9jKe1zQznrcJg+YjrpJFtecJvt07+NaHwhPOJaSly5SxraF0
CgjRccGaGOeon8nv68n6WLDjejb6/Ot4xP7clvOJWj5gROjgPM4u8+SSIXYgHGchSDHAqeI8jIn2
AEYwiyDnhg2jcGzM4K9XTf/2N/LykhbYnpC/TfGEw0+siviSVoz85yWy/3c84YorTVVMAGeKAxLV
WYAiI4M2UV747Be8QuNXeODb2zj/PKvTc1oswMPJC6KJObqc41XVssivSMauiOc1qtmDdlDsGGyf
nx8fnL092T8/JwrxRkCDXa+A7ZLQiqR5WRFIzbSAkgWiXTmGKTBvuCxeSRYQxTNv9Ay5Mw25/q94
YG4ACz7I/5D/BPsrJy9AV3B9XkgGgYHmBL3efiZ4sW7l5S5r2/akjUmK37Qvzk0PCmdl0j/BoXC2
7C5bM3kgp4nlnnd0bArl88lS3dbt6l6wioMGADtoPMi31ei5YFVdZKS7DFK39Ja6ZUjqprS2vAIV
ApftAiIYxNFaLMNNCiwcBMezAy4rpvCVrf7KMpQ8G0D49ftuyffdku+7Jd93S77vlnzfLfm+W/J9
t+T7bsn33ZLvuyXfd0u+75YMd0uaPYQSNw12wTgq/iujeEu/GRiP2icBRpqiKiqM0Lpa5kWJLdag
DEeidBXjGZNPhmOWUbCycLQDmmXjUQjWmIV4MZwr86ja7w6klO9p3KjuBZrmL+6UgEHAxPnJ6dnH
k/dH+zB0xfwS0hZeXlWrEqR1hYVguYwr5YoxP1krUMpOsUXcBfs/BFujryCMXXS57p+4h/v58fGc
nDGaPhXfqzQF0+qDEIZ9H8ucq5r31W/zumRdnrrDXY50hDp5dXC2q/X5Ol2CrbjW9e9ja3QA/pyn
69354WjDYilpex4VuJaIC5juo7yX2VcJ0HnDMlbQSuz4SXYHJ7oMqwoo8dxnFe3zyy95mxfxVwhA
cGpvWcTlZF7gwy1DEYxHxu/RcG8pz+uD9TwR5x7Efx0nMPUsz5Ou2/aG++YLuCfIu95nfu8rC5bz
Y6x24cSP8XV88Xb/qQw6QOKrNOSltC+wVYgNWO8jfZBDL+JqWfvcjTuwpz1SIBseByF8nCHgjnD6
43+R0NYDNTh8iFxALCDeOAmKtVKuK1YqUL9MQ1ou/ZwW4VQIJF+9KfKratmTRjs4jAqDePAO6rrd
f8PYBY3D/HgPfv3v2at/sCJ/KqmIFZD7BtPDwt4thiHBItd1WeUpbgdJt+rwPjzVl4AxlABNLuNM
NTT3qRhuCQLPAyw3Rx4SD8ARhrGgHepbumbdyGNtafCk2axZH6umy4Gfn57tvj/7ML9PmRtk05YG
MNvJLBt2O4Ndhi1lphiT+bHZ5znPmA//PhWvkpznMYECaHpeD9G9Gny9t5cX3XAlB4ZxSvtz4pRA
0/x9qsj0Oi/SvhqbkT7b5tBmv+RfcjbDf6b7BV3kWQQV89t913kqAWwWwGKfY2p/PESdb1jadUZ+
+CfaJa4v/vsQ8G8ZTSq8M9nhYDPWD5aaog/LR5Yk69nV7KmYKBuCnteCeHhZfJhdQlItl6/j6w43
3dF+jXjDw47rn4HcUzGTcmqeF2eXAQKI4uvH1H2A+5SxPiM4cE8K75e4T8TKoJgVSB7DzD8ZW8FV
LIPid93hqT9+T6HWVif/XOb0DYXmevHju6cuTHqInqA2OaJ1FiwRz9m7sw7n/fF7Qv+PLMjoZVw/
WcZuCYISu0AGhw9R7XGdVPHHvEjCDnedwT5rM9mbGPf2Jnv/5o/2r+uqrC9iXpMmcXxR/iEdS4p4
rxAvqLyL/fd0Kx1CKCfx+EZHRs3zHF35WIr152T9/m3Vp8r67+Z7HY7x6C/SjAGUxzn3nVtM7+iq
WnbjtBwY5hr9m4yOqzpblBXLLrM/jmcOrPn7EN+e06KKWbe6aUbuyUL7cUiXZPsl/K2XCSvLZ0/F
VdhQ9LyVwOJ5G1CPddcWH+eW3509rWhvf7Q72uUaWkfFPcdNtT/Hgju4ege/26DndcH2lrTqyqAZ
urGreFeeGo9s8/VrVX0U+3ydOStSHuQHm4yvKd83LOdFDtQ/QeTJ63J+MGnGO1uP52JtEIvEvfn1
IKuHuQdZFQ9Nvzt8jyCOWJxl7PTjU2k/4fTA5AEDkxgEUx1Ej+u4G4jTHhXJvlBCn3cxNuzWrDss
gIyJ0AL5LwIqw3s5h9C6ZXG1fiqh9NTM0XV+PkTR71lYVtA07cVFUMddgx+e6Tv+DXVXLMxVW3+y
Pqih53mFBBIIIJ53E9m9bJ4G0Me/wpzc4bAzOEjJf0442+Dp/v7dwex0GbNeZSoH7tl0+AfYMCuO
WJ65rm0/FdN9qsAnx9L8fZAql/nqzYfDHj9i5C9SV0k47Y+nKiTFI2lv87RbaXUGBzufQ/Zv7y/+
iE6i5JiWgKl5jk7i+z2dxGlKk2Qun+nsUEXBrNYLvHHeFUszdE9XeViV7xlN3sXlk+1CdUgC+xLH
w3dw5DNYb/PVqreL3x+/p/bcy5M4ewtyeyqmWoLtQ2ICyODwt+i4hbph/tNNvj/dl3/kQ2xPxvDN
Z+I6SO7V4vk7drWbxLRrk5uxB0Ve8keHXo5F/vkNiuuTmwoyv+J7Hf4BLde9CL0ZG/rjoCV8E9Os
+lcNzczXp2JbLOx5LYB7lIfvo7TvW/TvGDXPmHAo19CplrzqBj7F3YyRg66I+zp+kFK8AbkZCWgC
0ODa7lienod5BaG+Nypf59kM1EXSPQ5p1TsfxUnFeoQX6ap7uIQ80j2Ogzy77A58KblC2uPUF4/j
9MbyomqfLEC1lRVFhsLupFXQl8N7FiWMNyfd0ZJLtOwPhdgzdUZO50e95dflz0mGi8lfpD1V5Rcs
i7/2RXB9LblGuBge1zRNeLTU+eHXeCXypMvr969got3L4fA67Us9R3i6qhqaprswMN8/6bEe5ucc
2nAQhuK+wnKw0rLsTRQZ7dNxj+cBAjjEJxEHfKbJVREP9L+q+DOLKOHmSY75cmB7yzq74E+T6VxI
4jZwvPDjjOL+NMRYXbFREuwSKjNfTkJSUKSsqlwO6EJYIShamKUqS4/N41/nm7U65/H9sTiL8p7d
hjdUHveshIvS6A4VDNwD/XBRC1ts6P8b3I2czAMoyjrCR+9eruS6uCJ/HiXp9nldd0dXpiXbfCKm
lSd/wGO0o6uGDmIrz6H0Ge1ENCkhLjXPIY92zJkFa2BfNTJtJ6LUtE1f9wMrcGeRbkQ08v2Zxqit
qYYV2ZGuOUC7llA+xlmYX5Xk3Rlpn4EzJ04ZZ0QDFIRjINpsZhtku5ksHjEkuqrZz8ju8b6NN93w
Ky0doX1l3JPM1l6Wq/MclfPx8B3f8uYHV7xiCfB9nJIV56DlghZyQ4CGyxxblCmGjgm+NiHe2sPC
U38ZBXo0s92ZG6nUNKkVWX6gU923VTVUZ7YeMZXNHIavEfpFHFxMZbRUFVcxXgbUmoWaE6m6Ezlm
NJvNfF2znSDUXE3z1ZAx3TANyngoBF4hDEE+ggCb+DS4mPDX0sSDUiDJiyy/yl7Kv2h2iyIvSzYF
lmmZ4Stel/gMhPpSV3XXVQ0jAEWYhqoy37ZsNmMOc5wgsvRQC23bNXFVCNgFKxktgiXnP6WiWBtd
cut46fh+oOoadVjo68ykM0b1yKGhGVGXBW4YMD0KfCfseUn7GgNgp3IjXP3vZhDkCtp7aTp6YM9c
Si0Wqr6jBSqA030tivBIU6lrBg61g9spb+xyNEOgQ+qqqVLHMahJfd8JXN+FUGeGlj5zAt+KWBDY
hhVSRx9Q5xFj4946GgCQYVoQuarrstCmM2tGAR1YheUb8A90qHoQRm6f0q0qxCrBeGmb+K0lMCnb
9gMKErUcx9JNnTlWoBuBbjEnsCw6gBZg7Z3IB2I4NBChy6ihGq5rsCiMfMMNQkPVma5ZdmipQNrR
VResc0ApT/INDdX1mQ1eG87AZZlhhLajgeG4oe4Guh6YdqDNmBYO0PD3deUrJk04fcmCman7uKSj
WrbvA0OWaruByaIIlOnODJNRzfX7pJIc64nGVLAD0NWX1GYmyFW3nBlTVc2M7NCG34YeRLZh6LY+
g4jjhMaQ1IKDMRGMHbiaHqigN8sKHODA0FSHBWD8MzAHOzJVM1DNmxQmnYwjSNlaNEOmgsgAjQW6
CdjA7XUahGAQjko18AIjGPhAGwc4idA2mW5Zlh/qzEWL101rBgHBCuHiKNAMwOhGA2PP/KoVrusE
JlVNHyzD1SwGMcUxQsNXwbZBUOCYGvVB/VqfwubnhNdRwqkfEb9vvGEh0pIJjsEM6tiaBrY8U5kW
UfApW7fA8TQIdqY5YxA6fMqC26jgexpNQfPS1XVqm6YJzNjBLKQQEvD/HEPXVLA9Fpgzw6FsIF/x
pHyT8F+qNHAgVoPNa4GpuVSLQOLgX+D0jmFh/LVcpnPjg4q4ZGv0g01Bp3FfD+CfmcmYxQzdgerI
B08yVd/SwJ4ZA3vzfdsOVLohUtexSD8QeSFXuCDDyLcMx7FdLQpnxgzswjTDwDdDG64OIt0MI7x8
Waclpc31N4N7uU6jPFuDBpM11BfJpKmlLwGqwZUYhK41c2fMhehjOFEY6r5q2K4BAQ7yDgP1qmBc
t9GCjOGoLS3tJYRbFfIQCzXqQhCgQM2lTNMhtkPygIyl6pY58++kpXVwMRuMwo2MEO08ghTkmg74
qqYGZmAAKAOc14X/il4lzb9ChzSF2MYKmXTRQm3XNoMZWIOjmo5mUsfUwQiYCjoONcunvhppDjhU
j8gKPG6CwVs+DKi+DF3DjWYsBJ8NwCR83w0w51qBr1ohZEPA5qozIMNbpda2lDWvVrcI7nSQAB9S
WtQFf5uDYK1HorwgveLKy7bI2RISKb58hc+BloQW4i3xPGMl/KAVCWiW5RXxGYmzIKkheMAPIt4n
UCChQeLldwKA1mmewpUREhjSLGnExiSHM0WJJImPj5uTdV4XkhaJIyLfKsYVoLbBjw8kayQMjXtL
bgqVLq2TqiRXefZDRTD104JAD5tD8Ioxha0RIb6pLfi+WrKM1KtFQUMgoHiZlzXEdryMkK2PS4bA
SJXDKlC0Agn5ckbJ674SK+tQnOZQRfTHt/YTVnF54eZhwIhILjiSImWQeMAmCcXaeMF2CC9P8US5
rCsoFrOJ/C7EDvFGsm7EF39Y6I04sl18WZ8kcYlomzeqyWVMyb9qVqxxzs/4YyJP7RBszPmlB7xV
l9cQwEWwXCSgMRAKUvPXRIoS54vOftKe7oDd+ggeAxYBcqVhSKDyEuJHseLLOCRlFN9VwgoUvzbg
MwQNwmE/1zRBsfEvIxDxfYBtuSgUyM+QuliRTQq2ggZ3AmLHt2p24DRf+12d+iAVsKrdcp0FZ7S8
IPjCFNiRwid8KPE1f1it4RSnLYs8y2vQHkwvx4Q/VUFEq4H+MCZYVBfiZT8uG/BHHEvrTL4AJYif
cvUCT2BlRX4dg4UxEAOwxC03a8GhbCWgwwhtFeegTY5JXP0A4qsKflnI8MME3GQGF5Nt4KEGv9G5
WDgbE8npDic1tFX+JQdS1FmG6gyxTcxXXAm8LykVss8u5W+SxoslODM+BDbuOp80HJRIUdSrSowK
gaFgUsAm+eLKBafkvUYoHIJe5nEIsG9HgDaCNgcFfwzWpXQMDSZPxKTW0rwsZbDcWjjlmyT3wXpw
V4mIcfCDNK7Qt1O2oD7fpSenQtQqF25c8ufa8fIz1NpVzCXPLQqc9moiCDVGVnIO8VlO+EEYPnCF
ZKKCsWZJYeSgrRrdlCxyUFSObopWgQstOMwJh7ZDVOQCVuchWFRkf3kOcJvuW/iX0Nb/Pvxlla84
BBk+W0iSXEkgfKwwm4YtIFy1QaVB3SmB8SDwkXuFxFf+8AQIuV9wSBgxSFBD8skg+RDxGQS07lxA
Fh6Jyaqdza4DxsJyw5EIXCdnBzvk7O3hKTk6PD48I7vz+dHhwSmZH7wnH0/e//Pg/ZjAJHJ2ArMO
yMe3J0cHZP7+ZO/g9FQZhoCePHTLluKYsyLOeULGQFwig8GS8ZDMpdEGWw1kDyVByGMLnzKBUMhE
mOWk9vIM+IQADdaE/N5lbMLIrpaYWUEmGILENE5ZEIHQuwnkIiPxNU4wh2Ce5xcoN2ejLcg9ZlDb
igVYDgjJIlyhV3FtywOYF1uVG1YNVfJaPrsdkuTckJwvaOGDZ0w2lTUPQLdLl7sawpFXEXkVxO6U
ZjUvPrpIoDCrwQafjZucMDTCxgxFeo0i/uUhXCDduKBCTkTMFwYP1UNeJ2GLJYYkcpWRDf5SEF5x
+MCoraqSV1jtNQ8WN5IkNx1BoeUtKvK0Sbbiajlj0jXNroaRG6nJG7ZBbjGpnnWcNgUjqqyAldAM
pSGHdboS1ZUo4Yg8McETjb72cZK8gGPnMBsO4AjSPDg7vUXAkLQh8cEKl/jBpLJmGBiqJWht0VSb
GLRwtQ2qcaNIUSPIolIRaHDqnXJK6fWEb8qWDfY9usLROK1TyLGQXgskXtEMqkpQJBGf7xAoNnJF
f5Gi5B5z08ag2F5JRHzBCVbBNSRds9XYfi5ODW0aayOMeoK+mNy4kKAlJ3Y545XDhG/6trztAxRe
q0D5iNIDdKLAEFRW/MMERFwjONxwB5dJeQp+mpVx8qbaRQEm2AZIut8m9S079DL5Rv6OTBFQmi3z
RJSYPj7iwStxDrnEDwsRmWR4bBOdjzwrUovP2mJTpLetrpaaUxhWi3WFxMdkonUUyJXHF55UDRiZ
AnjU3tSx/EYBlpCh4Bx7GV7o48UwKGEp5C3UgmBLz3lxR/bmH8YEnz+EiVl4FYdg9rxWENGzpT/h
9HeI3ZTdm4q85NLpzFXIbgiBakmTaAqtpGgTQgY2LJeCRQnuC6KBdRxxk/Y6xLqtyME1RjUsMWmi
EATxYZ7Nm2J70wBiL4GgrvBhHriwXmWriTwedDfH0uvK+Ctr9YlleaPGEhOeLJmgbBfm0UmtpquL
i54pZC6vSWix4BdQ2YlKW+ArRgVdIAugExBbuUp4xYLtJT5jgc5OC9TTXhLDLNEvF+JLKuT47ANH
WgJLyLZfVwT7c67KzXKiuVCaWJNW9QSv2uFou/0hy/jdJO7rEcGNgQBfCm3ZhP43iuJAITxLLSkW
ASROQTYV6g60wT/iD2FqzLGA0i456CVKAqIuD8SQoikP56VQqSglYG4lbRQ5YWJ/QIY62U3tn/Ai
af/wdPcV1Ee8nqozbkMYsGuMlPxGqCgSYjRG+R3DsNtvbPjc+HrI/Hqx0zRtL4iGzZosWZcQrvh5
Ilv0UmwqoDdnZS6St/QIDYkJ1ILa3jKHJh69sOnVWNON8yiO28akpJdNtoCf0HqLDzPhuU4bD8D4
vXZRtMk9mS95nIkNAS6pH8gnP79Gzy/I4T7Z/vThcP8Z6B3cHjDA/CtQGyoGH1cF58AergilfET5
Ad6Qb3SXgbd/enXU0Jf9XWfkB74Y3iXjhQNXryxFOG95s0Mk0+g14JvgYwbP8yjiy8K5OFpPrus4
3CiEy3PS35w547srwtXE/78IIQMe6aVf1aXc5QkgiFQizMprJuKaHSJvo+IyIoXI8ChXwRzIv4go
e5QML0uGqXjczLqM2dWkTdC3bYgJ4e6m+KVJ3uTzdC+CCYisES3mdoyOfCsE1I+/eXKGi9/zVN25
mDOeMdF6+0wQ81mEvl+u6BU3CrRR+bEvNC0c7id9wT4u1LIPMZDQIVT5WRhYjUE+vQ2lejtMWuD3
AwltzB3ANhfj3xaNMdjh8fEVL/Qz8bFKARC3DykYXFn7XSksMInCDBaK1MkP2tTGt5qkcdAgYAnj
nYIwb75qEl/AEtgn80iUUGB9wV8GF3EMlqBkKah1ghx4f1mJlMzBTlAaDbTJRjSCtcP9ssMXhmnU
vKBGxG3Tlk255dSUOfyanpKA3oToZAtg4gNtrSI321qtLpWbypTB64rGvJuFZAKtnrCiVb6qk8Zt
5AHmez5Hpg1DxwV5G4Rc8pUw42LkgpJANhg4IjfydmSpg/uOvLkWw6JSkJYFQDYROtwEPfTMCX55
azDUBob+sHyeoJPTIR5MxBNT7cwl6G1HQFHwyydKnHPEEOrWKTaHJX4ItAQOyw10TFPyPNmc5yzw
MEcXi4It5Jai3H8U2yz4XdCLIX8cH8Sak/0T/O7ORCYFUR9g+LpiogOh/BOvuGLJgW8Y4GNKZ9Mf
8nQr+XqFTyYJ5dwQKihUnJfGBJUQPjfAc1kn3+zh3jzr7uWNITmslhTcgmFkLxBDU5dCxohYAb3H
BONihslQnG1yl8gctLc3KJ/l6CTbGmpwqG14bG1CmCTItSzON2vc0Krgq6vWKk43GURmYySK89Hq
MWGgFjGM44J801Ne1GxwK5sF5JnuCo3kvp3vZTIRmhQe0NlLkjSAfCXl2ewaLeWgCHFF20nI6ICb
8NCshbwMiqOWEN4krwtxxwWjTbOVIiIv0JPRqcm3FJ8ZlH0alNYUH4GSR1gAAUapq51GaeIc2Cju
6e2Qn3jlAkXrmG/yfUaiIjG3ybt7J4izgZV00XyNeNF8jobvj9yWR3l85u1jyTsG3n7jW42rhMki
oAtfrMvHxU+giG5gqiKnblbcIa+Pds/EILYaDHfW/i6fyBhb7jV/x2FsXIdxUY150P27rPTEvZbu
poVwYkx0IFq5p0hraXUJKCtYE/G5sbpo4m7TqRXtXRoeVIAOpKOA3wVrv9o8ae7wgAmIsn7rNY8m
fCk+v0eE18Vy5LwzMuH1Zafwy0Xtz64htpWyyQ0usE0qeUMHwc2PoUFZi0KOz0N+Y/xmVCIyhXAV
wSWnD5VR0YZjvP06VCrep5xvVLzHb1byu3UeVC1br4uY7LOA6CbR9R3D2rFU8vHwFdFVXcMJzR21
5wwiLByneRU+F6/OFnhzj3/jDZ3tueZqkLr6g5c2HzZwWHYH8QoGwbph5GoZV2yCt9ywVuXUoYGS
5dpzS8WRBcXtg5A950fiLl87Jq/CDVu8sdMcry5XcoUwxo4KTHj9nENrLbJNcM85k7wYxhp7w1pT
ILOwMwVvsT/fP3i9++HorMMTvzEol+TpAX1VHvfK1+cODnVKdD5l9Ov/A+tyy5U=
===END CRASH DUMP===
