PocketMine-MP Crash Dump Sun Feb 20 12:07:51 WIB 2022

Error: Trying to access array offset on value of type bool
File: plugins/StackStrage/src/ree_jp/stackstorage/sql/StackStorageHelper
Line: 27
Type: ErrorException

THIS CRASH WAS CAUSED BY A PLUGIN
BAD PLUGIN: StackStorage

Code:
[18]     private string $type;
[19]     private DataConnector $db;
[20] 
[21]     /**
[22]      * @inheritDoc
[23]      */
[24]     public function __construct(PluginBase $plugin, string $path, bool $isInitFunc)
[25]     {
[26]         $config = new Config($path . 'sql.yml');
[27]         $this->type = strtolower($config->get("database")["type"]);
[28]         $this->db = libasynql::create($plugin, $config->get('database'), [
[29]             'mysql' => 'mysql.sql',
[30]             'sqlite' => 'sqlite.sql'
[31]         ]);
[32]         $this->db->executeGeneric('StackStorage.init.table');
[33]         if ($this->type === "mysql" && $isInitFunc) {
[34]             $this->db->executeGeneric('StackStorage.init.function.drop');
[35]             $this->db->executeGeneric('StackStorage.init.function.create');
[36]         }
[37]     }

Backtrace:
#0 plugins/StackStrage/src/ree_jp/stackstorage/sql/StackStorageHelper(27): pocketmine\errorhandler\ErrorToExceptionHandler::handle(integer 2, string[51] Trying to access array offset on value of type bool, string[106] C:\Users\tranthien\Desktop\FoxCraft\plugins\StackStrage\src\ree_jp\stackstorage\, integer 27)
#1 plugins/StackStrage/src/ree_jp/stackstorage/StackStoragePlugin(32): ree_jp\stackstorage\sql\StackStorageHelper->__construct(object ree_jp\stackstorage\StackStoragePlugin#29123, string[61] C:/Users/tranthien/Desktop/FoxCraft/plugin_data/StackStorage/, true)
#2 pmsrc/src/plugin/PluginBase(137): ree_jp\stackstorage\StackStoragePlugin->onEnable()
#3 pmsrc/src/plugin/PluginManager(437): pocketmine\plugin\PluginBase->onEnableStateChange(true)
#4 pmsrc/src/Server(1385): pocketmine\plugin\PluginManager->enablePlugin(object ree_jp\stackstorage\StackStoragePlugin#29123)
#5 pmsrc/src/Server(1011): pocketmine\Server->enablePlugins(object pocketmine\plugin\PluginEnableOrder#24909)
#6 pmsrc/src/PocketMine(304): pocketmine\Server->__construct(object BaseClassLoader#2, object pocketmine\utils\MainLogger#3, string[36] C:\Users\tranthien\Desktop\FoxCraft\, string[44] C:\Users\tranthien\Desktop\FoxCraft\plugins\)
#7 pmsrc/src/PocketMine(327): pocketmine\server()
#8 pmsrc(11): require(string[80] phar://C:/Users/tranthien/Desktop/FoxCraft/PocketMine-MP.phar/src/PocketMine.php)

PocketMine-MP version: 4.2.0 [Protocol 486]
Git commit: 44818e6d1456dcf1f0fd3cd27da1dfecbe03c08b
uname -a: Windows NT tranthien4-8sin 10.0 build 17763 (Windows Server 2016) AMD64
PHP Version: 8.0.13
Zend version: 4.0.13
OS: WINNT, win
Composer libraries: 
- adhocore/json-comment 1.1.2@fc2f76979f0a44a5f5bc2a2b600d0762fe0e78e7
- brick/math 0.9.3@ca57d18f028f84f777b2168cd1911b0dee2343ae
- daverandom/callback-validator unknown@unknown
- fgrosse/phpasn1 v2.4.0@eef488991d53e58e60c9554b09b1201ca5ba9296
- netresearch/jsonmapper v4.0.0@8bbc021a8edb2e4a7ea2f8ad4fa9ec9dce2fcb8d
- pocketmine/bedrock-data 1.6.0+bedrock-1.18.10@e98c511584a7bd58a95986374d2df4b04c6a2ba0
- pocketmine/bedrock-protocol 8.0.0+bedrock-1.18.10@017e57c8f8a74118bcbba7332e7ebac9e6c81693
- pocketmine/binaryutils 0.2.4@5ac7eea91afbad8dc498f5ce34ce6297d5e6ea9a
- pocketmine/callback-validator 1.0.3@64787469766bcaa7e5885242e85c23c25e8c55a2
- pocketmine/classloader 0.2.0@49ea303993efdfb39cd302e2156d50aa78209e78
- pocketmine/color 0.2.0@09be6ea6d76f2e33d6813c39d29c22c46c17e1d2
- pocketmine/errorhandler 0.6.0@dae214a04348b911e8219ebf125ff1c5589cc878
- pocketmine/locale-data 2.4.3@4d0b081f1a79407e087968ea76aaf330db6ea2b5
- pocketmine/log 0.4.0@e6c912c0f9055c81d23108ec2d179b96f404c043
- pocketmine/log-pthreads 0.4.0@61f709e8cf36bcc24e4efe02acded680a1ce23cd
- pocketmine/math 0.4.2@aacc3759a508a69dfa5bc4dfa770ab733c5c94bf
- pocketmine/nbt 0.3.2@3e0d9ef6b6c5fb45e3745a121296e75631b3eefe
- pocketmine/pocketmine-mp 4.2.0@44818e6d1456dcf1f0fd3cd27da1dfecbe03c08b
- pocketmine/raklib 0.14.3@4798576fec0364266dce23b368a7fec5e5de7927
- pocketmine/raklib-ipc 0.1.1@922a6444b0c6c7daaa5aa5a832107e1ec4738aed
- pocketmine/snooze 0.3.1@0ac8fc2a781c419a1f64ebca4d5835028f59e29b
- ramsey/collection 1.2.2@cccc74ee5e328031b15640b51056ee8d3bb66c0a
- ramsey/uuid 4.2.3@fc9bb7fb5388691fd7373cd44dcb4d63bbcf24df
- rhumsaa/uuid unknown@unknown
- symfony/polyfill-ctype v1.24.0@30885182c981ab175d4d034db0f6f469898070ab
- symfony/polyfill-php80 v1.24.0@57b712b08eddb97c762a8caa32c84e037892d2e9
- symfony/polyfill-php81 v1.24.0@5de4ba2d41b15f9bd0e19b2ab9674135813ec98f
- webmozart/assert 1.10.0@6964c76c7804814a842473e0c8fd15bab0f18e25
- webmozart/path-util 2.3.0@d939f7edc24c9a1bb9c0dee5cb05d8e859490725

Loaded plugins:
Alerts 1.0.0 by hachkingtohach1 for API(s) 4.0.0
AlwaysSpawn 2.2.5 by Philip Shilling for API(s) 4.0.0
AuctionHouse 2.0.0-BETA1 by Shock95x for API(s) 4.0.0
BlockGenerator 0.1.0_beta by BlockHorizons, Chris-Prime for API(s) 4.0.0, 3.0.0
BuilderTools 1.3.0-beta2 by CzechPMDevs, VixikHD for API(s) 4.0.0
CraftingTable 1.0.0 by hachkingtohach1 for API(s) 4.0.0
CropGrowth 2.0.1 by NhanAZ, kaidoMC, YTBJero for API(s) 4.0.0
CustomItemLoader 2.3.1 by alvin0319 for API(s) 4.0.0
DevTools 1.15.0 by PocketMine Team for API(s) 4.0.0
Dungeon 1.0.3 by hachkingtohach1 for API(s) 4.0.0
EconomyAPI 5.7.3-PM4 by onebone for API(s) 4.0.0
EconomyJob 2.0.6 by onebone for API(s) 4.0.0
EconomyLand 2.1.3 by onebone for API(s) 4.0.0
EnchantedUI 1.0 by ItsRealNise for API(s) 4.0.0
FCCore 1.10.1 by hachkingtohach1 for API(s) 4.0.0
FishingRod 1.0.1 by hachkingtohach1 for API(s) 4.0.0
FormAPI 1.4.0 by jojoe77777/DragonfireHD98 for API(s) 4.0.0
Gems 5.7.3-PM4 by onebone for API(s) 4.0.0
HealAndFeed 2.1.0 by Kylan1940 for API(s) 4.0.0
HealthTag 2.1.2 by Shelly7w7 for API(s) 4.0.0
InvCrashFix 0.0.1 by Muqsit for API(s) 4.0.0
InvSee 2.0.1 by BlockHorizons for API(s) 4.0.0
KeepInventory 1.0.0 by NhanAZ, KhoaGamingVN for API(s) 4.0.0
LaunchableTNT 1.0.1 by Vecnavium for API(s) 4.0.0
MaxEnchants 1.2.4 by Xenophilicy for API(s) 4.0.0
MultiWorld 1.7.0-beta3 by CzechPMDevs, VixikCZ, fuyutsuki, kaliiks for API(s) 4.0.0
MyItem 1.5.5 by hachkingtohach1 for API(s) 4.0.0
NPC 1.0.0 by hachkingtohach1 for API(s) 4.0.0
Napthe 0.0.2 by hachkingtohach1,tungstenvn for API(s) 4.0.0
Parties 2.0.1 by Didah (@Diduhless) for API(s) 4.0.0
PlayerStats 3.1.9_BETA by hachkingtohach1 for API(s) 4.0.0
PureChat 2.0.0 by Vecnavium, 64FF00 for API(s) 4.0.0
PureEntities 2.0.0 by LeinneSW for API(s) 4.0.0
PurePerms 1.4.5 by Vecnavium , 64FF00 & ProjectInfinity for API(s) 4.0.0
RedstoneCircuit 3.0.1 by tedo0627 for API(s) 4.0.0
Rewards 5.0 by Wertzui123 for API(s) 4.0.0
ScoreBoard 1.0 by hachkingtohach1 for API(s) 4.0.0
ShopGUI 1.0.0 by hachkingtohach1 for API(s) 4.0.0
SimpleHome 1.1.0 by CzechPMDevs, VixikCZ for API(s) 4.0.0
SizeUI 1.0 by fernanACM for API(s) 4.0.0
Spyglass 1.0.1 by ItsRealNise for API(s) 4.0.0
StackStorage 1.3.0 by Ree-jp for API(s) 4.0.0
VanillaEnchant 1.0.0 by hachkingtohach1 for API(s) 4.0.0
VanillaHopper 2.0.1 by ColinHDev for API(s) 4.0.0
VanillaX 3.0.0 by CLADevs for API(s) 4.0.0
VoteReward 1.1.0 by  for API(s) 4.0.0
WorldProtect 2.3.11 by aliuly for API(s) 4.0.0
_NewAlias 1.4.0 by Javier Leon9966 for API(s) 4.0.0
libEasyUI 1.0.2 by GiantQuartz for API(s) 4.0.0

----------------------REPORT THE DATA BELOW THIS LINE-----------------------

===BEGIN CRASH DUMP===
eNrtPIty20aSvzJHp9byHh94koC2nJIiybE2lq2z5Ni3Yco1AAYkIhBg8JBEb+Xfr7tnAA4g2ZYd
ZnevKq7diGjM9PT7MRjgn4M4L1a8en8tijLJs8G+MxxUyUoM9s2p49q2PZ2Z45k/taaz4aBeq1tj
x53Zvm9avjedua4N91JeVidFkReD/X8Oqs0ahg3o+uQ2FDAPcA8HK1GWfIG3LotNki1YlTMehgBl
vCj4huVxXIqK5Rm75mkt4JohLhbkeQrz4zpNnyUpIjjan8/flED1fF4VPKuWicjm82NRXlX5ej5/
lt8eFTyu5vN1Wi+SDIZdVDy8uoDBCzGfl0U4nxdCvP8FBpd4p6xydevXtB1MoOciXYtivF6ukQS5
vMI60ZBOAOdEopzoGCeAcHIXH+BKkwxwWSA9QBDCz58Gjwz2+1HvWbMn+2ydh1eiWsEa87lATSx5
FqWimM9JL5d5q5nn8sb+vhyxl2SVWIiCWUNWVgXo6SfX/Jl9hcra+aYx/Zn9cSobspbk2RMQ7CPz
i6SoS/Cc5u3ZFkjwi+xj9O3792GeAcN1WO3lwS8irD6C4e56jyxwJrsV19REaU1IWJNWVhMlqkkj
qYlk8n3EK95hYjJkQIYgUVhsvULG8f9y/ESu+R0vxZ5pzz7K6F0yR9/m2UnGA7ARwm1/DPcZz2BS
sefYfUuUw+bzLQ1bpLBgJY7ACBdir6Xf0da4EAUEKiDacz+JVi0/+lYQXqXTr9IJ0eDeQ4Nhmj0a
5J3uomWz6seJlby/KiJRPLIc3/Bpyam25DnNPYO5e7bhfGTVe6wPpXsEgbl8kXPCPmT3UFNXSQq+
dsaT7EW+ALE92hqi/SVu285ynK9xdmJ79hG270S0UqqBJnly0h5ppBC/1kkh9hQtnvEzWy95sT+Z
PMSjtmuOzs7HOLFHCqaBJ4OffxsOxB+e7f6AVAN0q6CRZNd5ei1WIqtgkQhEFlaD5i5AdDQAD/NI
ILOmB/cY/FsXyTW4q9I5+wYp/xsMNP3egGOITkd5lgH+vGDfRAGOsgwYhX9NNXry17/ipaUu2V/Z
QZItRZFUx3mId+z2zgQvnWaVOkiTkMV1FqLYme4G2xjDvpF8DVty17xaDknS7JukPM2S6hmgQHOy
XIX6n3gxbZaFf98A6jhZsKcsEzfsiC72CBMbs8cg+/FmlT5+QvzN9HlgbOXoW9LtU6SgytP8BqxX
IRx9uxDV3nyAcTwAaueDJz/Nyazmg58lOu8uuigAZGkCEzbZr+n+flgIEPdey2kH+eMG9+MnQ/YT
YvQ1jPjv8WoDHDxmT79VP8d4OYShttEfCneSSsix8jcNxrGmNlbSblv30Q5h8laEdSW+FxloOdx7
rBvcOAGFjCsMjFKetq0hSWK215Hp06dsPiCi5wP2l790NEpqtJ0eC19ER2Nc46jI14oedycIpc4U
St3UfkNAY0O/DX77s0T8s0T8s0T8s0T8s0T8f1MiNrVUiWXTIQTPin5lHLdQGsBw0O68DMyxMTYA
wutqmRclxvolD5dXQGOV4y8TkfJ1gnccGgzX0pSiwT66w3AQibXIIpwM98o8ro51wIpTbddDO59L
apq/WC+COcDA81cXl29fvX5xDKAbEZSQ6XF6Va1LkNYNr8JluYSEdiNEkG7GYb6aYK46TG/4prxY
85usw/IWqvNtja2x2+X7fJmkyZpdwB+oXBe74ntNaEuFdT7nRFGJFM3n0gO2vF9cHr6+fHPe4ZyY
qyl3P8/rUujc6eAue0Dx6LuTy0Ozy+TFEkzGd29/H3eDE3DqfLU5PD8dbDktFW7gUdK1RLpAwV0q
P6lmZPa7FPBQJcMr2e0odns3dIaNMVjy+0BUvMsvTXmeF8kHiEJw62hZQMl0XuCeYl8EUP3cEUXM
0/Khmu6sNZ93qb2r608IoE5SGHoJpYruvh1w14mB8BEyb3W5P/ogwuX52bG4xgk/JrfJ1fPjXRl2
iMjXqwiQz+eBpK1C2oD1LqUPcuxFUi3rgNxZI3vSQQWyoXgIjnSJBGvC6cJ3GOK+xALuxLgOVb3L
hwgG5ALyTdKw2IzLTSXKcSaqScTLZZDzIppIieTr74v8plp2xNEC+3GhFxFeQmFz+A+AXfEkys+O
4Nf/Xn73d1HkuzIUuQJy39Ak0/pXWIYiFrmuoUZanVZipfxK471/qysBuy8Bnl4nmWGb/s7soMUI
TPeIuQt5SEQAV+hHgxbUtXXT7Rv7tkhgl4KvdqXVZn2snq57nn5fGrtHm1vKJi0OZLaGSjvXs3gD
6bu1/W9ya0VP+2NXrqyl1S3zGlDn3x3Pxvbo/MzpyiDPRAD/35WWFTpo1SUVgBMadZ2iz9quGv33
PLjLFAL78Wn65QzdUWavQHkod7/kQcudJO2h3L3gWXSXPYJ2+TP7Rvuv5C8FeloGFXGf5zALIepW
InrTsUoN2nPLLn+nVfla8PRlUoqdOaSGE9jZUvKwvIJMPTs6ygu9flCAXjC9ky3/ZSFG0tP83VWA
eZZAI5ItXue6sWrAfoD9t3HfkqT/3pkU8mLVjbENpMu/07flX/JfcjHDf5Pjgi9wr7sQz499b1fh
drsA7kUQTe2Ph5j192Kl1wh0uaOk8SX6bOMOEiD/+xDqn4NPH2bRMyF089Sh/Vja088PGOFM3zF2
pY8W4XyukfHwMIOTquUlX/T4kbA+N1a/VxdpupndzHbFTdkglNwQEQ/n5TS7hv6lXD5LbjVudGi3
Ib8TPc7qXwHdrphZEbb5PMmuQyQgTm6/pMcGui+E6DKCgM90S939hB2x0ts4kJR8CTM/CLGGWSKr
8mKj8dSFf6YpbhvBH5Y5/56vIOb++HLXPWCHoh20gS94jekf6Ll8ealx3oV/Jq39KMKMXyf1amcB
sMUIWtQp6V0+RLdn/FZVOHpk16Fd7qxxL7i/E1lOm5DhZmf8aThRiS0tnYsHcVenVfI2L1I94mvA
Lm8ztc1lf3ab6+gfdHRvU1dlfZXQ7kaaJFflH7L5tUJ6b5Be4F+n/fdsfGmIUE4b3DDQZSQBXfm4
/T3tf1nBJslp/u6qUHt5fqSxjFf/KRt7QMuXRa+PPrd4ydfVUk9ECtBPptYnOR1WdbYoK5FdZ38g
00RZ8/ch7n3OiyoReuBqIJ/Js8dJxJds7wD+1stUlOWTnbEVNSjn87UkZj7fUvWlLtsSSOymfCMK
fF7cYVmD6mzbUPL57/Ehzb/nAZxGV+fid5v0eV3g8/JKl0EDuvOU6mOpeDiYOs+eGcYXbozgQuei
WJV390UGzzg9iCrPixzQv4Pok9fl+cmogWvPst7LxUEuivDtrwfZPYw9yaqkb/w6+DOSeCGSLBMX
b3el/pTwgc0DDULRIJnSKPqy/duGxEkHi2JfKqHLu4T1m2z3IybAhkxqgf2FgcrwhMApdNxZUm12
JZSOmok67edDFP1aRGUFre5RUoR1olt8/07X8+8EvEpEuTG1ZjsLcw1CPJwkKQklJfP5XdIewOcN
JOWyw5+EdLcXekb8VhTVhzoxLXtnfG1RIiNEw1f3EVtcE4WK4tdFmBfiO6xCNH414Cf3O/9lJciW
IP337w7eF8t8/X1nq7eB/KfUXoqe9seuqs2LZLVOxfN8pVdjGrC3N9zn//4uZFdS6DQcJRG1BKJA
CDqBv6fhuFjxND1vzidusZJkPoiuSUjAJx0hFkUGbfrR2a6CdYsQmcb15d+vYHtLGjK33izwNJrO
XgP6zMbBQ59tfAGTnUcbDR0P36TrnKDXGOoerO8dHeky9VqI0S/rXfHz0GONX6FFSegID96FdEpO
O1SLsviRZ0macrUdoUmjd+M/Ja51yepf7yrKKazP8/W6c2qiC/9Me3aUp0n2HMLGrsykRdiyLQnp
XX5NiGtJ3TL/7i7f7+4UaP3w/uKQQvuu1K/wtQy+2/56iKP/mFdC1iw6L1vgp5PVrpgoBIym023X
sPTDwxTta0FNX+ELQFv6O+A7p3buHNtJ6nRnnYDENp/TNt5aktDn54Ft0VmdFHEi0miyPRk8ag7+
VxAQJyteVqKYdNgFqbx/KW4O04TrqWgL+8yzyb9DzyQK9kLkme9Pp7uSi0TbYMXTukCL+vMV3thF
N5FofsN3xYITXm46RcYW1o/Qvb2w7xOIj/9Tcyjmd+aecuX5vKXgMzaNL7nxAggHxfaOXTVHtomW
20pkJW02AKPyDMLAwwCLe9pBuOJ4jG8LCXkKpMFcHZav3kd5BaG9A1WvBG4BdZHq1xGvOvfjJK1E
B/FitdYvl5A39OskzLNrHfBLSRppr1eBPN3egeVF1Z7QRb1BIYAMRfqgddiVw2sRp4L2ZHRoSRIt
u6AI94o0yMX5i87y+IIWHs1pfrH2VpVfiQzqx44Ibm8V10guBpwNX6XqvDhefkjWMqD6tG3xAWxU
nw6Xt6uu1HMkzzIM2zQtHwDnx686rEf5eyKtD5TvuOnQHKy0LDsDZZn+7qzDc48CuCyEPCLZAd4U
SU//62qJI1HCzYno82XP9pZ1dkWvZlgkJHmYMlkEScbx0SNkTotOcKXiGiJgoAYhKihK1lWuAJYU
VgSKlmZpqBy1DZnvt2tp9/EF1SSL847dRndUnnSshERp66BCgHugHy5qaYsN/n+Au7FX5yGUZJrw
0buXa7UurkjHulN9e0t3d3RlXortFy5Anhahp3PSg33LcG0QW/keyrU2LmHWycMcsDreFNbA7aSB
43imJ6aR6bjTKIzN2IgjO4ysWcTNKBZhIAw7NDw8q1Y3WTTJovymZC8vWftKiTPyyiRjJmiVEQ3M
nM2mNttrBsv3dZhlmNMn7PDseIpPEfHzE5rQPgjyJKe1l+X6fY7KeXv6kh5m0sUNpUwIUuu8FMV7
0HLBC7UPyqNljlsVEwwdIxijXgXGCsU6iEMrnk39mR8b3HG4G7tBaHErmBpGZMymViwMMfPEDOVY
JOHVREVLY+yP7YOQu7PI9GLD8mLPiWezWWCZUy+MTN80AyMSwrIdmwsKhcArhCFISBBg0wDahtE1
VACRfOEAJHmV5TfZgfqLZrco8rIUE2CZlxm+cHptYQ4+ECJ2PM/3zci1hQuaMkLfdZ3A8AMThAlE
Bdy3fHQJCNiFKAUvwiXxv+KyBB9ck7cdeEEQGpbJPREFlnD4THAr9njkxNwXoR+FworDwIs6XjIJ
RFTA1QjftiNJTsfGfzdAkKs3NoFK3wtd03Q9wBpErsd91/em9syJrCgGYp1wCnLmxv2ot4ZJtnAX
vWHOhDsLQe585pimF4RBwGe2bYmZAOH6Yhp65tS3e+gpZmwdHAR64PJwJgT3TR4HPPKi0PG92A2F
7YRiavmzyBVTuM27mO5VIh0QPpg6M2/mgFFNp0HIQaau57mWYwnPDS07tFwBknHpxQkdIXbdqTpY
TqQZB44vuG3Yvm+LOIoD2w8j27CEZYJjugag9izDB/vsYcrTfIsDrALpn0azaWwJ246mnmmHth9Z
fmhZoTMNQZJm1KNGf02WUIGKDyIOSzvccGzHC8DChWeZvghi03Lj2ASePD8MvT45aY4VRWMsaML2
gRMZgeGZsclnvmPMhOHN/Kkn+GzKeWzbRhQAyVbg9jEtiBZygmnom1ZoxL7huqDqyLJNwxOhFZkz
P/CnsQMWBpTewTDSUo5ENTXjGYjRC2MbFBZajnAE+L3Fw0iAtAxughtAAOyiagMBxNkDzsPQnrk+
dw2PT/0oBh8MHfgzmxk8ALMM3dB3griLIguqJjcd2MKIfBFPg2noxoHjCvAUl5sWZPCpmLlT2wxs
cHzRxaBV+1RIOdJsHh7ANVwFv5KlBYRa0tHM91wwGhEa9tSxplOMBnZgT8HjAOgKNxIz35rdh2WU
rMOmojnwLYtPHQd8PpyGQAPnLv7Psy0TVG+K0JnZHhc9+ZZZnn8QTcY/MDj4OoTmmWeGjulzM546
AtzLgdBiuxiAXV9YPvIEJXEpNugG24oOD6lYByH8mzlCgHQtD8qjABzJMQLXNNypEF5kB8F0Ghp8
i6Suk0jJ1YZk4QfBLA5c2/OmvhlHM3sGcnWcKAycaAqzw9gCreP0Zb0qOW/m343u5WYV59kGNJhu
oMBIR00xfQ2kolXaBkQN07NC3zN5YM7cCJzGdqLAiMG4p77newYa1324IGV4hobLnQUz0wKPE1EU
+LMQEhv3IDTZVug5YAwzz7ciS/gfw2XquCLhBNyKHJRe7AeRIUw/sDj4HARi24XoApnDi2Wzsso/
QI80gdAmiqo54Awu508doCKceQbYqsM9xwIjEAboODIhfQGTYMGW20GCX6AYYexW3TkEJN/245mI
wGdDMIkg8ENMum4YGG7kQbz1Hd+YARrqlVrbwu9XAI5HDHttJr8fURecPqyBxR6L84J1qqt59ohd
LiGTslJU+DoVvvMvWLUULM9ECT94xUKeZXnFAsGSLExrCB7wg8nXc8eQ0CDz0hNQwHWRr+T3Ae7i
LHkshiyHO0WJKFkA0eqKbfK6ULjwwxAr6EKg4ccVoLjBj5qkG0QMrXuLbgKlLq/TqmQ3efa4Ypj7
ecGgi80heCWYwTZIIX7SQfJ9sxQZq9eLgkeAYDzP5lmDbH+eMfbo7VIgYfjpgxKrVkChXnUuqfAr
sbSO5G0iVQZ/BvJMRUXywt3CUDCZWxCyQswg8VCMUo7F8ULsM6pP8Ua5rCuoFrOR+szMPpsPVOE4
rw3TNOG/hrDZ1XJemyKKkxYMV362YCn+4mbyX/MBsXCYpvkNS5MS2Wo+jsCuE87+pxbFBsf8ij+a
7ZN9+oAATZXvp6s5DBhgWFgyUC1ID7EFG6ZkjuPlJsCova1x9egtuBaYDiiARxGDGk3qCeUPmrli
K8HLuqDP1jDQTiCQaJCi+LXmKcp3kVyL5kMTe2pRKKWfIHa5ohgVYg2t8Aj0gy+z78NtWvtlvQpA
fGB+h+UmCy95eQUWUlyBwY1pwJsSdIg+0HCKw5ZFnuU1qBmGl0NGm1ZMNiXoOEOG5Tcwgt0HyQYc
F2GrOgNTo8+AEPILsgPgCcyxyG8TMEUBYgCWyMSzljiUrSLoNEajpg9ugPEOWVI9BvFVBU2LBG5m
kW31JrM94KEGB7NILMTGSHG6T6j6Rs3JOIo6y1CdETaU+ZqUQB1MOWbH4lr9ZqtksQSvx5PAQ91L
leGgRIqiXlcSKgWGglkBbYovUi54L3UlkfQcfp0nEZB9PwVoI2hz0BokYF1jzdBg8EgOai1tnq0E
LLeR3vt9mgdgPbj/xCQc/GCVVBgEVmLBA9q/ZxdS1AYJNynpPVKcfolau0lI8mRR4N03I4moMbKS
OMR3FOAHE3jqFtHEhRDNktLIQVs1+jNb5KCoHP0ZrQIXWhCZIyJtnxnIBaxOsVqWbv/xHOCG3qfo
X/Ii+n30l1W+JhJUnG1JUuhKBuFjjWk3agnCVRuqTMNyFGEUBN6SVyj6ysc7oJD8gkjCiMHCGrJU
BlmKye8GoXXnkmTpkZjV2tHiNhQiKrccycD16vJkn10+P71gL07PTi/Z4fn5i9OTC3Z+8pq9ffX6
h5PXQwaD2OUrGHXC3j5/9eKEnb9+dXRycTHuh4COPCx3qsRxLookp8yNgbhEBsOloJBM0miDrQmy
h9ohothCQ0YQCoUMs4TqKM+ATwjQYE3I78eMTRrZzRJTMMgEQ5AcRpglEgi920AuMxKt8QpzCBYE
NGF8dzTagtqOBrWtRYh1g5Qskiv1Kue2PIB5iXW5ZdU2FK/lk/tJUpzbivMFLwLwjNG2BKcAdL90
ydWQHDWLqVkQu1c8q6lK0SmBCq4GG3wybHJC3wgbM5TpNYZepZL8rrYuOGavZMyXBg9lRl6nUUtL
AknkJmNb+kuJeE3kA6NTw1C8wmrPKFjcSZJkOhJDy1tc5Ksm2crZasRIN01dw8iN0uQd22D3mFTH
Oi6ayhJVVuT0PZDGkKN6tZZlmKz1mLoxwhuNvo5xkJpAtBOZDQdwBWkenJ3fI2BI2pD4YIVrMLKy
rAUGhmoJWls0ZSkGLVxtS9WwUaSsEVT1OZbU4NCPymnFb0e0fVs2tB/xNUKTVb2CHAvptUDkFc+g
/ARFQp7G86eSiq1c0V+UKMlj7toYVOVrRREtOMJyuYak67QaO87lrb5NY22EUU/il4MbF5K41ECd
M6ocRrQ93PJ2DKRQrQLlo/oWmSwwJJY1x+aFyTmSwy13ME3JU/LTrIyDt9UuCjDFfkHh/TSqT9nh
PMtEhQrbVykCSrNlnsoSM8BDYVSJE8klfsCMqSRDsU22SOquTC2BaItNmd4e6VpqbmFYLTYVIh+y
kakpkJRHC4+qhhiVAihqb+tYeqSAJWQkOcemhwp9nAxARdaYPYdaEGzpKRV37Oj8zZDhCW0YmEU3
SQRmT7WCjJ4t/hHh32fTpuzeVuQlSUcbO2aHEQSqJU/jCfScsk2IBNiwWgoWZbh/iAamOeI27WnI
9Fbk5BajGpaYPB0zJOLNeXbeFNvbThF7CSQKn/XjxHqdrUfqutfdnCmvK5MPotUnluWNGktMeKpk
grJdmoeWWh3fkpOejNm5mpPyYkETuGpZlS3QinHBF8gC6ATEVq5TqliwD8UjZujsvEA9HaUJjJKN
NX4fS5QVO7t8Q5SWwBKyHdQVw0aeVLldTjYX4ybWrKp6hLP2iVq9PxQZPXciX4/ZWXNWqGUTGuU4
TsIxoyy15FgEsGQFsqGPB4I26GvlEKaGRAso7ZqIXqIkIOpSIIYUzSmcl1KlspSAsZWyUeREyI0E
FepUN3X8ioqk49OLw++gPqJ6qs7IhjBg1xgp6ZGpLBISNEb1GdVI7ze2fG59PRJBvdhvmrZvmYnN
mipZlxCu6D5TvXwpdx/Qm7Myl8lbeYSJyCTVEtvRMs9L2qFoejXRdOMUxXF7mZX8uskW8BNPQOA9
2nrW2nggjE4jyKJNbd78kieZ3BAgST1m74L8Fj2/YKfHbO/dm9PjJ6B3cHugAcbfgNpQMXieH5wD
e7giUvKR5Qd4Q77VXQbe/u67Fw1+1d9pkMe0GD5Po8KB1KtKEeItb7aSVBq9BfpGeCLhaR7HtCzc
S+LN6LZOoq1CSJ6j7i7OJW3DSFeTH8aXMqBIr/yqLtV2kPx2J3m8mjOSc/aZeuCKy8gUosKjWgVz
IH7BsOlRMpyW9lPxsBl1nYibUZug79s5k8I9XOU1Ro9Y5joVTEBkjWgxt2N0pK0QUD/+puQMk19T
qtYmE+OZkK13ICSyQMTo+/TFNHKlZWNnZFoI7iZ9yT4u1LIPMZDxPqnAS0hZiwnIp/dRadxPJi8A
U8R4Y+5AbDMZ/7bU2L0dngDf80U/K5NI5gzkh4NOweDKOtClsMAkCiNEJFMnXbSpjbaalHHgZ09T
QZ2CNG9aNU2uYAnskykSpRxYX9DHl2QcgyU4W0psWpAD7y8rmZKJ2BFKoyFttBWNZO30uNT4wjCN
mpfYmHzA2rKptpyaMofmdJQE+EbMYo+ATDzy2ipyu63V6nJ8V5kqeN3whLpZSCbQ6kkrWufrOm3c
Rl1gvqcxKm3YFi5IbRBySSthxsXIBSWBajAQojby9lWpg/uO1FxLsKwUlGXh9/7aCB1tgx565gg/
bt0DtYGhC1YnD7ScDvFgJA9XtSOXoLd9Scp4vVqtx0lOFEOo26ywOQRXrnCfNSy3pGOaUvfZ9j6x
QGGOLxaFWKgtRbX/KLdZ8MvAV33+iD6INa+OX+EHL0cqKcj6AMPXjZAdCKePWeOKJRG+ZYBgY+3p
AOTpVvL1Gs8wSeXcESooVN5XxgSVEJ4woFym5Zsj3MQX+l7eEJLDesnBLQRG9gJpaOpSyBixKKD3
GGFczDAZyrtN7pKZg3f2BtWpDy3Z1lCDQ21DsbUJYQohaVneb9a4o1XJl67WKlltM4jKxogUx6PV
Y8JALWIYxwVp01NNaja4x9sF1B19hUZyn873KplITUoP0PaSFA5AXyl5NrtGSwWUIa5oOwkVHXAT
Hpq1iMqgJG4R4cP0upCPZjDaNFspMvICPhWdmnzL8Xih6tOgtOZ4WEpdYQEENCpd7TdKk/fARnFP
b5/9RJULFK1D2uT7GZHKxNwmb/2REbGBlXRBAR63UZrvP9L+yH15lOIztY8ldQzUfuO73+tUqCJA
J1+uS3Bp6I9KgW7gGI68bFcEnuR54vdIkXw9nUZg3yFwm+1v6hzH0PVv6YWwoX0bJUU1pAj8N1X2
yQcv+g6G9GjMeiBntcHIa2WCKWgu3DD5yd+6aIJw07YV7SMbijCAB3JTSM/OykZoo+ZxD9iDrPEf
PaPQQkvR+A4SKpKZ9tVpBRlRsalVgblsBMQtBLpSdbzhFb34Rd0dRLoggW5lI6s6Gof8AinQj8m0
If1Gckn4oUwq2tiMD237Gsanm+dbfctv+NMzvjmUMI+eFQk7FiGzHGZZ+7a77xrs7el3zDIsEwc0
z+GeCgi3cL3Kq+ipVGeBjwTpO8voeU9N34Q81gVeTwlsI1i1CskagGDqALlZJpUY4fM3LFwJO3RT
qnZ76hoIWXDcS4jEU7qSzwZbmJqFu7f4lKe5Xl+v1QpRgu0V2PPmKZHWmmeb7Z4Sk1QZY8G9Za2p
lkWkDcEH80+PT54dvnlxqfFETwnVkpQr0HHVdaeWfeohSKvXacjgt/8DYiuMbA==
===END CRASH DUMP===
