PocketMine-MP Crash Dump Sun Feb 27 01:17:09 WIB 2022

Error: czechpmdevs\buildertools\editors\object\FillSession::setBiomeAt(): Argument #3 ($id) must be of type int, string given, called in C:\Users\tranthien\Desktop\FoxCraft\plugins\FCCore\src\hachkingtohach1\FCCore\FCCore.php on line 923
File: plugins/BuilderTools.phar/src/czechpmdevs/buildertools/editors/object/FillSession
Line: 131
Type: TypeError

THIS CRASH WAS CAUSED BY A PLUGIN
BAD PLUGIN: BuilderTools

Code:
[122] 			return;
[123] 		}
[124] 
[125] 		/** @phpstan-ignore-next-line */
[126] 		$this->lastHash = $this->explorer->currentSubChunk->getFullBlock($x & 0xf, $y & 0xf, $z & 0xf);
[127] 
[128] 		$id = $this->lastHash >> 4;
[129] 	}
[130] 
[131] 	public function setBiomeAt(int $x, int $z, int $id): void {
[132] 		if(!$this->explorer->moveTo($x, 0, $z)) {
[133] 			return;
[134] 		}
[135] 
[136] 		/** @phpstan-ignore-next-line */
[137] 		$this->explorer->currentChunk->setBiomeId($x & 0xf, $z & 0xf, $id);
[138] 		$this->blocksChanged++;
[139] 	}
[140] 
[141] 	public function getHighestBlockAt(int $x, int $z, ?int &$y = null): bool {

Backtrace:
#0 plugins/FCCore/src/hachkingtohach1/FCCore/FCCore(923): czechpmdevs\buildertools\editors\object\FillSession->setBiomeAt(integer -241, integer -241, string[6] plains)
#1 plugins/FCCore/src/hachkingtohach1/FCCore/FCCore(875): hachkingtohach1\FCCore\FCCore->setBiome(string[6] plains, object pocketmine\player\Player#105592)
#2 plugins/FormAPI_dev-5.phar/src/jojoe77777/FormAPI/Form(46): hachkingtohach1\FCCore\FCCore->hachkingtohach1\FCCore\{closure}(object pocketmine\player\Player#105592, integer 0)
#3 pmsrc/src/player/Player(1985): jojoe77777\FormAPI\Form->handleResponse(object pocketmine\player\Player#105592, integer 0)
#4 pmsrc/src/network/mcpe/handler/InGamePacketHandler(885): pocketmine\player\Player->onFormSubmit(integer 3, integer 0)
#5 pmsrc/vendor/pocketmine/bedrock-protocol/src/ModalFormResponsePacket(46): pocketmine\network\mcpe\handler\InGamePacketHandler->handleModalFormResponse(object pocketmine\network\mcpe\protocol\ModalFormResponsePacket#137095)
#6 pmsrc/src/network/mcpe/NetworkSession(397): pocketmine\network\mcpe\protocol\ModalFormResponsePacket->handle(object CLADevs\VanillaX\network\InGamePacketHandlerX#109639)
#7 pmsrc/src/network/mcpe/NetworkSession(360): pocketmine\network\mcpe\NetworkSession->handleDataPacket(object pocketmine\network\mcpe\protocol\ModalFormResponsePacket#137095, string[5] e..0.)
#8 pmsrc/src/network/mcpe/raklib/RakLibInterface(192): pocketmine\network\mcpe\NetworkSession->handleEncoded(string[8] cMef2...)
#9 pmsrc/vendor/pocketmine/raklib-ipc/src/RakLibToUserThreadMessageReceiver(42): pocketmine\network\mcpe\raklib\RakLibInterface->onPacketReceive(integer 0, string[17] ..n.o......F.....)
#10 pmsrc/src/network/mcpe/raklib/RakLibInterface(122): raklib\server\ipc\RakLibToUserThreadMessageReceiver->handle(object pocketmine\network\mcpe\raklib\RakLibInterface#27589)
#11 pmsrc/vendor/pocketmine/snooze/src/SleeperHandler(123): pocketmine\network\mcpe\raklib\RakLibInterface->pocketmine\network\mcpe\raklib\{closure}()
#12 pmsrc/vendor/pocketmine/snooze/src/SleeperHandler(82): pocketmine\snooze\SleeperHandler->processNotifications()
#13 pmsrc/src/Server(1660): pocketmine\snooze\SleeperHandler->sleepUntil(double 1645899429.2351)
#14 pmsrc/src/Server(1046): pocketmine\Server->tickProcessor()
#15 pmsrc/src/PocketMine(304): pocketmine\Server->__construct(object BaseClassLoader#2, object pocketmine\utils\MainLogger#3, string[36] C:\Users\tranthien\Desktop\FoxCraft\, string[44] C:\Users\tranthien\Desktop\FoxCraft\plugins\)
#16 pmsrc/src/PocketMine(327): pocketmine\server()
#17 pmsrc(11): require(string[80] phar://C:/Users/tranthien/Desktop/FoxCraft/PocketMine-MP.phar/src/PocketMine.php)

PocketMine-MP version: 4.2.1 [Protocol 486]
Git commit: 6d6551253173a498128c750c38e719f19880ad49
uname -a: Windows NT tranthien4-8sin 10.0 build 17763 (Windows Server 2016) AMD64
PHP Version: 8.0.13
Zend version: 4.0.13
OS: WINNT, win
Composer libraries: 
- adhocore/json-comment 1.1.2@fc2f76979f0a44a5f5bc2a2b600d0762fe0e78e7
- brick/math 0.9.3@ca57d18f028f84f777b2168cd1911b0dee2343ae
- daverandom/callback-validator unknown@unknown
- fgrosse/phpasn1 v2.4.0@eef488991d53e58e60c9554b09b1201ca5ba9296
- netresearch/jsonmapper v4.0.0@8bbc021a8edb2e4a7ea2f8ad4fa9ec9dce2fcb8d
- pocketmine/bedrock-data 1.6.0+bedrock-1.18.10@e98c511584a7bd58a95986374d2df4b04c6a2ba0
- pocketmine/bedrock-protocol 8.0.0+bedrock-1.18.10@017e57c8f8a74118bcbba7332e7ebac9e6c81693
- pocketmine/binaryutils 0.2.4@5ac7eea91afbad8dc498f5ce34ce6297d5e6ea9a
- pocketmine/callback-validator 1.0.3@64787469766bcaa7e5885242e85c23c25e8c55a2
- pocketmine/classloader 0.2.0@49ea303993efdfb39cd302e2156d50aa78209e78
- pocketmine/color 0.2.0@09be6ea6d76f2e33d6813c39d29c22c46c17e1d2
- pocketmine/errorhandler 0.6.0@dae214a04348b911e8219ebf125ff1c5589cc878
- pocketmine/locale-data 2.4.3@4d0b081f1a79407e087968ea76aaf330db6ea2b5
- pocketmine/log 0.4.0@e6c912c0f9055c81d23108ec2d179b96f404c043
- pocketmine/log-pthreads 0.4.0@61f709e8cf36bcc24e4efe02acded680a1ce23cd
- pocketmine/math 0.4.2@aacc3759a508a69dfa5bc4dfa770ab733c5c94bf
- pocketmine/nbt 0.3.2@3e0d9ef6b6c5fb45e3745a121296e75631b3eefe
- pocketmine/pocketmine-mp 4.2.1@6d6551253173a498128c750c38e719f19880ad49
- pocketmine/raklib 0.14.3@4798576fec0364266dce23b368a7fec5e5de7927
- pocketmine/raklib-ipc 0.1.1@922a6444b0c6c7daaa5aa5a832107e1ec4738aed
- pocketmine/snooze 0.3.1@0ac8fc2a781c419a1f64ebca4d5835028f59e29b
- ramsey/collection 1.2.2@cccc74ee5e328031b15640b51056ee8d3bb66c0a
- ramsey/uuid 4.2.3@fc9bb7fb5388691fd7373cd44dcb4d63bbcf24df
- rhumsaa/uuid unknown@unknown
- symfony/polyfill-ctype v1.24.0@30885182c981ab175d4d034db0f6f469898070ab
- symfony/polyfill-php80 v1.24.0@57b712b08eddb97c762a8caa32c84e037892d2e9
- symfony/polyfill-php81 v1.24.0@5de4ba2d41b15f9bd0e19b2ab9674135813ec98f
- webmozart/assert 1.10.0@6964c76c7804814a842473e0c8fd15bab0f18e25
- webmozart/path-util 2.3.0@d939f7edc24c9a1bb9c0dee5cb05d8e859490725

Loaded plugins:
Alerts 1.0.0 by hachkingtohach1 for API(s) 4.0.0
AlwaysSpawn 2.2.5 by Philip Shilling for API(s) 4.0.0
AuctionHouse 2.0.0-BETA1 by Shock95x for API(s) 4.0.0
BlockGenerator 0.1.0_beta by BlockHorizons, Chris-Prime for API(s) 4.0.0, 3.0.0
BuilderTools 1.3.0-beta2 by CzechPMDevs, VixikHD for API(s) 4.0.0
CraftingTable 1.0.0 by hachkingtohach1 for API(s) 4.0.0
CropGrowth 2.0.1 by NhanAZ, kaidoMC, YTBJero for API(s) 4.0.0
CustomItemLoader 2.3.1 by alvin0319 for API(s) 4.0.0
DEVirion 1.2.5-ALPHA12 by poggit, SOFe for API(s) 4.0.0
DevTools 1.15.0 by PocketMine Team for API(s) 4.0.0
Dungeon 1.0.3 by hachkingtohach1 for API(s) 4.0.0
EconomyAPI 5.7.3-PM4 by onebone for API(s) 4.0.0
EnchantedUI 1.0 by ItsRealNise for API(s) 4.0.0
FCCore 1.10.1 by hachkingtohach1 for API(s) 4.0.0
FishingRod 1.0.1 by hachkingtohach1 for API(s) 4.0.0
FormAPI 1.4.0 by jojoe77777/DragonfireHD98 for API(s) 4.0.0
Gems 5.7.3-PM4 by onebone for API(s) 4.0.0
HealAndFeed 2.1.0 by Kylan1940 for API(s) 4.0.0
HealthTag 2.1.2 by Shelly7w7 for API(s) 4.0.0
InvCrashFix 0.0.1 by Muqsit for API(s) 4.0.0
InvSee 2.0.1 by BlockHorizons for API(s) 4.0.0
KeepInventory 1.0.0 by NhanAZ, KhoaGamingVN for API(s) 4.0.0
LaunchableTNT 1.0.1 by Vecnavium for API(s) 4.0.0
MaxEnchants 1.2.4 by Xenophilicy for API(s) 4.0.0
MinePos 1.3.5 by hachkingtohach1 for API(s) 4.0.0
MultiWorld 1.7.0-beta3 by CzechPMDevs, VixikCZ, fuyutsuki, kaliiks for API(s) 4.0.0
MyItem 1.7 by hachkingtohach1 for API(s) 4.0.0
NPC 1.0.0 by hachkingtohach1 for API(s) 4.0.0
Napthe 0.0.2 by hachkingtohach1,tungstenvn for API(s) 4.0.0
Parties 2.0.1 by Didah (@Diduhless) for API(s) 4.0.0
PlayerStats 3.1.9_BETA by hachkingtohach1 for API(s) 4.0.0
PureChat 2.0.0 by Vecnavium, 64FF00 for API(s) 4.0.0
PureEntities 2.0.0 by LeinneSW for API(s) 4.0.0
PurePerms 1.4.5 by Vecnavium , 64FF00 & ProjectInfinity for API(s) 4.0.0
Quest 2.5 by hachkingtohach1 for API(s) 4.0.0
RedstoneCircuit 3.0.1 by tedo0627 for API(s) 4.0.0
Rewards 5.0 by Wertzui123 for API(s) 4.0.0
ScoreBoard 1.0 by hachkingtohach1 for API(s) 4.0.0
Sell 1.0.0 by lenlenlL6 for API(s) 4.0.0
ShopGUI 1.0.0 by hachkingtohach1 for API(s) 4.0.0
SizeUI 1.0 by fernanACM for API(s) 4.0.0
SkyBlocksPM 1.0.1 by Vecnavium for API(s) 4.0.0
Spyglass 1.0.1 by ItsRealNise for API(s) 4.0.0
StackStorage 1.3.0 by Ree-jp for API(s) 4.0.0
VanillaEnchant 1.0.0 by hachkingtohach1 for API(s) 4.0.0
VanillaHopper 2.0.1 by ColinHDev for API(s) 4.0.0
VanillaX 3.0.0 by CLADevs for API(s) 4.0.0
VoteReward 1.1.0 by  for API(s) 4.0.0
WorldProtect 2.3.11 by aliuly for API(s) 4.0.0
_NewAlias 1.4.0 by Javier Leon9966 for API(s) 4.0.0
libEasyUI 1.0.2 by GiantQuartz for API(s) 4.0.0

----------------------REPORT THE DATA BELOW THIS LINE-----------------------

===BEGIN CRASH DUMP===
eNrtfQtz20ay7l+ZI6d25V2RxJuAtpwrWZJjnbVsriXHvrtMuQbAgEQEAgwekuit/Pfb3TN4SrJk
h7tJ3bKTmMAA6Pn63T145N87UZavePnxSuRFnKU7+9beThmvxM6+7li263mW4Y0N0zC16d5OtZaH
LHNsTj1XNzzbdm3HNPZ2El6UJ3me5Tv7/94pN2s4a+cCfuTY3s5KFAVf4GjwSQTL9SoUV8V87ldx
Eoq8zLIE9kQYl1kOG5n/swjK+fxFnCTncCUg298vRPk8zlbisNx9us8O80W1EmnJnphs97s4fMpW
VVEyX7AsYgiAxWm5x4oyj9MFW8RXIt1jAU8SEcIRdrQ/n78rBE5W5jwtl7FI5/NjUVyW2Romzm6O
ch4BhHVSLeIUTntxdJTlYj4v8mA+X/JgeQmEywy39Pao/B2vl2uWpSyJU8E8wwQBRFWSADsogfWS
5/uTydH+hBBMGgATNf+knn6iZp88l3K6QDmN8foJwJh0RDnpSnKiBDmRcpx0xIjIEI1Csm3yQBp5
BusxdTCknAew/a+dJxqrp5ICIvoDIdaH5M8uiA3U/JXWMvq+Yy1gCGIhcjYyLH2P9fekffzL+QkA
csD3FDh4on85WndqA9oHzKJFtTucd49JLtg6Cy5FuQIhou3xjcjn8xn9PtE12/YMQmi0CMF/D2en
H0FCI7vV3c/Zz5mY4p/6DPrdtZzHwLz3hH8HSVZUufh197FwW4FrhNxk6xUCxP/kBRN5/q7uuSjD
Fjm6IUGXGwgrDRPxVhTrLC3EV0OwOhBSUV5n+eVkFazFRNLPJ6fpD3wlZhzpvpRjuy6Bu3+u0fdZ
iijPK38VtzZnDie31eQQj8Isn7QEJ74Ic9gbrfOszIIsIXxnWcgTpFtzLVFJPXbRKEbmc+QEAxTB
ns/v4KUW5C3ad0l0QLcGN5/fg+yJbk41zyZenfsE/VruKGfdNb3p57l5cNaapZqDo1eHxxQyfuQp
RAX+oUPyDol8AEvxHNMj1NPHona0z6Pun19DPOYlV0rcnribQGb/xMR4rI2JE/c+TnJ+mcT+5C2/
fBX7p2CfeQSRGjzQ+BqOTtIgC0VYxzT3JxacicgYjyUK716LlzBG8VpClHAuMsyKF8tc8PBMVg1v
RSAggee71gP4JMH5fMAY+qYUl6LUuKfWCE6f/sTG43ScjenPC/pbZgPtS8VoIMwaCzBzhY4IXNbA
PsPi0JC/nNknxhTqNolcv1f0RZpln2RiO0+EWIu8DnQ65d2vEfIjrmnzhwRofAVAd2gE8tT5vH8e
4IFwCtJ9nZVxFAe8BJMt1LzdLHROCtrVnVv+fB/hAvffpWWc7IZZ5SeC9YplW5eTWHdMot0K3PLI
6PsyDi5nEnGWK5h2h8KMrjmDa3ZNzbqHyMePATBZ5lXQRJfnvBBHUJ4XrzIOxdMT485SowJmIFye
QS3yKluAazwxG9cwoUp5dL3cXGVZP31FlS35du7h2xjmCelcSloqcO/qOrqf+KWK86bQcjWotB5f
d7eTjs5mbVXVDmMd/XTnp1/3dsS3ruczXc9/oc8AHUj6H+P0KkuuBAoIJg1B/UG5Ux+Fke70MI5Z
CxUH8RoOzkv8Jxdllad/g6MQB9Xor7RnwR5t2Gp48pe/sANguSh5OooXKVbOqbgpR8T/XyZ0sqNO
/g5kXYy+xzb5JS+W7BlTI+JmncCV4LtBleeAHArIo2WVXo6+X4jyBXSNzxOwut3vbtifmHYT7bHv
Ns3WJ7n1VOKd1gjdetI4bCdqpv7+e2bJCzw6j9gzNXWxqdPgGsJaHLCoSgOMm6zfTrHvbqiuBQTq
F0xxn11lMOG/iUot0Tja/Z9bnK6yK3GR7SIRDbl4+lRdZd6lB9Pq6sG0a6DOF+jBnPb1cEvqSuQ1
m6dhV+Cfmi1gU2Jy+/R81FFxBLl7IcK//lWe0xGvVYvXulu8oOqX8WIpipK0fYeU/w9u/Al0/4yl
YBQgbR/MGOT267c++1uf/a3P/tZnf+uzv/XZ3/rsb332tz77W5/9/1ufXTdxBfZrh2AcJW2lHG9H
1gN7O81dzB0dYrMGI7wql1C8YnE8KLaQKF/HeMSik2FfpBysLNzZB82KvZ0QrDEN8WI4VmRRedwd
WHFqKm/VcBJN/YudKhgEnDh7c37x/s3bV8cwdC38Ii4R+7Is1wVI65qXwbJYxuX4Wgg/2YyDbDXB
4v4wueab4nzNr9Mey+1ol29jbIztPt+zZZzEa3YOP9ARLbbF95rIForqfM4JUYGI5nPpAy3v5xeH
by/ezXqcE3MV9T8vs6oQXe66w332APHo+cnFod5n8nwJJuPZN7+Nu50TcOtstYFaeKfltFC0gUeJ
a4m4QMF9lJ9VMzJLrd0PIhU5L+WSkWJ3cKDLsDYGS/7oi5L3+aVLXmZ5/AniEBw6WubQh85yvD8/
FMHejvlbFN2baj7vg72t6s/w311+6XDfX5Xp+jDgHiHvRp/5I2xWZ2dYecKBH+Ob+PLl8bbs+jOd
8ADpo/x6EZfLyidv7sDurYShbCgcgh9dIOCOcPrjf5AI1wM12H2MXEAsIN44CfLNuNiUohhDGTMJ
ebH0M56HEymQbP1Dnl2Xy540msFhVBjEg9dQ3h3+E8YueRxmZ0ew9X8vnv+vyLNtSUXOgNzXmGRa
/wrDUGCR66oos9VpKVbKrTq8Dw/1JWAOJcCTqzjVTN3bFsMNQeB5gOX2yGPiwfHJj3FO+Bsmm6G+
pUNOGx2+mr081AeRYA01VIxrvOdvXoitZTYiOp9fEZT5HG1VbnXgPZDYwMmHca4Z6vOm20M3bqsf
diH4alts1fNjYXg1iGF3sXGHobbIJg0NZLZKF6KvRzUyDFjm7xOwFJxmY1tBqlMutLx3Brvs2+Pp
2BzNzqy+CLJU+PDftlhX5OZzIVEAzfm8h+hBtzxJA4hHpQjf9bjqjA602mfotCzeCp68joutMdUh
Ccy0QB4XcJEnua7aYUcNDFzxVhr5bxlof2F4W+b5IobyPF28zcIu5+3g0Dt/L+YbRN3trQlBrm13
JaBG+uxbQ0PuLO0f53yRpRH0uS+PPXdbgrh3Bf6RjvqDWHXzC+3+jhEH55d/Pwb8S3DowzR8IUTX
OLuj/frmVpz5+ybhqe5Z2rYYaQjO5x0Yj48xeFG5vOCLAT9ybMiNMexfRZJsptfTbXFT1AQlNwTi
8bycpldQ1RfLF/FNh5vuaL9JvRU7zqpfgNy2mFkRtfk8Tq8CBBDFN1/SeALucyH6jODAAz1Ev8fe
EiuDbloi+RJm/i7EGq4SKXTfmw5P/fEHOsWmPfr7MuM/8BWE3B9fb7sz6iHaQnP0ileY+wHPxeuL
Duf98QeS2o8iSPlVXG2trG4IghK7QAa7j1HtGb9R1U03rndHh23RILR/EGlG63LBZlvsdUiiChso
vZ1HMQddwyzrMaZGhms+9u9Thig4zcZvXrk9q5Iyfp/lSTfDdQb7fE/VWpf54FrX0T/pfZJNVRbV
ZUxrHEkcXxb/kRWwFeK9RrwgmC7237L61SGEctrgukFXRnJgIJ/fySoIS/27raL09eyowy/u/UGW
9gDKl0Xqe63/NV+Xy27SVQPDwsH4LKN7JXTsRSnSq/Q/xzMBq38fE8tmPC9j0Y1l9cgDJcVxHPIl
2z2A32qZiKJ4ui2uwprifL6WWObzFtSXOmuDj7ilB2/OS95LS93RLtcmFLfeR7xF8/tYcAdXb+c3
G/SsysXRkpddGdRDt+5R3Vd07O041osX2pc1LTTPTOQrCvGDW1YvON2FKmZ5BtQ/QOTJqmJ2MqrH
OzeyPsq5QSwKd7v1KKuHc0/SMh6afnf4AUG8EnGaivP329J+QvTA5AGDUBgkUx1EX7bGWUOc9Kgo
9qUS+rzLseFign2PBbA9JrXA/sRAZfiAwGkaxWlcbq1k66mZ0HU2H6Pof1Si6Jq53O+r9ncq0giK
+vnNHv1WhEWZpeIozoMq7nI8PNIPcLfCeinCTHOMrTXvNb35PFdAAglkPr+N7EF1vhXXUHcUPfbk
SH+1aOCr70VefqpifA5+S2y1FJEPgvDVbWFLa6JIkUrPgywXz7HO6rDbGfzs0vV/y4hbPN3t32zO
5yJJulzj7gNlZSJS/PeV82X5qP+YxP3BWRHH54eSBJ+eIkQPGuz5Mlv/0Lv7UI/8QapkBafZ2FZb
cB5/En2+5cBnrTYSecrTw6OzbbHbEAT+aH75+xVO2kJD5i43tPhVzM66HHZGf8elmw6M3s6jzHW9
WeCDf12u6qEHWPpP3yyrcTx+5Rdq5eDyvMxyem+tZag7fOshnT5Tb4UY/bzeFj9Q2H38eQ0hBBEU
EgEw1sEzk+93fbl5SqAjfMQxoMcRFVViEmShHmpXq1wdaQwO/EGiUh/VcH9bMUpRfZmt173nU/rj
D/TBR1kSpy+PxdW2hNEQbNiWQAa7X7Nu1UBtmf9wm+8Pt2rEgRWoVyW2xvDtNy86SB508x+zUsi6
qctKOzi4MT5gZmuuHfGEHiK8gpkfH6No5RCapxLf72zh94ZvPR116/GouEo223s2CqnN57RQupYQ
hvw8sv88q+I8ikUSdp7SH9VvoZUQDScrXpQin/TYBal8fC2uD5OYd/NQO/bAze7/hTwocvZKZKnn
Oc625CLJ1lTxmWjAon6+whf75CaSzK/4LrB/wotNr3Rqx4bhebDi+EMM0fEfFYd+Yltsy4nn8wbA
AyaNrzDzHHCDXgePgNXPxROUm1KkBS3qAJ/yiZYdF6Mr3jTwgxXHpyXbkYBD/R3Ctd2xbPUxzEqI
671R9fJ6O1DlSXc/5GXveBQnpegRXqzW3d0lJI3ufgwtw1V34OeCFNLsr3z5CkFvLMvL5jFoVBu+
4xtS0GpPWgd9ObwVUSJo7as7WpBEi/5QiMVkZ+R89qo3/ab4JUlxMrXFmkNldilSKIp7Iri5UVwj
XIw3G75K1EP5uPspXstw6tHyyScw0e7lsHuz6ks9Q3iGppk6vq29tzM7ftNjPcw+ErThIAzFfYVl
YKVF0TvxPF6tE/HhrMfzAAHs4ttTAz5XyXUeD/S/Luk9K5Rw/dj5bDmwPXzJmt6AMUhI8pnVeOHH
Kcd72ZA2jbGDkhBXEAB9dRKSgopkXWZqwJDCCkHR0iw1laHaiPmxnatzHD9HEKdR1rPb8JbK456V
kCjN7lAuwD3QDxeVtMWa/j/B3dibWQD1WEf46N3LtZoXZ6SH57utes/d0ZV5IdpP8oE8pf3Q0+g7
+4ZmWyC2At9F3tmHFFpAXKrfYNzZt1wH5sDlrB0ndGxbN2xTn5rcwi/2ucHU1gLTFVPdi3TPdTUe
WmhZVZ1E4zTMrgv2+oI17+1YI7eIU6aDVhlhYPp06phstz5ZvhbFDE13nrLDs2MH70vjl+Y6Qvsk
yJOsxl6W6494O3jn/elruj1OO9eUMSFIrbNC5B9ByznP1XozD5cZrpZMMHSM4Bz1oQesT4yDKDCi
qeNNvUjjlsXtyPYDgxu+o2mhNnWMSGhiCnyjHPM4uJyoaKmNvbF5EHB7GupupBlu5FrRdDr1Dd1x
g1D3dN3XQiEM0zK5oFAIvEIYgnyEX9bwoWUYXUEBEMq3OkCSl2l2nR6oXzS7RZ4VhZgAy7xI8QsA
Vwam4AMhIst1PU8PbVPYrnC0wLNty9c8XwdhAiife4aHLgEBOxeF4HmwJP5XXNbfO1fkbQeu7wea
oXNXhL4hLD4V3IhcUG7EPRF4YSCMKPDdsOclzbvQgJ2TJJ2x9td6EOTqjnVA6bmBreu2C1T90Ha5
Z3uuY06t0AgjAGsFDsiZa3eTbg2TbOE2eU2fCnsagNz51NJ11w98n09N0xBTAcL1hBO4uuOZA/IU
M1oHB4Ee2DyYCsE9nUc+D90wAJOP7ECYViAcw5uGtnDgMO9TulOJ9LDygWNN3akFRuU4fsBBprbr
2oZlCNcODDMwbAGSsen1lC5B7LgT9fw+QdMOLE9wUzM9zxRRGPmmF4SmZghDt53Q1oC0a2ge2OeA
UpZkLQ2wCsTvhFMnMoRpho6rm4HphYYXGEZgOQFIUg8HaOj7NOo1dSIFKj4IOUxtcc0yLdcHCxeu
oXvCjyBWRJEOPLleELhDOEmGFUVtLGjC5oEVar7m6pHOp56lTYXmTj3HFXzqcB6Zphb6ANnw7SGl
BWEhJ3ACTzcCLfI02wZVh4apa64IjFCfer7nRBZYGCC9RWHUSTmSlKNHUxCjG0QmKCwwLGEJ8HuD
B6EAaWlcBzcwg4ETNIEA4uwB50FgTm2P25rLHS+MwAcDC36mU437YJaBHXiWH/VJpH5Z56YDU2ih
JyLHdwI78i1bgKfYXDcggztiajum7pvg+KJPoVPsUyFFMf/gCwL4rfe9ZV4iHU091wajEYFmOpbh
OBgNTN90wONg0BZ2KKaeMb2LCr41Xlc0B55hcMeywOcDJ5iGnHMb/3VNQwfV6yKwpqbLxUC+8vXe
OuMfaBx8HULz1NUDS/e4HjmWAPeyILSYNgZg2xOG52Oi5atCbNAN2ooOH3syDgL4M7WEAOkaLpRH
PjiSpfm2rtmOEG5o+r7jBBpviVRVHCq5mpAsPN+fRr5tuq7j6VE4NadgF5YVBr4VOnB1EBmgdbx8
Wa0Kzuvrb0f3YrOKsnQDGkw2UGAko7qYvgKoaJWmBlFDd40A9Md9fWqH4DSmFfpaBMbteK7namhc
d9GClOFqHVr21J/qBnicCEPfmwaQ2LgLock0AtcSmjl1PSM0hHcfLb1LKxSWz43QQulFnh9qQvd8
g4PPQSA2bYgukDncSDYrq+wTtEgTCG0iL+vH5cHlPMcCFMHU1SwXQoprGWAEQgMdhzqkL2BSd4Vh
94isweNGGLtVcw4ByTO9aCpC8NkATML3vQCTrh34mh26EG89y9OmQIZ6pca2xhsqV58wbLVZgM9o
L6qcXkFnWOyxKMtZr7qap0/YxRIyKX7SCN9aKxjPBSuXgmWpKGCDlyzgaZrRZ7XiNEiqUH49S74E
PYaEBpmX7jQDrfNsJT++dZtmwSOxxzI4khdIkvkQrS7ZJqtyRYvFEVtBFwL9Ps4AxQ1+sirZIGHo
3BtyEyh1eZWUBbvO0j+XDHM/zxk0sRkErxgz2AYR4seIJN/XS5Gyar3IeQgExvN0ntbE9ucpY0/e
LwUCY2UGs0DVCiTUG+UFFX4FltahPExQZfBnIM9ElCQvXCoMBJO5BUdWSBkkHohRwrE4Xoh9RvUp
HiiWVQnVYjpSX0XbZ/MdVTjOK03XdfhbEya7XM4rXYRR3AzDnpcuWIJbXI//Z75DLBwmSXbNkrhA
tuoP9bCrmLN/VCLf4Dm/4Ea9erLPsIWnS0+oqVfXMGCAYWHJQLUgPaTmb5iSOZ4v1wBGzeEOV0/e
g2uB6YACeBgyqNGknlD++KkBthIcv8RAX20D7fgCQYMUxS8VT1C+9JU2BsVHJdiumhRK6adIXc4o
RrlYQys8Av3gNwP24TDN/bpa+SA+ML/DYpMGF7y4ZPg5CDC4MZ3wrgAdog/UnOJpyzxLswrUDKcX
e4zWrJhsStBx9hiW37n89gjJBhwXx1ZVqj7vIImfkx0AT2COeXYTgykKEAOwRCaeNuBQtgrQaYRG
jeeg8e6xuPwziK/M6bJQ4FoW2dbgYrYLPFTgYAaJhdgYKU73idTQqDkZR16lKaozxIYyW5MSqIMp
xuxYXKlttooXS/B6fLR8r+ulynBQInlerUs5KgWGglnhV+8kX6Rc8F7qSkLpOZw+iFYVdyNAG0Gb
g9YgBusadwwNPzIlT2osbZ6uBEy3kd77Q5L5YD24/sTkOPjBKi4xCKzEgvu0eM/Opag1Em5c0Ou6
ePkFau06JsmTRYF3X48kodrICuIQ33mBDSbwMW4kE+VC1FNKIwdtVejPbJGBojL0Z7QKnGhBMEcE
bZ9pyAXMTrFalm5/eA5wQe9z+Jc8D38b/qLM1gRBxdkGkiJXMAgfa0y7YQMIZ61R6ZphKWAUBN6T
Vyh8xZ+3gJD8giBhxGDqi3ng6eJGBBUF30xClh6JWa05W9wEQoRFy5EMXG8uTvbZxcvTc/bq9Oz0
gh3OZq9OT87Z7OQte//m7d9P3u4xOIldvIGzTtj7l29enbDZ2zdHJ+fn42EI6MnDsB0ljpnI44wy
NwbiAhkMloJCMkmjCbY6yB5qh5BiC50yglAoZJglUkdZCnxCgAZrQn7vMzZpZNdLTMH4JUwIQfI0
oiyJQOhtA7nMSDTHG8whWBDQBePbZ6MtqNVoUNtaBFg3SMkiXKlXeW3DA5iXWBctq6ameC2e3g1J
cW4qzhc898EzRm0JTgHobumSqyEcdRVTV0HsXvG0oiqliwQquAps8OlenROGRliboUyvEfQqpeR3
1brgmL2RMV8aPJQZWZWEDZYYksh1ylr8hSS8JvjAqKNpileY7QUFi1tJkkxHUmh4i/JsVSdbebU6
Y9Q1za6GkRulyVu2we4wqZ51nNeVJaosz+ijK7Uhh9VqLcswWesxdWCEB2p9HeNJ6gLCTjBrDmAP
0jw4O79DwJC0IfHBDFdgZEVRCQwM5RK0tqjLUgxaOFuLaq9WpKwRVPU5lmjw1HvltOI3I1q+LWrs
R3yNo/GqWkGOhfSaI/GSp1B+giKZ/ESgRNHKFf1FiZI85raNQVW+VohowhGWyxUkXavR2HEmDw1t
GmsjjHqSvjy5diFJS53Y5YwqhxEtDze8HQMUqlWgfETpATpZYEgqa/qeGpPXSA5b7uAyJU/JTz0z
ntxWuyjABPsFRffzpD5nh/NUfW9sX6UIKM2WWSJLTB+fS6NKnCAX+EVGppIMxTbZIqmjMrX4oik2
ZXp70tVSfQjDar4pkfgeG+kdBZLyaOJRWYNRKYCidlvH0i0FLCFDyTk2PVTo48UwqGCNGX2HNWfP
qLhjR7N3ewwfhIcT0/A6DsHsqVaQ0bOhPyL6+8ypy+62Ii9IOp1zx+wwhEC15Ek0gZ5TtgmhABtW
U8GkDNcP0cA6jtimvQ6xbitycoNRDUtMnowZgng3S2d1sd12ithLICi8048XVut0PVL7g+7mTHld
EX8SjT6xLK/VWGDCUyUTlO3SPDqp1fIMedHTMZupaxKeL+gCrlpWZQs0Y5TzBbIAOgGxFeuEKhbs
Q1f4HWtwdp6jno6SGM6SjTV+hEwUJTu7eEdIC2AJ2farkmEjT6psp5PNxbiONauyGuFV+4S22x+K
lO47ka9H7Kx+TqhhExrlKIqDMaMsteRYBLB4BbIpUXegDfrfK0GY2iMsoLQrAr1ESUDUpUAMKZpT
OC+kSmUpAeeWykaREyEXElSoU93U8Rsqko5Pzw+fQ31E9VSVkg1hwK4wUtItU1kkxGiM6iPZYbff
aPlsfT0UfrXYr5u27xl+0rdUJesSwhUdZ6qXL+TqA3pzWmQyeSuP0JGYRC2pHS2zrKAVirpXE3U3
TlEcl5dZwa/qbAGb+AAEffwVj3XaeABGd+Vl0aYWb37O4lQuCJCk/sw++NkNen7OTo/Z7od3p8dP
Qe/g9oABzr8GtaFi8L0JcA7s4fJQyUeWH+ANWau7FLz9w/NXNX3V33VG/kyT4f00KhxIvaoUId6y
eilJpdEbwDfCBxKeZVFE08KxONqMbqo4bBVC8hz1V3EuaBlGupr8P3lJGVCkV35VFWo5KIAgUsow
q64ZyWv2mbrhitPIFKLCo5oFcyB+2rruUVK8LBmm4r36rKtYXI+aBH3XypkU7uEqqzB6RDLXqWAC
IqtFi7kdoyMthYD6cZuSM1z8llJ152JiPBWy9faFJOaLCH2fPktHrrSs7YxMC4f7SV+yjxM17EMM
ZHwIVX30EmYTkE/vQqndDZPnQClkvDZ3AFtfjL8NGnOwwiM/MQ7SLOJQ5gzkh4NOweCKyu9KYYFJ
FM4QoUydtNOkNlpqUsbBg0AkgjoFad40axJfwhTYJ1MkSjiwvqBvXMk4BlNwtpTUOkEOvL8oZUom
sCOURg1t1IpGsnZ6XHT4wjCNmpfUmLzB2rCplpzqMoeu6SkJ6I2YwZ4ATHzctVFku6zV6HJ8W5kq
eF3zmLpZSCbQ6kkrWmfrKqndRu1gvqdzVNowDZyQ2iDkkmbCjIuRC0oC1WDgiFrI21elDq47UnMt
h2WloCwLP6rYROiwDXromSP8EPBgqAkM/WH15EEnp0M8GMlnq5ozl6C3fQllvF6t1uM4I8QQ6jYr
bA7BlUtcZw2KFjqmKXWctceJBQpzfLHIxUItKar1R7nMgt+rvxzyR/gg1rw5foNfFR2ppCDrAwxf
10J2IByc/JpmLAh4ywCNjTt3ByBPN5Kv1vgMk1TOLaGCQuVxZUxQCeETBpTLOvnmCBfxRXctbw+S
w3rJwS0ERvYcMdR1KWSMSOTQe4wwLqaYDOXROnfJzMF7a4PqqY9Osq2gBofahmJrHcIUQdKyPF7P
cUurkq+uWst41WYQlY2RKJ6PVo8JA7WIYRwnpEVPdVG9wD1uJ1BHujPUkvt8vlfJRGpSekBnLUnR
APKlkme9arRUgzLE5U0noaIDLsJDsxZSGRRHDSG8mV7l8tYMRpt6KUVGXqCnolOdbzk+Xaj6NCit
OT4spfawAAKMSlf7tdLkMbBRXNPbZ/+iygWK1j1a5PsJicrE3CTv7i0jYgMr6ZwCPC6j1F/ZpPWR
u/IoxWdqHwvqGKj9xpfr14lQRUAXvpyXxqWhPykEuoGlWXK3mRF4kk8Tf0RE8v1/OgP7DoHLbH9T
z3Hs2d4NvZG2Z96EcV7uUQT+myr75I2X7gqG9GjMeiBntcDIK2WCCWgu2DD5ZeUqr4Nw3bblzS0b
ijBAB3JTQPfOilpoo/p2D9iDrPGfvKDQQlPR+T0iVCSrkY+dkREVm50qMJONgLiBQFeojje4pFfP
qLuDSOfH0K1sZFVH5yG/AAX6MZk2pN9ILok+lEl5E5vxpu1Qw3h3c9bq+4hucdI9vjmUMICsYi+E
zwyL6fa+Zu7rJnt/+pwZmmHgCfV9uGcCwi3sr7IyfFa/34IDcsIROt8z3dNNYzB45dCwicOqW4jX
MAjWDiPXy7gUI7wF90wj8tBOqeLtmU0jC46LCaGQx+XNwWYM6l0cxeVbvM1T76+v1op+GGN/BQa9
eUbAGvts0t0z4pJKY6y4nwVLuo3o4Qqs3OJgpqv2LLT4zkV4r/7Z8cmLw3evLjo80o1DBYLSB/qy
2u+Vt89cHOqU8HTKzq//DxqfFgY=
===END CRASH DUMP===
