PocketMine-MP Crash Dump Sun Feb 20 00:55:49 WIB 2022

Error: Class "hachkingtohach1\Dungeon\Dungeon" not found
File: plugins/PlayerStats/src/hachkingtohach1/PlayerStats/task/Popup
Line: 49
Type: Error

THIS CRASH WAS CAUSED BY A PLUGIN
BAD PLUGIN: PlayerStats

Code:
[40] 				$value = $this->plugin->getSpeed($player);
[41] 				$player->setMovementSpeed((0.05 + 0.1 * ($value/100)));
[42] 				$this->plugin->speed[$player->getXuid()] = $value;
[43] 			}	
[44]             if($this->plugin->speed[$player->getXuid()] != $this->plugin->getSpeed($player)){	
[45]                 $value = $this->plugin->getSpeed($player);
[46] 				$player->setMovementSpeed((0.05 + 0.1 * ($value/100)));
[47] 			    $this->plugin->speed[$player->getXuid()] = $value;
[48] 			} 		
[49]             if(!Dungeon::getInstance()->inGame($player)){
[50] 			    if($player->getHealth() <= 5){
[51] 				    $maxHealth = $this->plugin->getMaxHealthPlayer($player)/5;
[52] 			        $player->setHealth((int)($maxHealth));
[53] 				    $player->sendMessage("You death!");				
[54] 				    $player->teleport($this->plugin->getServer()->getWorldManager()->getDefaultWorld()->getSpawnLocation());
[55] 				}
[56] 			}				
[57] 			if($player->getHealth() == 0) return;
[58]             $maxHealth = $this->plugin->getMaxHealthPlayer($player)/5;			
[59] 		    $health = (int)($player->getHealth() * 5);

Backtrace:
#0 pmsrc/src/scheduler/TaskHandler(117): hachkingtohach1\PlayerStats\task\Popup->onRun()
#1 pmsrc/src/scheduler/TaskScheduler(141): pocketmine\scheduler\TaskHandler->run()
#2 pmsrc/src/plugin/PluginManager(466): pocketmine\scheduler\TaskScheduler->mainThreadHeartbeat(integer 221)
#3 pmsrc/src/Server(1768): pocketmine\plugin\PluginManager->tickSchedulers(integer 221)
#4 pmsrc/src/Server(1657): pocketmine\Server->tick()
#5 pmsrc/src/Server(1046): pocketmine\Server->tickProcessor()
#6 pmsrc/src/PocketMine(304): pocketmine\Server->__construct(object BaseClassLoader#2, object pocketmine\utils\MainLogger#3, string[36] C:\Users\tranthien\Desktop\FoxCraft\, string[44] C:\Users\tranthien\Desktop\FoxCraft\plugins\)
#7 pmsrc/src/PocketMine(327): pocketmine\server()
#8 pmsrc(11): require(string[80] phar://C:/Users/tranthien/Desktop/FoxCraft/PocketMine-MP.phar/src/PocketMine.php)

PocketMine-MP version: 4.2.0 [Protocol 486]
Git commit: 44818e6d1456dcf1f0fd3cd27da1dfecbe03c08b
uname -a: Windows NT tranthien4-8sin 10.0 build 17763 (Windows Server 2016) AMD64
PHP Version: 8.0.13
Zend version: 4.0.13
OS: WINNT, win
Composer libraries: 
- adhocore/json-comment 1.1.2@fc2f76979f0a44a5f5bc2a2b600d0762fe0e78e7
- brick/math 0.9.3@ca57d18f028f84f777b2168cd1911b0dee2343ae
- daverandom/callback-validator unknown@unknown
- fgrosse/phpasn1 v2.4.0@eef488991d53e58e60c9554b09b1201ca5ba9296
- netresearch/jsonmapper v4.0.0@8bbc021a8edb2e4a7ea2f8ad4fa9ec9dce2fcb8d
- pocketmine/bedrock-data 1.6.0+bedrock-1.18.10@e98c511584a7bd58a95986374d2df4b04c6a2ba0
- pocketmine/bedrock-protocol 8.0.0+bedrock-1.18.10@017e57c8f8a74118bcbba7332e7ebac9e6c81693
- pocketmine/binaryutils 0.2.4@5ac7eea91afbad8dc498f5ce34ce6297d5e6ea9a
- pocketmine/callback-validator 1.0.3@64787469766bcaa7e5885242e85c23c25e8c55a2
- pocketmine/classloader 0.2.0@49ea303993efdfb39cd302e2156d50aa78209e78
- pocketmine/color 0.2.0@09be6ea6d76f2e33d6813c39d29c22c46c17e1d2
- pocketmine/errorhandler 0.6.0@dae214a04348b911e8219ebf125ff1c5589cc878
- pocketmine/locale-data 2.4.3@4d0b081f1a79407e087968ea76aaf330db6ea2b5
- pocketmine/log 0.4.0@e6c912c0f9055c81d23108ec2d179b96f404c043
- pocketmine/log-pthreads 0.4.0@61f709e8cf36bcc24e4efe02acded680a1ce23cd
- pocketmine/math 0.4.2@aacc3759a508a69dfa5bc4dfa770ab733c5c94bf
- pocketmine/nbt 0.3.2@3e0d9ef6b6c5fb45e3745a121296e75631b3eefe
- pocketmine/pocketmine-mp 4.2.0@44818e6d1456dcf1f0fd3cd27da1dfecbe03c08b
- pocketmine/raklib 0.14.3@4798576fec0364266dce23b368a7fec5e5de7927
- pocketmine/raklib-ipc 0.1.1@922a6444b0c6c7daaa5aa5a832107e1ec4738aed
- pocketmine/snooze 0.3.1@0ac8fc2a781c419a1f64ebca4d5835028f59e29b
- ramsey/collection 1.2.2@cccc74ee5e328031b15640b51056ee8d3bb66c0a
- ramsey/uuid 4.2.3@fc9bb7fb5388691fd7373cd44dcb4d63bbcf24df
- rhumsaa/uuid unknown@unknown
- symfony/polyfill-ctype v1.24.0@30885182c981ab175d4d034db0f6f469898070ab
- symfony/polyfill-php80 v1.24.0@57b712b08eddb97c762a8caa32c84e037892d2e9
- symfony/polyfill-php81 v1.24.0@5de4ba2d41b15f9bd0e19b2ab9674135813ec98f
- webmozart/assert 1.10.0@6964c76c7804814a842473e0c8fd15bab0f18e25
- webmozart/path-util 2.3.0@d939f7edc24c9a1bb9c0dee5cb05d8e859490725

Loaded plugins:
Alerts 1.0.0 by hachkingtohach1 for API(s) 4.0.0
AlwaysSpawn 2.2.5 by Philip Shilling for API(s) 4.0.0
AuctionHouse 2.0.0-BETA1 by Shock95x for API(s) 4.0.0
BlockGenerator 0.1.0_beta by BlockHorizons, Chris-Prime for API(s) 4.0.0, 3.0.0
BuilderTools 1.3.0-beta2 by CzechPMDevs, VixikHD for API(s) 4.0.0
CraftingTable 1.0.0 by hachkingtohach1 for API(s) 4.0.0
CropGrowth 2.0.1 by NhanAZ, kaidoMC, YTBJero for API(s) 4.0.0
CustomItemLoader 2.3.1 by alvin0319 for API(s) 4.0.0
DevTools 1.15.0 by PocketMine Team for API(s) 4.0.0
DimensionPortals 0.0.1 by  for API(s) 4.0.0
EconomyAPI 5.7.3-PM4 by onebone for API(s) 4.0.0
EconomyJob 2.0.6 by onebone for API(s) 4.0.0
EconomyLand 2.1.3 by onebone for API(s) 4.0.0
EnchantedUI 1.0 by ItsRealNise for API(s) 4.0.0
FCCore 1.10.1 by hachkingtohach1 for API(s) 4.0.0
FishingRod 1.0.1 by hachkingtohach1 for API(s) 4.0.0
FormAPI 1.4.0 by jojoe77777/DragonfireHD98 for API(s) 4.0.0
Gems 5.7.3-PM4 by onebone for API(s) 4.0.0
HealAndFeed 2.1.0 by Kylan1940 for API(s) 4.0.0
HealthTag 2.1.2 by Shelly7w7 for API(s) 4.0.0
InvCrashFix 0.0.1 by Muqsit for API(s) 4.0.0
InvSee 2.0.1 by BlockHorizons for API(s) 4.0.0
KeepInventory 1.0.0 by NhanAZ, KhoaGamingVN for API(s) 4.0.0
LaunchableTNT 1.0.1 by Vecnavium for API(s) 4.0.0
MaxEnchants 1.2.4 by Xenophilicy for API(s) 4.0.0
MultiWorld 1.7.0-beta3 by CzechPMDevs, VixikCZ, fuyutsuki, kaliiks for API(s) 4.0.0
MyItem 1.5.5 by hachkingtohach1 for API(s) 4.0.0
NPC 1.0.0 by hachkingtohach1 for API(s) 4.0.0
Napthe 0.0.2 by hachkingtohach1,tungstenvn for API(s) 4.0.0
NativeDimensions 1.0.0-beta7 by jasonwynn10 for API(s) 4.2.0
Parties 2.0.1 by Didah (@Diduhless) for API(s) 4.0.0
PlayerStats 3.1.9_BETA by hachkingtohach1 for API(s) 4.0.0
PureChat 2.0.0 by Vecnavium, 64FF00 for API(s) 4.0.0
PureEntities 2.0.0 by LeinneSW for API(s) 4.0.0
PurePerms 1.4.5 by Vecnavium , 64FF00 & ProjectInfinity for API(s) 4.0.0
RedstoneCircuit 3.0.1 by tedo0627 for API(s) 4.0.0
Rewards 5.0 by Wertzui123 for API(s) 4.0.0
ScoreBoard 1.0 by hachkingtohach1 for API(s) 4.0.0
ShopGUI 1.0.0 by hachkingtohach1 for API(s) 4.0.0
SimpleHome 1.1.0 by CzechPMDevs, VixikCZ for API(s) 4.0.0
Spyglass 1.0.1 by ItsRealNise for API(s) 4.0.0
VanillaEnchant 1.0.0 by hachkingtohach1 for API(s) 4.0.0
VanillaGenerator 0.0.4 by Muqsit for API(s) 4.0.0
VanillaHopper 2.0.1 by ColinHDev for API(s) 4.0.0
VanillaX 3.0.0 by CLADevs for API(s) 4.0.0
VoteReward 1.1.0 by  for API(s) 4.0.0
WorldProtect 2.3.11 by aliuly for API(s) 4.0.0
_NewAlias 1.4.0 by Javier Leon9966 for API(s) 4.0.0
libEasyUI 1.0.2 by GiantQuartz for API(s) 4.0.0

----------------------REPORT THE DATA BELOW THIS LINE-----------------------

===BEGIN CRASH DUMP===
eNrtPGlz20ayf2VCb71IuyKFm4Dy7LIi2bE2lq215Nhvw5RrAAxIRCCA4JBEb+W/v+6ewSnZlmPm
+LDZTUQ0Znr6PgYD/GcSZcWaV++uRFHGWTo5sPYmVbwWkwPdsWzDM03Lmxm66Wre3qTO1S1rZrhz
z3M93ZrrrmO4e5OEl9WTosiKycF/JtUmh2ETeb03WYuy5EuEHMGwki0mKx6sLuN0WWX4S18sjut0
KbK0+zFhaVaxKKvTEDBEdZI8jRNCcbBYvC6B3MWiKnharWKB00R5WWX5YvE0uzkqeFQtFnlSL+MU
hp0lfCOK84pXcFEWwWJxa/nBkIqXlwDK8jqf5ascl5dLK4z7vdH7gG9/hG5wH5HtEy7Ak8Qp4LFA
lEB6AD9/nDzQWL5GJPRvsBJhnYhi/wKmPeNpCL93dH2+e8DuTfP0UZa+qtOdXVjwgf5B7OfN1Y5u
6YA/z4JLUa2BQhBSc2+x6BEyfVQ0aI0eWikVYBr/nPIUNF3sWI7zcZzt8tNHax6nF6tC8PCZ4EXl
C17txGklAA8zDJ0WNHsLnoviCsmeO+5oDUkKiqZHy/RRFQfdeuUt3NYduB17PsIt70hkUgj2HfM0
y/nIvLMiC8AXskIicHoIzmjKKUzZMTXrAzjevQuytKyKOqh2Mv9nEVTsW14K8qrnGQ9F8cDYY+pO
H0FdxQlYySlI+nm2BOYfmHsMEIE9/Wg6P7F7O1U7y7I+Y1brisT2/ANsG2ORl1KoNMmVk8AZYFAh
fqnjQuwoWlztJ5aveHGwv390sE8U7bcE7St69htyemtOT89mOHFECnr97uSnX/cm4veLaFsOKUCs
xPUuTq+y5EqsRVrBAiHIKagmzV2A9FABOMhCgQxaGtxaVPJ/f7viSS3YQ/Y3EGE5fSTnTh8tRXWe
CxHu/C0nJLvfAAZL78+UN6aPShBlJqmQU3a0mWazfzBtprO/sx25xL6uabu7Eo3RRzNct0QMP7a4
gYy3dRzu7P6EJBIiwmC2GH5dIMuWBQDW+yeOdu6N+atPc7/7H7mMPVoG//k8ETrbEeG8RUMk/CYh
up0QGf4XYd5tOX6lzPrgABCdQFDiaSB2dqeP4vQ7vhY9GQECWxsQhmrokQFRP6lWO7vsfx8yW47v
mxSxsuY3ctidEj1t7krbbhfft5El2xisTvh6MlbLY1rY3ekWkiK1zTEl3cw0PJVhYGcx+b+sZiEk
rtVXi8nuN80ERGB9CEElEpFnRbVzh4WowEcXb7IiCZu8KkHHIuJ1Iu8o0HnOryG2B7yCMm5HEW/3
1v4VAU7fQzoaO7v5kGoePmTaLsTdqi5SQu2OTOK3a6gjw1NkEL5Vg0wp5i6q/g728s3k1/+WU/8t
p/5bTv3Vy6mmBCmx3DgE06noV8qxpWwAe5O2E53oM8h3AOF1tcqKEt175LWIlOcx3rFoMFyLlPuJ
CCcHoFexNwlFDoEaJ8O9MosgdvYA6Cuw0q1gIKlp/mKZBeaAtdPL84s3L189PwbQtfDLuELaV1WV
lyCta14Fq3IVV7NrIfxkMwuy9T6Gp8Pkmm9KCtEDljton29jZszsId9nqziJc3YOf6DgW26L75zQ
lgrrYsGJohIpWiykB3S8n18cvrp4fTbgnJgD9wHCn2V1Kfrc9cFD9oDi6bdPLg71IZPnKzAZz775
Mu4mT8Cps/Xm8Oxk0nFaKtzAo6RrhXSBgodUflTNyOy3CeD5TqSi4JXsDBS7oxt9hqFcm2nvfFHx
Ib805VlWxO8hCsGto1UBWfOswD2WsQj2JuaXKHqw1GIxJPa2qj/Cfx0nMPQiy5K+9w7AQx8GuqfI
uzFk/ui9CFZnp8fiCif8EN/El8+Ot2XXASLP1yEgXyx8SVuFtAHrQ0rv5dfLuFrVPnlzj+z9ASqQ
DYVD8KMLJLgnnCH8LxLhBkSNLu8jFxALiDdOgmIzKzeVKGepqPZDXq78jBfhvhRIln9XZNfVaiCN
FjiOCqN48GLF08N/A+ySx2F2egS//u/i23+KItuWVOQKyH1Dk0zqv8EwFLHIdV1W2fqkEmvlVj3e
x7eGEjDHEuDJVZxqpu5ti+EWIfA8ouU25D7xABxhHAta0NDSdXts6l2FwC4EX2+Lx2Z9LJ2uRn5+
Vw67Q5kdZfstDmQWInOKDJ1B28aHTI9vDRPA2La3xOq6/gWYWCzCZvVcrv45Eb2XLjt2esA+I/Zs
PjOnZ6fWUJFZKnz4d1sKVOgWCyGpAJyLxYCi+zL1z8y/zRQCx5HH+XKGRnXHfZn7OfNb5iRl92Xu
ObSRt7kj6JA9yMF/GnsJkNPyp2j7NINpANG0EuHrgU32oKMkOmTvpCpfCZ68iMutmWQPJXDTEXK/
dIE8PT06yop+VaAAoyB5Kwn+UfWAJKf5u60K4GkMzUW6fJX1LbUHHBdDfxbzLUX931sTQlash+G1
gQzZt8aG/HP2cybm+M/+ccGXWRpBl/7s2HO3JYhuAdxeIJraH/cx6u/Eup8E6fJPzBe4vvzvfYjH
XcTDNHwqRN84+9BxGB2p53uMbrpnadtipEW4WPTIuH+MkfuiF3w54kfCxtwY4+5bJMlmfj3fFjdl
g1ByQ0Tcn5eT9Ap6knL1NL7pcdOHfrzCmpxSbTTZcqUVp1cBEhDFN59TZAHd50IMGUHAJzqg4Q7B
llgZ7QVISj6Hme+FyGGWSKus2PR4GsI/0ee2zd33q4x/x9cQcn94se2+bkDRFlq757zG3A/0XLy4
6HE+hH8iqf0ggpRfxfXWGp4WISixT8jo8j6qPeU3qrrpx/U+dMicMRuF9rcizWhXMdhsi70eSlRh
S8rg4l7M1UkV0zOzPm8dcMjaXO1bmZ/ctzr6N51Q2tRVWV/GtF+RxPFl+bvsZq2R3mukF/jv0/4l
O1k9RCinDe4B9GUkAUP52OM96j+qWJPUNH+3VaS9ODvqcYxXf5GNOiDl8yLXB59CvOB5teonIQUY
J1Ljo4zuVXW6LCuRXqW/H89EWPP3Pr79glfxlWh3YcoBl6NbtxRLfj4f1d68zNLrTZrqw/LO+IJq
u0OJrA2pGuv4Q09bznhRxaLPXwP5RC1xHId8xXYew996lYiy3N2W+sIG42KRS1oWi46oz41LLX3E
be+sUo/jwQmmjmsTqlrvHT5Z+nNcdXCEYEjkl3nuWV2IoxWv+jJoQLcerX2o2tibONbTp9rndSu0
zpko1uXtXZ/JU04Pz8qzIgPsbyHEZnV59mTawHvP397JtUEsiu7u133cG8c+Sat4bPp98CcE8VzE
aSrO32xL+wnhA5MHGoSiQTLVo+jztp0bEvcHWBT7UglD3iVsvItgf8AC2B6TWmD/w0BleKrhJI3i
NK62VqsN1EzU9X7eR9GvRFhW0MwfxUVQx32DH98ZOv6tcFeJMNMcY2vdbINvsSgUIYEkZLG4Tdk9
2LyGwqMcsCchw+2TkQ2/EUX1vo51w9wWWx1G5INI+M19UodrX6Gi4HUeZIX4FgutHrs94Ef3cv+o
0N3R0//9xYH7fJXl3w12sRvIX6S6VOS0P7ZVTp/H6zwRz7J1v97sAUfb3mP27+6yfo9+qiSaVkAT
yKBP35f0U+drniRn6mh3DysKJt8s8XxZXywN6BMbB7/3c42Gjvtv0v3A0zhJuGrCeyyNbvxFjH1I
1fh6W6avsN51SOjWrXHrZf0Re5hXkorlbzn/ozh4luW5uIMzBf9EK3KUJXH6DDxlW5y1CFudSkJG
l7/Fq1tSO+bf3ub77a1yZBzQnh9SMNsWwxJdy9/b7te9tJhVQqboPisd8OPReUs8FCLiCZnfFax8
/6BD+1RQv1b4XktH/gB861zNrYM1cZ1stneqBrEtFrQtl0sS7tPP32Fvp3VcRLFIwv3u5O60eUmo
gk5jf83LShT7A3ZBKu9eiOvDJOb9xNLBPvGg8Z/QH4iCPRdZ6nmOsy25SLQNVjxNC7SoP7/BF4fo
9iWaX/EVKP8JLzeDMquDjXPPaHfruxhC/79qDqXrttiWCy8WLQGfMGl8dYsXQDfodXQwqjlRTaTc
VL3NLXmaYOJidMUtaj9Yczxn10ECngBpMLcPy9bvwqyCpDWAqrfbOkBdJP3rkFeD+1GcVGKAeLnO
+5cryIj96zjI0qs+4OeSFNJer315+HwAy4qqPUCLasOXjEIKWt2gPBjK4ZWIEkHbD31oSRIth6AQ
d0V6kPOz54PlN+UvCR6xaX6x9laVXYo0fj8Uwc2N4hrJxXiz4etEHefGy/dxLsOpRx36ezDR/nS4
vFkPpZ4heYammbpueAA4O345YD3M3hFpYyCA4qHCMrDSshwMlGXp29MBzyMK4BLfIxnxuU6ui3ik
/7yiN05Qws2B5bPVyPZWdXpJb04YJCR52jFe+nHK8TkipE2DDmIl4goCoK8GISoot/IqUwBDCisE
RUuz1FSG6iLmu26t3n185TJOo2xgt+EtlccDKyFRmn1QIcA90A+XtbTFBv+/wd3Yy7MAis2e8NG7
V7laF1eksivp7+T03R1dmZeieyFf7TkDGI8bTw4MzTZBbOU7KEQnB5BCS4hLmHSyIAOsluvAGrhz
MrEsV3eFE+qW7YRBpEdaFJpBaMxDroeRCHyhmYHm4pmzukmicRpm1yV7ccHaNz6sqVvGKdNBq4xo
YPp87phspxksX6dhhqY7u+zw9NjBKhZfnO8J7b0gT7Jae1nl7zJUzpuTF/Roki6uKWNCkMqzUhTv
QMsFL9SWHw9XGTbm+xg6pjBGveCK9YnxOAqMaO54cy/SuGVxO7L9wOCG72haqM0dIxKamLsCN/n9
Ig4u91W01GbezHwccHse6m6kGW7kWtF8PvcN3XGDUPd03ddCIQzTMrmgUAi8QhiCfAQBNvF5cDm9
ggIglKU+SPIyza7Tx+ovmt2yyMpS7APLvEzxzcYrA1PwYyEiy3U9Tw9tU9igKS3wbNvyNc/XQZhA
lM89w0OXgIBdiFLwIlgR/2su6+/JFXnbY9f3A83QuStC3xAWnwtuRC4PrYh7IvDCQBhR4LvhwEv2
fREWcDUF2jlJ0plp/2iAIFd3pgOVnhvYum67gNUPbZd7tuc65twKjTACYq3AATlz7W7UnWGSLdxG
r+lzYc8DkDufW7ru+oHv87lpGmIuQLiecAJXdzxzhJ5iRufgINDHNg/mQnBP55HPQzcMLM+N7ECY
ViAcw5uHtnDgNh9iulOJWCeYjx1r7s4tMCrH8QMOMrVd1zYsQ7h2YJiBYQuQjE0vNvQRYgudqJPf
RJr22PIENzXT80wRhZFvekFoaoYwdHBMWwPUrqF5YJ8jTFmSdTjAKpB+J5w7kSFMM3Rc3QxMLzS8
wDACywlAkno4ooZeYF/JFw4JFaj4cchhaYtrlmm5Pli4cA3dE36kG3YU6cCT6wWBOyYnybCiaIwF
Tdh8bIWar7l6pPO5Z2lzoblzz3EFnzucR6aphT6QbPj2GNOSaCEncAJPNwIt8jTbBlWHhqlrrgiM
UJ97vudEFlgYUHoLw7SXciQqR4/mIEY3iExQWGBYwhLg9wYPQgHS0rgObgABcIiqDQQQZx9zHgTm
3Pa4rbnc8cIIfDCw4M98rnEfzDKwA8/yoyGK1K+a3PTYFFroicjxncCOfMsW4Ck21w3I4I6Y246p
+yY4vhhi6BX7VEhZ0mzuH8B7uAp+KUsLCLWko7nn2mA0ItBMxzIcB6OB6ZsOeBwAbWGHYu4Z87uw
TOM8aCqax55hcMeywOcDJwAaOLfx/65p6KB6XQTW3HS5GMm3TLPsvWgy/mONg69DaJ67emDpHtcj
xxLgXhaEFtPGAGx7wvCQJyiJS7FBN+gqOjxyYjwO4J+5JQRI13ChPPLBkSzNt3XNdoRwQ9P3HSfQ
eIekruNQydWEZOH5/jzybdN1HU+Pwrk5B7laVhj4VujA7CAyQOs4fVWvS86b+beje7lZR1m6AQ0m
GygwkmlTTF8BqWiVpgZRQ3eNwHN17utzOwSnMa3Q1yIwbsdzPVdD47oLF6QMV+vhsuf+XDfA40QY
+t48gMTGXQhNphG4FhjD3PWM0BDeh3DpfVyhsHxuhBZKL/L8UBO65xscfA4CsWlDdIHM4UayWVln
76FF2ofQJoqqOaoMLuc5FlARzF0NbNXirmWAEQgNdBzqkL6ASbBgwx4gycHjphi7VXMOAckzvWgu
QvDZAEzC970Ak64d+JoduhBvPcvT5oCGeqXWtmYbKlcfMGy1WYDnY5d1QW/AMyz2WJQVbFBdLdIH
7GIFmZSVosL3nUrGC8GqlWBZKkr4wSsW8BS/1OELFqdBUkPwgB9Mvj07g4QGmZce9gGu82wNMyNE
MMZZ8kjssQzuFCWiZD5Eq0u2yepC4WJxxNbQhUC/jytAcYOf6kg2iBg69xbdfihf9y/ZdZZ+XTHM
/bxg0MRmELxizGAbpBBfupd8X69Eyup8WfAQEMwW6SJtkB0sUsYevFkJJIxVGcPvGDBAod5ELqnw
K7G0DuVtIlUGfwbyTERF8sJ90EAwmVsQskbMIPFATBOOxfFSHDCqT/FGuaorqBbTqfp0ygFbTFTh
uKg1Xdfhv5ow2eVqUesijOIWDFdeumQJ/uJ6/NViQiwcJkl2zZK4RLaY2iJhVzFn/6pFscExv+CP
ZvfkgGELT1OfUFOv5jBggGFhyUC1ID3E5m+YkjmOl3sA0/Z2j6sHb8C1wHRAATwMGdRoUk8of3xD
na0FL+uCvuHBQDu+QKJBiuKXmico32V8BWPlx0J21KJQSu8idrmimBb0nYgp6AffNT+A27T2i3rt
g/jA/A7LTRrgZwDAQopLMLgZDXhdgg7RBxpOcdiqyNKsBjXD8HKP0Z4VU3vB4Dh7DMtvYAS7D5IN
OC7C1nUay69LSOTnZAfAE5hjkd3EYIoCxAAskYmnLXEoW0XQSYRGjWPQePdYXH0N4qsKmhYK3Msi
2xpNZjvAQw0OZpBYiI2p4vSAUI2NmpNxFHWaojpDbCiznJRAHUw5Y8fiSv1m63i5Aq/HY717fS9V
hoMSKYo6ryRUCgwFswbaFF+kXPBe6kpC6Tn8KotDIPtuCtBG0OagNYjBumY9Q4PBUzmotbRFuhaw
3EZ673dJ5oP14P4Tk3Dwg3VcYRBYiyX36ckEO5ei1ki4cUkveuL0C9TadUySJ4sC776eSkSNkZXE
Ib5vAD+YwCO0iCYqhGiWlEYO2qrRn9kyA0Vl6M9oFbjQksicEmkHTEMuYHWK1bJ0+8tzgBt6H6N/
xYvwy+gvqywnElScbUlS6EoG4SPHtBu2BOGqDVW6ZliKMAoCb8grFH3l11ugkPyCSMKIwYIaslQK
WYqJGxHUFHwzSbL0SMxq7WhxEwgRlh1HMnC9vHhywC6enZyz5yenJxfs8Ozs+cmTc3b25BV78/LV
909e7TEYxC5ewqgn7M2zl8+fsLNXL4+enJ/PxiFgIA/DdpQ4zkQRZ5S5MRCXyGCwEhSSSRptsNVB
9lA7hBRbaMgUQqGQYZZQHWUp8AkBGqwJ+f2QsUkju15hCgaZYAiSwwizRAKhtwvkMiPRGi8xh2BB
QBNmt0ejLajdaFBbLgKsG6RkkVypVzm35QHMS+Rlx6qpKV7L3btJUpybivMlL3zwjGlXglMAulu6
5GpIjprF1CyI3Wue1lSl9CmBCq4GG9zda3LC2AgbM5TpNYJepZL8rjsXnLGXMuZLg4cyI6uTsKUl
hiRynbKO/lIizol8YNTRNMUrrPaUgsWtJEmmIzG0vEVFtm6SrZytRkz7ptnXMHKjNHnLNtgdJjWw
jvOmskSVFRl9rqMx5LBe57IMk7UeUzemeKPR1zEOUhOIdiKz4QCuIM2Ds/M7BAxJGxIfrHAFRlaW
tcDAUK1Aa8umLMWghat1VO01ipQ1gqo+Z5IaHPpBOa35zZS2b8uG9iOeIzRe12vIsZBeC0ROHxxD
RTL5ZShJRSdX9BclSvKY2zYGVXmuKKIFp1gu15B0rVZjx5m8NbZprI0w6kn8cnDjQhKXGtjnjCqH
KW0Pt7wdAylUq0D5iNID6mSBIbHkHJsXJudIDjvuYJqSp+SnWRkHd9UuCjDBfkHh/Tiqj9nhIk1F
hQo7UCkCSrNVlsgS08cjUFSJE8lQNYEJqSRDsU22SOquTC2+aItNmd4e9LXU3MKwWmwqRL7HpnpP
gaQ8WnhaNcSoFEBRu6tj6ZEClpCh5BybHir0cTIAFVkz9gxqQbClh1TcsaOz13sMzyLDwDS8jkMw
e6oVZPRs8U8J/wFzmrK7q8hLkk5v7IwdhhCoVjyJ9qHnlG1CKMCG1VKwKMP9QzSwniN2aa+HrN+K
PLnBqIYlJk9mDIl4fZaeNcV21yliL4FE4ZN+nFjnaT5V16Pu5lR5XRm/F60+sSxv1FhiwlMlE5Tt
0jx6qdXyDDlpd8bO1JyEF0uawFXLqmyBVowKvkQWQCcgtjJPqGLBPhSPVKGz8wL1dJTEMEo21vj5
KlFW7PTiNVFaAkvItl9X9MlNUmW3nGwuZk2sWVf1FGcdELX9/lCk9NyJfD1iuIMQ4FdSWjahUY6i
OJgxylIrjkUAi9cgmwp1B9qgjytDmNojWkBpV0T0CiUBUZcCMaRoTuG8lCqVpQSMrZSNIidCbiSo
UKe6qeOXVCQdn5wffgv1EdVTdUo2hAG7xkhJj0xlkRCjMaqPg4b9fqPjs/P1UPj18qBp2h4xHZs1
VbKuIFzRfaZ6+VLuPqA3p2Umk7fyCB2RSaoltqNVlpW0Q9H0aqLpximK4/YyK/lVky3gJx6AoG//
4b1eGw+E0VN5WbSpzZufsziVGwIkqa/ZWz+7Qc8v2Mkx23n7+uR4F/QObg80wPhrUBsqBo+ug3Ng
D1eESj6y/ABvyDrdpeDtb7993uBX/V0P8jUths/TqHAg9apShHjLmq0klUZvgL4pHkh4mEURLQv3
4mgzvanjsFMIyXM63MW5oG0Y6WryO95SBhTplV/VpdoOCiCIVDLMqjlTOeeAqQeuuIxMISo8qlUw
B/J02fYoKU5Lxql4rxl1FYvraZug79o5k8I9XGc1Ro9I5joVTEBkjWgxt2N0pK0QUD/+puQMk19R
qu5NJsZTIVtvX0hkvojQ9+mDZuRKq8bOyLQQPEz6kn1cqGUfYiDjY1Jz+eVBWE1APr2LSu1uMnmB
3/9lvDF3ILaZjH9baszRDo+PL+2in5VxKHMG8sNBp2BwZe33pbDEJAojRChTJ120qY22mpRx8CAQ
iaBOQZo3rZrEl7AE9skUiRIOrC/p60gyjsESnK0ktl6QA+8vK5mSidgpSqMhbdqJRrJ2clz2+MIw
jZqX2Jh8wNqyqbacmjKH5gyUBPimzGAPgEw8v9oqstvWanU5u61MFbyueUzdLCQTaPWkFeVZXieN
26gLzPc0RqUN08AFqQ1CLmklzLgYuaAkUA0GQtRG3oEqdXDfkZprCZaVgrIs/BxfG6HDLuihZ07x
m80jUBsYhmB18qCX0yEeTOXZqnbkCvR2IEmZ5et1PoszohhC3WaNzSG4coX7rEHZkY5pSt1n3X1i
gcIcXy4LsVRbimr/UW6z4LdaL8f8EX0Qa14ev8TvUU5VUpD1AYavayE7EA5Ofk0rlkR4xwDBZr2n
A5CnW8nXOZ5hksq5JVRQqLyvjAkqITxhQLmsl2+OcBNf9Pfy9iA55CsObiEwshdIQ1OXQsaIRAG9
xxTjYorJUN5tcpfMHHywN6hOffSSbQ01ONQ2FFubEKYQkpbl/WaNW1qVfPXVWsXrLoOobIxIcTxa
PSYM1CKGcVyQNj3VpGaDe9YtoO70V2gk9/F8r5KJ1KT0gN5eksIB6Cslz2bXaKWAMsQVbSehogNu
wkOzFlIZFEctInyYXhfy0QxGm2YrRUZewKeiU5NvOZ4uVH0alNYcD0upKyyAgEalq4NGafIe2Cju
6R2wH6lygaJ1jzb5fkKkMjG3ybv/yIjYwEq6oACP2yjN+WzaH7krj1J8pvaxpI6B2m98lTtPhCoC
+uQftE2otPNSoBNYGmXUbjlgSB4lfofkyFfNcQD2HAK32L5RZzj2bO+GXnzaM2/CuKj2KPp+o0o+
+dClv3shvRkzHshYbS7yWplfAloLNkx+jbcumgDctGxF+7iGogvggbwU0HOzshHYtHnUA7Yg6/sH
Tyms0FI0foCECmQFedeDTKnQ7FWAmWwCxA0EuVJ1u8ElveFEnR1EOT+GTmUjKzoah/zG+Fn0RKYM
6TOSS8IPJVLRxmV8YDvWLj7ZPOt0fUSPN+n53gLKlwdPi5gdi4AZFjOMA9M+sDX25uRbZmiGjgOa
Z3APBYRauF5nVfhQarPAx4H0CWT0uoe6p0MOGwKvHAKbCFZtQpwDEMwcINeruBJTfPaGRSthh05K
1W0PbQ0hS477CKF4SFfyuWALU7Nw5xaf8DTX+VWuVghjbK3AljcPibTWOttM95CYpKoYi+2OtaZS
FmFvCD6Uf3j85Onh6+cXPZ7oCaFakvIEOq26HtSxD10E9Wp1GjL59f8BO7RQ/g==
===END CRASH DUMP===
