PocketMine-MP Crash Dump Sun Feb 6 00:37:19 WIB 2022

Error: Undefined array key "GOLD'S_GOD"
File: plugins/CraftingTable/src/hachkingtohach1/CraftingTable/CraftingTable
Line: 218
Type: ErrorException

THIS CRASH WAS CAUSED BY A PLUGIN
BAD PLUGIN: CraftingTable

Code:
[209] 						if(!in_array($i, [10, 11, 12, 19, 20, 21, 28, 29, 30])){
[210] 							$menu->setItem($i, $null);
[211] 						}
[212] 					}	
[213] 		
[214] 					$back = $this->getDataItem(355, 14, 1);
[215] 					$back->setCustomName("Back");
[216] 					$menu->setItem(53, $back);
[217] 		
[218] 					$a = $this->recipes[$nameI][1];
[219] 					$b = $this->recipes[$nameI][2];
[220] 					$c = $this->recipes[$nameI][3];
[221] 					$d = $this->recipes[$nameI][4];
[222] 					$e = $this->recipes[$nameI][5];
[223] 					$f = $this->recipes[$nameI][6];
[224] 					$g = $this->recipes[$nameI][7];
[225] 					$h = $this->recipes[$nameI][8];
[226] 					$i = $this->recipes[$nameI][9];
[227] 					$result = $this->recipes[$nameI]["result"];
[228] 					$slots = [10 => $a, 11  => $b, 12  => $c, 19  => $d, 20  => $e, 21  => $f, 28  => $g, 29  => $h, 30  => $i];

Backtrace:
#0 plugins/CraftingTable/src/hachkingtohach1/CraftingTable/CraftingTable(218): pocketmine\errorhandler\ErrorToExceptionHandler::handle(integer 2, string[32] Undefined array key "GOLD'S_GOD", string[109] C:\Users\tranthien\Desktop\FoxCraft\plugins\CraftingTable\src\hachkingtohach1\Cr, integer 218)
#1 plugins/MyItem/src/skymin/InventoryLib/LibInventory(124): hachkingtohach1\CraftingTable\CraftingTable->hachkingtohach1\CraftingTable\{closure}(object skymin\InventoryLib\InvLibAction#128752)
#2 plugins/MyItem/src/skymin/InventoryLib/InvLibManager(52): skymin\InventoryLib\LibInventory->onActionSenssor(object skymin\InventoryLib\InvLibAction#128752)
#3 (): skymin\InventoryLib\LibInventory->skymin\InventoryLib\{closure}()
#4 plugins/MyItem/src/skymin/InventoryLib/InvLibManager(56): Closure->call(object skymin\InventoryLib\LibInventory#127950)
#5 pmsrc/src/event/RegisteredListener(75): skymin\InventoryLib\InvLibManager::skymin\InventoryLib\{closure}(object pocketmine\event\inventory\InventoryTransactionEvent#128832)
#6 pmsrc/src/event/Event(62): pocketmine\event\RegisteredListener->callEvent(object pocketmine\event\inventory\InventoryTransactionEvent#128832)
#7 pmsrc/src/inventory/transaction/InventoryTransaction(294): pocketmine\event\Event->call()
#8 pmsrc/src/inventory/transaction/InventoryTransaction(312): pocketmine\inventory\transaction\InventoryTransaction->callExecuteEvent()
#9 pmsrc/src/network/mcpe/handler/InGamePacketHandler(320): pocketmine\inventory\transaction\InventoryTransaction->execute()
#10 pmsrc/src/network/mcpe/handler/InGamePacketHandler(217): pocketmine\network\mcpe\handler\InGamePacketHandler->handleNormalTransaction(object pocketmine\network\mcpe\protocol\types\inventory\NormalTransactionData#128934)
#11 plugins/VanillaX-4.0/src/CLADevs/VanillaX/network/InGamePacketHandlerX(223): pocketmine\network\mcpe\handler\InGamePacketHandler->handleInventoryTransaction(object pocketmine\network\mcpe\protocol\InventoryTransactionPacket#128930)
#12 pmsrc/vendor/pocketmine/bedrock-protocol/src/InventoryTransactionPacket(114): CLADevs\VanillaX\network\InGamePacketHandlerX->handleInventoryTransaction(object pocketmine\network\mcpe\protocol\InventoryTransactionPacket#128930)
#13 pmsrc/src/network/mcpe/NetworkSession(395): pocketmine\network\mcpe\protocol\InventoryTransactionPacket->handle(object CLADevs\VanillaX\network\InGamePacketHandlerX#126381)
#14 pmsrc/src/network/mcpe/NetworkSession(358): pocketmine\network\mcpe\NetworkSession->handleDataPacket(object pocketmine\network\mcpe\protocol\InventoryTransactionPacket#128930, string[1931] .........................Ability..ability|register:item|register...Abilitydamage)
#15 pmsrc/src/network/mcpe/raklib/RakLibInterface(192): pocketmine\network\mcpe\NetworkSession->handleEncoded(string[662] .S.k.A.~1M....E..e..BU......&i+.GH...dw.;tw&.L*..<......H.'.....)...?x.<........)
#16 pmsrc/vendor/pocketmine/raklib-ipc/src/RakLibToUserThreadMessageReceiver(42): pocketmine\network\mcpe\raklib\RakLibInterface->onPacketReceive(integer 0, string[671] ..O-.0Z.{..8.I....."NM......0E[.t....S4.....h.h...4$.r}J.g.W....A......().rEZ`0.)
#17 pmsrc/src/network/mcpe/raklib/RakLibInterface(122): raklib\server\ipc\RakLibToUserThreadMessageReceiver->handle(object pocketmine\network\mcpe\raklib\RakLibInterface#26278)
#18 pmsrc/vendor/pocketmine/snooze/src/SleeperHandler(123): pocketmine\network\mcpe\raklib\RakLibInterface->pocketmine\network\mcpe\raklib\{closure}()
#19 pmsrc/vendor/pocketmine/snooze/src/SleeperHandler(82): pocketmine\snooze\SleeperHandler->processNotifications()
#20 pmsrc/src/Server(1645): pocketmine\snooze\SleeperHandler->sleepUntil(double 1644082638.8309)
#21 pmsrc/src/Server(1034): pocketmine\Server->tickProcessor()
#22 pmsrc/src/PocketMine(301): pocketmine\Server->__construct(object BaseClassLoader#2, object pocketmine\utils\MainLogger#3, string[36] C:\Users\tranthien\Desktop\FoxCraft\, string[44] C:\Users\tranthien\Desktop\FoxCraft\plugins\)
#23 pmsrc/src/PocketMine(324): pocketmine\server()
#24 pmsrc(11): require(string[80] phar://C:/Users/tranthien/Desktop/FoxCraft/PocketMine-MP.phar/src/PocketMine.php)

PocketMine-MP version: 4.0.0 [Protocol 475]
Git commit: 468faa464b2bc5c97f23fafbb71ea61035f6f218
uname -a: Windows NT tranthien4-8sin 10.0 build 17763 (Windows Server 2016) AMD64
PHP Version: 8.0.13
Zend version: 4.0.13
OS: WINNT, win
Composer libraries: 
- adhocore/json-comment 1.1.2@fc2f76979f0a44a5f5bc2a2b600d0762fe0e78e7
- brick/math 0.9.3@ca57d18f028f84f777b2168cd1911b0dee2343ae
- daverandom/callback-validator unknown@unknown
- fgrosse/phpasn1 v2.3.0@20299033c35f4300eb656e7e8e88cf52d1d6694e
- netresearch/jsonmapper v4.0.0@8bbc021a8edb2e4a7ea2f8ad4fa9ec9dce2fcb8d
- pocketmine/bedrock-data 1.5.0+bedrock-1.18.0@482c679aa5ed0b81c088c2b1ff0b8110a94c8a6c
- pocketmine/bedrock-protocol 7.0.0+bedrock-1.18.0@040a883a4abb8c9b93114d5278cb5fecc635da82
- pocketmine/binaryutils 0.2.2@f883e1cf9099ed6a757a10a2f75b3333eeb2cdf9
- pocketmine/callback-validator 1.0.3@64787469766bcaa7e5885242e85c23c25e8c55a2
- pocketmine/classloader 0.2.0@49ea303993efdfb39cd302e2156d50aa78209e78
- pocketmine/color 0.2.0@09be6ea6d76f2e33d6813c39d29c22c46c17e1d2
- pocketmine/errorhandler 0.3.0@ec742b209e8056bbe855069c4eff94c9734ea19b
- pocketmine/locale-data 2.0.20@a6e4eb22587e0014f6d658732cf633262723f8d3
- pocketmine/log 0.4.0@e6c912c0f9055c81d23108ec2d179b96f404c043
- pocketmine/log-pthreads 0.4.0@61f709e8cf36bcc24e4efe02acded680a1ce23cd
- pocketmine/math 0.4.0@6d64e2555bd2e95ed024574f75d1cefc135c89fc
- pocketmine/nbt 0.3.0@98c4a04b55a915e18f83d3b0c9beb24a71abcd31
- pocketmine/pocketmine-mp 4.0.0@468faa464b2bc5c97f23fafbb71ea61035f6f218
- pocketmine/raklib 0.14.2@e3a861187470e1facc6625040128f447ebbcbaec
- pocketmine/raklib-ipc 0.1.1@922a6444b0c6c7daaa5aa5a832107e1ec4738aed
- pocketmine/snooze 0.3.1@0ac8fc2a781c419a1f64ebca4d5835028f59e29b
- ramsey/collection 1.2.2@cccc74ee5e328031b15640b51056ee8d3bb66c0a
- ramsey/uuid 4.2.3@fc9bb7fb5388691fd7373cd44dcb4d63bbcf24df
- rhumsaa/uuid unknown@unknown
- symfony/polyfill-ctype v1.23.0@46cd95797e9df938fdd2b03693b5fca5e64b01ce
- symfony/polyfill-php80 v1.23.1@1100343ed1a92e3a38f9ae122fc0eb21602547be
- symfony/polyfill-php81 v1.23.0@e66119f3de95efc359483f810c4c3e6436279436
- webmozart/assert 1.10.0@6964c76c7804814a842473e0c8fd15bab0f18e25
- webmozart/path-util 2.3.0@d939f7edc24c9a1bb9c0dee5cb05d8e859490725

Loaded plugins:
Alerts 1.0.0 by hachkingtohach1 for API(s) 4.0.0
AntiInstaBreak 1.0.0 by PMMP Team for API(s) 4.0.0
AuctionHouse 2.0.0-BETA1 by Shock95x for API(s) 4.0.0
BlockGenerator 0.1.0_beta by BlockHorizons, Chris-Prime for API(s) 4.0.0, 3.0.0
BuilderTools 1.3.0-beta2 by CzechPMDevs, VixikHD for API(s) 4.0.0
CraftingTable 1.0.0 by hachkingtohach1 for API(s) 4.0.0
CropGrowth 2.0.1 by NhanAZ, kaidoMC, YTBJero for API(s) 4.0.0
CustomItemLoader 2.3.1 by alvin0319 for API(s) 4.0.0
DevTools 1.15.0 by PocketMine Team for API(s) 4.0.0
EconomyAPI 5.7.3-PM4 by onebone for API(s) 4.0.0
FCCore 1.0.1 by hachkingtohach1 for API(s) 4.0.0
FormAPI 1.4.0 by jojoe77777/DragonfireHD98 for API(s) 4.0.0
Gems 5.7.3-PM4 by onebone for API(s) 4.0.0
HealthTag 2.1.2 by Shelly7w7 for API(s) 4.0.0
InvCrashFix 0.0.1 by Muqsit for API(s) 4.0.0
InvSee 2.0.1 by BlockHorizons for API(s) 4.0.0
KeepInventory 1.0.0 by NhanAZ, KhoaGamingVN for API(s) 4.0.0
LaunchableTNT 1.0.1 by Vecnavium for API(s) 4.0.0
MultiWorld 1.7.0-beta3 by CzechPMDevs, VixikCZ, fuyutsuki, kaliiks for API(s) 4.0.0
MyItem 1.5.5 by hachkingtohach1 for API(s) 4.0.0
NPC 1.0.0 by hachkingtohach1 for API(s) 4.0.0
Napthe 0.0.2 by hachkingtohach1,tungstenvn for API(s) 4.0.0
Parties 2.0.1 by Didah (@Diduhless) for API(s) 4.0.0
PlayerStats 3.1.9_BETA by hachkingtohach1 for API(s) 4.0.0
PureChat 2.0.0 by Vecnavium, 64FF00 for API(s) 4.0.0
PureEntities 2.0.0 by LeinneSW for API(s) 4.0.0
PurePerms 1.4.5 by Vecnavium , 64FF00 & ProjectInfinity for API(s) 4.0.0
RedstoneCircuit 3.0.0 by tedo0627 for API(s) 4.0.0
ScoreBoard 1.0 by hachkingtohach1 for API(s) 4.0.0
Shield 1.4.0 by JavierLeon9966 for API(s) 4.0.0
ShopGUI 1.0.0 by hachkingtohach1 for API(s) 4.0.0
SimpleHome 1.1.0 by CzechPMDevs, VixikCZ for API(s) 4.0.0
Spyglass 1.0.1 by ItsRealNise for API(s) 4.0.0
VanillaHopper 2.0.1 by ColinHDev for API(s) 4.0.0
VanillaX 3.0.0 by CLADevs for API(s) 4.0.0
_NewAlias 1.4.0 by Javier Leon9966 for API(s) 4.0.0
libEasyUI 1.0.2 by GiantQuartz for API(s) 4.0.0

----------------------REPORT THE DATA BELOW THIS LINE-----------------------

===BEGIN CRASH DUMP===
eNrtfQt31EbW4F+pbTgT831uWe+WepYsxjbgGRv8YTOwSeewJanUrVgtdfSw3WSzv33vvVVSS7KN
DTib2XMgIS2Vqm7d90uP/D6K82LJq48XoiiTPBtN7e1RlSzFaGq4tq17pmv5mjlxXdfZHtUrecnS
Ncuf+Kbl267l6a4B11JeVgdFkRej6e+jar2CaSM6P7gKBawD2NujpShLPsdL77JIxEkmIsaLgq/Z
uViz2ejlm6P9H04/vnyzPxvB9LhO0xdJivP3prPZuxKQnM2qgmfVIhHZbLYvyvMqX81mL/KrvYLH
1Wy2Sut5ksE0Ok+y+RkPUjGblUU4my14uDiHsSrHI+PapN6ptlqsEAmJgIK705uyA1B3BkAHM3pn
AC4FokdT0/CAzwUP4fjn0SOdPQj4LQD7ZMpWeXguqiVsNJsJFMGCZ1EqitmMBHKWtyJ5JS9Mp3LG
VpJVYi4KZm6zsioA7M+W+Qu7W1btdEP3f2F/mqy2WYsgEArMfGS0jDteH1ZiSRwrz9dA/M5hdiGy
Ki/WR0mwA3/b8y3DtIFNX6QM4x/vmv57mOZlXYg/tvLgVxFWTKIxm3XxoDP43Q2R/Y8M05s4JlFi
3pcSCeCYZ2BIxRasnt6yU5fk8Y95Jvc8FVlZ5sXXIWmxrXtud/OcDY8InP2VNLuAxJ6ENP4x5Gn6
eWq6mAE1E9/RaXuHrZa0I/wVeH3nrZgnZSUKER3hbwabTZxbKe5hNZ3eRbLCsWedOHM2S5oVncVn
YDklJwkc4BCKwbOkGNxriNOULdccWr+Ef50syTa56uHwmnTwatfuVJsVOzeB2TJ9+2a8aQMlYdrA
+7oNLGPImA5lndU3k6l4dSXCuhKSZYSM30EmE9VlXpzvLMOV2FHuFnB5yZfihOO2ytNuWab+TagI
iYbEwNC/BgXTmAxQUEtnM1yLnleFixtWox/Eg9eYNqRdJt+gRgO4qyKv8jBPgVDID8oe6dfg7fOK
o275li1p3bj6f/EsSVP+YWxrOpG+d7S7Ly42F1pe3EDAhy3TtL6d/hv17EtYcBMAuZOkWroow1QS
hslRXuxsQO8EIirgbNyAJE7cDnXLMNDKFKtms4ZXHRRv4tb/a3qt2zT6tTw5hQySTNp3Pi/E++zc
ENcQ8qXMAcwh/zUk5vZ9MXe8z2Pen9/giPagJPmgbN+kbr5l/MK02/7sBkmaVGtN4/LgfxcqqEwT
iNzt2WZmxJcQFyVvnNt4U/DzFOL7W35OQRoAxJATbxm++TU8OsjCPBLRlqLIdSF51U61c21X+z/G
MVJxoGlC056/kzT9LflP7eUrOIgutb9Xl3/Tjv5D0/67vPZK+4F+n8Df/3HVjMI5EeTeapaSonGy
ktRKys5yzIfPFoXg0bGsgd6KUCRQdW3Zd5AqAUIQ7/MIMzopSAWpTd43InUnJNE3Y03/Sftd0zzt
kGiYjV4fS2r0g5+1Cg9ObTpfwD+aZj/Wij/+oc219yR5OXXriVYc/PS/dMWByZeK1EQ6G2KAGxfo
YYFNDWWf4dHQTr+cW49M15yoksG7VXZlluefZNV1mgqxEkUTM427YsatUrrHmkFWbPhfgaA31CI5
dTbrzwN8IGgAd1/nVRInIUd/UMp9zW42cUoC2jJc27kn4BLP32VVkm5FeQ0lEWs7CJ7mWbovNzFu
2ES3hgmgvDL+sUrC8xOJMdQsEoLZgXBCa45hzZalG7cA+fgxBCKrog5b3/mcl2Iv5WV5lPNIFI+g
4L1Bt2ogBqLBMU+yo3wOtvXI2hTG7hcUuu0q2/6a8ljSbd1CtzlknjQuxS0VliD8o/mJ3+qkEI2D
9PRf2GrBi+nOzt50h3DaaVHaURjtNAh1Nh0fn2i4cIALdkyejH75Y3skHroT9Cc1YQBVCfMj5KJ5
eiGWEC1howi4FFaj5io2oAYgMNIggabuw9VZtfknibf+GwAkarYeJ9vsZwNcsmHAX1Azw99mJpyb
cG568BfOLf2XJ09+B6CmoQ+AzarHgFIN5iUqLJEJ4OOsTtMnf6cFxmDBHzRq9kb/mFU0aqlROrF7
Ux4HEEvYU/YYZF+Of5yLChMO2tFyHEDbhr9qS+f6SsJvry6rfPka0qSt2eg5jM5GaoXbX9GnyAGj
IiBq8qSLpddfyTcogoASqCJ+fpzBhoe//Gz8Ipf7A+xuX2HKFWaf54/D21dYakWf6Y+j21fYakVf
II/F7SsctcLqr4hvX+GqFQOJzm9fMVErBpJc3L7CUysGkkxuX+GrFZP+ikKUdVrdvmw2kjNmI7V+
oAFlmlclLAejYk9/ZI85mhajwwAtTB6GaGjyMEJ7k4cCzU4exmh98nCORigPF2iL8jCB7f/43qP9
3qP93qP93qP93qP93qP93qP93qP93qP93qP93qP93qP93qP93qP93qP93qP9/7dH23Q2S+xh7oJy
VHSETZjRtBnYHrWPBY4MTdd0GOF1tciLElsig2obgfJVgldsmgznIsPCOxpNQbJiexSBNmYRLoZr
ZR5X+92BJadO67UiXmLT/GL7FhQCJp68OT17/+bt0T4MXYqghCCHy6tqVQK3LnkVLspFUmmXQgTp
Wgvz5Q62dHZB/w9B1/hzcGPnXar7F+6g/uT4+ISdCb58KLpXyyWoVh8Jqdh3kUxU1ZQ3vMrrUnRp
6g53KTIR1fHzg7Ndo0/X6QJ0xXeuvo2s0QHYc75c754cjjYklgr2bMYlXgvEC4juY3knsc9TgPMS
i2ReyfsMitzBhS7BugZC/BiIivfppSWv8iL5BA4ILu0tiqQcnxT4pOuQBdsj61sk3NtqNusjO5tJ
P3cv+uskhalneZ52zbY33FdfwHuMtJt94vc+iXBxcowZNVz4V3KVnL/afyiFDhH4ahlRuh5I3CrE
DUjvY3ovg54n1aIOyIw7aO/0QAFv+jdqNswZ3sD5t3Btn2tn3ocvwBZgb5KGxVor15UoNchfdiJe
LoKcF9GOZEi+elnkl9Wix412cOgVBv7gNeR1uz/B2DlPovx4D47+59nzf4gifyiuyB2Q+gan+7m9
GxRDIYtU080o7Fgqs+rQPrzU54A15ABPL5JMtwz/oQhuAQLNA1yuj9zHH4AhDH1BO9TXdMO5Fsfa
1OBBo1mzP2ZNFwM7Pz3bfXv27uQuYW4w22lhALGdyLIhtzPYJdjRJpo1Pjm2+zTnmQjg70PRqsDN
ZkJiATBnsx5Gd0rwxd5eXnTdlRoY+injr/FTEpvm96E804u8WPbF2Iz0ybaHOvtr/msuJvhnZ7/g
8zyLIWN+te97D8WAzQaY7BNO7cF9xPlSLLvGSKd/oV7i/vK/90H+leBptTjj8w4Fm7G+szQ0c5g+
ijRdTy4nD0VE2QCczVok7p8WH2YXEFTLxYvkqkNNd7SfI16zsOP6NwD3UMQsCRp11UNEIE6uviTv
A7xPhegTggN3hPB+ivtApAySWYnJlxDzTyFWbeuzQ1N//I5Erc1O/rnI+UsOxfX8X68fOjHpYfQA
uckRr7NwgficvT7rUN4fv8P1/0uEGb9I6geL2C1AEGIXkcHpfUR7XKdV8j4v0qhDXWewT9pE1SbW
nbXJ3k/0VuC6rsr6PKGcNE2S8/JPqViWiO8l4gsi7+L+LdVKBxDyiW6pd3kkB/r8cTTnr4n6Epvm
96Gi/uuTvQ7FePZvUowBKl9m3Le2mF7zVbXo+mk1MIw15mcJ3a7qbI7PAlxkfx7NhFjzex/bPuFF
lYhudtOM3BGF9pOIL9jWM/itF6koyycPRVXUQJzNVhKX2WyD1Jeaa4sfUZvytShOK97rj3ZHu1RD
6aj5H7Gp9tdocAev3sk3K/RJXYi9Ba+6PGiGrnUVb4tT2yPXfvFC17+IfNrnRBRLcvKDJuMLebO0
PClygP4BPE9elycH42a803r8KPcGtii8N0f30nqYe5BVyVD1u8N3MOJIJFkmTt8/lPRTggcqDzgI
hYMkqoPRl1XcDYo7PSiKfCmEPu1ybFitObdoANtmUgrsbwxEhvdyDqF0y5Jq/VBM6YmZsOsc3kfQ
b0VUVlA07SVFWCddhR9e6Rv+NXFXIsp113ywOqiBN5sVCpFQIoLPjg0xu5PM0xDq+OcYkzsUdgYH
IfmvcWcbfLrH3+zMTheJ6GWmauCOpsM/QIdFcSTyzPdd96GI7kMFOgmX5vdeolzkq5fvDnv0yJF/
k7xKodMePFQieZosV6l4lS+7mVZncND5HJJ/c33xZ1QSJeG0AJyAB138vqWSOF3yND1Rj9t1oCJj
Vus53jjvsqUZuqOqPKzKt4Knr5PywbpQHZBAvsLj/h0c9ZzXq3y16nXx++N35J57eZpkr4BvD0VU
C7B9EE0iMjj9Ghm3qG6I/3Cd7g93xR/1oNyDEXz9ubsOJndK8eNrcbmbJryrk5uxe3le9me7XsJF
/XyF4PrgdiSYP/Bls+CAl+ueh96MDe1xUBK+THhW/VcNxcynhyJbbjybtQjcITx8R44XgHclhneM
mmdMCJUrqFRLyrqBTnk3Y+ShKWJfJwiXHG9AbkZCngJqsLY7li8/RnkFrr43ql4i3AzURdo9j3jV
ux4naSV6gOfLVfd0AXGke56EeXbRHfi1JIG058tAPo7TG8uLqn2yAMVWVhwJirqTVmGfD29FnAoq
TrqjJXG07A9FWDN1Rk5Pjnrbr8vf0gw3U0esvVTl5yJLPvVZcHWlqEZ00T2u+TIlb2nS6adkJeOk
T/n7J1DR7nI4vVr2uZ4jeqauW4Zh+jBwsv+mR3qUfyTUhoMwlPQFlq/wjZfeRBnRPhz3aB5gAKf4
JOKAzmV6WSQD+a8qemYROdw8yXGyGOjeos7O6Wkyk5gkbwMn8yDJOPanwceamoucEBeQmQVqEoKC
JGVV5WrAlMyKQNBSLXWVemwe//q42atzHd9xTbI47+ltdE3kSU9LiJVWd6gQYB5oh/Na6mID/ycw
N/bmJISkrMN8tO7FSu2LO9LzKGm3zuuaO5oyL8Xme3EtP+kBj9HU1C0T2FZ+hNRnNI15WoJfap51
Hk3tiQN7YF01sl0v5tx27cAMQif0J7FpxTwOgokhuGvolhO7Mb4Buj2qFSrvkyzKL0v2+oy1z8DZ
Y69MMmYAFoxwYMZk4lpsq5ksHzFkpm64T9ju8b6LN93w224dpn0SZEl2qy+L1ccchfP+8DW1vOnk
kjIWcFKrvBTFR5BywQvVEODRIscSZQddxxjmqDeJMfE0n8WhGU9cf+LHOrdt7sROEJrcDFxdj/SJ
a8ZCFxNPTJCPRRKe7yhvqWu+Zj0LuTOJDC/WTS/27HgymQSm4XphZPiGEeiREKZlW1yQKwRawQ1B
PMI3Yujd3AueJpF8UAo4eZ7ll9kz9YtqNy/yshQ7QDIvM3yz9QKfgdCfmbrp+7plhSAI29J1EbiO
KybCE54Xxo4ZGZHr+jbuCg67EKXgRbgg+pdcJmujC9KOZ14QhLppcE9EgSlsPhHcjD0e2TH3RehH
oTDjMPCinpW0b08A7lw1wvX/bAaBryC9Z7Znhu7E59wRkR54RqgDcmZgxDGeGTr37dDjbngz5I1e
jiaI6BC6buvc8yxu8yDwQj/wwdXZkWNOvDBwYhGGruVE3DMH0MljbMzbRAUAMMIIY1/3fRG5fOJM
OGAHWuEEFvyBCtUMo9jvQ7pRhJglWM9ce+JNbFAp1w1CDhx1PM8xbVN4TmhaoekIL3QcPkAtxNw7
VQ/EEGrAQl9wS7d83xJxFAeWH0aWbgrTcNzI0QG0Z+o+aOcAUp7mGxi6HwgXrDaagMkKy4pczwDF
8SPTD00ztN3QmAgjGmDTffG1cafPRDixzQC39HTHDQIgyNFdP7RFHIMw/YllC274QR9UmmM+0agK
VgCm/oy7wga+mo43Ebpu2LEbuXBsmWHsWhY+bg4ex4usIag5IWMjMm7oG2aog9wcJ/SAAsvQPRGC
8k9AHdzY1u1Qt69DGHcijgTlGvEEiQpjCyQWmjbgBmZv8jAChfB0boAVWOHABlo/QCAi1xam4zhB
ZAofNd60nQk4BCeCxXFoWICjHw+UPQuqlrm+F9pctwPQDN9wBPgUz4qsQAfdBkaBYRo8APEbfQib
wzHlUdKov8B/X3v3QoYlGwxDWNxzDQN0eaILI+ZgU67pgOEZ4OxseyLAdQRchDdBwTc4moTmmW+a
3LVtG4hxw0nEwSXgv55lGjrongjtieVxMeCvfFK+CfjPdB564KtB543QNnxuxMBxsC8wes9y0P86
vjBJ+SAjLsUa7WCT0Blk6yH8mdhCOMIyPciOArAkWw8cA/RZCNC3IHDdUOcbIHWdyPADnhdihQ88
jAPH8jzXN+JoYk1AL2w7CgM7cmF1GJt2FOPyRb0sOW/WX3fu5XoZ59kaJJiuIb9Ix00ufQGoWiTE
MPKdiT8RPngfy4ujyAx0y/UtcHAQdwSIVwflugkWRAxPb2EZz8Dd6hCHRGRwH5wAB2g+F4YJvh2C
B0Qs3XTsSXArLKODl3BBKfzYilDPYwhBvu2BrRp6aIcWIGWB8frwX1mrLPNPUCHtgG8ThQq6qKGu
79rhBLTB023PsLlnm6AEQgcZR4YT8ECPDQ8MqgdkBRY3RuetHgbUn0W+5ccTEYHNhqASQeCHGHOd
MNCdCKIh4ObrEwBDpVKrW9qastVHDDsdLMSHlOZ1QW9zMMz1WJwXrJdczbJH7GwBgZSVosLnQEvG
C8GqhWB5Jko44BULeZblFQsES7IwrcF5wAGT7xNoENAg8NKdAIB1mi9hZYwAhjBLHottlsOVokSQ
LMDHzdk6rwsFiyUxW0IREie0A+Q2+EmUdI2AoXBvwe1ApsvrtCrZZZ79UDEM/bxgUMPm4LwSDGFr
xBA/9yDpvlyIjNWrecEjAKDNslnWAJvOMsYevV8IRIxVOewCSSuAUC9nlJT3lZhZR/IyoSq9PwN+
pqIifmHzMBRMBhccWSJk4HgoxinH3HgupozSU7xQLuoKksVsrL5LM2Wzkcob8cUfEc1GhNlumuaX
LE1KxLZ52ZVdJJz9Vy2KNc75DQ/G6tKUYWFOSw+oVFdrGODFMF1kIDFgCkIL1kyxEufLyn7cXu4g
++g9WAxoBPCVRxGT38soJVvxZRy2FBzfVcIMlAHTA4FIA3PEbzVPkW3z5ALmQlJRC7alNoUE+QlC
lzuKcSFWUOCOge34Vs0ULtPer+tlAFwBrdot11l4xstzhi9MgR5pNOEdcItUu6EUpy2KPMtrkB5M
L7cZPVXBZKmB9rDNMKku5JuCxBuwRxxb1pl6AUoCPyXxAk2gZUV+lYCGCWADkESam7XIIW8VQocx
6irOQZ3cZkn1A7CvKmhZJCp8owhVZrCYbQENNdiNSWwhMsaK0imBGuoqJ+Uo6ixDcUZYJuYrEgLV
JaXG9sWFOmbLZL4AY8aHwLa7xqcUBzlSFPWqkqOSYciYJeCm6CLhglFSrRFJg+AXeRIB2jdjgDqC
OgcJf4JfuO4oGkwey0mtps2ypYDt1tIoX6Z5ANqDXSUmx8EOlkmFtr0Ucx5Ql56dSlbrxNykpOfa
cfkZSu0yIc6TRoHRXo4loEbJSqIQn+WEA0YfGEAwcSFEs6VUcpBWjWbK5jkIKkczRa3AjeaE5phQ
mzIdqYDdyQXLjOzfngJs030O/wWU9d+Gf1nlK0JBuc8WJQWuZOA+VhhNoxYh3LXByoC8UyFGTuA9
WYXCr/zhATAkuyCU0GOwsIbgk0HwYfLbCqjduURZWiQGq3a2uAqFiMoNRdJxvTk7mLKzV4en7Ojw
+PCM7Z6cHB0enLKTg7fs/Zu3/zx4u81gEjt7A7MO2PtXb44O2MnbN3sHp6fa0AX0+GE6rmLHiSiS
nAIyOuISCQwXglwycaN1tgbwHlKCiHwLTRmDKxTSzRKovTwDOsFBgzYhvbcpm1SyywVGVuAJuiA5
jSBLIOB6N45cRiTa4w3GEIzztEC7Pht1QfWYQWwrEWI6IDmL6Eq5yrUtDaBeYlVuSLV0RWv55GaU
FOWWonzOiwAsY7zJrMkB3cxdMjVER61iahX47iXPako+uphAYlaDDj7ZbmLCUAkbNZThNYYiv5L0
LjcmqLE30udLhYfsIa/TqMUlgSBymbEN/qUEvCL0gVBX1xWtsNsLchbXgiSpjoTQ0hYX+bIJtnK1
mjHuqmZXwkiNkuQ13WA3qFRPO06bhBFFVsBOqIZKkaN6uZLZlUzhmLowxguNvPZxklpAuBOaDQVw
BmEejJ3fwGAI2hD4YIcLULKyrAU6hmoBUps32SY6Ldxtg9V2I0iZI6ikUpPY4NRb+bTkV2NqypYN
7nt8haPJsl5CjIXwWiDwimeQVYIgIU7j01USiw1f0V4UK8lirusYJNsrhRFtOMYsuIaga7cS28/l
paFOY26EXk/Cl5MbE5Kw1MQuZZQ5jKnp29K2D6hQrgLpI3IPsJMJhoSyok8WMLlGUrihDpYpfkp6
mp1x8ibbRQamWAYouJ8H9Tk9nGXqjfypChGQmi3yVKaYAT7iQZk4oVzix8eYCjLk22Tlo67K0BKI
NtmU4e1RV0rNJXSrxbpC4NtsbHQESMKjjcdVg4wKAeS1N3ks3SjAFDKSlGMtQ4k+LoZBhZbGXkEu
CLr0lJI7tnfybpvh84cwMYsukwjUnnIF6T1b+GOCP2Vuk3ZvMvKSuNOZq7HdCBzVgqfxDpSSskyI
BOiw2go2ZdgXRAXrGOIm7HWAdUuRgyv0aphi8lRjiMS7k+ykSbY3BSDWEojUJT7MAwvrVbYaq/NB
dXOsrK5MPolWnpiWN2IsMeCplAnSdqkendBq+6Zc9ERjJ2pNyos5LeCqElW6QDvGBZ8jCSATYFu5
SiljwfISn7FAY+cFymkvTWCWrJfxNX1RVuz47B1hWgJJSHZQVwzrcxLlZjtZXGiNr1lW9RhXTQnb
bn0oMrqbRLYeM2wMhPhSaEsm1L9xnIQaoyi14JgEsGQJvKlQdiAN+j/6gJvaJlxAaBeE9AI5AV6X
HDGEaE7uvJQilakEzK2UjiIlQvYHlKtT1dT+G0qS9g9Pd59DfkT5VJ2RDqHDrtFT0o1QmSQkqIzq
26pRt97Y0Lmx9UgE9XzaFG0/MgOLNZWyLsBd0XWmSvRSNhXQmrMyl8FbWYSBwCTWEtreIociHq2w
qdVEU42TF8e2MSv5RRMt4BBKb7pGLeVOGQ+I0b12mbSpnsyveZLJhgBx6gf2Iciv0PILdrjPtj68
O9x/AnIHswccYP4liA0Fg4+rgnFgDVdEij8y/QBryDeyy8DaPzw/auCr+q4z8gNthnfJKHEg8apU
hGjLmw6RCqNXgN8YHzN4mscxbQvXkng9vqqTaCMQ4ue435w5o+6KNDX5P4+SPCBPr+yqLlWXJwQn
Ukk3q9aM5ZopU7dRcRsZQpR7VLtgDOTZvK1RMvr42DAUbzezLhJxOW4D9E0NMcnc3WVeo/eIZaxT
zgRY1rAWYzt6R2qFgPjxmIIzLH5LobqzmAjPhCy9AyGBBSJG2y9X/JKUAnVUQifVwuF+0Jfk40Yt
+eADGR+iqj4LA7sJiKc3YanfjCYvAFLEeKPugGyzGH9bbKxBhyfAV7zQzsokkjED6eEgU1C4sg66
XJhjEIUZIpKhk07a0EatJqUcPAxFKqhSkOpNu6bJOWyBdTJ5opQD6XN6GVz6MdiCs4WE1nFyYP1l
JUMyITtGbjSojTeskaQd7pcdutBNo+QlNCZvm7ZkqpZTk+bQmp6QAN6YmewRoIkPtLWC3LS1Wllq
14WpnNclT6iahWACpZ7UolW+qtPGbNQJxnuao8KGZeKGVAYhlbQTRlz0XJASqAIDR1Qjb6pSHew7
UnEth2WmoDQLENl46Gjj9NAyx/jZrsFQ6xj6w+p5gk5MB38wlk9MtTMXILepREXDL59oSU4Yg6tb
L7E4BFOusM8alhvUMUyp62xznUggN8fn80LMVUtR9R9lmwW/43s+pI/wA1/zZv8NfndnrIKCzA/Q
fV0KWYFwMPJL2rEkxDcE0JjWafpDnG45X6/wySQpnGtMBYHK60qZIBPC5wYolnXizR725kW3l7cN
wWG14GAWAj17gTg0eSlEjFgUUHuM0S9mGAzl1SZ2ycjBe71B9SxHJ9jWkINDbkO+tXFhCiBJWV5v
9rgmVUlXV6xVstxEEBWNESjOR63HgIFSRDeOG1LTUy1qGtzaZgN1pbtDw7nPx3sVTKQkpQV0ekkK
BoCvFD+brtFCDUoXV7SVhPIO2ISHYi2iNCiJW0B4k7wu5B0X9DZNK0V6XoCnvFMTbzk+M6jqNEit
OT4Cpc4wAQIclaymjdDkNdBR7OlN2c+UuUDSuk1Nvl8QqAzMbfDu3gkiMjCTLsjBYxul+RwN9Udu
iqPkn6l8LKlioPIb32pcpUIlAV305b40Lg8BIpqBrcuYutlxyl4c7Z7JQSw1BHbW/q6eyNh2/Ct6
x2HbuoqSotomp/t3lenJey3dpoU0Ygx0wFrVU+S10roUhBWumfzcWF00frep1Ir2Lg05FYAD4Sik
u2Blw6dxc4cHVECm9Y9ekDehrWh+DwjlxWrkY2dkTPllJ/HLZe4vrsC3larIDc+xTCqpoAPnJr/d
KBM5mof0JvjNqFRGCmkqkkqCD5lR0bpjvP06FCrepzzZiHiPblbS3boZZC2PXhQJ2xchM21mmlPL
mTo6e3/4nJm6aeCE5o7aUwEeFs6XeRU9la/OFnhzj77xhsb21PANCF39wQuXhi0cVtVBsoJB0G4Y
uVwklRjjLTfMVQk6FFAqXXvq6Dgy59g+iMRTOpN3+doxtQobtnhjpzlfXazUDlGCFRWo8PopodZq
ZBvgnhKRlAxjjr0hrUmQRdSZgrfYn+4fvNh9d3TWoYluDKotKTygrarzXvr61MOhTopOU0Z//F/z
l9sJ
===END CRASH DUMP===
