PocketMine-MP Crash Dump Sun Feb 20 23:52:11 WIB 2022

Error: Cannot find a safe spawn point in non-generated terrain
File: pmsrc/src/world/World
Line: 2688
Type: pocketmine\world\WorldException

A PLUGIN WAS INVOLVED IN THIS CRASH
BAD PLUGIN: AlwaysSpawn

Code:
[2679] 	public function getSafeSpawn(?Vector3 $spawn = null) : Position{
[2680] 		if(!($spawn instanceof Vector3) || $spawn->y < 1){
[2681] 			$spawn = $this->getSpawnLocation();
[2682] 		}
[2683] 
[2684] 		$max = $this->maxY;
[2685] 		$v = $spawn->floor();
[2686] 		$chunk = $this->getOrLoadChunkAtPosition($v);
[2687] 		if($chunk === null){
[2688] 			throw new WorldException("Cannot find a safe spawn point in non-generated terrain");
[2689] 		}
[2690] 		$x = (int) $v->x;
[2691] 		$z = (int) $v->z;
[2692] 		$y = (int) min($max - 2, $v->y);
[2693] 		$wasAir = $this->getBlockAt($x, $y - 1, $z)->getId() === BlockLegacyIds::AIR; //TODO: bad hack, clean up
[2694] 		for(; $y > $this->minY; --$y){
[2695] 			if($this->getBlockAt($x, $y, $z)->isFullCube()){
[2696] 				if($wasAir){
[2697] 					$y++;
[2698] 					break;

Backtrace:
#0 plugins/AlwaysSpawn.phar/src/philipshilling/alwaysspawn/Loader(15): pocketmine\world\World->getSafeSpawn()
#1 pmsrc/src/event/RegisteredListener(75): philipshilling\alwaysspawn\Loader->onPlayerLogin(object pocketmine\event\player\PlayerLoginEvent#106947)
#2 pmsrc/src/event/Event(62): pocketmine\event\RegisteredListener->callEvent(object pocketmine\event\player\PlayerLoginEvent#106947)
#3 pmsrc/src/Server(1666): pocketmine\event\Event->call()
#4 pmsrc/src/network/mcpe/NetworkSession(240): pocketmine\Server->addOnlinePlayer(object pocketmine\player\Player#106745)
#5 pmsrc/src/promise/Promise(45): pocketmine\network\mcpe\NetworkSession->onPlayerCreated(object pocketmine\player\Player#106745)
#6 pmsrc/src/network/mcpe/NetworkSession(231): pocketmine\promise\Promise->onCompletion(object Closure#106798, object Closure#106772)
#7 pmsrc/src/network/mcpe/NetworkSession(689): pocketmine\network\mcpe\NetworkSession->createPlayer()
#8 pmsrc/src/network/mcpe/handler/ResourcePacksPacketHandler(142): pocketmine\network\mcpe\NetworkSession->pocketmine\network\mcpe\{closure}()
#9 pmsrc/vendor/pocketmine/bedrock-protocol/src/ResourcePackClientResponsePacket(61): pocketmine\network\mcpe\handler\ResourcePacksPacketHandler->handleResourcePackClientResponse(object pocketmine\network\mcpe\protocol\ResourcePackClientResponsePacket#106823)
#10 pmsrc/src/network/mcpe/NetworkSession(395): pocketmine\network\mcpe\protocol\ResourcePackClientResponsePacket->handle(object pocketmine\network\mcpe\handler\ResourcePacksPacketHandler#106811)
#11 pmsrc/src/network/mcpe/NetworkSession(358): pocketmine\network\mcpe\NetworkSession->handleDataPacket(object pocketmine\network\mcpe\protocol\ResourcePackClientResponsePacket#106823, string[4] ....)
#12 pmsrc/src/network/mcpe/raklib/RakLibInterface(192): pocketmine\network\mcpe\NetworkSession->handleEncoded(string[7] c.`a`..)
#13 pmsrc/vendor/pocketmine/raklib-ipc/src/RakLibToUserThreadMessageReceiver(42): pocketmine\network\mcpe\raklib\RakLibInterface->onPacketReceive(integer 0, string[16] .....L..;...xL..)
#14 pmsrc/src/network/mcpe/raklib/RakLibInterface(122): raklib\server\ipc\RakLibToUserThreadMessageReceiver->handle(object pocketmine\network\mcpe\raklib\RakLibInterface#32717)
#15 pmsrc/vendor/pocketmine/snooze/src/SleeperHandler(123): pocketmine\network\mcpe\raklib\RakLibInterface->pocketmine\network\mcpe\raklib\{closure}()
#16 pmsrc/vendor/pocketmine/snooze/src/SleeperHandler(82): pocketmine\snooze\SleeperHandler->processNotifications()
#17 pmsrc/src/Server(1660): pocketmine\snooze\SleeperHandler->sleepUntil(double 1645375931.8891)
#18 pmsrc/src/Server(1046): pocketmine\Server->tickProcessor()
#19 pmsrc/src/PocketMine(304): pocketmine\Server->__construct(object BaseClassLoader#2, object pocketmine\utils\MainLogger#3, string[36] C:\Users\tranthien\Desktop\FoxCraft\, string[44] C:\Users\tranthien\Desktop\FoxCraft\plugins\)
#20 pmsrc/src/PocketMine(327): pocketmine\server()
#21 pmsrc(11): require(string[80] phar://C:/Users/tranthien/Desktop/FoxCraft/PocketMine-MP.phar/src/PocketMine.php)

PocketMine-MP version: 4.2.0 [Protocol 486]
Git commit: 44818e6d1456dcf1f0fd3cd27da1dfecbe03c08b
uname -a: Windows NT tranthien4-8sin 10.0 build 17763 (Windows Server 2016) AMD64
PHP Version: 8.0.13
Zend version: 4.0.13
OS: WINNT, win
Composer libraries: 
- adhocore/json-comment 1.1.2@fc2f76979f0a44a5f5bc2a2b600d0762fe0e78e7
- brick/math 0.9.3@ca57d18f028f84f777b2168cd1911b0dee2343ae
- daverandom/callback-validator unknown@unknown
- fgrosse/phpasn1 v2.4.0@eef488991d53e58e60c9554b09b1201ca5ba9296
- netresearch/jsonmapper v4.0.0@8bbc021a8edb2e4a7ea2f8ad4fa9ec9dce2fcb8d
- pocketmine/bedrock-data 1.6.0+bedrock-1.18.10@e98c511584a7bd58a95986374d2df4b04c6a2ba0
- pocketmine/bedrock-protocol 8.0.0+bedrock-1.18.10@017e57c8f8a74118bcbba7332e7ebac9e6c81693
- pocketmine/binaryutils 0.2.4@5ac7eea91afbad8dc498f5ce34ce6297d5e6ea9a
- pocketmine/callback-validator 1.0.3@64787469766bcaa7e5885242e85c23c25e8c55a2
- pocketmine/classloader 0.2.0@49ea303993efdfb39cd302e2156d50aa78209e78
- pocketmine/color 0.2.0@09be6ea6d76f2e33d6813c39d29c22c46c17e1d2
- pocketmine/errorhandler 0.6.0@dae214a04348b911e8219ebf125ff1c5589cc878
- pocketmine/locale-data 2.4.3@4d0b081f1a79407e087968ea76aaf330db6ea2b5
- pocketmine/log 0.4.0@e6c912c0f9055c81d23108ec2d179b96f404c043
- pocketmine/log-pthreads 0.4.0@61f709e8cf36bcc24e4efe02acded680a1ce23cd
- pocketmine/math 0.4.2@aacc3759a508a69dfa5bc4dfa770ab733c5c94bf
- pocketmine/nbt 0.3.2@3e0d9ef6b6c5fb45e3745a121296e75631b3eefe
- pocketmine/pocketmine-mp 4.2.0@44818e6d1456dcf1f0fd3cd27da1dfecbe03c08b
- pocketmine/raklib 0.14.3@4798576fec0364266dce23b368a7fec5e5de7927
- pocketmine/raklib-ipc 0.1.1@922a6444b0c6c7daaa5aa5a832107e1ec4738aed
- pocketmine/snooze 0.3.1@0ac8fc2a781c419a1f64ebca4d5835028f59e29b
- ramsey/collection 1.2.2@cccc74ee5e328031b15640b51056ee8d3bb66c0a
- ramsey/uuid 4.2.3@fc9bb7fb5388691fd7373cd44dcb4d63bbcf24df
- rhumsaa/uuid unknown@unknown
- symfony/polyfill-ctype v1.24.0@30885182c981ab175d4d034db0f6f469898070ab
- symfony/polyfill-php80 v1.24.0@57b712b08eddb97c762a8caa32c84e037892d2e9
- symfony/polyfill-php81 v1.24.0@5de4ba2d41b15f9bd0e19b2ab9674135813ec98f
- webmozart/assert 1.10.0@6964c76c7804814a842473e0c8fd15bab0f18e25
- webmozart/path-util 2.3.0@d939f7edc24c9a1bb9c0dee5cb05d8e859490725

Loaded plugins:
Alerts 1.0.0 by hachkingtohach1 for API(s) 4.0.0
AlwaysSpawn 2.2.5 by Philip Shilling for API(s) 4.0.0
AuctionHouse 2.0.0-BETA1 by Shock95x for API(s) 4.0.0
BlockGenerator 0.1.0_beta by BlockHorizons, Chris-Prime for API(s) 4.0.0, 3.0.0
BuilderTools 1.3.0-beta2 by CzechPMDevs, VixikHD for API(s) 4.0.0
CraftingTable 1.0.0 by hachkingtohach1 for API(s) 4.0.0
CropGrowth 2.0.1 by NhanAZ, kaidoMC, YTBJero for API(s) 4.0.0
CustomItemLoader 2.3.1 by alvin0319 for API(s) 4.0.0
DEVirion 1.2.5-ALPHA12 by poggit, SOFe for API(s) 4.0.0
DevTools 1.15.0 by PocketMine Team for API(s) 4.0.0
Dungeon 1.0.3 by hachkingtohach1 for API(s) 4.0.0
EconomyAPI 5.7.3-PM4 by onebone for API(s) 4.0.0
EconomyJob 2.0.6 by onebone for API(s) 4.0.0
EconomyLand 2.1.3 by onebone for API(s) 4.0.0
EnchantedUI 1.0 by ItsRealNise for API(s) 4.0.0
FCCore 1.10.1 by hachkingtohach1 for API(s) 4.0.0
FishingRod 1.0.1 by hachkingtohach1 for API(s) 4.0.0
FormAPI 1.4.0 by jojoe77777/DragonfireHD98 for API(s) 4.0.0
Gems 5.7.3-PM4 by onebone for API(s) 4.0.0
HealAndFeed 2.1.0 by Kylan1940 for API(s) 4.0.0
HealthTag 2.1.2 by Shelly7w7 for API(s) 4.0.0
InvCrashFix 0.0.1 by Muqsit for API(s) 4.0.0
InvSee 2.0.1 by BlockHorizons for API(s) 4.0.0
KeepInventory 1.0.0 by NhanAZ, KhoaGamingVN for API(s) 4.0.0
LaunchableTNT 1.0.1 by Vecnavium for API(s) 4.0.0
MaxEnchants 1.2.4 by Xenophilicy for API(s) 4.0.0
MultiWorld 1.7.0-beta3 by CzechPMDevs, VixikCZ, fuyutsuki, kaliiks for API(s) 4.0.0
MyItem 1.5.5 by hachkingtohach1 for API(s) 4.0.0
NPC 1.0.0 by hachkingtohach1 for API(s) 4.0.0
Napthe 0.0.2 by hachkingtohach1,tungstenvn for API(s) 4.0.0
Parties 2.0.1 by Didah (@Diduhless) for API(s) 4.0.0
PlayerStats 3.1.9_BETA by hachkingtohach1 for API(s) 4.0.0
PureChat 2.0.0 by Vecnavium, 64FF00 for API(s) 4.0.0
PureEntities 2.0.0 by LeinneSW for API(s) 4.0.0
PurePerms 1.4.5 by Vecnavium , 64FF00 & ProjectInfinity for API(s) 4.0.0
RedstoneCircuit 3.0.1 by tedo0627 for API(s) 4.0.0
Rewards 5.0 by Wertzui123 for API(s) 4.0.0
ScoreBoard 1.0 by hachkingtohach1 for API(s) 4.0.0
ShopGUI 1.0.0 by hachkingtohach1 for API(s) 4.0.0
SimpleHome 1.1.0 by CzechPMDevs, VixikCZ for API(s) 4.0.0
SizeUI 1.0 by fernanACM for API(s) 4.0.0
Spyglass 1.0.1 by ItsRealNise for API(s) 4.0.0
StackStorage 1.3.0 by Ree-jp for API(s) 4.0.0
VanillaEnchant 1.0.0 by hachkingtohach1 for API(s) 4.0.0
VanillaHopper 2.0.1 by ColinHDev for API(s) 4.0.0
VanillaX 3.0.0 by CLADevs for API(s) 4.0.0
VoteReward 1.1.0 by  for API(s) 4.0.0
WorldProtect 2.3.11 by aliuly for API(s) 4.0.0
_NewAlias 1.4.0 by Javier Leon9966 for API(s) 4.0.0
libEasyUI 1.0.2 by GiantQuartz for API(s) 4.0.0

----------------------REPORT THE DATA BELOW THIS LINE-----------------------

===BEGIN CRASH DUMP===
eNrtfXt32ziS71fBOjm37TOWxKdEum9y47adjmecRBs7ncwM+2RBEpTYpkg1H7aV2f7ut6oAPu0k
TqJ+/JE5u20RBAq/ehdAkPnPTpTlK16+uxJ5EWfpzoG1v1PGK7FzoE8t25zZrqmPHcc2jf2dai3v
GOZ4apnWzNZse+patrO/k/CiPMnzLN85+M9OuVlDr511FlyKchWnwvOuszwJPe8N/jm5CQRQgsn2
d1aiKPgCex/xNM1KFsVpyDgreCRYsebXKVtncVqyOGVplo4WIhU5L0XISpHnPEYaUZUkT+OEplzy
/GAyOTqYvC6AoUmZ87RcxiKdHIvisszWk6fZzVHOo3IyJ3TPAd3o+XyMAydFHkwI6IRwQuMaySvS
K7w96AK3E6AAIpk6IAWYLoCLf+880Ng6qRZxWkwOk2u+Kc6RlXaW9TJO4nUB/4XhiwmnPsTu5Czj
och3dXvvgH1IgqPHC1Geg4iI7O4ewHigsxahuBJpOXklFnEBYhLhGf4Fwe3OiGpvcs/rzO55cvrR
4yydJ3wj8rMMuNjN/F9EUPbw0Byet6ZentfpfYJ3HugamMaMoBm3oFGX3akx4FHRvA189DjgSSJH
fR0Ws4PlXORXKOrpdHo3EBot55ZCtjqjU1GCTi4nq2AtJi/kxTmYMxj2rmFpA4pyrtFjHoYvU7QZ
CfIubvpsIPiZZdP0dmf6dZ6t4kJM5vLvrjU0GIXP8xCg5/URtgo+ygX60+cBmd5XDqY+QKVgA1H5
A4EcZat1IjAi1CiOkqyockFTus4+u6N5ZhCS2T2RTB338+QTkFyUlmgq50NTLXkaJiIHhyuyKg/E
nAeXBf5HlM/krV3dMj5v+o90/U8gxfCbhOUqWGCrYZZP2oETX4Q5XI1A5mUWZAkh74I8SiA0ltCy
ztJCSMS7U/3jSBW36KYfYnf0WHb68Fx3mdtgnhp1f6K7IKM9OIYpw6B2T4Mw3U84zP3nr9m9B1P3
EB5xo+uSG/2+3NjO59mXBHLMS67U/jsoZJ8VZQ4p5t/Wz2wM/5MsGR9iKeeXSexPXvHLs9g/TSEB
RJBOd3XX+BLWTtIgCyGuKQizn1kw/h/+PzUK84NeI2GM4rWEKOFcZFhQXCwhKITPZc3ySgQixvzx
KdeWBEFqfcYoBJO4FKVdqHPEQuRMawSnT6Xkxmfj8ffw5+asxm99rhQNRFlDKSgbeR4wWeP6CIef
Yd8f4PWBacx0mYB1+4OSL9Isey9kak6EWIu8CZ/g3V8m43uMGcRTffoFAJ2hDciukPd7/QAPRGSQ
7ousjKM44Jj0CjXv7M7SRLsn4QKvX6dlnOyGWeUngvUKeFcFFOeOSTRr+oFqpYyDy7lEnKksqLsd
Cm0RvWtq1geIvHsXAJNlXgVNlPmBF+II1gyFLDcfGE2K7xKogJnC855DmQ/FHHjGgzakmOAZRwee
R3W+5zWFvuepSt/z6lLf89pAZH3GKFXBe54sYrUP8G3MhhqSYpWjVADf1TGr5uLXKs5FHZMc7Wf2
9SuWthkXLHs7P/+2vyP+rKXYfddKgFGK912cXmXJlVhBEoGRMCUIKCh36vvQ1llBQTNGdeTMgMoQ
bnrlGow9DlhUpQFywnpLo//3ExDLcpM9lBw8YimsFvfYAZtnRYz9/wM0AZFGtDzwyt3/2lWdQfkl
TwORRUyR2WP/+7+K1Ojxhv1fpu+p8boa75XNTA9Bj4VcqmHLWSbdfXfveznEUEN+k5cmXMpflrrx
cMVvWjpw8U810q47XOFtBSdKMvRR1WVadwmWVXrZQ/MyR687wvbDshbD7sOreuisFUU9+pGSm2LW
aZgtl3l2zVJxzfr2tOt9qRV5OzUOtycft9bQQ5QJ5so99vBq9PhG9nZrBTx837v9Xt2uhf1w09wG
d9glEY8YxB/svFFTu2bd+5oXh3HeE98PCTjTYbn78AYGbWCwDn/f79G903B3j6RFnc7Eggeb07A4
ODg8ffU9m0wuXh6/PGA+D9kSMv8+CxLBU1at5ay13iPQ4/dI+3Gj+zj95/dsNHq4USpw7UYFqKYP
gFPA4uIpKO+o8sXuXj1+2oyXFCSj9d1Z5y7K7G9/U4Jxejd8KBYuv9/57dvOx7edj287H992Pr7t
fHzb+fi28/Ft5+Pbzse3nY9vOx/fdj7+6J2PetOgwA2CQzCOkn6lHJ9a1w37O82z7h19rI01aOFV
uczyAhcwsDBbXgLGMsNfOhLl6xjvWNQZrkXKwcrCnQPQrNjfCcEa0xAHw70ii8rjbsOK0ybGgKzn
STT1X9wcAYOAjvOX5xdvXr46O4ama+HD6hyxL8tyXYC0rnkZLGEBU46vhfCTzTjIVhNcgHU3Sbos
d7dOWr6NsTG2+3zPaW3EztXiaFt832PJ1fJ+fnH46uL1vMc5MVfR1s6zrCpEl7tuc589QDz64eTi
UO8zeb4Ek3Htm6/jbucE3DpbbQ7npzstp4WiDTxKXEvEBQruo/yompFZWsL/KLdF5CaeYndwo8uw
NgZLfueLkvf5pSHPsjx+D3EIbh0t87gYzXM8xjEUwf6O+TWK7k3leX2wt1X9Ef6rOIGuF1mWdL23
19z3YcA9Qt6NPvNH70WwnD8/Flc44Kf4Jr58drwtuw6Q+HoVAnHP8yW2ErEB632k9/LrRVwuK5+8
uQN70iMFsqFwCH50gYA7wum3/0UiXA/U4PI+cgGxgHjjJMg342JTimIMZcwk5MXSz3geTqRAsvWP
eXZdLnvSaBqHUWEQD15AeXf4L2i75HGYPT+CX/+8+OHvIs+2JRU5A3JfY5Jp/QsMQ4FFrquizFan
pVgpt+rwPrzVl4A5lABPruJUM3V3Www3BIHnAZbbLfeJB8cnP8U54W+YbJr6lg45bXR4Nn92qA8i
wRpqqBifKZy/fCq2ltmIqOddERTPQ1uVvzrwPpHYwMmHca5p6vOm20M3bqsfdiH4alts1fNjYXg1
iGF3sXGHobbIJg0NZLZKF6KvR9UyDFjmnxOwFJzmx7aCVKdcaHnvNHbZt8ezsTmaP7f6IshS4cP/
b4t1Rc7zhEQBND2vh+iTbql6/z3zbzOFjcPIO/16hgZ1132Z+yXzG+YksvsydwZLzNvcUWufPX1o
sn8gewnAafhT2D7NYBpANilF+Lpnk53WgU/22Tsti1eCJy/iYmsm2SEJ3LRA7pcukaenR0dZ3q2K
VMMgkN4qAv6o8CLh1H+3FVyexrC4Shevsq6ldhqHsfXPYr5B1P29NSFk+aofXuuWPvvW0JB/yX7J
xAz/NznO+SJLozgXz45dZ1uCaCfADRbC1Py4j1H/KFbd6oAu/8R8gfPL/94H/DNw6MM0fCpE1zi7
rcMwOlDPPzC66a6lbYuRhqDndWDcP8bgoHJ5wRcDfmTbkBtjuPsgkmQzu55ti5uiJii5IRD35+U0
vYI1WbF8Gt90uOm29rcYbsWO59WvQG5bzKyImufF6VWAAKL45nO2DQD3uRB9RrDhEyvA/g7JllgZ
7IVIJJ/DzD+EWMMokZZZvunw1G//xDq/Wdz+Y5nxH/kKQu5PL7a9ru0h2sLS9oxXmPsBz8WLiw7n
/fZPJLWfRJDyq7ja2qKoIQhK7AIZXN5Htc/5japuunG92zpc1A5C+1uRZrSrGmy2xV6HJKqwgdK7
uBdzVVLG8rRfh7e2sc/aTO3bmZ/ctzv6F73ntanKorqMab8miePL4nfZzVshXnXoqIf9a3byOoRQ
ThvcA+nKSDb05WMP9+j/qGJNoqn/bqtIezE/6nCMV3+RjUqA8nmR64NPYV7wdbnsJiHVMEykxkcZ
3S+rdIHHv67S349nAlb/vY9vz3lexqIbtOqWT6TY4zjkS7b7BP5Wy0QUxd62uAprip63llg8rwX1
ue7a4CNu6fjTecl7Ybrb2uXahGLPfYcPnP4cC+7g6l18tUHPq1wcLXnZlUHddOuJ24eS8P7O1Hr6
VPu8Ip7mmYt8VdzeDNl5yumZWjHPM6D+FiJPVhXzk1Hd3nks907ODWJRuNtf97J66HuSlvHQ9LvN
nxDEmYjTVJy/2Zb2E6IHJg8YhMIgmeog+rwd2xripEdFsS+V0Oddtg0X1/YHLIDtM6kF9n8YqAyP
O5zCSjuNy62VMD01E7rOz/so+pUIixLWuEdxHlRx1+CHd/qOfyvclSLMtKmxtUVeTc/zcgUkkEDw
NNoQ2T3YvIZ8XPTYky39XYWBDb8Refm+inXD3BZbLUXkgyB88fKhpTVRpCh4nQdZLn7A+qPDbqfx
o1ucf1TobvF0f3914D5fZusfe5u7dctfpOhScJof26oyz2M8Uv0sW3XLsE7jYDd4yP7di4/fY5lR
EKYlYAIZdPF9zTLjfMWTZK5ewOhQJcG8F32DkA0f9YJI5CkszY+eb0sEDUFkGueXf7+A7RYaMrfe
LPBUXZe9uukTmwW/97OMGsf9N+agdAsuz8ssp9fxWoa6zbdOwPSZeiXE6Jf1tviBOuPdL2swWURQ
SATAWAePNLkv0KIEOsLzgwGd9VNUiUmQxU88jZOEq02IjjQGN/4iUa2Pani9rRinqD7L1uve4Y9+
+yeWZUdZEqfPIGpsSxgNwYZtCWRw+SURroHaMv/2Nt9vb5Vmw+B+dkiBfVsMS3INf2/bX/dx85+y
UshypctK2/jxTLU11454Qif0rmDm+8co2sqCWr7El3Vb+L3mW0ePbp09iqtks72DR0hNvS64lhCG
/NxzOfS8ivMoFknYOQI/ql9rLCEaTlYcX9Ob9NgFqbx7Ia4Pk5h381Db9olnkX+HtZLI2ZnIUted
TrclF0m2pooHjgGL+vMFvtgnN5FkfsN3u/0TXmx6FUbbNgzPgw2wH2OIjv9dcSjjt8W2nNjzGgCf
MGl8I53ngBv0OjhfVR86Jyg3pUgL2mMAPuWBgx0HoyvuYvvBiuNRxLYl4AlAg7Hdtmz1LsxKiOu9
VvWufttQ5Un3OuRl734UJ6XoEV6s1t3LJSSN7nUcZOlVt+GXghTSXK98eT6/15blZXPGGNWG78SH
FLTaTuugL4dXIkoEbcV0WwuSaNFvCnGHqNNyPj/rTb8pfk3wFE79izW3yuxSpFA79kRwc6O4RrgY
bzZ8lagT73j5Pl7LcOrSbsV7MNHucLi8WfWlniE8Q9NMXTdcaJgfv+yxHmbvCNqwEZrivsIysNKi
6HWUJfrb5z2eBwjgEl9NGvC5Sq7zeKD/dUkvMaGE6zPd8+XA9vCFfnq9xCAhyQOh8cKPU46PGiFt
GnRWKxFXEAB91QlJQUWyLjPVYEhhhaBoaZaaylBtxHzXztW5j5+IiNMo69lteEvlcc9KSJRmtykX
4B7oh4tK2mJN/1/gbuzlPIB6rCN89O7lWs2LM9LJ9KS7q9V1d3RlXoj2q4ggT4PI01HvnQNDs00Q
W/EOarWdA0ihBcSl+jXBnQPLmcIcuIu0Y1mO7ohpqFv2NAwiPdKi0AxCYxZyPYxE4AvNDDQHj6VV
dRKN0zC7LtiLC9a8FGONnCJOmQ5aZYSB6bPZ1GS7dWf5zhEzNH26xw6fH0/xsSF+wbAjtPeCPMlq
7GW5fpehct6cvqCnl3RxHcvvbKzWWSHyd6DlnOdq+5OHyww3KSYYOkbQR323A+sT40kUGNFs6s7c
SOOWxe3I9gODG/5U00JtNjUioYmZI2YoxzwOLicqWmpjd2w+Cbg9C3Un0gwncqxoNpv5hj51glB3
dd3XQiEM0zK5oFAIvEIYgnyEr6j7sGQYXUEBEMpXJkCSl2l2nT5Rf9HsFnlWFGICLPMixY9FXBmY
gp8IEVmO47p6aJvCBk1pgWvblq+5vg7CBFA+dw0XXQICdi4KwfNgSfyvuKy/d67I2544vh9ohs4d
EfqGsPhMcCNyeGhF3BWBGwbCiALfCXte0ryrDNg5SXI61v5WN4JcnbEOKF0nsHXddoCqH9oOd23X
mZozKzTCCMBawRTkzLW7SbeGSbZwm7ymz4Q9C0DufGbpuuMHvs9npmmImQDhumIaODp+FqNPnmJG
6+Ag0Cc2D2ZCcFfnkc9DJwws14nsQJhWIKaGOwttMYXbvE/pTiXSSeAnU2vmzCwwqunUDzjI1HYc
27AM4diBYQaGLUAyNr370SWIK+5EHY4naNoTyxXc1EzXNUUURr7pBqGpGcLQwTFtDUg7huaCfQ4o
ZUnW0gCrQPzTcDaNDGGa4dTRzcB0Q8MNDCOwpgFIUg8HaOhzPOoFaCIFKn4Scpja4pplWo4PFi4c
Q3eFH+mGHUU68OS4QeAM4SQZVhS1saAJm0+sUPM1R490PnMtbSY0Z+ZOHcFnU84j09RCHyAbvj2k
tCAs5ATTwNWNQItczbZB1aFh6pojAiPUZ67vTiMLLAyQ3qIw6qQcSWqqRzMQoxNEJigsMCxhCfB7
gwehAGlpXAc3gADYJ9UEAoizTzgPAnx9k9uaw6duGIEPBhb8mc007oNZBnbgWn7UJ5H6ZZ2bnphC
C10RTf1pYEe+ZQvwFJvrBmTwqZjZU1P3TXB80afQKfapkLKk2dw/gN96l1rmJdLRzHVsMBoRaObU
MqZTjAamb07B46DRFnYoZq4xu4sKvpFdVzRPXMPgU8sCnw+mAWDg3Mb/c0xDB9XrIrBmpsPFQL7y
3dk64z/ROPg6hOaZoweW7nI9mloC3MuC0GLaGIBtVxgu8gQlcSE26AZtRYenUownAfxvZgkB0jUc
KI98cCRL821ds6dCOKHp+9NpoPGWSFXFoZKrCcnC9f1Z5Num40xdPQpn5gzkallh4FvhFEYHkQFa
x+HLalVwXo+/Hd2LzSrK0g1oMNlAgZGM6mL6CqCiVZoaRA3dMQLX0bmvz+wQnMa0Ql+LwLinruM6
GhrXXbQgZdDnoWpa9syf6QZ4nAhD350FkNi4A6HJNALHAmOYOa4RGsL9EC29SysUls+N0ELpRa4f
akJ3fYODz0EgNm2ILpA5nEguVlbZe1giTSC0ibysTzODy7lTC1AEM0cDW7W4YxlgBEIDHYc6pC9g
EizYsHtE1uBxI4zdanEOAck13WgmQvDZAEzC990Ak64d+JodOhBvXcvVZkCG1kqNbY03VK4+YLjU
ZgEeoV1UOb3fzbDYY1GWs1515aUP2MUSMikrRImvhBWM54KVS8GyVBTwg5cskJ+P8gWL0yCpIHjg
J6PkG8ZjSGiQeenBJ9A6z1YwMkICQ5r42al9lsGdvECSjD5ZxDZZlStaLI7YClYhsN7HGaC4we+P
JRskDCv3htwESl1eJWXBrrP0u5Jh7uc5g0VsBsErxgy2QYT4KSbJ9/VS4LedFjkPgcDYS720Jnbg
pYw9eLMUCIyVGcyCX8lKEvW6dkGFX5HID2NlNVQZ/BnIMxElyQu3CgPBZG7BlhVSBokHYpRwLI4X
4oBRfYo3imVVQrWYjtTH3g6Yt6MKR6/SdF2H/2rCZJdLr9JFGMVNM1y56YIl+Ivr8X95O8TCYZJk
1yyJC2Sr/vITu4o5++9K5Bvs8yv+qHdPDhgu4WnoCS3q1RgGDDAsLBmoFqSH1PwNUzLH/nIPYNTc
7nD14A24FpgOKICHIYMaTeoJ5Y/v8bOV4PiZA6xVGWjHFwgapCh+rXiC8l3EV9AXio9KsF01KZTS
e0hdzihGuVjDUngE+sEX8g/gNs39olr5ID4wv8NikwYXvLhk+K0FMLgxdXhdgA7RB2pOsdsyz9Ks
AjVD92Kf0Z4VU99CA8fZZ1h+5/K7HiQbcFxsW1Wp+naCJH5OdgA8gTnm2U0MpihADMASmXjagEPZ
KkCnERo19kHj3Wdx+R2Ir8xpWChwL4tsazCY7QIPFTiYQWIhNkaK0wMiNTRqTsaRV2mK6gxxQZmt
SQm0ginG7Fhcqd9sFS+W4PV48ne/66XKcFAieV6tS9kqBYaCWQE2xRcpF7yXViWh9Bx+lcUhwL4b
AdoI2hwsDWKwrnHH0KDzSHZqLM1LVwKm20jv/THJfLAe3H9ish38YBXTl+1WYsF92rxn51LUGgk3
LuhdWBx+gVq7jknyZFHg3dcjSag2soI4xFcS4AejT3MhmSgXop5SGjloq0J/ZosMFJWhP6NV4EQL
gjkiaAdMQy5gdorVsnT7y3OAG3ofw7/kefh1+IsyWxMEFWcbSIpcwSB8rDHthg0gnLVGpWuGpYBR
EHhDXqHwFd9tASH5BUHCiMGCCrJUClmKiRsRVBR8MwlZeiRmtaa3uAmECIuWIxm4Xl6cHLCLZ6fn
7Oz0+ekFO5zPz05Pztn85BV78/LVP05e7TPoxC5eQq8T9ubZy7MTNn/18ujk/Hw8DAE9eRj2VIlj
LvI4o8yNgbhABoOloJBM0miCrQ6yh9ohpNhCXUb4WUgZZonUUZYCnxCgwZqQ3w8ZmzSy6yWmYJAJ
hiDZjShLIhB620AuMxLN8RJzCBYENGB8uzfagtqNBrWtRYB1g5QswpV6lWMbHsC8xLpoWTU1xWux
dzckxbmpOF/w3AfPGLUlOAWgu6VLroZw1CimRkHsXvG0oiqliwQquApscG+/zglDI6zNUKbXCNYq
peR31brgmL2UMV8aPJQZWZWEDZYYksh1ylr8hSS8JvjA6FTTFK8w21MKFreSJJmOpNDwFuXZqk62
crTqMeqaZlfDyI3S5C3bYHeYVM86zuvKElWWZ/RFk9qQw2q1lmWYrPWYujHCG7W+jrGTGkDYCWbN
AVxBmgdn53cIGJI2JD6Y4QqMrCgqgYGhXILWFnVZikELZ2tR7deKlDWCqj7HEg12/aCcVvxmRNu3
RY39iK+xNV5VK8ixkF5zJE7fx0VFMvnJRImilSv6ixIlecxtG4OqfK0Q0YQjLJcrSLpWo7HjTN4a
2jTWRhj1JH3ZuXYhSUt17HJGlcOItocb3o4BCtUqUD6i9ACdLDAklTV9q4zJMZLDljsYpuQp+aln
xs5ttYsCTHC9oOh+nNTH7NBL1ce8DlSKgNJsmSWyxPTxOBhV4gQZqiYwIZVkKLbJJZK6K1OLL5pi
U6a3B10t1bcwrOabEonvs5HeUSApjyYelTUYlQIoard1LD1SwBIylJzjoocKfRwMjQrWmD2DWlDg
V3exuGNH89f7DM9lQ8c0vI5DMHuqFWT0bOiPiP4Bm9Zld1uRFySdTt8xOwwhUC15Ek1gzSmXCaEA
G1ZTwaQM9w/RwDqO2Ka9DrHuUuTkBqMalpg8GTME8Xqezutiu10p4loCQeGTfhxYrdP1SF0PVjfP
ldcV8XvR6BPL8lqNBSY8VTJB2S7No5NaLdeQg/bGbK7GJDxf0ACulqzKFmjGKOcLZAF0AmIr1glV
LLgOxeNl6Ow8Rz3JLyDKhTV+4UsUJXt+8ZqQFsASsu1XJcOFPKmynU4uLsZ1rFmV1QhHHRDa7vpQ
pPTciXw9Ys/rc0INm7BQjqI4GDPKUkuORQCLVyCbEnUH2qB/4QrC1D5hAaVdEWj8AjNGXQrEkKI5
hfNCqlSWEtC3VDaKnAi5kaBCnVpNHb+kIun49PzwB6iPqJ6qUrIhDNgVRkp6ZCqLhBiNUX3zPOyu
N1o+W18PhV8tDupF22P80jRoQpasSwhXdJ+ptXwhdx/Qm9Mik8lbeYSOxCRqSe1omWUF7VDUazVR
r8YpiuP2Miv4VZ0t4CcegMB7tPXcWcYDMHoqL4s2tXnzSxanckOAJPUde+tnN+j5OTs9ZrtvX58e
74Hewe0BA/S/BrWhYvAYPzgHruHyUMlHlh/gDVmrO/xy+Nsfzmr6an3XafmOJsPnaVQ4kHpVKUK8
ZfVWkkqjN4BvhAcSHmVRRNPCvTjajG6qOGwVQvIc9XdxLmgbRrqa/MfUpAwo0iu/qgq1HSS/rUse
r8aM5JgDph644jQyhajwqGbBHMjTRbNGSXFYMkzF+3Wvq1hcj5oEfdfOmRTu4SqrMHpEMtepYAIi
q0WLuR2jI22FgPrxNyVnGPyKUnVnMDGeCrn09oUk5osIfZ+++UautKztjEyLvl7fS/qSfZyoYR9i
IONDqOqLkjCbgHx6F0rtbpg8B0r4VXpl7gC2Hox/GzTmYIfHx/d60c+KOJQ5A/nhoFMwuKLyu1JY
YBKFHiKUqZMumtRGW03KOHgQiIQ+gi/XLlTKPkjiS5gC18kUiRIOrC/oA1IyjsEUnC0ltU6QA+8v
SpmSCewIpVFDG7WikaydHhcdvjBMo+YlNSYfsDZsqi2nusyhMT0lAb0RM9gDgInHXRtFtttajS7H
t5Wpgtc1j2k1C8kElnrSitbZukpqt1EXmO+pj0obpoET0jIIuaSZMONi5IKSQC0wsEVt5B2oUgf3
HWlxLZtlpaAsC79Y2ETosA166Jkj/MjuoKkJDP1mdfKgk9MhHozk2aqm5xL0diChjNer1XocZ4QY
Qt1mhYtDcOUS91mDooWOaUrdZ+19YoHCHF8scrFQW4pq/1Fus+AH+y+H/BE+iDX0rxTkmJPaxQOF
r2shVyCc/skHnLEg4C0D1DbuPB2APN1IvlrjGSapnFtCBYXK+8qYoBLCEwaUyzr55gg38UV3L28f
ksN6ycEtBEb2HDHUdSlkjEjksPYYYVxMMRnKu3XukpmD9/YG1amPTrKtoAaH2oZiax3CFEHSsrxf
z3FLq5KvrlrLeNVmEJWNkSj2R6vHhIFaxDCOE9KmpxpUb3CP2wnUne4MteQ+nu9VMpGalB7Q2UtS
NIB8qeRZ7xotVaMMcXmzklDRATfhYbEWUhkURw0hfJhe5fLRDEabeitFRl6gp6JTnW85ni5U6zQo
rTkellJXWAABRqWrg1pp8h7YKO7pHbB/U+UCRes+bfL9jERlYm6Sd/eREbGBlXROAR63UepPWNL+
yF15lOIzLR8LWjHQ8hvf9l4nQhUBXfhyXmqXhv6gEOgGlmbJy2ZG4EmeJn6HiOQL6dQD1x0Ct9m+
V+c49m33hl4E2zdvwjgv9ykCf6/KPvngpbuDIT0asx7IWW0w8kqZYEL/agmTny2u8joI18u2vHlk
QxEG6EBuCujZWVELbVQ/7gF7kDX+g6cUWmgq6t8jQkWyannXaRlRsdmpAjO5EBA3EOgKteINLumN
L1rdQaTzY1itbGRVR/2QX/qXfBKZNqTfSC6JPpRJeROb8aHtUMP4dHPe6vuIHnHSMz4PSpgHT/OY
HYuAGRYzjAPTPrA19ub0B2Zoho4d6udwjwSEW7heZWX4SKozx0eC9K1o9LxHuqtDHus3Xk2p2cRm
tVSI19AIpg4t18u4FCN8/oaFK1GH1ZSq3R7ZGrYsOO4lhOIRXclng02bGoW7t/iUp75eX63VDGGM
yyuw580jgtaYZ5PtHhGTVBljwf3oJ7TZhWhb0cA7nfDR/KPjk6eHr88uOlzRc0I1KWULdF113atm
HznY1KnYqcvOb/8fCum6xw==
===END CRASH DUMP===
