PocketMine-MP Crash Dump Thu Feb 24 12:21:53 WIB 2022

Error: Call to undefined method pocketmine\world\Position::getLevel()
File: plugins/MinePos/src/hachkingtohach1/MinePos/math/Math
Line: 23
Type: Error

THIS CRASH WAS CAUSED BY A PLUGIN
BAD PLUGIN: MinePos

Code:
[14] 	{
[15]         return new Position((float)explode('_', $str)[0], (float)explode('_', $str)[1], (float)explode('_', $str)[2], Server::getInstance()->getWorldManager()->getWorldByName(explode('_', $str)[3]));
[16] 	}
[17] 
[18]     /**
[19] 	 * use to convert pos x, y, z to x_y_z_nameworld 
[20]      */
[21]     public static function mathPostion(Position $pos): String 
[22] 	{
[23]         return (int)$pos->x .'_'.(int)$pos->y.'_'.(int)$pos->z.'_'.$pos->getLevel()->getName();
[24] 	}
[25] }

Backtrace:
#0 plugins/MinePos/src/hachkingtohach1/MinePos/event/EventListener(41): hachkingtohach1\MinePos\math\Math::mathPostion(object pocketmine\world\Position#148299)
#1 pmsrc/src/event/RegisteredListener(75): hachkingtohach1\MinePos\event\EventListener->onBlockBreak(object pocketmine\event\block\BlockBreakEvent#150107)
#2 pmsrc/src/event/Event(62): pocketmine\event\RegisteredListener->callEvent(object pocketmine\event\block\BlockBreakEvent#150107)
#3 pmsrc/src/world/World(1750): pocketmine\event\Event->call()
#4 pmsrc/src/player/Player(1626): pocketmine\world\World->useBreakOn(object pocketmine\math\Vector3#150106, object pocketmine\item\ItemBlock#149646, object pocketmine\player\Player#112023, true)
#5 pmsrc/src/network/mcpe/handler/InGamePacketHandler(444): pocketmine\player\Player->breakBlock(object pocketmine\math\Vector3#149961)
#6 pmsrc/src/network/mcpe/handler/InGamePacketHandler(237): pocketmine\network\mcpe\handler\InGamePacketHandler->handleUseItemTransaction(object pocketmine\network\mcpe\protocol\types\inventory\UseItemTransactionData#150073)
#7 pmsrc/vendor/pocketmine/bedrock-protocol/src/PlayerAuthInputPacket(238): pocketmine\network\mcpe\handler\InGamePacketHandler->handlePlayerAuthInput(object pocketmine\network\mcpe\protocol\PlayerAuthInputPacket#150072)
#8 pmsrc/src/network/mcpe/NetworkSession(397): pocketmine\network\mcpe\protocol\PlayerAuthInputPacket->handle(object CLADevs\VanillaX\network\InGamePacketHandlerX#137253)
#9 pmsrc/src/network/mcpe/NetworkSession(360): pocketmine\network\mcpe\NetworkSession->handleDataPacket(object pocketmine\network\mcpe\protocol\PlayerAuthInputPacket#150072, string[110] ..(.OB.[..#..Cr=.B...C.........[............!Z9:......_9.....G........Cr=.B...C.)
#10 pmsrc/src/network/mcpe/raklib/RakLibInterface(192): pocketmine\network\mcpe\NetworkSession->handleEncoded(string[98] c.aR.TQ..........C.y..5..;-..rH..T."..N'..:3@.H....022.eR......`..5....L.S..~..h)
#11 pmsrc/vendor/pocketmine/raklib-ipc/src/RakLibToUserThreadMessageReceiver(42): pocketmine\network\mcpe\raklib\RakLibInterface->onPacketReceive(integer 0, string[107] .r.....p.<........)A....w.!..p...Y.fP..;...../....?....5_[.u.R...Ze...Z.50S....,)
#12 pmsrc/src/network/mcpe/raklib/RakLibInterface(122): raklib\server\ipc\RakLibToUserThreadMessageReceiver->handle(object pocketmine\network\mcpe\raklib\RakLibInterface#29005)
#13 pmsrc/vendor/pocketmine/snooze/src/SleeperHandler(123): pocketmine\network\mcpe\raklib\RakLibInterface->pocketmine\network\mcpe\raklib\{closure}()
#14 pmsrc/vendor/pocketmine/snooze/src/SleeperHandler(82): pocketmine\snooze\SleeperHandler->processNotifications()
#15 pmsrc/src/Server(1660): pocketmine\snooze\SleeperHandler->sleepUntil(double 1645680113.3659)
#16 pmsrc/src/Server(1046): pocketmine\Server->tickProcessor()
#17 pmsrc/src/PocketMine(304): pocketmine\Server->__construct(object BaseClassLoader#2, object pocketmine\utils\MainLogger#3, string[36] C:\Users\tranthien\Desktop\FoxCraft\, string[44] C:\Users\tranthien\Desktop\FoxCraft\plugins\)
#18 pmsrc/src/PocketMine(327): pocketmine\server()
#19 pmsrc(11): require(string[80] phar://C:/Users/tranthien/Desktop/FoxCraft/PocketMine-MP.phar/src/PocketMine.php)

PocketMine-MP version: 4.2.1 [Protocol 486]
Git commit: 6d6551253173a498128c750c38e719f19880ad49
uname -a: Windows NT tranthien4-8sin 10.0 build 17763 (Windows Server 2016) AMD64
PHP Version: 8.0.13
Zend version: 4.0.13
OS: WINNT, win
Composer libraries: 
- adhocore/json-comment 1.1.2@fc2f76979f0a44a5f5bc2a2b600d0762fe0e78e7
- brick/math 0.9.3@ca57d18f028f84f777b2168cd1911b0dee2343ae
- daverandom/callback-validator unknown@unknown
- fgrosse/phpasn1 v2.4.0@eef488991d53e58e60c9554b09b1201ca5ba9296
- netresearch/jsonmapper v4.0.0@8bbc021a8edb2e4a7ea2f8ad4fa9ec9dce2fcb8d
- pocketmine/bedrock-data 1.6.0+bedrock-1.18.10@e98c511584a7bd58a95986374d2df4b04c6a2ba0
- pocketmine/bedrock-protocol 8.0.0+bedrock-1.18.10@017e57c8f8a74118bcbba7332e7ebac9e6c81693
- pocketmine/binaryutils 0.2.4@5ac7eea91afbad8dc498f5ce34ce6297d5e6ea9a
- pocketmine/callback-validator 1.0.3@64787469766bcaa7e5885242e85c23c25e8c55a2
- pocketmine/classloader 0.2.0@49ea303993efdfb39cd302e2156d50aa78209e78
- pocketmine/color 0.2.0@09be6ea6d76f2e33d6813c39d29c22c46c17e1d2
- pocketmine/errorhandler 0.6.0@dae214a04348b911e8219ebf125ff1c5589cc878
- pocketmine/locale-data 2.4.3@4d0b081f1a79407e087968ea76aaf330db6ea2b5
- pocketmine/log 0.4.0@e6c912c0f9055c81d23108ec2d179b96f404c043
- pocketmine/log-pthreads 0.4.0@61f709e8cf36bcc24e4efe02acded680a1ce23cd
- pocketmine/math 0.4.2@aacc3759a508a69dfa5bc4dfa770ab733c5c94bf
- pocketmine/nbt 0.3.2@3e0d9ef6b6c5fb45e3745a121296e75631b3eefe
- pocketmine/pocketmine-mp 4.2.1@6d6551253173a498128c750c38e719f19880ad49
- pocketmine/raklib 0.14.3@4798576fec0364266dce23b368a7fec5e5de7927
- pocketmine/raklib-ipc 0.1.1@922a6444b0c6c7daaa5aa5a832107e1ec4738aed
- pocketmine/snooze 0.3.1@0ac8fc2a781c419a1f64ebca4d5835028f59e29b
- ramsey/collection 1.2.2@cccc74ee5e328031b15640b51056ee8d3bb66c0a
- ramsey/uuid 4.2.3@fc9bb7fb5388691fd7373cd44dcb4d63bbcf24df
- rhumsaa/uuid unknown@unknown
- symfony/polyfill-ctype v1.24.0@30885182c981ab175d4d034db0f6f469898070ab
- symfony/polyfill-php80 v1.24.0@57b712b08eddb97c762a8caa32c84e037892d2e9
- symfony/polyfill-php81 v1.24.0@5de4ba2d41b15f9bd0e19b2ab9674135813ec98f
- webmozart/assert 1.10.0@6964c76c7804814a842473e0c8fd15bab0f18e25
- webmozart/path-util 2.3.0@d939f7edc24c9a1bb9c0dee5cb05d8e859490725

Loaded plugins:
Alerts 1.0.0 by hachkingtohach1 for API(s) 4.0.0
AlwaysSpawn 2.2.5 by Philip Shilling for API(s) 4.0.0
AuctionHouse 2.0.0-BETA1 by Shock95x for API(s) 4.0.0
BlockGenerator 0.1.0_beta by BlockHorizons, Chris-Prime for API(s) 4.0.0, 3.0.0
BuilderTools 1.3.0-beta2 by CzechPMDevs, VixikHD for API(s) 4.0.0
CraftingTable 1.0.0 by hachkingtohach1 for API(s) 4.0.0
CropGrowth 2.0.1 by NhanAZ, kaidoMC, YTBJero for API(s) 4.0.0
CustomItemLoader 2.3.1 by alvin0319 for API(s) 4.0.0
DEVirion 1.2.5-ALPHA12 by poggit, SOFe for API(s) 4.0.0
DevTools 1.15.0 by PocketMine Team for API(s) 4.0.0
Dungeon 1.0.3 by hachkingtohach1 for API(s) 4.0.0
EconomyAPI 5.7.3-PM4 by onebone for API(s) 4.0.0
EconomyJob 2.0.6 by onebone for API(s) 4.0.0
EnchantedUI 1.0 by ItsRealNise for API(s) 4.0.0
FCCore 1.10.1 by hachkingtohach1 for API(s) 4.0.0
FishingRod 1.0.1 by hachkingtohach1 for API(s) 4.0.0
FormAPI 1.4.0 by jojoe77777/DragonfireHD98 for API(s) 4.0.0
Gems 5.7.3-PM4 by onebone for API(s) 4.0.0
HealAndFeed 2.1.0 by Kylan1940 for API(s) 4.0.0
HealthTag 2.1.2 by Shelly7w7 for API(s) 4.0.0
InvCrashFix 0.0.1 by Muqsit for API(s) 4.0.0
InvSee 2.0.1 by BlockHorizons for API(s) 4.0.0
KeepInventory 1.0.0 by NhanAZ, KhoaGamingVN for API(s) 4.0.0
LaunchableTNT 1.0.1 by Vecnavium for API(s) 4.0.0
MaxEnchants 1.2.4 by Xenophilicy for API(s) 4.0.0
MinePos 1.3.5 by hachkingtohach1 for API(s) 4.0.0
MultiWorld 1.7.0-beta3 by CzechPMDevs, VixikCZ, fuyutsuki, kaliiks for API(s) 4.0.0
MyItem 1.7 by hachkingtohach1 for API(s) 4.0.0
NPC 1.0.0 by hachkingtohach1 for API(s) 4.0.0
Napthe 0.0.2 by hachkingtohach1,tungstenvn for API(s) 4.0.0
OreGen 2.0.0 by Xenophilicy for API(s) 4.0.0
Parties 2.0.1 by Didah (@Diduhless) for API(s) 4.0.0
PlayerStats 3.1.9_BETA by hachkingtohach1 for API(s) 4.0.0
PureChat 2.0.0 by Vecnavium, 64FF00 for API(s) 4.0.0
PureEntities 2.0.0 by LeinneSW for API(s) 4.0.0
PurePerms 1.4.5 by Vecnavium , 64FF00 & ProjectInfinity for API(s) 4.0.0
RedstoneCircuit 3.0.1 by tedo0627 for API(s) 4.0.0
Rewards 5.0 by Wertzui123 for API(s) 4.0.0
ScoreBoard 1.0 by hachkingtohach1 for API(s) 4.0.0
ShopGUI 1.0.0 by hachkingtohach1 for API(s) 4.0.0
SizeUI 1.0 by fernanACM for API(s) 4.0.0
SkyBlocksPM 1.0.1 by Vecnavium for API(s) 4.0.0
Spyglass 1.0.1 by ItsRealNise for API(s) 4.0.0
StackStorage 1.3.0 by Ree-jp for API(s) 4.0.0
VanillaEnchant 1.0.0 by hachkingtohach1 for API(s) 4.0.0
VanillaHopper 2.0.1 by ColinHDev for API(s) 4.0.0
VanillaX 3.0.0 by CLADevs for API(s) 4.0.0
VoteReward 1.1.0 by  for API(s) 4.0.0
WorldProtect 2.3.11 by aliuly for API(s) 4.0.0
_NewAlias 1.4.0 by Javier Leon9966 for API(s) 4.0.0
libEasyUI 1.0.2 by GiantQuartz for API(s) 4.0.0

----------------------REPORT THE DATA BELOW THIS LINE-----------------------

===BEGIN CRASH DUMP===
eNrtfQt3m0jW4F+pcb6z7cxamLdAs8nGsZ3EM3GiiZ1Ovm718RZQSLQRqHnYVub0/va991aBADuJ
k2im+5xNnxkLLsWt+34UBfnXTpwXS15dXImiTPJsZ2Lv7VTJUuxMDNd2XE83DEuz3LFtm3s79Upe
slzNMB3DNDzL8HzLh0spL6vjosiLncm/dqr1CkbtyPO9naUoSz5HyCFPU1blrM4iESeZiNhSVIs8
Yqs8vBTVEkCz2XVepNFsNs3LpAKSJpO5qF6KK5HuPgRkcZ2mz5KUsE1ms7clED6bVQXPqkUistns
SJSXVb6azZ7lN4cFj6vZbJXW8ySDYacwAeCdzcoinM0WPFxcJtm8yvHI6FwGiSzgFP5qq8UKZ5Uz
KkT7auA+oNkfYGmvIY59RAG3pwDbmZgWyLbgIRz+vPNAZ1+CDfjPqv1j/PsyKSuRiWLXNh5O2H2Y
mEzwGIAoz908+FWE1adE/sCwPdP3UdwPDLZaImH4f0nEGzFHCgoRtZSMnU9SQvfNZj3qR4/z7GkK
NDwtBL+8iyh1V4CDZrPNWELzwHB0Qx8TieYtEmnIrmsCVXdgvM3A6HEIlinv+hZKrA4lJNP9d/h3
1xg7+t20EAo5PZn3A7uDYpXytSj2p/Sza7imO0Ci9EaTjB7XpSCyXt+pY2kOPwI4LyxJtLvH7hiY
VGI5m53AX+IUjMF37buHSgLBcOj3gWGYOhg5q4paEDNOh5lMVEDu5f4yXAkw8yxKgbWT7DlfiilH
lC8kbNe27QGb/WlGjwPkkoi7B6O277sGUeN+DTWmNR5Qo26FieBejCI0ECR2++7RY3kVohTK8xyi
VMnDj3nhAPGqyKs8zFOIbhBPwY2SDI0lL9YU9gYIj3jFUav62CJmx4pZuCXKi/3NPPuBiAo4GzX4
SR5StAd1tTjJVnUluQDmvW9nfoD6izi/kyzJpklseh/T6St5cga5B8Vt+Z9R42fmbJhpqD98eXAk
rkApP/IsSVP+voPwDlm8f2BYY9ORqvHvS7Orf5rm/viGRLQEpb9tiXqPlVUBof1nw9B/YZq2q71+
qv2saQ807bB4pD3V4Fdr/vtZ6/z3l5/8iTy68OnneXNlc6PMM/rHpFLwyzQJ9t/wy5dJcJJB4I4h
h+4avvk10jnOwjwS0a5iyPd+YaHG32jn/9wQfaitNc3RtL+NNK14oWnn2mxH0179oGkT64n2Aofo
pqmJN3L4/6HBmvZSO9O0/6tpC8mQ8VEPlByNkpXkVnJ2nmMtc76A2BadyorpjQhFcoUh8TOsSoSQ
2foywhwr9agw7SZwaS4Kpm80qo9BowUxstL+VyOChwf491r7C0I17b+1eAryoEv7+Od/4x/n4met
1lAKPwn8ozn6GcL3pADML9WoiWw2vIAwrjCygJQaxj4hoqF/frmwHpi+rjuScuujqiuzPP8giKWz
VIiVKJpEYZjWVyrpHvf8K0zzsi7E77JIMOyvINAbGpEcOpv1xwE9kB5Auq/yKomTkGN2KdW83YR+
RgqCsuRWmPoY4hLP32ZVku5GeR2kgvWaDEdVnO4dk+j2sPaRV0aPqyS8nEqK80KROe5gmNI9WIvu
Wrr9ESQXFyEwCXVL2AbNp7wUh9DWlC9zHkFxY95ZAdXADDYWPMle5nNwrQdW61qW+wu7d4/S3mXb
X3BX29lIvr2P8G0Ok590LiUtlY92DewnCvFbnRSiiY8exPvVgheT/f3DyT7RtN+StK8o2m8I6kw6
Op1qeOOAFuynHu788vvejviPdIvb6duAXIniAmqwPL0SSyjEAG8EkgqrneYqQBQWAGGaQfYMG8Cz
6l8AMhw4ZOq/QlR1kbFMXLOG+N3dOM159VDcrFK4e/eHix/22H+BJh7+rP+yxz5+1fjkVROuSkMn
6ZyAofMM4u3D0WM4pebhlGcg86ILerp+BVXM7h34rF8ePvwbsuMSZ7/j4RgO8ddTHO7/9a946tMI
9lcGvQmqErwMyEAXKtnNHlvvsQ8IvrlYX3y4yGA+UieDW029kdVf9/HUUKcriBtJCM4CcSlkcZ1R
9cu6DW4jTvZfMA2Y9BmZMiE1W12Y1m1dYHp8iDeNHt8wDTjWOpD1EPCBAPJ4Y3R0TJIjGZl2KyMT
tf/7zu/fFwG+LwJ8XwT4vgjwfRHg+yLA90WA74sA3xcBvi8CfF8E+L4I8P/dIkDTNpfYJh+AcVR0
hG0gdEoKsLfTPpreMTRd0wHCIT/lRYkd1KDfQKR8leAVmwbDucg4WFm0M8GKdG8nAmvMIrwZrpV5
XB11AUtObfytNkZS0/zi0gAYBAycvj47f/f6zcsjAF2LAFonpH1RVasSpHXNq3BRLpJKuxYiSNda
mC/3sQM8SK/5ujxb8eusx/IG2uXb1EzN6fM9XSRpsmJn8JMCndvie0VoS4V1NuNEUYkUzWbSBza8
n50fvDl/O+1xTszVVIy+yKEX6XLXBffZA4pHT4/PD4w+k2cLMBnfufk27naOwa3z5fpgerKz4bRU
uIFHSdcC6QIF96n8pJqRWepAnmP/yCu5nqXYHVzoMqxrYMkXgah4n1+65UVeJB8gDsGlw0WRlKNp
gZsuhiLY27G+RdG9qVQ72xJ7W9Wf4L9OUhh6nudp13t74L4PA90j5N3sM3/4QYSL6SkW1HDhx+Qm
uXxxtC27DhH5ahlRtR5I2iqkDVjvU3ovv54n1aIOyJs7ZO/3UIFsKByCH50jwR3h9OF/kgjXI2pw
eh+5gFhAvEkaFmutXFei1KCM2Y94uQhyXkT7UiD56nmRX1eLnjRa4DAqDOLBKyjvDn4C2CVPovz0
EI7++/zp30WRb0sqcgbkvqFJpvWvMAxFLHJdl1W+xFZduVWH9+GlvgSsoQR4epVkumX422K4RQg8
D2i5DblPPDg6/jEpiP6WyRbUt3TIaaODl9MXB8YgEqyghkpwVf3s9TOxtcxGSGezKyJlNkNblUcd
8j6T2MDJh3GuBfV5M5yhG2+qH3Yu+HJbbDXzY2F4NYhhd7Fxh6FuKNtvcSCzdTYXfT0qyDBgWX9M
wFLktAfbClKdcmHDewfYZd/Rxpo1mp7afRHkmQjg/9tiXaGbzYSkAnDOZj2KPuuWavTf8+A2Uwgc
Rl732xka1F33Ze7XPGiZk5R9nrkshGBbiehtT2Ud6MBk+8ydVOUbwdNXSbk1jXVQAjMbQu6XTZCn
Z4eHedEtGhRgEGdu5cj/lPdJcprfbfneswR6j2z+Jo+6nG+Aw9DzRzHfUtQ93poQ8mLZjz4NpM++
PTTkX/NfczHG//aPCj7Psxia+BdHvrctQWwmwPUHoqk9uI9RPxfLbvKk0z8wnOL88u99iH8BDn2Q
Rc+E6BpnF9oPorfizD/WKc8M39a3xUiLcDbrkHH/GIM3VYtzPh/wI2FDbsxhcy7SdD2+Hm+Lm7JB
KLkhIu7Py0l2BS1LuXiW3HS46UL7Hfit2HFa/wbotsXMkrDR47oQCYiTmy/pqoHuMyH6jCDgMw1S
fwFhS6wMlgokJV/CzD+EWJ00jy07PPXhn2mD297vH4ucP+dLCLk/vtp229ejaAud30teY+4Hes5f
nXc478M/k9R+FGHGr5J6az1DixCU2CVkcHof1Z7yG1XddON6Fzrs+Qah/b3Iclp0DNfbYq+DElXY
ktI7uRdzai9Xh7F2d1d/Qcv5Y8qQdm/Nhq5vW5Y+rdMqoY0kXaY3wD7fY7WQZ312Ie/wJ3pza11X
ZX2Z0AJOmiSX5b9leW+J9KpNMT3av2Vpr4MI5bTGRZGujCRgIJ8/yCqIluZ3W0Xpq+lhh188+5Os
WwIpXxapP2r9r/iqWnSTrgIMCwfzk4zuVXU2xx1lV9m/j2cirPm9Tyx7XYjnoruYowC3nsP8Z8Oz
pKL5vQ8jU15UiegG5QbymdroKIn4gu0+gd96kYqyfLgtjqIG42y2krTMZhuivjTqtPQRt7Qf56zi
vfzahXa5tqBK9y/wQdof44odunon3+yZ07oQhwtedWXQgD5jwZvqaW/HtZ8907+s+6J5pqJYlrfX
sHaeyV135bTIAft7CKF5XU6PRw2887jxQs4NYlF0b47uZfUw9jirkqHpd8GfEcRLkWSZOHu3Le2n
hA9MHmgQigbJVIeiL1uJbkjc72FR7Esl9HmXsOGqiPMRC2B7TGqB/Q8GKsNtHCdZnGRJtbXg1lMz
Udc5vI+i34iorPJMHCZFWCddgx9e6Tv+rXBXiSjXXXNr3XmDbzYrFCGhJAS3Ug8puweb11BYlD32
JKS/HDSw4XeiqD7UiWFa22JrgxH5IBK+uu/b4NpXqCh4nYV5IZ5iIdVhtwP85Nr0fyp0b+jpHn9z
4D5b5KvnvVX5BvInqR4VOe3Btsrls+SD6PMtAZ9UdiyKjGcHh6fbYrdFCPzR/PL3K2x7Qxoyd7mm
RaFyetrlsAP9A5c0OmT0Tu4Tls5W6znu9uty1YA+w9K/+yFSQ8f9V0Sh9Aovz6q8oLfpNgx1wbd2
5vSZeiPE6NfVtviBOuHi19VsViIFpaQAGOvQM5Wv0X25eUpCR7ivMaQ9iAorMQmyUBv01epPRxqD
C3+SqNSnani+rRilsL7IV6veppQ+/DNt1WGeJtmLI3G1LWG0CFu2JSGD069Zz2lJ3TD//jbf72+V
VgMrUK99bI3h22+RdCj5rJv/mFdClhtdVjbAwQPjATNbc+2Yp7Rz8Apmvn+MohU1qMUrfI12Q34P
fGtL1K09UUmdrre3IQqxqbfqVpKEIT/3bGdO66SIE5FGna35o+Z9zwqi4f6S4yuI+z12QSoXr8T1
QZrwbh7awD7zEPjvkAdFwV6KPPN9192WXCTaBituhAZa1M9X+GIf3b5E8zu+cR0c83LdK502sGF4
HqzEPU8gOv6z5lCGb4ttOfFs1hLwGZPGN8V5AXSDXgf7vprN8ETKTSWyktYIgE+502PHw+iKi+lB
iK8vdiEhT4E0uLcLy5cXUV5BXO9B1ev0G0BdpN3ziFe963GSVqKHeL5cdU8XkDS65wm+xN0F/FqS
QtrzZSDfG+jB8qJq9z6j2vAd9IiC1mbQKuzL4Y2IU0FLKV1oSRIt+6AIi8kO5Gz6sjf9uvwtzXAy
dcTaS1V+KTIoinsiuLlRXCO5GG/WfJmqnfh4+iFZyXDq02rDBzDR7u1werPsSz1H8kxdtwzD9AEw
PXrdYz3KL4i0IRBASV9hOVhpWfYGniXLVSren/Z4HlAAp/jK1IDPZXpdJAP9ryp6uQol3Ow1ny4G
treos0t67cUkIcmNqsk8SDKOz3ghbZq0hyzFt+KjQA1CVFCRrKpcAUwprAgULc1SVxlqEzEvNnN1
ruOHHZIsznt2G91SedKzEhKl1QUVAtwD/XBeS1ts8P8E7sZeT0OoxzrCR+9erNS8OCPtmE+7q1Jd
d0dX5qXYfFwR5Cnth7ag70xM3bFBbOUF1Go7E0ihJcSl5m3MnYntuTAHrgLtuJHrOIbpWMbY4rbv
GaYXjh09tDwxNvzY8D1P55GNllU3STTJovy6ZK/OWfuyjj3yyiRjBmiVEQ3MGI9di+02g+W7UMzU
DfchOzg9cvF5LX4DsSO0D4I8yW7tZbG6wMekO+9OXtFjYzq5powJQWqVl6K4AC0XvFDLlzxa5LjI
sI+hYwRj1Pc0sD4xn8ShGY9df+zHOrdt7sROEJrcDFxdj/Sxa8ZCF2PgG+VYJOHlvoqWuuZr1pOQ
O+PI8GLd9GLPjsfjcWAarhdGhm8YgR4JYVq2xQWFQuAVwhDkI3z3PoCWYXQFBUAkX+UASV5m+XX2
RP2i2c2LvCzFPrDMywy/SXFlYgp+IkRse57vG5FjCccTrh76jmMHuh8YIEwgKuC+6aNLQMAuRCl4
ES6I/yWX9ffOFXnbEy8IQt00uCeiwBQ2Hwtuxh4oN+a+CP0oFGYcBl7U85L2hW6gnZMkXU3/nw0Q
5OppBlDpe6FjGI4HWIPI8bjv+J5rje3IjGIg1g5dkDPX70a9MUyyhdvodWMsnHEIcudj2zC8IAwC
PrYsU4wFCNcXbugZrm8N0FPM2Dg4CPSJw8OxENw3eBzwyItCMPnYCYVlh8I1/XHkCBcu8z6mO5VI
O5SfuPbYG9tgVK4bhBxk6nieY9qm8JzQtELTESAZh95J6SLEjjtVm/aJNP2J7Qtu6ZbvWyKO4sDy
w8jSTWEajhs5OqD2TN0H+xxgytN8gwOsAul3o7Ebm8KyItczrNDyI9MPTTO03RAkaUQDauiLOepl
e0IFKn4ScZja5rpt2V4AFi480/BFEEOsiGMDePL8MPSG5KQ5VhSNsaAJW0/sSA90z4gNPvZtfSx0
b+y7nuBjl/PYsvQoAJLNwBlimhMt5ARu6BtmqMe+7jig6si0DN0ToRkZYz/w3dgGCwNKb2EYdVKO
ROUa8RjE6IWxBQoLTVvYAvze5GEkQFo6N8ANrHDgBG0ggDj7hPMwtMaOzx3d464fxeCDoQ0/47HO
AzDL0Al9O4j7KLKganLTE0vokS9iN3BDJw5sR4CnONwwIYO7Yuy4lhFY4Piij6FT7FMhRTH/yRcE
8Fsvicu8RDoa+54DRiNC3XJt03UxGliB5YLHAdARTiTGvjm+Cwu+at5UNE980+SubYPPh244jjjn
Dv7Ps0wDVG+I0B5bHhcD+cp3epuM/0Tn4OsQmseeEdqGz43YtQW4lw2hxXIwADu+MH3cww0lcSnW
6Aabig63A5lPQvhvbAsB0jU9KI8CcCRbDxxDd1whvMgKAtcNdb5BUtdJpORqQbLwg2AcB47lea5v
xNHYGoNd2HYUBnbkwt1hbILW8fZFvSw5b+6/Hd3L9TLOszVoMF1DgZGOmmL6CkhFq7R0iBqGZ4ag
Px4YYycCp7HsKNBjMG7X93xPR+O6CxekDE/v4HLGwdgwweNEFAX+OITExj0ITZYZerbQrbHnm5Ep
/I/hMrq4ImEH3IxslF7sB5EuDD8wOfgcBGLLgegCmcOLZbOyzD9Ai7QPoU0UVbONHFzOd22gIhx7
uu1BSPFsE4xA6KDjyID0BUwanjCdHpIVeNwIY7dqziEg+ZYfj0UEPhuCSQSBH2LSdcJAdyIP4q1v
+/oY0FCv1NqWtqZy9QHDVhu/ExUn87qg984ZFnsszgvWq65m2QN2voBMykpR4atqJeOFYNVCsDwT
JRzwioU8y/KKBYIlWZjWEDzggMk3nzVIaJB56cEl4DrLl3BnjAiGOEseiz2Ww5WiRJSMPj7D1nld
KFwsidkSuhDo93EGKG7wy2DpGhFD596i24dSl9dpVbLrPPuhYpj7ecGgic2X+EUryGBrpBCqtVLy
fb0QGatX84JHgECbZbOsQTaZZYw9eLcQSBh+R6vEqhW/miYbsJIKvxJL60heJlJl8Gcgz1RUJC9c
KgwFk7kFIUvEDBIPxSjlWBzPxYRRfYoXykVdQbWYjdS32iZstqMKx1mtG4YBf3VhscvFrDZEFCct
GM78bM5SPOJG8pfZDrFwkKb5NUuTEtlqPonFrhLO/lmLYo1jfsODZvVkQl8XoluPqalX9zBggGFh
yUC1ID3EFqyZkjmOl2sAo/Zyh6sH78C1wHRAATyKGNRoUk8of/y+AFsKjp9fwFqVgXYCgUSDFMVv
NacP1c2TKxgLxUct2K6aFErph4hdzihGhVhBKzwC/eCHAiZwmeZ+VS8DEB+Y30G5zsJzXl4y/AYE
GJxGA96WoEP0gYZTHLYo8iyvQc0wvNxj8uNpsilBx9ljWH4X8tsnJBtwXIQt60x900EiPyM7AJ7A
HIv8JgFTFCAGYIlMPGuJQ9kqgk5iNGocg8a7x5LqB/xcX0G3RQLXssi2BjezXeABvwZnkliIjZHi
dEKohkbNyTiKOstQnRE2lPmKlEAdTKmxI3GljtkymS/A63HL9V7XS5XhoESKol5VEioFhoJZAm2K
L1IueC91JZH0HH6VJxGQfTcFaCNoc9AaJGBdWsfQYPBIDmotbZYtBUy3lt77PM0DsB5cf2ISDn6w
TCoMAksx5wEt3rMzKWqdhJuU9I4u3n6OWrtOSPJkUeDd1yOJqDGykjjEd0HggNE3xxBNXAjRTCmN
HLRVoz+zeQ6KytGf0SpwojmROSLSJkxHLmB2itWydPvTc4ALep+if8GL6NvoL6t8RSSoONuSpNCV
DMLHCtNu1BKEszZUGbppK8IoCLwjr1D0lT9sgULyCyIJIwYLa8hSGWQpJm5EWFPwzSXJ0iMxq7Wj
xU0oRFRuOJKB6/X58YSdvzg5Yy9PTk/O2cF0+vLk+IxNj9+wd6/f/OP4zR6DQez8NYw6Zu9evH55
zKZvXh8en51pwxDQk4fpuEocU1EkOWVuDMQlfUlyISgkkzTaYGuA7KF2iCi20JARhEIhwyyhOswz
4BMCNFgT8vsxY5NGdr3AFAwywRAkhxFmiQRC7yaQy4xEc7zGHIIFAd2g3R6NtqBWo0FtKxFi3SAl
i+RKvcp7Wx7AvMSq3LBq6YrX8uHdJCnOLcX5nBcBeMZoU4JTALpbuuRqSI66i6m7IHYveVZTldKl
BCq4Gmzw4V6TE4ZG2JihTK8x9CqV5He5cUGNvZYxXxo8lBl5nUYtLQkkkeuMbegvJeIVkQ+Murqu
eIXZnlGwuJUk5UdICUPLW1zkyybZyrvViFHXNLsaRm6UJm/ZBrvDpHrWcdZUlqiyIqcvrTSGHNXL
lSzDZK3H1IURXmj0dYSD1A1EO5HZcABnkObB2fkdAoakDYkPZrgCIyvLWmBgqBagtXlTlmLQwtk2
VO01ipQ1gqo+NUkNDv2onJb8ZkTLt2VD+yFfITRZ1kvIsZBeC0RO36NFRTL5lUdJxUau6C9KlOQx
t20MqvKVoogmHGG5XEPStVuNHeXy0tCmsTbCqCfxy8GNC0lcamCXM6ocRrQ83PJ2BKRQrQLlI0oP
qJMFhsSyoo+wMXmP5HDDHdym5Cn5aWbGwZtqFwWYYr+g8H4a1afscJapj4xNVIqA0myRp7LEDHA7
F1XiRDJUTWBCKslQbJMtkroqU0sg2mJTprcHXS01lzCsFusKke+xkdFRICmPJh5VDTEqBVDU3tSx
9EgBS8hIco5NDxX6eDMAFVkaewG1INjSIyru2OH07R7DfdUwMIuukwjMnmoFGT1b/CPCP2FuU3Zv
KvKSpNMZq7GDCALVgqfxPvScsk2IBNiwmgomZbh+yOgTxa0jbtJeB1m3FTm+waiGJSZPNYZEvJ1m
06bY3nSK2EsgUfikH2+sV9lqpM4H3c2p8roy+SBafWJZ3qixxISnSiYo26V5dFKr7Zvypocam6p7
Ul7M6QauWlZlCzRjXPA5sgA6AbGVq5QqFuxDl0A8OjsvUE+HaQKjZGONXx4TZcVOz98SpSWwhGwH
dcWwkSdVbqaTzYXWxJplVY/wrglR2+0PRUbPncjXY3ba7BNq2YRGOY6TUGOUpRYciwCWLEE2FeoO
tEH/UBaEqT2iBZR2RUQvUBIQdSkQQ4rmFM5LqVJZSsDYStkociLkQoIKdaqbOnpNRdLRydnBU6iP
qJ6qM7IhDNj4CfSCHpnKIiFBY1TfIo+6/caGz42vRyKo55OmaXvMDGzWVMm6gHBF15nq5Uu5+oDe
nJW5TN7KIwxEJqmW2A4XeV7SCkXTq4mmG6cojsvLrORXTbaAQ9wAQd/vxWudNh4Io6fysmhTize/
5kkmFwRIUj+w90F+g55fsJMjtvv+7cnRQ/zyd7gAGmD8NagNFYPb8ME5sIcrIiUfWX6AN+Qb3WXg
7e+fvmzwq/6uA/mBJsPnaVQ4kHpVKUK85c1SkkqjN0DfCDckPMrjmKaFa0m8Ht3USbRRCMlz1F/F
OadlGOlq8t9kkzKgSK/8qi7VclAIQaSSYVbdM5L3TJh64IrTyBSiwqOaBXMgz+Ztj5LhbekwFe81
o64ScT1qE/RdK2dSuAfLvMboEctcp4IJiKwRLeZ2jI60FALqx2NKznDzG0rVnZuJ8UzI1jsQElkg
YvR9+hYdudKisTMyLQT3k75kHydq2YcYyPiQVPWlS5hNQD69i0r9bjJ5AZgixhtzB2Kbm/G3pcYa
rPDQJ8TRz8okkjkD+eGgUzC4sg66UphjEoURIpKpk07a1EZLTco4eBiKVFCnIM2bZk2TS5gC+2SK
RCkH1uf0YSsZx2AKzhYSWyfIgfeXlUzJROwIpdGQNtqIRrJ2clR2+MIwjZqX2Jh8wNqyqZacmjKH
7ukpCfCNmMkeAJm43bVV5GZZq9WldluZKnhd84S6WUgmtVBWtMpXddq4jTrBfE9jVNqwTJyQ2iDk
kmbCjIuRC0oC1WAgRC3kTVSpg+uO1FxLsKwUlGXhlxTbCB1tgh565gg/RDwAtYGhD1Y7Dzo5HeLB
SO6takcuQG8TSYq2Wi5XWpITxRDq1ktsDukfTiiBw3JDOqYpdZ1trhMLFOb4fF6IuVpSVOuPcpkF
/yWDyyF/RB/EmtdHr/FToiOVFGR9gOHrWsgOhNO/foEzlkT4hgGCaZ2nA5CnW8nXK9zDJJVzS6ig
UHldGRNUQrjDgHJZJ98c4iK+6K7l7UFyWC04uIXAyF4gDU1dChkjFgX0HiOMixkmQ3m1yV0yc/De
2qDa9dFJtjXU4FDbUGxtQphCSFqW15s5bmlV8tVVa5UsNxlEZWNEiuPpX04p5XMTDOM4IS16qpua
BW5tM4G60p2hkdyn871KJlKT0gM6a0kKB6CvlDybVaOFAsoQV7SdhIoOuAgPzVpEZVASt4jwYXpd
yEczGG2apRQZeQGfik5NvuW4u1D1aVBac9wspc6wAAIala4mjdLkNbBRXNObsJ+pcoGidY8W+X5B
pDIxt8m7+8iI2MBKuqAAj8sozac1aX3krjxK8Znax5I6Bmq/8aXzVSpUEdAlX85LcGnoD0qBbmDr
tjxtZwSe5G7iC6RIvhdPI7DvELjM9je1j2PP8W/oRa496yZKimqPIvDfVNknH7x0VzCkR2PWAzmr
BUZeKxNMQXPhmsnPKddFE4Sbtq1oH9lQhAE8kJtCenZWNkIbNY97wB5kjf/gGYUWmorG95BQkawg
Fx3IiIrNThWYy0ZA3ECgK1XHG17SG1vU3UGkCxLoVtayqqNxyG+C/3JOKtOG9BvJJeGHMqloYzM+
tB1qGJ9uTjf6PqRHnPSMbwYlDFBWs2ciYKbNdHNiuxPLY+9OnjJTN00c0DyHeyQg3ML5Mq+iR2d1
cZVAFYAAOeEIne+R4RuWOQBeuQS2EKy6hWQFQLB2gFwvkkqM8BHcI53QQzulirdHDkHmHBcTIiGv
y4eDLQzqXYTi8i0+5mnOV1crhT9KsL8Cg14/IsJa+2zT3SPikkpjrLgfhQt6jOjjCqw84mCmy80o
tPjOTfis/tHR8bODty/POzzSg0NFBKUP9GV13itvH3kI6pTwNGTn9/8HXtmVHA==
===END CRASH DUMP===
