PocketMine-MP Crash Dump Thu Dec 30 17:43:08 WIB 2021

Error: syntax error, unexpected token "}"
File: plugins/CraftingTable/src/hachkingtohach1/CraftingTable/task/OpenGUI
Line: 19
Type: ParseError

THIS CRASH WAS CAUSED BY A PLUGIN
BAD PLUGIN: CraftingTable

Code:
[10] 
[11] class OpenGUI extends Task {
[12] 	
[13] 	private $plugin;
[14] 	private $player;
[15] 	
[16] 	public function __construct(CraftingTable $plugin, Player $player){
[17] 		$this->plugin = $plugin;
[18] 		$this->player = $player
[19] 	}	
[20] 	
[21] 	public function onRun() :void{
[22]         $this->plugin->craftingTable(this->player);		
[23] 	}
[24] }	

Backtrace:
#0 pmsrc/vendor/pocketmine/classloader/src/BaseClassLoader(83): BaseClassLoader->loadClass(string[42] hachkingtohach1\CraftingTable\task\OpenGUI)
#1 plugins/CraftingTable/src/hachkingtohach1/CraftingTable/CraftingTable(182): BaseClassLoader->{closure}(string[42] hachkingtohach1\CraftingTable\task\OpenGUI)
#2 pmsrc/src/event/RegisteredListener(75): hachkingtohach1\CraftingTable\CraftingTable->onInteract(object pocketmine\event\player\PlayerInteractEvent#113806)
#3 pmsrc/src/event/Event(62): pocketmine\event\RegisteredListener->callEvent(object pocketmine\event\player\PlayerInteractEvent#113806)
#4 pmsrc/src/world/World(1807): pocketmine\event\Event->call()
#5 pmsrc/src/player/Player(1611): pocketmine\world\World->useItemOn(object pocketmine\math\Vector3#113797, object pocketmine\item\ItemBlock#113801, integer 2, object pocketmine\math\Vector3#113795, object pocketmine\player\Player#27399, true)
#6 pmsrc/src/network/mcpe/handler/InGamePacketHandler(360): pocketmine\player\Player->interactBlock(object pocketmine\math\Vector3#113797, integer 2, object pocketmine\math\Vector3#113795)
#7 pmsrc/src/network/mcpe/handler/InGamePacketHandler(223): pocketmine\network\mcpe\handler\InGamePacketHandler->handleUseItemTransaction(object pocketmine\network\mcpe\protocol\types\inventory\UseItemTransactionData#113791)
#8 pmsrc/vendor/pocketmine/bedrock-protocol/src/InventoryTransactionPacket(114): pocketmine\network\mcpe\handler\InGamePacketHandler->handleInventoryTransaction(object pocketmine\network\mcpe\protocol\InventoryTransactionPacket#113785)
#9 pmsrc/src/network/mcpe/NetworkSession(395): pocketmine\network\mcpe\protocol\InventoryTransactionPacket->handle(object pocketmine\network\mcpe\handler\InGamePacketHandler#91481)
#10 pmsrc/src/network/mcpe/NetworkSession(358): pocketmine\network\mcpe\NetworkSession->handleDataPacket(object pocketmine\network\mcpe\protocol\InventoryTransactionPacket#113785, string[39] .......B......pRCr=.B.y.C...>.*a?......)
#11 pmsrc/src/network/mcpe/raklib/RakLibInterface(192): pocketmine\network\mcpe\NetworkSession->handleEncoded(string[45] c.abT.c`b`X........RA.s.m.Ss.Og...v.Z...@.[..)
#12 pmsrc/vendor/pocketmine/raklib-ipc/src/RakLibToUserThreadMessageReceiver(42): pocketmine\network\mcpe\raklib\RakLibInterface->onPacketReceive(integer 0, string[54] ...q..:...t......[....I.'..+.]b.."..........1#.....*..)
#13 pmsrc/src/network/mcpe/raklib/RakLibInterface(122): raklib\server\ipc\RakLibToUserThreadMessageReceiver->handle(object pocketmine\network\mcpe\raklib\RakLibInterface#25958)
#14 pmsrc/vendor/pocketmine/snooze/src/SleeperHandler(123): pocketmine\network\mcpe\raklib\RakLibInterface->pocketmine\network\mcpe\raklib\{closure}()
#15 pmsrc/vendor/pocketmine/snooze/src/SleeperHandler(82): pocketmine\snooze\SleeperHandler->processNotifications()
#16 pmsrc/src/Server(1645): pocketmine\snooze\SleeperHandler->sleepUntil(double 1640860987.0709)
#17 pmsrc/src/Server(1034): pocketmine\Server->tickProcessor()
#18 pmsrc/src/PocketMine(301): pocketmine\Server->__construct(object BaseClassLoader#2, object pocketmine\utils\MainLogger#3, string[12] D:\FoxCraft\, string[20] D:\FoxCraft\plugins\)
#19 pmsrc/src/PocketMine(324): pocketmine\server()
#20 pmsrc(11): require(string[56] phar://D:/FoxCraft/PocketMine-MP.phar/src/PocketMine.php)

PocketMine-MP version: 4.0.0 [Protocol 475]
Git commit: 468faa464b2bc5c97f23fafbb71ea61035f6f218
uname -a: Windows NT DESKTOP-BVRHES0 10.0 build 19042 (Windows 10) AMD64
PHP Version: 8.0.13
Zend version: 4.0.13
OS: WINNT, win
Composer libraries: 
- adhocore/json-comment 1.1.2@fc2f76979f0a44a5f5bc2a2b600d0762fe0e78e7
- brick/math 0.9.3@ca57d18f028f84f777b2168cd1911b0dee2343ae
- daverandom/callback-validator unknown@unknown
- fgrosse/phpasn1 v2.3.0@20299033c35f4300eb656e7e8e88cf52d1d6694e
- netresearch/jsonmapper v4.0.0@8bbc021a8edb2e4a7ea2f8ad4fa9ec9dce2fcb8d
- pocketmine/bedrock-data 1.5.0+bedrock-1.18.0@482c679aa5ed0b81c088c2b1ff0b8110a94c8a6c
- pocketmine/bedrock-protocol 7.0.0+bedrock-1.18.0@040a883a4abb8c9b93114d5278cb5fecc635da82
- pocketmine/binaryutils 0.2.2@f883e1cf9099ed6a757a10a2f75b3333eeb2cdf9
- pocketmine/callback-validator 1.0.3@64787469766bcaa7e5885242e85c23c25e8c55a2
- pocketmine/classloader 0.2.0@49ea303993efdfb39cd302e2156d50aa78209e78
- pocketmine/color 0.2.0@09be6ea6d76f2e33d6813c39d29c22c46c17e1d2
- pocketmine/errorhandler 0.3.0@ec742b209e8056bbe855069c4eff94c9734ea19b
- pocketmine/locale-data 2.0.20@a6e4eb22587e0014f6d658732cf633262723f8d3
- pocketmine/log 0.4.0@e6c912c0f9055c81d23108ec2d179b96f404c043
- pocketmine/log-pthreads 0.4.0@61f709e8cf36bcc24e4efe02acded680a1ce23cd
- pocketmine/math 0.4.0@6d64e2555bd2e95ed024574f75d1cefc135c89fc
- pocketmine/nbt 0.3.0@98c4a04b55a915e18f83d3b0c9beb24a71abcd31
- pocketmine/pocketmine-mp 4.0.0@468faa464b2bc5c97f23fafbb71ea61035f6f218
- pocketmine/raklib 0.14.2@e3a861187470e1facc6625040128f447ebbcbaec
- pocketmine/raklib-ipc 0.1.1@922a6444b0c6c7daaa5aa5a832107e1ec4738aed
- pocketmine/snooze 0.3.1@0ac8fc2a781c419a1f64ebca4d5835028f59e29b
- ramsey/collection 1.2.2@cccc74ee5e328031b15640b51056ee8d3bb66c0a
- ramsey/uuid 4.2.3@fc9bb7fb5388691fd7373cd44dcb4d63bbcf24df
- rhumsaa/uuid unknown@unknown
- symfony/polyfill-ctype v1.23.0@46cd95797e9df938fdd2b03693b5fca5e64b01ce
- symfony/polyfill-php80 v1.23.1@1100343ed1a92e3a38f9ae122fc0eb21602547be
- symfony/polyfill-php81 v1.23.0@e66119f3de95efc359483f810c4c3e6436279436
- webmozart/assert 1.10.0@6964c76c7804814a842473e0c8fd15bab0f18e25
- webmozart/path-util 2.3.0@d939f7edc24c9a1bb9c0dee5cb05d8e859490725

Loaded plugins:
Alerts 1.0.0 by hachkingtohach1 for API(s) 4.0.0
BuilderTools 1.3.0-beta2 by CzechPMDevs, VixikHD for API(s) 4.0.0
CraftingTable 1.0.0 by hachkingtohach1 for API(s) 4.0.0
DevTools 1.15.0 by PocketMine Team for API(s) 4.0.0
EconomyAPI 5.7.3-PM4 by onebone for API(s) 4.0.0
FCCore 1.0.1 by hachkingtohach1 for API(s) 4.0.0
KeepInventory 1.0.0 by NhanAZ, KhoaGamingVN for API(s) 4.0.0
MaxEnchants 1.2.2 by Xenophilicy for API(s) 4.0.0
MultiWorld 1.7.0-beta3 by CzechPMDevs, VixikCZ, fuyutsuki, kaliiks for API(s) 4.0.0
MyItem 1.4.9 by hachkingtohach1 for API(s) 4.0.0
Netherite 2.0 by Wertzui123 for API(s) 4.0.0
PlayerStats 3.1.9_BETA by hachkingtohach1 for API(s) 4.0.0
PureEntities 2.0.0 by LeinneSW for API(s) 4.0.0
PurePerms 1.4.4 by Vecnavium , 64FF00 & ProjectInfinity for API(s) 4.0.0
ShopGUI 1.0.0 by hachkingtohach1 for API(s) 4.0.0

----------------------REPORT THE DATA BELOW THIS LINE-----------------------

===BEGIN CRASH DUMP===
eNrtXOty20ayfpUpautE3iUg3AkwZR/LkrxRxbZ0JDlOJUx5B8CARAQCCC6S6JTf/XT3DECAkh07
8dbuD7sSkxjM9Hx97x6A/n2SFNWaN29vRFWnRT6ZO9NJk67FZG56juF7RuD7umHCH2s6aUt5yzZ0
33MdZxYEvuF4/sydTjJeNydVVVST+e+TZlPCtMk5r2ohB6eTtahrvsThepM3/I4JvDFlbS7uShE1
ImZNcS1ytpi8X0xgQdJm2fM0wxXH88XieXF3VPGkWSzKrF2meb1Y0HWaL694mInFoq6ixWLFo9U1
jDUFfjPvTWp4fb1YnJUi/+frU71clbiT3EXRPRitOACqBztEd2YgyQNFEahlaY7iC0CQFY/g68+T
PYOVayR0I/K4qA7KIroWzRomHkQguDoreCwq2uoZr8URjr2gsX3ffjRnO4PaE1xAA/t1UwGQnx3r
F/ZZrD8CpHsm+7M8j672Td96COXvUVbUbSXe/zWUlhIe/i9Ags3BhVimdSMqEb/AzxzkNHMBwR/R
Hl1qT4r8NAcqPGr2i/BXsEG2VcxiQVuhtfGNqBaLc/rsFpzgzT3TtH3DI5D2PZA0Zd9DyTxA9j4L
2pOIZ5lc9ZfhOAM4t0WVxQdv8G/QlDF7GBCRkBj2iYQ7ICF3PZCb7pueae4QoT0WC9pEe9LW4rQR
67P8IUYg3KwWix9guKhsxDwLZlP2wMQUSCwWSOhZBsOSPXPKUmB6KSpmPbjqAfLugxPHktyzZnYQ
TFlTtYLY9wbs56IBBq8P1lEpwDHyOANhnOb/5GtxzpHid3Js3/aMHcGMd9GepEpjxNKni+fzeSYm
Zn+GCcuyd5hQS2EjWIsxliaCbu6v1p7Iu6+lCVxVPK+BXcgtDzG7Q7isiqaIigyiAGQQiPBpjlZZ
VJvF4j7BY95wyaxJzPofDLKhiCu40jr6JI/TjvaApGRl3zSdvy6Bh+h/lgw+DJC49qWKgw+p+JW8
uIS8izvbgftxnj5l4463T+DjYyLaC0zHl0ozjU/F7/ofxz+e3yFFI1Fa/aKynzKV0+zgF6bLP8/k
R3lxVD2Gi41+BFdP9L/z/5U3JMPmhxiu+HWWhgcX/PpFGlJkT6B+2DcD688wfpJHRSziPvW6v7BI
5+GVHv0r/NePCrF+cajX+lq/rPWzJVze6D/B30/1nzuw1gd9SqLV0lJyIlFfFeCm1dWqEjx+KQu+
CxGJFMrLfecP2JAEITOO+cc0LSWvKO13sdDodeA6pIPfdH0OH41k7Wf861T/Rtf/of8S6vpiovd/
zD36+HvHpv25OrGQmQ4xsHyDlg6y6OB/RBCf4UMfEMme5QbgDYTc+aCC6rwo3sla7jITohRVF+DN
PwrwH1TFJ6zZFn0SoPsnAPq7piKnLhbjeYAHwjpI91XRpEkacfTSWu07zN+XpCCoWxz3EwnXeP06
b9JsPy5aqBZZ3w/NdGNmBHKT2QObGPZu8pB3tCdNGl2fS8RFpWD6AwrntOYlrNm3DfMDRN6+jYBJ
KFO2VetO4b33cJHQAjOQUl/yNH9RLMGB9uzegUwozMdNVn/LMnZv9f2X5CD4AAfWrhikm0i+LRX2
96mSrMRvbVqJLla53i+sXPFqfnBwPD/oNh4Q116e6zhhZ09s5x5Nfnk/nYgv24n+W/pDgCkpvoUq
p8huxBoyDmwTgySiZtLdhZERObiBgR2ZMw24CdemCZ/USDK1DRN30FPENbuCvdnvOMeCOQska9r0
razSG94I9je5zbd4x9m9gzUr3XH71Z6cAz6RRixpc0qNbGiVI7gd/SmTFXBH9RGBmhGxRfO3ZpXW
4M40lT0egfJ35xCZxx0hnBLQlPcE0DI6qJb5INQiv2jz/UdsflOkMaKwUDRM/RkhgXZo1OcOETz6
FkHhcinP9/gVBYgw3n9t/r82/1+b/6/N/9fm/2vz/7X5/9r8f23+vzb/X5v/r83/1+b/39z8d21z
jQ3yIaizoW85xwfX3cB00j/vnpi6oRswwttmVVQ1dmw7nQQS5WWKdxyaDNcixy4insyxZJxOYrAf
aLdhCtyri6Q5Hg6sObXx9xoUiab7xKMBUCGeVpxdXr05u3hxDEO3IqyhFsblTVPWIJVb3kSrepU2
+q0QYbbRo2J9gB3nszbNwAKuiiIb8jwaHnNu64YWioZbY/6P3olodf7yWNzggh/Su/T6u+MvJYUI
iZfrGIgvFqHE1iC2xWIH6SdJY5k2qzYkGQxgH4xIgWzGRyhb4ewerfxX2MXHGtdPkQuIBcSbZlG1
0etNI2odwvVBzOtVWPAqJmMBKe0aSj80FoPp7sph63TsSvD1l5JDt/9iMUCimL28Ory4en3+Ryaw
RXbQ0wBmTyBqFuvN4fnpgN3B4JBhV5/ptnb+0hnzXOQihP+/FK+KHDTgEgXQhC58iOijWkamnh8d
FdXQltXArhGb/xkjlmi6zy9ltt9DZu7L8wHv4/E/8ONXUIMd/gRj368KDv0JwP7h1ZcShCS+WIwQ
ycz7J2Kaggqcv+R3UNXD5SihDUfHXFv6TlT/UeRFuUqzNNp8KV4HJJHDHsro4lNs+WWbNSmdHw15
2w6OWZuptGX/Ydo6+oleJNu0Td1ep/D9mmdpel3/W5LZGvGqs7AR9r+SyAaEUE4bPAYZykgOjOXj
6MF/xuclmu7zS/k8tLgrUdGanu/t2JB1a9fT30Bt8a5Noef5UjxvKVLvLUH8affeUjvYcgQsywPD
y4aPnH04OmTb1k09ePvs5OrwP6P2Aa7RxV+uaM+hlTyBPqxJxUgOw+Ed/e9awAuR5rm4fPOlmM+I
HvRBgEEoDMD0GNHnFS0dxIMRFcX+uajWu7zLsV2f3ylYfhBRzm/Sds2mzHOePzcM9j8MGlBsDU/z
JM3T5ovlgbdyAykHQjf4+inx/3JVlPh0dMtnN/JfUpIrOP2XLxPb8BEwr4DhRuxW1l2XSxzgw1yU
ARmCrPomPpZ2mAHDCJ8ADEcingFHsHY4VqzfxkUDCEaj6vn4dqCtsuF1zJvR/STNAOtwZLkuh5cr
YG94nUJNezMc+LUmXfbX61A2/qOxAlpCnAXXVMbUDUeG4uGkMhrL4UIkmaCz2uFoTRKtx0MxuMVw
5PL8xWj7Tf1bluNm6hvrb9GLAem7sQju7hTXCBfL7Q1fZxSOLLp8l5aykwp0Fy+zNBwuh8u79Vjq
BcKzDMM2TQtz+fnx2Yj1uHhL0HYHYSgdK6wA467r0cTLdF1m4seXI553EMAlnl7u8LnObjFDjQbL
hs45UcKO8s/z1Y7trdr8mk6gLBKSTVJJl2Gac6ziIYFZuoeSEDcii0M1CUmB75RNoQYsKawYFC3N
EuWNs7YHTW+3ew3u4wscaZ4UI7uN76k8HVkJidIeDlUC3AP9cNlKW+zo/wTuxs7OI4gVA+Gjd69K
tS/uiA96eTYM5kN3R1fmtdj+FKOXJ52STOaWYVsgtvotRJXJPOFZDeGse2oxmTv4MwxIK7jQ8xPO
Hc8JrTByo2CWWHbCkzCcmYJ7pmG7iZdYpg+0WwXlTZrHxW3NXl2x45PL76/OzrVnP1x8d3JpMBNQ
MMLAzMBwLLbfTTaNR+zw5bGHqQd/SjGQ1TtBDuT0ZrIq3xaokzenr15doWHixS1VTRCbyqIW1VtQ
bsUrlex5vALGKnGAEUODOer9GBNjwtMkspKZF8yCxOCOw93EDSOLW6FnGLEx86xEGGLmixmKr0qj
6wMVJA090O2nEXdnseknhuUnvpPMZrPQMj0/is3ANEMjFsKyHZsLioCgEIg+kKjx8XjIo2vtBroI
iIz4ihEI8DovbvOn6hOtbVkVdS0OgGVe5/gSyo2F5vzUMqwgMGw7Avk7tmGI0HM9MRO+8P0oca3Y
jD0vcHBXiNOVqAWvohXxv+ZlSX53Q0bx1A/DyLBM7os4tITDZ4Jbic9jJ+GBiII4ElYShX48co7+
UShg5yRJVzf+0Q2CXEF7Tx3firxZwLkrYiP0zcgAcFZoJglemQYPnMjnXvQw5a05TmYIdJe64Rjc
923u8DD0oyAMIMI5sWvN/Ch0ExFFnu3G3Ld2qFOg2Hq1hQYAZIQZJYERBCL2+MydcUAHVuGGNvyB
StKK4iQYU3pQhVhX2E89Z+bPHDApzwsjDhJ1fd+1HEv4bmTZkeUKP3JdvgNt8AqPggYiDAS3DTsI
bJHESWgHUWwblrBM14tdA0j7lhGAde5QKrJiS8MIQuGBs8Yz8FRh27Hnm2A4QWwFkWVFjheZM2HG
O2joTTb18LWLok9FNHOsELf0DdcLQ2DINbwgckSSgDKDme0IbgbhmFRWYBnRmQpW1pbxlHvCAbla
rj8ThmE6iRd78N22osSzbcuzZhBo/NjeJbUkMA6C8aLAtCID9Oa6kQ8c2KbhiwiMfwbm4CWO4USG
c5+CNkg0kpRnJjNkKkps0FhkOYAN3N7iUQwG4RvcBC+wox0f6OMAkYg9R1iu64axJQK0eMtxZxAQ
3BgWJ5FpA8Yg2TH2PGx64QZ+5HDDCcEyAtMVEFN8O7ZDA2wbBAWOafIQ1G+OKWy/alQ+Saf+jLB9
71mszEYOOIawue+ZJtjyzBBmwsGnPMsFxzMh2DnOTEDoCLmIHqKCT3S7OuZpYFnccxwHmPGiWcwh
JOB/vm2ZBtieiJyZ7XOxI1/5UK3L808NHvkQq8HmzcgxA24mIHHwL3B633Yx/rqBsMj4oBCuxQb9
YFvH0TnW0wj+zBwhXGFbPhRFIXiSY4SuCfYsBNhbGHpeZPAtkbZNZfqByAu5IgAZJqFr+74XmEk8
s2dgF44TR6ETe7A6SiwnTnD5ql3XnHfr7wf3erNOinwDGsw2UFZkWldC3wBUm5QYxYE7C2YigOhj
+0kcW6Fhe4ENAQ7yjgD1GmBcD9GCjOEbPS3zKYRbA/KQiE0eQBDgQC3gwrQgtkPygIxlWK4zCz9I
yxzgEh4YRZDYMdp5AikocHzwVdOInMgGUDY4bwB/yzZmXbzjVXMAsU1UKumihXqB50QzsAbfcHzT
4b5jgREIA3Qcm27IQyMxfXCoEZESPE7D4E1xBLHEgR0kMxGDz0ZgEmEYRJhz3Sg03BiyIWALjBmQ
oQ6pty19Q0XqHsPTFgaNRZIu24oe/DIs8VhSVGxUUy3yPXa1gkTKatHgM5Sa8UqwZiVYkYsavvCG
RTzPi4aFgqV5lLUQPOALkw8sdUhokHipywdal8UaViZIYJdmzRMxZQUe4tRIkoUQra7ZpmgrRYul
CVtD75GktAPUNviib7ZBwq/EbU8OusaEt1lTs9si/6ZhmPp5xaDrLSB4pZjCNogQ30aVfN+uRM7a
clnxGAjoi3yRd8Tmi5yxvTcrOl1iTQG7QK0KJNQjXpABvuSCBXUsbxNUGf0ZyDMTDckLW9lIMJlc
cGSNlEHikdAyjiXxUswZVaV4o161DdSIuabetp6zxUQ+xWb4joCIFxNCdphlxS3L0hrRdm+kspuU
s/9rRbXBOb/hF03dmtNLerT0hBp7tYYBLoblIgONgVCQWrhhSpQ4X54DaP3tAdi9N+AxYBEgVx7H
DCovKX4UKz63Z2vB8bUGrEAZCD0UCBqEI35reYZiW6Y3MBeKilawfbUps4xHSF3uKLRKlNDXaiB2
fAA/h9u096t2HYJUwKoO600e0Rvb+G4F2JFOE16DtMi0O05x2qoq8qIF7cH0esro2JnJDgP9Ycqw
qK7kW0EkG/BHHFu3uXpXQhK/JPUCT2BlVXGXgoUJEAOwRJab9+BQtgrQaYK2inPQJqcsbb4B8TUV
LYtFgy8foMnsLGb7wEMLfmORWIgNTXE6J1K7tsrJOKo2z1GdMXaHRUlKoHak1tmxuFHf2TpdrsCZ
K2jFp0PnU4aDEqmqtmzkqBQYCmYN2BRfpFxwSuo1YukQHF8TB9gPI0AbQZuDgj8F69IHhgaTNTmp
t7RFvhaw3UY65T+zIgTrwTMoJsfBD9Zpg769Fkse0pkRu5SiNki4aU3PhHH5FWrtNiXJk0WB095q
klBnZDVxmKQAESISveyLZJJKiG5LaeSgrRbdlC0LUFSBbopWgRstCaZG0ObMQC5gdwrBsiL7r+cA
D/U+hn8F3fxfw183RUkQVPjsISlyNYPwUWI2jXtAuGuHyoS6UwGjIPCGvELhq7/5AgjJLwgSRgwW
tZB8ckg+TNyJqKXgW0jI0iMxWfWzxV0kRFxvOZKB6+zqZM6uvju9ZC9OX55escPz8xenJ5fs/OSC
vTm7+P7kYspgErs6g1kn7M13Zy9O2PnF2dHJ5aW+GwJG8rBcT4njXFRpQQkZA3GNDEYrQSGZpNEH
WxNkDyVBTLGFpmgQCoUMs0TqqMiBTwjQYE3I74eMTRrZ7QozK8gEQ5CcRpQlEQi920AuMxLtcYY5
BPM8LdDvz0ZbUCfSoLZSRFgOSMkiXKlXubbnAcxLlPWWVdtQvNaPHoakOLcV50teheAZ2raypgD0
sHTJ1RCOWsXUKojda563VHwMkUBh1oINPpp2OWHXCDszlOk1gSa/kfyuty6oszMZ86XBQ/VQtFnc
Y0khidzmbIu/loRLgg+MeoaheIXdnlOwuJckyXQkhZ63pCrWXbKVq9UMbWiaQw0jN0qT92yDPWBS
I+u47ApGVFkFO6EZKkOO23UpqytZwjF1Q8Mbnb6OcZJaQNgJZscBXEGaB2fnDwgYkjYkPtjhBoys
rluBgaFZgdaWXbWJQQt326KadoqUNYIqKnWJBqd+UE5rfqfRWWzdYT/iJY6m63YNORbSa4XEG55D
VQmKZOqHXYRiK1f0FyVK8pj7NgbFdqkQ0YYaVsEtJF2n19hxIW/t2rT8OVhHX07uXEjSUhOHnFHl
oNFZb8/bMUChWgXKR5QeoJMFhqRS0ivMTK6RHG65g2VKnpKfbmecvK12UYAZtgGK7sdJfcwOF7l6
eXeuUgSUZqsikyVmiI9iqRInyDX++ISpJEOxTXY+6q5MLaHoi02Z3vaGWupuYVitNg0SnzLNHCiQ
lEcba00HRqUAitrbOpaeD2AJGUvOsZehQh8Xw6CCpbPvoBakHwlicceOzl9PYS1gCMG/btMYzJ5q
BRk9e/oa0Z8zryu7txV5TdIZzNXZYQyBasWz5ABaSdkmxAJsWG0FmzI8F0QDGzjiNu0NiA1bkZM7
jGpYYvJMZwji9Xl+3hXb2wYQewkEdQtpExe2ZV5q6nqnu3mpvK5O34len1iWd2qsMeGpkgnKdmke
g9TqBJZc9Ehn52pNxqslLeCqE1W2QDsmFV8iC6ATEFtdZlSxYHu5BvDo7LxCPR1lKcyS/TK+Byzq
hr28ek1Ia2AJ2Q7bhmF/TqrcbiebC72LNeum1XDVnNAO+0OR00Mk8vWE4cEA/aizZxP63yRJI51R
llpxLAJYugbZNKg70Ab9G1kQpqaEBZR2Q6BXKAmIuhSIIUVzCue1VKksJWBuo2wUORHyfECFOtVN
HZ9RkXR8enn4DOojqqfanGwIA3aLkZKef8oiIUVjVL8Yjof9xpbPra/HImyX865pe8LwB3SNKllX
EK7oPlMtei0PFdCb87qQyVt5hInEJGpJ7WhVQBOPXtj1aqLrximK47Exq/lNly3gK7Te8mdweG/Q
xgMwejIvizZ1JvNrkebyQIAk9Q37MSzu0PMrdnrM9n98fXr8CPQObg8YYP4tqA0Vk0K6B+fAHq6K
lXxk+QHeUGx1l4O3//jsRUdf9XeDkW9oM3w4RoUDqVeVIsRb0Z0QqTR6B/g0fDHhcZEktC3cS5ON
dtem8VYhJE9tfDhzRacr0tXkP8cmZUBzlV+1tTrliSCINDLMqjWaXDNn6ukpbiNTiAqPahfMgTxf
9j1Kjsuy3VQ87WbdpOJW6xP0QwdiUriH66LF6JHIXKeCCYisEy3mdoyOdBQC6sfvlJxh8QWl6sFi
YjwXsvUOhSQWigR9vy75LRkF2qj6aSWaFg6Pk75kHzfq2YcYyPguVPULEthNQD59CKXxMExeAaWY
8c7cAWy3GD97NPbOCU+IP/xEP6vTWOYM5IeDTsHg6jYcSmGJSRRmiFimTrroUxsdNSnj4FEkMkGd
gjRv2jVLr2EL7JMpEmUcWF9WxW2zknEMtuBsJakNghx4f93IlExgNZRGB03bikaydnpcD/jCMI2a
l9SYfGzas6mOnLoyh9aMlAT0NGaxPYAJrfJWkdtjrV6X+n1lquB1y1PqZiGZQKsnragsyjbr3EZd
YL6nOSpt2BZuSG0Qckk7YcbFyAUlgWowcEQd5M1VqYPnjtRcy2FZKSjLAiDbCB1vgx56poY/0dsZ
6gPDeFi9RjDI6RAPNPkqWT9zBXqbSyh6uV6XeloQYgh1mzU2h+DKDZ6zRvUWOqYpdZ9t7xMLFOb4
clmJpTpSVOeP8pgF/32D613+CB/EmrPjM/xhj6aSgqwPMHzdCtmBcHDyW9qxJuBbBmhMHxz6Q57u
Jd+W+EKSVM49oYJC5X1lTFAJ4XsDlMsG+eYIz+bF8CxvCsmhXHFwC4GRvUIMXV0KGSMRFfQeGsbF
HJOhvNvlLpk5+OhsUL3CMUi2LdTgUNtQbO1CmCJIWpb3uz3uaVXyNVRrk663GURlYySK89HqMWGg
FjGM44Z06KkWdQfc+nYDdWe4Qye5j+d7lUykJqUHDM6SFA0g3yh5dqdGKzUoQ1zVdxIqOuAhPDRr
MZVBadITwofkbSWfuGC06Y5SZOQFeio6dfkWajJeqz4NSmuObz6pKyyAAKPS1bxTmrwHNopnenP2
M1UuULRO6ZDvFyRKLdg2eQ+fBBEbWElXFODxGEUGL7Qq0TyYRyk+U/tYU8dA7Te+9g1YVREwhC/3
JQzyK1BEN3AMmVO3O87Z8xeHV3IQWw2BJ2vfqjcypm5wBxzlYmrfxWnVTCnofqsqPfmsZXhoIZ0Y
Ex2IVp0p8lZZXQbKijZM/jKxrbq423VqVf+UhoIK0IF0FNFTsLqTk9Y94QETkGX93nOKJrQVzR8R
obpYjbwdjGhUXw4Kv0LW/uIOYlutmtzoGtukmho6CG5hCg3KRhZyNA/5BSjQgslMIV1Fckn0oTKq
+nCMj193lYrPKc+3Kj6ih5X0tG4BVcve8yplxyJilsMsa267c9dgb06fMcuwTJzQPVF7LCDCwvW6
aOLHo0ebTD5Nw5tycw1977EZmJDJxoM3Hg3bOKyahbSEQTB2GLldpY3Q8Akclq60GfRTqnp7bBk4
suR4mhCLx3QlH/r1Y2oVnt/ic57uurwp1Q5xig0WWPTmMUHrDbTPd4+JZ6qNseR+LH9FUW3rZREP
puAT98fHJ88PX7+4GvBEzwnVlpQt0HXV9aiafezj0KBipymT9/8P055c4w==
===END CRASH DUMP===
