PocketMine-MP Crash Dump Thu Feb 24 22:23:16 WIB 2022

Error: syntax error, unexpected token "as"
File: plugins/CraftingTable/src/hachkingtohach1/CraftingTable/CraftingTable
Line: 279
Type: ParseError

THIS CRASH WAS CAUSED BY A PLUGIN

Code:
[270] 		    $null = $this->getDataItem(27, 0, 1);
[271] 		    $null->setCustomName("-");       						
[272] 		    for($slot = 1; $slot <= 7; $slot++){
[273] 			    $menu->setItem($slot, $null);
[274] 		    }
[275] 			
[276] 			$recipe = [];
[277]             if(!empty(MyItem::getInstance()->dataItems[$this->pageDataPlayer[$player->getName()]])){  
[278] 			    foreach(MyItem::getInstance()->dataItems[$this->pageDataPlayer[$player->getName()]] as $item){
[279] 			        if($this->recipes as $case => $data){
[280] 				        $itemCheck = $data["result"];
[281] 				        if($itemCheck->getCustomName() == $item->getCustomName()){
[282] 				            $recipe[$item->getCustom()] = true; 	
[283] 						}
[284] 					}
[285] 				}
[286] 			}
[287] 		    if(!empty(MyItem::getInstance()->dataItems[$this->pageDataPlayer[$player->getName()]])){  
[288] 				foreach(MyItem::getInstance()->dataItems[$this->pageDataPlayer[$player->getName()]] as $item){
[289] 			        if(isset($recipe[$item->getCustomName()])){

Backtrace:
#0 pmsrc/vendor/pocketmine/classloader/src/BaseClassLoader(83): BaseClassLoader->loadClass(string[43] hachkingtohach1\CraftingTable\CraftingTable)
#1 (): BaseClassLoader->{closure}(string[43] hachkingtohach1\CraftingTable\CraftingTable)
#2 pmsrc/src/plugin/PluginManager(155): class_exists(string[43] hachkingtohach1\CraftingTable\CraftingTable, true)
#3 pmsrc/src/plugin/PluginManager(356): pocketmine\plugin\PluginManager->internalLoadPlugin(string[57] C:\Users\tranthien\Desktop\FoxCraft\plugins\CraftingTable, object DevTools\FolderPluginLoader#25157, object pocketmine\plugin\PluginDescription#25274)
#4 pmsrc/src/Server(1005): pocketmine\plugin\PluginManager->loadPlugins(string[44] C:\Users\tranthien\Desktop\FoxCraft\plugins\)
#5 pmsrc/src/PocketMine(304): pocketmine\Server->__construct(object BaseClassLoader#2, object pocketmine\utils\MainLogger#3, string[36] C:\Users\tranthien\Desktop\FoxCraft\, string[44] C:\Users\tranthien\Desktop\FoxCraft\plugins\)
#6 pmsrc/src/PocketMine(327): pocketmine\server()
#7 pmsrc(11): require(string[80] phar://C:/Users/tranthien/Desktop/FoxCraft/PocketMine-MP.phar/src/PocketMine.php)

PocketMine-MP version: 4.2.1 [Protocol 486]
Git commit: 6d6551253173a498128c750c38e719f19880ad49
uname -a: Windows NT tranthien4-8sin 10.0 build 17763 (Windows Server 2016) AMD64
PHP Version: 8.0.13
Zend version: 4.0.13
OS: WINNT, win
Composer libraries: 
- adhocore/json-comment 1.1.2@fc2f76979f0a44a5f5bc2a2b600d0762fe0e78e7
- brick/math 0.9.3@ca57d18f028f84f777b2168cd1911b0dee2343ae
- daverandom/callback-validator unknown@unknown
- fgrosse/phpasn1 v2.4.0@eef488991d53e58e60c9554b09b1201ca5ba9296
- netresearch/jsonmapper v4.0.0@8bbc021a8edb2e4a7ea2f8ad4fa9ec9dce2fcb8d
- pocketmine/bedrock-data 1.6.0+bedrock-1.18.10@e98c511584a7bd58a95986374d2df4b04c6a2ba0
- pocketmine/bedrock-protocol 8.0.0+bedrock-1.18.10@017e57c8f8a74118bcbba7332e7ebac9e6c81693
- pocketmine/binaryutils 0.2.4@5ac7eea91afbad8dc498f5ce34ce6297d5e6ea9a
- pocketmine/callback-validator 1.0.3@64787469766bcaa7e5885242e85c23c25e8c55a2
- pocketmine/classloader 0.2.0@49ea303993efdfb39cd302e2156d50aa78209e78
- pocketmine/color 0.2.0@09be6ea6d76f2e33d6813c39d29c22c46c17e1d2
- pocketmine/errorhandler 0.6.0@dae214a04348b911e8219ebf125ff1c5589cc878
- pocketmine/locale-data 2.4.3@4d0b081f1a79407e087968ea76aaf330db6ea2b5
- pocketmine/log 0.4.0@e6c912c0f9055c81d23108ec2d179b96f404c043
- pocketmine/log-pthreads 0.4.0@61f709e8cf36bcc24e4efe02acded680a1ce23cd
- pocketmine/math 0.4.2@aacc3759a508a69dfa5bc4dfa770ab733c5c94bf
- pocketmine/nbt 0.3.2@3e0d9ef6b6c5fb45e3745a121296e75631b3eefe
- pocketmine/pocketmine-mp 4.2.1@6d6551253173a498128c750c38e719f19880ad49
- pocketmine/raklib 0.14.3@4798576fec0364266dce23b368a7fec5e5de7927
- pocketmine/raklib-ipc 0.1.1@922a6444b0c6c7daaa5aa5a832107e1ec4738aed
- pocketmine/snooze 0.3.1@0ac8fc2a781c419a1f64ebca4d5835028f59e29b
- ramsey/collection 1.2.2@cccc74ee5e328031b15640b51056ee8d3bb66c0a
- ramsey/uuid 4.2.3@fc9bb7fb5388691fd7373cd44dcb4d63bbcf24df
- rhumsaa/uuid unknown@unknown
- symfony/polyfill-ctype v1.24.0@30885182c981ab175d4d034db0f6f469898070ab
- symfony/polyfill-php80 v1.24.0@57b712b08eddb97c762a8caa32c84e037892d2e9
- symfony/polyfill-php81 v1.24.0@5de4ba2d41b15f9bd0e19b2ab9674135813ec98f
- webmozart/assert 1.10.0@6964c76c7804814a842473e0c8fd15bab0f18e25
- webmozart/path-util 2.3.0@d939f7edc24c9a1bb9c0dee5cb05d8e859490725

Loaded plugins:
Alerts 1.0.0 by hachkingtohach1 for API(s) 4.0.0
AlwaysSpawn 2.2.5 by Philip Shilling for API(s) 4.0.0
AuctionHouse 2.0.0-BETA1 by Shock95x for API(s) 4.0.0
BlockGenerator 0.1.0_beta by BlockHorizons, Chris-Prime for API(s) 4.0.0, 3.0.0
BuilderTools 1.3.0-beta2 by CzechPMDevs, VixikHD for API(s) 4.0.0
CropGrowth 2.0.1 by NhanAZ, kaidoMC, YTBJero for API(s) 4.0.0
CustomItemLoader 2.3.1 by alvin0319 for API(s) 4.0.0
DEVirion 1.2.5-ALPHA12 by poggit, SOFe for API(s) 4.0.0
DevTools 1.15.0 by PocketMine Team for API(s) 4.0.0
EconomyAPI 5.7.3-PM4 by onebone for API(s) 4.0.0
EconomyJob 2.0.6 by onebone for API(s) 4.0.0
EnchantedUI 1.0 by ItsRealNise for API(s) 4.0.0
FCCore 1.10.1 by hachkingtohach1 for API(s) 4.0.0
FishingRod 1.0.1 by hachkingtohach1 for API(s) 4.0.0
FormAPI 1.4.0 by jojoe77777/DragonfireHD98 for API(s) 4.0.0
Gems 5.7.3-PM4 by onebone for API(s) 4.0.0
HealAndFeed 2.1.0 by Kylan1940 for API(s) 4.0.0
HealthTag 2.1.2 by Shelly7w7 for API(s) 4.0.0
InvCrashFix 0.0.1 by Muqsit for API(s) 4.0.0
InvSee 2.0.1 by BlockHorizons for API(s) 4.0.0
KeepInventory 1.0.0 by NhanAZ, KhoaGamingVN for API(s) 4.0.0
LaunchableTNT 1.0.1 by Vecnavium for API(s) 4.0.0
MaxEnchants 1.2.4 by Xenophilicy for API(s) 4.0.0
MinePos 1.3.5 by hachkingtohach1 for API(s) 4.0.0
MultiWorld 1.7.0-beta3 by CzechPMDevs, VixikCZ, fuyutsuki, kaliiks for API(s) 4.0.0
MyItem 1.7 by hachkingtohach1 for API(s) 4.0.0
NPC 1.0.0 by hachkingtohach1 for API(s) 4.0.0
Napthe 0.0.2 by hachkingtohach1,tungstenvn for API(s) 4.0.0
Parties 2.0.1 by Didah (@Diduhless) for API(s) 4.0.0
PlayerStats 3.1.9_BETA by hachkingtohach1 for API(s) 4.0.0
PureEntities 2.0.0 by LeinneSW for API(s) 4.0.0
PurePerms 1.4.5 by Vecnavium , 64FF00 & ProjectInfinity for API(s) 4.0.0
RedstoneCircuit 3.0.1 by tedo0627 for API(s) 4.0.0
Rewards 5.0 by Wertzui123 for API(s) 4.0.0
ScoreBoard 1.0 by hachkingtohach1 for API(s) 4.0.0
Sell 1.0.0 by lenlenlL6 for API(s) 4.0.0
ShopGUI 1.0.0 by hachkingtohach1 for API(s) 4.0.0
SizeUI 1.0 by fernanACM for API(s) 4.0.0
SkyBlocksPM 1.0.1 by Vecnavium for API(s) 4.0.0
Spyglass 1.0.1 by ItsRealNise for API(s) 4.0.0
VanillaEnchant 1.0.0 by hachkingtohach1 for API(s) 4.0.0
VanillaHopper 2.0.1 by ColinHDev for API(s) 4.0.0
VanillaX 3.0.0 by CLADevs for API(s) 4.0.0
VoteReward 1.1.0 by  for API(s) 4.0.0
WorldProtect 2.3.11 by aliuly for API(s) 4.0.0
_NewAlias 1.4.0 by Javier Leon9966 for API(s) 4.0.0
libEasyUI 1.0.2 by GiantQuartz for API(s) 4.0.0

----------------------REPORT THE DATA BELOW THIS LINE-----------------------

===BEGIN CRASH DUMP===
eNrtPIly20aWv9JLpzZSjUjhPpRVSopkx5qxbK0lx9kJU6oG0CARgQCCQxKdyr/ve68bIAApthIz
m9mqUQ4CD92v3300jl8mcV6ueH19K8oqybPJgbU3qZOVmBzojmW7uqP7zswxXMP09yZNIS9pM9ey
PVvTPMfQDd32jL1Jyqv6eVnm5eTgl0m9LmDY5IKXlZDAvclKVBVfILhaZzW/ZwIv7LEmE/eFCGsR
sTq/ERmbT3g1n8CMuEnTF0mKU04O5vN3FdA4n9clz+plIrL5/FRUN3VezOcv8vuTksf1fF6kzSLJ
YBidJ9niigepmM+rMpzPlzxc3gCszvFIfzBocDorlgUSIQlQePcHQ/YB6/4I6WjE4AzQpUkG6AwX
pAmMhHD8w+SZxooVoroVWZSX+0Ue3oh6BSP3QxBrleY8EiUt9g2vxAnCXhFsxzN3D9gIOP0aJxBg
p6pLWPwHy/yR/S7md4HUZzrbeQz7L2GaV00pfv087IZiGv+T0t2/oJ9znoGdlDu6bcPyJIFrcZ9U
9R9nZ4/VZSOXNT+1rGk7sOxGB61NzeeDcdOvk6wWZcZTlIu81NJnuz+yz7TYPZYHP4FXsFNxe5Xn
aYVTUpC/XEnq4plh67bbDf1tmmHZsEzAe/MM5hiuRaKweqK4FOUtylzT7Kdxn3Zcb9Ri/RG2iRS7
R8oFLX4Oi++YmjWiRtI5/fr6OswzWLcJ6x3F/shQnxmPCqapExTmOUchLoCVZ+YeUwyYzu9goJv1
GWw7v8G24Y7YrqR6aJIrJ+3oOgwqxc9NUopWBZ72IyuWvDzY3z852CeK9juC9hU9+y05vTWn5xcz
nDgiBYPg7uTHX/cmYsux/U8Kq0CpxHmdZLd5eitWIqthoQiEFNaT9ipA4DjMI4EsGa4GgHk9rxn8
fZFB3mGH7AsQWjX9eiHqU17zs1qsdgxwNm2P6btfwWzD1cezpl9Xoj5pqjpfveYrsTOfTOeT3a+Y
/MOh7T803+jNhzy88wWE+hpW1r9i8vC/Dpmrjv/2t91faJKpJqllgb+GliUCaeieJEYRafUW+ZUg
doeBTp3u9AuQUVIIoOCHH+VkF66x3l8S7/yHWBX1eud8jQseHIB4zsAReRaKnd3p15ESVfWDEl8B
doHyu0j5WpQ/fFHQL4mVRLT744+7u78wRst5A95AJAJ0v82lGK/YFwlMUsL0BwsqDhU6KYyKpoQQ
W9jh1+wLXFTO9bRu7mY24T5ZivAGDQgH/zCflKJq0no+kTL19Efm4ardVKK4Z0W77PBQYn5wRZFi
PIKSyJE8/DCeDKIA+jAnfsWkFXhmDwX+Q6biWQOohNk9mIRsLEieuz2T+3MtxvN6xPz59uI9ai9J
Be6381uyVqhQVb/+u+j7d9H376Lv30Xf/4uir62VKiyRjlNR1nSUcdwCaAF7k27nYKLPtJkGEN7U
y7ysMMqNHBaR8iLBKxYNhnORoelHk4OYp5XYm0SigIiIs+Filcf1aR+w4lS8PQgEkpz2FytCsAcs
U99cXr1/8/bVKYDuRFBBcMbpdV1UIK47XofLapnUszshgnQ9C/PVPobp4/SOr6vLgt9lA5430D7j
xsyY2UPGL5ZJmhTsEn6gNl1sjfGC8FYK7XzOiaQKSZrPpQ9smL+8On579e5iwDpxBw4ElL/Mm0r0
2euDh/wBydNvnl8d60MuL5dgNL59/5nsTZ6DX+er9fHF2WTDaqWQA5OSsCUSBioekvlRRSO336SA
51uRiZLXsoVR/I4u9DnWZmDM14Go+ZBhmvIyL5MPEIjg0smyhEriosRtsbEM9ibmZ6l6sNZ8PqT2
obI/IoAmwSRCGaXPfh889GMgfIrMG0PuTz6IcHlxDtkJJ3yX3Cc3L0+3ZtohYi9WEWCfzwNJXC2z
4IjUJ/n2IqmXTUAe3aN7f4AKhHNS5sW3ZX5XL3ui6QHHfjDygNdLnh3/E2A3PIny8xM4+p+rb/4u
ynxrcpFLYKnQEiUz2R8QhKIW2abaFMthZUc95seXhiIwxyLg6W2Saabub43jDiMwPSLmIeQpHnD6
/LukJAY6LjvQ0PIhkE+PX128PNZHtl9A3ZBgq3T55oXYXjgnrPP5LdEyn4Pxq6MefZ+I5m2x2Geu
BQ2Z0+1xft4kfXYl+GprfG0K2B4pH+HjEVvdkLbf4QBue6liw28P2OfYnrkzc3pxbg2ZzjMRwH9b
Y1bhm8+FJAOQzucDkj5poGr03/PgIVcIHEchZwscjbLuU7n7KQ867iRpn+YuCyHw1CJ6N1BaDzoq
I4fcndXVW8HT10m1PZ31cAI3G0qeFlqRqRcnJ3nZL58UYORyDzLG/1lJLOlpf5+SLcABMQClYbme
VetaVLNM1PsRr5ZBzsuIKuMXCRSf2eJtHvVZ3wDHDcFfxn1HUv94a1LIy9UwBLWQIf/W2JZ/yn/K
hYt/+6clX+RZDI3cy1Pf25okNitgC0pEdQdPsetvxaqfSuj0rwyqSID8/1OofwlOfZxFL4To22cf
OgylD4LNP9Ypz3Tf0rbGSYdxPu/R8fRAg5Pq5RVfjBiSsDE7xrhDE2m6du/crbFTtRglO0TF05k5
y25PSnClF8l9j50+dNiGPQgg583PgG5r3KwI3XyeZLchUhAn97+ntQLCL4UYcoKAT3QNwzZyW7yM
GkZJyu/h5h9CFDBLZNBgrntMDeGf2PLpOqJ/LHP+LV9B4P3u9daboQFJW+iHXvEGiwAg6Or1VY/1
IfwTye07EWb8Nmm2V0d3GEGNfUpGp09R7jm/V3VOP7z3oeNOaBThvxdZTttP4Xpr/PVwohI7WgYn
T+IO+oSLfMCZgox3Nuy/qCBR9HQHn71Hed6kdfI+L9N+pusBh4y7akvH/OSWzsk/6dmrdVNXzU1C
WxtpktxUf85GzwoJvkOCQTJ94j9nk6eHCAVF9wP7QpKAkYD+KrsgYtrfbRWory9Oegzj2b/KTj3Q
8vvi9W86wGte1Mt+8lWAcQVhfJTTvbrJFlUtstvsT2SaKGt/nxLQLnhZJ6If0FrIJ2qL0yTiS7Zz
BL/NMhVVtbs1tqIW5XxeSGLm8w1Vv9dhOwKJXbr3flnzQXbqQ/tsm1Do+td4Q+IvMuIeYYOTz7bp
i6YUz7M6Geu+D35wa2YohFciyTJx+X5r3KeEEHQORAhFBHA9JOn3be61NO4PsCj+L0S5GjMvYePm
2v6N+ovtMcd68ULT2H+yizLH+8Fn0GlnSb290uVariAFQeT1Dp/i4W9FVNXQ4p4kZdhAS7NheHxl
aPoPPL4WUa45xvZavBbhfF4qSkJJyXz+kLQn8HkHWaka8Cchw22FkRm/F2X9oUl0w9waXxuUyAjR
8Idbhw2ufYWK/PcyzEvxDabhHr894Ec3Ov/PwteGoP7xZwevS5Gmfbbx9BNlRyoy/PeV86fsXXfY
8WGKNMUnSYikT9rs5TIvvh3sVreQf5UyStHTHWyrcLxMPogh4xLwUcON8Zmo7PjkfGv8dhiBQSJA
/v4BR93QhtzdrGmXpLo477PYg/6VLX6PjsHJkyy2WC/wOag+Wy3oEzz96fdXWkKevk34Hc+SNOVq
B6DH0+jCv4o3Dskan2/LNxXWl3lRDO7YD+Gf6A9O8jTJXkKbvDVpdBg7viUlo9M/0tN3tG64//4h
498/qJBGdnDy6ph2OLbGscTXMfj95uhJ1p3XQhYNfV42wNEtxBE322KiFDCaHiW6haWf7pu0rwJV
dY0vVGzoH4AfPDLy4JmRpEnXW3xgBNHN57SPVEgaxgw9sTM5b5IyTkQa9Z7InravqdTQAO2veFWL
cn/AL4jl+rW4O04T3o/AG9gnbgv+HTKAKNkrkWe+7zhbE4zE26LFxyOBGPXzB/xxiG5fovkVX78J
nvNqPagbNrBxkB7tx3ybQIj874ZDPb01vuXK83lHwSesGl8b4iUQDpodPRjTPiRLtNzXIkNOSMny
/v/EwxiL26pBuOL4GNkGEnIoPyOY24flq+soryG6D6DqtaoNoCnT/nnE68H1OElrMUC8WBX90yWk
jv55AhXzbR/wU0Ua6c5XgXyeeADLy7p7IBL1hq9TRBS4NoOKcCiHtyJOBT2j2YdWJNFqCIqwkupB
Li9eDZZfVz+nGS6mjlh3id4ng4pwIIL7e8U1koshZ81XqXpAF08/JIUMqT5tHXwAG+1Ph9P71VDq
OZJnaJqp64YPgIvTNwPWo/yaSBsDAZQMFZaDlVbVYOBlsipS8f35gOcRBXBaCvmE3gB4VyYj/Rf1
EkeihNsHUC+WI9tbNtkNPQxvkJDks3zJIkgyjnf8IHca9GxRKm4hBAZqEKKCuqSocwUwpLAiULQ0
S01lqU3MvN6s1buOr/0lWZwP7DZ6oPJkYCUkSrMPKgW4B/rhopG22OL/J7gbe3MRQlXWEz5697JQ
6+KK9BRtv1UduDu6Mq/E5p14kKe0H3oqdXJgaLYFYquuoWLr4hKmnTzMAavlObAG7uhMnMixbd2w
Td01ueV7uuGFrq2Fpidc3Y913/M0HlloWU2bR5Msyu8q9vqKdQ/xW1OvSjKmg1YZ0cB013VMttMO
lm9IMEPTnV12fH7q4L07fIG9J7QPgjzJ6uxlWVzjHbPJ+7PXdAuRTu4oZ0KQKvJKlNeg5ZKXajOS
R8scdwv2MXRMYYx6uRJrFOMoDo3YdXzXjzVuWdyO7SA0uBE4mhZprmPEQhMu8I1yLJPwZl9FS23m
z8yjkNtupHuxZnixZ8Wu6waG7nhhpPu6HmiREIZpmVxQKAReIQxBQoIAmwY8vJneQgkQyee7QZI3
WX6XHalfNLtFmVeV2AeWeZXhC3i3BibhIyFiy/N8X49sU9iecLTQt20r0PxAB2ECUQH3DR9dAgJ2
KSrBy3BJ/K+4rMInt+RtR14QhJqhc09EgSEs7gpuxB4oN+a+CP0oFEYcBl408JL9QEQlnE3x5TSS
pDPT/tYCQa7eTAcqfS+0dd32AGsQ2R73bd9zTNeKjCgGYq3QATlz7XHUG8MkW3iIXtNdYbshyJ27
lq57QRgE3DVNQ7gChOsLJ/R0xzdH6ClmbBwcBHpk89AVgvs6jwMeeVEIJh/boTCtUDiG70a2cOAy
H2J6VIlYKJhHjuV6rgVG5ThByEGmtufZhmUIzw4NMzRsAZKx6Tn1x1+gU6RpR5YvuKmZvm+KOIoD
0w8jUzOEodtOZGuA2jM0H+xzhClP8w0OsAqk34lcJzaEaUaOp5uh6UeGHxpGaDkhSFKPRtTQu9DQ
BkapIgdUfBRxWNrimmVaXgAWLjxD90UQQ6yIYx148vww9MbkpDlWFK2xoAmbR1akBZqnxzp3fUtz
hea5vuMJ7jqcx6apRQGQbAT2GNOCaCEncEJfN0It9jXbBlVHhqlrngiNSHf9wHdiCywMKH2AYdpL
ORKVo8cuiNELYxMUFhqWsAT4vcHDSIC0NK6DG5jhyAm6QABx9ojzMDRd2+e25nHHj2LwwdCCH9fV
eABmGdqhbwXxEEUW1G1uOjKFFvkidgIntOPAsgV4is11AzK4I1zbMfXABMcXQwy9cp8KKYr5R78j
gPdwlfxGlhYQaklHru/ZYDQi1EzHMhwHo4EZmA54HABtYUfC9Q33MSzTpAjbiubINwzuWBb4fOiE
bsQ5t/FfzzR0UL0uQss1PS5G8q2yPP8g2ox/pHHwdQjNrqeHlu5zPXYsAe5lQWgxbQzAti8MHx/t
hZK4Emt0g01Fh4+GGEch/LmWECBdw4PyKABHsrTA1jXbEcKLzCBwnFDjGyRNk0RKriYkCz8I3Diw
Tc9zfD2OXNMFu7CsKAysyIHZYWyA1nH6sllVnLfzH0b3ar2K82wNGkzXUGCk07aYvgVS0SpNDaKG
7hkh6I8HumtH4DSmFQVaDMbt+J7vaWhcj+GClEFvere4bDdwdQM8TkRR4LshJDbuQWgyjdCzhGa6
nm9EhvB/C5fexxUJK+BGZKH0Yj+INKH7gcHB5yAQmzZEF8gcXiyblVX+AXqkfQhtoqzbh4vB5XzH
AipC19MsD0KKZxlgBEIDHUc6pC9gUveEYQ+QFOBxU4zdqj+HgOSbfuyKCHw2BJMIAj/EpGuHgWZH
HsRb3/I1F9BQr9TZ1mxN5eozhs02C/F51kVTcjQVhsUevsTPBtXVPHvGrpaQSVklanz1tWK8FKxe
CpZnooIDXrOQZ1les0CwJAvTBoIHHDD5QuQMEhpkXroLCbgu8xXMjBHBGGfFY3ynFq6UFaJkAUSr
G7bOm1LhYknMVtCFQMePK0Bxg5+JSNeIGHr3Dt0+lLq8SeuK3eXZlzXD3M9LBl1sDsErwQy2Rgrx
xXLJ991SZKwpFiWPAMFsns2zFtnBPGPs2fulQMJYncMqULUCCvVyaUWFX4WldSQvE6ky+DOQZypq
khduGIaCydyCkBViBomHYppyLI4X4oBRfYoXqmVTQ7WYTdXnOg7YfKIKx3mj6boO/9eEyW6W80YX
UZx0YDjzswVL8YjryX/MJ8TCcZrmdyxNKmSLqU0Sdptw9t+NKNc45mc8aPdPDuiNbJr6nLp6NYcB
AwwLSwaqBekhtmDNlMxxvNwEmHaXe1w9ew+uBaYDCuBRxOTHFiopf9DMDVsJjm+uY63KQDuBQKJB
iuLnhqco30VyC2Oh+GgE21GLQim9i9jlimJaigJa4SnoB18fPoDLtPbrZhWA+MD8jqt1Fl7x6gYs
pLwBg5vRgHcV6BB9oOUUhy3LPMsbUDMMr/YY7Vox2ZSg4+wxLL+BEew+SDbguAhbNRmYGg6RyC/J
DoAnMMcyv0/AFAWIAVgiE8864lC2iqCzGI0ax6Dx7rGk/hLEV5c0LRK4m0W2NZrMdoCHBhzMILEQ
G1PF6QGhGhs1J+MomyxDdUbYUOYFKYE6mGqGb7mrY7ZKFkvwenwCd6/vpcpwUCJl2RS1hEqBoWBW
QJvii5QL3ktdSSQ9h9/mSQRkP04B2gjaHLQGCX7wq2doMHgqB3WWNs9WApZbS+/9Ns0DsB7cf2IS
Dn6wSmoMAiux4AFt4bNLKWqNhJtU9JUCnH6FWrtLSPJkUeDdd1OJqDWyijjE9wPggAl81hXRxKUQ
7ZLSyEFbDfozW+SgqBz9Ga0CF1oQmVMi7YBpyAWsTrFalm7/8hzght7H6F/yMvo8+qs6L4gEFWc7
khS6ikH4KDDtRh1BuGpLla4ZliKMgsB78gpFX/XlFigkvyCSMGKwsIEslUGWYuJehA0F31ySLD0S
s1o3WtyHQkTVhiMZuN5cPT9gVy/PLtmrs/OzK3Z8cfHq7Pklu3j+lr1/8/Yfz9/uMRjErt7AqOfs
/cs3r56zi7dvTp5fXs7GIWAgD8N2lDguRJnklLkxEFfIYEjfxlHS6IKtDrKH2iGi2EJDphAKhQyz
hOokz4BPCNBgTcjvbxmbNLK7JaZgkAmGIDmMMEskEHo3gVxmJFrjDeYQLAhowuzhaLQFtR0NaitE
iHWDlCySK/Uq53Y8gHmJotqwamqK12r3cZIU56bifMHLADxjuinBKQA9Ll1yNSRHzWJqFsTuFc8a
qlL6lEAF14AN7u61OWFshK0ZyvQaQ69SS35XGxecsTcy5kuDhzIjb9KooyWBJHKXsQ39lURcEPnA
qKNpildY7QUFiwdJkkxHYuh4i8t81SZbOVuNmPZNs69h5EZp8oFtsEdMamAdl21liSorc/r+QmvI
UbMqZBkmaz2mLkzxQquvUxykJhDtRGbLAX5p6E6As/NHBAxJGxIfrHALRlZVjcDAUC9Ba4u2LMWg
hattqNprFSlrBFV9ziQ1OPQ35bTi91Pavq1a2k94gdBk1awgx0J6LRE5fVoJFcnkp5MkFRu5or8o
UZLHPLQxqMoLRREtOMVyuYGka3UaO83lpbFNY22EUU/il4NbF5K41MA+Z1Q5TGl7uOPtFEihWgXK
R5QeUCcLDIml4Ni8MDlHcrjhDqYpeUp+2pVx8KbaRQGm2C8ovB9H9TE7nGeZqFFhBypFQGm2zFNZ
Ygb4XBZV4kQyVE1gQirJUGyTLZK6KlNLILpiU6a3Z30ttZcwrJbrGpHvsaneUyApjxae1i0xKgVQ
1N7UsXRLAUvISHKOTQ8V+jgZgIqsGXsJtSDY0iEVd+zk4t0ew6eEYWAW3SURmD3VCjJ6dvinhP+A
OW3ZvanIK5JOb+yMHUcQqJY8jfeh55RtQiTAhtVSsCjD/UM0sJ4jbtJeD1m/FXl+j1ENS0yezhgS
8e4iu2iL7U2niL0EEoV3+3FiU2TFVJ2Puptz5XVV8kF0+sSyvFVjhQlPlUxQtkvz6KVWyzfkpN0Z
u1BzUl4uaAJXLauyBVoxLvkCWQCdgNiqIqWKBfvQFRCPzs5L1NNJmsAo2VjjF4lEVbPzq3dEaQUs
IdtBUzNs5EmVm+VkczFrY82qbqY464Co7feHIqP7TuTrMcMdhBC/YdSxCY1yHCfhjFGWWnIsAliy
AtnUqDvQBn3fGMLUHtECSrslopcoCYi6FIghRXMK55VUqSwlYGytbBQ5EXIjQYU61U2dvqEi6fTs
8vgbqI+onmoysiEM2A1GSrplKouEBI1RfZgy6vcbGz43vh6JoFkctE3b10zHZk2VrEsIV3SdqV6+
krsP6M1ZlcvkrTxCR2SSaontZJnnFe1QtL2aaLtxiuK4vcwqfttmCzjERyDo43h4rdfGA2F4vCeL
NrV581OeZHJDgCT1Jfs+yO/R80t2dsp2vn93droLege3Bxpg/B2oDRWTQLoH58AeroyUfGT5Ad6Q
b3SXgbd//82rFr/q73qQL2kxvJ9GhQOpV5UixFvebiWpNHoP9E3xiYTDPI5pWbiWxOvpfZNEG4WQ
PKfDXZwr2oaRriY/pS1lQJFe+VVTqe2gEIJILcOsmjOVcw6YuuGKy8gUosKjWgVzIM8WXY+S4bR0
nIr32lG3ibibdgn6sZ0zKdzjVd5g9IhlrlPBBETWihZzO0ZH2goB9eMxJWeY/JZSdW8yMZ4J2XoH
QiILBH6WkdEXqsiVlq2dkWkheJj0Jfu4UMc+xEDGx6QCLyFlLYYffXyMSu1xMnkJmCLGW3MHYtvJ
+NtRY452eAJ6GhOkWSWRzBnIDwedgsFVTdCXwgKTKIwQkUyddNKlNtpqUsbBw1CkgjoFad60aprc
wBLYJ1MkSjmwvqBv/8g4BktwtpTYekEOvL+qZUomYqcojZa06UY0krWz06rHF4Zp1LzExuQN1o5N
teXUljk0Z6AkwDdlBnsGZOKTnp0iN9tanS5nD5WpgtcdT6ibhWQCrZ60oiIvmrR1G3WC+Z7GqLRh
GrggtUHIJa2EGRcjF5QEqsFAiNrIO1ClDu47UnMtwbJSUJaF31frInS0CXromVP8dPAI1AWGIVg9
edDL6RAPpvLhqm7kEvR2IEmZFatVMUtyohhC3XqFzSG4co37rGG1IR3TlLrONteJBQpzfLEoxUJt
Kar9R7nNgl8hvRnzR/RBrHlz+gY/MThVSUHWBxi+7oTsQDg4+R2tWBHhGwYINuvdHYA83Um+KfAZ
JqmcB0IFhcrrypigEsInDCiX9fLNCW7ii/5e3h4kh2LJwS0ERvYSaWjrUsgYsSih95hiXMwwGcqr
be6SmYMP9gbVUx+9ZNtADQ61DcXWNoQphKRleb1d44FWJV99tdbJapNBVDZGpDgerR4TBmoRwzgu
SJuealK7wT3bLKCu9FdoJffxfK+SidSk9IDeXpLCAehrJc9212ipgDLElV0noaIDbsJDsxZRGZTE
HSK8md6U8tYMRpt2K0VGXsCnolObbzk+Xqj6NCitOT4spc6wAAIala4OWqXJa2CjuKd3wH6gygWK
1j3a5PsRkcrE3CXv/i0jYgMr6ZICPG6jtJ/bo/2Rx/IoxWdqHyvqGKj9xrePi1SoIqBPvlyX4NLQ
n1UC3cDSLHnarQg8ySeKr5Ei+YI0jcC+Q+A221fqOY4927+nd7L2zPsoKes9isBfqbJP3njp72BI
j8asB3JWG4y8USaYgubCNZMfWW3KNgi3bVvZ3bKhCAN4IDeFdO+saoU2bW/3gD3IGv/ZCwottBSN
HyChIllBrnuQKRWbvSowl42A/Cyw6njDG3r3iro7iHRBAt3KWlZ1NA75TfAj0KlMG9JvJJeEH8qk
sovNeNN2rGG8u3mx0fcJ3eKke3xzKGGAsoa9EAEzLKbbB5p5oJvs/dk3zNAMAwe09+EOBYRbOF/l
dXR42ZS3CVQBCJALTtH5DnVfN40R8NYhsIlg1S0kBQDB2gFyt0xqMcVbcIcaoYd2ShVvhzZBFhw3
EyIhr8ubgx0M6l2E4vYt3uZpz4vbQuGPEuyvwKDXh0RYZ59dujskLqk0xor7MFzSbUQfd2DlEQcz
XW1GocX3JuG9+sPT5y+O37266vFINw4VEZQ+0JfV+aC8PfQQ1Cvhacjk1/8FEx474g==
===END CRASH DUMP===
