PocketMine-MP Crash Dump Thu Feb 24 12:00:18 WIB 2022

Error: hachkingtohach1\MinePos\Commands\MinePos cannot implement pocketmine\command\PluginCommand - it is not an interface
File: plugins/MinePos/src/hachkingtohach1/MinePos/commands/MinePos
Line: 9
Type: E_ERROR

THIS CRASH WAS CAUSED BY A PLUGIN
BAD PLUGIN: MinePos

Code:
[1] <?php
[2] 
[3] namespace hachkingtohach1\MinePos\Commands;
[4] 
[5] use pocketmine\command\{Command, CommandSender, PluginCommand, CommandExecutor};
[6] use pocketmine\{Player, plugin\Plugin};
[7] use hachkingtohach1\MinePos\{MinePos as MP, math\Math};  
[8] 
[9] class MinePos extends Command implements PluginCommand {
[10] 
[11]     public $plugin;
[12] 
[13]     public function __construct(MP $plugin){
[14]         parent::__construct("minepos", "MinePos", ("/minepos [world]"), []);
[15]         $this->plugin = $plugin;
[16]     }
[17] 	
[18]     public function execute(CommandSender $player, string $commandLabel, array $args){
[19] 		if(!$player instanceof Player) return true;

Backtrace:

PocketMine-MP version: 4.2.1 [Protocol 486]
Git commit: 6d6551253173a498128c750c38e719f19880ad49
uname -a: Windows NT tranthien4-8sin 10.0 build 17763 (Windows Server 2016) AMD64
PHP Version: 8.0.13
Zend version: 4.0.13
OS: WINNT, win
Composer libraries: 
- adhocore/json-comment 1.1.2@fc2f76979f0a44a5f5bc2a2b600d0762fe0e78e7
- brick/math 0.9.3@ca57d18f028f84f777b2168cd1911b0dee2343ae
- daverandom/callback-validator unknown@unknown
- fgrosse/phpasn1 v2.4.0@eef488991d53e58e60c9554b09b1201ca5ba9296
- netresearch/jsonmapper v4.0.0@8bbc021a8edb2e4a7ea2f8ad4fa9ec9dce2fcb8d
- pocketmine/bedrock-data 1.6.0+bedrock-1.18.10@e98c511584a7bd58a95986374d2df4b04c6a2ba0
- pocketmine/bedrock-protocol 8.0.0+bedrock-1.18.10@017e57c8f8a74118bcbba7332e7ebac9e6c81693
- pocketmine/binaryutils 0.2.4@5ac7eea91afbad8dc498f5ce34ce6297d5e6ea9a
- pocketmine/callback-validator 1.0.3@64787469766bcaa7e5885242e85c23c25e8c55a2
- pocketmine/classloader 0.2.0@49ea303993efdfb39cd302e2156d50aa78209e78
- pocketmine/color 0.2.0@09be6ea6d76f2e33d6813c39d29c22c46c17e1d2
- pocketmine/errorhandler 0.6.0@dae214a04348b911e8219ebf125ff1c5589cc878
- pocketmine/locale-data 2.4.3@4d0b081f1a79407e087968ea76aaf330db6ea2b5
- pocketmine/log 0.4.0@e6c912c0f9055c81d23108ec2d179b96f404c043
- pocketmine/log-pthreads 0.4.0@61f709e8cf36bcc24e4efe02acded680a1ce23cd
- pocketmine/math 0.4.2@aacc3759a508a69dfa5bc4dfa770ab733c5c94bf
- pocketmine/nbt 0.3.2@3e0d9ef6b6c5fb45e3745a121296e75631b3eefe
- pocketmine/pocketmine-mp 4.2.1@6d6551253173a498128c750c38e719f19880ad49
- pocketmine/raklib 0.14.3@4798576fec0364266dce23b368a7fec5e5de7927
- pocketmine/raklib-ipc 0.1.1@922a6444b0c6c7daaa5aa5a832107e1ec4738aed
- pocketmine/snooze 0.3.1@0ac8fc2a781c419a1f64ebca4d5835028f59e29b
- ramsey/collection 1.2.2@cccc74ee5e328031b15640b51056ee8d3bb66c0a
- ramsey/uuid 4.2.3@fc9bb7fb5388691fd7373cd44dcb4d63bbcf24df
- rhumsaa/uuid unknown@unknown
- symfony/polyfill-ctype v1.24.0@30885182c981ab175d4d034db0f6f469898070ab
- symfony/polyfill-php80 v1.24.0@57b712b08eddb97c762a8caa32c84e037892d2e9
- symfony/polyfill-php81 v1.24.0@5de4ba2d41b15f9bd0e19b2ab9674135813ec98f
- webmozart/assert 1.10.0@6964c76c7804814a842473e0c8fd15bab0f18e25
- webmozart/path-util 2.3.0@d939f7edc24c9a1bb9c0dee5cb05d8e859490725

Loaded plugins:
Alerts 1.0.0 by hachkingtohach1 for API(s) 4.0.0
AlwaysSpawn 2.2.5 by Philip Shilling for API(s) 4.0.0
AuctionHouse 2.0.0-BETA1 by Shock95x for API(s) 4.0.0
BlockGenerator 0.1.0_beta by BlockHorizons, Chris-Prime for API(s) 4.0.0, 3.0.0
BuilderTools 1.3.0-beta2 by CzechPMDevs, VixikHD for API(s) 4.0.0
CraftingTable 1.0.0 by hachkingtohach1 for API(s) 4.0.0
CropGrowth 2.0.1 by NhanAZ, kaidoMC, YTBJero for API(s) 4.0.0
CustomItemLoader 2.3.1 by alvin0319 for API(s) 4.0.0
DEVirion 1.2.5-ALPHA12 by poggit, SOFe for API(s) 4.0.0
DevTools 1.15.0 by PocketMine Team for API(s) 4.0.0
Dungeon 1.0.3 by hachkingtohach1 for API(s) 4.0.0
EconomyAPI 5.7.3-PM4 by onebone for API(s) 4.0.0
EconomyJob 2.0.6 by onebone for API(s) 4.0.0
EnchantedUI 1.0 by ItsRealNise for API(s) 4.0.0
FCCore 1.10.1 by hachkingtohach1 for API(s) 4.0.0
FishingRod 1.0.1 by hachkingtohach1 for API(s) 4.0.0
FormAPI 1.4.0 by jojoe77777/DragonfireHD98 for API(s) 4.0.0
Gems 5.7.3-PM4 by onebone for API(s) 4.0.0
HealAndFeed 2.1.0 by Kylan1940 for API(s) 4.0.0
HealthTag 2.1.2 by Shelly7w7 for API(s) 4.0.0
InvCrashFix 0.0.1 by Muqsit for API(s) 4.0.0
InvSee 2.0.1 by BlockHorizons for API(s) 4.0.0
KeepInventory 1.0.0 by NhanAZ, KhoaGamingVN for API(s) 4.0.0
LaunchableTNT 1.0.1 by Vecnavium for API(s) 4.0.0
MaxEnchants 1.2.4 by Xenophilicy for API(s) 4.0.0
MinePos 1.3.5 by hachkingtohach1 for API(s) 4.0.0
MultiWorld 1.7.0-beta3 by CzechPMDevs, VixikCZ, fuyutsuki, kaliiks for API(s) 4.0.0
MyItem 1.7 by hachkingtohach1 for API(s) 4.0.0
NPC 1.0.0 by hachkingtohach1 for API(s) 4.0.0
Napthe 0.0.2 by hachkingtohach1,tungstenvn for API(s) 4.0.0
OreGen 2.0.0 by Xenophilicy for API(s) 4.0.0
Parties 2.0.1 by Didah (@Diduhless) for API(s) 4.0.0
PlayerStats 3.1.9_BETA by hachkingtohach1 for API(s) 4.0.0
PureChat 2.0.0 by Vecnavium, 64FF00 for API(s) 4.0.0
PureEntities 2.0.0 by LeinneSW for API(s) 4.0.0
PurePerms 1.4.5 by Vecnavium , 64FF00 & ProjectInfinity for API(s) 4.0.0
RedstoneCircuit 3.0.1 by tedo0627 for API(s) 4.0.0
Rewards 5.0 by Wertzui123 for API(s) 4.0.0
ScoreBoard 1.0 by hachkingtohach1 for API(s) 4.0.0
ShopGUI 1.0.0 by hachkingtohach1 for API(s) 4.0.0
SizeUI 1.0 by fernanACM for API(s) 4.0.0
SkyBlocksPM 1.0.1 by Vecnavium for API(s) 4.0.0
Spyglass 1.0.1 by ItsRealNise for API(s) 4.0.0
StackStorage 1.3.0 by Ree-jp for API(s) 4.0.0
VanillaEnchant 1.0.0 by hachkingtohach1 for API(s) 4.0.0
VanillaHopper 2.0.1 by ColinHDev for API(s) 4.0.0
VanillaX 3.0.0 by CLADevs for API(s) 4.0.0
VoteReward 1.1.0 by  for API(s) 4.0.0
WorldProtect 2.3.11 by aliuly for API(s) 4.0.0
_NewAlias 1.4.0 by Javier Leon9966 for API(s) 4.0.0
libEasyUI 1.0.2 by GiantQuartz for API(s) 4.0.0

----------------------REPORT THE DATA BELOW THIS LINE-----------------------

===BEGIN CRASH DUMP===
eNrNPIty20aSvzJLpy52HUnhRRBQzntSJNnWxrK4lhL7NkypBsCAhAUCCB6S6FT+/bp7Bk85tmxz
N0ntWkRjpqffj8EAv43CNN/w8upG5EWUJqN9azwqo40Y7eu2NbPnjqM7U8tyTWc8qjJ5x5i6rqYb
juuaruNo5nw8inlRnuR5mo/2f/5lPBLy52+jcpvBhNHJ1cnr1+evR+PRRhQFXyFszf31dZSsyhR/
6cvlWZSIRVosl0fpZsOToGhAzOdJkpYs2mSx2IikZFnqX4tyA7eXS18OXy4XcbWKEjWbTVgEMwqG
E3nCoqQUech9AUSEUYwUZDS+2FOr7BW5vzegqrmnFmkGA5YYfo323d/HCtFVlNyk8Q0RCNiDKBd+
OarvAqSd6qeBQPHoAP2f/83WGcAM+A1/TPiTcBBTBrSyTwvpO5hjyakz+FMV4sPC+U1NGDP140Ik
gcjHrCe15u7JnfCrMs1/R/z2BxD/toj5FudL9mrp0/i5Gv/H1P9Wa5YX7GwxZmCCa7gN//7+HWOA
wpEsufDHB+OCUWqCuCuB8KKms7WJos8J+w2m65pEo6OgGfyXVV4c+ewbSTTSqiu562Z/SFglfgke
wa6u/DQpyrzyy8dni3rqE0JvqTk0j+dAxf5+d/xyhMLKgOPRmC1rA8ALuLWn7rGfb9M8Dn5Zjp6M
2c+/PCGqZh3M35TrqJj8XS7Mnvaot9W43/EC5b5Ek9OdP2BGkFrF454NIEKpSyAb1MW+UVbzknsi
HjOe53zLvuH5qpBsu7TOsozCx39Tc8G/ipInvkhDJi3jCctFWeUJA1GI70bgJmWO7kcBQrke+sBh
LPKSfqHZA2YFGI+amDTSp9pUAwivynWaw+Cfh+FjBEh5FuEdiwZjFEq4F4tgtI8UjEeByNByJAFF
GpbHXcCGk4/eM1lJTf0X3T7lgHK0OL+4fHP++uUxgG6FV0QlBbWyzIr9vb1bXvrrYh2V01shvHg7
BYnuoQwO41u+LS4yfpv0WG6hXb6NqTGd9flerKM4ytgF/IEAtNoV3xmhLRTW5ZITRQVStFy+BJZF
3vJ+cXn4+vLHRY9zYq4iK3uRgvN3ueuC++wBxZPvTy4P9T6TF2uINO7s7uu4G52AJ6ab7eHidNRy
WijcwKOka410gYL7VH5Uzcjs9zHgeS4SkfNSJjvF7uBGl2FtCpZ85YmS9/mlKS/SPHoPoQNuHa1z
8PhFjul2KAJIEV+j6N5Sy2Wf2Puq/gj/VRTD0Ms0jbve2wP3fRjoniDvRp/5o/fCXy/OjsUNTvgp
uouuXxzvyq59RJ5tAkC+XHqSthJpA9b7lD7Ir1dRua488uYO2Xs9VCCbo5yHJfjRJRLcEU4f/heJ
cD2iBpcPkQuIBcQbxX6+nRbbUhTTRJR7AS/WXsrzYE8KJM2e5+ltue5JowEOo8IgHrxa8+TwXwC7
5lGQnh3Br/+7/P4fIk93JRW5AnJf04TlSJR8gWEoYpHrqijTzWkpNsqtOrwPb/UlYA4lwOObKNFM
SL07YrhBCDwPaLkPeUg8OD75KcqJ/obJBtS3dMhpk8OXixeH+iASZOkK5Aiwi/NnYmeZjZAulzdE
ynKJtip/dcj7RGIDJx/GuQbU502fDd14QUUzln7sUvDNrtiq1wc2Wko+wsYHDLWlbK/BgcxWyUr0
9aggw4BlfnnACnlcfHHEUvQ0P3YVpTr1Qst8B9jlfzadT83J4szqyyBNhAf/35WWFbrlUkgqAOdy
2aPok36pRv8j9e4zhcBh6LW/nqFB4fVQ5t6lXsOcpOzTzCU+RNtSBD/2VNaBDmy2z9xpWbwWPH4V
FTvTWAclMNMS8rB0gjw9OzpK827VoACDQHMvSf6n6gVJTv13V773LILmI1m9ToMu5y1wGHv+LOYb
irq/dyaENN/0o08N6bNvDQ35XfouFXP8b+8456s0CaNcvDh2nV0Jol0A+JY0NT8eYtTPxaabPeny
TwynuL789yHEvwCHPkyCZ0J0jbML7QfRe3Hmh23ME921tF0x0iBcLjtkPDzG4KRyfclXA34kbMiN
MezORRxv57fzXXFT1AglN0TEw3k5TW6gZynWz6K7DjddaL8Fvxc7zqpfAd2umNkQtuUySm58JCCM
7j6nrQa6L4ToM4KAT3RI/R2EHbEy2CuQlHwOMz8IkcEskZRpvu3w1Id/og9umr8f1il/zjcQcn96
teu+r0fRDlq/l7zC3A/0XL667HDeh38iqf0k/ITfRNXOmoYGISixS8jg8iGqPeN3qrrpxvUudNj0
DUL7W5GktOvob3fWKXRwog4bWnoXD+JOParpcNY8vOlvac3+nDqkeZLSeR71VRvTZ1VcRm/wQUSX
6RbY53uutvLMT27lHaHnhtW2KovqOqItnDiKrot/ywbfBumlpykgmC7tX7O510GEctritkhXRhIw
kM+f1BlLYuq/uypLXy2OOgzj1V9k6xJI+bxY/Yfm/4pn5bqbdhVgWDoYH2V0XFbJqihFcpP8+3gm
wuq/Dwlm57l4Lrr7OQpw71HMlwXoz2CmF58lFfXfhzCy4HkZiW5UriGfqI6Oo4Cv2eMD+FutY1EU
T3bFUVBjXC4zScty2RL1uWGnoY+4pceoFyXvZdgutMu1CXW6e4XP0v4cV+zQ1bv4as9cVLk4WvOy
K4Ma9AkLbuun8ci2nj3TtM+LvLTQQuSb4v421ugZp+eFxSJPAf1biKFpVSxOJjW888jxSi4OclGE
t78eZPYw9iQpo6Htd8GfkMRLESWJuHizK/XHhA9sHmgQigbJVIeiz9uNrknc62FR7Esl9HmXsOHG
yOwPTICNmdQC+y8GKnsn/PI0CaMkKncW3XpqJuo6Px+i6NciKMo0EUdR7ldR1+KHd/qefy/elSJI
NdvYWYNe41suc0WILwlZLu9T9gA2b6GyKHrsSUh/R2hgw29EXr6vIt0wd8VWixH5IBK+uPVrce0p
VBS9Lvw0F99jJdVhtwP86Pb0fyp2t/R0f3915L5Yp9nz3sZ8DfmLlI+KnObHrurli+i96PMtAR9V
dijyhCeHR2e7YrdBCPzR+vLvF9h2Sxoyd72lfaFicdblsAP9E3c1OmT0Lh4Sli6y7QqPGna5qkGf
YOnf/RyppuPhm6JQe/nXF2Wa02HblqEu+N7pnD5Tr4WYvMt2xQ/UCVfvsuWyQAoKSQEw1qFHHt/8
AvOUhE7wOKWPh1f2FFZiEmTxE0+iOOZq/6cjjcGNv0hU6lM1vN5VjFJYX6RZ1juY0od/oq86SuMo
eXEsbnYljAZhw7YkZHD5JTs6Dakt82/v8/32Xmk1sIKjl4e0vbUrhiW6hr+37a+HuPlPaSlkudFl
pQUOnhkPmNmZa0PnRKcHb2Dlh8co2lODWrzEc/It+T3wvWNR985FRVW83d2hKMS2XNIWYiZJGPLz
wHbmrIryMBJxsNeemp/UbxyUEA33NrwoRb7XYxekcvVK3B7GEe/moRb2iefA/4A8KHL2UqSJ69r2
ruQi0dZY8TA00KL+fIEv9tHtSTS/4xsV3gkvtr3SqYUNw/NgK+55BNHxnxWHMnxXbMuFl8uGgE+Y
NL4KwnOgG/Q6OPs1OVtMszXPiRR8haGgPQLgUx72GDkYXXE73fPxZYguxOcxkAZzu7B0cxWkJcT1
HlS9b9MCqjzuXge87N0Po7gUPcSrTda9XEPS6F5HfprcdAHvClJIc73x5EsEPVial835Z1QbvioQ
UNBqB2V+Xw6vRRgL2krpQguSaNEHBVhMdiAXi5e95bfFr3GCi6lfrLlVptcigaK4J4K7O8U1kovx
Zss3sTqNj5fvo0yGU5d2G96DiXanw+Xdpi/1FMkzNM3UdcMFwOL4vMd6kF4RaUMggKK+wlKw0qLo
DbygV2DenvV4HlAAl7mQR1B7wNs8Gug/K9c4EiVcnzdfrAe2t66S66qM4sIgIcnDqtHKixKOj3kh
bRp0jCwWNxAAPTUIUUFFkpWpAhhSWAEoWpqlpjJUGzGv2rU69/H9rSgJ057dBvdUHvWshERpdkG5
APdAP1xV0hZr/P8Cd2PnCx/qsY7w0bvXmVoXV6RT83F3V6rr7ujKvBDtm3UgT2k/dAx9tG9oMwvE
VlxBrdZsPmLSSf0UsFqODWvgLtDIDuzZTDdmpj43ueU6uuH485nmm46Y626o41t4PLDQsqo6iUZJ
kN4W7NUlgzo4KdeRSKyJU0QJ00GrjGhg+nxum+xxPfhC5EAtMzTdfsIOz45tfGSLb6d1hPZekCdZ
jb2ssyt8UDp6c/qKnhzTxS1lTAhSWVqI/Aq0nPNcbV/yYJ3iJsMeho4JvmokX5jD+sQ4CH0jnNvu
3A01bll8Fs483+CGZ2taoM1tIxSamAPfKMc88q/3VLTUpu7UPPD5bB7oTqgZTuhY4Xw+9wzddvxA
d3Xd0wIhDNMyuaBQCLxCGIJ8BAE29qBlmNxAARDI1zlAktdJepscqL9odqs8LQqxByzzIsFXym4M
TMEHQoSW47iuHsxMMXOErfnubGZ5muvpIEwgyuOu4aJLQMDORSF47q+J/w2X9ffohrztwPE8XzN0
7ojAM4TF54IboQPKDbkrfDfwhRH6nhP0vGTPE0EOVxOgnZMk7an23zUQ5OpMdaDSdfyZrs8cwOoF
M4e7M9exzbkVGEEIxFq+DXLm2odRt4ZJtnAfvabPxWzug9z53NJ1x/M9j89N0xBzAcJ1he07uu2a
A/QUM1oHB4EezLg/F4K7Og89HjiBDyYfznxhWr6wDXcezIQNt3kf0weVSKeUD2xr7swtMCrb9nwO
Mp05zsywDOHMfMP0jZkAyczovZQuQuy4Y3Vwn0jTDixXcFMzXdcUYRB6pusHpmYIQ5/ZwUwD1I6h
uWCfA0xpnLY4wCqQfjuY26EhTDOwHd30TTcwXN8wfMv2QZJ6MKCGXqmFBjCIFTmg4oOAw9IW1yzT
cjywcOEYuiu8EGJFGOrAk+P6vjMkJ06xoqiNBU3YPLACzdMcPdT53LW0udCcuWs7gs9tzkPT1AIP
SDa82RDTimghJ7B9Vzd8LXS12QxUHRimrjnCNwJ97nquHVpgYUDpPQyTTsqRqGw9nIMYHT80QWG+
YQlLgN8b3A8ESEvjOriB6Q+coAkEEGcPOPd9cz5z+UxzuO0GIfigb8Gf+VzjHpilP/Ndywv7KBKv
rHPTgSm0wBWh7dn+LPSsmQBPmXHdgAxui/nMNnXPBMcXfQydYp8KKYr5B58RwDu4cn4tSwsItaSj
uevMwGiEr5m2Zdg2RgPTM23wOADOxCwQc9eYfwjLJMr8uqI5cA2D25YFPu/b/jzgnM/wf45p6KB6
XfjW3HS4GMi3SNL0vagz/oHGwdchNM8d3bd0l+uhbQlwLwtCiznDADxzheHiMW4oiQuxRTdoKzo8
EWQc+PDf3BICpGs4UB554EiW5s10bWYL4QSm59m2r/EWSVVFgZKrCcnC9bx56M1Mx7FdPQzm5hzs
wrIC37MCG2b7oQFax+nralNwXs+/H92L7SZMky1oMN5CgRFP6mL6BkhFqzQ1iBq6Y/igP+7p81kA
TmNagaeFYNy267iOhsb1IVyQMhytg2s29+a6AR4ngsBz5z4kNu5AaDIN37GEZs4d1wgM4f4RLr2L
KxCWx43AQumFrhdoQnc9g4PPQSA2ZxBdIHM4oWxWNul7aJH2ILSJvKxPkoPLubYFVPhzR7McCCmO
ZYARCA10HOiQvoBJ3RHGrIckA4+bYOxWzTkEJNd0w7kIwGd9MAnPc31MujPf02aBA/HWtVxtDmio
V2psa7qlcvURw1ab+Xh8eVXlnF5ZxmKPhWnOetXVMnnELteQSVkhSnxdrWA8F6xcC5YmooAfvKw/
G+AJFiV+XEHwgB8wAaucKSQ0yLz04BJwXaQbmBkigiHOgodizFK4k9OXCJgH0eqabdMqV7hYFLIN
dCHQ7+MKUNzgq//xFhFD596g24NSl1dxWbDbNPm2ZJj7ec6giU0heEWYwbZIIb7vLfm+XYuEVdkq
5wEgmC6TZVIj218mjD16sxZIGCtTWAWqVkCh3uIuqPArsLQO5G0iVQZ/BvKMRUnywq1C+tQA5haE
bBAzSNwXk5hjcbwS+4zqU7xRrKsSqsVkoj7lsM+WI1U4LitN13X4VxMmu14vK10EYdSA4cpNVizG
X1yP/rYcEQuHcZzesjgqkC31OYGC3USc/bMS+RbH/Io/6t2TfXqjnKaeUFOv5jB86x8LSwaqBekh
Nm/LlMxxvNwDmDS3O1w9egOuBaYDCuBBwKBGk3pC+YNmrtlG8KLK5dcnQDueQKJBiuLXisco31V0
A2Oh+KgEe6wWhVL6CWKXK4pJLjJohSegn9VK5Ptwm9Z+VW08EB+Y32GxTfxLXlyDheTXYHBTGvBj
ATpEH6g5xWHrPE3SCtQMw4sxoz0rJpsSdJwxw/IbGMHug2QDjouwTZWAqeEQifyC7AB4AnPM07sI
TFGAGIAlMvGkIQ5lqwg6DdGocQwa75hF5bcgvjKnaYHAvSyyrcFk9hh4wC9DGCQWYmOiON0nVEOj
5mQceZUkqM4AG8o0IyVQB1NM2bG4Ub/ZJlqtwevx1PW466XKcFAieV5lpYRKgaFgNkCb4ouUC95L
XUkgPYffpFEAZH+YArQRtDloDSKwrmnH0GDwRA5qLG2ZbAQst5Xe+zxOPbAe3H9iEg5+sMHvliRw
veIebd6zCylqjYQbFfSeLk6/RK3dRiR5sijw7tuJRFQbWUEc4usg+BUUgSecEU2YC1EvKY0ctFWh
P7NVCopK0Z/RKnChFZE5IdL2mYZcwOoUq2Xp9pfnADf0Pkb/mufB19FflGlGJKg425Ck0BUMwkeG
aTdoCMJVa6p0zbAUYRQE3pBXKPqKb3dAIfkFkYQRg/lVjh8sAU+XHwVB604lydIjMas1o8WdL0RQ
tBzJwHV+ebLPLl+cXrCXp2enl+xwsXh5enLBFiev2Zvz1z+cvB4zGMQuz2HUCXvz4vzlCVu8Pj86
ubiYDkNATx7GzFbiWIg8SilzYyAukEF/LSgkkzSaYKuD7KF2CCi20JAJhEIhwyyhOkoT4BMCNFgT
8vtHxiaN7HaNKRhkgiFIDiPMEgmE3jaQy4xEa5xjDsGCgCZM749GW1C70aC2TPhYN0jJIrlSr3Ju
wwOYl8iKllVTU7wWTz5MkuLcVJyveO6BZ0zaEpwC0IelS66G5KhZTM2C2L3hSUVVSpcSqOAqsMEn
4zonDI2wNkOZXkPoVUrJ76Z1wSk7lzFfGjyUGWkVBw0tESSR24S19BcScUbkA6O2pileYbVnFCzu
JUkyHYmh4S3M002dbOVsNWLSNc2uhpEbpcl7tsE+YFI967ioK0tUWZ7S11ZqQw6qTSbLMFnrMXVj
gjdqfR3jIDWBaCcyaw7we0q3Apydf0DAkLQh8cEKN2BkRVEJDAzlGrS2qstSDFq4WkvVuFakrBFU
9TmV1ODQP5TTht9NaPu2qGk/4hlCo021gRxLnx4C5PTZIFQkU58SIipauaK/KFGSx9y3MajKM0UR
LTjBcrmCpGs1GjtO5a2hTWNthFFP4peDaxeSuNTALmdUOUxoe7jh7RhIoVoFykeUHlAnCwyJJePY
vDA5R3LYcgfTlDwlP/XKOLitdlGAMfYLCu/HUX3MDpdJIkpU2L5KEVCardNYlpgeHueiSpxIhqoJ
TEglGYptskVSd2Vq8URTbMr09qirpfoWhtV8WyLyMZvoHQWS8mjhSVkTo1IARe22jqVHClhCBpJz
bHqo0MfJAFRkTdkLqAXBlp5ScceOFj+OGR6shoFJcBsFYPZUK8jo2eCfEP59Ztdld1uRFySdztgp
OwwgUK15HO5BzynbhECADaulYFGG+4doYB1HbNNeB1m3FTm5w6iGJSaPpwyJ+HGRLOpiu+0UsZdA
ovBJP06ssiSbqOtBd3OmvK6I3otGn1iW12osMOGpkgnKdmkendRquYac9GTKFmpOzPMVTeCqZVW2
QCuGOV8hC6ATEFuRxVSxYB+6AeLR2XmOejqKI/p4GzbWOTRToijZ2eWPRGkBLCHbXlXSZ/xIle1y
srmY1rFmU1YTnLVP1Hb7Q5HQcyfy9ZC+JEfnhBo2oVEOw8ifMspSa17QBwM3IJsSdQfaoK8kQpga
Ey2gtBsieo2SgKhLgRhSNKdwXkiVylICxpbKRpETITcSVKhT3dTxORVJx6cXh99DfUT1VJWQDWHA
rjBS0iNTWSREaIzqY4NBt99o+Wx9PRBetdqvm7a/Mx2bNVWyriFc0X2mevlC7j6gNydFKpO38ggd
kUmqJbajdZoWtENR92qi7sYpiuP2Miv4TZ0t4CcegMB7tPXcaeOBMHoqL4s2tXnzLo0SuSFAkvqW
vfXSO/T8nJ0es8dvfzw9foLfDfTXQAOMvwW1oWLwGD44B/ZweaDkI8sP8Ia01V0C3v72+5c1ftXf
dSDf0mL0LUbaP0H1qlKEeEvrrSSVRu+AvgkeSHiahiEtC/eicDu5q6KgVQjJc9LfxbmkbRjpavKD
nFIGFOmVX1WF2g7yIYiUMsyqORM5Z5+pB664jEwhKjyqVTAH8mTV9CgJTouHqXhcj7qJxO2kSdAf
2jmTwj3cpBVGj1DmOhVMQGS1aDG3Y3SkrRBQP/6m5AyTX1Oq7kwmxhMhW29PSGSeCNH36Xt05Err
2s7ItBDcT/qSfVyoYR9iIONDUoEXn7IWE5BPP0Sl9mEyeQ6YAsZrcwdi68n4t6HGHOzweHQiFT+X
GAUyZyA/HHQKBldUXlcKK0yiMEIEMnXSRZPaaKtJGQf3fREL6hSkedOqcXQNS2CfTJEo5sD6ij5u
JeMYLMHZWmLrBDnw/qKUKZmInaA0atImrWgka6fHRYcvDNOoeYmNyQesDZtqy6kuc2hOT0mAb8IM
9gjIxOOujSLbba1Gl9P7ylTB65ZH1M1CMoFWT1pRlmZVXLuNusB8T2NU2jANXJDaIOSSVsKMi5EL
SgLVYCBEbeTtq1IH9x2puZZgWSkoy8KvKTYROmiDHnrmBL8DOwA1gaEPVicPOjkd4sFEnq1qRq5B
b/uSlGm22WTTKCWKIdRtN9gcgiuXuM/qFy3pmKbUfdbeJxYozPHVKhcrtaWo9h/lNgt+z/N6yB/R
B7Hm/Ph8H+QxUUlB1gcYvm6F7EA4OPktrVgQ4S0DBJt2ng5Anm4kX2V4hkkq555QQaHyvjImqITw
hAHlsk6+OcJNfNHdyxtDcsjWHNxCYGTPkYa6LoWMEYoceo8JxsUEk6G8W+cumTl4b29QnfroJNsK
anCobSi21iFMISQty/v1Gve0KvnqqrWMNm0GUdkYkeJ4tHpMGKhFDOO4IG16qkn1Bve0XUDd6a5Q
S+7j+V4lE6lJ6QGdvSSFA9CXSp71rtFaAWWIy5tOQkUH3ISHZi2gMigKG0T4ML3K5aMZjDb1VoqM
vIBPRac633I8Xaj6NCitOR6WUldYAAGNSlf7tdLkPbBR3NPbZz9T5QJF65g2+X5BpDIxN8m7+8iI
2MBKOqcAj9so9ec1aX/kQ3mU4jO1jwV1DNR+42vnWSxUEdAlX65LcGnojwqBbmBplrxsVgSe5Gni
K6RIvhlPI7DvELjN9p06xzGeuXf0ItfYvAuivBxTBP5OlX3ywUt3B0N6NGY9kLPaYOSVMsEYNOdv
mfwKcpXXQbhu2/LmkQ1FGMADucmnZ2dFLbRJ/bgH7EHW+I+eUWihpWh8DwkVyQpy1YFMqNjsVIFp
pr6EDIGuUB2vf01vbFF3B5HOi6Bb2cqqjsYhv/SB41imDek3kkvCD2VS3sRmfGg71DA+3Vy0+j6i
R5z0jG8JJQxQVrFnwmOGxTRj37L3TYe9Of2eGZph4ID6OdxTAeEWrjdpGTy9qPKbCKoABMgFJ+h8
T3VXN40B8MYmsIlg1S1EGQDB2gFyu45KMcFHcE81Qg/tlCrens4IsuK4mRAIeV8+HGxgUO8iFLdv
8TFPfZ3dZAp/EGF/BQa9fUqENfbZpLunxCWVxlhxP61fK2zBaOKdUfhw/unxybPDH19edpiiJ4Vq
VcoX6LzqulfPPnUQ1KnZacjo9/8HPfNyUw==
===END CRASH DUMP===
