PocketMine-MP Crash Dump Thu Feb 24 17:26:16 WIB 2022

Error: Class CLADevs\VanillaX\blocks\tile\MobSpawnerTile does not extend pocketmine\block\tile\Tile
File: pmsrc/src/utils/Utils
Line: 527
Type: InvalidArgumentException

A PLUGIN WAS INVOLVED IN THIS CRASH
BAD PLUGIN: VanillaX

Code:
[518] 			if(!interface_exists($baseName)){
[519] 				throw new \InvalidArgumentException("Base class $baseName does not exist");
[520] 			}
[521] 			$baseInterface = true;
[522] 		}
[523] 		if(!class_exists($className)){
[524] 			throw new \InvalidArgumentException("Class $className does not exist or is not a class");
[525] 		}
[526] 		if(!is_a($className, $baseName, true)){
[527] 			throw new \InvalidArgumentException("Class $className does not " . ($baseInterface ? "implement" : "extend") . " $baseName");
[528] 		}
[529] 		$class = new \ReflectionClass($className);
[530] 		if(!$class->isInstantiable()){
[531] 			throw new \InvalidArgumentException("Class $className cannot be constructed");
[532] 		}
[533] 	}
[534] 
[535] 	/**
[536] 	 * Verifies that the given callable is compatible with the desired signature. Throws a TypeError if they are
[537] 	 * incompatible.

Backtrace:
#0 pmsrc/src/block/BlockIdentifier(46): pocketmine\utils\Utils::testValidInstance(string[43] CLADevs\VanillaX\blocks\tile\MobSpawnerTile, string[26] pocketmine\block\tile\Tile)
#1 plugins/VanillaX-4.0/src/CLADevs/VanillaX/blocks/block/MobSpawnerBlock(23): pocketmine\block\BlockIdentifier->__construct(integer 52, integer 0, NULL , string[43] CLADevs\VanillaX\blocks\tile\MobSpawnerTile)
#2 plugins/VanillaX-4.0/src/CLADevs/VanillaX/blocks/BlockManager(167): CLADevs\VanillaX\blocks\block\MobSpawnerBlock->__construct()
#3 plugins/VanillaX-4.0/src/CLADevs/VanillaX/utils/Utils(31): CLADevs\VanillaX\blocks\BlockManager->CLADevs\VanillaX\blocks\{closure}(string[45] CLADevs\VanillaX\blocks\block\MobSpawnerBlock)
#4 plugins/VanillaX-4.0/src/CLADevs/VanillaX/blocks/BlockManager(169): CLADevs\VanillaX\utils\Utils::callDirectory(string[12] blocks/block, object Closure#32775)
#5 plugins/VanillaX-4.0/src/CLADevs/VanillaX/blocks/BlockManager(81): CLADevs\VanillaX\blocks\BlockManager->initializeBlocks()
#6 plugins/VanillaX-4.0/src/CLADevs/VanillaX/VanillaX(53): CLADevs\VanillaX\blocks\BlockManager->startup()
#7 pmsrc/src/plugin/PluginBase(137): CLADevs\VanillaX\VanillaX->onEnable()
#8 pmsrc/src/plugin/PluginManager(437): pocketmine\plugin\PluginBase->onEnableStateChange(true)
#9 pmsrc/src/Server(1385): pocketmine\plugin\PluginManager->enablePlugin(object CLADevs\VanillaX\VanillaX#32613)
#10 pmsrc/src/Server(1011): pocketmine\Server->enablePlugins(object pocketmine\plugin\PluginEnableOrder#24906)
#11 pmsrc/src/PocketMine(304): pocketmine\Server->__construct(object BaseClassLoader#2, object pocketmine\utils\MainLogger#3, string[36] C:\Users\tranthien\Desktop\FoxCraft\, string[44] C:\Users\tranthien\Desktop\FoxCraft\plugins\)
#12 pmsrc/src/PocketMine(327): pocketmine\server()
#13 pmsrc(11): require(string[80] phar://C:/Users/tranthien/Desktop/FoxCraft/PocketMine-MP.phar/src/PocketMine.php)

PocketMine-MP version: 4.2.1 [Protocol 486]
Git commit: 6d6551253173a498128c750c38e719f19880ad49
uname -a: Windows NT tranthien4-8sin 10.0 build 17763 (Windows Server 2016) AMD64
PHP Version: 8.0.13
Zend version: 4.0.13
OS: WINNT, win
Composer libraries: 
- adhocore/json-comment 1.1.2@fc2f76979f0a44a5f5bc2a2b600d0762fe0e78e7
- brick/math 0.9.3@ca57d18f028f84f777b2168cd1911b0dee2343ae
- daverandom/callback-validator unknown@unknown
- fgrosse/phpasn1 v2.4.0@eef488991d53e58e60c9554b09b1201ca5ba9296
- netresearch/jsonmapper v4.0.0@8bbc021a8edb2e4a7ea2f8ad4fa9ec9dce2fcb8d
- pocketmine/bedrock-data 1.6.0+bedrock-1.18.10@e98c511584a7bd58a95986374d2df4b04c6a2ba0
- pocketmine/bedrock-protocol 8.0.0+bedrock-1.18.10@017e57c8f8a74118bcbba7332e7ebac9e6c81693
- pocketmine/binaryutils 0.2.4@5ac7eea91afbad8dc498f5ce34ce6297d5e6ea9a
- pocketmine/callback-validator 1.0.3@64787469766bcaa7e5885242e85c23c25e8c55a2
- pocketmine/classloader 0.2.0@49ea303993efdfb39cd302e2156d50aa78209e78
- pocketmine/color 0.2.0@09be6ea6d76f2e33d6813c39d29c22c46c17e1d2
- pocketmine/errorhandler 0.6.0@dae214a04348b911e8219ebf125ff1c5589cc878
- pocketmine/locale-data 2.4.3@4d0b081f1a79407e087968ea76aaf330db6ea2b5
- pocketmine/log 0.4.0@e6c912c0f9055c81d23108ec2d179b96f404c043
- pocketmine/log-pthreads 0.4.0@61f709e8cf36bcc24e4efe02acded680a1ce23cd
- pocketmine/math 0.4.2@aacc3759a508a69dfa5bc4dfa770ab733c5c94bf
- pocketmine/nbt 0.3.2@3e0d9ef6b6c5fb45e3745a121296e75631b3eefe
- pocketmine/pocketmine-mp 4.2.1@6d6551253173a498128c750c38e719f19880ad49
- pocketmine/raklib 0.14.3@4798576fec0364266dce23b368a7fec5e5de7927
- pocketmine/raklib-ipc 0.1.1@922a6444b0c6c7daaa5aa5a832107e1ec4738aed
- pocketmine/snooze 0.3.1@0ac8fc2a781c419a1f64ebca4d5835028f59e29b
- ramsey/collection 1.2.2@cccc74ee5e328031b15640b51056ee8d3bb66c0a
- ramsey/uuid 4.2.3@fc9bb7fb5388691fd7373cd44dcb4d63bbcf24df
- rhumsaa/uuid unknown@unknown
- symfony/polyfill-ctype v1.24.0@30885182c981ab175d4d034db0f6f469898070ab
- symfony/polyfill-php80 v1.24.0@57b712b08eddb97c762a8caa32c84e037892d2e9
- symfony/polyfill-php81 v1.24.0@5de4ba2d41b15f9bd0e19b2ab9674135813ec98f
- webmozart/assert 1.10.0@6964c76c7804814a842473e0c8fd15bab0f18e25
- webmozart/path-util 2.3.0@d939f7edc24c9a1bb9c0dee5cb05d8e859490725

Loaded plugins:
Alerts 1.0.0 by hachkingtohach1 for API(s) 4.0.0
AlwaysSpawn 2.2.5 by Philip Shilling for API(s) 4.0.0
AuctionHouse 2.0.0-BETA1 by Shock95x for API(s) 4.0.0
BlockGenerator 0.1.0_beta by BlockHorizons, Chris-Prime for API(s) 4.0.0, 3.0.0
BuilderTools 1.3.0-beta2 by CzechPMDevs, VixikHD for API(s) 4.0.0
CraftingTable 1.0.0 by hachkingtohach1 for API(s) 4.0.0
CropGrowth 2.0.1 by NhanAZ, kaidoMC, YTBJero for API(s) 4.0.0
CustomItemLoader 2.3.1 by alvin0319 for API(s) 4.0.0
DEVirion 1.2.5-ALPHA12 by poggit, SOFe for API(s) 4.0.0
DevTools 1.15.0 by PocketMine Team for API(s) 4.0.0
Dungeon 1.0.3 by hachkingtohach1 for API(s) 4.0.0
EconomyAPI 5.7.3-PM4 by onebone for API(s) 4.0.0
EconomyJob 2.0.6 by onebone for API(s) 4.0.0
EnchantedUI 1.0 by ItsRealNise for API(s) 4.0.0
FCCore 1.10.1 by hachkingtohach1 for API(s) 4.0.0
FishingRod 1.0.1 by hachkingtohach1 for API(s) 4.0.0
FormAPI 1.4.0 by jojoe77777/DragonfireHD98 for API(s) 4.0.0
Gems 5.7.3-PM4 by onebone for API(s) 4.0.0
HealAndFeed 2.1.0 by Kylan1940 for API(s) 4.0.0
HealthTag 2.1.2 by Shelly7w7 for API(s) 4.0.0
InvCrashFix 0.0.1 by Muqsit for API(s) 4.0.0
InvSee 2.0.1 by BlockHorizons for API(s) 4.0.0
KeepInventory 1.0.0 by NhanAZ, KhoaGamingVN for API(s) 4.0.0
LaunchableTNT 1.0.1 by Vecnavium for API(s) 4.0.0
MaxEnchants 1.2.4 by Xenophilicy for API(s) 4.0.0
MinePos 1.3.5 by hachkingtohach1 for API(s) 4.0.0
MultiWorld 1.7.0-beta3 by CzechPMDevs, VixikCZ, fuyutsuki, kaliiks for API(s) 4.0.0
MyItem 1.7 by hachkingtohach1 for API(s) 4.0.0
NPC 1.0.0 by hachkingtohach1 for API(s) 4.0.0
Napthe 0.0.2 by hachkingtohach1,tungstenvn for API(s) 4.0.0
Parties 2.0.1 by Didah (@Diduhless) for API(s) 4.0.0
PlayerStats 3.1.9_BETA by hachkingtohach1 for API(s) 4.0.0
PureChat 2.0.0 by Vecnavium, 64FF00 for API(s) 4.0.0
PureEntities 2.0.0 by LeinneSW for API(s) 4.0.0
PurePerms 1.4.5 by Vecnavium , 64FF00 & ProjectInfinity for API(s) 4.0.0
RedstoneCircuit 3.0.1 by tedo0627 for API(s) 4.0.0
Rewards 5.0 by Wertzui123 for API(s) 4.0.0
ScoreBoard 1.0 by hachkingtohach1 for API(s) 4.0.0
ShopGUI 1.0.0 by hachkingtohach1 for API(s) 4.0.0
SizeUI 1.0 by fernanACM for API(s) 4.0.0
SkyBlocksPM 1.0.1 by Vecnavium for API(s) 4.0.0
Spyglass 1.0.1 by ItsRealNise for API(s) 4.0.0
StackStorage 1.3.0 by Ree-jp for API(s) 4.0.0
VanillaEnchant 1.0.0 by hachkingtohach1 for API(s) 4.0.0
VanillaHopper 2.0.1 by ColinHDev for API(s) 4.0.0
VanillaX 3.0.0 by CLADevs for API(s) 4.0.0
VoteReward 1.1.0 by  for API(s) 4.0.0
WorldProtect 2.3.11 by aliuly for API(s) 4.0.0
_NewAlias 1.4.0 by Javier Leon9966 for API(s) 4.0.0
libEasyUI 1.0.2 by GiantQuartz for API(s) 4.0.0

----------------------REPORT THE DATA BELOW THIS LINE-----------------------

===BEGIN CRASH DUMP===
eNrtfQlz3Eay5l+p19pYU7PsJu6DE5olTVIWZ0SJT6Qs7Uw7GAWg0A0TDbRxkGxN+L+/zKzCSUoi
rX7Pjg37UAOFQlZ+WXkWCtC/J3FerHh1dSOKMsmzyb61O6mSlZjs645lO75nus7Msi3NsHcn9Vpe
Mmae63qOoxm+a/qmtztJeVmdFEVeTPb/Pak2a+g0Oc1ueJpEh8WiXomsOrkLBdwPY+xOVqIs+QI7
HcGdJTt6fXgsbsr5/EeeJWnKP87nQZqH19BSJamYz8/y4GLNbzNRXMI5i3JRsiyvmLirRBaxNfQV
1SrJhLqxuQ97w3hxnaYv8XB/sl7yYn9v72h/730JmPeqgmfVMhHZ3rEor6t8vfcyvzsqeFztnRPV
M6A6PTuf4Y17ZRHu1UC63HuPf0LjGskr0iu8POoCl1OgMNm3DRdEW/AQjv81eaaxrjuxvPc9/nka
gaiSOBHFjuU83x8gI6rzOZHd369EWf2IAj7NyopnodgpqyLJFv+yzJ+eKtBdpu41nJ++LMzngOeZ
ztZpvUiycq8hP7VmGkFRA7cXJLZSQexGJbA7hjmCqMYbiWL6t6urMAeYRR1WO0lWiYUomG3ssuZY
22Vv3r9+zVogv0EIBM14OjRi9oxnoNDFju64AOkLIyuEI0kMERIn5hM46enbjql/mYE+u9O/faHj
v8M0L+tC/Noqlv3T05ERFuubpeo/DGpoEiFP0+OkEGGVF5uGa934ifWVcJflwc/QhR1JeM9Mw3Vt
YtP+Rja9J4k+yZIqAQP+JKi9lNPuPIGH5mDHNp8yMLiLoqrXcjy354fkyHvn9PM9L8WObn5GnVvm
/pZnJxkPUiHJeZ8j18jIIop9m5fd5vNu2I7oRcUrcbTk2ULsgG1IG/V7Y1yI4gYVxPTsL5JtwQui
Kxt3Gk34PD7QDkc3pdfTHhhX0/XRuPLKcKCyGenzDEq8b4tIFM8My9ccOabeG7OLRzumZn1m2L4f
UYOiSCnOvs45kW9N4IHocsaT7HW+AFk9M1tvakJYONoHO8OQCd6ziZnzuQqa83kTNefzzgdbT7hL
af18LnEbn8FtjLWnlBMh7zLlXTs0KYX4pQZn0PgBT4PQ9s3Bv2vG2P988tOvuxPxB058HpmZAAo5
AVdJdpOnNwIZhxuTLCJ/OmmuQ1vDKrSFeSQQuK17cGFe4b9JvPMfGJaLGFKdK3GXlFW5878C0ME3
fCWeP/833Gfrftt/XlXLIr9lmbhl8/nnZLczn6Aas5DE1pLrCwQGmk+e/xXJG1pL/lc619tzuvW0
4Y+9YOhW5E2G6iRvMdUZ4qFRWyx01gNjWC31R0KRk98RGsFgecESec4l4haYPeDR6fGYlFe8x9tu
J6Rdwtgw626P2fmEzdjOSKL/F5qT1TolFYIe+3AutRVAQH9oajlrYXkDWI1yyDFhjiSP70Scgi4C
V8RSfyKIiqn1xCEvQpQtZX4MoZaClJSCqX+zFEKeoQwCOGocrogaQOZAl0ypS/IYlYUO5FTu/eUv
dCankv2F/SgKTHpLVi15BX8ItkhuRMYwuUEIqBlhvlrzKsGz26RaUq9IlGCqESuTRcYrSGxm7BKh
laBDl+CYqDxjSYydN4wXgoZ1m2GTrCM6m/z6Z6nyZ6nyZ6nyZ6nyZ6nyZ6nyZ6ny/0ep0uTwJabs
h6koKjrKOK7pNg27k3YpeKLPtJkGLbyulnlRYjKw5OHyGniscjzSkShfJ3jFos5wLrUpmuyjFexO
IrGG3A9vhmtlHlfH/YYVp5piRHY+l9w0v1iqgEJAx/O3F5cf3r57fQxNtyIokwp5X1bVugRp3fIq
XJbLpJrdChGkmxnkNHuYzBymt3xTkrMfQO5a+7iNmTGzh7jPl0marNkF/EDRtNgW7jWRLRXV+ZwT
RyVyNJ9LG+iwX1wevrt8fz5ATuBqSopf5XUp+uj6zUN4wPH0+5PLQ30I8mIJKuPbd9+GbnICZp2v
Nofnp5MOaaloA0bJ1xL5ggkecvnFaUawFB9+EBCzeSWrbgV3dKEPWJuBJl8FouJDvHTLq7xIPoEf
gktHyyIpp+cFPuQYi2B3Yn7LRA+GUlGuZfb+VH8Bf52k0PUyz9O+9Q6ahzYMfE8RuzEEf/RJhMvz
M4wmcOHH5C65fnW8Lb0Okfh6FVGoCiRvFfIG0IecPsquF1Dk1AFZc4/tvQEpkA25Q7CjS2S4J5xh
+x/Eww2YGp0+Ri4gFhBvkobFZlZuoMSaZaLai3i5DHJeRHtSIPn6B6gBq+VAGm3j2CuM/MEbyGYO
/wlt1zyJ8rMjOPp/l9//XRT5tqQiR0D0DU8yrP8GxVDMIuq6rPLVaSVWyqx62MeXhhIwxxLg6U2S
aabubwtwSxAwj3i53/IYf3B88mNSEP8tyLZpqOkQ06aHr89fHeojT7CGHCrBJb6Lty/F1iIbEZ3P
b4iV+Rx1VR712PtKYAMjH/u5tmmITbfHZtxlP+xS8NW2YDXjY2J4M/JhD8F4QFE7zvZaGgi2hsph
OI+qZeywzN/HYSl22oNtOaleutBh7zX24dszd2ZOz8+soQjyTATw/7agK3LzuZBcAM35fMDRV81S
9f57HtwHhY1jz+t8O6BR3vVYcD/nQQtOcvZ1cFkIzrYS0fvBlPVaRyo7BHdale8ET98k5ZcBxjwt
HztlPZqApuPkceEEQb08OsqLftagGkaO5l6Q/J8yP8lO87st43uZQPGRLd7lUR951zj2Pb8X+Jaj
/vHWhJAXq6H7aVqG8K2xJv+c/5wLF//ZOy74Is9iqOJfHfvetgTRDYALEMRTe/AYpf5BrPrRk05/
R3+K48s/H8P8KzDowyx6KURfOfutQy96z9H8Y5PyTPctbVtAWoLzeY+Nx/sYvKlaXvLFCI9sG6Mx
xtW5SNONe+tuC03ZEJRoiInHYznNbqBmKZcvk7semn7rsAS/5zvO6l+A3LbArIjafJ5kNyEyECd3
Tymrge8LIYZAsOErFdJwBWFLUEZrBZKTp4D5hxBruEtk+HChh2nY/pU6uC3+/rHM+Q98BS73xzfb
rvsGHG2h9HvNa4z9wM/lm8se8mH7V4LajyLM+E1Sb61oaAnCJPYZGZ0+ZmrP+J3Kbvp+vd86LvpG
rv2jyHJadQw324LXI4lT2LIyOHkUOKiJzvMBMNUyXtGyf3sa8pSs8l4eovhpD755YfqsTqvkQ16k
/RDXaxwCd9VSnvnVpbyjf9K2501dlfV1Qks4aZJcl/8tC3wr5PcW+QXB9Hn/lsW9HiGU0waXRfoy
kg0j+fw+2ankpfndVlb65vyohxfP/iArl8DK01z1Z7X/DV9Xy37UVQ3jzMH4ItDdqs4WZSWym+y/
DzMx1vw+xpmd86JKRN+ZNS1fySmOk4gv2c4B/NbLVJTl822hihqK8/la8jKfd0w91Vhb/ghtyjei
wGfgA8S91j5qE7Jb/wqfQP1OfrzH2ODkmzX6vC5wE0DVF0LTdO8Z3OfSjt2JY718qWlPw08DnYti
Vd5f/pm85PSYrTwvciD/EXxPXpfnJ9Omvfek7koODnJRjHdHj9J76HuSVclY+fvNX5HEa5Fkmbj4
sC29T4keKD3wIBQPElSPo6ct4jYs7g2oKPhyEobYZdt4PcH+jAqwXSZngf1vBlOGOyBOsxi34Wwt
axtMM3HXO3zMRL8TUVlBWX+UFGGd9DV+fGVo+vccXiWiXHOMrdW1Db35vFCMhJIR3EI65uwRMG8h
IpcDeLJluJAy0uEPoqg+1YlumNuC1VFEHMTCb66YOlp7ihR5r4swL8T3mIH04PYav7is+z+VfnT8
9I+/2XNfLPP1D4MF7ablD5J2KXbag23lmRfJJzHELRu+ONmxKDIouo/OtgW3JQj4aHz5+xt0u2MN
wV1v5JbF87M+wl7r77gY0GNjcPIYt3Sx3ixwo1wfVdP0FUiPff7yBFCDxy8NH49fS4TcK7y+qPKC
3o3pAPWb721qGYJ6J8T05/W28ECecPXzej4vkYNScgDAevzIrZC/QT0lo1PcEhjS9j1FlUCCLNR2
TrVu0pPG6MIfxCsNuRqfb8tHKaqv8vV6sJ9j2P6VwuooT5Ps1bG42ZYwWoItbMnI6PS3LIS0rHbg
P97H/fFeajXSArVdeGuAP7/7+DFm/mNeCZlu9KF0jaNHrSMwWzNtqJxo090NjPx4H0VLUZCLV/g6
XMf+oPnebqJ724mSOt1sby8RUpvPaeVtLVkY43lkOXNWJ0WciDTa6zYsT5vd/RV4w70VLytR7A3g
glSu3ojbwzTh/TjUtX3l8enfIQ6Kgr0Weeb7jrMtuUiyDVXcQwy8qJ/fYItDcnuSzK/48mRwwsvN
IHXq2sbuebSE9UMC3vE/aw5p+NZWOeTI83nLwVd0Gl/65AUwDhM72jPVbCQnXvDlvZIWCQCo3CQx
8dC94jJ0EK44bi/sWkKeAmtwb78tX11FeQWOfdCqXpjtGuoi7Z9HvBpcj5O0EgPCi9W6f7qEqNE/
T8I8u+k3/FzSjLTnq0DuuR+05UXV7hvGecOX1iLyWl2ndTiUQ/dyYr+1JImWw6YIs8ley8X568Hw
m/KXNMPB1BFrL1X5tcggKx6I4O5OoUZ20eFs+CpVu9jx9FOylv7Up+WGT6Cj/dvh9G41lHqO7Bma
Zuq64UPD+fHbAfQovyLWxo3QlAwnLActLctBxwt6OfTj2QDziAM4LYTcujlovC2S0fyvqyX2RAk3
+7TPlyPdW9bZNb0yYpCQ5CbPZBEkGcfHoxA3Ddp/lYob8ICB6oSkICVZV7lqMKSwIphoqZaaClGd
y7zqxupdx5ewkyzOB3ob3ZvyZKAlJEqz31QIMA+0w0UtdbGh/098E/zteQgJWU/4aN3LtRoXR6Td
5ml/Wapv7mjKvBTdh4BAnlJ/aPv2ZN/QbAvEVl5Bstb6JYw6eZgDVctzYAxcBpo4kWPbumGbumty
y/d0wwtdWwtNT7i6H+u+52k8slCz6iaKJlmEr6q+uWTtiy7W1CuTjOkwq4x4YLrrOibbaTrL94iY
oenOc3Z4duzgo078Ik9PaJ8EWZLV6styfYVPGCcfTt/QE1c6uaWQiS/A5qUormCWC16o9UseLXNc
ZdhD1zGFPurVeExQjIM4NGLX8V0/1rhlcTu2g9DgRuBoWqS5jhELTbiAG+VYJOH1nvKW2syfmQch
t91I92LN8GLPil3XDQzd8cJI93U90CIhDNMyuSBXCFjBDUFAwncHA6gZpvSysnwNAiR5neW32YH6
RbVbFHlZij2AzMsMX3i+MTAGHwgRW57n+3pkm8L2hKOFvm1bgeYHOggTmAq4b/hoEuCwC1EKXoRL
wr/iMgGf3JC1HXhBEGqGzj0RBYawuCu4EXswuTH3RehHoTDiMPCigZXsBSIq8E1S4J2TJJ2Z9n+a
RpCrN9OBS98LbV23PaAaRLbHfdv3HNO1IiOKgVkrdEDOXHuYdKeYpAv3yWu6K2w3BLlz19J1LwiD
gLumaQhXgHB94YSe7vjmiDz5jM7AQaAHNg9dIbiv8zjgkReFoPKxHQrTCoVj+G5kCwcu8yGlByeR
dvceOJbruRYoleMEIQeZ2p5nG5YhPDs0zNCwBUjGpvc5+gSx5E7VhndiTTuwfMFNzfR9U8RRHJh+
GJmaIQzddiJbA9KeofmgnyNKeZp3NEArkH8ncp3YEKYZOZ5uhqYfGX5oGKHlhCBJPRpxQ9/EgAow
ShU7MMUHEYehLa5ZpuUFoOHCM3RfBDH4ijjWAZPnh6E3ZifNMaNolAVV2DywIi3QPD3Wuetbmis0
z/UdT3DX4Tw2TS0KgGUjsMeUFsQLGYET+roRarGv2TZMdWSYuuaJ0Ih01w98J7ZAw4DTexSmvZAj
STl67IIYvTA2YcJCwxKWALs3eBgJkJbGdTADMxwZQesIwM8ecB6Gpmv73NY87vhRDDYYWvDjuhoP
QC1DO/StIB6SyIKqiU0HptAiX8RO4IR2HFi2AEuxuW5ABHeEazumHphg+GJIoZftUyJFPv/gCQ68
R6vg1zK1AFdLc+T6ng1KI0LNdCzDcdAbmIHpgMVBoy3sSLi+4T5EZZqswyajOfANgzuWBTYfOqEb
cc5t/M8zDR2mXheh5ZoeFyP5llmefxJNxD/QONg6uGbX00NL97keO5YA87LAtZg2OmDbF4aP+58h
JS7FBs2gy+hwJ41xEMI/riUESNfwID0KwJAsLbB1zXaE8CIzCBwn1HhHpK6TSMnVhGDhB4EbB7bp
eY6vx5FruqAXlhWFgRU5cHcYGzDrePuyXpWcN/ff9+7lZhXn2QZmMN1AgpFOm2T6BlhFrTQ18Bq6
Z4QwfzzQXTsCozGtKNBiUG7H93xPQ+V6iBaEDE/r0bLdwNUNsDgRRYHvhhDYuAeuyTRCzxKa6Xq+
ERnC/xwtvU8rElbAjchC6cV+EGlC9wODg82BIzZt8C4QObxYFiur/BPUSHvg2kRRNTuwweR8xwIu
QtfTLA9cimcZoARCgzmOdAhfAFL3hGEPiKzB4qbou1V1Dg7JN/3YFRHYbAgqEQR+iEHXDgPNjjzw
t77lay6QoVqp1a3ZhtLVZwxrbfz8R5ws6oKjqjBM9licF2yQXc2zZ+xyCZGUlaLC17xK/AIHfbcj
z5pvfXRfFEmyMK3BecABk28NzyCgQeSlJ5dA6yJfwZ30LY8xzZLHYpflcKUokSQLwFtds01eF4oW
fgRkBVUIFPwRffejwO8QpBskDKV7S24PUl1ep1XJbvPsu4ph7OcFgyo2B+eVYATbIIeQrZUS9+1S
ZKxeLwoeAYHZPJtnDbH9ecbYsw9LgYyxKodRIGsFEuoV7JISvxJT60heJlal88cP4qSiUt85uUlC
wWRswZYVUgaJh2KackyOF2KfUX6KF8plXUG2mE3Vp5fwczQqcZzXmq7r8KcmTHa9nNe6iOKkbYYz
P1uwFI+4nvzHfEIQDtM0v2VpUiKs5gsI7Cbh7D9rUWywzy940Cyf7NPXd+hW+eK8uocBAIaJJYOp
BekhtWDDlMyxv1wEmLaXe6iefQDTAtWBCeBRxCBHk/OE8oeZuWYrwfGLEZir4gdjAoFMgxTFLzVP
Ub7yozKQfNSC7ahBIZV+jtTliGJaiDWUwlOYH3zJfh8u09hv6lUA4gP1Oyw3WXjJy2vQkOIaFG5G
Hd6XMIdoAw1S7LYs8iyvYZqhe7nLaNGKyaIEDWeXPmoDQLD6INmA4WLbqs5A1bCLJH5BegCYQB2L
/C4BVRQgBoBEKp61zKFsFUOnMSo19kHl3WVJ9R2IryrotkjgYhbp1uhmtgMYajAwg8RCMKYK6T6R
Gis1J+Uo6izD6YywoMzXNAlUwZQzdixu1DFbJYslWD3uVt7tW6lSHJRIUdTrSrZKgaFgVsCbwkWT
C9ZLVUkkLYff5EkEbD/MAeoI6hyUBvSpn56iQeep7NRq2jxbCRhuI633hzQPQHtw/YnJdrCDVVKh
E1iJBQ9o9Z5dSFFrJNykpPdb8fZLnLXbhCRPGgXWfTuVhBolKwkhvkYBB0zgzmAkExdCNENKJYfZ
qtGe2QK/RpWjPaNW4EALYnNKrO0zDVHA6OSrZer2h0eAC3pf4n/Ji+jb+C+rfE0sKD/bsqTIlQzc
xxrDbtQyhKM2XOmaYSnGyAl8IKtQ/JXfbYFDsgtiCT0GC2uIUhlEKSbuRFiT880ly9Ii1aetZG9x
FwoRlR0i6bjeXp7ss8tXpxfs9enZ6SU7PD9/fXpywc5P3rEPb9/94+TdLoNO7PIt9DphH169fX3C
zt+9PTq5uJiNXcBAHobtKHGciyLJKXKjIy4RYLgU5JJJGq2z1UH2kDtE5FuoyxRcoZBulkgd5Rng
BAcN2oR4P6dsUslulxiCQSbogmQ3oiyJgOvtHLmMSDTGW4whmBDQDbP7vVEX1HI0TNtahM3XyQRD
duW8yntbDKBeYl12UE1NYS2fP8ySQm4q5AteBGAZ0y4FJwf0sHTJ1Og7afIupu4C373iWU1ZSp8T
yOBq0MHnu01MGCtho4YyvMZQq1QS76ozwRl7K32+VHhIM/I6jVpeEggitxnr+C8l4TWxD0AdTVNY
YbSX5CzuBUlSHUmhxRYX+aoJtvJu1WPaV83+DCMaNZP3dIM9oFID7bhoMkucsiKnr5Q0ihzVq7VM
w2Sux9SFKV5o5usYO6kbiHdis0EAZxDmwdj5AwKGoA2BD0a4wW/elbUo5cfuSrFo0lJ0Wjhax9Vu
M5EyR1DZ50xyg10/K6cVv5vS8m3Z8H7E19iarOoVxFgIrwUSpw/Y4URCnMZ9o5KLTq5oL0qUZDH3
dQyy8rXiiAacYrpcQ9C12hk7zuWlsU5jboReT9KXnRsTkrRUxz4yyhymtDzcYjsGVihXgfQRpQfc
yQRDUllzLF6YvEci7NDBbUqeEk8zMnbusl0UYIr1gqL7ZVJf0sN5lokKJ2xfhQhIzZZ5KlPMAPdz
USZOLJf4oT2mggz5NlkiqasytNA3G2WyKcPbs/4sNZfQrRabConvsqnem0CaPBp4WjXMqBBAXrvL
Y+mRAqaQkUSORQ8l+ngzNCq2ZuwV5IKgSy8ouWNH5+93GW6tho5ZdJtEoPaUK0jv2dKfEv195jRp
d5eRlySdXt8ZO4zAUS15Gu9BzSnLhEiADquhYFCG64eoYD1D7MJej1i/FDm5Q6+GKSZPZwyZeH+e
nTfJdlcpYi2BTOGjfryxXmfrqTofVTdnyurK5JNo5xPT8mYaSwx4KmWCtF2qRy+0Wr4hb3o+Y+fq
npQXC7qBq5JV6QKNGBd8gRBgTkBs5TqljAXr0BUwj8bOC5ynozSBXrKwxq92ibJiZ5fvidMSICHs
oK7o86g0ld1wsriYNb5mVdVTvGufuO3XhyKj505k6zE7azYKtTChUI7jJMTveyY4oZgEsGQFsqlw
7mA26C91ADe1S7zApN0Q00uUBHhdcsQQojm581JOqUwloG+ldBSRCLmQoFydqqaO31KSdHx6cfg9
5EeUT9UZ6RA67Bo9JT0ylUlCgsqoPisc9euNDmdn65EI6sV+U7T9jelYrKmUdQnuiq4zVcuXcvVB
foE1l8FbWYSOxCTXktrRMs9LWqFoajXRVOPkxXF5mZX8pokWcIg7IPAaLT33ynhgjHYjyKRNLd78
nCeZXBAgSX3HPgb5HVp+wU6P2c7H96fHz2HeweyBB+h/C9OGE4P78ME4sIYrIiUfmX6ANeTd3GVg
7R+/f93QV/Vdr+U7Ggyfp1HiQNOrUhHCljdLSSqM3gF/U9yR8CKPYxr2Br88u5ne1UnUTQjJczpc
xbmkZRhpavLvD5EyIE+v7Kou1XJQCE6kkm5W3TOV9+wz9cAVh5EhRLlHNQrGQPycYlOjZHhbOg7F
u02vm0TcTtsA/dDKmRTu4Sqv0XvEMtYpZwIia0SLsR29Iy2FwPTjMQVnuPkdherezQQ8E7L0DoQk
FogYbZ++40amtGz0jFQLm4dBX8LHgVr44AMZH7MKWEKKWkxAPH2IS+1hNnkBlCLGG3UHZpub8bfl
xhyt8MjPcoI0yySSMQPxcJhTULiyDvpSWGAQhR4ikqGTTtrQRktNSjl4GIpUUKUg1ZtGTZNrGALr
ZPJEKQfoC/oolPRjHD+HvZTUek4OrL+sZEgmZqcojYa1aScaCe30uOzhQjeNMy+pMfmAtYWplpya
NIfuGUwS0Jsygz0DNnG/azuR3bJWO5ez+5OpnNctT6iahWACpZ7UonW+rtPGbNQJxnvqo8KGaeCA
VAYhShoJIy56LkgJVIGBLWohb1+lOrjuSMW1bJaZgtIs/Aph66GjzumhZU7xc++jptYxDJvVzoNe
TAd/MJWbq9qeS5i3fcnKbL1arWdJThyDq9ussDgEU65wnTUsO9YxTKnrrLtOEMjN8cWiEAu1pKjW
H+UyC37Q+nqMj/gDX/P2+C1+hnOqgoLMD9B93QpZgXD6RDiOWBLjHQBqm/WeDkCcbiVfr3EPk5yc
e0KFCZXXlTJBJoQ7DCiW9eLNES7ii/5a3i4Eh/WSg1kI9OwF8tDkpRAxYlFA7TFFv5hhMJRXm9gl
IwcfrA2qXR+9YFtDDg65DfnWxoUpgjTL8nozxr1Zlbj601olqy6CqGiMRLE/aj0GDJxFdOM4IC16
qpuaBe5ZN4C60h+hkdyX470KJnImpQX01pIUDSBfKXk2q0ZL1ShdXNFWEso74CI8FGsRpUFJ3BLC
h+l1IR/N0Af+1VKK9LxAT3mnJt5y3F6o6jRIrTlullJnmAABj2qu9ptJk9dAR3FNb5/9izIXSFp3
aZHvJyQqA3MbvPuPjAgGZtIFOXhcRmk+S0nrIw/FUfLPVD6WVDFQ+Y2va69ToZKAPvtyXGqXiv6s
FGgGlmbJ03ZEwCS3E18hR/KNcuqBdYfAZba/qn0cu7Z/R29y7Zp3UVJUu+SB/6rSPvngpb+CIS0a
ox7IWS0w8lqpYAozF26Y/BRxXTROuCnbivaRDXkYoAOxKaRnZ2UjtGnzuAf0Qeb4z16Sa6GhqP+A
CCXJquWq1zKlZLOXBeayEJB/94SqeMNremWr/WsAEqhWNjKro36IN8FP7acybEi7kSiJPqRJReub
8aHteIbx6eZ5N99H9IiTnvHNIYUBzmr2UgTMsJhu72vmvm6yD6ffM0MzDOzQPId7IcDdwvkqr6IX
F3Vxk0AWgA1ywCka3wvd101j1HjjULOJzapaSNbQCNoOLbfLpBJTfAT3QiPyUE6p5O2FTS0LjosJ
kZDX5cPBtg3yXWzF5Vt8zNOcr2/Win6UYH0FCr15QYy1+tmGuxeEklJjzLhfhEt6jOjjCqw84qCm
q64XanzvJnxW/+L45OXh+9eXPYz04FAxQeEDbVmdD9LbFx429VJ46jL59b8Azftg2w==
===END CRASH DUMP===
