PocketMine-MP Crash Dump Thu Dec 16 17:31:46 WIB 2021

Error: Invalid UUID string: y
File: pmsrc/vendor/ramsey/uuid/src/Codec/StringCodec
Line: 131
Type: Ramsey\Uuid\Exception\InvalidUuidStringException

A PLUGIN WAS INVOLVED IN THIS CRASH
BAD PLUGIN: MyItem

Code:
[122]         $components = [
[123]             substr($parsedUuid, 0, 8),
[124]             substr($parsedUuid, 8, 4),
[125]             substr($parsedUuid, 12, 4),
[126]             substr($parsedUuid, 16, 4),
[127]             substr($parsedUuid, 20),
[128]         ];
[129] 
[130]         if (!Uuid::isValid(implode('-', $components))) {
[131]             throw new InvalidUuidStringException(
[132]                 'Invalid UUID string: ' . $encodedUuid
[133]             );
[134]         }
[135] 
[136]         return (string) hex2bin($parsedUuid);
[137]     }
[138] }

Backtrace:
#0 pmsrc/vendor/ramsey/uuid/src/Codec/StringCodec(89): Ramsey\Uuid\Codec\StringCodec->getBytes(string[1] y)
#1 pmsrc/vendor/ramsey/uuid/src/UuidFactory(312): Ramsey\Uuid\Codec\StringCodec->decode(string[1] y)
#2 pmsrc/vendor/ramsey/uuid/src/Uuid(485): Ramsey\Uuid\UuidFactory->fromString(string[1] y)
#3 plugins/MyItem/src/muqsit/invmenu/InvMenuEventHandler(93): Ramsey\Uuid\Uuid::fromString(string[1] y)
#4 pmsrc/src/event/RegisteredListener(75): muqsit\invmenu\InvMenuEventHandler->onDataPacketReceive(object pocketmine\event\server\DataPacketReceiveEvent#25891)
#5 pmsrc/src/event/Event(62): pocketmine\event\RegisteredListener->callEvent(object pocketmine\event\server\DataPacketReceiveEvent#25891)
#6 pmsrc/src/network/mcpe/NetworkSession(394): pocketmine\event\Event->call()
#7 pmsrc/src/network/mcpe/NetworkSession(358): pocketmine\network\mcpe\NetworkSession->handleDataPacket(object pocketmine\network\mcpe\protocol\LoginPacket#30769, string[55403] ............{"chain":["eyJhbGciOiJFUzM4NCIsIng1dSI6Ik1IWXdFQVlIS29aSXpqMENBUVlGS)
#8 pmsrc/src/network/mcpe/raklib/RakLibInterface(192): pocketmine\network\mcpe\NetworkSession->handleEncoded(string[7234] .}...H.f].....u..I.E%..@.(.H...y[[..*.r.2.u._...n.%...e/.%.H.....1dd.p."..~..|..)
#9 pmsrc/vendor/pocketmine/raklib-ipc/src/RakLibToUserThreadMessageReceiver(42): pocketmine\network\mcpe\raklib\RakLibInterface->onPacketReceive(integer 0, string[7235] ..}...H.f].....u..I.E%..@.(.H...y[[..*.r.2.u._...n.%...e/.%.H.....1dd.p."..~..|.)
#10 pmsrc/src/network/mcpe/raklib/RakLibInterface(122): raklib\server\ipc\RakLibToUserThreadMessageReceiver->handle(object pocketmine\network\mcpe\raklib\RakLibInterface#26046)
#11 pmsrc/vendor/pocketmine/snooze/src/SleeperHandler(123): pocketmine\network\mcpe\raklib\RakLibInterface->pocketmine\network\mcpe\raklib\{closure}()
#12 pmsrc/vendor/pocketmine/snooze/src/SleeperHandler(82): pocketmine\snooze\SleeperHandler->processNotifications()
#13 pmsrc/src/Server(1645): pocketmine\snooze\SleeperHandler->sleepUntil(double 1639650706.4617)
#14 pmsrc/src/Server(1034): pocketmine\Server->tickProcessor()
#15 pmsrc/src/PocketMine(301): pocketmine\Server->__construct(object BaseClassLoader#2, object pocketmine\utils\MainLogger#3, string[12] D:\FoxCraft\, string[20] D:\FoxCraft\plugins\)
#16 pmsrc/src/PocketMine(324): pocketmine\server()
#17 pmsrc(11): require(string[56] phar://D:/FoxCraft/PocketMine-MP.phar/src/PocketMine.php)

PocketMine-MP version: 4.0.0 [Protocol 475]
Git commit: 468faa464b2bc5c97f23fafbb71ea61035f6f218
uname -a: Windows NT DESKTOP-BVRHES0 10.0 build 19042 (Windows 10) AMD64
PHP Version: 8.0.13
Zend version: 4.0.13
OS: WINNT, win
Composer libraries: 
- adhocore/json-comment 1.1.2@fc2f76979f0a44a5f5bc2a2b600d0762fe0e78e7
- brick/math 0.9.3@ca57d18f028f84f777b2168cd1911b0dee2343ae
- daverandom/callback-validator unknown@unknown
- fgrosse/phpasn1 v2.3.0@20299033c35f4300eb656e7e8e88cf52d1d6694e
- netresearch/jsonmapper v4.0.0@8bbc021a8edb2e4a7ea2f8ad4fa9ec9dce2fcb8d
- pocketmine/bedrock-data 1.5.0+bedrock-1.18.0@482c679aa5ed0b81c088c2b1ff0b8110a94c8a6c
- pocketmine/bedrock-protocol 7.0.0+bedrock-1.18.0@040a883a4abb8c9b93114d5278cb5fecc635da82
- pocketmine/binaryutils 0.2.2@f883e1cf9099ed6a757a10a2f75b3333eeb2cdf9
- pocketmine/callback-validator 1.0.3@64787469766bcaa7e5885242e85c23c25e8c55a2
- pocketmine/classloader 0.2.0@49ea303993efdfb39cd302e2156d50aa78209e78
- pocketmine/color 0.2.0@09be6ea6d76f2e33d6813c39d29c22c46c17e1d2
- pocketmine/errorhandler 0.3.0@ec742b209e8056bbe855069c4eff94c9734ea19b
- pocketmine/locale-data 2.0.20@a6e4eb22587e0014f6d658732cf633262723f8d3
- pocketmine/log 0.4.0@e6c912c0f9055c81d23108ec2d179b96f404c043
- pocketmine/log-pthreads 0.4.0@61f709e8cf36bcc24e4efe02acded680a1ce23cd
- pocketmine/math 0.4.0@6d64e2555bd2e95ed024574f75d1cefc135c89fc
- pocketmine/nbt 0.3.0@98c4a04b55a915e18f83d3b0c9beb24a71abcd31
- pocketmine/pocketmine-mp 4.0.0@468faa464b2bc5c97f23fafbb71ea61035f6f218
- pocketmine/raklib 0.14.2@e3a861187470e1facc6625040128f447ebbcbaec
- pocketmine/raklib-ipc 0.1.1@922a6444b0c6c7daaa5aa5a832107e1ec4738aed
- pocketmine/snooze 0.3.1@0ac8fc2a781c419a1f64ebca4d5835028f59e29b
- ramsey/collection 1.2.2@cccc74ee5e328031b15640b51056ee8d3bb66c0a
- ramsey/uuid 4.2.3@fc9bb7fb5388691fd7373cd44dcb4d63bbcf24df
- rhumsaa/uuid unknown@unknown
- symfony/polyfill-ctype v1.23.0@46cd95797e9df938fdd2b03693b5fca5e64b01ce
- symfony/polyfill-php80 v1.23.1@1100343ed1a92e3a38f9ae122fc0eb21602547be
- symfony/polyfill-php81 v1.23.0@e66119f3de95efc359483f810c4c3e6436279436
- webmozart/assert 1.10.0@6964c76c7804814a842473e0c8fd15bab0f18e25
- webmozart/path-util 2.3.0@d939f7edc24c9a1bb9c0dee5cb05d8e859490725

Loaded plugins:
BuilderTools 1.3.0-beta2 by CzechPMDevs, VixikHD for API(s) 4.0.0
DevTools 1.15.0 by PocketMine Team for API(s) 4.0.0
ExtendedBlocksConverter 1.0.0 by JavierLeon9966 for API(s) 4.0.0
KeepInventory 1.0.0 by NhanAZ, KhoaGamingVN for API(s) 4.0.0
MaxEnchants 1.2.2 by Xenophilicy for API(s) 4.0.0
MultiWorld 1.7.0-beta3 by CzechPMDevs, VixikCZ, fuyutsuki, kaliiks for API(s) 4.0.0
MyItem 1.4.5 by hachkingtohach1 for API(s) 4.0.0
Netherite 2.0 by Wertzui123 for API(s) 4.0.0
PlayerStats 3.1.9_BETA by hachkingtohach1 for API(s) 4.0.0
PurePerms 1.4.4 by Vecnavium , 64FF00 & ProjectInfinity for API(s) 4.0.0

----------------------REPORT THE DATA BELOW THIS LINE-----------------------

===BEGIN CRASH DUMP===
eNrtXAlz28iV/iu9cnYtZ0UIF0GAKU/5kJxR4kOx5PFUhlOuBtAgEYEAB4ckenb2t+/3XjdIkJJn
nMR71JZVyQjo491nN+SfD7KqXsr2w7Wqm7wqD6b+0UGbL9XB1Am8KBjbEzuwxsE4xHi3MjO+FYa+
60eROw4cz7e9o4NCNu1pXVf1wfTng3a9wrKDt3LZqPVs9q7L09ns9DZRAFCVs9lZeS2LPKXxi7bO
y/lm7uDoYKmaRs5pv1km3r07OxENL5yKNZZkXVG8yAtas1rIenp8fDI9flHdPq9l1h6fV8mVal/l
pRq9OrdowfG1KtOqPq6ZoOMOeI+bOjl+XqUqOdYk8DNWrwi+gb2kRZ+7F/sK4IR4PAcyrGWC5x8O
Htji74NzGEaPpmJXdjwxmw1Wjb6Zq/bZulXNoZbMD86PYv0IRDxwfh0hQXwhk7aq14ee434WLvwH
D3cwub+N6dAPx3dQDEgYfZPV1VIjuwPfE6uim+dlc/xqfdaqJUNddj81eXucl9dLVXbHMJJX+H0K
GtpvZZkWqj6MvHtRTqe/gss3vND/FQE7fqvmedOqWqUv6XcJwBPiRRMwmxkK2Jz3SRh9U5UnspXn
kmzxrUpUfq0Oq/hvKmnFig10CWOZzRjVbNaoGh44m93Zw0AfuOMwcpjM8R0yecVhQIq8B/BdJkbf
JLIo9K4vQFAwIKhU7U1VXx0vk5U6fq1fLuDOcOxDL/Lvp5ABaqIOGeLkcyGOwz2IZvVsRstns931
o28WrJstR/exvwdiVVdtlVTFbPaygiHqfQ88exJERyYk/TAeIwL+KKzBz8+zg2Qh83KGCDA7UOs/
LeI/Jvmb/E8v3n185b9+ftaclXMnvTgLzq6cs/ffpy/+8l1xduFG8uL71U+vTl8/e/dd8ccLFkf4
KXHU8qrI4+O38uplHp+VUHKGmHPoRO4/IpbTklw87f1i4no+ePoFzHxrZT8yV51lnVmn/2pZT6xD
jFrW+ocfLOv3Vm25mPuAgdLCrKWO8etb3uKkqbWyZgeW9Z+W9R+WxRxFu2FjS6phaZSvNLuatcvq
HazxclErmb7SycHYYn3o/wavGiDcYFdI5J67rpljaq5qYW/UCgmMSatfWAQ6RNt/r1JdYrTnpndO
yKln7VeE1Gv4M8z9E+J64Aa2H2jKnU8qrymr6qNili4KpVaq7uOx43r/oJo+Y8/PSVE1Xa1+0dHD
cf8BAsN9M9JLkQV31oGeukog3ddVm2d5IqlkaQxeb6DSC1bQoRP4488E3ND7u7LNi8O06uJCiUH9
5QfORCPx70Fie/uRVc+Mvmnz5OpcU1zVhsxhAtlWSoee7XwCyIcPCZhs6y7ZBMxnslHPUfE1LyuZ
qvqBeyTusa0OzDSz2SvEQQRPONcDb+NcjvujOJnOZn3RNpttplx7f8oUAbOZ5iD4BAfuvhi0mxi+
TVY5dIjPWv3U5fWmoBkHP4rPKyR3cVK5+Ojgx1+ODtT/WOn7z5amIFbL8wPql6q4VqhhWkDMyxQS
SdqDfh5juurCCKUG4g5hCMPC/PwuqZarqsT+RjwWP2AdHH0wTz9NF4P8w9+tZN0oZvuIYmz46IiX
+5+xPDwSvlk+/ozljrtdH3zO+mC7fvIZ613bLA4Hi3/8Aw9FGKIHzx7M5Zk4/Bddf+bNd6TWw3y5
Kqigfjh6eDQU46NHj8TPDMDZo6Rd1NWNKNWN+LQFHfJOd28n/Ty8154eCkv8Tum8T+B4+74CHzFn
3lBRv/DIuOd1KORatV1dCuNYj8RC3bpxXg4laAD2otbASJa/HPzytW/62jd97Zu+9k1f+6avfdPX
vulr3/S1b/r/3Df1nUZDrcWzLi8gk8uqKvi9lHTVsDt8dLC5pjhwLM+yR7FqpYtx2bWLqm6ocHz+
USWL81cn6po2fJff5lffnhAyucpp3rdsy6Z3VUrYS3owhY7U0UEKuypTAoG5psrak+HAUnJHlBDw
1TIF8Nks1rS1RNtstkdpARVjw/mbi8v3b96+PMHQjYpRABFXi7ZdNZDaPG8XXWyhATgekH28AwpF
MQb35bIZ2pWJMwZvO+LYSl1cKrn8UoLo8aPS2VJieL64fPr28t35b3G8pex4AwPMnt6i3EJGfVZg
vnleleAPcW3A+6dW7IrC3pfEn+R1ruqXqiqjKAi+lCB2oVKvfy9x2p//bhntQj/+FOcQ258RB1FQ
oyZEdzAQ1u74b4joNTLe079i7M+LSv5RIhzMv3v9pSSlgc9mOxTty+Wz/cWQCs5fyVsUYXhthw4y
HN3l2rX2Isb3qqxWi7zIk/WX4nUAkjjckLLz8ltcM3Nd0ebvq7pIh7xtB3dZm5iQ6P1mSHz+V75H
XXdt013leL6SRZ5fNf8tgXJJ9N4QveB/SPs/EyQHgEhO+qhqIKP+7GooH98a70pmIZPFFay8rejJ
+VLc74EF10xN//tzOAfjEF5eJPXaaui8wkIdd5zKZhFXsk6PiWl0JAtV854N39uxIevuvqe/R+D4
2OV0YPeFeN5C5FZJE/EPu/cW2vGWI7B8Xsi1qi9auePsw9Eh257lWNGHZ6eXT/931D6ga+flcwVy
I9tk0Szy1rpRKi7WLBoWAwr3c1Uvd4SwGds3en+X++9UUiKvdEtxJAL/xQvbFv8mUO9SJXpWZnmZ
t18sEH7QCMB9T93g8bcDIJ1Wyxr8IcvtlTN9bcmUUV4khlkez6uadoeg26FIGCdL2S6GI4ksQCn2
Dseq5Ye0auFlO6PmQH870NXF8D2V7c58lhdcrWxH5svV8HUBFx6+52gTrocDf2tYcZv3ZazL7Z2x
CmUnrcI7p7OmlcRQOly0Snbl8FZlBVSc74JvWKLN7lAK6xiOXJy/3EG/bn4qSkJmnsRmqq2uVJl/
3BXB7a3hmsh1MLCWy4LDksuvH/OVLl8jDtAf0aAOt+P1drkr9YrIc23bc+jUHQ5x8maH9bT6wKTt
D2Io31VYBaNtmp2FF3Q+r75/tcPzHgV4pTODPT6XxQ1Fqp3BVcunCyRh35Rc54s921t05RX3fS4L
yWOp5PM4LyVVcwhkrhWQJNS1KtLYLCJQyA+rtjIDrhZWCkVrsyR506pte/dhi2swT9dKeZlVO3ab
3lF5vmMlLEpvOFQruAf54bzTttjD/yvcTbw5TxAWB8In716sDF7CSOesshjGtKG7kyujg95+q7aR
J3diB1PX9lyIrfmAzHkwzWTRIEz1R5EHU38yBo6c/NsPwkxKP/BjN07GSTTJXC+TWRxPHCUDx/bG
WZC5TgjYnSHlfV6m1U0jXl+Kk9OLP1++OR89++7tt6cXtnBAhWAahBPZvisO+8WO/Ug8fXUSUASm
b8sGsvqo2IH8jZksVh8q0sn7s9evL8kw6eWGsyffEKEt/wDl1rLOFcc5mS7AWK2OKWKMsMZc5TkU
E55kiZtNgmgSZbb0fTnOxnHiSjcObDu1J4GbKVtNQjUh8dV5cnVsgqRtRZb3JJHjSeqEme2GWehn
k8kkdp0gTFIncpzYTpVyPd+TiiMgFILog9REh9GxTK5GfNskW7oThQCvyuqmfGJ+k7XN66pp1DFY
lk1JV13XLpnzE9d2o8j2vATy9z3bVnEwDtREhSoMk2zspk4aBJFPWBGna9UoWScL5n8pVyv2u2s2
iidhHCe268hQpbGrfDlR0s1CmfqZjFQSpYlysyQO0x3nOI5VWuNtBNolSxL99L/3g5ArtPfED90k
mERSjlVqx6GT2CDOjZ0sozfHlpGfhDJI7oe8NceDCRG6D932bRmGnvRlHIdJFEeIcH46didhEo8z
lSSBN05l6O5B50Cx9WqXDABglJNkkR1FKg3kZDyRoA5WMY49/KCicJM0i3Yh3atCahW9J4E/CSc+
TCoI4kRCouMwHLu+q8Jx4nqJO1ZhMh7LPdISOvAqKhMqiTSIMFLSs70o8lSWZrEXJalnu8p1xkE6
tgE6dO0I1rkHqSqqLQw7ilUAZ00n8FTleWkQOjCcKHWjxHUTP0iciXLSPWr4ol6f69Z9FH2ikonv
xoQytMdBHIOhsR1Eia+yDMqMJp6vpBPFu6DQg6OM6E0FJFmu/UQGyodc3XE4Ubbt+FmQBnj23CQL
PM8N3AkCTZh6+6DmTIxPxARJ5LiJDb2Nx0kIDjzHDlUC45/AHILMt/3E9u9CGA0SjQYVONmEmEoy
DxpLXB+0we1dmaQwiNCWDrzAS/Z8YBMHGEQa+Modj8dx6qqILN71xxMEhHGKzVnieKAxyvaMvYzb
jXCjMPGl7cewjMgZK8SU0Eu92IZtQ1BwTEfGUL+zC2H7OOLySTv13xG279yO6GzkwzGUJ8PAcWDL
E1s5mYRPBe4Yjucg2Pn+RCF0xFIl90GhO5a+jnkSua4MfN8HM0EySSVCAv0v9FzHhu2pxJ94oVR7
8tVH2X2ef2LLJESshs07ie9E0skgcfgXnD70xhR/x5Fy2fjMRTH8YFvH8XnGkwQ/E1+psfLcEEVR
DE/y7XjswJ6Vgr3FcRAkttwCodtmlisiL3JFBBlm8dgLwyBysnTiTWAXvp8msZ8G2J1krp9mtH3R
LRsp+/13g3uzXmZVuYYGizXKimLUl9DXINVjJSZpNJ5EExUh+nhhlqZubHtB5CHAIe8oqNeGcd0H
CxkjtDewnCcItzbykEodGSEISECLpHJcxHYkD2Qs2x37k/iTsJwBXSqAUUSZl5KdZ0hBkR/CVx07
8RMPRHlw3gj/1S3Ksvoo6/YYsQ2dqk66ZKFBFPjJBNYQ2n7o+JK+k594yoaOU2ccy9jOnBAOtQNk
BY8bUfDmOEK0pJEXZROVwmcTmEQcRwnl3HES2+MU2RC0RfYEYLhD2tiWteYi9YGgrlugscjyeVfz
dYugEk9kVS12aqpZ+UBcLpBIRaPaFl1GI2StBDpuUZWqwYNsRSLLsmpFrEReJkWH4IEHoa8JLCQ0
JN4WNQnBuqiW2JkRgH2YjczUkaiomW8IpIgRra7EuupqA4s+lVmi98hyxoDahr5IKtYE+LW62YA7
RoEru6JtxE1VPmwFpX5ZC7S4FYJXTilsTRS2i7zRfN8sVCm61byWKQBYs3JW9sCms1KIB+8XfMog
2gpYUKsChLlYgQxQ3TRUUKd6mknV0V9AnoVqWV50XJMooZMLjSwJMiSeqFEhqSSeq6ngqpQmmkXX
okYsR+arr6mYHei7I0E3cyqdHTBlT4uiuhFF3hC1/Ycd4jqX4i+dqte05id6GJmpqaD2nLeecsNu
9gjQJahcFNAYhELQ4rUwoqT1ur8fbaYHxD54D4+BRUCuMk0FKi8tfhIr3ZaJpZJ0mUgVqIDQY0VE
Qzjqp04WJLZ5fo21KCo6JQ4NUvqWiqBrjGpUqxX62hHETtdeU0wz7tfdMoZUYFVPm3WZXMrmStCN
JuzI4gXvIC027Z5TWraoq7LqoD0sb44EHz8K3WGQPxwJKqprfZnPsoE/0tiyK80NpQZ+weoFT7Cy
urrNYWEKYgBLbLnlhjiSrSHoLCNbpTVkk0cibx9CfG3N21LV0pUfmczeZnEIHjr4jctiYTZGhtMp
g9q3VcnGUXdlSepMqTusVqwEbkcaS5yoa/Mslvl8AWeu0YofDZ3PGA5JpK67VatHtcBIMEvQZvhi
5cIpuddItUPI6ypPQfb9FJCNkM2h4M9hXdbA0LB4pBdtLG1WLhXQrbVT/rGoYlgPnS0JPQ4/WOYt
+fZSzWXM56LiQovaZuHmDcHm7ZektZucJc8WBae9GWlAvZE1zGGWg0REJP60hsBktVI9Sm3k0FZH
birmFRRVkZuSVRCiOZM5YtKmwiYugJ1DsK7I/s9zQId1v0b/At38P0d/01YrJsGEzw1JBlwjED5W
lE3TDUGEtafKQd1pCOMg8J69wtDXPPwCFLJfMEkUMUTSIfmUSD5C3aqk4+BbaZK1R1Ky2qxWt4lS
abPlSAeuN5enU3H57dmFeHn26uxSPD0/f3l2eiHOT9+K92/e/vn07ZHAInH5BqtOxftv37w8Fedv
3zw/vbiw9kPAjjzccWDEca7qvOKETIG4IQaTheKQzNLYBFsHskdJkHJs4SUjhEKlwyyDel6V4BMB
GtZE/H7K2LSR3Swos0ImFIL0MoasgSD0bgO5zkiM4w3lEMrzvMG6u5pswZw0Q20rlVA5oCVL5Gq9
6r0bHmBeatVsWfVsw2vz6H6SDOee4Xwu6xieMdpW1hyA7pcuuxqRY3YJswuxeynLjouPISUozDrY
4KOjPifsG2Fvhjq9ZmjyW83vcuuClnijY742eFQPVVekG1pyJJGbUmzpbzTgFZMPRgPbNrwC2wsO
FneSJJuOhrDhjb787JOt3m1WjIamOdQwcWM0ecc2xD0mtWMdF33BSCqrgYnM0Bhy2i1XurrSJZww
EyOa6PV1QovMBqadyew5wBvSPJxd3iNgJG0kPmC4hpE1TacoMLQLaG3eV5sUtAjblqqjXpG6RjBF
paWpoaWflNNS3o74LLbpaX8uVzSaL7slcizSa03AW1miqoQikafpAklTsZUr+YsRJXvMXRtDsb0y
FDHCEVXBHZKuv9HYSaWn9m2aaiOKehq+Xty7kIZlFg4548phxGe9G95OQArXKigfSXqgThcYGsqK
PyoUeo/mcMsdthl5an56zLR4W+2SAAtqAwzcXwf1a3Y4K80nc1OTIlCaLapCl5gxXclxJc4ko2qC
CZkkw7FNdz5mVqeWWG2KTZ3eHgy11E9RWK3XLQE/EiNnoEBWHiMetT0xJgVw1N7WsXw/QCVkqjmn
XoYLfdqMQUOWJb5FLQhbeszFnXh+/u4Ie0FDDP+6yVOYPdcKOnpu4I8Y/lQEfdm9rcgbls5grSWe
pghUC1lkx2gldZuQKtiwQQWkgs4FycAGjrhNewNgw1bk9JaiGpWYsrAEEfHuvDzvi+1tA0i9BBF1
g7RJG7tVuRqZ973u5pXxuib/qDb6pLK8V2NDCc+UTCjbtXkMUqsfuXrTI0ucmz2FrOe8QZpO1NgC
Y8xqOScWoBOIrVkVXLFQe7kE8eTssiY9PS9y/vsa6pfp6zvVtOLV5TumtAFLxHbctYL6c1blFp1u
Lqw+1izbbkS7pkztsD9UJV8isa9ngg4GEvqOb8Mm+t8syxNLcJZaSCoCRL6EbFrSHbTB/4gAwtQR
0wKlXTPRC5IEoi4HYqRoyeG80SrVpQTWtsZGiROlzwdMqDPd1MkbLpJOzi6ePkN9xPVUV7INUcDu
KFLy/acuEnIyRvPHTemw39jyufX1VMXdfNo3bd8Ih5o1U7IuEK54XpgWvdGHCuTNZVPp5G08wiFg
mmoN7fmiQhNPXtj3aqrvxjmK07GxaOR1ny3wiNab5/hIedDGgzC+cddFmzmT+VuVl/pAgCX1UHwf
V7fk+bU4OxGH3787O3kEvcPtQQPW30BtpJgc6R7OQT1cnRr56PID3lBtdVfC279/9rKHb/q7wchD
RkaXY1w4sHpNKcK8Vf0JkUmjt6BvRF8hPK6yjNFiLs/Wo1v6E5ONQlieo93DmUs+XdGupv+9Ci0D
Xmv8qmvMKU+CINLqMGv2jPSeqTC3p4RGpxATHg0WyoGynG96lJK2Ffup+KhfdZ2rm9EmQd93IKaF
+3RZdRQ9Mp3rTDCByHrRUm6n6MhHIVA/PXNyxua3nKoHm5nxUunWO1YaWKwy8v1mJW/YKMhGNXQ2
LRreTfqafUK0YR8xUMh9Us1328CmkE/vo9K+n0xZA1IqZG/uILbfTL831Hh7Jzwxf9kIaTZ5qnMG
8SOhUxhc08VDKcwpiWKFSnXq5JdNauOjJmMcMklUobhT0ObNWIv8CiioT+ZIVEiwPq+rm3ah4xhQ
SLHQ0AZBDt7ftDolM7EjkkZP2mgrGs3a2Ukz4IvCNGleQxP62nTDpjly6ssc3rOjJMAbCVc8AJlo
lbeK3B5rbXRp3VWmCV43MuduFskErZ62olW16orebcwL5XteY9KG5xJCboOIS8ZEGZciF0oC02DQ
iDnIm5pSh84dubnWw7pSMJYFQrYROt0GPfLMEf1lzd7QJjDsDpvPCAY5HfFgpD+j2qxcQG9TTYq1
Wi5XVl4xxQh16yU1h3Dlls5Zk2ZLOqUpMy+288wChzk5n9dqbo4UzfmjPmahP2W82ueP6UOseXPy
hj6nH5mkoOsDCl83Sncgkv/YkzA2TPiWAR6zBof+yNMbyXcr+iBJK+eOUKFQPW+MCZUQfTfAuWyQ
b57T2bwanuUdITmsFhJuoSiy10RDX5ciY2SqRu8xorhYUjLUs33u0plD7pwNmk84Bsm2Qw2O2oZj
ax/CDEDWsp7vcdzRquZrqNY2X24ziMnGBJTWk9VTwiAtUhgnhHzoaTb1B9zWFoGZGWLoJffr+d4k
E61J7QGDsyQDA+BbI8/+1GhhBnWIqzedhIkOdAiPZi3lMijPNoDokryr9Y0LRZv+KEVHXsAz0anP
t6jJZGP6NJTWkr58Mm9UAIFGo6tprzQ9BxulM72p+IErFxStR3zI9yMB5RZsm7yHN0HMBlXSNQd4
OkbRwYusSrX35lGOz9w+NtwxcPtNn/+CVlMEDMnXeJkG/QiI5Aa+rXPqFuNUvHj59FIPUquh6GTt
D+aLjKNxdAuOSnXk3aZ53R5x0P2DqfT0Xcvw0EI7MSU6iNacKcrOWF0BZSVrof8eqKv7uNt3avXm
loaDCuAgHSV8C9b0chr1NzwwAV3WP3jB0YRR8fodIFwXm5EPg5ER15eDwq/Stb+6RWxrTJObXFGb
1HBDh+AW52hQ1rqQ43XEL0hBC6YzhXYVzSXDR2VUb8IxXb/uK5XuKc+3Kn7Ol5V8WzdD1fLgAtn3
RCXCF85k6kdTzxPvz54J13Ydmu8v1B4rBFi8L6s2fbxzsyn0ZRpNatwjcr3HTuQgkWHwZpG3akT3
alSQMgx0SaYme+zaNDKXdEaQqsf8pq/yNmNmF53K0u1N/766Xj2Gk+Apzaltgp2uHzPGjdltsthj
ZoUrXiqkHzdXa07622Gy3MEqukp/fHL64um7l5c0ajobvgA0WDkNkE+a950y9XFIQ4NSXG8pS5QK
yab/QKmXK/0vQzRmia4h6eMlfSr02AkG+GtEn55/erboJB8OmD7+Pf/sqOA6YCV4g/35CoMa0cEv
/wVLJ2+u
===END CRASH DUMP===
