PocketMine-MP Crash Dump Thu Aug 12 18:39:58 WIB 2021

Error: Undefined index: DragoVN
File: plugins/MyItem/src/hachkingtohach1/MyItem/entity/Throww
Line: 55
Type: ErrorException

THIS CRASH WAS CAUSED BY A PLUGIN
BAD PLUGIN: MyItem v1.0.7

Code:
[46] 			if(!($entity instanceof Projectile) 					
[47] 				and !($entity instanceof Painting) 
[48] 				and !($entity instanceof ExperienceOrb) 
[49] 				and !($entity instanceof ItemEntity) 
[50] 				and !($entity instanceof FallingBlock) 
[51] 				and !($entity instanceof PaintingMotive) 
[52] 				and !($entity instanceof PrimedTNT) 					
[53] 			    and ($entity->getId() != $this->getOwningEntityId())
[54] 			){
[55] 				$event = new EntityDamageByEntityEvent($this->getOwningEntity(), $entity, EntityDamageEvent::CAUSE_ENTITY_ATTACK, MyItem::getInstance()->getManager()->throw[$this->getOwningEntity()->getName()]);																	
[56] 				$entity->attack($event);
[57] 			}
[58] 		}	
[59]         $this->updateMovement();		
[60] 		return parent::onUpdate($currentTick);
[61] 	}
[62] }

Backtrace:
#0 plugins/MyItem/src/hachkingtohach1/MyItem/entity/Throww(55): pocketmine\utils\Utils::errorExceptionHandler(integer 8, string[24] Undefined index: DragoVN, string[94] C:\Users\Fox Main\Desktop\FoxCraft\plugins\MyItem\src\hachkingtohach1\MyItem\ent, integer 55, array[2])
#1 pmsrc/src/pocketmine/level/Level(854): hachkingtohach1\MyItem\entity\Throww->onUpdate(integer 933)
#2 pmsrc/src/pocketmine/level/Level(787): pocketmine\level\Level->actuallyDoTick(integer 933)
#3 pmsrc/src/pocketmine/Server(2265): pocketmine\level\Level->doTick(integer 933)
#4 pmsrc/src/pocketmine/Server(2396): pocketmine\Server->checkTickUpdates(integer 933, double 1628768397.8221)
#5 pmsrc/src/pocketmine/Server(2152): pocketmine\Server->tick()
#6 pmsrc/src/pocketmine/Server(1992): pocketmine\Server->tickProcessor()
#7 pmsrc/src/pocketmine/Server(1586): pocketmine\Server->start()
#8 pmsrc/src/pocketmine/PocketMine(291): pocketmine\Server->__construct(object BaseClassLoader, object pocketmine\utils\MainLogger, string[35] C:\Users\Fox Main\Desktop\FoxCraft\, string[43] C:\Users\Fox Main\Desktop\FoxCraft\plugins\)
#9 pmsrc/src/pocketmine/PocketMine(321): pocketmine\server()
#10 pmsrc(11): require(string[90] phar://C:/Users/Fox Main/Desktop/FoxCraft/PocketMine-MP.phar/src/pocketmine/Pock)

PocketMine-MP version: 3.22.0 [Protocol 448]
Git commit: c32c21464c30cd7059a4cbfb0a7d7e493238a561
uname -a: Windows NT DESKTOP-BVRHES0 10.0 build 19042 (Windows 10) AMD64
PHP Version: 7.4.21
Zend version: 3.4.0
OS : WINNT, win
Composer libraries: 
- adhocore/json-comment 1.1.2@fc2f76979f0a44a5f5bc2a2b600d0762fe0e78e7
- daverandom/callback-validator unknown@unknown
- pocketmine/binaryutils 0.1.13@0abee38d4e2861621f262c79a2a3d699d8a697f4
- pocketmine/callback-validator 1.0.3@64787469766bcaa7e5885242e85c23c25e8c55a2
- pocketmine/classloader 0.1.2@9757928424652393b178a3760073113aa7c9911b
- pocketmine/log 0.2.1@830b44a2cf96ef703c550abe64302f230231ca49
- pocketmine/log-pthreads 0.1.3@e477ecf6ec214fdd4415ea1da3fdd9d73bf699ea
- pocketmine/math 0.2.6@43057cb8c179a9859677b496a788db922fd5cfc3
- pocketmine/nbt 0.2.18@9f82ca4d7f97fcd9a566e44b63c4f18a7657ae82
- pocketmine/pocketmine-mp 3.22.0@c32c21464c30cd7059a4cbfb0a7d7e493238a561
- pocketmine/raklib 0.12.11@9cce458b8bfde3e4dfdbf70c659fc7b7fe26b5c4
- pocketmine/snooze 0.1.5@70b5e7937a06878dd321a3182ceb76d56298f2cd
- pocketmine/spl 0.4.2@6b08b7cf8c4afa17139c9a1b3bf1b408531de161

Loaded plugins:
CoinsAPI 1.0 by hachkingtohach1 for API(s) 3.0.0, 3.14.0, 3.14.1, 3.14.2, 3.19.0
CraftBook 1.0.0 by hachkingtohach1 for API(s) 3.19.3
DevTools 1.14.2 by PocketMine Team for API(s) 3.13.0
FormAPI 1.3.0 by jojoe77777 for API(s) 3.2.0
GiveItems 1.0.1 by hachkingtohach1 for API(s) 3.14.0
InvCrashFix 0.0.1 by  for API(s) 3.14.0
MyItem 1.0.7 by hachkingtohach1 for API(s) 3.19.3
PlayerStats 2.9 by hachkingtohach1 for API(s) 3.0.0, 3.14.0, 3.14.1, 3.14.2, 3.19.0
Quest 2.5 by hachkingtohach1 for API(s) 3.0.0, 3.14.0, 3.14.1, 3.14.2, 3.19.0
RedSkyBlock 5.0.2 by RedCraftPE for API(s) 3.19.0
RevenantHorror 1.0.0 by DragoVN for API(s) 3.0.0
ScoreBoard 1.0 by hachkingtohach1 for API(s) 3.0.0, 3.14.0, 3.14.1, 3.14.2, 3.19.0
Slapper 1.6.1 by jojoe77777 for API(s) 3.19.0
TrumThe 1.0.0 by hachkingtohach1 for API(s) 3.19.3

----------------------REPORT THE DATA BELOW THIS LINE-----------------------

===BEGIN CRASH DUMP===
eNrtO4tu28aWvzJXKVB7IcoiqXfhwo7t3Hhrx76xfNPdKjCG5FBiTXLYIWlZLfLve86Z4UOyk6Zp
FtsFmqANOY8z5/3i6LdOKFXCi7sHofJIpp3ZoNspokR0ZvbImYxHE3c66fXd6Wgy7nbKTE8N+z3H
nvbd4WTkwhoX9sQ8L86Ukqoz+61TbDJY1aH3s0dfwDYA3e0kIs/5Eqdu00CEUSoCFsHT44ydKr6U
/34Di8Iyjl9FMa46mS0Wtzlgtli8ko/skkfpYnEq8vtCZjR0onhYLBZZXC6jFFZdbs4LkSwWufIX
ixX3V/dRuiwkPtnNrEiLqNgsFvOVkut1L1tleKw+0oA60GsPANDBDpxqSkM50EAAQAzkAGuGwD/F
fXj8qfOiz74Q3t5wuD9jmfTvRZEA4MWiLKIYKLzFf2YzscXa1zwNYqH2orQQS6HYpMvyQsERPzmD
9+xjvK4XTWHR/x6ru6xCC3jDuFJ885Pzfh849sJmWYIcwf8aWg9i8SDigwv8/95kOABGfKYore9l
epsFvBA1K6auS0c5v3/UeDLe4TnNLhY0bX3P/aLkcbw5lfPIv39ygvv8CTdCgW3tOc5o+EnowfNQ
B5+GCoa5A1XPWN/7K+HfI0jNkLwNucsCWXqxYLWNj3sTx7HpxOGnT7SHzkdOLBB/AjH6JAh7Ov0U
iGslffATUmlY40/DAhf0EVh5wVWhYUyeh3FNj5fwuOdM7Y+AubvzZQqGUvrFnvR+Fn7BXvJcnIDD
yy8kD4TqMjP+jLmiHV3I5RJXGWtzh59vbfWmgfsFJkq0T3+XdtfZpT3XzNU22tcA9mxcpcQvZaTE
XuU5+u9ZtuJqdnBwMjsg5A4q3A4MagcVZq0zrcvrHu57Dqv9zvsP3Y74OrHkazl1wEgDuYvSBxk/
iARWAuQAmOEXnWoWRjQgGPFlIJCAwQhGFwX+jcK9f+x9o88AZEFDU1/IkIHKowIBsvtMr8S/AGMw
rvcuYHHAnt8O3C6Aln2GWyafs+XsMRMqEvBypTy9b/o5+5C2MxqlTcP+52x6BV4T0HsZo3Rpm/1H
yLqURfQg9EbnszYqyFKC+Zv5DjeHbr2bwR/cX223vl+K4jzY22f/OGTfFKsop5GrdQoIaIJxFi1i
OKih7P+G78MWTt+AM08LdshSsWZ63ylPQE9fbvTbGc7vPX/C3n6XGXy6W5tp02x2cnx7c3Z39mZ+
Pv+vu+P5/Pjkhy7T+jabIf6GBXv7BPqSp7BX4VuB+vzTx06loTc8gY3v979rWPaxv0j0aItow0Ne
FBxigGbC/ne4rlHgD/haKecHDQV1jpk/BruSwtWl1Ca2p/GBtaNK1ZQoSpWyjCtiSh3xv/FLhUMY
8+jskdYyPHeEevOh8+Hv3Ozv3Ozv3Ozv3Ozv3OyLc7NuZylSoXiMuU3KsR3Q2doMiHkghKaj0HF7
jtPr43gZxUFnZk8GbrcT5XeBeOjMQh7nAhIoJQvpSwA7GEzgkAjTK991fMcejAa+2/eDcX845QPf
C70+HwdjMZi6jjvhQ3D03U5pcHkHjlSuc/Zmzk7Pbn6YX11bL//99vXZTZ/Z/V6fEQ7MnvYHDtur
Ftv9fXZ8eToaYCa3ygDMuDfoOQj3V5EGRMOASIDZO5njOedv3sxhgF7WUUoZX5JJ4PNdHHmKQ3qV
I494sAK6lDj4OZepBWtM6mj37J5zFPpOOB5Nx9OwzwcDPgyHnu9wxxv1+0F/PHJC0RfjiRgD+IAD
SyGayOTAB1/nQai1HngcgQvBVBk4cJ/KdXpk/kVkG+l5UcrVhjQflvbhbNs96nNPCHcSDIQzGYG/
sUNn5PjjKXe4G4ym02DCAbVwsA3q2cPtXr/nHo0G4KgHsGc08nzOx2I4mQydgSMmQ99xfWcoJv5w
yJ0dgGivMdmrwc05mo6H46kzGTiD0RA8qevZ4wl3x8CWsWvbLsD2p1Pb9rYhxXJJEJyefTRx+x5w
1PHD6UiE474LJyPBo4Hbd0IH/ufaPoe0dxeClUG6JHhQMco9EoPxWPjhSKAyhkEwGNhDwe2Au/Ay
DcauFwK3BN8GlfBiZbAZHcGhw7HvTXwb2DudDKej8dgbTEd8PJkE3tRxwmDoh767DSL1ioqeydE0
nDiAcDAOQSZ+MAXFH4nBwBu5/iC0J3w8Go65mOwwt3m0kqw2xqM/YFktYIrfg25rvgBO9tHU98Vg
OPEmXhgIVwyCMPCA1/5oOA39sTcOhTPyhv6OBuWplL8Kw97h0bjvDcV46o55fzQZT4IAvB53baBW
eONRMBw500no+MEOkCwmCGCnRyOvP/HGfjjxBzzk9th2p/6U2x4IxvYG/cnQtQNhAzUf6kKObPNE
wsPx9XnLl9VD3U7jwWyyfV4WK6lyzB53kh50izyLcMYFQ8DFbs8eNA929eDohylMwR6Rcgj14F8g
hoEPDEQG3gYPgLlchsVpeyDhVGA+ybcqjJsnLFzBnNAzX93M3129vTiFobXw8qhAGldFkeUQF9a8
8Ff5Kip6ayG8eNMD73SAWTLFhJdS3rcZU4/tcOaP8AYId78e4RVGrcfPIR0oh8gTxb7a9PIN5F+9
VBQHAc9XnuQqIA6cioe5lHHeYkA9tE2/EWqLAU04ZHPBk20GuF8u+QoBzCxqVAy1N/Pjt/Pb62fF
DLF0VXok3Aa1gxoGUPtKqmTbDKqRbVrdXVn/LH+WYox/tqh0vpzIBiLmTYRE/fB7wkVS/hk9CKw/
2pJrxnZV1/4Dqjv4ija7BIwixEinoZ9D2Hn6AFqer15Fjy3S2qNt4vpPiPtatCTlL4DVYhGlDz6e
HEaPUCjp6P0ZZJj+WENB3TDblsz4/8ipVNVrjdZXcSfXMd8IdVPwoq2X7dE2/U5v+tcNNy2kt17+
dND5VynyosUd/b7Nl+Ffly+ErvnnT/PirQhu7jfUMW1xpD3a5ssQiN2JQbCUYuL12a6pfDHFDcjF
ooUJlOMNTr9r/m+xN8jT4rWsGvw1bVsTv5NjVC3+XYF/MWntwz/fJ99gYfcSrbxFSWvw/00O2eDc
fv7TanwT8ywTbTFXI9ucGe0G4o/kFX+G5lyf/HnCfSZ1alA6qIgACueqTOYr0aKwGvmrZMkGn/rh
64Q0rKO4AooLsZv0Vg0kpEB3q3qZksCvgjoinRfX9Rs7kWkYLRl+p1uoRfpiXgr2n2XMnDFz+jPX
njkj9u78Jbw4Ni6Iebos+VIcinSJ74ksgsOto5luDuKkPtzKpCoO7antOji4BjUVVhzlxaEMQxzh
aSrL1BdWRsHMArZFQn9+yA9lSpAyvk4tbFHhZzqZHtojOp0/mk35odPHkSVwJJGBOKS3UCoAW4+Z
84A1AZpY9Z49ZOaYIArDyC/jYnNIuOpOWyGVlYsCP4Xlh8QE6kqjuh3m9xuPnHA9nAsRtFbh59PD
07NXx7cXcxzVKmX9Ugq1MaeaIeUDXQYlfO5lPM/XUgWH/0F/gFFlIa2cPwiz8SESayuI9EenwwkO
PXry0UItN0u2SvbeJsGS/QW1IJlPoi+BPmAoaQADfrEtYYJGMFDZXLCKAYwrwYqVYDIF9SlWvGA+
CrBgnmBR6sdlQB9T2BPNQ1g3MoGdIQLYhZnzUHSZhBmVI0jmKcHv2UaWysBiUchAjlEY0QkgQvz2
G28Q8BuxrsGB6YQchJiztUy/LRj6Cq4Yci8BYrF9hp8rGX7v0nSvVyJlZbZUPAAAvUWKuquBzRYp
Yy/erQQixgoJp6QBAxCm+ww8UDwF31YAUjRNqIJOcAAM/IxFQfxCe/YFW9HnKBxJELLW0MqqZoya
sTiRr8oikKD05jv7jC062rKYH8tcBIsOYXYcx3LN0JwAmeqLGnuIOPsXqhiuIV2zzNSMoS+jrWek
d2YPfY1Fq2AgMWAKQvM2zLAS1xs1radbyL54FwFDZAp85UHAlMg1+5Gt+NmCJYLnpSKTZsB0TyDS
wBzxS8ljZBvWYyl74DH4nz1zKDidfYSuTwQDEehJLGA7fjOYwTSd/aZMPOAKaNVxvkn9Oc/vQfDq
HvSoRwtugVuk2hWluGylJHgdkB4sz7u4IQ6YsXewhy7DZjIQggGEeAMOGseSMgUNwiUa+A2JF2gC
LVPyMQINE8AGIIk0N62RQ94ahM5D1FVcgzrZZVHxLbCvULQtEOjjSGV2NrM9oKEEu3GILUSGZSid
EahdXeWkHKpM8WszaiDwPSMhUBc+77FT8WCeWRItV2DMWFJ228ZnFAc5olSZFXpUMwwZkwBuhi4S
Lhgl9dgDbRD8QUYBoP08BqgjqHMSGA3a1WspGiy29KJa08DjgydXG22U/4ylB9qDgZjpcbCDJCrQ
thOx5B4FTnajWd0n5kY5wqbtc5TaOiLOk0aB0a4tDahSspwoDCNAETySvlsAYEIlRHWkVnKQVolm
ypYSBCXRTFEr8KAloWkRajPWRyrgdHLBus/9l6cAM5tP4Y8B9c/hnxcyIxSM+6xRMuByBu4D4yH4
vQohPLXCyu47A4MYOYF3ZBUGv/zbr4Ah2QWhhB6DmbsOYOniUfglOV+pUdYWicGqXi0efcgK8oYi
7biu5mczNn99fsMuzi/P5+z4+vri/OyGXZ+9ZZAX/nD2tstgEZtfwaoz9u711cUZu357dXJ2c9Pb
dQFb/HCGI8OOa6EiSQEZHXGOBNLX74obtbO1gfeQEgTkW2iJBa5QaDdLoCBXBDrBQYM2Ib0fUzat
ZJDnYQBMcZk5jCBrIOB6G0euIxKdcYUxBOM8beg9XY26YNJyEFsmfEwHNGcRXS1XvbemAdRLZHlD
qts3tOb7z6NkKHcN5UuuPLAMy5dxrPNPckDPc5dMDdExu5jZBb474SldktjCBBKzEnRwv1vFhF0l
rNRQh9cwBFia3qQxwR670j5fKzxkD7KMgxqXCILIOmUN/rkGnBH6QOio3ze0wmmvyFk8CZKkOhpC
TVuoZFIFW73brLDaqtmWMFJjJPlEN9gzKrWlHTdVwogiU5JutVWKHJRJprMrncIxM2HhRCWvU1xk
NhDuhGZFAbxBmAdj588wGII2BD444QGULM9LgY6hWIHUllW2iU4LT2uw6laC1DmCSSp7Ghtc+lE+
YWnjr8r0Pq9wP+EZjkZJmUCMhfCqWJX7oyCZLoQ0Fg1f0V4MK8linuoYJNuZwYgOtDALLiHoDmqJ
nUo9tavTmBuh19Pw9eLKhDQss7BNGWUOlg9VnqhpOwVUKFeB9BG5B9jpBENDyTjWJEzv0RQ21ME2
w09NT3UyLm6yXWRgjGWAgftpUJ/Sw0UKtTgKbGZCBKRmKxnrFNPDTgxl4oRyjhe8mAky5Nt05WNm
dWjxRJ1s6vD2oi2lagrdqtoUCLzLLLslQBIeHWwVFTImBJDXbvJYKkkxhQw05VjLUKKPm2HQoNVj
ryEXBF06pOSOnVzfdmEv4OCBfa2jANSecgXtPWv4FsGfsVGVdjcZeU7caa3tseMAHNWKx+EBlJK6
TAgE6LA5Cg5l2CdBBWsZYhP2WsDapYi+WYspJo97DJG4vU6vq2S7KQCxlkCk1thzg41llmaWed+p
bi6N1eXRr6KWJ6bllRhzDHgmZYK0XatHK7QOpo7etN9j12ZPzNWSNnBTiRpdoBNDxZdIAsgE2JZn
MWUsWF4mgDwaO1cop5M4wi4J1ct4/UjkBbuc3xKmOZCEZHtlwbA+J1E2x+niolf5mqQoLdw1I2xR
ywPhlctZVbB8z2wsVEy6tgJTpXlmytNcF9SoyWkudeAy2mAjMO2cNLSTlYQCFjWwqlNEVYmSBwt4
wVnOHypPiR2PqjeEc60SFhCj1pxOWEw/4mcZpboYps7Qt+xHTz6i1it2fsr2frw9P90HmkHlAQdY
vwZ3D5r0EEGoA8XA+kVB8dJrMkDQBElLiNkpaPqPLy8q+Ka2aY18S4dhf4iCJmQfWORSGCbaZNUd
MSGk1bQJQzoW5qJwYz2WUdBQyyFNAecmeFG5TSBf396qqgCqIA2ioDaQdFJGlko/jjJGe0FrLvkG
NAYrycRc8zURzYQBcsVWNaePzBsHWPW52g2SOXU4tLrrX7RpWdBao9tlbjotPhhyoV2d2WPpPTOW
QY70EMV4jHbjxkWZUzAO8XRZ1wkpbot3w2G3WrXVIHu2KaWFfJzIEi041PHGGDSy0ogY4yt6KGpH
gBriMwVI2PyWwmVrMxGeCl3+ekID80SI9keNTIpwq0rfScWpv7kVeDX5eFBNPvghxndRzfSVUDhN
QEx7Dsv+82hyBZBAPyqzA2SrzfhvjY1LtozNAUvfDc9bvtHHmEoHUUu3bZqndBh1R3NyQMhPoVDS
TF+jY4Y6ZpopVQCnPVukAzyLOewFW0IZljfsaRo2NYd6T1lkXNOaR1SngZuEIkbLJpNZGVfKaF4w
ktEa4xBdcoeU4FuZcWIYS9AvQbAzqTM1Z3WLamaCOHbUqGzUwzoGGnkBIk2vo2XkqO8W/nRlZ6g2
t+3hbAXZZihbEgErs/TXk3rlSqJkCJVeliRZL5KEMTiyTYJlDxhIgR1EP29Qx1rOzLNmnkggJ8aX
SwUFtG6Wmc6abiDgFf/7XfoIP7Dgq9MrvClrGZevIx86hbXQuTWnn27giTkh3hBAY71WOxsCbc15
rZpaOE+YCgLV80aZIMbjTVCKVO0UkcZlm3WQdaeoJ63OVRf8Y7biXRhGX64QryoLA9cbCgWZtoUe
KMXwp2eraKVjBd/qhJnPVK3wWkLGCZGcvFjlLAxAkryer854ImlNa1vURZQ0vtrEXwSK69ES0DWj
ZNFh4oHU4jObqnZurznAzLRPqLj56Qhv3LaWrraKVufEwADwheFn1SNZmUHyGFjkmLzZeAxsOUNp
ElDiGIU1IKg+gBD9fQE9UNU40D4O4BkXWUU2Hkc8N1UJJJI8yeLqDVMewNHIalYJTc+B3mIHa8Z+
olwF4meXWlrvESgVHE2YbH/3IDIwb1RRYJoG1Rcn6gY8F7EooFOEzik/pmIT5BMBribcttHX5xIO
+pHhByqMCjp6NSfO2KuL4/nM+W7cHU4f7a776Had7+zvAsyHyM73CiXgBZzr4aSvXbF+Gwz3dZKn
PzG0a3Vt4RhbgMemlUapB/XCQGr+hulfEJSqcspVgaLqjxPkcQAOhCqfPv7kFcOs6sMG6ILOZl+8
IldDR9H6LSAlZQrmt4StEYtSy1bOJ+nXQ0w8guPLTW3n32N1kFMdAxzxohh/+UY5HK1Deul3cLEO
I9pmNJUEH5IRVfvqTrcjHguRoh6Z27BKtK++e765wlyP4EelNOBqa0wmd4EswBlujZrfbTYDpYrb
7+gi2u9hFBdiC/Ay2bqIv4Lw0X6PwMoe2gN4v779nnj6E1l7DFOxgK5rNGOZv032WxGa5sLWTvL7
+fYQZChJe+Tm+mILg03+S0w/HzBPrJ4q5L1IIbxvUbzh9IHUwfve+NODKNM3TIe9Eb7qq9f1anh9
TLZ5KhEbp993bdvBK2TXp1dblAbyjjDZHYShaFscYO5pnm8tvInQoH+83CJxBwN4xSp5mywYXKto
R7qtS/Z4X9TG34IAwqtt5Wqi7R0lU+0fMOCFimipf9hgoOD1efJBgVfdm0fVU5uskDTg0uWZZfBE
StGWYIkdbnsIqrKSPO6y1OpTYfDfmGZdXVNDp9nw4cP/ALCSxMg=
===END CRASH DUMP===
