PocketMine-MP Crash Dump Thu Dec 16 18:04:30 WIB 2021

Error: Call to undefined method pocketmine\item\Item::get()
File: plugins/MyItem/src/hachkingtohach1/MyItem/MyItem
Line: 166
Type: Error

THIS CRASH WAS CAUSED BY A PLUGIN
BAD PLUGIN: MyItem

Code:
[157] 	public function getAllItems() :array{
[158] 		$items = [];
[159] 		$result = [];
[160] 		foreach(glob($this->getDataFolder()."items".DIRECTORY_SEPARATOR."*.yml") as $item) {
[161]             $config = new Config($item, Config::YAML);
[162] 			$result[] = $config->getAll(\false);
[163] 		}
[164] 		if(!empty($result)){
[165] 			foreach($result as $data){
[166] 			    $item = Item::get($data["ID"], $data["META"], 1);		
[167] 	            $item->setCustomName($data["NAME"]);
[168] 		        $item->setLore($data["LORE"]);
[169] 		        $item->getNamedTag()->setString("Permission", $data["PERMISSION"]);
[170] 		        $item->getNamedTag()->setString("Ability", $data["ABILITY"]);
[171] 		        $item->getNamedTag()->setInt("Damagemodifier", $data["DAMAGE"]);
[172] 		        $item->getNamedTag()->setInt("Strength", $data["STRENGTH"]);
[173] 		        $item->getNamedTag()->setInt("Defense", $data["DEFENSE"]);
[174] 		        $item->getNamedTag()->setInt("Critchance", $data["CRIT_CHANCE"]);
[175] 		        $item->getNamedTag()->setInt("Critdamage", $data["CRIT_DAMAGE"]);
[176] 			    $item->getNamedTag()->setInt("Miningspeed", $data["MINING_SPEED"]);

Backtrace:
#0 plugins/MyItem/src/hachkingtohach1/MyItem/MyItem(254): hachkingtohach1\MyItem\MyItem->getAllItems()
#1 plugins/MyItem/src/hachkingtohach1/MyItem/MyItem(784): hachkingtohach1\MyItem\MyItem->openMenuItems(object pocketmine\player\Player#27189)
#2 pmsrc/src/command/PluginCommand(54): hachkingtohach1\MyItem\MyItem->onCommand(object pocketmine\player\Player#27189, object pocketmine\command\PluginCommand#23638, string[6] myitem, array[1])
#3 pmsrc/src/command/SimpleCommandMap(220): pocketmine\command\PluginCommand->execute(object pocketmine\player\Player#27189, string[6] myitem, array[1])
#4 pmsrc/src/Server(1394): pocketmine\command\SimpleCommandMap->dispatch(object pocketmine\player\Player#27189, string[11] myitem menu)
#5 pmsrc/src/player/Player(1337): pocketmine\Server->dispatchCommand(object pocketmine\player\Player#27189, string[11] myitem menu)
#6 pmsrc/src/network/mcpe/handler/InGamePacketHandler(688): pocketmine\player\Player->chat(string[12] /myitem menu)
#7 pmsrc/vendor/pocketmine/bedrock-protocol/src/CommandRequestPacket(60): pocketmine\network\mcpe\handler\InGamePacketHandler->handleCommandRequest(object pocketmine\network\mcpe\protocol\CommandRequestPacket#118364)
#8 pmsrc/src/network/mcpe/NetworkSession(395): pocketmine\network\mcpe\protocol\CommandRequestPacket->handle(object pocketmine\network\mcpe\handler\InGamePacketHandler#116166)
#9 pmsrc/src/network/mcpe/NetworkSession(358): pocketmine\network\mcpe\NetworkSession->handleDataPacket(object pocketmine\network\mcpe\protocol\CommandRequestPacket#118364, string[33] M./myitem menu.fE<Qzu...a...[....)
#10 pmsrc/src/network/mcpe/raklib/RakLibInterface(192): pocketmine\network\mcpe\NetworkSession->handleEncoded(string[37] S......,I.U.M.+eHs...*}..f..;...Mg`..)
#11 pmsrc/vendor/pocketmine/raklib-ipc/src/RakLibToUserThreadMessageReceiver(42): pocketmine\network\mcpe\raklib\RakLibInterface->onPacketReceive(integer 0, string[46] .-...l....gq}yp..\#...DB..[..5.L..V.kZ.B..8..d)
#12 pmsrc/src/network/mcpe/raklib/RakLibInterface(122): raklib\server\ipc\RakLibToUserThreadMessageReceiver->handle(object pocketmine\network\mcpe\raklib\RakLibInterface#24923)
#13 pmsrc/vendor/pocketmine/snooze/src/SleeperHandler(123): pocketmine\network\mcpe\raklib\RakLibInterface->pocketmine\network\mcpe\raklib\{closure}()
#14 pmsrc/vendor/pocketmine/snooze/src/SleeperHandler(82): pocketmine\snooze\SleeperHandler->processNotifications()
#15 pmsrc/src/Server(1645): pocketmine\snooze\SleeperHandler->sleepUntil(double 1639652670.4614)
#16 pmsrc/src/Server(1034): pocketmine\Server->tickProcessor()
#17 pmsrc/src/PocketMine(301): pocketmine\Server->__construct(object BaseClassLoader#2, object pocketmine\utils\MainLogger#3, string[12] D:\FoxCraft\, string[20] D:\FoxCraft\plugins\)
#18 pmsrc/src/PocketMine(324): pocketmine\server()
#19 pmsrc(11): require(string[56] phar://D:/FoxCraft/PocketMine-MP.phar/src/PocketMine.php)

PocketMine-MP version: 4.0.0 [Protocol 475]
Git commit: 468faa464b2bc5c97f23fafbb71ea61035f6f218
uname -a: Windows NT DESKTOP-BVRHES0 10.0 build 19042 (Windows 10) AMD64
PHP Version: 8.0.13
Zend version: 4.0.13
OS: WINNT, win
Composer libraries: 
- adhocore/json-comment 1.1.2@fc2f76979f0a44a5f5bc2a2b600d0762fe0e78e7
- brick/math 0.9.3@ca57d18f028f84f777b2168cd1911b0dee2343ae
- daverandom/callback-validator unknown@unknown
- fgrosse/phpasn1 v2.3.0@20299033c35f4300eb656e7e8e88cf52d1d6694e
- netresearch/jsonmapper v4.0.0@8bbc021a8edb2e4a7ea2f8ad4fa9ec9dce2fcb8d
- pocketmine/bedrock-data 1.5.0+bedrock-1.18.0@482c679aa5ed0b81c088c2b1ff0b8110a94c8a6c
- pocketmine/bedrock-protocol 7.0.0+bedrock-1.18.0@040a883a4abb8c9b93114d5278cb5fecc635da82
- pocketmine/binaryutils 0.2.2@f883e1cf9099ed6a757a10a2f75b3333eeb2cdf9
- pocketmine/callback-validator 1.0.3@64787469766bcaa7e5885242e85c23c25e8c55a2
- pocketmine/classloader 0.2.0@49ea303993efdfb39cd302e2156d50aa78209e78
- pocketmine/color 0.2.0@09be6ea6d76f2e33d6813c39d29c22c46c17e1d2
- pocketmine/errorhandler 0.3.0@ec742b209e8056bbe855069c4eff94c9734ea19b
- pocketmine/locale-data 2.0.20@a6e4eb22587e0014f6d658732cf633262723f8d3
- pocketmine/log 0.4.0@e6c912c0f9055c81d23108ec2d179b96f404c043
- pocketmine/log-pthreads 0.4.0@61f709e8cf36bcc24e4efe02acded680a1ce23cd
- pocketmine/math 0.4.0@6d64e2555bd2e95ed024574f75d1cefc135c89fc
- pocketmine/nbt 0.3.0@98c4a04b55a915e18f83d3b0c9beb24a71abcd31
- pocketmine/pocketmine-mp 4.0.0@468faa464b2bc5c97f23fafbb71ea61035f6f218
- pocketmine/raklib 0.14.2@e3a861187470e1facc6625040128f447ebbcbaec
- pocketmine/raklib-ipc 0.1.1@922a6444b0c6c7daaa5aa5a832107e1ec4738aed
- pocketmine/snooze 0.3.1@0ac8fc2a781c419a1f64ebca4d5835028f59e29b
- ramsey/collection 1.2.2@cccc74ee5e328031b15640b51056ee8d3bb66c0a
- ramsey/uuid 4.2.3@fc9bb7fb5388691fd7373cd44dcb4d63bbcf24df
- rhumsaa/uuid unknown@unknown
- symfony/polyfill-ctype v1.23.0@46cd95797e9df938fdd2b03693b5fca5e64b01ce
- symfony/polyfill-php80 v1.23.1@1100343ed1a92e3a38f9ae122fc0eb21602547be
- symfony/polyfill-php81 v1.23.0@e66119f3de95efc359483f810c4c3e6436279436
- webmozart/assert 1.10.0@6964c76c7804814a842473e0c8fd15bab0f18e25
- webmozart/path-util 2.3.0@d939f7edc24c9a1bb9c0dee5cb05d8e859490725

Loaded plugins:
BuilderTools 1.3.0-beta2 by CzechPMDevs, VixikHD for API(s) 4.0.0
DevTools 1.15.0 by PocketMine Team for API(s) 4.0.0
ExtendedBlocksConverter 1.0.0 by JavierLeon9966 for API(s) 4.0.0
KeepInventory 1.0.0 by NhanAZ, KhoaGamingVN for API(s) 4.0.0
MaxEnchants 1.2.2 by Xenophilicy for API(s) 4.0.0
MultiWorld 1.7.0-beta3 by CzechPMDevs, VixikCZ, fuyutsuki, kaliiks for API(s) 4.0.0
MyItem 1.4.5 by hachkingtohach1 for API(s) 4.0.0
Netherite 2.0 by Wertzui123 for API(s) 4.0.0
PlayerStats 3.1.9_BETA by hachkingtohach1 for API(s) 4.0.0
PurePerms 1.4.4 by Vecnavium , 64FF00 & ProjectInfinity for API(s) 4.0.0

----------------------REPORT THE DATA BELOW THIS LINE-----------------------

===BEGIN CRASH DUMP===
eNrtXAlz20aW/iu9cmojzYgQLoIAs0pZluRYG10jyXFmTJe3ATRIjECAwSGJTuW/7/e6GyBIy1fG
W7tbZVUcEX28/t7rd3aD+n0rKco5r9/eibJKi3xr7O5u1elcbI0tzwm8oe2NTGMY2I5v7241C9Xl
jgzLDOzRKPAcz/Ed09vdynhVH5dlUW6Nf9+qlwsM21LPu1tzUVV8Si2HPMtYXbAmj0WS5iJmc1HP
ipgtiuhW1HM0TSZpLeaTyQn+Px5PRb29AxJJk2XP04xoHI0nk+fFw2HJk3oyWWTNNM2ryeRseSLn
VWU0mcx4NLtN82ld0Cdr1at+G4vZgogqgprEnurbA4G9jfltl/qFmRmAkojAeF3yCJ9fbz0x2ZdS
2raH7s6YfQLt4EdI4SDL6HMlpfHE+vKlRv5nLVUsRH4m8kYtVoT/FFG9tjuLjC9FOZlcyt9P7JHl
BxKTzRZzgkH/omI+53m8dylRHqqn7c9jtujGf+bqu+yRgRoBjexBeGKTwu6yqi4B4bX3hs2XpG67
jJclX7623khWnEdYuU7ni0xoOmd8sW3bJtj59JqDH8WDiJpafD4/n4Dn9uBdixK2u205gfshNJvI
Bz/GabXgdTT7YkSW1UKC4eaNRDPsoVGT99RcgHJGG6AU3BWCL97qjwDxekByUd8X5e3ePFoIGEYe
Z4B1kv/E5+KS0xovVNu25/sbENfXHfwYzXi93S5rv2F7m+uO9Lp3Io+Lcm9Fay8UcYmnwaIs6iIq
MglNs3wlfmtEVSs0296mLmkGJhPigByahAu3+D4Pgx9V7zrhx0S6QbSFNZk8humJZfmO50oW/Q+J
9lw9XMPDI3xsO8Hw43x8fMmWk8/A/jGBALkH3yyRB5+LfOh/HPn6+BbpEa+53sKvJO9OxR3nDTsz
+tpmJMf/8bd3jWEYHP9e45+hooH5ISZLfpul4d4Vvz1Nw5O8FmWCaLVtBfafYfY4j4pYxK0xOKM3
7NqQP7snxkvjzPireFHh6S9/GEZiGD/g49n0v1qQ1gfNRKEcpAvFgUJ7U7ysRHkzKwWPz1QCcSUi
kZK3cz8BXxGcTDb4ptiiZK0pbafomoqSmZ3UXThdYwDkGfE1/e2P5cIwJpMneDh6JoU+NE4N4xfj
9h8Gnn3DiBV79pfugU1MtEgr6ReR+yyiFvZHBPAFdvIBUTyxXSR1CrnzwY2p8qJ4J1ScyYRYiLJ1
mxYm/7kt+Iw5v0dZUTWl+EMnO+6fAOhvqogaigi0Ng544KEh3fOiTpM04jX0vU2yho/EWc8dfibh
ip5f5nWabcdFE2aC9VJq17OUZ7W8RxYxHfcDcbNOo9tLhbgoNcxRj8KlnHOGOduOaX2AyNu3EZis
yybqvNYzXolD5PDVacFjiraPJlUNmKFUm6f5aTGF4TxxVhEZoXE9Ne+6bHOzq8vaFQf+BziwN8Wg
zETzrV37tkV8lnClaSla3zSEGS9mvBzv7R2N99qFe8QHZ5cGDdhYkyqDna03f+xuif/BYuZfrzsA
UE1/m+Z3RXYnEB9q0Iwhg6jeanvR0s0l3038WMMRmif1AjqZRixp8oiUnq0VGWwsM87fMc8a+nL8
pP6OmKnYPnv95gfZEbQdpaiarF71eKbuQXkpwMn2NCvC7e/qWVrJaobC5vMii2kvjcmWpDvZMo5O
ro4Pby6u/v72+vjy4OoAH9H7F2M5zyZbO4xXTELYYRKXZ2ER1vv5DmqdpFPAyMU9O5QP29+pBFo9
jcd/Pzg73VEYbY2xw//6DaZqIm3RtT2ZJDyrhJ7j6Dl/yCdXP6XJ9r+J+aJebmtKOzsK4bBbohVE
KyriJYYU9ECvGygZkSF/n63URo59Pdk6OZpsvdll7ePZ8c2BbLB2fqDJkpba3jXBpLKyqkR92FR1
MT9HxtSRPD84OwYNzWC71+9PPQUH3aTTi6vepODxSQBOK8U3fLq9I2lcS+vcnmxdinKeyuRisrVi
5/L46uzk+vrk4ryjPTK/mPZBmGZpvewTPnh2cnpy8/cVVetzqSJygeQRn8Pm50WMGIEw3aN8dHB2
8NNKFCP7ywgDtIC5z/okr2+ujs9/unmxIup8IVqRiLwSazCPnx+fX/dwul9G8rBMUa3xPFqjenh1
cvP28MXB+WGP8vDLKcdSvO9R3pTtI0byYbrw5lCHaiFE3Cd8dnJ+cv7T2+vL4+MjRfmPb2c4385w
vp3hfDvD+XaG8+0M59sZzrcznG9nON/OcL6d4fy/P8Npz0AqOvR41qR02nBTFJl8zjldZK837251
t+BbluEY5iAUNbfRzpt6VpQVVQiH70Q0uzw7Enc04Zf0Ib19cUSL8UVK/a5hGiY9i5xDX+KtMfZI
7G7F0Ks8JhLoq4qkPuo3zLk8q4mI+GIeg/hkEipsNWGbTDaQZthiTLi8uL55dXF1eoSmexFWCDNo
ndX1ooLUpmk9a0IDSeReD/beGilUP2jclEvXtC4Tawje1sSxkjq7EXz+tQTRrj+Z9JBonq9vDq5u
Xl5+iuMVsr2OBpg9fqixmoifZeivDosc/MGv9Xj/0Ih1UZibkvhPfpeK8lQUeRB43tcSxDrVyeQD
4JQ9f7GM1qnvfYhziO1n+METPOd1US57wlpv/4SIzhHxDv6Btp9nBUfGByP/5fxrSUoRn0zWEG3K
5bPtRUMF52f8ATkTHuu+gfRb17m2jQ2P8avIi8UszdJo+bV47ZEkDjsoaw+f4loy12R1+qoos7jP
26pxnbWRdonOJ13i4T/kOzvLpq6a2xSfb3mWprfV/4ijnBPee8IL/vvY/xUn2SNEclKH6D0Ztafq
ffm4xnBdMhvnJF+L+08cv3wO52AcwkuzqFwa1bIWlYE8bi/m1SwseBnvEdMoIGailHM6vldtfdbt
TUt/BcfxrkmRYX4tnlcUZWWjQPxp815R21txBJbVecF1zdeMvd/aZ9sxLCN4++z45uB/Z9t7uNYe
Plcg93R6U83S2rgXIsyWUjRSDEjc6YR+TQhd26bSu+vc/yKiHHGlmbNd5rnPn5sm+3eGfJcy0ZM8
SfO0/mqO8K1aANy36HofP+0A6RaNl+APUW4jnWlzS4mM4iIxLOVxWJQ02wduizxhGM15Peu3RDwD
UszttxXzt3FRw8rWWvXl4qqhKbP+c8zrtf4kzWS2smqZzhf9xxlMuP+coky46zf8s5Ib1z3PQ5Vu
r7UVSDtpFJ5lOKtqTgzF/UGLaF0OVyLJhLxK7LdWUqLVelMM7ei3XF+eri2/rH7LclpMf2JdV13c
ijx9ty6ChwfNNcG10LDk80y6JVs+vksXKn0NpIN+hwK1Px2PD/N1qRcEzzZNx7LsAA2XRxdrrMfF
WwltsxFN6fqG0Vl8Va0NVGe5v56t8byBAI90ZrDB5zy7J0+11rio5ekCSdjVKdflbEP3Zk1+K+s+
WwrJkVJJp2Gac8rm4MhswyNJiDuRxaEeRKQQHxZ1oRtsJawYG63UkuRNo1bl3dvVWr1+uvBO86RY
09v4vS1P17REitLpN5UC5kF2OG2ULrb0/wFzYxeXEdxiT/hk3bOFXpdWFLkoedb3aX1zJ1NGBb16
FbqTp6zEtsa26dgQW/UWkXNrLG+FsYI+D6S3oodYIyX7dj0/4dz13NAOo2EUjBLbSXgShiNLcM8y
nWHiJbblg3ajobxK87i4r9j5DTs6vv755uJy8OyXqxfH1yazgIJJDMwKTNdm2+1gy9xhB2dHHnlg
eqW5J6t3QhqQ26nJbPG2oD15dXJ+fkOKSQ/3MnrCNy0KlOVvsbklL1Mh/RyPZ2CsFHvkMQZ0E6Fe
MbDIJzxNIjsZecEoSEzuunyYDMPI5nbomWZsjjw7EaYY+WJE4ivT6HZPO0nTCAznacSHo9jyE9P2
E99NRqNRaFueH8VWYFmhGQthO67DhfSA2BB4H4Qm+NUs5NHt4A7ZJDwjvZ8BAd7mxX3+VP8mbZuW
RVWJPbDMq5xueu9sUuentmkHgek4EeTvOqYpQm/oiZHwhe9HydCOrdjzApdWhZ8uRSV4Gc0k/3O+
WEi7u5NK8dQPw8i0Le6LOLSFy0eC24nPYzfhgYiCOBJ2EoV+vGYc3V0C3UVKSaKe/mvbCLli9566
vh15o4DzoYjN0LciE+Ds0EoSerJMHriRz73occorddwaEdBN6qZrct93uMvD0I+CMICHc+OhPfKj
cJiIKPKcYcx9e4O6dBQrq7ZJAUBGWFESmEEgYo+PhiMOdNCKYejgBxmFHcVJsE7p0S2kUtF56rkj
f+RCpTwvjDgkOvT9oe3awh9GthPZQ+FHwyHfgBbRgVdWaFdJ0CDCQHDHdILAEUmchE4QxY5pC9sa
evHQBGnfNgNo5walIitWNMwgFB6MNR7BUoXjxJ5vQXGC2A4i245cL7JGwoo30MiXhvS1RutFn4po
5NohLembQy8MwdDQ9ILIFUmCzQxGjiu4FYTrpFCDI41oVQWQDNt8yj3hQq720B8J07TcxIs9fHbs
KPEcx/bsERyNHzubpKYSjEtgvCiw7MjEvg2HkQ8OHMv0RQTlH0EdvMQ13ch036cw6AUaRcqzkhEx
FSUOdiyyXWCD2ds8iqEQvsktWIETbdhA5wckidhzhT0cDsPYFgFpvO0OR3AIwxiTk8hygDFINpQ9
D+tOuIEfudx0Q2hGYA0FfIrvxE5oQrchKBimxUNsv7VOYfVxINMnZdRf4Lbfu/lQ0ciFYQiH+55l
QZdHprASDpvy7CEMz4Kzc92RgOsIuYgeo0L3J20e8zSwbe65rgtmvGgUc7gE+s93bMuE7onIHTk+
FxvyVUfZbZx/avLIh6+GzluRawXcSiBx2BeM3neG5H+HgbCl8iERrsSS7GCVx8nzjKcRfkauEEPh
2D6SohCW5Jrh0II+CwF9C0PPi0y+ItI0qQo/8LyIFQFkmIRDx/e9wErikTOCXrhuHIVu7GF2lNhu
nND0WTOvOG/nv+/cq+U8KfIldjBbIq3IBm0KfQeojtzEKA6Go2AkAngfx0/i2A5NxwscODjEHYHt
NaFcj9FCxPDNjpb1FO7WRBwSscUDOAEOagEXlg3fjuCBiGXaQ3cUfpCW1cMlPChFkDgx6XmCEBS4
PmzVMiM3cgDKgfEG+L8qUebFO17We/BtqFRV0CUN9QLPjUbQBt90fcvlvmtDCYSJPY6tYchDM7F8
GNQakQUsbkDOW/oRwhIHTpCMRAybjaASYRhEFHOHUWgOY0RDYAvMEcjICqnTLXoPDzSeMKq6mXpP
rinldQujFI8lRcnWcqpJ/oTdzBBIWSXqmt7HYbwUDBU3K3JR4QOvWcTzvKhZKFiaR1kD54EPTF0T
GAhoCLw1chKidV3MMTMhAps0K56IXVZQMV8RSRbCW92yZdGUmhZLE6Zf4aIVkNvQu5LZkgifi/uO
3B4SXN5kdcXui/z7mlHo5yVDiVvAeaUUwpaEkN5mVHzfz0TOmsW05DEIGJN8krfExpOcsSevZvKU
gd4WrShXpTdHVdkFGSC7qSihjlW3hKq8P4M8M1FLedFxTSSYCi7UMifKkHgkBhmnlHgqxkxmpdRR
zZoaOWI+0O+rjtlkS90dMbqZo5eiJLKDLCvuWZZWhLZ9I4ndpZz9rRHlksb8Rh8GumvMqDyXU49l
wa7nMOBilC4y7BiEQtTCJdOipPGqvh903T2wT17BYqARkCuPY6ZekayUWOm2jM0Fp8tEykAZhB4K
Ag3hiN8aLt/BnaZ3GIukohFsWy/KbHOHqKsVxaAUC9S1A4idrr3G6JZrnzfzEFKBVh1Uyzy64dUt
oxtN6JEhB7yEtKRqt5zSsFlZ5EWD3cPwapfJ40emKgyyh11GSXWp7t6lbGCP1DZvcn1DqYhfy+0F
T9CysnhIoWECYgBLUnPzDhzJVgM6SUhXaQzp5C5L6+/pTeRSTotFTVd+pDIbk9k2eGhgN7YUi2Rj
oDkdS1KbusqlcpRNTq/SkQZC7gu5CbIcqQx2JO70ZzZPpzMYc4lSfLdvfFpxSCJl2Sxq1aoERoKZ
A5vmS24ujFLWGrEyCH5XpDFgP46AdIR0Dgl/Cu0yeoqGwQM1qNO0ST4XWG6pjPKnrAihPXS2xFQ7
7GCe1mTbczHloTwXZddK1KYUbloRbTn9hnbtPpWSlxoFo70fKEKtklWSwyQFRHgkQbcSRCYphWiX
VEqO3WrITNm0wEYVZKakFbTQVMIcSGhjZhIXWF26YJWR/Z/ngA7rPoZ/hmr+X8Nf1cVCQtDus4Ok
yVUM7mNB0TTuANGqLSoLeacGJp3AK2kVGl/1/VdAKO1CQiKPwaIGwSdH8GHqxULS7kJBVhZJwaob
LR4iIeJqxZFyXBc3x2N28+Lkmp2enJ3csIPLy9OT42t2eXzFXl1c/Xx8tcswiN1cYNQxe/Xi4vSY
XV5dHB5fXxubLmBNHvbQ0+K4FGVayIBMjrgiBqOZkC5ZSqNzthZkj5Qglr5FDhnAFQrlZiWpwyIH
n3DQ0Cbi90PKppTsfkaRFTIhF6SGScqKCFzvypGriCTXuKAYQnFeTjDeH026oE+asW0LEVE6oCRL
cNW+qrkdD1AvsahWrDqm5rXaeRyS5tzRnE95GcIyBqvMWjqgx6UrTY3g6FlMz4LvnvO8kclHHwkS
swY6uLPbxoRNJWzVUIXXBEV+rfidr0zQYBfK5yuFR/ZQNFncYUkRRO5ztsJfKcILCR+MeqapecVq
z6WzeC9IStVRFDrekrKYt8FWzdYjBn3V7O8wcaN38j3dYI+o1Jp2XLcJI21ZiZVIDbUix818obIr
lcIx3TGgjna/jmiQniCxS5gtB/SljnsBY+ePCBhBG4EPK9xByaqqEeQY6hl2bdpmm+S0aLUVqt12
I1WOoJNKQ6GhoR+U05w/DORZbNViP+QLak3nzRwxFuG1JOI1vdNPG8nUO7MKxUquZC9alNJi3tcx
JNsLjUguOKAsuEHQdbsdOypU16ZOU25EXk/RV4NbE1K09MA+ZzJzGMiz3o63I0CRuQrSR5Ie0KkE
Q1FZyBcGmZqjOFxxh2lanoqfdmUavMp2SYAZlQGa7sdJfUwPJ7l+ZW6sQwRSs1mRqRQzpCs5mYlL
yMiaoEI6yEjfpiof3atCSyi6ZFOFtyf9XWq7yK2Wy5qI77KB1dtAuXly4UHdgtEhQHrtVR4r7wco
hYwV51TLyESfJqNRwzLYC+SC0KV9mdyxw8uXu5gLDCHs6z6NofYyV1Des6M/kPTHzGvT7lVGXknp
9MYa7CCGo5rxLNlDKanKhFhAh/VSWJTRuSApWM8QV2GvR6xfihw/kFejFJNnBiMQLy/zyzbZXhWA
VEsQqHuETZrYLPLFQD9vVDdn2uqq9J3o9pPS8nYbKwp4OmVC2q7Uoxda3cBWk3YMdqnnZLycyglc
V6JaF+SKScmnxAL2BGKrFpnMWKi8nAM8GTsvaZ8OsxSjVL1cqheZ2dnNS4m0AkvEdtjUjOpzuZWr
5VRxYbS+Zl43A5o1lmj79aHI5SWStPWE0cFARO/xdWyi/k2SNDKYjFIzTkkAS+eQTU17h92Qf6MG
bmpXYsGm3UnQM5IEvK50xAjRXLrzSm2pSiUwttY6SpwIdT6gXZ2upo4uZJJ0dHJ98Az5kcynmlzq
EDls+nZnKe8/VZKQkjLqL13G/XpjxefK1mMRNtNxW7T9yCwq1nTKOoO7kv1Ml+iVOlQga86rQgVv
bREWEVOoFbXDWYEinqywrdVEW41LL07Hxqzid220wEeU3urbENTXK+MBTN64q6RNn8n8s5Bfn2ol
9T37NSweyPJLdnLEtn99eXK0g32H2QMDxt9j22hjUoR7GAfVcGWs5aPSD1hDsdq7HNb+67PTlr6u
73ot38vF6HJMJg5ye3UqInkr2hMiHUYfgG9AbyHsF0kil0VfmiwHD00arzZEynOwfjhzI09XlKmp
P4ekZCDHartqKn3KE8GJ1MrN6jkDNWfM9O0pLaNCiHaPehWKgTyfdjVKTtOyzVC82466S8X9oAvQ
jx2IKeEezIuGvEeiYp12JhBZK1qK7eQd5VEItp8+y+CMyVcyVPcmS8ZzoUrvUChioaBvr8KN8Hup
FKSj+hs2pFrUvB70Ffu0UMc+fCDjm1D1e9tYjb4b+xhK83GYvASlmPFW3QG2nUy/OzTOxglPKN9s
hDSrNFYxg/jh2FMoXNWEfSlMKYhihIhV6JQPXWiTR01aOXgUiUzISkGpt1w1S2+xBNXJ0hNlHKxP
y+K+nik/hiU4mylqPScH669qFZIl2AFJo4U2WIlGsXZyVPX4IjdNO6+oMXVt2rGpj5zaNEfOWdsk
0Bswmz0BTJTKq41cHWt1e2m8v5naed3zVFazCCYo9ZQWLYpFk7Vmox8o3ssxOmw4Ni0oyyDiUq5E
EZc8F1ICXWBQiz7IG+tUh84dZXGtmlWmoDULQFYeOl45PbLMAX0RZqOpcwzrzfo1gl5Mhz8YqNeo
upEz7NtYQTEW8/nCSAuJGK5uOafiEKZc0zlrVK2gU5jS/WzVL1mQbo5Pp6WY6iNFff6ojlnoO6u3
m/xJfPA1F0cX9Dr9QAcFlR+Q+7oXqgLh8ivytGIlga8YkG1G79AfcbqTfLOgF5LU5rwnVGyo6tfK
hEyI3huQsawXbw7pbF70z/J2ERwWMw6zEOTZS8LQ5qWIGIkoUXsMyC/mFAxVbxu7VOTga2eD+hWO
XrBtkIMjt5G+tXVhmqDcZdXfrvHeriq++ttap/NVBNHRmIjSePlHISp1HUJunBaUh556UnvAbawW
0D39FVrJfTze62CidlJZQO8sSdMA+VrLsz01mulG5eLKrpLQ3oEO4VGsxTINSpOOEF2SN6W6cSFv
0x6lKM8Leto7tfEWORmvdJ2G1JrTm0/6iRIgYNR7NW43TfVBR+lMb8xey8wFSeuuPOR7Q0RlCbYK
3v2bIMkGZdKldPB0jKKcF2mVqB+No9I/y/KxkhWDLL/p9V9g1UlAH75aV2JQH0GRzMA1VUxdrThm
z08PblQjlRqCTtZ+0G9k7A6DB3CUi13nIU7Lelc63R90pqfuWvqHFsqIKdBBtPpMkTda6zJsVrRk
6vtATdn63bZSK7tbGulUQAfhKJK3YFUrp0F7wwMVUGn9k+fSm8il5Pg1IjIv1i1vey0DmV/2Er9C
5f7iAb6t0kVudEtlUiULOjg39QcbVCInxxG/gIISTEUKZSqKS0kfmVHZuWO6ft3cVLqnvFxtsfrz
H/K2boKs5ck1ou+RiJjLrNHYDcaOw16dPGO2aVvU316o7Qs4WDzPizreX7vZZOoyjTrV2gMyvX0r
sBDI0Hg/S2sxoHs1SkglDVRJOifbt01qmXI6I4jFvnxSV3ldm55Fp7J0e9M+L+4W+zASfIpTKpug
p8t9uWKndl0U25esyIyXEun96nYpg/6qmTS3N4qu0vePjp8fvDy9oVZd2cgLQL2qDANkk/p5LU3d
96mpl4qrKXmOVCHq6g+keqlQf7Gm0kNUDkkvL6lToX3L661fwvu0/NNng07yYYDx/l/kz9oW3Hly
E5ze/HSBRrXQ1h//DU/VyL4=
===END CRASH DUMP===
