PocketMine-MP Crash Dump Thu Dec 16 17:37:45 WIB 2021

Error: Call to undefined method pocketmine\player\Player::getRawUniqueId()
File: plugins/MyItem/src/muqsit/invmenu/session/PlayerManager
Line: 34
Type: Error

THIS CRASH WAS CAUSED BY A PLUGIN
BAD PLUGIN: MyItem

Code:
[25] use muqsit\invmenu\session\network\handler\PlayerNetworkHandlerRegistry;
[26] use pocketmine\player\Player;
[27] 
[28] final class PlayerManager{
[29] 
[30] 	/** @var PlayerSession[] */
[31] 	private static $sessions = [];
[32] 
[33] 	public static function create(Player $player) : void{
[34] 		self::$sessions[$player->getRawUniqueId()] = new PlayerSession(
[35] 			$player,
[36] 			new PlayerNetwork(
[37] 				$player,
[38] 				PlayerNetworkHandlerRegistry::get(InvMenuEventHandler::pullCachedDeviceOS($player))
[39] 			)
[40] 		);
[41] 	}
[42] 
[43] 	public static function destroy(Player $player) : void{
[44] 		if(isset(self::$sessions[$uuid = $player->getRawUniqueId()])){

Backtrace:
#0 plugins/MyItem/src/muqsit/invmenu/InvMenuEventHandler(69): muqsit\invmenu\session\PlayerManager::create(object pocketmine\player\Player#26523)
#1 pmsrc/src/event/RegisteredListener(75): muqsit\invmenu\InvMenuEventHandler->onPlayerJoin(object pocketmine\event\player\PlayerJoinEvent#116300)
#2 pmsrc/src/event/Event(62): pocketmine\event\RegisteredListener->callEvent(object pocketmine\event\player\PlayerJoinEvent#116300)
#3 pmsrc/src/player/Player(778): pocketmine\event\Event->call()
#4 pmsrc/src/network/mcpe/NetworkSession(711): pocketmine\player\Player->doFirstSpawn()
#5 pmsrc/src/network/mcpe/NetworkSession(704): pocketmine\network\mcpe\NetworkSession->onClientSpawnResponse()
#6 pmsrc/src/network/mcpe/handler/SpawnResponsePacketHandler(44): pocketmine\network\mcpe\NetworkSession->pocketmine\network\mcpe\{closure}()
#7 pmsrc/vendor/pocketmine/bedrock-protocol/src/SetLocalPlayerAsInitializedPacket(51): pocketmine\network\mcpe\handler\SpawnResponsePacketHandler->handleSetLocalPlayerAsInitialized(object pocketmine\network\mcpe\protocol\SetLocalPlayerAsInitializedPacket#116154)
#8 pmsrc/src/network/mcpe/NetworkSession(395): pocketmine\network\mcpe\protocol\SetLocalPlayerAsInitializedPacket->handle(object pocketmine\network\mcpe\handler\SpawnResponsePacketHandler#114728)
#9 pmsrc/src/network/mcpe/NetworkSession(358): pocketmine\network\mcpe\NetworkSession->handleDataPacket(object pocketmine\network\mcpe\protocol\SetLocalPlayerAsInitializedPacket#116154, string[2] q.)
#10 pmsrc/src/network/mcpe/raklib/RakLibInterface(192): pocketmine\network\mcpe\NetworkSession->handleEncoded(string[5] c*d..)
#11 pmsrc/vendor/pocketmine/raklib-ipc/src/RakLibToUserThreadMessageReceiver(42): pocketmine\network\mcpe\raklib\RakLibInterface->onPacketReceive(integer 0, string[14] .d..].W..8..=g)
#12 pmsrc/src/network/mcpe/raklib/RakLibInterface(122): raklib\server\ipc\RakLibToUserThreadMessageReceiver->handle(object pocketmine\network\mcpe\raklib\RakLibInterface#26046)
#13 pmsrc/vendor/pocketmine/snooze/src/SleeperHandler(123): pocketmine\network\mcpe\raklib\RakLibInterface->pocketmine\network\mcpe\raklib\{closure}()
#14 pmsrc/vendor/pocketmine/snooze/src/SleeperHandler(82): pocketmine\snooze\SleeperHandler->processNotifications()
#15 pmsrc/src/Server(1645): pocketmine\snooze\SleeperHandler->sleepUntil(double 1639651064.8712)
#16 pmsrc/src/Server(1034): pocketmine\Server->tickProcessor()
#17 pmsrc/src/PocketMine(301): pocketmine\Server->__construct(object BaseClassLoader#2, object pocketmine\utils\MainLogger#3, string[12] D:\FoxCraft\, string[20] D:\FoxCraft\plugins\)
#18 pmsrc/src/PocketMine(324): pocketmine\server()
#19 pmsrc(11): require(string[56] phar://D:/FoxCraft/PocketMine-MP.phar/src/PocketMine.php)

PocketMine-MP version: 4.0.0 [Protocol 475]
Git commit: 468faa464b2bc5c97f23fafbb71ea61035f6f218
uname -a: Windows NT DESKTOP-BVRHES0 10.0 build 19042 (Windows 10) AMD64
PHP Version: 8.0.13
Zend version: 4.0.13
OS: WINNT, win
Composer libraries: 
- adhocore/json-comment 1.1.2@fc2f76979f0a44a5f5bc2a2b600d0762fe0e78e7
- brick/math 0.9.3@ca57d18f028f84f777b2168cd1911b0dee2343ae
- daverandom/callback-validator unknown@unknown
- fgrosse/phpasn1 v2.3.0@20299033c35f4300eb656e7e8e88cf52d1d6694e
- netresearch/jsonmapper v4.0.0@8bbc021a8edb2e4a7ea2f8ad4fa9ec9dce2fcb8d
- pocketmine/bedrock-data 1.5.0+bedrock-1.18.0@482c679aa5ed0b81c088c2b1ff0b8110a94c8a6c
- pocketmine/bedrock-protocol 7.0.0+bedrock-1.18.0@040a883a4abb8c9b93114d5278cb5fecc635da82
- pocketmine/binaryutils 0.2.2@f883e1cf9099ed6a757a10a2f75b3333eeb2cdf9
- pocketmine/callback-validator 1.0.3@64787469766bcaa7e5885242e85c23c25e8c55a2
- pocketmine/classloader 0.2.0@49ea303993efdfb39cd302e2156d50aa78209e78
- pocketmine/color 0.2.0@09be6ea6d76f2e33d6813c39d29c22c46c17e1d2
- pocketmine/errorhandler 0.3.0@ec742b209e8056bbe855069c4eff94c9734ea19b
- pocketmine/locale-data 2.0.20@a6e4eb22587e0014f6d658732cf633262723f8d3
- pocketmine/log 0.4.0@e6c912c0f9055c81d23108ec2d179b96f404c043
- pocketmine/log-pthreads 0.4.0@61f709e8cf36bcc24e4efe02acded680a1ce23cd
- pocketmine/math 0.4.0@6d64e2555bd2e95ed024574f75d1cefc135c89fc
- pocketmine/nbt 0.3.0@98c4a04b55a915e18f83d3b0c9beb24a71abcd31
- pocketmine/pocketmine-mp 4.0.0@468faa464b2bc5c97f23fafbb71ea61035f6f218
- pocketmine/raklib 0.14.2@e3a861187470e1facc6625040128f447ebbcbaec
- pocketmine/raklib-ipc 0.1.1@922a6444b0c6c7daaa5aa5a832107e1ec4738aed
- pocketmine/snooze 0.3.1@0ac8fc2a781c419a1f64ebca4d5835028f59e29b
- ramsey/collection 1.2.2@cccc74ee5e328031b15640b51056ee8d3bb66c0a
- ramsey/uuid 4.2.3@fc9bb7fb5388691fd7373cd44dcb4d63bbcf24df
- rhumsaa/uuid unknown@unknown
- symfony/polyfill-ctype v1.23.0@46cd95797e9df938fdd2b03693b5fca5e64b01ce
- symfony/polyfill-php80 v1.23.1@1100343ed1a92e3a38f9ae122fc0eb21602547be
- symfony/polyfill-php81 v1.23.0@e66119f3de95efc359483f810c4c3e6436279436
- webmozart/assert 1.10.0@6964c76c7804814a842473e0c8fd15bab0f18e25
- webmozart/path-util 2.3.0@d939f7edc24c9a1bb9c0dee5cb05d8e859490725

Loaded plugins:
BuilderTools 1.3.0-beta2 by CzechPMDevs, VixikHD for API(s) 4.0.0
DevTools 1.15.0 by PocketMine Team for API(s) 4.0.0
ExtendedBlocksConverter 1.0.0 by JavierLeon9966 for API(s) 4.0.0
KeepInventory 1.0.0 by NhanAZ, KhoaGamingVN for API(s) 4.0.0
MaxEnchants 1.2.2 by Xenophilicy for API(s) 4.0.0
MultiWorld 1.7.0-beta3 by CzechPMDevs, VixikCZ, fuyutsuki, kaliiks for API(s) 4.0.0
MyItem 1.4.5 by hachkingtohach1 for API(s) 4.0.0
Netherite 2.0 by Wertzui123 for API(s) 4.0.0
PlayerStats 3.1.9_BETA by hachkingtohach1 for API(s) 4.0.0
PurePerms 1.4.4 by Vecnavium , 64FF00 & ProjectInfinity for API(s) 4.0.0

----------------------REPORT THE DATA BELOW THIS LINE-----------------------

===BEGIN CRASH DUMP===
eNrtXGtz20ay/StT8taNnCtSeBEEuKWUbUneaGNbupYcpzZ0uQbAgMQKBBg8JNGp/Pd7umdAgrQs
O7u+jw9O7UbCYKbn9Lt7Bsrve2lZLWTz/kZVdVYWexPvYK/JFmpvYvtu6I9syx8NXW8cjv2DvXbZ
vRo6vmfbvuUFge0EPt7lsm5Oq6qs9ia/7zWrJabt6eeDvYWqazmjkWOZ56IpRVskKs0KlYiFauZl
IpZlfK2aBYam02UuV6qaTi/452QyU81refumyH5r1Vmy/xgU0zbPn2c5kTyZTKfPy7vjSqYNrW1n
WVFPpy9XZ41aTKd1FU+ni/a3OsPbrLhZqKLFKBCB3W6Pl7IAvmq4nC+JuCZsSB1qSocgdKjpHBoy
h4bK4RYREMjBxt7EJVFWMsavv+49ssTn6Z0VNy/x8/RGFc2PskhyVe374eOJ+EL8k0lcKdmo/TL6
p4qbB4T6yPFHjkuSfGSL5YKw0P8V7Xz4Ws2yulGVSl7QzwIoxqP7UNyDd/BDWegt/l5mxX1AeI9d
PDSZyTyCVbmWxcicj5DxlH3fAZh7SH6Me/BDDIPTq/4tKG4Pip5ulL4/Hgf3o2EaGgCb7COvR6NQ
zW1ZXR8u4qU6fKUfLrVO98e2vUNxG+Dgh6R8nlV1c7mUt4WmPfpS2pa3Q9vMho9g+nS6PZ+0eZxn
YIT3eq3qZVnUSu/pf2rPuTaFw601F5L27Kza+5MwHpj6e5yXdVupPzSqsUEF6SdldbhZeBippMLT
YFmVTRmXOQO/VM2LEjrSon1anxVZk8k8+6ASjXh/ZD8M1XA7nX6a3cEPetIDm91nnjsbdbix0+dA
k+naI48FEnyhabjh6GFG/8T+HcNfwNUXiA/ceGMnYG7CL+VmFPw5C9M4TmQjjd7/JxRyIOqmyorZ
r8478dtQh1/rUxxV8jrPosPX8vpFFp0VCGwpksm+HTr/CmenRVwmsDMDYPROxN8nQ4PB/qTTaBCD
bKkBajBX5ZtaVVdzJJvkpc7tr1Wsshvy7M+g0wQRrLfZ4rzBojKU9jO8Qk4T1lpotvdODIH53fDt
cBgMh0czjd75sxJ0CGMHBJzckP2BxQ7VA/z9Ccv+BKdIvZbna+TuJ+VeF2X5QekQlSu1VFUXOm3k
7X9Nwl+wZieY2t6/ADDYtQA9FV6yNQ94EI4h3Vdlk6VZLBtYa2327eezS1bQvu17oy8kXNPzm6LJ
8v2kbKNciXUx6w2Dse3oTfx7NrHc3cyk3wx+aLL4+kIjLisDc9yjcMFrXmLNvmvZnyDy/n0MJpuq
jdcB5pms1TGq5/pFKROqzA7EPbbVghmqamVWvChn8ItH7sYvEE22q+BNnLF2X60LZM1B8AkOnF0x
aDcxfJsovM+VSqV+a7NKrSOL/04s57KaHB6eTA67jXvEBy8vhjRhZ08qvh/vvfvjYE/977URX6vS
B2pN5D1WlPmNwqoGlBMIJm72urcY0XtghMIxMemMMNrW6oEif+2s62SpcZhIb+xel7/V6q8g7viG
6KcFwtPGmEY/A/yEIGUuYjJFscXn7zQj1DNdCz+nzeH334snN7IyE02u+fWd+P6QJtk8aVllN+hG
YIvw7Vj8xfBTiyPx6zva3nUMUVfPh6tinpmetkVMIUGYnkbvJP6iuXgsJuKmzBLC5nq8fNrUKk8n
k/U+v5q5gx92Vf8OEAp1u41+n0iNDKlpYxYf0Ki/Ht2sMsLnVeP1++11QW/8IZWxce7f005NJkt0
uscynqvkRN1ksTq/3O9EQBbshust6NGzzONjkq+n9fAH/WpE7T0o6kQBTbl6QNZeJ+ss3c/qGqg/
EnrbZgnk+2nhP378+94f33rjb73xt974W2/8rTf+1ht/642/9cbfeuNvvfG33vjh3rhrI2vqG5+1
WQ6ZXJVlzs+FpKu57eGDvfW93p49dIfWIFKNdDAuW/TLVU3l9/EHFc8vXqK9oAU/Z3fZ9Y8ntJlc
ZvTeG1pDi55VIWEvyd4EOlIHewnsqkiIBN7VZdqc9AcWktvdmIgvFwmIT6eRxtYQtul0B2kOFWPB
xfnl1dvz1y9OMHSrIhTVxNW8aZY1pDbLmnkbDeNycdiDfbhFCq0FBnflsh7alok9Am9b4thIXVwp
ufhaguj2n057SAzPl1dPX1+9ufgcxxtkh2saYPb0DvU80tezHO/r47IAf4hrPd4/NWNbFNauJP4u
bzJVvVBlEYa+/7UEsU0VvcD94LQ//2kZbVM//BTnENtPiINo0lC/l9WqJ6zt8c+I6BUy3tN/YOyn
eSn/JhEOZj+/+lqS0sSn0y1Eu3L5Yn8xUMH5S3mHigePTd9B+qPbXDvDnYjxiyrK5TzLs3j1tXjt
kSQO11C2Hj7HNTPX5k32tqzypM/bZnCbtbEJie5nQ+LxP/izg1Xb1O11ht+vUcNm1/X/SKBcEN5b
wgv++9j/nSDZI0Ry0ueQPRl1B5N9+XjD0bZk5jKeX8PKm5J+s78W9ztkN59vrFF9lnMwDuFleVyt
hvWqUfUQddxhIut5VMoqOSSmUf7PVcVr1nxvxvqsO7ue/haB40ObocL8WjxvKHJfokH8y+69oXa4
4QgsmyPORm45e3+0z7Y7tIfh+2enV0//b9Tew7X18KUCuZVNPK/nWTO8VSrKVywaFgMK9wtVLbaE
sB7bNXpvm/ufVVwgr7QLcSB87/lzyxL/IVDvUiV6VqQZOtqvFgjf6w3AfYeu9+vnAyBdRMgK/CHL
7ZQzXW3JyCgv8nktyeO4rGh1ANw2RcIoXshm3h9B/w6kWNsfKxfvk7KBl22NmkubzUBb5f3nRDZb
79Ms52plMzJbLPuPc7hw/zlDm3DTH/hnzYpbPy8iXW5vjZUoO2kWnjmd1Y0khpL+pGW8LYfXKs0V
n4z3R2uWaL09lMA6+iOXFy+2tl/Vv+UFbWZ+E+tXTXmtiuzDtgju7gzXBNfGwEoucg5LDj9+yJa6
fA05QH9Ag9pfjse7xbbUS4LnWJZr206IgYuT8y3Wk/I9Q9sdxFC2rbASRlvXWxMvs8UyV7+83OJ5
BwEe6cxgh89FfkuRamtw2fDpAknYMyXXxXzH9uZtcc19n8NCclkq2SzKCknVHAKZM/RJEupG5Ulk
JhEp5IdlU5oBRwsrgaK1WZK8adamvXu/2av3nm4OsyItt+w2+Ujl2ZaVsCjd/lCl4B7kh7NW22JH
/x9wN3F+EdPNz2YBefd8afalHekgX+b9mNZ3d3JldNCbjzvX8uRObG/iWK4DsdXvkTn3JqnMa4Sp
7uhub+KNR9gjI//2/CCV0vO9yIniURyOU8dNZRpFY1tJ37bcUeqnjh2AdmugvM2KpLytxasrcXJ6
+dPV+cXg2c+vfzy9tIQNFIIxCDu0PEfsd5Nt67F4+vLEpwhMX2P2ZPVBsQN5azOZL9+XpJO3Z69e
XZFh0sMtZ0/EpmWJtvw9lFvJKlMc52QyB2OVOqSIMcAcc0trU0x4ksZOOvbDcZha0vPkKB1FsSOd
yLesxBr7TqosNQ7UmMRXZfH1oQmS1jAcuk9iORondpBaTpAGXjoejyPH9oM4sUPbjqxEKcf1XKk4
AkIhiD5ITXQDEsn4enCDahKRke69IcDrorwtnpifZG2zqqxrdQiWZV3Qrd6NQ+b8xLGcMLRcN4b8
PdeyVOSPfDVWgQqCOB05iZ34fujRrojTlaqVrOI587+QyyX73Q0bxZMgimLLsWWgkshRnhwr6aSB
TLxUhioOk1g5aRwFyZZzrC8OgF2yJNFP/2c3CLlCe0+8wIn9cSjlSCVWFNixBXBOZKcpPdmWDL04
kH58P+WNOe6NCegudcuzZBC40pNRFMRhFCLCecnIGQdxNEpVHPvuKJGBs0OdA8XGqx0yAJBRdpyG
VhiqxJfj0VgCHaxiFLn4BxWFEydpuE3pXhVSq+g+8b1xMPZgUr4fxRISHQXByPEcFYxix42dkQri
0UjuQOMb+Lw0oZKgQYShkq7lhqGr0iSN3DBOXMtRjj3yk5EF0oFjhbDOHUplXm5oWGGkfDhrMoan
KtdN/MCG4YSJE8aOE3t+bI+Vneyg4Y8xzEVEF0WfqHjsORFtGVgjP4rA0Mjyw9hTaQplhmPXU9IO
o21SOV0DqM5UAGnoWE+krzzI1RkFY2VZtpf6iY/fXSdOfdd1fGeMQBMk7i6pGYPxCIwfh7YTW9Db
aBQH4MC1rUDFMP4xzMFPPcuLLe9jCoNeotGkfDsdE1Nx6kJjseMBG9zekXECgwgsacML3HjHB9Zx
gEkkvqec0WgUJY4KyeIdbzRGQBglWJzGtguMYbpj7EXUrIUbBrEnLS+CZYT2SCGmBG7iRhZsG4KC
Y9oygvrtbQqbXwdcPmmn/hNh+6OLDZ2NPDiGcmXg2zZseWwpO5XwKd8ZwfFsBDvPGyuEjkiq+D4q
dD3S1TFPQseRvud5YMaPx4lESKD/Ba5jW7A9FXtjN5BqR776KLvL808sGQeI1bB5O/bsUNopJA7/
gtMH7oji7yhUDhsfCuFarcgPNnUcn2c8ifHP2FNqpFwnQFEUwZM8KxrZsGelYG9R5PuxJTdE6LMG
lisiL3JFCBmm0cgNAj+002TsjmEXnpfEkZf4WB2njpektHzeLmopu/UfB/d6tUjLYgUN5iuUFfmg
K6FvANVlJcZJOBqHYxUi+rhBmiROZLl+6CLAIe8oqNeCcd1HCxkjsNa07CcItxbykEpsGSIISFAL
pbIdxHYkD2Qsyxl54+iTtOweLuXDKMLUTcjOU6Sg0Avgq7YVe7ELUC6cN8S/dYuyKD/IqjlEbEOn
qpMuWagf+l48hjUElhfYngw8B0agLOg4sUeRjKzUDuBQW0SW8LgBBW+OI4QlCd0wHasEPhvDJKIo
jCnnjuLIGiXIhsAWWmOQ4Q5pbVvDFRepjwR13QKNRZrN2oqvWwSVeCItK7FVU02LR+JqjkQqatU0
6DJqISsl0HGLslA1fpGNiGVRlI2IlMiKOG8RPPCL0NcEQyQ0JN4GNQnRuiwXWJkSgV2atUzVgSip
ma+JpIgQra7FqmwrQ0tkqVig90gz3gG1DX1ulq+I8Ct1uyZ3iAJXtnlTi9uy+K4RlPplJdDilgv6
AggpbEUIm3lWa75v56oQ7XJWyQQEhtNiWnTEJtNCiEdv53zKQF/h1VSr0hd5uu2CDFDd1FRQJ/o1
Q9XRX0CeuWpYXgl/0CR0cqGRBVGGxGM1yCWVxDM1EVyV0ot63jaoEYuB+Q5wIqZ7+u5I0M2cSqZ7
jOxpnpe3Is9qQtt9WSRuMin+q1XViub8Rr8MzKuJoPacl55yw27WCOASVC4KaAxCIWrRShhR0nzd
3w/Wr3tgH72Fx8AiIFeZJAKVlxY/iZVuy8RCSbpMpApUQOiRItAQjvqtlfxt4yy7wVwUFa0S+2ZT
4ViPibreUQ0qtURfO4DY6dprgte896t2EUEqsKqn9aqIr2R9LehGE3Y05AlvIC027Y5TmjavyqJs
oT1Mrw8EHz8K3WGQPxwIKqorfXPOsoE/0tiiLcwNpSZ+yeoFT7CyqrzLYGEKYgBLbLnFGhzJ1gA6
S8lWaQ7Z5IHImu/oC8+KlyWqoSs/MpmdxWIfPNBnjg6LhdkYGE4nTGrXViUbR9UWBakzoe6wXLIS
uB2ph+JE3ZjfxSKbzeHMFVrxg77zGcMhiVRVu2z0qBYYCWYBbIYvVi6cknuNRDuEpI/pAPt+BGQj
ZHMo+DNY17BnaJg80JPWljYtFgrbrbRT/i0vI1gPnS0JPQ4/WGQN+fZCzWTE56LiUovaYuFmNdHm
5VektduMJc8WBae9HWhCnZHVzGGaASIiEn/PRWTSSqluS23k0FZLbipmJRRVkpuSVdBGM4Y5YGgT
YREX2J1DsK7I/t9zQId1D+Gfo5v/9/DXTblkCCZ8riEZcrVA+FhSNk3WgGjXDpWNutMA4yDwlr3C
4Ku/+woI2S8YEkUMEbdIPgWSj1B3Km45+JYasvZISlbr2eouViqpNxzpwHV+dToRVz+eXYoXZy/P
rsTTi4sXZ6eX4uL0tXh7/vqn09cHApPE1TlmnYq3P56/OBUXr8+PTy8vh7shYEsezsg34rhQVVZy
QqZAXBOD8VxxSGZprIOtDdmjJEg4tvCUAUKh0mGWSR2XBfhEgIY1Eb+fMjZtZLdzyqyQCYUgPY0p
ayIIvZtArjMS73FOOYTyPC8YfjybbMGcNENtSxVTOaAlS3C1XvXaNQ8wL7WsN6y6luG1fnw/JMO5
azifySqCZww2lTUHoPuly65GcMwqYVYhdi9k0XLx0UeCwqyFDT4+6HLCrhF2ZqjTa4omv9H8LjYu
OBTnOuZrg0f1ULZ5ssaSIYncFmKDv9aElwwfjPqWZXjFbs85WHyUJNl0NIU1b2lVLrpkq1ebGYO+
afY1TNwYTX5kG+Iek9qyjsuuYCSVVdiJzNAYctIulrq60iWcMC8G9KLT1wlNMgsYO8PsOMAT0jyc
Xd4jYCRtJD7scAMjq+tWUWBo5tDarKs2KWjRbhtUB50idY1gisqhRkNTPymnhbwb8Fls3WE/lksa
zRbtAjkW6bUi4o0sUFVCkUJ/G6xRbORK/mJEyR7zsY2h2F4aRLzhgKrgFknXW2vspNSvdm2aaiOK
epq+nty5kKZlJvY548phwGe9a95OAIVrFZSPJD2g0wWGprLk7wGFXqM53HCHZUaemp9uZ5q8qXZJ
gDm1AYbuw6QessNpYT6Zm5gUgdJsXua6xIzoSo4rcYaMqgkmZJIMxzbd+Zi3OrVEal1s6vT2qK+l
7hWF1WrVEPEDMbB7CmTl8caDpgNjUgBH7U0dy/cDVEImmnPqZbjQp8UYNLCG4kfUgrClIy7uxPHF
mwOsBYYI/nWbJTB7rhV09FzTHzD9ifC7sntTkdcsnd7coXiaIFDNZZ4eopXUbUKiYMNmK2wq6FyQ
DKzniJu01yPWb0VO7yiqUYkp86EgEG8uiouu2N40gNRLEKhbpE1a2C6L5cA873Q3L43X1dkHtdYn
leWdGmtKeKZkQtmuzaOXWr3Q0YseD8WFWZPLasYLpOlEjS3wjmklZ8QCdAKx1cucKxZqLxcAT84u
K9KT/iRf98v09Z2qG/Hy6g0jrcESsR21jaD+nFW52U43F8Mu1iyadkCrJoy23x+qgi+R2NdTQQcD
MX3Ht2YT/W+aZvFQcJaaSyoCRLaAbBrSHbTB/9UNhKkDxgKl3TDoOUkCUZcDMVK05HC+/rspKiUw
tzE2SpwofT5gQp3ppk7OuUg6Obt8+gz1EddTbcE2RAGb/mqu4vtPXSRkZIzm79aSfr+x4XPj64mK
2tmka9p+EDY1a6ZknSNc8XthWvRaHyqQNxd1qZO38QibiGnUmtrxvEQTT17Y9Wqq68Y5itOxsajl
TZct8Ctab/1XH/Su18YDGN+466LNnMn8s8wKfSDAkvpO/BKVd+T5lTg7Efu/vDk7eQy9w+2BAfNv
oTZSTIZ0D+egHq5KjHx0+QFvKDe6K+Dtvzx70dE3/V1v5DvejC7HuHBg9ZpShHkruxMik0bvgG9A
XyEclWnK2+Jdlq4Gd22WbBTC8hxsH85c8emKdjX9H3jRMuC5xq/a2pzy6L+LYo83awZ6zUSY21Pa
RqcQEx7NLpQDZTFb9ygFLct3U/FBN+smU7eDdYK+70BMC/fpomwpeqQ615lgApF1oqXcTtGRj0Kg
fvqdkzMWv+ZU3VvMjBdKt96R0sQilZLv1/R3FexK887O2LRoeDvpa/ZpozX7iIFC7kI1321jN4V8
eh9K636YsgKlRMjO3AG2W0w/12jcnROeiL9shDTrLNE5g/iR0CkMrm6jvhRmlEQxQyU6dfLDOrXx
UZMxDhnHKlfcKWjz5l3z7BpbUJ/MkSiXYH1WlbfNXMcxbCHFXFPrBTl4f93olMxgBySNDtpgIxrN
2tlJ3eOLwjRpXlMT+tp0zaY5curKHF6zpSTQGwhHPAJMtMobRW6Otda6HH6sTBO8bmXG3SySCVo9
bUXLctnmnduYB8r3PMekDdehDbkNIi55J8q4FLlQEpgGg0bMQd7ElDp07sjNtR7WlYKxLADZROhk
E/TIMwf0Zyw7Q+vAsD1sPiPo5XTEg4H+jGo9cw69TTSU4XKxWA6zkhEj1K0W1Bzy34/W4LDeQKc0
Zd6LzXtmgcOcnM0qNTNHiub8UR+z0B+EXu/yx/gQa85Pzulz+oFJCro+oPB1q3QHIvkvemnHmoFv
GOCxYe/QH3l6Lfl2SR8kaeV8JFQoVL83xoRKiL4b4FzWyzfHdDav+md5B0gOy7mEWyiK7BVh6OpS
ZIxUVeg9BhQXC0qG+m2Xu3TmkFtng+YTjl6ybVGDo7bh2NqFMEOQtazfd3t8pFXNV1+tTbbYZBCT
jYkozec/tq/1dQiFcdqQDz3Nou6Ae7jZwLzp79BJ7uF8b5KJ1qT2gN5ZkqEB8o2RZ3dqNDeDOsRV
607CRAc6hEezlnAZlKVrQnRJ3lb6xoWiTXeUoiMv6Jno1OVb1GSyNn0aSmtJXz6ZJyqAgNHoatIp
Tb+DjdKZ3kT8ypULitYDPuR7R0S5Bdsk7/5NELNBlXTFAZ6OUXTwIqtSzb15lOMzt481dwzcftPn
v8BqioA+fL0vY9C/giK5gWfpnLrZcSKev3h6pQep1VB0svZX80XGwSi8A0eFOnDvkqxqDjjo/tVU
evqupX9ooZ2YEh1Ea84UZWusLoey4pXQfw/UVl3c7Tq1an1Lw0EFdJCOYr4Fqzs5DbobHpiALusf
Pedowlvx/C0iXBebkfe9kQHXl73Cr9S1v7pDbKtNkxtfU5tUc0OH4BZlaFBWupDjecQvoKAF05lC
u4rmkumjMqrW4ZiuX3eVSveUFxsVH/NlJd/WTVG1PLpE9j1RsfCEPZ544cR1xduzZ8KxHJvedxdq
RwoBFs+LskmOtm42hb5Mo5d67wG53pEd2khkGLydZ40a0L0aFaRMA12SqcmOHItGZpLOCBJ1xE/6
Km89ZlbRqSzd3nTPy5vlEZwEvyUZtU2w09UR77g2u3UWO2JWuOKlQvqovl5x0t8Mk+X2ZtFV+tHJ
6fOnb15c0ajpbPgC0OzKaYB80jxvlalHAQ31SnG9pChQKsTr/gOlXqb0f/SjNlN0DUkfL+lToSPb
7+1fIfp0/NPvQzrJhwMmR9/zP1squPFZCW5vfbbEoN5o74//BhV6FSY=
===END CRASH DUMP===
