PocketMine-MP Crash Dump Thu Feb 3 10:24:26 WIB 2022

Error: Class "Vecnavium\LaunchableTNT\Location" not found
File: plugins/LaunchableTNT/src/Vecnavium/LaunchableTNT/LaunchableTNT
Line: 68
Type: Error

THIS CRASH WAS CAUSED BY A PLUGIN
BAD PLUGIN: LaunchableTNT

Code:
[59]             }
[60]         }
[61]     }
[62] 
[63]     public function onInteract(PlayerInteractEvent $event): void
[64]     {
[65]         $player = $event->getPlayer();
[66]         if ($player->getInventory()->getItemInHand()->getId() === ItemIds::TNT) {
[67] 			$mot = (new Random())->nextSignedFloat() * M_PI * 2;
[68] 		    $tnt = new PrimedTNT(Location::fromObject($this->position->add(0.5, 0, 0.5), $this->position->getWorld()));
[69] 		    $tnt->setFuse($fuse);
[70] 		    $tnt->setWorksUnderwater($this->worksUnderwater);
[71] 		    $tnt->setMotion(new Vector3(-sin($mot) * 0.02, 0.2, -cos($mot) * 0.02));
[72] 		    $tnt->spawnToAll();
[73] 		    $tnt->broadcastSound(new IgniteSound());
[74]         }
[75]     }
[76] 
[77] 
[78] }

Backtrace:
#0 pmsrc/src/event/RegisteredListener(75): Vecnavium\LaunchableTNT\LaunchableTNT->onInteract(object pocketmine\event\player\PlayerInteractEvent#137067)
#1 pmsrc/src/event/Event(62): pocketmine\event\RegisteredListener->callEvent(object pocketmine\event\player\PlayerInteractEvent#137067)
#2 pmsrc/src/world/World(1807): pocketmine\event\Event->call()
#3 pmsrc/src/player/Player(1611): pocketmine\world\World->useItemOn(object pocketmine\math\Vector3#136461, object pocketmine\item\ItemBlock#136474, integer 1, object pocketmine\math\Vector3#136950, object pocketmine\player\Player#116812, true)
#4 pmsrc/src/network/mcpe/handler/InGamePacketHandler(360): pocketmine\player\Player->interactBlock(object pocketmine\math\Vector3#136461, integer 1, object pocketmine\math\Vector3#136950)
#5 pmsrc/src/network/mcpe/handler/InGamePacketHandler(223): pocketmine\network\mcpe\handler\InGamePacketHandler->handleUseItemTransaction(object pocketmine\network\mcpe\protocol\types\inventory\UseItemTransactionData#137147)
#6 pmsrc/vendor/pocketmine/bedrock-protocol/src/InventoryTransactionPacket(114): pocketmine\network\mcpe\handler\InGamePacketHandler->handleInventoryTransaction(object pocketmine\network\mcpe\protocol\InventoryTransactionPacket#137146)
#7 pmsrc/src/network/mcpe/NetworkSession(395): pocketmine\network\mcpe\protocol\InventoryTransactionPacket->handle(object pocketmine\network\mcpe\handler\InGamePacketHandler#139722)
#8 pmsrc/src/network/mcpe/NetworkSession(358): pocketmine\network\mcpe\NetworkSession->handleDataPacket(object pocketmine\network\mcpe\protocol\InventoryTransactionPacket#137146, string[99] ...........\.....r...........\.....r..............B....\.....r...........L..Cr=.)
#9 pmsrc/src/network/mcpe/raklib/RakLibInterface(192): pocketmine\network\mcpe\NetworkSession->handleEncoded(string[82] c.a.O..f.ad`bd``.a....... ..].....1V&,j}X6:..v;.....P.`...`..%l...L....d.?f,&..C)
#10 pmsrc/vendor/pocketmine/raklib-ipc/src/RakLibToUserThreadMessageReceiver(42): pocketmine\network\mcpe\raklib\RakLibInterface->onPacketReceive(integer 0, string[91] ...Of.F.h.X......m...II..[|...]............x~.....&.(.r....`....;.7B.6.r. y.....)
#11 pmsrc/src/network/mcpe/raklib/RakLibInterface(122): raklib\server\ipc\RakLibToUserThreadMessageReceiver->handle(object pocketmine\network\mcpe\raklib\RakLibInterface#33285)
#12 pmsrc/vendor/pocketmine/snooze/src/SleeperHandler(123): pocketmine\network\mcpe\raklib\RakLibInterface->pocketmine\network\mcpe\raklib\{closure}()
#13 pmsrc/vendor/pocketmine/snooze/src/SleeperHandler(82): pocketmine\snooze\SleeperHandler->processNotifications()
#14 pmsrc/src/Server(1645): pocketmine\snooze\SleeperHandler->sleepUntil(double 1643858666.9335)
#15 pmsrc/src/Server(1034): pocketmine\Server->tickProcessor()
#16 pmsrc/src/PocketMine(301): pocketmine\Server->__construct(object BaseClassLoader#2, object pocketmine\utils\MainLogger#3, string[36] C:\Users\tranthien\Desktop\FoxCraft\, string[44] C:\Users\tranthien\Desktop\FoxCraft\plugins\)
#17 pmsrc/src/PocketMine(324): pocketmine\server()
#18 pmsrc(11): require(string[80] phar://C:/Users/tranthien/Desktop/FoxCraft/PocketMine-MP.phar/src/PocketMine.php)

PocketMine-MP version: 4.0.0 [Protocol 475]
Git commit: 468faa464b2bc5c97f23fafbb71ea61035f6f218
uname -a: Windows NT tranthien4-8sin 10.0 build 17763 (Windows Server 2016) AMD64
PHP Version: 8.0.13
Zend version: 4.0.13
OS: WINNT, win
Composer libraries: 
- adhocore/json-comment 1.1.2@fc2f76979f0a44a5f5bc2a2b600d0762fe0e78e7
- brick/math 0.9.3@ca57d18f028f84f777b2168cd1911b0dee2343ae
- daverandom/callback-validator unknown@unknown
- fgrosse/phpasn1 v2.3.0@20299033c35f4300eb656e7e8e88cf52d1d6694e
- netresearch/jsonmapper v4.0.0@8bbc021a8edb2e4a7ea2f8ad4fa9ec9dce2fcb8d
- pocketmine/bedrock-data 1.5.0+bedrock-1.18.0@482c679aa5ed0b81c088c2b1ff0b8110a94c8a6c
- pocketmine/bedrock-protocol 7.0.0+bedrock-1.18.0@040a883a4abb8c9b93114d5278cb5fecc635da82
- pocketmine/binaryutils 0.2.2@f883e1cf9099ed6a757a10a2f75b3333eeb2cdf9
- pocketmine/callback-validator 1.0.3@64787469766bcaa7e5885242e85c23c25e8c55a2
- pocketmine/classloader 0.2.0@49ea303993efdfb39cd302e2156d50aa78209e78
- pocketmine/color 0.2.0@09be6ea6d76f2e33d6813c39d29c22c46c17e1d2
- pocketmine/errorhandler 0.3.0@ec742b209e8056bbe855069c4eff94c9734ea19b
- pocketmine/locale-data 2.0.20@a6e4eb22587e0014f6d658732cf633262723f8d3
- pocketmine/log 0.4.0@e6c912c0f9055c81d23108ec2d179b96f404c043
- pocketmine/log-pthreads 0.4.0@61f709e8cf36bcc24e4efe02acded680a1ce23cd
- pocketmine/math 0.4.0@6d64e2555bd2e95ed024574f75d1cefc135c89fc
- pocketmine/nbt 0.3.0@98c4a04b55a915e18f83d3b0c9beb24a71abcd31
- pocketmine/pocketmine-mp 4.0.0@468faa464b2bc5c97f23fafbb71ea61035f6f218
- pocketmine/raklib 0.14.2@e3a861187470e1facc6625040128f447ebbcbaec
- pocketmine/raklib-ipc 0.1.1@922a6444b0c6c7daaa5aa5a832107e1ec4738aed
- pocketmine/snooze 0.3.1@0ac8fc2a781c419a1f64ebca4d5835028f59e29b
- ramsey/collection 1.2.2@cccc74ee5e328031b15640b51056ee8d3bb66c0a
- ramsey/uuid 4.2.3@fc9bb7fb5388691fd7373cd44dcb4d63bbcf24df
- rhumsaa/uuid unknown@unknown
- symfony/polyfill-ctype v1.23.0@46cd95797e9df938fdd2b03693b5fca5e64b01ce
- symfony/polyfill-php80 v1.23.1@1100343ed1a92e3a38f9ae122fc0eb21602547be
- symfony/polyfill-php81 v1.23.0@e66119f3de95efc359483f810c4c3e6436279436
- webmozart/assert 1.10.0@6964c76c7804814a842473e0c8fd15bab0f18e25
- webmozart/path-util 2.3.0@d939f7edc24c9a1bb9c0dee5cb05d8e859490725

Loaded plugins:
Alerts 1.0.0 by hachkingtohach1 for API(s) 4.0.0
AntiInstaBreak 1.0.0 by PMMP Team for API(s) 4.0.0
AuctionHouse 2.0.0-BETA1 by Shock95x for API(s) 4.0.0
BestTools 1.1.0 by KRUNCHSHooT for API(s) 4.0.0
BuilderTools 1.3.0-beta2 by CzechPMDevs, VixikHD for API(s) 4.0.0
CraftingTable 1.0.0 by hachkingtohach1 for API(s) 4.0.0
CropGrowth 2.0.1 by NhanAZ, kaidoMC, YTBJero for API(s) 4.0.0
DevTools 1.15.0 by PocketMine Team for API(s) 4.0.0
EconomyAPI 5.7.3-PM4 by onebone for API(s) 4.0.0
FCCore 1.0.1 by hachkingtohach1 for API(s) 4.0.0
FormAPI 1.4.0 by jojoe77777/DragonfireHD98 for API(s) 4.0.0
Gems 5.7.3-PM4 by onebone for API(s) 4.0.0
InvCrashFix 0.0.1 by Muqsit for API(s) 4.0.0
InvSee 2.0.1 by BlockHorizons for API(s) 4.0.0
KeepInventory 1.0.0 by NhanAZ, KhoaGamingVN for API(s) 4.0.0
LaunchableTNT 1.0.1 by Vecnavium for API(s) 4.0.0
MaxEnchants 1.2.2 by Xenophilicy for API(s) 4.0.0
MultiWorld 1.7.0-beta3 by CzechPMDevs, VixikCZ, fuyutsuki, kaliiks for API(s) 4.0.0
MyItem 1.5.5 by hachkingtohach1 for API(s) 4.0.0
NPC 1.0.0 by hachkingtohach1 for API(s) 4.0.0
Napthe 0.0.2 by hachkingtohach1,tungstenvn for API(s) 4.0.0
Netherite 2.0 by Wertzui123 for API(s) 4.0.0
PlayerStats 3.1.9_BETA by hachkingtohach1 for API(s) 4.0.0
PureChat 2.0.0 by Vecnavium, 64FF00 for API(s) 4.0.0
PureEntities 2.0.0 by LeinneSW for API(s) 4.0.0
PurePerms 1.4.5 by Vecnavium , 64FF00 & ProjectInfinity for API(s) 4.0.0
RedstoneCircuit 3.0.0 by tedo0627 for API(s) 4.0.0
ScoreBoard 1.0 by hachkingtohach1 for API(s) 4.0.0
Shield 1.4.0 by JavierLeon9966 for API(s) 4.0.0
ShopGUI 1.0.0 by hachkingtohach1 for API(s) 4.0.0
SimpleHome 1.1.0 by CzechPMDevs, VixikCZ for API(s) 4.0.0
Spyglass 1.0.1 by ItsRealNise for API(s) 4.0.0
VanillaHopper 2.0.1 by ColinHDev for API(s) 4.0.0
_NewAlias 1.4.0 by Javier Leon9966 for API(s) 4.0.0

----------------------REPORT THE DATA BELOW THIS LINE-----------------------

===BEGIN CRASH DUMP===
eNrtPIl227aWv4LjdFpnRqK4i1SPO3G8NH6NY03sNJ1X9eSBJCixpkiVi5d0Mt8+916AFCnbsdO4
pz1z4vcakSBwcfcFAPn7VpwXS169uxBFmeTZ1sQebFXJUmxNDNe2PMdzXVfzTcO24EG9ko8sW7MM
wzNNzzdMy7GcwVbKy+qgKPJia/L7VnW9gl5b8n6wtRRlyefYsgfdSjbb+lGEGb9I6uVs9pLXWbjg
QSrOXp3BbR7yChCZbbEsr1ic11kEIOI6TQ+TlGBMZrM3JaA7m1UFz6pFIrLZbF+U51W+ms0O86u9
gsfVbLZK63mSlTemKItwNvsIBt1bbbVY4fRyagVx1OsyAnijFtzGs94dAEqTDAC5HjC54CFc/rz1
RGerJcLA/8SFyKrRazFPykoUInqJv5kotsfO0wl7INLD7/LsKIPxPKy28+BXEVZslYfnolrC9LMZ
TYL84deimM2m9NsMOMCHTwxrrLvjp4DxE+MGetRl2zUBo1vA3kR++F3I01SO+mx0zA46l3mRRqO3
+O+24enj2xEiEBKHbQJhdUDIWUdy0m3DNYwNIDTHbEaTDL+rS3FUieVJdhshYEcL0qwqLyzA2bVd
Y8Bu6ZgAiNkMAT1PoZm6ju0BS4DouSjY7aNugPcd/daOfU4+MQzXM8wBq4paEP12h/5MVEDh+WgZ
rsRowbMoBW4cZd/zpZhyBPlCtm1brr7Bmf40w+8SJTKi6eH8+XSiiQjnjxBhmtYGEWooTARjZzM1
GIRzc/TwO/n0jdSBM3A+JZALzuo2YjcAr4q8ysM8BacFzhGcUpKhWubFNXmzDYD7vOKo9IYtld5V
xMKQKC9G63lGgYgKuBs28IkfRw3sDkhJyrZh2J/PgdvgfxIP7kZQUu0S1eO7RPxK3pxCXMGZLd/5
OE0Pmbih7QF0fIxFgL8/Nk3C33so/o73cfz7/RtMUUmUVB+V9wNWVkWSzX/2/V+Ytv6bzein+HgT
/D2/49FLTdsrdjTijX8Xbwp+nibB6DU/f5kEFAViCJTbhm/+ER4dZGEeiWhbUeSZv7BQ49qJpsUa
j/4VRP/6F9zKP6D1F7owfvx68OuHn9yJpl18Sy1T7V/wL/z3b6mkQ9Mi7T/jwddAkQyS+p0WKgka
JitJrCTsLMcU5mxRCB4dy/TotQhFAmnYtn0PpRIgBNo+izDqSzkqSNuNZ9XXEjVIoiexdqgttJ8k
3Uv47+hI037+H63hgPq7+l/6+VrblnJEJmjfauPnmgsN7JqeSvqNT5WniVQ2pAAvLtCggEkNXR/h
0CeY6h28emJZpudIzM07JVdmef5eEEmnqRArUTRxxLgvjtwpoweM+T1M87IuxAeZrRjWH0DQ29Qh
2XU26/cDfCB6AHdf5VUSJzL1LtW83TThlAQE+ZHtPBBwifdvsipJt6O8hsSUdQsKy1Lcd26ZRLc2
Y5R8MvyuSsLzqcQ4LxSabgfClMYcw5htSzfuAPLuXQhEQja0zo6f81JQbfIy5xE4cfPWXKQGYiBy
H/Mke5nPwbKeWK1lWe4v7MGVSTvKtj9hVFvPSLrHd9BtbjJPGpfilopJ25TnFuK3OilE6x31X9hq
wYvJaLQ3GRFOoxalkcJo1CDUmXR4PNVw4AYuWDw93frlw2BL/ImV4WOXZoCuBPYOUrQ8vRBLCJcw
QwScCqut5im0bELAUINEOj48ZJ2/D/DQ1TuN1GCoBrox4QZ/LdW4ApNJQhbDDEg061R0txRI7Cuq
dUCkF3mCXHFtBed3vHE6U38l03a2o8YMv5uLSpU/T7/F3m6ndxKzbTWCOrbJw/ZTeQ9561GGRt80
wAXb2dlh9CQqJxPgzVOJxhgAzyr831dLkOAO287EJXsNg/Pl9lMYn4mr6jSZZyI6THNeAaR/Z8fv
pkfwYxJqnoJAhFQZwkAQ0yJZiggm2m6UZDKJi3x5Qja8/RUocImut0wqyg14FG3rmjPAyAi/Twfs
RhcgRdaVT59KrvgbU4OHE9Uh1IPbX8XwL3Ua67d1Ajjn5ZsM/MolB5k16Fz2myUA4zYAxzkl2Eip
KoS2h2WSbSMXkUW6pptICPwzDPOy1y6xH5s34a74ZXaW72JRTF2sG12CArxhyMvqFG2N5j+aZ1C8
ynsF2t7Q67HT0euxK/V6PFa/KMEPWx++rH98Wf/4sv7xZf3jy/rHl/WPL+sfX9Y/vqx/fFn/+LL+
8WX94//j+kezYlDi2sAuKEdFVxnHrfSmYbDV7sBvGRpUbtDC62qRFyUWSQseLs4BxyrHKwOB8lWC
T2zqDPciw/In2ppgnjvYikAbswgHw7Myj6v9bsOS0wrGBtjZTGLT/OKqCCgEdJyenJ69PXn9ch+a
LkUAVTLivqiqVQncggI2XJSLpNIuhQjSay3MlyMs8nZB/49A1/hzcGPnXar7D+6hfnp8PGVngi8f
i+7Vcgmq1UdCKvZ9JBNVNSUNL3Kohro0dZu7FJmI6vD5wdmu0afrdAG64jtXn0fW1gHYc7683p0e
ba1JLBXs2YxLvBaIFxDdx/JeYp+LsjrL87Srs+u2vuCMTcH98PrNq70Xpy/y/OyxRNcBOZu1iDxc
eM/rJAUXd4OkbnOfKguEF4iKm33a9t6LcDE93hcXOODH5Co5f7H/WFSGCHy1jAD4bBZI3CpJ6Aam
DzLQeVIt6oDMsoP2qAcKeEN+DdzBGSLcYU6//W/iqnpIbdw+hC/AFmBvkobFtVZeV6LUIB8ZRbxc
BDkvopFkSL76vsgvq0WPG23jppVv2PcryNN2/wlt5zyJ8uM9uPrvs+f/EEX+WFyRMyD1DU4Ps4Rb
FEMhC1SDbmyaR9u0YfDODVfdRr9HddjN/JgYXGyo/unZ7uuzN9P76FtjNmphALEd57kmt9PYJdjR
xpo1nB7bfZrzTATw32PRqsDNZkJiATBnsx5G9zq5w729vOhasGrYNF3jrzFdiU3z+1jGepgXy74Y
m5Y+2famzv6a/5qLMf6N9gs+z7MYksIX+773WAxYT4D5LOHUXjxEnN+LZdcY6fYv1EucX/77EOSP
sgvwzeXiMLnq0NBt7ZKi39TK4/o3APdYVCwJGq0/hohAnFzh3iKWPQ+k5lSIPiHYcE8koDXhF3mR
vIfS67FI6QGlhS3A5FOI+QFK1HY5rENTv/2eeN8GuR8WOf+eQ801//HVY8e3HkaPEOL6W7dryje3
dD/qLtvtqMei9oH7Ww8R7TG/OsARWa/Y7Lb2iTO1jfT2J5Hlq0WSJuH1Y5HXAYkibFHp3TyIuDqt
EtqR6tK2buyTNlb5u3Vv/r73Tzpqfl1XZX2eUN6WJsl5+adk9UvEV+2u9XD/nIy+Awj5dI37Kl0e
yYY+fxzN+WvSAIlN8/tYacCr6V6HYrz7mxQsgMqnea47l1Ve8VW16AYh1bAZSM2PEjqo6myOO9QX
2Z9HMyHW/D7Etl8J6FjQ/Zq8tm0jzPbpews18vs6MUzrsehZQ6QNFonEHw4/a2ijNUVAstxAPq14
z1d3W7tkW5qh+e9wNemvUeMOXr2bz9bqaV2IvQWvujxomm4sp90VifHo0+Ghrn8S+TTPVBRL8vQb
q2uHcouwnELVPoAYdpHkdTk9GDbtnTW3d3JuYIvCe331ENXHvgdZlVSJKDeY0Dbfw4iXIskycfr2
saSfErzZbAU4CIWDJKqD0afV4Q2Kox4URb4UQp922bZZwzl3aAAbMCkF9jUDkeEmxhEUdFlSPVoe
0xMzYde5fIigX4uorKCU2kuKsE66Cr/5pG/4N8RdiSjXXXP8WJQ18GazQiESSkTwWNMmZveSeRpC
df8cA3OHwk7jRlz+a9zZGp/u9Wc7s9NFInrpqWq4ZyniH6DDongp8sz3XfexiO5DBToJl+b3QaJc
5Kvv3xz16JEtf5PkSqHTXjxWNnmaLFepeJEvu/lIp/GeDZDbi4w/o5woCacF4AQ86OL3OeXE6ZKn
6VQdre5ARcasrue4Y9xlS9N0T918VJWvBU9fJeWjrU11QAL5Co+Hbwr9yLMkTfmLfLUSRYeifvs9
azx7eZpkL4Bvj0VUC3A26yGycftHZNyiCsS/eyUud9OEd0W5bnuQw2J/tsciXNTPH6C3D24kwXzA
k/68AIIrsbl50ezoE/5XUCOVlOoBg+TC+paH8scVhSDEI5rdlpCnQA+M7bbly3dRXoF/6bWq1yHW
DXWRdu8jXvWex0laiR7g+XLVvV2A8+reJ2GeXXQbfi1Jku39MpCHH3pteVGpGtKgGrKsOBIUdTut
wj4fXos4FZQRd1tL4mjZb4owUe+0nE5f9qa/Ln9LM5xMXbH2UZWfiyx532fB1ZWiGtFFm7zmy5RM
1KTb98lKOmefksb3aRJ0h8Pt1bLP9RzRM3XdMgzTh4bp/kmP9Ch/R6htNkJT0hdYDqpdlr2O0o3+
dNyjeQMDuMVzXxt0LtNLLBl7jVBWY0/ksK2i73SxoXuLOjunszsmMckiriTzIMk4LvtCYmlqLnJC
XEA6EKhOCAoi46rKVYMpmRWBoKVa6irerQ/bvFvP1XmOr+gkWZz39Da6IfKkpyXESqvbVAgwD7TD
eS11sYH/TzA3djINIRPoMB+te7FS8+KMeBSfp93iomvuaMq8FOsPYbT8pO33rYmpWyawrXwH8XZr
EvO0BGfWHCvdmthjB+bAZH7Ldr2Yc9u1AzMIndAfx6YV8zgIxobgrqFbTuzGpuEB7Fqh8jbJovyy
ZK/OWHviyB56ZZIxA7BghAMzxmPXYttNZ3mgi5m64T5lu8f7Lu7/4AcrOkx7L8iS7FZfFqt3OQrn
7dErWkmmm0sKk+CkVnkpincg5YIXqgrl0SLHvHiErmMIfdT7UJjtmM/i0IzHrj/2Y53bNndiJwhN
bgaurkf62DVjoYuxJ8bIxyIJz0fKW+qar1nPQu6MI8OLddOLPTsej8eBabheGBm+YQR6JIRp2RYX
5AqBVnpVaIRvMgQ8PB9e8DQBF4mvlgEnz7P8MnumflHt5kVelmIEJPMywzdrLkzU62embvq+blkh
CMK2dF0EruOKsfCE54WxY0ZG5Lq+jbOCwy5EKXgRLoj+JZcZwtYFacczLwhC3TS4J6LAFDYfC27G
Ho/smPsi9KNQmHEYeFHPStpD64A7V0uw+n80jcBXkN4z2zNDd+xz7ohIDzwj1AE5MzDiGO8Mnft2
6HE3vB3yWi+3xojoJnTd1rnnWdzmQeCFfuCDq7Mjxxx7YeDEIgxdy4m4Z25AJ4+xNm8TFQDACCOM
fd33ReTysTPmgB1ohRNY8AdlkRlGsd+HdKsIMVW0nrn22BvboFKuG4QcOOp4nmPapvCc0LRC0xFe
6Dh8A7UQE740Vz4TUQMW+oJbuuX7loijOLD8MLJ0U5iG40aODqA9U/dBOzcg5Wm+hqH7gXDBaqMx
mKywrMj1DFAcPzL90DRD2w2NsTCiDWzofUd1TL5xp89EOLbNAKf0dMcNAiDI0V0/tEUcgzD9sWUL
bvhBH1SaYz7RqAqmnab+jLvCBr6ajjcWum7YsRu5cG2ZYexalgkVPHgcL7I2Qc0JGRuRcUPfMEMd
5OY4oQcUWIbuiRCUfwzq4Ma2boe6fRPCsBNxJCjXiMdIVBhbILHQtAE3MHuThxEohKdzA6zACjds
oPUDBCJybWE6jhNEpvBR403bGYNDcCIYHIeGBTj68YayZ0HVMtf3QpvrdgCa4RuOAJ/iWZEV6KDb
wCgwTIMHIH6jD2F9OaQ8Shr1J/jvG+fcZViywTCExT3XMECXx7owYg425ZoOGJ4Bzs62xwJcR8BF
eBsUPC3fJDTPfNPkrm3bQIwbjiMOLgH/71mmoYPuidAeWx4XG/yV55KbgP9M56EHvhp03ghtw+dG
DBwH+wKj9ywH/a/jC5OUDzLiUlyjHawTOtogfBbC39gWwhGW6UF2FIAl2XrgGKDPQoC+BYHrhjpf
A6nrRIYf8LwQK3zgYRw4lue5vhFHY2sMemHbURjYkQujw9i0oxiHL+plyXkz/qZzL6+XcZ5dgwTT
a8gv0mGTS18AqhYJMYx8Z+yPhQ/ex/LiKDID3XJ9CxwcxB0B4tVBuW6DBRHD01tYxjNwtzrEIREZ
3AcnwAGaz4Vhgm+H4AERSzcdexzcCcvo4CVcUAo/tiLU8xhCkG97YKuGHtqhBUhZYLw+/CtLmmX+
nhfVCHybKFTQRQ11fdcOx6ANnm57hs092wQlEDrIODKcgAd6bHhgUD0gK7C4ITpv8iOIS+RbfjwW
EdhsCCoRBH6IMdcJA92JIBoCbr4+BjBUKrW6pV1TtvqEYXnNQjwvM68LOjvPMNdjcV6wXnI1y56w
swUEUlaKCk/plYwXglULwfJMlHDBKxbyDF/sDgRLsjCtwXnABZOntzUIaBB4afkZYJ3mSxgZI4BN
mCWPxYDluL1SIkgW4OFedp3XhYKFLzUvoQiJE5oBcht8sTu9RsBQ9rbgRpDp8jqtSnaZZ99UDEM/
LxgUvzk4rwRD2DViiK/zSrovFyJj9Wpe8AgAaLNsljXAJrOMsSdvF7Tvw6ocZoGkFUCoo/Al5X0l
ZtaRfEyoSu/PgJ+pqIhfuGIVCiaDC7YsETJwPBTDlGNuPBcTRukpPigXdQXJYjZUr9pP2GxL5Y34
moWIZluE2W6a5pcsTUrElqkD6+wi4ey/alFcY5/f8GKoHk3odUoaekD1vRrDAC+G6SIDiQFTEFpw
zRQrsb9cDhi2jzvIPnkLFgMaAXzlUcQg85LsR7biqw9sKTi+GYIZKAOmBwKRBuaI32qeItvmyQX0
haSiFmxbTQoJ8lOELmcUw0KsoMAdAtvxHYYJPKa5X9XLALgCWrVbXmfhGS/PGb6eAnqkUYc3wC1S
7YZS7LYo8iyvQXrQvRww2s9nstRAexgwTKoL+VIW8QbsEduWdaZeN5HAT0m8QBNoWZFfJaBhAtgA
JJHmZi1yyFuF0FGMuop9UCcHLKm+AfZVBQ2LRIXvb6DKbAxm20BDDXZjEluIjKGidEKgNnWVk3IU
dZahOCMsE/MVCYHqklJj++JCXbNlMl+AMePZqkHX+JTiIEeKol5VslUyDBmzBNwUXSRcMEqqNSJp
EBy/bABo344B6gjqHCT8CWiX1lE06DyUnVpNm2VLAdNdS6P8Ps0D0B5cimKyHexgmVRo20sx5wEt
DbNTyWqdmJuUdOoYh5+h1C4T4jxpFBjt5VACapSsJArxWCFcMHovG8HEhRDNlFLJQVo1mimb5yCo
HM0UtQInmhOaQ0JtwnSkAmYnFywzsr89Bbi29zH8F1DWfx7+ZZWvCAXlPluUFLiSgftYYTSNWoRw
1gYrA/JOhRg5gbdkFQq/8ptHwJDsglBCj8HCGoJPBsGHiSsR1uR8c4mytEgMVm1vcRUKEZVriqTj
Ojk7mLCzF0en7OXR8dEZ251OXx4dnLLpwWv29uT1DwevBww6sbMT6HXA3r44eXnApq9P9g5OT7VN
F9Djh+m4ih1TUSQ5BWR0xCUSGC4EuWTiRutsDeA9pAQR+RbqMgRXKKSbJVB7eQZ0goMGbUJ671I2
qWSXC4yswBN0QbIbQZZAwPWuHbmMSDTHCcYQjPM0QLvZG3VBLUyD2FYixHRAchbRlXKVY1saQL3E
qlyTaumK1vLp7Sgpyi1F+ZwXAVjGcJ1ZkwO6nbtkaoiOGsXUKPDdS57VlHx0MYHErAYdfDpoYsKm
EjZqKMNrDEV+Jeldrk1QYyfS50uFh+whr9OoxSWBIHKZsTX+pQS8IvSBUFfXFa0w2yE5ixtBklRH
Qmhpw4+1NMFWjlY9hl3V7EoYqVGSvKEb7BaV6mnHaZMwosgKmAnVUClyVC9XMruSKRxTD4b4oJHX
PnZSAwh3QrOhAO4gzIOx81sYDEEbAh/McAFKVpa1QMdQLUBq8ybbRKeFs62xGjSClDmCSio1iQ12
vZNPS341pEXZssF9j6+wNVnWS4ix+P0ZBF7xDLJKECRT3wciLNZ8RXtRrCSLualjkGyvFEY04RCz
4BqCrt1KbD+XjzZ1Wn7gqIEvOzcmJGGpjl3KKHMY0qJvS9s+oEK5CqSPyD3ATiYYEsqKXg9ncoyk
cE0dDFP8lPQ0M2PndbaLDEyxDFBwPw7qY3o4y9T7zxMVIiA1W+SpTDEDPFdAmTihXOJnQpgKMuTb
ZOWjnsrQEog22ZTh7UlXSs0jdKvFdYXAB2xodARIwqOJh1WDjAoB5LXXeSxtFGAKGUnKsZahRB8H
Q6NCS2MvIBekb01hcsf2pm8GMBZwCMC+LpMI1J5yBek9W/hDgj9hbpN2rzPykrjT6aux3Qgc1YKn
8QhKSVkmRAJ0WE0FkzJcF0QF6xjiOux1gHVLkYMr9GqYYvJUY4jEm2k2bZLtdQGItQQidYknSGBg
vcpWQ3W/Ud0cK6srk/eilSem5Y0YSwx4KmWCtF2qRye02r4pBz3V2FSNSXkxpwFcVaJKF2jGuOBz
JAFkAmwrVyllLFhe4sY+GjsvUE57aQK9ZL2ML0WLsmLHZ28I0xJIQrKDuqIPr5Eo19PJ4kJrfM2y
qoc4akLYdutDkdFuEtl6zHBhIMRX9loyof6N4yTUGEWpBcckgCVL4E2FsgNp0KfKwU0NCBcQ2gUh
vUBOgNclRwwhmpM7L6VIZSoBfSulo0iJkOsDytWpamr/hJKk/aPT3eeQH1E+VWekQ+iwa/SUtBEq
k4QElVF9IS7q1htrOte2Homgnk+aou07/NYPSEKmrAtwV/ScqRK9lIsKaM1ZmcvgrSzCQGASawlt
b5FDEY9W2NRqoqnGyYvjsjEr+UUTLeASSm/5wSJ81injATHaoJdJm1qT+TVPMrkgQJz6hv0U5Fdo
+QU72mfbP7052n8KcgezBxyg/yWIDQWDZyTBOLCGKyLFH5l+gDXka9llYO0/PX/ZwFf1XaflG5oM
d8kocSDxqlSEaMubFSIVRq8AvyGeT9jJ45imhWdJfD28qpNoLRDi57C/OHNGqyvS1ORX8SUPqK+y
q7pUqzwhOJFKulk1ZijHTJjaRsVpZAhR7lHNgjGQZ/O2RslwWLoZigdNr4tEXA7bAH3bgphk7u4y
r9F7xDLWKWcCLGtYi7EdvSMthYD48ZqCMwx+TaG6M5gIz4QsvQMhgQUiRtunL8eRKS0aPSPVwuZ+
0Jfk40Qt+eADGd9EVX2EA2YTEE9vw1K/HU1e4JfoGG/UHZBtBuNvi421scIT4JtTaGdlEsmYgfRw
kCkoXFkHXS7MMYhCDxHJ0Ek3bWijpSalHDwMRSqoUpDqTbOmyTlMgXUyeaKUA+lzelVX+jGYgrOF
hNZxcmD9ZSVDMiE7RG40qA3XrJGkHe2XHbrQTaPkJTQmt01bMtWSU5Pm0JiekADekJnsCaCJp6ha
Qa6XtVpZajeFqZzXJU+omoVgAqWe1KJVvqrTxmzUDcZ76qPChmXihFQGIZU0E0Zc9FyQEqgCA1vU
Qt5EpTq47kjFtWyWmYLSLEBk7aGjtdNDyxziF5I2mlrH0G9W5wk6MR38wVCeN2p7LkBuE4mKht+Z
0JKcMAZXd73E4hBMucJ11rBco45hSj1n6+dEArk5Pp8XYq6WFNX6o1xmwe8onm/SR/iBrznZP8Gv
nAxVUJD5AbqvSyErEE7fz8QZS0J8TQC1aZ1Ff4jTLefrFZ5MksK5wVQQqHyulAkyITw3QLGsE2/2
cG1edNfyBhAcVgsOZiHQsxeIQ5OXQsSIRQG1xxD9YobBUD5tYpeMHLy3NqjOcnSCbQ05OOQ25Fsb
F6YAkpTl82aOG1KVdHXFWiXLdQRR0RiBYn/UegwYKEV04zghLXqqQc0Ct7aeQD3pztBw7uPxXgUT
KUlpAZ21JAUDwFeKn82q0UI1ShdXtJWE8g64CA/FWkRpUBK3gHCTvC7kjgt6m2YpRXpegKe8UxNv
OZ64U3UapNYcj0CpO0yAAEclq0kjNPkMdBTX9CbsZ8pcIGkd0CLfLwiUSrB18O7uBBEZmEkX5OBx
GUU6L9QqUd0aR8k/U/lYUsVA5Te+Twe4qiSgi76cl3CQlwARzcDWZUxdzzhhhy93z2QjlhoCV9a+
VScyBo5/RQfrB9ZVlBTVgJzutyrTk3st3UULacQY6IC1ak2R10rrUhBWeM3kx53qovG7TaVWtLs0
5FQADoSjkHbByoZPw2aHB1RApvVPDsmb0FTUvweE8mLV8q7TMqT8spP45TL3F1fg20pV5IbnWCaV
VNCBcwsSKFCuZSJH/ZDeBL/Qk8pIIU1FUknwITMqWneM26+bQsV9yulaxHu0WUm7dTPIWp4cFgnb
FyEzbWaaE8uZODp7e/ScmbppYIdmR21HgIeF+2VeRTu9rU11CgsfysmHaHs7hm9AJOs3XrjUbGGz
KhaSFTSCskPL5SKpxBB34DB1pcmgnlLZ246pY8uc42pCJHboTm76tW1qFK7f4j5Pc7+6WKkZogQL
LNDo6x1CrVXQNt7tEM2UG2PKvSNfTy3W+bKIOl1wx31n/+Bw983Lsw5NtE+opqRogaar7nvZ7I6H
TZ2Mnbpsffg/95TJZQ==
===END CRASH DUMP===
