PocketMine-MP Crash Dump Thu Feb 24 22:24:13 WIB 2022

Error: Call to undefined method pocketmine\item\Hoe::getCustom()
File: plugins/CraftingTable/src/hachkingtohach1/CraftingTable/CraftingTable
Line: 282
Type: Error

THIS CRASH WAS CAUSED BY A PLUGIN
BAD PLUGIN: CraftingTable

Code:
[273] 			    $menu->setItem($slot, $null);
[274] 		    }
[275] 			
[276] 			$recipe = [];
[277]             if(!empty(MyItem::getInstance()->dataItems[$this->pageDataPlayer[$player->getName()]])){  
[278] 			    foreach(MyItem::getInstance()->dataItems[$this->pageDataPlayer[$player->getName()]] as $item){
[279] 			        foreach($this->recipes as $case => $data){
[280] 				        $itemCheck = $data["result"];
[281] 				        if($itemCheck->getCustomName() == $item->getCustomName()){
[282] 				            $recipe[$item->getCustom()] = true; 	
[283] 						}
[284] 					}
[285] 				}
[286] 			}
[287] 		    if(!empty(MyItem::getInstance()->dataItems[$this->pageDataPlayer[$player->getName()]])){  
[288] 				foreach(MyItem::getInstance()->dataItems[$this->pageDataPlayer[$player->getName()]] as $item){
[289] 			        if(isset($recipe[$item->getCustomName()])){
[290] 						$newLore = $item->getLore();
[291] 						$newLore[] = "";
[292]                         $newLore[] = TextFormat::BOLD.TextFormat::RED."Vật phẩm chỉ có thể kiếm từ việc khác!";									

Backtrace:
#0 plugins/MyItem/src/skymin/InventoryLib/LibInventory(85): hachkingtohach1\CraftingTable\CraftingTable->hachkingtohach1\CraftingTable\{closure}()
#1 plugins/CraftingTable/src/hachkingtohach1/CraftingTable/CraftingTable(300): skymin\InventoryLib\LibInventory->send(object pocketmine\player\Player#108509, object Closure#141626)
#2 plugins/CraftingTable/src/hachkingtohach1/CraftingTable/task/OpenRecipes(22): hachkingtohach1\CraftingTable\CraftingTable->openRecipes(object pocketmine\player\Player#108509)
#3 pmsrc/src/scheduler/TaskHandler(117): hachkingtohach1\CraftingTable\task\OpenRecipes->onRun()
#4 pmsrc/src/scheduler/TaskScheduler(141): pocketmine\scheduler\TaskHandler->run()
#5 pmsrc/src/plugin/PluginManager(466): pocketmine\scheduler\TaskScheduler->mainThreadHeartbeat(integer 716)
#6 pmsrc/src/Server(1768): pocketmine\plugin\PluginManager->tickSchedulers(integer 716)
#7 pmsrc/src/Server(1657): pocketmine\Server->tick()
#8 pmsrc/src/Server(1046): pocketmine\Server->tickProcessor()
#9 pmsrc/src/PocketMine(304): pocketmine\Server->__construct(object BaseClassLoader#2, object pocketmine\utils\MainLogger#3, string[36] C:\Users\tranthien\Desktop\FoxCraft\, string[44] C:\Users\tranthien\Desktop\FoxCraft\plugins\)
#10 pmsrc/src/PocketMine(327): pocketmine\server()
#11 pmsrc(11): require(string[80] phar://C:/Users/tranthien/Desktop/FoxCraft/PocketMine-MP.phar/src/PocketMine.php)

PocketMine-MP version: 4.2.1 [Protocol 486]
Git commit: 6d6551253173a498128c750c38e719f19880ad49
uname -a: Windows NT tranthien4-8sin 10.0 build 17763 (Windows Server 2016) AMD64
PHP Version: 8.0.13
Zend version: 4.0.13
OS: WINNT, win
Composer libraries: 
- adhocore/json-comment 1.1.2@fc2f76979f0a44a5f5bc2a2b600d0762fe0e78e7
- brick/math 0.9.3@ca57d18f028f84f777b2168cd1911b0dee2343ae
- daverandom/callback-validator unknown@unknown
- fgrosse/phpasn1 v2.4.0@eef488991d53e58e60c9554b09b1201ca5ba9296
- netresearch/jsonmapper v4.0.0@8bbc021a8edb2e4a7ea2f8ad4fa9ec9dce2fcb8d
- pocketmine/bedrock-data 1.6.0+bedrock-1.18.10@e98c511584a7bd58a95986374d2df4b04c6a2ba0
- pocketmine/bedrock-protocol 8.0.0+bedrock-1.18.10@017e57c8f8a74118bcbba7332e7ebac9e6c81693
- pocketmine/binaryutils 0.2.4@5ac7eea91afbad8dc498f5ce34ce6297d5e6ea9a
- pocketmine/callback-validator 1.0.3@64787469766bcaa7e5885242e85c23c25e8c55a2
- pocketmine/classloader 0.2.0@49ea303993efdfb39cd302e2156d50aa78209e78
- pocketmine/color 0.2.0@09be6ea6d76f2e33d6813c39d29c22c46c17e1d2
- pocketmine/errorhandler 0.6.0@dae214a04348b911e8219ebf125ff1c5589cc878
- pocketmine/locale-data 2.4.3@4d0b081f1a79407e087968ea76aaf330db6ea2b5
- pocketmine/log 0.4.0@e6c912c0f9055c81d23108ec2d179b96f404c043
- pocketmine/log-pthreads 0.4.0@61f709e8cf36bcc24e4efe02acded680a1ce23cd
- pocketmine/math 0.4.2@aacc3759a508a69dfa5bc4dfa770ab733c5c94bf
- pocketmine/nbt 0.3.2@3e0d9ef6b6c5fb45e3745a121296e75631b3eefe
- pocketmine/pocketmine-mp 4.2.1@6d6551253173a498128c750c38e719f19880ad49
- pocketmine/raklib 0.14.3@4798576fec0364266dce23b368a7fec5e5de7927
- pocketmine/raklib-ipc 0.1.1@922a6444b0c6c7daaa5aa5a832107e1ec4738aed
- pocketmine/snooze 0.3.1@0ac8fc2a781c419a1f64ebca4d5835028f59e29b
- ramsey/collection 1.2.2@cccc74ee5e328031b15640b51056ee8d3bb66c0a
- ramsey/uuid 4.2.3@fc9bb7fb5388691fd7373cd44dcb4d63bbcf24df
- rhumsaa/uuid unknown@unknown
- symfony/polyfill-ctype v1.24.0@30885182c981ab175d4d034db0f6f469898070ab
- symfony/polyfill-php80 v1.24.0@57b712b08eddb97c762a8caa32c84e037892d2e9
- symfony/polyfill-php81 v1.24.0@5de4ba2d41b15f9bd0e19b2ab9674135813ec98f
- webmozart/assert 1.10.0@6964c76c7804814a842473e0c8fd15bab0f18e25
- webmozart/path-util 2.3.0@d939f7edc24c9a1bb9c0dee5cb05d8e859490725

Loaded plugins:
Alerts 1.0.0 by hachkingtohach1 for API(s) 4.0.0
AlwaysSpawn 2.2.5 by Philip Shilling for API(s) 4.0.0
AuctionHouse 2.0.0-BETA1 by Shock95x for API(s) 4.0.0
BlockGenerator 0.1.0_beta by BlockHorizons, Chris-Prime for API(s) 4.0.0, 3.0.0
BuilderTools 1.3.0-beta2 by CzechPMDevs, VixikHD for API(s) 4.0.0
CraftingTable 1.0.0 by hachkingtohach1 for API(s) 4.0.0
CropGrowth 2.0.1 by NhanAZ, kaidoMC, YTBJero for API(s) 4.0.0
CustomItemLoader 2.3.1 by alvin0319 for API(s) 4.0.0
DEVirion 1.2.5-ALPHA12 by poggit, SOFe for API(s) 4.0.0
DevTools 1.15.0 by PocketMine Team for API(s) 4.0.0
Dungeon 1.0.3 by hachkingtohach1 for API(s) 4.0.0
EconomyAPI 5.7.3-PM4 by onebone for API(s) 4.0.0
EconomyJob 2.0.6 by onebone for API(s) 4.0.0
EnchantedUI 1.0 by ItsRealNise for API(s) 4.0.0
FCCore 1.10.1 by hachkingtohach1 for API(s) 4.0.0
FishingRod 1.0.1 by hachkingtohach1 for API(s) 4.0.0
FormAPI 1.4.0 by jojoe77777/DragonfireHD98 for API(s) 4.0.0
Gems 5.7.3-PM4 by onebone for API(s) 4.0.0
HealAndFeed 2.1.0 by Kylan1940 for API(s) 4.0.0
HealthTag 2.1.2 by Shelly7w7 for API(s) 4.0.0
InvCrashFix 0.0.1 by Muqsit for API(s) 4.0.0
InvSee 2.0.1 by BlockHorizons for API(s) 4.0.0
KeepInventory 1.0.0 by NhanAZ, KhoaGamingVN for API(s) 4.0.0
LaunchableTNT 1.0.1 by Vecnavium for API(s) 4.0.0
MaxEnchants 1.2.4 by Xenophilicy for API(s) 4.0.0
MinePos 1.3.5 by hachkingtohach1 for API(s) 4.0.0
MultiWorld 1.7.0-beta3 by CzechPMDevs, VixikCZ, fuyutsuki, kaliiks for API(s) 4.0.0
MyItem 1.7 by hachkingtohach1 for API(s) 4.0.0
NPC 1.0.0 by hachkingtohach1 for API(s) 4.0.0
Napthe 0.0.2 by hachkingtohach1,tungstenvn for API(s) 4.0.0
Parties 2.0.1 by Didah (@Diduhless) for API(s) 4.0.0
PlayerStats 3.1.9_BETA by hachkingtohach1 for API(s) 4.0.0
PureChat 2.0.0 by Vecnavium, 64FF00 for API(s) 4.0.0
PureEntities 2.0.0 by LeinneSW for API(s) 4.0.0
PurePerms 1.4.5 by Vecnavium , 64FF00 & ProjectInfinity for API(s) 4.0.0
RedstoneCircuit 3.0.1 by tedo0627 for API(s) 4.0.0
Rewards 5.0 by Wertzui123 for API(s) 4.0.0
ScoreBoard 1.0 by hachkingtohach1 for API(s) 4.0.0
Sell 1.0.0 by lenlenlL6 for API(s) 4.0.0
ShopGUI 1.0.0 by hachkingtohach1 for API(s) 4.0.0
SizeUI 1.0 by fernanACM for API(s) 4.0.0
SkyBlocksPM 1.0.1 by Vecnavium for API(s) 4.0.0
Spyglass 1.0.1 by ItsRealNise for API(s) 4.0.0
StackStorage 1.3.0 by Ree-jp for API(s) 4.0.0
VanillaEnchant 1.0.0 by hachkingtohach1 for API(s) 4.0.0
VanillaHopper 2.0.1 by ColinHDev for API(s) 4.0.0
VanillaX 3.0.0 by CLADevs for API(s) 4.0.0
VoteReward 1.1.0 by  for API(s) 4.0.0
WorldProtect 2.3.11 by aliuly for API(s) 4.0.0
_NewAlias 1.4.0 by Javier Leon9966 for API(s) 4.0.0
libEasyUI 1.0.2 by GiantQuartz for API(s) 4.0.0

----------------------REPORT THE DATA BELOW THIS LINE-----------------------

===BEGIN CRASH DUMP===
eNrtfQtz1May8F+Zs1BfTF3vWu+HT0FhbBN8DgZfbAL3oBQ1kka7irXSRg/bSyr//Xb3jLSSbMAk
m5t8VSEhK7Vmevr9GD3yyyQpyiWvP16JskqLfLJv7U7qdCkm+7pj2a7uGLY5c1zX9eBCs5KXTH+m
eYZm65rpuZahOfbuJONVfVyWRTnZ/2VSr1cwbCLPdydLUVV8jpBDnmWsLliTxyJJcxGzpagXRcxW
RXQp6iWAgiCtxTIIXhRif38u6sOmqovlziPAkzRZ9jzNCNF+ELytgOggqEue14tU5EFwJKrLulgF
wfPi5rDkSR0Eq6yZpzkMo/M0n1/wMINFqjIKggWPFpcAqws80m8NGpzOVosVEiEJUHj3BkP2AOve
COloxOAM0GXA8mTf8AyQe8kjOP4weaCxFv3p+gSkQXiryzXIZ+8kvxJ5XZTrl2m4B3+78x3PfrTP
voml6ZOvDf8lyoqqKcWvpIAHOtsK3zumpgGtkqMg6LMUBH2epk8qkcc7RfiTiOqBkawyvhZlEJzR
7wNd82zN32Vq5KGk+oFugQU7RLrxm0mveXW593ol8jciSlei2jGMbxd00Zt/X3aIbpOtlqR+/Bst
RNxkoty7AJpe8DyG4x1dd+9BD3IRBD02gKb8TZNLxVqfXeW8PdsBYcI6faq7kUHQI2j6pGzR2j20
Uvx7Z/RzynOICOWO5ThfxtktP32y5Gl+sSgFj18IXtah4PVOmtcC8DCIVLSg01vwXJRXSLbreKM1
JCko7R4t0yd1Gm3Wq27hdu/A7djuCLe8IpFJIXh3zNMs5wvzzsoigphZlBKB30NwRlNOYQo4kfUZ
HB8/RkVe1WUT1a2xPeOVOIQgXb0seAwWZnS+0kfQ1GkGsfIUJP2ymAPzD8xdBojAjD6Yzo/s3mG3
m2VZ3zCrC9Yy2Gif4dsYy7ySUpWzdDkL3AJGleLnJi3FjqLG035kqwUv9/f2Dvf3iKa9jqQ9RdFe
S1Bv0enp2QwnjmjBnPBo8uOvuxPxR+e+PyjtAOkS58c0vyqyK7GEyAsLxSC1qJ60V5H+EYqoiAUy
bLgmXA1q/IfBn4eAocHAXWPq2nlYZUW9yx7mkLwf/RPmGa6lxuPoXwlidxjo1OlOH5YUrNhj9uFH
OdmFa6z3J012/iGWq3q9I3MlCe4ErJ/nkdh5NH0S85rjherDQ1AzhL0V6OMIgDLWfngoY+/0Ccx7
xZcw58cfHz36hTFazhvwBtWSAOlucynGK/YQ1f7oF1rQHyzYX1ThlBKpaF4EXs0eP2EPcWWJwNM6
BBsUtMDhQkSXIEka/CGYlKJqsjqYSMF6+h3zQLibqUS2NElJPHv8WGK+dUWRYtyBksiRPHwYTwZ5
AH0Qt8Q/mTQFz+yhwH/IXjxrAJUwuweTkI0ZyXO3Z3d/rNl4Xo+YP95ovNtGA/ylFfjgzudkrVAp
VfnaSM4Pc3H9EghnfRUjYEc6sa9/ZsIHVGEwCSZymDFy14EZ9KdciJv6OTUj+/vPXr88mvUBb46P
ZsHkh6DRIftDylrQkb9kER1FPouCRtMSk9USYLLLFA/CZMlqPBAhuyJI5EbscoGjhR79A8jsM6Fi
0K9/F+N/F+N/F+N/F+N/F+P//xXjbclaYXF6AMZT01HOceuqBexOuh2viT7TZhpAeAPleFlh0B/5
LyLlqxSvWDQYzkWOrhxP9rFc2Z3EApw5xslwrSqS+qgPQG+BlW6FBUlN+4t1ORgEDDx7fX7x7vWb
l0cAuhZhBRkYp9f1qgJpXfM6WlSLtJ5dQ17L1rOoWO5h0jrIrvm6Ol/x63zA8gba59uYGTN7yPfZ
Is3SFTuHH+gQ5tvie0VoK4U1CDhRVCFFkGLIBza8n18cvLl4ezbgnJgDBwLCXxRNJfrc9cFD9oDi
6bPjiwN9yOT5AkzGt29+H3eTY3DrYrk+ODuZbDitFG7gUdK1QLpAwUMqv6hmZPZZBni+F7koeS37
SsXu6EKfYW0GlvwxFDUf8ktTXhRl+gniEFw6XJRQZp6VuJc7FsHuxPw9ih4sFQRDYm+r+gv8N2kG
Qy+KIut77wA89GGge4q8G0PmDz+JaHF2eiSucMIP6U16+eJoW3YdIfLVMgbkQRBK2mqkDVgfUnov
v56n9aIJyZt7ZO8NUIFsho34RjjjBv0vEeG+VIjdRy4gFhBvmkXlelata1HNclHvxbxahAUv4z0p
kGL1fVlc14uBNDrgOCqM4sGrBc8P/gOwS57GxekhHP3PxbN/ibLYllTkCsh9S5NM67/BMBSxyDW1
cdiRKLfq8T6+NJSAOZYAz67SXDN1f1sMdwiB5xEttyH3iQdHxz+kJdHfMdmBhpYOOW168PLsxYE+
igQrqKFS3FQ4f/1cbC2zEdIguCJSggBtVR71yPtKYgMnH8e5DjTkTbfHbrypfqCB5sttsdWuj4Xh
1SiG3cXGHYa6oWyvw4HMNvlcDPWoIOOAZf45AUuR0x1sK0j1yoUN7z1gn3175s7M6dmpNRRBkYsQ
/m6LdYUuCISkAnAGwYCir7qlGv2vIrzNFALHkdf5/QyN6q77MvdTEXbMScq+zlweQbCtRfx2oLIe
dGSyQ+ZO6uqN4NmrtNqaxnoogZkNIffLJsjT88PDouwXDQowijO3cuT/lfdJctrfbfne8xR6j3z+
poj7nG+A49DzZzHfUdQ/3poQinI5jD4tZMi+NTbkn4qfCuHin72jks+LPIEm/sWR721LEJsFcP+B
aOoO7mPU34tlP3nS6Z8YTnF9+d/7EP8CHPogj58L0TfOPnQYRG/FmX+vM57rvqVti5EOYRD0yLh/
jMFJ9eKCz0f8SNiYG2PcnIssW7vX7ra4qVqEkhsi4v68nORX0LJUi+fpTY+bPnTYgd+KHafNz4Bu
W8wsCVsQpPlVhAQk6c23dNVA97kQQ0YQ8JUGabiBsCVWRlsFkpJvYebfQqy6exM9nobwr7TBXe/3
70XBv+dLCLk/vNp22zegaAud30veYO4Hei5eXfQ4H8K/ktR+EFHOr9Jmaz1DhxCU2CdkdHof1Z7y
G1Xd9ON6Hzru+Uah/b3IC9p0jNbbYq+HElXYkTI4uRdz0BKdFQPGFGS8oWX/OWWIIqc7+N3b0qdN
VqfvijLrZ7gecMi3qzbyzK9u5B3+hx4KXTd11VymtIGTpell9Yds7y2R3mukFwTTp/33bO31EKGc
6P5yX0YSMJLPn2QVREv7u62i9NXZYY9fPPuL7FsCKd8WqT9r/a/4ql70k64CjAsH44uM7tZNPq9q
kV/lfxzPRFj7e59YdsbLOhX9WNZCvlJSHKUxX7Cdp/DbLDJRVY+2xVXcYgyClaQlCDZEfauzdvQR
t/Q8wHnNB2mpD+1zbUJx63/E+09/jgX36Bqc/G6DPmtKcbjgdV8GLejWDbjPFR27E8d6/lz7tqaF
1jkT5bK6vfUzec7pFlt1VhaA/T1EnqKpzo6nLbx3l+6jXBvEoujeHN3L6mHscV6nY9Pvg78iiJci
zXNx/m5b2s8IH5g80CAUDZKpHkXftoHbkrg3wKLYl0oY8i5h480E+zMWwHaZ1AL7fwxUhk8/nORJ
mqf11kq2gZqJut7hfRT9RsRVDT39YVpGTdo3+PGVoePfCne1iAvNMbbW1Lb4gqBUhESSkCC4Tdk9
2LyGfFwN2JOQ4S7KyIbfibL+1KS6YW6LrQ1G5INI+M3t0gbXnkJFwes8KkrxDOuPHrs94Be3dP+v
QveGnv7x7w7c5yLL+lzj6VfKrUzk+O9L54/Yo++Q40NDWYaPTBFFXzXY80Wx+n6wK99C/iLVoyKn
O9hWuXyefhJDviXgi1abiDLn+cHh6bbY7RACf7S+/P0NTrohDZm7XNOmUHV22uewB/0TtzR6ZAxO
7mWuq/Ucn/brc9WCvsLSH30TqaXj/juiUENGl+d1UdJbLRuG+uBbT+YMmXojxPSn1bb4gYLn408r
CCFIQSUpAMZ69MgnS3+DeUpCp/hcY0TPICqsxCTI4geep1nG1e5PTxqjC3+RqDSkany+rRilsL4o
VqvBQylD+Ff6w8MiS/MXR+JqW8LoEHZsS0JGp79lP6cjdcP8+9t8v79VI46s4PDlAW1ubYthia7j
7/3m6D5u/kNRC1k39VnZAEc3jEfMbM21E57Rk4NXsPL9YxTtqEFTUeMrbBvyB+Bbj0TdeiYqbbL1
9h6IQmxBQBuIK0nCmJ979mWnTVomqcjivc1T19P2dYoaouHekle1KPcG7IJUPr4S1wdZyvt5aAP7
yk3gf0EeFCV7KYrc9x1nW3KRaFus+CA00KJ+foMvDtHtSTS/4uuO4TGv1oPSaQMbh+fRTtz3KUTH
/2449BPbYlsuHAQdAV8xaXxLk5dAN+h19NxX+zA8kXJTi7yizQ7gUz7pMfEwuuJmehgtOT4iuYFE
HOrvGOb2YcXyY1zUENcHUPVa6wbQlFn/POb14HqSZrUYIJ4vV/3TBSSN/nkKLcNVH/BTRQrpzpeh
fG9gACvKunv2GdWGr9XFFLQ2g1bRUA5vRJIJ2hPqQyuSaDUExVhM9iDnZy8Hy6+rn7McF1NHrLtU
F5cih6J4IIKbG8U1kovxZs2XmXoSH08/pSsZTn3aNvkEJtqfDqc3y6HUCyTP0DRT1w0fAGdHrwes
x8VHIm0MBFA6VBi+E1VVg4Hn6XKVifenA55HFMApvgQ04nOZXZfpSP+rml4XQgm3z5qfLUa2t2jy
S3rtxSAhyQdV03mY5hzv8ULaNOgZskxcQQAM1SBEBRXJqi4UwJDCikHR0iw1laE2EfPjZq3edXzL
Os2TYmC38S2VpwMrIVGafVApwD3QD+eNtMUW/3/A3djrswjqsZ7w0bsXK7UurkhPzPdb9YG7oyvz
Smy+2QLylPZDj6BP9g3NtkBs1Ueo1Sb7kEIriEuYdIqoAKyW58AauJ01cWLHtnXDNnXX5Jbv6YYX
ubYWmZ5wdT/Rfc/TeGyhZTVtEk3zuLiu2KsL1r2sY029Ks2ZDlplRAPTXdcx2U47WL4LxQxNdx6x
g9MjB+/X4vdUekL7JMiTrM5eFquPeJt08u7kFd02ppNrypgQpFZFJcqPoOWSl2oflseLAndL9jB0
TGGMepcd6xPjaRIZiev4rp9o3LK4ndhhZHAjdDQt1lzHSIQmXOAb5Vim0eWeipbazJ+ZTyNuu7Hu
JZrhJZ6VuK4bGrrjRbHu63qoxUIYpmVyQaEQeIUwBPkIAmwWQsswvYICIJavcoAkL/PiOn+qftHs
5mVRVWIPWOZVjm/WXhmYgp8KkVie5/t6bJvC9oSjRb5tW6HmhzoIE4gKuW/46BIQsEtRCV5GC+J/
yWX9Pbkib3vqhWGkGTr3RBwawuKu4EbigXIT7ovIjyNhJFHoxQMv2QtFXMLZFF9SJkk6M+2/WiDI
1ZvpQKXvRbau2x5gDWPb477te47pWrERJ0CsFTkgZ67djXpjmGQLt9FruitsNwK5c9fSdS+MwpC7
pmkIV4BwfeFEnu745gg9xYyNg4NAn9o8coXgvs6TkMdeHIHJJ3YkTCsSjuG7sS0cuMyHmO5UIj2h
/NSxXM+1wKgcJ4w4yNT2PNuwDOHZkWFGhi1AMja9k9JHiB13ph7aJ9K0p5YvuKmZvm+KJE5C049i
UzOEodtObGuA2jM0H+xzhKnIig0OsAqk34ldJzGEacaOp5uR6ceGHxlGZDkRSFKPR9TQlysW8m1R
QgUqfhpzWNrimmVaXggWLjxD90WYQKxIEh148vwo8sbkZAVWFK2xoAmbT61YCzVPT3Tu+pbmCs1z
fccT3HU4T0xTi0Mg2QjtMaY50UJO4ES+bkRa4mu2DaqODVPXPBEZse76oe8kFlgYUHoLw7SXciQq
R09cEKMXJSYoLDIsYQnwe4NHsQBpaVwHNzCjkRN0gQDi7FPOo8h0bZ/bmscdP07AByMLflxX4yGY
ZWRHvhUmQxR5WLe56akptNgXiRM6kZ2Eli3AU2yuG5DBHeHajqmHJji+GGLoFftUSFHMf/oNAbyH
q+SXsrSAUEs6cn3PBqMRkWY6luE4GA3M0HTA4wBoCzsWrm+4d2GZpquorWie+obBHcsCn4+cyI05
5zb+65mGDqrXRWS5psfFSL5VXhSfRJvxn2ocfB1Cs+vpkaX7XE8cS4B7WRBaTBsDsO0Lw8dnuKEk
rsQa3WBT0eHjQMbTCP64lhAgXcOD8igER7K00NY12xHCi80wdJxI4xskTZPGSq4mJAs/DN0ktE3P
c3w9iV3TBbuwrDgKrdiB2VFigNZx+qJZVpy3829H92q9TIp8DRrM1lBgZNO2mL4CUtEqTQ2ihu4Z
EeiPh7prx+A0phWHWgLG7fie72loXHfhgpRBX/xocdlu6OoGeJyI49B3I0hs3IPQZBqRZwnNdD3f
iA3hfw6X3scVCyvkRmyh9BI/jDWh+6HBwecgEJs2RBfIHF4im5Vl8QlapD0IbaKs28fIweV8xwIq
ItfTLA9CimcZYARCAx3HOqQvYFL3hGEPkKzA46YYu1VzDgHJN/3EFTH4bAQmEYZ+hEnXjkLNjj2I
t77lay6goV6ps63ZmsrVBwxbbRbhs8vzpuRoKgyLPfy4ChtUV0H+gF0sIJOyStT4qlrFeClYvRCs
yEUFB7xmEc/zomahYGkeZQ0EDzhg8s3nGSQ0yLx0BxZwnRdLmJkggjHOiidilxVwpawQJQshWl2y
ddGUChdLE7aELgT6fVwBihv8Kk+2RsTQuXfo9qDU5U1WV+y6yL+rGeZ+XjJoYgsIXilmsDVSiB8Y
kXxfL0TOmtW85DEgmAV5kLfI9oOcsQfvFgIJwy8W4WcfGH69SDZgFRV+FZbWsbxMpMrgz0CemahJ
XrhVGAkmcwtClogZJB6JacaxOJ6LfUb1KV6oFk0N1WI+Vd9M2mfBRBWOQaPpuk4f7TDp6x26iJO0
A8OZn89ZRl8F0dN/BBNi4SDLimuWpRWy1X5xgl2lnP13I8o1jvkZD9rdk3369AxNPaamXs1hwADD
wpKBakF6iC1cMyVzHC/3AKbd5R5XD96Ba4HpgAJ4HDP50Z1Kyh8/L8CWguPnMbBWZaCdUCDRIEXx
c8Ppg1Hz9ArGQvHRCLajFoVS+hFilyuKaSlW0ApPQT/4oYB9uExrv2qWIYgPzO+gWucRfsMBLKS8
BIOb0YC3FegQfaDlFIctyiIvGlAzDK92Ge1ZMdmUoOPsMiy/gRHsPkg24LgIWzY5mBoOkcjPyQ6A
JzDHsrhJwRQFiAFYIhPPO+JQtoqgkwSNGseg8e6ytP4OP5tV0rRY4F4W2dZoMtsBHhpwMIPEQmxM
Faf7hGps1JyMo2zyHNUZY0NZrEgJ1MFUM3YkrtQxW6bzBXg9PnK92/dSZTgokbJsVrWESoGhYJZA
m+KLlAveS11JLD2HXxVpDGTfTQHaCNoctAYpfn+yZ2gweCoHdZYW5EsBy62l936fFSFYD+4/MQkH
P1imNQaBpZjzkDbv2bkUtUbCTSt6RxenX6DWrlOSPFkUePf1VCJqjawiDvFdEDhgAh9vRjRJKUS7
pDRy0FaD/szmBSiqQH9Gq8CF5kTmlEjbZxpyAatTrJal21+eA9zQ+xL9C17Gv4/+qi5WRIKKsx1J
Cl3FIHysMO3GHUG4akuVrhmWIoyCwDvyCkVf9d0WKCS/IJIwYrCogSyVQ5Zi4kZEDQXfQpIsPRKz
Wjda3ERCxNWGIxm4Xl8c77OLFyfn7OXJ6ckFOzg7e3lyfM7Ojt+wd6/f/Pv4zS6DQeziNYw6Zu9e
vH55zM7evD48Pj+fjUPAQB6G7ShxnIkyLShzYyCukMGIvpGmpNEFWx1kD7VDTLGFhkwhFAoZZgnV
YZEDnxCgwZqQ388ZmzSy6wWmYJAJhiA5jDBLJBB6N4FcZiRa4zXmECwIaMLs9mi0BbUbDWpbiQjr
BilZJFfqVc7teADzEqtqw6qpKV6rR3eTpDg3FedzXobgGdNNCU4B6G7pkqshOWoWU7Mgdi953lCV
0qcEKrgGbPDRbpsTxkbYmqFMrwn0KrXkd7lxwRl7LWO+NHgoM4omiztaUkgi1znb0F9JxCsiHxh1
NE3xCqs9p2BxK0mS6UgMHW9JWSzbZCtnqxHTvmn2NYzcKE3esg12h0kNrOO8rSxRZWVBX1ppDTlu
litZhslaj6kLU7zQ6usIB6kJRDuR2XKAX5y7FuDs/A4BQ9KGxAcrXIGRVVUjMDDUC9DavC1LMWjh
ahuqdltFyhpBVZ8zSQ0O/ayclvxmStu3VUv7IV8hNF02S8ixkF5LRE6f2ENFMvlFL0nFRq7oL0qU
5DG3bQyq8pWiiBacYrncQNK1Oo0dFfLS2KaxNsKoJ/HLwa0LSVxqYJ8zqhymtD3c8XYEpFCtAuUj
Sg+okwWGxLLi2LwwOUdyuOEOpil5Sn7alXHwptpFAWbYLyi8X0b1JTsM8lzUqLB9lSKgNFsUmSwx
Q3wujSpxIhmqJjAhlWQotskWSV2VqSUUXbEp09uDvpbaSxhWy3WNyHfZVO8pkJRHC0/rlhiVAihq
b+pYuqWAJWQsOcemhwp9nAxARdaMvYBaEGzpMRV37PDs7S7DB8RhYB5fpzGYPdUKMnp2+KeEf585
bdm9qcgrkk5v7IwdxBCoFjxL9qDnlG1CLMCG1VKwKMP9QzSwniNu0l4PWb8VOb7BqIYlJs9mDIl4
e5aftcX2plPEXgKJwjv9OLFZ5aupOh91N6fK66r0k+j0iWV5q8YKE54qmaBsl+bRS62Wb8hJj2bs
TM3JeDmnCVy1rMoWaMWk5HNkAXQCYqtWGVUs2IcugXh0dl6ing6zFEbJxhq/PCaqmp1evCVKK2AJ
2Q6bmmEjT6rcLCebi1kba5Z1M8VZ+0Rtvz8UOd13Il9P2Gn7nFDHJjTKSZJGM0ZZasGxCGDpEmRT
o+5AG/T9fQhTu0QLKO2KiF6gJCDqUiCGFM0pnFdSpbKUgLG1slHkRMiNBBXqVDd19JqKpKOT84Nn
UB9RPdXkZEMYsPFTxCXdMpVFQorGqL4DHPf7jQ2fG1+PRdjM99um7QnTsVlTJesCwhVdZ6qXr+Tu
A3pzXhUyeSuP0BGZpFpiO1wURUU7FG2vJtpunKI4bi+zil+12QIO8QEI+kgqXuu18UAY3ZWXRZva
vPmpSHO5IUCS+o69D4sb9PySnRyxnfdvT44egd7B7YEGGH8NakPF4PsE4BzYw5Wxko8sP8Abio3u
cvD2989etvhVf9eDfEeL4f00KhxIvaoUId6KditJpdEboG+KDyQ8LpKEloVrabKe3jRpvFEIyXM6
3MW5oG0Y6Wryf/UgZUCRXvlVU6ntoAiCSC3DrJozlXP2mbrhisvIFKLCo1oFcyDP512PkuO0bJyK
d9tRV6m4nnYJ+q6dMyncg2XRYPRIZK5TwQRE1ooWcztGR9oKAfXjMSVnmPyGUnVvMjGeC9l6h0Ii
CwV+npfRt+jIlRatnZFpIXiY9CX7uFDHPsRAxsekruRnI2E1/PjvXVRqd5PJS8AUM96aOxDbTsbf
jhpztMMT0hOpIM0qjWXOQH446BQMrmrCvhTmmERhhIhl6qSTLrXRVpMyDh5FIhPUKUjzplWz9BKW
wD6ZIlHGgfU5fdhKxjFYgrOFxNYLcuD9VS1TMhE7RWm0pE03opGsnRxVPb4wTKPmJTYmb7B2bKot
p7bMoTkDJQG+KTPYAyATH3ftFLnZ1up0ObutTBW8rnlK3SwkE2j1pBWtilWTtW6jTjDf0xiVNkwD
F6Q2CLmklTDjYuSCkkA1GAhRG3n7qtTBfUdqriVYVgrKsvBLil2EjjdBDz1zih9nH4G6wDAEqycP
ejkd4sFUPlvVjVyA3vYlKbPVcrmapQVRDKFuvcTmEFy5xn3WqNqQjmlKXWeb68QChTk+n5dirrYU
1f6j3GbBjy9fjvkj+iDWvD56jZ8SnaqkIOsDDF/XQnYgHJz8mlasiPANAwSb9e4OQJ7uJN+s8Bkm
qZxbQgWFyuvKmKASwicMKJf18s0hbuKL/l7eLiSH1YKDWwiM7CXS0NalkDESUULvMcW4mGMylFfb
3CUzBx/sDaqnPnrJtoEaHGobiq1tCFMIScvyervGLa1KvvpqrdPlJoOobIxIcTz9Hwwqed8Ewzgu
SJuealK7wT3bLKCu9FdoJfflfK+SidSk9IDeXpLCAehrJc9212ihgDLElV0noaIDbsJDsxZTGZQm
HSK8md6U8tYMRpt2K0VGXsCnolObbzk+Xaj6NCitOT4spc6wAAIala72W6XJa2CjuKe3zz5Q5QJF
6y5t8v2ISGVi7pJ3/5YRsYGVdEkBHrdR2k9r0v7IXXmU4jO1jxV1DNR+40vnq0yoIqBPvlyX4NLQ
H1QC3cDSLHnarQg8yaeJPyJF8r14GoF9h8Bttn+q5zh2bf+G3kjbNW/itKx3KQL/U5V98sZLfwdD
ejRmPZCz2mDkjTLBDDQXrZn8nHJTtkG4bdvK7pYNRRjAA7kpontnVSu0aXu7B+xB1vgPnlNooaVo
/AAJFckK8rEHmVKx2asCC9kIiBsIdJXqeKNLevWMujuIdGEK3cpaVnU0DvlN8X8GkMm0If1Gckn4
oUwqu9iMN23HGsa7m2cbfR/SLU66xxdACQOUNey5CJlhMd3e18x93WTvTp4xQzMMHNDeh3ssINzC
+bKo48fnTXmVQhWAALngFJ3vse7rpjECXjkENhGsuoV0BUCwdoBcL9JaTPEW3GON0EM7pYq3xzZB
5hw3E2Ihr8ubgx0M6l2E4vYt3uZpz1dXK4U/TrG/AoNePybCOvvs0t1j4pJKY6y4H0fy2/8+7sDK
Iw5mutyMQovvTcJ79Y+Pjp8fvH150eORbhwqIih9oC+r80F5+9hDUK+EpyGTX/8XQ091NQ==
===END CRASH DUMP===
