PocketMine-MP Crash Dump Thu Dec 30 18:08:40 WIB 2021

Error: Illegal offset type
File: plugins/CraftingTable/src/hachkingtohach1/CraftingTable/CraftingTable
Line: 151
Type: TypeError

THIS CRASH WAS CAUSED BY A PLUGIN
BAD PLUGIN: CraftingTable

Code:
[142] 				$result = $recipe["result"];
[143] 				if($result->getId() == $itemClicked->getId() and $itemClicked->getId() == $menu->getItem(23)->getId()
[144] 					and $result->getMeta() == $itemClicked->getMeta() and $itemClicked->getMeta() == $menu->getItem(23)->getMeta()
[145] 					and $result->getCount() >= $itemClicked->getCount() and $itemClicked->getCount() >= $menu->getItem(23)->getCount()
[146] 					and $result->getCustomName() == $itemClicked->getCustomName() and $itemClicked->getCustomName() == $menu->getItem(23)->getCustomName()
[147] 				){
[148] 					$hasResult = 0;
[149] 				    $slots = [10 => 1, 11 => 2, 12 => 3, 19 => 4, 20 => 5, 21 => 6, 28 => 7, 29 => 8, 30 => 9];															
[150] 					foreach($slots as $slot => $resultIndex){
[151] 						if($menu->getItem($slot)->getId() == (int) explode(",", $recipe[$result])[0]
[152] 					        and $menu->getItem($slot)->getMeta() == (int) explode(",", $recipe[$result])[1]
[153] 					        and $menu->getItem($slot)->getCount() >= (int) explode(",", $recipe[$result])[2]
[154] 					    ){
[155] 						    $hasName = true;
[156] 					        $hasFlag = true;
[157] 						    if((string) explode(",", $recipe[$result])[3] != "false"){
[158] 							    if($menu->getItem($slot)->getCustomName() != (string) explode(",", $recipe[$result])[3]){
[159] 								    $hasName = false;
[160] 							    }								
[161] 						    }							

Backtrace:
#0 plugins/MyItem/src/skymin/InventoryLib/LibInventory(124): hachkingtohach1\CraftingTable\CraftingTable->hachkingtohach1\CraftingTable\{closure}(object skymin\InventoryLib\InvLibAction#114018)
#1 plugins/MyItem/src/skymin/InventoryLib/InvLibManager(52): skymin\InventoryLib\LibInventory->onActionSenssor(object skymin\InventoryLib\InvLibAction#114018)
#2 (): skymin\InventoryLib\LibInventory->skymin\InventoryLib\{closure}()
#3 plugins/MyItem/src/skymin/InventoryLib/InvLibManager(56): Closure->call(object skymin\InventoryLib\LibInventory#113840)
#4 pmsrc/src/event/RegisteredListener(75): skymin\InventoryLib\InvLibManager::skymin\InventoryLib\{closure}(object pocketmine\event\inventory\InventoryTransactionEvent#115042)
#5 pmsrc/src/event/Event(62): pocketmine\event\RegisteredListener->callEvent(object pocketmine\event\inventory\InventoryTransactionEvent#115042)
#6 pmsrc/src/inventory/transaction/InventoryTransaction(294): pocketmine\event\Event->call()
#7 pmsrc/src/inventory/transaction/InventoryTransaction(312): pocketmine\inventory\transaction\InventoryTransaction->callExecuteEvent()
#8 pmsrc/src/network/mcpe/handler/InGamePacketHandler(320): pocketmine\inventory\transaction\InventoryTransaction->execute()
#9 pmsrc/src/network/mcpe/handler/InGamePacketHandler(217): pocketmine\network\mcpe\handler\InGamePacketHandler->handleNormalTransaction(object pocketmine\network\mcpe\protocol\types\inventory\NormalTransactionData#114169)
#10 pmsrc/vendor/pocketmine/bedrock-protocol/src/InventoryTransactionPacket(114): pocketmine\network\mcpe\handler\InGamePacketHandler->handleInventoryTransaction(object pocketmine\network\mcpe\protocol\InventoryTransactionPacket#114104)
#11 pmsrc/src/network/mcpe/NetworkSession(395): pocketmine\network\mcpe\protocol\InventoryTransactionPacket->handle(object pocketmine\network\mcpe\handler\InGamePacketHandler#91810)
#12 pmsrc/src/network/mcpe/NetworkSession(358): pocketmine\network\mcpe\NetworkSession->handleDataPacket(object pocketmine\network\mcpe\protocol\InventoryTransactionPacket#114104, string[49] .............h.......................h...........)
#13 pmsrc/src/network/mcpe/raklib/RakLibInterface(192): pocketmine\network\mcpe\NetworkSession->handleEncoded(string[26] 3.c``b`...b``x.."...#...8.)
#14 pmsrc/vendor/pocketmine/raklib-ipc/src/RakLibToUserThreadMessageReceiver(42): pocketmine\network\mcpe\raklib\RakLibInterface->onPacketReceive(integer 0, string[35] .._.0.....y.....[.%s..D...K...y{...)
#15 pmsrc/src/network/mcpe/raklib/RakLibInterface(122): raklib\server\ipc\RakLibToUserThreadMessageReceiver->handle(object pocketmine\network\mcpe\raklib\RakLibInterface#26207)
#16 pmsrc/vendor/pocketmine/snooze/src/SleeperHandler(123): pocketmine\network\mcpe\raklib\RakLibInterface->pocketmine\network\mcpe\raklib\{closure}()
#17 pmsrc/vendor/pocketmine/snooze/src/SleeperHandler(82): pocketmine\snooze\SleeperHandler->processNotifications()
#18 pmsrc/src/Server(1645): pocketmine\snooze\SleeperHandler->sleepUntil(double 1640862520.164)
#19 pmsrc/src/Server(1034): pocketmine\Server->tickProcessor()
#20 pmsrc/src/PocketMine(301): pocketmine\Server->__construct(object BaseClassLoader#2, object pocketmine\utils\MainLogger#3, string[12] D:\FoxCraft\, string[20] D:\FoxCraft\plugins\)
#21 pmsrc/src/PocketMine(324): pocketmine\server()
#22 pmsrc(11): require(string[56] phar://D:/FoxCraft/PocketMine-MP.phar/src/PocketMine.php)

PocketMine-MP version: 4.0.0 [Protocol 475]
Git commit: 468faa464b2bc5c97f23fafbb71ea61035f6f218
uname -a: Windows NT DESKTOP-BVRHES0 10.0 build 19042 (Windows 10) AMD64
PHP Version: 8.0.13
Zend version: 4.0.13
OS: WINNT, win
Composer libraries: 
- adhocore/json-comment 1.1.2@fc2f76979f0a44a5f5bc2a2b600d0762fe0e78e7
- brick/math 0.9.3@ca57d18f028f84f777b2168cd1911b0dee2343ae
- daverandom/callback-validator unknown@unknown
- fgrosse/phpasn1 v2.3.0@20299033c35f4300eb656e7e8e88cf52d1d6694e
- netresearch/jsonmapper v4.0.0@8bbc021a8edb2e4a7ea2f8ad4fa9ec9dce2fcb8d
- pocketmine/bedrock-data 1.5.0+bedrock-1.18.0@482c679aa5ed0b81c088c2b1ff0b8110a94c8a6c
- pocketmine/bedrock-protocol 7.0.0+bedrock-1.18.0@040a883a4abb8c9b93114d5278cb5fecc635da82
- pocketmine/binaryutils 0.2.2@f883e1cf9099ed6a757a10a2f75b3333eeb2cdf9
- pocketmine/callback-validator 1.0.3@64787469766bcaa7e5885242e85c23c25e8c55a2
- pocketmine/classloader 0.2.0@49ea303993efdfb39cd302e2156d50aa78209e78
- pocketmine/color 0.2.0@09be6ea6d76f2e33d6813c39d29c22c46c17e1d2
- pocketmine/errorhandler 0.3.0@ec742b209e8056bbe855069c4eff94c9734ea19b
- pocketmine/locale-data 2.0.20@a6e4eb22587e0014f6d658732cf633262723f8d3
- pocketmine/log 0.4.0@e6c912c0f9055c81d23108ec2d179b96f404c043
- pocketmine/log-pthreads 0.4.0@61f709e8cf36bcc24e4efe02acded680a1ce23cd
- pocketmine/math 0.4.0@6d64e2555bd2e95ed024574f75d1cefc135c89fc
- pocketmine/nbt 0.3.0@98c4a04b55a915e18f83d3b0c9beb24a71abcd31
- pocketmine/pocketmine-mp 4.0.0@468faa464b2bc5c97f23fafbb71ea61035f6f218
- pocketmine/raklib 0.14.2@e3a861187470e1facc6625040128f447ebbcbaec
- pocketmine/raklib-ipc 0.1.1@922a6444b0c6c7daaa5aa5a832107e1ec4738aed
- pocketmine/snooze 0.3.1@0ac8fc2a781c419a1f64ebca4d5835028f59e29b
- ramsey/collection 1.2.2@cccc74ee5e328031b15640b51056ee8d3bb66c0a
- ramsey/uuid 4.2.3@fc9bb7fb5388691fd7373cd44dcb4d63bbcf24df
- rhumsaa/uuid unknown@unknown
- symfony/polyfill-ctype v1.23.0@46cd95797e9df938fdd2b03693b5fca5e64b01ce
- symfony/polyfill-php80 v1.23.1@1100343ed1a92e3a38f9ae122fc0eb21602547be
- symfony/polyfill-php81 v1.23.0@e66119f3de95efc359483f810c4c3e6436279436
- webmozart/assert 1.10.0@6964c76c7804814a842473e0c8fd15bab0f18e25
- webmozart/path-util 2.3.0@d939f7edc24c9a1bb9c0dee5cb05d8e859490725

Loaded plugins:
Alerts 1.0.0 by hachkingtohach1 for API(s) 4.0.0
BuilderTools 1.3.0-beta2 by CzechPMDevs, VixikHD for API(s) 4.0.0
CraftingTable 1.0.0 by hachkingtohach1 for API(s) 4.0.0
DevTools 1.15.0 by PocketMine Team for API(s) 4.0.0
EconomyAPI 5.7.3-PM4 by onebone for API(s) 4.0.0
FCCore 1.0.1 by hachkingtohach1 for API(s) 4.0.0
KeepInventory 1.0.0 by NhanAZ, KhoaGamingVN for API(s) 4.0.0
MaxEnchants 1.2.2 by Xenophilicy for API(s) 4.0.0
MultiWorld 1.7.0-beta3 by CzechPMDevs, VixikCZ, fuyutsuki, kaliiks for API(s) 4.0.0
MyItem 1.4.9 by hachkingtohach1 for API(s) 4.0.0
Netherite 2.0 by Wertzui123 for API(s) 4.0.0
PlayerStats 3.1.9_BETA by hachkingtohach1 for API(s) 4.0.0
PureEntities 2.0.0 by LeinneSW for API(s) 4.0.0
PurePerms 1.4.4 by Vecnavium , 64FF00 & ProjectInfinity for API(s) 4.0.0
ShopGUI 1.0.0 by hachkingtohach1 for API(s) 4.0.0

----------------------REPORT THE DATA BELOW THIS LINE-----------------------

===BEGIN CRASH DUMP===
eNrtfAtz20ay7l+ZQ++5keuKFN4kuOWUHUneqOKHriWvUxu6nAEwILECAS4A6pFU/vv5umdAAhTl
OI5P7dYtO7FFDGa6v+7p5wDUr4O0rJay+XCtqjori8HUOxw02VINpnbgWZPA8R1r5AVuEIwPB+uV
vuW5I3ccuq4XOkFg+Y7jHw5yWTenVVVWg+mvg+ZuhWmDS/zQY4eDpaprOafRszxXc5mLMk1r1Qie
ezhI13n+PMtpwsl0Nnte3h5XMm1ms1W+nmdFPZvxdVbML2WUq9msruLZbCHjxRXGmpI+2fcm9S5H
q8WKOGkuhu5Rb8oRqB7tEN2Z0bsCuTwrSFu+DcVVMsbnnwaPLNGSf3l31qgl062v7pZZcXRWXKui
Kau7F1l0hL+b6wPb8R5PxR+Safjt703/Nc7Lel2p3w7K6J8qboSGMZt1cfAVfj6LG1jBI9v2LHvy
GNI9sj9VEk3gpSywy9WB70CS/Zy6Ig+/LQvN80IVdV1WnwfSEQefyG7/nK2OmJz7mTIHAHGsKQ2/
jWWef1yaLjJI4048i9l7YrVkjvir6P7RGzXP6kZVKnlBPwswG/sPStxDNZ3+nsgG46qMr1SDmbAZ
5jqbZe2KzuLLSha15B04pSEA9y3PYeD+PeA85SAgY9hD/75YWm161ZfDFXRwbdYeNdsVR/vIHDih
tx83MzA7zAzGn8fAtXcV05Gss3q/mEZXtypeN0qrjMFMOmAK1dyU1dXRMl4pxLUiyVUFLH+TS3Uu
ie33euzAdaw/BUVpGBpB+DkIHHu8g8Asnc1oLcV6nkgI7q2mMEgfXlE2y7s63mNFO3RXVdmUcZlD
TqSiuif5PXonspEUeewg1OHRMrJiSVJWR1s+R5FKKlwNW/qsjn3a05IcgOqfV8BeO/sjOngYIItt
eVps+6EtfqUvLpDu2cRD/+NCfQrnVrhPEORjOnoU2hNbh1jb+VT8/uTj+PvzW6RkJmZbv6jyD0Xd
VMjtP3nhezHq/lmM9v/pjmvR3YdEr+RVjqT2Rl5xZkJgTlHPHNih8zkqOC3iMlHJgQHsBO+FO4p/
/jn6GUiin3++HY1mA3x8hL8TA8170Jk0tmG20rg1xsvyba2qy0WlZPJS15dvVKwyFLMH3u+A1gSR
g/rSUkGiNW4oHWS4hTwqrI3uXZ90/2FksVLv+N+fRv9dj0Yn+PQDjf260bb/R7XtEPAWHcS7JmuG
3C3Ujwj9B/zkAfEfOYFjjTXy4MHNqIuy/EXXyhe5UitVtUHcdtzPVPsnrNmp0uzxZwCc7JqFnjqb
9ecBD2I3tPuqbLI0iyV5Ym34dhPsBW/QAZol/xMJ13T9tmiy/CAp1yjRRafTwkfNI9zDw3J3E4S+
M/y2yeKrcw0YJbQuia0OhXNe8xJrDlzLfoDIhw8xZGyqdbwJWt/JWh2js6tflDJBAHUOxR7TWkMW
pM2XMitelHP4yiN34yu28170+7nNLcfavbVp9bQE9gMSOLtq0F5i5DaRHemU/Ej9a51Vqg1CPoLQ
aiGr6dHRyfSoZdwhPnx5PqIJOzypc3w8eP/b4UD9mRb3f6nxBCxN8wMqlzK/VkskETBKIHncDNq7
GNklQRGahLE9B3dnjf7vL5Wq13kjngh8irOV+mk20EOzwfu/YpntuZ3pWXpgVgy/navmLDl4LJ5g
bYbO6TiHZapkewNe8MAdWgLgaz2CGQeIJZvbzNXrcJ01TKrD+KVq5AOsza29zDvL9rPXExiA/1EA
x+WaanDx7R4E7b29ELoL92MwMxhE8HEQ67opl69Q+zygi96E/XB2STyAqTONgY07wB7/ykOTHta/
LGT9prUtS1tS2Jkh8OcvdV42Ne7/hNL6ybfCPhQoNvEBsQdVGz4guCA84gOqIYfn+PjAcwJ8mNCH
MT7wnMmhcHlO+P6vWyD7/iM0vtXDm5ZIsvHiwGCStUZH5IzKz4pE3WpZfbu3VvtFX3O8+nHP5Km8
eCzU7SqHKx7MBof4f+N2hsn7xz9Z75mF02MhzB/exAc5be37E3nZmpf7Gbw6hvyJzBzNzLvHzCjV
31EqmwjMiMwORoJspdiO/GAvXJr6PJfz3tTxHprYLJMkPgG0+1781xMxG6Qyr9VsYKBOdshuCH9E
X11PA8k/AsFwDe9xvackhsmiB9ZejL/t84XA3qOmnZmD374een499Px66Pn10PProefXQ8+vh55f
Dz2/Hnp+PfT8euj59dDz66Hn/y+Hnu3xYU0Hhc+wmw1/KiS9CdQOHA42LxANbMQICyNy3SzKqqbW
cKddI6JyldEdjyfjWhXUuSWDKfXph4ME5lMktBj36jJtTroDS8nHmfe6QI2m/UlnpNhCTDx/fXH5
7vWbFycYulFRnTWEfdE0qxpauZFNvKgXWTO6USrK70ZxuTyi1va7dZbDAi7LMu/K3BvuS+6OrGGk
Gun05T/+RcWL85cn6poW/D27za6+P/lSWoiJ+GqZgPhsFmlsDWGbzXaQfpI25lmzWEesgw7sox4p
6KZ/lLxVzu4R83+EXXzsMOFT9AK1QL1ZHld3o/quUfUI0fookfUiKmWVsLFAS7uGshnqq8H2d/Ww
dTpxqeTyS+mh5T+bdZAYYS8un725fHv+eyawRXa0oQFhTxE1y+Xds/Ozjridwa7A/mg8cofnL72+
zGWhIvz9UrIacmhXNQrQRM/aRfTRXSahnh8fl1XXls3ArhHb/x4j1mjan1/KbH9AYt5U4B3Z++O/
48evUII9+wfGfliUEi0IYP/91ZdShCY+m/UQ6cz7GTHNQIXkL+UtynVc9hJad7QvtTPaieo/qqJc
LbI8i+++lKwdkiThBkrv4lNs+eU6b7J3ZZUnXdm2g33RxiZtub+bto7/we/q3q2ben2V4fOVzLPs
qv5fSWZLwntDeCF/F/ufSWQdQqQnPuvs6kgP9PXjjcJ/j89rNO3PL+Xz6F0XquI1G7m3Y13RnV1P
f4fa4pd1hpbnS8m8pchNtQbx2e69pXa0lQgin+fyTlUXjew5e3e0K7Y7skfhh+9OL5/9e7a9g6t3
8acr2nN0kqdow5pM9fTQHd7Z/10LeKGyolAX776U8DnTQx8EDMpggNB9RH+saGkhHvWoGPHPVbXc
lV2P7fr8TsHydxUX8jpbL8WhCLznzy1L/B+BBpRaw7MizYqs+WJ54INmoPXA6DofPyX+XyzK1d/e
dquzduQ/pCQ3cDYfvkxso1dhZAWBG7VbWbddLktw26iCdMCGoKu+wYRKO8qAUbyUzaI7EsscEmFt
d6xcfkjKBgh6o+a9oO3Ausq714lsevfTLAfW7sh8uepeLiBe9zpDTXvdHfhnzXu5uV5GuvHvjZVo
CWkWrrmMqenFEeisO2kV9/XwRqW54uPY7mjNGq37Qwncojtycf6ix/6u/ldeEDPzSWxuNeWVKrJf
+iq4vTVSE1wqt+/kMudw5PDlL9lKd1LhyKfLPIu6y3F5u+xrvSR4jmW5tu1QLj8/ed0TPSk/MLTd
QQxl/Q0rV/TQtjfxIluucvXjy57MOwhwSYeXO3Iu8xvKUL3BVcPHnKRhz/jn+WLH9hbr4opPoBxW
kstayeZRVkiq4pHAnFFAmlDXKk8iM4lIwXdWTWkGHK2sBButzZL0TbO2B00ftrw69+lVtqxIy57d
Jve2POtZCavS7Q5VCu5Bfjhfa1ts6f8D7iZen8eIFR3lk3cvVoYvcaSnpzLvBvOuu5Mry1ptv9u2
0SefkgymjuU6UFv9AVFlMOXXJMDBPJgYTL2xDx4Z+bcXTFIpvcCLnCj243CcOm4q0yga20oGtuX6
aZA69gS01wbKu6xIyptavLoUJ6cXP1y+Ph9+9/c3359eWMIGCsEYhB1aniMO2sm29Vg8e3kSUOqh
b6t1dPWLYgfyNmayWH0oaU/enb16dUmGSRc3XDUhNq3KWlUfsLmVrEyyl8kCglXqiCLGEHPMe4I2
xYSnaeyk4yAch6klPU/6qR/FjnSiwLISaxw4qbLUeKLGpL4qi6+OTJC0RuHIfRpLf5zYk9RyJunE
S8fjceTYwSRO7NC2IytRynE9VyqOgNgQRB8kanqWG8n4aniNLgKRkV6thAKvivKmeGp+krXNq7Ku
1RFElnVB76VcO2TOTx3LCUPLdWPo33MtS0WBH6ixmqjJJE59J7GTIAg94oo4XalaySpesPxLuVqx
312zUTydRFFsObacqCRylCfHSjrpRCZeKkMVh0msnDSOJknPOTaPO4Fdsib9kfV/20HoFbv31Js4
cTAOpfRVYkUTO7YAzonsNKUr25KhF09kEO+nvDXHwZiA7lK3PEtOJq70ZBRN4jAKEeG8xHfGkzjy
UxXHgesncuLsUOdAsfVqhwwAZJQdp6EVhioJ5NgfS6CDVfiRiz+oJJ04ScM+pb1bSHWF+zTwxpOx
B5MKgiiW0Kg/mfiO56iJHztu7PhqEvu+3IEW09F7XppQSdCgwlBJ13LD0FVpkkZuGCeu5SjH9oPE
t0B64lghrHOHUpmXWxpWGKkAzpqM4anKdZNgYsNwwsQJY8eJvSC2x8pOdtDw+77m+WobRZ+qeOw5
EbGcWH4QRRDIt4Iw9lSaYjPDsespaYdRn1ReUhnRmgpV1o71VAbKg14dfzJWlmV7aZAE+Ow6cRq4
rhM4YwSaSeLukpozGI/ABHFoO7GFffP9eAIJXNuaqBjGP4Y5BKlnebHl3acw7CQaTSqw0zEJFacu
dix2PGCD2zsyTmAQE0va8AI33vGBTRxgEkngKcf3/ShxVEgW73j+GAHBT7A4jW0XGMN0x9iLqNko
N5zEnrS8CJYR2r5CTJm4iRtZsG0oCo5pywjbb/cpbD8OuXzSTv0Hwva9x646G3lwDOXKSWDbsOWx
pexUwqcCx4fj2Qh2njdWCB2RVPE+KvTwtq1jnoaOIwPP8yBMEI8TiZBA/09cx7Zgeyr2xu5Eqh39
6mdqbZ5/asl4glgNm7djzw6lnULj8C84/cT1Kf76oXLY+FAI1+qO/GBbx/E51tMYf8aeUr5ynQmK
ogie5FmRb8OelYK9RVEQxJbcElmvM51+EHmRK0LoMI18dzIJQjtNxu4YduF5SRx5SYDVcep4SUrL
F+tlLWW7/n5wr++WaVncYQfzO5QV+bAtoa8B1eVNjJPQH4djFSL6uJM0SZzIcoPQRYBD3lHYXgvG
tY8WMsbE2tCynyLcWshDKrFliCAgQS2UynYQ25E8kLEsx/fG0YO07A4uFcAowtRNyM5TpKDQm8BX
bSv2YhegXDhviH91G7Msf5FVc4TYpiqTdMlCgzDw4jGsYWJ5E9uTE8+BESgLe5zYfiQjK7UncKge
kRU8bkjBm+MIYUlCN0zHKoHPxjCJKApjyrl+HFl+gmwIbKE1BhnukDa2NbrjIvWRoNMWgcYizebr
ip/7CirxRFpWoldTzYpH4nKBRCpq1dAzlFrISolmoURZqBofZCNiWRRlIyIlsiLO1wge+CD0A8sR
EhoSL3f5oHVRLrEyJQK7NGuZqkNR0iFOTSRFhGh1Je7KdWVoiSwVS/QeacYcUNvQFx7yOyL8St1s
yKFrTOU6b2pxUxbfNIJSv6wEut4SwSujFHZHCJtFVmu5bxaqEOvVvJIJCIxmxaxoiU1nhRCP3i34
dEk0JbigVgUJ84gXOqD3WKigTvRthqqjv4A+c/pGCPRFrWyshE4uNLIkytB4rIa5pJJ4rqb65V26
US/WDWrEYmi+ZjIVs4F+ii3oFQGVzAaM7Fmelzciz2pC277TKa4zKf7fWlV3NOdf9GFobk35zWhe
esqNvVnDr3pTuSiwY1AKUYvuhFElzdfnAMPN7Q7YR+/gMbAI6FUmidCvLddarfTcXiyVpLcaqAIV
UHqkCDSUo/61ljmpbZ5dYy6KirUSB4apcKzHRF1zVMNKrdDXDqF2egA/xW3m/Wq9jKAVWNWz+q6I
L2V9JejVCtjRiCe8hbbYtFtJadqiKotyjd3D9PpQ8LGz0B0G+cOhoKK60q/7sG7gjzS2XBfmVQlN
/IK3FzLByqryNoOFKagBIrHlFhtwpFsD6CwV/D2hkm3yUGTNN1BfU/GyRDX08gGZzM5icQAZ1vAb
h9XCYgyNpFMmtWurko2jWhcFbWdC3WG54k3gdqQeiRN1bT6LZTZfwJkrtOKHXeczhkMaqar1qtGj
WmGkmCWwGbl4c+GU3Gsk2iHkdZklgL0fAdkI2RwK/ox+Z0fH0DB5qCdtLG1WLBXY3Wmn/FteRrAe
OoMSehx+sMwa8u2lmsuIz4zEhVa1xcrNan4mTMsvadduMtY8WxSc9maoCbVGVrOEaQaIiEj8aiyR
SSulWpbayLFba3JTMS+xUSW5KVkFMZozzCFDmwqLpAB3DsG6IvuPl4AO9T6Gf4Fu/s/hr5tyxRBM
+NxAMuRqgfCxomyabAAR1xaVjbrTAOMg8I69wuCrv/kCCNkvGBJFDBGvkXwKJB+h3wom6y41ZO2R
lKw2s9VtrFRSbyXSgev15elUXH5/diFenL08uxTPzs9fnJ1eiPPTN+Ld6zc/nL45FJgkLl9j1ql4
9/3rF6fi/M3r49OLi9FuCOjpw/EDo45zVWUlJ2QKxDUJGC8Uh2TWxibY2tA9SoKEYwtPGSIUKh1m
mdRxWUBOBGhYE8n7kLFpI7tZUGaFTigE6WlMWRNB6N0Gcp2RmMdryiGU53nB6P5ssgVzIo1tW6mY
ygGtWYKr91Wv3cgA81KreiuqaxlZ68f7IRnJXSP5XFYRPGO4raw5AO3XLrsawTGrhFmF2L2UxZqL
jy4SFGZr2ODjwzYn7Bpha4Y6vaZo8hst73LrgiPxWsd8bfCoHsp1nmywZEgiN4XY4q814RXDh6CB
ZRlZwe05B4t7SZJNR1PYyJZW5bJNtnq1mTHsmmZ3h0kas5P3bEPsMamedVy0BSNtWQVOZIbGkJP1
cqWrK13CCXNjSDfa/TqhSWYBY2eYrQT0lb8bBWeXexSMpI3EBw7XMLK6XisKDM0CuzZvq00KWsRt
i+qw3UhdI5iicqTR0NQH9bSUt0M+i61b7MdyRaPZcr1EjkV6rYh4IwtUldhI5Gl6cKhRbPVK/mJU
yR5z38ZQbK8MImY4pCp4jaTrbXbspNS3dm2aaiOKepq+nty6kKZlJnYl48phyGe9G9lOAIVrFZSP
pD2g0wWGprLit5WFXqMl3EqHZUafWp6WM03eVrukwJzaAEP346Q+Zoezwry7OzUpAqXZosx1iRnR
o1iuxBkyqiaYkEkyHNt052Pu6tQSqU2xqdPbo+4utbcorFZ3DRE/FEO7s4G8ecx42LRgTArgqL2t
Y/n5AJWQiZacehku9GkxBg2skfgetSBs6QkXd+L4/O0h1gJDBP+6yRKYPdcKOnpu6A+Z/lQEbdm9
rchr1k5n7kg8SxCoFjJPj9BK6jYhUbBhwwpMBZ0LkoF1HHGb9jrEuq3I6S1FNSoxZT4SBOLteXHe
FtvbBpB6CQJ1g7RJC9erYjU01zvdzUvjdXX2i9rsJ5Xl7TbWlPBMyYSyXZtHJ7V6oaMXPR6Jc7Mm
l9WcF0jTiRpbYI5pJeckAvYEaqtXOVcs1F4uAZ6cXVa0T8d5hlm6X6b3gFXdiJeXbxlpDZFI7Gjd
COrPeSu37HRzMWpjzbJZD2nVlNF2+0NV8EMk9vVU0MFATC9UbsRE/5umWTwSnKUWkooAkS2hm4b2
DrvBv3QQYeqQsWDTrhn0gjSBqMuBGClacjiv9ZbqUgJzG2OjJInS5wMm1Jlu6uQ1F0knZxfPvkN9
xPXUumAbooC9pkjJzz91kZCRMZrfnJB0+42tnFtfT1S0nk/bpo2/no6d0CXrAuGK7wvTotf6UIG8
uahLnbyNR9hETKPW1I4XJZp48sK2V1NtN85RnI6NRS2v22yBj2i9+R4fKXfaeADjJ/O6aDNnMv8s
s0IfCLCmvhE/RuUteX4lzk7EwY9vz04eY9/h9sCA+TfYNtqYDOkezkE9XJUY/ejyA95QbveugLf/
+N2Llr7p7zoj3zAzejjGhQNvrylFWLayPSEyafQW+Ib0YsKTMk2ZLe5l6d3wdp0l2w1hfQ77hzOX
fLqiXU3/fkutA55r/Gpdm1OeGEGk0WHWrBnqNVNhnp4SG51CTHg0XCgHymK+6VEK/t7cbio+bGdd
Z+pmuEnQ+w7EtHKfLelb9Nzkc7rXwQQqa1VLuZ2iIx+FYPvpMydnLH7DqbqzmAUvlG69I6WJRYp+
tQHCiLxhoyAb1dTZtGi4n/S1+MRoIz5ioJC7UM0XSMCNfnHCPpTWfpiyAqVEyNbcAbZdTD83aNyd
E54oL2N23zpLdM4geST2FAZXr6OuFuaURPnXXOjUyReb1MZHTcY4ZByrXHGnoM2buebZFVhQn8yR
KJcQfV6VN81CxzGwkGKhqXWCHLy/bnRKZrBD0kYLbbhVjRbt7KTuyEVhmnZeUxP6selGTHPk1JY5
vKa3SaA3FI54BJholbcbuT3W2uzl6P5mmuB1IzPuZpFM0OppK1qVq3Xeuo25oHzPc0zacB1iyG0Q
ScmcKONS5EJJYBoMGjEHeVNT6tC5IzfXelhXCsayAGQboZNt0CPPHNJ373aGNoGhP2xeI+jkdMSD
oX6VbDNzgX2baiij1XK5GmUlI0aou1tScwhXbuicNa630ClNmftie59F4DAn5/NKzc2Rojl/1Mcs
9IsUrnblY3yINa9PXtMXe4YmKej6gMLXjdIdiIST3zDHmoFvBeCxUefQH3l6o/n1il5I0ptzT6nY
UH3fGBMqIXpvgHNZJ98c09m86p7lHSI5rBYSbqEosleEoa1LkTFSVaH3GFJcLCgZ6rtt7tKZQ/bO
Bs0rHJ1ku0YNjtqGY2sbwgxB3mV9v+Vxb1e1XN1tbbLlNoOYbExEaT5ZPSUM2kUK48SQDz3NovaA
e7RlYO50ObSa+3i+N8lE76T2gM5ZkqEB8o3RZ3tqtDCDOsRVm07CRAc6hEezlnAZlKUbQvSQfF3p
Jy4UbdqjFB15Qc9EpzbfoiaTtenTUFpLevPJXFEBBIxmr6btpul7sFE605uKn7hyQdF6yId874ko
t2Db5N19EsRiUCVdcYCnYxQdvMiqVLM3j3J85vax5o6B22967RtYTRHQha/5Mgb9ERTJDTxL59Qt
x6l4/uLZpR6kVkPRydpfzRsZh354C4kKdejeJlnVHHLQ/aup9PSzlu6hhXZiSnRQrTlTlGtjdfT7
w+I7ob+ZuK7auNt2atXmKQ0HFdBBOor5KVjd6mnYPuGBCeiy/tFzjibMiuf3iHBdbEY+dEaGXF92
Cr9S1/7qFrGtNk1ufEVtUs0NHYJblKFBudOFHM8jeQEFLZjOFNpVtJRMH5VRtQnH9Ph1d1PpOeX5
douP+WElP62boWp59LzKxImKheMJx5m6/tS3xLuz74RjOTZNaJ+oPVGIsLhelk3ypPdoU+inaXRT
Mx+S7z2xQxuZrD94HfCwS8OmWchWGISxY+RmkTVqSE/gqHRlZuinTPX2xLFoZC7pNCFRT/hKP/Tb
jJlVdH5Lz3na69X1ynBIMmqwYNF3TxjaxkA3+e4Jy8y1MZXcT/S3KKptvaySzhR64v7k5PT5s7cv
Ljsy8XNCw5KzBbmuue5Vs08mNNSp2HnK4Lf/AacIMKY=
===END CRASH DUMP===
