PocketMine-MP Crash Dump Thu Feb 24 08:45:05 WIB 2022

Error: CLADevs\VanillaX\blocks\tile\MobSpawnerTile::setEntityId(): Argument #1 ($entityId) must be of type int, string given, called in C:\Users\tranthien\Desktop\FoxCraft\plugins\VanillaX-4.0\src\CLADevs\VanillaX\blocks\tile\MobSpawnerTile.php on line 130
File: plugins/VanillaX-4.0/src/CLADevs/VanillaX/blocks/tile/MobSpawnerTile
Line: 43
Type: TypeError

THIS CRASH WAS CAUSED BY A PLUGIN
BAD PLUGIN: VanillaX

Code:
[34]     private int $maxSpawnDelay = 800;
[35]     private int $tick = 20;
[36] 
[37]     private ?EntityInfo $entityInfo = null;
[38] 
[39]     public function getEntityId(): int{
[40]         return $this->entityId;
[41]     }
[42] 
[43]     public function setEntityId(int $entityId): void{
[44]         $previousInfo = $this->entityInfo;
[45]         $this->entityInfo = EntityManager::getInstance()->getEntityInfo($entityId);
[46]         $this->entityId = $entityId;
[47]         $this->validEntity = true;
[48]         $this->setDirty();
[49] 
[50]         if($previousInfo === null && $this->entityInfo !== null){
[51]             $this->position->getWorld()->scheduleDelayedBlockUpdate($this->position, 1);
[52]         }
[53]     }

Backtrace:
#0 plugins/VanillaX-4.0/src/CLADevs/VanillaX/blocks/tile/MobSpawnerTile(130): CLADevs\VanillaX\blocks\tile\MobSpawnerTile->setEntityId(string[8] Skeleton)
#1 pmsrc/src/block/tile/TileFactory(131): CLADevs\VanillaX\blocks\tile\MobSpawnerTile->readSaveData(object pocketmine\nbt\tag\CompoundTag#371599)
#2 pmsrc/src/world/World(2555): pocketmine\block\tile\TileFactory->createFromData(object pocketmine\world\World#29380, object pocketmine\nbt\tag\CompoundTag#371599)
#3 pmsrc/src/world/World(2482): pocketmine\world\World->initChunk(integer 53, integer 22, object pocketmine\world\format\io\ChunkData#236990)
#4 pmsrc/src/world/World(704): pocketmine\world\World->loadChunk(integer 53, integer 22)
#5 pmsrc/src/player/Player(746): pocketmine\world\World->registerChunkLoader(object pocketmine\player\PlayerChunkLoader#277106, integer 53, integer 22, true)
#6 pmsrc/src/player/Player(912): pocketmine\player\Player->requestChunks()
#7 pmsrc/src/network/mcpe/NetworkSession(1063): pocketmine\player\Player->doChunkRequests()
#8 pmsrc/src/network/NetworkSessionManager(67): pocketmine\network\mcpe\NetworkSession->tick()
#9 pmsrc/src/network/Network(91): pocketmine\network\NetworkSessionManager->tick()
#10 pmsrc/src/Server(1778): pocketmine\network\Network->tick()
#11 pmsrc/src/Server(1657): pocketmine\Server->tick()
#12 pmsrc/src/Server(1046): pocketmine\Server->tickProcessor()
#13 pmsrc/src/PocketMine(304): pocketmine\Server->__construct(object BaseClassLoader#2, object pocketmine\utils\MainLogger#3, string[36] C:\Users\tranthien\Desktop\FoxCraft\, string[44] C:\Users\tranthien\Desktop\FoxCraft\plugins\)
#14 pmsrc/src/PocketMine(327): pocketmine\server()
#15 pmsrc(11): require(string[80] phar://C:/Users/tranthien/Desktop/FoxCraft/PocketMine-MP.phar/src/PocketMine.php)

PocketMine-MP version: 4.2.1 [Protocol 486]
Git commit: 6d6551253173a498128c750c38e719f19880ad49
uname -a: Windows NT tranthien4-8sin 10.0 build 17763 (Windows Server 2016) AMD64
PHP Version: 8.0.13
Zend version: 4.0.13
OS: WINNT, win
Composer libraries: 
- adhocore/json-comment 1.1.2@fc2f76979f0a44a5f5bc2a2b600d0762fe0e78e7
- brick/math 0.9.3@ca57d18f028f84f777b2168cd1911b0dee2343ae
- daverandom/callback-validator unknown@unknown
- fgrosse/phpasn1 v2.4.0@eef488991d53e58e60c9554b09b1201ca5ba9296
- netresearch/jsonmapper v4.0.0@8bbc021a8edb2e4a7ea2f8ad4fa9ec9dce2fcb8d
- pocketmine/bedrock-data 1.6.0+bedrock-1.18.10@e98c511584a7bd58a95986374d2df4b04c6a2ba0
- pocketmine/bedrock-protocol 8.0.0+bedrock-1.18.10@017e57c8f8a74118bcbba7332e7ebac9e6c81693
- pocketmine/binaryutils 0.2.4@5ac7eea91afbad8dc498f5ce34ce6297d5e6ea9a
- pocketmine/callback-validator 1.0.3@64787469766bcaa7e5885242e85c23c25e8c55a2
- pocketmine/classloader 0.2.0@49ea303993efdfb39cd302e2156d50aa78209e78
- pocketmine/color 0.2.0@09be6ea6d76f2e33d6813c39d29c22c46c17e1d2
- pocketmine/errorhandler 0.6.0@dae214a04348b911e8219ebf125ff1c5589cc878
- pocketmine/locale-data 2.4.3@4d0b081f1a79407e087968ea76aaf330db6ea2b5
- pocketmine/log 0.4.0@e6c912c0f9055c81d23108ec2d179b96f404c043
- pocketmine/log-pthreads 0.4.0@61f709e8cf36bcc24e4efe02acded680a1ce23cd
- pocketmine/math 0.4.2@aacc3759a508a69dfa5bc4dfa770ab733c5c94bf
- pocketmine/nbt 0.3.2@3e0d9ef6b6c5fb45e3745a121296e75631b3eefe
- pocketmine/pocketmine-mp 4.2.1@6d6551253173a498128c750c38e719f19880ad49
- pocketmine/raklib 0.14.3@4798576fec0364266dce23b368a7fec5e5de7927
- pocketmine/raklib-ipc 0.1.1@922a6444b0c6c7daaa5aa5a832107e1ec4738aed
- pocketmine/snooze 0.3.1@0ac8fc2a781c419a1f64ebca4d5835028f59e29b
- ramsey/collection 1.2.2@cccc74ee5e328031b15640b51056ee8d3bb66c0a
- ramsey/uuid 4.2.3@fc9bb7fb5388691fd7373cd44dcb4d63bbcf24df
- rhumsaa/uuid unknown@unknown
- symfony/polyfill-ctype v1.24.0@30885182c981ab175d4d034db0f6f469898070ab
- symfony/polyfill-php80 v1.24.0@57b712b08eddb97c762a8caa32c84e037892d2e9
- symfony/polyfill-php81 v1.24.0@5de4ba2d41b15f9bd0e19b2ab9674135813ec98f
- webmozart/assert 1.10.0@6964c76c7804814a842473e0c8fd15bab0f18e25
- webmozart/path-util 2.3.0@d939f7edc24c9a1bb9c0dee5cb05d8e859490725

Loaded plugins:
Alerts 1.0.0 by hachkingtohach1 for API(s) 4.0.0
AlwaysSpawn 2.2.5 by Philip Shilling for API(s) 4.0.0
AuctionHouse 2.0.0-BETA1 by Shock95x for API(s) 4.0.0
BlockGenerator 0.1.0_beta by BlockHorizons, Chris-Prime for API(s) 4.0.0, 3.0.0
BuilderTools 1.3.0-beta2 by CzechPMDevs, VixikHD for API(s) 4.0.0
CraftingTable 1.0.0 by hachkingtohach1 for API(s) 4.0.0
CropGrowth 2.0.1 by NhanAZ, kaidoMC, YTBJero for API(s) 4.0.0
CustomItemLoader 2.3.1 by alvin0319 for API(s) 4.0.0
DEVirion 1.2.5-ALPHA12 by poggit, SOFe for API(s) 4.0.0
DevTools 1.15.0 by PocketMine Team for API(s) 4.0.0
Dungeon 1.0.3 by hachkingtohach1 for API(s) 4.0.0
EconomyAPI 5.7.3-PM4 by onebone for API(s) 4.0.0
EconomyJob 2.0.6 by onebone for API(s) 4.0.0
EnchantedUI 1.0 by ItsRealNise for API(s) 4.0.0
FCCore 1.10.1 by hachkingtohach1 for API(s) 4.0.0
FishingRod 1.0.1 by hachkingtohach1 for API(s) 4.0.0
FormAPI 1.4.0 by jojoe77777/DragonfireHD98 for API(s) 4.0.0
Gems 5.7.3-PM4 by onebone for API(s) 4.0.0
HealAndFeed 2.1.0 by Kylan1940 for API(s) 4.0.0
HealthTag 2.1.2 by Shelly7w7 for API(s) 4.0.0
InvCrashFix 0.0.1 by Muqsit for API(s) 4.0.0
InvSee 2.0.1 by BlockHorizons for API(s) 4.0.0
KeepInventory 1.0.0 by NhanAZ, KhoaGamingVN for API(s) 4.0.0
LaunchableTNT 1.0.1 by Vecnavium for API(s) 4.0.0
MaxEnchants 1.2.4 by Xenophilicy for API(s) 4.0.0
MultiWorld 1.7.0-beta3 by CzechPMDevs, VixikCZ, fuyutsuki, kaliiks for API(s) 4.0.0
MyItem 1.7 by hachkingtohach1 for API(s) 4.0.0
NPC 1.0.0 by hachkingtohach1 for API(s) 4.0.0
Napthe 0.0.2 by hachkingtohach1,tungstenvn for API(s) 4.0.0
OreGen 2.0.0 by Xenophilicy for API(s) 4.0.0
Parties 2.0.1 by Didah (@Diduhless) for API(s) 4.0.0
PlayerStats 3.1.9_BETA by hachkingtohach1 for API(s) 4.0.0
PureChat 2.0.0 by Vecnavium, 64FF00 for API(s) 4.0.0
PureEntities 2.0.0 by LeinneSW for API(s) 4.0.0
PurePerms 1.4.5 by Vecnavium , 64FF00 & ProjectInfinity for API(s) 4.0.0
RedstoneCircuit 3.0.1 by tedo0627 for API(s) 4.0.0
Rewards 5.0 by Wertzui123 for API(s) 4.0.0
ScoreBoard 1.0 by hachkingtohach1 for API(s) 4.0.0
ShopGUI 1.0.0 by hachkingtohach1 for API(s) 4.0.0
SizeUI 1.0 by fernanACM for API(s) 4.0.0
SkyBlocksPM 1.0.1 by Vecnavium for API(s) 4.0.0
Spyglass 1.0.1 by ItsRealNise for API(s) 4.0.0
StackStorage 1.3.0 by Ree-jp for API(s) 4.0.0
VanillaEnchant 1.0.0 by hachkingtohach1 for API(s) 4.0.0
VanillaHopper 2.0.1 by ColinHDev for API(s) 4.0.0
VanillaX 3.0.0 by CLADevs for API(s) 4.0.0
VoteReward 1.1.0 by  for API(s) 4.0.0
WorldProtect 2.3.11 by aliuly for API(s) 4.0.0
_NewAlias 1.4.0 by Javier Leon9966 for API(s) 4.0.0
libEasyUI 1.0.2 by GiantQuartz for API(s) 4.0.0

----------------------REPORT THE DATA BELOW THIS LINE-----------------------

===BEGIN CRASH DUMP===
eNrtfX1z3LbV71fBI3caea52l+9LquNcK5Idq7VsPZYc+7bMeEAS3GXEJTd8kbTu5Lvfcw5ALkjJ
tpxsm/yRTBstQeDgd94PQJD5915aVivefLgWVZ2Vxd6hc7DXZCuxd2h6jut5c9Nwp47nmj7caNfy
lmXagTP1Pd/zHMPyLO9gL+d186yqymrv8N97zWYNvfYu4Y9sO9hbibrmC2w9fnl0Iq7rMPyBF1me
8/dhGOVlfAUtTZaLMDwro4s1vylEdQnXh4e1aJ4VTdZsTpP9x4fsqFq0K1E07JHJ9v8i1J3HbNXW
DYsEK1OG87OsaA5Y3VRZsWCL7FoUByzmeS4SuMOOD8PwbQ08w6QVL5plJoowPBH1VVOuw/B5eXtc
8bQJw3XeLrJCQztxpkYY1lUchl/JyXS9XLOyYHlWCGbaBkglbfP8OdxCsfxOiBCFRKAIz3S6MyA7
U1T7GzNJc4YkZ0OKQA3ZAzOywY4qHsPPf+09MtguiO+D0MAAvpLJybe6AUmD+Jf/I7u4ErloyuIx
YAZTWq8QDf6fiMn5cfxzHjdltYHJzV8zeSV4csGvxQlv+H4Z/STihq1hgGhWIKgwLCLQacMXoLxy
tS7bIrnki0f23HSDgKBZGrSbssqT2Tv8977lui4A0mkRkg6Ihn3ybQwwGvG8KlefwkGkw5BoP7IC
2zcO2K+Ba38KruNbI7j6lJNvsyJrjpdtcbUPnisWomKufcC635Z1LxxFQgaxMMxKwIU0kMtHlu0F
gUGonE+gmhvOZ0HlJU8+B4qIuxrxdc43opqd05/9ueN9lnwlFlndiIqmeAlzwZh7uJREw1BS1To/
suYQoL0torHImqoVhNH7JMbAHOtlOB2i/LkVtVROvU/k5hq5QjTA1dVsFa/F7JW8uIBwD+lkH8DZ
X6CelET4jZxE0ffvoT8kfcYLyCfVvjcf0VfdwxDxhOFw1OTbJouv5BzBp+cAoXyK6r0odLKmodG9
EBVk1n1zPve/QHBAwryHhOeOOZV3BgOtewYad4xQH3helTHwUlaKgu6/5zTmDMbs23ccpSPy4UNc
FhBW27jpbPc7XotjqAjqzkrv9d0W4hSEzTOeFS/LBUjxkd0l7H/Z3o8Pz9H9KMf58Vdkdsm38wm+
rbHUaylWOUq5/r6J9oJ+klWizzHGj2y95NXhbHZ8OCNMsx7STCGadYC0SSdn51McOMKC2frx3o+/
HOyJPwutry20/iMlDqhCUvyQFddlfi1QXDBNAlYQN3vdXWjp6EJbXCYCdWc70M7gn3WVXUNyRjmy
v6z4Lc11IiA8sifMN4y/wSDbva8z+i/0sWQXD7rg3/mo6/9VSi3SknVqxN9PWAHlJw311dCgG9pG
eRaztC3iBqIcWwwtAyb/N3R3DNUd/6lE01YFYFpm9eTbzlqQumOqbr/ghSWncuxPTKUbITHZG94h
uy6zhCZ2tIn/sq7EdVa2tWJqiADaCIOrjxj3gFFyThXODw+B4VMIaryIxf7jybdb/qG35gtE2vsk
6QThDEQxv9v3mudZIqlDd0zY1NO/2xNEc5JVzWZfzhtISbq6FrJ0fySPJ1LN7K9/vYfv/1F3H6NU
XVMjpE27LuusodwJYpBlE4ikjpciaXNBhiqS79Bf3q4TMLj90bgDZhJg19Looy24dm8Yv/y5Wvhz
tfDnauHP1cKfq4U/Vwt/rhZ2t1roatAaS86jXFQN/So47uN2DQd7/fbvnjk1plgx87ZZllWNCXnJ
4+UVYGxK/GUiUb7O8I5DneFaFDyCin/vEEPIwV4i1qJIcDDcq8u0OdEbVpxq4hHZMJRour9YZ4NB
QMfz1xeX716/eXkCTTcigqoCsS+bZl2DtG54Ey/rZdZMb4SI8s00LlczLCiO8hu+qSm9Dljetup8
W1Nr6g75Pl9mebZmF/AHKv7FrvheE9laUQ1DTohqRBSG0ge2vF9cHr25fHs+4JyYa6lcfgF1ntC5
05uH7AHiyXfPLo/MIZMXSzCZwL39bdztPQO3Llebo/PTvS2ntaINPEpcS8QFCh6i/KyakVkqLr8X
UCXxRi58FbujGzrDxhQs+UMkGj7kl4a8KKvsI8QhuHW8rKBYPa/wwcZYBLAi+i2KHkwVhkOwd1X9
Gf7bLIeul2WZ6947aB76MOCeIO/WkPnjjyJenp9hTQo3fshus6sXJ7uy6xiJr1cJFbyRxNYgNmB9
iPRBfr3ImmUbkTdrsGcDUiAbCofgR5cIWBPOsP0PEuEGoEaXD5ELiAXEm+VxtZnWm0bUUygMZgmv
l1HJq2QmBVKuv6/Km2Y5kEbfOI4Ko3jwasmLo39C2xXPkvLsGH79v8vv/i6qcldSkTMg9x0mmdZ/
hWEosMh1Wzfl6rQRK+VWGu/jW0MJ2GMJ8Pw6KwzbDHbFcE8QeB5hudvykHhw8uyHrCL8PZN909DS
IadNjl6evzgyR5FgDTVUhltUF6+fi51lNiIahtcEJQzRVuUvDd4XEhs4+TjO9U1D3kx37Mbb6odd
Cr7aFVvd/FgYXo9i2H1s3GOoW2SzngYy2xYLMdSjahkHLPv3CVgKTv9jV0FKKxe2vGuNOvvudD61
J+dnzlAEZSEi+P+uWFfkwlBIFEAzDAeIvuiWqvffy+guU9g4jrzeb2doVHc9lLmfyqhnTiL7MnNF
DMG2Ecnbgcq01pHJDpk7beo3guevsnpnGtNIAjNbIA/LJsjT8+PjstKLBtUwijN3cuR/y/sknO7v
rnzveQZrj2Lxpkx0zreN49DzezHfI9J/70wIZbUaRp+uZci+Mzbkn8qfSjHHf2YnFV+URQqL+Bcn
gb8rQWwnwP0HwtT/eIhRfy9WevKky98xnOL88t8PAf8CHPqoSJ4LoRun3joMonfizD82OS/MwDF2
xUhPMAw1GA+PMTioWV7yxYgf2TbmxhovzkWeb+Y3811xU3cEJTcE4uG8nBbXsGSpl8+zW40bvXW4
Ar8TO87an4HcrphZEbUwzIrrGAGk2e3XrKoB94UQQ0aw4QsLpOEGwo5YGW0VSCRfw8w/hFjDKFHg
ExyNp2H7F5bB/drvH8uSf89XEHJ/eLXrZd8A0Q5Wfi95i7kf8Fy+utQ4H7Z/Ian9IOKCX2ftztYM
PUFQog5kdPkQ1Z7xW1Xd6HFdbx2v+Uah/b0oStp0jDe7Yk8jiSrsoQwuHsRcmzcZPd/Seds2Dlmb
q20t+4vbWsf/pOO1m7ap26uMtjPyLLuq/yObXSvEq57VDbD/lo0ujRDKaYNbBLqMZMNIPr9PqSax
dH93VaK9Oj/W+MWrP8guHkD5urj1yUcUr/i6WeopSDWM06j1WUYPGlic140orov/HM8ErPv7EM9+
XYnvhb61oRruPJX47wYriaL7+xBGznnVZEKPvV3LFyqFkyzhS7b/FP62y1zU9eNdcZR0FMNwLbGE
4RbU10adHh9xSw/aLxo+yDZ6q861DTVr8AEfK/0+rqjhGlz8Zs88bytxvOSNLoOu6QsWvK0lDvY8
5/lz4+vWIjTPuahW9d0dnT08ogMT1+dVCdTfy4Ne588mXbv28O2DnBvEonBvfz3I6qEvnYMamb7e
/AVBvBRZUYiLd7vSfk70wOQBg1AYJFMaoq/bl+0gzgZUFPtSCUPeZdt4j8D9hAWwAya1wP7KQGV4
qOG0SPHs0s6C20DNhE77+RBFvxFJ3cBS/Tir4jbTDX58Z+j4d8JdI5LS8KydrVU7emFYKSCxBBKG
d5E9gM0bKCzqAXuyZbg5MrLhd6JqPraZadm7YmtLEfkgCL96FbSlNVOkKHhdxGUlvsNCSmNXa/zs
Tu1/K3Rv8ei/f3PgvliW6+8He9Rdyx+kelRw+h+7Kpcvso9iyLds+KyyU1EVsJA+PtsVuz1B4I/m
l39/hW1voSFzVxvaIqnPz3QOtdbfcYGvwRhcPCQsXaw3Czz7pnPVNX2Bpf/0I5UOx8P3B6H0iq8u
mrKiF1C2DOnNd86pDJl6I8Tkp/Wu+IE64cNP6zCsEUEtEQBjGp5z+YbG15unBDrBU34xnchTVIlJ
kIU68a32QjRpjG78QaLSENX4elcxSlF9Ua7XgyMaw/YvLKuOyzwrXpyI610JoyfYsy2BjC5/zX5O
D3XL/Pu7fL+/U1qNrEC9R7Azhu++lqAh+aKb/1A2QpYbOivbxtHj0xEzO3PtlOd0ju4aZn54jKId
NajFG3xDawt/0HzngNCdE0JZm292dzwIqanD/msJYczPA5czZ21WpZnIk9n2DPKke5mmgWg4W3F8
g2A2YBek8uGVuDnKM67noW3bFx6J/h3yoKjYS1EWQeB5u5KLJNtRxWPBgEX9+RW+OCQ3k2R+wZf5
ome83gxKp23bODyPduK+zyA6/m/LoQzfFdty4jDsAXzBpPElRF4BbtDr6BRUdzScoNw2oqhpjwD4
lOce9nyMrriZHsUrjgcGty0xzwEajNXbytWHpGwgrg9a1Vuo24a2yvVrfClMv06zvBEDwovVWr9c
QtLQr7O4LK71hp9qUkh/vYrkKfpBW1k1/UlgVBu+zpdQ0Np2WsdDObwRaS5oK0VvrUmi9bApwWJS
a7k4fzmYflP/nBc4mfrF+ltNeSUKKIoHIri9VVwjXIw3G77K1bl0vPyYrWU4DWi34SOYqD4cLm9X
Q6mXCM8yDNs0rQAazk9eD1hPyg8EbdwITdlQYSVYaV0POl5kq3Uu3p8NeB4hgEt8n23E5yq/qbKR
/tfNEnuihLuT1+fLke3haz/0EohFQpLHNrNFlBUcn3hC2rToRFUuriEARqoTkoKKZN2UqsGSwkpA
0dIsDZWhthHzw3Yu7T6+QpwVaTmw2+SOyrOBlZAobb2pEuAe6IeLVtpiR/+f4G7s9XkM9ZgmfPTu
5VrNizPS+fFc35XS3R1dmddi+zkfkKe0HzqQvXdoGa4DYqs/QK22dwgptIa4hEmnjEug6vgezIG7
QHte4rmuabm2Obe5E/im5cdz14htX8zNIDUD3zd44qBltV0SzYqkvKnZq0vWv7riTPw6K5gJWmWE
gZnzuWez/a6zfDOIWYbpPWZHZycePr3ED9NoQvsoyJOc3l6W6w8lKufd6St6iEoXN5QxY3zTsBbV
B9ByxSu1fcmTZYmbDDMMHRPoo17VxvrEeprGVjr3gnmQGtxxuJu6UWxxK/IMIzHmnpUKQ8yBb5Rj
lcVXMxUtjWkwtZ/G3J0npp8alp/6TjqfzyPL9Pw4MQPTjIxECMt2bC4oFAKvEIYgH+E78hEsGSb0
ArB8sQEkeVWUN8VT9RfNblGVdS1mwDKvC3xF99rCFPxUiNTx/SAwE9cWri88Iw5c14mMIDJBmAAq
4oEVoEtAwK5ELXgVL4n/FZf19941edtTP4piwzK5L5LIEg6fC26lPig35YGIgyQWVhpHfjLwklkk
kgquJoCdkyS9qfF/ukaQqz81AWXgx65puj5QjRLX54Eb+J49dxIrSQGsE3sgZ27cT3prmGQLd8kb
5ly48xjkzueOafpRHEV8btuWmAsQbiC82De9wB6Rp5ixdXAQ6FOXx3MheGDyNOKJn8Rg8qkbC9uJ
hWcF88QVHtzmQ0r3KpHO6z71nLk/d8CoPC+KOcjU9X3Xcizhu7Flx5YrQDIuvaGhE8QVd66OsBM0
46kTCG4bdhDYIk3SyA7ixDYsYZmul7gGkPYtIwD7HFEq83JLA6wC8XvJ3EstYduJ55t2bAeJFcSW
FTteDJI0kxEa+tAELACTXMEBFT9NOEztcMOxHT8CCxe+ZQYiSiFWpKkJPPlBHPtjOHmJFUVnLGjC
9lMnMSLDN1OTzwPHmAvDnweeL/jc4zy1bSOJALIVuWNKC8JCTuDFgWnFRhoYrguqTizbNHwRW4k5
D6LASx2wMEB6h8JESzmSlGemcxCjH6c2KCy2HOEI8HuLx4kAaRncBDew45ET9IEA4uxTzuPYnrsB
dw2fe0GSgg/GDvyZzw0egVnGbhw4UTokUURNl5ue2sJIApF6kRe7aeS4AjzF5aYFGdwTc9ezzcgG
xxdDClqxT4UUxfynXxHANVoVv5KlBYRa0tE88F0wGhEbtudYnofRwI5sDzwOGl3hJmIeWPP7qEyy
ddxVNE8Dy+Ke44DPx148TzjnLv7Pty0TVG+K2JnbPhcj+dZFWX4UXcZ/anDwdQjNc9+MHTPgZuo5
AtzLgdBiuxiA3UBYAZ5ohpK4Fht0g21Fh4djrKcx/DN3hADpWj6URxE4kmNErmm4nhB+YkeR58UG
3xJp2yxRcrUhWQRRNE8j1/Z9LzDTZG7PwS4cJ4kjJ/FgdJxaoHUcvmxXNefd+LvRvd6s0rLYgAbz
DRQY+aQrpq8BKlqlbUDUMH0rBv3xyJy7CTiN7SSRkYJxe4Ef+AYa1320IGX4hkbLnUdz0wKPE0kS
BfMYEhv3ITTZVuw7wrDnfmAllgg+RcvUaSXCibiVOCi9NIgSQ5hBZHHwOQjEtgvRBTKHn8rFyqr8
CEukGYQ2UTXdoWpwucBzAEU89w3Hh5DiOxYYgTBAx4kJ6QuYNH1huQMia/C4CcZutTiHgBTYQToX
CfhsDCYRRUGMSdeNI8NNfIi3gRMYcyBDa6XetqYbKlcfMVxqsxhP8i7aitNXSLDYY2lZsUF1FRaP
2OUSMil+pQRf3KoZrwRrloKVhajhB29YzIuipA/kZEWct4n8Do58D3gKCQ0yLz24BFoX5Up+Rucu
zZqn4oCVcKeqkSSLIFpdsU3ZVooWy1K2glUIrPdxBihu8KMz+QYJw8q9JzeDUpe3eVOzm7L4pmGY
+3nFYBFbQvDKMINtECF+tEPyfbMUBWvXi4onQGAaFmHRETsMC8YevVsKBMaaEmaBqhVIqJeqayr8
aiytE3mboMrgz0CeuWhIXrhVGAsmcwu2rJAySDwWk5xjcbwQh4zqU7xRL9sGqsVioj5vdMjCPVU4
hq1hmib82xA2u1qGrSmSNOub4SooFizHX9zM/ifcIxaO8ry8YXlWI1vd90bYdcbZ/7ai2mCfn/FH
t3tySB9HoKHPaFGvxjBggGFhyUC1ID2kFm2Ykjn2l3sAk/62xtWjd+BaYDqgAJ4kDGo0qSeUP33b
ZyV43Vb0WSEG2okEggYpip9bnqN86XtLDIqPVrB9NSmU0o+RupxRTCqxhqXwBPSDr80fwm2a+1W7
ikB8YH5H9aaIL3l9xfDTAmBwU+rwtgYdog90nGK3ZVUWZQtqhu71AaM9KyYXJfJbL1h+V/JzByQb
cFxsW7UFmBp2kcQvyA6AJzDHqrzNwBQFiAFYIhMvenAoWwXoNEWjxj5ovAcsa74B8TUVDUsE7mWR
bY0Gs33goQUHs0gsxMZEcXpIpMZGzck4qrYoUJ0JLijLNSmBVjD1lJ2Ia/WbrbLFErweDyAf6F6q
DAclUlXtupGtUmAomBVgU3yRcsF7aVWSSM/h+LEjgH0/ArQRtDlYGmRgXVPN0KDzRHbqLS0sVgKm
20jv/T4vI7Ae3H9ish38YJU1GARWYsEj2rxnF1LUBgk3q+mNVRx+iVq7yUjyZFHg3TcTSagzspo4
xDcj4AcTeNgXyaSVEN2U0shBWy36M1uUoKgS/RmtAidaEMwJQTtkBnIBs1OslqXbH54D3ND7HP4l
r5Lfhr9uyjVBUHG2h6TI1QzCxxrTbtIDwlk7VKZhOQoYBYF35BUKX/3NDhCSXxAkjBgsbiFLFZCl
mLgVcUvBt5SQpUdiVut7i9tYiKTeciQD1+vLZ4fs8sXpBXt5enZ6yY7Oz1+ePrtg58/esHev3/zj
2ZsDBp3Y5Wvo9Yy9e/H65TN2/ub18bOLi+k4BAzkYbmeEse5qLKSMjcG4hoZjJeCQjJJow+2Jsge
aoeEYgt1mUAoFDLMEqnjsgA+IUCDNSG/nzI2aWQ3S0zB+PU6CEGyG1GWRCD0bgO5zEg0x2vMIVgQ
0IDp3d5oC2o3GtS2FjHWDVKylfyeXD+25wHMS6zrLau2oXitH98PSXFuK84XvIrAMybbEpwC0P3S
JVdDOGoUU6Mgdq940VKVoiOBCq4FG3x80OWEsRF2ZijTawprlUbyu9q64JS9ljFfGjyUGWWbJz2W
DJLITcG2+GtJeE3wgVHPMBSvMNtzChZ3kiSZjqTQ85ZW5apLtnK06jHRTVPXMHKjNHnHNtg9JjWw
jouuskSVVSV9d6Qz5KRdrWUZJms9pm5M8EanrxPspAYQdoLZcQBXkObB2fk9AoakDYkPZrgGI6vr
VmBgaJagtUVXlmLQwtm2qA46RcoaQVWfU4kGu35STit+O6Ht27rDfszX2Jqt2hXkWEivFRKnT/uh
Ipn8wpREsZUr+osSJXnMXRuDqnytENGEEyyXW0i6Tq+xk1LeGts01kYY9SR92blzIUlLddQ5o8ph
QtvDPW8nAIVqFSgfUXqAThYYksqa4+KFyTGSwy13MEzJU/LTzYydt9UuCjDH9YKi+3lSn7PDsFAf
sTpUKQJKs2WZyxIzwuNcVIkT5Bq/S8ZUkqHYJpdI6q5MLZHoi02Z3h7pWupuYVitNg0SP2ATU1Mg
KY8mnjQdGJUCKGpv61h6pIAlZCI5x0UPFfo4GBoVrCl7AbUg2NITKu7Y8fnbA4bnqqFjkdxkCZg9
1Qoyevb0J0T/kHld2b2tyGuSjtZ3yo4SCFRLnqczWHPKZUKC32BUU8GkDPcP0cA0R9ymPY2YvhR5
dotRDUtMnk8Zgnh7Xpx3xfZ2pYhrCQSFT/pxYLsu1hN1PVrdnCmvq7OPotcnluWdGmtMeKpkgrJd
moeWWp3AkoMeT9m5GpPzakEDuFqyKlugGdOKL5AF0AmIrV7nVLHgOnSFX6QFZ+cV6uk4z6CXXFir
79Wxs8u3hLQGlpDtqG0YLuRJldvp5OJi2sWaVdNOcNQhodXXh6Kg507k6yk7684J9WzCQjlNs3jK
KEstORYBLFuBbBrUHWiDvlMIYeqAsOBnPQn0EiUBUZcCMaRoTuG8liqVpQT0bZSNIidCbiSoUKdW
UyevqUg6Ob04+g7qI6qn2oJsCAN2i5GSHpnKIiFDY1SfuU309caWz62vJyJqF4fdou1bZuJiTZWs
SwhXdJ+ptXwtdx/Qm4u6lMlbeYSJxCRqSe14WZY17VB0azXRrcYpiuP2Mqv5dZct4CcegKBvB+I9
bRkPwOipvCza1ObNT2VWyA0BktQ37H1U3qLnV+z0hO2/f3t68hj0Dm4PGKD/Dait+94qOAeu4apE
yUeWH+AN5VZ3BXj7++9edvTV+k5r+YYmw+dpVDiQelUpQryV3VaSSqO3gG+CBxKelGlK08K9LN1M
btss2SqE5DkZ7uJc0jaMdDX5SUwpA4r0yq/aWm0HyU+CkserMRM55pCpB644jUwhKjyqWTAH8mLR
r1EKHJaPU/FB1+s6EzeTPkHft3MmhXu0KluMHqnMdSqYgMg60WJux+hIWyGgfvxNyRkGv6FUrQ0m
xgshl96RkMQikaLv05fZyJWWnZ2RaWHzMOlL9nGinn2IgYyPoa7lVxRhNgH59D6Uxv0weYXfUGW8
M3cA2w3Gvz0ae7TDIz86C9Kss0TmDOSHg07B4Oo20qWwwCQKPUQiUydd9KmNtpqUcfA4FrmglYI0
b5o1z65gClwnUyTKObC+oM88yTgGU3C2lNS0IAfeXzcyJRPYCUqjgzbZikaydnpSa3xhmEbNS2pM
PmDt2VRbTl2ZQ2MGSgJ6E2axRwATj7v2itxua/W6nN5VpgpeNzyj1SwkE1jqSStal+s279xGXWC+
pz4qbdgWTkjLIOSSZsKMi5ELSgK1wMAWtZF3qEod3HekxbVslpWCsiz8rmAfoZNt0EPPnOAHyEdN
fWAYNquTB1pOh3gwkWer+p5L0NuhhDJdr1braVYSYgh1mxUuDsGVG9xnjestdExT6j7b3icWKMzx
xaISC7WlqPYf5TYLfib6aswf4YNY8/rkNX5Yc6KSgqwPMHzdCLkC4eDkNzRjTcC3DFDbVHs6AHm6
l3xLH7aWyrkjVFCovK+MCSohPGFAuUzLN8e4iS/0vbwDSA7rJQe3EBjZK8TQ1aWQMVJRwdpjgnGx
wGQo73a5S2YOPtgbVKc+tGTbQg0OtQ3F1i6EKYKkZXm/m+OOViVfulqbbLXNICobI1Hsj1aPCQO1
iGEcJ6RNTzWo2+CebidQd/QZOsl9Pt+rZCI1KT1A20tSNIB8o+TZ7RotVaMMcVW/klDRATfhYbGW
UBmUpT0hfJjeVvLRDEabbitFRl6gp6JTl285ni5U6zQorTkellJXWAABRqWrw05p8h7YKO7pHbJ/
UeUCResBbfL9iERlYu6Tt/7IiNjASrqiAI/bKN2HJml/5L48SvGZlo81rRho+Y0vna9zoYoAHb6c
l9qloT+qBbqBYzjysp8ReJKniT8gIvlePPXAdYfAbba/qXMcB25wSy9yHdi3SVY1BxSB/6bKPvng
Rd/BkB6NWQ/krDYYeatMMAfNxRsmPy7cVl0Q7pZtVf/IhiIM0IHcFNOzs7oT2qR73AP2IGv8R88p
tNBU1H9AhIpk1fJBa5lQsalVgaVcCIhbCHS1WvHGV/TGFq3uINJFWY7/CQCq6qgf8pvhf4Qgl2lD
+o3kkuhDmVT1sRkf2o41jE83z7f6PqZHnPSML4QSBpC17LmImOUwwzp0vEPbZ+9Ov2OWYVnYoXsO
90RAuIXrVdkkTy7a6jqDKgAb5IQTdL4nZmDa1qjx2qNmG5vVaiFbQyNYO7TcLLNGTPAR3BODyMNy
ShVvT1xqWXDcTEiEvC8fDvZtUO9iK27f4mOe7np9vVb0kwzXV2DQmycErLfPPt09IS6pNMaK+0m8
pMeIAe7Ayl8czHS17YUWrw3CZ/VPTp49P3r78lLjkR4cKhCUPtCX1fWgvH3iY5NWwlOXvV/+Pzq4
NAM=
===END CRASH DUMP===
