PocketMine-MP Crash Dump Thu Dec 16 18:17:55 WIB 2021

Error: Call to undefined method skymin\InventoryLib\LibInventory::getInventory()
File: plugins/MyItem/src/hachkingtohach1/MyItem/MyItem
Line: 283
Type: Error

THIS CRASH WAS CAUSED BY A PLUGIN
BAD PLUGIN: MyItem

Code:
[274] 		$nextPage->setCustomName(TextFormat::GREEN."Text Page");
[275] 		$itemName = ["%page", "%maxpage"];
[276] 		$array = [$this->pageDataPlayer[$player->getName()], count($items)];
[277] 		
[278] 		$loreItem = [];		
[279] 		foreach([TextFormat::GREEN."%page/".TextFormat::RED."%maxpage", TextFormat::YELLOW."Click to next!"] as $lore){
[280] 			$loreItem[] = str_replace($itemName, $array, $lore);
[281] 		}		
[282] 		$nextPage->setLore($loreItem);
[283] 		$menu->getInventory()->setItem(8, $nextPage);
[284] 		
[285] 		$loreItem = [];		
[286] 		$reversePage = $this->getDataItem(262, 0, 1);
[287] 		$reversePage->setCustomName(TextFormat::RED."Reverse Page");	
[288] 		foreach([TextFormat::GREEN."%page/".TextFormat::RED."%maxpage", TextFormat::YELLOW."Click to reverse!"] as $lore){
[289] 			$loreItem[] = str_replace($itemName, $array, $lore);
[290] 		}
[291] 		$reversePage->setLore($loreItem);
[292] 		$menu->getInventory()->setItem(0, $reversePage);				
[293] 		

Backtrace:
#0 plugins/MyItem/src/hachkingtohach1/MyItem/MyItem(789): hachkingtohach1\MyItem\MyItem->openMenuItems(object pocketmine\player\Player#27189)
#1 pmsrc/src/command/PluginCommand(54): hachkingtohach1\MyItem\MyItem->onCommand(object pocketmine\player\Player#27189, object pocketmine\command\PluginCommand#23626, string[6] myitem, array[1])
#2 pmsrc/src/command/SimpleCommandMap(220): pocketmine\command\PluginCommand->execute(object pocketmine\player\Player#27189, string[6] myitem, array[1])
#3 pmsrc/src/Server(1394): pocketmine\command\SimpleCommandMap->dispatch(object pocketmine\player\Player#27189, string[11] myitem menu)
#4 pmsrc/src/player/Player(1337): pocketmine\Server->dispatchCommand(object pocketmine\player\Player#27189, string[11] myitem menu)
#5 pmsrc/src/network/mcpe/handler/InGamePacketHandler(688): pocketmine\player\Player->chat(string[12] /myitem menu)
#6 pmsrc/vendor/pocketmine/bedrock-protocol/src/CommandRequestPacket(60): pocketmine\network\mcpe\handler\InGamePacketHandler->handleCommandRequest(object pocketmine\network\mcpe\protocol\CommandRequestPacket#118166)
#7 pmsrc/src/network/mcpe/NetworkSession(395): pocketmine\network\mcpe\protocol\CommandRequestPacket->handle(object pocketmine\network\mcpe\handler\InGamePacketHandler#116485)
#8 pmsrc/src/network/mcpe/NetworkSession(358): pocketmine\network\mcpe\NetworkSession->handleDataPacket(object pocketmine\network\mcpe\protocol\CommandRequestPacket#118166, string[33] M./myitem menu..D....j..6_..D....)
#9 pmsrc/src/network/mcpe/raklib/RakLibInterface(192): pocketmine\network\mcpe\NetworkSession->handleEncoded(string[37] S......,I.U.M.+e`t.r....#....\p......)
#10 pmsrc/vendor/pocketmine/raklib-ipc/src/RakLibToUserThreadMessageReceiver(42): pocketmine\network\mcpe\raklib\RakLibInterface->onPacketReceive(integer 0, string[46] .....-(.....fM...Q.C..K...Zp!...g.h..:.A.1a..t)
#11 pmsrc/src/network/mcpe/raklib/RakLibInterface(122): raklib\server\ipc\RakLibToUserThreadMessageReceiver->handle(object pocketmine\network\mcpe\raklib\RakLibInterface#186)
#12 pmsrc/vendor/pocketmine/snooze/src/SleeperHandler(123): pocketmine\network\mcpe\raklib\RakLibInterface->pocketmine\network\mcpe\raklib\{closure}()
#13 pmsrc/vendor/pocketmine/snooze/src/SleeperHandler(82): pocketmine\snooze\SleeperHandler->processNotifications()
#14 pmsrc/src/Server(1645): pocketmine\snooze\SleeperHandler->sleepUntil(double 1639653474.7679)
#15 pmsrc/src/Server(1034): pocketmine\Server->tickProcessor()
#16 pmsrc/src/PocketMine(301): pocketmine\Server->__construct(object BaseClassLoader#2, object pocketmine\utils\MainLogger#3, string[12] D:\FoxCraft\, string[20] D:\FoxCraft\plugins\)
#17 pmsrc/src/PocketMine(324): pocketmine\server()
#18 pmsrc(11): require(string[56] phar://D:/FoxCraft/PocketMine-MP.phar/src/PocketMine.php)

PocketMine-MP version: 4.0.0 [Protocol 475]
Git commit: 468faa464b2bc5c97f23fafbb71ea61035f6f218
uname -a: Windows NT DESKTOP-BVRHES0 10.0 build 19042 (Windows 10) AMD64
PHP Version: 8.0.13
Zend version: 4.0.13
OS: WINNT, win
Composer libraries: 
- adhocore/json-comment 1.1.2@fc2f76979f0a44a5f5bc2a2b600d0762fe0e78e7
- brick/math 0.9.3@ca57d18f028f84f777b2168cd1911b0dee2343ae
- daverandom/callback-validator unknown@unknown
- fgrosse/phpasn1 v2.3.0@20299033c35f4300eb656e7e8e88cf52d1d6694e
- netresearch/jsonmapper v4.0.0@8bbc021a8edb2e4a7ea2f8ad4fa9ec9dce2fcb8d
- pocketmine/bedrock-data 1.5.0+bedrock-1.18.0@482c679aa5ed0b81c088c2b1ff0b8110a94c8a6c
- pocketmine/bedrock-protocol 7.0.0+bedrock-1.18.0@040a883a4abb8c9b93114d5278cb5fecc635da82
- pocketmine/binaryutils 0.2.2@f883e1cf9099ed6a757a10a2f75b3333eeb2cdf9
- pocketmine/callback-validator 1.0.3@64787469766bcaa7e5885242e85c23c25e8c55a2
- pocketmine/classloader 0.2.0@49ea303993efdfb39cd302e2156d50aa78209e78
- pocketmine/color 0.2.0@09be6ea6d76f2e33d6813c39d29c22c46c17e1d2
- pocketmine/errorhandler 0.3.0@ec742b209e8056bbe855069c4eff94c9734ea19b
- pocketmine/locale-data 2.0.20@a6e4eb22587e0014f6d658732cf633262723f8d3
- pocketmine/log 0.4.0@e6c912c0f9055c81d23108ec2d179b96f404c043
- pocketmine/log-pthreads 0.4.0@61f709e8cf36bcc24e4efe02acded680a1ce23cd
- pocketmine/math 0.4.0@6d64e2555bd2e95ed024574f75d1cefc135c89fc
- pocketmine/nbt 0.3.0@98c4a04b55a915e18f83d3b0c9beb24a71abcd31
- pocketmine/pocketmine-mp 4.0.0@468faa464b2bc5c97f23fafbb71ea61035f6f218
- pocketmine/raklib 0.14.2@e3a861187470e1facc6625040128f447ebbcbaec
- pocketmine/raklib-ipc 0.1.1@922a6444b0c6c7daaa5aa5a832107e1ec4738aed
- pocketmine/snooze 0.3.1@0ac8fc2a781c419a1f64ebca4d5835028f59e29b
- ramsey/collection 1.2.2@cccc74ee5e328031b15640b51056ee8d3bb66c0a
- ramsey/uuid 4.2.3@fc9bb7fb5388691fd7373cd44dcb4d63bbcf24df
- rhumsaa/uuid unknown@unknown
- symfony/polyfill-ctype v1.23.0@46cd95797e9df938fdd2b03693b5fca5e64b01ce
- symfony/polyfill-php80 v1.23.1@1100343ed1a92e3a38f9ae122fc0eb21602547be
- symfony/polyfill-php81 v1.23.0@e66119f3de95efc359483f810c4c3e6436279436
- webmozart/assert 1.10.0@6964c76c7804814a842473e0c8fd15bab0f18e25
- webmozart/path-util 2.3.0@d939f7edc24c9a1bb9c0dee5cb05d8e859490725

Loaded plugins:
BuilderTools 1.3.0-beta2 by CzechPMDevs, VixikHD for API(s) 4.0.0
DevTools 1.15.0 by PocketMine Team for API(s) 4.0.0
ExtendedBlocksConverter 1.0.0 by JavierLeon9966 for API(s) 4.0.0
KeepInventory 1.0.0 by NhanAZ, KhoaGamingVN for API(s) 4.0.0
MaxEnchants 1.2.2 by Xenophilicy for API(s) 4.0.0
MultiWorld 1.7.0-beta3 by CzechPMDevs, VixikCZ, fuyutsuki, kaliiks for API(s) 4.0.0
MyItem 1.4.5 by hachkingtohach1 for API(s) 4.0.0
Netherite 2.0 by Wertzui123 for API(s) 4.0.0
PlayerStats 3.1.9_BETA by hachkingtohach1 for API(s) 4.0.0
PurePerms 1.4.4 by Vecnavium , 64FF00 & ProjectInfinity for API(s) 4.0.0

----------------------REPORT THE DATA BELOW THIS LINE-----------------------

===BEGIN CRASH DUMP===
eNrtXPt32zaW/lcw8uzW2ZFovkSR6nFPEtuZehvHnthpuhPlZEESlFhTpMqHbaWn//t+FwApSrGT
tM3s7g/xaW0Rj4vvXtwnQOXXQVKUS16/uxFllRb5YOoOB3W6FIOp5TmBN3bcydgwA8f3g+GgWaku
xzK8wJ944yBwLMu3fW84yHhVn5RlUQ6mvw7q9QrDBup5OFiKquJzajniWcbqgjV5LJI0FzFbinpR
xKy6Xi/TfDY7zW9EXhfl+nkazmb41TVMp3NRd0/7j0A3abLsWZoR4ePpbPasuDsqeVLPZqusmad5
NZudrU9rsZzNqjKazRY8Wlyn+bwu6JO16VV/jdViRUQVQU3iQPUdgMDBzvy2S/3BzAwMDaa270CE
JY/w+c1gz2S/l9L+xA8eTdkn0I6+K1YiPxN5Q0/VfhH+LKKarYroWtQQpSAp8LUoZ7ML+XfPnlgg
DJx7FlstCQb9HxXLJc/jgwuJ8kg97Y/dz0LQjf/M1YfsnoEaAY3sQdizHc/2hqyqS0B4471ly3WK
VYeMlyVfv7HeSlbse1i5TJerTGg6Z3y1b9sm2Pn0mqPvxJ2Imlp8Pj+fgOf04F2KEla2bzmB+xCa
XeSj7+K0WvE6WvxuRJbVQoKJ5Y1E4/bQqMkHai5AOZMdUAruBsHv3uqPABn3gOSivi3K64NltBIw
jDzOAOs0/ztfigtOa3yv2vY939+BuL3u6Ltowev9dln7LTvYXdfT68KJxEV5sKF1EIq4xNNoVRZ1
ERWZhKZZfil+aURVKzT73q4uaQZmM+KAvIyES67sAx5G36nebcL3iXSHaAtrNrsP0x6csOV5ksXJ
Q6J9oR4u4Yvh6PedYPxxPj6+ZMvJZ2D/mECA3HP9sUTufy7ysf9x5NvjW6THvOZ6C7+QvDsVd5y3
7Mzoa5thHBv4+dkwvHf6s+QxeIjHkl9naXjwkl/LmFeLMkEE2bcC+4/wepJHRSzi1hacyVt2acif
4anxyjgz/ib+uzZKatijX2BYdavwYD5oJgrmKF0pFhTcq+JVJcqrRSl4fKZC/UsRiZS8nfsJ/Irg
bLbDOMUWJWtNaT9F11yUzOyk7sLpStCjffknOcOvfxhHhvEDPvxz9Rf8nhsLw5gaTwyLG0atuLN+
7x7YxEMLtJJucTaDCFrUH+H/d5jJA5LYs3xl2Jb94K5UeVG8FyrIZEKsRNn6TMt2/qD8P2POr1FW
VE0pfttXAJ0/ANDf1Q81FOFnaxzwwD1Dti+KOk3SiNfQ9kqv694TZD13/JmEK3p+lddpth8XTZgJ
1mW+rjHxJjplGt+ziOm4DwTNOo2uLxTiotQwvR6FCznnDHP2HdN6gMi7dxGYrMsm6lzWU16JI6Ta
1fOCxxRq782oGjBDyS9P8+fFHFaz52zCMeLidrLcddnmbleXRysOJg9wYO+KQRmJ5lv79X2L+Czh
R9NStJ5pDBteLXg5PTg4nh60C/eIj84uDBqwsybl6o8Gb38bDsT/ds3x58sDoFbT36X5TZHdCESM
GjRjCCaqB20vWrq55M6JSXvionlWz+q/5uIO4WgOU61EfdRUdbF8gfC6f4X2Z7Kom07//vLk5IUx
G1Abo8GzwaNvQc6ejFsyFLJoHjtkb2aDf1vJQUOGj0t+p57eqileO0VmuDT+r/UirWCaGCWjq0zD
3vx1pdMxyE4ievR2yKKiyet9uVr1SBOcaILywW+pZ0UpiGta4O23XX+g+1GvCoh3/819fEr4B7OB
0e98eXJs9NkZsn7vf508f37+GgOOMtgs6QkJ9i/gmvGKSTSPfiUEvqkR9DC+eQuUUOV3pQDTiBWd
OIdMiWmoSUiOfUuT+K1ly7fv3c7nmLLfraInO+1QSjCkdHuaKafJ6tHHki0xPdPtCdoff1zQfrfN
paBDAUF0METvNValrZYr2R7cD+KxpZeZ3DPzY9qpNualGtypp4bh/6/tt0Z735YHf3rLg1ZrfpNP
1kMium/HA/vzdhxb0Kf36FsFWQkyaNVm8NvXY4mvxxJfjyW+Hkt8PZb4eizx9Vji67HE12OJr8cS
X48l/gXHEm0FX1HJ/rRJM8jkqigy+ZxzukLdbh4OuvvXgWU4hjkKRc1ttPOmXhRlRTn70XsRLS7O
jsUNTfgxvUuvvz+mxfgqpX7XMA2TnkXOoS/xYIo9EsNBDL3KYyKBvqpI6uN+w5LLk4aIiK+WMYjP
ZqHCVhO22WwHaYYtxoSL88ur1+cvnx+j6VaEFWIMWhd1vaogtXlaL5rQQAZ50IN9sEUK9Qgad+XS
NW3LxBqDty1xbKSO+o4vv5Qg2vVnsx4SzfPl1ZOXV68uPsXxBtlBRwPMntzVWE3ETzP0V0cFSrkS
fq3H+0MjtkVh7kriP/lNKsrnosiDwPO+lCC2qc5mD4BT9vy7ZbRN/eAhziG2H+AHu7K3J6zt9k+I
6AXi3ZN/ou2HRcGR7sHIf3zxpSSliM9mW4h25fLZ9qKhgvMzfoeMCY9130D6rdtc28aOx/hJ5MVq
kWZptP5SvPZIEocdlK2HT3EtmWuyOn1dlFnc523TuM3aRLtE55Mu8eif8sWQdVNXzXWKz9c8S9Pr
6l/iKJeE95bwgv8+9j/jJHuESE7qCLgno/ZMuC8f1xhvS2bnkORLcf+Js5fP4RyMQ3hpFpVro1rX
ojKQxx3EvFqEBS/jA2Ia5cNClHJOx/emrc+6vWvpr+E43jcpMswvxfOGoqxrFIg/bN4bagcbjsCy
Oiy4rPmWsfdb+2w7hmUE756eXD35v9n2Hq6th88VyC0d3VSLtDZuhQiztRSNFAMS9wtRLreE0LXt
Kr27zf2PIsoRV5olGzLPffbMNNm/M+S7lIme5kmap/UXc4Tv1ALgvkXX+/hpB0h3QLwEf4hyO+lM
m1tKZBQXiWEpj6OipNk+cFvkCcNoyetFvyXiGZBibr+tWL6LixpWttWq78s2DU2Z9Z9jXm/1J2km
s5VNy3y56j8uYML95xRlwk2/4edKblz3vAxVur3VViDtpFF4luGsqjkxFPcHraJtObwUSYYtTrfJ
V1Ki1XZTDO3ot1xePN9afl39kuW0mP7Euq66uBZ5+n5bBHd3mmuCa6FhzZeZdEu2fHyfrlT6GkgH
/R4Fan86Hu+W21IvCJ5tmo5l2QEaLo7Pt1iPi3cS2m4jmtLtDaOD+KraGqgOcn862+J5BwEe6cRg
h89ldkueaqtxVcuzBZKwq1Oui8WO7i2a/FrWfbYUkiOlks7DNOeUzcGR2YZHkhA3IotDPYhIIT6s
6kI32EpYMTZaqSXJm0Ztyrt3m7V6/XRdm+ZJsaW38Qdbnm5piRSl028qBcyD7HDeKF1s6f8T5sbO
LyK4xZ7wyboXK70urShyUfKs79P65k6mjAp68xJuJ09ZiQ2mtunYEFv1DpFzME14VsFNtYeBg6k7
GWONlOzb9fyEc9dzQzuMxlEwSWwn4UkYTizBPct0xomX2JYP2o2G8jrN4+K2Yi+u2PHJ5Q9X5xej
pz++/P7k0mQWUDCJgVmB6dpsvx1smY/Yk7NjjzwwvTfbk9V7IQ3I7dRksXpX0J68Pn3x4ooUkx5u
ZfSEb1oVKMvfYXNLXqZC+jkeL8BYKQ7IY4zoGkJdkFvkEx4nkZ1MvGASJCZ3XT5OxmFkczv0TDM2
J56dCFNMfDEh8ZVpdH2gnaRpBIbzOOLjSWz5iWn7ie8mk8kktC3Pj2IrsKzQjIWwHdfhQnpAbAi8
D0IT/GoW8uh6dINsEp6RXjmAAK/z4jZ/rP+Sts3LoqrEAVjmVU6XfTc2qfNj27SDwHScCPJ3HdMU
oTf2xET4wvejZGzHVux5gUurwk+XohK8jBaS/yVfraTd3UileOyHYWTaFvdFHNrC5RPB7cTnsZvw
QERBHAk7iUI/3jKO7iIB2LmUJOrpv7WNkCt277Hr25E3CTgfi9gMfSsyAc4OrSShJ8vkgRv53Ivu
p7xRx8GEgO5SN12T+77DXR6GfhSE9Oq4G4/tiR+F40REkeeMY+7bO9Slo9hYtU0KADLCipLADAIR
e3wynnCgg1aMQwc/yCjsKE6CbUr3biGVis5jz534Excq5XlhxCHRse+PbdcW/jiyncgeCz8aj/kO
tIgOvLJCu0qCBhEGgjumEwSOSOIkdIIodkxb2NbYi8cmSPu2GUA7dygVWbGhYQah8GCs8QSWKhwn
9nwLihPEdhDZduR6kTURVryDRr4Ho+80Wi/6WEQT1w5pSd8ce2EIhsamF0SuSBJsZjBxXMGtINwm
hRocaUSrKoBk2OZj7gkXcrXH/kSYpuUmXuzhs2NHiec4tmdP4Gj82NklNZdgXALjRYFlRyb2bTyO
fHDgWKYvIij/BOrgJa7pRqb7IYVRL9AoUp6VTIipKHGwY5HtAhvM3uZRDIXwTW7BCpxoxwY6PyBJ
xJ4r7PF4HMa2CEjjbXc8gUMYx5icRJYDjEGyo+x5WHfCDfzI5aYbQjMCayzgU3wndkITug1BwTAt
HmL7rW0Km48jmT4po/4dbvuDaw8VjVwYhnC471kWdHliCivhsCnPHsPwLDg7150IuI6Qi+g+KnR5
0uYxjwPb5p7rumDGiyYxh0ug/3zHtkzonojcieNzsSNfdZTdxvnHJo98+GrovBW5VsCtBBKHfcHo
fWdM/nccCFsqHxLhSqzJDjZ5nDzPeBzhZ+IKMRaO7SMpCmFJrhmOLeizENC3MPS8yOQbIk2TqvAD
z4tYEUCGSTh2fN8LrCSeOBPohevGUejGHmZHie3GCU1fNMuK83b+h869Wi+TIl9jB7M10ops1KbQ
N4DqyE2M4mA8CSYigPdx/CSO7dB0vMCBg0PcEdheE8p1Hy1EDPmCkaJlPYa7NRGHRGzxAE6Ag1rA
hWXDtyN4IGKZ9tidhA/Ssnq4hAelCBInJj1PEIIC14etWmbkRg5AOTDeAL9VibIs3vOyPoBvQ6Wq
gi5pqBd4bjSBNvim61su910bSiBM7HFsjUMemonlw6C2iKxgcSNy3tKPEJY4cIJkImLYbASVCMMg
opg7jkJzHCMaAltgTkBGVkidbhlrmaTuMaq6GQqLJJ03pbxuYZTisaQo2VZONcv32NUCgZRVoq5R
ZVSMl4Kh4mZFLip84DWLeJ4XNQsFS/Moa+A88IGpawIDAQ2Bt0ZOQrQuiyVmJkRgl2bFEzFkBRXz
FZFkIbzVNVsXTalpsTRhS9QeSSpXQG5Db/playL8Qtx25A6Q4PImqyt2W+Tf1IxCPy8ZStwCziul
ELYmhPQuluL7diFy1qzmJY9BwJjls7wlNp3ljO29XshTBnrRqaJclV6GVGUXZIDspqKEOlbdEqry
/gzyzEQt5UXHNZFgKrhQy5IoQ+KRGGWcUuK5mDKZlVJHtWhq5Ij5SL+COWWzgbo7YnQzJ+LZQCJ7
kmXFLcvSitC2ryOxm5SzfzSiXNOYX+jDSHdNGZXncuqJLNj1HAZcjNJFhh2DUIhauGZalDRe1fej
rrsHdu81LAYaAbnyOGbIvJT4Sax0W8aWgtNlImWgDEIPBYGGcMQvDZevlc7TG4xFUtEItq8XZbb5
iKirFcWoFCvUtSOIna69puiWa79oliGkAq16Uq3z6IpX14xuNKFHhhzwCtKSqt1ySsMWZZEXDXYP
w6shk8ePTFUYZA/0ruVyVaqbdykb2CO1LZtc31Aq4pdye8ETtKws7lJomIAYwJLU3LwDR7LVgE4T
0lUaQzo5ZGn9Db1cW8ppsajpyo9UZmcy2wcPDezGlmKRbIw0p1NJaldXuVSOsslz2s6YqsNiJTdB
liOVwY7Fjf7Mlul8AWMuUYoP+8anFYckUpbNqlatSmAkmCWwab7k5sIoZa0RK4PgN0UaA/b9CEhH
SOeQ8KfQLqOnaBg8UoM6TZvlS7GkN4rlcn/PihDaQ2dLTLXDDpZpTba9FHMeynNRdqlEbUrhphXR
ltOvaNduUyl5qVEw2tuRItQqWSU5TFJAhEcSdCtBZJJSiHZJpeTYrYbMlM0LbFRBZkpaQQvNJcyR
hDZlJnGB1aULVhnZ/3sO6LDuY/gXqOb/HP6qLlYSgnafHSRNrmJwHyuKpnEHiFZtUVnIOzUw6QRe
S6vQ+KpvvgBCaRcSEnkMFjUIPjmCD1NvFZJ2FwqyskgKVt1ocRcJEVcbjpTjOr86mbKr708v2fPT
s9Mr9uTi4vnpySW7OHnJXp+//OHk5ZBhELs6x6gT9vr78+cn7OLl+dHJ5aWx6wK25GGPPS2OC1Gm
hQzI5IgrYjBaCOmSpTQ6Z2tB9kgJYulb5JARXKFQblaSOipy8AkHDW0ifh9SNqVktwuKrJAJuSA1
TFJWROB6N45cRSS5xjnFEIrzcoLx4WjSBX3SjG1biYjSASVZgqv2Vc3teIB6iVW1YdUxNa/Vo/sh
ac4dzfmclyG9YrzJrKUDul+60tQIjp7F9Cz47iXPG5l89JEgMWugg4+GbUzYVcJWDVV4TVDk14rf
5cYEDXaufL5SeGQPRZPFHZYUQeQ2Zxv8lSK8kvDBqGeamles9kw6iw+CpFQdRaHjLSmLZRts1Ww9
YtRXzf4OEzd6Jz/QDXaPSm1px2WbMNKWlViJ1FArctwsVyq7Uikc0x0j6mj365gG6QkSu4TZckAv
rt8KGDu/R8AI2gh8WOEGSlZVjSDHUC+wa/M22ySnRattUA3bjVQ5gk4qDYWGhj4opyW/G8mz2KrF
fsRX1JoumyViLMJrScRrniOrxEYy9cKsQrGRK9mLFqW0mA91DMn2SiOSC44oC24QdN1ux44L1bWr
05QbkddT9NXg1oQULT2wz5nMHEbyrLfj7RhQZK6C9JGkB3QqwVBUVvJtQabmKA433GGalqfip12Z
Bm+yXRJgRmWApvtxUh/Tw1muX5mb6hCB1GxRZCrFDOlKTmbiEjKyJqiQDjLSt6nKR/eq0BKKLtlU
4W2vv0ttF7nVcl0T8SEbWb0NlJsnFx7VLRgdAqTX3uSx8n6AUshYcU61jEz0aTIaNSyDfY9cELp0
KJM7dnTxaoi5wBDCvm7TGGovcwXlPTv6I0l/yrw27d5k5JWUTm+swZ7EcFQLniUHKCVVmRCLjL75
IZfCoozOBUnBeoa4CXs9Yv1S5OSOvBqlmDwzGIF4dZFftMn2pgCkWoJA3SJs0sRmla9G+nmnujnT
Vlel70W3n5SWt9tYUcDTKRPSdqUevdDqBraa9MhgF3pOxsu5nMB1Jap1Qa6YlHxOLGBPILZqlcmM
hcrLJcCTsfOS9ukoSzFK1culeouZnV29kkgrsERsh03NqD6XW7lZThUXRutrlnUzollTibZfH4pc
XiJJW08YHQxE9B5fxybq3yRJI4PJKLXglASwdAnZ1LR32A35r6PATQ0lllUpEwQaGkmvKx0xQjSX
7rxSW6pSCYyttY4SJ0KdD2hXp6up43OZJB2fXj55ivxI5lNNLnWIHDZ9YbGU958qSUhJGfVXBuN+
vbHhc2PrsQib+bQt2r5jFhVrOmVdwF3JfqZL9EodKpA151Whgre2CIuIKdSK2tGiQBFPVtjWaqKt
xqUXp2NjVvGbNlrgI0pv9VUI6uuV8QAmb9xV0qbPZH4u0lwdCEhJfcN+Cos7svySnR6z/Z9enR4/
wr7D7IEB42+xbbQxKcI9jINquDLW8lHpB6yh2OxdDmv/6enzlr6u73ot38jF6HJMJg5ye3UqInkr
2hMiHUbvgG9EbyEcFkkil0VfmqxHd00abzZEynO0fThzJU9XlKmpf4hHyUCO1XbVVPqUJ4ITqZWb
1XNGas6U6dtTWkaFEO0e9SoUA3k+72qUnKZlu6F42I66ScXtqAvQ9x2IKeE+WdKXOmWRL8O9ciYQ
WStaiu3kHeVRCLafPsvgjMkvZajuTZaM50KV3qFQxEJB3/+DG+G3UilIR/XXa0i1qHk76Cv2aaGO
ffhAxneh6ve2sRp9u/A+lOb9MHkJSjHjrboDbDuZ/nZonJ0TnlC+2QhpVmmsYgbxw7GnULiqCftS
mFMQxQgRq9ApH7rQJo+atHLwKBKZkJWCUm+5apZeYwmqk6UnyjhYn5fFbb1QfgxLcLZQ1HpODtZf
1SokS7AjkkYLbbQRjWLt9Ljq8UVumnZeUWPq2rRjUx85tWmOnLO1SaA3YjbbA0yUypuN3BxrdXtp
fLiZ2nnd8lRWswgmKPWUFq2KVZO1ZqMfKN7LMTpsODYtKMsg4lKuRBGXPBdSAl1gUIs+yJvqVIfO
HWVxrZpVpqA1C0A2HjreOD2yzBF9DWanqXMM2836NYJeTIc/GKnXqLqRC+zbVEExVsvlykgLiRiu
br2k4hCmXNM5a1RtoFOY0v1s0y9ZkG6Oz+elmOsjRX3+qI5Z6Fuk17v8SXzwNefH5/Q6/UgHBZUf
kPu6FaoC4TDyW7liJYFvGJBtRu/QH3G6k3yzoheS1OZ8IFRsqOrXyoRMiN4bkLGsF2+O6Gxe9M/y
hggOqwWHWQjy7CVhaPNSRIxElKg9RuQXcwqGqreNXSpy8K2zQf0KRy/YNsjBkdtI39q6ME1Q7rLq
b9f4YFcVX/1trdPlJoLoaExEabz8dw4qdR1CbpwWlIeeelJ7wG1sFtA9/RVayX083utgonZSWUDv
LEnTAPlay7M9NVroRuXiyq6S0N6BDuFRrMUyDUqTjhBdkjelunEhb9MepSjPC3raO7XxFjkZr3Sd
htSa05tP+okSIGDUezVtN031QUfpTG/K3sjMBUnrUB7yvSWisgTbBO/+TZBkgzLpUjp4OkZRzou0
StT3xlHpn2X5WMmKQZbf9PovsOokoA9frSsxqI+gSGbgmiqmblacsmfPn1ypRio1BJ2sfavfyBiO
gztwlIuhcxenZT2UTvdbnempu5b+oYUyYgp0EK0+U+SN1roMmxWtmfo+UFO2fret1MrulkY6FdCR
35qPu0AIEqP2hgcqoNL6vWfSm8il5PgtIjIv1i3vei0jmV/2Er9C5f7iDr6t0kVudE1lUiULOji3
MEWBslaJnBxH/AIKSjAVKZSpKC4lfWRGZeeO6fp1d1PpnvJis8VH8rJS3tbNkLXsXSL6HouIucya
TN1g6jjs9elTZpu2Rf3thdqhgIPF87Ko48Otm02mLtOoU609ItM7tAILgQyNt4u0FiO6V6OEVNJA
laRzskPbpJY5pzOCWBzKJ3WV17XpWXQqS7c37fPqZnUII8GnOKWyCXq6PpQrdmrXRbFDyYrMeCmR
Pqyu1zLob5pJc3uj6Cr98Pjk2ZNXz6+oVVc28gJQryrDANmkft5KUw99auql4mpKniNViLr6A6le
KtS/t1LpISqHpJeX1KnQoeX11i/hfVr+6bNBJ/kwwPjwP+TP1hbceHITnN78dIVGtdDgt/8BZ5dj
9g==
===END CRASH DUMP===
