PocketMine-MP Crash Dump Thu Feb 24 12:02:15 WIB 2022

Error: hachkingtohach1\MinePos\Commands\MinePos cannot implement pocketmine\command\PluginCommand - it is not an interface
File: plugins/MinePos/src/hachkingtohach1/MinePos/commands/MinePos
Line: 9
Type: E_ERROR

THIS CRASH WAS CAUSED BY A PLUGIN
BAD PLUGIN: MinePos

Code:
[1] <?php
[2] 
[3] namespace hachkingtohach1\MinePos\Commands;
[4] 
[5] use pocketmine\command\{Command, CommandSender, PluginCommand, CommandExecutor};
[6] use pocketmine\{Player, plugin\Plugin};
[7] use hachkingtohach1\MinePos\{MinePos as MP, math\Math};  
[8] 
[9] class MinePos extends Command implements PluginCommand {
[10] 
[11]     public $plugin;
[12] 
[13]     public function __construct(MP $plugin){
[14]         parent::__construct("minepos", "MinePos", ("/minepos [world]"), []);
[15]         $this->plugin = $plugin;
[16]     }
[17] 	
[18]     public function execute(CommandSender $player, string $commandLabel, array $args){
[19] 		if(!$player instanceof Player) return true;

Backtrace:

PocketMine-MP version: 4.2.1 [Protocol 486]
Git commit: 6d6551253173a498128c750c38e719f19880ad49
uname -a: Windows NT tranthien4-8sin 10.0 build 17763 (Windows Server 2016) AMD64
PHP Version: 8.0.13
Zend version: 4.0.13
OS: WINNT, win
Composer libraries: 
- adhocore/json-comment 1.1.2@fc2f76979f0a44a5f5bc2a2b600d0762fe0e78e7
- brick/math 0.9.3@ca57d18f028f84f777b2168cd1911b0dee2343ae
- daverandom/callback-validator unknown@unknown
- fgrosse/phpasn1 v2.4.0@eef488991d53e58e60c9554b09b1201ca5ba9296
- netresearch/jsonmapper v4.0.0@8bbc021a8edb2e4a7ea2f8ad4fa9ec9dce2fcb8d
- pocketmine/bedrock-data 1.6.0+bedrock-1.18.10@e98c511584a7bd58a95986374d2df4b04c6a2ba0
- pocketmine/bedrock-protocol 8.0.0+bedrock-1.18.10@017e57c8f8a74118bcbba7332e7ebac9e6c81693
- pocketmine/binaryutils 0.2.4@5ac7eea91afbad8dc498f5ce34ce6297d5e6ea9a
- pocketmine/callback-validator 1.0.3@64787469766bcaa7e5885242e85c23c25e8c55a2
- pocketmine/classloader 0.2.0@49ea303993efdfb39cd302e2156d50aa78209e78
- pocketmine/color 0.2.0@09be6ea6d76f2e33d6813c39d29c22c46c17e1d2
- pocketmine/errorhandler 0.6.0@dae214a04348b911e8219ebf125ff1c5589cc878
- pocketmine/locale-data 2.4.3@4d0b081f1a79407e087968ea76aaf330db6ea2b5
- pocketmine/log 0.4.0@e6c912c0f9055c81d23108ec2d179b96f404c043
- pocketmine/log-pthreads 0.4.0@61f709e8cf36bcc24e4efe02acded680a1ce23cd
- pocketmine/math 0.4.2@aacc3759a508a69dfa5bc4dfa770ab733c5c94bf
- pocketmine/nbt 0.3.2@3e0d9ef6b6c5fb45e3745a121296e75631b3eefe
- pocketmine/pocketmine-mp 4.2.1@6d6551253173a498128c750c38e719f19880ad49
- pocketmine/raklib 0.14.3@4798576fec0364266dce23b368a7fec5e5de7927
- pocketmine/raklib-ipc 0.1.1@922a6444b0c6c7daaa5aa5a832107e1ec4738aed
- pocketmine/snooze 0.3.1@0ac8fc2a781c419a1f64ebca4d5835028f59e29b
- ramsey/collection 1.2.2@cccc74ee5e328031b15640b51056ee8d3bb66c0a
- ramsey/uuid 4.2.3@fc9bb7fb5388691fd7373cd44dcb4d63bbcf24df
- rhumsaa/uuid unknown@unknown
- symfony/polyfill-ctype v1.24.0@30885182c981ab175d4d034db0f6f469898070ab
- symfony/polyfill-php80 v1.24.0@57b712b08eddb97c762a8caa32c84e037892d2e9
- symfony/polyfill-php81 v1.24.0@5de4ba2d41b15f9bd0e19b2ab9674135813ec98f
- webmozart/assert 1.10.0@6964c76c7804814a842473e0c8fd15bab0f18e25
- webmozart/path-util 2.3.0@d939f7edc24c9a1bb9c0dee5cb05d8e859490725

Loaded plugins:
Alerts 1.0.0 by hachkingtohach1 for API(s) 4.0.0
AlwaysSpawn 2.2.5 by Philip Shilling for API(s) 4.0.0
AuctionHouse 2.0.0-BETA1 by Shock95x for API(s) 4.0.0
BlockGenerator 0.1.0_beta by BlockHorizons, Chris-Prime for API(s) 4.0.0, 3.0.0
BuilderTools 1.3.0-beta2 by CzechPMDevs, VixikHD for API(s) 4.0.0
CraftingTable 1.0.0 by hachkingtohach1 for API(s) 4.0.0
CropGrowth 2.0.1 by NhanAZ, kaidoMC, YTBJero for API(s) 4.0.0
CustomItemLoader 2.3.1 by alvin0319 for API(s) 4.0.0
DEVirion 1.2.5-ALPHA12 by poggit, SOFe for API(s) 4.0.0
DevTools 1.15.0 by PocketMine Team for API(s) 4.0.0
Dungeon 1.0.3 by hachkingtohach1 for API(s) 4.0.0
EconomyAPI 5.7.3-PM4 by onebone for API(s) 4.0.0
EconomyJob 2.0.6 by onebone for API(s) 4.0.0
EnchantedUI 1.0 by ItsRealNise for API(s) 4.0.0
FCCore 1.10.1 by hachkingtohach1 for API(s) 4.0.0
FishingRod 1.0.1 by hachkingtohach1 for API(s) 4.0.0
FormAPI 1.4.0 by jojoe77777/DragonfireHD98 for API(s) 4.0.0
Gems 5.7.3-PM4 by onebone for API(s) 4.0.0
HealAndFeed 2.1.0 by Kylan1940 for API(s) 4.0.0
HealthTag 2.1.2 by Shelly7w7 for API(s) 4.0.0
InvCrashFix 0.0.1 by Muqsit for API(s) 4.0.0
InvSee 2.0.1 by BlockHorizons for API(s) 4.0.0
KeepInventory 1.0.0 by NhanAZ, KhoaGamingVN for API(s) 4.0.0
LaunchableTNT 1.0.1 by Vecnavium for API(s) 4.0.0
MaxEnchants 1.2.4 by Xenophilicy for API(s) 4.0.0
MinePos 1.3.5 by hachkingtohach1 for API(s) 4.0.0
MultiWorld 1.7.0-beta3 by CzechPMDevs, VixikCZ, fuyutsuki, kaliiks for API(s) 4.0.0
MyItem 1.7 by hachkingtohach1 for API(s) 4.0.0
NPC 1.0.0 by hachkingtohach1 for API(s) 4.0.0
Napthe 0.0.2 by hachkingtohach1,tungstenvn for API(s) 4.0.0
OreGen 2.0.0 by Xenophilicy for API(s) 4.0.0
Parties 2.0.1 by Didah (@Diduhless) for API(s) 4.0.0
PlayerStats 3.1.9_BETA by hachkingtohach1 for API(s) 4.0.0
PureChat 2.0.0 by Vecnavium, 64FF00 for API(s) 4.0.0
PureEntities 2.0.0 by LeinneSW for API(s) 4.0.0
PurePerms 1.4.5 by Vecnavium , 64FF00 & ProjectInfinity for API(s) 4.0.0
RedstoneCircuit 3.0.1 by tedo0627 for API(s) 4.0.0
Rewards 5.0 by Wertzui123 for API(s) 4.0.0
ScoreBoard 1.0 by hachkingtohach1 for API(s) 4.0.0
ShopGUI 1.0.0 by hachkingtohach1 for API(s) 4.0.0
SizeUI 1.0 by fernanACM for API(s) 4.0.0
SkyBlocksPM 1.0.1 by Vecnavium for API(s) 4.0.0
Spyglass 1.0.1 by ItsRealNise for API(s) 4.0.0
StackStorage 1.3.0 by Ree-jp for API(s) 4.0.0
VanillaEnchant 1.0.0 by hachkingtohach1 for API(s) 4.0.0
VanillaHopper 2.0.1 by ColinHDev for API(s) 4.0.0
VanillaX 3.0.0 by CLADevs for API(s) 4.0.0
VoteReward 1.1.0 by  for API(s) 4.0.0
WorldProtect 2.3.11 by aliuly for API(s) 4.0.0
_NewAlias 1.4.0 by Javier Leon9966 for API(s) 4.0.0
libEasyUI 1.0.2 by GiantQuartz for API(s) 4.0.0

----------------------REPORT THE DATA BELOW THIS LINE-----------------------

===BEGIN CRASH DUMP===
eNrNPIl220aSv9LD5G3itySFm4CynpUiyceMZXEsJfZOmKfXABokIhDA4JBE5+Xft6q6ccqx5YQz
iV8iAoXu6rqr+gB+nkRZseXV9a0oyjhLJ4fWdFLFWzE51B3LdhauZ9pz3XI1Q59O6lw9mtuGrbmm
5tiaaXi2N50kvKzOiiIrJoc//DidCHn586Ta5dBhcnZ99ubNxZvJdLIVZcnXCNvwYHMTp+sqwyt9
tTqPU7HMytXqJNtueRqWLYgFPE2zisXbPBFbkVYsz4IbUW3h8WoVyOar1TKp13GqerMZi6FHybAj
T1mcVqKIeCCAiChOkIKc2pcHapSDsggORlS1z9QgbWPAksDV5ND7ZaoQXcfpbZbcEoGAPYwLEVST
5ilAuq5BFgoUjw7Q//nffJMDzIBr+DHhJ+UgphxoZZ8W0jfQx5JdbfipS/Fh4fysOkyZurgUaSiK
KRtIrX16di+CusqKXxC/8wHEPy8TvsP+kr1G+tR+odr/OvU/N5rlJTtfThnY4AYew99fvmEMULiS
JQ9+AjAuaKU6iPsKCC8bOjubKIecsJ+hu65JNDoKmsG/vPaTOGBfSqKRVl3JXTeHTaI6DSpwCXZ9
HWRpWRV1UH19vmy6PiH0lupD/XgBVBwe9tuvJiisHDieTNmqMQC8gUcH6hn74S4rkvDH1eTJlP3w
4xOiyu5h/rLaxOXsr3Jg9nRAvaPa/YI3KPcVmpzu/gozgtQqvh7YACKUugSyQV3sS2U1r7gvkinj
RcF37EterEvJtkfjrKo4+vovqi/4V1nxNBBZxKRlPGGFqOoiZSAK8c0E3KQq0P0oQCjXQx84TkRR
0RWaPWBWgOmkDUoTfa7NNYDwutpkBTT+YRw+JoCU5zE+sagxRqGU+4kIJ4cRT0oxnYQiR9ORFJRZ
VJ32AVtOTvrAZiU5zS/6fcYB52R5cXn19uLNq1MA3Qm/jCuKalWVl4cHB3e8CjblJq7md0L4yW4O
Ij1AIRwnd3xXXub8Lh3w3EH7jBtzY24PGV9u4iTO2SX8QARaf5RxFP0j+c4JbamwrlacKCqRotXq
FbAsio73y6vjN1ffLQecE3M1mdmLDLy/z10fPGQPKJ59e3Z1rA+ZvNxAqPHs+9+p1skZ+GK23R0v
X046VkuFHJiUhG2QMNDwkMyP6hm5/TYBPM9FKgpeyXSn+B096HOszcGWr31R8SHD1OVFVsTvIXjA
o5NNAT6/LDDhjmUASeJ3mfhgrNVqSO1DZX9EAHWcQNOrLEv6DjwAD90YCJ8h88aQ+5P3Itgsz0/F
LXb4Pr6Pb16c7suyA0Seb0NAvlr5krYKaQPWh5Q+yrPXcbWpffLnHtkHA1Qgm5OCRxV40hUS3BPO
EP5nCXIDqka3jxEMyAXkGydBsZuXu0qU81RUByEvN37Gi/BASiTLnxfZXbUZiKMFjgPDKCS83vD0
+J8Au+FxmJ2fwNX/XX37N1Fk+zIUOQJy39CEJUmc/gbLUMQi13VZZduXldgqv+rxPn40lIA5lgBP
buNUMyH97ssOWozA9IiYh5DHRITTs+/jghhouWxBQ1uHvDY7frV8cayPYkGerUGQALu8eCb2lt0I
6Wp1S6SsVmis8qpH3ieSG7j5ONK1oCFvuj125CVVzlj/sSvBt/tiqxkf2Ogo+QgbH7DUjrKDFgcy
W6drMdSjgoxDlvkHhSxFT3uxrzDVKxk65nvAPv/2fDE3Z8tzayiDLBU+/L8vLSt0q5WQVADO1WpA
0Sf9UrX+W+Y/ZAqB49jrfD5DD5Q5Kr4ey91Pmd9yJ0n7NHdpAPG2EuF3A531oCOjHXL3sirfCJ68
jkuxN3Pt4QRuOkoel1GQqWcnJ1nRrxwUYBRqHuTJ/5gDSnqa332537MY5iDp+k0W9lnvgOPw84dx
35LUv96bFLJiO4xADWTIvzW25Z+ynzKxwH8HpwVfZ2kUF+LFqefuKxh1AwDfkqb24jFm/Vxs+xmU
bvcUUj9Hn23UQQLk38dQ/wJ8+jgNnwnRN88+dBhJH8Sav+8Snuqepe1LHy3C1apHxuPDDHaqNld8
PeJHwsbcGONpukiS3eJusS9uygah5IaIeDwvL9NbmLmUm2fxfY+bPnQ4FX8QPc7rfwG6fTGzJWyr
VZzeBkhAFN9/zuwa6L4UYsgIAj4xTxquJOyJldGSgaTkc5j5uxA59BJplRW7Hk9D+Cemw+0U8O+b
jD/nW4i537/e9+xvQNEeJoCveI3pH+i5en3V43wI/0Ra+14EKb+N6+3eAmCLEbTYp2R0+xjdnvN7
VeH0I3sfOp76jYL7O5FmtP4Y7PbGXw8nKrGlZXDzKO7Urk2Ps3YfZ7i0Zf/2UuQz7PTXN1V6W1O/
a4n6vE6q+C3uSfSZ7oBDvhdqSc/85JLeCbpuVO/qqqxvYlrJSeL4pvy3LPRtkV7aWAHB9Gn/PYt8
PUQopx0ujvRlJAEj+fxBBaokpvndV2H6ennSYxjv/ixLmEDL50XrX7X/1zyvNv3EqwDj4sH4KKfT
qk7XZSXS2/TfyDRR1vw+JpxdFOK56K/rKMCDbZnfFqI/w10HEVpS0fw+hpElL6pY9ONyA/lEgXQa
h3zDvj6C33qTiLJ8sjf9hA3K1SqXxKxWHVWfG3laAold2lS9rPggyfahfbZNqNW9a9xY+4O8sUfY
4OZ3O+eyLsTJhld9ITSgT9hwV0RNJ4717JmmfeaCFg60FMW2fLieNXnGafOwXBYZoH8HcTSry+XZ
rIH39h+v5eAgF0V4d/Uow4e2Z2kVj62/D/6EJF6JOE3F5dt9uXJC+MDogQahaJBM9Sj6vHXphsSD
ARbFvlTCkHcJGy+P2L9iAmzKpBbYfzFQ2U8iqF6mUZzG1d7i20DNRF3v8jGKfiPCsspScRIXQR33
LX78ZOj6DyJeJcJMc4zF3ty9QbhaFYqSQFKyWj0k7RF83kF5UQ74k5DhwtDIiN+Konpfx7ph7o2v
DiUyQjT85hlgh+tAoaL4dRlkhfgW66kevz3gR1eq/2PhuyOof/27g/flJsufDxbpG8ifpYpU9LQX
+6qbL+P3Ysi4BHxU3ZEoUp4en5zvKyS1CIE/Gl/+/gbr7khD5m52tEBULs/7HPagf+TyRo+Owc1j
QtNlvlvj8cM+Ww3oEzw9dlfpM9Q32FRq6Hj88igUYMHNZZUVdAC3Y6gPfnBcZ8jUGyFmP+V70xJU
C9c/5atViSSUkgTgrEeQPNP5GwxUUjrDM5YBnmY5UFiJSxDG9zyNk4SrlaCeOEYP/iyBaUjW+H5f
YUphfZHl+eCoyhD+iQnWSZbE6YtTcbsvu28RtmxLQka3v2VxpyW1Y/7dQ77fPaiwRmZw8uqYVrr2
pX6Fr2XwXXf1GE//PquELDr6vHTA0R7yiJv9eTe0piOFtzD04+MULbBBUV7h+fmO/gH4wVGpB2el
4jrZWykvsa1WtJ6YSxLG/DxyXnNex0UUiyQ86E7Tz5o3ESoIiAdbXlaiOBiwC1K5fi3ujpOY93NR
B/vEtvDfIBeKgr0SWep5jrMvuUi0DVY8Iw20qJ/f4I1DdAcSzS/4poV/xsvdoH7qYOMIPVqWex5D
fPxHzaEa35t7ypFXq5aCT9g0viPCCyAcFDs6DzY7X87zDS+IFny3oaTVAmBUHv+YuBhgcXHdD/At
iT4k4AmQBn37sGx7HWYVhPYBVL2I0wHqIunfh7waPI/ipBIDxOtt3r/dQN7o38dBlt72AT+VpJH2
fuvLtwsGsKyo2mPRqDd8hyCksNU1yoOhHN6IKBG0qNKHliTRcggKsaTsQS6XrwbD78p/JSkOpq5Y
+6jKbkQKpfFABPf3imskFwPOjm8TdUofb9/HuQyoHq07vAcb7XeH2/vtUOoZkmdomqnrhgeA5enF
gPUwuybSxkAAxUOFZWClZTloeEnvxrw7H/A8ogBuCyHPpQ6Ad0U80n9ebbAlSrg5hr7cjGxvU6c3
dRUnpUFCkidY47Ufpxx3fSFzGnS0LBG3EAF91QhRQVGSV5kCGFJYIShamqWmclQXMq+7sXrP8cWu
OI2ygd2GD1QeD6yERGn2QYUA90A/XNfSFhv8/wR3YxfLAEqynvDRuze5GhdHpLP0SX99qu/u6Mq8
FN07dyBPaT90OH1yaGi2BWIrr6Fca+MSZp0syACr5TowBq4HTZzQsW3dsE19YXLLc3XDDRa2Fpiu
WOhepHuuq/HQQsuqmywap2F2V7LXVwxq4bTaxCK1Zm4Zp0wHrTKigemLhWOyr5vGl6IAapmh6c4T
dnx+6uAGLr621hPae0GeZLX2ssmvcdt08vbla9pHpps7SpkQpPKsFMU1aLnghVrI5OEmw7WGAwwd
M3wHSb5JhxWKcRQFRrRwvIUXadyyuB3ZfmBww3c0LdQWjhEJTSyAb5RjEQc3BypaanNvbh4F3F6E
uhtphhu5VrRYLHxDd9wg1D1d97VQCMO0TC4oFAKvEIYgIUGATXyYNsxuoQII5VseIMmbNLtLj9Qv
mt26yMpSHADLvEzxXbNbA3PwkRCR5bqep4e2KWxXOFrg2bbla56vgzCBKJ97hocuAQG7EKXgRbAh
/rdcluCTW/K2I9f3A83QuStC3xAWXwhuRC4oN+KeCLwwEEYU+G448JIDX4QF3M2Adk6SdObafzdA
kKs714FKzw1sXbddwOqHtss923Mdc2GFRhgBsVbggJy59mHUnWGSLTxEr+kLYS8CkDtfWLru+oHv
84VpGmIhQLiecAJXdzxzhJ5iRufgINAjmwcLIbin88jnoRsGYPKRHQjTCoRjeIvQFg485kNMH1Qi
nVw+cqyFu7DAqBzHDzjI1HZd27AM4dqBYQaGLUAyNr2t0keI0+5EneYn0rQjyxPc1EzPM0UURr7p
BaGpGcLQbSe0NUDtGpoH9jnClCVZhwOsAul3woUTGcI0Q8fVzcD0QsMLDCOwnAAkqYcjauhdW5gD
hokiB1R8FHIY2uKaZVquDxYuXEP3hB9BrIgiHXhyvSBwx+QkGVYUjbGgCZtHVqj5mqtHOl94lrYQ
mrvwHFfwhcN5ZJpa6APJhm+PMa2JFnICJ/B0I9AiT7NtUHVomLrmisAI9YXne05kgYUBpQ8wzHop
R6Jy9GgBYnSDyASFBYYlLAF+b/AgFCAtjevgBmYwcoI2EECcPeI8CMyF7XFbc7njhRH4YGDBz2Kh
cR/MMrADz/KjIYrUr5rcdGQKLfRE5PhOYEe+ZQvwFJvrBmRwRyxsx9R9ExxfDDH0qn0qpCjmH31G
AO/hKviNLC0g1JKOFp5rg9GIQDMdy3AcjAambzrgcQC0hR2KhWcsPoRlFudBU9EceYbBHcsCnw+c
YBFyzm38zzUNHVSvi8BamC4XI/mWaZa9F03GP9I4+DqE5oWrB5bucT1yLAHuZUFoMW0MwLYnDA9P
dkNJXIodukFX0eH5IOMogH8LSwiQruFCeeSDI1mab+ua7QjhhqbvO06g8Q5JXcehkqsJycLz/UXk
26brOp4ehQtzAXZhWWHgW6EDvYPIAK1j9029LTlv+j+M7uVuG2XpDjSY7KDASGZNMX0LpKJVmhpE
Dd01AtAf9/WFHYLTmFboaxEYt+O5nquhcX0IF6QMV+vhshf+QjfA40QY+t4igMTGXQhNphG4ltDM
hesZoSG8X8Ol93GFwvK5EVoovcjzQ03onm9w8DkIxKYN0QUyhxvJyco2ew9zpAMIbaKomrPl4HKe
YwEVwcLVLBdCimsZYARCAx2HOqQvYFJ3hWEPkOTgcTOM3Wp2DgHJM71oIULw2QBMwve9AJOuHfia
HboQbz3L0xaAhuZKrW3Nd1SufsFwrs0CPM68rgtO7zJjsceirGCD6mqVfsGuNpBJWSkqfIetZLwQ
rNoIlqWihAteNd8T8AWL0yCpIXjABXTAKmcOCQ0yL21hAq7LbAs9I0QwxlnySExZBk8K+kQB8yFa
3bBdVhcKF4sjtoVZCEz4cQQobvCbAMkOEcPUvUV3AKUur5OqZHdZ+lXFMPfzgsEsNoPgFWMG2yGF
+CK45PtuI1JW5+uCh4BgvkpXaYPscJUy9sXbjUDCWJXBKFC1Agr1endJhV+JpXUoHxOpMvgzkGci
KpIXrhbSNwgwtyBki5hB4oGYJRyL47U4ZFSf4oNyU1dQLaYz9Y2HQ7aaqMJxVWu6rsNfTZjsZrOq
dRFGcQuGOy9dswSvuB7/ZTUhFo6TJLtjSVwiW+o7AyW7jTn7Ry2KHbb5F140yyeH9Ko5dT2jWb3q
w/BzAFhYMlAtSA+x+TumZI7t5SLArH3c4+qLt+BaYDqgAB6GDGo0qSeUP2jmhm0FL+tCfpYCtOML
JBqkKP5V8wTlu45voS0UH7VgX6tBoZR+gtjliGJWiBymwjPQz3otikN4TGO/rrc+iA/M77jcpcEV
L2/AQoobMLg5NfiuBB2iDzScYrNNkaVZDWqG5uWU0aIVk5MSdJwpw/IbGMHZB8kGHBdh2zoFU8Mm
Evkl2QHwBOZYZPcxmKIAMQBLZOJpSxzKVhH0MkKjxjZovFMWV1+B+KqCuoUCF7PItkad2dfAA34y
wiCxEBszxekhoRobNSfjKOo0RXWGOKHMclICzWDKOTsVt+qabeP1BrweD2FP+16qDAclUhR1Xkmo
FBgKZgu0Kb5IueC9NCsJpefw2ywOgewPU4A2gjYHU4MYrGveMzRoPJONWktbpVsBw+2k9z5PMh+s
B9efmISDH2zxgyYp3K+5T+v37FKKWiPhxiW9vIvdr1BrdzFJniwKvPtuJhE1RlYSh/h6CH4eReCB
Z0QTFUI0Q0ojB23V6M9snYGiMvRntAocaE1kzoi0Q6YhFzA6xWpZuv3pOcAFvY/Rv+FF+PvoL6ss
JxJUnG1JUuhKBuEjx7QbtgThqA1VumZYijAKAm/JKxR95Vd7oJD8gkjCiMGCusAvmYCny6+FoHVn
kmTpkZjV2tbiPhAiLDuOZOC6uDo7ZFcvXl6yVy/PX16x4+Xy1cuzS7Y8e8PeXrz5+9mbKYNG7OoC
Wp2xty8uXp2x5ZuLk7PLy/k4BAzkYdiOEsdSFHFGmRsDcYkMBhtBIZmk0QZbHWQPtUNIsYWazCAU
ChlmCdVJlgKfEKDBmpDfXzM2aWR3G0zBIBMMQbIZYZZIIPR2gVxmJBrjAnMIFgTUYf6wNdqCWo4G
teUiwLpBShbJlXqVfVsewLxEXnasmpritXzyYZIU56bifM0LHzxj1pXgFIA+LF1yNSRH9WKqF8Tu
LU9rqlL6lEAFV4MNPpk2OWFshI0ZyvQawVylkvxuOxecswsZ86XBQ5mR1UnY0hJDErlLWUd/KRHn
RD4w6mia4hVGe0bB4kGSJNORGFreoiLbNslW9lYtZn3T7GsYuVGafGAb7AMmNbCOy6ayRJUVGX2F
pTHksN7msgyTtR5TD2b4oNHXKTZSHYh2IrPhAD+0dCfA2fkHBAxJGxIfjHALRlaWtcDAUG1Aa+um
LMWghaN1VE0bRcoaQVWfc0kNNv1VOW35/YyWb8uG9hOeIzTe1lvIsfRNIkBO3xNCRTL1jSGiopMr
+osSJXnMQxuDqjxXFNGAMyyXa0i6Vqux00w+Gts01kYY9SR+2bhxIYlLNexzRpXDjJaHW95OgRSq
VaB8ROkBdbLAkFhyjpMXJvtIDjvuoJuSp+SnGRkbd9UuCjDB+YLC+3FUH7PDVZqKChV2qFIElGab
LJElpo+nuqgSJ5KhagITUkmGYpucIqmnMrX4oi02ZXr7oq+l5hGG1WJXIfIpm+k9BZLyaOBZ1RCj
UgBF7a6OpS0FLCFDyTlOeqjQx84AVGTN2QuoBcGWnlJxx06W300ZnrGGhml4F4dg9lQryOjZ4p8R
/kPmNGV3V5GXJJ1e2zk7DiFQbXgSHcCcU04TQgE2rIaCQRmuH6KB9RyxS3s9ZP2pyNk9RjUsMXky
Z0jEd8t02RTb3UwR5xJIFO71Y8c6T/OZuh/Nbs6V15Xxe9HqE8vyRo0lJjxVMkHZLs2jl1otz5Cd
nszZUvVJeLGmDlxNWZUt0IhRwdfIAugExFbmCVUsOA/dAvHo7LxAPZ0kMX3VDSfWBUymRFmx86vv
iNISWEK2/bqi7/uRKrvh5ORi3sSabVXPsNchUdufH4qU9p3I1yP6xBydFWrZhIlyFMXBnFGW2vCS
viS4BdlUqDvQBn0/EcLUlGgBpd0S0RuUBERdCsSQojmF81KqVJYS0LZSNoqcCLmQoEKdmk2dXlCR
dPry8vhbqI+onqpTsiEM2DVGStoylUVCjMaovkIY9ucbHZ+dr4fCr9eHzaTtr0zHyZoqWTcQrug5
U3P5Uq4+oDenZSaTt/IIHZFJqiW2k02WlbRC0czVRDMbpyiOy8us5LdNtoBLPAGBz2jpuTeNB8Lo
NIIs2tTizU9ZnMoFAZLUV+ydn92j5xfs5Sn7+t13L0+f4AcFgw3QAO3vQG2oGDyQD86Bc7giVPKR
5Qd4Q9bpLgVvf/ftqwa/mt/1IF/RYPSRRlo/QfWqUoR4y5qlJJVG74G+GZ5IeJpFEQ0Lz+JoN7uv
47BTCMlzNlzFuaJlGOlq8lOdUgYU6ZVf1aVaDgogiFQyzKo+M9nnkKkNVxxGphAVHtUomAN5um7n
KCl2S8apeNq0uo3F3axN0B9aOZPCPd5mNUaPSOY6FUxAZI1oMbdjdKSlEFA/XlNyhs5vKFX3OhPj
qZBTb19IZL6I0PfpO3XkSpvGzsi0EDxM+pJ9HKhlH2Ig42NSgZeAshYTkE8/RKX2YTJ5AZhCxhtz
B2KbzvjbUmOOVnh8OpaK31GMQ5kzkB8OOgWDK2u/L4U1JlFoIUKZOummTW201KSMgweBSATNFKR5
06hJfAND4DyZIlHCgfU1ffFKxjEYgrONxNYLcuD9ZSVTMhE7Q2k0pM060UjWXp6WPb4wTKPmJTYm
N1hbNtWSU1PmUJ+BkgDfjBnsCyATz7y2iuyWtVpdzh8qUwWvOx7TbBaSCUz1pBXlWV4njduoG8z3
1EalDdPAAWkahFzSSJhxMXJBSaAmGAhRC3mHqtTBdUeaXEuwrBSUZeFXFtsIHXZBDz1zhh+IHYHa
wDAEq5MHvZwO8WAmD1e1LTegt0NJyjzfbvN5nBHFEOp2W5wcgitXuM4alB3pmKbUc9Y9JxYozPH1
uhBrtaSo1h/lMgt+6PNmzB/RB7Hm4vTiEOQxU0lB1gcYvu6EnIFwcPI7GrEkwjsGCDbv7Q5Anm4l
X+d4hkkq54FQQaHyuTImqITwhAHlsl6+OcFFfNFfy5tCcsg3HNxCYGQvkIamLoWMEYkC5h4zjIsp
JkP5tMldMnPwwdqgOvXRS7Y11OBQ21BsbUKYQkhals+bMR5oVfLVV2sVb7sMorIxIsX2aPWYMFCL
GMZxQFr0VJ2aBe55N4B60h+hkdzH871KJlKT0gN6a0kKB6CvlDybVaONAsoQV7QzCRUdcBEeJmsh
lUFx1CLCzfS6kFszGG2apRQZeQGfik5NvuV4vFDN06C05nhYSt1hAQQ0Kl0dNkqTz8BGcU3vkP1A
lQsUrVNa5PsRkcrE3Cbv/pYRsYGVdEEBHpdRmo9u0vrIh/IoxWeaPpY0Y6DpN76EnidCFQF98uW4
BJeG/kUp0A0szZK37YjAkzxPfI0UyffkqQXOOwQus32jznFMbe+e3uiamvdhXFRTisDfqLJPbrz0
VzCkR2PWAzmrBUZeKxNMQHPBjsnPI9dFE4SbaVvRbtlQhAE8kJsC2jsrG6HNmu0esAdZ43/xjEIL
DUXtB0ioSFaQ6x5kRsVmrwrMcvWJZAh0pZrxBjf05hbN7iDS+THMVnayqqN2yC99+TiRaUP6jeSS
8EOZVLSxGTdtxxrG3c1lp+8T2uKkPb4VlDBAWc2eCZ8ZFtOMQ8s5NF329uW3zNAMAxs0+3BPBYRb
uN9mVfj0si5uY6gCECAHnKHzPdU93TRGwFuHwCaC1WwhzgEI1g6Qu01ciRluwT3VCD1Mp1Tx9tQm
yJrjYkIo5HO5OdjCoN5FKC7f4jZPc5/f5gp/GOP8Cgx695QIa+2zTXdPiUsqjbHifvo8A0stumpZ
hL0WuDH/9PTs2fF3r656DNEuoRqRcgU6rrof1LJPXQT16nVqMvnl/wFTGnf0
===END CRASH DUMP===
