PocketMine-MP Crash Dump Thu Feb 17 12:15:54 WIB 2022

Error: Too few arguments to function pocketmine\entity\projectile\Projectile::__construct(), 1 passed in C:\Users\tranthien\Desktop\FoxCraft\plugins\FishingRod\src\hachkingtohach1\FishingRod\FishingRod.php on line 55 and at least 2 expected
File: pmsrc/src/entity/projectile/Projectile
Line: 60
Type: ArgumentCountError

A PLUGIN WAS INVOLVED IN THIS CRASH
BAD PLUGIN: FishingRod

Code:
[51] 
[52] abstract class Projectile extends Entity{
[53] 
[54] 	/** @var float */
[55] 	protected $damage = 0.0;
[56] 
[57] 	/** @var Block|null */
[58] 	protected $blockHit;
[59] 
[60] 	public function __construct(Location $location, ?Entity $shootingEntity, ?CompoundTag $nbt = null){
[61] 		parent::__construct($location, $nbt);
[62] 		if($shootingEntity !== null){
[63] 			$this->setOwningEntity($shootingEntity);
[64] 		}
[65] 	}
[66] 
[67] 	public function attack(EntityDamageEvent $source) : void{
[68] 		if($source->getCause() === EntityDamageEvent::CAUSE_VOID){
[69] 			parent::attack($source);
[70] 		}

Backtrace:
#0 plugins/FishingRod/src/hachkingtohach1/FishingRod/FishingRod(55): pocketmine\entity\projectile\Projectile->__construct(object pocketmine\entity\Location#134712)
#1 pmsrc/src/event/RegisteredListener(75): hachkingtohach1\FishingRod\FishingRod->onPlayerItemUse(object pocketmine\event\player\PlayerItemUseEvent#134663)
#2 pmsrc/src/event/Event(62): pocketmine\event\RegisteredListener->callEvent(object pocketmine\event\player\PlayerItemUseEvent#134663)
#3 pmsrc/src/player/Player(1432): pocketmine\event\Event->call()
#4 pmsrc/src/network/mcpe/handler/InGamePacketHandler(464): pocketmine\player\Player->useHeldItem()
#5 pmsrc/src/network/mcpe/handler/InGamePacketHandler(305): pocketmine\network\mcpe\handler\InGamePacketHandler->handleUseItemTransaction(object pocketmine\network\mcpe\protocol\types\inventory\UseItemTransactionData#134667)
#6 plugins/VanillaX-4.0/src/CLADevs/VanillaX/network/InGamePacketHandlerX(223): pocketmine\network\mcpe\handler\InGamePacketHandler->handleInventoryTransaction(object pocketmine\network\mcpe\protocol\InventoryTransactionPacket#134697)
#7 pmsrc/vendor/pocketmine/bedrock-protocol/src/InventoryTransactionPacket(105): CLADevs\VanillaX\network\InGamePacketHandlerX->handleInventoryTransaction(object pocketmine\network\mcpe\protocol\InventoryTransactionPacket#134697)
#8 pmsrc/src/network/mcpe/NetworkSession(395): pocketmine\network\mcpe\protocol\InventoryTransactionPacket->handle(object CLADevs\VanillaX\network\InGamePacketHandlerX#133488)
#9 pmsrc/src/network/mcpe/NetworkSession(358): pocketmine\network\mcpe\NetworkSession->handleDataPacket(object pocketmine\network\mcpe\protocol\InventoryTransactionPacket#134697, string[54] ..............................`+Cr=.B.&.C.............)
#10 pmsrc/src/network/mcpe/raklib/RakLibInterface(192): pocketmine\network\mcpe\NetworkSession->handleEncoded(string[97] 3.c`f.e`......\.p.4A................[....pV..`..v.........Q 73/5.(1... '.2....Y.)
#11 pmsrc/vendor/pocketmine/raklib-ipc/src/RakLibToUserThreadMessageReceiver(42): pocketmine\network\mcpe\raklib\RakLibInterface->onPacketReceive(integer 0, string[106] ....O.....9.[Gl.K..`4..4F>;b....t..;...:Z.*.s6....I.;..{b.h...7...+..]..Z`{m....)
#12 pmsrc/src/network/mcpe/raklib/RakLibInterface(122): raklib\server\ipc\RakLibToUserThreadMessageReceiver->handle(object pocketmine\network\mcpe\raklib\RakLibInterface#26927)
#13 pmsrc/vendor/pocketmine/snooze/src/SleeperHandler(123): pocketmine\network\mcpe\raklib\RakLibInterface->pocketmine\network\mcpe\raklib\{closure}()
#14 pmsrc/vendor/pocketmine/snooze/src/SleeperHandler(82): pocketmine\snooze\SleeperHandler->processNotifications()
#15 pmsrc/src/Server(1660): pocketmine\snooze\SleeperHandler->sleepUntil(double 1645074954.5934)
#16 pmsrc/src/Server(1046): pocketmine\Server->tickProcessor()
#17 pmsrc/src/PocketMine(304): pocketmine\Server->__construct(object BaseClassLoader#2, object pocketmine\utils\MainLogger#3, string[36] C:\Users\tranthien\Desktop\FoxCraft\, string[44] C:\Users\tranthien\Desktop\FoxCraft\plugins\)
#18 pmsrc/src/PocketMine(327): pocketmine\server()
#19 pmsrc(11): require(string[80] phar://C:/Users/tranthien/Desktop/FoxCraft/PocketMine-MP.phar/src/PocketMine.php)

PocketMine-MP version: 4.2.0 [Protocol 486]
Git commit: 44818e6d1456dcf1f0fd3cd27da1dfecbe03c08b
uname -a: Windows NT tranthien4-8sin 10.0 build 17763 (Windows Server 2016) AMD64
PHP Version: 8.0.13
Zend version: 4.0.13
OS: WINNT, win
Composer libraries: 
- adhocore/json-comment 1.1.2@fc2f76979f0a44a5f5bc2a2b600d0762fe0e78e7
- brick/math 0.9.3@ca57d18f028f84f777b2168cd1911b0dee2343ae
- daverandom/callback-validator unknown@unknown
- fgrosse/phpasn1 v2.4.0@eef488991d53e58e60c9554b09b1201ca5ba9296
- netresearch/jsonmapper v4.0.0@8bbc021a8edb2e4a7ea2f8ad4fa9ec9dce2fcb8d
- pocketmine/bedrock-data 1.6.0+bedrock-1.18.10@e98c511584a7bd58a95986374d2df4b04c6a2ba0
- pocketmine/bedrock-protocol 8.0.0+bedrock-1.18.10@017e57c8f8a74118bcbba7332e7ebac9e6c81693
- pocketmine/binaryutils 0.2.4@5ac7eea91afbad8dc498f5ce34ce6297d5e6ea9a
- pocketmine/callback-validator 1.0.3@64787469766bcaa7e5885242e85c23c25e8c55a2
- pocketmine/classloader 0.2.0@49ea303993efdfb39cd302e2156d50aa78209e78
- pocketmine/color 0.2.0@09be6ea6d76f2e33d6813c39d29c22c46c17e1d2
- pocketmine/errorhandler 0.6.0@dae214a04348b911e8219ebf125ff1c5589cc878
- pocketmine/locale-data 2.4.3@4d0b081f1a79407e087968ea76aaf330db6ea2b5
- pocketmine/log 0.4.0@e6c912c0f9055c81d23108ec2d179b96f404c043
- pocketmine/log-pthreads 0.4.0@61f709e8cf36bcc24e4efe02acded680a1ce23cd
- pocketmine/math 0.4.2@aacc3759a508a69dfa5bc4dfa770ab733c5c94bf
- pocketmine/nbt 0.3.2@3e0d9ef6b6c5fb45e3745a121296e75631b3eefe
- pocketmine/pocketmine-mp 4.2.0@44818e6d1456dcf1f0fd3cd27da1dfecbe03c08b
- pocketmine/raklib 0.14.3@4798576fec0364266dce23b368a7fec5e5de7927
- pocketmine/raklib-ipc 0.1.1@922a6444b0c6c7daaa5aa5a832107e1ec4738aed
- pocketmine/snooze 0.3.1@0ac8fc2a781c419a1f64ebca4d5835028f59e29b
- ramsey/collection 1.2.2@cccc74ee5e328031b15640b51056ee8d3bb66c0a
- ramsey/uuid 4.2.3@fc9bb7fb5388691fd7373cd44dcb4d63bbcf24df
- rhumsaa/uuid unknown@unknown
- symfony/polyfill-ctype v1.24.0@30885182c981ab175d4d034db0f6f469898070ab
- symfony/polyfill-php80 v1.24.0@57b712b08eddb97c762a8caa32c84e037892d2e9
- symfony/polyfill-php81 v1.24.0@5de4ba2d41b15f9bd0e19b2ab9674135813ec98f
- webmozart/assert 1.10.0@6964c76c7804814a842473e0c8fd15bab0f18e25
- webmozart/path-util 2.3.0@d939f7edc24c9a1bb9c0dee5cb05d8e859490725

Loaded plugins:
Alerts 1.0.0 by hachkingtohach1 for API(s) 4.0.0
AlwaysSpawn 2.2.5 by Philip Shilling for API(s) 4.0.0
AuctionHouse 2.0.0-BETA1 by Shock95x for API(s) 4.0.0
BlockGenerator 0.1.0_beta by BlockHorizons, Chris-Prime for API(s) 4.0.0, 3.0.0
BuilderTools 1.3.0-beta2 by CzechPMDevs, VixikHD for API(s) 4.0.0
CraftingTable 1.0.0 by hachkingtohach1 for API(s) 4.0.0
CropGrowth 2.0.1 by NhanAZ, kaidoMC, YTBJero for API(s) 4.0.0
CustomItemLoader 2.3.1 by alvin0319 for API(s) 4.0.0
DevTools 1.15.0 by PocketMine Team for API(s) 4.0.0
Dungeon 1.0.3 by hachkingtohach1 for API(s) 4.0.0
EconomyAPI 5.7.3-PM4 by onebone for API(s) 4.0.0
EconomyJob 2.0.6 by onebone for API(s) 4.0.0
EconomyLand 2.1.3 by onebone for API(s) 4.0.0
EnchantedUI 1.0 by ItsRealNise for API(s) 4.0.0
FCCore 1.10.1 by hachkingtohach1 for API(s) 4.0.0
FishingRod 1.0.1 by hachkingtohach1 for API(s) 4.0.0
FormAPI 1.4.0 by jojoe77777/DragonfireHD98 for API(s) 4.0.0
Gems 5.7.3-PM4 by onebone for API(s) 4.0.0
HealAndFeed 2.1.0 by Kylan1940 for API(s) 4.0.0
HealthTag 2.1.2 by Shelly7w7 for API(s) 4.0.0
InvCrashFix 0.0.1 by Muqsit for API(s) 4.0.0
InvSee 2.0.1 by BlockHorizons for API(s) 4.0.0
KeepInventory 1.0.0 by NhanAZ, KhoaGamingVN for API(s) 4.0.0
LaunchableTNT 1.0.1 by Vecnavium for API(s) 4.0.0
MaxEnchants 1.2.4 by Xenophilicy for API(s) 4.0.0
MultiWorld 1.7.0-beta3 by CzechPMDevs, VixikCZ, fuyutsuki, kaliiks for API(s) 4.0.0
MyItem 1.5.5 by hachkingtohach1 for API(s) 4.0.0
NPC 1.0.0 by hachkingtohach1 for API(s) 4.0.0
Napthe 0.0.2 by hachkingtohach1,tungstenvn for API(s) 4.0.0
Parties 2.0.1 by Didah (@Diduhless) for API(s) 4.0.0
PlayerStats 3.1.9_BETA by hachkingtohach1 for API(s) 4.0.0
PureChat 2.0.0 by Vecnavium, 64FF00 for API(s) 4.0.0
PureEntities 2.0.0 by LeinneSW for API(s) 4.0.0
PurePerms 1.4.5 by Vecnavium , 64FF00 & ProjectInfinity for API(s) 4.0.0
RedstoneCircuit 3.0.0 by tedo0627 for API(s) 4.0.0
Rewards 5.0 by Wertzui123 for API(s) 4.0.0
ScoreBoard 1.0 by hachkingtohach1 for API(s) 4.0.0
ShopGUI 1.0.0 by hachkingtohach1 for API(s) 4.0.0
SimpleHome 1.1.0 by CzechPMDevs, VixikCZ for API(s) 4.0.0
Spyglass 1.0.1 by ItsRealNise for API(s) 4.0.0
VanillaHopper 2.0.1 by ColinHDev for API(s) 4.0.0
VanillaX 3.0.0 by CLADevs for API(s) 4.0.0
WorldProtect 2.3.11 by aliuly for API(s) 4.0.0
_NewAlias 1.4.0 by Javier Leon9966 for API(s) 4.0.0
libEasyUI 1.0.2 by GiantQuartz for API(s) 4.0.0

----------------------REPORT THE DATA BELOW THIS LINE-----------------------

===BEGIN CRASH DUMP===
eNrtPYl21Ea2v1JjciYm4+7W3lLnwMPYBjwx4MEmMEnnMCWp1K1YLXW02G7y8u/v3lul1QYb8GTm
nAcnoaVabt19KZXE71tRlq94+e5c5EWcpVsza2erjFdia6Y7lq1NLc+2xrZnWJ63s1WtZZc5HbtT
y7BNz3UNx8auhBflQZ5n+dbs961ys4ZRW7v5olqJtNzLqlR17mytRFHwBXafZhmLxAXjaljBSmio
0qAERNg6C85EuYpTMZ9DZ1xu5vN1nv0qoDuBtuPmejZ79y7I0qLMq6Dcvr/DdLbmRSFCFqdsbzaf
vy6AuPm8zHlaLmORzuf7ojgrs/V8/iS73Mt5VALspFrEKQx7EhfLOF28ysL5vMiD+XzJg+UZtJQZ
Xun9Ee31eL1cM0A8AZSZbTOehoyXLBHAGWYwcbkGdEUILIiqJHkCiAMP1kuezyaTvdmEkJw0OE4U
ipMaw8kxMeQ5QB89Px7jxAmgN5G8mbSsmbScQZRwPbXWCsffNAfGIwVbM0cDTch5AJc/b93TmGLQ
pKWYYA240+1uL7dt+/7sE0Q6etgVaeZj87XTj7KAo7rc001rqhv3Aft7IP6W0nMYOXklFnFRilyE
R/ibinx7igjdUrKjh1l6nPCNyA9LsQJBXYsRroRqhOOAlu74A+xDFB3HJBSNKyjSkG3HGLJJQr1K
wOhhwJNEzvpSbMwONnLGRE7Y1i3zAxgREInENgGxOkBSUV5k+dlkFawFKEgaJgDyMH3KV+KYI6hn
sm3bcqwB+D7Go4dVIZ6JJETU5Tr256xjakP9U1Pnc5yLNk4D5/NrZo8eyl5gHaJxCiZacHJS13F+
ABj0u8yCLAH3A04R3EucIueyfEN+aQBwn5dcSmZKxDqN1f3I0zhJ+NuRNdaI9r2j3X1x3nY0zLiG
grfbhmF+OQMOa9Q/lwXXAZArEdGeJHqqJAxjwyyftJAnvghzuBvVEIkRHwa6rZPYFafm85pVHQyv
Y9afTK77IYV+IW9OIGDiyqZ3gw7fZuGatpqOT+UNIG5arkuIe7dF3HY/jnh/fI0i2oKS450yfYdB
WAHH/rNt/cLGH/3zr7/t5Q/Gj8d/He/12mWY0T5Ef87PktifvOJnR7F/mILfjiCMbuue8Tl8OEiD
LBThtsLam/7CzHHwr2gs/iWxmc/H67G1O0T+Z/xr/SNQMR6fN63/YFNzYo+3dbhm344NbPunIkj/
oOFJikbxWlIrKTvNMGc5XeaCh89lVvdKBCI+R8d+A6kSIAS2Po8o0pKwFKTtGLoWImdaIzZdc6Tc
XhJB3vjnp8n4ByDTGo+tJw+/97G1HI+/h5/ZT+PvxoWDLYfY8Ls/XsL1FP7/23j8y3j8079+X7US
NT5VogaSWdMCzDhHDwpcqgn7CIuGlvjpzLpnOJ4hfYhuflB0RZpl7wWRdJIIsRZ5HRT1m2LCB4V0
izm/B0lWVLn4Q0Zt3foMBN2hEsmh83l/HOADUQG4+yIr4yiWCWGh1u2mCyckoG3dcbRbAi7w/jXk
msl2mFV+IlivKjItuYhzzSKa5QwWkT2jh2UcnB1LjLNcoTntQGgTfchbrA8AuSY/fswLsQd1WHGU
8VDk94wddo1uVUAM+PvnPE6PsgWY1j2zMS0TLOvWBVMzy7J++YwyS9LtfoBu0OuBhCRb5SwVebZ1
Hc1P/FbFuaj9o6v9wr68qmqbsYa6v/XLHztb4mt5e7vy9jPLTWCxxPId5MhZci6QawAoTkOQb1Bu
1f3Q1uIFrRgfUS62Dj1wbxvwy/0Cq9eSBWgSrF0RUIUKKizYAaH1O04w1UQLfufl5Lvv2KNznrMo
yYDE7ybYZVMX5hlEJ/sm5CsQNHvAtLH2PY5wFJBpH8jjBET9vynU/AqSO4Tk44hncUlQPAnF0eQo
cDpx0KpNVxXq2pd9k6irHfY/kij2TbHMwBumC3kPHXvZag2KGp7yBfsm9UtAHHG6j/Q7Oi0Gy/Ec
eN7XuA50nHcfsXQMNSGOtgdLsb886EI21cB5+Q0oZwEuVZQvL9Jm+HC6BG+pWX/gjeQ8XSoWO9Nr
mcPLEnKHbQlon8RDZSpwI6vyQNxnM3aexSEh5nYpoO7Rw4Uo9zhUnNv32QOg4gqg2Wxv9/XJwbsf
Xx7uS/K8hryadQqJekkkZ6o15PzxdU/l657K1z2Vr3sqX/dUvu6pfN1T+bqn8nVP5eueytc9la97
Kv8f91Tqer7A4n0XlKOkq5SvaHtFNuxsNUcTtvQx1NrQwqtymeUFFlGDcgOB8nWMPRYNhnuRctCy
cGsGkhU7WyFoI5T/MAT6iiwq97sNK077C1eqGIlN/Yu7FqAQMPD45cnpm5evjvah6UL4RVwi7suy
XBfArQteBksoecrxhRB+shkH2WqCReBucsE3xcmaX6Q9ktvWLt0GxBS7T/fxMk7iNTuBnwTwvCu6
1wS2UFDnc04YFYgRFoZoAy3tJ6e7r05fH/coJ+IqyhCeZVBodKnrNvfJA4xHjw9Od/U+kSdLUBnP
vvwy6rYOwKyz1Wb3+HCrpbRQsIFGidcS8QIB97H8qJiRWNreeYrlIy/l9qAid9DRJVgbgya/80XJ
+/TSlGdZHr8HPwRde8s8LkbHOR66GbJgZ8v8EkH3lprP+8heFfVH6K/iBIaeZlnStd5ec9+GAe8R
0m70id97L4Ll8XNMnaHjx/gyPnu2f1d6HSDw9SqkvNyXuJWIG5Dex/RWdr2Iy2XlkzV30J70QAFv
yB2CHZ0iwh3m9Nv/SzxcD6nB7W34AmwB9sZJkG/GxaYUxRjSmEnIi6Wf8TycSIZk66d5dlEue9xo
GodeYeAPXkB6t/sTtJ3xOMye78HVP08f/13k2V1xRa6A1Nc4ybD+GYqhkEWqq6LMVrgtocyqQ/uw
q88Bc8gBnpzHqWbq3l0R3AAEmge4XG25jT8AQxj6gqapr+m6PVT1NkNgp4Kv7orGen1Mns4Hdn5d
DLtGmC1mkwYGElulC5F1Q3jdMjRq8z9j1Aqd5uKuDLkTUlvaO41d8m2oDc3R8XOrz4IsFT78f1ek
K3DzuZBYAMz5vIfRjaqrRv89868ShY1D7+R8OUGD3OS2xP2a+Q1xErPbEncEZdhV6qi1T54+VNk/
kbwE0GnoU7jdTGAagMctRfi6p5Od1oFN9sk7LItXgicv4uLOVLIDEqhpEbldSEGanuztZXk3c1AN
A0d6JVD+We5FolP/3pVz6Tzc7VDefeLb963/KeKvfbB1Z0zI8lXfvdYtffKtoSL/mv2aiSn+mezn
fJGlEVTyz/Y9964Y0S6AmxCEU3NxG6V+Klbd7IBu/4PxAteXf98G+Wdg0Ltp+ESIrnJ2W4dudCCe
H9C76Z6l3RUhDcD5vIPG7X0MTiqXp3wxoEe2DakxhhW6SJLN9GJ6V9QUNUBJDSFxe1oO03OoW4rl
k/iyQ023tV+GX/Edz6vfANxdEbMiaPR8MkAEovjyU0prwPtEiD4h2HBDldTfRbgjUgb7BRKTTyHm
ByHWzXOkDk399htq4aYA/GGZ8ad8BS73xxd3Xfv1MLqD8u+IVxj7AZ/TF6cdyvvtNwS1H0WQ8vO4
urOiqAEIQuwiMri9jWif80uV3XT9ere1T5wxHrj2tyLNaOcx2NwVeR2QKMIGld7NrYirkjJ+k+VJ
1993GvukTdXelnnj3tbeT/Qm2KYqi+ospj2NJI7Pin/LjtcK8b1AfIH+Lu5fstvVAYR82uA+QZdH
sqHPH3u4j/1nJWsSm/r3rpK0F8d7HYrx7r9kMw9Q+TTP9cEnFS/4ulx2g5BqGAZS46OE7pRVusBT
Vufpv49mQqz+vY1tH/O8jEXXadUtN4TY/TjkS7b9CH6rZSKK4v5dURXWEOfztcRlPm+R+lRzbfAj
aun410nJe26629ql2oRkz3uHD2X+Mxrcwat388UKfVzlYm/Jyy4P6qYrT6U+FITxjOqTJ9qnJfG0
zrHIV8XVzZCtJ/JYTXGcZwD9LXierCqOD0Z1e+fR1Tu5NrBF4d1e3UrrYSwdbR2ofrf5BkYciThN
xcmbu5J+QvBA5QEHoXCQRHUw+rQd2xrFSQ+KIl8KoU+7bBsW1/YHNIDtMCkF9tf6bPkhVNppXN5Z
CtMTM2HXubyNoF+JsCihxt2L86CKuwo/7Okb/hVxlyLMNMe4syKvhjef5wqRQCKCp3KHmN2CzAuI
x0WPPNnS31UYEPVG5OX7KtYN867IaiEiHYTCZ5cPLayJAkXO6yTIcvEY848OuZ3Gj25x/lmuu8Wn
e/3Fjvtkma2f9jZ365b/kqRLodNc3FWWeRKv1ol4lq26aVincbAbPCT/+uLj31FmFITTEnACHnTx
+5Iy42TFk+RYHdnuQEXGrDcLPJzVZUvddEM9/e/e7q/xuP3elTot/Cxbr3uPiPvtNySme1kSp8+A
b3dFVAOwOc4sERncfo6MG1Rb4t9epfvtTcFJHbe+M4Kvnt7uYHKjFKkePpbvdnWI6TVfecZ/5SF/
XCWbu3vCj9Dmcyr/1VtnQ628ZU71vIrzKBZJ2DlrOqrfpighdZusOL5SM+mRC1x590Jc7CYx71pq
23bDA42/Q8IlcnYkstTzHOeu+CLB1lDxZB/gon4+Q5374CYSzB/4dqN/wItNL261bUMvNaiin8Y8
Lf9RQf33/q7IlgvP5w0CN6g0vpXJc8Ab5Do4pFGf7iRU8KXKggoVoFM+tdxy0UHhVpgfrDie+Wlb
Ap4AajC325at3oVZCQGw16pet20bqjzp3oe87PVHcVKKHuDFat29XUJ07d7HQZaedxt+LUggzf3K
lwdhe21ZXjaH+VBsRcmRoLA7aB30+fBKRImgeq7bWhBHi35TiGVmp+Xk+Ki3/Kb4LcFH+fUVa7rK
7Eyk8fs+Cy4vFdWILvqbDV8l6mgp3r6P1zJ78KjkeQ8q2p0Ot5erPtczRM/QNFPXDQ8ajvdf9kgP
s3eE2rARmuK+wDLQ0qLoDZRx/u3zHs0DDOAW3wEY0LlKLvJ4IP91SW8LIIfrw5PHy4HuLav0jM5x
G8QkefIqXvhxyvF5BUQegw58JOIcHKCvBiEoSN3WZaYaDMmsEAQt1VJTCVnrMd+1a3X68a3pOI2y
nt6GV0Qe97SEWGl2m3IB5oF2uKikLtbwfwJzYy+PA0hVO8xH616u1bq4Ih0BTbqlcdfc0ZR5Idqv
xQE/DQJPZyq3ZoZmm8C24h0khFuziCcF+KX6RaKtmeU6sAaWoluW5equcELdsp0wiPRIi0IzCI1p
yPUwEoEvNDPQXDzbUtVBNE7D7KJgL05Zc/rcGrlFnDIdpMoIB6ZPp47JtuvB8nA/MzTduc92n+87
+OwBv4vWYdp7QZZkNfqyXL/LUDhvDl/QIxC6uaCIGeB71IXI34GUc56rPRQeLjOsdCboOkYwRr27
jum48SgKjGjqeFMv0rhlcTuy/cDghu9oWqhNHSMSmpi6Yop8zOPgbKK8pTb2xuajgNvTUHcjzXAj
14qm06lv6I4bhLqn674WCmGYlskFuUKgFdwQxCN8i9TnwdnoHBKAUJ5NBk6epdlF+kj9otot8qwo
xARI5kWK74GfGxiCHwkRWa7reXpom8IGSWmBZ9uWr3m+DswEpHzuGR6aBDjsXBSC58GS6F9xmcJu
nZO1PXJ9P9AMnbsi9A1h8angRuTy0Iq4JwIvDIQRBb4b9qykeTERcOfESWes/a1uBL66Yx2w9NzA
1nXbBah+aLvcsz3XMadWaIQRIGsFDvCZa9eDbhWTdOEqeE2fCnsaAN/51NJ11w98n09N0xBTAcz1
hBO4uuOZA/DkM1oDB4Y+snkwFYJ7Oo98HrphYHluZAfCtALhGN40tIUD3bwP6Voh0nHCR441daf4
7p3j+AEHntquaxuWIVw7MMzAsAVwxqZD1l2AWJMk6hQqoaY9sjzBTc30PFNEYeSbXhCamiEMHQzT
1gC0a2ge6OcAUpZkLQzQCsTfCadOZAjTDB1XNwPTCw0vMIzAcgLgpB4OsKEvaqi3ZAkUiPhRyGFp
i2uWabk+aLhwDd0TfqQbdhTpQJPrBYE7RAc/UpCIWllQhc1HVqj5mqtHOp96ljYVmjv1HFfwqcN5
ZJpa6APKhm8PIS0IFzICJ/B0I9AiT7NtEHVomLrmisAI9anne05kgYYBplcgjDohR4Jy9GgKbHSD
yASBBYYlLAF2b/AgFMAtjetgBuAA+6AaRwB+9hHnQWBObY/bmssdL4zABgMLfqZTjfugloEdeJYf
9UGkflnHpkem0EJPRI7vBHbkW7YAS7G5bkAEd8TUdkzdN8HwRR9CJ9mnRMqSanN7B37lrUcZl0hG
U8+1QWlEoJmOZTgOegPTNx2wOGi0hR2KqWdMr4OC707WGc0jzzC4Y1lg84ETAA6c2/ifaxo6iF4X
gTU1XS4G/JUvqdUR/5HGwdbBNU9dPbB0j+uRYwkwLwtci2mjA7Y9YXhIE6TEhdigGbQZHT7aNh4F
8GdqCQHcNVxIj3wwJEvzbV2zHSHc0PR9xwk03gKpqjhUfDUhWHi+P41823Rdx9OjcGpOga+WFQa+
FTowO4gMkDpOX1argvN6/lXvXmxWUZZuQILJBhKMZFQn0+eAKmqlqYHX0F0j8Fyd+/rUDsFoTCv0
tQiU2/Fcz9VQua6DBSHD1Tqw7Kk/1Q2wOBGGvjcNILBxF1yTaQSuBcowdT0jNIT3IVh6F1YoLJ8b
oYXcizw/1ITu+QYHmwNHbNrgXSByuJEsVlbZeyiRJvhVnLysj0SCyXmOBVgEU1cDXbW4axmgBEID
GYc6hC8gEjTYsHtA1mBxI/TdqjgHh+SZXjQVIdhsACrh+16AQdcOfM0OXfC3nuVpUwBDtVKjW+MN
pav3GJbaLMBzeIsql19swWSPRVnOetnVPL3HTpcQSVkhSnz3omA8F6xcCpalooALXrKAp2lWMl+w
OA2SKpTfAZKv8o0hoEHkpacnAOskW8HMCAEMYRY8Ejssg568QJDMB291xjZZlStYLI7YCqoQqPdx
BUhu8Bs8yQYBQ+XegJtAqsurpCzYRZZ+WzKM/TxnUMRm4LxijGAbxBC//iLpvliKlFXrRc5DADCe
p/O0Bjabp4zde7MUiBh+L6nArBVAqPciC0r8CkytQ9lNqErnz4CfiSiJX7inGggmYwu2rBAycDwQ
o4RjcrwQM0b5KXYUy6qEbDEdqc83zdh8SyWO80rTdR3+1oTJzpbzShdhFDfNcOelC5bgFdfjv8y3
iITdJMkuWBIXSFb9wQl2HnP2j0rkGxzzG17UuyczhiU8TT2gol7Noc8sYWLJQLTAPYTmb5jiOY6X
ewCjprtD1b03YFqgOiAAHoYMcjQpJ+Q/vjDLVoLj+8SYqzKQji8QaeCi+K3iCfJ3EZ/DWEg+KsG2
1aKQSt9H6HJFMcrFGkrhEcgH33ydQTet/aJa+cA+UL/dYpMGp7w4Y/hSMyjcmAa8xk9YoQ3UlOKw
ZZ6lWQVihuHFDqM9KyaLEvkJIky/c/kyP/EGDBfbVlWqXlKWwE9ID4AmUMc8u4xBFQWwAUgiFU8b
5JC3CqHDCJUax6Dy7rC4/BbYV+Y0LRS4l0W6NZjMtoGGCgzMILYQGSNF6YxADZWak3LkVYqfQUJV
Bb6vSQhUwRRjti/O1TVbxYslWD0eH9zpWqlSHORInlfrUrZKhiFjVoCboouEC9ZLVUkoLYfjh5AA
7esxQB1BnYPSIAbtGncUDQaP5KBG0+bpSsByG2m9T5PMB+3B/Scm28EOVnGJTmAlFtynpxzsRLJa
I+bGBb10htNPUWoXMXGeNAqs+2IkAdVKVhCFeK4ZLhh9PYc+rpYLUS8plRykVaE9s0UGgsrQnlEr
cKEFoTki1GZMQypgdfLVMnX7r6cAN/Q+hv+S5+GX4V+U2ZpQUH62QUmBKxi4D/kxugYhXLXGStcM
SyFGTuANWYXCr/j2DjAkuyCU0GOwoMrxK1xg6eJSBBU530yiLC0So1ozWlwGQoRFS5F0XC9PD2bs
9NnhCTs6fH54ynaPj48OD07Y8cEr9ublqx8OXu0wGMROX8KoA/bm2cujA3b86uXewcnJeOgCevww
bEex41jkcUaRGx0xfRowWApyycSNxtnqwHvIHULyLTRkBK5QSDdLoPayFOgEBw3ahPR+SNmkkl0s
MQTjd/zABclhBFkCAdfbOnIZkWiNlxhDMCGgCeOro1EX1G40iG0tAswbJGcRXSlXObehAdRLrIuW
VFNTtBb3r0dJUW4qyhc898EyRm0KTg7oeu6SqSE6ahZTs8B3r3haUZbSxQQyuAp08P5OHROGSlir
oQyvEdQqpaR31ZrgmL2UPl8qPKQZWZWEDS4xBJGLlLX4FxLwmtAHQh1NU7TCak/IWVwJkqQ6EkJD
W5RnqzrYytlqxKirml0JIzVKkld0g12jUj3tOKkzSxRZntGnA2pFDqvVWqZhMtdjqmOEHbW89nGQ
mkC4E5o1BXAHYR6MnV/DYAjaEPhghXNQsqKoBDqGcglSW9RpKTotXK3FaqcWpMwRVPY5ltjg0A/y
acUvR7R9W9S47/E1tsaragUxFsJrjsBLnkL6CYJk8uNrEouWr2gvipVkMVd1DLLytcKIFhxhulxB
0LUaie1nsmuo05gbodeT8OXg2oQkLDWwSxllDiPaHm5o2wdUKFeB9BG5B9jJBENCWdNXhZicIyls
qYNpip+SnnplHNxmu8jABOsFBffjoD6mh/NUfTVnpkIEpGbLLJEppo9nSigTJ5QhawIVUkGGfJss
kVSvDC2+aJJNGd7udaVUd6FbzTclAt9hI70jQBIeLTwqa2RUCCCv3eax9EgBU8hQUo5FDyX6OBka
FVpj9gxyQdClB5Tcsb3j1zsMD3fCwDS8iENQe8oVpPds4I8I/ow5ddrdZuQFcaczdsx2Q3BUS55E
E6g5ZZkQCtBhtRQsynD/EBWsY4ht2OsA65YiB5fo1TDF5MmYIRKvj9PjOtluK0WsJRApPPKEE6t1
uh6p+0F181xZXRG/F408MS2vxVhgwFMpE6TtUj06odXyDDnp/pgdqzkJzxc0gauSVekCrRjlfIEk
gEyAbcU6oYwF61A8o4LGznOU014S0wd/sbDGT+mIomTPT18TpgWQhGT7VcmwkCdRtsvJ4mJc+5pV
WY1w1oyw7daHIqXnTmTrEcMdhAC/2NCQCYVyFMXBmFGUWnJMAli8WuMncfH7wyKnf/kH3NQO4QJC
Oyekl8gJ8LrkiCFEc3LnhRSpTCVgbKl0FCkRciNBuTpVTe2/pCRp//Bk9zHkR5RPVSnpEDrsCj0l
PTKVSUKMyqi++xt2642WztbWQ+FXi1ldtD1kOhZrKmVdgruifqZq+ULuPqA1p0Umg7eyCB2BSawl
tL1llhW0Q1HXaqKuxsmL4/YyK/h5HS3gEg9A0Gc1sa9TxgNi9FReJm1q8+bXLE7lhgBx6lv21s8u
0fJzdrjPtt++Pty/D3IHswccYPwFiA0Fg2eBwTiwhstDxR+ZfoA1ZK3sUrD2t4+Paviqvuu0fEuL
4fM0ShxIvCoVIdqyeitJhdFLwG+EBxIeZFFEy0JfHG1Gl1UctgIhfo76uzintA0jTU3+I1OSB+Tp
lV1VhdoOCsCJlNLNqjkjOWfG1ANXXEaGEOUe1SoYA3m6aGqUFKclw1C8U486j8XFqAnQ1+2cSebu
rvCr3lTkU7iXzgRYVrMWYzt6R9oKAfHjNQVnmPyKQnVnMhGeCll6+0IC80WEtk8fVyJTWtZ6RqqF
zf2gL8nHhRrywQcyPkRVfboNVhMQT6/DUrseTZ7jF6IZr9UdkK0n42+DjTnY4aEPWKOdFXEoYwbS
w0GmoHBF5Xe5sMAgCiNEKEMn3TShjbaalHLwIBCJoEpBqjetmsRnsATWyeSJEg6kL+hLLdKPwRKc
LSW0jpMD6y9KGZIJ2RFyo0Zt1LJGkna4X3ToQjeNkpfQmHzA2pCptpzqNIfm9IQE8EbMYPcATTwQ
2Aiy3dZqZDm+KkzlvC54TNUsBBMo9aQWrbN1ldRmo24w3tMYFTZMAxekMgippJUw4qLngpRAFRjY
ojbyZirVwX1HKq5ls8wUlGbhp8EaDx22Tg8tc4Rf1hw0NY6h36xOHnRiOviDkTxb1YxcgtxmEpXx
erVaj+OMMAZXt1lhcQimXOI+a1C0qGOYUv2s7ScSyM3xxSIXC7WlqPYf5TYLfp37bEgf4Qe+5uX+
S/w23kgFBZkfoPu6ELIC4WDkF7RiQYi3BFDbuPN0AOJ0w/lqjWeYpHCuMBUEKvuVMkEmhCcMKJZ1
4s0ebuKL7l7eDgSH9ZKDWQj07DniUOelEDEikUPtMUK/mGIwlL117JKRg/f2BtWpj06wrSAHh9yG
fGvtwhRAkrLsr9e4IlVJV1esZbxqI4iKxggUx6PWY8BAKaIbxwVp01NNqje4x+0Cqqe7Qs25j8d7
FUykJKUFdPaSFAwAXyp+1rtGS9UoXVzeVBLKO+AmPBRrIaVBcdQAwofpVS4fzaC3qbdSpOcFeMo7
1fGW4+lCVadBas3xsJS6wwQIcFSymtVCk32go7inN2M/U+YCSesObfL9gkBlYG6Cd/eREZGBmXRO
Dh63UepvxdH+yHVxVP4LEVg+FlQxUPmNr4yuE6GSgC76cl1ql5cAEc3A0mRMbVecsSdHu6eyEUsN
gTtr36ujGzu2d0kvkOyYl2GclzvkdL9XmZ581tLdtJBGjIEOWKv2FPGfAJCbgiCsYMPkJ0GrvPa7
daWWN09pyKkAHAhHAT0uK2o+jeonPKACMq2/94S8CS1F43tAKC9WLe86LSPKLzuJXyZzf3EJvq1Q
RW5wRm+KUEEHzs2PE/wHGSiRo3FIL6ACJZiMFNJUJJUEHzKjvHHH+Jx2KFR8oHnciniPnmrSY705
ZC33nuQx2xcBMyxmGDPTntkae3P4mBmaoeOA+tHbAwEeFu5XWRk+kO8l5/gUkL7Disb2QPd0CF39
xnOHmk1sVtVBvIZG0G5ouVjGpRjhIzfMVQk6FFAqXXtga9iy4Lh9EIoHdCcfBzZtahZu2OKDnfp+
fb5WK4QxVlSgwpsHhFqjkU2Ae0BEUjKMOXZLWp0gi7AzBJ/FP9g/eLL7+ui0QxM9GFRLUnhAW1X3
vfT1gYtNnRSdhmz98X/uVLr8
===END CRASH DUMP===
