PocketMine-MP Crash Dump Thu Feb 24 01:10:48 WIB 2022

Error: Call to a member function getSpawn() on null
File: plugins/SkyBlocksPM/src/Vecnavium/SkyBlocksPM/commands/subcommands/TpSubCommand
Line: 31
Type: Error

THIS CRASH WAS CAUSED BY A PLUGIN
BAD PLUGIN: SkyBlocksPM

Code:
[22]     {
[23]         if (!$sender instanceof Player)
[24]             return;
[25]         $skyblock = SkyBlocksPM::getInstance()->getPlayerManager()->getPlayer($sender)->getSkyblock();
[26]         if ($skyblock == '')
[27]         {
[28]             $sender->sendMessage(SkyBlocksPM::getInstance()->getMessages()->getMessage('no-sb-go'));
[29]             return;
[30]         }
[31]         $spawn = SkyBlocksPM::getInstance()->getSkyBlockManager()->getSkyBlockByUuid($skyblock)->getSpawn();
[32]         $sender->teleport(Position::fromObject($spawn->up(), SkyBlocksPM::getInstance()->getServer()->getWorldManager()->getWorldByName(SkyBlocksPM::getInstance()->getSkyBlockManager()->getSkyBlockByUuid($skyblock)->getWorld())));
[33]     }
[34] }

Backtrace:
#0 plugins/SkyBlocksPM/src/Vecnavium/SkyBlocksPM/libs/CortexPE/Commando/BaseCommand(143): Vecnavium\SkyBlocksPM\commands\subcommands\TpSubCommand->onRun(object pocketmine\player\Player#107655, string[2] sb, array[0])
#1 pmsrc/src/command/SimpleCommandMap(220): Vecnavium\SkyBlocksPM\libs\CortexPE\Commando\BaseCommand->execute(object pocketmine\player\Player#107655, string[2] sb, array[0])
#2 pmsrc/src/Server(1408): pocketmine\command\SimpleCommandMap->dispatch(object pocketmine\player\Player#107655, string[5] sb tp)
#3 pmsrc/src/player/Player(1382): pocketmine\Server->dispatchCommand(object pocketmine\player\Player#107655, string[5] sb tp)
#4 pmsrc/src/network/mcpe/handler/InGamePacketHandler(751): pocketmine\player\Player->chat(string[6] /sb tp)
#5 pmsrc/vendor/pocketmine/bedrock-protocol/src/CommandRequestPacket(51): pocketmine\network\mcpe\handler\InGamePacketHandler->handleCommandRequest(object pocketmine\network\mcpe\protocol\CommandRequestPacket#136911)
#6 pmsrc/src/network/mcpe/NetworkSession(397): pocketmine\network\mcpe\protocol\CommandRequestPacket->handle(object CLADevs\VanillaX\network\InGamePacketHandlerX#136971)
#7 pmsrc/src/network/mcpe/NetworkSession(360): pocketmine\network\mcpe\NetworkSession->handleDataPacket(object pocketmine\network\mcpe\protocol\CommandRequestPacket#136911, string[27] M./sb tp..H...4g..Sb.N'....)
#8 pmsrc/src/network/mcpe/raklib/RakLibInterface(192): pocketmine\network\mcpe\NetworkSession->handleEncoded(string[65] ..e./NR()`..qX..$..ip..?......'02...I..../w...u....... q.F....H..)
#9 pmsrc/vendor/pocketmine/raklib-ipc/src/RakLibToUserThreadMessageReceiver(42): pocketmine\network\mcpe\raklib\RakLibInterface->onPacketReceive(integer 0, string[74] .G..c....2p..e...b....p.l~.....~uC9Y......N..d!F#.(..3.I....$5........w...)
#10 pmsrc/src/network/mcpe/raklib/RakLibInterface(122): raklib\server\ipc\RakLibToUserThreadMessageReceiver->handle(object pocketmine\network\mcpe\raklib\RakLibInterface#113359)
#11 pmsrc/vendor/pocketmine/snooze/src/SleeperHandler(123): pocketmine\network\mcpe\raklib\RakLibInterface->pocketmine\network\mcpe\raklib\{closure}()
#12 pmsrc/vendor/pocketmine/snooze/src/SleeperHandler(82): pocketmine\snooze\SleeperHandler->processNotifications()
#13 pmsrc/src/Server(1660): pocketmine\snooze\SleeperHandler->sleepUntil(double 1645639848.1645)
#14 pmsrc/src/Server(1046): pocketmine\Server->tickProcessor()
#15 pmsrc/src/PocketMine(304): pocketmine\Server->__construct(object BaseClassLoader#2, object pocketmine\utils\MainLogger#3, string[36] C:\Users\tranthien\Desktop\FoxCraft\, string[44] C:\Users\tranthien\Desktop\FoxCraft\plugins\)
#16 pmsrc/src/PocketMine(327): pocketmine\server()
#17 pmsrc(11): require(string[80] phar://C:/Users/tranthien/Desktop/FoxCraft/PocketMine-MP.phar/src/PocketMine.php)

PocketMine-MP version: 4.2.1 [Protocol 486]
Git commit: 6d6551253173a498128c750c38e719f19880ad49
uname -a: Windows NT tranthien4-8sin 10.0 build 17763 (Windows Server 2016) AMD64
PHP Version: 8.0.13
Zend version: 4.0.13
OS: WINNT, win
Composer libraries: 
- adhocore/json-comment 1.1.2@fc2f76979f0a44a5f5bc2a2b600d0762fe0e78e7
- brick/math 0.9.3@ca57d18f028f84f777b2168cd1911b0dee2343ae
- daverandom/callback-validator unknown@unknown
- fgrosse/phpasn1 v2.4.0@eef488991d53e58e60c9554b09b1201ca5ba9296
- netresearch/jsonmapper v4.0.0@8bbc021a8edb2e4a7ea2f8ad4fa9ec9dce2fcb8d
- pocketmine/bedrock-data 1.6.0+bedrock-1.18.10@e98c511584a7bd58a95986374d2df4b04c6a2ba0
- pocketmine/bedrock-protocol 8.0.0+bedrock-1.18.10@017e57c8f8a74118bcbba7332e7ebac9e6c81693
- pocketmine/binaryutils 0.2.4@5ac7eea91afbad8dc498f5ce34ce6297d5e6ea9a
- pocketmine/callback-validator 1.0.3@64787469766bcaa7e5885242e85c23c25e8c55a2
- pocketmine/classloader 0.2.0@49ea303993efdfb39cd302e2156d50aa78209e78
- pocketmine/color 0.2.0@09be6ea6d76f2e33d6813c39d29c22c46c17e1d2
- pocketmine/errorhandler 0.6.0@dae214a04348b911e8219ebf125ff1c5589cc878
- pocketmine/locale-data 2.4.3@4d0b081f1a79407e087968ea76aaf330db6ea2b5
- pocketmine/log 0.4.0@e6c912c0f9055c81d23108ec2d179b96f404c043
- pocketmine/log-pthreads 0.4.0@61f709e8cf36bcc24e4efe02acded680a1ce23cd
- pocketmine/math 0.4.2@aacc3759a508a69dfa5bc4dfa770ab733c5c94bf
- pocketmine/nbt 0.3.2@3e0d9ef6b6c5fb45e3745a121296e75631b3eefe
- pocketmine/pocketmine-mp 4.2.1@6d6551253173a498128c750c38e719f19880ad49
- pocketmine/raklib 0.14.3@4798576fec0364266dce23b368a7fec5e5de7927
- pocketmine/raklib-ipc 0.1.1@922a6444b0c6c7daaa5aa5a832107e1ec4738aed
- pocketmine/snooze 0.3.1@0ac8fc2a781c419a1f64ebca4d5835028f59e29b
- ramsey/collection 1.2.2@cccc74ee5e328031b15640b51056ee8d3bb66c0a
- ramsey/uuid 4.2.3@fc9bb7fb5388691fd7373cd44dcb4d63bbcf24df
- rhumsaa/uuid unknown@unknown
- symfony/polyfill-ctype v1.24.0@30885182c981ab175d4d034db0f6f469898070ab
- symfony/polyfill-php80 v1.24.0@57b712b08eddb97c762a8caa32c84e037892d2e9
- symfony/polyfill-php81 v1.24.0@5de4ba2d41b15f9bd0e19b2ab9674135813ec98f
- webmozart/assert 1.10.0@6964c76c7804814a842473e0c8fd15bab0f18e25
- webmozart/path-util 2.3.0@d939f7edc24c9a1bb9c0dee5cb05d8e859490725

Loaded plugins:
Alerts 1.0.0 by hachkingtohach1 for API(s) 4.0.0
AlwaysSpawn 2.2.5 by Philip Shilling for API(s) 4.0.0
AuctionHouse 2.0.0-BETA1 by Shock95x for API(s) 4.0.0
BlockGenerator 0.1.0_beta by BlockHorizons, Chris-Prime for API(s) 4.0.0, 3.0.0
BuilderTools 1.3.0-beta2 by CzechPMDevs, VixikHD for API(s) 4.0.0
CraftingTable 1.0.0 by hachkingtohach1 for API(s) 4.0.0
CropGrowth 2.0.1 by NhanAZ, kaidoMC, YTBJero for API(s) 4.0.0
CustomItemLoader 2.3.1 by alvin0319 for API(s) 4.0.0
DEVirion 1.2.5-ALPHA12 by poggit, SOFe for API(s) 4.0.0
DevTools 1.15.0 by PocketMine Team for API(s) 4.0.0
Dungeon 1.0.3 by hachkingtohach1 for API(s) 4.0.0
EconomyAPI 5.7.3-PM4 by onebone for API(s) 4.0.0
EconomyJob 2.0.6 by onebone for API(s) 4.0.0
EconomyLand 2.1.3 by onebone for API(s) 4.0.0
EnchantedUI 1.0 by ItsRealNise for API(s) 4.0.0
FCCore 1.10.1 by hachkingtohach1 for API(s) 4.0.0
FishingRod 1.0.1 by hachkingtohach1 for API(s) 4.0.0
FormAPI 1.4.0 by jojoe77777/DragonfireHD98 for API(s) 4.0.0
Gems 5.7.3-PM4 by onebone for API(s) 4.0.0
HealAndFeed 2.1.0 by Kylan1940 for API(s) 4.0.0
HealthTag 2.1.2 by Shelly7w7 for API(s) 4.0.0
InvCrashFix 0.0.1 by Muqsit for API(s) 4.0.0
InvSee 2.0.1 by BlockHorizons for API(s) 4.0.0
KeepInventory 1.0.0 by NhanAZ, KhoaGamingVN for API(s) 4.0.0
LaunchableTNT 1.0.1 by Vecnavium for API(s) 4.0.0
MaxEnchants 1.2.4 by Xenophilicy for API(s) 4.0.0
MultiWorld 1.7.0-beta3 by CzechPMDevs, VixikCZ, fuyutsuki, kaliiks for API(s) 4.0.0
MyItem 1.7 by hachkingtohach1 for API(s) 4.0.0
NPC 1.0.0 by hachkingtohach1 for API(s) 4.0.0
Napthe 0.0.2 by hachkingtohach1,tungstenvn for API(s) 4.0.0
Parties 2.0.1 by Didah (@Diduhless) for API(s) 4.0.0
PlayerStats 3.1.9_BETA by hachkingtohach1 for API(s) 4.0.0
PureChat 2.0.0 by Vecnavium, 64FF00 for API(s) 4.0.0
PureEntities 2.0.0 by LeinneSW for API(s) 4.0.0
PurePerms 1.4.5 by Vecnavium , 64FF00 & ProjectInfinity for API(s) 4.0.0
RedstoneCircuit 3.0.1 by tedo0627 for API(s) 4.0.0
Rewards 5.0 by Wertzui123 for API(s) 4.0.0
ScoreBoard 1.0 by hachkingtohach1 for API(s) 4.0.0
ShopGUI 1.0.0 by hachkingtohach1 for API(s) 4.0.0
SimpleHome 1.1.0 by CzechPMDevs, VixikCZ for API(s) 4.0.0
SizeUI 1.0 by fernanACM for API(s) 4.0.0
SkyBlocksPM 1.0.1 by Vecnavium for API(s) 4.0.0
Spyglass 1.0.1 by ItsRealNise for API(s) 4.0.0
StackStorage 1.3.0 by Ree-jp for API(s) 4.0.0
VanillaEnchant 1.0.0 by hachkingtohach1 for API(s) 4.0.0
VanillaHopper 2.0.1 by ColinHDev for API(s) 4.0.0
VanillaX 3.0.0 by CLADevs for API(s) 4.0.0
VoteReward 1.1.0 by  for API(s) 4.0.0
WorldProtect 2.3.11 by aliuly for API(s) 4.0.0
_NewAlias 1.4.0 by Javier Leon9966 for API(s) 4.0.0
libEasyUI 1.0.2 by GiantQuartz for API(s) 4.0.0

----------------------REPORT THE DATA BELOW THIS LINE-----------------------

===BEGIN CRASH DUMP===
eNrtfXtznEiy71eplTeupThqmmc3aMNzLUuyrV3L7mPJY5/dnvAtoOhmRAPDQ1J7Y85nv5lZBQ1I
tuRxz878YceMG4oi65dZ+SwK/O+dKCtWvPp4JYoyztKdA3t/p4pXYufAmNjOxPJc29XgcOKa+zt1
Li/ZU21iWq4z9aaOrk+M/Z2El9VJUWTFzsG/d6p1Dp125Pn+zkqUJV9gyxFPElZljLOVWPmiYFGd
BhUMyxaiOs/5dbq7x+AsrZMEbozg53mc0J0H8/m7EjDO51XB02oZi3Q+PxblZZXl8/nz7Oao4FE1
n+dJvYhT6HZ+uX6WZMFlOTubz8simM9/FEHKr+J6NbgYZKsVT0O4p6z9zclFfl77R/JUy5c5ApJg
1BjjDpUxjDBuB+hdaSiOO9THXeJAOIlTIGyBIIG7AA7/tfNIZ183ThL75fgoKypxMzsZK9rZ+Bkv
hTrZNWxr74B9gxxGP2Tp2zrdzfyfRVCxHG4V1QrAo+D5WhTz+Yx+Hxn6dOI4+6ysijhd/Mv8iZX+
PuNFwdf/0n/aA54fGSxfITv4vxpufB6v8qTBe8bzXdPUvwAZeZ7PG6bxSHI9n3fYHv0gbkRQV2I7
sM0O7HNRgOGAXHUXUHbpKoYA74Cj0Q9hXOa8CpZfD8dBOKzKCYfVwSFvG8u7dg3LNQdwJNDN2I1G
fBsEuwMhFdV1VlyOV0EuxkugnQCg0/QFX4kZR+ovZdvu1DEG4Pojjn4IlrzaVeNNfmLjzYCOGvBK
wCQX4w2RsS/CAs5GeZFVWZAlhElx+Vb8UouykjB2bw2vkM/nCH0+V9jn8zvAj36QV/uE75LigGgD
q1XRHqZHhjXxDINYnHxOpq/lyTl4U/CYu5Y3/TIfXx6y4aTBfvTq8FhcgTH9yNM4SfiHDr07BPGB
IE8l5OlDIU/0L0Pu928gHvOKq7nbkqA39j39iZ1pUsE07aWmafZC08597fVjONaIO/dz3BX8EvzP
+C2/fBX7p2kligh8967hmb+Fy5M0yEIRtnoPhqZpQhu/fru79/807ZcPmvZXTYsB5v/V6M9j3YS/
T/FwfA1/1bJZY79oz/H3pcLvfdZmJAOjOJfMSUYuMoyzF8tC8PBMRu63IhAx+jn7Hs4kwfl8IBKM
GlL+itJuDJcWEP/1diamNvD7QtMChG7myLqm+XiSa8n/EmP/Wx95/yN5fK1p4V+eP9J2Nc2SIvir
o9jXrpuJM/SvnTkT+WuYKMllzucgnoajL8hmaE9fL6VHhmFZjiehG5+dtDLNsk9CRp9EiFwUjWM1
TOs3Ts8D7vl3kGRlXYhfdyVA8zcAvBWVZFeITr1+gAdcOYj3dVbFURxwzBBLNa51R/Sd3PIrnyNc
4vm7tIqT3TCr/USwfpbryEHsOwbR7clnYmoVB5cziTgrFEynQ2FG95zBPbuWbn+GyMePATBZFXXQ
ejlKYSCxLl9lPIRIbO6zO5SrBmbAbZ/xOH2VLcCoHlmtUVkQPR+cObd32fZX3NXm25LvyWf4NofB
SlqXkpYKILsGhuYCHHZciMYRuvpPLF/y4mA8PjoYE6ZxC2msEI0bQJ1BR2czDW8cYMFUfm/np1/3
d8TW65XfuzwA0JL4xzi9ypIrsRJpBSOGIK+g2mmuQktnBGjGyIKMmiZcYvDn39BoWuoE/8QR2/3L
X0swZuASwFc8DUQWMZmS4SyZdqc7/ilEVRfp3/CS07n01/Jy7ePQ7AnroDg4AJGdKsK7e6Mf4FQS
P+MpSLvote0qKLLtXFHc3aPRJgPcnRGfsMePCey004eYdQfo1QDgEuBX+fLde/CqbmX/dPdxmo1K
f7TIHu9JgN5nJWXpnUu/YoPREx2q1P1yay73Jde0Plu/q+NwIxV1VWorgTB7Yyo5VCIRORRSu7Os
jFHHDw6iIlu9IY+zK6GNfqjz3b39e/Ep26aT91mRhH2k1PRs/RqSyt3fgVUiv7u3J2fDatScxI1K
/OvOr9/r7O919vc6+3ud/b3O/l5nf6+zv9fZ3+vs73X29zr796izm5q0xPrzEJSjoqOU43PEpmF/
p338uGNouqZDC6+rZVaUmKIvebC8BIxVhkcGEuV5jFds6gznIuWgZeHOAcys2N8JQRshqYYucK3M
ouq427DiVCMPyM7nEk3zi3U3KAR0nL05v3j/5u2rY2i6Fj6UR4h9WVV5CdK6xjyvXMaVdi2En6w1
SEnHWGIcJtd8XVLh1WN509rl29RMzenzPVvGSZyzc/hJAOe2+M6JbKmozuecEFGBN59LG9jwfn5x
+Pbi3azHOTFX00LIy6wuRZe7bnOfPUA8enZycWj0mTxfgsp4zs23cbdzAmadrdaHs9OdDaelog08
SlxLxAUT3Ef5xWlGZqkQeiFSUfBKLhkpdgcXugzrGmjyR19UvM8v3fIyK+JP4Ifg0tGyiMvRrMAH
60MRQMH6LRPdGwpKtR7Y21P9Bf7rOIGuF1mWdK2319y3YcA9Qt7NPvNHn0SwnJ1hBgwXfoxv4suX
x9vS6wCJ56uQ0mtfYqsQG7DeR/ogu17E1bL2yZo7sMc9UiAbcodgRxcIuCOcfvufxMP1QA1OHyIX
EAuIN06CYq2V60qUGqQx45CXSz/jRTiWAsnyF0V2XS170mgbh15h4A9eQ353+E9ou+RxmJ0dwdH/
XDz7uyiybUlFjoDcN5hkWP8NiqHAItd1WWWr00qslFl1eB9e6kvAGkqAJ1dxqluGty2GW4LA8wDL
7ZaH+IPjkx/jgvC3TLZNfU2HmDY6fDV7eWgMPEEOOVSMS9bnb56LrUU2IjqfXxGU+Rx1VR514N0T
2MDIh36uberzZjhDM95kP+xC8NW22GrGx8TwauDD7mLjDkXdIBu3NJDZOl2I/jyqlqHDsv4Yh6Xg
tAfbclKddGHDe6exy76jTTVrNDuz+yLIUuHD/9tiXZGbz4VEATTn8x6ie81S9f575t9mChuHnnfy
7QwN8q6HMvdz5rfMSWQPZe4VPhG7xd0r+Zysy54xVNn/IHsJrUj3sd3PYBpANKlE+K6nk53WgU32
2TutyreCJ6/jcmsq2SEJ3GyAPCxcIk/Pj46yopsVqYaBI72VBPyn3IuE0/xuy7k8j6G4Shdvs66m
dhqHvvWPYr5F1D3emhCyYtV3r01Ln317qMg/Zz9nYop/xscFX2RpFBfi5bHnbksQmwFwgYUwtQcP
UeoXYtXNDuj0D4wXOL78+yHgX4JBH6bhcyG6ytltHbrRwfT8A72b4dn6thhpCc7nHRgP9zF4U7W8
4IsBP7JtyI05XH0QSbKeXk+3xU3ZEJTcEIiH83KaXkFNVi6fxzcdbrqt/SWGW77jrP4FyG2LmRVR
m8/j9CpAAFF88zXLBoD7XIg+I9hwTwXYXyHZEiuDtRCJ5GuY+YcQOdwl0ior1h2e+u331PltcfuP
ZcZf8BW43B9fb7uu7SHaQmn7itcY+wHPxeuLDuf99nuCWruzYFvcdrYq9IAMTh8ytWf8RmU3Xb/e
bR0WtQPX/kGkGa2qButtsdchiVPYQumdPIi5Oqli2hLT5W3T2GdtqtbtrHvX7Y7+SW/orOuqrC9j
Wq9J4viy/F1W81aI9xrxAv9d7N+yktchhHJa4xpIV0ayYSCfPyZVk1ia322laK9nRx1+8exPskwJ
UL7Ob332GcxrnlfLbghSDcMwan6R0f2qThdlJdKr9PfjmYA1vw+x7Bkvqlh0XVbTck+APY5DvmS7
T+G3XiaiLPe2xVXYUJzPc4llPt+A+lpjbfERt7Rp6bziPSfdbe1ybUGq533Ex01/jAZ3cPVOvlmh
Z3Uhjpa86sqgabr1vO1zIXh/Z2I/f65/XQpP48xEsSpvL4XsPOf0RK2cFRlQ/wCeJ6vL2cmoae88
lPsoxwaxKNybowdpPfQ9Sat4qPrd5nsE8UrEaSrO329r9hOiByoPGITCIJnqIPq69doG4rhHRbEv
J6HPu2wbltbOZzSA7TM5C+z/MJgy3OxwCnV2GldbS2B600zoOocPmei3IiwrqHCP4iKo467CD6/0
Df+Wu6tEmOkTc2slXkNvPi8UkEACmc9vI3sAm9cQj8see7Klv6Yw0OH3oqg+1bFhWttia0MR+SAI
v7l42NAaK1LkvM6DrBDPMP/osNtp/OIC53/KdW/wdI+/2XGfL7P8RW9pt2n5kyRdCk57sK0sU27M
fpmtumlYp3GwFjxk/+7S4/coMkrCtARMzW5yhe9biozzFU+SWfOCwYYqCeaT6CuEbPiiFUSiSKEw
Pzrblghagsg0ji9/fwPbG2jIXOcFpA6HvdeS/rAFg967DX1M9/rr83y9wM2CXa6apntY+r0f0TQ4
Hr7eCDlpcHleZQW977ZhqNt8a2NPn6m3Qox+zrfFDyRQH3/OwRYRQSkRAGMdPNKWfoN6SqAj3BYZ
0BZGRZWYBFmoDflqbaUjjcGFP4m77qManm/LeSuqL7M87+1p6bffU28eZUmcvgR3uC1htARbtiWQ
welvcd0t1A3zH27z/eFWzjmMWvI1j60xfPutkQ6Se838x6wSMg/rsrJp/HII3pppRzyhjYdXMPLD
fRSt0EGRUuErrhv4veZbO6pubamK62S9vf1USG0+pwXJXEIY8vPAOu+sjosoFknY2dk/at5HrMAb
jle8rEQx7rELUvn4WlwfJjHvxqFN2z2PWP8OcVAU7JXIUs+bTLYlF0m2oYr7qAGL+vkNttgnN5Zk
fsW3of0TXq57qdOmbeieByt7L2Lwjv9dc6hPtsW2HHg+bwHco9L4FjcvADfM62DbWLOXnqDcVCIt
afEE+JT7KHZc9K64OO8HK447LDctAU8AGtzbbctWH8OsAr/ea1UvvG8a6iLpnoe86l2P4qQSPcKL
Vd49XULQ6J7HQZZedRt+LmlC2vOVL1876LVlRdVuncZpwzeBQ3Jam0550JfDWxElgtaYuq0lSbTs
N4WYTHZazmevesOvy18S3FzUHLH2UpVdihSS4p4Ibm4U1wgX/c2arxK1kR9PP8W5dKceLcN8AhXt
3g6nN6u+1DOEZ+q6ZRimBw2z4zc91sPsI0EbNkJT3J+wDLS0LHsdZe3x4azH8wABnOIrVwM+V8l1
EQ/mP6/o5SyUcLNVfbYc6N6yTi/prRmThCT3ucYLP045PkGFsGnSFrREXIED9FUnJAUZSV5lqsGU
wgphoqVa6ipCbTzmx81Ynev4OYY4jbKe3oa3pjzuaQmJ0uo2FQLMA+1wUUtdbOj/E8yNvZkFkI91
hI/WvczVuDgibbhPust1XXNHU+al2Hx/D+Qp9Yd2sO8cmLpjg9jKj5Cr7RxACC3BLzVvX+4c2O4E
xsDlsZ1JOHEcw3QsY2px23MN0w2mjh5YrpgaXmR4rqvz0EbNqpsgGqdhdl2y1xesfdfHHrllnDID
ZpURBmZMpxOL7Tad5atUzNSNyR47PDue4NNQ/EBeR2ifBFmS3erLMv+Y4eS8P31ND2Xp5JoiJjip
PCtF8RFmueCFWtfl4TLD1Zcxuo4RvuYtv3WB+Yn5NArMaDrxpl6kc9vmTuT4gclNf6LroT6dmJHQ
xRT4RjkWcXA5Vt5S1zzNehpwZxoabqSbbuTa0XQ69U1j4gah4RmGr4dCmJZtcUGuEHjFV91XY3Cw
iQ8lw+gKEoBQvgkCkrxMs+v0qfpFtVsUWVmKMbDMyxS/73BlYgh+KkRku67nGaFjCccVEz3wHMf2
dc83QJgAyuee6aFJgMMuRCl4ESyJ/xWX+ffOFVnbU9f3A900uCtC3xQ2nwpuRi5MbsQ9EXhhIMwo
8N2wZyXtu9uAnZMkJ5r+X00jyNXVDEDpuYFjGI4LVP3QcbnneO7EmtqhGUYA1g4mIGeu3016o5ik
C7fJ68ZUONMA5M6ntmG4fuD7fGpZppgKEK4nJoFrTDxrQJ58xsbAQaBPHR5MheCewSOfh24YgMpH
TiAsOxAT05uGjpjAZd6ndOck0gbnpxN76k5tUKrJxA84yNRxXce0TeE6gWkFpiNAMg690tIliBV3
ovb8EzT9qe0JbumW51kiCiPf8oLQ0k1hGs4kdHQg7Zq6B/o5oJQl2YYGaAXin4TTSWQKywonrmEF
lheaXmCagT0JQJJGOEBD37RRb9YTKZjipyGHoW2u25bt+qDhwjUNT/gR+IooMoAn1wsCdwgnyTCj
aJQFVdh6aoe6r7tGZPCpZ+tTobtTb+IKPp1wHlmWHvoA2fSdIaUFYSEjmASeYQZ65OmOA1Mdmpah
uyIwQ2Pq+d4kskHDAOktCqNOyJGkJkY0BTG6QWTBhAWmLWwBdm/yIBQgLZ0bYAZWMDCC1hGAn33K
eRBYU8fjju7yiRdGYIOBDT/Tqc59UMvACTzbj/okUr9qYtNTS+ihJ6KJPwmcyLcdAZbicMOECD4R
U2diGb4Fhi/6FDrJPiVS5POffoUDv/V2uYxLNEdTz3VAaUSgWxPbnEzQG1i+NQGLg0ZHOKGYeub0
Lir4jnqT0Tz1TJNPbBtsPpgE05Bz7uB/rmUaMPWGCOyp5XIxkK98JbiJ+E91DrYOrnnqGoFteNyI
JrYA87LBtVgOOmDHE6aHW8AhJS7FGs1gk9HhZhvzaQB/prYQIF3ThfTIB0Oydd8xdGcihBtavj+Z
BDrfEKnrOFRytSBYeL4/jXzHct2JZ0Th1JqCXth2GPh2OIG7g8iEWcfbl/Wq5Ly5/7Z3L9erKEvX
MIPJGhKMZNQk01cAFbXS0sFrGK4ZwPxx35g6IRiNZYe+HoFyTzzXc3VUrrtoQchw9Q4tZ+pPDRMs
ToSh700DCGzcBddkmYFrC92aup4ZmsL7HC2jSysUts/N0EbpRZ4f6sLwfJODzYEjthzwLhA53EgW
K6vsE5RIY3BtoqiaTdpgct7EBhTB1NVtF1yKa5ugBEKHOQ4NCF/ApOEK0+kRycHiRui7VXEODsmz
vGgqQrDZAFTC970Ag64T+LoTuuBvPdvTp0CGaqVWt7Q1pauPGJbaLMCdwYu6oNfWGSZ7LMoK1suu
5ukjdrGESMpKUeGbbiXjhWDVUrAsFSUc8IoFPE2zivmCxWmQ1OA84IDJF6c1CGgQeemJLtA6z1Zw
Z4QEhjRLHol9lsGVokSSzAdvdcnWWV0oWvixqhVUIVDv4wiQ3OBXu5I1EobKvSU3hlSX10lVsuss
fVwxjP28YFDEZuC8Yoxga0QI2Vop+b5eipTV+aLgIRDQ5uk8bYgdzFPGHr1fCgSG3zLD7z0x/K6Z
LMBKSvxKTK1DeZmgSufPQJ6JqEheuFQYCCZjC7askDJIPBCjhGNyvBAHjPJTvFAu6wqyxXSkvqZ2
wOY7KnGc17phGPC3Lix2uZzXhgijuG2GMy9dsASPuBH/Zb5DLBwmSXbNkrhEtppPNrGrmLP/rkWx
xj6/4EGzenLAsISnW0+oqFf3MGCAYWLJYGpBekjNXzMlc+wv1wBG7eUOV4/eg2mB6sAE8DBkkKPJ
eUL54+cJ2Epw/HoD5qoMZscXCBqkKH6pOX1KbhFfQV9IPmrBdtWgkErvIXU5ohgV9CGuEcwPfmfg
AC7T2K9r+gYdqN9huU6DC15eMvyEBCicRh3elTCHaAMNp9htWWRpVsM0Q/dyn9GaFZNFCRrOPsP0
u5DfSCHZgOFi26pO1SchJPFz0gPgCdSxyG5iUEUBYgCWSMXTFhzKVgE6jVCp6Qt6oLz7LK4e4wf1
CrotFLiWRbo1uJntAg81GJhJYiE2RorTAyI1VGpOylHUaYrTGWJBmeU0CVTBlBo7FlfqmK3ixRKs
Hjc073etVCkOSqQo6rySrVJgKJgVYFN80eSC9VJVEkrL4VdZHALsuxGgjqDOQWkQg3ZpHUWDziPZ
qdW0eboSMNxaWu+LJPNBe3D9icl2sINVXKETWIkF92nxnp1LUesk3LikV3zx9gucteuYJE8aBdZ9
PZKEGiUriUN80wIOmMDNw0gmKoRohpRKDrNVoz2zRQYTlaE9o1bgQAuCOSJoB0xHLmB08tUydfvT
c4ALel/Cv+RF+G34yyrLCYLysy0kRa5k4D5yDLthCwhHbVAZumkrYOQE3pNVKHzl4y0gJLsgSOgx
WFBDlEohSjH5cTfU7kxClhaJUa3tLW4CIcJyw5F0XG8uTg7YxcvTc/bq9Oz0gh3OZq9OT87Z7OQt
e//m7T9O3u4z6MQu3kCvE/b+5ZtXJ2z29s3Ryfm5NnQBPXmYzkSJYyaKOKPIjY64RAaDpSCXTNJo
na0BsofcISTfQl1G4AqFdLNE6ihLgU9w0KBNyO/nlE0q2fUSQzDIBF2Q7EaUJRFwvRtHLiMSjfEG
YwgmBHSDdrs36oJajYZpy0WAeYOULMKV8yrvbXkA9RJ5uWHV0hWv5d7dkBTnluJ8wQsfLGO0ScHJ
Ad0tXTI1hKPuYuou8N0rntaUpXSRQAZXgw7u7TcxYaiEjRrK8BpBrVJJflcbE9TYG+nzpcJDmpHV
SdhiiSGIXKdsg7+UhHOCD4xOdF3xCqM9J2dxK0iS6kgKLW/4Kcwm2Mq7VY9RVzW7M4zcqJm8pRvs
DpXqacd5k1nilBUZfailUeSwXuUyDZO5HlMXRnihma9j7KRuIOwEs+EAziDMg7HzOwQMQRsCH4xw
BUpWlrVAx1AtYdYWTVqKTgtH26DabyZS5ggq+9QkGuz6WTmt+M2Ilm/LBvsRz7E1XtUriLH0RVog
Tl8FxYlk8jOGEsVGrmgvSpRkMbd1DLLyXCGiAUeYLtcQdO12xo4zeWmo05gbodeT9GXnxoQkLdWx
yxllDiNaHm55OwYolKtA+ojSA3QywZBUcvp6G5P3SA433MFtSp6Sn2Zk7LzJdlGACdYLiu6XSX1J
D+ep+kbZgQoRkJots0SmmD7uc6NMnCBD1gQqpIIM+TZZIqmrMrT4ok02ZXh71J2l5hK61WJdIfF9
NjI6E0iTRwOPqgaMCgHktTd5LD1SwBQylJxj0UOJPt4MjQqWxl5CLgi69ISSO3Y0e7fPcMM5dEzD
6zgEtadcQXrPlv6I6B+wSZN2bzLykqTT6auxwxAc1ZIn0RhqTlkmhAJ0WA0FgzJcP0QF6xjiJux1
iHVLkZMb9GqYYvJEYwji3SydNcn2plLEWgJB4ZN+vLHO03ykzgfVzZmyujL+JNr5xLS8mcYSA55K
mSBtl+rRCa22Z8qb9jQ2U/ckvFjQDVyVrEoXaMSo4AtkAeYExFbmCWUsWIfivjk0dl7gPB0lMfSS
hXUhvzTJzi7eEdISWEK2/bpiWMjTVG6Gk8WF1viaVVWP8K4DQtutD0VKz53I1iN21uwTatmEQjmK
4kBjFKWWHJMAFq9ANhXOHcwG/VtK4Kb2CQtM2hWBXqIkwOuSI4YQzcmdl3JKZSoBfSulo8iJkAsJ
ytWpaur4DSVJx6fnh88gP6J8qk5Jh9Bh1+gp6ZGpTBJiVEb1nfCwW29s+NzYeij8enHQFG0/MAOL
NZWyLsFd0XWmavlSrj6gNadlJoO3sggDiUnUktrRMstKWqFoajXRVOPkxXF5mZX8qokWcIgbIOgD
tXitU8YDMHoqL5M2tXjzcxanckGAJPWYffCzG7T8gp0es90P706P92DewewBA/S/hmnDicH3E8A4
sIYrQiUfmX6ANWSbuUvB2j88e9XQV/Vdp+UxDYbP0yhxoOlVqQjxljVLSSqM3gC+EW5IeJJFEQ0L
1+JoPbqp43AzISTPUX8V54KWYaSpyX+2S8qAPL2yq7pUy0EBOJFKull1z0jec8DUA1ccRoYQ5R7V
KBgDebpoa5QUb0uGoXi/6XUVi+tRG6DvWjmTwj1cZTV6j0jGOuVMQGSNaDG2o3ekpRCYfjym4Aw3
v6VQ3bmZGE+FLL19IYn5IkLbp0/ZkSktGz0j1aJPmPeCvmQfB2rZBx/I+BCq+lAmjCYgnt6FUr8b
Ji+AUsh4o+4AtrkZf1s01mCFhz5njnZWxqGMGcgPhzkFhcPPhneksMAgCj1EKEMnnbShjZaalHLw
IBCJoEpBqjeNmsSXMATWyeSJEg6sL+i7WNKPwRCcLSW1jpMD6y8rGZIJ7Ail0UAbbUQjWTs9Ljt8
oZvGmZfUmHzA2rKplpyaNIfu6U0S0Bsxkz0CmLjdtZ3IzbJWO5fa7clUzuuax1TNQjCBUk9qUZ7l
ddKYjTrBeE99VNiwTByQyiDkkkbCiIueC1ICVWBgi1rIO1CpDq47UnEtm2WmoDQLP8TYeuhw4/TQ
Mkf4weJBU+sY+s1q50EnpoM/GMm9VW3PJczbgYSi5atVrsUZIQZXt15hcQimXOE6a1BuoGOYUtfZ
5jqxQG6OLxaFWKglRbX+KJdZ8Ev7l0P+CB/4mjfHb/BLpCMVFGR+gO7rWsgKhIORX9OIJQHfMEBt
WufpAMTpVvJ1jnuY5OTcEipMqLyulAkyIdxhQLGsE2+OcBFfdNfy9iE45EsOZiHQsxeIoclLIWJE
ooDaY4R+McVgKK82sUtGDt5bG1S7PjrBtoYcHHIb8q2NC1MEaZbl9WaMW7Mq+epOaxWvNhFERWMk
iv1R6zFg4CyiG8cBadFT3dQscGubAdSV7giN5L4c71UwkTMpLaCzlqRoAPlKybNZNVqqRuniiraS
UN4BF+GhWAspDYqjlhA+TK8L+WgGvU2zlCI9L9BT3qmJtxx3F6o6DVJrjpul1BkmQIBRzdVBM2ny
GugorukdsH9R5gJJ6z4t8v2ERGVgboN395ERsYGZdEEOHpdRmi9z0vrIXXGU/DOVjyVVDFR+40vs
eSJUEtCFL8eldqnoj0qBZmDrtjxtRwSe5G7ij4hIvmdPPbDuELjM9je1j2Pf8W7oDbd96yaMi2qf
PPDfVNonH7x0VzCkRWPUAzmrBUZeKxVMYOaCNZNfY66Lxgk3ZVvRPrIhDwN0IDYF9OysbIQ2ah73
gD7IHP/Rc3ItNBT17xGhJFm1fOy0jCjZ7GSBmSwExA04ulJVvMElvcpG1R14Oj+GamUtszrqh/zS
v52TyLAh7UZySfQhTSpa34wPbYczjE83Z5v5PqJHnPSMbw4pzKP3wPxz4TPTYqZ+YHsHlsXenz6D
E9PEDs1zuCcC3C2cr7IqfHJeF1cxZAHYIAccofE9MTzDMgeNVxNqtrBZVQtxDo2g7dByvYwrMcJH
cE8MIg/llErenjg6tiw4LiaE4gmdyYeDbRvku9iKy7f4mKc5z69yRT+Msb4ChV4/IWCtfrbh7glx
SakxZtxPgiU9RvRwBVYecVDT1aYXanznJnxW/+T45Pnhu1cXHR7pwaECQeEDbVmd99LbJy42dVJ4
6rLz6/8HHb/ulQ==
===END CRASH DUMP===
