PocketMine-MP Crash Dump Thu Dec 16 18:24:05 WIB 2021

Error: A void function must not return a value
File: plugins/MyItem/src/hachkingtohach1/MyItem/MyItem
Line: 327
Type: E_COMPILE_ERROR

THIS CRASH WAS CAUSED BY A PLUGIN

Code:
[318] 					    $count = 0;
[319] 					    $page++;
[320] 					}
[321] 				}
[322] 			}
[323] 			$item = $action->getSourceItem();
[324] 			$player = $action->getPlayer();
[325] 			switch($item->getCustomName()){
[326]                 case "-":
[327] 					return $transaction->discard();
[328]                 break;	
[329]                 case TextFormat::GREEN."Text Page":
[330] 				    if($this->pageDataPlayer[$player->getName()] < count($items)){
[331] 						$this->pageDataPlayer[$player->getName()] += 1;
[332] 					}else{
[333] 						$player->getWorld()->broadcastLevelEvent($player, LevelEventPacket::EVENT_SOUND_ENDERMAN_TELEPORT, mt_rand());
[334] 					}
[335] 					$inv->close($player, function() use ($player) : void{});
[336] 					$this->openMenuItems($player);
[337] 					return $transaction->discard();

Backtrace:

PocketMine-MP version: 4.0.0 [Protocol 475]
Git commit: 468faa464b2bc5c97f23fafbb71ea61035f6f218
uname -a: Windows NT DESKTOP-BVRHES0 10.0 build 19042 (Windows 10) AMD64
PHP Version: 8.0.13
Zend version: 4.0.13
OS: WINNT, win
Composer libraries: 
- adhocore/json-comment 1.1.2@fc2f76979f0a44a5f5bc2a2b600d0762fe0e78e7
- brick/math 0.9.3@ca57d18f028f84f777b2168cd1911b0dee2343ae
- daverandom/callback-validator unknown@unknown
- fgrosse/phpasn1 v2.3.0@20299033c35f4300eb656e7e8e88cf52d1d6694e
- netresearch/jsonmapper v4.0.0@8bbc021a8edb2e4a7ea2f8ad4fa9ec9dce2fcb8d
- pocketmine/bedrock-data 1.5.0+bedrock-1.18.0@482c679aa5ed0b81c088c2b1ff0b8110a94c8a6c
- pocketmine/bedrock-protocol 7.0.0+bedrock-1.18.0@040a883a4abb8c9b93114d5278cb5fecc635da82
- pocketmine/binaryutils 0.2.2@f883e1cf9099ed6a757a10a2f75b3333eeb2cdf9
- pocketmine/callback-validator 1.0.3@64787469766bcaa7e5885242e85c23c25e8c55a2
- pocketmine/classloader 0.2.0@49ea303993efdfb39cd302e2156d50aa78209e78
- pocketmine/color 0.2.0@09be6ea6d76f2e33d6813c39d29c22c46c17e1d2
- pocketmine/errorhandler 0.3.0@ec742b209e8056bbe855069c4eff94c9734ea19b
- pocketmine/locale-data 2.0.20@a6e4eb22587e0014f6d658732cf633262723f8d3
- pocketmine/log 0.4.0@e6c912c0f9055c81d23108ec2d179b96f404c043
- pocketmine/log-pthreads 0.4.0@61f709e8cf36bcc24e4efe02acded680a1ce23cd
- pocketmine/math 0.4.0@6d64e2555bd2e95ed024574f75d1cefc135c89fc
- pocketmine/nbt 0.3.0@98c4a04b55a915e18f83d3b0c9beb24a71abcd31
- pocketmine/pocketmine-mp 4.0.0@468faa464b2bc5c97f23fafbb71ea61035f6f218
- pocketmine/raklib 0.14.2@e3a861187470e1facc6625040128f447ebbcbaec
- pocketmine/raklib-ipc 0.1.1@922a6444b0c6c7daaa5aa5a832107e1ec4738aed
- pocketmine/snooze 0.3.1@0ac8fc2a781c419a1f64ebca4d5835028f59e29b
- ramsey/collection 1.2.2@cccc74ee5e328031b15640b51056ee8d3bb66c0a
- ramsey/uuid 4.2.3@fc9bb7fb5388691fd7373cd44dcb4d63bbcf24df
- rhumsaa/uuid unknown@unknown
- symfony/polyfill-ctype v1.23.0@46cd95797e9df938fdd2b03693b5fca5e64b01ce
- symfony/polyfill-php80 v1.23.1@1100343ed1a92e3a38f9ae122fc0eb21602547be
- symfony/polyfill-php81 v1.23.0@e66119f3de95efc359483f810c4c3e6436279436
- webmozart/assert 1.10.0@6964c76c7804814a842473e0c8fd15bab0f18e25
- webmozart/path-util 2.3.0@d939f7edc24c9a1bb9c0dee5cb05d8e859490725

Loaded plugins:
BuilderTools 1.3.0-beta2 by CzechPMDevs, VixikHD for API(s) 4.0.0
DevTools 1.15.0 by PocketMine Team for API(s) 4.0.0
ExtendedBlocksConverter 1.0.0 by JavierLeon9966 for API(s) 4.0.0
KeepInventory 1.0.0 by NhanAZ, KhoaGamingVN for API(s) 4.0.0
MaxEnchants 1.2.2 by Xenophilicy for API(s) 4.0.0
MultiWorld 1.7.0-beta3 by CzechPMDevs, VixikCZ, fuyutsuki, kaliiks for API(s) 4.0.0
Netherite 2.0 by Wertzui123 for API(s) 4.0.0
PlayerStats 3.1.9_BETA by hachkingtohach1 for API(s) 4.0.0
PurePerms 1.4.4 by Vecnavium , 64FF00 & ProjectInfinity for API(s) 4.0.0

----------------------REPORT THE DATA BELOW THIS LINE-----------------------

===BEGIN CRASH DUMP===
eNrNWwtz20aS/itTcupiX0QKL4IAc0r5IXmjiy3pJDlOXbilGgADEisQ4OIhiU7lv9/XPQMSoOVk
99ZXdU4qJgYzPf38unsG+e0gLauVbG7vVVVnZXEw8w4PmmylDma274b+xA28yXga4h/n8KBd61fW
OPA9fxoEk3BqW37oYlEu6+a0qsrqYPbrXw8PlP7520GzWWPFwentm4v3l2fvTm9Pr64urg4OD1aq
ruWC3r0S92WWiLQt4gY8iFVbN6IoG1Gppq0KIcW9zFuFNWmW04J13i6yoj56vzlr1OqoruKjpYyX
d1mxaEr6ZXev9F9YmWcFVrrO9PdDs/w2K+7L/F6tVNGAZpJVKm4OurcYwe+4TBQJ4doBBuZN94/A
n2/isi0acSys7zHTtcPPZ6wh33ff8WvHGrz+ncfs3pgecbYj+tndPn+TQRDs9o1kJY1+WKjmumyr
WJGEz1/oXbzd/HUuN6raW3HJg93syXZ2/ZA18fI5b8IT38AG5epcrtTzFy9+49k+Zou9P7GslZgf
jOZ4R3OmAymN/b5pKlnUHRdJVseySjoegieoRpWSd9/PG54QfmnbG/XYvGXvnc3+cnV6ej6eH9CY
uITaDUNuX+20Mkuff9Mss3r0AxnnRDZSq+RXoy8WXov9V/Efgm2s1VIbPbj2QEZo+h+m992xsFlq
1xl6g8prpYm7+8R7ZD6WVQ69jX6IqlIm0EHzTt2r/PReEY964qHYjV3K+E5BOac/n57f3F5ffDg/
uT09Pzm9ev/q/Pbm9N3p5cXVzaFYNbewDwhri7je557qTgZj3yB0Rj/EeVmr3b5d+D5/IVpYp3vx
Qsw4vH/73ZD3h6S08sq1Kt6roiVfrrdL9YJ/zqcQ33gVKw1DBikohl+3WZ6o6qYsc34uJEHZcPjw
YIuDB/bYHVujSDXSwbhsm2VZYeGvB28+qXh5+f5E3dOCn7PH7O7HkwNsJtcZvffG1tiiZ1XIKFfJ
wSyVsO/hQaIgZVJrzuoybU76AyvJqBMT9fUqAfX5PNLMNcTcfL7Hag4nwILLi+ubjxdX704w9KCi
Gr6K0WXTrOvZ0dEia5ZtNI7L1VGP76MBKagMg/uK2Q4NlWJPINxAH5cludl7ACxCUq6+miY6Bubz
HitG6OubV1c3Hy7/TOQda0dbGpD29LHBbip5neN9/aYsIGCjqp7wX5ox1IW1r4r/lPeZqt6psghD
3/9qmhiSnc+/wN18/p7m/7NKGlI/+pLo0NtPSq3PCoKWstr0tDUc/xMdnS9l8eq/MfbTspR/kSsk
7Z/Pv5qqNPX5fMDSvmL+4ZAxvEL09/LxtIjx2PRjpD86FNsZ76HGL6oo18ssz+LNVxO2R5NE3PIy
ePgzsVm6Nm8yTi994XaDQ9mmBhfdP8XFN2TntN20Td3eZfh9J/Msu6v/b9ByRQw/EMNQQJ/5fwUp
e4SgqHPVLFXFC7d62o311eTs+/1HhNGnNrNR030t6Xck5/MtF/9rZ99RO9qJBJl1QXPdyIHr90f7
crtjexzevj69eTUUf69A/2o62KM7n/cYGzz8oxp5kKiE62XWjB+UivIN64b10FbqUlWrgRa2Y8MQ
8cbeUPyfVVwAZ9uVOBS+9/atZYl/E5dV+Tc0HWdFmhVZ8/Vw4VbvAPE79no//xwPqEWSFQQE7O9l
+NH7y/F6KStmjRIFScwKeVNWtDoA4zYBQxSjMF/2R2KZg1Os7Y+Vq9ukbArVDEZN07gbaKu8/5zI
ZvAefSHn793IYrXuPy5lPeAli5HX+gN/q9ly2+dVVDcV3GowVqISo1l4ZnivG0kCJf1J63iohyuV
5orL1P5ozRqth0MJ3KM/cn35brD9pv57XtBm5pfYvmrKO1Vkn4YqeHw0UhO7NgY2cpUzMjn8+Clb
64ouHE/oMc+i/nI8Pq6GWi+JPceyXNtGW4aIOLkYiJ6Ut8za/iCGsqHBqN6v68HE62y1ztUv7wcy
73GAR7SGyZ6cq/yBsGowuG6WNJM07Jka5HK553vLtrhrmyyvHVaSy1rJFlFWSCpvAGXO2CdNUEeV
RGYSkYqrzbopzYCjlZXA0NotSd80a81GRoGjbnd79d7TaUZWpOXAb5PPTJ4NvIRV6faHKoXwoDhc
tNoXO/r/jXATF5cxcLGnfIru5drsSzuqQlUy74NaP9wplNFt7w6Itvrk5uRg5liuA7XVt0jCW5ha
V2VTxiWoetMJ9sgovj0/SKX0fC9yongSh9PUcVOZRtHUVtK3LXeS+qljB6DdGlY+ZkVSPtTi/Eac
nF7/dHNxOXr989WPp9eWsMGFYB6EHVqeI553k23rhXj1/sQnCIaofV19UhxA3tZNluvbkmzy8ez8
/IYckx4eOH8Cm9bocKtbGLeSVaYY52SyhGCVOiLEGGGOOT+yCRNeprGTTv1wGqaW9Dw5SSdR7Egn
8i0rsaa+kypLTQM1JfVVWXx3ZEDSGodj92UsJ9PEDlLLCdLAS6fTaeTYfhAndmjbkZUo5bieKxUj
IAwC9EFuAq7mEVr90T2KKyAjnbtBgXdF+VC8NH+Tty2qsq7VEUSWdUGHGPcOufNLx3LC0HLdGPr3
XMtSkT/x1VQFKgjidOIkduL7oUe7AqcrVStZxUuWfyXXa467e3aKl0EUxZZjy0AlkaM8OVXSSQOZ
eKkMVRwmsXLSOAqSQXAcRSqp8DQC75I1iRbzu24QeoX1XnqBE/vTUMqJSqwosGMLzDmRnab0ZFsy
9OJA+vHTlHfueDAlRvepW54lg8CVnoyiIA6jEAjnJRNnGsTRJFVx7LuTRAbOHnUGil1UO+QAIKPs
OA2tMFSJL6eTqQR38IpJ5OIPSgonTtJwSOlJE1Lv5L70vWkw9eBSvh/FEhqdBMHE8RwVTGLHjZ2J
CuLJRO6xFucS8FoaqCTWoMJQSddyw9BVaZJGbhgnruUox574ycQC6cCxQnjnHqUyL3c0rDBSPoI1
mSJSlesmfmDDccLECWPHiT0/tqfKTva44cNgNCNJbtght1Px1HMi2jKwJn4UQaCJ5Yexp9IUxgyn
rqekHUZDUmhKUUZ0rgKWxo71UvrKg16dSTBVlmV7qZ/4+O06ceq7ruM7UwBNkLj7pBbMjEfM+HFo
O7EFu00mcQAJXNsKVAznn8Id/NSzvNjyPqcw6iUaTcq30ykJFacuLBY7HnhD2DsyRlPtB5a0EQVu
vBcDWxxgEonvKWcymUSJo0LyeMebTAEIkwSL09h2wWOY7jl7ETVb5YZB7EnLi+AZoT1RwJTATdzI
gm9DUQhMW0Ywvz2ksPs54vJJB/U/Ads9WpW80wUFkNZDYChXBr5tw5enlrJTiZjynQkCzwbYed5U
AToiqeKnqIyyddzVMS9Dx5G+53kQxo+niQQk0L+B69gWfE/F3tQNpNrTb12U5SfV5fmXlowDYDV8
3o49O5R2Co0jvhD0gTsh/J2EymHnQyFcqw3Fwa6O4/7+ZYw/U0+piXKdAEVRhEjyrGhiw5+Vgr9F
ke/HltwRadtMpx8gL3JFCB2m0cQNAj+002TqTuEXnpfEkZf4WB2njpektHzZrmopu/Wfg3u9WaVl
sYEF8w3KinzUldD3YNVlI8ZJOJmGUxUCfdwgTRInslw/dAFwyDsK5rXgXE/RQsYIrC0t+yXg1kIe
UoktQ4CABLVQKtsBtiN5IGNZzsSbRl+kZff4Uj6cIkzdhPw8RQoKvQCxaluxF7tgykXwhvivblFW
5SdZNUfANvSqOumSh/qh78VTeENgeYHtycBz4ATKgo0TexLJyErtAAE1ILJGxI0IvBlHiJckdMN0
qhLEbAyXiKIwppw7iSNrkiAbgrfQmoIMd0hb3xpvuEh9JqjvFmgs0mzRVpKvsqjEE2lZiUFNNS+e
iZslEqmoVdOgy6iFrJRAzy3KQtX4IRsRy4LuwCIlsiLOW4AHfmBBhcQ/RkJD4m1QkxCt63KFlSkR
2KdZy1QdipLa+ZpI6rsVsSnbytASWSpW6D3SjHdAbUMXYfmGCJ+rhy25IxS4ss2bWjyUxbeNoNQv
K4EetwR4ZZTCNsQhHehruR+WqhDtelHJBATG82JedMRm80KIZx+XfM4gmhK7oFYFCaHbLuiAzvep
oE70a2ZVo7+APnPVsL5QdGaxEjq50MiKKEPjsRrlkkrihZoJrkrpRb1sG9SIxcjcPs7E/OBa0+br
jGR+wJy9yvPyQeRZTdwKc4sg7jMp/qtV1Ybm/J1+jMyrGfhteYdnp9yxmzUCfAkqFwUsBqUQtWgj
jCppvm7wR9vXPWaffUTEwCOgV5kkApWXVj+pFQq/Eysla7T1VIEKKD1SxDSUo/7eypzUtsjuMZdv
T8Vzs6lwrBdEXe+oRpVao68dQe2LhapmeM17n7erCFqBV72qN0V8I+s7GL66gx+NecIHaItdu5OU
pi2rsihbWA/T60PBh3FCdxgUD4eCimoIQq0E6wbxSGOrtoAH0RRN/JrNC5ngZVX5mMHDFNQAkdhz
iy1zpFvD0FlKvkpzyCcPRdZ8C/U1FS9LVAOvZpfZWyyeQwa6sXJYLSzGyEg6Y1L7virZOaq2KMic
CXWH5ZqNwO1IPRYn6t78FqtssUQwV2jFD/vBZxyHNFJV7brRo1phpJgVeDNysXERlNxrJDogJF+Z
t/XTHJCPkM+h4M/gXeOeo2HySE/aetq8WClst9FB+Ze8jOA9dLYk9DjiYJU1FNsrtZDRpoHGxbVW
tcXKzWqizctvyGoPGWuePQpB+zDShDonq1nCNAOLQCRFp/REJq2U6rbUTg5rtRSmYlHCUCWFKXkF
bbRgNkfM2kxYJAV2ZwjWFdn/ewnosO6P+F+im//X+K+bcs0sGPjcsmTI1QLwsaZsmmwZol07rmzU
nYYxBoGPHBWGv/rbr8AhxwWzRIgh4hbJp0DyEepRxS2Db6lZ1hFJyWo7Wz3GSiX1TiINXBc3pzNx
8+PZtXh39v7sRry6vHx3dnotLk+vxMeLq59Orw4FJombC8w6FR9/vHh3Ki6vLt6cXl+P9yFgoA9n
4ht1XKoqKzkhExDXJGC8VAzJrI0t2NrQPUqChLGFp4wAhUrDLJN6UxaQEwANbyJ5v+Rs2skelpRZ
oROCID2NKWsigN4dkOuMxHtcUA6hPM8Lxp/PJl8wR80w21rFVA5ozRK72q567VYGuJda1ztRXcvI
Wr94miUjuWskX8gqQmSMdpU1A9DT2uVQI3bMKmFWAbtXsmi5+OhzgsKshQ++OOxywr4Tdm6o02uK
Jr/R8q52ITgWFxrztcOjeijbPNnykiGJPBRix3+tCa+ZfQjqW5aRFbu9ZbD4LEmy62gKW9nSqlx1
yVavNjNGfdfsW5ikMZb8zDfEEy418I7rrmAkk1XYidzQOHLSrta6utIlnDAvRvSis9cJTTILmHdm
s5MAT0jzCHb5hIKRtJH4sMM9nKyuW0XA0CxhtUVXbRJo0W47rg47Q+oawRSVY80NTf2inlbyccRn
sXXH+xu5ptFs1a6QY5FeKyLeyAJVJQwpzGdUzMVOrxQvRpUcMZ/7GIrtteGINxxRFdwi6Xpbi52U
+tW+T1NtRKin6evJXQhpWmZiXzKuHEZ81ruV7QSscK2C8pG0B+50gaGprPn7IKHXaAl30mGZ0aeW
p9uZJu+qXVJgTm2AofvHpP7ID+dFoRoy2MykCJRmyzLXJWZEd3JciTPLqJrgQibJMLbpzse81akl
UttiU6e3Z30rda8IVqtNQ8QPxcjuGZCNxxuPmo4ZkwIYtXd1LN8PUAmZaMmpl+FCnxZj0LA1Fj+i
FuRP8qi4E28uPxxiLXiIEF8PWQK351pBo+eW/ojpz4Tfld27irxm7fTmjsWrBEC1lHl6hFZStwmJ
gg+brbCpoHNBcrBeIO7SXo9YvxU5fSRUoxJT5mNBTHy4LC67YnvXAFIvQUw9IG3SwnZdrEfmea+7
eW+irs4+qa09qSzvzFhTwjMlE8p27R691OqFjl70YiwuzZpcVgteIE0nanyBd0wruSARYBOorV7n
XLFQe7kC8xTssiI7vckzzNL9coVmStWNeH/zgTmtIRKJHbX6G1U25W473VyMO6xZNe2IVs2Y235/
qAq+ROJYTwUdDKAWQsHaiYn+N02zeCw4Sy0lFQEiW0E3DdkO1uAvdwFTh8wLjHbPTC9JE0BdBmKk
aMlwXmuT6lICcxvjoySJ0ucDBupMN3VywUXSydn1q9eoj7ieagv2IQLslpCS7z91kZCRM5ovapN+
v7GTcxfriYraxaxr2n4QNjVrpmRdAq74vTAteq0PFSiai7rUydtEhE3ENNea2ptliSaeorDr1VTX
jTOK07GxqOV9ly3wE623/sKS3vXaeDBGvw910WbOZP5WZoU+EGBNfSt+icpHivxKnJ2I5798ODt5
Absj7MED5j/AbGSYDOkewUE9XJUY/ejyA9FQ7mxXINp/ef2uo2/6u97It7wZXY5x4cDmNaUIy1Z2
J0QmjT6CvxF9hnBcpilvi3dZuhk9tlmyMwjrczQ8nLnh0xUdavojca0Dnmviqq3NKU8MEGk0zJo1
I71mJsztKW2jU4iBR7ML5UBZLLY9SkHL8v1UfNjNus/Uw2iboJ86ENPKfbXir7Opyed0r8EEKutU
S7md0JGPQmB++s3JGYuvOFX3FrPghdKtd6Q0sUilFPv1Wj6wU5CPaursWjQ8TPpafNpoKz4wUMh9
ViFLzFlLKOTTp7i0nmZTVqCUCNm5O5jtFtPfW27cvROeiD/1gzbrLNE5g+SRsCkcrm6jvhYWlEQx
QyU6dfLDNrXxUZNxDhnHKlfcKWj35l3z7A5bUJ/MSJRLiL6oyodmqXEMW0ix1NR6IIforxudkpnZ
EWmjY220U40W7eyk7slFME2W19SEvjbdimmOnLoyh9cMjAR6I+GIZ2ATrfLOkLtjra0tx58b04DX
g8y4m0UyQaunvWhdrtu8CxvzQPme55i04Tq0IbdBJCXvRBmXkAslgWkwaMQc5M1MqUPnjtxc62Fd
KRjPAiM7hE52oEeROaL/52FvaAsMw2HzGUEvpwMPRvo7qu3MJew206yM16vVepyVzDGgbrOi5hCh
3NA5a1zvWKc0Zd6L3XsWgWFOLhaVWpgjRXP+qI9Z6Nvvu335mD9gzcXJxQz6GJmkoOsDgq8HpTsQ
iSB/4B1rZnwnAI+Ne4f+yNNbzbdr+iBJG+czpcKg+r1xJlRC9N0A57JevnlDZ/Oqf5Z3iOSwXkqE
hSJkr4iHri5FxkhVhd5jRLhYUDLUb7vcpTOHHJwNmk84esm2RQ2O2oaxtYMwQ5CtrN93e3xmVS1X
36xNttplEJONiSjNJ6+nhEFWJBinDfnQ0yzqDrjHuw3Mm/4Oneb+ON+bZKItqSOgd5ZkaIB8Y/TZ
nRotzaCGuGrbSRh0oEN4NGsJl0FZuiVEl+RtpW9cCG26oxSNvKBn0KnLt6jJZG36NJTWkr58Mk9U
AIFHY6tZZzT9Dj5KZ3oz8StXLihaD/mQ769ElFuwXfLu3wSxGFRJVwzwdIyiwYu8SjVP5lHGZ24f
a+4YuP2mj2HBqykC+uzrfZkH/RMUKQw8S+fU3Y4z8fbdqxs9SK2GopO1780XGYeT8BESFerQfUyy
qjlk0P3eVHr6rqV/aKGDmBIdVGvOFGVrvC6HseINXSm1cdNWHe52nVq1vaVhUAEdpKOYb8HqTk+j
7oYHLqDL+mdvGU14K54/IMJ1sRm57Y2MuL7sFX6lrv3VI7CtNk1ufEdtUs0NHcAtytCgbHQhx/NI
XrCCFkxnCh0qWkqmj8qo2sIxXb/uG5XuKS93Jn7Dl5V8WzdH1fLsGtn3RMXCE/Z05oUz1xUfz14L
x3Jset9dqB0rACyeV2WTHA9uNoW+TKOXeu8Rhd6xHdpIZBh8WGaNGtG9GhWkTANdkqnJjh2LRhaS
zggSdcxP+ipvO2ZW0aks3d50z+v79TGCBL+SjNom+OnmmHfcut02ix2zKFzxUiF9XN9tOOnvhslz
e7PoKv345PTtqw/vbmjUdDZ8AWh25TRAMWmeB2XqcUBDvVJcLykKlArxtv9AqZcp/b8j1maKriHp
4yV9KnRs+739K6BPJz/9HtNJPgIwOf53/jMwwb3PRnB767M1BvVGB7//D48QXgo=
===END CRASH DUMP===
