PocketMine-MP Crash Dump Thu Feb 17 00:40:09 WIB 2022

Error: Could not check compatibility between hachkingtohach1\FCCore\entity\FishingHook::getInitialSizeInfo(): hachkingtohach1\FCCore\entity\EntitySizeInfo and pocketmine\entity\Entity::getInitialSizeInfo(): pocketmine\entity\EntitySizeInfo, because class hachkingtohach1\FCCore\entity\EntitySizeInfo is not available
File: plugins/FCCore/src/hachkingtohach1/FCCore/entity/FishingHook
Line: 30
Type: E_COMPILE_ERROR

THIS CRASH WAS CAUSED BY A PLUGIN
BAD PLUGIN: FCCore

Code:
[21] 
[22] class FishingHook extends Projectile {
[23] 	
[24] 	public function __construct(Location $location, ?CompoundTag $nbt = null){
[25] 		parent::__construct($location, $nbt);
[26] 	}
[27] 
[28] 	public static function getNetworkTypeId() : string{ return EntityIds::ARMOR_STAND; }
[29] 
[30] 	protected function getInitialSizeInfo() : EntitySizeInfo{ return new EntitySizeInfo(0.25, 0.25); }
[31] 
[32] 	public $coughtTimer = 0;
[33] 	public $attractTimer = 0;
[34] 	protected $gravity = 0.1;
[35] 	protected $drag = 0.05;
[36] 	protected $touchedWater = false;
[37] 
[38] 	public function onUpdate(int $currentTick): bool{
[39] 		if($this->isFlaggedForDespawn() || !$this->isAlive()){
[40] 			return false;

Backtrace:

PocketMine-MP version: 4.2.0 [Protocol 486]
Git commit: 44818e6d1456dcf1f0fd3cd27da1dfecbe03c08b
uname -a: Windows NT tranthien4-8sin 10.0 build 17763 (Windows Server 2016) AMD64
PHP Version: 8.0.13
Zend version: 4.0.13
OS: WINNT, win
Composer libraries: 
- adhocore/json-comment 1.1.2@fc2f76979f0a44a5f5bc2a2b600d0762fe0e78e7
- brick/math 0.9.3@ca57d18f028f84f777b2168cd1911b0dee2343ae
- daverandom/callback-validator unknown@unknown
- fgrosse/phpasn1 v2.4.0@eef488991d53e58e60c9554b09b1201ca5ba9296
- netresearch/jsonmapper v4.0.0@8bbc021a8edb2e4a7ea2f8ad4fa9ec9dce2fcb8d
- pocketmine/bedrock-data 1.6.0+bedrock-1.18.10@e98c511584a7bd58a95986374d2df4b04c6a2ba0
- pocketmine/bedrock-protocol 8.0.0+bedrock-1.18.10@017e57c8f8a74118bcbba7332e7ebac9e6c81693
- pocketmine/binaryutils 0.2.4@5ac7eea91afbad8dc498f5ce34ce6297d5e6ea9a
- pocketmine/callback-validator 1.0.3@64787469766bcaa7e5885242e85c23c25e8c55a2
- pocketmine/classloader 0.2.0@49ea303993efdfb39cd302e2156d50aa78209e78
- pocketmine/color 0.2.0@09be6ea6d76f2e33d6813c39d29c22c46c17e1d2
- pocketmine/errorhandler 0.6.0@dae214a04348b911e8219ebf125ff1c5589cc878
- pocketmine/locale-data 2.4.3@4d0b081f1a79407e087968ea76aaf330db6ea2b5
- pocketmine/log 0.4.0@e6c912c0f9055c81d23108ec2d179b96f404c043
- pocketmine/log-pthreads 0.4.0@61f709e8cf36bcc24e4efe02acded680a1ce23cd
- pocketmine/math 0.4.2@aacc3759a508a69dfa5bc4dfa770ab733c5c94bf
- pocketmine/nbt 0.3.2@3e0d9ef6b6c5fb45e3745a121296e75631b3eefe
- pocketmine/pocketmine-mp 4.2.0@44818e6d1456dcf1f0fd3cd27da1dfecbe03c08b
- pocketmine/raklib 0.14.3@4798576fec0364266dce23b368a7fec5e5de7927
- pocketmine/raklib-ipc 0.1.1@922a6444b0c6c7daaa5aa5a832107e1ec4738aed
- pocketmine/snooze 0.3.1@0ac8fc2a781c419a1f64ebca4d5835028f59e29b
- ramsey/collection 1.2.2@cccc74ee5e328031b15640b51056ee8d3bb66c0a
- ramsey/uuid 4.2.3@fc9bb7fb5388691fd7373cd44dcb4d63bbcf24df
- rhumsaa/uuid unknown@unknown
- symfony/polyfill-ctype v1.24.0@30885182c981ab175d4d034db0f6f469898070ab
- symfony/polyfill-php80 v1.24.0@57b712b08eddb97c762a8caa32c84e037892d2e9
- symfony/polyfill-php81 v1.24.0@5de4ba2d41b15f9bd0e19b2ab9674135813ec98f
- webmozart/assert 1.10.0@6964c76c7804814a842473e0c8fd15bab0f18e25
- webmozart/path-util 2.3.0@d939f7edc24c9a1bb9c0dee5cb05d8e859490725

Loaded plugins:
Alerts 1.0.0 by hachkingtohach1 for API(s) 4.0.0
AlwaysSpawn 2.2.5 by Philip Shilling for API(s) 4.0.0
AuctionHouse 2.0.0-BETA1 by Shock95x for API(s) 4.0.0
BlockGenerator 0.1.0_beta by BlockHorizons, Chris-Prime for API(s) 4.0.0, 3.0.0
BuilderTools 1.3.0-beta2 by CzechPMDevs, VixikHD for API(s) 4.0.0
CraftingTable 1.0.0 by hachkingtohach1 for API(s) 4.0.0
CropGrowth 2.0.1 by NhanAZ, kaidoMC, YTBJero for API(s) 4.0.0
CustomItemLoader 2.3.1 by alvin0319 for API(s) 4.0.0
DevTools 1.15.0 by PocketMine Team for API(s) 4.0.0
Dungeon 1.0.3 by hachkingtohach1 for API(s) 4.0.0
EconomyAPI 5.7.3-PM4 by onebone for API(s) 4.0.0
EconomyJob 2.0.6 by onebone for API(s) 4.0.0
EconomyLand 2.1.3 by onebone for API(s) 4.0.0
EnchantedUI 1.0 by ItsRealNise for API(s) 4.0.0
FCCore 1.10.1 by hachkingtohach1 for API(s) 4.0.0
FormAPI 1.4.0 by jojoe77777/DragonfireHD98 for API(s) 4.0.0
Gems 5.7.3-PM4 by onebone for API(s) 4.0.0
HealAndFeed 2.1.0 by Kylan1940 for API(s) 4.0.0
HealthTag 2.1.2 by Shelly7w7 for API(s) 4.0.0
InvCrashFix 0.0.1 by Muqsit for API(s) 4.0.0
InvSee 2.0.1 by BlockHorizons for API(s) 4.0.0
KeepInventory 1.0.0 by NhanAZ, KhoaGamingVN for API(s) 4.0.0
LaunchableTNT 1.0.1 by Vecnavium for API(s) 4.0.0
MaxEnchants 1.2.4 by Xenophilicy for API(s) 4.0.0
MultiWorld 1.7.0-beta3 by CzechPMDevs, VixikCZ, fuyutsuki, kaliiks for API(s) 4.0.0
MyItem 1.5.5 by hachkingtohach1 for API(s) 4.0.0
NPC 1.0.0 by hachkingtohach1 for API(s) 4.0.0
Napthe 0.0.2 by hachkingtohach1,tungstenvn for API(s) 4.0.0
Parties 2.0.1 by Didah (@Diduhless) for API(s) 4.0.0
PlayerStats 3.1.9_BETA by hachkingtohach1 for API(s) 4.0.0
PureChat 2.0.0 by Vecnavium, 64FF00 for API(s) 4.0.0
PureEntities 2.0.0 by LeinneSW for API(s) 4.0.0
PurePerms 1.4.5 by Vecnavium , 64FF00 & ProjectInfinity for API(s) 4.0.0
RedstoneCircuit 3.0.0 by tedo0627 for API(s) 4.0.0
Rewards 5.0 by Wertzui123 for API(s) 4.0.0
ScoreBoard 1.0 by hachkingtohach1 for API(s) 4.0.0
ShopGUI 1.0.0 by hachkingtohach1 for API(s) 4.0.0
SimpleHome 1.1.0 by CzechPMDevs, VixikCZ for API(s) 4.0.0
Spyglass 1.0.1 by ItsRealNise for API(s) 4.0.0
VanillaHopper 2.0.1 by ColinHDev for API(s) 4.0.0
VanillaX 3.0.0 by CLADevs for API(s) 4.0.0
WorldProtect 2.3.11 by aliuly for API(s) 4.0.0
_NewAlias 1.4.0 by Javier Leon9966 for API(s) 4.0.0
libEasyUI 1.0.2 by GiantQuartz for API(s) 4.0.0

----------------------REPORT THE DATA BELOW THIS LINE-----------------------

===BEGIN CRASH DUMP===
eNrNPIt228aVvzKlczb2WZHCmwBz3JUiybEayWItOfa27NEZAAMCEQgweEii0/z73ntnAAKQbMsN
m21OaxEXM3fu+zEY4NdRlBcrXl3fiqJM8mw0s/ZGVbISo5nuWLZmmobmTWxNsyx9b1Sv1a2JaVmO
PdVdw/FMy9VhUsrL6qQo8mI0+/s/9kZC/vx1VG3WMGN0cn10cT4/PTu5Pnn79uLtaG+0EmXJl3jv
KK/TkGV5xYJYBDcsyFdrXiV+kibVhvmiuhMiYzEP4pskW1Y5/tIXi1dHR3khFguRVTAOrpMyhvuv
8/xmNluK6jRLqoSnl8lHcZpF+fMXsy/jOKG/zRTGs5Ct8+BGVKskezDsU6t8ekYzag+4CnhdChaA
3MqvpispSVz8licp91MB4oySFGW5TutlkpX7EsF+WQT7A+TNLYl6vyM1wJIC0aOZqf22pzBdJ9lt
nt6KFQwH9GFSiKAaNXcBIrEBJMhDgQo3dIDCtWHAX8leZw0m7iuRhSWbF/nPgAqoZr/iaBNGLxCz
YdGvde2nScCiOoNBecaur4M8K6uiDqrnZ3nACfhNqn7tsf85AqvJ6yy84kv2TeZX7CXL6jR9Qdht
wglYeQGMzGZdbB0kOO/FdzjBoQm/4c+p4sft0lVWMKVDHljCGzDUvLi5AoM/DZ+/YDMYVADbv7JC
VHWRManE07CczQ7fnl+8vb68Onxz/B2jVTy5iqnJVYq8AumIsLfCA1uDNfqW0a6VibvBrefaxLD3
GP77Qq5pKk2ZRpezb4K8XsbVFXh6ATLUUBym2RvBq6rgwWCINSD8m2XBb9GBYcBEpyH2cEhYgLLw
vmbTAGc4oMpriAnhe17RShFPS0EjlVJM91FjybN36xDmPE+yChiqC9T6VRLcgHf6eZ6iTZiesokk
ev5NFSfl+M9J+Srly6UIX+XFsSjX/C4DGf/zn+xP7YDDNLkVz1+QVVmawrColNQVfeA9KCAhQ6Fy
SfSNw1QUFf3KOAbSBrA3auPvSJ+AOADC6yrOCxj899HAg0eAlK8TvGPRYIy3GcaBcDQjEvZGoVij
m0kKyjyqjruAFSfffRB2JDnNX4wHOQeco/nF5dX7i7dnxwC6E36ZVEh8XFXrcra/f8erIAYPryYQ
qP10M4EAvo9COEzv+Ka8RDn2eN5Cu4wbE2Ni9xmfx5AD1uwS/kBkWn6WcXDmp/K9JrSlwrpYcKKI
9L1YnAHLotjyDk769urdvMc5MVeTrb3OIYx3ueuC++wBxePvT64O9T6TlzHkC8++/51qHZ1ASMtX
m8P56WjLaqmQA5OSsBgJAw33yfysnpHb7yFI3vwgMlHwSiZ2xe/gRpdjcPuJdg35m/cZpimv8yL5
CDEYbh3FBTjXvMDaYigD8NPfZeK9tRaLPrUPlf0ZAdRJCkOvIHp0HbgH7rsxED5G5o0+90cfRRDP
z4/FLU74KblPbl4f78qyA0S+XoWAfLHwJW0V0gas9yl9kmcvkyquffLnDtn7PVQgm6OCRxV40hXV
Ilvh9OH/KUGuR9Xg8imCAbmAfJM0KDaTclOJcpKJaj/kZeznvAj3pUTy9Q9FflfFPXG0wGFgGISE
NzHPDv8GsBuehPn5Efz636vv/yKKfFeGIldA7huaFotzvPX1lqGIRa7rsspXp5VYKb/q8D681ZeA
OZQAT2+TTDN1b2d20GIEpgfEPIQ8JSKAKwyjQQvq27puD419Ti3COVTb7Erw1a602qy/WHQo+Uwe
e0SbW8r2WxzIbJ0tRd5N4w1k6Nbmv+7WX8HpA69W5LQ/duXJnay65b0D7LJvT6YTczw/t/oiyDPh
w/93xbpCB82hpAJwQoPYpeiLpqtG/yX3HzKFwGF4cr6eoQeuOahPnsrdz7nfcidJeyp3Z9C9P2SP
oH3+9KHN/pH8pUBPy6Ai7sscZgEEXeiQ3vWssgMdeGWfv9OqfCt4+iYpxc7Cawcnble0lDwtrSBT
aidhy0+7tdCLpQ+S5R8VYZo9mZasncQXaDVX/eDSQPp8W0Ml/pz/nIsp/rd/DG10nkVJIV4fe+6u
BLBdAHiWNLU/nqLPH8SqmxvpckfR8msMs3U4JED++xTqX4MxH2bhKyG6QaQLHQaRgX5+RNfWPUvb
lT5ahItFh4yn+xdOquIrvhzwI2FDboxhkyrSdDO9m+6Km7JBKLkhIp7Oy2l2C3V7Gb9K7jvcdKH9
RvRB0DivfwF0u2JmRdgWiyS7DZCAKLn/mt4S6L4Uos8IAr7QJfT76B2xMmiYJSVfw8yPQqxhlsig
wd50eOrDv9AMtg3Qj3HOf+AriMM/vdl179OjaAftzxmvMe8BPVdvrjqc9+FDzgdK/UkEGb9N6p31
BC1CUGKXkMHlU1R7zu9VZu8G9i60z5wxGcT2DyLLafMt2OyKvQ5KVGFLSu/iSczVaZW8z4u0G+87
wD5rU7W5Y35xc+cIzTiqN3VV1jcJ9fRpktyU/5YtnxXSe4f0Av9d2n/Pdk8HEcppg21yV0YS0JeP
PdzK/cO2dyQ5zd9dlWlv5kcdlvFqh9tZv6cqBVK+LnR9crf+DV9XcTcLKcAwkxqfZXSvgv67rER2
m/37eCbCmr9Pce45L6pEdKNWA/lCjj1OQh6z5wfwt45TUZYvdma5YYNysVhLYhaLLVVf67AtgcRu
yjeiuKx4L1B3oV22TSj3vGt8MvH/Y8IdunoXv9ui53UhjmJedWXQgB48mvlUGt4bOdarV5r2lbsB
uNBcFKvy4WbA6BWnhy/lvMgB/QeIPXldzk/GDbzz/OZaLg5yUYRvfz3J7mEsPQYeGH8X/AVJnIkk
y8Tl+12pPyV8YPNAg1A0SKY6FH3dnmVD4n4Pi2JfKqHPu4QNG2z7EybA9pjUAvuv5tjCKXTbWVLt
rIrpqZmo6/x8iqLfirCsoM09SoqgTroWP7zT9/wH6q5EmGuOMd1ZmGsQLhaFoiSQlCwWD0l7Ap93
kJLLHn8S0t9aGHD1XhTVxzrRDXNXGttiRD6IhH+5hdji2leoKHxdBnkhvscSpMNuB/jZPb4/rN7a
EtT9/btj92Wcr3/obW82kP+U54iKnvbHrkrNy2S1TsXrfNWtxTrAwX7okP/HW5BdSaHXbZREVAxE
gRC6BP6ebuNyxdN0ro6xdbCiZNabJR4o68qlAX2hrX7qlvdXRIDejndDx9O3sH7iWZKm/HW+Xvee
lPbhXyhPj/I0yV6D3HbFVItwsegRMrj8V3Tckrpl/sNDvj98KUEdnR2Sbe/KohW+lsEP219PUSP1
xXN5Yq3DTQ/84Fn3g4fdSZ3urJaQ2BYL2gZQZ+mGZvnEwuq8ToooEWm4vz3TOm6OmFZQv+2vOPR6
xX6PXZDK9Rtxd5gmvOuqW9gXnmz8BaouUbAzkWee5zi7kotE22DFQ25Ai/rzL9hzH92+RPMbHqH1
T3i56aWuLWwYpgbN9A8Jz6q/1tAFftyZgcuVF4uWgi/YNJ795QUQDoodHFYYn88n65gXRAse5C2p
XQFG5aO7kYshCvfE/GDF8fDLFhLwFEiDuV1YvroO8wpyYA+qzoxvAXWRdq/xaGf3OkrSSvQQL1fr
7mUMCbZ7nQR5dtsF/FySRtrrlS/P7vZgeVG159pQb2XFkaGwO2gd9OXwVkSpoK6uCy1JomUfFGK3
2YFczs96y2/KX1J8ot38Yu2tKr8RWfKxL4L7e8U1kosBZ8NXqTpmiZcfk7UsIDxqfD6CjXanw+X9
qi/1HMkzNM3UdcMDwPz4osd6mF8TaUMggJK+wnKw0rLsDZSZ/sN5j+cBBXBZCHmwqAe8K5KB/tdV
jCNRws05wnk8sL24zm7qKklLg4QkjyAlSz/JOD64gNxj0MGHVNxCBPTVIEQF1du6yhXAkMIKQdHS
LDVVk21D5vV2rc59PLGfZFHes9vwgcqTnpWQKM0uqBDgHuiHy1raYoP/b+Bu7GIeQLXaET56d7xW
6+KKdBgy7TbIXXdHV+al2L4fAvI0CD2dLhzNDM02QWzlNZSEbVzCrJMHOWC1XAfWwIZ0ZFmu7gon
1C3bCYNIj7QoNIPQmIZcDyMR+EIzA83FIx51k0WTLMzvSvbmilUFRMY4EZk1dsskYzpolRENTJ9O
HZM9bwZfigKoZYamOy/Y4fmxgw8hgOeu0D4K8iSrtZd4fZ2jct6fvqFnIXRxRykTX0fJS1Fcg5YL
XqidFB7GOXY7+xg6xjBGvSGBFblxEAVGNHW8qRdp3LK4Hdl+YHDDdzQt1KaOEQlNTF0xRTkWSXCz
r6KlNvEm5kHA7Wmou5FmuJFrRdPp1Dd0xw1C3dN1XwuFMEzL5IJCIfAKYQgSEgTY1OfBzfgWKoBQ
HtMFSd5k+V12oP6i2S2LvCzFPrDMywxfAbg1MAcfCBFZrut5emibwgZNaYFn25aveb4OwgSifO4Z
HroEBOxClIIXQUz8r7gsYke35G0Hru8HmqFzV4S+ISw+FdyIXB5aEfdE4IWBMKLAd8Oel+z7Iizg
agy0c5KkM9H+uwGCXN2JDlR6bmDruu0CVj+0Xe7ZnuuYUys0wgiItQIH5My1x1FvDZNs4SF6TZ8K
exqA3PnU0nXXD3yfT03TEFMBwvWEE7i645kD9BQztg4OAj2weTAVgns6j3weumFgeW5kB8K0AuEY
3jS0hQO3eR/To0qkY3UHjjV1pxYYleP4AQeZ2q5rG5YhXDswzMCwBUjGpuPGXYTYlaTqOCaRph1Y
nuCmZnqeKaIw8k0vCE3NEIYOjmlrgNo1NA/sc4ApT/MtDrAKpN8Jp05kCNMMHVc3A9MLDS8wjMBy
ApCkHg6oodfCYrDXVJEDKj4IOSxtcc0yLdcHCxeuoXvCj3TDjiIdeHK9IHCH5OBbO6lojAVN2Dyw
Qs3XXD3S+dSztKnQ3KnnuIJPHc4j09RCH0g2fHuIaUm0kBM4gacbgRZ5mm2DqkPD1DVXBEaoTz3f
cyILLAwofYBh3Ek5EpWjR1MQoxtEJigsMCxhCfB7gwehAGlpXAc3gADYR9UGAoizB5wHgTm1PW5r
Lne8MAIfDCz4M51q3AezDOzAs/yojyLzqyY3HZhCCz0ROb4T2JFv2QI8xea6ARncEVPbMXXfBMcX
fQydap8KKUuazdMDeAdXwW9kaQGhlnQ09VwbjEYEmulYhuNgNDB90wGPA6At7FBMPWP6GJZxsg6a
iubAMwzuWBb4fOAEQAPnNv7PNQ0dVK+LwJqaLhcD+ZZZnn8UTcY/0Dj4OoTmqasHlu5xPXIsAe5l
QWgxbQzAticMD3mCkrgUG3SDbUWHz7iNgwD+m1pCgHQNF8ojHxzJ0nxb12xHCDc0fd9xAo1vkdR1
Eiq5mpAsPN+fRr5tuq7j6VE4NacgV8sKA98KHZgdRAZoHafH9arkvJn/MLqXm1WUZxvQYLqBAiMd
N8X0LZCKVmlqEDV01wg8V+e+PrVDcBrTCn0tAuN2PNdzNTSux3BBynC1Di576k91AzxOhKHvTQNI
bNyF0GQagWuBMUxdzwgN4X0Kl97FFQrL50ZoofQizw81oXu+wcHnIBCbNkQXyBxuJJuVVf4ReqR9
CG2iqJpzgeBynmMBFcHU1fCtVO5aBhiB0EDHoQ7pC5gECzbsHpI1eNwYY7fqziEgeaYXTUUIPhuA
Sfi+F2DStQNfs0MX4q1nedoU0FCv1NrWZEPl6jOGvTYL8ETesi7km4pY7LEoL1ivulpkz9hVDJmU
laLClxBKxgvBqliwPBMl/OAVC3iGL3v6giVZkNYQPOAHTMAqZwIJDTIvPUMBXJf5CmZGiGCIs+SR
2GM53ClKRMl8iFY3bJPXhcLFkoitoAuBhh9XgOIG3/VMN4gYWvcW3T6UurxOq5Ld5dm3FcPczwsG
XWy+wpciIYNtkEJ8ZU7yfReLjNXrZcFDQDBZZIusQTZbZIw9ex8LJIxVOawCVSugUC9PllT4lVha
h/I2kSqDPwN5pqIieeG2aiCYzC0IWSFmkHggxinH4ngpZvIFPbxRxnUF1WI2Vq8hz9hipArHRa3p
ug7/asJkN/Gi1kUYJS0YrrxsyVL8xfXkT4sRsXCYpvkdS5MS2WJqj4TdJpz9tRbFBsf8gj+a7ZMZ
w60LmnpCXb2aQ+8cY2HJQLUgPcTmb5iSOY6XmwDj9naHq2fvwbXAdEABPAwZ1GhSTyh/0MwNWwle
1gW9zYsvEfsCiQYpil9qnqJ8l8ktjIXioxbsuVoUSukXiF2uKMaFWEMrPAb9LJeimMFtWvtNvfJB
fGB+h+UmC654ecPwhVgwuAkNeFfi+6ywWsMpDouLPMtrUDMML/cYbVox2ZTId3Kx/AZGsPsg2YDj
ImxVZ4l8bVcivyQ7AJ7AHIv8PgFTFCAGYIlMPGuJQ9kqgk4jNGocg8a7x5LqWxBfVdC0UOBmFtnW
YDJ7Djzgy9sGiYXYGCtOZ4RqaNScjKOoswzVGWJDma9JCdTBlBN2LG7Vb7ZKljF4PZ4j3Ot6qTIc
lEhR1OtKQqXAUDAroE3xRcoF76WuJJSew2/zJASyH6cAbQRtDlqDBKxr0jE0GDyWg1pLW2QrActt
pPf+kOY+WA/uPzEJBz9YJRUGgZVYcp8edLBLKWqNhJuU9PYVTr9Crd0lJHmyKPDuu7FE1BhZSRzi
CWf4wQSe2UM0USFEs6Q0ctBWjf7MljkoKkd/RqvAhZZE5phImzENuYDVKVbL0u0/ngPc0Psc/TEv
wt9Hf1nlayJBxdmWJIWuZBA+1ph2w5YgXLWhStcMSxFGQeA9eYWir/x2BxSSXxBJGDGYercbPF3c
i6Cm4JtLkqVHYlZrR4v7QIiw3HIkA9fF1cmMXb0+vWRnp+enV+xwPj87Pblk85O37P3F2x9P3u4x
GMSuLmDUCXv/+uLshM3fXhydXF5OhiGgJw/DdpQ45qJIcsrcGIhLZFB+7UJJow22OsgeaoeQYgsN
GUMoFDLMEqqjPAM+IUCDNSG/nzI2aWR3MaZgkAmGIDmMMEskEHq3gVxmJFrjAnMIFgQ0YfJwNNqC
2o4Gta1FgHWDlCySK/Uq57Y8gHmJdbll1dQUr+WLx0lSnJuK8yUvfPCM8bYEpwD0uHTJ1ZAcNYup
WRC7VzyrqUrpUgIVXA02+GKvyQlDI2zMUKbXCHqVSvK72rrghF3ImC8NHsoM+rZJQ0sCSeQuY1v6
S4l4TeQDo46mKV5htVcULB4kSTIdiaHlLSryVZNs5Ww1Ytw1za6GkRulyQe2wR4xqZ51XDaVJaqs
yOk1+saQw3q1lmWYrPWYujHGG42+jnGQmkC0E5kNB3AFaR6cnT8iYEjakPhghVswsrKsBQaGKgat
LZuyFIMWrralaq9RpKwRVPU5kdTg0E/KacXvx7R9Wza0H/E1QpNVvYIcC+m1QOQVz6D8BEVCnsYT
bJKKrVzRX5QoyWMe2hhU5WtFES04xnK5hqRrtRo7zuWtoU3Lb140+OXgxoUkLjWwyxlVDmPaHm55
OwZSqFaB8hGlB9TJAkNiWXNsXpicIznccgfTlDwlP83KOHhb7aIAU+wXFN7Po/qcHS6yTH5xZaZS
BJRmcZ7KEtPHcyVUiRPJUDWBCakkQ7FNtkjqrkwtvmiLTZnennW11NzCsFpsKkS+x8Z6R4GkPFp4
XDXEqBRAUXtbx9IjBSwhQ8k5Nj1U6ONkACqyJuw11IL05RMs7tjR/N0ewzOeMDAL75IQzJ5qBRk9
W/xjwj9jTlN2byvykqTTGTthh2GIXyBKo33oOWWbEAqwYbUULMpw/xANrOOI27TXQdZtRU7uMaph
icnTCUMi3s2zeVNsbztF7CWQKDz3hBPrdbYeq+tBd3OuvK5MPopWn1iWN2osMeGpkgnKdmkendRq
eYac9GLC5mpOyoslTeCqZVW2QCtGBV8iC6ATEFu5TqliwT4UT6mgs/MC9XSUJjBKNtYFNFOirNj5
1TuitASWkG2/ruirTaTK7XKyuZg0sWZV1WOcNSNqu/2hyOi5E/l6xHAHIcBPF7RsQqMcRUkwYZSl
Yo5FAEtWIJsKdQfaoG99QZjaI1pAabdEdIySgKhLgRhSNKdwXkqVylICxlbKRpETITcSVKhT3dTx
BRVJx6eXh99DfUT1VJ2RDWHArjFS0iNTWSQkaIzq61Jht9/Y8rn19VD49XLWNG1/Zjo2a6pkjSFc
0X2mevlS7j6gN2dlLpO38ggdkUmqJbajOM9L2qFoejXRdOMUxXF7mZX8tskW8BNPQOA92nrutPFA
GJ1GkEWb2rz5OU8yuSFAkvqWffDze/T8gp0es+cf3p0evwC9g9sDDTD+DtSGisETweAc2MMVoZKP
LD/AG/Kt7jLw9g/fnzX4VX/XgXxLi+HzNCocSL2qFCHe8mYrSaXRe6BvjCcSXuZRRMvCvSTajO/r
JNwqhOQ57u/iXNE2jHQ1+Vk5KQOK9Mqv6lJtBwUQRCoZZtWcsZwzY+qBKy4jU4gKj2oVzIE8W7Y9
SobT0mEq3mtG3Sbibtwm6Md2zqRwD1d5jdEjkrlOBRMQWSNazO0YHWkrBNSPvyk5w+S3lKo7k4nx
TMjW2xcSmS8i9H360BC5UtzYGZkWgvtJX7KPC7XsQwxkfEgq8BJQ1mIC8uljVGqPk8kL/GQa4425
A7HNZPzbUmMOdnh8fEsQ/axMQpkzkB8OOgWDK2u/K4UlJlEYIUKZOumiTW201aSMgweBSAV1CtK8
adU0uYElsE+mSJRyYH1JnyyRcQyW4CyW2DpBDry/rGRKJmLHKI2GtPFWNJK10+OywxeGadS8xMbk
A9aWTbXl1JQ5NKenJMA3ZgZ7BmTikcBWkdttrVaXk4fKVMHrjifUzUIygVZPWtE6X9dp4zbqAvM9
jVFpwzRwQWqDkEtaCTMuRi4oCVSDgRC1kTdTpQ7uO1JzLcGyUlCWhZ/JaiN0uA166Jlj/PLfANQG
hj5YnTzo5HSIB2N5uKodGYPeZpKUyXq1Wk+SnCiGULdZYXNI394rgcNySzqmKXWfbe8TCxTm+HJZ
iKXaUlT7j3KbBb/UdjPkj+iDWHNxfDEDeYxVUpD1AYavOyE7EE5f2sMVSyJ8ywDBJp2nA5CnW8nX
9Hk6qZwHQgWFyvvKmKASwhMGlMs6+eYIN/FFdy9vD5LDOub4dUmM7AXS0NSlkDEiUUDvMca4mGEy
lHeb3CUzB+/tDapTH51kW0MNXlYytjYhTCEkLcv7zRoPtCr56qq1SlbbDKKyMSLF8Wj1mDBQixjG
cUHa9FSTmg3uyXYBdae7QiO5z+d7lUykJqUHdPaSFA5AXyl5NrtGsQLKEFe0nYSKDrgJD81aSGVQ
ErWI8GF6XchHMxhtmq0UGXkBn4pOTb7leLxQ9WlQWnM8LKWusAACGpWuZo3S5D2wUdzTm7G/U+UC
ResebfL9A5HKxNwm7+4jI2IDK+mCAjxuozRfTaP9kcfyKMVnah9L6hio/cZ3R9epUEVAl3y5LsHl
T8CIbmBpMqduV5yxV2eHVxKIrYbAnbXv1NGNPdu7p7dI9sz7MCmqPQq636lKTz5r6W5aSCfGRAei
VXuK9ClW2hQEZQUbJr8MWhdN3G06taJ9SkNBBfBAOgrocVnZyGncPOEBE5Bl/bNXFE1oKRrfQ0J1
sYJcdyBjqi87hV8ua39xD7GtVE1ucEOviww+mUuFHI1DfoEUaMFkppCuIrkk/FAZFW04xue0Q6Xi
A835VsVH9FSTHustoGp59qpI2LEImGExw5iZ9szW2PvT75mhGToOaB69vRQQYeF6lVfhS/mCcoFP
AXG1MTrbS93TIXX1gbcOgU0Eq+4gWQMQrBsgd3FSiTE+csNalbBDA6XKtZe2hpAlx+2DULykK/k4
sIWpWbhhiw92muv17VqtECbYUYEJb14Saa1FtgnuJTFJxTDW2FvWmgJZhJ0h+Cz+5fHJq8N3Z1cd
nujBoFqS0gP6qrrula8vXQR1SnQaMvrt/wCoUsTL
===END CRASH DUMP===
