PocketMine-MP Crash Dump Thu Dec 30 17:43:57 WIB 2021

Error: syntax error, unexpected token "}"
File: plugins/CraftingTable/src/hachkingtohach1/CraftingTable/task/OpenGUI
Line: 19
Type: ParseError

THIS CRASH WAS CAUSED BY A PLUGIN
BAD PLUGIN: CraftingTable

Code:
[10] 
[11] class OpenGUI extends Task {
[12] 	
[13] 	private $plugin;
[14] 	private $player;
[15] 	
[16] 	public function __construct(CraftingTable $plugin, Player $player){
[17] 		$this->plugin = $plugin;
[18] 		$this->player = $player
[19] 	}	
[20] 	
[21] 	public function onRun() :void{
[22]         $this->plugin->craftingTable($this->player);		
[23] 	}
[24] }	

Backtrace:
#0 pmsrc/vendor/pocketmine/classloader/src/BaseClassLoader(83): BaseClassLoader->loadClass(string[42] hachkingtohach1\CraftingTable\task\OpenGUI)
#1 plugins/CraftingTable/src/hachkingtohach1/CraftingTable/CraftingTable(182): BaseClassLoader->{closure}(string[42] hachkingtohach1\CraftingTable\task\OpenGUI)
#2 pmsrc/src/event/RegisteredListener(75): hachkingtohach1\CraftingTable\CraftingTable->onInteract(object pocketmine\event\player\PlayerInteractEvent#91328)
#3 pmsrc/src/event/Event(62): pocketmine\event\RegisteredListener->callEvent(object pocketmine\event\player\PlayerInteractEvent#91328)
#4 pmsrc/src/world/World(1807): pocketmine\event\Event->call()
#5 pmsrc/src/player/Player(1611): pocketmine\world\World->useItemOn(object pocketmine\math\Vector3#91177, object pocketmine\item\ItemBlock#113683, integer 2, object pocketmine\math\Vector3#91197, object pocketmine\player\Player#27399, true)
#6 pmsrc/src/network/mcpe/handler/InGamePacketHandler(360): pocketmine\player\Player->interactBlock(object pocketmine\math\Vector3#91177, integer 2, object pocketmine\math\Vector3#91197)
#7 pmsrc/src/network/mcpe/handler/InGamePacketHandler(223): pocketmine\network\mcpe\handler\InGamePacketHandler->handleUseItemTransaction(object pocketmine\network\mcpe\protocol\types\inventory\UseItemTransactionData#91339)
#8 pmsrc/vendor/pocketmine/bedrock-protocol/src/InventoryTransactionPacket(114): pocketmine\network\mcpe\handler\InGamePacketHandler->handleInventoryTransaction(object pocketmine\network\mcpe\protocol\InventoryTransactionPacket#91273)
#9 pmsrc/src/network/mcpe/NetworkSession(395): pocketmine\network\mcpe\protocol\InventoryTransactionPacket->handle(object pocketmine\network\mcpe\handler\InGamePacketHandler#91349)
#10 pmsrc/src/network/mcpe/NetworkSession(358): pocketmine\network\mcpe\NetworkSession->handleDataPacket(object pocketmine\network\mcpe\protocol\InventoryTransactionPacket#91273, string[39] .......B.......SCr=.BkU.C..)?.pe?......)
#11 pmsrc/src/network/mcpe/raklib/RakLibInterface(192): pocketmine\network\mcpe\NetworkSession->handleEncoded(string[45] c.abT.c`b`X.........[.s.m.Sv.Og.........@.[..)
#12 pmsrc/vendor/pocketmine/raklib-ipc/src/RakLibToUserThreadMessageReceiver(42): pocketmine\network\mcpe\raklib\RakLibInterface->onPacketReceive(integer 0, string[54] ...q._......4&d....XxK......l..$.f\..ab.....E..&..:..[)
#13 pmsrc/src/network/mcpe/raklib/RakLibInterface(122): raklib\server\ipc\RakLibToUserThreadMessageReceiver->handle(object pocketmine\network\mcpe\raklib\RakLibInterface#25975)
#14 pmsrc/vendor/pocketmine/snooze/src/SleeperHandler(123): pocketmine\network\mcpe\raklib\RakLibInterface->pocketmine\network\mcpe\raklib\{closure}()
#15 pmsrc/vendor/pocketmine/snooze/src/SleeperHandler(82): pocketmine\snooze\SleeperHandler->processNotifications()
#16 pmsrc/src/Server(1645): pocketmine\snooze\SleeperHandler->sleepUntil(double 1640861037.1793)
#17 pmsrc/src/Server(1034): pocketmine\Server->tickProcessor()
#18 pmsrc/src/PocketMine(301): pocketmine\Server->__construct(object BaseClassLoader#2, object pocketmine\utils\MainLogger#3, string[12] D:\FoxCraft\, string[20] D:\FoxCraft\plugins\)
#19 pmsrc/src/PocketMine(324): pocketmine\server()
#20 pmsrc(11): require(string[56] phar://D:/FoxCraft/PocketMine-MP.phar/src/PocketMine.php)

PocketMine-MP version: 4.0.0 [Protocol 475]
Git commit: 468faa464b2bc5c97f23fafbb71ea61035f6f218
uname -a: Windows NT DESKTOP-BVRHES0 10.0 build 19042 (Windows 10) AMD64
PHP Version: 8.0.13
Zend version: 4.0.13
OS: WINNT, win
Composer libraries: 
- adhocore/json-comment 1.1.2@fc2f76979f0a44a5f5bc2a2b600d0762fe0e78e7
- brick/math 0.9.3@ca57d18f028f84f777b2168cd1911b0dee2343ae
- daverandom/callback-validator unknown@unknown
- fgrosse/phpasn1 v2.3.0@20299033c35f4300eb656e7e8e88cf52d1d6694e
- netresearch/jsonmapper v4.0.0@8bbc021a8edb2e4a7ea2f8ad4fa9ec9dce2fcb8d
- pocketmine/bedrock-data 1.5.0+bedrock-1.18.0@482c679aa5ed0b81c088c2b1ff0b8110a94c8a6c
- pocketmine/bedrock-protocol 7.0.0+bedrock-1.18.0@040a883a4abb8c9b93114d5278cb5fecc635da82
- pocketmine/binaryutils 0.2.2@f883e1cf9099ed6a757a10a2f75b3333eeb2cdf9
- pocketmine/callback-validator 1.0.3@64787469766bcaa7e5885242e85c23c25e8c55a2
- pocketmine/classloader 0.2.0@49ea303993efdfb39cd302e2156d50aa78209e78
- pocketmine/color 0.2.0@09be6ea6d76f2e33d6813c39d29c22c46c17e1d2
- pocketmine/errorhandler 0.3.0@ec742b209e8056bbe855069c4eff94c9734ea19b
- pocketmine/locale-data 2.0.20@a6e4eb22587e0014f6d658732cf633262723f8d3
- pocketmine/log 0.4.0@e6c912c0f9055c81d23108ec2d179b96f404c043
- pocketmine/log-pthreads 0.4.0@61f709e8cf36bcc24e4efe02acded680a1ce23cd
- pocketmine/math 0.4.0@6d64e2555bd2e95ed024574f75d1cefc135c89fc
- pocketmine/nbt 0.3.0@98c4a04b55a915e18f83d3b0c9beb24a71abcd31
- pocketmine/pocketmine-mp 4.0.0@468faa464b2bc5c97f23fafbb71ea61035f6f218
- pocketmine/raklib 0.14.2@e3a861187470e1facc6625040128f447ebbcbaec
- pocketmine/raklib-ipc 0.1.1@922a6444b0c6c7daaa5aa5a832107e1ec4738aed
- pocketmine/snooze 0.3.1@0ac8fc2a781c419a1f64ebca4d5835028f59e29b
- ramsey/collection 1.2.2@cccc74ee5e328031b15640b51056ee8d3bb66c0a
- ramsey/uuid 4.2.3@fc9bb7fb5388691fd7373cd44dcb4d63bbcf24df
- rhumsaa/uuid unknown@unknown
- symfony/polyfill-ctype v1.23.0@46cd95797e9df938fdd2b03693b5fca5e64b01ce
- symfony/polyfill-php80 v1.23.1@1100343ed1a92e3a38f9ae122fc0eb21602547be
- symfony/polyfill-php81 v1.23.0@e66119f3de95efc359483f810c4c3e6436279436
- webmozart/assert 1.10.0@6964c76c7804814a842473e0c8fd15bab0f18e25
- webmozart/path-util 2.3.0@d939f7edc24c9a1bb9c0dee5cb05d8e859490725

Loaded plugins:
Alerts 1.0.0 by hachkingtohach1 for API(s) 4.0.0
BuilderTools 1.3.0-beta2 by CzechPMDevs, VixikHD for API(s) 4.0.0
CraftingTable 1.0.0 by hachkingtohach1 for API(s) 4.0.0
DevTools 1.15.0 by PocketMine Team for API(s) 4.0.0
EconomyAPI 5.7.3-PM4 by onebone for API(s) 4.0.0
FCCore 1.0.1 by hachkingtohach1 for API(s) 4.0.0
KeepInventory 1.0.0 by NhanAZ, KhoaGamingVN for API(s) 4.0.0
MaxEnchants 1.2.2 by Xenophilicy for API(s) 4.0.0
MultiWorld 1.7.0-beta3 by CzechPMDevs, VixikCZ, fuyutsuki, kaliiks for API(s) 4.0.0
MyItem 1.4.9 by hachkingtohach1 for API(s) 4.0.0
Netherite 2.0 by Wertzui123 for API(s) 4.0.0
PlayerStats 3.1.9_BETA by hachkingtohach1 for API(s) 4.0.0
PureEntities 2.0.0 by LeinneSW for API(s) 4.0.0
PurePerms 1.4.4 by Vecnavium , 64FF00 & ProjectInfinity for API(s) 4.0.0
ShopGUI 1.0.0 by hachkingtohach1 for API(s) 4.0.0

----------------------REPORT THE DATA BELOW THIS LINE-----------------------

===BEGIN CRASH DUMP===
eNrtXPlz20ay/lem5K2NXE+kcJIAU/b6kLxRxbb0LDlO7TLlNwAGJFYgwODQ4VT+9/d1z4AEKNlx
Em/t/mDnIDGY6fn67h6A/mUvLauVbN5fqarOymJv5h3sNdlK7c3siWcFE9typ+PAtkIvONhr1/qW
642d6dSf+uGE/rE8/2Avl3VzXFVltTf7Za+5XWPa3pmsaqUHD/ZWqq7lgobr26KRN0LRjQPRFupm
reJGJaIpL1Uh5nu/zvewIG3z/EWW04qj2Xz+orx5Xsm0mc/XebvIino+5+usWFzIKFfzeV3F8/lS
xstLjDUlfbPvTGpkfTmfn65V8fe3J+P1ck076V0M3cPBikNQPdwhujODSB4aiqCWZwWJL4QgKxnj
6z/3HlhivSJCV6pIyupwXcaXqllh4mEMwdV5KRNV8VbPZK2e09hLHtsP3IczsTM4ekwLeGC/bioA
+afn/CR+F+sPgfSBLf4oz4OrfTtw7kP5S5yXdVupX/8cSscIj/5TkGBz+EYtsrpRlUpe0mcBOU19
IPgt2oPL0eOyOClARcbNfhn9CzYotoqZz3krsjZ5q6r5/Iw/uwXHdPNBaLtOwBjdOxh5xv6EBHMP
1bscjB7HMs/1qj+LxuuhuS6rPDl8R/+Hnqzp/XiYgoawzyT8Hgm96aHec9+e2PYOEd5jPudNRo/b
Wp00anVa3McHgs1yPv8Bw2XlArI9nR6Ie+ZloDCfE51nOYYf2LY7CdwDkYHlhaqEc++qO9TD+6kP
xfjAmbpheCCaqlXM/KTHfKEasHd5uIrXCk5RJDlEcVL8Xa7UmSSK3+mxfXdi7YhluMvocWbUxRx9
tnB+N8fMwvSPsOA47g4LZin2wVqKrjwRirm7evRY332r1X9RyaIGs8gq97G6Q3hdlU0Zlzn8H7kD
sT0ryCLL6nY+v0vwSDaSzN0Nmdfgo9E1UkmFq1FHnsVx0pHuUdSc7Nu29+cFcB/93yWCjwME07BV
Zjr8mIJf64tz5Fva2A39T7P0Oft2rH0GG5+SEOnM0zqzrc/F7wefxj+c3yElEzFK/ZKiPxAmlbnh
T2Ks/zwzn+fPq0fjZ5dvx8/H44d/G6/V3/S45tf+GL+VvMyz6PCNvHyZRRzRU5QN+3bo/BG+j4u4
TFSyybj+TyIey+hiHP9f9H8/jrs//xzX49X4/Gp8utiMPcGoAet81KM02lG21pxo1BclfLS6WFZK
Jq90nfdGxSpDVbnv/QYbmiAy4pB/ys5a8IbSfhcHrY0OfI918PP4vWbA+2tCHz/efK+v8/H4L+N0
Ph9DADxwPB7/dTyegX3Npvt7deIQMx1isHxFhg5ZdPA/IYjf4UIfEckDxw9R5jBy76MKqouy/KBL
uPNcqbWquuhu/1Z0/6gqPmPNttbTAP0/ADDYNRU9dT4fzgMeBHVI93XZZGkWS3LS2uzbT93nrCAU
LJ7/mYRrun5bNFm+n5QtikTRa4PsaahDrz29ZxPL3U0d+s7ocZPFl2cacVkZmEGPwhmveYU1+65l
f4TI+/cxmESFsi1Wd+rtB/cXCC2YQT59JbPiZbmAAz3YBjEb9fiwt9rccqzdW5u2S3MQfoQDZ1cM
2k00346J+vtcQlbq5zarVBer/MlPYr2U1ezw8Gh22G3cIz56dTamCTt7Uhf3cO+nXw/21JdtQP8t
bSFgaorvUeKU+ZVaIeFgmwSSiJu97i5GBuRwgwI7MWdbuIlr28Yn94/CbCPUDXqJpBYX2Fv8QnMc
zJkTWdvlb+squ5KNEn/R23xLd7zdO1Su8h1/s3qi58AnslikbcGZUfStcgC3o38gdPHbUX3IoKZM
bN78pVlmNdyZp4pHA1DB7hwm86gjRFNCnvIrA3SsDqpj3wu1LN60xf5DMbsqs4RQOCQaYf4MkKAP
GrS3AwgPvyVUtF4L9Ff6ShIkHL9+bfq/Nv1fm/6vTf/Xpv9r0/+16f/a9H9t+r82/V+b/q9N/9em
/9/T9Hftck2N8VOos+FvhaTn1N3Awd7m8faePbbGFkZk2yzLqqZGbaeBIKJyndEdjyfjWhXUPCR7
M6oWD/YS2A/abEzBvbpMm6P+wEpy+36nL9Fouk86EoAK6ZTi9Pzi3embl0cYulZRjSqYljfNuoZU
rmUTL+tl1oyvlYry23Fcrg6p0XzWZjks4KIs8z7Pg+Eh5+7YGkWqkc6Q/+cfVLw8e3WkrmjBD9lN
dvnd0ZeSQkzE16sExOfzSGNrCNt8voP0s6SxyJplG7EMerAPB6Qgm+HRyVY4u0cq/xV28al+9XPk
ArFAvFkeV7fj+rZR9Rjh+jCR9TIqZZWwsUBKu4ayGRqKwfZ35bB1OnGh5OpLyaHbfz7vITHMnl88
fXPx9uy3TGCL7HBDA8weI2qWq9unZyc9dnuDfYb98XTsjs5eeUOey0JF+O9L8WrIofPWKEAT7Xcf
0Se1TEy9eP68rPq2bAZ2jdj+zxixRtN9fimz/R6ZeVOd93gfjv+GH79GDfb0Hxj7fllKtCeA/cPr
LyUITXw+HyDSmfcPxDQDFZy/kjeo6nE5SGj90SHXzngnqv+oinK9zPIsvv1SvPZIEocbKIOLz7Hl
V23eZHxw1OdtOzhkbWrSlvubaev5P/i9sdu2qdvLDN8vZZ5ll/W/JZmtCK85BBtg/zOJrEeI5HRL
ZyB9GemBoXy8cfif8XmNpvv8Uj6PFnepKl6z4Xs71mfd2fX0d6gtPrQZep4vxfOWIvfeGsQfdu8t
tcMtR2BZnxWeN3Lg7P3RPtvu2B6H758dXzz9z6i9h2tw8acr2jO0ksfow5pMDeTQH97R/64FvFRZ
Uajzd1+K+ZzpoQ8CBmUwgOkhot9XtHQQDwdUDPtnqlrt8q7Hdn1+p2D5QcWFvMralTgQE+/FC8sS
fxVoQKk1PCnSrMiaL5YH3usNtBwYXe/r58T/82W5pqeiWz67kf+SktzA2Xz5MrGNHv3KCgw3arey
7rpc5oAe4pIM2BB01bcXUGlHGTCK6fS/PxLLHBxhbX+sXL1PygYIBqPmufh2oK3y/nUim8H9NMuB
tT+yWK37l0uw17/OUNNe9Qf+VbMuN9erSDf+g7ESLSHNwjWXMXUjiaGkP2kdD+XwRqW54qPa/mjN
Eq2HQwncoj9yfvZysP1t/XNe0Gbmm9jc4hcCsg9DEdzcGK4JLpXbt3KVczhy+PJDttadVDj26TLP
ov5yXN6shlIvCZ5jWa5tO5TLz45OB6wn5XuGtjuIoWyosBLGXdeDiefZap2rH18NeN5BgEs6vdzh
c5VfU4YaDK4bPuckCXvGP8+WO7a3bItLPoFyWEguSyVbRFkhqYpHAnPGE5KEulJ5EplJRAq+s25K
M+BoYSVQtDZLkjfN2h40vd/u1btPL25kRVoO7Da5o/JsYCUsSrc/VCm4B/nhotW22NH/B9xNnJ7F
iBU94ZN3L9dmX9qRHvDKvB/M++5Orixrtf3lxUaefEqyN3Ms14HY6veIKnuzVOY1wln30GJv5k19
7JGRf3uTIJXSm3iRE8V+HE5Tx01lGkVTW0k6xvTTSerYAWi3Bsq7rEjK61q8vhBHx+ffX5yejZ79
8Oa743NL2EAhGIOwQ8tzxH432bYeiqevjiaUeuiXEz1ZfVDsQN7GTJbr9yXp5N3J69cXZJh0cc1V
E2LTuqxV9R7KrWRlkr1MlmCsUocUMUaYY96LsSkmPEljJ51OwmmYWtLzpJ/6UexIJ5pYVmJNJ06q
LDUN1JTEV2Xx5aEJktY4HLtPYulPEztILSdIAy+dTqeRY0+COLFD246sRCnH9VypOAJCIYg+SNT0
XDyS8eXoCl0EIiO9WgQBXhbldfHEfJK1LaqyrtUhWJZ1QS+fXDlkzk8cywlDy3VjyN9zLUtFE3+i
pipQQRCnvpPYyWQSerQr4nSlaiWreMn8r+R6zX53xUbxJIii2HJsGagkcpQnp0o6aSATL5WhisMk
Vk4aR0EycI7Ng1BglyxJf2z9TzcIuUJ7T7zAiSfTUEpfJVYU2LEFcE5kpyld2ZYMvTiQk/h+yltz
3JsS0F3qlmfJIHClJ6MoiMMoRITzEt+ZBnHkpyqOJ66fyMDZoc6BYuvVDhkAyCg7TkMrDFUykVN/
KoEOVuFHLv6gknTiJA2HlO5VIdUV7pOJNw2mHkxqMoliCYn6QeA7nqMCP3bc2PFVEPu+3IHWe3PH
QIMIQyVdyw1DV6VJGrlhnLiWoxzbnyS+BdKBY4Wwzh1KZV5uaVhhpCZw1mQKT1Wum0wCG4YTJk4Y
O07sTWJ7quxkBw2/wWaevXZR9ImKp54T0ZaB5U+iCAz51iSMPZWmUGY4dT0l7TAakspLKiM6U6HK
2rGeyInyIFfHD6bKsmwvnSQTfHedOJ24rjNxpgg0QeLuklowGI/ATOLQdmILevP9OAAHrm0FKobx
T2EOk9SzvNjy7lIY9RKNJjWx0ykxFacuNBY7HrDB7R0ZJzCIwJI2vMCNd3xgEweYRDLxlOP7fpQ4
KiSLdzx/ioDgJ1icxrYLjGG6Y+xF1GyEGwaxJy0vgmWEtq8QUwI3cSMLtg1BwTFtGUH99pDC9uuI
yyft1L8jbN95FquzkQfHUK4MJrYNW55ayk4lfGri+HA8G8HO86YKoSOSKr6PCj3R7eqYJ6HjyInn
eWBmEk8TiZBA/wauY1uwPRV7UzeQake++qFal+efWDIOEKth83bs2aG0U0gc/gWnD1yf4q8fKoeN
D4VwrW7JD7Z1HJ9jPYnxZ+op5SvXCVAURfAkz4p8G/asFOwtiiaT2JJbIm2b6fSDyItcEUKGaeS7
QTAJ7TSZulPYheclceQlE6yOU8dLUlq+bFe1lN36u8G9vl2lZXELDea3KCvyUVdCXwGqy0qMk9Cf
hlMVIvq4QZokTmS5k9BFgEPeUVCvBeO6jxYyRmBtaNlPEG4t5CGV2DJEEJCgFkplO4jtSB7IWJbj
e9Poo7TsHi41gVGEqZuQnadIQaEXwFdtK/ZiF6BcOG+I/+s2ZlV+kFVziNimKpN0yUIn4cSLp7CG
wPIC25OB58AIlAUdJ7YfychK7QAONSCyhseNKHhzHCEsSeiG6VQl8NkYJhFFYUw5148jy0+QDYEt
tKYgwx3SxrbGt1ykPhB02iLQWKTZoq34wa+gEk+kZSUGNdW8eCAulkikolYNPUOphayUaJZKlIWq
8UU2IpZFUTYiUiIr4rxF8MAXoR9YjpHQkHi5ywet83KFlSkR2KVZy1QdiJIOcWoiKSJEq0txW7aV
oSWyVKzQe6QZ74Dahl7wzW+J8Gt1vSGHrjGVbd7U4rosvmkEpX5ZCXS9JYJXRinslhDSS6ia7+ul
KkS7XlQyAYHxvJgXHbHZvBDiwbslny6JpsQuqFVBwjzihQzoHRcqqBN9m6Hq6C8gz1w1LC9qZWMl
dHKhkRVRhsRjNcollcQLNRNcldKNetk2qBGLkXnLeibme/optqB3BFQy32NkT/O8vBZ5VhPa7kVU
cZVJ8b+tqm5pzs/0ZWRuzfj9PF56zI29WSOAS1C5KKAxCIWoRbfCiJLm63OA0eZ2D+yDd/AYWATk
KpNEoPLS4iex0nN7sVKSXmugClRA6JEi0BCO+rmVOYltkV1hLoqKVol9s6lwrIdEXe+oRpVao68d
Qez0AH6G27z363YVQSqwqqf1bRHzm9r0bgXsaMwT3kJabNodpzRtWZVF2UJ7mF4fCD52FrrDIH84
EFRUV/qtIJYN/JHGVm1h3pXQxM9ZveAJVlaVNxksTEEMYIktt9iAI9kaQCcp2SrNIZs8EFnzDcTX
VLwsUQ29fEAms7NY7IOHFn7jsFiYjZHhdMakdm1VsnFUbVGQOhPqDss1K4HbkXosjtSV+S5W2WIJ
Z67Qih/0nc8YDkmkqtp1o0e1wEgwK2AzfLFy4ZTcayTaISS9Hg7Y9yMgGyGbQ8GfwbrGPUPD5JGe
tLG0ebFS2O5WO+Xf8zKC9dAZlNDj8INV1pBvr9RCRnxmJM61qC0WblbzM2FafkFau85Y8mxRcNrr
kSbUGVnNHKYZICIi8Vu+RCatlOq21EYObbXkpmJRQlEluSlZBW20YJgjhjYTFnGB3TkE64rsv54D
OtT7FP4luvk/h79uyjVDMOFzA8mQqwXCx5qyabIBRLt2qGzUnQYYB4F37BUGX/3NF0DIfsGQKGKI
uEXyKZB8hLpRccvBt9SQtUdSstrMVjexUkm95UgHrtOL45m4+O7kXLw8eXVyIZ6enb08OT4XZ8dv
xLvTN98fvzkQmCQuTjHrWLz77vTlsTh7c/r8+Px8vBsCBvJw/IkRx5mqspITMgXimhiMl4pDMktj
E2xtyB4lQcKxhaeMEAqVDrNM6nlZgE8EaFgT8fsxY9NGdr2kzAqZUAjS05iyJoLQuw3kOiPxHqeU
QyjP84Lx3dlkC+ZEGmpbq5jKAS1Zgqv1qtdueIB5qXW9ZdW1DK/1w/shGc5dw/lCVhE8Y7StrDkA
3S9ddjWCY1YJswqxeyWLlouPPhIUZi1s8OFBlxN2jbAzQ51eUzT5jeZ3tXXBsTjVMV8bPKqHss2T
DZYMSeS6EFv8tSa8ZvhgdGJZhlfs9oKDxZ0kyaajKWx4S6ty1SVbvdrMGPVNs69h4sZo8o5tiHtM
amAd513BSCqrsBOZoTHkpF2tdXWlSzhhbozoRqevI5pkFjB2htlxgCukeTi7vEfASNpIfNjhCkZW
162iwNAsobVFV21S0KLdtqgOOkXqGsEUlWONhqZ+VE4reTPis9i6w/5crmk0W7Ur5Fik14qIN7JA
VQlFCvODLkaxlSv5ixEle8xdG0OxvTaIeMMRVcEtkq630dhRqW/t2rT+GVhHX0/uXEjTMhP7nHHl
MOKz3g1vR4DCtQrKR5Ie0OkCQ1NZ8yvMQq/RHG65wzIjT81PtzNN3la7JMCc2gBD99OkPmWH88K8
vDszKQKl2bLMdYkZ0aNYrsQZck0/PBEmyXBs052PuatTS6Q2xaZObw/6WupuUVitbhsifiBGdk+B
rDzeeNR0YEwK4Ki9rWP5+QCVkInmnHoZLvRpMQYNrLH4DrUg/ziQijvx/OztAdYCQwT/us4SmD3X
Cjp6buiPmP5MTLqye1uR1yyd3tyxeJogUC1lnh6ildRtQqJgw2YrbCroXJAMrOeI27TXI9ZvRY5v
KKpRiSnzsSAQb8+Ks67Y3jaA1EsQqGukTVrYrov1yFzvdDevjNfV2Qe10SeV5Z0aa0p4pmRC2a7N
o5davdDRix6OxZlZk8tqwQuk6USNLfCOaSUXxAJ0ArHV65wrFmovVwBPzi4r0tPzPMMs3S/Te8Cq
bsSri7eMtAZLxHbUNoL6c1bldjvdXIy7WLNq2hGtmjHafn+oCn6IxL6eCjoY4B9zbthE/5umWTwW
nKWWkooAka0gm4Z0B23wX4mFMHXAWKC0Kwa9JEkg6nIgRoqWHM5rrVJdSmBuY2yUOFH6fMCEOtNN
HZ1ykXR0cv70Geojrqfagm2IAnZLkZKff+oiISNjNL8UTvr9xpbPra8nKmoXs65peyxsatZMybpE
uOL7wrTotT5UIG8u6lInb+MRNhHTqDW158sSTTx5Yderqa4b5yhOx8aillddtsBXtN76F3B0r9fG
Axg/mddFmzmT+VeZFfpAgCX1jfgxKm/I8ytxciT2f3x7cvQQeofbAwPmX0NtpJgM6R7OQT1clRj5
6PID3lBudVfA23989rKjb/q73sg3vBk9HOPCgdVrShHmrexOiEwavQG+Eb2Y8KhMU94W97L0dnTT
ZslWISzP0fBw5oJPV7Sr6b99TcuA5xq/amtzyhMjiDQ6zJo1I71mJszTU9pGpxATHs0ulANlsdj0
KAUty3dT8UE36ypT16NNgr7vQEwL9+mqbCl6pDrXmWACkXWipdxO0ZGPQqB++s7JGYvfcKruLWbG
C6Vb70hpYpFKyffrtbxmoyAbNb+qJNOi4WHS1+zTRhv2EQOF3IVqfkGC3RTy6X0orfthygqUEiE7
cwfYbjF9btC4Oyc8Ef3mk/yszhKdM4gfCZ3C4Oo26kthQUkUM1SiUydfbFIbHzUZ45BxrHLFnYI2
b941zy6xBfXJHIlyCdYXVXndLHUcwxZSLDW1XpCD99eNTskMdkTS6KCNtqLRrJ0c1T2+KEyT5jU1
oR+bbtg0R05dmcNrBkoCvZFwxAPARKu8VeT2WGujy/FdZZrgdS0z7maRTNDqaStal+s279zGXFC+
5zkmbbgObchtEHHJO1HGpciFksA0GDRiDvJmptShc0durvWwrhSMZQHINkIn26BHnjmin+jtDG0C
w3DYvEbQy+mIByP9Ktlm5hJ6m2ko4/VqtR5nJSNGqLtdUXMIV27onDWut9ApTZn7YnufWeAwJxeL
Si3MkaI5f9THLPTXGlzu8sf4EGtOj07phz0jkxR0fUDh61rpDkTCya95x5qBbxngsXHv0B95eiP5
dk0vJGnl3BEqFKrvG2NCJUTvDXAu6+Wb53Q2r/pneQdIDuulhFsoiuwVYejqUmSMVFXoPUYUFwtK
hvpul7t05pCDs0HzCkcv2baowVHbcGztQpghyFrW97s97mhV89VXa5OtthnEZGMiSvPJ6ilhkBYp
jNOGfOhpFnUH3OPtBuZOf4dOcp/O9yaZaE1qD+idJRkaIN8YeXanRkszqENctekkTHSgQ3g0awmX
QVm6IUQPydtKP3GhaNMdpejIC3omOnX5FjWZrE2fhtJa0ptP5ooKIGA0upp1StP3YKN0pjcT/+TK
BUXrAR/y/UREuQXbJu/+kyBmgyrpigM8HaPo4EVWpZp78yjHZ24fa+4YuP2m176B1RQBffh6X8ag
v4IiuYFn6Zy63XEmXrx8eqEHqdVQdLL2rXkj48APb8BRoQ7cmySrmgMOut+aSk8/a+kfWmgnpkQH
0ZozRdkaq8uhrPhW6F8mtlUXd7tOrdo8peGgAjpIRzE/Bas7OY26JzwwAV3WP3jB0YS34vkDIlwX
m5H3vZER15e9wq/Utb+6QWyrTZMbX1KbVHNDh+AWZWhQbnUhx/OIX0BBC6YzhXYVzSXTR2VUbcIx
PX7dVSo9pzzbqvg5P6zkp3VzVC0PXlSZOFKxcDzhODPXn/mWeHfyTDiWY9OE7onaI4UIi+tV2SSP
Bo82hX6aRjf15iPyvUc2/f0fO4NXEx52adg0C9kagzB2jFwvs0aN6Akcla68GfopU709ciwaWUg6
TUjUI77SD/02Y2YVnd/Sc57uen21NjskGTVYsOjbRwxtY6CbfPeIeebamEruR/pXFNW2XlZJbwo9
cX90dPzi6duXFz2e+Dmh2ZKzBbmuuR5Us48CGupV7Dxl79f/B8tMW8Q=
===END CRASH DUMP===
