PocketMine-MP Crash Dump Thu Feb 24 12:00:37 WIB 2022

Error: hachkingtohach1\MinePos\Commands\MinePos cannot implement pocketmine\command\PluginCommand - it is not an interface
File: plugins/MinePos/src/hachkingtohach1/MinePos/commands/MinePos
Line: 9
Type: E_ERROR

THIS CRASH WAS CAUSED BY A PLUGIN
BAD PLUGIN: MinePos

Code:
[1] <?php
[2] 
[3] namespace hachkingtohach1\MinePos\Commands;
[4] 
[5] use pocketmine\command\{Command, CommandSender, PluginCommand, CommandExecutor};
[6] use pocketmine\{Player, plugin\Plugin};
[7] use hachkingtohach1\MinePos\{MinePos as MP, math\Math};  
[8] 
[9] class MinePos extends Command implements PluginCommand {
[10] 
[11]     public $plugin;
[12] 
[13]     public function __construct(MP $plugin){
[14]         parent::__construct("minepos", "MinePos", ("/minepos [world]"), []);
[15]         $this->plugin = $plugin;
[16]     }
[17] 	
[18]     public function execute(CommandSender $player, string $commandLabel, array $args){
[19] 		if(!$player instanceof Player) return true;

Backtrace:

PocketMine-MP version: 4.2.1 [Protocol 486]
Git commit: 6d6551253173a498128c750c38e719f19880ad49
uname -a: Windows NT tranthien4-8sin 10.0 build 17763 (Windows Server 2016) AMD64
PHP Version: 8.0.13
Zend version: 4.0.13
OS: WINNT, win
Composer libraries: 
- adhocore/json-comment 1.1.2@fc2f76979f0a44a5f5bc2a2b600d0762fe0e78e7
- brick/math 0.9.3@ca57d18f028f84f777b2168cd1911b0dee2343ae
- daverandom/callback-validator unknown@unknown
- fgrosse/phpasn1 v2.4.0@eef488991d53e58e60c9554b09b1201ca5ba9296
- netresearch/jsonmapper v4.0.0@8bbc021a8edb2e4a7ea2f8ad4fa9ec9dce2fcb8d
- pocketmine/bedrock-data 1.6.0+bedrock-1.18.10@e98c511584a7bd58a95986374d2df4b04c6a2ba0
- pocketmine/bedrock-protocol 8.0.0+bedrock-1.18.10@017e57c8f8a74118bcbba7332e7ebac9e6c81693
- pocketmine/binaryutils 0.2.4@5ac7eea91afbad8dc498f5ce34ce6297d5e6ea9a
- pocketmine/callback-validator 1.0.3@64787469766bcaa7e5885242e85c23c25e8c55a2
- pocketmine/classloader 0.2.0@49ea303993efdfb39cd302e2156d50aa78209e78
- pocketmine/color 0.2.0@09be6ea6d76f2e33d6813c39d29c22c46c17e1d2
- pocketmine/errorhandler 0.6.0@dae214a04348b911e8219ebf125ff1c5589cc878
- pocketmine/locale-data 2.4.3@4d0b081f1a79407e087968ea76aaf330db6ea2b5
- pocketmine/log 0.4.0@e6c912c0f9055c81d23108ec2d179b96f404c043
- pocketmine/log-pthreads 0.4.0@61f709e8cf36bcc24e4efe02acded680a1ce23cd
- pocketmine/math 0.4.2@aacc3759a508a69dfa5bc4dfa770ab733c5c94bf
- pocketmine/nbt 0.3.2@3e0d9ef6b6c5fb45e3745a121296e75631b3eefe
- pocketmine/pocketmine-mp 4.2.1@6d6551253173a498128c750c38e719f19880ad49
- pocketmine/raklib 0.14.3@4798576fec0364266dce23b368a7fec5e5de7927
- pocketmine/raklib-ipc 0.1.1@922a6444b0c6c7daaa5aa5a832107e1ec4738aed
- pocketmine/snooze 0.3.1@0ac8fc2a781c419a1f64ebca4d5835028f59e29b
- ramsey/collection 1.2.2@cccc74ee5e328031b15640b51056ee8d3bb66c0a
- ramsey/uuid 4.2.3@fc9bb7fb5388691fd7373cd44dcb4d63bbcf24df
- rhumsaa/uuid unknown@unknown
- symfony/polyfill-ctype v1.24.0@30885182c981ab175d4d034db0f6f469898070ab
- symfony/polyfill-php80 v1.24.0@57b712b08eddb97c762a8caa32c84e037892d2e9
- symfony/polyfill-php81 v1.24.0@5de4ba2d41b15f9bd0e19b2ab9674135813ec98f
- webmozart/assert 1.10.0@6964c76c7804814a842473e0c8fd15bab0f18e25
- webmozart/path-util 2.3.0@d939f7edc24c9a1bb9c0dee5cb05d8e859490725

Loaded plugins:
Alerts 1.0.0 by hachkingtohach1 for API(s) 4.0.0
AlwaysSpawn 2.2.5 by Philip Shilling for API(s) 4.0.0
AuctionHouse 2.0.0-BETA1 by Shock95x for API(s) 4.0.0
BlockGenerator 0.1.0_beta by BlockHorizons, Chris-Prime for API(s) 4.0.0, 3.0.0
BuilderTools 1.3.0-beta2 by CzechPMDevs, VixikHD for API(s) 4.0.0
CraftingTable 1.0.0 by hachkingtohach1 for API(s) 4.0.0
CropGrowth 2.0.1 by NhanAZ, kaidoMC, YTBJero for API(s) 4.0.0
CustomItemLoader 2.3.1 by alvin0319 for API(s) 4.0.0
DEVirion 1.2.5-ALPHA12 by poggit, SOFe for API(s) 4.0.0
DevTools 1.15.0 by PocketMine Team for API(s) 4.0.0
Dungeon 1.0.3 by hachkingtohach1 for API(s) 4.0.0
EconomyAPI 5.7.3-PM4 by onebone for API(s) 4.0.0
EconomyJob 2.0.6 by onebone for API(s) 4.0.0
EnchantedUI 1.0 by ItsRealNise for API(s) 4.0.0
FCCore 1.10.1 by hachkingtohach1 for API(s) 4.0.0
FishingRod 1.0.1 by hachkingtohach1 for API(s) 4.0.0
FormAPI 1.4.0 by jojoe77777/DragonfireHD98 for API(s) 4.0.0
Gems 5.7.3-PM4 by onebone for API(s) 4.0.0
HealAndFeed 2.1.0 by Kylan1940 for API(s) 4.0.0
HealthTag 2.1.2 by Shelly7w7 for API(s) 4.0.0
InvCrashFix 0.0.1 by Muqsit for API(s) 4.0.0
InvSee 2.0.1 by BlockHorizons for API(s) 4.0.0
KeepInventory 1.0.0 by NhanAZ, KhoaGamingVN for API(s) 4.0.0
LaunchableTNT 1.0.1 by Vecnavium for API(s) 4.0.0
MaxEnchants 1.2.4 by Xenophilicy for API(s) 4.0.0
MinePos 1.3.5 by hachkingtohach1 for API(s) 4.0.0
MultiWorld 1.7.0-beta3 by CzechPMDevs, VixikCZ, fuyutsuki, kaliiks for API(s) 4.0.0
MyItem 1.7 by hachkingtohach1 for API(s) 4.0.0
NPC 1.0.0 by hachkingtohach1 for API(s) 4.0.0
Napthe 0.0.2 by hachkingtohach1,tungstenvn for API(s) 4.0.0
OreGen 2.0.0 by Xenophilicy for API(s) 4.0.0
Parties 2.0.1 by Didah (@Diduhless) for API(s) 4.0.0
PlayerStats 3.1.9_BETA by hachkingtohach1 for API(s) 4.0.0
PureChat 2.0.0 by Vecnavium, 64FF00 for API(s) 4.0.0
PureEntities 2.0.0 by LeinneSW for API(s) 4.0.0
PurePerms 1.4.5 by Vecnavium , 64FF00 & ProjectInfinity for API(s) 4.0.0
RedstoneCircuit 3.0.1 by tedo0627 for API(s) 4.0.0
Rewards 5.0 by Wertzui123 for API(s) 4.0.0
ScoreBoard 1.0 by hachkingtohach1 for API(s) 4.0.0
ShopGUI 1.0.0 by hachkingtohach1 for API(s) 4.0.0
SizeUI 1.0 by fernanACM for API(s) 4.0.0
SkyBlocksPM 1.0.1 by Vecnavium for API(s) 4.0.0
Spyglass 1.0.1 by ItsRealNise for API(s) 4.0.0
StackStorage 1.3.0 by Ree-jp for API(s) 4.0.0
VanillaEnchant 1.0.0 by hachkingtohach1 for API(s) 4.0.0
VanillaHopper 2.0.1 by ColinHDev for API(s) 4.0.0
VanillaX 3.0.0 by CLADevs for API(s) 4.0.0
VoteReward 1.1.0 by  for API(s) 4.0.0
WorldProtect 2.3.11 by aliuly for API(s) 4.0.0
_NewAlias 1.4.0 by Javier Leon9966 for API(s) 4.0.0
libEasyUI 1.0.2 by GiantQuartz for API(s) 4.0.0

----------------------REPORT THE DATA BELOW THIS LINE-----------------------

===BEGIN CRASH DUMP===
eNrNPIty20aSvzLLpC5xHUnhSQDKeU+KJMfeWBbXUmLfhinVABiQiEAAwUMSncq/X3fP4CnHlhPu
Jq5EBBozPf3ungfwyyTKii2vrm9FUcZZOjm0ppMq3orJob6w7IXjuqYzdw3D1OBBnatHc8fRbNfw
dMu0DUt3ppOEl9VZUWTF5PCHH6cTIS9/mVS7HDpMzq7PXr++eD2ZTraiLPkaYRsebG7idF1leKWv
VudxKpZZuVqdZNstT8OyBbGAp2lWsXibJ2Ir0orlWXAjqi08Xq0C2Xy1Wib1Ok5VbzZjMfQoGXbk
KYvTShQRDwQQEcUJUpBT+/JAjXJQFsHBiKr2mRqkbQxYEriaHHq/ThWi6zi9zZJbIhCwh3EhgmrS
PAVI1zXIQoHi0QH6P/+bb3KAGXANPyb8pBzElAOt7ONC+gr6WLKrDT91Kd4vnF9UhylTF5ciDUUx
ZQOptU/P7kVQV1nxK+JfvAfxL8uE77C/ZK+RPrV3VPvfpv6XRrO8ZOfLKQMb3MBj+PvrV4wBCley
5MFPAMYFrVQHcV8B4WVDZ2cT5ZAT9gt01zWJRkdBM/iX134SB+xzSTTSqiu56+awSVSnQQUuwa6v
gywtq6IOqi/Pl03XJ4TeUn2oHy+AisPDfvvVBIWVA8eTKVs1BoA38OhAPWM/3GVFEv64mjyZsh9+
fEJU2T3Mn1ebuJz9XQ7Mng6oX6h2v+INyn2FJqe7v8GMILWKLwc2gAilLoFsUBf7XFnNS+6LZMp4
UfAd+5wX61Ky7dE4qyqOvvyb6gv+VVY8DUQWMWkZT1ghqrpIGYhCfDUBN6kKdD8KEMr10AeOE1FU
dIVmD5gVYDppg9JEn2tzDSC8rjZZAY1/GIePCSDleYxPLGqMUSjlfiLCySFSMJ2EIkfLkQSUWVSd
9gFbTj76wGQlNc0vun3GAeVkeXF59ebi9ctTAN0Jv4wrCmpVlZeHBwd3vAo25Sau5ndC+MluDhI9
QBkcJ3d8V17m/C4dsNxB+3wbc2NuD/lebuIkztkl/EAAWu+L75zQlgrrasWJohIpWq1eAsui6Hi/
vDp+ffXdcsA5MVeTlT3PwPn73PXBQ/aA4tnXZ1fH+pDJyw1EGs++/yB3EU/KD7M3OQNXzLa74+WL
ScdqqZADk5KwDRIGGh6S+UE9I7dfJ4DnG5GKglcy2yl+Rw/6HGtzMOVrX1R8yDB1eZ4V8TuIHfDo
ZFOAyy8LzLdjGUCO+COaHgy1Wg2JfajrD/Bfxwk0vcqypO++A/DQiYHuGfJuDJk/eSeCzfL8VNxi
h+/j+/jm+em+DDtA5Pk2BOSrlS9pq5A2YH1I6aMcex1Xm9ond+6RfTBABbI5KXhUgSNdIcE94Qzh
ewxxH3eGD8S4AVWj28cIBuQC8o2ToNjNy10lynkqqoOQlxs/40V4ICWS5d8U2V21GYijBY7jwigi
vNrw9PhfALvhcZidn8DV/119/Q9RZPsyFDkCct/QhAVJnP4Oy1DEItd1WWXbF5XYKr/q8T5+NJSA
OZYAT27jVDMh+e6J4RYh8Dyi5SHkMQHh9Oz7uCD6WyZb0NDUIavNjl8unx/ro1CQZ2uQI8AuL56J
veU2Qrpa3RIpqxXaqrzqkfeR1AZePg50LWjIm26P/XhJZTMWf+xK8O2+2GrGBzY6Sj7AxnsMtaPs
oMWBzNbpWgz1qCDjiGX+SRFL0dNe7CtK9QqGjvkesM+/PXfm5mx5bg1lkKXCh//3pWWFbrUSkgrA
uVoNKPqoX6rW/8j8h0whcBx6F3+coVHl9Vjmfsr8ljlJ2ceZSwOItpUIvxuorAcd2eyQuRdV+Vrw
5FVcir1Zaw8ncNNR8rh8gkw9OznJin7doACjSPMgS/6nJkWSnOZ3X873LIb5R7p+nYV9zjvgOPjo
f1Lw6UjqX+9NClmxHcafBjLk3xqb8k/ZT5lw8N/BacHXWRrFhXh+6rn7MoNuAOBb0tRePMaqvxHb
fv6k2z8xoOL48u9jiH8OHn2chs+E6FtnHzoMow8izbe7hKe6Z2n7YqRFuFr1yHh8kMFO1eaKr0f8
SNiYG2M8QxdJsnPunH1xUzYIJTdExON5eZHewqyl3DyL73vc9KHDWfiD4HFe/wzo9sXMlrCtVnF6
GyABUXz/KTNroPtSiCEjCPjIHGm4iLAnVkbLBZKST2HmWyFy6CXSKit2PZ6G8I9Mhdvp37ebjH/D
txByv3+175nfgKI9TP5e8hqTP9Bz9eqqx/kQ/pGs9r0IUn4b19u95bMWI2ixT8no9jG6Pef3qr7p
B/Y+dDzvG8X2tyLNaOkx2O2Nvx5OVGJLy+DmUdyp/ZoeZ+0OznBZy/5zyrB2O6W3KfWHVqfP66SK
3+BuRJ/pDjjk21HLeeZHl/NO0HWjeldXZX0T0ypOEsc35b9lkW+L9NKWCgimT/sfWeDrIUI57XBl
pC8jCRjJ50+qTyUxze++6tJXy5Mew3j3V1m+BFo+LVr/pv2/4nm16SdeBRgXD8YHOZ1WdbouK5He
pv8215eENb+PiWYXhfhG9Nd0FODBhszvi9CfwMwgQEsqmt/HMLLkRRWLflhuIB+pj07jkG/Yl0fw
W28SUZZP9maTYYNytcolMatVR9WnBp6WQGKXdlMvKz7IsX1on20TSnXvGrfU/iRn7BE2uPnDvrms
C3Gy4VVfCA3oIzbc1VDTycJ69kzTPo1/Gmgpim35cDFr8ozTtmG5LDJA/xbCaFaXy7NZA+/tPF7L
wUEuivDu6lGGD23P0ioeW38f/BFJvBRxmorLN/ty5YTwgdEDDULRIJnqUfRpa9INiQcDLIp9qYQh
7xI2Xhyxf8ME2JRJLbD/YqCyn0RQvUijOI2rvcW3gZqJut7lYxT9WoRllaXiJC6COu5b/PjJ0PUf
RLxKhJm2MJy9uXuDcLUqFCWBpGS1ekjaI/i8g+qiHPAnIcNloZERvxFF9a6OdcPcG18dSmSEaPjd
E8AO14FCRfHrMsgK8TWWUz1+e8APLlP/x8J3R1D/+g8H78tNln8zWKFvIH+VIlLR017sq2y+jN+J
IeMS8EF1R6JIeXp8cr6vkNQiBP5ofPn7O6y7Iw2Zu9nR+lC5PO9z2IP+masbPToGN48JTZf5bo3n
DvtsNaCP8PTYLaVPUN9gR6mh4/Gro1CABTeXVVbQyduOoT74wUmdIVOvhZj9lO9NS1AtXP+Ur1Yl
klBKEoCzHkHyMOfvMFBJ6QwPVwZ4kOVAYSUuQRjf8zROEq4WgnriGD34i5w/HFI1vt9XlFJYn2d5
PjikMoR/ZH51kiVx+vxU3O5LGC3Clm1JyOj29yzttKR2zL99yPfbBwXWyApOXh7TOte+/ELhaxl8
2109xtG/zyoha44+Lx1wtH884mZPWisEcExnCW9h5MdHKVpdg5K8wmPzHfkD8IMzUg8OScV1stvf
CSnEtlrRYmIuSRjz88hZzXkdF1EskvCgO0Q/a15AqCAcHmx5WYniYMAuSOX6lbg7TmLez0Qd7CNb
wv+ATCgK9lJkqectFvuSi0TbYMWz0UCL+vkdzjhEdyDR/IovWPhnvNwNqqcONo7PozW5b2IIj/+s
OdTie/NOOfJq1VLwEZvGV0N4AYSDYkcnwWbny3m+4QXRgq80lLRWAIzKkx8TF+Mrrqz7Ab4c0YcE
PAHSoG8flm2vw6yCyD6AqvdvOkBdJP37kFeD51GcVGKAeL3N+7cbSBv9+zjI0ts+4KeSNNLeb335
UsEAlhVVexwa9YavDoQUtbpGeTCUw2sRJYKWVPrQkiRaDkEhFpQ9yOXy5WD4XflzkuJg6oq1j6rs
RqRQGA9EcH+vuEZyMeDs+DZRp/Px9l2cy3jq0arDO7DRfne4vd8OpZ4heYammbpueABYnl4MWA+z
ayJtDARQPFRYBlZaloOGl/RKzNvzAc8jCuC2EPJA6gB4V8Qj/efVBluihJvj58vNyPY2dXpTV3FS
GiQkeXQ1XvtxynHLFxKnQYfKEnELEdBXjRAV1CR5lSmAIYUVgqKlWWoqRXUh87obq/cc3+eK0ygb
2G34QOXxwEpIlGYfVAhwD/TDdS1tscH/L3A3drEMoCLrCR+9e5OrcXFEOkSf9Fen+u6OrsxL0b1q
B/KU9kOn0ieHhmZbILbyGqq1Ni5h1smCDLBa7gLGwNWgySJc2LZu2KbumNzyXN1wA8fWAtMVju5F
uue6Gg8ttKy6yaJxGmZ3JXt1xaASTqtNLFJr5pZxynTQKiMamO44C5N92TS+FAVQywxNXzxhx+en
C9y9xbfVekJ7J8iTrNZeNvk17plO3rx4RZvIdHNHKROCVJ6VorgGLRe8UMuYPNxkuNJwgKFjhq8e
yRfosEAxjqLAiJyF53iRxi2L25HtBwY3/IWmhZqzMCKhCQf4RjkWcXBzoKKlNvfm5lHAbSfU3Ugz
3Mi1IsdxfENfuEGoe7rua6EQhmmZXFAoBF4hDEFCggCb+DBpmN1CBRDKtztAkjdpdpceqV80u3WR
laU4AJZ5meIrZrcG5uAjISLLdT1PD21T2K5YaIFn25aveb4OwgSifO4ZHroEBOxClIIXwYb433JZ
gU9uyduOXN8PNEPnrgh9Q1jcEdyIXFBuxD0ReGEgjCjw3XDgJQe+CAu4mwHtnCS5mGv/3QBBru5c
Byo9N7B13XYBqx/aLvdsz12YjhUaYQTEWsEC5My196PuDJNs4SF6TXeE7QQgd+5Yuu76ge9zxzQN
4QgQricWgasvPHOEnmJG5+Ag0CObB44Q3NN55PPQDQMw+cgOhGkFYmF4TmiLBTzmQ0zvVSKdWT5a
WI7rWGBUi4UfcJCp7bq2YRnCtQPDDAxbgGRsek2ljxAn3Yk6xk+kaUeWJ7ipmZ5niiiMfNMLQlMz
hKHbi9DWALVraB7Y5whTlmQdDrAKpH8ROovIEKYZLlzdDEwvNLzAMAJrEYAk9XBEDb1iC1PAMFHk
gIqPQg5DW1yzTMv1wcKFa+ie8COIFVGkA0+uFwTumJwkw4qiMRY0YfPICjVfc/VI545naY7QXMdb
uII7C84j09RCH0g2fHuMaU20kBMsAk83Ai3yNNsGVYeGqWuuCIxQdzzfW0QWWBhQ+gDDrJdyJKqF
HjkgRjeITFBYYFjCEuD3Bg9CAdLSuA5uYAYjJ2gDAcTZI86DwHRsj9uayxdeGIEPBhb8OI7GfTDL
wA48y4+GKFK/anLTkSm00BPRwl8EduRbtgBPsbluQAZfCMdemLpvguOLIYZetU+FFMX8o08I4D1c
Bb+RpQWEWtKR47k2GI0INHNhGYsFRgPTNxfgcQC0hR0KxzOc92GZxXnQVDRHnmHwhWWBzweLwAk5
5zb+55qGDqrXRWA5psvFSL5lmmXvRJPxjzQOvg6h2XH1wNI9rkcLS4B7WRBaTBsDsO0Jw8ND3VAS
l2KHbtBVdHg4yDgK4J9jCQHSNVwoj3xwJEvzbV2zF0K4oen7i0Wg8Q5JXcehkqsJycLzfSfybdN1
F54ehY7pgF1YVhj4VriA3kFkgNax+6belpw3/R9G93K3jbJ0BxpMdlBgJLOmmL4FUtEqTQ2ihu4a
AeiP+7pjh+A0phX6WgTGvfBcz9XQuN6HC1KGq/Vw2Y7v6AZ4nAhD33MCSGzchdBkGoFrCc10XM8I
DeH9Fi69jysUls+N0ELpRZ4fakL3fIODz0EgNm2ILpA53EhOVrbZO5gjHUBoE0XVHCsHl/MWFlAR
OK5muRBSXMsAIxAa6DjUIX0Bk7orDHuAJAePm2HsVrNzCEie6UWOCMFnAzAJ3/cCTLp24Gt26EK8
9SxPcwANzZVa25rvqFz9jOFcmwV4lHldF5xeYcZij0VZwQbV1Sr9jF1tIJOyUlT48lrJeCFYtREs
S0UJF7xqPiPgCxanQVJD8IAL6IBVzhwSGmRe2sAEXJfZFnpGiGCMs+SRmLIMnhT0ZQLmQ7S6Ybus
LhQuFkdsC7MQmPDjCFDc4KcAkh0ihql7i+4ASl1eJ1XJ7rL0i4ph7ucFg1lsBsErxgy2Qwrx/W/J
991GpKzO1wUPAcF8la7SBtnhKmXsszcbgYSxKoNRoGoFFOqt7pIKvxJL61A+JlJl8Gcgz0RUJC9c
LKRPD2BuQcgWMYPEAzFLOBbHa3HIqD7FB+WmrqBaTGfq0w6HbDVRheOq1nRdh7+aMNnNZlXrIozi
Fgx3XrpmCV5xPf7bakIsHCdJdseSuES21OcFSnYbc/bPWhQ7bPMzXjTLJ4f0hjl1PaNZverD8CsA
WFgyUC1ID7H5O6Zkju3lIsCsfdzj6rM34FpgOqAAHoYMajSpJ5Q/aOaGbQUv60J+jQK04wskGqQo
fq55gvJdx7fQFoqPWrAv1aBQSj9B7HJEMStEDlPhGehnvRbFITymsV/VWx/EB+Z3XO7S4IqXN2Ah
xQ0Y3JwafFeCDtEHGk6x2abI0qwGNUPzcspo0YrJSQk6zpRh+Q2M4OyDZAOOi7BtnYKpYROJ/JLs
AHgCcyyy+xhMUYAYgCUy8bQlDmWrCHoRoVFjGzTeKYurL0B8VUHdQoGLWWRbo87sS+ABvxRhkFiI
jZni9JBQjY2ak3EUdZqiOkOcUGY5KYFmMOWcnYpbdc228XoDXo8nsKd9L1WGgxIpijqvJFQKDAWz
BdoUX6Rc8F6alYTSc/htFodA9vspQBtBm4OpQQzWNe8ZGjSeyUatpa3SrYDhdtJ7v0kyH6wH15+Y
hIMfbPE7Jincr7lPy/fsUopaI+HGJb21i92vUGt3MUmeLAq8+24mETVGVhKH+GoIfhVF4GlnRBMV
QjRDSiMHbdXoz2ydgaIy9Ge0ChxoTWTOiLRDpiEXMDrFalm6/eU5wAW9D9G/4UX4x+gvqywnElSc
bUlS6EoG4SPHtBu2BOGoDVW6ZliKMAoCb8grFH3lF3ugkPyCSMKIwYK6wA+YgKfLj4SgdWeSZOmR
mNXa1uI+ECIsO45k4Lq4OjtkV89fXLKXL85fXLHj5fLli7NLtjx7zd5cvP727PWUQSN2dQGtztib
5xcvz9jy9cXJ2eXlfBwCBvIw7IUSx1IUcUaZGwNxiQwGG0EhmaTRBlsdZA+1Q0ixhZrMIBQKGWYJ
1UmWAp8QoMGakN/fMjZpZHcbTMEgEwxBshlhlkgg9HaBXGYkGuMCcwgWBNRh/rA12oJajga15SLA
ukFKFsmVepV9Wx7AvERedqyamuK1fPJ+khTnpuJ8zQsfPGPWleAUgN4vXXI1JEf1YqoXxO4tT2uq
UvqUQAVXgw0+mTY5YWyEjRnK9BrBXKWS/G47F5yzCxnzpcFDmZHVSdjSEkMSuUtZR38pEedEPjC6
0DTFK4z2jILFgyRJpiMxtLxFRbZtkq3srVrM+qbZ1zByozT5wDbYe0xqYB2XTWWJKisy+vpKY8hh
vc1lGSZrPaYezPBBo69TbKQ6EO1EZsMBfl/pToCz8/cIGJI2JD4Y4RaMrCxrgYGh2oDW1k1ZikEL
R+uomjaKlDWCqj7nkhps+pty2vL7GS3flg3tJzxHaLytt5Bj6VNEgJw+I4SKZOrTQkRFJ1f0FyVK
8piHNgZVea4oogFnWC7XkHStVmOnmXw0tmmsjTDqSfyyceNCEpdq2OeMKocZLQ+3vJ0CKVSrQPmI
0gPqZIEhseQcJy9M9pEcdtxBNyVPyU8zMjbuql0UYILzBYX3w6g+ZIerNBUVKuxQpQgozTZZIktM
H890USVOJEPVBCakkgzFNjlFUk9lavFFW2zK9PZZX0vNIwyrxa5C5FM203sKJOXRwLOqIUalAIra
XR1LWwpYQoaSc5z0UKGPnQGoyJqz51ALgi09peKOnSy/mzI8YQ0N0/AuDsHsqVaQ0bPFPyP8h2zR
lN1dRV6SdHpt5+w4hEC14Ul0AHNOOU0IBdiwGgoGZbh+iAbWc8Qu7fWQ9aciZ/cY1bDE5MmcIRHf
LdNlU2x3M0WcSyBRuNWPHes8zWfqfjS7OVdeV8bvRKtPLMsbNZaY8FTJBGW7NI9earU8Q3Z6MmdL
1SfhxZo6cDVlVbZAI0YFXyMLoBMQW5knVLHgPHQLxKOz8wL1dJLE9DE3nFgXMJkSZcXOr74jSktg
Cdn264o+60eq7IaTk4t5E2u2VT3DXodEbX9+KFLadyJfj+jLcnRSqGUTJspRFAdzRllqw0v6gOAW
ZFOh7kAb9NlECFNTogWUdktEb1ASEHUpEEOK5hTOS6lSWUpA20rZKHIi5EKCCnVqNnV6QUXS6YvL
46+hPqJ6qk7JhjBg1xgpactUFgkxGqP6+GDYn290fHa+Hgq/Xh82k7a/Mx0na6pk3UC4oudMzeVL
ufqA3pyWmUzeyiN0RCaplthONllW0gpFM1cTzWycojguL7OS3zbZAi7xBAQ+o6Xn3jQeCKPTCLJo
U4s3P2VxKhcESFJfsLd+do+eX7AXp+zLt9+9OH2C3xEMNkADtL8DtaFi8Dg+OAfO4YpQyUeWH+AN
Wae7FLz97dcvG/xqfteDfEGD0bcZaf0E1atKEeIta5aSVBq9B/pmeCLhaRZFNCw8i6Pd7L6Ow04h
JM/ZcBXnipZhpKvJL3RKGVCkV35Vl2o5KIAgUskwq/rMZJ9DpjZccRiZQlR4VKNgDuTpup2jpNgt
GafiadPqNhZ3szZBv2/lTAr3eJvVGD0imetUMAGRNaLF3I7RkZZCQP14TckZOr+mVN3rTIynQk69
fSGR+SJC36fv05ErbRo7I9NC8DDpS/ZxoJZ9iIGMj0kFXgLKWkxAPn0fldr7yeQFYAoZb8wdiG06
429LjTla4fHpUCp+PjEOZc5AfjjoFAyurP2+FNaYRKGFCGXqpJs2tdFSkzIOHgQiETRTkOZNoybx
DQyB82SKRAkH1tf0qSsZx2AIzjYSWy/IgfeXlUzJROwMpdGQNutEI1l7cVr2+MIwjZqX2JjcYG3Z
VEtOTZlDfQZKAnwzZrDPgEw88doqslvWanU5f6hMFbzueEyzWUgmMNWTVpRneZ00bqNuMN9TG5U2
TAMHpGkQckkjYcbFyAUlgZpgIEQt5B2qUgfXHWlyLcGyUlCWhV9XbCN02AU99MwZfhd2BGoDwxCs
Th70cjrEg5k8XNW23IDeDiUp83y7zedxRhRDqNttcXIIrlzhOmtQdqRjmlLPWfecWKAwx9frQqzV
kqJaf5TLLPh9z5sxf0QfxJqL04tDkMdMJQVZH2D4uhNyBsLBye9oxJII7xgg2Ly3OwB5upV8neMZ
JqmcB0IFhcrnypigEsITBpTLevnmBBfxRX8tbwrJId9wcAuBkb1AGpq6FDJGJAqYe8wwLqaYDOXT
JnfJzMEHa4Pq1Ecv2dZQg0NtQ7G1CWEKIWlZPm/GeKBVyVdfrVW87TKIysaIFNuj1WPCQC1iGMcB
adFTdWoWuOfdAOpJf4RGch/O9yqZSE1KD+itJSkcgL5S8mxWjTYKKENc0c4kVHTARXiYrIVUBsVR
iwg30+tCbs1gtGmWUmTkBXwqOjX5luPxQjVPg9Ka42EpdYcFENCodHXYKE0+AxvFNb1D9gNVLlC0
TmmR70dEKhNzm7z7W0bEBlbSBQV4XEZpvrZJ6yPvy6MUn2n6WNKMgabf+AZ6nghVBPTJl+MSXBr6
Z6VAN7A0S962IwJP8jjxNVIkX5KnFjjvELjM9pU6xzG1vXt6n2tq3odxUU0pAn+lyj658dJfwZAe
jVkP5KwWGHmtTDABzQU7Jr+KXBdNEG6mbUW7ZUMRBvBAbgpo76xshDZrtnvAHmSN/9kzCi00FLUf
IKEiWUGue5AZFZu9KjDL1ZeRIdCVasYb3NB7WzS7g0jnxzBb2cmqjtohv/TB40SmDek3kkvCD2VS
0cZm3LQdaxh3N5edvk9oi5P2+FZQwgBlNXsmfGZYTDMOrcWh6bI3L75mhmYY2KDZh3sqINzC/Tar
wqeXdXEbQxWAADngDJ3vqe7ppjEC3i4IbCJYzRbiHIBg7QC528SVmOEW3FON0MN0ShVvT22CrDku
JoRCPpebgy0M6l2E4vItbvM09/ltrvCHMc6vwKB3T4mw1j7bdPeUuKTSGCvupy95HpcdDO271wR3
5p+enj07/u7lVY8j2iZUQ1KyQM9V94Ni9qmLoF7BTk0mv/4/vlB1yw==
===END CRASH DUMP===
