PocketMine-MP Crash Dump Thu Dec 30 17:42:05 WIB 2021

Error: Undefined variable $player
File: plugins/CraftingTable/src/hachkingtohach1/CraftingTable/task/OpenGUI
Line: 20
Type: ErrorException

THIS CRASH WAS CAUSED BY A PLUGIN
BAD PLUGIN: CraftingTable

Code:
[11] class OpenGUI extends Task {
[12] 	
[13] 	private $plugin;
[14] 	
[15] 	public function __construct(CraftingTable $plugin, Player $player){
[16] 		$this->plugin = $plugin;
[17] 	}	
[18] 	
[19] 	public function onRun() :void{
[20]         $this->plugin->craftingTable($player);		
[21] 	}
[22] }	

Backtrace:
#0 plugins/CraftingTable/src/hachkingtohach1/CraftingTable/task/OpenGUI(20): pocketmine\errorhandler\ErrorToExceptionHandler::handle(integer 2, string[26] Undefined variable $player, string[84] D:\FoxCraft\plugins\CraftingTable\src\hachkingtohach1\CraftingTable\task\OpenGUI, integer 20)
#1 pmsrc/src/scheduler/TaskHandler(117): hachkingtohach1\CraftingTable\task\OpenGUI->onRun()
#2 pmsrc/src/scheduler/TaskScheduler(141): pocketmine\scheduler\TaskHandler->run()
#3 pmsrc/src/plugin/PluginManager(467): pocketmine\scheduler\TaskScheduler->mainThreadHeartbeat(integer 222)
#4 pmsrc/src/Server(1753): pocketmine\plugin\PluginManager->tickSchedulers(integer 222)
#5 pmsrc/src/Server(1642): pocketmine\Server->tick()
#6 pmsrc/src/Server(1034): pocketmine\Server->tickProcessor()
#7 pmsrc/src/PocketMine(301): pocketmine\Server->__construct(object BaseClassLoader#2, object pocketmine\utils\MainLogger#3, string[12] D:\FoxCraft\, string[20] D:\FoxCraft\plugins\)
#8 pmsrc/src/PocketMine(324): pocketmine\server()
#9 pmsrc(11): require(string[56] phar://D:/FoxCraft/PocketMine-MP.phar/src/PocketMine.php)

PocketMine-MP version: 4.0.0 [Protocol 475]
Git commit: 468faa464b2bc5c97f23fafbb71ea61035f6f218
uname -a: Windows NT DESKTOP-BVRHES0 10.0 build 19042 (Windows 10) AMD64
PHP Version: 8.0.13
Zend version: 4.0.13
OS: WINNT, win
Composer libraries: 
- adhocore/json-comment 1.1.2@fc2f76979f0a44a5f5bc2a2b600d0762fe0e78e7
- brick/math 0.9.3@ca57d18f028f84f777b2168cd1911b0dee2343ae
- daverandom/callback-validator unknown@unknown
- fgrosse/phpasn1 v2.3.0@20299033c35f4300eb656e7e8e88cf52d1d6694e
- netresearch/jsonmapper v4.0.0@8bbc021a8edb2e4a7ea2f8ad4fa9ec9dce2fcb8d
- pocketmine/bedrock-data 1.5.0+bedrock-1.18.0@482c679aa5ed0b81c088c2b1ff0b8110a94c8a6c
- pocketmine/bedrock-protocol 7.0.0+bedrock-1.18.0@040a883a4abb8c9b93114d5278cb5fecc635da82
- pocketmine/binaryutils 0.2.2@f883e1cf9099ed6a757a10a2f75b3333eeb2cdf9
- pocketmine/callback-validator 1.0.3@64787469766bcaa7e5885242e85c23c25e8c55a2
- pocketmine/classloader 0.2.0@49ea303993efdfb39cd302e2156d50aa78209e78
- pocketmine/color 0.2.0@09be6ea6d76f2e33d6813c39d29c22c46c17e1d2
- pocketmine/errorhandler 0.3.0@ec742b209e8056bbe855069c4eff94c9734ea19b
- pocketmine/locale-data 2.0.20@a6e4eb22587e0014f6d658732cf633262723f8d3
- pocketmine/log 0.4.0@e6c912c0f9055c81d23108ec2d179b96f404c043
- pocketmine/log-pthreads 0.4.0@61f709e8cf36bcc24e4efe02acded680a1ce23cd
- pocketmine/math 0.4.0@6d64e2555bd2e95ed024574f75d1cefc135c89fc
- pocketmine/nbt 0.3.0@98c4a04b55a915e18f83d3b0c9beb24a71abcd31
- pocketmine/pocketmine-mp 4.0.0@468faa464b2bc5c97f23fafbb71ea61035f6f218
- pocketmine/raklib 0.14.2@e3a861187470e1facc6625040128f447ebbcbaec
- pocketmine/raklib-ipc 0.1.1@922a6444b0c6c7daaa5aa5a832107e1ec4738aed
- pocketmine/snooze 0.3.1@0ac8fc2a781c419a1f64ebca4d5835028f59e29b
- ramsey/collection 1.2.2@cccc74ee5e328031b15640b51056ee8d3bb66c0a
- ramsey/uuid 4.2.3@fc9bb7fb5388691fd7373cd44dcb4d63bbcf24df
- rhumsaa/uuid unknown@unknown
- symfony/polyfill-ctype v1.23.0@46cd95797e9df938fdd2b03693b5fca5e64b01ce
- symfony/polyfill-php80 v1.23.1@1100343ed1a92e3a38f9ae122fc0eb21602547be
- symfony/polyfill-php81 v1.23.0@e66119f3de95efc359483f810c4c3e6436279436
- webmozart/assert 1.10.0@6964c76c7804814a842473e0c8fd15bab0f18e25
- webmozart/path-util 2.3.0@d939f7edc24c9a1bb9c0dee5cb05d8e859490725

Loaded plugins:
Alerts 1.0.0 by hachkingtohach1 for API(s) 4.0.0
BuilderTools 1.3.0-beta2 by CzechPMDevs, VixikHD for API(s) 4.0.0
CraftingTable 1.0.0 by hachkingtohach1 for API(s) 4.0.0
DevTools 1.15.0 by PocketMine Team for API(s) 4.0.0
EconomyAPI 5.7.3-PM4 by onebone for API(s) 4.0.0
FCCore 1.0.1 by hachkingtohach1 for API(s) 4.0.0
KeepInventory 1.0.0 by NhanAZ, KhoaGamingVN for API(s) 4.0.0
MaxEnchants 1.2.2 by Xenophilicy for API(s) 4.0.0
MultiWorld 1.7.0-beta3 by CzechPMDevs, VixikCZ, fuyutsuki, kaliiks for API(s) 4.0.0
MyItem 1.4.9 by hachkingtohach1 for API(s) 4.0.0
Netherite 2.0 by Wertzui123 for API(s) 4.0.0
PlayerStats 3.1.9_BETA by hachkingtohach1 for API(s) 4.0.0
PureEntities 2.0.0 by LeinneSW for API(s) 4.0.0
PurePerms 1.4.4 by Vecnavium , 64FF00 & ProjectInfinity for API(s) 4.0.0
ShopGUI 1.0.0 by hachkingtohach1 for API(s) 4.0.0

----------------------REPORT THE DATA BELOW THIS LINE-----------------------

===BEGIN CRASH DUMP===
eNrtO2lv3EaWf6UgDzYyttni3WQHNixL8liIbWktOQ5mOjCKxWI3R2yS4SGpPch/3/deFa+27Myh
QeZDjMmIrOPdZxX77wdJUW158+lWVnVa5AdLd3bQpFt5sLR81wx8M7S9uRNYjj07aEs145rzhb1Y
uFbo+QvLDCxvdpDxujmrqqI6WP79oNmVsOyA3s/uhYR9AHp2sJV1zdc49SGPZZLmMma3vEp5lEn2
pzLjO1nBsqTNsldphutOl6vVq+L+pOJJs1qVWbtO83q1ovc0X1/jztWqrsRqteFicwNjTYFP1heL
Gl7frFYXpcz//OF8Xm5KxKSwaLhHkx1HAPVoD+jeCgR5pCECtAwYOljaJkiw4gIe/3rwxGSPAfzQ
Np8uWVmIG9lsActqJVG2G57HmaxWK5L0ddHL+rWaWC7VisM0b+RaVsyesbqpAMVfbf9n9nUl9MsC
92f2n9LBjPVkmU9BfE8sVm5RLvSf2Mi4BR6OrmGP5ufQshYgh38Ki/G8yN+3+SFhsL+K4ap7O7Rc
a0/W/crVakSM8bzqwDojsEo+R5f05y3Pwd6rQ9dffBtmj954vuVpfr2pJI9fS141keTNoD/bJoTu
COGVrG6R7IXn7OFQpKxWE1qM500qBnz1F7C9B2D7rr0HW80oYEoI/gP7TMf9xr7LqhAQEYpKAViM
AFzSlrew5dAxra/A+PRJFDkYaiuawyL6mxQNe8lreQKxqH5T8FhWT8Dg9cwYQNukGVjwW5D0m2IN
zD9xeou37H2LH3zG/KozEAPBVxiw94VQK/HQplBtAtOGRZX8pU0reagReuCk5YZXy6Oj0+VRh3YE
23h7OccFeygxuj09+PnX2YF8rJD8HwmUQKCC+CnNb4vsVm5l3gCaGGQgmoNuFkYm4GBCFLFEtiwL
JgUqnGnwTN43Mo9rhm7F/g5rLRvWrBCc5dBTWaW3vCH2EPz3OOP2azy1po2yVLCkzQVKio1tbUJM
B2XGLklYndCeEmqfgK2aPzWbtDaeq6Xs2QT1gtb8qrAHPR3hg3ToYMaWt0UaIwrbhHVM/5ugMZ6L
MaGHHWHfI0G401KI8RFFhBT8+kfu+iN3/ZG7/shdv3fu6mJ/jVH+GJTd0FPOsQHpBmYHfdtyYM3N
uQkjvG02RVVjANvzNQTKyxRnXFoM7zJHt4sPlqAJOTuIZYm5A5bAXF0kzel4AK0bMH3hwoqa7i/m
N1AgLLy8uLr+ePH+zSkM3cmoThukfdM0ZQ1SueON2NSbtJnfSRllu7kotkcYgF+2aQb6vy6KbMzz
ZHjKuTM3jUg23J7yf/JZis3l21N5ixt+TO/Tm9enjyUFgcDLbQzAV6tI0dYgbavVHqX/kDTWabNp
I5LBiOyjCSiQzbQOGISzXx/8V9jFXmjfp/E35QJiAfGmmah283rXyHqey+Yo5vUmKngVk7GAlPYN
pR+aisHy9uUwOB27lnz7WHLo8K9WI0o0s1fXx++vP1z+lgkMlB31MIDZM4iZxXZ3fHk+Ync0OGbY
my/mjnH51p3yXOQygv8ei1cNDmoaRQXAhIpmTNE3tYxMvTo5KaqxLeuBfSO2fh8jVtR0fx/LbH+Q
sjzPb6HcL6rdiPfp+G/48TuoEI//AmM/bAr+Zw75af3ju8cShAK+Wk0oUnn3X4hpmlTg/C2/P8sF
vE4S2nh0yrU934vqP8m8KDcpdAW7x+J1BBI57EmZvPwjtvy2zZr0Y1Fl8Zi3YXDK2kKnLec309bJ
X+hYcNc2dXuTwvMNz9L0pv6PJLMt0nuH9AL/Y9r/nUQ2AoRy2p03cjuWkRqYysedh7+Pzytqur+P
5fPvZLORFe3p+R7Gxqzb+57+EWqLz21q2c5j8TxAXK16Iv5l9x6gHQ0cAcvqSOCq4RNnH4+O2Xbm
1jz89PLs+vj3UfuIrsnLv13RXraVPMubtEnlRA7j4T3971vAG5nmubz6+FjMZwQPuiCgQWoagOkp
Rf9c0dKReDSBotm/lNV2n3c1tu/zewXLj1Lk/DZtt2zGfPfVK9Nk/8Og+8TG8DxP0jxtHi0PfFII
lByIutHjPxL/rzZFiUd8A5/dyH9JSa7J6R8eJ7bhOSavgOFG7lfWXZdLHODJJMqADEFVfQcBlnaY
ASOx5c1mPCJ4BhzB3vFYsf0UFw1QMBnVx7vDQFtl4/eYN5P5JM2A1vHIeluOXzfA3vg9hZr2djzw
t5p02b9vI9X4T8YKaAlxFbxTGVM3HBmKx4tKMZXDe5lkkg47x6M1SbSeDsXgFuORq8s3E/S7+pcs
R2T6ifVTTXEj8/TzVAT395prJBfL7R3fZhSObHr9nJaqkwrnHr5maTTeDq/326nUCyTPNk3HsmzM
5ZenFxPW4+ITkbY/CEPpVGEFGHddTxZepdsykz+9nfC8RwG84mncHp/b7A4z1GSwbOjcDiXsav+8
3OzZ3qbNb+j8ySYhOSSVdB2lOccqHhKYPfdREvJWZnGkFyEo8J2yKfSArYQVg6KVWaK8cdVwzvRp
wDWax1uINE+Kid3GX6g8nVgJidIZD1US3AP9cN0qW+zg/wXcjV1cCogVI+Gjd29KjRcxylxWPBsH
87G7oyvzWg436r086ZQE7z3wMj2tP0FUOVgmPKshnJVV0RSiAKjuwgMcKfq36wcJ567vRnYkPBEu
EttJeBJFC0ty3zIdL/ET2woAdqtJ+ZjmcXFXs3fX7PTs6ofri0vj5Y/vX59dmcwCKhjRwKzQdG12
2C22zKfs+O2pj6kHL8ZHsvosyYHc3kw25acCdfLx/N27azRMfLmjqgliU1nUsvoEyq14pZM9jzfA
WCWPMGIYsEZf8lgYE14kwk4WfrgIE5O7LvcSLxI2tyPfNGNz4duJNOUikAsUX5WKmyMdJM15OHde
CO4tYitITDtIAjdZLBaRbfmBiK3QsiIzltJ2XIdLioCgEIg+kKghrmYRFzfGLXQREBnxhgwEeJMX
d/kL/RetbV0VdS2PgGVe53hZcmujOb+wTTsMTccRIH/XMU0Z+Z4vFzKQQSASz46t2PdDF7FCnK5k
LXklNsT/lpcl+d0tGcWLIIqEaVs8kHFkS5cvJLeTgMduwkMpwlhIOxFREE+c4yiScQVvBtDOSZLe
3PzfbhDkCtp74Qa28Bch556MzSiwhAnE2ZGVJPhmmTx0RcB98TDkwRwPFkjoPnTTNXkQONzlURSI
MAohwrmxZy8CEXmJFMJ3vJgH9h50ChSDV9toAABGWiIJzTCUsc8X3oIDdWAVXuTAP6gkbREn4RTS
gyrEusJ54buLYOGCSfl+JDhI1AsCz3ZtGXjCdoTtyUB4Ht8jje4Qs0KHSiQNRBhK7phOGDoyiZPI
CUXsmLa0Lc+PPRNAB7YZgnXuQSqyYoBhhpH0wVnjBXiqdJzYDywwnDC2Q2HbwvWFtZBWvEfN+Ias
i6IvpFi4doQoA9PzowgY8kw/FK5MElBmuHBcya0wmoLKCiwjOlPByto2X3BfuiBX2wsW0jQtN/Fj
H54dWyS+49i+vYBAE8TOPqg1EeMiMb4ILVuYoDfPEwFw4FhmIAUY/wLMwU9c0xWm+yUEY5RoFCjf
ShbIlEgc0JiwXaAN3N7mIgaDCExugRc4Ys8H+jhAIGLflbbneVFsyxAt3na9BQQEL4bNibAcoDFM
9ow9j5peuGEgXG66EVhGaHkSYkrgxE5kgm2DoMAxLR6B+q0phOHRoPJJOfU/EbZHsCp+owoKiLQu
OIZ0eOBbFtjywpRWwsGnfNsDx7Mg2LnuQkLoiLgUD0Ex0lJ0dcyL0La577ouMOOLRcwhJOD/Ase2
TLA9KdyFE3C5J986L4rPssvzL0wuAojVYPOWcK2QWwlIHPwLnD5wPIy/XihtMj4ohGu5Qz8Y6jg6
x3oh4N/CldKTjh1AURSBJ7lm5Flgz1KCvUWR7wuTD0DaNlXpByIv5IoQZJhEnhMEfmgl8cJZgF24
biwiN/Zht0hsN05w+6bd1px3+78M7vVumxT5DjSY7aCsyIyuhL4FUh1SoohDbxEuZAjRxwmSOLYj
0/FDBwIc5B0J6jXBuB6CBRkjMHtY1gsItybkIRlbPIQgwAFayKVlQ2yH5AEZy7Q9dxF9FZY1okv6
YBRh4sRo5wmkoNANwFctU7jCAaIccN4Q/l+1MdviM6+aI4htstJJFy3UD31XLMAaAtMNLJcHrg1G
IE3QcWx5EY/MxArAoSZASvA4A4M3xRGkJQ6dMFnIGHxWgElEUSgw53oiMr0YsiHQFpoLAEMdUm9b
8x0VqU8YnrYwaCySdN1WnL5vwBKPJUXFJjXVKn/CrjeQSFktG7xDqRmvJGs2khW5rOGBN0zwPC8a
FkmW5iJrIXjAA1P3lXNIaJB4qcsHWFfFFnYmCGAfZs0TOWMFHuLUCJJFEK1u2K5oKw2LpQnbQu+R
pIQBahv8WiXbIeB38q4HB11jwtusqdldkX/XMEz9vGLQ9RYQvFJMYTukEL/ZUHzfbWTO2nJd8RgA
zFf5Ku+ALVc5Y08+buh0iTUFYIFaFUDoC16QAVQ3NRbUsZomUlX0ZyDPTDYkL2xlhWQqueDIFiGD
xIU0Mo4l8VouGVWlOFFv2gZqxNzQHwot2epA3WEzkUGxF68OiLLjLCvuWJbWSG333Qi7TTn7v1ZW
O1zzCz4YemrJsI2nrWfU2Os9DOhiWC4y0BgIBaFFO6ZFievVOYDRT4+IffIRPAYsAuTK45hB5aXE
j2LFS3u2lbxuK/rMiIHQI4lEg3DkLy3PUGzr9BbWQlHRSnaokeInHghdYZRGJUvoaw0QO16/L2Ga
cL9rtxFIBazquN7lgj4/uiuqG7CjOS34ANIi0+44xWWbqsiLFrQHy+sZo2NnpjoM9IcZw6IaGMFW
gmQD/ohj2zYHC8IlCvgVqRd4AiurivsULEyCGIAlsty8Jw5lqwk6T9BWcQ3a5IylzXcgvqaibbFs
8NMDNJm9zewQeGjBb2wSC7FhaE6XBGrfVjkZR9XmOaozxu6wKEkJ1I7Uc3Yqb/Uz26brDThzBa34
bOx82nBQIlXVlo0aVQJDwWyBNs0XKRecknqNWDkExw+mgOyHKUAbQZuDgj8F65qPDA0WG2pRb2mr
fCsB3U455Z+zIgLrwTMopsbBD7Zpg769lWse0ZkRu1KiNkm4aU13wrj9GrV2l5LkyaLAae8MBagz
spo4TFIgESKSxNsoBJNUUnYolZGDtlp0U7YuQFEFuilaBSJaE5kGkbZkJnIB2CkEq4rsv54DPNT7
Fv0b6Ob/PfrrpiiJBB0+e5I0uJpB+Cgxm8Y9QYi1o8qCulMTRkHgI3mFpq/+7hEoJL8gkjBiMNFC
8skh+TB5L0VLwbdQJCuPxGTVr5b3Qsq4HjhSgevi+mzJrl+fX7E352/Pr9nx5eWb87Mrdnn2nn28
eP/D2fsZg0Xs+gJWnbGPry/enLHL9xcnZ1dX8/0QMJGH7flaHJeySgtKyBiIa2RQbCSFZJJGH2wt
kD2UBDHFFlpiQCiUKswSqJMiBz4hQIM1Ib9fMzZlZHcbzKwgEwxBahlBVkAg9A6BXGUkwnGBOQTz
PG2Yf7kabUGfSIPaSimwHFCSRXKVXtXengcwL1nWA6uOqXmtnz5Mkubc0ZyveRWBZxhDZU0B6GHp
kqshOXoX07sgdm953lLxMaYECrMWbPDprMsJ+0bYmaFKrwk0+Y3idzu44JxdqJivDB6qh6LN4p6W
FJLIXc4G+msFuCTygVHfNDWvgO0VBYsvkiSZjoLQ85ZUxbZLtmq3XmGMTXOsYeRGa/IL22APmNTE
Oq66ghFVVgEmNENtyHG7LVV1pUo4picMnOj0dYqL9AaincjsOIA3SPPg7PwBAUPShsQHGG7ByOq6
lRgYmg1obd1Vmxi0ENtA1axTpKoRdFE5V9Tg0q/KacvvDTqLrTvaT3iJo+m23UKOhfRaIfCG51BV
giKZ+gpXUTHIFf1Fi5I85ksbg2K71BQRQgOr4BaSrttr7LRQU/s2rT6M7uCrxZ0LKVh64ZgzqhwM
OuvteTsFUqhWgfIRpQfUqQJDQSk59iRM7VEcDtzBNi1PxU+HGRcP1S4KMMM2QMP9Nqhv2eEqz2WD
ClvqFAGl2abIVIkZ4VUsVeJEco3fKzOdZCi2qc5Hz6rUEsm+2FTp7clYS90UhtVq1yDwGTOskQJJ
eYTYaDpidAqgqD3UsXQ/gCVkrDjHXoYKfdwMg5qsOXsNtSDY0jMq7tjJ5YcZ7AUaIvCvuzQGs6da
QUXPHr5B8JfM78ruoSKvSTqjtXN2HEOg2vAsOYJWUrUJsQQb1qgAKcNzQTSwkSMOaW8EbNyKnN1j
VMMSk2dzhkR8uMwvu2J7aACxl0Ci7iBt4sa2zEtDv+91N2+119XpZ9nrE8vyTo01JjxdMkHZrsxj
lFrd0Fabns7Zpd6T8WpNG7juRLUtEMak4mtkAXQCYqvLjCoWbC+3QDw6O69QTydZCqtUv4zfAcu6
YW+vPxClNbCEbEdtw7A/J1UO6FRzMe9izbZpDdy1JGrH/aHM6RKJfD1heDBAP2/o2YT+N0lSMWeU
pTYciwCWbkE2DeoOtEE/dYQwNSNaQGm3RPQGJQFRlwIxpGhO4bxWKlWlBKxttI0iJ1KdD+hQp7up
0wsqkk7Pr45fQn1E9VSbkw1hwG4xUtL9pyoSUjRG/bOXeNxvDHwOvh7LqF0vu6btObOwWdMl6wbC
Fc0z3aLX6lABvTmvC5W8tUdYCExRraCdbApo4tELu15Ndt04RXE8NmY1v+2yBTxC601zdKQ8auOB
MLqZV0WbPpP5W5Hm6kCAJPUd+ykq7tHzK3Z+yg5/+nB++hT0Dm4PNMD6O1AbKiaFdA/OgT1cFWv5
qPIDvKEYdJeDt//08k0HX/d3o5HvCBlejlHhQOrVpQjxVnQnRDqN3gN9Bn6Y8KxIEkILc2myM+7b
NB4UQvI0pocz13S6olxN/apWyYDWar9qa33KIyCINCrM6j2G2rNk+vYU0agUosOjxoI5kOfrvkfJ
cVu2n4pn3arbVN4ZfYJ+6EBMCfd4W7QYPRKV63QwAZF1osXcjtGRjkJA/fhMyRk2v6dUPdpMjOdS
td6RVMAimaDv1yW/I6NAG1XQybRweJr0FfuIqGcfYiDj+6SW6scYgE1CPn2ISvNhMnkFkGLGO3MH
YrvN+Lenxtk74YmyQpD71mmscgbyw0GnYHB1G42lsMYkCitkrFInvfSpjY6atHFwIWQmqVNQ5k1Y
s/QGUGCfTJEo48D6uirumo2KY4CCs42CNgpy4P11o1IyEWugNDrSjEE0irXz03rEF4Zp1LyCxtS1
ac+mPnLqyhzaM1ESwDOYzZ4AmdAqD4ocjrV6Xc6/VKYOXnc8pW4Wkgm0esqKyqJss85t9Avme1qj
04ZjI0Jqg5BLwoQZFyMXlAS6wcARfZC31KUOnjtSc62GVaWgLQsIGSJ0PAQ99EwDf4u4N9QHhumw
/oxglNMhHhjqU7J+5Qb0tlSkzMvttpynBVEMoW63xeYQXLnBc1ZRD6RjmtLzbJgnFijM8fW6kmt9
pKjPH9UxC/7c72afP6IPYs3F6QX+sMfQSUHVBxi+7qTqQDg4+R1hrInwgQEam48O/SFP95JvS/wg
SSnnC6GCQtW8NiaohPC7Acplo3xzgmfzcnyWN4PkUG44uIXEyF4hDV1dChkjkRX0HgbGxRyToZrt
cpfKHHxyNqg/4Rgl2xZqcKhtKLZ2IUwDJC2r+Q7HF1pVfI3V2qTbIYPobIxAcT1aPSYM1CKGcURI
h556U3fAPR8Q6Jkxhk5y3873OpkoTSoPGJ0laRgAvtHy7E6NNnpQhbiq7yR0dMBDeGjWYiqD0qQH
hJfkbaVuXDDadEcpKvICPB2dunwLNRmvdZ8GpTXHL5/0GxZAQKPW1bJTmpoDG8UzvSX7K1UuULTO
6JDvZwRKLdiQvMc3QcQGVtIVBXg8RlHBC61KNg/mUYrP1D7W1DFQ+42ffQOtuggYk6/wEg3qESCi
G7imyqkDxiV79eb4Wg1iqyHxZO17/UXGzAvvgaNczpz7OK2aGQXd73Wlp+5axocWyokx0YFo9Zki
b7XVZaAssWPqd4lt1cXdrlOr+lsaCioAB9KRoFuwupOT0d3wgAmosv7JK4omhIrWT4BQXaxHPo1G
DKovR4VfoWp/eQ+xrdZNrrjBNqmmhg6CW5RCg7JThRytQ36BFGjBVKZQrqK4JPhQGVV9OMbr132l
4j3l5aDiE7qspNu6FVQtT15VKTuVgtkus+2l4y09k308f8ls07ZwQXej9kxChIX3bdHEzyZXm0zd
puGkQm6g7z2zQgsy2XTw1qdhB4d1s5CWMAjGDiN3m7SRBt7AYelKyKCf0tXbM9vEkTXH04RYPqM3
denXj+ldeH6L9zzde3lbagxxig0WWPTuGZHWG2if754Rz1QbY8n9TP2KohrqZRmPluCN+7PTs1fH
H95cj3iie0KNkrIFuq5+n1SzzwIcGlXstOTg1/8HacTZmw==
===END CRASH DUMP===
