PocketMine-MP Crash Dump Thu Feb 3 14:25:24 WIB 2022

Error: syntax error, unexpected token ";", expecting ")"
File: plugins/PlayerStats/src/hachkingtohach1/PlayerStats/PlayerStats
Line: 676
Type: ParseError

THIS CRASH WAS CAUSED BY A PLUGIN

Code:
[667] 						if(rand(1, 1000) <= $farmingfortune){
[668] 						    $player->getWorld()->dropItem($vector3, $this->getDataItem(83, 3, rand(1, 15)));
[669] 						}
[670] 					}
[671] 				}
[672] 			}		
[673] 			foreach($lumber as $id => $meta){
[674] 				if($block->getId() == $id){
[675] 					if(rand(1, 1000) <= $foragingFortune){
[676] 					    $player->getWorld()->dropItem($vector3, $this->getDataItem($id, $block->getMeta(), rand(1, 15));
[677] 					}
[678] 				}
[679] 			}
[680] 		}
[681] 	}
[682] 	
[683] 	public function createBaseNBT(Vector3 $pos, ?Vector3 $motion = null, float $yaw = 0.0, float $pitch = 0.0) : CompoundTag{
[684] 		$nbt = CompoundTag::create()
[685] 	    ->setTag("Pos", new ListTag([
[686]             new DoubleTag($pos->x),

Backtrace:
#0 pmsrc/vendor/pocketmine/classloader/src/BaseClassLoader(83): BaseClassLoader->loadClass(string[39] hachkingtohach1\PlayerStats\PlayerStats)
#1 (): BaseClassLoader->{closure}(string[39] hachkingtohach1\PlayerStats\PlayerStats)
#2 pmsrc/src/plugin/PluginManager(155): class_exists(string[39] hachkingtohach1\PlayerStats\PlayerStats, true)
#3 pmsrc/src/plugin/PluginManager(357): pocketmine\plugin\PluginManager->internalLoadPlugin(string[55] C:\Users\tranthien\Desktop\FoxCraft\plugins\PlayerStats, object DevTools\FolderPluginLoader#27341, object pocketmine\plugin\PluginDescription#27329)
#4 pmsrc/src/Server(993): pocketmine\plugin\PluginManager->loadPlugins(string[44] C:\Users\tranthien\Desktop\FoxCraft\plugins\)
#5 pmsrc/src/PocketMine(301): pocketmine\Server->__construct(object BaseClassLoader#2, object pocketmine\utils\MainLogger#3, string[36] C:\Users\tranthien\Desktop\FoxCraft\, string[44] C:\Users\tranthien\Desktop\FoxCraft\plugins\)
#6 pmsrc/src/PocketMine(324): pocketmine\server()
#7 pmsrc(11): require(string[80] phar://C:/Users/tranthien/Desktop/FoxCraft/PocketMine-MP.phar/src/PocketMine.php)

PocketMine-MP version: 4.0.0 [Protocol 475]
Git commit: 468faa464b2bc5c97f23fafbb71ea61035f6f218
uname -a: Windows NT tranthien4-8sin 10.0 build 17763 (Windows Server 2016) AMD64
PHP Version: 8.0.13
Zend version: 4.0.13
OS: WINNT, win
Composer libraries: 
- adhocore/json-comment 1.1.2@fc2f76979f0a44a5f5bc2a2b600d0762fe0e78e7
- brick/math 0.9.3@ca57d18f028f84f777b2168cd1911b0dee2343ae
- daverandom/callback-validator unknown@unknown
- fgrosse/phpasn1 v2.3.0@20299033c35f4300eb656e7e8e88cf52d1d6694e
- netresearch/jsonmapper v4.0.0@8bbc021a8edb2e4a7ea2f8ad4fa9ec9dce2fcb8d
- pocketmine/bedrock-data 1.5.0+bedrock-1.18.0@482c679aa5ed0b81c088c2b1ff0b8110a94c8a6c
- pocketmine/bedrock-protocol 7.0.0+bedrock-1.18.0@040a883a4abb8c9b93114d5278cb5fecc635da82
- pocketmine/binaryutils 0.2.2@f883e1cf9099ed6a757a10a2f75b3333eeb2cdf9
- pocketmine/callback-validator 1.0.3@64787469766bcaa7e5885242e85c23c25e8c55a2
- pocketmine/classloader 0.2.0@49ea303993efdfb39cd302e2156d50aa78209e78
- pocketmine/color 0.2.0@09be6ea6d76f2e33d6813c39d29c22c46c17e1d2
- pocketmine/errorhandler 0.3.0@ec742b209e8056bbe855069c4eff94c9734ea19b
- pocketmine/locale-data 2.0.20@a6e4eb22587e0014f6d658732cf633262723f8d3
- pocketmine/log 0.4.0@e6c912c0f9055c81d23108ec2d179b96f404c043
- pocketmine/log-pthreads 0.4.0@61f709e8cf36bcc24e4efe02acded680a1ce23cd
- pocketmine/math 0.4.0@6d64e2555bd2e95ed024574f75d1cefc135c89fc
- pocketmine/nbt 0.3.0@98c4a04b55a915e18f83d3b0c9beb24a71abcd31
- pocketmine/pocketmine-mp 4.0.0@468faa464b2bc5c97f23fafbb71ea61035f6f218
- pocketmine/raklib 0.14.2@e3a861187470e1facc6625040128f447ebbcbaec
- pocketmine/raklib-ipc 0.1.1@922a6444b0c6c7daaa5aa5a832107e1ec4738aed
- pocketmine/snooze 0.3.1@0ac8fc2a781c419a1f64ebca4d5835028f59e29b
- ramsey/collection 1.2.2@cccc74ee5e328031b15640b51056ee8d3bb66c0a
- ramsey/uuid 4.2.3@fc9bb7fb5388691fd7373cd44dcb4d63bbcf24df
- rhumsaa/uuid unknown@unknown
- symfony/polyfill-ctype v1.23.0@46cd95797e9df938fdd2b03693b5fca5e64b01ce
- symfony/polyfill-php80 v1.23.1@1100343ed1a92e3a38f9ae122fc0eb21602547be
- symfony/polyfill-php81 v1.23.0@e66119f3de95efc359483f810c4c3e6436279436
- webmozart/assert 1.10.0@6964c76c7804814a842473e0c8fd15bab0f18e25
- webmozart/path-util 2.3.0@d939f7edc24c9a1bb9c0dee5cb05d8e859490725

Loaded plugins:
AntiInstaBreak 1.0.0 by PMMP Team for API(s) 4.0.0
BuilderTools 1.3.0-beta2 by CzechPMDevs, VixikHD for API(s) 4.0.0
CropGrowth 2.0.1 by NhanAZ, kaidoMC, YTBJero for API(s) 4.0.0
DevTools 1.15.0 by PocketMine Team for API(s) 4.0.0
EconomyAPI 5.7.3-PM4 by onebone for API(s) 4.0.0
FormAPI 1.4.0 by jojoe77777/DragonfireHD98 for API(s) 4.0.0
InvCrashFix 0.0.1 by Muqsit for API(s) 4.0.0
InvSee 2.0.1 by BlockHorizons for API(s) 4.0.0
KeepInventory 1.0.0 by NhanAZ, KhoaGamingVN for API(s) 4.0.0
LaunchableTNT 1.0.1 by Vecnavium for API(s) 4.0.0
MultiWorld 1.7.0-beta3 by CzechPMDevs, VixikCZ, fuyutsuki, kaliiks for API(s) 4.0.0
MyItem 1.5.5 by hachkingtohach1 for API(s) 4.0.0
Netherite 2.0 by Wertzui123 for API(s) 4.0.0
PurePerms 1.4.5 by Vecnavium , 64FF00 & ProjectInfinity for API(s) 4.0.0
RedstoneCircuit 3.0.0 by tedo0627 for API(s) 4.0.0
Shield 1.4.0 by JavierLeon9966 for API(s) 4.0.0
SimpleHome 1.1.0 by CzechPMDevs, VixikCZ for API(s) 4.0.0
Spyglass 1.0.1 by ItsRealNise for API(s) 4.0.0
VanillaHopper 2.0.1 by ColinHDev for API(s) 4.0.0
_NewAlias 1.4.0 by Javier Leon9966 for API(s) 4.0.0

----------------------REPORT THE DATA BELOW THIS LINE-----------------------

===BEGIN CRASH DUMP===
eNrtPGlz20aWf6WLdm2kGpLCfTArr23JHmvGsrSWHGcnTKkaQINEhIPBIYlO+b/ve68bF6XEnkSp
mg9RYgt46H797qMb8C+TuCgzXl/diLJKinyysKaTOsnEZKE7lum5pm5Yc9/2Xc2bTpqNfKTNbc9x
dF0zDcuzfUf3p5OUV/WrsizKyeKXSb3dwLDJOS8rIYHTSSaqiq8QXG3zmt8xgQ+mrMnF3UaEtYhY
XVyLnC0n3y4nUyahSb4CwP5yAhjiJk1fJymiOFoslx8qoHm5rEue1+tE5Mvlsaiu62KzXL4u7o5K
HtfL5SZtVkkOw85TvhXlRc1ruKnKcLlc83B9DfjrAq/0nSGDm/lmvcHl5dIK48FgwAHgO9hBN3o+
uAZEaZIDIsd1QNQlD+H6h8kTjW0yRHMj8qgoDzZFeC3qDEYehCDaKi14JEpa6CWvxBHC3hJszzP3
F2wHOHuGEwiwV9UlkPWD6f/IvprlfSDzic72HsL8S5gWVVOKz78fs6GYxT9SniAi/HXKc7CRck+3
bViaOL8Sd0lV/z42pqwuG0FLml9a0rRdWLKXe2s7iHAwbvYsyWtR5jxFechHLW22/SP7Q5Y5ZUXw
E1g9OxY3l0WRVjghBanLdaQGnhiuaend0F+nGBYNywR8tshxjuGTIKyBIC5ECY6/5/vm17Gedix3
+rCs38MzUWIPKDmnxU9h8T1T03eokWTOnl1dhUUO6zZhvae437HOJ8aDcmnqBGV5ylGGK2DliTll
rUE5/wYD3aw/wLbzK2wb1g7bldQOTXLlpD0dZVOKn5ukFK0KPO1HtlnzcnFwcLQ4IIoOOoIOFD0H
LTmDNWen53OcuEMKxrv9yY+fpxPxJwf0R4+oQLPEdpXkN0V6IzKR17BEBOIK60n7FCBwHRaRQOYc
xwXAsu7/S+I9kF+0B16ma5q2z/77kD2NeQl6WUHCrIHF/V8Ag+N4OzMZ/DzdEHGzZytRfyzKNNrb
nz2LymJzUots7+kNUFKUYIBPQUEVjTrmNaeHHoDh/25xe39//1tayN9Z6DNCXW0ElTB9AJMQo4N8
xr8IZnYwYEiAfPeepk0WiJLxij1NInb4jD3NRM0lo641wArieRqkYC9E/Anwxw4PcZIaa4+oeliY
RclBEavXQ2m6zmjiH5Ql0APwns5TYGZvfyxckq3rPiBF754Uew3QvdfKXt5JqctrKW+6lGLeNEGa
hCxu8hCjMQtB4rXA2PXu5eXed5IJ4LWADPA/3W1W0OBDlkPhM2UxRN+aPd3yWwBpc62DbJI6XEvY
PluwoyLbFE0eXfIVSdVrVfc0D2oYNni+WEhKKMY4ntQbin32rBI1DNhbTs6LCr03F7fsLSRiBP5A
o1FZbPCDI44L4FTgGGRm9uxufzr5/FeZ81eZ81eZ81eZ859Z5rQ1QYWlwIu8Tk5A9vwlxMVrhOQc
O97dB9NJ1zBP9DkEXoDwpl4XZYVh7vz09JxdCp4her5JEGbRMLgXOYcYGU0WMU8rMZ1EYgPBEOfB
w6qI6+MhIONUrmyyDGQ9pkJqGssfMAqszs4uLj+evX97DKBbEVRJjZRj/H3ZJOhe5GsDpkbgMUvm
XJsFkDCNMWNHn0S4Pj8Fv8UJ3yV3yfWb40djMkTsmywC7MtlIImrZXzYIfU3OV7X9aYCK1kl9boJ
5mGRHQzoPhihAuEcQTXx97K4rdcD0QyAQ8EYwJ8+Fsm7Nc9f/Atg1zyJitMjuPq/y5f/EGXxaHKR
SyyXPVFfp/oHBKGoBbbb2DtgugONbUG379l350SPa+V9PhiQoli8uHzx/vLD+ZcY7Ek76HAAt68g
pBbZ9sX5yYDfAXDIsT135+bs/NQaM13kIoA/j8aswrdcCkkGIF0uRyR90a+hes7GLLWQsQatXQX+
VPxUCBd/Do6hEC/yGALtm2PfezTu+hUwRRBR3cXXsHaS30Acr9avk7sBe0PokEXtvl+eNj8Dukfj
JyN0yyX0lSFSECd3y6XMxl/JzoUQY04Q8IXg8hK7lzdFmXyCiuDReBlhXS4lKf8ON/8UYgOzoLcu
yu2AqTH8C0myC5z/XBf87xx76+/ePXrMHJH0CGHzLYcmbo0EXb67HLA+hu+yvqNWaPFyfpM0jxc5
O4ygxiElO7dfo9zTJq0T6rUH7A2AY95cVSiYXywUjv5Fe/jbpq6a64QSZpok19WfUz5kSPAtEgxK
HxL/R0qHASIU1Bb3GYZCkoCxgOy5PRbNTlv3aOzfaxclOe3vr2EdOAfpJWlYbufVthbVPBf1QQTh
Lih4GR0g1+9EvRYlzekY72E78WzM+Uco5z41iW6Yj8Z0j3K57Kj43W7eYzvoWQKez5tSnIsyGxZL
PWw319q/4uxsyhzr9WtNY//FzssC27cTSLx5Um8fTR5XcgVoaVvyBpdf4/3vRVTVUJYcJWXYQP7s
Gd59MmTbvB/eaxEVmmO4j8Zai3C5LBUloaRkubxP2hf5vICucRThFOALhdM/QJOifCuK3Pcd59F4
G6NdLiUx7e+v4ifJNql4U2RDvxwAd0r6Xb4ejtd/SmSuiKg1EAX8DQn8I5H5IuNpqvZsDgZYUTKb
7Qq3ToZyaUFfyNMndfVe8PRdUj1e2T/ACfwrQr6+lf+O50ma8jfFZiPKAUtj+BfKyqMiTfI3ILhH
46rDuFyOKNm5/T1a7mgF7q/eidsXacKHyuxhX+W77E93XiJG/fodDI/RHUg0n/Fki5fAcS12e/B2
f4sYuKtFjiIgCR0VJS7ioQVggRaEGcdtjh4S8hT4gblDWJFdRUUNqX8EVWeAPaAp0+F9xOvR8zhJ
azFCvMo2w9s11BXD+wR635sh4KeKVNndZ4HcChzBirJWLaA+x92qqubIUDQctAnHcngv4lTQUcwQ
WpFEqzEowip9ALk4fztaflv9nOa4mLpi3SM6/Ew+jUVwd6e4RnLRK7c8S8lJDbr9lGxkgPapjPiU
JsFwOtzeZWOpF0ieoWmmrhs+AM6Pz0asR8UVkbYLBFAyVlgBpl1Vo4Eykn5/OuJ5hwK4LQV1jmPg
LVZPI+CmXuNIlLClCobz9Y7trZv8mvaxDRKSSVJJVkGSc2w1odIw5g5KQtxAZgzUIEQFReumLhTA
kMKKQNHSLDWV8/qd56t+rcFzPJNO8rgY2W10T+XJyEpIlOYQVApwD/TDVSNtscX/L3A3dnYeQok+
ED5693qj1sUVRS5Kng7LzaG7oyvzSvRvbXXypF3TycLQTAPEVl1Byu2C2aYs6iIsAKvl2rAGVncT
y/Fizi3HCowgtEPfjQ0z5nEQuLrgjq6ZduzEhu4B7kaR8jHJo+K2Yu8uWbf/bs28KsmZDlQwooHp
ruuYbK8dLA83mKHpzj57cXrs4O4avlg1ENonQZ5kdfay3lwVqJyPJ++od6WbW0qUIZ5iVqK8Ai2X
vEwEBTwerYHDUhxg6JjBGHX+jxWP8TwOjdh1fNePNW5Z3I7tIDS4ETiaFmmuY8RCE64nXJRjmYTX
BypaanN/bj4Pue1Guhdrhhd7Vuy6bmDojhdGuq/rgRYJYZiWyQWFQuAVwhBEcwiwacDD69kNdLsQ
IvF9CpDkdV7c5s/VbzS7VVlUlTgAlnmV42HyjYF2/dzQDN/XTDMERVimponAsR3hCk94XhjbRqRH
juNbuCoE7FJUgpfhmvjPuKwRJjdkHc+9IAg1Q+eeiAJDWNwV3Ig9Hlkx90XoR6Ew4jDwopGXHAQi
KvEIHWjnqqHV/tYCQa6gveeWZ4SO63Nui0gLPD3UgDgj0OMY73SN+1bocSd8GHNvlxMXCd3Frlka
9zyTWzwIvNAPfAh1VmQbrhcGdizC0DHtiHvGDnaKGL17G2gAgEboYexrvi8ih7u2y4E6sAo7MOFH
iMAIo9gfY3pQhVgtms8dy/VcC0zKcYKQg0Rtz7MNyxCeHRpmaNjCC22b75A2OOpWpIEIfcFNzfR9
U8RRHJh+GJmaIQzddiJbA9SeoflgnTuYirTocWh+IBzw2sgFlxWmGTmeDobjR4YfGkZoOaHuCj3a
oYZe21mDtaaKHDQ7EbqWEeCSnmY7QQAM2Zrjh5aIY1Cm75qW4LofjFGlBdYTralg4Wloz7kjLJCr
YXuu0DTdip3IgWvTCGPHNA3o6CDieJG5i2pFxFhIjBP6uhFqoDfbDj3gwNQ1T4Rg/C6YgxNbmhVq
1n0Ms0HGkagcPXaRqTA2QWOhYQFt4PYGDyMwCE/jOniBGe74QBcHCEXkWMKwbTuIDOGjxRuW7UJA
sCOYHIe6CTT68Y6x50HdCdf3QotrVgCW4eu2gJjimZEZaGDbIChwTJ0HoH59jKG/nFEdJZ3634jf
A1wlv5aVBURaCxxDmNxzdB1s2dWEHnPwKcewwfF0CHaW5QoIHQEX4UNYZskmbAua575hcMeyLGDG
Cd2IQ0jA/z3T0DWwPRFarulxsSPfKi+KT6JN+M81HnoQq8Hm9dDSfa7HIHHwL3B6z7Qx/tq+MMj4
oCKuxBb9oC/odPL1EH5cSwhbmIYH1VEAnmRpga2DPQsB9hYEjhNqvEfSNIlMPxB5IVf4IMM4sE3P
c3w9jlzTBbuwrCgMrMiB2WFsWFGM09dNVnHezr8f3KttFhf5FjSYbqG+SGdtLX0DpJqkxDDybdd3
hQ/Rx/TiKDICzXR8EwIc5B0B6tXAuB7CBRmDXkWSuPTnEG41yEMi0rkPQYADNp8L3YDYDskDMpZm
2JYb/CoufUCXwLe8/diM0M5jSEG+5YGv6lpohSYQZYLz+vC3bGmy4hMv6wOIbaJUSRct1PEdK3TB
GjzN8nSLe5YBRiA00HGk2wEPtFj3wKFGSDbgcTMM3hRHkJbIN/3YFRH4bAgmEQR+iDnXDgPNjiAb
Am2+5gIaapU625pvqVp9wrDBZiGedK2aktObVVjrsbgo2ai4WuZP2OUaEimrRI3vK1aMl4LVa8GK
XFRwwWsW8jwvahYIluRh2kDwgAsmX2WYQ0KDxFtDTYK4LooMZsaIYBdnxWMxZQXuNFaIkgV4rs+2
RVMqXCyJWQZNSJzQClDb4IuM6RYRQ9/boTuASpc3aV2x2yL/pmaY+nnJoPstIHglmMK2SCG+Jif5
vl2LnDWbVckjQDBf5su8RbZY5ow9+bimLVBWF7AKFK2AQr0WUlHdV2FlHcnHRKqM/gzkmYqa5IWb
yaFgMrkgJEPMIPFQzFKOtfFKLBiVp/igWjc1FIv5TL1aumDLiaob8WUsES0nRNmLNC1uWZpU9Dap
en2D3SSc/W8jyi2O+RkvZurRgt6PoqmvqMFXcxjQxbBcZKAxEApiC7ZMiRLHy/2AWfd4QOyTj+Ax
YBEgVx5FDCovKX4UKwj8mmWC4/tjWIEyEHogkGgQjvi54SmKbZXcwFgoKhrB9tSiUCDvI3a5opiV
YgMN7gzEju/zLOAxrf1OvqoJVvWi2ubhJa+uQfHlNdjRnAZ8AGmRabec4rB1WeRFA9qD4dWU0ekI
k60G+sOUYVENjGBPQbIBf0RY1uRgQThEIr8g9QJPYGVlcZeAhQkQA7BElpt3xKFsFUEnMdoqjkGb
nLKk/gbEV5c0LRI1vsuEJrMzme0BDw34jUFiITZmitMFodq1VU7GUTZ5juqMsE0sNqQE6kuqOb51
pq5ZlqzW4Mx4oDsdOp8yHJRIWTabWkKlwFAwGdCm+CLlglNSrxFJh+A3RRIB2Q9TgDaCNgcFfwLW
NR8YGgyeyUGdpS3zTMByW+mUf0+LAKwHt6KYhIMfZEmNvp2JFQ/o1IZdSFFrJNykQtw0/RK1dpuQ
5MmiwGlvZxJRa2QVcYgvBMAFE3h0imjiUoh2SWnkoK0G3ZStClBUgW6KVoELrYjMGZG2YBpyAatT
CJYV2X88B7i391v0r6Gt/2P0V3WxIRJU+OxIUugqBuFjg9k06gjCVVuqdKg7FWEUBD6SVyj6qm8e
gULyCyIJIwYLG0g+OSQfJu5E2FDwLSTJ0iMxWXWjxV0oRFT1HMnAdXb5asEu35xcsLcnpyeX7MX5
+duTVxfs/NV79vHs/T9fvZ8yGMQuz2DUK/bxzdnbV+z8/dnRq4uL+W4IGMnDsB0ljnNRJgUlZAzE
FTIYrgWFZJJGF2x1kD2UBBHFFhoyg1AoZJglVEdFDnxCgAZrQn5/zdikkd2uMbOCTDAEyWGEWSKB
0NsHcpmRaI0zzCGY52nC/P5otAW1Mw1q24gQywEpWSRX6lXO7XgA8xKbqmfV1BSv1f7DJCnOTcX5
ipcBeMasr6wpAD0sXXI1JEfNYmoWxO6M5w0VH0NKoDBrwAb3p21O2DXC1gxleo2hya8lv1nvgnN2
JmO+NHioHoomjTpaEkgitznr6a8k4g2RD4w6mqZ4hdVeU7C4lyTJdCSGjre4LLI22crZasRsaJpD
DSM3SpP3bIM9YFIj67hoC0ZUWQkroRkqQ46abCOrK1nCMfVghg9afR3jIDWBaCcyWw7wc49bAc7O
HxAwJG1IfLDCDRhZVTUCA0O9Bq2t2moTgxau1lM1bRUpawRVVM4lNTj0V+WU8bsZbcpWLe1HfIPQ
JGsyyLGQXktEXvMcqkpQJJNfh0gqermivyhRksfctzEotjeKIlpwhlVwA0nX6jR2XMhHuzaNtRFG
PYlfDm5dSOJSA4ecUeUwo03fjrdjIIVqFSgfUXpAnSwwJJYNx56EyTmSw547mKbkKflpV8bBfbWL
AkyxDVB4fxvVb9nhMs9FjQpbqBQBpdm6SGWJGfA6XFMlTiRD1QQmpJIMxTbZ+ainMrUEois2ZXp7
MtRS+wjDarmtEfmUzfSBAkl5tPCsbolRKYCidl/H0kEBlpCR5Bx7GSr0cTIAFVlz9gZqQbClQyru
2NH5hynMBRoC8K/bJAKzp1pBRs8O/4zwL5jTlt19RV6RdAZj5+xFBIFqzdP4AFpJ2SZEAmxYLQWL
MtwXRAMbOGKf9gbIhq3IqzuMalhi8nTOkIgP5/l5W2z3DSD2EkjULaRNnNhs8s1M3e90N6fK66rk
k+j0iWV5q8YKE54qmaBsl+YxSK2Wb8hJ+3N2ruakvFzRBK46UWULtGJc8hWyADoBsVWblCoWbC/x
bB+dnZeop6M0gVGyX8ZPBERVs9PLD0RpBSwh20FTM+zPSZX9crK5mLexJqubGc5aELXD/lDkdJpE
vh4z3BgI8aOCjk3of+M4CeeMstSaYxHAkgxkU6PuQBv0XT2EqSnRAkq7IaLXKAmIuhSIIUVzCueV
VKksJWBsrWwUORFyf0CFOtVNHZ9RkXR8cvHiJdRHVE81OdkQBuwGIyUdhMoiIUFjVF9ERsN+o+ez
9/VIBM1q0TZtz5iOzZoqWdcQrug5Uy16JTcV0JvzqpDJW3mEjsgk1RLb0bqAJh69sO3VRNuNUxTH
bWNW8Zs2W8AltN7y+z98NmjjgTC8nsqiTe3J/FQkudwQIEl9w74Pijv0/JKdHLO97z+cHO+D3vFj
uVscfwtqQ8UkkO7BObCHKyMlH1l+gDcUve5y8PbvX75t8av+bgD5hhbDUzIqHEi9qhQh3op2h0il
0Tugb4YvKBwWcUzLwrMk3s7umiTqFULynI03Zy5pd0W6mvwnHKQMaKzyq6ZSuzzyIz/yeDVnJucs
mDpGxWVkClHhUa2COZDnq65HyXFaupuKp+2om0TczroE/dCGmBTui6xoMHrEMtepYAIia0WLuR2j
I22FgPrxmpIzTH5PqXowmRjPhWy9AyGRBQK/a4Uwwm/JKNBGJXYyLQSPk75kHxfq2IcYyPguqcBL
SFmL4VezD1GpPUwmL/GrS8Zbcwdi28n4u6PG3NnhoS9Y0c+qJJI5A/nhoFMwuKoJhlJYYRKFESKS
qZNuutRGW03KOHgYilRQpyDNm1ZNk2tYAvtkikQpB9ZX9MWJjGOwBGdriW0Q5MD7q1qmZCJ2htJo
SZv1opGsnRxXA74wTKPmJTYmj007NtWWU1vmyK95h0oCfDNmsCdAJr5H1Smy39bqdDm/r0wVvG55
Qt0sJBNo9aQVbYpNk7Zuo24w39MYlTZMAxekNgi5pJUw42LkgpJANRgIURt5C1Xq4L4jNdcSLCsF
ZVlASB+hoz7ooWfO8Jv1HVAXGMZg9T7BIKdDPJjJ9426kWvQ20KSMsdPzOZJQRRDqNtm2ByCK9e4
zxpWPemYptRz1j8nFijM8dWqFCu1paj2H+U2C34HfL3LH9EHsebs+Ay/+ZuppCDrAwxft0J2IJw+
McYVKyK8Z6CS/0xLv+kPebqTfLPBN5Okcu4JFRQqnytjgkoI3xugXDbIN0e4Ny+Ge3lTSA6bNQe3
EBjZS6ShrUshY8SihN5jhnExx2Qon7a5S2YOPtobVO9yDJJtAzU41DYUW9sQphCSluXzdo17WpV8
DdVaJ1mfQVQ2RqQ4Hq0eEwZqEcM4LkibnmpSu8E97xdQT4YrtJL77XyvkonUpPSAwV6SwgHoayXP
dtdorYAyxJVdJ6GiA27CQ7MWURmUxB0iPCRvSnnigtGm3UqRkRfwqejU5luOb9ypPg1Ka46vQKk7
LICARqWrRas0+QxsFPf0FuwHqlw4frSPgB8RKbVgffIengQRG1hJlxTgcRtFBi+0KlE/mEcpPlP7
WFHHQO03fp0AtKoiYEi+XJdokJeAEd3A0mRO7VdcsNdvX1xKILYaAnfWvlVvZExt/45etJ6ad1FS
1lMKut+qSk+etQw3LaQTY6ID0ao9Rd4oq0tBWeGWyQ+dm7KNu22nVnanNBRUAA+ko5BOwapWTrP2
hAdMQJb1T15TNKGlaPwICdXFCnI1gMyovhwUfoWs/eU3+arJDa+xTaqooYPgFiTQoGxlIUfjkN8E
P85NZaaQriK5JPxQGZVdOMbj112l4jnlea/iIzqspNO6JVQtT16XCTsWITMsZhgL017YGvt48pIZ
mqHjgPZE7VBAhIX7rKijw9HRpnoLCx/KxWfoe4e6r0MmGwNvHAKbCFbNQrIBIBg7QG7XSS1meAKH
pSstBv2Uqt4ODQ0hK467CZE4pDt56NfB1Czcv8VznvZ+c7NRK0QJNlhg0dtDIq0z0C7fHRLPVBtj
yX0oP/Yp+3pZRIMheOJ+ePzq9YsPby8HPNE5oVqSsgW6rrofVbOHHoIGFTsNmXz+f/I26aM=
===END CRASH DUMP===
