PocketMine-MP Crash Dump Thu Dec 2 12:57:41 WIB 2021

Error: Undefined array key 0
File: plugins/FarmingCrystal/src/hachkingtohach1/FarmingCrystal/task/Update
Line: 33
Type: ErrorException

THIS CRASH WAS CAUSED BY A PLUGIN
BAD PLUGIN: FarmingCrystal v1.0.0

Code:
[24] 				if($entity instanceof Crystal){
[25] 					if(!isset($this->plugin->postions[$entity->getId()])){
[26] 						$this->plugin->postions[$entity->getId()] = [
[27] 						    "ENTITY" => $entity,
[28] 						    "POSTION" => []
[29] 						];
[30] 						return;
[31] 					}
[32] 					foreach($this->plugin->postions[$entity->getId()]["POSTION"] as $postion){
[33] 						$b = new Vector3($postion[0], $postion[1], $postion[2]);
[34] 						$particlepos = $this->plugin->findDist($b, $entity);
[35] 						$particle = new DustParticle($b, 255, 255, 255);
[36] 						for($yaw = 0, $y = $particlepos->y; $y < $particlepos->y; $yaw += (M_PI * 2) / 20, $y += 1 / 20){
[37]                             $x = -sin($yaw) + $particlepos->x;
[38]                             $z = cos($yaw) + $particlepos->z;
[39]                             $particle->setComponents($x, $y, $z);
[40] 			                $player->getLevel()->addParticle($particle);
[41] 						}
[42] 					}
[43] 				}

Backtrace:
#0 plugins/FarmingCrystal/src/hachkingtohach1/FarmingCrystal/task/Update(33): pocketmine\utils\Utils::errorExceptionHandler(integer 2, string[21] Undefined array key 0, string[85] D:\FoxCraft\plugins\FarmingCrystal\src\hachkingtohach1\FarmingCrystal\task\Updat, integer 33)
#1 pmsrc/src/pocketmine/scheduler/TaskHandler(137): hachkingtohach1\FarmingCrystal\task\Update->onRun(integer 701)
#2 pmsrc/src/pocketmine/scheduler/TaskScheduler(179): pocketmine\scheduler\TaskHandler->run(integer 701)
#3 pmsrc/src/pocketmine/plugin/PluginManager(654): pocketmine\scheduler\TaskScheduler->mainThreadHeartbeat(integer 701)
#4 pmsrc/src/pocketmine/Server(2389): pocketmine\plugin\PluginManager->tickSchedulers(integer 701)
#5 pmsrc/src/pocketmine/Server(2152): pocketmine\Server->tick()
#6 pmsrc/src/pocketmine/Server(1992): pocketmine\Server->tickProcessor()
#7 pmsrc/src/pocketmine/Server(1586): pocketmine\Server->start()
#8 pmsrc/src/pocketmine/PocketMine(330): pocketmine\Server->__construct(object BaseClassLoader, object pocketmine\utils\MainLogger, string[12] D:\FoxCraft\, string[20] D:\FoxCraft\plugins\)
#9 pmsrc/src/pocketmine/PocketMine(360): pocketmine\server()
#10 pmsrc(11): require(string[67] phar://D:/FoxCraft/PocketMine-MP.phar/src/pocketmine/PocketMine.php)

PocketMine-MP version: 3.26.1 [Protocol 475]
Git commit: 6b7d0307afb36a7faca2dd65734e15000baf17ba
uname -a: Windows NT DESKTOP-BVRHES0 10.0 build 19042 (Windows 10) AMD64
PHP Version: 8.0.13
Zend version: 4.0.13
OS: WINNT, win
Composer libraries: 
- adhocore/json-comment 1.1.2@fc2f76979f0a44a5f5bc2a2b600d0762fe0e78e7
- daverandom/callback-validator unknown@unknown
- pocketmine/binaryutils 0.1.13@0abee38d4e2861621f262c79a2a3d699d8a697f4
- pocketmine/callback-validator 1.0.3@64787469766bcaa7e5885242e85c23c25e8c55a2
- pocketmine/classloader 0.1.3@3c484a27787f7732ce842ed694928a29ba340961
- pocketmine/log 0.2.1@830b44a2cf96ef703c550abe64302f230231ca49
- pocketmine/log-pthreads 0.1.4@01620c3628cdaa6b4a21122cff4c5d2f70b5c1d3
- pocketmine/math 0.2.6@43057cb8c179a9859677b496a788db922fd5cfc3
- pocketmine/nbt 0.2.18@9f82ca4d7f97fcd9a566e44b63c4f18a7657ae82
- pocketmine/pocketmine-mp 3.26.1@6b7d0307afb36a7faca2dd65734e15000baf17ba
- pocketmine/raklib 0.12.12@5abe22043352e94099e4edfcef5fb3644578ddc1
- pocketmine/snooze 0.1.6@92abf1e988c71635d466abb777f61f89e5a9c990
- pocketmine/spl 0.4.2@6b08b7cf8c4afa17139c9a1b3bf1b408531de161

Loaded plugins:
Alerts 1.0.0 by hachkingtohach1 for API(s) 3.0.0, 3.14.0, 3.14.1, 3.14.2, 3.19.3
CoinsAPI 1.0 by hachkingtohach1 for API(s) 3.0.0, 3.14.0, 3.14.1, 3.14.2, 3.19.0
CraftBook 1.0.0 by hachkingtohach1 for API(s) 3.19.3
DevTools 1.14.2 by PocketMine Team for API(s) 3.13.0
EconomyAPI 3.0.0-SNAPSHOT by onebone for API(s) 3.9.0
EnderSword 2.9 by hachkingtohach1 for API(s) 3.19.3
FarmingCrystal 1.0.0 by hachkingtohach1 for API(s) 3.0.0, 3.14.0, 3.14.1, 3.14.2, 3.19.0, 3.20.0
FormAPI 1.3.0 by jojoe77777 for API(s) 3.2.0
GiveItems 1.0.1 by hachkingtohach1 for API(s) 3.14.0
InvCrashFix 0.0.1 by  for API(s) 3.14.0
MaxEnchants 1.2.1 by Xenophilicy for API(s) 3.0.0
MinePos 1.3.5 by hachkingtohach1 for API(s) 3.0.0, 3.14.0, 3.14.1, 3.14.2, 3.19.3
MirrorNc 1.0.0 by hachkingtohach1 for API(s) 3.0.0, 3.14.0, 3.14.1, 3.14.2, 3.19.3
MyItem 1.4.5 by hachkingtohach1 for API(s) 3.19.3
NoDeathScreen 1 by SilencedTick880 for API(s) 3.17.2
PlayerStats 3.1.9_BETA by hachkingtohach1 for API(s) 3.0.0, 3.14.0, 3.14.1, 3.14.2, 3.19.0, 3.20.0
PureEntitiesXDraz 0.6.7_DEV by milk0417, RevivalPMMP for API(s) 3.12.0
ScoreBoard 1.0 by hachkingtohach1 for API(s) 3.0.0, 3.14.0, 3.14.1, 3.14.2, 3.19.0
SkyBlock 3.0.0 by GiantQuartz for API(s) 3.0.0
Slapper 1.6.1 by jojoe77777 for API(s) 3.19.0
TrumThe 1.0.0 by hachkingtohach1 for API(s) 3.19.3

----------------------REPORT THE DATA BELOW THIS LINE-----------------------

===BEGIN CRASH DUMP===
eNrtPIly20aWv9JLpyrSDEHh4J2Vy7Ikx6qxLI5Jx9k1XaoG0CARAWgEhyg65X/f9143CICSHSfW
1M5URSlHQB/vPhuAfusEMot5cX0rsjyUSWfa73aKMBadqTV0xn27Pxxavb4zMofdTpmqmf64N7RN
xxzZ5sgyR4M+7Il4Xpxnmcw60986xTaFZR26P7/zBOwD0N1OLPKcr3DqbeKLIEyEz3iW8S27EVtm
woqgjKIXYYRLzqbL5Qt5d5rxoFgu06hchUkOQzyLw2R1mm3zgkfLZZ55y+Wae+sbGC0kXln3VxU8
v1ku36Y+L0QvXaeISqHRgI/aO44A7NEe1P0lCPNIgQRwEXDTmToOiC/jHly+7zwx2aNAP3CcwylL
pXcjClgilsuyCCOQxVv8NZ2Klpxf8sSPRHYQJoVYiYzZXZYXGUB+b1sf2IOC360YDz6wf5Xcu6yi
CNgBgT2xWBqjIPBfzdxR7q2FXwIHRwvYXHFjOSOQwR/Ss/FUJm/KZCeIkWkRXvtr8M6ruwNrNNmT
/m7lctkg0XiaPYDMeRiZEuvRjH5d8gS8IjsYDvpfxrQjynga8zBZrDPB/ZeCZ4UreHEPd/9h3HOR
gbcf2M54nzFF1XLZIst4WoRejTq/h2bwZTTWwN5Do2YU3AMCMfwiCGsy+RKIWSY9CCwyU7BGX4Y1
GA8/AwssKCsUjPHDMGZ0eQmX4JLmZ8BcX3syAX8qveJAur8Ir2DPeS5OIULmryT3RdZlevwBl74E
vb6SqxWu0k5p2ftOWXu0+Vl/JT4mv8/HcJ+PXAlKuaipABxYFqzKxK9lmIkDjXw4+sDSNc+mR0dn
06OKhAZw43LWwwWfR4+h+LDz4VO3Ix4hd/xrAjoQp0Beh8mtjG5FLJIC8PggCq/oVLMw0gYHM570
BfJk92F2Waj/wuDgO4AQFlsIiLAw8YQMmN50+BtssweN5bThv8I8F8XBd8U6zI2nCiH8ljkKJ3+v
4RlPV6K48A8OPxwqOMMWnGXx1fvZMXuPAEZ7ABj8LDvnrxcXi/9ZdtjxU6a3dnH1+MHVs6v54uLq
tVr+/gMunOwt/PADjDrm3mgmijJLaMpqTX3CIbs1BFWMAJV+vYTeNwj7wHjOvtNrSXKOsy85F0SS
iA37CXQuM+egWv7e/NDd7X1vNW/sD4dEfH8fVgpxJvQiAQsB6h7JYNn+WZiDst1uJV0FZ/A5OJq0
szIvZnqIdtuDQf0/BWPfIkBuB99t+QZAQBXw3RbpaZBnPN3+gKP//dAo7Pr7MTu4vJ5dsL8x+5Ad
MVsBgWGL7pQw0YrYF36+uwO0Rh4mRMoh+/setjsiffx7UD4CFE/mnwHykYBMfg9ItQfSgShOZZzK
BHQAQO+QM/j3kQTZr431PoiIbzERgKm9ErciOjg0nnLfr1VT4VCQrD2VoHX37XsG32+a5KfOp7/q
zL/qzL/qzL/qzL/qzK+vM7udlUhEBrUZFGUJx7OMTgsM0OKCDOvTkI7Ts4c9C8fLMPI7U9t0rG4n
zK99cduZBjzKBVSAmSykJwFsfzQAJCHWh0N35OMhCQ9cZ8hHAfe47fvDwcjpC2tgmqbLA2vkcoBd
alreQe6Xm5y9XrCz8/k/Flcz4/lPb16ez01mmT2TEQ3Mmph9mx1Uiy3zkJ1cng37WIquUwAz7pk9
y4HbjyIBkjv96h6mr2WOiC5ev17AAN1swoRqVch1oJPrKHQznoUiRyFxfw2MZeLol1wmBqzRxa/V
s3r2s8Czg9FwMpoEJu/3+SAYuJ7NbXdomr45GtqBMMVoLEYA3ucgUwhgMj7yeBS53LsxbnkUQgDF
uh9EcJPITfJM/0Zia0W6YcKzLVkuLAVmgJ1nJneFcMZ+X9jjoTW0rcAe2t5owm3u+MPJxB9zIC3o
t0E9iNwCATnPhv3ReNSHPcOh63E+EoPxeGD3bTEeeLbj2QMx9gYDbu8BRH+LyN80bc4zx+uP+9we
AbxgNHJsT4wBDBDVn9hjbk9c7vTNydBqQ4rkiiDYPevZ2DFdkKjtBZOhCEamA5iR4WHfMe3Ahv85
lsf7k3sQjLSgaF0Jqv/MBNmYnjO0x57P+dAFqJZlA+Sg7w18UKDpDjzLd9qgYl6sNTXDZ4B0MPLc
sQc5ik/Gg8lwNHL7E7Dq8dh3J7Yd+AMv8PZAJG5R8TN+NgnGNhDsjwLQiedP+GA4FP2+OwRZBdaY
j8AxuBjvCbe+NOJ0543P/oBrNYBl/AZsW8kFaLKfDUCgtm32HWdgiwloZCL6wg88EQwQcL8/GI19
39tTU55I+VFo8Q6fTWzuBpaYjMfeyBo6A78/HHLXHY1GwdAKxhMx4BNvMjH3gKQRQeiDFw1dc+yO
vGDs9XnArZHlwAZuuQ7AdfvmeOBYvrDAWj7tWlHyzRPIkkXeCGV6oNupwxdaNqLmZbGWWY7V4l5t
g1GRpyHOOHqx07P69YVVXdjqYtJzcI9IuBsJCC+QgSAE+iKFYIMIYC6XQXHWHMAqAqi5V1Ypiqvf
2HSDI2FQhtbs3dWbV2cwtBFuHhbI37oo0hyywIYX3jpfh0VvI4QbbXsQl46wIj6VIJqT2UVDJruh
Pak8tkzMR5NJRXF99e1ywYT5XMqbpmB2Y99gL49qDDuKGpdfwzpwDsk4jLxs28u3hch7iSiOfJ6v
XckznyRwJm4XUkZNb9kNtfnXSm0IoK4Q2ELwuC0A589rviJguWyQormdL07eLN7OHlQzlBfr0iXl
1qQd7WAAt+dQGcp42/aExmCTYzJwY/76ZDZ/ebVocw69rwv/Whx/g6lrcMulUKQAzOWyRdYXdU2c
QVuZzTcy85uc1YNNzuze5P/JkmuCmtePZct7x4y1HO6dP/6L84Cass1HDH77ffY9lr4tEL6QWdz2
imqkLSxnX1i/yF+kGOFPS072n2e9hohtFRGxu/gaT/gxvBUXhYibIa0e29e99Qc8of+I+lwBRSFS
pDrOr2HsIrmF8J+vX4R3Ddaao03mzHvMPRYvcfkrULVchsmth5iD8G65VI3117Bxye/OE2/Nk1aJ
1hxt68je19HPIpHpOoxCb3vPN/8kSw2QqI8dKa2br2IOMs5MthjTI/t+NPj3LT41ybuLb44ulyEe
kL72WmLRQ/9BRXlFc3317ZLZYlhqykUNtKXS/yPW8rgsEznV78dK1K/lmYA2eu5lQiQN5tvjLRm0
+Z+HkUg84S9C72Y8Ntv8j0D3f5L/PbhfH5tn9GhjXvBWUGuOtktLqze5fn6+OPkPqDwaTLRuvtn2
Z2UmzvExXijyn88y/rEpuXtz7dw27I2uz85/aosvDqMbs2/hqdobMMFbHs0uL2dt4/iGwiRTMNM4
TpfLtEQbVQSCWBrk/uFepUHrUYtvFNIcDxmfo+c0pNMY/I/p3muam9ffbETzm+3zCJq9pnSqoXvd
XFs6P4aQ1f9Z8qz4+MU6Qp9lf52NSBlbULhWNNRXv8dpsQmLQmTEWJMy5DHiaSqyJot6pK394X6l
9Jni/Fv0mivMXxcZHzD2mqSjigngcJGV8WItGhxWI/8uZzCant3F46RCPLfkGXAMmt87Uqme3SAH
6olQL80kyItizLTzZLa7Y6cyCcIVw/d8ltkyeTIvE3blFcxh1nA6cKaWw95dPGe2aVs4H/FkVfKV
OBbJCu9jWfjHLcxMPUvDSYXbSGVWHFsTy7FxcAOeKIwozItjGQQEg98Z6vl+fmybOLICtmLpi2O6
C2TmCWM3pncBfz7Gguo+vU2PZYJXfhgEoVdGxfaYMKrnU4XMjFwUBWgmPyZW8D0CA23mOL/ZuuRy
u+FcCL+xCl+gOj47f3Hy9tUCR5VdGL+WIttqrGBZ0sj5rdD3t6HYGH6oXkY6HuPQnSvvDLTAakuS
yBJmNfcGmEso1LtQuV6Sp3yTGPgsTHj4gsCxNWzgzzwY0fzjdS/leY7HIsd/o59l+5lPbxvjCfkT
hg7IPNJ8CZIBuGQADCTNWsoEg2BgsblglegYzwQr1oLJBKynWPOCechHwVzBwsSLSl/4cMHuGR7C
mssYdgYIYB9mzgPRZRJmshxBMjcT/IZtZZlpWCwMGFhAGISEAZSPL4tFWwT8Wmx24MBzAg7qz9lG
Jt8XDEMFzxgqKAZm8WkVvibG8B0hxfdmLRJWpquM+wCgt0zQdhWw6TJh7Mm7tUDCWCEBS+IzAKEf
44IMMp5AaCuAKJomUsGaOAAGeUaiIHmhO3uCremFAxyJEbKy7cqrpowSBk7k67LwJehev6M3ZcuO
8izmRTIX/rJDlJ1EkdwwdCcgpnplhd2GnP0TjRPXkJUaemrKMJTR1nMyIr2HAV0M/YmBxkAoCM3d
Mi1KXK9tbjfdIPbJuxAEIhOQK/d9lolciR/Fik/5WSx4DuUJWjYDobsCiQbhiF9LHqHY8EwjYVDK
lIIdaKT4rhNCVxjB2gVGEgPEjo/YpzBNuF+XsQtSAas6ybeJh+9agOKzG7CjHi14C9Ii0644xWXr
TILzgfZged7FDZHPdKQAf+gyfHYLjGD+INlAfMaxuEzAgnCJAj4n9QJPYGWZvAvBwgSIAVgiy012
xKFsNUEXAdoqrkGb7LKw+B7EV2S0zRfo6mQye5vZAfBQgt/YJBZiw9CcTgnUvq1yMo6sTBJUp4+h
TKakBHrqnffYmbjV1ywOV2twZjyW6TadTxsOSiTLyrRQo0pgKJgYaNN8kXLBKemRtq8cgt/K0Aey
H6YAbQRtToKgwbp6DUODxYZatLM0yBWQA7KtcsofI+mC9WAeZmoc/CAOC/TtWKy4S3mTzZWoTRJu
mCNs2r5ArW1CkjxZFDjtxlCAKiPLicMgBBIhIgH1CcEKoICvUCojB22V6KZsJUFREt0UrQIRrYhM
g0ibMhO5AOwUgtVj5X97DrCw+RL9mIq/jf68kCmRoMPnjiQNLmcQPjC5QdyrCEKsFVWWafc1YRQE
3pFXaPry7x+BQvILIgkjBvNKSD4JJB8m7oRXUvCVimTlkZisdqvFnQf1RF5zpALX1eJ8yhYvL+bs
1cXlxYKdzGavLs7nbHb+hkFZ+I/zN10Gi9jiClads3cvr16ds9mbq9Pz+by3HwJa8rAHQy2OmchC
SQkZA3GODHprQSGZpLELthbIHkoCn2ILLTEgFAoVZgkUlIrAJwRosCbk93PGpowM6jxMgAku08gI
sgICobcO5CojEY4rzCGY52lD7/5qtAVdlYPaUuFhOaAki+Qqvaq9Ox7AvESa16w6puY1P3yYJM25
ozlf8cwFzzA8GUWqDKMA9LB0ydWQHL2L6V0Qu2OelFR8NCmBwqwEGzzsVjlh3wgrM1TpNQgAluI3
rl2wx65UzFcGD9WDLCN/R0sISWSTsJr+XAFOiXxgdGiamlfA9oKCxb0kSaajIOx4CzIZV8lW7dYr
jKZpNjWM3GhN3rMN9oBJtaxjXhWMqLIMMKEZakP2yzhV1ZUq4ZieMHCi0tcZLtIbiHYis+IAX1nf
CHB2/oCAIWlD4gMMt2BkeV4KDAzFGrS2qqpNDFqIraaqWylS1Qi6qOwpanDpZ+WETZG3LpObvKL9
lKc4GsZlDDkWn4Cyqr1ARTLVRCgqarmiv2hRksfctzEotlNNESE0sAouIen2dxo7k2pq36axNsKo
p+CrxZULKVh6YZMzqhwMD5odsePtDEihWgXKR5QeUKcKDAUl5diTMLVHcVhzB9u0PBU/FWZcXFe7
KMAI2wAN98ugvmSHywRacVTYVKcIKM3WMlIlpouHTVSJE8k5vjjNdJKh2KY6Hz2rUosrdsWmSm9P
mlqqpjCsZtsCgXeZYTUUSMojxEZREaNTAEXtuo6lZhZLSF9xjr0MFfq4GQY1WT32EmpBsKVjKu7Y
6extF/YCDS741yb0weypVlDRcwffIPhTNqzK7roiz0k6jbU9duJDoFrzKDiCVlK1Cb4AG9aoACnD
YxI0sIYj1mmvAazZipzfYVTDEpNHPYZEvJ0ls6rYrhtA7CWQqA0eK8LGMk1SQ9/vdTeX2uvy8KPY
6RPL8kqNOSY8XTJB2a7Mo5Fa+xNbbTrssZneE/FsRRu47kS1LRDGIOMrZAF0AmLL04gqFmwvYyAe
nZ1nqKfTKMTDAuqX8Q1fkRfscvGWKM2BJWTbLQuG/TmpskanmoteFWviojRw15SobfaHIvGybap8
PWB4MODhm0Q7NqH/xfOWHqMsteZYBLAwBtkUqDvQBn0ODWGqS7SA0m6J6DVKAqIuBWJI0ZzCea5U
qkoJWFtoG0VOhDof0KFOd1NnV1QknV3MT55DfUT1VJmQDWHALjFSYpj0VZEQojHqr878Zr9R81n7
ui/ccjWtmranzMJmTZesawhXNM90i56rQwX05iSXKnlrj7AQmKJaQTtdS2ji0QurXk1U3ThFcZ8X
nOX8tsoWeLBUHRPhXKONB8LodFIVbfpM5hcZJupAgCT1PfvZlXfo+Rm7OGMHP7+9ODsEvYPbAw2w
fgNqQ8WEkO7BObCHy3wtH1V+gDfIWncJePvPz19V8HV/1xj5npDh6RoVDqReXYoQb7I6IdJptHE2
FgSEFubCYGvclaFfK6Q6nWsezizodEW5mvryXsmA1mq/KnN9yuNBEClUmNV7DLVnqtb7LqJRKUSH
R40FcyBPVrseJcFt0X4q7larWud/Dx6IKeGexLLE6BGoXKeDCYisEi3mdoyOdBQC6sdrSs6w+Q2l
6sZmYjwRqvV2hQLmCvyUj9FZIrnSurIzMi06YmwlfcU+ItqxDzGQ8X1SU/X1BmDDDwUfotJ8mEye
ASSf8crcgdhqM/7eUePsnfDQKS36WR76KmcgPxx0CgaXl25TCitMorBC+Cp10s0utdFRkzYO7nki
EtQpKPMmrFF4AyiwT6ZIFHFgfZXJTbFWcQxQcLZW0BpBDj+XK1RKJmINlEZFmlGLRrF2cZY3+MIw
jZpX0Jh6t3/Hpj5yqsoc2tNSEsAzmM2eAJnQKteKrI+1drrs3VemDl4bHlI3C8kEWj1lRalMy6hy
G32D+Z7W6LTh2IiQ2iDkkjBhxsXIBSWBbjDolFwd5E11qYPnjtRcq2FVKWjLAkLqCO3XQQ8908Av
gfeGdoGhPZyuoSYPZCOnQzww1COm3co16G2qSOnhg9peKIliCHXbGJtDcOUCz1m9vCYd05SeZ/U8
sUBhjq9WmVjpI0V9/qiOWfBLw5t9/og+iDVXZ1f4yY6hk4KqDzB8bYTqQDh9nYoYcyK8ZoDGeo1D
f8jTO8mX9HGdUs49oYJC1bw2JqiE8PMUymWNfHOKZ/OieZbXheSQrjm4hcDIniENVV0KGSMQGfQe
BsbFBJOhmq1yl8ocvHU2qJ/bNZJtCTU41DYUW6sQpgGSltV8heOeVkv9R0pqtRZhXGcQnY0RKK5H
q8eEgVrEMI4I6dBTb6oOuHs1Aj3TxFBJ7sv5XicTpUnlAY2zJA0DwBdantWp0VoPqhCX7ToJHR3w
EB6aNZ/KoDDYAYJ+DBhRT1ww2lRHKSryAjwdnap8CzUZz3WfBqU1j9OousMCCGjUuppWSlNzYKN4
pjdl76lygaK1S4d8HxAotWB18m4+CSI2sJLOKMDjMUr19I7ORx7KoxSfqX3MqWOg9hv0EwKtugho
kq/wEg3qkuHDPsxVKqfWGKfsxauThRrEVkPgydoPrvAhON10B5M74CgRXefOD7OiS0H3B13pqWct
zUML5cSY6EC0+kyRl9rqIlCWt2Xqy8Myq+Ju1allu6c0FFQADqQjj56C5ZWcjOoJD5iAKuufvKBo
QqhofQsI1cV65LoxYlB92Sj8pKr9xR3Etlw3ud4Ntkk5NXQQ3Nwwwj+9QIUcrUN+6Q8xRCpTKFdR
XBJ8qIyyXTjudDviDup8qvvxQf4plCvNb+5cT386tRvBp2uJz7PWmIyvfVlAvGuN6j9+UQ+UWdS8
pz9N0bgPwqgQLcCruPUFILQ4LVpCcK7b5gB+19e8j131rLA1Bo6uX0iy6J0ZalHoXZ16Ueq15fBG
BPrYpTmaU6zP20NQP8XNkfnsVQv9Nv81og8Z9RXbTRXyRiSQ0lsiuLvTXNOHgjCw5fQs2dbv2H4M
U/Wlx4TeN/yoPgrbbYfbu7gtdYnk2abpWJaN3xTMzq5arPvymkjbH4ShsK0wiANJnrcWzkP09J8v
WzzvUQC3eKCwx2ccbbJwT/+Nz//6+j2S2XrP9rCGoo8pbRKSQ1IJV+orS/WVXW+IklBNhl6EoKjr
lHrAVsKC1iRSZonybn/ndl3jaszjE1KscVp2699TediyEhKl0xyCxq+kML4qlS1W8P8X67SrGZ2b
1Rs+ffo/l1jJ6Q==
===END CRASH DUMP===
