PocketMine-MP Crash Dump Thu Dec 2 12:37:03 WIB 2021

Error: Could not check compatibility between hachkingtohach1\FarmingCrystal\FarmingCrystal::onCommand(hachkingtohach1\FarmingCrystal\CommandSender $sender, hachkingtohach1\FarmingCrystal\Command $command, string $label, array $args): bool and pocketmine\plugin\PluginBase::onCommand(pocketmine\command\CommandSender $sender, pocketmine\command\Command $command, string $label, array $args): bool, because class hachkingtohach1\FarmingCrystal\CommandSender is not available
File: plugins/FarmingCrystal/src/hachkingtohach1/FarmingCrystal/FarmingCrystal
Line: 65
Type: E_COMPILE_ERROR

THIS CRASH WAS CAUSED BY A PLUGIN

Code:
[56]                 $g = ($rgba >> 8) & 0xff;
[57]                 $b = $rgba & 0xff;
[58]                 $bytes .= chr($r).chr($g).chr($b).chr($a);
[59]             }
[60]         }
[61]         @imagedestroy($img);
[62]         return new Skin("Standard_CustomSlim", $bytes);
[63]     }
[64] 	
[65] 	public function onCommand(CommandSender $sender, Command $command, string $label, array $args): bool{
[66]         if($command->getName() == "crystal"){
[67] 			if(!$sender->isOp()){
[68] 				$sender->sendMessage(TextFormat::RED."This is command for admin!");
[69] 				return false;
[70] 			}
[71] 			if(!$sender instanceof Player){
[72] 				$sender->sendMessage(TextFormat::RED."This is command for player!");
[73] 				return false;
[74] 			}
[75] 			if(!isset($args[0])){

Backtrace:

PocketMine-MP version: 3.26.1 [Protocol 475]
Git commit: 6b7d0307afb36a7faca2dd65734e15000baf17ba
uname -a: Windows NT DESKTOP-BVRHES0 10.0 build 19042 (Windows 10) AMD64
PHP Version: 8.0.13
Zend version: 4.0.13
OS: WINNT, win
Composer libraries: 
- adhocore/json-comment 1.1.2@fc2f76979f0a44a5f5bc2a2b600d0762fe0e78e7
- daverandom/callback-validator unknown@unknown
- pocketmine/binaryutils 0.1.13@0abee38d4e2861621f262c79a2a3d699d8a697f4
- pocketmine/callback-validator 1.0.3@64787469766bcaa7e5885242e85c23c25e8c55a2
- pocketmine/classloader 0.1.3@3c484a27787f7732ce842ed694928a29ba340961
- pocketmine/log 0.2.1@830b44a2cf96ef703c550abe64302f230231ca49
- pocketmine/log-pthreads 0.1.4@01620c3628cdaa6b4a21122cff4c5d2f70b5c1d3
- pocketmine/math 0.2.6@43057cb8c179a9859677b496a788db922fd5cfc3
- pocketmine/nbt 0.2.18@9f82ca4d7f97fcd9a566e44b63c4f18a7657ae82
- pocketmine/pocketmine-mp 3.26.1@6b7d0307afb36a7faca2dd65734e15000baf17ba
- pocketmine/raklib 0.12.12@5abe22043352e94099e4edfcef5fb3644578ddc1
- pocketmine/snooze 0.1.6@92abf1e988c71635d466abb777f61f89e5a9c990
- pocketmine/spl 0.4.2@6b08b7cf8c4afa17139c9a1b3bf1b408531de161

Loaded plugins:
Alerts 1.0.0 by hachkingtohach1 for API(s) 3.0.0, 3.14.0, 3.14.1, 3.14.2, 3.19.3
CoinsAPI 1.0 by hachkingtohach1 for API(s) 3.0.0, 3.14.0, 3.14.1, 3.14.2, 3.19.0
CraftBook 1.0.0 by hachkingtohach1 for API(s) 3.19.3
DevTools 1.14.2 by PocketMine Team for API(s) 3.13.0
EconomyAPI 3.0.0-SNAPSHOT by onebone for API(s) 3.9.0
EnderSword 2.9 by hachkingtohach1 for API(s) 3.19.3
FormAPI 1.3.0 by jojoe77777 for API(s) 3.2.0
GiveItems 1.0.1 by hachkingtohach1 for API(s) 3.14.0
InvCrashFix 0.0.1 by  for API(s) 3.14.0
MaxEnchants 1.2.1 by Xenophilicy for API(s) 3.0.0
MinePos 1.3.5 by hachkingtohach1 for API(s) 3.0.0, 3.14.0, 3.14.1, 3.14.2, 3.19.3
MirrorNc 1.0.0 by hachkingtohach1 for API(s) 3.0.0, 3.14.0, 3.14.1, 3.14.2, 3.19.3
MyItem 1.4.5 by hachkingtohach1 for API(s) 3.19.3
NoDeathScreen 1 by SilencedTick880 for API(s) 3.17.2
PlayerStats 3.1.9_BETA by hachkingtohach1 for API(s) 3.0.0, 3.14.0, 3.14.1, 3.14.2, 3.19.0, 3.20.0
PureEntitiesXDraz 0.6.7_DEV by milk0417, RevivalPMMP for API(s) 3.12.0
ScoreBoard 1.0 by hachkingtohach1 for API(s) 3.0.0, 3.14.0, 3.14.1, 3.14.2, 3.19.0
SkyBlock 3.0.0 by GiantQuartz for API(s) 3.0.0
Slapper 1.6.1 by jojoe77777 for API(s) 3.19.0
TrumThe 1.0.0 by hachkingtohach1 for API(s) 3.19.3

----------------------REPORT THE DATA BELOW THIS LINE-----------------------

===BEGIN CRASH DUMP===
eNrVOw1zm8a2f2Wvknl13ggZ0Lc67tixndZz41jXcm4yr+p4FlgkamApC5aVTv/7PefsgkB207Tx
zOtNkwqW3bPn+2vh104o84QXt/ciV5FMO7NBt1NEiejMnFF/MnD78LfXd0bDbqfMzIOe3Xen04Hd
d6b2yHEn3Y7Ic5l3Zr92im0GMzrnt6dXl/OLt+e359fXV9edbicRSvEVPjuVZRywVBbMXwv/jvky
yXgReVEcFVvmiWIjRMrW3F/fRemqkHjlLJdveJ7A/Wm+VQWP9+9nM5meyiThaXDwh0vNxIVIA5Gz
l4p+u+xL17GXvr7oMlXkMIG9jLkn4i7jec637CXPV+rVjHlSxgznZ9K/EwWAEstlFperKF0u5/T7
mivRRL0502zyu+h+bu6fQbELPPd5qQTzY64U+5PsixTJkt/zCLaIBcg6jGIUtCZVHbbXH6rcP9zb
Y39K+xYgxkBlZzYa/tY1UG+j9F7G9yIRaQFbBVEu/AIm+jIQqIfDEYyyvT8vV+yIHbzMVx5n333H
Jq/Y/zD7IQy/hYXD8VMLPFig5zdmTp6cuS2EYr0jUOoctnjVo9+V+fXML39FEKZ7EH6DwZHdGKQB
pzFwHCVgPYEAacrtwcsoWRGkkduYk4uizFOWig1bAHMPlp1FAXLieXB7WqpCJos4SpadrkFWA+gb
ALTjAG6WyMbRkK6y0osjn4Vl6hfgHNhOUX9HJ/+C+v2K2zWlFYUH1XLru5Uo3vFEHLxiR0ds2fGN
DnZe0bIxYYn/waJ/GCys7yJ1lR280lMm9ZRlUU/A30vtkA5uxEPxhnzgbHZ9ftZbdm7WoNPw1yDB
wEMyHoBC/gP2JaZNG0AN10MeK4EPx3b9EHk6dp7CkYFdgGx8IUM2j/lW5ITt2H0ebDMCWaE77n8O
3UEb3WEL3UgpURyQuH60f0KWggUWOffByH78qdtZiVTkYKFgcSnH2NCZk1e6BHu1LucA0AMPtwsu
nX7PHfUcHC+jOOjMXAgi3U6kbgNx35kRVmDiuSykLwHsYAxxZxWhiY+8cWD37TEPvf6Ij0PuczcI
RsNxfyCcoW3bHg+dsccBdmlw+RClgdwo9u6GnZ0v/nlzNbde//v6h/OFzRy7ZzPCgUEQG7jsoJrs
2K/YyeUZ2AIgss4AzKRn95w+3H4CQcD9oLqHx7dS4UYX797dwADdbKKUHFGSSSXy2zjycp5HQiGT
eLAGwnJx+LOSqYUi0/7L6Tk99zj03XA8mo6noc0HAz4Mh57vctcb2XZgj0duKGwxnogxgA848BTE
LZNDn8exx/07657HUcALDMTAgrtUbtJj84vI1uHi0ItSnm/LIooRXyAGyDm2wUBFfxIMhDsZOSPX
Cd2R64+n3OX9YDSdBhMOqIWDNqgnN4cEodc/Hg3Gk/EA1oxGns/5WAwnk6E7cMVk6Lt93x2KiT8c
cncPIMagWHLQfINb/7jvDyYD7o4BXjge911fQGIiAKnB1J1wd+rx/sCejpw2pFiuCILbc44nfdsD
jrp+OB2JcGz3YWckeDTo227owv/6js8H00cQrKxY54IHFaMGxzbwxvb7I3fiB5yPPIDqOC5ADgf+
MAAB2t7Qd4J+GxQY7NpgMzqGTYdj35v4DrB3OhlOR+OxN5iCVk8mgTd13TAY+qG/ByL1ioqeyfE0
nLiAcDAOQSZ+MOXD0UgMBt4IeBU6Ez4Gw+Bissfc3aWVZLU1Hv8J02oAy/kd6LbmC+DkHg+Boa5r
D/r9oSsgPZxOxUAEoS/CIQIeDIbjSRD4e2JSqZSfhGHv6Hjqci90xHQy8ceQgQ6DwWjEPW88Hocj
J5xMxZBP/enU3gOSxQRhAFY08uyJN/bDiT/gIXfGTh8WcMfrA1xvYE+GfScQDmjLb3U2QbZ5Eou8
UA1XZga6nZ37Qs3GrXlZrGUOk3/s7KUyHfCKPIvwSd9M7vecwe7CqS5cfTHt9XGNSDF5CmofGIgM
vI3SblbJsDhrDiQ8QnQepWoa5eoXEyewJPTKV4ubD1fXb89gaCM8FRVI4LooMjU7PNzwwl+rdVT0
IPX24m0PHNMhevpTCbw5mV80mFIP7bHluZliPx9TKpR3V1/PmJyHxWsp75qcqce+QmOeVx1qlBqX
X0I7kA7xOIoh3eopzBV7qSgOA67WnoR0klhwJu5vIH1rGkw91GaAEWuDA7skgd0InrQ50N+TfZGX
X8qACoHlsoGKoXZxc3J9837+pJwhw1iXHkl3h9phDQOoPfdlKpNt2xYag02KScWtxbuT+eKHq5s2
5TIVHvxrUfw1ym7gLZdC4wJAl8sWXp8VNpGGWeZiI/OgSdpusEma25v+f+nyDqPm9XNpM+bUbeFW
I21d7u8b88/yZynG+KdFu/sVMt2BhNpbY1FffIlAv4/uxUUhkqZp7sb2nZPzJwQ6eE63vAKUIkRp
ubzklDP/IWUX6T34MbV+Ez00aGuONqmzH1H3bMQk5S+A1nIZpfc+bh1GD8vlW521fgEdl/zhPPXX
PG3lG83RtpTcfSl9FKnM1hEU59tHsfWv0tSAiRKpcWndfBF14DznskWZGdm3peHfOJUyONcXX50z
XEbYJH3nt/hihv6bcswK6d3V17Nmi76pyRg90GbL4M/oyzPTTPhUv88VdN7JMwF14cLPhUgb1LfH
W0xoM2ARxSL1RXAT+XeTid1mwBik/1cZsAf4yz20bmYtCt7ybM3Rdqbk9Ka3r89vTp6/fMAL137O
gNWgonXz1eo/L3NxnhZREQn18Sznn5qse/SsHeJGvfHt2fm/2/xLovjOHjjYKLoGJbzn8fzyct5W
j6/JUHINNEuSbLnMSlRTjSHwpYHvn06+G8getghHLi2wcfYajafBnsbgf09BukO6ef3VarS4276O
oXxpsqcaelSftNnzfQTB/V8lz4tPz5ZP5FImDqSwFQ67qz+itNhERSFyIqyJGdIY8ywTeZNEM9IW
/2g/Y/qdPP2rBKv01l/mHZ9Q9x1OhxUVQOJNXiY3a9EgsRr52/QVDEL1xfMERGzH8RxIBtnvtQms
y3kvW/McSVAiBzb0slwCw8jNzDov5vUdO5VpGK0YHkIu82X6YlGm7MovWJ85o9mwP3P67MPFa+ba
roPPY56uSr4SRyJd4X0ii+CotTNb0I74UO9tZTIvjpyp03dxcAO2KKw4UsWRDEOCwR8sfQajjlwb
R1ZAViIDcUR3ocx9YdVjZhXQF6A3qO6z++xIpngVRGEY+WVcbI9oR33sUsjcUqIoQDLqiEgR9yK2
UGmO1N3WI6Orh5UQQWMWHtQfnZ2/OXn/9gZHtWJYv5Qi35pdQbWkpfi9MPf3kdhYQaQPro4mOPTg
yQcLVbBakqayhKeGegvUJRL6lFaZKSrjm9TCIx5Bh4pHzqixf+7DiKEfr3sZVwoL/aP/pT/L9lFG
b5tg4/cFQwtkPkm+BM7gYSUqAJ2GtYQJCsFAY5VgFesYzwUr1oLJFLSnWPOC+UhHwTzBotSPy0AE
cMEeKR7CWsgEVoYIYB+m4qHoMglPcoUgmZcLfse2sswNLBaFDDQgCiPaAYSPx9jxFgG/E5saHFhO
yEH8im1k+k3B0FfwnKGAEiAWD2G2iGGBZ4FE92YtUlZmq5wHAKC3TFF3NbDZMmXsxYe1QMRYIRme
LzIAYc5qgQc5T8G3FYAUPSZUQZs4AAZ+xqIgfqE5+4JBXRjExMEEIWvdrqxqpk8a8YFal0UgQfbm
VZAZW3a0ZTE/lkoEyw5hdhLHcsPQnPDg2DTo2X3E2b9QOXEOaallHs0Ydghp6TkpkVlDr16gPTGQ
GDAFoXlbZliJ843O1Y8byL74EAFDZAp85UHAcqE0+5GtwPA7lgiuIENBzcbTV08g0sAc8UvJY2Qb
tjdSBtlMKdiB2RScziuErncEbRfoSSxg+2ol8hk8pr3flYkHXAGtOlHb1L/h6g4En9+BHvVownvg
ljno1ZTitHUuwfhAejBddXFBHDDjKcAeuvSiDRCCAYR4A/6ZTo3LFDQIp2jgCxIv0ARalsuHCDRM
ABuAJNLctEYOeWsQughRV3EO6mSXRcU3wL4ip2WBQFMnldlbzA6ABnzzxCW2EBmWoXRGoPZ1lZNy
5GWaojgDdGUyIyHQYa7qsTNxb65ZEq3WYMzYoOk2jc8oDnIkz8us0KOaYciYBHAzdJFwwSjppDbQ
BsHvZRQA2k9jgDqCOieB0aBdvYaiwWRLT6o1DWIFxIB8q43y+1h6oD0Yh5keBztIogJtOxErTu9t
9NhCs9om5kYKYdNyehVgExHnSaPAaDeWBlQpmSIKwwhQBI8E2KcEK4QcvtpSKzlIq0QzZSsJgpJo
pqgVuNGK0LQItRmzkQrYnVywPi3921OAic3n8MdQ/HX4q0JmhIJxnzVKBpxi4D4wuIHfqxDCXSus
HNsdGMTICXwgqzD4qW+eAUOyC0IJPQbzSwg+KQQfJh6EX5LzlRplbZEYrOrZ4sGHfELtKNKO6+rm
fMZufrhYsLcXlxc37GQ+f3txvmDz82sGaeE/z6+7DCaxmyuYdc4+/HD19pzNr69OzxeL3r4LaPHD
HY4MO+YijyQFZHTECgnULxIabtTO1gHeQ0oQkG+hKRa4QqHdLIGCVBHoBAcN2oT0/p6yaSWDPA8D
YIrTzGYEWQMB17tz5Doi0R5XGEMwztOC3uPZqAsmLQexZcLHdEBzFtHVctVraxpAvUSmdqT2bUOr
evU0SobyvqF8xXMPLMPyZRzrNIwc0NPcJVNDdMwqZlaB7054WlLy0cQEErMS3y/rVjFhXwkrNdTh
NQwBlqY32Zlgj11pn68VHrIHem20wiWCILJJ2Q5/pQFnhD4QOrJtQyvs9oacxaMgSaqjIdS0hblM
qmCrV5sZVlM1mxJGaowkH+kGe0KlWtqxqBJGFFkOO6EaGkUOyiTT2ZVO4Zh5YOGDSl5nOMksINwJ
zYoCuIMwD8bOn2AwBG0IfLDDPSiZUqVAx1CsQWqrKttEp4W77bDqVoLUOYJJKnsaG5z6u3zCoshf
l+mdqnA/5RmORkmZQIyl9+Kq8gIFaV5j01js+Ir2YlhJFvNYxyDZzgxGtKGFWXAJQXdQS+xM6kf7
Oq3fcqzg68mVCWlYZmKTMsocLB+KHVHTdgaoUK4C6SNyD7DTCYaGknGsSZheoyncUQfLDD81PdXO
OHmX7SIDYywDDNzPg/qcHi5TKMVRYDMTIiA1W8tYp5getpsoEyeUIWsCFTJBhnybrnzMUx1aPFEn
mzq8vWhKqXqEbjXfFgi8yyynIUASHm1sFRUyJgSQ197lsVTMYgoZaMqxlqFEHxfDoEGrx36AXBB0
6YiSO3Y6f9+FtYCDB/a1iQJQe8oVtPes4VsEf8ZGVdq9y8gVcacxt8dOggBfn47DQygldZkQCNBh
sxVsyrBNggrWMMRd2GsAa5Yi5w/o1TDF5HGPIRLv5+m8SrZ3BSDWEojUBhuLsLDM0swy93vVzaWx
OhV9ErU8MS2vxKgw4JmUCdJ2rR6N0DqYunrRqx6bmzUxz1e0gJtK1OgC7RjmfIUkgEyAbSqLKWPB
8jIB5NHYeY5yOo0jbBZQvZxDMSVUwS5v3hOmCkhCsr2yoHfOSZS77XRx0at8TVKUFq6aEbbN+lCk
fr7NtK2HDBsDPr4dU5MJ9S/2W3qMotSaYxLAogR4U6DsQBr00QS4qS7hAkK7J6TXyAnwuuSIIURz
cudKi1SnEjC3MDqKlAjdHzCuzlRTZ1eUJJ1dLE5eQ35E+VSZkg6hwy7RU6KbDHSSEKEymvfhg2a9
saNzZ+uB8MrVrCravmMOFmsmZV2Du6LnzJToSjcV0JpTJXXwNhbhIDCNtYZ2upZQxKMVVrWaqKpx
8uIBLzhT/L6KFthYqtpE+KxRxgNi9NKPTtpMT+ZnGaW6IUCc+oZ99OQDWn7OLs7Ywcf3F2evQO5g
9oADzN+A2FAwEYR7MA6s4fLA8EenH2ANcie7FKz94+u3FXxT3zVGvqHNsLtGiQOJ16QiRJusOkQm
jDZ6Y2FI28KzKNxaD2UU7ARSdeeazZkb6q5oU9Pf52ge0FxjV6UyXR4fnEih3axZY+k1Mz0/8HAb
HUKMezS7YAzk6aquUVJcFu+H4m41q9X/e7Ihppl7ksgSvUeoY51xJsCyirUY29E7UisExI/XFJxh
8TWF6sZiIjwVuvT2hAbmiRBtn3qJZErrSs9ItajF2Ar6mnzcqCYffCDj+6gCLT5FLSYgnj6Fpf00
mjwHSAHjlboDstVi/K2x6e91eKhLi3amokDHDKSHg0xB4VTpNbmwwiAKM0SgQyfd1KGNWk1GObjv
i1hQpaDVm3aNozvYAutk8kQxB9JXudwUa+3HYAvO1hpaw8mB9atCh2RC1kJuVKhZO9Zo0i7OVIMu
dNMoeQ2N6VfWazJNy6lKc2hNS0gAz2IuewFoQqm8E+SurVXLsvdYmMZ5bXhE1SwEEyj1tBZlMivj
ymzMDcZ7mmPCRt/FDakMQippJ4y46LkgJTAFBnXJdSNvZlId7DtSca2HdaZgNAsQ2XnoYOf00DIt
/Hppb6h2DO3hbA05eSgbMR38gaXPmOqZa5DbTKPSw7PaXiQJY3B12wSLQzDlAvusvtqhjmHKPGe7
50QCuTm+WuViZVqKpv+o2yz4XcjdPn2EH/iaq7OrGfDDMkFB5wfovjZCVyCcPlzCHRUhviOAxnqN
pj/E6ZrzZQZYGeE8YioIVD83ygSZEH51QbGsEW9OsTcvmr28LgSHbM3x0zj07DniUOWlEDFCkUPt
YaFfTDEY6qdV7NKRg7d6g+bgrhFsS8jBVaF9a+XCDECSsn5e7fFIqpqupliLKNlFEBONESjOR63H
gIFSRDeOG1LT0yyqGty93QbmSXOHinOfj/cmmGhJagto9JIMDABfGH5WXaO1GdQuLq8rCeMdsAkP
xVpAaVAU1oCgHgNC9IkLepuqlaI9L8Az3qmKt5CTcWXqNEiteZLF1R0mQICjkdWsEpp+BjqKPb0Z
+5EyF0hau9Tk+wmBUgm2C97NkyAiAzPpnBw8tlGq0zvqjzwVR8k/U/moqGKg8hvkEwGuJglooq/3
JRz0JcPDPoxVOqbudpyxN29PbvQglhoCO2vfeiIA53TXHU4fgKJUdPsPQZQXXXK635pMT5+1NJsW
2ogx0AFrTU+RviOlpiAIy9/ikVLpF2Ve+d2qUsvrUxpyKgAHwpFPp2Cq4pNVnfCACui0/sUb8ia0
Fc1vAaG82IzcNkYsyi8biZ/Uub94AN+mTJHr32GZpPa+RqZEjuYhvfTRXqwjhTYVTSXBh8wor91x
p9sRD5DnU96PJ/mnkK40PyXzfPNFUD2Cp2v4sWZrTCa3gSzA37VGzUfWu4Eyj5v36Bma92EUF6IF
eJW0PmyDEqeFSwTGdd8cwM/VmveJp88KW2Ng6OalJIdem1Hm69PmpMxv8+FahKbt0hxV5OtVewjy
p6Q5spi/bW2/Vb/E9H2euWL1o0LeiRRCeosFDw+Gavr+DQa2nM6SXfO27aco018vTOm1w0/6W6d6
Odw+JG2uS0TPte2+47j4mvz87KpFeiBvCbX9QRiK2gIDP5Aq1Zq4iNDSP162aN7DAG6xobBHZxJv
8mhP/o2v2gbmRZL5ek/3MIeibwRdYlKfuBKt9MeD+uOx3gg5oYsMMwlBUdUpzYCrmQWlSazVEvnd
/nzrdrdX4zmekGKO09Lb4JHIo5aWECv7zSEo/Epy46tS62IF//8wT7uaU99st+C33/4DpnKrGw==
===END CRASH DUMP===
