PocketMine-MP Crash Dump Tue Dec 28 09:55:09 WIB 2021

Error: pocketmine\network\mcpe\protocol\types\inventory\ItemStackWrapper::legacy(): Argument #1 ($itemStack) must be of type pocketmine\network\mcpe\protocol\types\inventory\ItemStack, pocketmine\item\Axe given, called in D:\FoxCraft\plugins\MyItem\src\hachkingtohach1\MyItem\entity\Throww.php on line 44
File: pmsrc/vendor/pocketmine/bedrock-protocol/src/types/inventory/ItemStackWrapper
Line: 38
Type: TypeError

A PLUGIN WAS INVOLVED IN THIS CRASH
BAD PLUGIN: MyItem

Code:
[29] 
[30] 	private int $stackId;
[31] 	private ItemStack $itemStack;
[32] 
[33] 	public function __construct(int $stackId, ItemStack $itemStack){
[34] 		$this->stackId = $stackId;
[35] 		$this->itemStack = $itemStack;
[36] 	}
[37] 
[38] 	public static function legacy(ItemStack $itemStack) : self{
[39] 		return new self($itemStack->getId() === 0 ? 0 : 1, $itemStack);
[40] 	}
[41] 
[42] 	public function getStackId() : int{ return $this->stackId; }
[43] 
[44] 	public function getItemStack() : ItemStack{ return $this->itemStack; }
[45] 
[46] 	public static function read(PacketSerializer $in) : self{
[47] 		$stackId = 0;
[48] 		$stack = $in->getItemStack(function(PacketSerializer $in) use (&$stackId) : void{

Backtrace:
#0 plugins/MyItem/src/hachkingtohach1/MyItem/entity/Throww(44): pocketmine\network\mcpe\protocol\types\inventory\ItemStackWrapper::legacy(object pocketmine\item\Axe#118565)
#1 pmsrc/src/entity/Entity(1446): hachkingtohach1\MyItem\entity\Throww->sendSpawnPacket(object pocketmine\player\Player#27379)
#2 pmsrc/src/entity/Entity(1455): pocketmine\entity\Entity->spawnTo(object pocketmine\player\Player#27379)
#3 plugins/MyItem/src/hachkingtohach1/MyItem/ability/Manager(666): pocketmine\entity\Entity->spawnToAll()
#4 plugins/MyItem/src/hachkingtohach1/MyItem/task/DelayAbility(26): hachkingtohach1\MyItem\ability\Manager->caculateAblility(integer 1, array[1], object pocketmine\player\Player#27379, object pocketmine\player\Player#27379)
#5 pmsrc/src/scheduler/TaskHandler(117): hachkingtohach1\MyItem\task\DelayAbility->onRun()
#6 pmsrc/src/scheduler/TaskScheduler(141): pocketmine\scheduler\TaskHandler->run()
#7 pmsrc/src/plugin/PluginManager(467): pocketmine\scheduler\TaskScheduler->mainThreadHeartbeat(integer 417)
#8 pmsrc/src/Server(1753): pocketmine\plugin\PluginManager->tickSchedulers(integer 417)
#9 pmsrc/src/Server(1642): pocketmine\Server->tick()
#10 pmsrc/src/Server(1034): pocketmine\Server->tickProcessor()
#11 pmsrc/src/PocketMine(301): pocketmine\Server->__construct(object BaseClassLoader#2, object pocketmine\utils\MainLogger#3, string[12] D:\FoxCraft\, string[20] D:\FoxCraft\plugins\)
#12 pmsrc/src/PocketMine(324): pocketmine\server()
#13 pmsrc(11): require(string[56] phar://D:/FoxCraft/PocketMine-MP.phar/src/PocketMine.php)

PocketMine-MP version: 4.0.0 [Protocol 475]
Git commit: 468faa464b2bc5c97f23fafbb71ea61035f6f218
uname -a: Windows NT DESKTOP-BVRHES0 10.0 build 19042 (Windows 10) AMD64
PHP Version: 8.0.13
Zend version: 4.0.13
OS: WINNT, win
Composer libraries: 
- adhocore/json-comment 1.1.2@fc2f76979f0a44a5f5bc2a2b600d0762fe0e78e7
- brick/math 0.9.3@ca57d18f028f84f777b2168cd1911b0dee2343ae
- daverandom/callback-validator unknown@unknown
- fgrosse/phpasn1 v2.3.0@20299033c35f4300eb656e7e8e88cf52d1d6694e
- netresearch/jsonmapper v4.0.0@8bbc021a8edb2e4a7ea2f8ad4fa9ec9dce2fcb8d
- pocketmine/bedrock-data 1.5.0+bedrock-1.18.0@482c679aa5ed0b81c088c2b1ff0b8110a94c8a6c
- pocketmine/bedrock-protocol 7.0.0+bedrock-1.18.0@040a883a4abb8c9b93114d5278cb5fecc635da82
- pocketmine/binaryutils 0.2.2@f883e1cf9099ed6a757a10a2f75b3333eeb2cdf9
- pocketmine/callback-validator 1.0.3@64787469766bcaa7e5885242e85c23c25e8c55a2
- pocketmine/classloader 0.2.0@49ea303993efdfb39cd302e2156d50aa78209e78
- pocketmine/color 0.2.0@09be6ea6d76f2e33d6813c39d29c22c46c17e1d2
- pocketmine/errorhandler 0.3.0@ec742b209e8056bbe855069c4eff94c9734ea19b
- pocketmine/locale-data 2.0.20@a6e4eb22587e0014f6d658732cf633262723f8d3
- pocketmine/log 0.4.0@e6c912c0f9055c81d23108ec2d179b96f404c043
- pocketmine/log-pthreads 0.4.0@61f709e8cf36bcc24e4efe02acded680a1ce23cd
- pocketmine/math 0.4.0@6d64e2555bd2e95ed024574f75d1cefc135c89fc
- pocketmine/nbt 0.3.0@98c4a04b55a915e18f83d3b0c9beb24a71abcd31
- pocketmine/pocketmine-mp 4.0.0@468faa464b2bc5c97f23fafbb71ea61035f6f218
- pocketmine/raklib 0.14.2@e3a861187470e1facc6625040128f447ebbcbaec
- pocketmine/raklib-ipc 0.1.1@922a6444b0c6c7daaa5aa5a832107e1ec4738aed
- pocketmine/snooze 0.3.1@0ac8fc2a781c419a1f64ebca4d5835028f59e29b
- ramsey/collection 1.2.2@cccc74ee5e328031b15640b51056ee8d3bb66c0a
- ramsey/uuid 4.2.3@fc9bb7fb5388691fd7373cd44dcb4d63bbcf24df
- rhumsaa/uuid unknown@unknown
- symfony/polyfill-ctype v1.23.0@46cd95797e9df938fdd2b03693b5fca5e64b01ce
- symfony/polyfill-php80 v1.23.1@1100343ed1a92e3a38f9ae122fc0eb21602547be
- symfony/polyfill-php81 v1.23.0@e66119f3de95efc359483f810c4c3e6436279436
- webmozart/assert 1.10.0@6964c76c7804814a842473e0c8fd15bab0f18e25
- webmozart/path-util 2.3.0@d939f7edc24c9a1bb9c0dee5cb05d8e859490725

Loaded plugins:
Alerts 1.0.0 by hachkingtohach1 for API(s) 4.0.0
BuilderTools 1.3.0-beta2 by CzechPMDevs, VixikHD for API(s) 4.0.0
DevTools 1.15.0 by PocketMine Team for API(s) 4.0.0
EconomyAPI 5.7.3-PM4 by onebone for API(s) 4.0.0
ExtendedBlocksConverter 1.0.0 by JavierLeon9966 for API(s) 4.0.0
FCCore 1.0.1 by hachkingtohach1 for API(s) 4.0.0
KeepInventory 1.0.0 by NhanAZ, KhoaGamingVN for API(s) 4.0.0
MaxEnchants 1.2.2 by Xenophilicy for API(s) 4.0.0
MultiWorld 1.7.0-beta3 by CzechPMDevs, VixikCZ, fuyutsuki, kaliiks for API(s) 4.0.0
MyItem 1.4.9 by hachkingtohach1 for API(s) 4.0.0
Netherite 2.0 by Wertzui123 for API(s) 4.0.0
PlayerStats 3.1.9_BETA by hachkingtohach1 for API(s) 4.0.0
PureEntities 2.0.0 by LeinneSW for API(s) 4.0.0
PurePerms 1.4.4 by Vecnavium , 64FF00 & ProjectInfinity for API(s) 4.0.0
ShopGUI 1.0.0 by hachkingtohach1 for API(s) 4.0.0

----------------------REPORT THE DATA BELOW THIS LINE-----------------------

===BEGIN CRASH DUMP===
eNrtXHlz20aW/ypdcmoi14oUbhJMyWvZksfa+NBacpyaMOVqAA0SIxBgcOhwKt99f+91AwRp2XE2
np39I644JBrd7z67m/51Ly2rlWzeX6uqzspib+Yd7DXZSu3N7MCzgsCyrXDs2tbEnxzstWv9ypuM
3akVOtMwdB3Htw/2clk3p1VVVnuzX/eauzUm7V3iQ48d7K1UXcsFja7L+Eo1q6xQ83mhmpuyuprP
V/Eaj+uqbMq4zOdzglDP51lxrYqmrO7m87NGrS4aGV+9q+R6rarZLFcLGd/tP5yJ42rRrjBRPLDF
/jdZN/OhWLV1IyIlylQQRPFncR9sQSBE8/nxrRKLDHMPRCzzXCUiK8TJbD5/Vt4+rWTaAHbeLrIC
MF/enfGauorn86WMl1dZsWhK+mZv3gJt1gDt5bIqb27G6+ValIXIgVN4HmSZtnn+LMtZmEtZzQ4P
T2aHHbbDc6bwJWaPXp6PacIhiEvK6nBD+2GkkgpPo47rQ1B0yIwf9nwf7oqcKCH0BvWK1nwl0ABL
/O3N3CnMr5Ixvv6098ASRnSHWjYMa0du3SsttUMttH3Pg118bVMro3+quLnfBh7Y9tQP/IfgBFao
hUN/DVmn/LFve14Awr5Q9aNHNcR7sZY3xbkknPdRsM7lnarm83P+fOBM3EnIVDifocL3d8TTIdYz
gJiQXpZ/CKH7B7Qloywnil7KAmGh2g+C4MsoOs7zfcbm/QFsjayvDk8UCD7WePedz6rBUIcBTd7o
USzjNpeNOo5yDSArGoU3wj4Qsqrk3U/2zwfiC6X1xROZUX+gxzpeqqTNVXV4CZaeyyLB933bnnyO
G+J+Ph+yP3pUFm/aQgsy+CT8i+4JFmPvqKefCWPdkDJ6VHVgJwOwWlOH5/zRqdwLJp+H2aMfPVrJ
rIBPKJk8V7JqIiWbXgMeuCeE0wHCC1VdE9kT393BoUkhMQ9oGT1qsniDr/4IdngP7MBzdmDrNxqY
FoJt3bPQcr3PLDxH9ESyLCsDYRhMNrF937XsTwB5/z4ui7qp2riPF09krZ4iRdcvSpmQcd1rgW2T
5ZSkIOsX5QLsP3APBADBpn6ynZ93klr/yrF+/lS+0xw4n+DA2RVDrQWkV7l6FYwbsyr1S5tVat+g
9IOfxZelvm2clMEe7v3828Ge+qtW+b+pVf61xQI0qQl+j+llfq1ItMCXFQnMJW72uvcY0yRjJC4T
Rap3Qozi2bXwOW/WVXaNCA+RNOKbmvCdJd/Ra3vrdU+N2GiPpzkGmqunt8gUsUjbIm5QV4uhVw4x
HNwL8OGvBMljSPPmm2aZ1ciAeoU42ibP357Vw6B52xQGPPM3+joxxE6HxAJqM6TZWO29BIqZqFWe
Mp2hoaBSTVsVolA3/G5g3qNHC9WcJfsPxdHRkbDEf+LvjHLnACKR6Fk9iZ6tSfSce+UJeBdaCPtE
C0T6qzD4t8X1nWBoroHmfQpazyXD6592oW4kquH6Bm7wOUFS4trXJRyidCbz7AOSyzdZMRSjN+kU
uVG0xUKZbr1gvRZaoj3NHapPYGlrJfb/1gEmrNdllvy699tf1fZf1fZf1fZf1fZf1fZf1fa/qNru
SrCaaq5jKLzhb4WkncRu4GCv34Dcs8fW2MKIbJtlWdWUm3a8jYDKdUZvPJ6MZ1XICBXt3gy6UAd7
iVojmtNivKvLtDkZDpCFA9NHTqyp6T6p0IQKMfH89cXlu9dvXpxg6EZFNRIRLW+adQ2p3MgmXtbL
rBnfKBXld+O4XB1Sbn3SZjks4LIs8yHPW8PbnLtjaxSpRjrb/D/9oOLl+csTdU0Lfshus6vnJ19L
CjEBX68SAJ/PI01bQ7TN5zuUfpE0FlmzbCOWwYDswy1QkA0Gd+XSD23LxPZ3zWFjY+JSydXXEkSH
n8L39Q7PF5fHby7fnv8exxvKDnsYYPYUQaJc3R2fnw3YHQwOGfbHk7E7On/pbfNcFirC36/FqwGH
zK+pAExk/yFFn1U2M3XbAKxKnuRgun5aoqarGlUNOfzEjN/x9v+S15mqXqiyCMMg+Focb0MFs/cT
p0PyH1b8NvTDT3EOsT17+rSs1EBKZmBXKPa/JwRqarrPL3F6CAKxI8vj6m5c3zWqHqP8P0xkvYxK
WSUcCb9Xan3WFf0D3rfHf8cuXi1lcfwPjH2/LOXfJdLY4odXX0sQGvh8vkXRrjF8ceQzpILzl/L2
tIjxuJX2hqPbXDvjndj/oyrK9RKVZHz3tXgdgCQOe1K2Hr4kBLxs8yZ7V1Z5MuRtM7jN2sQkN/d3
k9vTf/A5113b1O1Vhu9X6Gazq/pfkvJWRO8N0Qv+h7T/mXQ3AERy0ntPAxl1m1FD+Xjj8N/j813v
0lP1VXz+lWqWquI1Pd+bsSHrzq6nv0O0/NBmtuN+LZ43EOfznoj/tXtvoB1uOALLup28aOSWsw9H
h2y7Y3scvn9yenn871H7gK6thz9d9563leKdhExtyWE4vKP/XQt4obKiUBfvvhbzOcNDtwQalKEB
TG9T9MdSfkfi4RYUw/65qla7vOuxXZ/fqfN+UHGBWqJdiQMReM+eWZb4m0CbSg3kWZFmRdZ8tTzw
XiPQcmDqBl+/JP5fLMv1398Oi9pu5P9JQ2fI6b98ndhGxw6yAsMo6XYakq4XZg6oCCQZsCHoqm9v
SqUdZcAoXslmORyJZQ6OsHY4Vq7eJ2UDCrZGzbHVZqCt8uFzIput92mWc2m+GVms1sPHJdgbPmdo
Ba6HA/+sWZf98yrS2wNbYyUaR5qFZy5j6kYSQ8lw0jrelsMbleaKN6+HozVLtN4eSuAWw5GL8xdb
6O/qX/KCkJlvon/VlFeqoP3w4fzbW8M1kUvl9p1c5RyOHH78kK11AxqOfXrMs2i4HI+3q22pl0Se
Y1mubTuUy89PXm+xnpTvmbTdQQxl2worYdx1vTXxIlutc/Xjyy2edyjAI+3b7fC5ym8oQ20Nrhve
4SMJe8Y/z5c7trdsiyvep3JYSC5LJVtEWSGpikcCc8YBSUJdqzyJzCQCBd9ZN6UZcLSwEihamyXJ
m2ZttqPeb3AN3tPpYVak5ZbdJh+pPNuyEhalOxyqFNyD/HDRalvs4P8D7iZen8eIFQPhk3cv1wYv
YVSFqmQ+DOZDdydXlrXa3KDr5cl7KXszx3IdiK1+j6iyN0tlXiOcdUcidJnOB46M/NsLpqmUXuBF
ThT7cThJHTeVaRRNbCUD23L9NEgdewrYrSHlXVYk5U0tXl2Kk9OL7y9fn4+e/PDm+emFJWxQIZgG
YYeW54j9brJtPRTHL08CSj10qWsgqw+KHcjrzWS5fl+STt6dvXp1SYZJDzdcNSE2rctaVe+h3EpW
JtnLZAnGKnVIEWOEOeZM1qaY8DiNnXQShJMwtaTnST/1o9iRThRYVmJNAidVlppM1YTEV2Xx1aEJ
ktY4HLuPY+lPEnuaWs40nXrpZDKJHDuYxokd2nZkJUo5rudKxREQCkH0QaKms+6ITiGv0UUgMtLJ
PwR4VZQ3xWPzSda2qMq6VodgWdYFHT9eO2TOjx3LCUPLdWPI33MtS0WBH6iJmqrpNE59J7GTIAg9
woo4XalaySpeMv8rfWINUGwUj6dRFFuOLacqiRzlyYmSTjqViZfKUMVhEisnjaNpsuUc/TE5aJcs
SX9s/Uc3CLlCe4+9qRMHk1BKXyVWNLVjC8Q5kZ2m9GRbMvTiqQzi+yFvzHFvQoTuQrc8S06nrvRk
FE3jMAoR4bzEdybTOPJTFceB6ydy6uxA50Cx8WqHDABglB2noRWGKgnkxJ9IUAer8CMXf1BJOnGS
htuQ7lUh1RXu48CbTCceTCoIolhCov506jueo6Z+7Lix46tp7Ptyh7SYNujz0oRKIg0iDJV0LTcM
XZUmaeSGceJajnJsP0h8C6CnjhXCOncglXm5gWGFkQrgrMkEnqpcNwmmNgwnTJwwdpzYC2J7ouxk
hxq+jrLUpzpdFH2s4onnRIRyavlBFIEh3wrC2FNpCmWGE9dT0g6jbVB5SWVEZypUWTvWYxkoD3J1
/OlEWZbtpUES4LvrxGnguk7gTBBopom7C2rBxHhETBCHthNb0Jvvx1Nw4NrWVMUw/gnMIUg9y4st
72MIo0Gi0aACO50QU3HqQmOx44E2uL0j4wQGMbWkDS9w4x0f6OMAg0gCTzm+70eJo0KyeMfzJwgI
foLFaWy7oDFMd4y9iJpeuOE09qTlRbCM0PYVYsrUTdzIgm1DUHBMW0ZQv70NYfN1xOWTduo/ELYH
sCp5pQsKRFoPjqFcOQ1sG7Y8sZSdSvhU4PhwPBvBzvMmCqEjkiq+D8ooW8ddHfM4dBwZeJ4HZoJ4
kkiEBPpv6jq2BdtTsTdxp1LtyLcuyvKD6vL8Y0vGU8Rq2Lwde3Yo7RQSh3/B6aeuT/HXD5XDxodC
uFZ35AebOo73sR7H+DPxlPKV60xRFEXwJM+KfBv2rBTsLYqCILbkBkjbZjr9IPIiV4SQYRr57nQa
hHaaTNwJ7MLzkjjykgCr49TxkpSWL9tVLWW3/uPgXt+t0rK4gwbzO5QV+agroa9BqstKjJPQn4QT
FSL6uNM0SZzIcoPQRYBD3lFQrwXjug8WMsbU6mHZjxFuLeQhldgyRBCQgBZKZTuI7UgeyFiW43uT
6JOw7AFdKoBRhKmbkJ2nSEGhN4Wv2lbsxS6IcuG8If6v25hV+UFWzSFim6pM0iULDcLAiyewhqnl
TW1PTj0HRqAs6Dix/UhGVmpP4VBbQNbwuBEFb44jREsSumE6UQl8NoZJRFEYU87148jyE2RD0BZa
E4DhDqm3rfEdF6kPBO22CDQWabZoK8lXY6jEE2lZia2aal48EJdLJFJRq6ZBl1ELWSnRLJUoC1Xj
i2xELIui5DtzWRHnbaKvs+ljzTESGhIvd/mAdVGu9M26j2HWMlUHoqRNnJpAigjR6krclW1lYIks
FSv0HmnGGFDb0NWy/I4Av+K7ThocusZUtnlTi5uy+LYRlPplJdD1liu6D4QUdkcU0kUizffNUhWi
XS8qmQDAeF7Miw7YbF4I8eDdkneXRFMKupwiAMIcBEMGqG5qKqgT/ZpJ1dFfQJ65alhe1MrGSujk
QiMrggyJx2qUSyqJF2omuCqlF/WybVAjFiNzC3Im5nv6rFvEOYq9ZL7HlB3neXkj8qwmarvLIeI6
k+K/W1Xd0Zxf6MvIvJoJauN56Sk39maNAF2CykUBjUEoBC26E0aUNF/vA4z61wNiH7yDx8AiIFeZ
JAKVlxY/iZVO98VKybqt+FaggNAjRURDOOqXVuYkNr4NKVBUtErsG6TCsR4SdI1RjSq1Rl87gtjp
mH6G14z7VbuKIBVY1XF9V8R0h0LQpSfY0ZgnvIW02LQ7TmnasiqLsoX2ML0+ELztLHSHQf5wIKio
BiPUSrBs4I80tmoLWBBN0cAvWL3gCVZWlbcZLExBDGCJLbfoiSPZGoLOUrJVmkM2eSCy5luIr6l4
WaIauqJAJrOzWOyDB7pB5rBYmI2R4XTGoHZtVbJxVG1RkDoT6g7LNSuB25F6LE7UtfkuVtliCWeu
0IofDJ3PGA5JpKradaNHtcBIMCvQZvhi5cIpuddItENIuuEGsu+ngGyEbA4FfwbrGg8MDZNHelJv
afNipYDuTjvl3/MygvXQHpTQ4/CDVdaQb6/UQka8ZyQutKgtFm5WE2xefklau8lY8mxRcNqbkQbU
GVnNHKYZSEREUnQaRWDSSqkOpTZyaKslNxWLEooqyU3JKgjRgskcMWkzYREXwM4hWFdk/+85oE29
z9G/RDf/5+ivm3LNJJjw2ZNkwNUC4WNN2TTpCSKsHVU26k5DGAeBd+wVhr76269AIfsFk0QRQ8Qt
kk+B5CPUrYpbDr6lJll7JCWrfra6jZVK6g1HOnC9vjydicvnZxfixdnLs0txfH7+4uz0QpyfvhHv
Xr/5/vTNgcAkcfkas07Fu+evX5yK8zevn55eXIx3Q8CWPBw/MOI4V1VWckKmQFwTg/FScUhmafTB
1obsURIkHFt4ygihUOkwy6CelgX4RICGNRG/nzI2bWQ3S8qsdHsZIUhPY8gaCELvJpDrjMQ4XlMO
oTzPC8YfzyZbMDvSUNtaxVQOaMlW+tZ4v7bnAeal1vWGVdcyvNYP7yfJcO4azheyiuAZo01lzQHo
fumyqxE5ZpUwqxC7V7JoufgYUoLCrIUNPjzocsKuEXZmqNNriia/0fyuNi44Fq91zNcGj+qhbPOk
pyVDErkpxIb+WgNeM/lgNLAswyuwPeNg8VGSZNPREHre0qpcdclWrzYzRkPTHGqYuDGa/Mg2xD0m
tWUdF13BSCqrgInM0Bhy0q7WurrSJZwwL0b0otPXCU0yC5h2JrPjAE9I83B2eY+AkbSR+IDhGkZW
162iwNAsobVFV21S0CJsG6oOOkXqGsEUlWNNDU39pJxW8nbEe7F1R/tTuabRbNWukGORXisC3sgC
VSUUKfRVWk3FRq7kL0aU7DEf2xiK7bWhiBGOqApukXS9XmMnpX61a9NUG1HU0/D15M6FNCwzccgZ
Vw4j3uvteTsBKVyroHwk6YE6XWBoKGu+By70Gs3hhjssM/LU/HSYafKm2iUB5tQGGLifB/U5O5wX
5lb9zKQIlGbLMtclZkRHsVyJM8mommBCJslwbNOdj3mrU0uk+mJTp7cHQy11ryisVncNAT8QI3ug
QFYeIx41HTEmBXDU3tSxfD5AJWSiOadehgt9WoxBQ9ZYPEctCFs64uJOPD1/e4C1oCGCf91kCcye
awUdPXv4I4Y/E0FXdm8q8pqlM5g7FscJAtVS5ukhWkndJiR0W9ugAlJB+4JkYANH3KS9AbBhK3J6
S1GNSkyZjwUR8fa8OO+K7U0DSL0EEXWDtEkL23WxHpnnne7mpfG6Ovugen1SWd6psaaEZ0omlO3a
PAap1QsdvejhWJybNbmsFrxAmk7U2AJjTCu5IBagE4itXudcsVB7uaLfi8HZZUV6eppnmKX7Zbot
rOpGvLx8y5TWYInYjtpGUH/Oqtyg083FuIs1q6Yd0aoZUzvsD1XBh0js66mgjYGY7h33bKL/TdMs
HgvOUktJRYDIVpBNQ7qDNvifNkCYOmBaoLRrJnpJkkDU5UCMFC05nNdapbqUwNzG2ChxovT+gAl1
pps6ec1F0snZxfET1EdcT7UF2xAF7JYiJZ9/6iIhI2M0v1JLhv3Ghs+Nrycqahezrml7RL97gCZ0
ybpEuOL3wrTotd5UIG8u6lInb+MRNgHTVGtoT5clmnjywq5XU103zlGcto1FLa+7bIGvaL35HW8p
D9p4EMYn87poM3sy/yyzQm8IsKS+FT9G5S15fiXOTsT+j2/PTh5C73B70ID5N1AbKSZDuodzUA9X
JUY+uvyAN5Qb3RXw9h+fvOjgm/5uMPItI6PDMS4cWL2mFGHeym6HyKTRW9A3oosJR2WaMlq8y9K7
0W2bJRuFsDxH25szl7y7ol1N/ysaWgY81/hVW5tdnhhBpNFh1qwZ6TUzYU5PCY1OISY8GiyUA2Wx
6HuUgpblu6n4oJt1nambUZ+g79sQ08I9XpUtRY9U5zoTTCCyTrSU2yk68lYI1E/fOTlj8RtO1YPF
zHihdOsdKQ0sUin5Pv+WiF1p2dkZmxYNbyd9zT4h6tlHDBRyl9S1/tUGsCnk0/uotO4nU1aAlAjZ
mTuI7RbTZ0+Nu7PDE/E1XkizzhKdM4gfCZ3C4Oo2GkphQUkUM1SiUyc/9KmNt5qMccg4VrniTkGb
N2PNsyugoD6ZI1EuwfqiKm+apY5jQCHFUkMbBDl4f93olMzEjkgaHWmjjWg0a2cn9YAvCtOkeQ1N
6GPTnk2z5dSVObxmS0mANxKOeAAy0SpvFLnZ1up1Of5YmSZ43ciMu1kkE7R62orW5Zp/B8ZuYx4o
3/MckzZchxByG0RcMibKuBS5UBKYBoNGzEbezJQ6tO/IzbUe1pWCsSwQsonQySbokWeO6PfDO0N9
YNgeNtcIBjkd8WCkr5L1M5fQ20yTMl6vVutxVjLFCHV3K2oO+dekNTisN6RTmjLvxeY9s8BhTi4W
lVqYLUWz/6i3Wej3nle7/DF9iDWvT17Tz39GJino+oDC143SHYjUv+6lW4JM+IYBHhsPNv2Rp3vJ
t2u6kKSV85FQoVD93hgTKiG6N8C5bJBvntLevBru5R0gOayXEm6hKLJXRENXlyJjpKpC7zGiuFhQ
MtRvu9ylM4fc2hs0VzgGybZFDY7ahmNrF8IMQNayft/h+Eirmq+hWptstckgJhsTUJpPVk8Jg7RI
YZwQ8qanWdRtcI83CMybIYZOcp/P9yaZaE1qDxjsJRkYAN8YeXa7RkszqENc1XcSJjrQJjyatYTL
oCztAdEheVvpExeKNt1Wio68gGeiU5dvUZPJ2vRpKK0l3XwyT1QAgUajq1mnNP0ONkp7ejPxE1cu
KFoPeJPvZwLKLdgmeQ9PgpgNqqQrDvC0jaKDF1mVau7NoxyfuX2suWPg9puufYNWUwQMydd4mQb9
FRDJDTxL59QNxpl49uL4Ug9Sq6FoZ+07cyPjwA9vwVGhDtzbJKuaAw6635lKT5+1DDcttBNTooNo
zZ6ibI3V6Z9aC/37xbbq4m7XqVX9KQ0HFcBBOor5FKzu5DTqTnhgArqsf/CMowmj4vlbQLguNiPv
ByMjri8HhV+pa391i9hWmyY3vqI2qeaGDsFN/75WF3I8j/gFKWjBdKbQrqK5ZPiojKo+HNPx665S
6ZzyfKPip3xYyad1c1QtD55VmThRsXA84Tgz15/5lnh39kQ4lmPThO5E7UghwuJ5VTbJ0dbRptCn
afRSIx+R7x3ZoY1Mtj14HfCwS8OmWcjWGISxY+RmmTVqRCdwVLoyMvRTpno7ciwaWUjaTUjUET/p
Q79+zKyi/Vs65+me19drgyHJqMGCRd8dMWm9gfb57oh55tqYSu4j/SuKalMvq2QwhU7cj05Onx2/
fXE54InPCQ1KzhbkuuZ5q5o9mtLQoGLnKXu//Q90obIQ
===END CRASH DUMP===
