PocketMine-MP Crash Dump Tue Mar 1 00:50:15 WIB 2022

Error: Undefined variable $add
File: plugins/ToolSB/src/hachkingtohach1/ToolSB/Main
Line: 228
Type: ErrorException

THIS CRASH WAS CAUSED BY A PLUGIN
BAD PLUGIN: ToolSB

Code:
[219] 		            $fillSession->setDimensions($minX, $maxX, $minZ, $maxZ);
[220] 		            $fillSession->loadChunks($player->getWorld());			    
[221] 				    for($x = $minX; $x <= $maxX; ++$x) {
[222] 				        for($z = $minZ; $z <= $maxZ; ++$z) {
[223] 					        for($y = $minY; $y <= $maxY; ++$y) {
[224] 						        if(($x !== $minX && $x !== $maxX) && ($y !== $minY && $y !== $maxY) && ($z !== $minZ && $z !== $maxZ)) {
[225] 							        continue;
[226] 							    }									
[227] 								$stringToBlockDecoder->nextBlock($fullBlockId);
[228] 						        $fillSession->setBlockAt($x + $add, $y, $z, $fullBlockId);
[229] 							}	
[230] 						}
[231] 					}
[232] 					$fillSession->reloadChunks($player->getWorld());
[233] 		            $fillSession->close();
[234] 		            $updates = $fillSession->getChanges();
[235] 		            $updates->save();
[236] 					$position->getWorld()->addSound($position, new ExplodeSound());
[237] 				}else{
[238] 					$position->getWorld()->addSound($position, new ClickSound());

Backtrace:
#0 plugins/ToolSB/src/hachkingtohach1/ToolSB/Main(228): pocketmine\errorhandler\ErrorToExceptionHandler::handle(integer 2, string[23] Undefined variable $add, string[86] C:\Users\tranthien\Desktop\FoxCraft\plugins\ToolSB\src\hachkingtohach1\ToolSB\Ma, integer 228)
#1 pmsrc/src/event/RegisteredListener(75): hachkingtohach1\ToolSB\Main->onPlayerInteract(object pocketmine\event\player\PlayerInteractEvent#150968)
#2 pmsrc/src/event/Event(62): pocketmine\event\RegisteredListener->callEvent(object pocketmine\event\player\PlayerInteractEvent#150968)
#3 pmsrc/src/world/World(1831): pocketmine\event\Event->call()
#4 pmsrc/src/player/Player(1655): pocketmine\world\World->useItemOn(object pocketmine\math\Vector3#149049, object pocketmine\item\BlazeRod#150720, integer 1, object pocketmine\math\Vector3#150970, object pocketmine\player\Player#109340, true)
#5 pmsrc/src/network/mcpe/handler/InGamePacketHandler(437): pocketmine\player\Player->interactBlock(object pocketmine\math\Vector3#149049, integer 1, object pocketmine\math\Vector3#150970)
#6 pmsrc/src/network/mcpe/handler/InGamePacketHandler(298): pocketmine\network\mcpe\handler\InGamePacketHandler->handleUseItemTransaction(object pocketmine\network\mcpe\protocol\types\inventory\UseItemTransactionData#147085)
#7 plugins/VanillaX-4.0/src/CLADevs/VanillaX/network/InGamePacketHandlerX(223): pocketmine\network\mcpe\handler\InGamePacketHandler->handleInventoryTransaction(object pocketmine\network\mcpe\protocol\InventoryTransactionPacket#147087)
#8 pmsrc/vendor/pocketmine/bedrock-protocol/src/InventoryTransactionPacket(105): CLADevs\VanillaX\network\InGamePacketHandlerX->handleInventoryTransaction(object pocketmine\network\mcpe\protocol\InventoryTransactionPacket#147087)
#9 pmsrc/src/network/mcpe/NetworkSession(397): pocketmine\network\mcpe\protocol\InventoryTransactionPacket->handle(object CLADevs\VanillaX\network\InGamePacketHandlerX#138113)
#10 pmsrc/src/network/mcpe/NetworkSession(360): pocketmine\network\mcpe\NetworkSession->handleDataPacket(object pocketmine\network\mcpe\protocol\InventoryTransactionPacket#147087, string[142] .......B...........`.........Builderwand..real...display...Name)...l..6G...y ph.)
#11 pmsrc/src/network/mcpe/raklib/RakLibInterface(192): pocketmine\network\mcpe\NetworkSession->handleEncoded(string[185] .c.c`b`x.........#..$..........T....ZT.....P........Y\..X.........phy...f..w..T()
#12 pmsrc/vendor/pocketmine/raklib-ipc/src/RakLibToUserThreadMessageReceiver(42): pocketmine\network\mcpe\raklib\RakLibInterface->onPacketReceive(integer 0, string[194] .x.}(.FY.E........)e$'$...qd.&nBv......e}&..nw..{...>q.+.p..[.......z....|7-....)
#13 pmsrc/src/network/mcpe/raklib/RakLibInterface(122): raklib\server\ipc\RakLibToUserThreadMessageReceiver->handle(object pocketmine\network\mcpe\raklib\RakLibInterface#28539)
#14 pmsrc/vendor/pocketmine/snooze/src/SleeperHandler(123): pocketmine\network\mcpe\raklib\RakLibInterface->pocketmine\network\mcpe\raklib\{closure}()
#15 pmsrc/vendor/pocketmine/snooze/src/SleeperHandler(82): pocketmine\snooze\SleeperHandler->processNotifications()
#16 pmsrc/src/Server(1660): pocketmine\snooze\SleeperHandler->sleepUntil(double 1646070615.8624)
#17 pmsrc/src/Server(1046): pocketmine\Server->tickProcessor()
#18 pmsrc/src/PocketMine(304): pocketmine\Server->__construct(object BaseClassLoader#2, object pocketmine\utils\MainLogger#3, string[36] C:\Users\tranthien\Desktop\FoxCraft\, string[44] C:\Users\tranthien\Desktop\FoxCraft\plugins\)
#19 pmsrc/src/PocketMine(327): pocketmine\server()
#20 pmsrc(11): require(string[80] phar://C:/Users/tranthien/Desktop/FoxCraft/PocketMine-MP.phar/src/PocketMine.php)

PocketMine-MP version: 4.2.1 [Protocol 486]
Git commit: 6d6551253173a498128c750c38e719f19880ad49
uname -a: Windows NT tranthien4-8sin 10.0 build 17763 (Windows Server 2016) AMD64
PHP Version: 8.0.13
Zend version: 4.0.13
OS: WINNT, win
Composer libraries: 
- adhocore/json-comment 1.1.2@fc2f76979f0a44a5f5bc2a2b600d0762fe0e78e7
- brick/math 0.9.3@ca57d18f028f84f777b2168cd1911b0dee2343ae
- daverandom/callback-validator unknown@unknown
- fgrosse/phpasn1 v2.4.0@eef488991d53e58e60c9554b09b1201ca5ba9296
- netresearch/jsonmapper v4.0.0@8bbc021a8edb2e4a7ea2f8ad4fa9ec9dce2fcb8d
- pocketmine/bedrock-data 1.6.0+bedrock-1.18.10@e98c511584a7bd58a95986374d2df4b04c6a2ba0
- pocketmine/bedrock-protocol 8.0.0+bedrock-1.18.10@017e57c8f8a74118bcbba7332e7ebac9e6c81693
- pocketmine/binaryutils 0.2.4@5ac7eea91afbad8dc498f5ce34ce6297d5e6ea9a
- pocketmine/callback-validator 1.0.3@64787469766bcaa7e5885242e85c23c25e8c55a2
- pocketmine/classloader 0.2.0@49ea303993efdfb39cd302e2156d50aa78209e78
- pocketmine/color 0.2.0@09be6ea6d76f2e33d6813c39d29c22c46c17e1d2
- pocketmine/errorhandler 0.6.0@dae214a04348b911e8219ebf125ff1c5589cc878
- pocketmine/locale-data 2.4.3@4d0b081f1a79407e087968ea76aaf330db6ea2b5
- pocketmine/log 0.4.0@e6c912c0f9055c81d23108ec2d179b96f404c043
- pocketmine/log-pthreads 0.4.0@61f709e8cf36bcc24e4efe02acded680a1ce23cd
- pocketmine/math 0.4.2@aacc3759a508a69dfa5bc4dfa770ab733c5c94bf
- pocketmine/nbt 0.3.2@3e0d9ef6b6c5fb45e3745a121296e75631b3eefe
- pocketmine/pocketmine-mp 4.2.1@6d6551253173a498128c750c38e719f19880ad49
- pocketmine/raklib 0.14.3@4798576fec0364266dce23b368a7fec5e5de7927
- pocketmine/raklib-ipc 0.1.1@922a6444b0c6c7daaa5aa5a832107e1ec4738aed
- pocketmine/snooze 0.3.1@0ac8fc2a781c419a1f64ebca4d5835028f59e29b
- ramsey/collection 1.2.2@cccc74ee5e328031b15640b51056ee8d3bb66c0a
- ramsey/uuid 4.2.3@fc9bb7fb5388691fd7373cd44dcb4d63bbcf24df
- rhumsaa/uuid unknown@unknown
- symfony/polyfill-ctype v1.24.0@30885182c981ab175d4d034db0f6f469898070ab
- symfony/polyfill-php80 v1.24.0@57b712b08eddb97c762a8caa32c84e037892d2e9
- symfony/polyfill-php81 v1.24.0@5de4ba2d41b15f9bd0e19b2ab9674135813ec98f
- webmozart/assert 1.10.0@6964c76c7804814a842473e0c8fd15bab0f18e25
- webmozart/path-util 2.3.0@d939f7edc24c9a1bb9c0dee5cb05d8e859490725

Loaded plugins:
Alerts 1.0.0 by hachkingtohach1 for API(s) 4.0.0
AlwaysSpawn 2.2.5 by Philip Shilling for API(s) 4.0.0
AuctionHouse 2.0.0-BETA1 by Shock95x for API(s) 4.0.0
BuilderTools 1.3.0-beta2 by CzechPMDevs, VixikHD for API(s) 4.0.0
CraftingTable 1.0.0 by hachkingtohach1 for API(s) 4.0.0
CropGrowth 2.0.1 by NhanAZ, kaidoMC, YTBJero for API(s) 4.0.0
DEVirion 1.2.5-ALPHA12 by poggit, SOFe for API(s) 4.0.0
DevTools 1.15.0 by PocketMine Team for API(s) 4.0.0
Dungeon 1.0.3 by hachkingtohach1 for API(s) 4.0.0
EconomyAPI 5.7.3-PM4 by onebone for API(s) 4.0.0
EnchantedUI 1.0 by ItsRealNise for API(s) 4.0.0
FCCore 1.10.1 by hachkingtohach1 for API(s) 4.0.0
FishingRod 1.0.1 by hachkingtohach1 for API(s) 4.0.0
FormAPI 1.4.0 by jojoe77777/DragonfireHD98 for API(s) 4.0.0
Gems 5.7.3-PM4 by onebone for API(s) 4.0.0
HealthTag 2.1.2 by Shelly7w7 for API(s) 4.0.0
InvCrashFix 0.0.1 by Muqsit for API(s) 4.0.0
InvSee 2.0.1 by BlockHorizons for API(s) 4.0.0
KeepInventory 1.0.0 by NhanAZ, KhoaGamingVN for API(s) 4.0.0
LaunchableTNT 1.0.1 by Vecnavium for API(s) 4.0.0
MaxEnchants 1.2.4 by Xenophilicy for API(s) 4.0.0
MinePos 1.3.5 by hachkingtohach1 for API(s) 4.0.0
MultiWorld 1.7.0-beta3 by CzechPMDevs, VixikCZ, fuyutsuki, kaliiks for API(s) 4.0.0
MyItem 1.7 by hachkingtohach1 for API(s) 4.0.0
NPC 1.0.0 by hachkingtohach1 for API(s) 4.0.0
Napthe 0.0.2 by hachkingtohach1,tungstenvn for API(s) 4.0.0
Parties 2.0.1 by Didah (@Diduhless) for API(s) 4.0.0
PlayerStats 3.1.9_BETA by hachkingtohach1 for API(s) 4.0.0
PureChat 2.0.0 by Vecnavium, 64FF00 for API(s) 4.0.0
PureEntities 2.0.0 by LeinneSW for API(s) 4.0.0
PurePerms 1.4.5 by Vecnavium , 64FF00 & ProjectInfinity for API(s) 4.0.0
Quest 2.5 by hachkingtohach1 for API(s) 4.0.0
RedstoneCircuit 3.0.1 by tedo0627 for API(s) 4.0.0
Rewards 5.0 by Wertzui123 for API(s) 4.0.0
ScoreBoard 1.0 by hachkingtohach1 for API(s) 4.0.0
Sell 1.0.0 by lenlenlL6 for API(s) 4.0.0
ShopGUI 1.0.0 by hachkingtohach1 for API(s) 4.0.0
SizeUI 1.0 by fernanACM for API(s) 4.0.0
SkyBlocksPM 1.0.1 by Vecnavium for API(s) 4.0.0
Spyglass 1.0.1 by ItsRealNise for API(s) 4.0.0
StackStorage 1.3.0 by Ree-jp for API(s) 4.0.0
ToolSB 1.0.0 by hachkingtohach1 for API(s) 4.0.0
VanillaEnchant 1.0.0 by hachkingtohach1 for API(s) 4.0.0
VanillaHopper 2.0.1 by ColinHDev for API(s) 4.0.0
VanillaX 3.0.0 by CLADevs for API(s) 4.0.0
VoteReward 1.1.0 by  for API(s) 4.0.0
WorldProtect 2.3.11 by aliuly for API(s) 4.0.0
_NewAlias 1.4.0 by Javier Leon9966 for API(s) 4.0.0
libEasyUI 1.0.2 by GiantQuartz for API(s) 4.0.0

----------------------REPORT THE DATA BELOW THIS LINE-----------------------

===BEGIN CRASH DUMP===
eNrtfQl31EbW6F+pz+Yk5sTd1t6S88jB2Cb4GwwebAJhOocpSaVuxWqpo8V2O4///u69VVptsIGe
Sc47MBNaKlXduvumhT83oixf8PL9hciLOEs3dq3tjTJeiI1d3bEcbaI5uj12Pd12ve2NaikvOe7Y
NuC66U4mmuFZxvZGwovyMM+zfGP3z41ytYRZG3R+eBUIWAagtzcWoij4DC+9TkMRxakI2QXPY+4n
gj3gYQhzoipJnsYJTtrfnU5fF4DYdFrmPC3nsUin0wNRnJfZcjp9ml3t5zwqp9NlUs3iFKadZVly
+mQ6LfJgOp3zYH4ep7MywyO9vXrM43S8nC9xN7mTArAjZ+zA8p3B6voSroV1CeC+sWsYLnAr5wEc
/2tjU2OfB2cL1j/cZcssOBflAiBOpwJZNudpmIh8OiUGnmUNC5/JC7u7csZWnJZiJnJmbLOizGGT
fxnmb+wjvG3muM5v7D/H2m3WYAXUAas2dbZcICfwP3Eh0nLnlZjFRSlyET7H31TkWxMbOPFJiY1+
ytKThK9EfgQbANPLrcz/XQRln4G4AaKNE6fT/oJDvLip25rnSNSMG6jRlC3HGMpFgr2J+OingCeJ
XPXV6JgddC6zPAl33uDfW7pr6rcjRCAkDlsEwuqAkLvuyE23dMe2B0Boj+mUNhn9VBXiqBSLl+lt
hICPmE+nv8BwlpubuuVplrfNbpkYA4jp9EnCr8WrLETqJobWKoV+66IBdODIRLt1Yp+Rm7rmmRbM
LPNKEPl2h/xUlEDg+c4iWIodZVM7R+nPfCFOOIJU5rRlmZMBY/rbjH6KlcSeJDDp/uz5fKKJCOdL
iDC8oS9RS2EjWIs2q7zKLatHP8mrr6UKnIFLKIBccDm3ETsAvMyzMguyBFwJ+H1wFXGKWpnlK/Ix
A4AHvOTAoInm2kTspHGav/A0ThL+dmSNNaJ9//negbhoLzTMuIWCt+BMza9nwFGN+pey4DYAcidJ
9ISIdpWEYW6Y5Tst5B1fhDmcjWqIxIiPA93SNTRqxSnQJsWqDoa3Meu/TK73MYV+IU9OIS/AnU1v
8mkR3mfjmraajs/lzaZuurpuytCl3RdzR/s05v35NY5oDEqQa+V6E+t1y/iNjeWfJ+P2z7+boydV
nIQivwR8xuNc8ATGwrhADwhHL4A9D+EXRp2f4XfFlvOxZI3+Mdbk/DyJ/Z1X/Px57FOsiyBD2tI9
40tYdJgGWSjCrZog1waCgnHwb//fVw0Rm+Pxg5a4M/zrHf09PqkHf51Ox+O3zZzlHMmLxuNLmC9D
p2581ColSaN4KcmVpJ1lmEGdzYFp4bHMbF+JQMQXGFLuoFUChISizyTKcUiQClKT4mmtSD0LOHA1
/rA1fvrr+LAm6KF48D3y4I9w/F365EIOig/fjccpkPgnnPz0x/iH8XI8/pdacY1//d/JiFYTA8zP
FamBZNa0ADMu0L0Cl2rCPsGioZl+PrM2Ddc2PYm59VHRFWmWXQsi6TQRYinyOmLqdwWMjwrpHmv+
DJKsqHLxQemW/QUIukMlklOn0/48wAdCBnD3RVbGURxwdAeF2rebS5ySgCARvOGsPga4wPPXaRkn
W2FWYSXRrQodw5KbTG7ZRLOcwSbyyuinMg7OTyTGWa7QdDsQTmjNMazZMjXrI0Devw+ASMj72jLg
CS/EPtShxfOMg0fbNG7NuiogppAVxfNsBqa1aTamZX5OZdSssqwvqack3d5H6DaGgVAal+SWoaLS
lo5VQS7+qOJc1A7S1X4DH83z3Z2d/d0dwmmnQWlHYbRTI9TZdHR8MsaFA1ywUH648duH7Q2xlvL+
awtuQEQufg9pZpZciAWEQoAYAg+CcqO+CiMSAIxgAEG8Dd2D4Wk5LVnnzwNAKWmCTiHKgxhAFmRD
D4D5b7fZgwW/op84fSfP3j38EQAbhnYnwASUcX9epecAbanKiZkoZWH38OGPuFquJ4C6AlgPRmAi
D67YI9r87Y8Mjv/PI4nQj+yHHx5cPWR/0kJjsLBZfK0Wv4PF1/Xid7T4ul5sdhYPlq/U8l9h+ape
/istX9XLrd7yFkAcbSHy//NIoc+++44150DBQxzALeoZv9KMVTPjVzXjupnxjmZcNzPePayRsAdI
tGiApyjjtBJSZM6t8z70h/B/NHtyY/a0fCBN7SyjcvBAoH6BVFNxpQrEB9jEosOjUCmK+xEW3dA+
WrZXIt9+UH2bByv47xr+uwnWu4HeB4m4qQ2ufKBRvTcqx4zeWB+hXNylvwTCvNMMMByKLTXdum16
tQx5KQpUt95K2GwfUoWZKOrl9ieWAw/5RbNRX9YPllkRlzVQRcHoJ+DxaVal4VZzfZul4pIdXi0T
kKy8VlPa1YcPIikEKZ/pfs1G+wlExHabD996it96it96it96it96it96it96it96it96it96it96
it96it96it96iv8/9RTrXl2Bzbk9UI6SjlKOzxjVA9sbzaNJG/pYG2swwqtynuUFFsiD8g6B8mWM
VyyaDOcixXo13NjFjH57IwRtTENcDNeKLCoPugMLTr3DG1WjxKb+xYYkKARMPHl5evbm5avnBzB0
KXwo6xH3eVkuC+DWJS+DeTGPy/GlEH6yGgfZYgcL/L3kkq+K0yW/THskt6Nduo2xMbb7dJ/M4yRe
slP4SQDPddG9JLCFgjqdcsKoQIymU2kDLe2nZ3uvzl6f9Cgn4irKHp5lUP11qesO98kDjEdPDs/2
9D6Rp3NQGc+++jrqNg7BrLPFau/kaKOltFCwgUaJ1xzxAgH3sfykmJFYletgV6Grvb3hvg6bQKwv
Sm70id2/FsH85BjzSrjwS3wVnz87WJdcAwS+XISUtPoStxJxg7K6j+m99HoWl/PKJ23uoL3TAwW8
IXeAnVJEuMOc/vjfxMJ7SA1O78MXYAuwN06CfDUuVqUoxhDGd0JezP2M5+GOZEi2/DnPLst5jxvN
4NAqBvbwAtKbvXcwds7jMDveh6Nfz578r8izdXFF7oDU1zjJsPYFiqGQBaoPDn+JcyKqobkZ6gsf
3Nxo7/nJsz19YBxLCKsxNrZPXz4Va3N2BHQ6vSBUplMUnzzqoHeHrwO9H5p+M9SnDbKbgWa3AZGd
Cb5YF1n1/pgrXAzM+jYybpFdi9lOAwOJrdKZ6MtRjQxt2PxrbFih0xysy247EaSlvTPYJd8eT8bm
6OTY6rMgS4UP/62LdAVuOhUSC4A5nfYwujNyQRUMJlqK8HWPqs7oQKp9go7K4hWU9i/iYm1EdUAC
MS0i9/NBSNPT/f0s74YaNTAwxRue9b+loBKd+ndd6vk0howtnb3Kwi7l7eDQOv8q4huMusdrY0KW
L/oGWo/0ybeGivx79nsmJvhn5yDnsyyNoPR5duC562JEuwFWbYRTc3Afpf5ZLLrxhU7/Qo+D+8u/
74P8MzDocn7GZx0K2rF+wgMJwLAAEEmymlxO1kVEUQOcThsk7u9djtILSAuL+dP4qkNNd7RLj3bT
0o6rPwDcuohZEDS6NxIgAlF8dbNI+yQ1p0L0CcGBO5JQul/1LMvj6wwq9zWR0gNKzWjA5HOI+YcQ
y6aF3aGpP35HqdHk1/+YZ/xnvgAH9cuLdafWPYzWkF0/5xVGSsDn7MVZh/L++B0h4BcRpPwirtaW
hDYAQYhdRAan9xHtMb9SuUDXC3ZHh0XEwBG+FWlGjY1gtS7yOiBRhA0qvZN7EQc59knWI0yNDJsG
9l8TtBU6zcFXt76Oq6SM6fGALtHtYJ/uiWqWmHc2S/bf0duDq6osqvOYiuQkjs+L/0gLZYH4qkcd
erh/TfukAwj5tMK73F0eyYEBf/4irSBc6t91pXAvTvY79OLZ36Q3BKh8nqf+qPa/4Mty3g26amCY
OBifJHS7hPoWHxa6SP9zNBNi9e99fNkJz8tYdH1ZPXJHSnEQh3zOth7DbzVPRFE8XBdVYQ1xOl1K
XKbTFqnPNdYGP6KWnuM5LXkvLHVHu1SbkNx677HH/ddocAev3slXK/RJlYv9OS+7PKiHbjT5P5Z0
bG841tOnmvZZ5NM+JyJfkIsf9PyfyicYipM8A+hvwfNkVXFyOKrHO3cC3su9gS0K7/boXloPcw/T
Mh6qfnf4DkY8F3GaitM365J+QvBA5QEHoXCQRHUw+ryOYI3iTg+KIl8KoU+7HBuW3vZHNIBtMykF
9h0DkeEd1iOow9O4XFvK1hMzYdc5vI+g/1mJoqvm8rwv2r8oSSNU1M9XW/QrERYlVPr7cR5UcZfi
4ZW+g7vh1ksRZppjrK14r+FNp7lCJJCI4EO0Q8zuFOcrcQl5R9EjT470eysDW30j8vK6inXDXBdZ
LUSkg1D44rKwhbWjQJFIT4MsF08wz+qQ2xn8ZKP3v6XELT7d469W51ORJF2q8fSOtDIRKf7/ufN5
8ah/n/njzlkBxwcwkgQfPyGM7lTY03m2/LnXq69H/iZZskKnOVhXWXAaX4s+3XLgk1obiTzl6d7+
8brIbQACfbS//P0CI21RQ+LOV9T8Kk6OuxR2Rv/C1k0Hjd7JvdR1uZrhk1NdquqhO0j6T99aqvG4
f+cXcuXg/LTMcnq/sSWoO3zjKY8+Ua+EGP2+XBc9kNi9/30JLgQxKCQGQFgHnxP5HuTnq6dEdITP
iAX0PJeCSkQCL9R7lS0Xmhct/xZeqPt+z1cHD/V8t+rodWgeXPib0N7Hani+Ln+soD7LlkuR3+SJ
Gr+j5t/Pkjh9diAu1sWMBmBDtkRkcPolPboG1Zb4tzfpfnsjHx5ogXprYG0E33wJoYPJnS7tl6wU
MkfsktIODm6ZD4hZmxuLeAL+ajq9gJ3v74+pSwqFYonvfLfo94b7CmiO9YEG8iSukrWVlxKaev9t
KVEY0nPPWvu4ivMoFknYeaR7VL/RVILn31lwfGNwp0cucOX9C3G5l8S8G3PbsTtug/8vxHyRs+ci
Sz3PcdbFFwm2hooP0AIu6ucLbLEPbkeC+YDfB/APebHqpYnt2NA9D7qrP8fgHf9Zcaid1kW23Hg6
bRC4Q6XxswY8B7xBroOHw+qHqAmVq1J9mwDplM+6bLjoXfEGiR/g+3/dkYBDrRHC2u5YtngfZiX4
9d6o+qpDO1DlSfccX6/unkdxUooe4Nli2T2dQ9DonsdQHl10B34vSCDN+cKXz5v3xrK8VE1x+XQA
JDxIUNidtAz6fHglokRQn687WhBHi/5QiIlzZ+T05Hlv+1XxR5LiZuqINZfK7FykUAD0WHB1pahG
dNHfrPgiUU9w4+l1vJTu1KNW0TWoaHc5nF4t+lzPED1D00xdNzwYODl42SM9zN4TasNBGIr7AstA
S4uiN/E0XiwT8fa4R/MAAzjFV20GdC6SyzweyH9Z0ks5yGFLRb+T+UD38EsC9LqEQUwyiSvxzI9T
jvftIWwaYwc5IS7AAfpqEoKCjGRZZmrAkMwKQdBSLTUVoVqP+b7dq3Mdvz8Sp1HW09vwhsjjnpYQ
K83uUC7APNAOZ5XUxRr+OzA39vIkgHysw3y07vlS7Ys74mvevNuW6Jk7mjIvRPtRVuCn1B96dHtj
19BsC9hWvIdcbWMXQmgBfql+l29j13Id2ANbdxtO6Ni2btimPjG55bm64QYTWwtMV0x0L9I919V4
aKFmVXUQjdMwuyzYizPWvORhjdwiTpkOUmWEA9MnE8dkW/Vk+Q4NMzTdecj2jg8cvAeP31jtMO1a
kCVZjb7Ml+/x1vfGm6MX9CgAnVxSxAQntcwKkb8HKec8V711Hs4z7AztoOsYwRz18RfMT4zHUWBE
E8ebeJHGLYvbke0HBjd8R9NCbeIYkdDEBOhGPuZxcL6jvKU29sbm44Dbk1B3I81wI9eKJpOJb+iO
G4S6p+u+FgphmJbJBblCoBXcEMQjfEveh/JodAEJALhI/EIOcPI8zS7Tx+oX1W6WZ0UhdoBkXqT4
FY4LA0PwYyEiy3U9Tw9tU9iucLTAs23L1zxfB2YCUj73DA9NAhx2LgrB82BO9C+4zL83LsjaHru+
H2iGzl0R+oaw+ERwI3JBuBH3ROCFgTCiwHfDnpU0LwcD7pw46Yy1H+pB4Ks71gFLzw1sXbddgOqH
tss923Mdc2KFRhgBslbgAJ+5djvoVjFJF26C1/SJsCcB8J1PLF13/cD3+cQ0DTERwFxPOIGrO545
AE8+ozVwYOhjmwcTIbin88jnoRsGoPKRHQjTCoRjeJPQFg5c5n1ItwqRHmN+7FgTd2KBUjmOH3Dg
qe26tmEZwrUDwwwMWwBnbHqXowsQuwtJprwmoqY9tjzBTc30PFNEYeSbXhCamiEM3XZCWwPQrqF5
oJ8DSFmStTBAKxB/J5w4kSFMM3Rc3QxMLzS8wDACywmAk3o4wKb7ARACBSJ+HHLY2uKaZVquDxou
XEP3hB+Br4giHWhyvSBwh+gkGWYUtbKgCpuPrVDzNVePdD7xLG0iNHfiOa7gE4fzyDS10AeUDd8e
QpoRLmQETuDpRqBFnmbbIOrQMHXNFYER6hPP95zIAg0DTG9AGHVCjgTl6NEE2OgGkQkCCwxLWALs
3uBBKIBbGtfBDMxgYASNIwA/+5jzIDAntsdtzeWOF0Zgg4EFP5OJxn1Qy8AOPMuP+iBSv6xj02NT
aKEnIsd3AjvyLVuApdhcNyCCO2JiO6bum2D4og+hk+xTIkU+//FnOPAbLxfLuEQymniuDUojAs10
LMNx0BuYvumAxcGgLexQTDxjchsUfEW5zmgee4bBHcsCmw+cYBJyzm38v2saOoheF4E1MV0uBvyV
74LWEf+xxsHWwTVPXD2wdI/rkWMJMC8LXItpowO2PWF4PgZavijECs2gzejwES/jcQB/JpYQwF3D
hfTIB0OyNN/WNdsRwg1N33ecQOMtkKqKQ8VXE4KF5/uTyLdN13U8PQon5gT0wrLCwLdCB1YHkQFS
x+XzalFwXq+/6d2L1SLK0hVIMFnht4tGdTJ9AaiiVpoaeA3dNQKQH/f1iR2C0ZhW6GsRKLfjuZ6r
oXLdBgtChqt1YNkTf6IbYHEiDH1vEkBg4y64JtMIXEto5sT1jNAQ3sdg6V1YobB8boQWci/y/FAT
uucbHGwOHLFpg3eByOFGslhZZNdQIu2AaxN5WT9IDybnORZgEUxczXLBpbiWAUogNJBxqEP4AiJ1
Vxh2D8gSLG6EvlsV5+CQPNOLJiIEmw1AJXzfCzDo2oGv2aEL/tazPG0CYKhWanRrvKJ0dZNhqY2f
+oriWZXT+8oMkz38ihnrZVfTdJOdzSGSskKU+IpXwXguWDkXLEtFAQe8ZAFP06xkvmBxGiQVOA84
YPKN2TEENIi8dFcdYJ1mC1gZIYAhzIJHYptlcCUvECTzwVuds1VW5QoWiyO2gCoE6n3cAZIb/Ixd
skLAULk34HYg1eVVUhbsMku/LxnGfp4zKGIzcF4xRrAVYgjZWiHpvpyLlFXLWc5DADCeptO0BrY7
TRnbfDMXiBgrM9gFslYAoV4/LijxKzC1DuVlQlU6fwb8TERJ/MJWYSCYjC04skDIwPFAjBKOyfFM
7DLKT/FCMa9KyBbTkfpS4C6bbqjEcVppuq7D35ow2fl8WukijOJmGM68dMYSPOJ6/D/TDSJhL0my
S5bEBZJVf/SFXcSc/bMS+Qrn/IEHdfdkl77qQ0sPqahXaxgQwDCxZCBa4B5C81dM8Rznyx7AqLnc
oWrzDZgWqA4IgIchgxxNygn5j++ls4Xg+No+5qoMpOMLRBq4KP6oeIL8ncUXMBeSj0qwLbUppNIP
EbrcUYxysYRSeATywRfMd+Ey7f2iWvjAPlC/vWKVBme8OGf47QBQuDFNeF2ADNEGakpx2jzP0qwC
McP0YptRz4rJokR+lgzT71x+NIN4A4aLY4sqVd8CkMBPSQ+AJlDHPLuKQRUFsAFIIhVPG+SQtwqh
owiVGueg8m6zuPwe2FfmtCwU2Msi3RosZltAQwUGZhBbiIyRonSXQA2VmpNy5FWaojhDLCizJQmB
KphizA7EhTpmi3g2B6vHx+i3u1aqFAc5kufVspSjkmHImAXgpugi4YL1UlUSSsvhF1kcAtq3Y4A6
gjoHpUEM2jXuKBpMHslJjaZN04WA7VbSen9OMh+0B/tPTI6DHSziEp3AQsy4T817dipZrRFz44Le
bcXlZyi1y5g4TxoF1n05koBqJSuIQnwbBg4YfR0MwUS5EPWWUslBWhXaM5tlIKgM7Rm1AjeaEZoj
Qm2XaUgF7E6+WqZuf3sKsKH3KfznPA+/Dv+izJaEgvKzDUoKXMHAfSwx7IYNQrhrjZWuGZZCjJzA
G7IKhV/x/RowJLsglNBjsKCCKJVClGLiSgQVOd9MoiwtEqNaM1tcBUKERUuRdFwvzw532dmzo1P2
/Oj46IztnZw8Pzo8ZSeHr9ibl6/+cfhqm8EkdvYSZh2yN89ePj9kJ69e7h+eno6HLqDHD8N2FDtO
RB5nFLnRERdIYDAX5JKJG42z1YH3kDuE5FtoyghcoZBulkDtq4+IojYhvR9TNqlkl3MMwcATdEFy
GkGWQMD1to5cRiTa4yXGEEwIaMH45mzUBdWNBrEtRYB5g+QsoivlKtc2NIB6iWXRkmpqitbi4e0o
KcpNRfmM5z5YxqhNwckB3c5dMjVER61iahX47gVPK8pSuphABleBDj7crmPCUAlrNZThNYJapZT0
LloTHLOX0udLhYc0I6uSsMElhiBymbIW/0ICXhL6QKijaYpW2O0pOYsbQZJUR0JoaIvybFEHW7la
zRh1VbMrYaRGSfKGbrBbVKqnHad1ZokiyzP6QketyGG1WMo0TOZ6TF0Y4YVaXgc4SS0g3AnNmgI4
gzAPxs5vYTAEbQh8sMMFKFlRVAIdQzkHqc3qtBSdFu7WYrVdC1LmCCr7HEtscOpH+bTgVyNq3xY1
7vt8iaPxolpAjIXwmiPwkqeQfoIgmfy6osSi5Svai2IlWcxNHYOsfKkwog1HmC5XEHStRmIHmbw0
1GnMjdDrSfhycm1CEpaa2KWMMocRtYcb2g4AFcpVIH1E7gF2MsGQUJb08S4m10gKW+pgmeKnpKfe
GSe32S4yMMF6QcH9NKhP6eE0VR+n2lUhAlKzeZbIFNPHxygoEyeUC/xaJVNBhnybLJHUVRlafNEk
mzK8bXalVF9Ct5qvSgS+zUZ6R4AkPNp4VNbIqBBAXrvNY+mWAqaQoaQcix5K9HExDCq0xuwZ5IKg
S48ouWP7J6+3GT70DxPT8DIOQe0pV5Des4E/Ivi7zKnT7jYjL4g7nbljtheCo5rzJNqBmlOWCaEA
HVZbwaYM+4eoYB1DbMNeB1i3FDm8Qq+GKSZPxgyReH2SntTJdlspYi2BSOGdflxYLdPlSJ0Pqptj
ZXVFfC0aeWJaXouxwICnUiZI26V6dEKr5Rly0cMxO1FrEp7PaAFXJavSBdoxyvkMSQCZANuKZUIZ
C9ahC0AejZ3nKKf9JIZZsrDGL1aJomTHZ68J0wJIQrL9qmRYyJMo2+1kcTGufc2irEa4apew7daH
IqX7TmTrETuun4lqyIRCOYriYMwoSs05JgEsXgBvSpQdSIP+gT1wU9uECwjtgpCeIyfA65IjhhDN
yZ0XUqQylYC5pdJRpETIRoJydaqaOnhJSdLB0eneE8iPKJ+qUtIhdNgVekq6ZSqThBiVUX04P+zW
Gy2dra2Hwq9mu3XR9hN+chYkIVPWObgrus5ULV/I7gNac1pkMngri9ARmMRaQtufZ1lBHYq6VhN1
NU5eHNvLrOAXdbTAT3qP1MfH8VqnjAfE6K68TNpU8+b3LE5lQ4A49T1762dXaPk5OzpgW29fHx08
BLmD2QMOMP8SxIaCwXdEwDiwhstDxR+ZfoA1ZK3sUrD2t0+e1/BVfdcZ+Z42w/tplDiQeFUqQrRl
dStJhdErwG+EDyQ8yqKItoVrcbQaXVVx2AqE+Dnqd3HOqA0jTU3+W46SB+TplV1VhWoHBeBESulm
1ZqRXLPL1A1X3EaGEOUe1S4YA/Ej7HWNkuKyZBiKt+tZF7G4HDUB+rbOmWTu3iKr0HtEMtYpZwIs
q1mLsR29I7VCQPx4TMEZFr+iUN1ZTISnQpbevpDAfBGh7dM3zMiU5rWekWrhcD/oS/Jxo4Z88IGM
D1FVX0iE3QTE09uw1G5Hk+f4rXfGa3UHZOvF+NtgYw46PD49fQvcLOJQxgykh4NMQeGKyu9yYYZB
FGaIUIZOOmlCG7WalHLwIBCJoEpBqjftmsTnsAXWyeSJEg6kz+iDUNKPwRaczSW0jpMD6y9KGZIJ
2RFyo0Zt1LJGknZ0UHToQjeNkpfQmLzB2pCpWk51mkNrekICeCNmsE1AEx/tbQTZtrUaWY5vClM5
r0seUzULwQRKPalFy2xZJbXZqBOM9zRHhQ3TwA2pDEIqaSeMuOi5ICVQBQaOqEberkp1sO9IxbUc
lpmC0iz8Al/jocPW6aFljvALtoOhxjH0h9WTB52YDv5gJJ+tambOQW67EpXxcrFYjuOMMAZXt1pg
cQimXGKfNSha1DFMqeusvU4kkJvjs1kuZqqlqPqPss2C/8DB+ZA+wg98zcuDl/gJypEKCjI/QPd1
KWQFwumfTcAdC0K8JYDGxp27AxCnG87LfyJCCucGU0Gg8rpSJsiE8AkDimWdeLOPTXzR7eVtQ3BY
zjmYhUDPniMOdV4KESMSOdQeI/SLKQZDebWOXTJy8F5vUD310Qm2FeTgkNuQb61dmAJIUpbX6z1u
SFXS1RVrGS/aCKKiMQLF+aj1GDBQiujGcUNqeqpFdYN73G6grnR3qDn36XivgomUpLSATi9JwQDw
peJn3TWaq0Hp4vKmklDeAZvwUKyFlAbFUQMIb6ZXubw1g96mbqVIzwvwlHeq4y3HpwtVnQapNceH
pdQZJkCAo5LVbi00eQ10FHt6u+xflLlA0rpNTb7fEKgMzE3w7t4yIjIwk87JwWMbRTov1CpR3hpH
yT9T+VhQxUDlN35IYJkIlQR00Zf70rhU9M1CoBlYmiVPmx2BJvk08XvESH7rgGZg3SGwzfajeo5j
2/au6O27bfMqjPNymzzwjyrtkzdeuh0MadEY9YDPqsHIK6WCCUguWDH5Gd4qr51wXbblzS0b8jAA
B2JTQPfOipppo/p2D+iDzPE3n5Jroa1ofg8IJclq5H1nZETJZicLzGQhIK7A0RWq4g3O6TU7qu7A
0/kxVCsrmdXRPKQXUIF6TIYNaTeSSoIPaVLe+Ga8aTuUMN7dPGnlvU+3OOke3xRSGMCsYk+FzwyL
6fauZu7qJntz9IQZmmHghPo+3CMB7hbOF1kZPqrf5cEBueEIje+R7ummMRi8cGjYxGFVLcRLGARt
h5HLeVyKEd6Ce6QReCinVPL2yKaRGcdmQijkdXlzsBmDfBdHsX2Lt3nq8+XFUsEPY6yvQKFXjwix
Rj+bcPeIqKTUGDPuR8GcbiN62IGVRxzUdNHOQo3vLMJ79Y8ODp/uvX5+1qGRbhwqJCh8oC2r8156
+8jFoU4KT1M2Pvw/82YSTg==
===END CRASH DUMP===
