PocketMine-MP Crash Dump Tue Dec 28 10:46:58 WIB 2021

Error: Undefined variable $origin
File: plugins/MyItem/src/hachkingtohach1/MyItem/ability/Manager
Line: 788
Type: ErrorException

THIS CRASH WAS CAUSED BY A PLUGIN
BAD PLUGIN: MyItem

Code:
[779] 			}
[780] 		}*/  		
[781] 		$item->setLore($newLore);
[782] 		$player->getInventory()->setItemInHand($item);
[783]         if($item->getNamedTag()->getTag("Ability", StringTag::class) != null){
[784] 			if($this->plugin->checkPermission($player)){
[785] 			    if(empty($this->plugin->inAbility[$player->getName()])){
[786] 				    $abilities = $this->caculateTagAbility($item->getNamedTag()->getString("Ability"));			    	
[787] 			        foreach($abilities as $ability) if ($ability["EVENT"] == self::CLICK) {
[788] 						$this->plugin->inAbility[$origin->getName()] = [self::CLICK, $abilities, $origin, $origin];					
[789] 					}
[790] 				}
[791] 			}
[792] 		}		
[793] 	}
[794] 	
[795] 	public function onMove(PlayerMoveEvent $event){
[796] 		$player = $event->getPlayer();
[797] 		$item = $player->getInventory()->getItemInHand();
[798] 		/*if($item->getNamedTag()->getTag("Ability", StringTag::class) != null){

Backtrace:
#0 plugins/MyItem/src/hachkingtohach1/MyItem/ability/Manager(788): pocketmine\errorhandler\ErrorToExceptionHandler::handle(integer 2, string[26] Undefined variable $origin, string[73] D:\FoxCraft\plugins\MyItem\src\hachkingtohach1\MyItem\ability\Manager.php, integer 788)
#1 pmsrc/src/event/RegisteredListener(75): hachkingtohach1\MyItem\ability\Manager->onItemUse(object pocketmine\event\player\PlayerItemUseEvent#114130)
#2 pmsrc/src/event/Event(62): pocketmine\event\RegisteredListener->callEvent(object pocketmine\event\player\PlayerItemUseEvent#114130)
#3 pmsrc/src/player/Player(1387): pocketmine\event\Event->call()
#4 pmsrc/src/network/mcpe/handler/InGamePacketHandler(378): pocketmine\player\Player->useHeldItem()
#5 pmsrc/src/network/mcpe/handler/InGamePacketHandler(223): pocketmine\network\mcpe\handler\InGamePacketHandler->handleUseItemTransaction(object pocketmine\network\mcpe\protocol\types\inventory\UseItemTransactionData#113682)
#6 pmsrc/vendor/pocketmine/bedrock-protocol/src/InventoryTransactionPacket(114): pocketmine\network\mcpe\handler\InGamePacketHandler->handleInventoryTransaction(object pocketmine\network\mcpe\protocol\InventoryTransactionPacket#114082)
#7 pmsrc/src/network/mcpe/NetworkSession(395): pocketmine\network\mcpe\protocol\InventoryTransactionPacket->handle(object pocketmine\network\mcpe\handler\InGamePacketHandler#114085)
#8 pmsrc/src/network/mcpe/NetworkSession(358): pocketmine\network\mcpe\NetworkSession->handleDataPacket(object pocketmine\network\mcpe\protocol\InventoryTransactionPacket#114082, string[909] .............................Ability3.ability|register:item|register:22|only|10|)
#9 pmsrc/src/network/mcpe/raklib/RakLibInterface(192): pocketmine\network\mcpe\NetworkSession->handleEncoded(string[618] ]Q.k.A.~m.fM..V.....U...-..u...?I...L7....3av........^.x1^J.B.../.....Gx.`..MH..)
#10 pmsrc/vendor/pocketmine/raklib-ipc/src/RakLibToUserThreadMessageReceiver(42): pocketmine\network\mcpe\raklib\RakLibInterface->onPacketReceive(integer 0, string[627] ..lpA......Bd..............g_v..O.G` JX'....P...!cwS..X./........E]..I.k...l.,$.)
#11 pmsrc/src/network/mcpe/raklib/RakLibInterface(122): raklib\server\ipc\RakLibToUserThreadMessageReceiver->handle(object pocketmine\network\mcpe\raklib\RakLibInterface#25094)
#12 pmsrc/vendor/pocketmine/snooze/src/SleeperHandler(123): pocketmine\network\mcpe\raklib\RakLibInterface->pocketmine\network\mcpe\raklib\{closure}()
#13 pmsrc/vendor/pocketmine/snooze/src/SleeperHandler(82): pocketmine\snooze\SleeperHandler->processNotifications()
#14 pmsrc/src/Server(1645): pocketmine\snooze\SleeperHandler->sleepUntil(double 1640663216.914)
#15 pmsrc/src/Server(1034): pocketmine\Server->tickProcessor()
#16 pmsrc/src/PocketMine(301): pocketmine\Server->__construct(object BaseClassLoader#2, object pocketmine\utils\MainLogger#3, string[12] D:\FoxCraft\, string[20] D:\FoxCraft\plugins\)
#17 pmsrc/src/PocketMine(324): pocketmine\server()
#18 pmsrc(11): require(string[56] phar://D:/FoxCraft/PocketMine-MP.phar/src/PocketMine.php)

PocketMine-MP version: 4.0.0 [Protocol 475]
Git commit: 468faa464b2bc5c97f23fafbb71ea61035f6f218
uname -a: Windows NT DESKTOP-BVRHES0 10.0 build 19042 (Windows 10) AMD64
PHP Version: 8.0.13
Zend version: 4.0.13
OS: WINNT, win
Composer libraries: 
- adhocore/json-comment 1.1.2@fc2f76979f0a44a5f5bc2a2b600d0762fe0e78e7
- brick/math 0.9.3@ca57d18f028f84f777b2168cd1911b0dee2343ae
- daverandom/callback-validator unknown@unknown
- fgrosse/phpasn1 v2.3.0@20299033c35f4300eb656e7e8e88cf52d1d6694e
- netresearch/jsonmapper v4.0.0@8bbc021a8edb2e4a7ea2f8ad4fa9ec9dce2fcb8d
- pocketmine/bedrock-data 1.5.0+bedrock-1.18.0@482c679aa5ed0b81c088c2b1ff0b8110a94c8a6c
- pocketmine/bedrock-protocol 7.0.0+bedrock-1.18.0@040a883a4abb8c9b93114d5278cb5fecc635da82
- pocketmine/binaryutils 0.2.2@f883e1cf9099ed6a757a10a2f75b3333eeb2cdf9
- pocketmine/callback-validator 1.0.3@64787469766bcaa7e5885242e85c23c25e8c55a2
- pocketmine/classloader 0.2.0@49ea303993efdfb39cd302e2156d50aa78209e78
- pocketmine/color 0.2.0@09be6ea6d76f2e33d6813c39d29c22c46c17e1d2
- pocketmine/errorhandler 0.3.0@ec742b209e8056bbe855069c4eff94c9734ea19b
- pocketmine/locale-data 2.0.20@a6e4eb22587e0014f6d658732cf633262723f8d3
- pocketmine/log 0.4.0@e6c912c0f9055c81d23108ec2d179b96f404c043
- pocketmine/log-pthreads 0.4.0@61f709e8cf36bcc24e4efe02acded680a1ce23cd
- pocketmine/math 0.4.0@6d64e2555bd2e95ed024574f75d1cefc135c89fc
- pocketmine/nbt 0.3.0@98c4a04b55a915e18f83d3b0c9beb24a71abcd31
- pocketmine/pocketmine-mp 4.0.0@468faa464b2bc5c97f23fafbb71ea61035f6f218
- pocketmine/raklib 0.14.2@e3a861187470e1facc6625040128f447ebbcbaec
- pocketmine/raklib-ipc 0.1.1@922a6444b0c6c7daaa5aa5a832107e1ec4738aed
- pocketmine/snooze 0.3.1@0ac8fc2a781c419a1f64ebca4d5835028f59e29b
- ramsey/collection 1.2.2@cccc74ee5e328031b15640b51056ee8d3bb66c0a
- ramsey/uuid 4.2.3@fc9bb7fb5388691fd7373cd44dcb4d63bbcf24df
- rhumsaa/uuid unknown@unknown
- symfony/polyfill-ctype v1.23.0@46cd95797e9df938fdd2b03693b5fca5e64b01ce
- symfony/polyfill-php80 v1.23.1@1100343ed1a92e3a38f9ae122fc0eb21602547be
- symfony/polyfill-php81 v1.23.0@e66119f3de95efc359483f810c4c3e6436279436
- webmozart/assert 1.10.0@6964c76c7804814a842473e0c8fd15bab0f18e25
- webmozart/path-util 2.3.0@d939f7edc24c9a1bb9c0dee5cb05d8e859490725

Loaded plugins:
Alerts 1.0.0 by hachkingtohach1 for API(s) 4.0.0
BuilderTools 1.3.0-beta2 by CzechPMDevs, VixikHD for API(s) 4.0.0
DevTools 1.15.0 by PocketMine Team for API(s) 4.0.0
EconomyAPI 5.7.3-PM4 by onebone for API(s) 4.0.0
ExtendedBlocksConverter 1.0.0 by JavierLeon9966 for API(s) 4.0.0
FCCore 1.0.1 by hachkingtohach1 for API(s) 4.0.0
KeepInventory 1.0.0 by NhanAZ, KhoaGamingVN for API(s) 4.0.0
MaxEnchants 1.2.2 by Xenophilicy for API(s) 4.0.0
MultiWorld 1.7.0-beta3 by CzechPMDevs, VixikCZ, fuyutsuki, kaliiks for API(s) 4.0.0
MyItem 1.4.9 by hachkingtohach1 for API(s) 4.0.0
Netherite 2.0 by Wertzui123 for API(s) 4.0.0
PlayerStats 3.1.9_BETA by hachkingtohach1 for API(s) 4.0.0
PureEntities 2.0.0 by LeinneSW for API(s) 4.0.0
PurePerms 1.4.4 by Vecnavium , 64FF00 & ProjectInfinity for API(s) 4.0.0
ShopGUI 1.0.0 by hachkingtohach1 for API(s) 4.0.0

----------------------REPORT THE DATA BELOW THIS LINE-----------------------

===BEGIN CRASH DUMP===
eNrtXHt32zaW/yoYpWdrz1o03yLVk24c22k8tWNP7DQ9U2UyIAlKHFOkyodttdP97Pu7AChRip2m
rffM/BG3iUkQuLjvF8j8PEjLas6b9zeiqrOyGIzdvUGTzcVgbPmu6fuObQWGY/vOKNgbtAv1yHOM
0LRcJ7SCMLTMINwb5LxujquqrAbjnwfNcoFZA3l/fBcLLAPovcFc1DWf0qM3RSLSrBAJu+FVxqNc
sC/KKptmNC1t8/xFltO8o/Fk8qK8O6x42kwmi7zFjHoyOVueNGI+mdRVPJnMeDy7zoppU9KVtX7K
oyzPmiUGeIFtK2MxWxB4BVoD21ez9wFqfwtS90jD2ddgACIH6oPxKABPmorHuP5h8MRkvxvkDkDt
jtmijK9FMwfwyUQQ82a8SHJRTSaSlVflipkv1YPxWM3YyYpGAA6z91jdVNjvB9t/xx7m8mrayHnH
Hp3Je6zDh+gCv55YbDEndtAfcSOKZv+1mGZ1IyqRnNLvgpjggQefvNHw67KgJ29qsVNG/xRxs8k/
2oWo4Uti4IX8recf07MnluVajinRsz9AT07Z8e1tqSioHyI//Drmea5W/VFsnB42asW+WrBjOcHo
fowkEIXEjgTi9oAUorktq+v9ebwQ+1qn9k+Kb/hcXHACpdVpB1a+BX4T4+HXbS1eijwh1NU+3u/Z
x7adrX300smE1pK6acW/Z/Xwa/UUrCM0ripe1Dwmq7iP81uAF1XZlHGZTybkpKDlWUGcKyso1ocA
j3jDIRnHD2xJrK+JxZKkrPbX++xHIqlwN+zgS36cdLB7IBUpOxD3H+fAffB/Ew8eRpD00dRUjx4S
8St1cwm3Tjs7ofdxmj5l4462T6DjYyxS+HsS/+BT8feCj+O/Ob/DlJRES/VReb/y0aEZvmPGx34O
lG90DO0k/1VpBzXOoNDrO9v+V1nky39Z5r8kZ8KHOFPx6zyL9l/z69MsOoEzr1KEuR0rtH8Ph46L
uExEsqPp8a3gHXv3V+PaODD+d26kZ4bxnSTjDf4MDaPFr/85wV+nIxp1+E1H59+NO+vvfzGe43Jf
DnxzZ/zDMM5eGoYKM+aDBqooGmYLRa2i7KqEzVdXs0rw5EwlJ69FLDJkQzvur5CqACIWbPKIwpIS
o4a0is3mSqC+PSKB5osDRdbzZFOc0/eg+Nz45h/sL99/SQMX+POn+PbSML7XhOPn+J1hnICJAGTs
faEZYP1WidpEZkcLmHFDBgUudYR9hEW/wVQfYNYT2zNDV2FuPyi6uijLn4Qk6TIXYiGqLo5YvxZH
HhTSJ6z5Oc7Luq3ELyrQWc7vQDDYViI1dTLZnAd8ED3A3Vdlk6VZzMkZ1HrffiS/lALaQW7ufSLg
mu7fFE2W7yRlSyngKrH3jdDSzPfu2cN0tkOUejL8usni6wuFcFlpLP0ehAu55gxrdhzTegDI+/cx
aGyqNl75zee8FoeoJOrTkifw4XCB96hWC1ooPeVZcVpOYVlPnJVlWfZ2OrtOiM0HM11FwegBCuxt
Nigr0XTr4IKATnYkfmyzSnSOzkMOvpjxary/fzTe7zbuAR+eXRg0YWtPyqF3B+9+2RuIxyqpHrHm
AVoKznvkTmV+I+aIYwCegPK4GXRPMaJgYYTcP1ExGoUYnjT03y8YHwWmvv/lz/uM0YUctfToFxS+
oMOiOS3B1i8KcUsXu1/JWXY3a6GT06loVlF1Z1euIwROZLm0I4HppQ6WMv2TpTt6H6x/hUQiueJT
Wo5bupoMdHidDPbYpZQshsfjmDR1l/3pKStQsO7+LAG7K/oIbDPLati25AeS85mA3Yhqnql8Q+O9
q5d6q6UaKzFfNMttIFmhsfmhTzahvbP7rgPlr0ApYF8ocWaiZk+ZBhjzuM15I0CLhvgwGxTVfU7s
7n61Bq+lNtoggH5SCAtatdPbn9cdNstdEMm6Z8sfJoPj745fXU0G79jTp6wWeToeH56eHH67yxRV
QY8qKfcHOaP0vs8Z0P1DD+RejyV766JYX7z7ar2J3Dnc2Flqbmj2xtSItanbYaefv3RwQkeOqKdK
U+SlkvwC3jmLWdoWMhdkZXFWIn1QlRddyhqPfSErPiXo0N80AZKuUJUgSNdFo1L5cNS3KZr4kNVM
N6xGr+54v//nRzOXXz43Tz43Tz43Tz43Tz43Tz43Tz43Tz43Tz43Tz43Tz43Tz43Tx6ledK1IWrq
OxxAmo28KjgdYHcDe4PVuffAMkzDxAhvm1lZ1VSVbKXTBJQvMnriysm4FwVVBslgDFmIvUEC9SkS
WoxndZk2R/2BOZdtkQ+ydIVN95t6LRAhJl6cX169PX99eoShWxHViEe0vGkWNbhyy5t4Vs+yxrgV
IsqXRlzO96mqet5mOTTgqizzPs0bw5uUO4Y5jETD7U36D38S8ezi7Ejc0ILvsrvs+uXRY3EhJuCL
eQLgk0mkcGsIt8lkC9NP4sY0a2ZtJHnQQ3t/AxR4g8FtvqyGNnliedvqsNYxdiX4/LEY0e0/mfQw
0TRfXh28vnpz8WsUrzHbX8EAscdwEuV8eXBx0iO3N9gn2DNGhjO8OHM3aS4LEeHPY9GqwaHyUlgA
JsqvPkYfFbYk6g41IxKi5zmIrg9LZIIVIlOfwgdm/Iq1/4XfZKI6FWURhr7/WBRvQgWx9yOnXPJv
Fvwm9P2HKAfbXhwelpXocUkPbDPF+ve4QIVN9/tTjB6MgO/I8rhaGvWyEbWBVGQ/4fUsKnmVSE/4
LcL3qlTo0b45/it68QqJ2sHfMPbtrOSolYD2d68eixEK+GSygdG2Mnyy59OogvIzfofCAbcbYa8/
ukm1bWz5/u9FUS5mKIji5WPR2gNJFK5Q2bj5FBdw1uZN9ras8qRP23pwk7SRDm7Orwa3w7/Jt8+W
bVO31xmur3meZdf1/0vImxO+t4Qv6O/j/kfCXQ8Q8Umdv/R41B3I9PnjGuG/x+a75uQKq0exeVTR
M1HJNSu612N90u1tS38Lb/lTm6Eweiya1xBlea+Q+N3mvYa2v6YIJKv+4mXDN4y9P9on2zEsI3z/
/Pjq4N8j9h5eGzd/OO+9QL15jGKNDnX6fOgPb8l/WwNORVYU4vLtYxGfS3ioloCD0DiA6E2MflvI
71Dc34CiyafTxW3a1di2zW/led+JuEAu0c7ZHvPdFy9Mk/0XQ5lKBeRJkWZF1jxaHHivNlB8kNj1
Lj/F/1/OysU3b/pJbTfyH1LQaXRWF4/j2+jgnVcgGCndVkHS1cKSAkoCiQdSEVTWNwgotaMIGMVz
3sz6IzHPQRHW9sfK+fukbIDBxqh+C2E90FZ5/z7hzcbzNMtlar4emc4X/dsZyOvfZygFbvoD/6yl
LFf380i1BzbGShSONAv3Mo2pG04EJf1Ji3iTD69FmgvZN+6P1pKj9eZQArPoj1xenG5sv6x/zAva
TF+x1aOmvBZF9tMmC+7uNNWELqXbSz7PpTuy5e1P2UIVoKHh0W2eRf3luL2bb3K9JPRs03Qsy6ZY
fnF0vkF6Ur6XqG0PYijbFFgJ5a7rjYmX2XyRi+/PNmjewgC31OLconOe31KE2hhcNLIZShx2tX1e
zLZ0b9YW17JPZUsmOZIr2TTKCk5ZPAKYbfjECXEj8iTSkwgUbGfRlHrAVsxKIGillsRvmrVuR71f
79V7Ti/LZEVabuht8oHIsw0tkax0+kOVgHmQHU5bpYsd/L/B3Nj5RQxf0WM+WfdsofelHelklOd9
Z943dzJlXov1hxsrfspeymBsm44NttXv4VUG45TnNdxZd4IyGLsjD3tkZN+uH6Scu74b2VHsxeEo
tZ2Up1E0sgT3LdPxUj+1rQCwW43K26xIytuavbpiR8eX316dXwyff/f65fGlySxgwSQOzApN12Y7
3WTL3GUHZ0c+hR76FKPHq5+ENCB3pSazxfuSZPL25NWrK1JMurmVWRN806KsRfUewq14pYM9T2Yg
rBL75DGGmKPfSrLIJzxLYzsd+eEoTE3uutxLvSi2uR35ppmYI99OhSlGgRgR+6osvt7XTtI0QsN5
FnNvlFhBatpBGrjpaDSKbMsP4sQKLSsyEyFsx3W4kB4QAoH3QaCm4+SIx9fDG1QR8Iz0IhcYeF2U
t8Uz/Zu0bVqVdS32QTKvC3qH5MYmdX5mm3YYmo4Tg/+uY5oi8j1fjEQggiBOPTuxEt8PXdoVfroS
teBVPJP0z/liIe3uRirFsyCKYtO2eCCSyBYuHwlupwFP3JSHIg6TWNhpHAXJhnGsjmWBO5ec9Azz
v7tB8BXSe+YGduyPQs49kZhRYMUmkLMjK03pzjJ56MYB9+P7Ia/VcTAiRLehm67Jg8DhLo+iIA6j
EB7OTTx7FMSRl4o49h0v4YG9BV06irVV26QAACOsOA3NMBSJz0feiAM7aIUXOfhBJmnHSRpuQrpX
hJRXOM98dxSMXKiU70cxB0e9IPBs1xaBF9tObHsiiD2Pb6EmX4LJS+0qCTWwMBTcMZ0wdESapJET
xolj2sK2PD/xTIAObDOEdm5BKvNyDcMMI+HDWJMRLFU4TuIHFhQnTOwwtu3Y9WNrJKxkC5v+azKd
F30m4pFrR7RlYHp+FIEgz/TD2BVpCmGGI8cV3AqjTVB5SWlEpyqUWdvmM+4LF3y1vWAkTNNyUz/x
ce3Yceo7ju3bIziaIHG2QU0lMi4h48ehZccm5OZ5cQAKHMsMRAzlH0Ed/NQ13dh0P4Qw7AUaBcq3
0hERFacOJBbbLnCD2ds8TqAQgcktWIETb9nAyg9IEInvCtvzvCixRUgab7veCA7BS7A4jS0HOIbp
lrIXUbNibhjELjfdCJoRWp6ATwmcxIlM6DYYBcO0eATxW5sQ1pdDmT4po/4NbvuDo1wVjVwYhnB4
4FsWdHlkCivlsCnf9mB4Fpyd644EXEfERXwfFDoQ7vKYZ6Ftc991XRDjx6OEwyXQ/4FjWyZ0T8Tu
yAm42OKvOnnr4vwzk8cBfDV03opdK+RWCo7DvmD0geOR//VCYUvlQyJciyXZwTqPk32sZzF+Rq4Q
nnDsAElRBEtyzcizoM9CQN+iyPdjk6+BtG2mwg88L2JFCB6mkecEgR9aaTJyRtAL103iyE18rI5T
201SWj5r5zXn3foPnXu9nKdlsYQE8yXSinzYpdA3QNWRQoyT0BuFIxHC+zhBmiR2ZDp+6MDBIe4I
iNeEct0HCxFDvj+rYFnP4G5NxCGRWDyEE+CAFnJh2fDtCB6IWKbtuaPoQVhWDy/hQynC1ElIz1OE
oNANYKuWGbuxA6QcGG+Iv1UZMy9/4lWzD98mKh10SUP90HfjEbQhMN3Acnng2lACYULGieVFPDJT
K4BBbQBZwOKG5LylHyFcktAJ05FIYLMxVCKKwphirhdHppcgGgK30BwBjKyQVrplLGWS+oRRt4Wh
sEizaVvJ02FGKR69nco2cqpJ8YRdzRBIWS2aBlVGzXglWDMTrCxEjQvesJgXRdmwSLCsiPMWzgMX
TB1rGghoCLyyygesy3KOlSkB2IZZ81TssZKaODWBZBG81TVblm2lYdHLsXPUHmkmd0BuQ69X50sC
/ErcrsChakx5mzc1uy2LLxtGoZ9XDFVvCeeVUQhbEob0sqyi+3YmCtYuphVPAMCYFJOiAzaeFIw9
eTuT3SXWlNgFuSpA6INg8IBeuKGEOlGPJarK+zPwMxeN5BeVsrFgKrjQyJwgg+OxGOacUuKpGDOZ
ldKDetY2yBGLoX6ffcwmA3XWzehFApFMBhKzgzwvb1me1YRt98oou8k4+2srqiXN+ZEuhvrRmFEZ
L5cey8Jer2HAi1G6yCAxMIWgRUumWUnzVR9guHrcQ/bJW1gMo3eBGE8ShsxLsZ/YSqf7bC44vftA
GSgD0yNBSIM54seW58S2aXaDuUgqWsF29KbMNncJutpRDCuxQF07BNvpmH6Mx3LvV+08AlegVQf1
soiveH3N6AUM6JEhJ7wBt6Rqd5TStFlVFmUL6WF6vcdk25mpCoPsYY9RUl2pF48kb2CPNDZvC/1C
hQJ+KcULmqBlVXmXQcME2ACSpOYWK+SItxqhk5R0leaQTu6xrPkS7GsquSwRDb2iQCqztZjtgIYW
dmNLtkgyhprSsQS1ratcKkfVFgWJM6HqsFxIIchypDbYkbjR12yeTWcw5gql+F7f+LTiEEeqql00
alQxjBgzB26aLilcGKWsNRJlEPymzBKgfT8GpCOkc0j4M2iX0VM0TB6qSStNmxRzge2Wyii/ycsI
2kM9KKbGYQfzrCHbnospj2TPiF0qVpuSuVlNsOXyK5LabSY5LzUKRns7VIA6JaslhWkGFOGR5Mux
BCathOi2VEoOabVkpmxaQlAlmSlpBW00lWgOJWpjZhIV2F26YJWR/cdTQE29j+E/QzX/x/Cvm3Ih
UdDuc4WSBlczuI8FRdNkhRDt2mFlIe/UiEkn8FZahcav/vIRMJR2IVEij8HiFsGnQPBh4k7ErXS+
pUJZWSQFq9VscRcLkdRripTjOr86HrOrlyeX7PTk7OSKHVxcnJ4cX7KL49fs7fnrb49f7zFMYlfn
mHXM3r48Pz1mF6/PD48vL41tF7DBD9vzNTsuRJWVMiCTI66JQPnVTceNlbO1wHukBIn0LXLKEK5Q
KDcrQR2WBeiEg4Y2Eb0PKZtSstsZRVbwhFyQmiYhKyBwvWtHriKS3OOcYgjFebnA+HA26YLuSENs
CxFTOqA4S+gquaq1KxqgXmJRr0l1TE1rvXs/SppyR1M+5VUEyxiuM2vpgO7nrjQ1QkevYnoVfPec
F61MPvqYIDFroYO7e11M2FbCTg1VeE1R5DeK3vnaBA12rny+UnhkD2WbJytcMgSR24Kt8a8V4IVE
H4T6pqlpxW4vpLP4IEhK1VEQVrSlVTnvgq1arWcM+6rZlzBRoyX5gW6we1RqQzsuu4SRRFZhJ1JD
rchJO1+o7EqlcEw/GNKDTl5HNEkvkLhLNDsK6FOsWwFj5/cwGEEbgQ873EDJ6roV5BiaGaQ27bJN
clq02xqrvU6QKkfQSaWhsKGpD/Jpzu+Gshdbd7gf8gWNZvN2jhiL8FoR8IYXyCohSKY/eJJYrPlK
9qJZKS3mQx1Dsr3QGMkNh5QFtwi67kpiR6V6tK3T6qOsDr6a3JmQgqUn9imTmcNQ9npXtB0BFZmr
IH0k7gE7lWAoKAv5BjRTaxSFa+qwTPNT0dPtTJPX2S4xMKcyQMP9OKiP6eGk0G/4jnWIQGo2K3OV
YkZ0FCszcYlyTd8uMR1kpG9TlY9+qkJLJFbJpgpvT/pS6h6RW62WDQHfY0OrJ0ApPLnxsOmQ0SFA
eu11HivPByiFTBTlVMvIRJ8WY1CjZbCXyAXlx3OU3LHDizd7WAscItjXbZZA7WWuoLznCv5Qwh8z
v0u71xl5LbnTm2uwgwSOasbzdB+lpCoTEgEd1lthU0Z9QVKwniGuw14PWL8UOb4jr0YpJs8NRki8
uSguumR7XQBSLUFI3SJs0sJ2USyG+n6rujnTVldnP4mVPCkt78RYU8DTKRPSdqUevdDqhrZatGuw
C70m59VULuC6EtW6IHdMKz4lEiATsK1e5DJjofJyDuTJ2HlFcjrMM8xS9TK9LSzqhp1dvZGY1iCJ
yI7ahlF9LkW53k4VF0bna+ZNO6RVY4ltvz4UhTxEkraeMmoMxPTe8YpM1L9pmsUGk1FqxikJYNkc
vGlIdpCG/Be14Kb2JC4Q2o1EekacgNeVjhghmkt3XiuRqlQCcxuto0SJUP0B7ep0NXV0LpOko5PL
g+fIj2Q+1RZSh8hht+Qp5fmnShIyUkb9nXbSrzfWdK5tPRFROx13RdvXzKJiTaesM7gr+ZzpEr1W
TQWy5qIuVfDWFmERMIW1gnY4K1HEkxV2tZroqnHpxaltzGp+00ULXKL0Vl/N0bNeGQ/E5Mm8Stp0
T+afZVaohoDk1Jfs+6i8I8uv2MkR2/n+zcnRLuQOswcOmH8LsZFgMoR7GAfVcFWi+aPSD1hDuZZd
AWv//vlpB1/Xd72RL+VmdDgmEwcpXp2KSNrKrkOkw+gd8BvSiwlPyzSV2+JZli6Hd22WrAUi+Tnc
bM5cye6KMjX1j7cpHsi52q7aWnd5YjiRRrlZvWao1oyZPj2lbVQI0e5R70IxkBfTVY1S0LJ8OxTv
dbNuMnE7XAXo+xpiirkH87Il75GqWKedCVjWsZZiO3lH2QqB+OlaBmcsfi1DdW+xJLwQqvSOhAIW
CfrsHG6E30qlIB3VX2KSatHwZtBX5NNGK/LhAxnfRlV/ZoLd6KP2+7A070eTV4CUMN6pO5DtFtPv
FTbOVocnkq/xgpt1lqiYQfRwyBQKV7dRnwtTCqKYIRIVOuXNKrTJVpNWDh7HIheyUlDqLXfNs2ts
QXWy9EQ5B+nTqrxtZsqPYQvOZgpaz8nB+utGhWSJ7JC40aE2XLNGkXZyVPfoIjdNklfQmDo2XZGp
W05dmiPXbAgJ8IbMZk+AJkrltSDXba2VLI0Phamd1y3PZDWLYIJST2nRolzIfxlBmo2+oXgv5+iw
4di0oSyDiEq5E0Vc8lxICXSBQSO6kTfWqQ71HWVxrYZVpqA1C4isPXSydnpkmUP6CnBraOUYNof1
awS9mA5/MFSvkq1mziC3sULFWMznCyMrJcZwdcs5FYcw5Yb6rHG9Rp3ClH7O1s8lCdLN8em0ElPd
UtT9R9VmoS/9r7fpk/jB15wfndPnP0MdFFR+QO7rVqgKhMPIb+WOtUR8TYAcM3pNf8TpFefbBb2Q
pITzAVMhUPVcKxMyIXpvQMayXrw5pN686Pfy9hAcFjMOsxDk2SvCoctLETFSUaH2GJJfLCgYqqdd
7FKRg2/0BvUrHL1g2yIHR24jfWvnwjRAKWX1vNvjA6kquvpibbL5OoLoaExAaT5pPQUMkiK5cdpQ
Nj31oq7Bbaw30E/6O3Sc+3i818FESVJZQK+XpGEAfKP52XWNZnpQubhqVUlo70BNeBRriUyDsnQF
iA7J20qduJC36VopyvMCnvZOXbxFTsZrXachteb05pO+owQIOGpZjTuhqWfQUerpjdkPMnNB0ron
m3zvCKgswdbBu38SJMmgTLqSDp7aKMp5kVaJ5t44Kv2zLB9rWTHI8pte+wauOgnoo6/2lTioS0Ak
M3BNFVPXO47Zi9ODKzVIpYagztpX+o2MPS+8A0WF2HPukqxq9qTT/Upneuqspd+0UEZMgQ6s1T1F
3mqtyyGseMnU94tt1fndrlKrVqc00qkADsJRLE/B6o5Pw+6EByqg0vonL6Q3kVvJ+RtAZF6sR973
RoYyv+wlfqXK/cUdfFuti9z4msqkWhZ0cG7qM3GVyMl5RC9QQQmmIoUyFUWlhI/MqFq5Yzp+3RYq
nVNerEV8KA8r5WndBFnLkxdVxo5EzGyX2fbY8caeyd6ePGe2aVs0oTtReyrgYXE/L5vk6cbRJlOn
afRQbT4k23tqhRYi2ebgjS+HHRrWxUK2wCCUHSO3s6wRQzqBo9RVboZ6SmdvT22TRqacugmJeCrv
1KHfakyvov4tnfN094ubhd4hyajAgkYvn0rUVgq6indPJc0yN6aU+6n6iqJa58si6U2hE/enR8cv
Dt6cXvVokueEeksZLch09f1GNvs0oKFexi6nDH75Pzf+UsU=
===END CRASH DUMP===
