PocketMine-MP Crash Dump Tue Dec 28 09:37:02 WIB 2021

Error: Undefined property: pocketmine\network\mcpe\protocol\MobEquipmentPacket::$entityRuntimeId
File: pmsrc/vendor/pocketmine/bedrock-protocol/src/DataPacket
Line: 123
Type: Error

A PLUGIN WAS INVOLVED IN THIS CRASH
BAD PLUGIN: MyItem

Code:
[114] 	public function __get($name){
[115] 		throw new \Error("Undefined property: " . get_class($this) . "::\$" . $name);
[116] 	}
[117] 
[118] 	/**
[119] 	 * @param string $name
[120] 	 * @param mixed  $value
[121] 	 */
[122] 	public function __set($name, $value) : void{
[123] 		throw new \Error("Undefined property: " . get_class($this) . "::\$" . $name);
[124] 	}
[125] }

Backtrace:
#0 plugins/MyItem/src/hachkingtohach1/MyItem/entity/Throww(39): pocketmine\network\mcpe\protocol\DataPacket->__set(string[15] entityRuntimeId, integer 5)
#1 pmsrc/src/entity/Entity(1446): hachkingtohach1\MyItem\entity\Throww->sendSpawnPacket(object pocketmine\player\Player#27381)
#2 pmsrc/src/entity/Entity(1455): pocketmine\entity\Entity->spawnTo(object pocketmine\player\Player#27381)
#3 plugins/MyItem/src/hachkingtohach1/MyItem/ability/Manager(664): pocketmine\entity\Entity->spawnToAll()
#4 plugins/MyItem/src/hachkingtohach1/MyItem/task/DelayAbility(26): hachkingtohach1\MyItem\ability\Manager->caculateAblility(integer 1, array[1], object pocketmine\player\Player#27381, object pocketmine\player\Player#27381)
#5 pmsrc/src/scheduler/TaskHandler(117): hachkingtohach1\MyItem\task\DelayAbility->onRun()
#6 pmsrc/src/scheduler/TaskScheduler(141): pocketmine\scheduler\TaskHandler->run()
#7 pmsrc/src/plugin/PluginManager(467): pocketmine\scheduler\TaskScheduler->mainThreadHeartbeat(integer 617)
#8 pmsrc/src/Server(1753): pocketmine\plugin\PluginManager->tickSchedulers(integer 617)
#9 pmsrc/src/Server(1642): pocketmine\Server->tick()
#10 pmsrc/src/Server(1034): pocketmine\Server->tickProcessor()
#11 pmsrc/src/PocketMine(301): pocketmine\Server->__construct(object BaseClassLoader#2, object pocketmine\utils\MainLogger#3, string[12] D:\FoxCraft\, string[20] D:\FoxCraft\plugins\)
#12 pmsrc/src/PocketMine(324): pocketmine\server()
#13 pmsrc(11): require(string[56] phar://D:/FoxCraft/PocketMine-MP.phar/src/PocketMine.php)

PocketMine-MP version: 4.0.0 [Protocol 475]
Git commit: 468faa464b2bc5c97f23fafbb71ea61035f6f218
uname -a: Windows NT DESKTOP-BVRHES0 10.0 build 19042 (Windows 10) AMD64
PHP Version: 8.0.13
Zend version: 4.0.13
OS: WINNT, win
Composer libraries: 
- adhocore/json-comment 1.1.2@fc2f76979f0a44a5f5bc2a2b600d0762fe0e78e7
- brick/math 0.9.3@ca57d18f028f84f777b2168cd1911b0dee2343ae
- daverandom/callback-validator unknown@unknown
- fgrosse/phpasn1 v2.3.0@20299033c35f4300eb656e7e8e88cf52d1d6694e
- netresearch/jsonmapper v4.0.0@8bbc021a8edb2e4a7ea2f8ad4fa9ec9dce2fcb8d
- pocketmine/bedrock-data 1.5.0+bedrock-1.18.0@482c679aa5ed0b81c088c2b1ff0b8110a94c8a6c
- pocketmine/bedrock-protocol 7.0.0+bedrock-1.18.0@040a883a4abb8c9b93114d5278cb5fecc635da82
- pocketmine/binaryutils 0.2.2@f883e1cf9099ed6a757a10a2f75b3333eeb2cdf9
- pocketmine/callback-validator 1.0.3@64787469766bcaa7e5885242e85c23c25e8c55a2
- pocketmine/classloader 0.2.0@49ea303993efdfb39cd302e2156d50aa78209e78
- pocketmine/color 0.2.0@09be6ea6d76f2e33d6813c39d29c22c46c17e1d2
- pocketmine/errorhandler 0.3.0@ec742b209e8056bbe855069c4eff94c9734ea19b
- pocketmine/locale-data 2.0.20@a6e4eb22587e0014f6d658732cf633262723f8d3
- pocketmine/log 0.4.0@e6c912c0f9055c81d23108ec2d179b96f404c043
- pocketmine/log-pthreads 0.4.0@61f709e8cf36bcc24e4efe02acded680a1ce23cd
- pocketmine/math 0.4.0@6d64e2555bd2e95ed024574f75d1cefc135c89fc
- pocketmine/nbt 0.3.0@98c4a04b55a915e18f83d3b0c9beb24a71abcd31
- pocketmine/pocketmine-mp 4.0.0@468faa464b2bc5c97f23fafbb71ea61035f6f218
- pocketmine/raklib 0.14.2@e3a861187470e1facc6625040128f447ebbcbaec
- pocketmine/raklib-ipc 0.1.1@922a6444b0c6c7daaa5aa5a832107e1ec4738aed
- pocketmine/snooze 0.3.1@0ac8fc2a781c419a1f64ebca4d5835028f59e29b
- ramsey/collection 1.2.2@cccc74ee5e328031b15640b51056ee8d3bb66c0a
- ramsey/uuid 4.2.3@fc9bb7fb5388691fd7373cd44dcb4d63bbcf24df
- rhumsaa/uuid unknown@unknown
- symfony/polyfill-ctype v1.23.0@46cd95797e9df938fdd2b03693b5fca5e64b01ce
- symfony/polyfill-php80 v1.23.1@1100343ed1a92e3a38f9ae122fc0eb21602547be
- symfony/polyfill-php81 v1.23.0@e66119f3de95efc359483f810c4c3e6436279436
- webmozart/assert 1.10.0@6964c76c7804814a842473e0c8fd15bab0f18e25
- webmozart/path-util 2.3.0@d939f7edc24c9a1bb9c0dee5cb05d8e859490725

Loaded plugins:
Alerts 1.0.0 by hachkingtohach1 for API(s) 4.0.0
BuilderTools 1.3.0-beta2 by CzechPMDevs, VixikHD for API(s) 4.0.0
DevTools 1.15.0 by PocketMine Team for API(s) 4.0.0
EconomyAPI 5.7.3-PM4 by onebone for API(s) 4.0.0
ExtendedBlocksConverter 1.0.0 by JavierLeon9966 for API(s) 4.0.0
FCCore 1.0.1 by hachkingtohach1 for API(s) 4.0.0
KeepInventory 1.0.0 by NhanAZ, KhoaGamingVN for API(s) 4.0.0
MaxEnchants 1.2.2 by Xenophilicy for API(s) 4.0.0
MultiWorld 1.7.0-beta3 by CzechPMDevs, VixikCZ, fuyutsuki, kaliiks for API(s) 4.0.0
MyItem 1.4.9 by hachkingtohach1 for API(s) 4.0.0
Netherite 2.0 by Wertzui123 for API(s) 4.0.0
PlayerStats 3.1.9_BETA by hachkingtohach1 for API(s) 4.0.0
PureEntities 2.0.0 by LeinneSW for API(s) 4.0.0
PurePerms 1.4.4 by Vecnavium , 64FF00 & ProjectInfinity for API(s) 4.0.0
ShopGUI 1.0.0 by hachkingtohach1 for API(s) 4.0.0

----------------------REPORT THE DATA BELOW THIS LINE-----------------------

===BEGIN CRASH DUMP===
eNrtO2tz2za2fwXjdG6dvaLMt0jtJBPHdja+TWLf2Gk6W3U8IAhKrPkqH5aVnf73e84BKFKKk6a3
2el+aKetSRA47ycA/esgKeuctzd3sm7SsjiYu5ODNs3lwdzyXdP3QtO2pzPfDO1gctBV6pMbTkPT
C2auaTmhac78yUHGm/asrsv6YP6vg3ZTwawD9T45yGXT8CWOvCtimaSFjFlVl5Ws282cVaW4lW0O
o4tFIdt1Wd8uFrmo4BUmtaUos8XidRmd/dKlVS6L9pLjgvn8G3hO283brkCqzmPAlHRZ9iLNEFW1
4vX86Oh0fvSivD+pedIeXRKm14DJeH05xQlHd7KIy/pooOEoknENb0aP+6ipxdEpb7lCC8sqRKSR
5Pj1dwMBABlMAxnbDoi75gKefzx4ZLIq65Zp0Ry93py3MqdlKy5Wt2mxbEt8svpPivmj61VdrteH
Tvj4CyU5UGE8vblpZHvYtDWA/9HyfmJ7Ep2wtGjlUtbMeww0P7KYYhj/0/jP6M+h5bo+ULBHK+iN
iF0s1OzFQpFrPG1AZFcVXxeKlMMy+lmKdoeDKuMbWS8Wl/T3kT1zAouosD9DheftyaFHrGYAYkR6
Xf4uhM7vUAuP0gwpes0LMPn60PfdL6PoOMsOCZv7O7C1vLk9OpVA8LHCe2h/Vg2aOhhQ5BlPBRdd
xlt5HGUKQK9xa8J4XfPNj9ZPE/aF0vriicSoN9JjI1Yy7jJZH10DSy95EcPzoWXNPscNcg8GPWLf
eFoWYL1KkP4n4V/1b2Ax1p56tjPBWAdSjKd1D3Y2Aqs0dXRJf3qVu/7s8zC36I2nOU8L8AnJ45eS
120kebvVgA/cI8JghPBK1ndI9sxz9nAoUlDMI1qMp20qBnzNR7DDB2D7rr0HW31RwJQQLPOBhabj
fmbhJURESARlrSGMg8kQmQ8d0/oEkJsbURYQrDqxjRfPeSNPIPU0r0oeo3E9aIFdm2YN2nxavCqX
wP4jZ8L6qGf/xE7ni0WfJBaL7Sfb3P+kHXOxUBzYn+DA3hdDowSkVjlqFRg3zKolZLVa9jHY839i
X5a4dnFiVnp88NOvkwP55+fgr5YagR0l8Zu0uCuzO4mYAXRaxCAzgXPVdxhTMQFGRBlL5N+yXBhe
tFUHkU2wpCtECwUOu7lZQr75puC5fPwvmG9ZHs1btC3mJlbINYPgjGI7XDworMUBmzIAciPQ8g6/
aVdp8xiGFgdzsJZv6LOC/3eC7xP8X+l5Bs/0ENDg0d/+Rm8hvbG/sWcVr3muLVBBwQm2uTchT++B
JvbNHc86NcPSM47ozf4E703P+0Svfczm7K5MYxKF7fx7RWG7gyhsFPuvB7/+Vf/8Vf/8Vf/8Vf/8
Vf/8Vf/80fqnrwcaLACOQeEtPVEWnfcDk4PtXseBNTWnJozwrl2VdYNJaM/bECivUvzi0mR4lwWP
MhkfzEEXcnIQywqiOS6Gb02ZtKfjAbRwwPSREytq+r9Y9oAKYeLlxdX1+4u3r05haC2jJm2R9lXb
Vg1IZc1bsWpWaTtdSxllm6ko8yNMos+7NAMLuC7LbMzzzvAu587UNCLZcnuX/5MPUqwuX5/KO1zw
fXqf3r48/VpSEAi8ymMAvlhEirYWaVss9ij9Imks03bVRSSDEdlHO6BANjC4L5ft0K5MLG/fHAYb
Y9eS519LED1+DN93ezxfXR+/vX53+VscD5QdbWEAs2cQJMp8c3x5PmJ3NDhm2JvOpo5x+drd5bks
ZAT/fS1eNTjI/IoKgAnZf0zRZ5VNTN23AFbGzzNgujkpC+ChlfWYw0/M+A1v/x9+l8r6lSyLMPT9
r8XxLlRg9mHiVEj+3YrfhX70Kc5BbC9OTspajqSkB/aFYv05IVBR0//9EqcHQUDsSDNRb6bNppXN
FOr8o5g3q6jkdUyR8Dspq3MQQtGW9WbE++74b9jFmxUvjv8JY9+tSv4PDmls+f2bryUIBXyx2KFo
3xi+OPJpUoHz1/z+rBDwupP2xqO7XNvTvdj/gyzKagWVpNh8LV5HIJHDLSk7L18SAl53WZu+L+ss
HvM2DO6yNtPJzfnN5HbyTzo32HRt092m8HzLszS9bf4tKS9HetdIL/A/pv2PpLsRIJST2ggZyajf
GRnLx52Gf47P973Llqqv4vNvZLuSNa3Z8j2MjVm39z39PUTLD12Kex9fiecB4mKxJeL/7d4DtKOB
I2BZtZNXLd9x9vHomG1nak3Dm+dn18d/jtpHdO28/OG697KrJe0kpHJHDuPhPf3vW8ArmRaFvHr/
tZjPCB50S0CD1DQA07sU/b6U35N4tANFs38p63yfdzW27/N7dd73UhRQS3Q5mzDfffHCNNl/MWhT
sYE8L5K0SNuvlgduFAIlB6Ju9Pgl8f9qVVb/eDcuavuR/5CGTpOzffg6sQ33wHHHV0JJt9eQ9L0w
cYBFIMqADEFVfQcBlnaYASOR83Y1HhE8A45g7XiszG/isgUKdkb1QcIw0NXZ+D3m7c73JM2oNB9G
lnk1fl0Be+P3FFqBu/HAzw3pcvueR2p7YGeshMYRZ8E7lTFNy5GheDypErtyeCuTTNJW+Hi0IYk2
u0MxuMV45Ory1Q76TfNLViAy/cS2n9ryVhbph10R3N9rrpFcLLc3PM8oHNn0+iGtVAMaTj18zdJo
vBxe7/NdqZdInm2ajmXZmMsvTy92WI/LGyJtfxCG0l2FlWDcTbMz8SrNq0z+8HqH5z0K4BX37fb4
zLM1ZqidwaqlHT6UsKv983K1Z3urrrilfSqbhOSQVNJllBYcq3hIYPbUR0nIO5nFkZ6EoMB3qrbU
A7YSVgyKVmaJ8sZZw3bUzYBr9B1PrdIiKXfsNv5I5emOlZAonfFQLcE90A+XnbLFHv4/wd3YxaWA
WDESPnr3qtJ4EaMsZM2zcTAfuzu6Mm/kcFlnK0/aSzmY26Zjg9iaG4gqB/OEZw2Es/7s42DuzjzA
kaJ/u36QcO76bmRHwhPhLLGdhCdRNLMk9y3T8RI/sa0AYHealPdpEZfrhr25ZqdnV99dX1waz79/
+/LsymQWUMGIBmaFpmuzw36yZT5mx69PfUw9eHVmJKsPkhzI3ZrJqropUSfvz9+8uUbDxJc1VU0Q
m6qykfUNKLfmtU72PF4BY7U8wohhwBx9QGhhTHiWCDuZ+eEsTEzuutxLvEjY3I5804zNmW8n0pSz
QM5QfHUqbo90kDSn4dR5Jrg3i60gMe0gCdxkNptFtuUHIrZCy4rMWErbcR0uKQKCQiD6QKKGuJpF
XNwad9BFQGTEs1gQ4G1Rrotn+i9a27Ium0YeAcu8KfDo7s5Gc35mm3YYmo4jQP6uY5oy8j1fzmQg
g0Aknh1bse+HLmKFOF3LRvJarIj/nFcV+d0dGcWzIIqEaVs8kHFkS5fPJLeTgMduwkMpwlhIOxFR
EO84x/Z4FmjnJElvav53PwhyBe09cwNb+LOQc0/GZhRYwgTi7MhKEnyzTB66IuC+eBjyYI4HMyR0
H7rpmjwIHO7yKApEGIUQ4dzYs2eBiLxECuE7XswDew86BYrBq200AAAjLZGEZhjK2Oczb8aBOrAK
L3LgH6gkbREn4S6kB1WIdYXzzHdnwcwFk/L9SHCQqBcEnu3aMvCE7Qjbk4HwPL5HGp2NZqUOlUga
iDCU3DGdMHRkEieRE4rYMW1pW54feyaADmwzBOvcg1Rm5QDDDCPpg7PGM/BU6TixH1hgOGFsh8K2
hesLayateI8auiCwUqc6fRR9JsXMtSNEGZieH0XAkGf6oXBlkoAyw5njSm6F0S6orMQyojcVrKxt
8xn3pQtytb1gJk3TchM/9uHZsUXiO47t2zMINEHs7INaEjEuEuOL0LKFCXrzPBEAB45lBlKA8c/A
HPzENV1huh9DMEaJRoHyrWSGTInEAY0J2wXawO1tLmIwiMDkFniBI/Z8YBsHCETsu9L2PC+KbRmi
xduuN4OA4MWwOBGWAzSGyZ6xF1G7FW4YCJebbgSWEVqehJgSOLETmWDbIChwTItHoH5rF8LwaFD5
pJz6d4TtEaya36qCAiKtC44hHR74lgW2PDOllXDwKd/2wPEsCHauO5MQOiIuxUNQjLQSfR3zLLRt
7ruuC8z4YhZzCAn4b+DYlgm2J4U7cwIu9+TbFGX5QfZ5/pnJRQCxGmzeEq4VcisBiYN/gdMHjofx
1wulTcYHhXAjN+gHQx1H+1jPBPwzc6X0pGMHUBRF4EmuGXkW2LOUYG9R5PvC5AOQrktV+oHIC7ki
BBkmkecEgR9aSTxzZmAXrhuLyI19WC0S240TXL7q8obzfv3Hwb3Z5ElZbECD2QbKiszoS+g7INUh
JYo49GbhTIYQfZwgiWM7Mh0/dCDAQd6RoF4TjOshWJAxAnMLy3oG4daEPCRji4cQBDhAC7m0bIjt
kDwgY5m2586iT8KyRnRJH4wiTJwY7TyBFBS6AfiqZQpXOECUA84bwv9VG5OXH3jdHkFsk7VOumih
fui7YgbWEJhuYLk8cG0wAmmCjmPLi3hkJlYADrUDpAKPMzB4UxxBWuLQCZOZjMFnBZhEFIUCc64n
ItOLIRsCbaE5AzDUIW1ta7qhIvURw90WBo1Fki67mtPtFyzxWFLWbKemWhSP2PUKEilrZNtCl9Ew
XkvWriQrC9nAA2+Z4EVRtiySLC1E1kHwgAemjjWn+joMdvkA66rMYWWCAPZhNjyRE1biJk6DIFkE
0eqWbcqu1rBYmrAceo8kJQxQ2+A9p2yDgN/I9RYcdI0J77K2Yeuy+LZlmPp5zaDrLSF4pZjCNkgh
3sdRfK9XsmBdtax5DACmi2JR9MDmi4KxR+9XtLvE2pLh5RQGIPRBMMgAqpsGC+pYfSZSVfRnIM9M
tiQvbGWFZCq54EiOkEHiQhoZx5J4KeeMqlL80Ky6FmrEwtB30/A6kTrrZiKDYi9eHBBlx1lWrlmW
NkhtfzmE3aWc/W8n6w3O+QUfDP1pzrCNp6Vn1NjrNQzoYlgu4gUmEApCizZMixLnq30AY/t5ROyj
9+AxYBEgVx7HDCovJX4UK57us1zypqvpihoDoUcSiQbhyF86nqHYlukdzKVLV+xQI2W2+RihK4zS
qGUFfa0BYsdj+jl8JtxvujwCqYBVHTebQuAdCoa3m8COpjThHUiLTLvnFKet6rIoO9AeTG8mjLad
meow0B8mDItqYARbCZIN+COO5V0BFoRTFPArUi/wBFZWl/cpWJgEMQBLZLnFljiUrSboPEFbxTlo
kxOWtt+C+NqalsWyxSsKaDJ7i9kh8NCB39gkFmLD0JzOCdS+rXIyjrorClRnjN1hSTcUVTvSTNmp
vNPPLE+XK3DmGlrxydj5tOGgROq6q1o1qgSGgsmBNs0XKRecknqNWDkExwt0QPbDFKCNoM1BwZ+C
dU1HhgaTDTVpa2mLIpeAbqOc8h9ZGYH14B4UU+PgB3naom/ncskj2jNiV0rUJgk3bRA2Lb9Gra1T
kjxZFDjt2lCAeiNriMMkBRIhIkk8jUIwSS1lj1IZOWirQzdlyxIUVaKbolUgoiWRaRBpc2YiF4Cd
QrCqyP7jOcBNvc/Rv4Ju/o/R37RlRSTo8LklSYNrGISPCrNpvCUIsfZUWVB3asIoCLwnr9D0Nd9+
BQrJL4gkjBhMdJB8Ckg+TN5L0VHwLRXJyiMxWW1ny3shZdwMHKnAdXF9NmfXL8+v2Kvz1+fX7Pjy
8tX52RW7PHvL3l+8/e7s7YTBJHZ9AbPO2PuXF6/O2OXbi5Ozq6vpfgjYkYft+Vocl7JOS0rIGIgb
ZFCsJIVkksY22FogeygJYootNMWAUChVmCVQJ2UBfEKABmtCfj9lbMrI1ivMrCATDEFqGkFWQCD0
DoFcZSTCcYE5BPM8LZh+PBttQe9Ig9oqKbAcUJJFcpVe1dotD2BesmoGVh1T89o8fpgkzbmjOV/y
OgLPMIbKmgLQw9IlV0Ny9CqmV0HsznnRUfExpgQKsw5s8PGkzwn7RtiboUqvCTT5reI3H1xwyi5U
zFcGD9VD2WXxlpYUksi6YAP9jQJcEfnAqG+amlfA9oKCxUdJkkxHQdjyltRl3idbtVrPMMamOdYw
cqM1+ZFtsAdMasc6rvqCEVVWAyY0Q23IcZdXqrpSJRzTHwz80OvrFCfpBUQ7kdlzAG+Q5sHZ+QMC
hqQNiQ8w3IGRNU0nMTC0K9Dasq82MWghtoGqSa9IVSPoonKqqMGpn5RTzu8N2ottetpPeIWjad7l
kGMhvdYIvOUFVJWgSKau0ioqBrmiv2hRksd8bGNQbFeaIkJoYBXcQdJ1txo7LdWnfZvG2gijnoKv
JvcupGDpiWPOqHIwaK93y9spkEK1CpSPKD2gThUYCkpF98CZWqM4HLiDZVqeip8eM04eql0UYIZt
gIb7eVCfs8NFoa/Pz3WKgNJsVWaqxIzwKJYqcSK5wUvyTCcZim2q89FfVWqJ5LbYVOnt0VhL/ScM
q/WmReATZlgjBZLyCLHR9sToFEBRe6hj6XwAS8hYcY69DBX6uBh/u6DImrKXUAuCLT2h4o6dXL6b
wFqgIQL/WqcxmD3VCip6buEbBH/O/L7sHiryhqQzmjtlxzEEqhXPkiNoJVWbEONtbY0KkDLcF0QD
GznikPZGwMatyNk9RjUsMXk2ZUjEu8visi+2hwYQewkkag1pExd2VVEZ+n2vu3mtva5JP8itPrEs
79XYYMLTJROU7co8RqnVDW216PGUXeo1Ga+XtIDrTlTbAmFMar5EFkAnILamyqhiwfYyB+LR2XmN
ejrJUpil+mW8LSyblr2+fkeUNsASsh11LcP+nFQ5oFPNxbSPNXnbGbhqTtSO+0NZ0CES+XrCcGNA
4L3jLZvQ/yZJKqaMstSKYxHA0hxk06LuQBv0K2oIUxOiBZR2R0SvUBIQdSkQQ4rmFM4bpVJVSsDc
VtsociLV/oAOdbqbOr2gIun0/Or4OdRHVE91BdkQBuwOIyWdf6oiIUVj1D+Zisf9xsDn4OuxjLrl
vG/anuLvHkATqmRdQbii70y36I3aVEBvLppSJW/tERYCU1QraCerEpp49MK+V5N9N05RHLeNWcPv
+mwBj9B60zfaUh618UAYncyrok3vyfxcpoXaECBJfct+iMp79PyanZ+ywx/enZ8+Br2D2wMNMH8N
akPFpJDuwTmwh6tjLR9VfoA3lIPuCvD2H56/6uHr/m408i0hw8MxKhxIvboUId7KfodIp9F7oM/A
iwlPyiQhtPAtTTbGfZfGg0JInsbu5sw17a4oV1M/2FcyoLnar7pG7/IICCKtCrN6jaHWzJk+PUU0
KoXo8KixYA7kxXLboxS4LNtPxZN+1l0q18Y2QT+0IaaEe5yXHUaPROU6HUxAZL1oMbdjdKStEFA/
PlNyhsVvKVWPFhPjhVStdyQVsEgm6Pv0WyJypVVvZ2RaOLyb9BX7iGjLPsRAxvdJrdSvNgCbhHz6
EJXmw2TyGiDFjPfmDsT2i/Hvlhpnb4cnomu8IM0mjVXOQH446BQMrumisRSWmERhhoxV6qSXbWqj
rSZtHFwImUnqFJR5E9YsvQUU2CdTJMo4sL6sy3W7UnEMUHC2UtBGQQ68v2lVSiZiDZRGT5oxiEax
dn7ajPjCMI2aV9CYOjbdsqm3nPoyh9bsKAngGcxmj4BMaJUHRQ7bWltdTj9Wpg5ea55SNwvJBFo9
ZUVVWdHvwMht9Avme5qj04ZjI0Jqg5BLwoQZFyMXlAS6wcARvZE316UO7jtSc62GVaWgLQsIGSJ0
PAQ99EwDf8y6N7QNDLvD+hrBKKdDPDDUVbLtzBXoba5ImVZ5Xk3TkiiGULfJsTkEV25xn1U0A+mY
pvR3NnwnFijM8eWylku9paj3H9U2C/6w83afP6IPYs3F6QX+/MfQSUHVBxi+1lJ1IJx+f4oYGyJ8
YIDGpqNNf8jTW8l3FV5IUsr5SKigUPVdGxNUQnhvgHLZKN+c4N68HO/lTSA5VCsObiExstdIQ1+X
QsZIZA29h4FxscBkqL72uUtlDr6zN6ivcIySbQc1ONQ2FFv7EKYBkpbV9x7HR1pVfI3V2qb5kEF0
NkagOB+tHhMGahHDOCKkTU+9qN/gng4I9Jcxhl5yn8/3OpkoTSoPGO0laRgAvtXy7HeNVnpQhbh6
20no6ICb8NCsxVQGpckWEB6Sd7U6ccFo02+lqMgL8HR06vMt1GS80X0alNYcbz7pNyyAgEatq3mv
NPUNbBT39ObsR6pcoGid0CbfTwiUWrAheY9PgogNrKRrCvC4jaKCF1qVbB/MoxSfqX1sqGOg9huv
fQOtuggYk6/wEg3qESCiG7imyqkDxjl78er4Wg1iqyFxZ+3v+kbGxAvvgaNCTpz7OK3bCQXdv+tK
T521jDctlBNjogPR6j1F3mmry0BZYsPU7xe7uo+7fadWb09pKKgAHEhHgk7Bml5ORn/CAyagyvpH
LyiaECqavwOE6mI9cjMaMai+HBV+par95T3EtkY3ueIW26SGGjoIbur3taqQo3nIL5ACLZjKFMpV
FJcEHyqjehuO8fh1X6l4Tnk5qPiEDivptG4BVcujF3XKTqVgtstse+54c89k78+fM9u0LZzQn6g9
kRBh4T0v2/jJztEmU6dp+FEhN9D3nlihBZlsd/DOp2EHh3WzkFYwCMYOI+tV2koDT+CwdCVk0E/p
6u2JbeLIkuNuQiyf0Js69NuO6VW4f4vnPP17dVdpDHGKDRZY9OYJkbY10G2+e0I8U22MJfcT9SuK
eqiXZTyagifuT07PXhy/e3U94onOCTVKyhbouvp9p5p9EuDQqGKnKQe//h/hM1/Q
===END CRASH DUMP===
