PocketMine-MP Crash Dump Tue Dec 14 20:10:56 WIB 2021

Error: Call to a member function getSkinData() on null
File: plugins/FarmingCrystal/src/hachkingtohach1/FarmingCrystal/task/Update
Line: 79
Type: Error

THIS CRASH WAS CAUSED BY A PLUGIN
BAD PLUGIN: FarmingCrystal v1.0.0

Code:
[70]                         new DoubleTag("", 0),
[71]                         new DoubleTag("", 0),
[72]                         new DoubleTag("", 0)
[73]                     ]),
[74]                     new ListTag("Rotation", [
[75]                         new FloatTag("", 90),
[76]                         new FloatTag("", 90)
[77]                     ]),
[78]                     new CompoundTag("Skin", [
[79]                         new StringTag("Data", $skin->getSkinData()),
[80]                         new StringTag("Name", "Crystal"),
[81]                     ]),
[82] 			    ]);
[83]                 $entity = new Crystal($level, $nbt);
[84] 			    $entity->setScale(1);
[85] 			    $entity->spawnToAll();
[86] 				$this->plugin->register[$entity->getId()] = [$data["Y"], $data["DISTANCE"]];
[87] 			}
[88] 			$this->createEntity = false;
[89] 		}

Backtrace:
#0 pmsrc/src/pocketmine/scheduler/TaskHandler(137): hachkingtohach1\FarmingCrystal\task\Update->onRun(integer 1)
#1 pmsrc/src/pocketmine/scheduler/TaskScheduler(179): pocketmine\scheduler\TaskHandler->run(integer 1)
#2 pmsrc/src/pocketmine/plugin/PluginManager(654): pocketmine\scheduler\TaskScheduler->mainThreadHeartbeat(integer 1)
#3 pmsrc/src/pocketmine/Server(2389): pocketmine\plugin\PluginManager->tickSchedulers(integer 1)
#4 pmsrc/src/pocketmine/Server(2152): pocketmine\Server->tick()
#5 pmsrc/src/pocketmine/Server(1992): pocketmine\Server->tickProcessor()
#6 pmsrc/src/pocketmine/Server(1586): pocketmine\Server->start()
#7 pmsrc/src/pocketmine/PocketMine(330): pocketmine\Server->__construct(object BaseClassLoader, object pocketmine\utils\MainLogger, string[12] D:\FoxCraft\, string[20] D:\FoxCraft\plugins\)
#8 pmsrc/src/pocketmine/PocketMine(360): pocketmine\server()
#9 pmsrc(11): require(string[67] phar://D:/FoxCraft/PocketMine-MP.phar/src/pocketmine/PocketMine.php)

PocketMine-MP version: 3.26.1 [Protocol 475]
Git commit: 6b7d0307afb36a7faca2dd65734e15000baf17ba
uname -a: Windows NT DESKTOP-BVRHES0 10.0 build 19042 (Windows 10) AMD64
PHP Version: 8.0.13
Zend version: 4.0.13
OS: WINNT, win
Composer libraries: 
- adhocore/json-comment 1.1.2@fc2f76979f0a44a5f5bc2a2b600d0762fe0e78e7
- daverandom/callback-validator unknown@unknown
- pocketmine/binaryutils 0.1.13@0abee38d4e2861621f262c79a2a3d699d8a697f4
- pocketmine/callback-validator 1.0.3@64787469766bcaa7e5885242e85c23c25e8c55a2
- pocketmine/classloader 0.1.3@3c484a27787f7732ce842ed694928a29ba340961
- pocketmine/log 0.2.1@830b44a2cf96ef703c550abe64302f230231ca49
- pocketmine/log-pthreads 0.1.4@01620c3628cdaa6b4a21122cff4c5d2f70b5c1d3
- pocketmine/math 0.2.6@43057cb8c179a9859677b496a788db922fd5cfc3
- pocketmine/nbt 0.2.18@9f82ca4d7f97fcd9a566e44b63c4f18a7657ae82
- pocketmine/pocketmine-mp 3.26.1@6b7d0307afb36a7faca2dd65734e15000baf17ba
- pocketmine/raklib 0.12.12@5abe22043352e94099e4edfcef5fb3644578ddc1
- pocketmine/snooze 0.1.6@92abf1e988c71635d466abb777f61f89e5a9c990
- pocketmine/spl 0.4.2@6b08b7cf8c4afa17139c9a1b3bf1b408531de161

Loaded plugins:
DevTools 1.14.2 by PocketMine Team for API(s) 3.13.0
FarmingCrystal 1.0.0 by hachkingtohach1 for API(s) 3.0.0, 3.14.0, 3.14.1, 3.14.2, 3.19.0, 3.20.0

----------------------REPORT THE DATA BELOW THIS LINE-----------------------

===BEGIN CRASH DUMP===
eNrtWntv28aW/yoDpUDthSiLpEQ9CgdObefGuEnsjZ1Nd6MgGJJDiTVf5cOye5Hvvr9zZihRsuNu
7+4F9o+2aC3O47zf5D96UV6msv56p8oqzrPefNTv1XGqenPbc2ej6WQ09gYT155MJ/1eU5itwXg2
cpzhdOJ5M3fijL1+L5FVfV6Wedmb/6NXPxQ41tPP/V6qqkouaeVUJomocyFFqlJflSJqsqAGYrFU
9fVtnJ3JWh4cCixkTZLgboQ/r+OELp/NF4vX+f1pKaN6sSiSZhlnFZZkmcbZ8rR8qGqZLBZVGSwW
KxmsAG5Z5/TLfnyqltXtYvGxCGWtBsWqIFQajQF8tHvjCGCP9qDuHyGYRxokwCVxBnCTGQRaygA/
P/deDEWREiD6r8iDW1XjvjqqgpUKm0SVRzcA8UZmIX4f2O7kcC7+FCfWyzz70GQHcVarJcRrH4KQ
F/b/BOt1+3RgT2bAuz0IkbZ7i0WHQOtl+QiV8zQqLdOjK/7zTmawhvLAG4+ex7MhyXqZyji7WZVK
hm+ULGtfyXoPs/s05mtVwrYPHHe6z5SmabHYIcp6WcfBFnG1h2T0PBJ77Owh0Tsa6gGDGD8Lwp7N
ngNxVeYBnCkvNSzveVjjqfcdWLCcstYwJk/DuOKf7/DzwHWH3wHz9WuQZ1VdNkF9kPu/qqAWP8tK
nSIYVG9zGaqyL8x693pTxwkc9x10+jZfLukUgMCmP9vOF7Hr5pstZ7i/tYkAzMf0j/nw9vmotKD4
/kzfP7BtHCrVb01cqgOD25t8EcVKlvOjo7P5UUtBB7b17mpAB76PnWLMYe/Lt35P/Sui5L8mdIFa
DfJrnN3lyZ1KVVYDTwjZBHWv3cXKLjjsBHmoiMnJELviO/9kai3O8sZP1I1cHix6i15fDA/7uD6x
/7lrzp++Rrfc79z6ooGOvrNNAN/GVa3BfchrSUoisJ/p2vgPaHmd5LLekjIzLHh/+hrdmjzPwvQZ
Fk7ztMibLNQwyb42LMz+gJZr9g99kYySLv5QAYL1csdUmYjp8E9Aey9TRdAWvTbR9TQQ+1lGp2QA
i5r+1Ys/0eJT+v0BphzXD+JYy0AjOfghUXcqAROZX+u7ox2A5hYiKNgLZKIObH1s/J1jhVxnN/mr
JDnQ57zNuUX9Q72KK+uldiJkU7WEMany8+Y2ZHgRHhx+AZGff4Bvys+L3n8uel9An3k6u7i+efX+
9ByLXxj+ZAP/Gz1ON48GWYAcWqvzlvdIJpXiizNz8lvv218Vy18Vy18Vy18VC1cs/d5SZapEUkc2
zyT1f70dMCDFhwi3LWTPHTjewKb1Jk7C3twZuna/F1dfQ3XXm3PIQelQ5nUe5AA7moyBJKbCwvMn
4dAdTmTku56cRDKQThh644k7UvZ4OBz6MrInvgTsxtDyKc7CfF2J9zfi7Pz67zeXV9bP//Hhzfn1
UNjDwVAwDcKeDUeOOGgP28ND8erdmTeiGgbN37w3HQwHtovH31UGknuj9hnbX/OKEF28f3+DBX5Y
o+qhIgeZEyr5msR+KctYVSQkGa7AWKmOfq3yzMIZUzXZA3vgnESBE0282WQWDeVoJMfR2A8c6fje
cBgOJ54TqaGaTNUE4EMJmSJy5ekRUk3iy+DWupNJjLhJFSREcJvl6+zE/CVit4r040yWD2y4OApm
wM7JUPpKudNwpJypZ3uOHTmeE0xm0pFu6M1m4VSCtGi0C+pJ5DYE5J54o8l0MsIdz/MDKSdqPJ2O
nZGjpuPAcQNnrKbBeCydPYDkbgm7m6HNPXGD0XQknQngRZOJ6wRqCjAgajRzptKZ+dIdDWeevQsp
yZcMwRnYJ1N36EOiThDNPBVNhi4wE8PeyB06kYP/uXYgR7NHEKyi5kDdCmp0MoRshoHrOdMglNLz
AdW2HUCORsE4hAKH/jiwQ3cXVCrrlaHGOwHS8STwpwGSk5xNxzNvMvFHM1j1dBr6M8eJwnEQBXsg
UHa0/ExPZtHUAcHhJIJOgnAmx56nRiPfg6wieyoncAyppnvC3f600mLjjSd/wrU6wEp5C9vWcgFN
zskYAnWc4ch1x46aQSMzNVJhFKhoTIBHo/FkGobBnpqqLM9/V0a83snMkX5kq9l0Gkxszx2HI8+T
vj+ZTCLPjqYzNZazYDYb7gEpEoYwghd5/nDqT4JoGoxkJO2J7eKCtH0XcP3RcDp27VDZsJZvmx6G
ffNM3d3keVJ1gtlmqd/bhjB4C9BgSTb1Ki8rqoW2UU/cKJlSaJRFTDsufGswpAWVSfQXCCBIMQhy
oSoQTug29qo8qs+6C1QidAhYLDqkkHdgD9Xdh5uPFGPXyq/imghe1XVRIbAjZK4af4AA04naRxsY
YHyvK9vy/Khd63KOqLnL+F5Bt8O4PuySuDY/7PaHo3/MzJYz/OeF9IdF5SOWjASvLq9vPl1+eHv2
pAzXsg5W1SquB2ul/OSBpamNRpaQFcrxPd23iZMY0dl4gFRWqLLm8N97cbV5QmeVRfFSUHe+KBfZ
i2tZizMViJGwJ/PRbO664tPFz8IZOjbtJzJbNqjpjlW2pOc0r8PjHcxC1zG0qXFbRV7Wx/bMdh1a
XIMTZSVoI47zKGIY8t4qEvkAPo6dIa0swVaK7vyYn6K8DJS1WTO3wF9IKax9Lu6KY3S2+BXGURQH
TVI/HDNGXRwgJVjoiGoooDpmVqiNssjajqvbBz8BE9vlSqmwc4rmIMdn569ffXx7Q6vaPKzfGlU+
GKwwxtyqkA7N812s1lYINmUWqOMpLd37+b1FRtteyTI0teBNc2/BamKlJxiVOcLNmUWFiOLxyrHt
dfCXqBRb/un3oEDSWudlePxv/M+OCu48VoLbuR8XWNSIduLY4CGlOPZCUDUpAjaRpuTRAVuKgErE
jtZhOeJmpSolWhkLWSpRr5TIM5hZvYJdBcRwLXwl4ixImlCF+CEeWSjBus5T3IwIwD7MSkYKFTB2
yopACh+J8VY85E1pYIk4EjCVOIoZA6yEZkHJAwF+j066BXcUqkjCTiqxzrMfayGLAn2QIE0iT8ZU
UzwQhdSWar7XK5WJpliWMgSAwSIjCWtg80UmxItPK0WE0WisQoAQNCbT9S5kgEKpStBQhnqbSYXZ
oUUXkGeiapYXKtA4UGhRqR+klZQgaydo3W+uu2LaqFZNjYIxs8xwbi4WPe2CIkhQ+YWLHlOG/j5f
C/I7ECNMvhF3sRT/TlZMZ9icLbM1FxT6+Oo5W4u5I0CXIMcT0BiEQtD8B2FESeeNcW22O8S++BRD
IHkGucowREdQafGTWKkVE6mSVVOyCwgI3VdENISD1kHywHEZ3+EsqrxGiQODFNHpkKBrjHALRfZu
QezUB82xzbjfNzyphFW9qh6ygJphKL68hR0N+MBHSItNu+WUjq3KHF4K7eF41acLqNVNSIE/9AVV
2GCEchPLBhGc1tImgwXREQ38mtULnmBlZX4fw8IUxACW2HKzDXEkW0PQRUS2ynNW2GRfxPWPNHYt
+VqoKCawyexdFgfgoYHfOCwWZsMynM4Z1L6tSjaOsskyUmdIMS8vWAncm1QD5IQ781uk8XIFZy5l
tep3nc8YDkmkLJui1qtaYCSYFLQZvli5cEpuPELtEPIuj0OQ/TQFZCNkczkEDesadAwNhy19aGNp
SCpIFuWDdsq/JbkP66G8LfQ6/CCNa/LtVC2l/1BD4uJai3rIwo0rgs3Xb0hr65glzxYFp11bGlBr
ZBVzGKG9xQ8B6jOGFZVKtSi1kUNbDbmpWOZQVE5uSlZBiJZMpsWkzcWQuAB2DsG6+P9/zwEVQs/R
Tzn7f0d/VecFk2DC54YkA64SCB+UBRH3WoIIa0uVPXRGhjAOAp/YKwx91Y//BxSyXzBJFDFE0CD5
ZEg+Qt2roOHgm2uStUdSstqcVvcBCo9qy5EOXJc353Nx8+biWry9eHdxI15dXb29OL8WV+cfBArH
v59/6AscEjeXOHUuPr25fHsurj5cnp5fXw/2Q8COPJyxZ8Rxpco454RMgbgiBoOV4pDM0tgEWxuy
R0kQcmzhIxZCodJhlkGhpgSfCNCwJuL3e8amjQwFISXAjI4ZZAxZA0Ho3QZynZEYxyXlEMrzfGHw
+DTZgqniobZCBVQOaMkSuVqv+u6GB5iXKqotq+7Q8FodPk2S4dw1nC9l6cMzrCBPEl2vcQB6Wrrs
akSOuSXMLcTuVGYNFx9dSlCYNbDBw36bE/aNsDVDnV6jCLA0v+nWBQfiUsd8bfCoHvImCTe0xEgi
60xs6a804ILJB6MeunDNK7C95mDxKEmy6WgIG96iMk/bZKtvmxNW1zS7GiZujCYf2YZ4wqR2rOO6
LRhJZSUwkRkaQw6btNDVlS7hhNmwaKPV1xkdMheYdiaz5QBPSPNwdvmEgJG0kfiA4Q5GVlWNosBQ
r6C1ZVttUtAibFuq+q0idY1gisqBpoaOfldO1D0Fqya7rVraT2VBq3HapMixSK+laPsQUqTQ3Yam
YitX8hcjSvaYxzaGYrswFDFCi6rgBkl3tNHYWa639m2aaiOKehq+Pty6kIZlDnY548rBCtAVqQ1v
ZyCFaxWUjyQ9UKcLDA2lkNSTCH1Hc7jlDteMPDU/LWY6vK12SYAJtQEG7vOgnrPDRZapmhQ2NykC
pdkqT3SJ6VNXz5U4k4yqCSZkkgzHNt35mF2dWny1KTZ1envR1VK7RWG1fKgJeF9YdkeBrDxGbNUt
MSYFcNTe1rHc9VIJGWrOqZfhQp8uY9GQNRBvUAvClo65uBOnVx/7uAsafPjXOg5h9lwr6Oi5gW8x
/Lnw2rJ7W5FXLJ3O2YF4FSJQrWQSHaGV1G1CqGDDBhWQChqkkIF1HHGb9jrAuq3I+T1FNSoxZTIQ
RMTHq+yqLba3DSD1EkTUGmmTLjZFVljmea+7eWe8rop/Vxt9UlneqrGihGdKJpTt2jw6qXU0c/Sl
w4G4MncSWS75gjSdqLEFxhiVckksQCcQW1UkXLFQe5mCeHJ2WZKeTpOYpgrcL9N7GFXV4t3NR6a0
AkvEtt/UgvpzVuUWnW4uBm2sSevGoltzprbbH6osKB8K7euRoMFAQG90Nmyi/6XBzEBwllpJKgJE
nEI2NekO2uAv/RCm+kwLlHbHRK9IEoi6HIiRoiWH80qrVJcSOFsbGyVOlJ4PmFBnuqmzSy6Szi6u
X/2M+ojrqSZjG6KA3VCkpDAZ6iIhJmM0H5WE3X5jy+fW10PlN8t527S9FDY1a6ZkXSFc8b4wLXql
hwrkzVmV6+RtPMImYJpqDe10laOJJy9sezXVduMcxeklu6jkXZstaALVzpNor9PGgzCeZuqizcxk
fs3jTA8EWFI/il/8/J48vxQXZ+Lgl48XZ4fQO9weNOD8GmojxcRI93AO6uHK0MhHlx/whnyruwze
/svPb1v4pr/rrPzIyGgMx4UDq9eUIsxb3k6ITBrtDNGiiNFiL44erPsmDrcKacd43eHMDU9XtKvp
j0q1DPis8aumMlMe/RUCe7y5Y+k7c30+9AmNTiEmPBoslANlttz0KBldS/ZTcb89tTMofHIgpoX7
Ks0bih6RznUmmEBkrWgpt1N05FEI1E+/OTnj8gdO1Z3LzHimdOvtKw3MVxH5Pg8d2ZVWrZ2xafEs
cifpa/YJ0YZ9xEAh90kt9Ct2YFPIp09ROXyaTFnSZz9CtuYOYtvL9HdDjbs34eFxLvlZFYc6ZxA/
EjqFwVWN35XCkpIoTqhQp05+2KQ2HjUZ45BBoBLFnYI2b8aaxLdAQX0yR6JEgvVlma/rlY5jQCHF
SkPrBDl4f1XrlMzEWiSNljRrKxrN2sVZ1eGLwjRpXkMT+g3shk0zcmrLHL6zoyTAs4QjXoBMtMpb
RW7HWhtdDh4r0wSvtYy5m0UyQaunrajIiyZp3cY8UL7nMyZtuA4h5DaIuGRMlHEpcqEkMA0Gj9P1
IG9uSh2aO3JzrZd1pWAsC4RsI3S4DXrkmRZ96Le3tAkMu8vFCjV5lHdyOuKBpd/EbE6uoLe5JmVQ
pGkxiHOmGKHuIaXmsKKv7CpwWG1JpzRl9sV2n1ngMCeXy1ItzUjRzB/1mIU+dLrd54/pQ6y5PLuk
DysskxR0fUDha610ByL52zHCWDHhWwZ4bdAZ+iNPbyTf8JdPWjmPhAqF6n1jTKiE6CMCzmWdfHNK
s3nVneX1kRyKlYRbKIrsJdHQ1qXIGJEq0XtYFBczSoZ6t81dOnPIndmgeSfYSbYNanDUNhxb2xBm
ALKW9X6L45FWG/O1/VatdZxuM4jJxgSUzpPVU8IgLVIYJ4Q89DSX2gH3YIvA7HQxtJJ7Pt+bZKI1
qT2gM0syMAC+NvJsp0Yrs6hDXLnpJEx0oCE8mrWQy6A42gBCPwZG9BsXijbtKEVHXsAz0anNt6jJ
ZGX6NJTWMi2S9okKINBodDVvlab3YKM005uLz1y5oGjt85DvCwHlFmybvLtvgpgNqqRLDvA0Rmlf
8/F85Kk8yvGZ28eKOwZuv6GfGLSaIqBLvsbLNOifgt4KUq7SOXWLcS5ev311oxep1VA0WfvJVyGC
021/PLsHR5nqu/dhXNZ9Dro/mUpPv2vpDi20E1Oig2jNTFE2xuoSKCt4EPrzsKZs427bqZWbtzQc
VAAH6Sjgt2BVKyerfcMDE9Bl/YvXHE0YFZ/fAcJ1sVn52lmxuL7sFH65rv3VPWJbZZrc4JbapIob
OgQ3P07oo04u5Pgc8QtS0ILpTKFdRXPJ8FEZlZtw3Ov31D3qfK776VuBU5Qr3S+j/MB84LJZobdr
WSjLnbU8/RrmNeLdzqr52H270JRJ95m/PO88R3FSqx3Ay3TnOy20ODu0xHCuu+4CfX3VfU59/a5w
Zw2OzqfouxT6WoFbFAi1e6gIduXwQUVm7NJdrTjWV7tLqJ/S7sr11dsd9A/Vbwl/bmZ+ic1Wnd+q
DCl9RwT394Zr/pwLCw+S3yU79L0QfbsWF/rbldlgTI/6053NdTzep7tSz4k8Zzh0bduhD6Ouzi53
WA/zr0za/iKW4l2FIQ5kVbVz8DomT//l3Q7PexTgkQYKe3ymybqM9/Tf+UhrZD47uVrt2R7VUPzJ
m8NCclkq8VJ/C6e/hRp4JAndZJhDBIq7ztwsOFpYaE0SbZYk792vkb5ucXX26Q0p1Tg7dhs+Unm8
YyUsSre7hMav4TC+bLQttvD/i+q0yyuem20vfPv23+iOuQM=
===END CRASH DUMP===
