PocketMine-MP Crash Dump Tue Dec 28 10:10:08 WIB 2021

Error: Call to undefined method hachkingtohach1\MyItem\entity\Throww::getLevel()
File: plugins/MyItem/src/hachkingtohach1/MyItem/entity/Throww
Line: 63
Type: Error

THIS CRASH WAS CAUSED BY A PLUGIN
BAD PLUGIN: MyItem

Code:
[54]     }
[55] 	
[56] 	public function onUpdate(int $currentTick):bool{
[57] 		if($this->getOwningEntity() == null or !($this->getOwningEntity() instanceof Player)) return false;
[58] 		$this->setScale(1);			
[59] 		$this->setNametagVisible(true);
[60]         $this->setNameTagAlwaysVisible(true);
[61] 		$this->setImmobile(true);
[62] 		$this->setInvisible(true);
[63] 		$this->getLevel()->broadcastLevelSoundEvent($this->asVector3(), LevelSoundEventPacket::SOUND_THROW);					
[64] 		$x = $this->getOwningEntity()->x - $this->x;
[65] 		$y = $this->getOwningEntity()->y - $this->y;
[66] 		$z = $this->getOwningEntity()->z - $this->z;
[67] 		$this->yaw = rad2deg(atan2(-$x, $z));
[68] 		$this->pitch = rad2deg(-atan2($y, sqrt($x * $x + $z * $z)));
[69] 		$this->y += 0.01;
[70] 		$this->setMotion($this->getMotion()->multiply(0.75));			
[71]         $this->boundingBox->offset($this->motion->x, $this->motion->y, $this->motion->z);
[72] 		foreach(Math::getEntitiesRadius(1.5, $this) as $entity){
[73] 			if(!($entity instanceof Projectile) 					

Backtrace:
#0 pmsrc/src/world/World(859): hachkingtohach1\MyItem\entity\Throww->onUpdate(integer 1777)
#1 pmsrc/src/world/World(785): pocketmine\world\World->actuallyDoTick(integer 1777)
#2 pmsrc/src/world/WorldManager(360): pocketmine\world\World->doTick(integer 1777)
#3 pmsrc/src/Server(1760): pocketmine\world\WorldManager->tick(integer 1777)
#4 pmsrc/src/Server(1642): pocketmine\Server->tick()
#5 pmsrc/src/Server(1034): pocketmine\Server->tickProcessor()
#6 pmsrc/src/PocketMine(301): pocketmine\Server->__construct(object BaseClassLoader#2, object pocketmine\utils\MainLogger#3, string[12] D:\FoxCraft\, string[20] D:\FoxCraft\plugins\)
#7 pmsrc/src/PocketMine(324): pocketmine\server()
#8 pmsrc(11): require(string[56] phar://D:/FoxCraft/PocketMine-MP.phar/src/PocketMine.php)

PocketMine-MP version: 4.0.0 [Protocol 475]
Git commit: 468faa464b2bc5c97f23fafbb71ea61035f6f218
uname -a: Windows NT DESKTOP-BVRHES0 10.0 build 19042 (Windows 10) AMD64
PHP Version: 8.0.13
Zend version: 4.0.13
OS: WINNT, win
Composer libraries: 
- adhocore/json-comment 1.1.2@fc2f76979f0a44a5f5bc2a2b600d0762fe0e78e7
- brick/math 0.9.3@ca57d18f028f84f777b2168cd1911b0dee2343ae
- daverandom/callback-validator unknown@unknown
- fgrosse/phpasn1 v2.3.0@20299033c35f4300eb656e7e8e88cf52d1d6694e
- netresearch/jsonmapper v4.0.0@8bbc021a8edb2e4a7ea2f8ad4fa9ec9dce2fcb8d
- pocketmine/bedrock-data 1.5.0+bedrock-1.18.0@482c679aa5ed0b81c088c2b1ff0b8110a94c8a6c
- pocketmine/bedrock-protocol 7.0.0+bedrock-1.18.0@040a883a4abb8c9b93114d5278cb5fecc635da82
- pocketmine/binaryutils 0.2.2@f883e1cf9099ed6a757a10a2f75b3333eeb2cdf9
- pocketmine/callback-validator 1.0.3@64787469766bcaa7e5885242e85c23c25e8c55a2
- pocketmine/classloader 0.2.0@49ea303993efdfb39cd302e2156d50aa78209e78
- pocketmine/color 0.2.0@09be6ea6d76f2e33d6813c39d29c22c46c17e1d2
- pocketmine/errorhandler 0.3.0@ec742b209e8056bbe855069c4eff94c9734ea19b
- pocketmine/locale-data 2.0.20@a6e4eb22587e0014f6d658732cf633262723f8d3
- pocketmine/log 0.4.0@e6c912c0f9055c81d23108ec2d179b96f404c043
- pocketmine/log-pthreads 0.4.0@61f709e8cf36bcc24e4efe02acded680a1ce23cd
- pocketmine/math 0.4.0@6d64e2555bd2e95ed024574f75d1cefc135c89fc
- pocketmine/nbt 0.3.0@98c4a04b55a915e18f83d3b0c9beb24a71abcd31
- pocketmine/pocketmine-mp 4.0.0@468faa464b2bc5c97f23fafbb71ea61035f6f218
- pocketmine/raklib 0.14.2@e3a861187470e1facc6625040128f447ebbcbaec
- pocketmine/raklib-ipc 0.1.1@922a6444b0c6c7daaa5aa5a832107e1ec4738aed
- pocketmine/snooze 0.3.1@0ac8fc2a781c419a1f64ebca4d5835028f59e29b
- ramsey/collection 1.2.2@cccc74ee5e328031b15640b51056ee8d3bb66c0a
- ramsey/uuid 4.2.3@fc9bb7fb5388691fd7373cd44dcb4d63bbcf24df
- rhumsaa/uuid unknown@unknown
- symfony/polyfill-ctype v1.23.0@46cd95797e9df938fdd2b03693b5fca5e64b01ce
- symfony/polyfill-php80 v1.23.1@1100343ed1a92e3a38f9ae122fc0eb21602547be
- symfony/polyfill-php81 v1.23.0@e66119f3de95efc359483f810c4c3e6436279436
- webmozart/assert 1.10.0@6964c76c7804814a842473e0c8fd15bab0f18e25
- webmozart/path-util 2.3.0@d939f7edc24c9a1bb9c0dee5cb05d8e859490725

Loaded plugins:
Alerts 1.0.0 by hachkingtohach1 for API(s) 4.0.0
BuilderTools 1.3.0-beta2 by CzechPMDevs, VixikHD for API(s) 4.0.0
DevTools 1.15.0 by PocketMine Team for API(s) 4.0.0
EconomyAPI 5.7.3-PM4 by onebone for API(s) 4.0.0
ExtendedBlocksConverter 1.0.0 by JavierLeon9966 for API(s) 4.0.0
FCCore 1.0.1 by hachkingtohach1 for API(s) 4.0.0
KeepInventory 1.0.0 by NhanAZ, KhoaGamingVN for API(s) 4.0.0
MaxEnchants 1.2.2 by Xenophilicy for API(s) 4.0.0
MultiWorld 1.7.0-beta3 by CzechPMDevs, VixikCZ, fuyutsuki, kaliiks for API(s) 4.0.0
MyItem 1.4.9 by hachkingtohach1 for API(s) 4.0.0
Netherite 2.0 by Wertzui123 for API(s) 4.0.0
PlayerStats 3.1.9_BETA by hachkingtohach1 for API(s) 4.0.0
PureEntities 2.0.0 by LeinneSW for API(s) 4.0.0
PurePerms 1.4.4 by Vecnavium , 64FF00 & ProjectInfinity for API(s) 4.0.0
ShopGUI 1.0.0 by hachkingtohach1 for API(s) 4.0.0

----------------------REPORT THE DATA BELOW THIS LINE-----------------------

===BEGIN CRASH DUMP===
eNrtO2lz20aWf6VXTm2kHYLCfTCllG1JnmhjWVpLjlMzTLkajQaJEQ4Ghyh6Kv9933vdIAFKdpwd
785+GFdiE328fvfVwN8P0qouePvhXtZNVpUHM3dy0GaFPJhZvmv6vmWa4dTzPTv0JwfdSk857jSy
fNMzI8uM3CiYHOS8ac/ruqoPZn8/aDcrWHWgnicHhWwavsCRU57nrK1YVyYyzUqZsEK2yyphSy6W
d1m5aCv8Zc3nl5uLVhbzuSzbrN3M57fLulqvZ7OFbF/Le5kfHgHgtMvzV1mOkM9m8/mr6uG05mk7
n6/ybpGVzQ5MU4v5/AsPma6WKwSuAGtQx2rtMQA63oPTTykoxwoIAMiBwIOZ7wBDay7g518Pnpls
VSAI/H9d1Xly/B7/Pgy96Gj2pVwwvq/Kd6uEt/IwK1u5kDWzgiBAjjyzPnFAEHpwwKoSd7ItALH5
nGbnc5o2vuei7UA4m7PqNhN3j+HaT8O95CVItj50fPOz4JNPgHUGYG9kDVp4aAWfhaVPNL5vnwTo
PgHQd+09gGpGw6B93hP7TMf9zL7ruhKg2FWtAPgDANe05RK2HDqm9QkYHz6IqmzauhPtYRX/TYqW
veSNPAVLal5XPJH1M3vC9MwQQNdmOao2z8rX1QKof+ZMGAACxfmrZf/CxqawnbLN/amtlRABwScI
sPeZ0Cj20KZQbTq0kMpa/tpltTzUB3r+L2y15PXs+PhsdtwfO4BtXF5PccHekWh/Rwe//DY5kP/n
DuVr2Twgr4B8yMr7Kr+XBawEyAnwR7QH/SyMKEAwIqpEIq2eC6MM/vwGg54HD3Pc4Pn0a9XFeSZY
2pWiBX/Nhp6AfSO6uoaD0NaOZnFV5X/HnQHtnLdZevhNu8wa43sg+mpdAjnnhP/hETs5YSV4U1bV
7N8+vQqY0vJSyCpl1znfyProCKTednXJUp438js8LtTHaSiNbG8Ez+WhdfQdDitqokeL3nAQHV/8
lDVZDKvBMOQRwvNNzQ/8M15+yxcv8jXfNI83WY/gXxRFFWejRfbjReX9I1DOeNVOYYzv4xoMVUDo
o5GbCtTw/B4E0HOQNz+BuKvaOTyasL011xwVfja7uXr35uzD7Q9vr973DNJM8t3+5Ad2wj4lFOP7
B2b0sw+Esdfv23x232a3b0P7/H7fx8/u+7jb95H2BWMObfga9tc8sRO5OOSgMfah8c3DhH3z8Uix
dE9FVlkrloMthtrzzQac1681cPOB/QeDv/4EEPAXgFFw9rRow/50wsypaeFkYD6S7mWFNjNQbz0A
NBVd3marfHNoTgPvaKCpgfVY/WIUIrDkZfUAsThNAXQPtCCIIIgJ2xvZPBr5SEQEvRZCJibBtxxe
8nZJfok4nsnmLU+yrjm0pp4GccR4w75RvucITTzodZSMHAxYzY3sta4wkoABHLGBlv32r+zkX9nJ
v7KTP5yd9BG8wZD9Ipd1S79KjvVRPzA52JZVB9YUHBOM8A7yk7pBe9szKATKVxnOuLQYnmXJIRgl
BzMMR5ODRK5kmeBmmGuqtD0bDhScMopHdqqw6f/FLAUECAuvr25u31+9fX0GQ2sZN1mLuC/bdtUA
V9YcnHKzzNrpWso430xFVRyjv3jZZTnI/xbSiyHNo+Ex5c7UNGII7vaY/tOPUiyvL8/kPW74KXvI
7n44+1pcEAh8VSQAfD6PFW4t4jaf72H6RdxYZO2yi4kHA7SPR6CANzC4z5ft0JgnlrevDjsdY7eS
F1+LEf358/kAE03zze2Lt7fvrn+P4h1mx1sYQOw5uIiq2Ly4vhiQOxgcEuxNg6ljXF+6Y5qrUsbw
/9eiVYODkKSwAJjz+QijzwqbiHpoAaxMXuZAdHNalUBDK+shhZ9Y8TvW/p/8PpP1a1mVUQSZ1lei
eAwViH0aOeWQ/7Dgx9CPP0U5sO3V6SmkLwMu6YF9plj/HBeosOn//RKjB0aA78hyUW+mzaaVzbSU
7XHCm2Vc8TohT/ijlCuoGCD/qerNgPbx+O/oxZslL1/8BcZ+XFb8zxyi2OKnN1+LEQr4fD7CaF8Z
vtjzaVSB8kv+cF4KeByFveHomGp7uuf7f5ZltVpmUMtuvhatA5BI4RaV0cOXuIBLrAUonRvSthsc
kxbo4Ob8bnA7/Qv1LDdd23R3Gfy+43mW3TX/KyGPChqdmo5w/0fC3QAQ8km1LgY86nsZQ/640+if
Y/N9ebLF6qvY/BvZLmVNe7Z078aGpNv7lv4evOXHLrNs52vRvIM4n2+R+B+b9w7a8Y4iIFm1em5a
PjL24eiQbGdqTaMPL89vX/xzxD7Aa/TwD+e9110t+5J8yIfh8J789zXgtczKUt68/1rE5wQPaiXA
QWocgOgxRn8s5PcoHo+gaPKvZV3s067G9m1+L8/7SYoScomuYBPmu69emSb7974lcVGmWZm1Xy0O
fFAHKD4QdoOfX+L/b5bV6s/vhkltP/L/pKDT6Gx/fB3fhj1rXmMXVu4XJH0tTBRgEog8IEVQWd9B
iKkdRsBYFLxdDkew91smsHc4VhUfkqoFDEajus2/G+jqfPiMTaXhc5rllJrvRhbFavi4BPKGzxmU
AvfDgb81JMvtcxGr9sBorILCEVfBM6Ux2FMDgpLhopUY8+GtTHNJLfrhaEMcbcZDCZjFcOTm+vXo
+E3za17iYfoX20611Z0ss49jFjw8aKoRXUy3N7zIyR3Z9PgxW6kCNJp6+Jhn8XA7PD4UY65XiJ5t
mo5l2RjLr8+uRqQn1QdCbX8QhrKxwCpQ7qYZLbzJilUuf74c0byHATzWEntOe4NrjFCjwVW7xJXI
YVfb5/VyT/eWXXlHXSqbmOQQV7JFnJUcs3gIYPbUR05gvz6J9SIEBbazais9YCtmJSBopZbIb1y1
60Z92J01mMdLpqxMq5HeJo9Eno20hFjpDIdqCeaBdrjolC728P8C5saurgX4igHz0bqXK30unihL
WfN86MyH5o6mzBu5ey9gy0/qpRzMbNOxgW3NB/AqBzO6/YET6qqtRAVQ3cCDMzK0b9cPU85d343t
WHgiClLbSXkax4EluW+Zjpf6qW2FALvTqLzPyqRaN+zNLTs7v/nx9uraePnT2x/Ob0xmARaMcGBW
ZLo2O+wXW+YRe3F55mPowSv8Aa8+SjIgd6smy9WHCmXy/uLNm1tUTHxYU9YEvmlVNbL+AMKtea2D
PU+WQFgtj9FjGLBGX+hZ6BOep8JOAz8KotTkrsu91IuFze3YN83EDHw7laYMQhkg++pM3B1rJ2lO
o6nzXHAvSKwwNe0wDd00CILYtvxQJFZkWbGZSGk7rsMleUAQCHgfCNTgV/OYizvjHqoI8Ix4UwoM
vCurdflc/4vatqirppHHQDJvSrzMuLdRnZ/bph1FpuMI4L/rmKaMfc+XgQxlGIrUsxMr8f3IxVPB
T9eykbwWS6K/4KsV2d09KcXzMI6FaVs8lElsS5cHkttpyBM35ZEUUSKknYo4TEbGcRzLpIYnA3Dn
xElvav6pHwS+gvSeu6Et/CDi3JOJGYeWMAE5O7bSFJ8sk0euCLkvnoa8U8eDABHdh266Jg9Dh7s8
jkMRxRF4ODfx7CAUsZdKIXzHS3ho70EnR7GzahsVAMBIS6SRGUUy8XngBRywA63wYgf+QCZpiySN
xpCeFCHmFc5z3w3CwAWV8v1YcOCoF4ae7doy9ITtCNuTofA8voeawPZ8XmlXiagBCyPJHdOJIkem
SRo7kUgc05a25fmJZwLo0DYj0M49SFVe7WCYUSx9MNYkAEuVjpP4oQWKEyV2JGxbuL6wAmkle9jQ
9T1U3Umu0UG1kyJw7RiPDE3Pj2MgyDP9SLgyTUGYUeC4kltRPAaVV5hG9KqCmbVtPue+dIGvthcG
0jQtN/UTH347tkh9x7F9OwBHEybOPqgFIeMiMr6ILFuYIDfPEyFQ4FhmKAUofwDq4Keu6QrTfQzB
GAQaBcq30gCJEqkDEhO2C7iB2dtcJKAQocktsAJH7NnA1g8QiMR3pe15XpzYMkKNt10vAIfgJbA5
FZYDOEbpnrKXcbtlbhQKl5tuDJoRWZ4EnxI6iROboNvAKDBMi8cgfmsMYffToPRJGfUfcNsDWDW/
UwkFeFoXDEM6PPQtC3Q5MKWVcrAp3/bA8Cxwdq4bSHAdMZfiKShGthJ9HvM8sm3uu64LxPgiSDi4
BPwvdGzLBN2Twg2ckMs9/jZlVX2UfZx/bnIRgq8GnbeEa0XcSoHjYF9g9KHjof/1ImmT8kEi3MgN
2sEuj6M+1nMBfwJXSk86dghJUQyW5JqxZ4E+Swn6Fse+L0y+A9J1mQo/4HkhVkTAwzT2nDD0IytN
AicAvXDdRMRu4sNukdpukuL2ZVc0nPf7Hzv3ZlOkVbkBCeYbSCtyo0+h7wFVh4QoksgLokBG4H2c
ME0SOzYdP3LAwUHckSBeE5TrKVgQMUJzC8t6Du7WhDgkE4tH4AQ4QIu4tGzw7RA8IGKZtucG8Sdh
WQO8pA9KEaVOgnqeQgiK3BBs1TKFKxxAygHjjeBvVcYU1Udet8fg22Stgy5qqB/5rghAG0LTDS2X
h64NSiBNkHFieTGPzdQKwaBGQFZgcQY6b/IjiEsSOVEayARsVoBKxHEkMOZ6Ija9BKIh4BaZAYCh
CmmrW9MNJanPGHZbGBQWabboak5v5WCKx9KqZqOcal4+Y7dLCKSskW0LVUbDeC1Zu5SsKmUDP3jL
BC/LqmWxZFkp8g6cB/xg6lZzCgENAi9V+QDrpipgZ4oA9mE2PJUTVmETp0GQLAZvdcc2VVdrWCxL
WQG1R5rRCZDb4JtJ+QYBv5HrLTioGlPe5W3D1lX5bcsw9POaQdVbgfPKMIThewYM30tQdK+XsmTd
alFzfEdiOi/nZQ9sNi8Ze/Z+Sd0lfG+rwVwV3+FSZRfwALKbBhPqRE0Tqsr747tJuWyJX1jKCslU
cMGRAiEDx4U0co4p8ULO1DtJONEsuxZyxNLQb47N2PxA3XQzkUOyl8wPCLMXeV6tWZ41iC3TN7zs
PuPsvzpZb3DNr/jD0FMzhmU8bT2nwl7vYYAXw3SRgcSAKQgt3jDNSlyv+gDGdnqA7LP3Gb6IVQJf
eZIwyLwU+5GteLXPCsmbrqZXyhgwPZaINDBH/tpxehtukd3DWkgqOskO9aHMNo8QujpRGrVcQV1r
ANvxkn4G03T2m66IgSugVS+aTSlueXMHgq/vQI+mtOAdcItUu6cUly3rqqw6kB4sbyaM2s5MVRho
DxOGSTUQgqUE8QbsEceKrgQNwiUK+A2JF2gCLaurhww0TAIbgCTS3HKLHPJWI3SRoq7iGtTJCcva
b/GdwJq2JbLFFxRQZfY2s0OgoQO7sYktRIahKZ0RqH1d5aQcdVfi21CogcD3FQmBypFmys7kvf7N
imyxBGOuoRSfDI1PKw5ypK67VatGFcOQMQXgpuki4YJRUq2RKIPg91WWANpPY4A6gjoHCT++wzYd
KBosNtSirabNy0LCcRtllH/Oqxi0B3tQTI2DHRRZi7ZdyAWPqWfEbhSrTWJu1iBs2n6LUltnxHnS
KDDataEA9UrWEIVpBiiCR5J4G4Vg0lrK/kil5CCtDs2ULSoQVIVmilqBBy0ITYNQmzETqYDTyQWr
jOz/PQXY1Psc/kuo5v8x/Ju2WhEK2n1uUdLgGgbuY4XRNNkihKf2WFmQd2rEyAm8J6vQ+DXffgUM
yS4IJfQYTL+2CpYuH6ToyPlWCmVlkRistqvlg5AyaXYUKcd1dXs+Y7c/XNyw1xeXF7fsxfX164vz
G3Z9/pa9v3r74/nbCYNF7PYKVp2z9z9cvT5n12+vTs9vbqb7LmDED9vzNTuuZZ1VFJDRETdIoFhK
csnEja2ztYD3kBIk5FtoiQGuUCo3S6BOqxLoBAcN2oT0fkrZlJKtlxhZgSfogtQygqyAgOvdOXIV
keiMK4whGOdpw/TxatQF3ZEGsa2kwHRAcRbRVXJVe7c0gHrJVbMj1TE1rc3R0yhpyh1N+YLXMViG
scusyQE9zV0yNURH72J6F/jugpf0TuAIE0jMOtDBo0kfE/aVsFdDFV5TKPJbRW+xM8Epu1I+Xyk8
ZA9VlydbXDIIIuuS7fBvFOAVoQ+E+qapaYXTXpGzeBQkSXUUhC1taV0VfbBVu/UKY6iaQwkjNVqS
j3SDPaFSI+246RNGFFkNJ6EaakVOumKlsiuVwjE9YeBEL68zXKQ3EO6EZk8BvqO6lmDs/AkGQ9CG
wAcn3IOSNU0n0TG0S5Daos820WnhaTusJr0gVY6gk8qpwgaXfpJPBX8wqBfb9Lif8hWOZkVXQIyF
8FojcHpZFgUJcRovDhUWO76ivWhWksU81jFItlcaIzrQqOnl3RlztxI7q9TUvk6r1/l7+Gpxb0IK
ll44pIwyB4N6vVvazgAVylUgfUTuAXYqwVBQVvTiOVN7FIU76mCb5qeipz8ZF++yXWRgjmWAhvt5
UJ/Tw3lZyhYFNtMhAlKzZZWrFDPGq1jKxAllyJpAhXSQId+mKh89q0JLLLfJpgpvz4ZS6qfQrdab
FoFPmGENBEjCo4ONtkdGhwDy2rs8lu4HMIVMFOVYy1Cij5thUKM1ZT9ALgi6dELJHTu9fjeBvYBD
DPa1zhJQe8oVlPfcwjcI/oz5fdq9y8gb4s5g7ZS9SMBRLXmeHkMpqcqERIIO66PgUIZ9QVSwgSHu
wt4A2LAUOX9Ar4YpJs+nDJF4d11e98n2rgDEWgKRWkPYxI3dqlwZ+nmvurnUVtdkH+VWnpiW92Js
MODplAnSdqUeg9DqRrbadDRl13pPzusFbeC6EtW6QCemNV8gCSATYFuzyiljwfKyAOTR2HmNcjrN
M1il6mV8W1g2Lbu8fUeYNkASkh13LcP6nES5O04VF9Pe1xRtZ+CuGWE7rA9lSZdIZOspw8aAwPeO
t2RC/ZummZgyilJLjkkAywrgTYuyA2nQB5vgpiaECwjtnpBeIifA65IjhhDNyZ03SqQqlYC1rdZR
pESq/oB2dbqaOruiJOns4ubFS8iPKJ/qStIhdNj4nVVN958qSchQGfUnTsmw3tjRubP1RMbdYtYX
bd8zC4s1nbIuwV3RPNMleqOaCmjNZVOp4K0twkJgCmsF7XRZQRGPVtjXarKvxsmLY9uYNfy+jxbw
E0pvmqOW8qCMB8ToZl4lbbon87cqK1VDgDj1Lfs5rh7Q8mt2ccYOf353cXYEcsePWNa4fg1iQ8Fk
EO7BOLCGqxPNH5V+gDVUO9mVYO0/v3zdw9f13WDkWzoML8cocSDx6lSEaKv6DpEOow+An4EvJpxU
aUrHwlyWboyHLkt2AiF+GuPmzC11V5SpqW+DFQ9orbarrtFdHgFOpFVuVu8x1J4Z07eneIwKIdo9
6lMwBvJysa1RStyW74fiSb/qPpNrYxugn2qIKea+KKoOvUeqYp12JsCynrUY29E7UisExI+/KTjD
ZvWdzWAzEV5KVXrHUgGLJX6oA26E02dRpKMKOqkWDo+DviIfD9qSDz6Q8X1UV+qTDTgNPwN6Ckvz
aTR5jd8jMd6rOyDbb8Z/t9g4ex2emF7jxY+EskTFDKSHg0xB4ZouHnJhgUEUVshEhU562IY2ajVp
5eBCyFxSpaDUm07Nszs4Autk8kQ5B9IXdbVul8qPwRGcLRW0gZMD629aFZIJWQO50aNm7FijSLs4
awZ0oZtGyStoTF2bbsnULac+zaE9IyEBPIPZ7BmgCaXyTpC7ttZWltPHwtTOa80zqmYhmECpp7Ro
Va26vDcb/YDxntbosOHYeCCVQUglnYQRFz0XpAS6wMAR3cib6VQH+45UXKthlSlozQJEdh462Tk9
tEwDPz/dG9o6hvGwfo1gENPBHxjqVbLtyiXIbaZQma6KYjXNKsIYXN2mwOIQTLnFPqtodqhjmNLz
bDdPJJCb44tFLRe6paj7j6rNgt+w3e3TR/iBr7k6u8LPfwwdFFR+gO5rLVUFwsHI13RiQ4jvCKCx
6aDpD3F6y/mOvnJTwnnEVBComtfKBJkQvjdAsWwQb06xNy+HvbwJBIfVkoNZSPTsNeLQ56UQMVJZ
Q+1hoF8sMRiq2T52qcjBR71B/QrHINh2kINDbkO+tXdhGiBJWc33ZzySqqJrKNY2K3YRREdjBIrr
6fPsRl2HoBvHA6npqTf1De7p7gA9Mzyh59zn470OJkqSygIGvSQNA8C3mp9912ipB5WLq7eVhPYO
2ISHYi2hNChLt4Dwkryr1Y0Lepu+laI8L8DT3qmPt5CT8UbXaZBac3zzST9hAgQ4alnNeqGpOdBR
7OnN2F8pc4GkdUJNvl8QKJVgu+A9vAkiMjCTrsnBYxtFOS/UKtk+GUfJP1P52FDFQOW3+jhW6iRg
iL46l3BQPwEimoFrqpi6O3HGXr1+casGsdSQ2Fn7Tr+RMfGiB6ColBPnIcnqdkJO9zud6am7lmHT
QhkxBjpgre4p8k5rXQ7CEhumvl7s6t7v9pVavb2lIacCcCAcCboFa3o+Gf0ND6iASuufvSJvQkfR
+hEQyov1yIfBiEH55SDxq1TuLx/AtzW6yBV3WCY1VNCBc4uzHL/dpUSO1iG99CVvriKFMhVFJcGH
zKjeumO8ft0XKt5TXu9EfEqXlXRbN4es5dmrOmNnUjDbZbY9c7yZZ7L3Fy+ZbdoWLuhv1E4keFh4
Lqo2ORldbTJ1m4aT6nADbe/EiiyIZOPBe5+GHRzWxUK2gkFQdhhZL7NWGngDh6krHQb1lM7eTmwT
RxYcuwmJPKEndem3HdO7sH+L9zz98+p+pU9IMiywQKM3J4TaVkG38e6EaKbcGFPuE/UVRb3Ll2Uy
WII37idn569evHt9O6CJ7gn1kRQt0HT18yibPQlxaJCx05KD3/4bW/z7Hg==
===END CRASH DUMP===
