PocketMine-MP Crash Dump Tue Feb 15 19:27:50 WIB 2022

Error: pocketmine\item\enchantment\EnchantmentInstance::__construct(): Argument #1 ($enchantment) must be of type pocketmine\item\enchantment\Enchantment, pocketmine\item\enchantment\EnchantmentInstance given, called in C:\Users\tranthien\Desktop\FoxCraft\plugins\FCCore\src\hachkingtohach1\FCCore\FCCore.php on line 483
File: pmsrc/src/item/enchantment/EnchantmentInstance
Line: 43
Type: TypeError

A PLUGIN WAS INVOLVED IN THIS CRASH
BAD PLUGIN: FCCore

Code:
[34] 	/** @var int */
[35] 	private $level;
[36] 
[37] 	/**
[38] 	 * EnchantmentInstance constructor.
[39] 	 *
[40] 	 * @param Enchantment $enchantment Enchantment type
[41] 	 * @param int         $level Level of enchantment
[42] 	 */
[43] 	public function __construct(Enchantment $enchantment, int $level = 1){
[44] 		$this->enchantment = $enchantment;
[45] 		$this->level = $level;
[46] 	}
[47] 
[48] 	/**
[49] 	 * Returns the type of this enchantment.
[50] 	 */
[51] 	public function getType() : Enchantment{
[52] 		return $this->enchantment;
[53] 	}

Backtrace:
#0 plugins/FCCore/src/hachkingtohach1/FCCore/FCCore(483): pocketmine\item\enchantment\EnchantmentInstance->__construct(object pocketmine\item\enchantment\EnchantmentInstance#112208, integer 2)
#1 plugins/FCCore/src/hachkingtohach1/FCCore/FCCore(374): hachkingtohach1\FCCore\FCCore->enchant(object pocketmine\player\Player#112547, string[9] sharpness)
#2 plugins/FormAPI_dev-5.phar/src/jojoe77777/FormAPI/Form(46): hachkingtohach1\FCCore\FCCore->hachkingtohach1\FCCore\{closure}(object pocketmine\player\Player#112547, integer 12)
#3 pmsrc/src/player/Player(1985): jojoe77777\FormAPI\Form->handleResponse(object pocketmine\player\Player#112547, integer 12)
#4 pmsrc/src/network/mcpe/handler/InGamePacketHandler(892): pocketmine\player\Player->onFormSubmit(integer 1, integer 12)
#5 pmsrc/vendor/pocketmine/bedrock-protocol/src/ModalFormResponsePacket(46): pocketmine\network\mcpe\handler\InGamePacketHandler->handleModalFormResponse(object pocketmine\network\mcpe\protocol\ModalFormResponsePacket#113888)
#6 pmsrc/src/network/mcpe/NetworkSession(395): pocketmine\network\mcpe\protocol\ModalFormResponsePacket->handle(object CLADevs\VanillaX\network\InGamePacketHandlerX#131430)
#7 pmsrc/src/network/mcpe/NetworkSession(358): pocketmine\network\mcpe\NetworkSession->handleDataPacket(object pocketmine\network\mcpe\protocol\ModalFormResponsePacket#113888, string[6] e..12.)
#8 pmsrc/src/network/mcpe/raklib/RakLibInterface(192): pocketmine\network\mcpe\NetworkSession->handleEncoded(string[9] cKed64...)
#9 pmsrc/vendor/pocketmine/raklib-ipc/src/RakLibToUserThreadMessageReceiver(42): pocketmine\network\mcpe\raklib\RakLibInterface->onPacketReceive(integer 0, string[18] .2:.l.......".....)
#10 pmsrc/src/network/mcpe/raklib/RakLibInterface(122): raklib\server\ipc\RakLibToUserThreadMessageReceiver->handle(object pocketmine\network\mcpe\raklib\RakLibInterface#119185)
#11 pmsrc/vendor/pocketmine/snooze/src/SleeperHandler(123): pocketmine\network\mcpe\raklib\RakLibInterface->pocketmine\network\mcpe\raklib\{closure}()
#12 pmsrc/vendor/pocketmine/snooze/src/SleeperHandler(82): pocketmine\snooze\SleeperHandler->processNotifications()
#13 pmsrc/src/Server(1660): pocketmine\snooze\SleeperHandler->sleepUntil(double 1644928071.0041)
#14 pmsrc/src/Server(1046): pocketmine\Server->tickProcessor()
#15 pmsrc/src/PocketMine(304): pocketmine\Server->__construct(object BaseClassLoader#2, object pocketmine\utils\MainLogger#3, string[36] C:\Users\tranthien\Desktop\FoxCraft\, string[44] C:\Users\tranthien\Desktop\FoxCraft\plugins\)
#16 pmsrc/src/PocketMine(327): pocketmine\server()
#17 pmsrc(11): require(string[80] phar://C:/Users/tranthien/Desktop/FoxCraft/PocketMine-MP.phar/src/PocketMine.php)

PocketMine-MP version: 4.2.0 [Protocol 486]
Git commit: 44818e6d1456dcf1f0fd3cd27da1dfecbe03c08b
uname -a: Windows NT tranthien4-8sin 10.0 build 17763 (Windows Server 2016) AMD64
PHP Version: 8.0.13
Zend version: 4.0.13
OS: WINNT, win
Composer libraries: 
- adhocore/json-comment 1.1.2@fc2f76979f0a44a5f5bc2a2b600d0762fe0e78e7
- brick/math 0.9.3@ca57d18f028f84f777b2168cd1911b0dee2343ae
- daverandom/callback-validator unknown@unknown
- fgrosse/phpasn1 v2.4.0@eef488991d53e58e60c9554b09b1201ca5ba9296
- netresearch/jsonmapper v4.0.0@8bbc021a8edb2e4a7ea2f8ad4fa9ec9dce2fcb8d
- pocketmine/bedrock-data 1.6.0+bedrock-1.18.10@e98c511584a7bd58a95986374d2df4b04c6a2ba0
- pocketmine/bedrock-protocol 8.0.0+bedrock-1.18.10@017e57c8f8a74118bcbba7332e7ebac9e6c81693
- pocketmine/binaryutils 0.2.4@5ac7eea91afbad8dc498f5ce34ce6297d5e6ea9a
- pocketmine/callback-validator 1.0.3@64787469766bcaa7e5885242e85c23c25e8c55a2
- pocketmine/classloader 0.2.0@49ea303993efdfb39cd302e2156d50aa78209e78
- pocketmine/color 0.2.0@09be6ea6d76f2e33d6813c39d29c22c46c17e1d2
- pocketmine/errorhandler 0.6.0@dae214a04348b911e8219ebf125ff1c5589cc878
- pocketmine/locale-data 2.4.3@4d0b081f1a79407e087968ea76aaf330db6ea2b5
- pocketmine/log 0.4.0@e6c912c0f9055c81d23108ec2d179b96f404c043
- pocketmine/log-pthreads 0.4.0@61f709e8cf36bcc24e4efe02acded680a1ce23cd
- pocketmine/math 0.4.2@aacc3759a508a69dfa5bc4dfa770ab733c5c94bf
- pocketmine/nbt 0.3.2@3e0d9ef6b6c5fb45e3745a121296e75631b3eefe
- pocketmine/pocketmine-mp 4.2.0@44818e6d1456dcf1f0fd3cd27da1dfecbe03c08b
- pocketmine/raklib 0.14.3@4798576fec0364266dce23b368a7fec5e5de7927
- pocketmine/raklib-ipc 0.1.1@922a6444b0c6c7daaa5aa5a832107e1ec4738aed
- pocketmine/snooze 0.3.1@0ac8fc2a781c419a1f64ebca4d5835028f59e29b
- ramsey/collection 1.2.2@cccc74ee5e328031b15640b51056ee8d3bb66c0a
- ramsey/uuid 4.2.3@fc9bb7fb5388691fd7373cd44dcb4d63bbcf24df
- rhumsaa/uuid unknown@unknown
- symfony/polyfill-ctype v1.24.0@30885182c981ab175d4d034db0f6f469898070ab
- symfony/polyfill-php80 v1.24.0@57b712b08eddb97c762a8caa32c84e037892d2e9
- symfony/polyfill-php81 v1.24.0@5de4ba2d41b15f9bd0e19b2ab9674135813ec98f
- webmozart/assert 1.10.0@6964c76c7804814a842473e0c8fd15bab0f18e25
- webmozart/path-util 2.3.0@d939f7edc24c9a1bb9c0dee5cb05d8e859490725

Loaded plugins:
Alerts 1.0.0 by hachkingtohach1 for API(s) 4.0.0
AlwaysSpawn 2.2.5 by Philip Shilling for API(s) 4.0.0
AuctionHouse 2.0.0-BETA1 by Shock95x for API(s) 4.0.0
BlockGenerator 0.1.0_beta by BlockHorizons, Chris-Prime for API(s) 4.0.0, 3.0.0
BuilderTools 1.3.0-beta2 by CzechPMDevs, VixikHD for API(s) 4.0.0
CraftingTable 1.0.0 by hachkingtohach1 for API(s) 4.0.0
CropGrowth 2.0.1 by NhanAZ, kaidoMC, YTBJero for API(s) 4.0.0
CustomItemLoader 2.3.1 by alvin0319 for API(s) 4.0.0
DevTools 1.15.0 by PocketMine Team for API(s) 4.0.0
Dungeon 1.0.3 by hachkingtohach1 for API(s) 4.0.0
EconomyAPI 5.7.3-PM4 by onebone for API(s) 4.0.0
EconomyJob 2.0.6 by onebone for API(s) 4.0.0
EconomyLand 2.1.3 by onebone for API(s) 4.0.0
FCCore 1.0.1 by hachkingtohach1 for API(s) 4.0.0
FormAPI 1.4.0 by jojoe77777/DragonfireHD98 for API(s) 4.0.0
Gems 5.7.3-PM4 by onebone for API(s) 4.0.0
HealAndFeed 2.1.0 by Kylan1940 for API(s) 4.0.0
HealthTag 2.1.2 by Shelly7w7 for API(s) 4.0.0
InvCrashFix 0.0.1 by Muqsit for API(s) 4.0.0
InvSee 2.0.1 by BlockHorizons for API(s) 4.0.0
KeepInventory 1.0.0 by NhanAZ, KhoaGamingVN for API(s) 4.0.0
LaunchableTNT 1.0.1 by Vecnavium for API(s) 4.0.0
MaxEnchants 1.2.4 by Xenophilicy for API(s) 4.0.0
MultiWorld 1.7.0-beta3 by CzechPMDevs, VixikCZ, fuyutsuki, kaliiks for API(s) 4.0.0
MyItem 1.5.5 by hachkingtohach1 for API(s) 4.0.0
NPC 1.0.0 by hachkingtohach1 for API(s) 4.0.0
Napthe 0.0.2 by hachkingtohach1,tungstenvn for API(s) 4.0.0
Parties 2.0.1 by Didah (@Diduhless) for API(s) 4.0.0
PlayerStats 3.1.9_BETA by hachkingtohach1 for API(s) 4.0.0
PureChat 2.0.0 by Vecnavium, 64FF00 for API(s) 4.0.0
PureEntities 2.0.0 by LeinneSW for API(s) 4.0.0
PurePerms 1.4.5 by Vecnavium , 64FF00 & ProjectInfinity for API(s) 4.0.0
RedstoneCircuit 3.0.0 by tedo0627 for API(s) 4.0.0
ScoreBoard 1.0 by hachkingtohach1 for API(s) 4.0.0
ShopGUI 1.0.0 by hachkingtohach1 for API(s) 4.0.0
SimpleHome 1.1.0 by CzechPMDevs, VixikCZ for API(s) 4.0.0
Spyglass 1.0.1 by ItsRealNise for API(s) 4.0.0
VanillaHopper 2.0.1 by ColinHDev for API(s) 4.0.0
VanillaX 3.0.0 by CLADevs for API(s) 4.0.0
WorldProtect 2.3.11 by aliuly for API(s) 4.0.0
_NewAlias 1.4.0 by Javier Leon9966 for API(s) 4.0.0
libEasyUI 1.0.2 by GiantQuartz for API(s) 4.0.0

----------------------REPORT THE DATA BELOW THIS LINE-----------------------

===BEGIN CRASH DUMP===
eNrtXQtz3MaR/itzVOpM+bi7eD82JRdpkrIY68GIVKRL4FINgMEuTCywxoPkKuX/ft09AywAUiIl
MXGqTq7EXAwGPV+/uwcP/3MnKcoVr99firJKi3xnbu3t1OlK7Mx1x7J8w9Ncbeo7ruc7ezvNWp4y
3anm2Lrp6Zpuu64LpzJe1cdlWZQ783/u1Js1zNo5hz9ybG9nJaqKL3B0XUQXol6luQiCtBarIBB5
tOR5vRJ5HQTH24OTvKp5Hon5/P37qICDsonq3cdzdlAuGpzAHuls90+9yx+zVVPVLBSsSBiiYPdf
bY99PjK2SC9FvscinmUiZmnODudB8KYCYQZBXcLsZSryIDgS1UVdrIPgaXF9WPIEqK2zZpHmMO3p
4WFRwopVGQXBkkfLizRf1AX+0rdn5d/perlmRc4ywMgszwTBJk2WPU0zkuySl/PZ7HA+IwSzDsBM
rT9rl5+dEqsvgMzkxekUL5zB+jPketZjenYLz4gB11VrrvC6+14L1yF0sDITzKzkMDL/x84jjSlp
zCSbRG8kivaU/LMLzIMhfL7GJj/0bakIfxVR/QVkHum6YWjeHqi8FgtRMuMx8Abm+NmMmK4FjNyh
98kPCtBtiNcZ34gyCE7pLyKzLXePAYtA8B/+L6wC9a5zcEDCaGwxgusfnJ68j8XlxN4awa/Fr4Vw
8Z92Bv3dtZz7AP3ohH9GWVE1pfj9M3hopatL8Zpsa27yipm8YFf3PRvQbaGjqxF2+QNx5XEmXotq
DdoXX47B6mHIRX1VlBezVbQWM7lAOTvJf+IrccqR8DM5tuv5xshah4tNfihyhHnWhKu03u2WvLG6
rVaHqBMX5WxLcRaKuISjybos6iIqMgL4ooh5hoRbviUsqco+HMVJECArGIYIdxDcwkwryhu0b5Pp
iG4LLgg+ggykbnqeR7w6H5P0S3lwBhYNKWvX9O1Pc3Pnqi1LLQeHzw+OxCXE5r/xPM0y/q5H8haJ
vHukm7plaoTavS9q2/s06uH8FuIRr7lS4sOJuwsWzi9MTKe6MSVWvI+xUvKLLA1nr/nF8zQ8AQst
Ewjl4ITGl7AE4bWIRby7DVjRzyJ2rOlUwvA/avMSxyRdS4wSz3mB2e98WQoev5BVx2sRCUjU5a51
B0BJMAhGnKF7SoEpSp2Hap3odO8XNjXm02wq/wl26I9MC9rnStJAoC0aYOcSnRH4bKF9gsmxMX8+
u2AVvg7xlKDrH5V+lRfFB5nizjIh1qJsw51umF8o53tcs80jEqDxBQC9sR3IqUEwnAd4IKaCeF8W
dZqkEa/BbCu1bj8ZnZGGdnXH0e5JuMLjN3mdZrtx0YSZYF29rU81zdLlItYti2g3orc8M/mhTqOL
U4m4KBVMu0dhW/Xtmpr1ESK31Ec/8kocQoVfPS94DKnR2GO3GFcDzEDMfMHT/HmxAO94ZHbeYUJk
uXdp3F1lWb98QUEt+XY+wrfhjjUkxSqvUtF7V9fR/8RvTQolmkLjab+wry+xt8NYSD/e+eX3vR3x
rXH6Axqnr2xgQG8Syvs0vyyyS4HzgGCax2A0Ub3TnocxCQJGMNOhok0LRoN69v33bP+Sl1jmse9n
MMG06cS6TC95LdifMnEpsj/jCQdO4F+3vRIPPDpg37PbZNypviinONlXk+G3pbUX7q95yVf961nf
MAYnyDzhYn10MaJv/5GI2XP6NxhTjxZeaqhLkVfLlLxC+EsjljR5hPGV9W32Y7CoMG7XesL0x/9E
elKoQf0nsJ6q65no4ieDy1Gglj2c3dLaitxyaMbv+NOV0re8nvStVqDstaibMq9YvRTSe9CLgGqf
e1SBrfXYt/Vb2V+IGv1/9zGb94WPDNqGglzSeuwmnwjbNhXs37/12N967G899rce+1uP/a3H/tZj
f+uxv/XY33rs/5c9dtuKVdh7HYBx1PQr53g3sx3Y2+lugu6AfUw1GOFNvSzKCivoUdGFRPk6xTMW
TYZjkXOwsnhnDpoVezsxWGMe48VwriqS+qg/sOLUGt6o5SSa9i82nGAQMPH01dn521evnx/B0JUI
Kyii8fK6XlcgrSteR8tqmdbTKyHCbDONitUMO4CD7IpvqrM1v8oHLG9H+3wbU2NqD/k+XaZZumZn
8Ada38VD8b0mspWiGgScEFWIKAikD2x5Pzs/eH3+5nTAOTHXUM/0rGgq0eeuPzxkDxBPfjw+P9CH
TJ4twWR8+/rruNs5BrcuVhsoiXe2nFaKNvAocS0RFyh4iPKTakZmf8yAzk8iFyWv5XaRYnd0os+w
NgVLfh+Kmg/5pUueFWX6AeIQnDpcltBJnpZ4e38sgr0d82sUPVgqCIZgb6r6E/w3aQZTz4si63vv
YHjow4B7grwbQ+YPP4hoefoCy0848bf0Or14dvRQdh0h8fUqpto2lNhqxAasD5Hey68Xab1sQvLm
HuzZgBTIhsIh+NE5Au4JZzj+HxLhBqBGh/eRC4gFxJtmUbmZVptaVFMoY2Yxr5Zhwct4JgVSrH8q
i6t6OZBGNziOCqN48BLqu4O/w9gFT+PixSH8+t/zH/8iyuKhpCJXQO5bTDKtf4FhKLDIdVPVxeqk
FivlVj3ex6eGEjDHEuDZZZprpu4/FMMdQeB5hOXmyH3iATjCOBZ0Q0NL1+2xqW8rBHYu+OqheGzX
x+LpcuTnt+WwW5S5RTbraCCzTb4QRT+FtyNjpzb/GKdWcLofD+XIvZS65b032GffnrpTc3L6whqK
oMhFCP9/KNYVuSAQEgXQDIIBojtNV83+SxHeZAoHx9HJ+XqGRrXJfZn7tQg75iSy+zL3HNqwm9zR
6JA9fWyy/0b2MoDT8aew3cmgupuz5a27vTP0RP2P8cThbvFD+aHa6u1zrUaGbFvjUNvb6j4q+aLI
E+j3nh353kMJ4KMb0vd0xp/Eqp9D6PAPjCq4vvz3fcA/Ezw7yOOnQvSdrT86draRen5GH9B9S3so
RjqCQdCDcb/ipuWoXp7zxYgfOTbmxhj3cSLLNu6V+1DcVC1ByQ2BuD8vJ/klVLfV8ml63eOmPzps
1m7EjBfNb0DuoZhZEbUgSPPLCAEk6fXnNGCA+0yIISM4cEctPew1H4iVUVcpkXwOMz8LsYarRA5d
6KbH03D8jo6paxN+Xhb8J76CMPy3lw/dIQwQPUCT8Jw3eKMT8Jy/PO9xPhy/I5n9TUQ5v0ybByud
O4KgxD6Q0eF9VPuCX6vbyf243h8dMmdMR6H9ncgL2p+KNg/FXo8kqrCDMji4F3NNVqdvizLrx/ve
4JA1V+2AmHfugBz+nV4m2DR11Vyk1PlmaXpR/Uv2RVaI9wrxAv997F+zJ9IjhHLaYDfZl5EcGMrH
Hu92/ruKNImm/ftQRdrL08Mex3j0H7LlA1A+L3J9dD/7JV/Xy34SUgPjRGp8ktG9GrrUqhb5Zf6v
45mAtX/v49unvKxT0Q9a7cgdKfYojfmS7e7D32aZ0VMoD8RV3FIMgrXEEgRbUJ/rrh0+4pYeyzir
+SBM90f7XJtQ7Pnvcev+j7HgHq7BwVcb9GlTisMlr/syaIdu3Lv4WBLe23Gsp0+1zyviaZ1TUa6q
my3zzlNOdyeq07IA6u8g8hRNdXo8acd7Nzjey7VBLAr39te9rB7mHud1Ojb9/vAdgngu0jwXZ28f
SvsZ0QOTBwxCYZBM9RB93r5eC3E2oKLYl0oY8i7Hxs21/RELYHtMaoH9NwOV4Y3jE+i087R+sBJm
oGZC1/t5H0W/FnFVQ497mJZRk/YNfnxm6Pg31F2LuNAc48GavJZeEJQKSCSBBMFNZHeyeRYVpfgR
c3KPw97gKCX/MeFsi6f/+6uD2dmyWP/0pr9L1I78hxQiCk7346Eqr7N0tc7Es2LVL016g6MbEmP2
by/I/xWld0WYloAJZNDH9zWl99mKZ9mpeuS1RxUFs94s8LGWvljaoTt6zJO6ei149jKtHmyXrUcS
2Fc47r+fo55VfFas14Oba8PxO4q1wyJL82cgt4diqiPYPUwpgYwOv0THHdQt8+9u8v3uroCtHvZ8
MIZvPjvaQ3KnFqlHhCRZ41saW2YGwzfujt64PZo22ebh7o0itSCglngtIYyt8p51xosmLZNUZHHv
Kb1J+zR6DeXMbMWh8SlnA3ZBKu9fiquDLOV9T92O3bHJ/xcoQkTJnosi933HeSi5SLItVXwmCrCo
P19gzkNyM0nmd3ylJzzm1WaQt7Zj4yg16ix/Snle/7WBnujDQ7EtFw6CDsAdJo2vIuGLOAL0Orq9
3T4XR1CuoeGtqHgHPuU9rB0PAxRuD4XRiuPTEtuRiGcADa7tjxWr93FRQwIcjKoX17YDTZn1j2Ne
D84naVaLAeHFat0/XEJ27R+nUZFf9gd+rUgh3fEqlI8QDsaKsu4eg0K14YslMRVm20nraCiH1yLJ
BPU4/dGKJFoNh2JsvXojZ6fPB8tvqt8yvAna/mLdqbq4EHn6YSiC62vFNcLFeLPhq0w9lIeHH9K1
rB58agM+gIn2L4fD69VQ6gXCMzTN1HXDh4HTo1cD1uPiPUEbD8JQOlRYAVZaVYOJMs+/ezHgeYQA
DvHx6RGfq+yqTEf6X9f0oDVKuH3s7HQ5sr1lk1/QE7AGCUk+s5IuwjTnuIcPmcegW+X0BlccqklI
Ckq3dV2oAUMKKwZFS7PUVEG2jZjvt2v1zuMrg2meFAO7jW+oPB1YCYnS7A+VAtwD/XDRSFts6f8d
3I29Oo2gVO0JH717uVbr4or08FzWbxf77o6uzCux/aIPyNMg8vQ02s7c0GwTxFbhO0k784RnFcSl
9jWGnbnlObAGtmc7luXpnnBi3bKdOEr0REtiM4oNN+Z6nIgoFJoZaR4+FdC0STTN4+KqYi/PWffc
rjXxqjRnOmiVEQamu65jst12snwsmhma7jxmBy+OHNyPx8/M9IT2QZAnWZ29LNfvC1TO25OXdFuA
Dq4oY0KQWheVKN+Dlkteqn0FHi8L7HRmGDomMEe9sInluLGfREbiOr7rJxq3LG4ndhgZ3AgdTYs1
1zESoQnXEy7KsUyji5mKltrUn5r7EbfdWPcSzfASz0pc1w0N3fGiWPd1PdRiIQzTMrmgUAi8QhiC
fIRvv4Y8uphcQgEQy6c6QZIXeXGV76u/aHaLsqgqMQOWeZXjW4OXBqbgfSESy/N8X49tU9igKS3y
bdsKNT/UQZgAKuS+4aNLQMAuRSV4GS2J/xWXJezOJXnbvheGkWbo3BNxaAiLu4IbicdjK+G+iPw4
EkYShV488JLuhSjAzkmSzlT7n3YQ5OpNdUDpe5Gt67YHVMPY9rhv+55julZsxAmAtSIH5My120lv
DZNs4SZ5TXeF7UYgd+5auu6FURhy1zQN4QoQri+cyNMd3xyRp5ixdXAQ6L7NI1cI7us8CXnsxZHl
e4kdCdOKhGP4bmwLB07zIaVblUgPYu07luu5FhiV44QRB5nanmcbliE8OzLMyLAFSMamx1P7BLEn
ydTzewRN27d8wU3N9H1TJHESmn4Um5ohDB0c09aAtGdoPtjniFKRFVsaYBWI34ldJzGEacaOp5uR
6ceGHxlGZDkRSFKPR2jo3XT1rhqRAhXvxxyWtrhmmZYXgoULz9B9ESa6YSeJDjx5fhR5YzhZgRVF
ayxowua+FWuh5umJzl3f0lyhea7veIK7DueJaWpxCJCN0B5TWhAWcgIn8nUj0hJfs21QdWyYuuaJ
yIh11w99J7HAwgDpDQqTXsqRpBw9cUGMXpSYoLDIsIQlwO8NHsUCpKVxHdwAAuCQVBcIIM7ucx5F
pmv73NY87vhxAj4YWfDHdTUegllGduRbYTIkkYd1m5v2TaHFvkic0InsJLRsAZ5ic92ADO4I13ZM
PTTB8cWQQq/Yp0LKkmZz/wB+45UvmZdIR67v2WA0ItJMxzIcB6OBGZoOeBwM2sKOhesb7m1U8MWx
tqLZ9w2DO5YFPh85EWDg3Mb/eaahg+p1EVmu6XExkq98vafN+PsaB1+H0Ox6emTpPtcTxxLgXhaE
FtPGAGz7wvCRJyiJK7FBN9hWdHi719iP4B/XEgKka3hQHoXgSJYW2rpmO0J4sRmGjhNpfEukadJY
ydWEZOGHoZuEtul5jq8nsWu6IFfLiqPQih24OkoM0DpevmxWFeft9Teje7VZJUW+AQ1mGygwsklb
TF8CVLRKU4OooXtG5Hs6D3XXjsFpTCsOtQSM2/E9Hz/Sx8PbaEHK8LQeLdsNXd0AjxNxHPpuBImN
exCaTCPyLDAG1/ON2BD+x2jpfVqxsEJuxBZKL/HDWBO6HxocfA4CsWlDdIHM4SWyWVkVH6BFmkFo
E6XKuph3HN+xAEXkehrYqsU9ywAjEBroONYhfQGTYMGGPSCyBo+bYOxWzTkEJN/0E1fE4LMRmEQY
+hEmXTsKNTv2IN76lq+5QIZ6pc62phsqVx8xbLXxewlJumhKegWNYbHHkqJkg+oqyB+x8yVkUlaJ
Gp9arxgvBb34X+QCvwDAaxbxPC/oaxppHmVNLL9wIV+CmkJCg8xLdxSA1lmxUl8LuEGz4onYYwWc
KSskyUKIVhdsUzSlosXShK2gC4F+H1eA4gY/PJFtkDB07h25GZS6vMnqil0V+Xc1w9zPSwZNbAHB
K8UMtkGE9MkC4vtqKXLWrBclj4HANMiDvCU2D3LGHr1dCgTG6gJWgaoVSKg3yioq/CosrWN5mqDK
4M9AnpmoSV64pxoJJnMLjqyQMkg8EpOMY3G8EHNG9SmeqJZNDdViPlFfRJmzYEcVjkGj6boO/9aE
yS6WQaOLOEm7YTjy8wXL8BfX0/8KdoiFgywrrliWVshW+8I+u0w5+2sjyg3O+Q1/tLsnc4YtPF16
TE29uoYBAwwLSwaqBekhtXDDlMxxvtwDmHSne1w9eguuBaYDCuBxzKBGk3pC+eOrhmwlOL6JSR+x
AO2EAkGDFMVvDc9QvvQlFQbFRyPYrloUSunHSF2uKCalWEMrPAH94DuDczhNa79sViGID8zvoNrk
0TmvLhi+DgoGN6UJbyrQIfpAyylOW5ZFXjSgZphe7THas2KyKUHH2WNYfpfy/WOSDTgujq2aXL3e
KYmfkR0AT2COZXGdgikKEAOwRCaed+BQtgrQSYJGjXPQePdYWn8H4qtLuiwWuJdFtjW6mO0CDw04
mEFiITYmitM5kRobNSfjKJs8R3XG2FAWa1ICdTDVlB2JS/WbrdLFErweH6nb63upMhyUSFk261qO
SoGhYFb4ZRrJFykXvJe6klh6Dr8s0hhg344AbQRtDlqDFKxr2jM0/NiEnNRZWpCvBCy3kd77U1aE
YD24/8TkOPjBKq0xCKzEgod0l4OdSVFrJNy0otd18PJz1NpVSpIniwLvvppIQq2RVcQhPusLP5i4
pO/HFCwphWiXlEYO2mrQn9miAEUV6M9oFbjQgmBOCNqcacgFrE6xWpZu//Ec4Ibep/AveRl/Hf6q
LtYEQcXZDpIiVzEIH2tMu3EHCFdtUemaYSlgFATeklcofNV3D4CQ/EJ+GgcDTNRAlsohSzFxLaKG
gm8hIUuPxKzWzRbXkRBxteVIBq5X58dzdv7s5Iw9P3lxcs4OTk+fnxyfsdPj1+ztq9c/H7/eYzCJ
nb+CWcfs7bNXz4/Z6etXh8dnZ9NxCBjIw7AdJY5TUaYFZW4MxBUyGC0FhWSSRhdsdZA91A4xxRaa
MoFQKGSYJVKHRQ58QoAGa0J+P2Zs0siulpiC8WtVEILkNKIsiUDo3QZymZFojVeYQ7AgoAumN2cz
+h4R7UaD2tYiwrpBShbhSr3KazsewLzEutqyamqK1+rx7ZAU56bifMHLEDxjsi3BKQDdLl1yNYSj
rmLqKojdK543VKX0kUAF14ANPt5rc8LYCFszlOk1gV6llvyuti44Za9kzJcGD2VG0WRxhyWFJHKV
sy3+ShJeE3xg1NE0xSus9pSCxY0kSaYjKXS8JWWxapOtvFrNmPRNs69h5EZp8oZtsFtMamAdZ21l
iSorC3rpujXkuFmtZRkmaz2mTkzwRKuvI5ykLiDsBLPlAI4gzYOz81sEDEkbEh+scAlGVlWNwMBQ
L0Fri7YsxaCFq21R7bWKlDWCqj6nEg1O/aicVvx6Qtu3VYv9kK9xNF01K8ixkF5LJC4/kgaKZPJD
QRLFVq7oL0qU5DE3bQyq8rVCRAtOsFxuIOlancaOCnlqbNNYG2HUk/Tl5NaFJC01sc8ZVQ4T2h7u
eDsCKFSrQPmI0gN0ssCQVNb0SRUmr5EcbrmDy5Q8JT/tyjh5W+2iADPsFxTdT5P6lB0GufreyFyl
CCjNlkUmS8wQnymhSpwgV/hdJqaSDMU22SKpszK1hKIrNmV6e9TXUnsKw2q5qZH4HpvoPQWS8mjh
Sd2CUSmAova2jpVfh2uwHibOsemhQh8vhkEFa8qeQS0ItvSEijt2ePpmj+EDjzAxj6/SGMyeagUZ
PTv6E6I/Z05bdm8r8oqk05s7ZQcxBKolz5IZ9JyyTYgF2LBaChZluH+IBtZzxG3a6xHrtyLH1xjV
sMTk2ZQhiDen+WlbbG87RewlENQVPj0EFzbrfD1Rx6Pu5oXyuir9IDp9YlneqrHChKdKJijbpXn0
UqvlG/Kix1N2qq7JeLmgC7hqWZUt0IpJyRfIAugExFatM6pYsA/FZ1TQ2XmJejrMUpglG2v8CImo
avbi/A0hrYAlZDtsaoaNPKlyu5xsLqZtrFnVzQSvmhPafn8ocrrvRL6eMNxBiPBd945NaJSTJI2m
jLLUkmMRwNIVyKZG3YE26L/OAGFqj7CA0i4J9BIlAVGXAjGkaE7hvJIqlaUEzK2VjSInQm4kqFCn
uqmjV1QkHZ2cHfwI9RHVU01ONoQBu8FISbdMZZGQojGqj13G/X5jy+fW12MRNot527T9QN9Zq1XJ
uoRwReeZ6uUrufsgP1lZyOStPEJHYhK1pHa4LIqKdijaXk203ThFcdxeZhW/bLMF/MQHIOgTcHiu
18YDMLorL4s2tXnza5HmckOAJPUdexcW1+j5JTs5Yrvv3pwcPQa9g9sDBph/BWpDxeDzseAc2MOV
sZKPLD/AG4qt7nLw9nc/Pm/pq/6uN/IdLYb306hwIPWqUoR4K9qtJJVGrwHfBB9IeFIkCS0L59Jk
M7lu0nirEJLnZLiLc07bMNLV5H8IRMqAIr3yq6ZS20ERBJFahll1zUReM2fqhisuI1OICo9qFcyB
PF90PUqOl2XjVLzXzrpMxdWkS9C37ZxJ4R6sigajRyJznQomILJWtJjbMTrSVgioH39TcoaLX1Oq
7l1MjOdCtt6hkMRCkaDv02dpyJWWrZ2RaeHwMOlL9nGhjn2IgYyPoaqPXsFqAvLpbSi122HyEijF
jLfmDmDbi/Fvh8Yc7fCE+MIc+lmVxjJnID8cdAoGVzVhXwoLTKIwQ8QyddJBl9poq0kZB48ikQnq
FKR506pZegFLYJ9MkSjjwPqCvnEh4xgswdlSUusFOfD+qpYpmcBOUBottMlWNJK1k6OqxxeGadS8
pMbkDdaOTbXl1JY5dM1ASUBvwgz2CGDiA4GdIrfbWp0upzeVqYLXFU+pm4VkAq2etKJ1sW6y1m3U
AeZ7mqPShmnggtQGIZe0EmZcjFxQEqgGA0fURt5clTq470jNtRyWlYKyLPyoUheh423QQ8+c4McA
R0NdYBgOqycPejkd4sFEPlvVzVyC3uYSynS9Wq2naUGIIdRtVtgcgivXuM8aVVvomKbUebY9TyxQ
mOOLRSkWaktR7T/KbRb8qO3FmD/CB7Hm1dEr/KrYRCUFWR9g+LoSsgPh4ORXtGJFwLcM0Ni0d3cA
8nQn+WaNzzBJ5dwQKihUnlfGBJUQPmFAuayXbw5xE1/09/L2IDmslxzcQmBkLxFDW5dCxkhECb3H
BONijslQnm1zl8wcfLA3qJ766CXbBmpwqG0otrYhTBEkLcvz7Ro3tCr56qu1TlfbDKKyMRLF+Wj1
mDBQixjGcUHa9FQXtRvc0+0C6kx/hVZyn873KplITUoP6O0lKRpAvlbybHeNlmpQhriy6yRUdMBN
eGjWYiqD0qQjhDfTm1LemsFo026lyMgL9FR0avMtx6cLVZ8GpTXHh6XUERZAgFHpat4qTZ4DG8U9
vTn7B1UuULTu0SbfL0hUJuYuefdvGREbWEmXFOBxG6X9yhbtj9yWRyk+U/tYUcdA7Te+RrnOhCoC
+vDlujQufwJFdANLkzl1u+KcPX1+cC4HsdUQuLP2Z/Xoxp7tX9NLFXvmdZyW9R4F3T+rSk/ea+lv
WkgnxkQHolV7irxRVpeBsqINkx9TbMo27radWtndpaGgAnQgHUV0u6xq5TRp7/CACciy/tFTiia0
FM0fEKG6WI28741MqL7sFX6FrP3FNcS2SjW50QW2SRU1dBDcwhQalI0s5Gge8pviF7AzmSmkq0gu
iT5URmUXjvE+7VipeEPzdKviQ7qrSbf1AqhaHj0tU3YkImZYzDDmpj23Nfb25EdmaIaOE9pbb08E
RFg4XhV1/ES+q1viXUD6giU62xPd1yF1DQcvHRo2cVh1B+kaBsG6YeRqmdZigrfcsFYl6tBAqXLt
ia3hyILj9kEsntCRvB3YjamrcMMWb+y0x+vLtVohTrGjAhPePCFonUV2Ce4JMUnFMNbYW9baAlnE
vSl4L/7J0fHTgzfPz3s80Y1BtSSlB/RVdTwoX594ONQr0WnKzu//B7rQm6g=
===END CRASH DUMP===
