PocketMine-MP Crash Dump Tue Nov 30 22:23:59 WIB 2021

Error: Undefined variable $player
File: plugins/PlayerStats/src/hachkingtohach1/PlayerStats/task/Damage
Line: 25
Type: ErrorException

THIS CRASH WAS CAUSED BY A PLUGIN
BAD PLUGIN: PlayerStats v3.1.9_BETA

Code:
[16] 	private $entity;	
[17] 	
[18] 	public function __construct(PlayerStats $plugin, Player $player, DamageIndicator $entity){
[19]         $this->plugin = $plugin;
[20] 		$this->entity = $entity;
[21] 		$this->player = $player;
[22] 	}	
[23] 	
[24] 	public function onRun(int $currentTick){
[25]         if(isset($this->plugin->damageability[$player->getName()])){
[26] 			unset($this->plugin->damageability[$player->getName()]);
[27] 		}			
[28] 		$this->entity->close();
[29] 	}
[30] }	

Backtrace:
#0 plugins/PlayerStats/src/hachkingtohach1/PlayerStats/task/Damage(25): pocketmine\utils\Utils::errorExceptionHandler(integer 2, string[26] Undefined variable $player, string[79] D:\FoxCraft\plugins\PlayerStats\src\hachkingtohach1\PlayerStats\task\Damage.php, integer 25)
#1 pmsrc/src/pocketmine/scheduler/TaskHandler(137): hachkingtohach1\PlayerStats\task\Damage->onRun(integer 477)
#2 pmsrc/src/pocketmine/scheduler/TaskScheduler(179): pocketmine\scheduler\TaskHandler->run(integer 477)
#3 pmsrc/src/pocketmine/plugin/PluginManager(654): pocketmine\scheduler\TaskScheduler->mainThreadHeartbeat(integer 477)
#4 pmsrc/src/pocketmine/Server(2389): pocketmine\plugin\PluginManager->tickSchedulers(integer 477)
#5 pmsrc/src/pocketmine/Server(2152): pocketmine\Server->tick()
#6 pmsrc/src/pocketmine/Server(1992): pocketmine\Server->tickProcessor()
#7 pmsrc/src/pocketmine/Server(1586): pocketmine\Server->start()
#8 pmsrc/src/pocketmine/PocketMine(314): pocketmine\Server->__construct(object BaseClassLoader, object pocketmine\utils\MainLogger, string[12] D:\FoxCraft\, string[20] D:\FoxCraft\plugins\)
#9 pmsrc/src/pocketmine/PocketMine(344): pocketmine\server()
#10 pmsrc(11): require(string[67] phar://D:/FoxCraft/PocketMine-MP.phar/src/pocketmine/PocketMine.php)

PocketMine-MP version: 3.25.4 [Protocol 471]
Git commit: 7306a2d939105d8d91b4180de9aec42a31d9570f
uname -a: Windows NT DESKTOP-BVRHES0 10.0 build 19042 (Windows 10) AMD64
PHP Version: 8.0.13
Zend version: 4.0.13
OS: WINNT, win
Composer libraries: 
- adhocore/json-comment 1.1.2@fc2f76979f0a44a5f5bc2a2b600d0762fe0e78e7
- daverandom/callback-validator unknown@unknown
- pocketmine/binaryutils 0.1.13@0abee38d4e2861621f262c79a2a3d699d8a697f4
- pocketmine/callback-validator 1.0.3@64787469766bcaa7e5885242e85c23c25e8c55a2
- pocketmine/classloader 0.1.3@3c484a27787f7732ce842ed694928a29ba340961
- pocketmine/log 0.2.1@830b44a2cf96ef703c550abe64302f230231ca49
- pocketmine/log-pthreads 0.1.4@01620c3628cdaa6b4a21122cff4c5d2f70b5c1d3
- pocketmine/math 0.2.6@43057cb8c179a9859677b496a788db922fd5cfc3
- pocketmine/nbt 0.2.18@9f82ca4d7f97fcd9a566e44b63c4f18a7657ae82
- pocketmine/pocketmine-mp 3.25.4@7306a2d939105d8d91b4180de9aec42a31d9570f
- pocketmine/raklib 0.12.12@5abe22043352e94099e4edfcef5fb3644578ddc1
- pocketmine/snooze 0.1.6@92abf1e988c71635d466abb777f61f89e5a9c990
- pocketmine/spl 0.4.2@6b08b7cf8c4afa17139c9a1b3bf1b408531de161

Loaded plugins:
Alerts 1.0.0 by hachkingtohach1 for API(s) 3.0.0, 3.14.0, 3.14.1, 3.14.2, 3.19.3
CoinsAPI 1.0 by hachkingtohach1 for API(s) 3.0.0, 3.14.0, 3.14.1, 3.14.2, 3.19.0
CraftBook 1.0.0 by hachkingtohach1 for API(s) 3.19.3
DevTools 1.14.2 by PocketMine Team for API(s) 3.13.0
EconomyAPI 3.0.0-SNAPSHOT by onebone for API(s) 3.9.0
EnderSword 2.9 by hachkingtohach1 for API(s) 3.19.3
FormAPI 1.3.0 by jojoe77777 for API(s) 3.2.0
GiveItems 1.0.1 by hachkingtohach1 for API(s) 3.14.0
InvCrashFix 0.0.1 by  for API(s) 3.14.0
MaxEnchants 1.2.1 by Xenophilicy for API(s) 3.0.0
MinePos 1.3.5 by hachkingtohach1 for API(s) 3.0.0, 3.14.0, 3.14.1, 3.14.2, 3.19.3
MirrorNc 1.0.0 by hachkingtohach1 for API(s) 3.0.0, 3.14.0, 3.14.1, 3.14.2, 3.19.3
MultiWorld 1.6.0-beta5 by CzechPMDevs, VixikCZ, fuyutsuki, kaliiks for API(s) 3.20.0
MyItem 1.3 by hachkingtohach1 for API(s) 3.19.3
NoDeathScreen 1 by SilencedTick880 for API(s) 3.17.2
OffHand 2.1.3 by alvin0319 for API(s) 3.0.0
PiggyCustomEnchants 2.4.4 by DaPigGuy for API(s) 3.19.0
PlayerStats 3.1.9_BETA by hachkingtohach1 for API(s) 3.0.0, 3.14.0, 3.14.1, 3.14.2, 3.19.0, 3.20.0
PureEntitiesXDraz 0.6.7_DEV by milk0417, RevivalPMMP for API(s) 3.12.0
ScoreBoard 1.0 by hachkingtohach1 for API(s) 3.0.0, 3.14.0, 3.14.1, 3.14.2, 3.19.0
Shop 1.6.5_PRE by hachkingtohach1 for API(s) 3.19.0
SkyBlock 3.0.0 by GiantQuartz for API(s) 3.0.0
Slapper 1.6.1 by jojoe77777 for API(s) 3.19.0
TrumThe 1.0.0 by hachkingtohach1 for API(s) 3.19.3

----------------------REPORT THE DATA BELOW THIS LINE-----------------------

===BEGIN CRASH DUMP===
eNrtPAlv20bWf2WgLFBnIcoiqbtwEMd2GmPjWBs5TbFVYQzJocSa5LA8LCuL/PfvvTfDS1a8bu0P
2wVqwDE5x7vPIZl/d3yZRjy/vhVpFsi4Mxt0O3kQic7MHNkTazKc2NPeyByYfbPbKRI1ZY1606Fl
m+Z0ao0GQ/jtdkKe5WdpKtPO7N+dfJvAsg7dn925AvYB7G4nElnGVzj1KfaEH8TCY7c8DbgTCva3
JORbkcIyvwjDt0GI605ny+VbeXeScj9fLpOwWAVxtlzOaeki5zncZKm7XK65u74J4lUu8crcWZLz
7Ga5POURYO8l6wSRKAQa5GFj+SEAPNyB15pHaIcKGAAKgQ2QyRAEl3IXLn/uvOizJ8I9sIYvZyyR
7o3II0CwXBZ5EAInn/DPbCZaon3HYy8U6UEQ52IlUmZ1WZangOVna/QL+7asq2Xj6S/s/0nUXVZR
NXwJ4nphsiRCSeBvzeBh5q6FVwAXh1cAoeTItMcgh8djNF7J+GMRV5IYjMeE1HoM0kV5d2COpzvi
r1Yulw36jFfpHmT2fmRKpKBx/HPBYyA3PRgNBw9jqogyXkU8iK/WqeDeO8HT3BE8v4d7sB/3QqTg
4geWPdllTFGFIm2QZbzKA7dGnd1DM3wYjTm0dtCoGQX3gECMHgSBseUBEPNUuhBMZKpgjR+GNZyM
vgEry0GQCsZkP4w5XV7A5YFtDr4B5vralTH4UuHmB9L5Vbg5e8MzcQJRMXsvuYeupsf3+PQF6PW9
XK0aDmlauw5Zu3T/m75KfEz/Mx+DezanBKX8s68AHJgmrErFb0WQigONfDT+hSVrns4OD09nhyUJ
DeDGxbyHC76NHoPCy84vX7sd8Vz54rlDOdCmgF0H8a0Mb0Uk4hwweCAJN++UszDSgAXDrvQE8mOO
YGqZJ2lwy3OgFHYH+fb7JW41xzSHVxO1qnDCwGV+EbvINmvaUgM88otIu0wN1jFckX8ee4HLc5mW
6F7+G3FMAQfTP3/L10FmvFJw2FEJ8XtYZ/WJlmWu1ygQuEbTjmvM9hqFX8HBK1pj0ZqvxKBll6xa
g72sVrGa/c0t0hRQXYFvE+HWsEF44B8EWSbygxYHxiuPOOdOEAKJP2syjFcrkX/gkTh4+ctLBWuk
CV/mRfyHwBBrYw3lqwKFQ5N9UjNeuaHMYB/tmiqBwKWNMkbJfP2rVPirVPirVPirVPirVHhUqdDt
rEQsUh5ibo05tqCdFhigxQEZ1l1sx+5Zw94Ax4sg9CCn9y272wmya0/cdmY+DzMBWTyVuXQlgB2M
ob1dBZjjx3Z/xC1vak/N/tCbeFPTGZiTviemXLgDi9umNx2O+z7ALjQtn4PYk5uMfbhip2eLf1xd
zo03P358d7boM7Pf6zOigZnT/sBiB+Vis/+SHV+cjpBI7EhnnUmv3zNtuP0iYiC5MyjvYfpaZojo
/MOHKxigm00QU8kRJZBs0uswcFKI2SJDIXFvDYyl4vDXTMYGrNEFjNkze9Zr37X88Wg6nvp9Phjw
oT90XItbzqjf9/rjkeWLvhhPxBjAexxkCgFMRocuD0OHuzfGLQ8DDysNAFjEN7HcxK/1XyS2VqQT
xDzdkuXCUmAG2Hnd544Q9sQbCGsyMkeW6Vsjyx1POYjWG02n3oQDaf6gDWovchMEZL8eDcaT8QD2
jEaOy/lYDCeToTWwxGToWrZrDcXEHQ65tQMQ/S0kf9O02a9tdzAZcGsM8Pzx2LZcMQEwQNRgak24
NXW4PehPR2YbUihXBMHqma8ndt8BiVquPx0Jf9y3ATMyPBrYfcu34B/bdPlgeg+CkeQUrUtBDV73
QTZ91x5ZE9fjfOQAVNO0ALI/cIceKLDvDF3Ts9ugIp6vNTWj14B0OHadiQs5ik8nw+loPHYG0xEf
TyaeM7Us3xu6vrsDInbykp/J66k/sYBgb+yDTlxvyoejkRgMnBHIyjcnfDwajrmY7Ai3vjSipPLG
17/DtRrAUn4Dtq3kAjRZr4cgUMvqD2x7aIkpaGQqBsLzXeEPfcceDQbD8cTz3B01ZbGUX4QW7+j1
1OKOb4rpZOKOzZE99AajEXec8Xjsj0x/MhVDPnWn0/4OkCQkCAPwopHTnzhj15+4A+5zc2zasIGb
jg1wnUF/MgR2hAnW8rVqJ8g3jyFL5lkjlOmBbqcOX2jZiJoX+VqmGRaKO4UNRkWeBDhj68V2zxzU
F2Z5YamLac/GPSLGqg7CC2QgCIGeSCDYIAKYy6SfnzYHsIoAau7VVIri8i82TuBIGJQvF1efLz++
P4WhjXCyIEf+1nmeZJAFNjx319k6yHsbIZxw24O4dIjF8IkE0RzPzxsyqYZ2pPLcMuk/m0xKiuur
p8sFE+YbKW+agqnGnmAvz2oMFUWNy8ewDpxDMg5CN932sm0usl4s8kOPZ2tH8tQjCZyK2yspw6a3
VENt/rVSGwKoKwR2JXjUFoD9xzVfEgB9RE2K5nZxdfzx6tN8r5qhvFgXDim3Ju2wggHcnkFlKKNt
2xMag02OycCNxYfj+eLd5VWbcxkLB35bHD/B1DW45VIoUgDmctki60FdE2fQV6aLjUy9Jmf1YJMz
qzf9L1lyTVDz+rls+a1Mo7Zqy5G2Jdu7nvyr/FWKMf60WLf+uEZriNgbEBHVxWPU+UNwK85zETX9
sh7bDUzm71Dn4Bkj8gooCpAi1TY9hrHz+BZiWLZ+G9w1WGuONpnr32PuuXiJit+AquUyiG9dxOwH
d8ul6g4fw8YFvzuL3TWPW3VGc7StI2tXRz+JWCbrIAzc7b2k+gdZaoBEfVSktG4exRyEzblsMaZH
dv1o+OetoDTJ1cWTa4WLAI/5Prgtseih/6HKsqS5vnq6ZIowDz7LNGzmnsZgWzojyKqOyPmO7Zx8
Ee56fgHZGlX1Y3AX3Jz8ix5VQ3+bFTcBXN9AaxrcZO0g/QSPcRFnEkFiATuJkOANEgyiaRL/KOE0
ao8GJ4cNQCioLcbvppDUwI5b/ZeSsyKm/PtcSfmDPBXQMi/cVIi4wXp7vCWBNv+LIBSxKzx8cDGZ
9Nv8j8FF/iD/O3Afn8IufR9PnBu8lCPtIuueJnl4G8R925w+V8SvAC6XQALEd6+6eAwj82C12p4U
WS6jPcls32ybwQGd/zUYPOWw6Ydiu2ujbQb12eDjWgENcbncQ87ewT/gsCWSwz3gyIabzyAbAmo9
mWw2DmZvev3m7Or4+Xvp7hMj3sMPb9ocPS0pzItUnOHTukBkP52m/EtTcvfm2kXfqDe+Pj37sS2+
KAhv+gMTz0w/QtC55eH84mLeNrUnVOypgplEUbJcJgVGJUUgiKVB7u/uRBu0Hrb4RiEt8Aj5DcbK
hnQag/8zZzM1zc3rJxvRYi2TpmTwdreaGF7PP579rpT5O9luHxDsCzkPCQZIfnxqWdxs34TSbR5H
VUP3zibaPP8QACn/LHiaf3kwvfye6JtKGZnQwZY01Ff/iZl8E+S5SEmRTcqQx5AniUibLOqRXc2a
j+rSn2LHmcL8OAXtce6apMOSCeDwKi2iq7VocFiO/FlOFDU91cXzFHt4Cs9T4Bg0v3NAWD6JRA7U
881ekkqQF8XUWefFvLpjJzL2gxXDd46W6TJ+sShidunmzGbmaDa0Z6bNPp+/YVbfMnE+5PGq4Ctx
JOIV3kcy945amJl6MoyTCreRyDQ/MqembeHgBiKPMMIgy4+k7xMMfmeotzKyI6uPIytgK5KeOKI7
X6auMKoxvQv48zD2lffJbXIkY7zyAt8PXOgFtkeEUT1tzWVqZCLPQTPZEbEibkVooM0cZTdbh1yu
Gs6E8Bqr8I2uo9Ozt8ef3l/hqLIL47dCpFuNFSxLGhm/Ffr+NhAbwwM2OdS9RxMcunPknYEWWG6J
Y1nArObeAHMJhHo7K9NLsoRvYgOf7Ap6x+jIHDXwpxArS/7xupfwLMNDvqO/08+y/QSzt43wec8L
hg7IXNJ8AZLBd5fQABhImrWUCQbBwGIzwUrRMZ4Klq8FkzFYT77mOXORj5w5ggWxGxae8OCC3TM8
hLWQEez0EcAuzIz7osskzKQZgmROKvgN28oi1bBY4DOwgMAPCAMoH19fC7cI+IPYVODAc3wO6s/Y
Rsbf5QxDBU8ZKigCZvHZ6xYpxJecFN+btYhZkaxS7gGA3jJG21XAZsuYsRef1wIJY7kELLHHAIR+
KQFkkPIYQlsORNE0kQrWxAEwyDMUOckL3dkVbE2vz+BIhJCVbZdeNWOUMHAiWxe5J0H3+qXBGVt2
lGcxeh3LW3aIsuMwlBuG7gTElO9esduAs3+iceIaslJDT80YhjLaekZGpPcwoIuhPzHQGAgFoTlb
pkWJ67XNVdMNYl98DkAgMga5cs9jqciU+FGs+M4KiwTPoBxDy2YgdEcg0SAc8VvBQxQbHm7GDEq3
QrADjRSCzkuErjCCtQuMJAaIHV8YmcE04f5QRA5IBazqONvGLr45BIpPb8COerTgE0iLTLvkFJet
UygzCtAeLM+6jI4imI4U4A9dhm8iACOYP0g2EJ9xLCpifC8RRhXwBakXeAIrS+VdABYmQAzAEllu
XBGHstUEnftoq7gGbbLLgvw7EF+e0jZPoKuTyexsZgfAQwF+Y5FYiA1DczojULu2ysk40iKOUZ0e
hjKZkBLoHY6sx07Frb5mUbBagzPj+Wy36XzacFAiaVokuRpVAkPBRECb5ouUC05JL2h4yiH4rQw8
IHs/BWgjaHMSBA3W1WsYGiw21KLK0iBXQA5It8opfwilA9aDeZipcfCDKMjRtyOx4g7lTbZQou6T
cIMMYdP2K9TaJiDJk0WB024MBag0sow49AMgESISUB8TLB8alhKlMnLQVoFuylYSFCXRTdEqENGK
yDSItBnrIxeAnUKwekniT88BFjYP0Y+p+Gn0Q4GfEAk6fFYkaXAZg/CByQ3iXkkQYi2pMvvWQBNG
QeAzeYWmL/vuGSgkvyCSMGIw/X4veLq4E25BwVcqkpVHYrKqVos7F+qJrOZIBa7Lq7MZu3p3vmDv
zy/Or9jxfP7+/GzB5mcfGZSF/zj72GWwiF1dwqoz9vnd5fszNv94eXK2WPR2Q0BLHtZwpMUxF2kg
KSFjIM6QQXctKCSTNKpga4LsoSTwKLbQEgNCoVBhlkBBqQh8QoAGa0J+v2VsysigzsMEGOMyjYwg
KyAQeutArjIS4bjEHIJ5njb07q9GW9BVOagtES6WA0qySK7Sq9pb8QDmJZKsZtXua16zl/tJ0pzb
mvMVTx18w9aVYajKMApA+6VLrobk6F1M74LYHfG4oOKjSQkUZgXY4MtumRN2jbA0Q5VefR9gKX6j
2gV77FLFfGXwUD3IIvQqWgJIIpuY1fRnCnBC5AOjo35f8wrY3lKwuJckyXQUhIo3P5VRmWzVbr3C
aJpmU8PIjdbkPdtge0yqZR2LsmBElaWACc1QG7JXRImqrlQJx/SEgROlvk5xkd5AtBOZJQdwB2ke
nJ3vETAkbUh8gOEWjCzLCoGBIV+D1lZltYlBC7HVVHVLRaoaQReVPUUNLv2mnLApctdFfJOVtJ/w
BEeDqIggx+LzfFa2F6hIpr9fICpquaK/aFGSx9y3MSi2E00RITSwCi4g6Q4qjZ1KNbVr0+qjhxK+
Wly6kIKlFzY5o8rBcKHZERVvp0AK1SpQPqL0gDpVYCgoCceehKk9isOaO9im5an4KTHj4rraRQGG
2AZouA+DesgOlzG04qiwmU4RUJqtZahKTAcP16gSJ5Iz/AaA6SRDsU11PnpWpRZHVMWmSm8vmloq
pzCsptscgXeZYTYUSMojxEZeEqNTAEXtuo6lZhZLSE9xjr0MFfq4GQY1WT32DmpB+hYGizt2Mv/U
hb1AgwP+tQk8MHuqFVT0rOAbBH/GRmXZXVfkGUmnsbbHjj0IVGse+ofQSqo2wRNgwxoVIGV4TIIG
1nDEOu01gDVbkbM7jGpYYvKwx5CIT/N4XhbbdQOIvQQStcFjVNhYJHFi6Pud7uZCe10WfBGVPrEs
L9WYYcLTJROU7co8Gql1MLXUppc9Ntd7Qp6uaAPXnai2BcLop3yFLIBOQGxZElLFgu1lBMSjs/MU
9XQSBnhYQP0yvq8uspxdXH0iSjNgCdl2ipxhf06qrNGp5qJXxpooLwzcNSNqm/2hiN10myhf9xke
DLj4XlzFJvS/eN7SY5Sl1hyLABZEIJscdQfaoI+yIUx1iRZQ2i0RvUZJQNSlQAwpmlM4z5RKVSkB
a3Nto8iJUOcDOtTpbur0koqk0/PF8Ruoj6ieKmKyIQzYBUZKDJOeKhICNEb9HZzX7DdqPmtf94RT
rGZl0/aKmdis6ZJ1DeGK5plu0TN1qIDeHGdSJW/tESYCU1QraCdrCU08emHZq4myG6co7vGcs4zf
ltkCD5bKYyKca7TxQBidTqqiTZ/J/CqDWB0IkKS+Yz858g49P2Xnp+zgp0/npy9B7+D2QAOs34Da
UDEBpHtwDuzhUk/LR5Uf4A2y1l0M3v7Tm/clfN3fNUa+I2R4ukaFA6lXlyLEmyxPiHQabZyN+T6h
hbnA3xp3ReDVCilP55qHM1d0uqJcTX3/r2RAa7VfFZk+5XEhiOQqzOo9htozU+s9B9GoFKLDo8aC
OZDHq6pHiXFbuJuKu+Wq1vnf3gMxJdzjSBYYPXyV63QwAZGVosXcjtGRjkJA/XhNyRk2f6RU3dhM
jMdCtd6OUMAc4aPv01kiudK6tDMyLTpibCV9xT4iqtiHGMj4LqmJ+hYJsAnIp/uo7O8nk6cAyWO8
NHcgttyMfytq7J0THjqlRT/LAk/lDOSHg07B4LLCaUphhUkUVghPpU66qVIbHTVp4+CuK0JBnYIy
b8IaBjeAAvtkikQhB9ZXqdzkaxXHAAVnawWtEeTA+7NcpWQi1kBplKQZtWgUa+enWYMvDNOoeQWN
qS9VKjb1kVNZ5tCelpIAnsEs9gLIhFa5VmR9rFXpsndfmTp4bXhA3SwkE2j1lBUlMinC0m30DeZ7
WqPThm0hQmqDkEvChBkXIxeUBLrBoFNydZA306UOnjtSc62GVaWgLQsIqSO0Vwc99EwDP0/eGaoC
Q3s4WUNN7stGTod4YKhHTNXKNehtpkjp4YPpXiCJYgh12wibQ3DlHM9Z3awmHdOUnmf1PLFAYY6v
VqlY6SNFff6ojlnwk9mbXf6IPog1l6eX+AGaoZOCqg8wfG2E6kA4OPmGMGZEeM0AjfUah/6QpyvJ
FwlQpZVzT6igUDWvjQkqIfzYinJZI9+c4Nm8aJ7ldSE5JGsObiEwsqdIQ1mXQsbwRQq9h4FxMcZk
qGbL3KUyB2+dDerndo1kW0ANDrUNxdYyhGmApGU1X+K4p1XFV1OteRDVGURnYwSK69HqMWGgFjGM
I0I69NSbygPuXo1AzzQxlJJ7ON/rZKI0qTygcZakYQD4XMuzPDVa60EV4tKqk9DRAQ/hoVnzqAwK
/AoQ9GPAiHrigtGmPEpRkRfg6ehU5luoyXim+zQorXmUhOUdFkBAo9bVrFSamgMbxTO9GfuZKhco
Wrt0yPcLAqUWrE7ezSdBxAZW0ikFeDxGKZ/e0fnIvjxK8Znax4w6Bmq/8VVAoFUXAU3yFV6iQV0y
fNiHuUrl1BrjjL19f3ylBrHVEHiy9r0jPAhON93h9A44ikXXvvOCNO9S0P1eV3rqWUvz0EI5MSY6
EK0+U+SFtroQlOVumfqOtkjLuFt2amn1lIaCCsCBdOTSU7CslJNRPuEBE1Bl/Yu3FE0IFa1vAaG6
WI9cN0YMqi8bhZ9Utb+4g9iW6SbXvcE2KaOGDoKb+q8GVCFH65BfIAVaMJUplKsoLgk+VEZpFY47
3Y64gzqf6n58kH8C5UrzC1LH1R8CViP4dC32eNoak9G1J3OId61R/b9x1ANFGjbvMTI07/0gzEUL
8Cpqfc8KLU6LlgCc67Y5gF+pNu8jRz0rbI2Bo+sXsEx6R4haFHo3qV6UuG05fBS+PnZpjmYU67P2
ENRPUXNkMX/fQr/Nfgvps1x9xaqpXN6IGFJ6SwR3d5pr+uwVBracniVb+mX7L0Givlua0mvqX9Qn
jtV2uL2L2lKXSJ7V79umaeEXMvPTyxbrnrwm0nYHYShoKwziQJxlrYWLAD39p4sWzzsUwC0eKOzw
GYWbNNjRf+Nj1oF+j2S+3rE9rKHo02CLhGSTVIKV+mZYfTPaG6EkVJOhFyEo6jqlHrCUsKA1CZVZ
orzbX21e17ga8/iEFGuclt1691QetKyERGk3h6DxKyiMrwpliyX8f2Gddjmnc7N6w9ev/wf/ABUW
===END CRASH DUMP===
