PocketMine-MP Crash Dump Tue Mar 1 15:14:51 WIB 2022

Error: Cannot declare class hachkingtohach1\FoxEvent\task\Task because the name is already in use
File: plugins/FoxEvent/src/hachkingtohach1/FoxEvent/task/Task
Line: 12
Type: E_COMPILE_ERROR

THIS CRASH WAS CAUSED BY A PLUGIN
BAD PLUGIN: FoxEvent

Code:
[3] namespace hachkingtohach1\FoxEvent\task;
[4] 
[5] use pocketmine\scheduler\Task;
[6] use pocketmine\plugin\Plugin;
[7] use pocketmine\player\Player;
[8] use pocketmine\math\Vector3;
[9] use pocketmine\utils\TextFormat;
[10] use hachkingtohach1\FoxEvent\FoxEvent;
[11] 
[12] class Task extends Task {
[13]     
[14] 	private $timeRestart = null;
[15] 	private $timeStart = null;
[16] 	private $plugin;
[17] 	
[18]     public function __construct(Task $plugin){
[19] 		$this->plugin = $plugin;
[20]     }
[21] 	
[22]     public function onRun() :void{		

Backtrace:

PocketMine-MP version: 4.2.1 [Protocol 486]
Git commit: 6d6551253173a498128c750c38e719f19880ad49
uname -a: Windows NT tranthien4-8sin 10.0 build 17763 (Windows Server 2016) AMD64
PHP Version: 8.0.13
Zend version: 4.0.13
OS: WINNT, win
Composer libraries: 
- adhocore/json-comment 1.1.2@fc2f76979f0a44a5f5bc2a2b600d0762fe0e78e7
- brick/math 0.9.3@ca57d18f028f84f777b2168cd1911b0dee2343ae
- daverandom/callback-validator unknown@unknown
- fgrosse/phpasn1 v2.4.0@eef488991d53e58e60c9554b09b1201ca5ba9296
- netresearch/jsonmapper v4.0.0@8bbc021a8edb2e4a7ea2f8ad4fa9ec9dce2fcb8d
- pocketmine/bedrock-data 1.6.0+bedrock-1.18.10@e98c511584a7bd58a95986374d2df4b04c6a2ba0
- pocketmine/bedrock-protocol 8.0.0+bedrock-1.18.10@017e57c8f8a74118bcbba7332e7ebac9e6c81693
- pocketmine/binaryutils 0.2.4@5ac7eea91afbad8dc498f5ce34ce6297d5e6ea9a
- pocketmine/callback-validator 1.0.3@64787469766bcaa7e5885242e85c23c25e8c55a2
- pocketmine/classloader 0.2.0@49ea303993efdfb39cd302e2156d50aa78209e78
- pocketmine/color 0.2.0@09be6ea6d76f2e33d6813c39d29c22c46c17e1d2
- pocketmine/errorhandler 0.6.0@dae214a04348b911e8219ebf125ff1c5589cc878
- pocketmine/locale-data 2.4.3@4d0b081f1a79407e087968ea76aaf330db6ea2b5
- pocketmine/log 0.4.0@e6c912c0f9055c81d23108ec2d179b96f404c043
- pocketmine/log-pthreads 0.4.0@61f709e8cf36bcc24e4efe02acded680a1ce23cd
- pocketmine/math 0.4.2@aacc3759a508a69dfa5bc4dfa770ab733c5c94bf
- pocketmine/nbt 0.3.2@3e0d9ef6b6c5fb45e3745a121296e75631b3eefe
- pocketmine/pocketmine-mp 4.2.1@6d6551253173a498128c750c38e719f19880ad49
- pocketmine/raklib 0.14.3@4798576fec0364266dce23b368a7fec5e5de7927
- pocketmine/raklib-ipc 0.1.1@922a6444b0c6c7daaa5aa5a832107e1ec4738aed
- pocketmine/snooze 0.3.1@0ac8fc2a781c419a1f64ebca4d5835028f59e29b
- ramsey/collection 1.2.2@cccc74ee5e328031b15640b51056ee8d3bb66c0a
- ramsey/uuid 4.2.3@fc9bb7fb5388691fd7373cd44dcb4d63bbcf24df
- rhumsaa/uuid unknown@unknown
- symfony/polyfill-ctype v1.24.0@30885182c981ab175d4d034db0f6f469898070ab
- symfony/polyfill-php80 v1.24.0@57b712b08eddb97c762a8caa32c84e037892d2e9
- symfony/polyfill-php81 v1.24.0@5de4ba2d41b15f9bd0e19b2ab9674135813ec98f
- webmozart/assert 1.10.0@6964c76c7804814a842473e0c8fd15bab0f18e25
- webmozart/path-util 2.3.0@d939f7edc24c9a1bb9c0dee5cb05d8e859490725

Loaded plugins:
Alerts 1.0.0 by hachkingtohach1 for API(s) 4.0.0
AlwaysSpawn 2.2.5 by Philip Shilling for API(s) 4.0.0
AuctionHouse 2.0.0-BETA1 by Shock95x for API(s) 4.0.0
BuilderTools 1.3.0-beta2 by CzechPMDevs, VixikHD for API(s) 4.0.0
CraftingTable 1.0.0 by hachkingtohach1 for API(s) 4.0.0
CropGrowth 2.0.1 by NhanAZ, kaidoMC, YTBJero for API(s) 4.0.0
DEVirion 1.2.5-ALPHA12 by poggit, SOFe for API(s) 4.0.0
DevTools 1.15.0 by PocketMine Team for API(s) 4.0.0
Dungeon 1.0.3 by hachkingtohach1 for API(s) 4.0.0
EconomyAPI 5.7.3-PM4 by onebone for API(s) 4.0.0
EnchantedUI 1.0 by ItsRealNise for API(s) 4.0.0
FCCore 1.10.1 by hachkingtohach1 for API(s) 4.0.0
FishingRod 1.0.1 by hachkingtohach1 for API(s) 4.0.0
FormAPI 1.4.0 by jojoe77777/DragonfireHD98 for API(s) 4.0.0
FoxEvent 1.0.1 by hachkingtohach1 for API(s) 4.0.0
Gems 5.7.3-PM4 by onebone for API(s) 4.0.0
HealthTag 2.1.2 by Shelly7w7 for API(s) 4.0.0
InvCrashFix 0.0.1 by Muqsit for API(s) 4.0.0
InvSee 2.0.1 by BlockHorizons for API(s) 4.0.0
KeepInventory 1.0.0 by NhanAZ, KhoaGamingVN for API(s) 4.0.0
LaunchableTNT 1.0.1 by Vecnavium for API(s) 4.0.0
MaxEnchants 1.2.4 by Xenophilicy for API(s) 4.0.0
MinePos 1.3.5 by hachkingtohach1 for API(s) 4.0.0
MultiWorld 1.7.0-beta3 by CzechPMDevs, VixikCZ, fuyutsuki, kaliiks for API(s) 4.0.0
MyItem 1.7 by hachkingtohach1 for API(s) 4.0.0
NPC 1.0.0 by hachkingtohach1 for API(s) 4.0.0
Napthe 0.0.2 by hachkingtohach1,tungstenvn for API(s) 4.0.0
Parties 2.0.1 by Didah (@Diduhless) for API(s) 4.0.0
PlayerStats 3.1.9_BETA by hachkingtohach1 for API(s) 4.0.0
PureChat 2.0.0 by Vecnavium, 64FF00 for API(s) 4.0.0
PureEntities 2.0.0 by LeinneSW for API(s) 4.0.0
PurePerms 1.4.5 by Vecnavium , 64FF00 & ProjectInfinity for API(s) 4.0.0
Quest 2.5 by hachkingtohach1 for API(s) 4.0.0
RedstoneCircuit 3.0.1 by tedo0627 for API(s) 4.0.0
Rewards 5.0 by Wertzui123 for API(s) 4.0.0
ScoreBoard 1.0 by hachkingtohach1 for API(s) 4.0.0
Sell 1.0.0 by lenlenlL6 for API(s) 4.0.0
ShopGUI 1.0.0 by hachkingtohach1 for API(s) 4.0.0
SizeUI 1.0 by fernanACM for API(s) 4.0.0
SkyBlocksPM 1.0.1 by Vecnavium for API(s) 4.0.0
Spyglass 1.0.1 by ItsRealNise for API(s) 4.0.0
StackStorage 1.3.0 by Ree-jp for API(s) 4.0.0
ToolSB 1.0.0 by hachkingtohach1 for API(s) 4.0.0
VanillaEnchant 1.0.0 by hachkingtohach1 for API(s) 4.0.0
VanillaHopper 2.0.1 by ColinHDev for API(s) 4.0.0
VanillaX 3.0.0 by CLADevs for API(s) 4.0.0
VoteReward 1.1.0 by  for API(s) 4.0.0
WorldProtect 2.3.11 by aliuly for API(s) 4.0.0
_NewAlias 1.4.0 by Javier Leon9966 for API(s) 4.0.0
libEasyUI 1.0.2 by GiantQuartz for API(s) 4.0.0

----------------------REPORT THE DATA BELOW THIS LINE-----------------------

===BEGIN CRASH DUMP===
eNrNPItS3Ea2v9IXb93EdZlBzxmJLW+BAcfsGjMLOPbd1RbVklozChpJ0QMYp/bf7zmnW0+wwcns
TVwJIx11nz7vR+vxy06UFWteXd+KooyzdGff2t2p4rXY2ddn1kw3DMvVp4ZuaNZ8d6fO5SVj6him
5cxdd67ZtmabcC3hZXVSFFmxs//Pf+3uCHn4y061yWHGzsn10fnZ4vTdyfXJxcX5xc7uzlqUJV/i
tSOeplnFQhEkvBAM/pYlW/FgdROnyyrDI93z3mT3J7cirTyv4uWN513BX+aLgNelYNVKsJSvBYtL
xpNC8HDD4pTBJVgpihNcJk/qZZyWew2ivbII9kbLdBdxkT1cAxAkcYoCMf69q5Bcx+ltltyKNYwE
zGFciKDaaa4CpEEDsCALBQrCBDCSWOY8EE+x92eYaMEE+LHhB1nMs+BGVGsgxfPKYCXCOhGFFAOO
nj0yTJLjeQv6xVHzR0fxDWJa0C+Och4ZBUay8rwfgc+sMHGQ+8iguoqTEmgS99UbsiscqGtq5Fd4
bo5ovC4Z1w34lcZAugakIg3VyS84AEXK4B8eo7S8Ki/iW14J9ic01AtRVryo2CuW1klCqO2Hoy7H
Y2bDMXkrPH1OV/DIUSvntZ/EAYvqNKjAfdj1dZClZVXUQfU90ammvyR6XZrvVX+qVnE5+Yu8BEv3
1jA0hfnfeKI3CxrGFxbM0os6/f4l27/N4vAXRL4DVloVYGPSEZXVowUegsFUdIR2CAgVYHen9f4d
fapNNYDwulplBQz+585IbTuAlOcxXrFoMHp7yv1EhDv7wLnY3QlFjpqSBJRZVB33AWtOLvLAGiQ1
zS+6XcYB5c7i/PLq4/nFu2MA3Qm/jCukfVVVebm/t3fHq2BVruJqeieEn2ymQbbeQxkcJnd8U17m
/C4dsNxB+3wbU2NqD/lerOIkztkl/EAAWG6L75zQlgqr53GiqESKPO8dsCyKjvfLq8OLqw+LAefE
XE3qf5thhOtx1wcP2QOKJ69Prg71IZOXK3Bf177/bdztnIDZZ+vN4eJ0p+O0VLiBR0nXCukCBQ+p
/KqakdnXdZyAVK6yLOlb7wA8tGETmPVFxY0hs0efRbBanB2LW5zwY3wf37w93pZeA0Ser0NA7nm+
pK1C2jxvROmz7HoZV6vaJ2vukb03QAWyOSp4VIEdXSHBPeEM4X8QDx8QNTp9jlxALCDeOAmKzbTc
VKKcpqLaC3m58jNehHtSIFn+Q5HdVauBNFrg2CtG/vB+xdPDfwDshsdhdnYER/979fqvosi2JRW5
AnLf0OR5Z3jp2w1DEQtcH5/8GBfEVMtzCxoqH8Lc5PDd4u2hPnKOPFsCaoBdnr8RWwt2hNTzbokU
z0P1yaMeeU/EOrD7seu3oCFvuj227AUVJ2dQnLArwdfbYqtZH9joKPkKG4/orqNsr8WBzNbpUgz1
qCBjHzZ/Hx9W5LQH2/LbXgbpeO8B++zb0/nUnCzOrKEIslT48P+2WFfoPE9IKgCn5w0oejJznaQB
uGglwg8DrnrQkVaHDJ1W5YXgyfu43BpTPZTATEfI82IQ8vTm6Cgr+qlGAUau+CCyfouBRjwpf7WF
Snqa323Z55sYSrZ0eZGFfdY74Ng99d/HPTuK+sdbEwI0dUMPbSBD9q2xJf+U/ZSJOf7bOy74Mksj
aJnfHrvOtgTRLYDNJNHUHjzLqpuGvc9a28P/MVT7oFvellp/EOt+dqXT3zHe4vry73M09xbCWbW6
4sseBx1sWO5B+TNuf0SSbOZ3820xUTYIPa8l4vmx9TS9haK4XL2J73vc9KF9frSHtnhW/wzotsXM
mrB5XpzeBkhAFN8/bFG/ys2lEENGEPBECf46gdLobVbEn7O03BYrA6SeJyn5Fmb+JkQOs8DrsmLT
42kIf6LRaruLv60y/gNfg3v/+H7bjcWAoi30Fu94jXUC0HP1/qrH+RD+RJD8UQQpv43r9dbyfosR
tNinZHT6HN2e8XtVCvXDYB867qFGkfCTSDPa1wk229JmDyXqsCVlcPIs5qDFWGQDxhRkvGdi/z55
TZHTHvzmnb+zOqnij1mR9Eu1HnDI91ztFZlP7hUdoedG9aauyvompj2CJI5vyv/IDtIa6b1DekEw
fdp/y+5RDxHKaXNaiXVfRhIwks/vVMZLYprfbZU67xdHPYbx7A+yNwakfFus/qL5v+d5teqnXQUY
lw7GVxndraC/LyuR3qb/OZ6JsOb3OcFswYsqFv1g1kCeKCqO45Cv2PcH8FuvElGWL7fFVdhg9Lxc
0uJ5HVHf6q0tfcQt3ZG7rPggL/Whfa5NKG/da9zj/508tkfY4OQ3W/SiLsTRivebsxb04C7Hl+qO
3Z2Z9eaNpn0b/7TQQhRrivKjux5vON3IKBdFBug/QezJ6nJxMmngvXsh13JxkIsivDt6lt3D2JO0
isfG3wc/IYl3Ik5TcflxW3afED4weqBBKBokUz2Kvm1PtCFxb4BFsS+VMORdwsZ7D/YXTIDtMqkF
9t8MVPaTCKrTNIrTuNpa1TZQM1HXO3yOov9ei7Jv5/J8qFr7d/JvokX9/GafvhBhWUG7fxQXQR33
WR5fGca4B5G9EmGmzYytdfANPs8rFCGBJMTzHlL2pD4vxB2UHuWAPQkZbrCMnPWjKKrPdawb5tbU
2aFERoiGX90cdrj2FCrS6WWQFeI11lo9fnvAr252/7+ZcUdQ//g3G/SlSJI+23j6RG2ZiBT/ezf7
Jtsd3Wz/cnxWyD2vBFqAV0nRkyZ7ucryHwY3LBrIFkvl36ZBSU97sK3m4DL+LIaMS8BX7TYSRcrT
w6OzbQWgFiHwR+vL31/hph1pyNzNhjbBysVZn8MedCtbON/AaG8Hp0fG4ORZ9ppvlviUWJ+rBvQE
S//pG2wNHc/fAYaCObi5rLKCHo3sGOqDHzzrMmTqQojJT/m2+IHi7vqnHGIIUlBKCoCxHj3y6cJf
YZ6S0Ak+OhjgoyB7CisxCbLAm+KXr3tSUIA/SMcuqdlS0/4jT+Mk4Wpjr8fz6MIfhPchVePzbcVj
hfVtlueieCgTBX+i8z/Kkjh9eyxutyWMFmHLtiRkdPprtupaUjvmPz3k+9ODknhkBUfvDmnfclsM
S3Qtf5+6o+eEtB+zSsgqsc9KBxw9ODBiZltFRCFgNAQsz7uFpZ8fkGm3FLrFCp/w7ugfgIcWaE71
kQnyJK6TrfWYEpvn0eZwLkkY8/PMhvusjosoFkm41z3FPWmek68g9O+teVmJYm/ALkjl+r24O0xi
3k+6HeyJhwH+CklfFOydyFLXnc22JReJtsGKzxEDLernVzjjEN2eRPNvfBnAP+HlZlAndrBxfB5t
sv4QQ3j8e82hfdoW23Jhz2sJeMKk8SUGXgDdoNfRM3KTs8U0X/GCSMGn7UvaxQI+5SM/Ow6GV7xR
4gf4PkAfEnDoNkKY24dl6+swqyCwD6DqlZAOUBdJ/zzk1eB6FCeVGCBervP+6QqyRv88hgbptg/4
qSSFtOdrv6wKfKa7D8uKSu2Ny8cEoOJBhsL+oDwYyuFCRImgzb4+tCSJlkNQiJVzD3K5eDdYflP+
nKS4mDpi7aUquxEpdAADEdzfK66RXIw3G75O1IPsePo5zmU8dWm/6DOYaH86nN6vh1LPkDxD00xd
N1wALI7PB6yH2TWRNgYCKB4qLAMrLcvBwMt4nSfi09mA5xEFcIpv7oz4XCd3RTzSf16tcCRK2FLp
b7Ea2d6qTm/ofRSDhGSSVOKlH6ccb+BD3jSmM5SEuIUA6KtBiApKkrzKFMCQwgpB0dIsNZWiuoh5
3a3Vu45vHcVplA3sNnyg8nhgJSRKsw8qBLgH+uGylrbY4P8HuBs7XwRQkPWEj969ytW6uKJIRcH7
GxMDd0dX5qXoXv8CeUr7oSfYd/YNzbZAbOU1FGttwsWkkwUZYLWcGayB23c7s3Bm27phm/rc5Jbr
6IYTzG0tMB0x191Idx1H46GFllU3STROw+yuZO+vGBT9abWKRWpNnDJOmQ5aZUQD0+fzmcm+bwZf
igKoZYamz16yw7PjGd6LB577QvssyJOs1l5W+TXeAt/5ePqeHgmgkzvKmBCk8qwUxTVoueCF2mDn
4SrDvaE9DB0TGKNe9cICxTiIAiOaz9y5G2ncsrgd2X5gcMOfaVqozWdGJDQxB75RjkUc3OypaKlN
3al5EHB7HupOpBlO5FjRfD73DX3mBKHu6rqvhUIYpmVyQaEQeIUwBPkIAmziQ380uYUCAEIkvl4H
krxJs7v0QP2i2S2LrCzFHrDMyxRfILo1MAUfCBFZjuO6emibwnbETAtc27Z8zfV1ECYQ5XPXcNEl
IGAXohS8CFbE/5rLAnznlrztwPH9QDN07ojQN4TF54IbkQPKjbgrAjcMhBEFvhMOvGTPF2EBZxOg
nZMkZ1PtfxogyNWZ6kCl6wS2rtsOYPVD2+Gu7Tozc26FRhgBsVYwAzlz7XHUnWGSLTxEr+lzYc8D
kDufW7ru+IHv87lpGmIuQLiumAWOPnPNEXqKGZ2Dg0APbB7MheCuziOfh04YgMlHdiBMKxAzw52H
tpjBZT7E9KgS6Wnug5k1d+YWGNVs5gccZGo7jm1YhnDswDADwxYgGZteaekjxO2FJFNRE0nTDixX
cFMzXdcUURj5phuEpmYIQ7dnoa0BasfQXLDPEaYsyTocYBVI/yyczyJDmGY4c3QzMN3QcAPDCKxZ
AJLUwxE19NYndIBhosgBFR+EHJa2uGaZluODhQvH0F3hRxArokgHnhw3CJwxOUmGFUVjLGjC5oEV
ar7m6JHO566lzYXmzN2ZI/h8xnlkmlroA8mGb48xLYkWcoJZ4OpGoEWuZtug6tAwdc0RgRHqc9d3
Z5EFFgaUPsAw6aUciWqmR3MQoxNEJigsMCxhCfB7gwehAGlpXAc3MIORE7SBAOLsAedBYM5tl9ua
w2duGIEPBhb8zOca98EsAztwLT8aokj9qslNB6bQQldEM38W2JFv2QI8xea6ARl8Jub2zNR9Exxf
DDH0in0qpCjmH3xDAO/hKviNLC0g1JKO5q5jg9GIQDNnljGbYTQwfXMGHgdAW9ihmLvG/DEskzgP
mormwDUMPrMs8PlgFsxDzrmN/zmmoYPqdRFYc9PhYiTfMs2yz6LJ+AcaB1+H0Dx39MDSXa5HM0uA
e1kQWkwbA7DtCsP1MdHydSk26AZdRYePehkHAfybW0KAdA0HyiMfHMnSfFvX7JkQTmj6/mwWaLxD
UtdxqORqQrJwfX8e+bbpODNXj8K5OQe7sKww8K1wBrODyACt4/RVvS45b+Y/jO7lZh1l6QY0mGyg
wEgmTTF9C6SiVZoaRA3dMQLQH/f1uR2C05hW6GsRGPfMdVxHQ+N6DBekDEfr4bLn/lw3wONEGPru
PIDExh0ITaYROJbQzLnjGqEh3C/h0vu4QmH53AgtlF7k+qEmdNc3OPgcBGLThugCmcOJZLOyzj5D
i7QHoU0UVfM+AbicO7OAimDuaJYDIcWxDDACoYGOQx3SFzCpO8KwB0hy8LgJxm7VnENAck03mosQ
fDYAk/B9N8Ckawe+ZocOxFvXcrU5oKFeqbWt6YbK1RcMW20W4DPsy7rg9BouFnssygo2qK689AW7
WkEmZaWo8E23kuEL7viyepaKEg54xQL59rsvWJwGSQ3BA99cL6nKmUJCg8xLt9YB12W2hpkRIhjj
LHkkdlkGV4oSUTIfotUN22R1oXCxOGJr6EKg38cVoLjBl9aTDSKGzr1FtwelLq+TqmR3WfpdxTD3
84JBE5tB8Ioxg9G79fgOs+T7biVSVufLgoeAYOqlXtog2/dSxl58XAkkjFUZrAJVK6BgsgErqfAr
sbQO5WUiVQZ/BvJMREXywr1Cem0ecwtC1ogZJB6IScKxOF6KfUb1KV4oV3UF1WI6UV8Z2Gfejioc
vVrTdR3+asJkNyuv1kUYxS0Yztx0yRI84nr8X94OsXCYJNkdS+IS2WJqi4Tdxpz9vRbFBsf8jAfN
7sk+wxaepp5QU6/mMGCAYWHJQLUgPcTmb5iSOY6XewCT9nKPqxcfwbXAdEABPAwZ1GhSTyh/0MwN
Wwte1gV9lgC/hOALJBqkKH6ueYLyXca3MBaKj1qw79WiUEq/ROxyRTEpRA6t8AT0s1yKYh8u09rv
67UP4gPzOyw3aUBvt99lxQ0Y3JQGfChBh+gDDac4bFVkaVaDmmF4uctoz4rJpgQdZ5dh+Q2MYPdB
sgHHRdi6TsHUcIhEfkl2gF93yIHO+xhMUYAYgCUy8bQlDmWrCDqN0KhxDBrvLour70B8VUHTQoF7
WfLDEcPJ7HvgAb9XYJBYiI2J4nSfUI2NmpNxFHWaojpDbCiznJRAHUw5ZcfiVh2zdbxcgdfj8/S7
fS9VhoMSKYo6ryRUCgwFswbaFF+kXPBe6kpC6TkcPwAAZD9OAdoI2hy0BjFY17RnaDB4Ige1lual
awHLbaT3/pBkPlgP7j8xCQc/WMcVBoG1WHKfdu/ZpRS1RsKNS3rFF6dfodbuYpI8WRR4991EImqM
rCQO8Z0gOGACn11HNFEhRLOkNHLQVo3+zJYZKCpDf0arwIWWROaESNtnGnIBq1OslqXbH54D3ND7
Gv0rXoS/jf6yynIiQcXZliSFrmQQPnJMu2FLEK7aUKVrhqUIoyDwkbxC0Vd+twUKyS+IJIwYLKgh
S6WQpZi4F0FNwTeTJEuPxKzWjhb3gRBh2XEkA9f51ck+u3p7esnenZ6dXrHDxeLd6cklW5xcsI/n
F387udhlMIhdncOoE/bx7fm7E7a4OD86ubycjkPAQB6GPVPiWIgizihzYyAukcFgJSgkkzTaYKuD
7KF2CCm20JAJhEIhwyyhOspS4BMCNFgT8vslY5NGdrfCFAwywRAkhxFmiQRCbxfIZUaiNc4xh2BB
QBOmD0ejLajdaFBbLgKsG6RkkVypVzm35QHMS+Rlx6qpKV7Ll4+TpDg3FedLXvjgGZOuBKcA9Lh0
ydWQHDWLqVkQu9c8ralK6VMCFVwNNvhyt8kJYyNszFCm1wh6lUryu+5ccMrOZcyXBg9lRlYnYUtL
DEnkLmUd/aVEnBP5wOhM0xSvsNobChYPkiSZjsTQ8hYV2bpJtnK2GjHpm2Zfw8iN0uQD22CPmNTA
Oi6byhJVVmT0oZLGkMN6ncsyTNZ6TF2Y4IVGX8c4SE0g2onMhgM4gzQPzs4fETAkbUh8sMItfsyp
rAUGhmoFWls2ZSkGLVyto2q3UaSsEVT1OZXU4NAvymnN7ye0fVs2tB/xHKHxul5DjoX0WiDyiqdQ
foIimfxckqSikyv6ixIlecxDG4OqPFcU0YITLJdrSLpWq7HjTF4a27T80E+DXw5uXEjiUgP7nFHl
MKHt4Za3YyCFahUoH1F6QJ0sMCSWnGPzwuQcyWHHHUxT8pT8NCvj4K7aRQEm2C8ovF9H9TU79NJU
VKiwfZUioDRbZYksMX18joIqcSIZqiYwIZVkKLbJFkldlanFF22xKdPbi76WmksYVotNhch32UTv
KZCURwtPqoYYlQIoand1LN1SwBIylJxj00OFPk4GoCJryt5CLQi29IqKO3a0+LDL8Nl/GJiGd3EI
Zk+1goyeLf4J4d9ns6bs7irykqTTGztlh2GIX1NLoj3oOWWbEAqwYbUULMpw/xANrOeIXdrrIeu3
Iif3GNWwxOTJlCERHxbpoim2u04RewkkCm/148Q6T/OJOh91N2fK68r4s2j1iWV5o8YSE54qmaBs
l+bRS62Wa8hJL6dsoeYkvFjSBK5aVmULtGJU8CWyADoBsZV5QhUL9qFrIB6dnReop6MkhlGysS6g
mRJlxc6uPhClJbCEbPt1xbCRJ1V2y8nmYtrEmnVVT3DWPlHb7w9FSvedyNcjdtY8FNWyCY1yFMXB
lFGWWnEsAli8BtlUqDvQBn3KD8LULtECSrslolcoCYi6FIghRXMK56VUqSwlYGylbBQ5EXIjQYU6
1U0dn1ORdHx6efga6iOqp+qUbAgDdo2Rkm6ZyiIhRmNUn8kL+/1Gx2fn66Hw6+V+07T9henYrKmS
dQXhiq4z1cuXcvcBvTktM5m8lUfoiExSLbEdrbKspB2KplcTTTdOURy3l1nJb5tsAYf4AAReo63n
XhsPhNFdeVm0qc2bn7I4lRsCJKnv2Cc/u0fPL9jpMfv+04fT45egd3B7oAHG34HaUDH4ogg4B/Zw
RajkI8sP8Ias010K3v7p9bsGv+rvepDvaDH6riDtn6B6VSlCvGXNVpJKo/dA3wQfSHiVRREtC9fi
aDO5r+OwUwjJczLcxbmibRjpavKrkVIGFOmVX9Wl2g4KIIhUMsyqORM5Z5+pG664jEwhKjyqVTAH
8nTZ9igpTkvGqXi3GXUbi7tJm6Af2zmTwj1cZzVGj0jmOhVMQGSNaDG3Y3SkrRBQPx5TcobJF5Sq
e5OJ8VTI1tsXEpkvIvR9+pQbudKqsTMyLQQPk75kHxdq2YcYyPiYVOAloKzFBOTTx6jUHieTF4Ap
ZLwxdyC2mYy/LTXmaIfHp8dvQZplHMqcgfxw0CkYXFn7fSksMYnCCBHK1EknbWqjrSZlHDwIRCKo
U5DmTasm8Q0sgX0yRaKEA+tL+i6WjGOwBGcria0X5MD7y0qmZCJ2gtJoSJt0opGsnR6XPb4wTKPm
JTYmb7C2bKotp6bMoTkDJQG+CTPYCyATn+1tFdlta7W6nD5UpgpedzymbhaSCbR60oryLK+Txm3U
CeZ7GqPShmnggtQGIZe0EmZcjFxQEqgGAyFqI29flTq470jNtQTLSkFZFn6IsI3QYRf00DMn+AHT
EagNDEOwevKgl9MhHkzks1XtyBXobV+SMs3X63waZ0QxhLrNGptDcOUK91mDsiMd05S6zrrrxAKF
Ob5cFmKpthTV/qPcZsFPYd6M+SP6INacH5/vgzwmKinI+gDD152QHQgHJ7+jFUsivGOAYNPe3QHI
063k6xyfYZLKeSBUUKi8rowJKiF8woByWS/fHOEmvujv5e1CcshXHNxCYGQvkIamLoWMEYkCeo8J
xsUUk6G82uQumTn4YG9QPfXRS7Y11OBQ21BsbUKYQkhaltebNR5oVfLVV2sVr7sMorIxIsXxaPWY
MFCLGMZxQdr0VJOaDe5pt4C60l+hkdzX871KJlKT0gN6e0kKB6CvlDybXaOVAsoQV7SdhIoOuAkP
zVpIZVActYjwZnpdyFszGG2arRQZeQGfik5NvuX4dKHq06C05viwlDrDAghoVLrab5Qmr4GN4p7e
PvsnVS5QtO7SJt+/EKlMzG3y7t8yIjawki4owOM2igxeaFWiejSPUnym9rGkjoHab/ygQJ4IVQT0
yZfrElwa+otSoBtYmiVP2xWBJ/k48TVSJL95QCOw7xC4zfZn9RzHru3e0xt4u+Z9GBfVLkXgP6uy
T9546e9gSI/GrAdyVhuM7feiE9BcsGHya7110QThpm0r2ls2FGEAD+SmgO6dlY3QJs3tHrAHWeO/
eEOhhZai8QMkVCQryHUPMqFis1cFZrIREPcQ6ErV8QY39KYddXcQ6fwYupWNrOpoHPILpEA/JtOG
9BvJJeGHMqloYzPetB1rGO9uLjp9H9EtTrrH50EJA5TV7I3wmWEx3d7XzH3dZB9PXzNDMwwc0NyH
eyUg3ML5OqvCV83LPAiQC07Q+V7prm4aI+DtjMAmglW3EOcABGsHyN0qrsQEb8G90gg9tFOqeHtl
E2TJcTMhFPK6vDnYwqDeRShu3+JtnuY8v80V/jDG/goMevOKCGvts013r4hLKo2x4n4VrOg2oos7
sPKIg5muu1Fo8b1JeK/+1fHJm8MP7656PNKNQ0UEpQ/0ZXU+KG9fOQjqlfA0ZOff/wdlkgoB
===END CRASH DUMP===
