PocketMine-MP Crash Dump Tue Jan 4 00:00:14 WIB 2022

Error: A void function must not return a value
File: plugins/NPC/src/hachkingtohach1/NPC/task/CreateEntity
Line: 23
Type: E_COMPILE_ERROR

THIS CRASH WAS CAUSED BY A PLUGIN
BAD PLUGIN: NPC

Code:
[14] 	private $countDown = 2;
[15] 	
[16] 	public function __construct(Main $plugin){
[17]         $this->plugin = $plugin;
[18] 	}	
[19] 	
[20] 	public function onRun() :void{
[21] 		if($this->cancel == false and $this->countDown == 1){
[22] 			$this->cancel = true;
[23] 			return $this->plugin->registerEntities();		
[24] 		}
[25] 		$this->countDown--;
[26] 	}
[27] }

Backtrace:

PocketMine-MP version: 4.0.0 [Protocol 475]
Git commit: 468faa464b2bc5c97f23fafbb71ea61035f6f218
uname -a: Windows NT DESKTOP-BVRHES0 10.0 build 19042 (Windows 10) AMD64
PHP Version: 8.0.13
Zend version: 4.0.13
OS: WINNT, win
Composer libraries: 
- adhocore/json-comment 1.1.2@fc2f76979f0a44a5f5bc2a2b600d0762fe0e78e7
- brick/math 0.9.3@ca57d18f028f84f777b2168cd1911b0dee2343ae
- daverandom/callback-validator unknown@unknown
- fgrosse/phpasn1 v2.3.0@20299033c35f4300eb656e7e8e88cf52d1d6694e
- netresearch/jsonmapper v4.0.0@8bbc021a8edb2e4a7ea2f8ad4fa9ec9dce2fcb8d
- pocketmine/bedrock-data 1.5.0+bedrock-1.18.0@482c679aa5ed0b81c088c2b1ff0b8110a94c8a6c
- pocketmine/bedrock-protocol 7.0.0+bedrock-1.18.0@040a883a4abb8c9b93114d5278cb5fecc635da82
- pocketmine/binaryutils 0.2.2@f883e1cf9099ed6a757a10a2f75b3333eeb2cdf9
- pocketmine/callback-validator 1.0.3@64787469766bcaa7e5885242e85c23c25e8c55a2
- pocketmine/classloader 0.2.0@49ea303993efdfb39cd302e2156d50aa78209e78
- pocketmine/color 0.2.0@09be6ea6d76f2e33d6813c39d29c22c46c17e1d2
- pocketmine/errorhandler 0.3.0@ec742b209e8056bbe855069c4eff94c9734ea19b
- pocketmine/locale-data 2.0.20@a6e4eb22587e0014f6d658732cf633262723f8d3
- pocketmine/log 0.4.0@e6c912c0f9055c81d23108ec2d179b96f404c043
- pocketmine/log-pthreads 0.4.0@61f709e8cf36bcc24e4efe02acded680a1ce23cd
- pocketmine/math 0.4.0@6d64e2555bd2e95ed024574f75d1cefc135c89fc
- pocketmine/nbt 0.3.0@98c4a04b55a915e18f83d3b0c9beb24a71abcd31
- pocketmine/pocketmine-mp 4.0.0@468faa464b2bc5c97f23fafbb71ea61035f6f218
- pocketmine/raklib 0.14.2@e3a861187470e1facc6625040128f447ebbcbaec
- pocketmine/raklib-ipc 0.1.1@922a6444b0c6c7daaa5aa5a832107e1ec4738aed
- pocketmine/snooze 0.3.1@0ac8fc2a781c419a1f64ebca4d5835028f59e29b
- ramsey/collection 1.2.2@cccc74ee5e328031b15640b51056ee8d3bb66c0a
- ramsey/uuid 4.2.3@fc9bb7fb5388691fd7373cd44dcb4d63bbcf24df
- rhumsaa/uuid unknown@unknown
- symfony/polyfill-ctype v1.23.0@46cd95797e9df938fdd2b03693b5fca5e64b01ce
- symfony/polyfill-php80 v1.23.1@1100343ed1a92e3a38f9ae122fc0eb21602547be
- symfony/polyfill-php81 v1.23.0@e66119f3de95efc359483f810c4c3e6436279436
- webmozart/assert 1.10.0@6964c76c7804814a842473e0c8fd15bab0f18e25
- webmozart/path-util 2.3.0@d939f7edc24c9a1bb9c0dee5cb05d8e859490725

Loaded plugins:
Alerts 1.0.0 by hachkingtohach1 for API(s) 4.0.0
BuilderTools 1.3.0-beta2 by CzechPMDevs, VixikHD for API(s) 4.0.0
CraftingTable 1.0.0 by hachkingtohach1 for API(s) 4.0.0
DevTools 1.15.0 by PocketMine Team for API(s) 4.0.0
EconomyAPI 5.7.3-PM4 by onebone for API(s) 4.0.0
FCCore 1.0.1 by hachkingtohach1 for API(s) 4.0.0
KeepInventory 1.0.0 by NhanAZ, KhoaGamingVN for API(s) 4.0.0
MaxEnchants 1.2.2 by Xenophilicy for API(s) 4.0.0
MultiWorld 1.7.0-beta3 by CzechPMDevs, VixikCZ, fuyutsuki, kaliiks for API(s) 4.0.0
MyItem 1.5.5 by hachkingtohach1 for API(s) 4.0.0
NPC 1.0.0 by hachkingtohach1 for API(s) 4.0.0
Netherite 2.0 by Wertzui123 for API(s) 4.0.0
PlayerStats 3.1.9_BETA by hachkingtohach1 for API(s) 4.0.0
PurePerms 1.4.4 by Vecnavium , 64FF00 & ProjectInfinity for API(s) 4.0.0
ShopGUI 1.0.0 by hachkingtohach1 for API(s) 4.0.0

----------------------REPORT THE DATA BELOW THIS LINE-----------------------

===BEGIN CRASH DUMP===
eNrNWwtz28a1/is7cufGnitSeJIAM+pYkeRGE9vSteQ40+qOZrFYkKhAgMVDEt3Jf7/fObsgQVpJ
09Z3Gk8bE4vds995n7ML//0gq+qlbO8edN3kVXkwCw4P2nypD2buJHA9L/bcYBzhvxFedCv7yh1P
w8gLJzFm+G4QhIcHhWza87qu6oPZX/738ECbn38/aNcrrDg4vzu9fHd18fb87vzDh8sPB4cHS900
ck7vTsRDlaci60rVAoNYdk0ryqoVtW67uhRSPMii01iT5QUtWBXdPC+bo/dXp0dNrY4WUi3u83Le
VvTL5fFWNvdHp7WWrT4v27xdY3mRl1ju+T8fWhJ3eflQFQ96qcsWdNO81qo96N9iBJTwqKpUEy9u
gKHbdlXnDyAr/qCqrmzPqsdSHAvvW0x0Q55AvyZmapcUudqydnenqrJp6061L9/JvBR/MFu9+jut
mWKNsH/+0C7yZvRH8xr07UTeJWLaP5uN4n5Lz3l2y6r80JUvX4kZCZm28Vyed9vm2Uu7i5Kl0oU4
PhaZLBotZJn2AAY8HguXcXqeJXDb7q0X4EwTRM/fTLFK3OFn9Mdaz/Om1TXrJtfNy1ff0mRaGtil
P9NDaB/20YxGvI2RMs8k4f18ANW2tVTaWKE1FNLdSaHrln+VcslWZwYODzamf+COnbGDEdm1i6rG
5L8c7JnWAYjKVU5vAp5Mpl7KpNDpwYyYPzxI9UqXaWMANFXWng0HlpLtao/s7a1B0/9NtlpJkDy4
ury++XT54e0Zhh510uQtYV+07aqZHR09ylYtmkXejh+1Tor1WFXLI5LBd11epLq+qapiyPPO8C7n
/tgZJbqV3i7/p5+1Wly9O9MPtODH/Cm///7sa0lBEfHVMgXx29vEYGsJ2+3tHtLfJI153i66hGUw
gH20QwqyOa1l1kL2NwR4IJzd8d+JXeyA2nv8LXKBWCDevFD1etysW92MS90epbJZJJWsUzYWSGnf
UDZDu2Jww305XFXqXrfvEFjFjZbLryWHfv/b2wESy+z1zcmHm49X/8gEtsiONjTA7DkCcLVcn1xd
DNgdDA4ZDsfTsT+6ehfs8lyVOsH/vxavltztrTYoQPP2dgfRr2qZmHpzelrVQ1u2A/tG7P5njNig
6f/+Wmb7g9ari/IBqbuq1wPed8f/gR+/X8jy5M8Y+2FRyT/JJWD/+P5rCcIQv73dQXR7S4n/X4hp
Fio4fyefzkuFx52ENhzd5dob70X1n3RZrRY56oT11+J1QJI43EDZefgttvyuK9r8U1UX6ZC37eAu
a1Obtvx/mLZOSctZt+7aprvP8fteFnl+3/y/JLMl4X0kvOB/iP3fSWQDQiSn9UWrl0MZmYFd+YTj
8D/j8wZN//fX8nmqx7ccm+r8d5GnAeWfc+xfLN3e63aha568ZXQzNmTX22f2E8qnz13uovr+Snxu
KYLFHsS/HMG21I62HIHlq0KudX3dyp14Nhwdsu2P3XF89935zcl/RtUDXDsP/7bmr7paX+l6uSOE
zdiuoQfjvaLkR61K+ZB3S3EoJsGbN44j/ktc1dVf0dFelFleUgv8lURyZzYA9z26wc/fEuOvF9Xq
Tx+HFVg/8jtxZwtn8+PrxC86d5A1GEbju1c9j95djVcLWTMHT60uSQZsCKayO4iofKMsl6ilbBfD
ESULcIS1w7FqeZdWLRDsjNrTmO1AVxfD51S2O++zvADW4ch8uRo+LsDe8DlH3fowHPhrw7rcPC+T
pq0h6p2xCm0fzcIzlypNK4mhdDhppXbl8EFnheYjjuFowxJtdodSuMVw5Prq7c726+ZvRUmb2V9i
86qt7nWZf94VwdOT5ZrgUkm9lsuC47HHj5/zlemWYk6+n4s8GS7H49NyV+oVwfMcx3ddL8bA1dnl
DutpdcfQ9gcxlO8qrIJxN83OxOt8uSr0T+92eN5DgMday3SPz2XxSCF6Z3DVLmgmSTiw/nm12LO9
RVfed21eNB4LyWep5PMkLyVV6ojg3nhCktAPukgTO4lIwXdWbWUHPCOsFIo2ZknyplkrVjJqdX23
3Wvwno4J8zKrduw2/ULl+Y6VsCj94VCt4R7kh/PO2GJP/89wN3F5pRArBsIn716s7L60oy51LYth
MB+6O7mybPT25HUjTz4JOZh5ju9BbM0dosrBjA/msENdtZWqQDWYhtgjJ/8OJlEmZTAJEi9RoYqn
mednMkuSqavlxHX8MJtknhuBdmehfMrLtHpsxPsbcXZ+/cPN5dXoux8/fH9+7QgXKARjEG7sBJ54
2U92nVfi5N3ZhFIPWB3K6rNmBwo2ZrJY3VWkk08X79/fkGHSwyOXDYhNq6rR9R2UW8s61xznZLoA
Y7U+oogxwhx7KOtSTHidKS+bTuJpnDkyCGSYhYnypJdMHCd1phMv046eRnpK4qtzdX9kg6Qzjsf+
ayXDaepGmeNFWRRk0+k08dxJpFI3dt3ESbX2/MCXmiMgFILog5yMuFokUt2PHtApIDLSgTYEeF9W
j+Vr+zdZ27yumkYfgWXZlHS4+uCROb/2HC+OHd9XkH/gO45OJuFET3Wko0hloZe66WQSB7Qr4nSt
Gy1rtWD+l3K1Yr97YKN4HSWJcjxXRjpNPB3IqZZeFsk0yGSsVZwq7WUqidId5zhKdFrjaQTs0nYD
zn/3g5ArtPc6iDw1mcZShjp1kshVDsB5iZtl9OQ6Mg5UJCfqecpbczyYEtB96k7gyCjyZSCTJFJx
EiPCBWnoTSOVhJlWauKHqYy8PeocKLZe7ZEBgIx2VRY7cazTiZyGUwl0sIow8fEHpZSn0izepfSs
Cqmu8F9Pgmk0DWBSk0miJCQaRlHoBZ6OQuX5ygt1pMJQ7kFThUR4rWyoJGgQYayl7/hx7OsszRI/
VqnveNpzw0kaOiAdeU4M69yjVBXVloYTJ3oCZ02n8FTt++kkcmE4cerFyvNUMFHuVLvpHhq+ZUFn
nRYWDpmdVtPAS2jLyAknSQKGQmcSq0BnGZQZT/1ASzdOdkkVFZURvakA0thzXsuJDiBXL4ym2nHc
IJukE/z2PZVNfN+beFMEmij190nNGUxAYCYqdj3lQG9hqCJw4LtOpBWMfwpzmGSBEygn+JLCaJBo
DKmJm02JKZX50JjyAmCD23tSpTCIyJEuvMBXez6wiQNMIp0E2gvDMEk9HZPFe0E4RUAIUyzOlOsD
Y5ztGXuZtBvhxpEKpBMksIzYDTViSuSnfuLAtiEoOKYrE6jf3aWw/Tni8sk49T8Rtge0anlvCgpE
2gCOoX0ZTVwXtjx1tJtJ+NTEC+F4LoJdEEw1QkcitXqOyihfqb6OeR17npwEQQBmJmqaSoQE+l/k
e64D29MqmPqR1Hvybcqq+qz7PP/akSpCrIbNuypwY+lmkDj8C04f+SHF3zDWHhsfCuFGr8kPtnUc
n1W9VvgzDbQOte9FKIoSeFLgJKELe9Ya9pYkk4ly5JZI1+Um/SDyIlfEkGGWhH4UTWI3S6f+FHYR
BKlKgnSC1SrzgjSj5Ytu2UjZr/8yuDfrZVaVa2iwWKOsKEZ9Cf0AqD4rUaVxOI2nOkb08aMsTb3E
8SexjwCHvKOhXgfG9RwtZIzI2dByXyPcOshDOnVljCAgQS2W2vUQ25E8kLEcLwymyS/Scge49ARG
EWd+SnaeIQXFQQRfdR0VKB+gfDhvjP+aNmZZfZZ1e4TYhhbdJF2y0Ek8CdQU1hA5QeQGMgo8GIF2
oOPUDROZOJkbwaF2iKzgcSMK3hxHCEsa+3E21Sl8VsEkkiRWlHNDlThhimwIbLEzBRnukDa2NV5z
kfpC8E0pGossn3e15FtNKvFEVtVip6a6LV+ImwUSqWh0S/ckjZC1Fu1Ci6rUDX7IVihZ0uVyokVe
qqJD8MAPLKiR+MdIaEi8dCNJtK6rJVZmRGCfZiMzfSgqOsVoiKRIEK3uxbrqaktL5JlYovfIct4B
tQ3dLhdrIvxeP27IoWvMZFe0jXisym9aQalf1gJdb4XglVMKWxNCugE1fD8udCm61byWKQiMb8vb
sic2uy2FePFpwccroq2wC2pVkBCm7YIMUN00VFCn5jVDNdFfQJ6Fblle1MoqLUxyoZElUYbElR4V
kkriuZ6Z62J60Sy6NqV7WXutPxO3B9eGtipQ7KW3B4zspCiqR1HkDaEV9n5WPORS/E+n6zXN+Rv9
GNlXM75S5qXn3NjbNXxFTeWigMYgFKKWrIUVJc035wCjzesB2Bef4DGwCMhVpqlA5WXET2KFwO/F
Usumq/mzAAGhJ5pAQzj6b50sSGzz/AFz+bME8dJuKjznFVE3O+pRrVfoa0cQ+3yu6xle897vu2UC
qcCqTpp1qW5kcw/F1/ewozFP+AhpsWn3nNK0RV2VVQftYXpzKPhoWZgOg/zhUFBRDUaolWDZwB9p
bNmVsCCaYohfs3rBE6ysrp5yWJiGGMASW265AUeytYAuMrJVmkM2eSjy9huIr615WapbWDWbzN5i
8RI8dPAbj8XCbIwspzMmtW+rko2j7sqS1JlSd1itWAncjjRjcaYf7G+xzOcLOHONVvxw6HzWcEgi
dd2tWjNqBEaCWQKb5YuVC6fkXiM1DiH5W5SueR4B2QjZHAr+HNY1HhgaJo/MpI2l3ZZLje3Wxin/
VFQJrIfOoIQZhx8s85Z8e6nnMuEzI3FtRO2wcPOG731p+Q1p7TFnybNFwWkfR4ZQb2QNc5jlNX3C
ITTdOBGZrNa639IYObTVkZuKeQVFVeSmZBW00ZxhjhjaTDjEBXbnEGwqst89B3So92v4F+jm/z38
TVutGIINnxtIllwjED5WlE3TDSDatUflou60wDgIfGKvsPiab74CQvYLhkQRQ6gOyadE8hH6SauO
g29lIBuPpGS1ma2flNZps+XIBK7Lm/OZuPn+4lq8vXh3cSNOrq7eXpxfi6vzD+LT5Ycfzj8cCkwS
N5eYdS4+fX/59lxcfbg8Pb++Hu+HgB15eOHEiuNK13nFCZkCcUMMqoXmkMzS2ARbF7JHSZBybOEp
I4RCbcIskzqtSvCJAA1rIn5/ydiMkT0uKLNCJhSCzDSmbIgg9G4DuclIvMcl5RDK87xg/OVssgV7
Ig21rbSicsBIluAavZq1Gx5gXnrVbFn1Hctr8+p5SJZz33I+l3UCzxhtK2sOQM9Ll12N4NhVwq5C
7F7KsuPiY4gEhVkHG3x12OeEfSPszdCk1wxNfmv4XW5dcCwuTcw3Bo/qoeqKdIMlRxJ5LMUWf2MI
rxg+GJ04juUVu73hYPFFkmTTMRQ2vGV1teyTrVltZ4yGpjnUMHFjNfmFbYhnTGrHOq77gpFUVmMn
MkNryGm3XJnqypRwwr4Y0YteX2c0yS5g7Ayz5wBPSPNwdvmMgJG0kfiwwwOMrGk6TYGhXUBr877a
pKBFu21RHfaKNDWCLSrHBg1N/UU5LeXTiM9imx77qVzRaL7slsixSK81EW/pS0FSJPI03ZwZFFu5
kr9YUbLHfGljKLZXFhFvOKIquEPSDTYaO6vMq32bNp9D9vTN5N6FDC07ccgZVw4jPuvd8HYGKFyr
oHwk6QGdKTAMlZWknkSYNYbDLXdYZuVp+Ol3psnbapcEWFAbYOn+Oqlfs8PbstQtKWxmUwRKs0VV
mBIzobtIrsQZMqommJBNMhzbTOdj35rUkuhNsWnS24uhlvpXFFbrdUvED8XIHSiQlccbj9oejE0B
HLW3dSzfD1AJmRrOqZfhQp8WY9DCGovvUQvClo65uBOnVx8PsRYYEvjXY57C7LlWMNFzQ3/E9Gdi
0pfd24q8YekM5o7FSYpAtZBFdoRW0rQJqYYN262wqaBzQTKwgSNu096A2LAVOX+iqEYlpizGgkB8
vCqv+mJ72wBSL0GgHpE2aWG3Klcj+7zX3byzXtfkn/VGn1SW92psKOHZkglluzGPQWoNYs8sejUW
V3ZNIes5L5C2E7W2wDtmtZwTC9AJxNasCq5YqL1cAjw5u6xJT6dFjlmmX67RTOmmFe9uPjLSBiwR
20lnPv5mVW63M83FuI81y7Yb0aoZox32h7rkSyT29UzQwYCijyY3bKL/zbJcjQVnqYWkIkDkS8im
Jd1BG/xJPMLUIWOB0h4Y9IIkgajLgRgpWnI4b4xKTSmBua21UeJEm/MBG+psN3V2yUXS2cX1yXeo
j7ie6kq2IQrYHUVKvv80RUJOxmg/U0+H/caWz62vpzrp5rO+afujcKlZsyXrAuGK3wvbojfmUIG8
uWwqk7ytR7hEzKA21E4XFZp48sK+V9N9N85RnI6NRSMf+myBn2i9+R0fKQ/aeADjm3lTtNkzmb9W
eWkOBFhS34ifkuqJPL8WF2fi5U8fL85eQe9we2DA/EeojRSTI93DOaiHq1MrH1N+wBuqre5KePtP
373t6dv+bjDyDW9Gl2NcOLB6bSnCvFX9CZFNo0/AN6IPE46rLONt8S7P1qOnLk+3CmF5jnYPZ274
dMW4mvnXF0YGPNf6VdfYUx7F/4KBPd6uGZk1M2FvT2kbk0JseLS7UA6U5XzTo5S0rNhPxYf9rIdc
P442Cfq5AzEj3JMlfYLPTT6nexNMILJetJTbKTryUQjUT785OWPxB07Vg8XMeKlN651oQyzRGfl+
s5KPbBRko4Y6mxYN7yZ9wz5ttGEfMVDIfajgRXHWEhr59DmUzvMwZQ1KqZC9uQNsv5j+3qDx9054
kqJS7L5NnpqcQfxI6BQG13TJUApzSqKYoVOTOvlhk9r4qMkah1RKF5o7BWPevGuR32ML6pM5EhUS
rM/r6rFdmDiGLaRYGGqDIAfvb1qTkhnsiKTRQxttRWNYuzhrBnxRmCbNG2rCXJtu2LRHTn2Zw2t2
lAR6I+GJF4CJVnmryO2x1kaX4y+VaYPXo8y5m0UyQatnrGhVrbqidxv7QPme59i04Xu0IbdBxCXv
RBmXIhdKAttg0Ig9yJvZUofOHbm5NsOmUrCWBSDbCJ1ugx555oj+FdHe0CYw7A7bzwgGOR3xYGS+
H9vMXEBvMwNlvFouV+O8YsQIdeslNYdw5ZbOWVWzhU5pyr4X2/fMAoc5OZ/Xem6PFO35ozlmoX9V
c7/Pn/nXQi9uLs8uZ5DHyCYFUx9Q+HrUpgORcPJH3rFh4FsGeGw8OPRHnt5IvlvRB0lGOV8IFQo1
760xoRKi7wY4lw3yzSmdzevhWd4hksNqIeEWmiJ7TRj6uhQZI9M1eo8RxcWSkqF52+cukznkztmg
/YRjkGw71OCobTi29iHMEmQtm/f9Hl9o1fA1VGubL7cZxGZjIkrzyeopYZAWKYzThnzoaRf1B9zj
7Qb2zXCHXnK/nu9tMjGaNB4wOEuyNEC+tfLsT40WdtCEuHrTSdjoQIfwaNZSLoPybEOILsm72ty4
ULTpj1JM5AU9G536fIuaTDa2T0NpLenLJ/tEBRAwWl3NeqWZd7BROtObib9w5YKi9ZAP+f6XiHIL
tk3ew5sgZoMq6ZoDPB2jmOBFVqXbZ/Mox2duHxvuGLj9pk+7gdUWAUP4Zl/GYH6CIrlB4Jicut1x
Jt68Pbkxg9RqaDpZ+9Z+kXEYxk/gqNSH/lOa1+0hB91vbaVn7lqGhxbGiSnRQbT2TFF21uoKKEut
hfmHjF3dx92+U6s3tzQcVEAH6UjxLVjTy2nU3/DABExZ/+INRxPeiufvEOG62I7cDUZGXF8OCr/K
1P76CbGtsU2uuqc2qeGGDsEtydGgrE0hx/OIX0BBC2YyhXEVwyXTR2VUb8IxXb/uK5XuKa+2Kj7l
y0q+rbtF1fLiTZ2LM62EFwjPm/nhLHTEp4vvhOd4Lk3ob9SONSIsnpdVmx7vXG0Kc5tGL83mI/K9
Yzd2kcl2Bx8mPOzTsG0W8hUGYewYeVzkrR7RDRyVrrwZ+ilbvR17Do3MJZ0mpPqYn8yl32bMrqLz
W7rn6Z9XDyu7Q5pTgwWLXh8ztI2BbvLdMfPMtTGV3MfmX0rU23pZp4MpdON+fHb+5uTj25sBT3xP
aLfkbEGua593qtnjiIYGFTtPOfj5/wBg21X0
===END CRASH DUMP===
