PocketMine-MP Crash Dump Tue Mar 1 15:14:02 WIB 2022

Error: Cannot declare class hachkingtohach1\FoxEvent\task\Task because the name is already in use
File: plugins/FoxEvent/src/hachkingtohach1/FoxEvent/task/Task
Line: 12
Type: E_COMPILE_ERROR

THIS CRASH WAS CAUSED BY A PLUGIN
BAD PLUGIN: FoxEvent

Code:
[3] namespace hachkingtohach1\FoxEvent\task;
[4] 
[5] use pocketmine\scheduler\Task;
[6] use pocketmine\plugin\Plugin;
[7] use pocketmine\player\Player;
[8] use pocketmine\math\Vector3;
[9] use pocketmine\utils\TextFormat;
[10] use hachkingtohach1\FoxEvent\FoxEvent;
[11] 
[12] class Task extends Task {
[13]     
[14] 	private $timeRestart = null;
[15] 	private $timeStart = null;
[16] 	private $plugin;
[17] 	
[18]     public function __construct(Task $plugin){
[19] 		$this->plugin = $plugin;
[20]     }
[21] 	
[22]     public function onRun() :void{		

Backtrace:

PocketMine-MP version: 4.2.1 [Protocol 486]
Git commit: 6d6551253173a498128c750c38e719f19880ad49
uname -a: Windows NT tranthien4-8sin 10.0 build 17763 (Windows Server 2016) AMD64
PHP Version: 8.0.13
Zend version: 4.0.13
OS: WINNT, win
Composer libraries: 
- adhocore/json-comment 1.1.2@fc2f76979f0a44a5f5bc2a2b600d0762fe0e78e7
- brick/math 0.9.3@ca57d18f028f84f777b2168cd1911b0dee2343ae
- daverandom/callback-validator unknown@unknown
- fgrosse/phpasn1 v2.4.0@eef488991d53e58e60c9554b09b1201ca5ba9296
- netresearch/jsonmapper v4.0.0@8bbc021a8edb2e4a7ea2f8ad4fa9ec9dce2fcb8d
- pocketmine/bedrock-data 1.6.0+bedrock-1.18.10@e98c511584a7bd58a95986374d2df4b04c6a2ba0
- pocketmine/bedrock-protocol 8.0.0+bedrock-1.18.10@017e57c8f8a74118bcbba7332e7ebac9e6c81693
- pocketmine/binaryutils 0.2.4@5ac7eea91afbad8dc498f5ce34ce6297d5e6ea9a
- pocketmine/callback-validator 1.0.3@64787469766bcaa7e5885242e85c23c25e8c55a2
- pocketmine/classloader 0.2.0@49ea303993efdfb39cd302e2156d50aa78209e78
- pocketmine/color 0.2.0@09be6ea6d76f2e33d6813c39d29c22c46c17e1d2
- pocketmine/errorhandler 0.6.0@dae214a04348b911e8219ebf125ff1c5589cc878
- pocketmine/locale-data 2.4.3@4d0b081f1a79407e087968ea76aaf330db6ea2b5
- pocketmine/log 0.4.0@e6c912c0f9055c81d23108ec2d179b96f404c043
- pocketmine/log-pthreads 0.4.0@61f709e8cf36bcc24e4efe02acded680a1ce23cd
- pocketmine/math 0.4.2@aacc3759a508a69dfa5bc4dfa770ab733c5c94bf
- pocketmine/nbt 0.3.2@3e0d9ef6b6c5fb45e3745a121296e75631b3eefe
- pocketmine/pocketmine-mp 4.2.1@6d6551253173a498128c750c38e719f19880ad49
- pocketmine/raklib 0.14.3@4798576fec0364266dce23b368a7fec5e5de7927
- pocketmine/raklib-ipc 0.1.1@922a6444b0c6c7daaa5aa5a832107e1ec4738aed
- pocketmine/snooze 0.3.1@0ac8fc2a781c419a1f64ebca4d5835028f59e29b
- ramsey/collection 1.2.2@cccc74ee5e328031b15640b51056ee8d3bb66c0a
- ramsey/uuid 4.2.3@fc9bb7fb5388691fd7373cd44dcb4d63bbcf24df
- rhumsaa/uuid unknown@unknown
- symfony/polyfill-ctype v1.24.0@30885182c981ab175d4d034db0f6f469898070ab
- symfony/polyfill-php80 v1.24.0@57b712b08eddb97c762a8caa32c84e037892d2e9
- symfony/polyfill-php81 v1.24.0@5de4ba2d41b15f9bd0e19b2ab9674135813ec98f
- webmozart/assert 1.10.0@6964c76c7804814a842473e0c8fd15bab0f18e25
- webmozart/path-util 2.3.0@d939f7edc24c9a1bb9c0dee5cb05d8e859490725

Loaded plugins:
Alerts 1.0.0 by hachkingtohach1 for API(s) 4.0.0
AlwaysSpawn 2.2.5 by Philip Shilling for API(s) 4.0.0
AuctionHouse 2.0.0-BETA1 by Shock95x for API(s) 4.0.0
BuilderTools 1.3.0-beta2 by CzechPMDevs, VixikHD for API(s) 4.0.0
CraftingTable 1.0.0 by hachkingtohach1 for API(s) 4.0.0
CropGrowth 2.0.1 by NhanAZ, kaidoMC, YTBJero for API(s) 4.0.0
DEVirion 1.2.5-ALPHA12 by poggit, SOFe for API(s) 4.0.0
DevTools 1.15.0 by PocketMine Team for API(s) 4.0.0
Dungeon 1.0.3 by hachkingtohach1 for API(s) 4.0.0
EconomyAPI 5.7.3-PM4 by onebone for API(s) 4.0.0
EnchantedUI 1.0 by ItsRealNise for API(s) 4.0.0
FCCore 1.10.1 by hachkingtohach1 for API(s) 4.0.0
FishingRod 1.0.1 by hachkingtohach1 for API(s) 4.0.0
FormAPI 1.4.0 by jojoe77777/DragonfireHD98 for API(s) 4.0.0
FoxEvent 1.0.1 by hachkingtohach1 for API(s) 4.0.0
Gems 5.7.3-PM4 by onebone for API(s) 4.0.0
HealthTag 2.1.2 by Shelly7w7 for API(s) 4.0.0
InvCrashFix 0.0.1 by Muqsit for API(s) 4.0.0
InvSee 2.0.1 by BlockHorizons for API(s) 4.0.0
KeepInventory 1.0.0 by NhanAZ, KhoaGamingVN for API(s) 4.0.0
LaunchableTNT 1.0.1 by Vecnavium for API(s) 4.0.0
MaxEnchants 1.2.4 by Xenophilicy for API(s) 4.0.0
MinePos 1.3.5 by hachkingtohach1 for API(s) 4.0.0
MultiWorld 1.7.0-beta3 by CzechPMDevs, VixikCZ, fuyutsuki, kaliiks for API(s) 4.0.0
MyItem 1.7 by hachkingtohach1 for API(s) 4.0.0
NPC 1.0.0 by hachkingtohach1 for API(s) 4.0.0
Napthe 0.0.2 by hachkingtohach1,tungstenvn for API(s) 4.0.0
Parties 2.0.1 by Didah (@Diduhless) for API(s) 4.0.0
PlayerStats 3.1.9_BETA by hachkingtohach1 for API(s) 4.0.0
PureChat 2.0.0 by Vecnavium, 64FF00 for API(s) 4.0.0
PureEntities 2.0.0 by LeinneSW for API(s) 4.0.0
PurePerms 1.4.5 by Vecnavium , 64FF00 & ProjectInfinity for API(s) 4.0.0
Quest 2.5 by hachkingtohach1 for API(s) 4.0.0
RedstoneCircuit 3.0.1 by tedo0627 for API(s) 4.0.0
Rewards 5.0 by Wertzui123 for API(s) 4.0.0
ScoreBoard 1.0 by hachkingtohach1 for API(s) 4.0.0
Sell 1.0.0 by lenlenlL6 for API(s) 4.0.0
ShopGUI 1.0.0 by hachkingtohach1 for API(s) 4.0.0
SizeUI 1.0 by fernanACM for API(s) 4.0.0
SkyBlocksPM 1.0.1 by Vecnavium for API(s) 4.0.0
Spyglass 1.0.1 by ItsRealNise for API(s) 4.0.0
StackStorage 1.3.0 by Ree-jp for API(s) 4.0.0
ToolSB 1.0.0 by hachkingtohach1 for API(s) 4.0.0
VanillaEnchant 1.0.0 by hachkingtohach1 for API(s) 4.0.0
VanillaHopper 2.0.1 by ColinHDev for API(s) 4.0.0
VanillaX 3.0.0 by CLADevs for API(s) 4.0.0
VoteReward 1.1.0 by  for API(s) 4.0.0
WorldProtect 2.3.11 by aliuly for API(s) 4.0.0
_NewAlias 1.4.0 by Javier Leon9966 for API(s) 4.0.0
libEasyUI 1.0.2 by GiantQuartz for API(s) 4.0.0

----------------------REPORT THE DATA BELOW THIS LINE-----------------------

===BEGIN CRASH DUMP===
eNrNPItS3Ea2v9IXb93EdZlB75HY8hYYcMyuMbOAY99d3aJaUmtGQSMpegDj1P77Ped06zVgg5PZ
TVwJIx21Tp/3o9XSLztxXq54fX0ryirJs519a3enTlZiZ193LEc3DMsyprpjaK63u9MU8hJATM0w
bN3V7Zlnw5WUV/VJWeblzv4//293R8jDX3bqdQHjd06uj87P5qfvTq5PLi7OL3Z2d1aiqvgCrx3x
LMtrFokw5aVg8Leq2JKHy5skW9Q5Hum+/ya/P7kVWe37Na9ufP8K/rJAhLypBKuXgmV8JVhSMZ6W
gkdrlmQMLsFMcZLiNEXaLJKs2msR7VVluLcxTX8RJ9nDOQBBmmQoDuNfuwrJdZLd5umtWMFIwBwl
pQjrnfYqQFo0AAvzSKAgTAAjiVXBQ/EUe3+GGy24AX5s+EEWizy8EfUKSPH9KlyKqElFKcWAo51H
hklyfH9Ovzhq9ugovkZMc/rFUe4jo8BElr7/I/CZlyYO8h4Z1NRJWgFN4r5+Q1aFA3VNjfwKz+0R
jdcl47oBv9IYSNeAVGSROvkFB6BIGfzDY5SWXxdlcstrwf6EZnohqpqXNXvFsiZNCbX9cNTl5hhn
PKbohKfP6AoeuWrmognSJGRxk4U1OA+7vg7zrKrLJqy/JzrV7S+JXo/u9+s/1cukmvxFXoKpB3MY
msL8LzzR2wkN4wsT5tlFk33/ku3f5kn0CyLfASutS7Ax6YjK6tECD8FgajpCOwSECrC70/n+jj7V
phpAeFMv8xIG/3NnQ207gJQXCV6xaDB6e8aDVEQ7+zFPK7G7E4kCVSUpqPK4Ph4CVpx85IE5SHLa
X/S7nAPOnfn55dXH84t3xwC6E0GV1Ej8sq6Lan9v747X4bJaJvX0ToggXU/DfLWHQjhM7/i6uiz4
XTbiuYcOGTemxtQeMz5fJmlSsEv4gQiw+CrjoPLn8l0Q2kph9X1OFFVIke+/A5ZF2fN+eXV4cfVh
PuKcmGtI/29zDHED7obgMXtA8eT1ydWhPmbycgn+69n3v1GtOydg+PlqfTg/3elZrRRyYFIStkTC
QMNjMr+qZ+T2dZOkIJarPE+H9jsCj63YBG4DUXNjzO3RZxEu52fH4hZv+DG5T27eHm9LsSEiL1YR
IPf9QNJWI22+v0Hpswx7kdTLJiBzHpC9N0IFsjkqeVyDIV0hwQPhjOFb9PFvkMgDFx8RtXH6HLmA
WEC8SRqW62m1rkU1zUS9F/FqGeS8jPakQPLihzK/q5cjaXTATbfYcIj3S54d/gNgNzyJ8rMjOPrf
q9d/FWW+LanIGZD7libfP8NL324Yiljg+vjkx6QkpjqeO9BY+RDnJofv5m8P9Q3nKPIFoAbY5fkb
sbVoR0h9/5ZI8X1UnzwakPdEsAO733T9DjTmTbc3LXtO5ckZlCfsSvDVtthq5wc2ekq+wsYjuusp
2+twILNNthBjPSrIpg+bv1OeVvR0B9ty3EEK6ZkfAIf829PZ1JzMz6yxDPJMBPD/trSs0Pm+kFQA
Tt8fUfRk6jrJQvDRWkQfRlwNoBtqHTN0WlcXgqfvk2prTA1QAjM9Ic8LQsjTm6OjvBzmGgXY8MUH
ofU/ZqGSnvZ3W/b5JoGiLVtc5NGQ9R646Z/675Nje4qGx1sTAvR1Yw9tIWP2rU1L/in/KRcz/Ld3
XPJFnsXQNb899txtCaKfAPtJoqk7eJZVtz37kLWujf9jqPZBw7wttf4gVsP0Sqdbirff4sldwEUC
5N/nqO4txLN6ecUXAxZ62LjggwJoswMSabqe3c22xkXVYvT9jornR9fT7Bbq4mr5JrkfsDOEDhnS
HlrjWfMzoNuWEa4Im+8n2W2IBMTJ/cM29avcXAoxZgQBT1Thr1Oojt7mZfI5z6ptsTJC6vuSkm9h
5m9CFHAX+F1ergc8jeFP9Fpdg/G3Zc5/4Ctw8B/fb7u3GFG0hfbiHW+wUgB6rt5fDTgfw58Ikz+K
MOO3SbO1KrxDCEocErJx+hzVnvF7VQsN4+AQutlFbYTCTyLLaWknXG+LvQFKVGFHyujkWcxBkzHP
R4wpyOaqif07VWyKnu7gN6/+nTVpnXzMy3RYrA2AY8ZnarnIfHK56Ag9N27WTV01NwktE6RJclP9
WxaRVkjvHdILghnS/lsWkAaIUE7r01qshjKSgA35/F5mQcS0v9sqdt7PjwYM49kfZQkcaPm2YP1F
+3/Pi3o5zLsKsFk7GF/ldLeGFr+qRXab/RuZJsra3+fEszkv60QM41kLeaKsOE4ivmTfH8Bvs0xF
Vb3cGltRi9L3C0mM7/dUfavDdgQSu/Rk7rLmo9w0hA7ZNqHE9a5xqf/3aVIGdI1OfrNJz5tSHC35
sEHrQA+edXyp8tjdcaw3bzTt2/ROE81FuaI4v/Ho4w2npxnVvMwB/SeIPnlTzU8mLXzwQORaTg5y
UYT3R8+yexh7ktXJpvEPwU9I4p1IskxcftyW+lPCBzYPNAhFg2RqQNG3LYy2JO6NsCj2pRLGvEvY
5vqD/QUTYLtMaoH9NwOV/STC+jSLkyypt1a4jdRM1A0On6PovzeiGtq5PB+r9vcq1YgW9fObffpC
RFUNHf9RUoZNMmR588o4xD2I7LWIcs0xttfEtwh9v1SUhJIS339I2pMKvRB3UH1UI/4kZLzKsuGt
H0VZf24S3TC3xlePEhkhGn51f9jj2lOoSKmXYV6K11huDfgdAL+64v0fs+OeoOHxb7boS5GmQ7bx
9InyMhUZ/vfO+cakNH7m/uUIrbD7fgXEALOSpCdt9nKZFz+MHlu0kD9Kuazo6Q621SBcJp/FmHEJ
+KrhxqLMeHZ4dLatLNIhBP5ofvn7K/y0Jw2Zu1nTQlg1PxtyOIBuZRnnWxQ7WMcZ0DE6eZbBFusF
7hcbstWCnuDp3/2craXj+cvAUDOHN5d1XtImyZ6hIfjBnpcxUxdCTH4qtqYlKPCufyogiiAJlSQB
OBsQJDca/goDlZROcBdhiHtC9hRW4hKEgU/HL18PxKAAf5BtLZKaLXXuP/IsSVOu1vcGPG9c+IPw
PqZq83xbEVlhfZsXhSgfykTBn+j+j/I0yd4ei9ttCaND2LEtCdk4/TULdh2pPfOfHvL96UFZvGEF
R+8OafVyWwxLdB1/n/qj58S0H/NayEJxyEoP3NhAsMHMlngoBQQ9iFe+fwszPz8g05IpNIw17vXu
yR+BxwZoTvUNC+Rp0qRbazMlNt+nFeJCkrDJzzN77rMmKeNEpNFev5970u6YryHy7614VYtyb8Qu
SOX6vbg7TBM+TLo97Ik9AX+FpC9K9k7kmec5zrbkItG2WHFDMdCifn6FL47R7Uk0/8LXAoITXq1H
hWIP2wzPGwutPyQQHf/ecGigtsW2nNj3OwKeMGl8nYGXQDfodWOv3ORsPi2WvCRScN99RQtZwKfc
+bPjYnTFpyVBiG8GDCEhh3YjgnuHsHx1HeU1xPURVL0c0gOaMh2eR7weXY+TtBYjxItVMTxdQtIY
nifQId0OAT9VpJDufBVUdYmbu4ewvKzV+rjcLAAFDzIUDQcV4VgOFyJOBa33DaEVSbQagyIsnQeQ
y/m70fTr6uc0w8nUEesu1fmNyKAFGIng/l5xjeRivFnzVap2tOPp56SQ4dSjJaPPYKLD2+H0fjWW
eo7kGZpm6rrhAWB+fD5iPcqvibRNIICSscJysNKqGg28TFZFKj6djXjeoABO8R2eDT5X6V2ZbOi/
qJc4EiVsqew3X27Y3rLJbujNFIOEZJJUkkWQZByf4kPaNKYOSkLcQgAM1CBEBRVJUecKYEhhRaBo
aZaaylB9xLzu5xpcx/ePkizOR3YbPVB5MrISEqU5BJUC3AP9cNFIW2zx/wPcjZ3PQ6jHBsJH714W
al6cUWSi5MOliZG7oyvzSvSvgYE8pf3QTvadfUOzLRBbdQ21Wtc3YNLJwxywWq4Dc+AK3o4TObat
G7apz0xuea5uuOHM1kLTFTPdi3XPdTUeWWhZTZtEkyzK7yr2/opBzZ/Vy0Rk1sStkozpoFVGNDB9
NnNM9n07+FKUQC0zNN15yQ7Pjh18Ig88D4X2WZAnWZ29LItrfBC+8/H0PW0MoJM7ypgQpIq8EuU1
aLnkpVpj59Eyx9WhPQwdExijXvrC+sQ4iEMjnjnezIs1blncju0gNLgROJoWaTPHiIUmZsA3yrFM
wps9FS21qTc1D0JuzyLdjTXDjV0rns1mgaE7bhjpnq4HWiSEYVomFxQKgVcIQ5CPIMCmAbRHk1so
ACBE4ot2IMmbLL/LDtQvmt2izKtK7AHLvMrwVaJbA1PwgRCx5bqep0e2KWxXOFro2bYVaF6ggzCB
qIB7hocuAQG7FJXgZbgk/ldc1t87t+RtB24QhJqhc1dEgSEsPhPciF1Qbsw9EXpRKIw4DNxo5CV7
gYhKOJsA7Zwk6Uy1/2mBIFd3qgOVnhvaum67gDWIbJd7tuc65syKjCgGYq3QATlz7XHUvWGSLTxE
r+kzYc9CkDufWbruBmEQ8JlpGmImQLiecEJXdzxzAz3FjN7BQaAHNg9nQnBP53HAIzcKweRjOxSm
FQrH8GaRLRy4zMeYHlUi7eo+cKyZO7PAqBwnCDnI1HZd27AM4dqhYYaGLUAyNr3aMkSIywtprqIm
kqYdWJ7gpmZ6niniKA5ML4xMzRCGbjuRrQFq19A8sM8NTHma9zjAKpB+J5o5sSFMM3Jc3QxNLzK8
0DBCywlBknq0QQ29/wkNYJQqckDFBxGHqS2uWablBmDhwjV0TwQxxIo41oEn1wtDd5OcNMeKojUW
NGHzwIq0QHP1WOczz9JmQnNnnuMKPnM4j01TiwIg2QjsTUwLooWcwAk93Qi12NNsG1QdGaauuSI0
In3mBZ4TW2BhQOkDDJNBypGoHD2egRjdMDZBYaFhCUuA3xs8jARIS+M6uIEZbjhBFwggzh5wHobm
zPa4rbnc8aIYfDC04Gc203gAZhnaoWcF8RhFFtRtbjowhRZ5InYCJ7TjwLIFeIrNdQMyuCNmtmPq
gQmOL8YYBsU+FVIU8w++IYAPcJX8RpYWEGpJRzPPtcFoRKiZjmU4DkYDMzAd8DgA2sKOxMwzZo9h
mSRF2FY0B55hcMeywOdDJ5xFnHMb/3NNQwfV6yK0ZqbLxYZ8qyzPP4s24x9oHHwdQvPM1UNL97ge
O5YA97IgtJg2BmDbE4YXYKLlq0qs0Q36ig43fBkHIfybWUKAdA0XyqMAHMnSAlvXbEcINzKDwHFC
jfdImiaJlFxNSBZeEMziwDZd1/H0OJqZM7ALy4rCwIocuDuMDdA63r5sVhXn7f0Po3u1XsV5tgYN
pmsoMNJJW0zfAqlolaYGUUN3jRD0xwN9ZkfgNKYVBVoMxu14rudqaFyP4YKU4WoDXPYsmOkGeJyI
osCbhZDYuAuhyTRC1xKaOXM9IzKE9yVc+hBXJKyAG5GF0ou9INKE7gUGB5+DQGzaEF0gc7ixbFZW
+WdokfYgtImybl8rAJfzHAuoCGeuZrkQUlzLACMQGug40iF9AZO6Kwx7hKQAj5tg7FbNOQQkz/Ti
mYjAZ0MwiSDwQky6dhhoduRCvPUsT5sBGuqVOtuarqlcfcGw1WYhbmVfNCWnF3Kx2GNxXrJRdeVn
L9jVEjIpq0SNb7xVDF91x9fW80xUcMBrFsr34APBkixMGwge+A57RVXOFBIaZF56ug64LvMV3Bkj
gk2cFY/FLsvhSlkhShZAtLph67wpFS6WxGwFXQj0+zgDFDf4+nq6RsTQuXfo9qDU5U1aV+wuz76r
GeZ+XjJoYnMIXglmMHrLHt9mlnzfLUXGmmJR8ggQTP3Mz1pk+37G2IuPS4GEsTqHWaBqBRRMNmAV
FX4VltaRvEykyuDPQJ6pqEleuFRIL9BjbkHICjGDxEMxSTkWxwuxz6g+xQvVsqmhWswm6nsD+8zf
UYWj32i6rsNfTZjsZuk3uojipAPDmZctWIpHXE/+y98hFg7TNL9jaVIhW0wtkbDbhLO/N6Jc45if
8aBdPdln2MLTrSfU1Kt7GDDAsLBkoFqQHmIL1kzJHMfLNYBJd3nA1YuP4FpgOqAAHkUMajSpJ5Q/
aOaGrQSvmpI+UIDfRAgEEg1SFD83PEX5LpJbGAvFRyPY92pSKKVfInY5o5iUooBWeAL6WSxEuQ+X
ae73zSoA8YH5HVbrLKT33O/y8gYMbkoDPlSgQ/SBllMctizzLG9AzTC82mW0ZsVkU4KOs8uw/AZG
sPsg2YDjImzVZGBqOEQivyQ7wO88FEDnfQKmKEAMwBKZeNYRh7JVBJ3GaNQ4Bo13lyX1dyC+uqTb
IoFrWfITEuOb2ffAA365wCCxEBsTxek+odo0ak7GUTZZhuqMsKHMC1ICdTDVlB2LW3XMVsliCV6P
m+p3h16qDAclUpZNUUuoFBgKZgW0Kb5IueC91JVE0nM4fgoAyH6cArQRtDloDRKwrunA0GDwRA7q
LM3PVgKmW0vv/SHNA7AeXH9iEg5+sEpqDAIrseABLd6zSylqjYSbVPSqL95+hVq7S0jyZFHg3XcT
iag1soo4xFeD4IAJ3MCOaOJSiHZKaeSgrQb9mS1yUFSO/oxWgRMtiMwJkbbPNOQCZqdYLUu3PzwH
uKD3NfqXvIx+G/1VnRdEgoqzHUkKXcUgfBSYdqOOIJy1pUrXDEsRRkHgI3mFoq/6bgsUkl8QSRgx
WNhAlsogSzFxL8KGgm8uSZYeiVmtGy3uQyGiqudIBq7zq5N9dvX29JK9Oz07vWKH8/m705NLNj+5
YB/PL/52crHLYBC7OodRJ+zj2/N3J2x+cX50cnk53QwBI3kYtqPEMRdlklPmxkBcIYPhUlBIJml0
wVYH2UPtEFFsoSETCIVChllCdZRnwCcEaLAm5PdLxiaN7G6JKRhkgiFIDiPMEgmE3j6Qy4xEc5xj
DsGCgG6YPhyNtqBWo0FthQixbpCSRXKlXuW9HQ9gXqKoelZNTfFavXycJMW5qThf8DIAz5j0JTgF
oMelS66G5Ki7mLoLYveKZw1VKUNKoIJrwAZf7rY5YdMIWzOU6TWGXqWW/K56F5yycxnzpcFDmZE3
adTRkkASuctYT38lERdEPjDqaJriFWZ7Q8HiQZIk05EYOt7iMl+1yVberUZMhqY51DByozT5wDbY
IyY1so7LtrJElZU5fbGkNeSoWRWyDJO1HlMXJnih1dcxDlI3EO1EZssBnEGaB2fnjwgYkjYkPpjh
Fj/rVDUCA0O9BK0t2rIUgxbO1lO12ypS1giq+pxKanDoF+W04vcTWr6tWtqPeIHQZNWsIMdCei0R
ec0zKD9BkUx+OElS0csV/UWJkjzmoY1BVV4oimjCCZbLDSRdq9PYcS4vbdq0/ORPi18Obl1I4lID
h5xR5TCh5eGOt2MghWoVKB9RekCdLDAkloJj88LkPZLDnju4TclT8tPOjIP7ahcFmGK/oPB+HdXX
7NDPMlGjwvZVioDSbJmnssQMcBsFVeJEMlRNYEIqyVBsky2SuipTSyC6YlOmtxdDLbWXMKyW6xqR
77KJPlAgKY8mntQtMSoFUNTu61h6pIAlZCQ5x6aHCn28GYCKrCl7C7Ug2NIrKu7Y0fzDLsPd/zAw
i+6SCMyeagUZPTv8E8K/z5y27O4r8oqkMxg7ZYdRhN9VS+M96DllmxAJsGE1FUzKcP0QDWzgiH3a
GyAbtiIn9xjVsMTk6ZQhER/m2bwttvtOEXsJJAqf9OONTZEVE3W+0d2cKa+rks+i0yeW5a0aK0x4
qmSCsl2axyC1Wp4hb3o5ZXN1T8rLBd3AVcuqbIFmjEu+QBZAJyC2qkipYsE+dAXEo7PzEvV0lCYw
SjbWJTRToqrZ2dUHorQClpDtoKkZNvKkyn462VxM21izqpsJ3rVP1A77Q5HRcyfy9ZidtXuiOjah
UY7jJJwyylJLjkUAS1Ygmxp1B9qgT/pBmNolWkBpt0T0EiUBUZcCMaRoTuG8kiqVpQSMrZWNIidC
LiSoUKe6qeNzKpKOTy8PX0N9RPVUk5ENYcBuMFLSI1NZJCRojOqDedGw3+j57H09EkGz2G+btr8w
HZs1VbIuIVzRdaZ6+UquPqA3Z1Uuk7fyCB2RSaoltqNlnle0QtH2aqLtximK4/Iyq/htmy3gEDdA
4DVaeh608UAYPZWXRZtavPkpTzK5IECS+o59CvJ79PySnR6z7z99OD1+CXoHtwcaYPwdqA0Vg++K
gHNgD1dGSj6y/ABvyHvdZeDtn16/a/Gr/m4A+Y4moy8M0voJqleVIsRb3i4lqTR6D/RNcEPCqzyO
aVq4lsTryX2TRL1CSJ6T8SrOFS3DSFeTX4+UMqBIr/yqqdRyUAhBpJZhVt0zkffsM/XAFaeRKUSF
RzUL5kCeLboeJcPb0s1UvNuOuk3E3aRL0I+tnEnhHq7yBqNHLHOdCiYgsla0mNsxOtJSCKgfjyk5
w80XlKoHNxPjmZCtdyAkskDE6Pv0TTdypWVrZ2RaCB4nfck+TtSxDzGQ8U1SgZeQshYTkE8fo1J7
nExeAqaI8dbcgdj2ZvztqDE3VngC2n4L0qySSOYM5IeDTsHgqiYYSmGBSRRGiEimTjrpUhstNSnj
4GEoUkGdgjRvmjVNbmAK7JMpEqUcWF/Q97FkHIMpOFtKbIMgB95f1TIlE7ETlEZL2qQXjWTt9Lga
8IVhGjUvsTH5gLVjUy05tWUO3TNSEuCbMIO9ADJxb2+nyH5Zq9Pl9KEyVfC64wl1s5BMoNWTVlTk
RZO2bqNOMN/TGJU2TAMnpDYIuaSZMONi5IKSQDUYCFELefuq1MF1R2quJVhWCsqy8IuEXYSO+qCH
njnBT5lugLrAMAarnQeDnA7xYCL3VnUjl6C3fUnKtFitimmSE8UQ6tYrbA7BlWtcZw2rnnRMU+o6
668TCxTm+GJRioVaUlTrj3KZBT+KebPJH9EHseb8+Hwf5DFRSUHWBxi+7oTsQDg4+R3NWBHhPQME
mw6eDkCe7iTfFLiHSSrngVBBofK6MiaohHCHAeWyQb45wkV8MVzL24XkUCw5uIXAyF4iDW1dChkj
FiX0HhOMixkmQ3m1zV0yc/DR2qDa9TFItg3U4FDbUGxtQ5hCSFqW19s5HmhV8jVUa52s+gyisjEi
xfFo9ZgwUIsYxnFCWvRUN7UL3NN+AnVlOEMrua/ne5VMpCalBwzWkhQOQF8rebarRksFlCGu7DoJ
FR1wER6atYjKoCTuEOHD9KaUj2Yw2rRLKTLyAj4Vndp8y3F3oerToLTmuFlKnWEBBDQqXe23SpPX
wEZxTW+f/ZMqFyhad2mR7/8QqUzMXfIePjIiNrCSLinA4zKKDF5oVaJ+NI9SfKb2saKOgdpv/KpA
kQpVBAzJl/MSXBr6i0qgG1iaJU+7GYEnuZv4GimSHz6gEdh3CFxm+7Pax7Fre/f0Dt6ueR8lZb1L
EfjPquyTD16GKxjSozHrgZzVAmP35egUNBeumfxub1O2Qbht28rukQ1FGMADuSmkZ2dVK7RJ+7gH
7EHW+C/eUGihqWj8CAkVyQpyPYBMqNgcVIG5bATEPQS6SnW84Q29a0fdHUS6IIFuZS2rOhqH/AIp
0I/JtCH9RnJJ+KFMKrvYjA9tNzWMTzfnvb6P6BEnPePzoYQByhr2RgTMsJhu72vmvm6yj6evmaEZ
Bg5on8O9EhBu4XyV19Gr9mUeBMgJJ+h8r3RPN40N4K1DYBPBqltICgCCtQPkbpnUYoKP4F5phB7a
KVW8vbIJsuC4mBAJeV0+HOxgUO8iFJdv8TFPe17cFgp/lGB/BQa9fkWEdfbZpbtXxCWVxlhxvwqX
9BjRwxVYecTBTFf9KLT4wU34rP7V8cmbww/vrgY80oNDRQSlD/RldT4qb1+5CBqU8DRk51//D9g8
DH0=
===END CRASH DUMP===
