PocketMine-MP Crash Dump Tue Dec 14 23:40:03 WIB 2021

Error: Undefined constant pocketmine\block\tile\Tile::CHEST
File: plugins/MyItem/src/muqsit/invmenu/InvMenuHandler
Line: 64
Type: Error

THIS CRASH WAS CAUSED BY A PLUGIN
BAD PLUGIN: MyItem

Code:
[55] 		$plugin->getServer()->getPluginManager()->registerEvents(new InvMenuEventHandler($plugin), $plugin);
[56] 	}
[57] 
[58] 	public static function isRegistered() : bool{
[59] 		return self::$registrant instanceof Plugin;
[60] 	}
[61] 
[62] 	private static function registerDefaultMenuTypes() : void{
[63] 		$blockFactory = new BlockFactory();
[64] 		self::registerMenuType(new SingleBlockActorMenuMetadata(InvMenu::TYPE_CHEST, 27, WindowTypes::CONTAINER, $blockFactory->get(BlockLegacyIds::CHEST, 0), Tile::CHEST));
[65] 		self::registerMenuType(new DoubleBlockActorMenuMetadata(InvMenu::TYPE_DOUBLE_CHEST, 54, WindowTypes::CONTAINER, $blockFactory->get(BlockLegacyIds::CHEST, 0), Tile::CHEST));
[66] 		self::registerMenuType(new SingleBlockActorMenuMetadata(InvMenu::TYPE_HOPPER, 5, WindowTypes::HOPPER, $blockFactory->get(BlockLegacyIds::HOPPER_BLOCK, 0), "Hopper"));
[67] 	}
[68] 
[69] 	public static function registerMenuType(MenuMetadata $type, bool $override = false) : void{
[70] 		if(isset(self::$menu_types[$identifier = $type->getIdentifier()]) && !$override){
[71] 			throw new InvalidArgumentException("A menu type with the identifier \"{$identifier}\" is already registered as " . get_class(self::$menu_types[$identifier]));
[72] 		}
[73] 
[74] 		self::$menu_types[$identifier] = $type;

Backtrace:
#0 plugins/MyItem/src/muqsit/invmenu/InvMenuHandler(53): muqsit\invmenu\InvMenuHandler::registerDefaultMenuTypes()
#1 plugins/MyItem/src/hachkingtohach1/MyItem/MyItem(88): muqsit\invmenu\InvMenuHandler::register(object hachkingtohach1\MyItem\MyItem#23618)
#2 pmsrc/src/plugin/PluginBase(137): hachkingtohach1\MyItem\MyItem->onEnable()
#3 pmsrc/src/plugin/PluginManager(438): pocketmine\plugin\PluginBase->onEnableStateChange(true)
#4 pmsrc/src/Server(1371): pocketmine\plugin\PluginManager->enablePlugin(object hachkingtohach1\MyItem\MyItem#23618)
#5 pmsrc/src/Server(999): pocketmine\Server->enablePlugins(object pocketmine\plugin\PluginEnableOrder#23439)
#6 pmsrc/src/PocketMine(301): pocketmine\Server->__construct(object BaseClassLoader#2, object pocketmine\utils\MainLogger#3, string[12] D:\FoxCraft\, string[20] D:\FoxCraft\plugins\)
#7 pmsrc/src/PocketMine(324): pocketmine\server()
#8 pmsrc(11): require(string[56] phar://D:/FoxCraft/PocketMine-MP.phar/src/PocketMine.php)

PocketMine-MP version: 4.0.0 [Protocol 475]
Git commit: 468faa464b2bc5c97f23fafbb71ea61035f6f218
uname -a: Windows NT DESKTOP-BVRHES0 10.0 build 19042 (Windows 10) AMD64
PHP Version: 8.0.13
Zend version: 4.0.13
OS: WINNT, win
Composer libraries: 
- adhocore/json-comment 1.1.2@fc2f76979f0a44a5f5bc2a2b600d0762fe0e78e7
- brick/math 0.9.3@ca57d18f028f84f777b2168cd1911b0dee2343ae
- daverandom/callback-validator unknown@unknown
- fgrosse/phpasn1 v2.3.0@20299033c35f4300eb656e7e8e88cf52d1d6694e
- netresearch/jsonmapper v4.0.0@8bbc021a8edb2e4a7ea2f8ad4fa9ec9dce2fcb8d
- pocketmine/bedrock-data 1.5.0+bedrock-1.18.0@482c679aa5ed0b81c088c2b1ff0b8110a94c8a6c
- pocketmine/bedrock-protocol 7.0.0+bedrock-1.18.0@040a883a4abb8c9b93114d5278cb5fecc635da82
- pocketmine/binaryutils 0.2.2@f883e1cf9099ed6a757a10a2f75b3333eeb2cdf9
- pocketmine/callback-validator 1.0.3@64787469766bcaa7e5885242e85c23c25e8c55a2
- pocketmine/classloader 0.2.0@49ea303993efdfb39cd302e2156d50aa78209e78
- pocketmine/color 0.2.0@09be6ea6d76f2e33d6813c39d29c22c46c17e1d2
- pocketmine/errorhandler 0.3.0@ec742b209e8056bbe855069c4eff94c9734ea19b
- pocketmine/locale-data 2.0.20@a6e4eb22587e0014f6d658732cf633262723f8d3
- pocketmine/log 0.4.0@e6c912c0f9055c81d23108ec2d179b96f404c043
- pocketmine/log-pthreads 0.4.0@61f709e8cf36bcc24e4efe02acded680a1ce23cd
- pocketmine/math 0.4.0@6d64e2555bd2e95ed024574f75d1cefc135c89fc
- pocketmine/nbt 0.3.0@98c4a04b55a915e18f83d3b0c9beb24a71abcd31
- pocketmine/pocketmine-mp 4.0.0@468faa464b2bc5c97f23fafbb71ea61035f6f218
- pocketmine/raklib 0.14.2@e3a861187470e1facc6625040128f447ebbcbaec
- pocketmine/raklib-ipc 0.1.1@922a6444b0c6c7daaa5aa5a832107e1ec4738aed
- pocketmine/snooze 0.3.1@0ac8fc2a781c419a1f64ebca4d5835028f59e29b
- ramsey/collection 1.2.2@cccc74ee5e328031b15640b51056ee8d3bb66c0a
- ramsey/uuid 4.2.3@fc9bb7fb5388691fd7373cd44dcb4d63bbcf24df
- rhumsaa/uuid unknown@unknown
- symfony/polyfill-ctype v1.23.0@46cd95797e9df938fdd2b03693b5fca5e64b01ce
- symfony/polyfill-php80 v1.23.1@1100343ed1a92e3a38f9ae122fc0eb21602547be
- symfony/polyfill-php81 v1.23.0@e66119f3de95efc359483f810c4c3e6436279436
- webmozart/assert 1.10.0@6964c76c7804814a842473e0c8fd15bab0f18e25
- webmozart/path-util 2.3.0@d939f7edc24c9a1bb9c0dee5cb05d8e859490725

Loaded plugins:
BuilderTools 1.3.0-beta2 by CzechPMDevs, VixikHD for API(s) 4.0.0
DevTools 1.15.0 by PocketMine Team for API(s) 4.0.0
ExtendedBlocksConverter 1.0.0 by JavierLeon9966 for API(s) 4.0.0
KeepInventory 1.0.0 by NhanAZ, KhoaGamingVN for API(s) 4.0.0
MultiWorld 1.7.0-beta3 by CzechPMDevs, VixikCZ, fuyutsuki, kaliiks for API(s) 4.0.0
MyItem 1.4.5 by hachkingtohach1 for API(s) 4.0.0
PlayerStats 3.1.9_BETA by hachkingtohach1 for API(s) 4.0.0
PurePerms 1.4.4 by Vecnavium , 64FF00 & ProjectInfinity for API(s) 4.0.0

----------------------REPORT THE DATA BELOW THIS LINE-----------------------

===BEGIN CRASH DUMP===
eNrtW3lz20aW/yq9cmoi7YoULoIAU5qyLMljbWxLa8lxdsKUqgE0SIxAgMEhiU7lu+/vvW6QIC3H
yUymav+IayYC+nj32Q3+vJeW1UI2t/eqqrOy2Jt4h3tNtlB7E9t3w5GFf+5w5FmOExzutUs9ZQ2D
8Xhkh4E3Cn1n5HjYlMu6Oa+qstqb/LzXrJZYtqffD/cWqq7ljEbeF4lKs0IlIi6LupFFI5ZlfKea
BQan0yjHy3TaZDlebvDfyeT01fn1DWCkbZ6/xAiAnE2m05fl42kl02Y6XebtLCvq6fTN6qJRi+m0
ruLpdNH+VGeYzYr7hSra6fSiuH+Dh1eySHJVDZfzJQHVAA2IIw3hCACO9P4js/1oezd25qB3b+KT
tCoZ4/GHvWeW+L2A9kfuwUR8gdbJpFKzrG5UdaZS2eYNzd1AwvX+ASh5Zj+Fdi7j+V1WzJqSnuxu
Sv/ZD4Lfg3a/jP6h4kbswNxIXP995ri+HTBJjlguiAr6vybu6Ir/vJC12rfdMdB/Adrgr2VxXsgo
V5pL93Mg38gCtlXtey4x1bcmvWw63aDeAL1uZKNO57KYqf2mahXj8Ho4rlUFnyBa7V8Fa9AP/qoY
rh78/RIbfYo6DMMdzHpiG1Xd4fo8iZrjyypRFTB6bsgY/R7GK977Bnv3Xcv+DNbbW/bZqo2bDifJ
9BSeX78uJUM/FE9Q08KfyT9lVrwuZxDWM/dQABAE84Pt/Ci2/Xk95Vi7U2tXZwbGn2HA8XYYqLU8
eVOgN+3bxGWlfmqzSu0bhCP/R7Gcy2pydHQ2OerQ9mAP3lwNacEOSgomB3s//nK4p/6dAfBfjlUg
UO++xdIyv1dY3gBkAhnEzV43ixENHCNxmSjiZzTC6LSZNl/pNYO/zlRj7PSAX7adEWNd9Di/B5Z6
v1APwlDGI10ENAAPDkX39A3wjnzG9ws9jvFIfwMeWrZRnsWwEdngT9oWcYO8JbL6ncGnkv0DMRFR
WeY/07bQUF6ppq0KUas8nUy+0tRVJP+M9RCrMhWaCSLAt9YE+LYmwHc0AVV2j9jxCQWfD9Kg5r7M
EqLGdzs5sqZfyrgpq5U4FiSeF72hfRaD75nlmuoORQebhXoN080V7z2hrTT5RjUykY3cNxKfTG7+
9+r8lk3pUDjjQ/EhK5LygQmEiV2+vTm5eHv+Dkro08WK3WfQr9VMxquLpDYGeSgsqKxnoQea4NGX
CT4rocLfRvDZ5fsXr9d0j7x/H93+HyroV5dXV0TVaIfgbvw3UKuX3r54fXn6rSZ6uveqXC5VNd0z
NI83JhoYEw1/zUc+4arPgfiKYtYh+434qoRjV1miYJmpzGvVt+GxZWSVpftZXYN241MUfW4JSv3D
V9hbYEGmKoBg0MzmxXp4/+DHA/GXv4j/WOM6YOC2AT5tmnlVPggTN2SeJSfVrKWQdf4YqyVxtD/d
OxGEVRAC8ZA1c9HMleghn06nez/3qPmFBhAthMwrJZPVWiiIyLKGjMVQgM7bmLLarzP2o1bD2DEU
kyLGrlbEeNtxPwehk803e7/8WUj+WUj+WUj+WUiikOwKsZoqrxdtlkMiNwjL/F5I6sC3hw/31u37
nj10h9YgQlR3MC7bZl5WNUWV048qnl+9OVP3tOG77DG7e3VGyOQyo3lvaA0tetdGkexNyJwP9xK1
VEVCIDBXl2lz1h9YSC4YYwK+XCQAjiJW09YQbdPpDqU5FIwNV5fXNx8u370+w9CDihA/iKt50yxr
SG2GSN5Gw7hcHPXIPtoChYiJwV25rIe2ZWKPwNuWODZSFzdKLv4oQXT4p9MeJYbn65uTdzfvr77E
8YayozUMMHv+2ACbSrhQqE/LAvwhpvZ4/9yKbVFYu5L4b3mPXPRalUUYog76gwSxDXU6/Qxx2pt/
t4y2oR99jnOI7VullshHSLkotXrC2h7/gojeIr6f/B1j385L+TeJaDD77u0fJSkNfDrdomhXLr/Z
Xwyp4PwNMnz2oazypMd2b3Cb57GJGu4Xo8bp3/k4btU2dXuX4fkOxVl2V/9bYsmC6H0geiGRPu3/
ShzpASI56Wa3J6Ou++3LxxuOtiWzk5L/KO6/kOl/C+dgHMLL8rhaDetVo+phoZqjRNbzqJRVckRM
X+VypSoqXvrRsz/aZ98d2sPw9sX5zck/LwPuI/5ZIfQI23r5rYbwIJt4Xs+zZvigVJSv2CRYDm2l
rlS12JLCemzXBLxt9r9TcYFA1C7EofC9ly8tS/xFXFUlFS4XRZoVWbP6o+ziViMA9x11vccviWHv
Fzr7kRX4Q1jcyX9dMcKUUSAlhlkep2VFuwPQbVNciOKFbOb9kVjmoBR7+2Pl4jYpG9jc1qg5EtsM
tFXef0cTujWfZjmnt83IbLHsv85h0P33DFXlfX/gHzUrbv2+iHR9tjVWok6hVXgfUsVEZ0FgKOkv
Wsbbcnin0lxxT90frVmi9fZQAuvoj1xfvd5Cv6p/ygtCZp7Eeqop71SRfdwWweOj4ZrItTGwkguS
ojN0+PVjttT1Tsjh6mOeRf3teH1cbEu9JPIcy3Jt2wkxcHV2ucV6Ut4yabuDGMq2FVbCaOt6a+F1
tljm6vs3WzzvUIBX6sR3+FzkD1W2o/9lM6eVJGHP5Oir+Y7tzdvijtsEh4XkslSyWZQVktI/Ipkz
9EkS6l7lSWQWEShEy2VTmgFHCyuBorVZkrxp1aYduN3g6s3TKW1WpOWW3SafqDzbshIWpdsfqhTc
g/xw1mpb7OD/He4mLq9ihMWe8Mm750uDlzCqQlUy78e0vruTK6Ph2lz6reXJpfvexLFcB2Krb5FH
1pF7WZVNGZeA6o1HwJGRf3t+kErp+V7kRPEoDsep46YyjaKxraRvW+4o9VPHDgC7NaToE7FavL0R
Z+fX395cXg1efPfu1fm1JWxQIZgGYYeW54j9brFtHYiTN2c+RWC6u+vJ6qNiB/LWZjJf3pakkw8X
b9/SyTm/PHA1hdi0LNHG3UK5lawyxXFOJnMwVqkjihgDrDEH4zbFhOdp7KRjPxyHqSU9T47SURQ7
0ol8y0qsse+kylLjQI1JfFUW3x2ZIGkNw6H7PJajcWIHqeUEaeCl4/E4cmw/iBM7tO3ISpSiTloq
joBQCKIPUhPiah7J+G7AB1+yoVsFCPCuKB+K5+YvWdusKutaHYFlWRd0dHbvkDk/dywnDC3XjSF/
z7UsFfkjX41VoIIgTkdOYie+H3qEFXG6UrWSVTxn/heSDhkJFBvF8yCKYsuxZaCSyFGeHCvppIFM
vFSGKg6TWDlpHAXJlnMcRSqp8Dago0WWJBqw/+oGIVdo77kXOLE/DqUcqcSKAju2QJwT2WlKb7Yl
Qy8OpB8/DXljjntjInQXuuVZMghc6ckoCuIwChHhvGTkjIM4GqUqjn13lMjA2YHOgWLj1Q4ZAMAo
O05DKwxV4svxaCxBHaxiFLn4h4rCiZM03Ib0pAqpt3Cf+944GHswKd+PYgmJjoJg5HiOCkax48bO
SAXxaCR3SOMjybw0oZJIgwhDJV3LDUNXpUkauWGcuJajHHvkJyMLoAPHCmGdO5DKvNzAsMJI+XDW
ZAxPVa6b+IENwwkTJ4wdJ/b82B4rO9mhhq+65uaOyUTR5yoee05EKANr5EcRGBpZfhh7Kk2hzHDs
ekraYbQNCk0byojOVEDS0LGeS195kKszCsbKsmwv9RMfz64Tp77rOr4zRqAJEncX1IyJ8YgYPw5t
J7agt9EoDsCBa1uBimH8Y5iDn3qWF1vepxAGvUSjQfl2Oiam4tSFxmLHA21we0fGaDr9wJI2vMCN
d3xgHQcYROJ7yhmNRlHiqJAs3vFGYwSEUYLNaWy7oDFMd4y9iJq1cMMg9qTlRbCM0B4pxJTATdzI
gm1DUHBMW0ZQv70NYfM44PJJO/XvCNs9WJW80wUFIq0Hx1CuDHzbhi2PLWWnEj7lOyM4no1g53lj
hdARSRU/BWWQLeOujnkeOo70Pc8DM348TiRCAv0vcB3bgu2p2Bu7gVQ78q2Lsvyoujz/3JJxgFgN
m7djzw6lnULi8C84feCOKP6OQuWw8aEQrtWK/GBTx9ns6zH+jT2lRsp1AhRFETzJs6KRDXtWCvYW
Rb4fW3IDpG0znX4QeZErQsgwjUZuEPihnSZjdwy78LwkjrzEx+44dbwkpe3zdlFL2e3/NLjXq0Va
FitoMF+hrMgHXQl9D1JdVmKchKNxOFYhoo8bpEniRJbrhy4CHPKOgnotGNdTsJAxAmsNy36OcGsh
D6nEliGCgAS0UCrbQWxH8kDGspyRN44+C8vu0aV8GEWYugnZeYoUFHoBfNW2Yi92QZQL5w3xX92i
LMqPsmqOENtUZZIuWagf+l48hjUElhfYngw8B0agLOg4sUeRjKzUDuBQW0CW8LgBBW+OI0RLErph
OlYJfDaGSURRGFPOHcWRNUqQDUFbaI0BhjuktW0NV1ykPhN0CkNX9Wk2ayvJ12hU4om0rMRWTTUt
nombORKpqFXToMuohawUX0eVharxIBsRy6IoGxEpkRVx3iJ44EHoY+UhEhoSb4OahGBdlwvsTAnA
LsxapupQlJipagIpIkSrO7Eq28rAElkqFug90owxoLahG/58RYDfqoc1uKNEXwTV4qEsvm4EpX5Z
CbS45YLuDpHCVkRhM89qzffDXBWiXc4qmQDAcFpMiw7YZFoI8ezDXBFhoimBBbUqQJhzeMgA1U1N
BXWip5lUHf0F5JmrhuVFhxexEjq50MiCIEPisRrkkkrimZroe0maqOdtgxqxGJivLCZiuqevGkSc
o9hLpntM2Umelw8iz2qitrvqEveZFP/TqmpFa36ih4GZmghqz3mrvvgwewToElQuCmgMQiFo0UoY
UdJ63d8P1tM9Yp99gMfAIiBXmSQClZcWP4kVAr8TCyVrtPVUgdI1ZaSIaAhH/dTKnMQ2y+6xFkVF
q8S+QSoc64Cga4xqUKkl+toBxE63JBNMM+637SKCVGBVJ/WqiG9kfQfFV3ewoyEveA9psWl3nNKy
eVUWZQvtYXl9KPgwTugOg/zhUFBRDUaolWDZwB9pbNEWsCBaooFfs3rp6nUJOh8zWJiCGMASW26x
Jo5kawi6SMlWaQ3Z5KHImq8hvqbibYlq6IaITGZns9gHDy38xmGxMBsDw+mEQe3aqmTjqNqiIHUm
1B2WS1YCtyP1UJype/MsFtlsDmeu0Iof9p3PGA5JpKraZaNHtcBIMAvQZvhi5cIpuddItENIumEH
2U9TQDZCNoeCP4N1DXuGhsUDvWhtadNioYBupZ3yb3kZwXrobEnocfjBIqNvX/A+kxGfEoprLWqL
hZvVBJu335DWHjKWPFsUnPZhoAF1RlYzh2kGEhGRFB1jE5i0UqpDqY0c2mrJTcWshKLo8p+tghDN
mMwBkzYRFnEB7ByCdUX2/54DOqz7Nfrn6Ob/NfrrplwyCSZ8rkky4GqB8LGkbJqsCSKsHVU26k5D
GAeBD+wVhr766z+AQvYLJokihohbJJ8CyUeoRxW3HHxLTbL2SEpW69XqMVYqqTcc6cB1eXM+ETev
Lq7F64s3Fzfi5Orq9cX5tbg6fyc+XL77lj6qwSJxc4lV5+LDq8vX5+Lq3eXp+fX1cDcEbMnDGflG
HFeqykpOyBSIa2IwnisOySyNdbC1IXuUBAnHFl4yQChUOswyqNOyAJ8I0LAm4vdzxqaN7GFOmRUy
oRCklzFkDQShdxPIdUZiHJeUQyjP84bhp6vJFsxJM9S2VDGVA1qyRK7Wq9675gHmpZb1hlXXMrzW
B0+TZDh3DeczWUXwjMGmsuYA9LR02dWIHLNLmF2I3QtZtFx89ClBYdbCBg8Ou5ywa4SdGer0mqLJ
bzS/i40LDsWljvna4FE9lG2erGnJkEQeCrGhv9aAl0w+GPUty/AKbC85WHySJNl0NIQ1b2lVLrpk
q3ebFYO+afY1TNwYTX5iG+IJk9qyjuuuYCSVVcBEZmgMOWkXS11d6RJOmIkBTXT6OqNFZgPTzmR2
HNC3Ug8Kzi6fEDCSNhIfMNzDyOq6VbX+NKtWs67apKBF2DZUHXaK1DWCKSqHmhpa+lk5LeTjgM9i
6472U7mk0WzRLpBjkV4rAs4feZIikafpAklTsZEr+YsRJXvMpzaGYntpKGKEA6qCWyRdb62xs1JP
7do01UYU9TR8vbhzIQ3LLOxzxpXDgM9617ydgRSuVVA+kvRAnS4wNJSlpJ5E6D2aww132Gbkqfnp
MNPiTbVLAsypDTBwfx3Ur9nhtChUQwqbmBSB0mxe5rrEjOhKjitxJhlVE0zIJBmObbrzMbM6tURq
XWzq9Pasr6VuisJqtWoI+KEY2D0FsvIY8aDpiDEpgKP2po7l+wEqIRPNOfUyXOjTZgwasobiFWpB
/siRijtxevX+EHtBQwT/esgSmD3XCjp6ruEPGP5E+F3ZvanIa5ZOb+1QnCQIVHOZp0doJXWbkCjY
sEEFpILOBcnAeo64SXs9YP1W5PyRohqVmDIfCiLi/VVx1RXbmwaQegki6gFpkza2y2I5MO873c0b
43V19lGt9UlleafGmhKeKZlQtmvz6KVWL3T0poOhuDJ7clnNeIM0naixBcaYVnJGLEAnEFu9zLli
ofZyAeLJ2WVFejrNM/oOnftl+lxL1Y14c/OeKa3BErEdtY2g/pxVuUGnm4thF2sWTTugXROmtt8f
qoIvkdjXU0EHAzF9+LVmE/1vmmbxUHCWmksqAkS2gGwa0h20wb/GQpg6ZFqgNP54nj7/46jLgRgp
WnI4r7VKdSmBtY2xUeJE6fMBE+pMN3V2yUXS2cX1yQvUR1xPtQXbEAXsliIl33/qIiEjYzQ/FUj6
/caGz42vJypqZ5OuafursKlZMyXrHOGK54Vp0Wt9qKD4RxClTt7GI2wCpqnW0E7nJZp48sKuV1Nd
N85RnD9eruV9ly3wiNab5/hIudfGgzC+cddFmzmT+UeZFfpAgCX1tfg+Kh/J8ytxcSb2v39/cXYA
vcPtQQPWP0BtpJgM6T5fcQ9XJUY+uvyAN5Qb3RXw9u9fvO7gm/6uN/I1I6PLMS4cWL2mFGHeyu6E
yKTRR9A3oK8Qjss0ZbSYy9LV4LHNko1CWJ6D7cOZGz5d0a6mf/inZcBrjV+1tTnliRFEGh1mzZ6B
3jMR5vaU0OgUYsKjwUI5kD6I7XqUgrblu6n4sFt1n6mHwTpBP3UgpoV7sihbih6pznUmmEBknWgp
t1N05KMQqJ+eOTlj8ztO1b3NzHihdOsdKQ0sUin5fr2UD2wUZKMaOpsWDW8nfc0+IVqzjxgo5C6p
4CXmrCUU8ulTVFpPkykrQEqE7MwdxHab6e+aGnfnhId/YUB+VtNn/IZAOj6UMLi6jfpSmFESxQqV
6NTJL+vUxkdNxjhkHKtccaegzZux5tkdUFCfzJEop1/VzKryoZnrOAYUUsw1tF6Qg/fXjU7JTOyA
pNGRNtiIRrN2cVb3+KIwTZrX0IS+Nl2zaY6cujKH92wpCfAGwhHPQCZa5Y0iN8daa10OP1WmCV4P
MuNuFskErZ62omW5bPPObcwL5XteY9KG6xBCboOIS8ZEGZciF0oC02DQiDnIm5hSh84dubnWw7pS
MJYFQjYROtkEPfLMAf2Ma2doHRi2h81nBL2cjngw0J9RrVfOobeJJmW4XCyWw6xkihHqVgtqDvmX
JzU4rDekU5oy82IzzyxwmJOzWaVm5kjRnD/qYxb6YcTdLn9MH2LN5dklfX89MElB1wcUvh6U7kAk
/4SEMNZM+IYBHhv2Dv2Rp9eSb5f0QZJWzidChUL1vDEmVEL03QDnsl6+OaWzedU/yztEcljOJdxC
UWSviIauLkXGSFWF3mNAcbGgZKhnu9ylM4fcOhs0n3D0km2LGhy1DcfWLoQZgKxlPd/h+ESrmq++
WptssckgJhsTUFpPVk8Jg7RIYZwQ8qGn2dQdcA83CMxMH0MnuV/P9yaZaE1qD+idJRkYAN8YeXan
RnMzqENcte4kTHSgQ3g0awmXQVm6BkSX5G2lb1wo2nRHKTryAp6JTl2+RU0ma9OnobSW9OWTeaMC
CDQaXU06pek52Cid6U3ED1y5oGg95EO+Hwkot2Cb5N2/CWI21r/T4mMUHbzIqlTzZB7l+MztY80d
A7ff9DEsaDVFQJ98jZdp0I+ASG7gWTqnbjBOxMvXJzd6kFoNRSdr35gvMg5H4SM4KtSh+5hkVXPI
QfcbU+npu5b+oYV2Ykp0EK05U5StsbqcfyIn9M9H2qqLu12nVq1vaTioAA7SUcy3YHUnp0F3wwMT
0GX9s5ccTRgVr98CwnWxGbntjQy4vuwVfqWu/dUjYlttmtz4jtqkmhs6BLcoQ4Oy0oUcryN++Reo
uc4U2lU0lwwflVG1Dsd0/bqrVLqnvNqo+JQvK/m2boqq5dk1su+ZioUn7PHECyeuKz5cvBCO5dg0
312oHSsEWLwvyiY53rrZFPoyjSY17gG53rEd2khkGHyYZ40a0L0aFaQMA12SqcmOHYtGZpLOCBJ1
zG/6Km89ZnbRqSzd3nTvy/vlMZwET0lGbRPsdHXMGNdmt85ix8wKV7xUSB/Xdyv9U+pqUwirpLeK
rtKPz85fnrx/fUOjprPhC0CDldMA+aR53ypTjwMa6pXiektRoFSI1/0HSr1M6d9Z12aJriHp4yV9
KnRs+z38FaJPxz89D+kkHw6YHP8n/9tSwb3PSnB7+7MlBjWivV/+DylO8aw=
===END CRASH DUMP===
