PocketMine-MP Crash Dump Tue Dec 14 20:12:21 WIB 2021

Error: Call to protected method pocketmine\entity\Entity::updateMovement() from scope hachkingtohach1\FarmingCrystal\task\Movement
File: plugins/FarmingCrystal/src/hachkingtohach1/FarmingCrystal/task/Movement
Line: 44
Type: Error

THIS CRASH WAS CAUSED BY A PLUGIN
BAD PLUGIN: FarmingCrystal v1.0.0

Code:
[35] 				if($entity instanceof Crystal){	
[36]                     if(!isset(FarmingCrystal::getInstance()->register[$entity->getId()])) return;
[37] 					if(FarmingCrystal::getInstance()->register[$entity->getId()][0] > $entity->y){
[38] 			            $entity->getMotion()->y += 0.08;											
[39] 					}
[40] 		            if(FarmingCrystal::getInstance()->register[$entity->getId()][0] < $entity->y){
[41] 			            $entity->getMotion()->y -= 0.02;												
[42] 					}
[43] 					$entity->move($entity->getMotion()->x, $entity->getMotion()->y, $entity->getMotion()->z);
[44] 		            $entity->updateMovement();
[45] 				}
[46] 			}
[47] 		}		
[48] 	}
[49] }

Backtrace:
#0 pmsrc/src/pocketmine/scheduler/TaskHandler(137): hachkingtohach1\FarmingCrystal\task\Movement->onRun(integer 1)
#1 pmsrc/src/pocketmine/scheduler/TaskScheduler(179): pocketmine\scheduler\TaskHandler->run(integer 1)
#2 pmsrc/src/pocketmine/plugin/PluginManager(654): pocketmine\scheduler\TaskScheduler->mainThreadHeartbeat(integer 1)
#3 pmsrc/src/pocketmine/Server(2389): pocketmine\plugin\PluginManager->tickSchedulers(integer 1)
#4 pmsrc/src/pocketmine/Server(2152): pocketmine\Server->tick()
#5 pmsrc/src/pocketmine/Server(1992): pocketmine\Server->tickProcessor()
#6 pmsrc/src/pocketmine/Server(1586): pocketmine\Server->start()
#7 pmsrc/src/pocketmine/PocketMine(330): pocketmine\Server->__construct(object BaseClassLoader, object pocketmine\utils\MainLogger, string[12] D:\FoxCraft\, string[20] D:\FoxCraft\plugins\)
#8 pmsrc/src/pocketmine/PocketMine(360): pocketmine\server()
#9 pmsrc(11): require(string[67] phar://D:/FoxCraft/PocketMine-MP.phar/src/pocketmine/PocketMine.php)

PocketMine-MP version: 3.26.1 [Protocol 475]
Git commit: 6b7d0307afb36a7faca2dd65734e15000baf17ba
uname -a: Windows NT DESKTOP-BVRHES0 10.0 build 19042 (Windows 10) AMD64
PHP Version: 8.0.13
Zend version: 4.0.13
OS: WINNT, win
Composer libraries: 
- adhocore/json-comment 1.1.2@fc2f76979f0a44a5f5bc2a2b600d0762fe0e78e7
- daverandom/callback-validator unknown@unknown
- pocketmine/binaryutils 0.1.13@0abee38d4e2861621f262c79a2a3d699d8a697f4
- pocketmine/callback-validator 1.0.3@64787469766bcaa7e5885242e85c23c25e8c55a2
- pocketmine/classloader 0.1.3@3c484a27787f7732ce842ed694928a29ba340961
- pocketmine/log 0.2.1@830b44a2cf96ef703c550abe64302f230231ca49
- pocketmine/log-pthreads 0.1.4@01620c3628cdaa6b4a21122cff4c5d2f70b5c1d3
- pocketmine/math 0.2.6@43057cb8c179a9859677b496a788db922fd5cfc3
- pocketmine/nbt 0.2.18@9f82ca4d7f97fcd9a566e44b63c4f18a7657ae82
- pocketmine/pocketmine-mp 3.26.1@6b7d0307afb36a7faca2dd65734e15000baf17ba
- pocketmine/raklib 0.12.12@5abe22043352e94099e4edfcef5fb3644578ddc1
- pocketmine/snooze 0.1.6@92abf1e988c71635d466abb777f61f89e5a9c990
- pocketmine/spl 0.4.2@6b08b7cf8c4afa17139c9a1b3bf1b408531de161

Loaded plugins:
DevTools 1.14.2 by PocketMine Team for API(s) 3.13.0
FarmingCrystal 1.0.0 by hachkingtohach1 for API(s) 3.0.0, 3.14.0, 3.14.1, 3.14.2, 3.19.0, 3.20.0

----------------------REPORT THE DATA BELOW THIS LINE-----------------------

===BEGIN CRASH DUMP===
eNrtWotv29Z6/1fOlAG1N1EWH6IenYOksXMb3KT2YmcpVhXBIXkosaZIlg/LapH/fb/vO4cUJTu5
670bsAFN0EY8j+/9Jn8fxHm5kfWne1VWSZ4NFt5wUCcbNVjYvjv3ZtOJZ488bzwez4eDpjBbI3/q
Yc+23fnE8V1/OhyksqovyzIvB4vfB/WuwLGBfh4ONqqq5IpWXsk0FXUuijKvVVirSGxUvc4jUeTh
nao3SaaWS5XVSb1bLi/538WiKSJZq3f5vdpg6+RUxGW+EVWYF0qsZbi+S7JVndMve7l8LUtAWb0q
d1Ut0+WyltXdctleBjFxk6avk5SouVjgfP7wqpRxvVwWabNKsuoxiKoMl8s/iGhUrAtCphEZ0GeH
d84A+OwI7vERgnrWoz6FhKAk0lIpQ/z8afBsLIoNgaL/9nI8q8K1ippUlWe3APK9zCL8PrHd6eni
j4rNep5n75vsJMlqtVKlsE9ByjP7v4P3pn06sadzYO4ruju5XPZItJ6Xj1A5T6PScj275n/eyQxG
Vp74E+/reDqSrOcbmWS361LJ6HslyzpQsj7C7D6N+UaVcJkTx50dM6VpWi4PiLKe10m4R1wdIfG+
jsSeOEdI9I6GesIgJl8FYc/nXwNxXeYhfDQvNSz/67AmM/8LsGA7Za1hTJ+Gcc0/3+HnieuOvwDm
06cwz6q6bML6JA9+QaAQ38lKvUKMqd7mMlLlUJj1/vWmTlK47zvo9G2+WtEpAIFV/2Q7P4tDZ++2
nPHxVhcHmI/Z3+bDP+aj0oLi+3N9/8S2cahUvzZJqU4Mbn/6syjWslycnV0szloKerCtd9cjOvBl
7BRnTgc/fx4O1P+L4Pu/FQ8hAA30U5Ld56nZXwwiiDukg3oXK4cAsRPmkSK5uRPsLmv9N4lP/lmL
QoDQWmahymNhLp3+viSQro8L4ok/uPxPSVWp+uQQ2WKxUvUbA+7kFIFOrZKqVuVPBpf1nA5EJ6c/
n57CWOqmzL4lRNMeZUzb3w33J5j7c9Et705/J/izDn6fjf7ld3mN8oBg78S/novxaDz7dk9R/y/B
mx/Q+xlL3tgsHcnpH2Lk344Z8ew/xIjFjDhfYIRZ8ZzHrLgHSx3wDazy5GlUD8Mv0fCljd9OSfGe
94TUugvHrsk3+kbM1PrdAj+2pvS5ZVDrnvdIbZ8Hn/+sLf6sLf6sLf6sLUxtMRysVKZK5EokyUxS
Azg4AANSAohw30MO3JHjj2xab5I0GiycsWsPB0n1KVL3g0Us00ohI6MMycMcYL3pBEgSytd+MI3G
7ngq48D15TSWoXSiyJ9MXU/ZE7ShgYztaSABuzG0fEyyKN9W4odbcXF589fbq2vru/94//3lzVjY
CO+CaRD2fOw54qQ9bI9Pxct3F75HpQFatcVgNhqPbBePv6kMJA+89hnbn/KKEL354YdbLPDDFsUE
1Q6bIodKPqVJUMoyURUJSUZrMFaqs1+qPLNwxhQj9sgeOS/i0Imn/nw6j8fS8+QkngShI53AH4+j
8dR3YjVW05maAnwkIVNErnxzFqJ4C2R4Z93LNEHcp1oPIrjL8m32wvxLxO4VGSSZLHdsuDgKZsDO
i7EMlHJnkaecmW/7jh07vhNO59KRbuTP59FMgrTYOwT1JHIbAnJf+N50NvVwx/eDUMqpmsxmE8dz
1GwSOm7oTNQsnEykcwSQ3C1ldzO0uS/c0Jt50pkCXjyduk6oZgADory5M5POPJCuN5779iGkNF8x
BGdkv5i54wASdcJ47qt4OnaBmRj2PXfsxA7+59qhRJo7hmAVNQfqVlDeizFkMw5d35mFkZR+AKi2
7QBy7IWTCAocB5PQjtxDUBtZrw01/gsgnUzDYBYiOcn5bDL3p9PAm8OqZ7MomDtOHE3CODwCkQV1
y8/sxTyeOSA4msbQSRjN5cT3lecFPmQV2zM5hWNINTsS7v6ntSk6b3zxB1yrB6yUd7BtLRfQ5LyY
QKCOM/Zcd+KoOTQyV56K4lDFEwLseZPpLIrCIzVVWZ7/pox4/RdzRwaxreazWTi1fXcSeb4vg2A6
nca+Hc/maiLn4Xw+PgJSpAzBgxf5wXgWTMN4FnoylvbUdnFB2oELuIE3nk1cO1I2rOVz1xqwb16o
+9s8T6teMOuWhoN9CIO3AA2WZIMeqayoGtpHPXGr5IZCoywS2nHhW6MxLahMBqlCAEGKQZCLVIFw
QrexV+VxfdFfoBKhR8By2SOFvAN7N7cv399+oBi7VUGV1ETwuq6LCoEdIXPdBCMEmF7UPutggPGj
ZmfP86MuqM85ouYh40cl3QHj+rBL4up+2O0PR/+Ymy1n/PcL6W+WlY9YMhK8vrq5/Xj1/u3FkzLc
yjpcV+ukHm2VCtIdS1MbjSwhKzQfR7pvEycxorPxCKmsUGXN4X/w7Lp7Eq/yLE5WgtreZbnMnt3I
WlyoUHjCni68+cJ1xcc33wln7Ni0n8ps1aCmO1fZip43eR2dH2AWuo6hTY3bKvKyPrfntuvQ4hac
KCtF03SexzHDkA9Wkcod+Dh3xrSyAlsbNL3n/BTnZaisbs3cAn8RpbD2ubgvzvOMfkVJHCdhk9a7
c8aoiwOkBAsNbw0FVOfMirpXqUXWdl7d7YIUTOyXK6Wi3imaWJxfXL5++eHtLa1q87B+bVS5M1hh
jLlVIR2a5/tEba0o0Z3i+YyWHoL8wSKjba9kWd5g13BvwWoSpXuOyhypCrnNLDMPgfWf234Pf4lK
seWffo8KJK1tXkbn/8J/DlRw77MS3N79pMCiRnQQx0a7DcWxZ4KqSRGyiTQQIQhgSxFQiTjQOixH
3K5VpUQrYyFLJeq1EnkGM6vXsKuQGK5FoESShWkTqQg/xCMLJVg3+QY3YwJwDLOSsUIFjJ2yIpAi
QGK8E7u8KQ0stO0CppLECWOAldCIJd0R4B/UtgN3FqlYwk4qsc2zb2ohiwJ9kCBNIk8mVFPQcAVE
JJXme7tWmWiKVSkjABgtM5KwBrZYZkI8+7hWRBgNsSoECEEDLV3vQgYolKpU0liLt5lUmJ0EYMgz
VTXLCxVoEtLoivpBWtkQZO0ErfstBJeotFGtmxoFY2aZMdpCLAfaBUWYovKLlgOm7GWa5ltBfgdi
hMk34j6R4t/JiukMm7NlthaCQh9fvWRrMXcE6BLkeDSlg1AIWrATRpR03hhXt90j9tnHBALJM8hV
RhE6gkqLn8RKrZjYKFk1JbuAgNADRURDOGgdJI8GV8k9zqLKa5Q4MUgRnU4JusYIt1Bk7xbETn3Q
AtuM+4dmE0AqsKqX1S4LqRmG4ss72NGID3yAtNi0W07p2LrM4aXQHo5XQ7qAWt2EFPjDUFCFDUYo
N7FsEMFpbdNksCA6ooHfsHrBE6yszB8SWJiCGMASW27WEUeyNQS9iclW6QzZ5FAk9Tc0IC35WqQo
JrDJHF0WJ+Chgd84LBZmwzKcLhjUsa1KNo6yyTJSZ0QxLy9YCdybVCPkhHvzW2yS1RrOXMpqPew7
nzEckkhZNkWtV7XASDAb0Gb4YuXCKbnxiLRDyPs8iUD20xSQjZDN5RA0rGvUMzQctvShztKQVJAs
yp12yr+keQDrobwt9Dr8YJPU5NsbtZLBrobExY0W9ZiFm1QEm6/fkta2CUueLQpOu7U0oNbIKuYw
RnuLHwLUZwwrLpVqUWojh7YaclOxyqGonNyUrIIQrZhMi0lbiDFxAewcgnXx/3+eAyqEvkY/5ex/
jP6qzgsmwYTPjiQDrhIIH5QFEfdagghrS5U9djxDGAeBj+wVhr7qm/8BCtkvmCSKGCJskHwyJB+h
HlTYcPDNNcnaIylZdafVQ4jCo9pzpAPX1e3lQtx+/+ZGvH3z7s2teHl9/fbN5Y24vnwvUDj+9fL9
UOCQuL3CqUvx8furt5fi+v3Vq8ubm9FxCDiQhzPxjTiuVZnknJApEFfEYLhWHJJZGl2wtSF7lAQR
xxY+YiEUKh1mGRRqSvCJAA1rIn6/ZGzayFAQUgLM6JhBxpA1EITefSDXGYlxXFEOoTzPF0aPT5Mt
mCoeaitUSOWAliyRq/Wq73Y8wLxUUe1ZdceG1+r0aZIM567hfCXLAJ5hhXma6nqNA9DT0mVXI3LM
LWFuIXZvZNZw8dGnBIVZAxs8HbY54dgIWzPU6TWOAUvzu9m74Ehc6ZivDR7VQ96kUUdLgiSyzcSe
/koDLph8MOqjC9e8AttrDhaPkiSbjobQ8cbv5EwK0rfNCatvmn0NEzdGk49sQzxhUgfWcdMWjKSy
EpjIDI0hR82m0NWVLuGE2bBoo9XXBR0yF5h2JrPlAE9I83B2+YSAkbSR+IDhHkZWVY2iwFCvobVV
W21S0CJse6qGrSJ1jWCKypGmho5+UU7UPYXrJrurWtpfyYJWk02zQY5Fei1F24eQIoXuNjQVe7mS
vxhRssc8tjEU24WhiBFaVAU3SLpep7GLXG8d2zTVRhT1NHx9uHUhDcsc7HPGlYMVoitSHW8XIIVr
FZSPJD1QpwsMDaWQ1JMIfUdzuOcO14w8NT8tZjq8r3ZJgCm1AQbu10F9zQ6XWaZqUtjCpAiUZus8
1SVmQF09V+JMMqommJBJMhzbdOdjdnVqCVRXbOr09qyvpXaLwmq5qwn4UFh2T4GsPEZs1S0xJgVw
1N7Xsdz1UgkZac6pl+FCny5j0ZA1Et+jFoQtnXNxJ15dfxjiLmgI4F/bJILZc62go2cH32L4C+G3
Zfe+Iq9YOr2zI/EyQqBayzQ+Qyup24RIwYYNKiAVNEghA+s54j7t9YD1W5HLB4pqVGLKdCSIiA/X
2XVbbO8bQOoliKgt0iZdbIqssMzzUXfzznhdlfymOn1SWd6qsaKEZ0omlO3aPHqp1Zs7+tLpSFyb
O6ksV3xBmk7U2AJjjEu5IhagE4itKlKuWKi93IB4cnZZkp5epQlNFbhfpvcwqqrFu9sPTGkFlojt
oKkF9eesyj063VyM2lizqRuLbi2Y2n5/qLKw3BXa12NBg4GQ3uh0bKL/pcHMSHCWWksqAkSygWxq
0h20wZ/6IUwNmRYo7Z6JXpMkEHX1hx21khzOK61SXUrgbG1slDhRej5gQp3ppi6uuEi6eHPz8jvU
R1xPNRnbEAXshiIlhclIFwkJGaP5ViPq9xt7Pve+HqmgWS3apu25sKlZMyXrGuGK94Vp0Ss9VCBv
zqpcJ2/jETYB01RraK/WOZp48sK2V1NtN85RPJK1FJW8b7MFTaDaeRLt9dp4EMbTTF20mZnML3mS
6YEAS+ob8WOQP5Dnl+LNhTj58cObi1PoHW4PGnB+C7WRYhKkezgH9XBlZOSjyw94Q77XXQZv//G7
ty1809/1Vr5hZDSG48KB1WtKEeYtbydEJo32hmhxzGixl8Q766FJor1C2jFefzhzy9MV7Wr6q1It
Az5r/KqpzJQnRBCpdZg1dyx9Z6HPRwGh0SnEhEeDhXKgzFZdj5LRtfQ4FQ/bUweDwicHYlq4Lzd5
Q9Ej1rnOBBP6WsqIlnI7RUcehUD99JuTMy6/51Tdu8yMZ0q33oHSwAIVk+/z0JFdad3aGZsWzyIP
kr5mnxB17CMGCnlMaqFfsQObQj59isrx02TKEpAiIVtzB7HtZfq3o8Y9mvDwOJf8rEoinTOIHwmd
wuCqJuhLYUVJFCdUpFMnP3SpjUdNxjhkGKpUcaegzZuxpskdUFCfzJEolWB9Vebbeq3jGFBIsdbQ
ekEO3l/VOiUzsRZJoyXN2otGs/bmourxRWGaNK+hCf0GtmPTjJzaMofvHCgJ8CzhiGcgE63yXpH7
sVany9FjZZrgtZUJd7NIJmj1tBUVedGkrduYB8r3fMakDdchhNwGEZeMiTIuRS6UBKbB4HG6HuQt
TKlDc0durvWyrhSMZYGQfYSO9kGPPNOi7+eOlrrAcLhcrFGTx3kvpyMeWPpNTHdyDb0tNCmjYrMp
RknOFCPU7TbUHMKVa5qzhtWedEpTZl/s95kFDnNytSrVyowUzfxRj1noU6e7Y/6YPsSaq4sr+rDC
MklB1wcUvrZKdyASTr5ljBUTvmeA10a9oT/ydCd5/eWWVs4joUKhet8YEyoh+oiAc1kv37yi2bzq
z/KGSA7FWsItFEX2kmho61JkjFiV6D0siosZJUO92+YunTnkwWzQvBPsJdsGNThqG46tbQgzAFnL
er/F8Uirmq++Wutks88gJhsTUDpPVk8Jg7RIYZwQ8tDTXGoH3KM9ArPTx9BK7uv53iQTrUntAb1Z
koEB8LWRZzs1WptFHeLKrpMw0YGG8GjWIi6DkrgDhH4MjOg3LhRt2lGKjryAZ6JTm29Rk8nK9Gko
reWmSNsnKoBAo9HVolWa3oON0kxvIX7iygVF65CHfD8TUG7B9sm7/yaI2aBKuuQAT2OU9jUfz0ee
yqMcn7l9rLhj4PYb+klAqykC+uRrvEyD/inorSDlKp1T9xgX4vXbl7d6kVoNRZO1bwMVITjdDSfz
B3CUqaH7ECVlPeSg+62p9PS7lv7QQjsxJTqI1swUZWOsLoWywp3Qn4c1ZRt3206t7N7ScFABHKSj
kN+CVa2crPYND0xAl/XPXnM0YVR8/gAI18Vm5VNvxeL6slf45br2Vw+IbZVpcsM7apMqbugQ3IIk
pQ+WuZDjc8Qvf76c6kyhXUVzyfBRGZVdOB4MB+oBdT7X/fStwCuUK/0vo4LQfODSrdDbtSyS5cFa
vvkU5TXi3cGq+Sx9v9CUaf+ZIkP/OU7SWh0AXm0OvtNCi3NASwLnuu8v0NdX/edNoN8VHqzB0fkU
fZdCXytwiwKh9g8V4aEc3qvYjF36qxXH+upwCfXTpr9yc/32AP2u+jXlz83ML9Ft1fmdypDSD0Tw
8GC45s+5sLCT/C7Zoe+F6Nu1pNDfrsxHE3rUn+501/H4sDmUek7kOeOxa9sOfRh1fXF1wHqUf2LS
jhexlBwqDHEgq6qDgzcJefqP7w54PqIAjzRQOOJzk27L5Ej/vY+0PPPZyfX6yPaohuJP3hwWkstS
SVb6Wzj9LdTIJ0noJsMcIlDcdeZmwdHCQmuSarMkeR9+jfRpj6u3T29IqcY5sNvokcqTAythUbr9
JTR+DYfxVaNtsYX/n1SnXV3z3Gx/4fPn/wLRQA4J
===END CRASH DUMP===
