PocketMine-MP Crash Dump Tue Dec 28 09:42:02 WIB 2021

Error: Call to undefined method hachkingtohach1\MyItem\entity\Throww::getInventory()
File: plugins/MyItem/src/hachkingtohach1/MyItem/entity/Throww
Line: 47
Type: Error

THIS CRASH WAS CAUSED BY A PLUGIN
BAD PLUGIN: MyItem

Code:
[38]     }
[39] 	
[40] 	public function onUpdate(int $currentTick):bool{
[41] 		if($this->getOwningEntity() == null or !($this->getOwningEntity() instanceof Player)) return false;
[42] 		$this->setScale(1);			
[43] 		$this->setNametagVisible(true);
[44]         $this->setNameTagAlwaysVisible(true);
[45] 		$this->setImmobile(true);
[46] 		$this->setInvisible(true);
[47] 		$this->getInventory()->setItemInHand(Item::get((int) MyItem::getInstance()->throw[$this->getOwningEntity()->getName()][1], (int) MyItem::getInstance()->throw[$this->getOwningEntity()->getName()][2], 1));
[48]         $this->getInventory()->sendHeldItem($this->getViewers()); 	
[49] 		$this->getLevel()->broadcastLevelSoundEvent($this->asVector3(), LevelSoundEventPacket::SOUND_THROW);					
[50] 		$x = $this->getOwningEntity()->x - $this->x;
[51] 		$y = $this->getOwningEntity()->y - $this->y;
[52] 		$z = $this->getOwningEntity()->z - $this->z;
[53] 		$this->yaw = rad2deg(atan2(-$x, $z));
[54] 		$this->pitch = rad2deg(-atan2($y, sqrt($x * $x + $z * $z)));
[55] 		$this->y += 0.01;
[56] 		$this->setMotion($this->getMotion()->multiply(0.75));			
[57]         $this->boundingBox->offset($this->motion->x, $this->motion->y, $this->motion->z);

Backtrace:
#0 pmsrc/src/world/World(859): hachkingtohach1\MyItem\entity\Throww->onUpdate(integer 617)
#1 pmsrc/src/world/World(785): pocketmine\world\World->actuallyDoTick(integer 617)
#2 pmsrc/src/world/WorldManager(360): pocketmine\world\World->doTick(integer 617)
#3 pmsrc/src/Server(1760): pocketmine\world\WorldManager->tick(integer 617)
#4 pmsrc/src/Server(1642): pocketmine\Server->tick()
#5 pmsrc/src/Server(1034): pocketmine\Server->tickProcessor()
#6 pmsrc/src/PocketMine(301): pocketmine\Server->__construct(object BaseClassLoader#2, object pocketmine\utils\MainLogger#3, string[12] D:\FoxCraft\, string[20] D:\FoxCraft\plugins\)
#7 pmsrc/src/PocketMine(324): pocketmine\server()
#8 pmsrc(11): require(string[56] phar://D:/FoxCraft/PocketMine-MP.phar/src/PocketMine.php)

PocketMine-MP version: 4.0.0 [Protocol 475]
Git commit: 468faa464b2bc5c97f23fafbb71ea61035f6f218
uname -a: Windows NT DESKTOP-BVRHES0 10.0 build 19042 (Windows 10) AMD64
PHP Version: 8.0.13
Zend version: 4.0.13
OS: WINNT, win
Composer libraries: 
- adhocore/json-comment 1.1.2@fc2f76979f0a44a5f5bc2a2b600d0762fe0e78e7
- brick/math 0.9.3@ca57d18f028f84f777b2168cd1911b0dee2343ae
- daverandom/callback-validator unknown@unknown
- fgrosse/phpasn1 v2.3.0@20299033c35f4300eb656e7e8e88cf52d1d6694e
- netresearch/jsonmapper v4.0.0@8bbc021a8edb2e4a7ea2f8ad4fa9ec9dce2fcb8d
- pocketmine/bedrock-data 1.5.0+bedrock-1.18.0@482c679aa5ed0b81c088c2b1ff0b8110a94c8a6c
- pocketmine/bedrock-protocol 7.0.0+bedrock-1.18.0@040a883a4abb8c9b93114d5278cb5fecc635da82
- pocketmine/binaryutils 0.2.2@f883e1cf9099ed6a757a10a2f75b3333eeb2cdf9
- pocketmine/callback-validator 1.0.3@64787469766bcaa7e5885242e85c23c25e8c55a2
- pocketmine/classloader 0.2.0@49ea303993efdfb39cd302e2156d50aa78209e78
- pocketmine/color 0.2.0@09be6ea6d76f2e33d6813c39d29c22c46c17e1d2
- pocketmine/errorhandler 0.3.0@ec742b209e8056bbe855069c4eff94c9734ea19b
- pocketmine/locale-data 2.0.20@a6e4eb22587e0014f6d658732cf633262723f8d3
- pocketmine/log 0.4.0@e6c912c0f9055c81d23108ec2d179b96f404c043
- pocketmine/log-pthreads 0.4.0@61f709e8cf36bcc24e4efe02acded680a1ce23cd
- pocketmine/math 0.4.0@6d64e2555bd2e95ed024574f75d1cefc135c89fc
- pocketmine/nbt 0.3.0@98c4a04b55a915e18f83d3b0c9beb24a71abcd31
- pocketmine/pocketmine-mp 4.0.0@468faa464b2bc5c97f23fafbb71ea61035f6f218
- pocketmine/raklib 0.14.2@e3a861187470e1facc6625040128f447ebbcbaec
- pocketmine/raklib-ipc 0.1.1@922a6444b0c6c7daaa5aa5a832107e1ec4738aed
- pocketmine/snooze 0.3.1@0ac8fc2a781c419a1f64ebca4d5835028f59e29b
- ramsey/collection 1.2.2@cccc74ee5e328031b15640b51056ee8d3bb66c0a
- ramsey/uuid 4.2.3@fc9bb7fb5388691fd7373cd44dcb4d63bbcf24df
- rhumsaa/uuid unknown@unknown
- symfony/polyfill-ctype v1.23.0@46cd95797e9df938fdd2b03693b5fca5e64b01ce
- symfony/polyfill-php80 v1.23.1@1100343ed1a92e3a38f9ae122fc0eb21602547be
- symfony/polyfill-php81 v1.23.0@e66119f3de95efc359483f810c4c3e6436279436
- webmozart/assert 1.10.0@6964c76c7804814a842473e0c8fd15bab0f18e25
- webmozart/path-util 2.3.0@d939f7edc24c9a1bb9c0dee5cb05d8e859490725

Loaded plugins:
Alerts 1.0.0 by hachkingtohach1 for API(s) 4.0.0
BuilderTools 1.3.0-beta2 by CzechPMDevs, VixikHD for API(s) 4.0.0
DevTools 1.15.0 by PocketMine Team for API(s) 4.0.0
EconomyAPI 5.7.3-PM4 by onebone for API(s) 4.0.0
ExtendedBlocksConverter 1.0.0 by JavierLeon9966 for API(s) 4.0.0
FCCore 1.0.1 by hachkingtohach1 for API(s) 4.0.0
KeepInventory 1.0.0 by NhanAZ, KhoaGamingVN for API(s) 4.0.0
MaxEnchants 1.2.2 by Xenophilicy for API(s) 4.0.0
MultiWorld 1.7.0-beta3 by CzechPMDevs, VixikCZ, fuyutsuki, kaliiks for API(s) 4.0.0
MyItem 1.4.9 by hachkingtohach1 for API(s) 4.0.0
Netherite 2.0 by Wertzui123 for API(s) 4.0.0
PlayerStats 3.1.9_BETA by hachkingtohach1 for API(s) 4.0.0
PureEntities 2.0.0 by LeinneSW for API(s) 4.0.0
PurePerms 1.4.4 by Vecnavium , 64FF00 & ProjectInfinity for API(s) 4.0.0
ShopGUI 1.0.0 by hachkingtohach1 for API(s) 4.0.0

----------------------REPORT THE DATA BELOW THIS LINE-----------------------

===BEGIN CRASH DUMP===
eNrtPGtz20aSf2VOTl2kW4LCmwBTSlmW5LUulqWzZDu1YUo1GAxIrEAAwUMUvZX/ft09AxKgZCe5
1VX2w7o2NtAz09Pvxwy4/9hLimrJm9t7WdVpke9N3dFeky7l3tTyXdP3Qse2x77tBoE12mtLNeT7
49B1PccMfScIJ5PRXsbr5qyqimpv+o+9Zl3CpD31Ptpbyrrmc4Sc8CxjTcHaPJZJmsuYLWWzKGK2
4GJxl+bzpsAnaza7WJ83cjmbybxJm/VsdrOoitVqOp3L5jy/B2hRrfcPAHnSZtnrNEPsp9PZ7HXx
cFLxpJnNyqydp3m9RVVXYjb7nRuNy0WJyBVijepQzT0ERIc7eLohheVQIQEEGTAJIgUBNRUX8PjT
3guTlUtEgf+tiiqLDz/h3/uBFx5Mf68kjO+L/EMZ80bup3kj57JivjVBgbywvoB/EniAvyzEnWyW
QNdsRqOzGQ0b33PRtKCf9Wlxk4q7R2jtp9Fe8Bx0W+07vvlV7PHTWJ0e1mtZgRXuW5OvotIbGt83
T+Fzn8Dnu/YOPjWiUdA674l1puN+Zd1VVQgw7KJSCPwegitacgFL9h3T+gKO21tR5HVTtaLZL6K/
S9GwV7yWJ+BJ9duCx7J6YY+YHukjaJs0Q7Pmaf62mAPzL5wRA0RgND9Z9s9s6AabIdvcHdp4CDEw
+QID9q4QaiUeWhSoRfsWclnJX9q0kvt6Q8//mZULXk0PD0+nh922PdzGxdUYJ+xsib53sPfzr6M9
+acElOfyeWBAIblN8/siu5dLmAmYY5CRaPa6UYAoRAARRSyRXycAKIM/vwLQCeFlhgtck57KNspS
wZI2Fw2EbNaPBOwb0VYVbITedjCNiiL7B660aOWsSZP9b5pFWhvfA+OXqxzYOSP69w/Y0RHLIZqy
omL/8eVZIJSG50IWCbvK+FpWBweg+aatcpbwrJbf4Xa23k5jqWVzLXgm962D7xCsuHEeTXrHQX18
/jGt0whmg3PIA8Lnanngn+H0Gz4/zlZ8XT9e5D3Cf75cFlE6mOQ/npTfP0I1Gc4aGo1aBRo8z9/w
PN7HRzKsfdTIAVPq1aamhIeLGjSYn74kZwIhg/sHP/9k/Txiz4XLBlzWgWIreCzWx6zl8RuZxbht
zyg+pnIFFcM+IGJKm+EjEb2V9zJDHFEF8UxAhUCQ6wK89Qy36PDx+iN4RFE5+wcjtjPnimNcmE6v
Lz+8O729efP+8lNnQ9qOPLPb+YEdsS/L4IEZ3egDcu91PvHN+qvr1tt1a1q3Me7PX133ebvuM63b
sfc1X8H6isd2LOf7HHRp7xvfPIzYN5+Vejx3uKBMG7HoLTHUmm/WEON/qUCaD+y/GPz1F8CAT4BG
4dlxhDX7yxEzx6ZFg48d4KLAsNJTtgYAT8s2a9IyW++b44l30HNmb/LYlCJUIojkVfEA5UqSAOoO
6ZIwgiJGbAeyfgT5DEz8+u8C6t8F1L8LqD9UQHUFRo0VxXEmq4aeco4dXAcY7W0avz1rDEEBILyF
Eqqq0dd2nAmR8jLFEZcmw7vMOeTKeG+K2XK0F8sSMgYuhrG6SJrTPmDJqeB55KOKmu5fLKJAgTDx
6vL65tPl+7enAFrJqE4bpH3RNGUNUllxCIj1Im3GKymjbD0WxfIQY8WrNs1A/zdQ/fR5HoCHnDtj
04ig9rCH/J98lmJxdXEq73HBx/QhvXtz+lxSEIi8XMaAfDaLFG0N0jab7VD6u6QxT5tFG5EMemQf
DlCBbAC4K5cNaCgTy9s1h62NsRvJl88liG7/2axHieb5+ub4/c2Hq9/ieEvZ4QYHMHsGIaJYro+v
znvs9oB9hr3xZOwYVxfukOcilxH891y8anSQjhQVgHM2G1D0VWUTUw8NoJXxqwyYrk8KKNeqRlZ9
Dr8w4ze8/b/5fSqrt7LIw9D3n4vjIVZg9mniVED+w4ofYj/8EucgttcnJ0Ule1LSgF2hWH9OCFTU
dP/+HqcHQUDsSDNRrcf1upH1OJfNYczrRVTwKqZI+IOU5aae7/E+hP+GXbxb8Pz4bwD7YVHwv3LI
YvOP755LEAr5bDagaNcYfnfk06QC5xf84SwX8DpIe33okGt7vBP7f5R5US5SaLXXz8VrDyVyuCFl
8PJ7QsAF1uFUzfV52wKHrE10cnN+M7md/I2OVNdtU7d3KTzf8SxN7+r/l5RHzYSuTAe0/zPprocI
5aROVnoy6o5a+vJxx+Gf4/Nda7Kh6ll8/p1sFrKiNRu+t7A+6/aup3+CaPm5TS3beS6etxhnsw0R
/2f33mI73HIELKuTqOuGD5y9D+2z7YytcXj76uzm+M9Re4+uwcs/XfdetZWkA4hUDuTQB+/of9cC
3so0z+X1p+diPiN80CsBDVLTAEwPKfpjKb8j8XCARbN/JavlLu8KtuvzO3XeRylyqCXaJRsx3339
2jTZfzLoUbF9PM+TNE+bZ8sDt2oDJQeirvf4e+L/9aIo//qhX9R2kH+Rhk6Ts3l4ntiGR+q8wkNi
uduQdL0wcYBFIMqADEFVfXsBlnaYASOx5M2iD8Gj6TyGtX1YsbyNiwYoGED1TcQW0FZZ/x0PlPrv
SZpRab6FzJdl/3UB7PXfU2gF7vuAv9eky837MlLHAwNYAY0jzoJ3KmPwZBgYivuTSjGUw3uZZJJu
EPrQmiRaD0ExuEUfcn31drD9uv4ly3Ez/cQ2Q01xJ/P081AEDw+aayQXy+01X2YUjmx6/ZyWqgEN
xx6+ZmnUXw6vD8uh1AskzzZNx7JszOVXp5cD1uPilkjbBQIoHSqsAOOu68HE63RZZvLHiwHPOxTA
ayXxzGkHuMIMNQCWzQJnooRd7Z9Xix3bW7T5HZ1S2SQkh6SSzqM051jFQwKzxz5KAs/K40hPQlTg
O2VTaICthBWDopVZorxx1vY06na7V28c78DSPCkGdhs/Unk6sBISpdMHVRLcA/1w3ipb7PD/DdyN
XV4JiBU94aN3L0q9L+4oc1nxrB/M++6Orsxruf1yYSNPOkvZm9qmY4PY6luIKntTupyCHaqiKUSR
4Q2dB3uk6N+uHyScu74b2ZHwRDhJbCfhSRRNLMl9y3S8xE9sKwDcrSblU5rHxapm727Y6dn1DzeX
V8arj+/fnF2bzAIqGNHArNB0bbbfTbbMA3Z8cepj6sEvDHqy+izJgdyNmSzK2wJ18un83bsbNEx8
WVHVBLGpLGpZ3YJyK17pZM/jBTBWyUOMGAbM0feNFsaEl4mwk4kfTsLE5K7LvcSLhM3tyDfN2Jz4
diJNOQnkBMVXpeLuUAdJcxyOnZeCe5PYChLTDpLATSaTSWRbfiBiK7SsyIyltB3X4ZIiICgEog8k
aoirWcTFnXEPXQRERrzMBQHe5cUqf6n/RWubV0Vdy0Ngmdc53src22jOL23TDkPTcQTI33VMU0a+
58uJDGQQiMSzYyv2/dDFXSFOV7KWvBIL4n/Jy5L87p6M4mUQRcK0LR7IOLKlyyeS20nAYzfhoRRh
LKSdiCiIB85xGMm4gjcDaOckSW9s/qUDglxBey/dwBb+JOTck7EZBZYwgTg7spIE3yyTh64IuC+e
xrw1x70JErqL3XRNHgQOd3kUBSKMQohwbuzZk0BEXiKF8B0v5oG9g50CxdarbTQAQCMtkYRmGMrY
5xNvwoE6sAovcuAPVJK2iJNwiOlJFWJd4bz03UkwccGkfD8SHCTqBYFnu7YMPGE7wvZkIDyP75Am
8Hg+K3SoRNJAhKHkjumEoSOTOImcUMSOaUvb8vzYMwF1YJshWOcOpiIrtjjMMJI+OGs8AU+VjhP7
gQWGE8Z2KGxbuL6wJtKKd6ihLwyg644zTQ6anRQT145wy8D0/CgChjzTD4UrkwSUGU4cV3IrjIao
sgLLiM5UsLK2zZfcly7I1faCiTRNy0382IdnxxaJ7zi2b08g0ASxs4tqTsS4SIwvQssWJujN80QA
HDiWGUgBxj8Bc/AT13SF6T7GYPQSjULlW8kEmRKJAxoTtgu0gdvbXMRgEIHJLfACR+z4wCYOEIrY
d6XteV4U2zJEi7ddbwIBwYthcSIsB2gMkx1jz6NmI9wwEC433QgsI7Q8CTElcGInMsG2QVDgmBaP
QP3WEMP20aDySTn1HwjbPVwVv1MFBURaFxxDOjzwLQtseWJKK+HgU77tgeNZEOxcdyIhdERciqew
GGkpujrmZWjb3HddF5jxxSTmEBLwf4FjWybYnhTuxAm43JFvnRfFZ9nl+ZcmFwHEarB5S7hWyK0E
JA7+BU4fOB7GXy+UNhkfFMK1XKMfbOs4Osd6KeDPxJXSk44dQFEUgSe5ZuRZYM9Sgr1Fke8Lk2+R
tG2q0g9EXsgVIcgwiTwnCPzQSuKJMwG7cN1YRG7sw2qR2G6c4PJFu6w579Y/Du71epkU+Ro0mK2h
rMiMroS+B1IdUqKIQ28STmQI0ccJkji2I9PxQwcCHOQdCeo1wbiewgUZIzA3uKyXEG5NyEMytngI
QYADtpBLy4bYDskDMpZpe+4k+iIuq0eX9MEowsSJ0c4TSEGhG4CvWqZwhQNEOeC8Ifyt2phl8ZlX
zSHENlnppIsW6oe+KyZgDYHpBpbLA9cGI5Am6Di2vIhHZmIF4FADJCV4nIHBm+II0hKHTphMZAw+
K8AkoigUmHM9EZleDNkQaAvNCaChDmljW+M1FakvGJ62MGgsknTeVpw+GsISjyVFxQY11Sx/wW4W
kEhZLZsGuoya8UqyZiFZkcsaHnjDBM/zomGRZGkushaCBzwwdas5hoQGiZe6fMB1XSxhZYIIdnHW
PJEjVuAhTo0oWQTR6o6ti7bSuFiasCX0HklKO0Btgx9OZWtE/E6uNuiga0x4mzU1WxX5tw3D1M8r
Bl1vAcErxRS2RgrxswLF92ohc9aW84rj9wnjWT7LO2TTWc7Yi08LOl3CT8vwAxiGn5mptgtkANVN
jQV1rIaJVBX98dOpTDYkL2xlhWQquSBkiZhB4kIaGceSeC6n6pMpHKgXbQM1Ym7oj9umbLanbrqZ
yKDYi2d7RNlxlhUrlqU1Usv0DS+7Tzn7n1ZWa5zzCz4YemjKsI2npWfU2Os1DOhiWC4y0BgIBbFF
a6ZFifPVOYCxGe4R++JTit+J5SBXHscMKi8lfhQrXu2zpeR1W9EXbwyEHkkkGoQjf2k5fbA3T+9h
LhQVrWT7elNmmweIXe0ojUqW0NcaIHa8pJ/CMO39rl1GIBWwquN6nYsbXt+B4qs7sKMxTfgA0iLT
7jjFaYuqyIsWtAfT6xGjY2emOgz0hxHDohoYwVaCZAP+iLBlm4MF4RSF/JrUCzyBlVXFQwoWJkEM
wBJZbr4hDmWrCTpP0FZxDtrkiKXNt/jZYkXLYtngBwpoMjuL2T7w0ILf2CQWYsPQnE4J1a6tcjKO
qs3xSyS0QJB7SUqgdqQes1N5r5/ZMp0vwJkraMVHfefThoMSqaq2bBRUCQwFswTaNF+kXHBK6jVi
5RD8vkhjIPtpCtBG0Oag4MdP7MY9Q4PJhpq0sbRZvpSw3Vo55V+zIgLrwTMopuDgB8u0Qd9eyjmP
6MyIXStRmyTctEbctPwGtbZKSfJkUeC0K0Mh6oysJg6TFEiEiCTxNgrRJJWU3ZbKyEFbLbopmxeg
qALdFK0CN5oTmQaRNmUmcgG7UwhWFdm/PAd4qPc1+hfQzf9z9NdNURIJOnxuSNLoagbho8RsGm8I
wl07qiyoOzVhFAQ+kVdo+upvn4FC8gsiCSMG01/VgqfLBylaCr6FIll5JCarzWz5IKSM6y1HKnBd
3pxN2c2b82v29vzi/IYdX129PT+7Zldn79mny/c/nL0fMZjEbi5h1hn79Oby7Rm7en95cnZ9Pd4N
AQN52J6vxXElq7SghIyBuEYGxUJSSCZpbIKtBbKHkiCm2EJTDAiFUoVZQnVS5MAnBGiwJuT3S8am
jGy1wMwKMsEQpKYRZoUEQu82kKuMRHtcYg7BPE8Lxo9noy3oE2lQWykFlgNKskiu0qtau+EBzEuW
9ZZVx9S81gdPk6Q5dzTnc15F4BnGtrKmAPS0dMnVkBy9iulVELuXPKcPAgeUQGHWgg0ejLqcsGuE
nRmq9JpAk98ofpdbFxyzSxXzlcFD9VC0WbyhJYUkssrZlv5aIS6JfGDUN03NK+z2moLFoyRJpqMw
bHhLqmLZJVu1Ws8w+qbZ1zByozX5yDbYEyY1sI7rrmBElVWwE5qhNuS4XZaqulIlHNMDBg50+jrF
SXoB0U5kdhzAG6R5cHb+hIAhaUPigx3uwcjqupUYGJoFaG3eVZsYtHC3LVWjTpGqRtBF5VhRg1O/
KKclfzDoLLbuaD/hJULTZbuEHAvptULk9Mk3KhLyNF4cKiq2ckV/0aIkj3lsY1Bsl5oi2tDAKriF
pOtuNHZaqKFdm1a/Nujwq8mdCylcemKfM6ocDDrr3fB2CqRQrQLlI0oPqFMFhsJS0kffTK1RHG65
g2VanoqfbmecvK12UYAZtgEa79dRfc0OZ3kuG1TYVKcIKM0WRaZKzAivYqkSJ5KhagIT0kmGYpvq
fPSoSi2R3BSbKr296GupG8KwWq0bRD5ihtVTICmPNjaajhidAihqb+tYuh/AEjJWnGMvQ4U+Lgag
JmvM3kAtCLZ0RMUdO7n6MIK1QEME/rVKYzB7qhVU9NzgNwj/lPld2b2tyGuSTm/umB3HEKgWPEsO
oZVUbUIswYb1VrApw3NBNLCeI27TXg9ZvxU5e8CohiUmz8YMifhwlV91xfa2AcReAolaQdrEhW2Z
l4Z+3+luLrTX1elnudEnluWdGmtMeLpkgrJdmUcvtbqhrRYdjNmVXpPxak4LuO5EtS3QjknF58gC
6ATEVpcZVSzYXi6BeHR2XqGeTrIUZql+Gb8WlnXDLm4+EKU1sIRsR23DsD8nVW63U83FuIs1y6Y1
cNWUqO33hzKnSyTy9YThwYDA7443bEL/mySpGDPKUguORQBLlyCbBnUH2qCflEKYGhEtoLR7InqB
koCoS4EYUjSncF4rlapSAuY22kaRE6nOB3So093U6SUVSafn18evoD6ieqrNyYYwYONPwSq6/1RF
QorGqH+BFff7jS2fW1+PZdTOp13T9j2zsFnTJesCwhWNM92i1+pQAb05rwuVvLVHWIhMUa2wnSwK
aOLRC7teTXbdOEVxPDZmNb/vsgU8QutNY3Sk3GvjgTC6mVdFmz6T+XuR5upAgCT1LfsxKh7Q8yt2
fsr2f/xwfnoAescfkKxw/grUhopJId2Dc2APV8VaPqr8AG8otrrLwdt/fPW2w6/7ux7kW9oML8eo
cCD16lKEeCu6EyKdRh+APgM/TDgqkoS2hbE0WRsPbRpvFULyNIaHMzd0uqJcTf16WcmA5mq/amt9
yiMgiDQqzOo1hlozZfr2FLdRKUSHR70L5kCezzc9So7Lst1UPOpm3adyZWwS9FMHYkq4x8uixeiR
qFyngwmIrBMt5naMjnQUAurHZ0rOsPg9pereYmI8l6r1jqRCFskEfb8uOf0kiWxUYSfTQvAw6Sv2
caMN+xADGd8ltVQ/2YDdJOTTp6g0nyaTV/hbIMY7cwdiu8X474YaZ+eEJ6LPePE3h2mscgbyw0Gn
YHB1G/WlMMckCjNkrFInvWxSGx01aePgQshMUqegzJt2zdI72AL7ZIpEGQfW51WxahYqjsEWnC0U
tl6QA++vG5WSiVgDpdGRZmxFo1g7P617fGGYRs0rbExdm27Y1EdOXZlDawZKAnwGs9kLIBNa5a0i
t8daG12OHytTB68VT6mbhWQCrZ6yorIo26xzG/2C+Z7m6LTh2LghtUHIJe2EGRcjF5QEusFAiD7I
m+pSB88dqblWYFUpaMsCQrYROt4GPfRMA38duwPaBIYhWH9G0MvpEA8M9SnZZuYC9DZVpIzL5bIc
pwVRDKFuvcTmEFy5wXNWUW9JxzSlx9l2nFigMMfn80rO9ZGiPn9Uxyz4+7W7Xf6IPog1l6eX+PMf
QycFVR9g+FpJ1YFwcPIV7VgT4VsGCDbuHfpDnt5IvqVfuCnlPBIqKFSNa2OCSgi/G6Bc1ss3J3g2
L/tneSNIDuWCg1tIjOwV0tDVpZAxEllB72FgXMwxGarRLnepzMEHZ4P6E45esm2hBofahmJrF8I0
QtKyGu/2eKRVxVdfrU263GYQnY0RKc6nX5DX6joEwzhuSIeeelF3wD3ebqBH+jt0kvt6vtfJRGlS
eUDvLEnjAPSNlmd3arTQQBXiqk0noaMDHsJDsxZTGZQmG0R4Sd5W6sYFo013lKIiL+DT0anLt1CT
8Vr3aVBac/zySb9hAQQ0al1NO6WpMbBRPNObsp+ocoGidUSHfD8jUmrBtsm7fxNEbGAlXVGAx2MU
FbzQqmTzZB6l+EztY00dA7Xf6oepUhcBffLVvkSDegSM6AauqXLqdscpe/32+EYBsdWQeLL2nf4i
Y+SFD8BRLkfOQ5xWzYiC7ne60lN3Lf1DC+XEmOhAtPpMkbfa6jJQllgz9evFturibtepVZtbGgoq
gAfSkaBbsLqTk9Hd8IAJqLL+xWuKJrQVzR8gobpYQ257EIPqy17hV6jaXz5AbKt1kyvusE2qqaGD
4Bal0KCsVSFH85Bf+j8GyFSmUK6iuCT8UBlVm3CM16+7SsV7yqutik/ospJu62ZQtbx4XaXsVApm
u8y2p4439Uz26fwVs03bwgndjdqRhAgL78uiiY8GV5tM3abhoNrcQN87skILMtkQeO8T2EGwbhbS
EoBg7ABZLdJGGngDh6UrbQb9lK7ejmwTIXOOpwmxPKI3dem3gelVeH6L9zzde3lf6h3iFBsssOj1
EZG2MdBNvjsinqk2xpL7SP2KotrWyzLuTcEb96PTs9fHH97e9Hiie0K9JWULdF39PqhmjwIE9Sp2
mrL36/8CoeMx0g==
===END CRASH DUMP===
