PocketMine-MP Crash Dump Wed Dec 15 00:06:14 WIB 2021

Error: Call to undefined method Ramsey\Uuid\UuidInterface::fromString()
File: plugins/MyItem/src/muqsit/invmenu/InvMenuEventHandler
Line: 94
Type: Error

THIS CRASH WAS CAUSED BY A PLUGIN
BAD PLUGIN: MyItem

Code:
[85] 	 */
[86] 	public function onDataPacketReceive(DataPacketReceiveEvent $event) : void{
[87] 		$packet = $event->getPacket();
[88] 		if($packet instanceof NetworkStackLatencyPacket){
[89] 			$session = PlayerManager::get($event->getPlayer());
[90] 			if($session !== null){
[91] 				$session->getNetwork()->notify($packet->timestamp);
[92] 			}
[93] 		}elseif($packet instanceof LoginPacket){
[94] 			self::$cached_device_os[UuidInterface::fromString($packet->clientUUID)->toBinary()] = $packet->clientData["DeviceOS"] ?? -1;
[95] 		}
[96] 	}
[97] 
[98] 	/**
[99] 	 * @param InventoryTransactionEvent $event
[100] 	 * @priority NORMAL
[101] 	 * @ignoreCancelled true
[102] 	 */
[103] 	public function onInventoryTransaction(InventoryTransactionEvent $event) : void{
[104] 		$transaction = $event->getTransaction();

Backtrace:
#0 pmsrc/src/event/RegisteredListener(75): muqsit\invmenu\InvMenuEventHandler->onDataPacketReceive(object pocketmine\event\server\DataPacketReceiveEvent#25090)
#1 pmsrc/src/event/Event(62): pocketmine\event\RegisteredListener->callEvent(object pocketmine\event\server\DataPacketReceiveEvent#25090)
#2 pmsrc/src/network/mcpe/NetworkSession(394): pocketmine\event\Event->call()
#3 pmsrc/src/network/mcpe/NetworkSession(358): pocketmine\network\mcpe\NetworkSession->handleDataPacket(object pocketmine\network\mcpe\protocol\LoginPacket#29964, string[55405] ............{"chain":["eyJhbGciOiJFUzM4NCIsIng1dSI6Ik1IWXdFQVlIS29aSXpqMENBUVlGS)
#4 pmsrc/src/network/mcpe/raklib/RakLibInterface(192): pocketmine\network\mcpe\NetworkSession->handleEncoded(string[7389] .}...J..-.U.c.u.o.@q... .......yYY..2.."...T.o..P.~.z.Z....]L..31d.e..I.........)
#5 pmsrc/vendor/pocketmine/raklib-ipc/src/RakLibToUserThreadMessageReceiver(42): pocketmine\network\mcpe\raklib\RakLibInterface->onPacketReceive(integer 0, string[7390] ..}...J..-.U.c.u.o.@q... .......yYY..2.."...T.o..P.~.z.Z....]L..31d.e..I........)
#6 pmsrc/src/network/mcpe/raklib/RakLibInterface(122): raklib\server\ipc\RakLibToUserThreadMessageReceiver->handle(object pocketmine\network\mcpe\raklib\RakLibInterface#25243)
#7 pmsrc/vendor/pocketmine/snooze/src/SleeperHandler(123): pocketmine\network\mcpe\raklib\RakLibInterface->pocketmine\network\mcpe\raklib\{closure}()
#8 pmsrc/vendor/pocketmine/snooze/src/SleeperHandler(82): pocketmine\snooze\SleeperHandler->processNotifications()
#9 pmsrc/src/Server(1645): pocketmine\snooze\SleeperHandler->sleepUntil(double 1639501574.296)
#10 pmsrc/src/Server(1034): pocketmine\Server->tickProcessor()
#11 pmsrc/src/PocketMine(301): pocketmine\Server->__construct(object BaseClassLoader#2, object pocketmine\utils\MainLogger#3, string[12] D:\FoxCraft\, string[20] D:\FoxCraft\plugins\)
#12 pmsrc/src/PocketMine(324): pocketmine\server()
#13 pmsrc(11): require(string[56] phar://D:/FoxCraft/PocketMine-MP.phar/src/PocketMine.php)

PocketMine-MP version: 4.0.0 [Protocol 475]
Git commit: 468faa464b2bc5c97f23fafbb71ea61035f6f218
uname -a: Windows NT DESKTOP-BVRHES0 10.0 build 19042 (Windows 10) AMD64
PHP Version: 8.0.13
Zend version: 4.0.13
OS: WINNT, win
Composer libraries: 
- adhocore/json-comment 1.1.2@fc2f76979f0a44a5f5bc2a2b600d0762fe0e78e7
- brick/math 0.9.3@ca57d18f028f84f777b2168cd1911b0dee2343ae
- daverandom/callback-validator unknown@unknown
- fgrosse/phpasn1 v2.3.0@20299033c35f4300eb656e7e8e88cf52d1d6694e
- netresearch/jsonmapper v4.0.0@8bbc021a8edb2e4a7ea2f8ad4fa9ec9dce2fcb8d
- pocketmine/bedrock-data 1.5.0+bedrock-1.18.0@482c679aa5ed0b81c088c2b1ff0b8110a94c8a6c
- pocketmine/bedrock-protocol 7.0.0+bedrock-1.18.0@040a883a4abb8c9b93114d5278cb5fecc635da82
- pocketmine/binaryutils 0.2.2@f883e1cf9099ed6a757a10a2f75b3333eeb2cdf9
- pocketmine/callback-validator 1.0.3@64787469766bcaa7e5885242e85c23c25e8c55a2
- pocketmine/classloader 0.2.0@49ea303993efdfb39cd302e2156d50aa78209e78
- pocketmine/color 0.2.0@09be6ea6d76f2e33d6813c39d29c22c46c17e1d2
- pocketmine/errorhandler 0.3.0@ec742b209e8056bbe855069c4eff94c9734ea19b
- pocketmine/locale-data 2.0.20@a6e4eb22587e0014f6d658732cf633262723f8d3
- pocketmine/log 0.4.0@e6c912c0f9055c81d23108ec2d179b96f404c043
- pocketmine/log-pthreads 0.4.0@61f709e8cf36bcc24e4efe02acded680a1ce23cd
- pocketmine/math 0.4.0@6d64e2555bd2e95ed024574f75d1cefc135c89fc
- pocketmine/nbt 0.3.0@98c4a04b55a915e18f83d3b0c9beb24a71abcd31
- pocketmine/pocketmine-mp 4.0.0@468faa464b2bc5c97f23fafbb71ea61035f6f218
- pocketmine/raklib 0.14.2@e3a861187470e1facc6625040128f447ebbcbaec
- pocketmine/raklib-ipc 0.1.1@922a6444b0c6c7daaa5aa5a832107e1ec4738aed
- pocketmine/snooze 0.3.1@0ac8fc2a781c419a1f64ebca4d5835028f59e29b
- ramsey/collection 1.2.2@cccc74ee5e328031b15640b51056ee8d3bb66c0a
- ramsey/uuid 4.2.3@fc9bb7fb5388691fd7373cd44dcb4d63bbcf24df
- rhumsaa/uuid unknown@unknown
- symfony/polyfill-ctype v1.23.0@46cd95797e9df938fdd2b03693b5fca5e64b01ce
- symfony/polyfill-php80 v1.23.1@1100343ed1a92e3a38f9ae122fc0eb21602547be
- symfony/polyfill-php81 v1.23.0@e66119f3de95efc359483f810c4c3e6436279436
- webmozart/assert 1.10.0@6964c76c7804814a842473e0c8fd15bab0f18e25
- webmozart/path-util 2.3.0@d939f7edc24c9a1bb9c0dee5cb05d8e859490725

Loaded plugins:
BuilderTools 1.3.0-beta2 by CzechPMDevs, VixikHD for API(s) 4.0.0
DevTools 1.15.0 by PocketMine Team for API(s) 4.0.0
ExtendedBlocksConverter 1.0.0 by JavierLeon9966 for API(s) 4.0.0
KeepInventory 1.0.0 by NhanAZ, KhoaGamingVN for API(s) 4.0.0
MultiWorld 1.7.0-beta3 by CzechPMDevs, VixikCZ, fuyutsuki, kaliiks for API(s) 4.0.0
MyItem 1.4.5 by hachkingtohach1 for API(s) 4.0.0
PlayerStats 3.1.9_BETA by hachkingtohach1 for API(s) 4.0.0
PurePerms 1.4.4 by Vecnavium , 64FF00 & ProjectInfinity for API(s) 4.0.0

----------------------REPORT THE DATA BELOW THIS LINE-----------------------

===BEGIN CRASH DUMP===
eNrtW3lz20aW/yq9dGojZ0UINwFOKWNbkhMlkqWx5DiT0OVqAA0SIxBgcEiiU57Pvr/X3QBBWs4x
4z3+sCuxgT5ev/tq8NdRWlZL3ry9FVWdlcVo6u6PmmwpRlPLd0LPtLyJazhB6Fve/qhd6SnPmPiW
ZVqmOXEx4wb7o5zXzUlVldVo+uuoWa+wbKTe90dLUdd8TiNHPM9ZU7K2SESaFSJhS9EsyoS95Mta
rGezV22WqL9Pi0ZUKY/FdJpW5fKqqbJivvcY4NI2z59nOcE7ns5mz8v7o4qnzWy2ytt5VtSz2fn6
tBHL2ayu4tls2f5SZ5jNitulKNrZ7LS4PcfDya0omm95keSiMlaLFUFWUDWcAwXmAFAOFJADDePg
ARDYnoOi0TQkFlZAfDT9efTIZKslAaD/BS0/eCnmWQ3aRHJG/xai2pt4j6fsj+A5/rosjnnDL3l8
I5qXIhbZrdgro3+IuGGrkgaXQGI2k0eBAaKCZGezD/ZIoI9szwxNYukj6wM05Yo93wZmDwD+kIjx
1zGEq3Z9AoTsAUKFaO7K6uZgGa/EwQv1cgWdgsLuOaH7MIYSoEJKas0j549C9IIdiHo1VAnLZ7Pt
9eOvF1I2G4oeIn8HxKoqmzIu89nsrISqqX2P7DD03X1WS1X/2fNc03vDjMGfX2ejeMGzYgbVmo3E
+rtF9E2cXWTfPX/17tx9cXRanxZzK7k69U9vrNPXPybP//ZDfnplh/zqx9Uv5ycvnr36If/mSrLD
/Rg7Kn6TZ9HBS35zlkW9Fe5Zof2vsOWkiMtEJHuaqAl8CWh6D2K+M4yx8cqIjdYojSe/YKSjdf33
vxuGbRizEV6uMWtcGv803hk/0eSbM8NwrMQQhnHaM0ZS5GmKIPikrA42qGqSxtlKkatIuy5fQRuv
F5XgybnyUFoXqz33d2hVAGEG20wi89w2zQxTc1ExsxfrxAlNkuonZoHkgP9nZWoTnR0xnW2CTR1l
v8GjTsB/QNs/wi1Yu+06EvHJR0VXF2X5TkiKrnIhVqLSrhDIO/+ikP7Anl/jvKzbSrxXviP4F/AL
dnVILZ3NttcBnaqMwdsXZZOlWcwbWE+tjg0H8ryS0tmzfNf7g3Bren9VNFm+l5RtlAs2iOl26CvH
bz5whunsOlU1M/66yeKbS4VvWSkkrWHsuJR7zrFnzzGtjwB5+zYGiU3Vxr2vfMZrcYQcoj4reSKq
R/Y+e0CvWtBC4R0uEH4TdvXI6e3Kst+w7XSgn7LN3ak+U1AU2B+hwN5lgzIRTbcOKHsW0VmJX9qs
Ep2f8/w3bLXg1fTg4Hh60B08AD4+vzRowc6ZlIg8Hr15vz8S/0vJ1KdJeYCwAvEW68v8VmBPA7gJ
eBI3o24WI+oEjFBcIPoCD6Ozhn11gMHAly8rqGsWs7QtYjIH9lDW83AKwb6Q8f8xm7LbMkt+JZgT
CXPWfLGSy9mhXjT+ei4aHbMf/4VWBnpllu51i8GVhhexKFPWRbgGM2ccWU+8Vrsfy2NCvRkH1SoI
4qTLnK9Fdc4LyKyaTnHg3vBwObv3WJ4emj0AOr+D8R+Hh6xAyisPCa1+zeYYCUojt/d4/HVBnmTd
UUBGC6Vp+HKljrF7EO/p1dGv70Vei4cJHyQpCgu3B1GLPJ1Ov4h5vBDJ20TcZrF4W9Y/f1zrerTi
PAMfXr06PQbOTfksK3i13nv8huSzvYZEjYTnWEK/uJqN3rC//pWNLUmO1+FPL0p95CNJnf5VMj34
6it6CbWusScrXvElg1YDflmtryte1Fxq21CPsAdVzmZTlZVV1qzZi4uX50/P5KzVz2bzoqzEETEt
z2GO8HBCLrEHGg7n+hEVfwiXvd9DcKjoltnJ5Ytms3pb3YewoQ7vP9cqn2uVz7XK51rlc63yuVb5
XKt8rlX+fK3S5fY1JfPP2iwHT67LMpfvBaeG8fbw/qjvNo8swzHMcSQabmOct6hfqpqSkaN3Il5c
niPlow0/ZPfZzbfHdBhfZTTvGqZh0rsoONQlGU0p29ofJVCrIiEQmKvLtDkeDiy5rEFiAr5aIlsF
WyOFW0O4zWY7mOYQMTZcXlxdv754eXaMoTsRIfchqhZNs6rBtXnWLNrIiMvlwQDtgy1QSLQwuMuX
fmibJ5YH2rbYseE6uxZ8+akY0Z2PJGeDiab56vrpy+tXl79H8Qazgx4GiD25R6aFYPosx3x9VCKN
reDUBrR/bMU2K8xdTnzHbzNRnYmyQAbifypGbENFRvYwcsqe/zSPtqEffIxysO17uME+5R8wa3v8
d1j0AtHu6U8Y+35R8m843MH8hxefilMK+Gy2hdEuX/6wvWhUQfl5mzfZ67LKkwHZg8Ftmifaazi/
6zWOfpJXRuu2qdubDM83PM+ym/p/xJcsCd87whccGeL+7/iRASDik+qfDHjUNVSG/HENb5szCxTo
N1CEpqQn61NRvwN2c/XWY/W7lINwahvkcbU26nUjagN5zkHC60VU8io5IKJVn+Sq4c3Qew5Hh+Q7
hmWEb5+dXD/9v+HBAK+tlz+qB3e8iRf1ImuMOyGifC01QrIBWd6lqJZbTOjHdjXA3ab+BxEX8EPt
ku0z333+3DTZfzLkR5S5nBZpVmTN+lOx5K06ANR32A0ef48No/fUTaT2jIBX3Al/XS4iMSM/SgRL
fhyVFe0OgLdFbiGKl7xZDEdQXwNT7B2Olcu3SdlA5bZGddN1M9BW+fA94c3WfJrlMrptRubL1fB1
AX0evmdIK2+HA/+opeD692Wk0rOtsRJpCq3Cu0EJE3XoQFAyXLSKt/nwUqS5kA2f4WgtOVpvDyXQ
juHI1eXZ1vHr+pe8oMP0E+unmvJGFNm7bRbc32uqCV0LA2u+JC7aqBbp9V22UulOKL3VO1Qzw+14
vV9uc70k9GzTdCzLDjFweXyxRXpSvpWo7Q5iKNsWWAmlreuthVfZcpWLH8+3aN7BAK9UX+7Quczv
qmxH/qtGVqLEYVeH6MvFju4t2uJG1gm2ZJIjuZLNI9kJlY7MNnzihLgVeRLpRQQKznLVlHrAVsxK
IGillsRvWrUpB95uzhrMU/M/K9JyS2+TD0SebWmJZKUzHKoEzIPscN4qXezg/wRzYxeXsjm82UDW
vVjpc+lEasnxfOjThuZOpoyKa/OJSs9PmbmPprbp2GBbTd3n0TTleQ031XWtRlN34uGMjOzb9YOU
c9d3IzuKvTicpLaT8jSKJpbgPkpJL/VT2woAu9WovM5QRd/V7MU1Oz65+v764nL87IeX355cmcwC
FkziwKzQdG221y22zMfs6fmxTx6YviwZ8OqdkAbk9mqyWL0tSSavT1+8uCbFpJc7mUzBN61KlHFv
IdyKV5mQfo4nCxBWiQPyGGOs0VctFvmEJ2lspxM/nISpyV2Xe6kXxTa3I980E3Pi26kwxSQQE2Jf
hQL5QDtJ0wgN50nMvUliBalpB2ngppPJJLItP4gTK7SsyEyEsB3X4UJ6QAgE3gehifqWEY9vxrdI
reAZ6d4KDLwpyrviif6XtG1elXUtDkAyrwtqm9/apM5PbNMOQ9NxYvDfdUxTRL7ni4kIRBDEqWcn
VuL7oUunwk9Xoha8iheS/iVfraTd3UqleBJEUWzaFg9EEtnC5RPB7TTgiZvyUMRhEgs7jaMg2TKO
g0gkFd7GwJ1LTqL++q9uEHyF9J64gR37k5BzTyRmFFixCeTsyEpTerNMHrpxwP34YcgbdRxNCNFd
6KZr8iBwuMujKIjDKISHcxPPngRx5KUijn3HS3hg70CXjmJj1TYpAMAIK05DMwxF4vOJN+HADlrh
RQ7+IKOw4yQNtyE9KEIqLZwnvjsJJi5UyvejmIOjXhB4tmuLwIttJ7Y9EcSex3dQi6lBkpfaVRJq
YGEouGM6YeiINEkjJ4wTx7SFbXl+4pkAHdhmCO3cgVTm5QaGGUbCh7EmE1iqcJzEDywoTpjYYWzb
sevH1kRYyQ428jJ1oW8ttRd9IuKJa0d0ZGB6fhSBIM/0w9gVaQphhhPHFdwKo21QqNmQRnSqApQM
23zCfeGCr7YXTIRpWm7qJz6eHTtOfcexfXsCRxMkzi6ouUTGJWT8OLTs2ITcPC8OQIFjmYGIofwT
qIOfuqYbm+6HEMaDQKNA+VY6IaLi1IHEYtsFbjB7m8eoOf3A5BaswIl3bKD3AxJE4rvC9jwvSmwR
ksbbrjeBQ/ASbE5jywGOYbqj7EXU9MwNg9jlphtBM0LLE/ApgZM4kQndBqNgmBaPIH5rG8LmcSzT
J2XUf8Jtf9BIV9HIhWEIhwe+ZUGXJ6awUg6b8m0PhmfB2bnuRMB1RFzED0GhdnyXxzwJbZv7ruuC
GD+eJBwugf4LHNsyoXsididOwMUOf1Xns4vzT0weB/DV0Hkrdq2QWyk4DvuC0QeOR/7XC4Utla+S
1/lkB5s8zpK2HuPPxBXCE44dICmKYEmuGXkW9FkI6FsU+X5s8g2Qts1U+IHnRawIwcM08pwg8EMr
TSbOBHrhukkcuYmP3XFqu0lK2xftsua82/+hc6/Xy7Qs1pBgvkZakY+7FPoWqDpSiHESepNwIkJ4
HydIk8SOTMcPHTg4xB0B8ZpQrodgIWIEZg/LegJ3ayIOicTiIZwAB7SQC8uGb0fwQMQybc+dRB+F
ZQ3wEj6UIkydhPQ8RQgK3QC2apmxGztAyoHxhvhblSjL8h2vmgP4NlHpoEsa6oe+G0+gDYHpBpbL
A9eGEggTMk4sL+KRmVoBDGoLyAoWNybnLf0I4ZKETphORAKbjaESURTGFHO9ODK9BNEQuIXmBGBk
hdTrlrGWSeojRk0YhsIizeZtJZvzjFI8lpYV28qpZsUjdr1AIGW1aBpUGTXjlWDNQrCyEDUeeMNi
XhRlwyLBsiLOWzgPPDDVVjYQ0BB4G+QkBOuqXGJnSgB2YdY8FfusxExVE0gWwVvdsHXZVhoWy1K2
RO2RZvIE5Db0zUi+JsAvxF0P7gAJLm/zpmZ3ZfFlwyj084qhxC3hvDIKYWvCsFlktaL7biEK1q7m
FU8AwJgVs6IDNp0VjD16vRCEGH1FU1OuSl/UqLILPKCbckqoEzUtUVXen4GfuWgkv9QnD0wFFxpZ
EmRwPBbjnFNKPBdTJrNSmqgXbYMcsRjr73imbDZSdw2MrnFEMhtJzJ7meXnH8qwmbJnusLPbjLO/
taJa05pf6GGsp6byawO59UQW7HoPA16M0kUGiYEpBC1aM81KWq/q+3E/PUD20WtYDDQCfOVJwpB5
KfYTW+l2hS0Fp5snykAZmB4JQhrMEb+0XH6bNM9usRZJRSvYnj6U2eZjgq5OFONKrFDXjsF2uiaZ
Ylqe/aJdRuAKtOppvS7ia17fMLr+gh4ZcsErcEuqdkcpLVtUZVG2kB6W1/tM9uKYqjDIHvYZJdWV
/rSGeAN7pLFlW+j7LAX8SooXNEHLqvI+g4YJsAEkSc0teuSItxqh05R0ldaQTu6zrPmSvtCq5LZE
NHRFRCqzs5ntgYYWdmNLtkgyxprSqQS1q6tcKkfVFgWJM6HqsFxJIchypDbYsbjVz2yZzRcw5gql
+P7Q+LTiEEeqql01alQxjBizBG6aLilcGKWsNRJlEJy+OgHaD2NAOkI6h4Q/g3YZA0XD4rFa1Gva
rFgKHLdWRvlNXkbQHuotMTUOO1hm9EUS3uc8kk1CdqVYbUrmZjXBltuvSWp3meS81CgY7d1YAeqU
rJYUphlQhEeSX2EQmLQSojtSKTmk1ZKZsnkJQZVkpqQVdNBcojmWqE2ZSVTgdOmCVUb2/54Catb9
Fv4LVPP/Hv51U64kCtp99ihpcDWD+1hRNE16hOjUDisLeadGTDqB19IqNH71l58AQ2kXEiXyGCxu
EXwKBB8m7kXcSudbKpSVRVKw6leL+1iIpN5QpBzXxfXJlF1/e3rFzk7PT6/Z08vLs9OTK3Z58pK9
vnj5/cnLfYZF7PoCq07Y628vzk7Y5cuLo5OrK2PXBWzxw/Z8zY5LUWWlDMjkiGsiMF4I6ZIlN3pn
a4H3SAkS6VvkkjFcoVBuVoI6KgvQCQcNbSJ6P6ZsSsnuFhRZwRNyQWqZhKyAwPVuHLmKSPKMC4oh
FOflBuPD1aQLutMMsa1ETOmA4iyhq+Sq9vY0QL3Eqt6Q6pia1vrxwyhpyh1N+ZxXESxjvMmspQN6
mLvS1AgdvYvpXfDdS160MvkYYoLErIUOPt7vYsKuEnZqqMJriiK/UfQuNyZosAvl85XCI3so2zzp
cckQRO4KtsG/VoBXEn0Q6pumphWnPZfO4oMgKVVHQehpo881u2CrdusV46FqDiVM1GhJfqAb7AGV
2tKOqy5hJJFVOInUUCty0i5XKrtSKRzTE2Oa6OR1TIv0Bom7RLOjAG8I8zB2/gCDEbQR+HDCLZSs
rltBjqFZQGrzLtskp0WnbbDa7wSpcgSdVBoKG1r6UT4t+f1Y9mLrDvcjvqLRbNkuEWMRXisCLj+9
JUEiTtMFksJiw1eyF81KaTEf6hiS7ZXGSB44piy4RdB1e4kdl2pqV6fV96gdfLW4MyEFSy8cUiYz
h7Hs9fa0HQMVmasgfSTuATuVYCgo+ktjtUdRuKEO2zQ/FT3dybR4k+0SA3MqAzTc3wb1W3o4K/T3
VVMdIpCaLcpcpZgRXcnJTFyijKwJKqSDjPRtqvLRsyq0RKJPNlV4ezSUUjdFbrVaNwR8n42tgQCl
8OTB46ZDRocA6bU3eay8H6AUMlGUUy0jE33ajEGNlsG+RS4IXTqUyR07uny1j73AIYJ93WUJ1F7m
Csp79vDHEv6U+V3avcnIa8mdwVqDPU3gqBY8Tw9QSqoyIRHQYX0UDmXUFyQFGxjiJuwNgA1LkZN7
8mqUYvLcYITEq8visku2NwUg1RKE1B3CJm1sV8VqrN93qptzbXV19k708qS0vBNjTQFPp0xI25V6
DEKrG9pq02ODXeo9Oa/mcgPXlajWBXliWvE5kQCZgG31KpcZC5WXSyBPxs4rktOR/Oxd1cv0tZao
G3Z+/UpiWoMkIjtqG0b1uRTl5jhVXBidr1k27Zh2TSW2w/pQFPISSdp6yqgxENN3Xz2ZqH/TNIsN
JqPUglMSwLIleNOQ7CAN+dthuKl9iQuEdiuRXhAn4HWlI0aI5tKd698qqFQCaxuto0SJUP0B7ep0
NXV8IZOk49Orp8+QH8l8qi2kDpHDpl+9VPL+UyUJGSmj/vFJMqw3NnRubD0RUTufdkXb18yiYk2n
rAu4KznPdIleq6YCWXNRlyp4a4uwCJjCWkE7WpQo4skKu1pNdNW49OLUNmY1v+2iBR5Ress52VIe
lPFATN64q6RN92T+UWaFaghITn3JfozKe7L8ip0es70f6ccUkDvMHjhg/R3ERoLJEO5hHFTDVYnm
j0o/YA3lRnYFrP3HZ2cdfF3fDUa+lIfR5ZhMHKR4dSoiaSu7DpEOo/fAb0xfIRyWaSqPxVyWrsf3
bZZsBCL5Od5uzlzL7ooyNfUzdcUDuVbbVVvrLk8MJ9IoN6v3jNWeKdO3p3SMCiHaPepTKAbyYt7X
KAVty3dD8X636jYTd+M+QD/UEFPMfbosW/IeqYp12pmAZR1rKbaTd5StEIifnmVwxuaXMlQPNkvC
C6FK70goYJFIyfbrFb+TSkE6qqBL1aLh7aCvyKeDevLhAxnfRVV/5YvTBOLpQ1iaD6PJK0BKGO/U
Hch2m+nfHhtnp8MTyS/h6CdHWaJiBtHDIVMoXN1GQy7MKYhihUhU6JQvfWiTrSatHDyORS5kpaDU
W56aZzc4gupk6YlyDtLnVXnXLJQfwxGcLRS0gZOD9deNCskS2TFxo0NtvGGNIu30uB7QRW6aJK+g
MXVt2pOpW05dmiP3bAkJ8MbMZo+AJkrljSA3ba1elsaHwtTO645nsppFMEGpp7RoVa7avDMb/ULx
Xq7RYcOx6UBZBhGV8iSKuOS5kBLoAoNGdCNvqlMd6jvK4loNq0xBaxYQ2XjoZOP0yDLH9COMnaHe
MWwP688IBjEd/mCsPqPqVy4gt6lCxVgtlysjKyXGcHXrJRWHMOWG+qxxvUGdwpSeZ5t5SYJ0c3w+
r8RctxR1/1G1WejnVDe79En84Gsuji/o8+uxDgoqPyD3dSdUBcJh5HfyxFoiviFAjhmDpj/idM/5
dkUfJCnhfMBUCFTNa2VCJkTfDchYNog3R9SbF8Ne3j6Cw2rBYRaCPHtFOHR5KSJGKirUHmPyiwUF
QzXbxS4VOfhWb1B/wjEIti1ycOQ20rd2LkwDlFJW890ZH0hV0TUUa5MtNxFER2MCSuvlj2VrdR1C
bpwOlE1PvalrcBubA/TM8ISOc78d73UwUZJUFjDoJWkYAN9ofnZdo4UeVC6u6isJ7R2oCY9iLZFp
UJb2gOiSvK3UjQt5m66Vojwv4Gnv1MVb5GS81nUaUmtOXz7pN0qAgKOW1bQTmpqDjlJPb8p+lpkL
ktZ92eR7Q0BlCbYJ3sObIEkGZdKVdPDURlHOi7RK/tj0wzgq/bMsH2tZMcjym76FBa46CRiir86V
OKhHQCQzcE0VUzcnTtnzs6fXapBKDUGdtb/oLzL2vfAeFBVi37lPsqrZl073LzrTU3ctw6aFMmIK
dGCt7inyVmtdDmHFa6Z+P9JWnd/tKrWqv6WRTgVwEI5ieQtWd3wadzc8UAGV1j96Lr2JPEqu3wIi
82I98nYwMpb55SDxK1XuL+7h22pd5MY3VCbVsqCDc4uynH7sKhM5uY7olb8LzlWkUKaiqJTwkRlV
vTum69ddodI95eVGxEfyslLe1s2QtTy6QvQ9FjFzmTWZuuHUcdjr02fMNm2L5rsLtUMBB4v3Zdkk
h1s3m0xdptGkOntMpndohRYCGQbvFlkjxnSvRgmphIEqSedkh7ZJI3NOPYJEHMo3dZXXj+ld1JWl
25vufXW7OoSR4CnJqGyCnq4P5Ym92vVR7FCSIjNeSqQP65u1DPqbYdLcwSq6Sj88Pnn+9NXZNY3q
ykZeAOpTZRggm9TvW2nqYUBDg1RcbSkKpApxX38g1cuE+uV+rZeoHJI+XlJdoUPLH5xfwft09NOz
QZ18GGBy+JX8syWCW18KwRnsz1YYVAeN3v83AHc7gg==
===END CRASH DUMP===
