PocketMine-MP Crash Dump Wed Dec 15 00:04:23 WIB 2021

Error: Class "pocketmine\utils\UUID" not found
File: plugins/MyItem/src/muqsit/invmenu/InvMenuEventHandler
Line: 93
Type: Error

THIS CRASH WAS CAUSED BY A PLUGIN
BAD PLUGIN: MyItem

Code:
[84] 	 */
[85] 	public function onDataPacketReceive(DataPacketReceiveEvent $event) : void{
[86] 		$packet = $event->getPacket();
[87] 		if($packet instanceof NetworkStackLatencyPacket){
[88] 			$session = PlayerManager::get($event->getPlayer());
[89] 			if($session !== null){
[90] 				$session->getNetwork()->notify($packet->timestamp);
[91] 			}
[92] 		}elseif($packet instanceof LoginPacket){
[93] 			self::$cached_device_os[UUID::fromString($packet->clientUUID)->toBinary()] = $packet->clientData["DeviceOS"] ?? -1;
[94] 		}
[95] 	}
[96] 
[97] 	/**
[98] 	 * @param InventoryTransactionEvent $event
[99] 	 * @priority NORMAL
[100] 	 * @ignoreCancelled true
[101] 	 */
[102] 	public function onInventoryTransaction(InventoryTransactionEvent $event) : void{
[103] 		$transaction = $event->getTransaction();

Backtrace:
#0 pmsrc/src/event/RegisteredListener(75): muqsit\invmenu\InvMenuEventHandler->onDataPacketReceive(object pocketmine\event\server\DataPacketReceiveEvent#29953)
#1 pmsrc/src/event/Event(62): pocketmine\event\RegisteredListener->callEvent(object pocketmine\event\server\DataPacketReceiveEvent#29953)
#2 pmsrc/src/network/mcpe/NetworkSession(394): pocketmine\event\Event->call()
#3 pmsrc/src/network/mcpe/NetworkSession(358): pocketmine\network\mcpe\NetworkSession->handleDataPacket(object pocketmine\network\mcpe\protocol\LoginPacket#29960, string[55405] ............{"chain":["eyJhbGciOiJFUzM4NCIsIng1dSI6Ik1IWXdFQVlIS29aSXpqMENBUVlGS)
#4 pmsrc/src/network/mcpe/raklib/RakLibInterface(192): pocketmine\network\mcpe\NetworkSession->handleEncoded(string[7389] .}...J..-.U.c.u..$."... .......yYY..2.."...T.o..P.~.z.Z....]L..31d.e..I.........)
#5 pmsrc/vendor/pocketmine/raklib-ipc/src/RakLibToUserThreadMessageReceiver(42): pocketmine\network\mcpe\raklib\RakLibInterface->onPacketReceive(integer 0, string[7390] ..}...J..-.U.c.u..$."... .......yYY..2.."...T.o..P.~.z.Z....]L..31d.e..I........)
#6 pmsrc/src/network/mcpe/raklib/RakLibInterface(122): raklib\server\ipc\RakLibToUserThreadMessageReceiver->handle(object pocketmine\network\mcpe\raklib\RakLibInterface#25243)
#7 pmsrc/vendor/pocketmine/snooze/src/SleeperHandler(123): pocketmine\network\mcpe\raklib\RakLibInterface->pocketmine\network\mcpe\raklib\{closure}()
#8 pmsrc/vendor/pocketmine/snooze/src/SleeperHandler(82): pocketmine\snooze\SleeperHandler->processNotifications()
#9 pmsrc/src/Server(1645): pocketmine\snooze\SleeperHandler->sleepUntil(double 1639501463.4022)
#10 pmsrc/src/Server(1034): pocketmine\Server->tickProcessor()
#11 pmsrc/src/PocketMine(301): pocketmine\Server->__construct(object BaseClassLoader#2, object pocketmine\utils\MainLogger#3, string[12] D:\FoxCraft\, string[20] D:\FoxCraft\plugins\)
#12 pmsrc/src/PocketMine(324): pocketmine\server()
#13 pmsrc(11): require(string[56] phar://D:/FoxCraft/PocketMine-MP.phar/src/PocketMine.php)

PocketMine-MP version: 4.0.0 [Protocol 475]
Git commit: 468faa464b2bc5c97f23fafbb71ea61035f6f218
uname -a: Windows NT DESKTOP-BVRHES0 10.0 build 19042 (Windows 10) AMD64
PHP Version: 8.0.13
Zend version: 4.0.13
OS: WINNT, win
Composer libraries: 
- adhocore/json-comment 1.1.2@fc2f76979f0a44a5f5bc2a2b600d0762fe0e78e7
- brick/math 0.9.3@ca57d18f028f84f777b2168cd1911b0dee2343ae
- daverandom/callback-validator unknown@unknown
- fgrosse/phpasn1 v2.3.0@20299033c35f4300eb656e7e8e88cf52d1d6694e
- netresearch/jsonmapper v4.0.0@8bbc021a8edb2e4a7ea2f8ad4fa9ec9dce2fcb8d
- pocketmine/bedrock-data 1.5.0+bedrock-1.18.0@482c679aa5ed0b81c088c2b1ff0b8110a94c8a6c
- pocketmine/bedrock-protocol 7.0.0+bedrock-1.18.0@040a883a4abb8c9b93114d5278cb5fecc635da82
- pocketmine/binaryutils 0.2.2@f883e1cf9099ed6a757a10a2f75b3333eeb2cdf9
- pocketmine/callback-validator 1.0.3@64787469766bcaa7e5885242e85c23c25e8c55a2
- pocketmine/classloader 0.2.0@49ea303993efdfb39cd302e2156d50aa78209e78
- pocketmine/color 0.2.0@09be6ea6d76f2e33d6813c39d29c22c46c17e1d2
- pocketmine/errorhandler 0.3.0@ec742b209e8056bbe855069c4eff94c9734ea19b
- pocketmine/locale-data 2.0.20@a6e4eb22587e0014f6d658732cf633262723f8d3
- pocketmine/log 0.4.0@e6c912c0f9055c81d23108ec2d179b96f404c043
- pocketmine/log-pthreads 0.4.0@61f709e8cf36bcc24e4efe02acded680a1ce23cd
- pocketmine/math 0.4.0@6d64e2555bd2e95ed024574f75d1cefc135c89fc
- pocketmine/nbt 0.3.0@98c4a04b55a915e18f83d3b0c9beb24a71abcd31
- pocketmine/pocketmine-mp 4.0.0@468faa464b2bc5c97f23fafbb71ea61035f6f218
- pocketmine/raklib 0.14.2@e3a861187470e1facc6625040128f447ebbcbaec
- pocketmine/raklib-ipc 0.1.1@922a6444b0c6c7daaa5aa5a832107e1ec4738aed
- pocketmine/snooze 0.3.1@0ac8fc2a781c419a1f64ebca4d5835028f59e29b
- ramsey/collection 1.2.2@cccc74ee5e328031b15640b51056ee8d3bb66c0a
- ramsey/uuid 4.2.3@fc9bb7fb5388691fd7373cd44dcb4d63bbcf24df
- rhumsaa/uuid unknown@unknown
- symfony/polyfill-ctype v1.23.0@46cd95797e9df938fdd2b03693b5fca5e64b01ce
- symfony/polyfill-php80 v1.23.1@1100343ed1a92e3a38f9ae122fc0eb21602547be
- symfony/polyfill-php81 v1.23.0@e66119f3de95efc359483f810c4c3e6436279436
- webmozart/assert 1.10.0@6964c76c7804814a842473e0c8fd15bab0f18e25
- webmozart/path-util 2.3.0@d939f7edc24c9a1bb9c0dee5cb05d8e859490725

Loaded plugins:
BuilderTools 1.3.0-beta2 by CzechPMDevs, VixikHD for API(s) 4.0.0
DevTools 1.15.0 by PocketMine Team for API(s) 4.0.0
ExtendedBlocksConverter 1.0.0 by JavierLeon9966 for API(s) 4.0.0
KeepInventory 1.0.0 by NhanAZ, KhoaGamingVN for API(s) 4.0.0
MultiWorld 1.7.0-beta3 by CzechPMDevs, VixikCZ, fuyutsuki, kaliiks for API(s) 4.0.0
MyItem 1.4.5 by hachkingtohach1 for API(s) 4.0.0
PlayerStats 3.1.9_BETA by hachkingtohach1 for API(s) 4.0.0
PurePerms 1.4.4 by Vecnavium , 64FF00 & ProjectInfinity for API(s) 4.0.0

----------------------REPORT THE DATA BELOW THIS LINE-----------------------

===BEGIN CRASH DUMP===
eNrtW3lz20aW/yq9dGojZ0UIF0GCU8r4kJwosSyNJceZDFOuBtAgMQIBBockOpX97Pt7rxskSMtJ
JuOt3T/imomAPl6/+2rw50FaVkvZvLtVVZ2VxWDqHw6abKkGUyfwwpHt+IFn+ZPQ87zDQbsyU77l
2EFouxNvPB55bhgcDnJZN6dVVVaD6c+DZr3CsoF+PxwsVV3LOY08x7JazAarMr5RzTIr1GzWNlle
z2Zv3pydzAaiKBuRlm2RYF/a5vmLLKeNJ9PZ7EV5/7ySaTObrfJ2nhXYdL4+a9RyNqureDZbtj/V
GWaz4napinY2Oytuz/FwequK5mtZJLmqrNViRZA1VAPnSIM5ApQjDeTIwDh6AAS250B8MA3BkqaS
MR7/MXhki9WSAND/FS0/eq3mWd2oSiUv6W+hqoPx6PFU/B48h1+WxYls5KUkRr1Wscpu1UEZ/VPF
jehzj48CA1QFEc5mH+xhoI/cMBx5j4H5I+cDNHnFQeACswcAf0jE8MtY5rne9QkQcnsIFaq5K6ub
o2W8Ukev9MsVlAeaeeCF/sMYMkCN1AFD9H4vxNFkD6JZDVXC8tlsd/3wywXLZkvRQ+TvgVhVZVPG
ZT6bvSyhanofUR/Yh6JuqqyY/2M08u3Rj8Lq/ft5NogXMitmUK3ZQK2/WURfxdlF9s2LN+/P/VfP
z+qzYu4kV2fB2Y1z9vb75MXfvsvPrtxQXn2/+un89NWzN9/lX10xO/yPsaOSN3kWHb2WNy+z6KyA
kFMo84ETun+ELadFXCYqOTBEjb1JCJp+ATHfWNbQemPFVmtZn1mzAYY6Ytd//7tluZYevLZKy7q0
/tt6b/1Akz++tCzPSSxlWWcbzjBJI0MSJJ+U1dEWV0PTMFtpejVt1+UbqOP1olIyOde+yChjdeD/
BrEaIOxgl0tkn7u2mWFqriqxlevYC20S66fmAbMg+Fel6hKhHTWddYJPHWm/wqROxL9D3z/Crkfu
yPW1vY8/Kru6KMv3iim6ypVaqco4QyDv/UEp/Y49P8d5WbeV+kV7j8kfwG+yr0R66Wy2uw7oVGUM
3r4qmyzNYtnAfmp9bNiT5xVL58AJ/NHvhFvT+5sCkfQgKdsoV6Ifvm3Inn2//cAhtrfvV/XM8Msm
i28uNcJlpbF0+uHjkvecY8+BZzsfAfLuXQwam6qNN+7ymawVJwIvS5mo6pF7KB5QLJMWnMMLwnXC
sh55G8ty3B/FbkawmXLt/alNsqApcD9CgbvPBm0jhm4TUw4corNSP7VZpTpXNwp+FKuFrKZHRyfT
o+7gHvDh+aVFC/bOpFzk8eDHXw4H6lMnTp8mvQFmGsQ7rC/zW4U9DeAmID5uBt0sRvQJGKEYQIRM
fIzOGvHFEQYnI35ZQTGzWKRtEZPii4cynIfTBfEZx/rHYipuyyz5mWAGDHPWfLbi5eLYLBp+OVeN
ic+P/0Irx2Zllh50i8GVRhaxKlPRRbMGMy8lMpx4rXc/5mMmZjMOqnXAw0mXuVyr6lwWEE41neLA
g/7hPHvwWJ8ebgDQ+R2M/zg+FgXSWz4ktDdrtscwKIPcwePhlwX5jHVHAVkntKORyxUfEzobEL/Q
q2tef1F5rR4mvJeQaCy8DYha5el0+lks44VK3iXqNovVu7L+B6nadJpW5fKKVX+LTZxnIJ/mgWpT
PssKWa0PHv9IYtldQxJGTnPCQC+uZoMfxV//KoYOU+F3aNOL1hp+JGHTXy3Koy++oJeJUTHxZCUr
uRRQZsAvq/V1JYtaspL11Yf2hNs9VVZWWbMWry5enz99iUnHtjez2bwoK/WcWJXnKhFwYIqXOD29
dmz3I4r9ECoHv4VfX73hljv9brard5W8DxtK8Muf1cif1cif1cif1cif1cif1cif1cif1cgfqka6
pL6mLP5Zm+XgyXVZ5vxeSGr/7g4fDja944FjeZY9jFQjXYzLtlmUVU35yPP3Kl5cniPpow3fZffZ
zdcndJhcZTTvW7Zl07sqJPQlGUwp4TocJNCrIiEQmKvLtDnpDywlFx8xAV8tkaaCrZHGrSHcZrM9
THOIGBsuL66u3168fnmCoTsVIf0hqhZNs6rBtXnWLNrIisvlUQ/tox1QyLUwuM+XzdAuT5wRaNth
x5br4lrJ5adiRHc+8pwtJobmq+unr6/fXP4WxVvMjjYwQOzpPZItxNNnOebr5yUy2QperUf7x1bs
ssLe58Q38jZT1UtVFkhCgk/FiF2oSMoeRk7b87/Mo13oRx+jHGz7Fn5wk/X3mLU7/hsseoVw9/QH
jH27KOVXEu5g/t2rT8UpDXw228Fony+/214MqqD8vM2b7G1Z5UmP7N7gLs1j4zW83/Qaz3/ge6F1
29TtTYbnG5ln2U39v+JLloTvHeELjvRx/3f8SA8Q8Uk3Tno86jopff741miXMwtU5jdQhKakJ+dT
Ub8Hdnu/tsHqNykH4dQvyONqbdXrRtUWEp2jRNaLqJRVckRE6wbJVSObvvfsj/bJ9yzHCt89O71+
+n/Dgx5eOy+/Vw/uZBMv6kXWWHdKRfmaNYLZgDTvUlXLHSZsxvY1wN+l/jsVF/BD7VIcisB/8cK2
xX8K5EeUuZwVaVZkzfpTseSdPgDUd9j1Hn+LDYNfqI1IDRoFr7gX/rpchDEjP0oEMz+elxXtngBv
h9xCFC9ls+iPoMQGptjbHyuX75KygcrtjJq26nagrfL+eyKbnfk0yzm6bUfmy1X/dQF97r9nSCtv
+wP/rFlwm/dlpNOznbESaQqtwrtFCRO15kBQ0l+0inf58FqlueKeT3+0Zo7Wu0MJtKM/cnX5cuf4
df1TXtBh5klsppryRhXZ+10W3N8bqgldBwNruSQuuigX6fV9ttLpTsje6j3Kmf52vN4vd7leEnqu
bXuO44YYuDy52CE9Kd8xavuDGMp2BVZCaet6Z+FVtlzl6vvzHZr3MMArFZh7dC7zuyrbk/+q4VKU
OOybEH252NO9RVvccJ3gMpM85ko2j7gXyo7MtQLihLpVeRKZRQQKznLVlGbA1cxKIGitlsRvWrUt
B95tz+rNU9c/K9JyR2+TD0Se7WgJs9LrD1UK5kF2OG+1Lnbwf4C5iYtL7gpvN5B1L1bmXDqRunIy
7/u0vrmTKaPi2n5wsuEnZ+6DqWt7LthWU9t5ME1lXsNNdY2rwdQfj3BGRvbtB5NUSj/wIzeKR3E4
Tl0vlWkUjR0lA5SSozRIXWcC2K1B5W2GMvquFq+uxcnp1bfXF5fDZ9+9/vr0yhYOsBCMg3BC23fF
QbfYsR+Lp+cnAXlg+nykx6v3ig3I36jJYvWuJJm8PXv16poUk17uOJmCb1qVKOPeQbiVrDLFfk4m
CxBWqSPyGEOsMXcsDvmEJ2nspuMgHIepLX1fjtJRFLvSjQLbTuxx4KbKVuOJGhP7KhTIR8ZJ2lZo
eU9iORonziS13Uk68dPxeBy5TjCJEyd0nMhOlHI935OKPSAEAu+D0ESty0jGN8NbpFbwjHQzBQbe
FOVd8cT8JW2bV2VdqyOQLOuC2uK3LqnzE9d2w9D2vBj89z3bVlEwCtRYTdRkEqcjN3GSIAh9OhV+
ulK1klW8YPqXcrViu7tlpXgyiaLYdh05UUnkKl+OlXTTiUz8VIYqDpNYuWkcTZId4ziKVFLhbQjc
JXMS9dd/dYPgK6T3xJ+4cTAOpRypxI4mTmwDOTdy0pTeHFuGfjyRQfww5K06DsaE6D5027flZOJJ
X0bRJA6jEB7OT0bueBJHo1TFceCNEjlx96Czo9hatUsKADDKidPQDkOVBHI8GktgB60YRR7+IaNw
4yQNdyE9KEIqLbwngT+ejH2oVBBEsQRHR5PJyPVdNRnFrhe7IzWJRyO5h1pMDZK8NK6SUAMLQyU9
2wtDT6VJGnlhnHi2q1xnFCQjG6Anrh1CO/cglXm5hWGHkQpgrMkYlqo8LwkmDhQnTNwwdt3YD2Jn
rJxkDxu+Ll2Y60rjRZ+oeOy7ER05sUdBFIGgkR2Esa/SFMIMx56vpBNGu6BQsyGN6FQFKFmu/UQG
ygdf3dFkrGzb8dMgCfDsuXEaeJ4buGM4mkni7YOaMzI+IRPEoePGNuQ2GsUTUOA59kTFUP4x1CFI
fduPbf9DCMNeoNGgAicdE1Fx6kFisesDN5i9K2PUnMHElg6swIv3bGDjBxhEEvjKHY1GUeKqkDTe
9UdjOIRRgs1p7HjAMUz3lL2Img1zw0nsS9uPoBmhM1LwKRMv8SIbug1GwTAdGUH8zi6E7eOQ0ydt
1P+C2/6gla6jkQ/DUJ6cBI4DXR7bykklbCpwRzA8B87O98cKriOSKn4ICjXkuzzmSei6MvB9H8QE
8TiRcAn0v4nnOjZ0T8X+2JtItcdf3frs4vwTW8YT+GrovBP7TiidFByHfcHoJ96I/O8oVC4rHxLh
Wq3JDrZ5nMO2HuPf2FdqpDx3gqQogiX5djRyoM9KQd+iKAhiW26BtG2mww88L2JFCB6m0cibTILQ
SZOxN4Ze+H4SR34SYHecun6S0vZFu6yl7PZ/6Nzr9TItizUkmK+RVuTDLoW+BaoeCzFOwtE4HKsQ
3sebpEniRrYXhB4cHOKOgnhtKNdDsBAxJvYGlvME7tZGHFKJI0M4AQlooVSOC9+O4IGIZbsjfxx9
FJbTw0sFUIow9RLS8xQhKPQnsFXHjv3YA1IejDfEf3WJsizfy6o5gm9TlQm6pKFBGPjxGNowsf2J
48uJ70IJlA0ZJ84okpGdOhMY1A6QFSxuSM6b/QjhkoRemI5VApuNoRJRFMYUc0dxZI8SREPgFtpj
gOEKaaNb1pqT1EeCmjAChUWazduKu/OCUjyRlpXYyalmxSNxvUAgFbVqGlQZtZCVEs1CibJQNR5k
I2JZ0CcikRJZEectnAcehG4rWwhoCLwNchKCdVUusTMlAPswa5mqQ1FipqoJpIjgrW7EumwrA0tk
qVii9kgzPgG5DX0skq8J8Ct1twF3hARXtnlTi7uy+LwRFPplJVDilnBeGYWwNWHYLLJa0323UIVo
V/NKJgBgzYpZ0QGbzgohHr1dKEJMNCVOQa4KEKYRDx7QZTkl1ImeZlS19xfgZ64a5pf+1kHo4EIj
S4IMjsdqmEtKiedqKjgrpYl60TbIEYuh+VJnKmYDfdcg6B5HJbMBY/Y0z8s7kWc1YStMh13cZlL8
rVXVmtb8RA9DMzXlDw546ykX7GaPAF6C0kUBiYEpBC1aC8NKWq/r++Fmuofso7ewGGgE+CqTRCDz
0uwnttLtilgqSVdPlIEKMD1ShDSYo35qZU5sm2e3WIukolXiwBwqXPsxQdcnqmGlVqhrh2A7XZNM
Mc1nv2qXEbgCrXpar4v4WtY3gu6/oEcWL3gDbrFqd5TSskVVFmUL6WF5fSi4Fyd0hUH2cCgoqa7M
NzXEG9gjjS3bwlxoaeBXLF7QBC2ryvsMGqbABpDEmltskCPeGoTOUtJVWkM6eSiy5nOwr6l4W6Ia
uiIildnbLA5AQwu7cZktTMbQUDplUPu6Klk5qrYoSJwJVYflioXA5UhtiRN1a57FMpsvYMwVSvHD
vvEZxSGOVFW7avSoZhgxZgncDF0sXBgl1xqJNghJH54A7YcxIB0hnUPCn0G7rJ6iYfFQL9po2qxY
Khy31kb5VV5G0B7qLQk9DjtYZvQpEt7nMuImobjSrLaZuVlNsHn7NUntLmPOs0bBaO+GGlCnZDVT
mGZAER6JP8QgMGmlVHekVnJIqyUzFfMSgirJTEkr6KA5ozlk1KbCJipwOrtgnZH9v6eAmnW/hv8C
1fy/h3/dlCtGwbjPDUoGXC3gPlYUTZMNQnRqh5WDvNMgxk7gLVuFwa/+/BNgyHbBKJHHEHGL4FMg
+Ah1r+KWnW+pUdYWScFqs1rdx0ol9ZYi7bgurk+n4vrrsyvx8uz87Fo8vbx8eXZ6JS5PX4u3F6+/
PX19KLBIXF9g1al4+/XFy1Nx+fri+enVlbXvAnb44Y4Cw45LVWUlB2RyxDURGC8Uu2TmxsbZOuA9
UoKEfQsvGcIVKu1mGdTzsgCdcNDQJqL3Y8qmlexuQZEVPCEXpJcxZA0ErnfryHVE4jMuKIZQnOcN
1oerSRdMpxliW6mY0gHNWUJXy1Xv3dAA9VKrekuqZxta68cPo2Qo9wzlc1lFsIzhNrNmB/Qwd9nU
CB2zS5hd8N1LWbScfPQxQWLWQgcfH3YxYV8JOzXU4TVFkd9oepdbE7TEhfb5WuGRPZRtnmxwyRBE
7gqxxb/WgFeMPggNbNvQitNesLP4IEiy6mgIG9rog80u2OrdZsWwr5p9CRM1RpIf6IZ4QKV2tOOq
SxhJZBVOIjU0ipy0y5XOrnQKJ8zEkCY6eZ3QIrOBcWc0OwrwhjAPY5cPMBhBG4EPJ9xCyeq6VeQY
mgWkNu+yTXJadNoWq8NOkDpHMEmlpbGhpR/l01LeD7kXW3e4P5crGs2W7RIxFuG1IuD8zS0JEnGa
LpA0Flu+kr0YVrLFfKhjSLZXBiM+cEhZcIug628kdlLqqX2d1p+kdvD14s6ENCyzsE8ZZw5D7vVu
aDsBKpyrIH0k7gE7nWBoKOYTY71HU7ilDtsMPzU93cm0eJvtEgNzKgMM3F8H9Wt6OCvMB1ZTEyKQ
mi3KXKeYEV3JcSbOKCNrggqZIMO+TVc+ZlaHlkhtkk0d3h71pdRNkVut1g0BPxRDpydAFh4fPGw6
ZEwIYK+9zWP5foBSyERTTrUMJ/q0GYMGLUt8jVwQunTMyZ14fvnmEHuBQwT7ussSqD3nCtp7buAP
Gf5UBF3avc3Ia+ZOb60lniZwVAuZp0coJXWZkCjosDkKhwrqC5KC9QxxG/Z6wPqlyOk9eTVKMWVu
CULizWVx2SXb2wKQaglC6g5hkza2q2I1NO971c25sbo6e6828qS0vBNjTQHPpExI27V69EKrH7p6
02NLXJo9uazmvEGaStToAp+YVnJOJEAmYFu9yjljofJyCeTJ2GVFcnrOH77repm+1lJ1I86v3zCm
NUgisqO24Z9wsCi3x+niwup8zbJph7Rrytj260NV8CUS23oqqDEQ03dfGzJR/6ZpFluCo9RCUhIg
siV405DsIA3+JTDc1CHjAqHdMtIL4gS8LjtihGjJ7tz8SEGnEljbGB0lSpTuDxhXZ6qpkwtOkk7O
rp4+Q37E+VRbsA6Rw27JU/L9p04SMlJG86uTpF9vbOnc2nqionY+7Yq2L4VDxZpJWRdwVzwvTIle
66YCWXNRlzp4G4twCJjGWkN7vihRxJMVdrWa6qpx9uLUNha1vO2iBR5RevMct5R7ZTwQ4xt3nbSZ
nsw/y6zQDQHm1Ofi+6i8J8uvxNmJOPiefk4BucPsgQPW30FsJJgM4R7GQTVclRj+6PQD1lBuZVfA
2r9/9rKDb+q73sjnfBhdjnHiwOI1qQjTVnYdIhNG74HfkL5COC7TlI/FXJauh/dtlmwFwvwc7jZn
rrm7ok1N/+hc84DXGrtqa9PlieFEGu1mzZ6h3jMV5vaUjtEhxLhHcwrFQFnMNzVKQdvy/VB82K26
zdTdcBOgH2qIaeY+XZYteY9UxzrjTMCyjrUU28k7cisE4qdnDs7Y/JpDdW8zE14oXXpHSgOLVEq2
X6/kHSsF6aiGzqpFw7tBX5NPB23Ihw8Uch9V85kvTlOIpw9haT+Mpqzo92RCduoOZLvN9HeDjbfX
4Yn4Szj6rVGW6JhB9EjIFApXt1GfC3MKolihEh06+WUT2rjVZJRDxrHKFVcKWr351Dy7wRFUJ7Mn
yiVIn1flXbPQfgxHSLHQ0HpODtZfNzokM7JD4kaH2nDLGk3a2Undo4vcNEleQxP62nRDpmk5dWkO
79kREuANhSseAU2UyltBbttaG1laHwrTOK87mXE1i2CCUk9r0apctXlnNuaF4j2vMWHDc+lALoOI
Sj6JIi55LqQEpsCgEdPIm5pUh/qOXFzrYZ0pGM0CIlsPnWydHlnmkH6HsTe0cQy7w+Yzgl5Mhz8Y
6s+oNisXkNtUo2KtlsuVlZWMMVzdeknFIUy5oT5rXG9RpzBl5sV2nklgNyfn80rNTUvR9B91m4V+
UXWzTx/jB19zcXJBn18PTVDQ+QG5rzulKxAJI7/jE2tGfEsAj1m9pj/i9Ibz7Yo+SNLC+YCpEKie
N8qETIi+G+BY1os3z6k3r/q9vEMEh9VCwiwUefaKcOjyUkSMVFWoPYbkFwsKhnq2i106csid3qD5
hKMXbFvk4Mht2Ld2LswAZCnr+e6MD6Sq6eqLtcmW2whiojEBpfWk9RQwSIrkxulAbnqaTV2D29oe
YGb6J3Sc+/V4b4KJlqS2gF4vycAA+Mbws+saLcygdnHVppIw3oGa8CjWEk6DsnQDiC7J20rfuJC3
6Vop2vMCnvFOXbxFTiZrU6chtZb05ZN5owQIOBpZTTuh6TnoKPX0puIfnLkgaT3kJt+PBJRLsG3w
7t8EMRmUSVfs4KmNop0XaRX/yvTDOMr+mcvHmisGLr/pW1jgapKAPvr6XMZBPwIimYFv65i6PXEq
Xrx8eq0HqdRQ1Fn7i/ki43AU3oOiQh1690lWNYfsdP9iMj1919JvWmgjpkAH1pqeomyN1uUQVrwW
+vcjbdX53a5Sqza3NOxUAAfhKOZbsLrj07C74YEK6LT+0Qv2JnwUr98BwnmxGXnXGxlyftlL/Eqd
+6t7+LbaFLnxDZVJNRd0cG5RltPvXTmR43VEL/8gONeRQpuKppLhIzOqNu6Yrl/3hUr3lJdbET/n
y0q+rZsha3l0heh7omLhC2c89cOp54m3Z8+Ea7sOzXcXascKDhbvy7JJjnduNoW+TKNJffaQTO/Y
CR0EMgzeLbJGDelejRJShoEqyeRkx65NI3NJPYJEHfObvsrbjJld1JWl25vufXW7OoaR4CnJqGyC
nq6P+cSN2m2i2DGTwhkvJdLH9c2ag/52mDS3t4qu0o9PTl88ffPymkZNZcMXgOZUDgNkk+Z9J009
ntBQLxXXW4oCqUK8qT+Q6mVK/2S/Nkt0DkkfL+mu0LET9M6v4H06+unZok4+DDA5/oL/7YjgNmAh
eL392QqD+qDBL/8DK7gk6Q==
===END CRASH DUMP===
