PocketMine-MP Crash Dump Wed Feb 9 08:48:58 WIB 2022

Error: syntax error, unexpected token "class", expecting variable or "$"
File: plugins/FCCore/src/hachkingtohach1/FCCore/FCCore
Line: 443
Type: ParseError

THIS CRASH WAS CAUSED BY A PLUGIN

Code:
[434] 		];
[435] 		if($player->getWorld()->getDisplayName() == $this->getServer()->getWorldManager()->getDefaultWorld()->getDisplayName()){
[436] 		    if(in_array($player->getInventory()->getItemInHand()->getId(), [325, 259])){
[437]                 $event->cancel();
[438] 			}
[439] 		}
[440] 		if($player->getInventory->getItemInHand()->getId() == 333){
[441] 			$pos = $block->getLocation()->floor();
[442] 			$pos->y += 1;
[443] 			$entity = new Boat::class(Location::fromObject($pos, $block->getWorld()));
[444]             $entity->spawnToAll();		
[445] 			$count = $player->getInventory()->getItemInHand()->getCount();
[446] 			$player->getInventory()->setItemInHand($player->getInventory()->getItemInHand()->setCount($count - 1));
[447] 		}
[448] 	}
[449] 	
[450] 	public function onBreakBlock(BlockBreakEvent $event){
[451] 		$player = $event->getPlayer();
[452] 		$block = $event->getBlock();
[453] 		if(isset($this->blockBreak[$player->getXuid()])){

Backtrace:
#0 pmsrc/vendor/pocketmine/classloader/src/BaseClassLoader(83): BaseClassLoader->loadClass(string[29] hachkingtohach1\FCCore\FCCore)
#1 (): BaseClassLoader->{closure}(string[29] hachkingtohach1\FCCore\FCCore)
#2 pmsrc/src/plugin/PluginManager(155): class_exists(string[29] hachkingtohach1\FCCore\FCCore, true)
#3 pmsrc/src/plugin/PluginManager(357): pocketmine\plugin\PluginManager->internalLoadPlugin(string[50] C:\Users\tranthien\Desktop\FoxCraft\plugins\FCCore, object DevTools\FolderPluginLoader#24743, object pocketmine\plugin\PluginDescription#27398)
#4 pmsrc/src/Server(993): pocketmine\plugin\PluginManager->loadPlugins(string[44] C:\Users\tranthien\Desktop\FoxCraft\plugins\)
#5 pmsrc/src/PocketMine(301): pocketmine\Server->__construct(object BaseClassLoader#2, object pocketmine\utils\MainLogger#3, string[36] C:\Users\tranthien\Desktop\FoxCraft\, string[44] C:\Users\tranthien\Desktop\FoxCraft\plugins\)
#6 pmsrc/src/PocketMine(324): pocketmine\server()
#7 pmsrc(11): require(string[80] phar://C:/Users/tranthien/Desktop/FoxCraft/PocketMine-MP.phar/src/PocketMine.php)

PocketMine-MP version: 4.0.0 [Protocol 475]
Git commit: 468faa464b2bc5c97f23fafbb71ea61035f6f218
uname -a: Windows NT tranthien4-8sin 10.0 build 17763 (Windows Server 2016) AMD64
PHP Version: 8.0.13
Zend version: 4.0.13
OS: WINNT, win
Composer libraries: 
- adhocore/json-comment 1.1.2@fc2f76979f0a44a5f5bc2a2b600d0762fe0e78e7
- brick/math 0.9.3@ca57d18f028f84f777b2168cd1911b0dee2343ae
- daverandom/callback-validator unknown@unknown
- fgrosse/phpasn1 v2.3.0@20299033c35f4300eb656e7e8e88cf52d1d6694e
- netresearch/jsonmapper v4.0.0@8bbc021a8edb2e4a7ea2f8ad4fa9ec9dce2fcb8d
- pocketmine/bedrock-data 1.5.0+bedrock-1.18.0@482c679aa5ed0b81c088c2b1ff0b8110a94c8a6c
- pocketmine/bedrock-protocol 7.0.0+bedrock-1.18.0@040a883a4abb8c9b93114d5278cb5fecc635da82
- pocketmine/binaryutils 0.2.2@f883e1cf9099ed6a757a10a2f75b3333eeb2cdf9
- pocketmine/callback-validator 1.0.3@64787469766bcaa7e5885242e85c23c25e8c55a2
- pocketmine/classloader 0.2.0@49ea303993efdfb39cd302e2156d50aa78209e78
- pocketmine/color 0.2.0@09be6ea6d76f2e33d6813c39d29c22c46c17e1d2
- pocketmine/errorhandler 0.3.0@ec742b209e8056bbe855069c4eff94c9734ea19b
- pocketmine/locale-data 2.0.20@a6e4eb22587e0014f6d658732cf633262723f8d3
- pocketmine/log 0.4.0@e6c912c0f9055c81d23108ec2d179b96f404c043
- pocketmine/log-pthreads 0.4.0@61f709e8cf36bcc24e4efe02acded680a1ce23cd
- pocketmine/math 0.4.0@6d64e2555bd2e95ed024574f75d1cefc135c89fc
- pocketmine/nbt 0.3.0@98c4a04b55a915e18f83d3b0c9beb24a71abcd31
- pocketmine/pocketmine-mp 4.0.0@468faa464b2bc5c97f23fafbb71ea61035f6f218
- pocketmine/raklib 0.14.2@e3a861187470e1facc6625040128f447ebbcbaec
- pocketmine/raklib-ipc 0.1.1@922a6444b0c6c7daaa5aa5a832107e1ec4738aed
- pocketmine/snooze 0.3.1@0ac8fc2a781c419a1f64ebca4d5835028f59e29b
- ramsey/collection 1.2.2@cccc74ee5e328031b15640b51056ee8d3bb66c0a
- ramsey/uuid 4.2.3@fc9bb7fb5388691fd7373cd44dcb4d63bbcf24df
- rhumsaa/uuid unknown@unknown
- symfony/polyfill-ctype v1.23.0@46cd95797e9df938fdd2b03693b5fca5e64b01ce
- symfony/polyfill-php80 v1.23.1@1100343ed1a92e3a38f9ae122fc0eb21602547be
- symfony/polyfill-php81 v1.23.0@e66119f3de95efc359483f810c4c3e6436279436
- webmozart/assert 1.10.0@6964c76c7804814a842473e0c8fd15bab0f18e25
- webmozart/path-util 2.3.0@d939f7edc24c9a1bb9c0dee5cb05d8e859490725

Loaded plugins:
AuctionHouse 2.0.0-BETA1 by Shock95x for API(s) 4.0.0
BlockGenerator 0.1.0_beta by BlockHorizons, Chris-Prime for API(s) 4.0.0, 3.0.0
BuilderTools 1.3.0-beta2 by CzechPMDevs, VixikHD for API(s) 4.0.0
CropGrowth 2.0.1 by NhanAZ, kaidoMC, YTBJero for API(s) 4.0.0
CustomItemLoader 2.3.1 by alvin0319 for API(s) 4.0.0
DevTools 1.15.0 by PocketMine Team for API(s) 4.0.0
EconomyAPI 5.7.3-PM4 by onebone for API(s) 4.0.0
FormAPI 1.4.0 by jojoe77777/DragonfireHD98 for API(s) 4.0.0
HealthTag 2.1.2 by Shelly7w7 for API(s) 4.0.0
InvCrashFix 0.0.1 by Muqsit for API(s) 4.0.0
InvSee 2.0.1 by BlockHorizons for API(s) 4.0.0
KeepInventory 1.0.0 by NhanAZ, KhoaGamingVN for API(s) 4.0.0
LaunchableTNT 1.0.1 by Vecnavium for API(s) 4.0.0
MaxEnchants 1.2.4 by Xenophilicy for API(s) 4.0.0
MultiWorld 1.7.0-beta3 by CzechPMDevs, VixikCZ, fuyutsuki, kaliiks for API(s) 4.0.0
MyItem 1.5.5 by hachkingtohach1 for API(s) 4.0.0
NPC 1.0.0 by hachkingtohach1 for API(s) 4.0.0
Napthe 0.0.2 by hachkingtohach1,tungstenvn for API(s) 4.0.0
PlayerStats 3.1.9_BETA by hachkingtohach1 for API(s) 4.0.0
PurePerms 1.4.5 by Vecnavium , 64FF00 & ProjectInfinity for API(s) 4.0.0
Shield 1.4.0 by JavierLeon9966 for API(s) 4.0.0
SimpleHome 1.1.0 by CzechPMDevs, VixikCZ for API(s) 4.0.0
Spyglass 1.0.1 by ItsRealNise for API(s) 4.0.0
VanillaHopper 2.0.1 by ColinHDev for API(s) 4.0.0
VanillaX 3.0.0 by CLADevs for API(s) 4.0.0
WorldProtect 2.3.11 by aliuly for API(s) 4.0.0
_NewAlias 1.4.0 by Javier Leon9966 for API(s) 4.0.0

----------------------REPORT THE DATA BELOW THIS LINE-----------------------

===BEGIN CRASH DUMP===
eNrtPGlz20aWf6VXTm2kGpLCTYBTdlmW5Fgzlq215Ng7YUrVABokIhBAcEiiU/nv+97rxik5lhNl
Zj/ENRMBfbx+99Hd4C87UVZseHV5LYoyztKdhTXZqeKN2FnojmWZc9003dncsB3dnuzUuezSZrar
OY6jObahw38t6Et4WR0XRVbsLH7ZqbY5DNs540UpZONkZyPKkq+wudymFb9lAjsmrE7FbS6CSoSs
yq5EypY7AQArlzsTJnvidMWueRFzPxEsK2DAN8sdgBjVSfIyThDk4WK5fF8CDctlVfC0WsciXS6P
RHlVZfly+TK7PSx4VC2XeVKv4hSGvTw8zAqxXJZFsFyuebC+gmWqDJ/0rlf+neXrHNeTaykQ+7Jv
HwDsj+Y3XfIPzEziFGYCP4G5BQ/g+YedJxrLNzj5WqRhVuznWXAlqg2M3Cf6k4yHoiDwL3gpDrHt
NbXtuubego0ap89wAjXsllUByPxgeD+yL1C2B8g90dnuffB+CZKsrAvx69fCMxRh+H/JrP0z+nPK
U9CAYle3bViQqLwUt3FZfQ3KE1YVtVzI/NJCpj2HhTrONvJfLgfjps/itBJFyhOkXXY1GNnaj+z3
ateEZf5PoMDsSFxfZFmCHVkCzJVLSEY/Maw5KEYz9PPIwnpBEYMJZukTY256LvHA6vHgXBRgx7ue
Zz6M6qSlthWAZf0ecgkTu4fJGS1+Covvmpo+wkaiOX12eRlkKaxbB9Wuon6khE+Me/lSVzHy8pQj
D1dAyhPgnyLAdL6CgHbWHyDb+QzZhjUiu5TSoUlzOWlXR94U4uc6LkQjAhc0Ll/zYrG/f7jYJ4z2
W4T2FT77DTq9NaenZzOcOEIFvdfezo+/TnbEv9k//3F/CUjL6Zdxep0l12Ij0gpghsCvoNppeqEF
noMsFEidZVrQsKyW1Y9/h2bLtNVrHO1+kyd8i8q3EtWHrEjC3T16PopL7HnDN2J3jz19yr4BdpfU
paxqr5vTuBc1VUS8Tj4Pbe8XQsJRSDD4B4gASbwo+HaA0UkKwaDKiq2Cc1KJzUn6iqcN4BN4mLAf
TMOeMMP2fmyAzwE4G/37RiCw6bOAp4FIdvckL1yFxrL6ld499U5vlnY/p1q8Po8V8sw0TYmPpber
fJNnJQN2+gkoJI1+nQUcnRhOjpIsKxRqljGYNH22ZX97ynTZZ3Z9gElcbQFmKm7Yi4xXiwUp5G4D
eLGIimzzlvzGLoKa9JdXctpTi1ojzinw02dlzm/Si+wgQdbhwjTc7vAIsjqtkLSvEeAhTmoIdnoE
fwZGOYDx8KXKZimF5pTpDcXzgcSlPshnqQv4aEtFyGs/iQMW1WmAjGVZ+qIQ/OoFMnOX/kvvx4iJ
0jepAHajAApjZJNSR0D1jNoUF+xG7FJGw5FyJTXQ7JQzLoHAXWWjfovID30GfaxjYAWZyK9/5V1/
5V1/5V1/5V3/gbyryVFKTE0OanKkr7K6pFQl5VhPD5snO20xvmPMtJk2fXF8caBDO6+rdVaU6MXO
17COZ98ifJ7H2GThWHwXKWZi4c4i4kkpJjuhyMHV4TToLLMIMpamYecYVCHbbA/OTnDmhlMuVSrg
yyWXiK0RseVyhCaqMWaRb88vPrx99/oImm6EX8YVkoQ+l7z3dyIVBa9k4qnoHXX0KdZm+ky79EXF
hwTTlFdZEX8C3YWuw3UBvv+swA2JMQ8mO+bv4EVH/2Ct5XKI7XIpbeRBDKhjdDvkg/rk95v7xOsz
QHyKxBtD6g8/iWB9dgr+DCd8H9/GV6+O/qDsO3oDhJ5vQoC+XPoSuUr6zRGqv0nxuqryEqxnFVfr
2p8F2Wa/h/f+ABQw57DI8u+K7KZa91jTaxzbwcgC3qx5evAvaLvicZidHsLT/168+Icoskfji1xi
ueyQks7vdzBCYYtk12WVbTBbU3rUI37cNWSBOWYBT67jVDN179EobiEC0SNk7rY8xAKaCNyjsm0a
ar5uk+X2yOtcKbsQfPNoRHZZQQ8VRcn5xcG7i/dnXxJnh9p+CwOo7XnTjt5eY59iezafmdOzU2tI
dJYKH/7/aMQqeMulkGgA0OVygNIXZfgyKzZDkpqWoQStsQB/yn7KxBz/7R8VfJWlEYTbV0ee+2jU
dStgokBItQ8PIe2V4Em1vuCrHnFd29D89JkxjsEiSbbzm/mjkVM2EJfLFouHuRwkBipCSE3K9cv4
tkdOv3UYaO+41NP6ZwD3aNRsCNxyGafXAWIQxbdfEzwB8XMhhpRgwxfiwjBReCxaRimBROVrqPmn
EHlbsveIGrYPDUobG1Qb8/65zvh3HPLb1fdvHj3cDVB6hIj3mtdpsEaELt5c9Egfto9JH4n1exGk
/DquHy8MtBBBjH1MRq8PEe4pvz3GGWnVD3T91iF1xmzk9T+KNMvXcRIH20ejrwcThdjiMnh5EHV1
UsW0bdYnrmsc0jZXGaz5xQz28F90iLetq7K+iimTS+L4qvxz8toNInyDCAMD+sj/kZy2BwgZtcXk
qM8k2TBkkD2zh6wZbbw8Gvl3NnQkOs3fh5AOlAP34iQotrNyW4lylopqPwRn7me8CPeR6jdnhz2S
8e0LXuzfRi/g8nXu64ZXwbpcx9XsRgg/2ZK8iUaeV+t+LFIN44Bq/Calk6pOV2Ul0uv0TySaMGv+
PsS+5XbsecUH3qvf2icTqpCZd4lbEv8hqfYQG7z8YSGf1YU4E8VmwIW2bZzr2p+JT2zCHOvlS01j
/83Oigw30U4g8U3j6vFc+6VcAchv0Os9PkTk5+tYDNy5avhCQv8PoFAUr0WWep7jPBo5Q7DLpUSm
+fsgeuJNnohX2aZvo73GUak5puv+4PSnhKGSkFoDUkBfH8E/EobONzxJ1I7yfg8qcibfrnBjt8+X
pukLKddJVb6DKuRNXD5eOdqDCfQrRB5e4nzP0zhJ+Ksszwc7J8P2L1QIh1kSp6+AcY9GVQtxuRxg
Mnr9PVJuce2o/3iX8I8jF30n5h6+PiDtfjSKJbyWwI/d00PkSCkTeMcKT/E7agbNdza/7ux+xXWy
fcStLwS3XFKKmEscxor5wN2h0zouInRdvcPFaXMNoiqE2N9wSAOK/QG9wJbLN+LmIIl531q7tgc5
Z/ane2dCRv35HRo9BLcvwfyKFz14ARQDW0abf83xChFwC9kTsoA4RLdFFjsumjiWG36w4bib3LUE
PAF6YG6/LdtchlkFieygVd2J6RrqIum/h7wa9EdxUokB4NUm77+uIUvuv8dBll73G34qSZTt+8aX
J1GDtqyo2nMRzC7LiiNBYX9QHgz58E5EiaCjmn5rSRwth00hVtS9lvOz14Plt+XPSYqLqSfWdtFl
oPjTkAW3t4pqRBftdcs3CdmvQa+f4lxGYI/yp09J7Penw+vtZsj1DNEzNM3UdcODhrOjtwPSw+yS
UBs3QlM8FFgGql2Wg4EyVH48HdA8wgBeCyE36geNN0U8kj/k2zgSOdycQ52tR7q3rtMrOkY1iEly
Sz9e+XHKcVsIXLcxc5AT4hr8h68GISgowfIqUw2GZFYIgpZqqamkpnM4l91avX68kxWnUTbQ2/CO
yOOBlhArzX5TIcA80A5XtdTFBv6/wNzY27MAUvUe89G617laF1ekw7Skn2f3zR1NmZeiu5Tc8pMO
p3YWhmYawLbyEnKq1pmhz86CDKBacxvWiNG+LceNOLccyzf8wA68eWSYEY98f64L7uiaaUdOZOgu
wK6bIBSnYXZTsjcXrD3+taZuGadMBywY4cD0+dwx2W4zWJ6tM0PTnT12cHrk4AYPXhvuMe2TIEuy
Wn1Z55cZCufDyRvaZ6KXGwo44KTyrBTFJUi54EUsyOHxcA0UFmIfXccUxqjrcJjSGs+jwIjmjjf3
Io1bFrcj2w8MbviOpoXa3DEioYm5K+bIxyIOrvaVt9Rm3sx8HnB7HupupBlu5FrRfD73Dd1xg1D3
dN3XQiEM0zK5IFcItIIbAm8ODjbxeXA1vYb4GcpjXuDkVZrdpM/VX1S7VZGVpdgHknmZ4uWgawzp
2nNDMzxPM80ABGGZmiZ8x3bEXLjCdYPINkI9dBzPwlXBYReiFLwI1kT/hsskcOeatOO56/uBZujc
FaFvCIvPBTcil4dWxD0ReGEgjCjw3XBgJfu+CAu8Gga4c7U9o/2taQS+gvSeW64ROHOPc1uEmu/q
gQbIGb4eRfima9yzApc7wf2QO73cmSOiY+iapXHXNbnFfd8NPN8DV2eFtjF3A9+ORBA4ph1y1xhB
J4/RmbeBCgBghB5EnuZ5InT43J5zwA60wvZN+AflrhGEkTeEdK8IsRwwnzvW3J1boFKO4wccOGq7
rm1YhnDtwDADwxZuYNt8hFrvGpVCDVjoCW5qpueZIgoj3/SC0NQMYei2E9oagHYNzQPtHEHKkqyD
oXm+cMBqwzmYrDDN0HF1UBwvNLzAMALLCfS50MMRNnSNdQ3amih0UO1EMLcMH5d0NdvxfSDI1hwv
sEQUgTC9uWkJrnv+EFSSYT7RqApWFob2nDvCAr4atjsXmqZbkRM68GwaQeSYpuEYc/A4bmiOQa0I
GQuRcQJPNwIN5GbbgQsUmLrmigCUfw7q4ESWZgWadRfCtBdxJChHj+ZIVBCZILHAsAA3MHuDByEo
hKtxHazADEY20PoBAhE6ljBs2/ZDQ3io8YZlz8Eh2CFMjgLdBBy9aKTsqV+1zPXcwOKa5YNmeLot
wKe4Zmj6Gug2MAoMU+c+iF8fQuilypRHSaP+Cv/dg1XwK5lZgKe1wDCEyV1H10GX55rQIw425Rg2
GJ4Ozs6y5gJch89FcB+UaZwHTULz3DMM7liWBcQ4wTzk4BLwf65p6BrongisuelyMeJvmWbZJ9EE
/OcaD1zw1aDzemDpHtcj4DjYFxi9a9rof21PGKR8kBGXYot20CV0Otl6AP/mlhC2MA0XsiMfLMnS
fFsHfRYC9M33HSfQeAekrmMZfsDzQqzwgIeRb5uu63h6FM7NOeiFZYWBb4UOzA4iwwojnL6uNyXn
zfy7zr3cbqIs3YIEky3kF8m0yaWvAVWThBiEnj335sID72O6URgavmY6ngkODuKOAPFqoFz3wYKI
4WotLP05uFsN4pAIde6BE+AAzeNCN8C3Q/DAz5EM25r7n4Wl9/ASDiiFF5kh6nkEIcizXLBVXQus
wASkTDBeD29uU0mzyT7xotoH3yYKFXRRQx3PsYI5aIOrWa5ucdcyQAmEBjIOddvnvhbpLhjUAEgO
FjdF561qW+156JleNBch2GwAKuH7XoAx1w58zQ4hGgJunjYHMFQqtbo121K2+oRhocoCPGJf1QVd
g2aY67EoK9gguVqmT9jFGgIpK0WFd/dLxgvBqrVgWSpKeOAVC3iaZhXzBYvTIKnBecADkzfpZhDQ
IPBWkJMgrPNsAzMjBDCGWfII72JCT1EiSObjJV22zepCwWJxxDZQhEC1jCtAboP3+qEMB8BQ97bg
9kN5yb5kN1n6bcUw9POCQfWbgfOKMYRtEUO8ECzpvlmLlNX5quAhAJgt02XaAFssU8aefFgLRIxV
GawCSSuAULcSS8r7SsysQ9lNqErvjx84JKIifuHRSCCYDC7YskHIwPFATBOOufFKLBilp9hRrusK
ksV0qj61WLDljsobl7Wm6zr8VxMmu1ova12EUdw2w5uXrliCT1yP/2u5QyQcJEl2w5K4pE8w1AYD
u445+59aFFsc8zM+NHsPC7rCS1OPaSdAzWFAAMO8koFogXsIzd8yxXMcLzcOpm13j6onH8C0QHVA
ADwMGaRoUk7If5DMFdsIjteZMVVlIB1fINLARfFzzRPk7yq+hrGQfdSC7apFIZPeQ+hyRTEtRA6V
8BTkg/dOF9BNa7+pNz6wD9TvoNymwQUvr0BDiitQuBkNeF+CDNEGGkpx2LrI0qwGMcPwcsJox4fJ
mgQNZ8Iw+wZCsPgg3oDhYtumTmP5iYEEfk56ADSBOhbZbQyqKIANQBKpeNoih7xVCJ1EqNQ4BpV3
wuLqW2BfVdC0UOBOEOnWaDLbBRpqMDCD2EJkTBWlCwI1VmpOylHUaYriDLGezHISAhUw5QxvR6tn
tolXa7B6vKUx6VupUhzkSFHUeSVbJcOQMRv8OlLSRcIF66WiJJSWw6+zOAS078cAdQR1DiqDGLRr
1lM0GDyVg1pNW6YbActtpfV+l2Q+aA/uWTHZDnawiSt0Ahux4j4dVrJzyWqNmBuXCJumX6DUbmLi
PGkUWPfNVAJqlKwkCvHKEjww+iYBwUSFEM2SUslBWjXaM1tlIKgM7Rm1AhdaEZpTQm3BNKQCVidf
LVO3//cU4Cbgb+G/hvr/j+FfVllOKCg/26KkwJUM3EeOYTdsEcJVG6x0SFAVYuQEPpBVKPzKbx8B
Q7ILQgk9BgtqiFIpRCkmbkVQk/PNJMrSIjGqtaPFbSBEWHYUScf19uJ4wS5enZyz1yenJxfs4Ozs
9cnxOTs7fsc+vH33z+N3EwaD2MVbGHXMPrx6+/qYnb17e3h8fj4bu4ABPwzbUew4E0WcUeRGR1wi
gcFakEsmbrTOVgfeQ+4Qkm+hIVNwhUK6WQJ1mKVAJzho0Cak93PKJpXsZo0hGHiCLkgOI8gSCLje
zpHLiERrvMUYggkBTZjdHY26oLawQWy5CDBvkJxFdKVc5dyWBlAvkZcdqaamaC337kdJUW4qyle8
8MEypl0KTg7ofu6SqSE6ahZTs8B3b3haU5bSxwQyuBp0cG/SxISxEjZqKMNrFAEsSe+mM8EZeyt9
vlR4SDOyOglbXGIIIjcp6/AvJeCc0AdCHU1TtMJqL8lZ3AmSpDoSQksbfmTXBFs5W42Y9lWzL2Gk
Rknyjm6we1RqoB3nTWaJIitgJVRDpchhvcllGiZzPaY6ptjRyOsIB6kJhDuh2VAAbxDmwdj5PQyG
oA2BD1a4BiUry1qgY6jWILVVk5ai08LVOqwmjSBljqCyz5nEBod+lk8bfjul3duywf2Q59gab+oN
xFgIrwUCr/DLThQkU1/ZERYdX9FeFCvJYu7qGGTlucKIFpxiulxD0LVaiR1lsmus0/J7wAa+HNyY
kISlBvYpo8xhSrvDLW1HgArlKpA+IvcAO5lgSCg5x+KFyTmSwo46mKb4KelpVsbBXbaLDEywXlBw
fxvUb+nhMk1FhQJbqBABqdk6S2SK6ePFEsrECWXImkCFVJAh3yZLJNUrQ4sv2mRThrcnfSk1XehW
i22FwCdsqvcESMKjhadVg4wKAeS1uzyWThQwhQwl5Vj0UKKPk6FRoTVjryAXpC82Mbljh2fvJzAX
cPDBvm7iENSecgXpPVv4U4K/YE6TdncZeUnc6Y2dsYMQHNWaJ9E+1JyyTAgF6LBaChZluIGICtYz
xC7s9YD1S5HjW/RqmGLyZMYQifdn6VmTbHeVItYSiNQNhE2cWOdpPlXvo+rmVFldGX8SrTwxLW/E
WGLAUykTpO1SPXqh1fIMOWlvxs7UnIQXK5rAVcmqdIFWjAq+QhJAJsC2Mk8oY8E6FG95oLHzAuV0
mMQwShbW+CmbKCt2evGeMC2BJCTbryuGhTyJsltOFhezxtdsqnqKsxaEbb8+FCkdO5GtRwx3EAL8
+K0lEwrlKIqDGaMoteaYBLB4A7ypUHYgDfp9GXBTE8IFhHZNSK+RE+B1yRFDiObkzkspUplKwNhK
6ShSIuRGgnJ1qpo6ektJ0tHJ+cELyI8on6pT0iF02DV6SjoxlUlCjMqofkkg7NcbHZ2drYfCr1eL
pmh7xnQs1lTKugZ3Rf1M1fKl3H1Aa07LTAZvZRE6ApNYS2iH6ywraYeiqdVEU42TF8f9ZVby6yZa
wCNeH6APm7GvV8YDYvg8kUmb2rz5KYtTuSFAnPqWffSzW7T8gp0csd2P70+O9kDuYPaAA4y/AbGh
YGII92AcWMMVoeKPTD/AGrJOdilY+8cXrxv4qr7rtXxLi+FxGiUOJF6VihBtWbOVpMLoLeA3xZsM
T7MoomWhL46209s6DjuBED+nw12cC9qGkaYmf8pI8oA8vbKrulTbQQE4kUq6WTVnKucsmDpvxWVk
CFHuUa2CMZCnq7ZGSXFaMg7Fk2bUdSxupm2Avm/nTDL3YEMf52ORT+FeOhNgWcNajO3oHWkrBMSP
zxScYfI7CtW9yUR4KmTp7QsJzBcR2j79mgGZ0rrRM1ItbB4GfUk+LtSSDz6Q8TGqQEtAUYsJiKf3
YandjyYvAFLIeKPugGwzGf+22JijHR76zB/trIxDGTOQHg4yBYUra7/PhRUGURghQhk66aUNbbTV
pJSDB4FIBFUKUr1p1SS+giWwTiZPlHAgfUVfAEo/BktwtpbQek4OrL+sZEgmZKfIjQa1accaSdrJ
UdmjC900Sl5CY/J8tSVTbTk1aY78OYu+kADelBnsCaCJN+paQXbbWq0sZ3eFqZzXDY+pmoVgAqWe
1KI8y+ukMRv1gvGexqiwYRq4IJVBSCWthBEXPRekBKrAwBa1kbdQqQ7uO1JxLZtlpqA0CxDpPHTY
OT20zCn+1suoqXUMw2Z18aAX08EfTOXFpHbkGuS2kKjM8s0mn8UZYQyubrvB4hBMucJ91qDsUMcw
pfpZ108kkJvjq1UhVmpLUe0/ym0W/DGKqzF9hB/4mrdHb/Hb9KkKCjI/QPd1I2QFwumXT3DFkhDv
CKC2We90AOJ0y/k6xytMUjh3mAoClf1KmSATwgsGFMt68eYQN/FFfy9vAsEhX3MwC4GevUAcmrwU
IkYkCqg9pugXUwyGsreJXTJy8MHeoLr00Qu2NeTgkNuQb21cmAJIUpb9zRp3pCrp6ou1ijddBFHR
GIHieNR6DBgoRXTjuCBteqpJzQb3rFtA9fRXaDj32/FeBRMpSWkBvb0kBQPAV4qfza7RWjVKF1e0
lYTyDrgJD8VaSGlQHLWA8DS9LuTRDHqbZitFel6Ap7xTE285Xs1TdRqk1hzvSqk3TIAARyWrRSM0
2Qc6int6C/YDZS6QtE5ok+9HBCoDcxu8+0dGRAZm0gU5eNxGaT66p/2R++Io+WcqH0uqGKj8xo9y
8kSoJKCPvlyX2uUjQEQzsDQZU7sVF+zl64ML2YilhsCdtb+rqxsT27sFilIxMW/DuKgm5HT/rjI9
edbS37SQRoyBDlir9hR5rbQuAWEFWyZ/kKMuGr/bVGpFe0pDTgXgQDgK6LisbPg0bU54QAVkWv/k
JXkTWorGD4BQXqxaLnstU8ove4lfJnN/+WMxqsgNrrBMKqmgA+fmxwn+HBMlcjQO6QVUoASTkUKa
iqSS4ENmVLTuGM9px0LFA82zTsSHdKpJx3pLyFqevCxidiQCZljMMBamvbA19uHkBTM0Q8cBzdHb
UwEeFt43WRU+lV9+FXgKSL+Cgsb2VPd0CF3DxmuHmk1sVtVBnEMjaDe03KzjSkzxyA1zVYIOBZRK
157aGrasOG4fhOIpvcnjwLZNzcINWzzYad7z61ytEMZYUYEKb58Saq1GtgHuKRFJyTDm2B1pTYIs
wt4QPIt/enT88uD964seTXQwqJak8IC2qt4H6etTF5t6KToN2fn1/wAW9iX0
===END CRASH DUMP===
