PocketMine-MP Crash Dump Wed Dec 8 00:28:45 WIB 2021

Error: Declaration of hachkingtohach1\MyItem\MyItem::onEnable() must be compatible with pocketmine\plugin\PluginBase::onEnable(): void
File: plugins/MyItem/src/hachkingtohach1/MyItem/MyItem
Line: 84
Type: E_COMPILE_ERROR

THIS CRASH WAS CAUSED BY A PLUGIN

Code:
[75] 	
[76] 	public function onLoad() :void{
[77]         self::$instance = $this;
[78] 	}
[79] 	
[80] 	public static function getInstance(): MyItem{
[81]         return self::$instance;
[82]     }
[83] 
[84]     public function onEnable(){	
[85] 	    if(!InvMenuHandler::isRegistered()){
[86] 	        InvMenuHandler::register($this);
[87] 		}
[88] 		Entity::registerEntity(Bubble::class, true);
[89] 		Entity::registerEntity(Throww::class, true);
[90] 		@mkdir($this->getDataFolder());
[91] 		@mkdir($this->getDataFolder()."items/");
[92] 		$this->loadAllItems();
[93] 		$this->saveDefaultConfig();
[94] 		$customPath = $this->getDataFolder() . "customskill";

Backtrace:

PocketMine-MP version: 4.0.0 [Protocol 475]
Git commit: 468faa464b2bc5c97f23fafbb71ea61035f6f218
uname -a: Windows NT DESKTOP-BVRHES0 10.0 build 19042 (Windows 10) AMD64
PHP Version: 8.0.13
Zend version: 4.0.13
OS: WINNT, win
Composer libraries: 
- adhocore/json-comment 1.1.2@fc2f76979f0a44a5f5bc2a2b600d0762fe0e78e7
- brick/math 0.9.3@ca57d18f028f84f777b2168cd1911b0dee2343ae
- daverandom/callback-validator unknown@unknown
- fgrosse/phpasn1 v2.3.0@20299033c35f4300eb656e7e8e88cf52d1d6694e
- netresearch/jsonmapper v4.0.0@8bbc021a8edb2e4a7ea2f8ad4fa9ec9dce2fcb8d
- pocketmine/bedrock-data 1.5.0+bedrock-1.18.0@482c679aa5ed0b81c088c2b1ff0b8110a94c8a6c
- pocketmine/bedrock-protocol 7.0.0+bedrock-1.18.0@040a883a4abb8c9b93114d5278cb5fecc635da82
- pocketmine/binaryutils 0.2.2@f883e1cf9099ed6a757a10a2f75b3333eeb2cdf9
- pocketmine/callback-validator 1.0.3@64787469766bcaa7e5885242e85c23c25e8c55a2
- pocketmine/classloader 0.2.0@49ea303993efdfb39cd302e2156d50aa78209e78
- pocketmine/color 0.2.0@09be6ea6d76f2e33d6813c39d29c22c46c17e1d2
- pocketmine/errorhandler 0.3.0@ec742b209e8056bbe855069c4eff94c9734ea19b
- pocketmine/locale-data 2.0.20@a6e4eb22587e0014f6d658732cf633262723f8d3
- pocketmine/log 0.4.0@e6c912c0f9055c81d23108ec2d179b96f404c043
- pocketmine/log-pthreads 0.4.0@61f709e8cf36bcc24e4efe02acded680a1ce23cd
- pocketmine/math 0.4.0@6d64e2555bd2e95ed024574f75d1cefc135c89fc
- pocketmine/nbt 0.3.0@98c4a04b55a915e18f83d3b0c9beb24a71abcd31
- pocketmine/pocketmine-mp 4.0.0@468faa464b2bc5c97f23fafbb71ea61035f6f218
- pocketmine/raklib 0.14.2@e3a861187470e1facc6625040128f447ebbcbaec
- pocketmine/raklib-ipc 0.1.1@922a6444b0c6c7daaa5aa5a832107e1ec4738aed
- pocketmine/snooze 0.3.1@0ac8fc2a781c419a1f64ebca4d5835028f59e29b
- ramsey/collection 1.2.2@cccc74ee5e328031b15640b51056ee8d3bb66c0a
- ramsey/uuid 4.2.3@fc9bb7fb5388691fd7373cd44dcb4d63bbcf24df
- rhumsaa/uuid unknown@unknown
- symfony/polyfill-ctype v1.23.0@46cd95797e9df938fdd2b03693b5fca5e64b01ce
- symfony/polyfill-php80 v1.23.1@1100343ed1a92e3a38f9ae122fc0eb21602547be
- symfony/polyfill-php81 v1.23.0@e66119f3de95efc359483f810c4c3e6436279436
- webmozart/assert 1.10.0@6964c76c7804814a842473e0c8fd15bab0f18e25
- webmozart/path-util 2.3.0@d939f7edc24c9a1bb9c0dee5cb05d8e859490725

Loaded plugins:
DevTools 1.15.0 by PocketMine Team for API(s) 4.0.0

----------------------REPORT THE DATA BELOW THIS LINE-----------------------

===BEGIN CRASH DUMP===
eNrNWvtz20hy/lcm9FWtnYgUXgQBbillr6XNqs5eKZYcb+V05RoMBiROePDwEMXd2v89X/cMSJDy
bSWV/BDX1oqYR08/v+4e4LdJVjel7L4+6abN62qyDM4mXV7qydIN/SiKI9ebzxZO4IeY6DdmysHI
3HMiJ/QxHboO5grZdldNUzeT5V/+ejbR5udvk263wY7J1df3Nx9vrz9cfb369Onm0+RsUuq2lSua
u9SqkI3scL6oM7GWav2YV6uupl/uw8PH3XWny+HvcllXV5VMCv36jSj7thOJFqouNyCAQbHNu7XY
1OpRd2Ve6YeHTdGv8urh4Zb//iBbPSaxFE91noKfLC+IGbO6PTeHnbeNOj9haJgyf7CzwDGTZRT8
fmZ3f82rp7p40qWuOpBM80arbjLMYgS/VZ1q0s9ijucHml2E/GvTJ0WuRNZXymik+lDLFLIuidHf
aOECC4X91+oiWy7/BJY7WSktLsSfunXefk/rIib4O/2Mh1MiZ3wKNnXjw1a6u7aUSDVGRDozckdn
Nrrrm+r0aDoy8uwyOjTyjahRYAdfijZY4TfDm9EFLc2z1/90XT191FX/k6zSQjfLZd5+0qu87XSj
oY83zFa430H/Tnc0dv1r1skb5nDBO4xaosg+XFVd3u0OG8zz6x/6BOwtl/DPtj0TXdNrQyT+4333
66bebl/uix277235CK8wbE3/FVq/lJ38sS5S8PrGLHX/O0tnD5McFmrPHyZml2d32eUFXOddUZAV
29dmhX+8opVP+lJnsi+693WV5Su7LBiWKYRYXd5KRJX1rRdciJl4mJh17WNeFA+T7ycIhq6RShs4
sFFFDn+pn+7ruuDflSwNANihs8kehybuzJ3PHAzJvlvXDdb/ZXLLYf0R8SbutSwnoCw3Oc0EMweL
CXjYo9LJMpNFq88mqd7oKm0NG22ddZfjgVJyPA4MPDyMWCHdYe7u/t2n+8+3GNjqpIW2Mbbuuk27
PD9fAWv6ZAb0OT+wdr6n8TshApCt1HCNEwGmH29nm7VsmOfnTlckNivlfd3QGREkcn0cmygA9Ho8
omQBEbB3PFaXX9O6q3R3NGrh9zDQN8X4OZXd0TxQELyOR1blZvy4lu0RL7mqq6fxwN9aNt/+uUza
rgF6Ho3VTcer8DzzMEAIAoHS8aKNOtbDJ50VmoFjPNqyRtvjoTTvy/HI3e2Ho+N37d+Lig6zv8R+
qqsfdZX/eqyC52crNbHrYmAnS9KiN/P48dd8Yxw2ns3psciT8XY8PpfHWq+JPc9xfNf1YgzcXt4c
iZ7WX5m100EM5ccGq+HNbXu08C4vN4X+5eORzCcc4LHRMj2Rsyy2TX5i/023ppWkYRNk4HZ94nvr
vnrsu7xoPVaSz1rJV0leyWaHIR+KCkkT+kkXaWIXESnV7DZdbQc8o6wUhjZuSfqmVYd0/vVw1mie
cndeZfWR36YvTJ4feQmr0h8PIU33DD+r3vjiQP8/EW7i5lYh/Y+UT9G93thz6URd6UYWI2A7CncK
ZRQfh1Jrr8+kzwsc5zm+B7W1X1P9tMevTVN3tapBNVjMcUZO8R2EUSZlEAaJl6i5iheZ52cyS5KF
qyXqMX+ehZnnRqDdW1a+5FVab1vx8724vLr78/3N7fSH//j009WdI1xwIZgH4cZO4InXw2LXeSPe
fbwMgwmLOtbVr5oDKNi7yXrztSabfLn++ed7ckx62AJeGZs2daubrzBuI5tcM87JdA3BGn1OiDHF
GlsuuYQJbzPlZYswXsSZI4NAzrN5ojzpJaHjpM4i9DLt6EWkF6S+JleP5xYknVk8898qOV+kbpQ5
XpRFQbZYLBLPDSOVurHrJk6qtecHvtSMgDAI0AcYDlwtEqkep0+yyIGMVMFCgY9Vva3e2r/kbaum
blt9DpFlW1GefvLInd96jhfHju8r6D/wHUcn4TzUCx3pKFLZ3EvdNAzjgE4FTje61bJRa5a/lJsN
x90TO8XbKEmU47ky0mni6UAutPSySKZBJmOt4lRpL1NJlB4Fx3mi0wZPU/AuWZPIoP8yDEKvsN7b
IPJUuIilnOvUSSJXOWDOS9wsoyfXkXGgIhmqb1M+uONkQYyeUncCR0aRLwOZJJGKkxgIF6RzbxGp
ZJ5ppUJ/nsrIO6HOQHGIao8cAGS0q7LYiWOdhnIxX0hwB6+YJz7+aZ14Ks3iY0rfNCGCGD4RBoto
EcClwjBREhqdR9HcCzwdzZXnK2+uIzWfyxPWuISjUoCtQ6xBhbGWvuPHsa+zNEv8WKW+42nPnYfp
3AHpyHNieOcJpbqoDzScONEhgjVdIFK176dh5MJx4tSLleepIFTuQrvpCTfcVq1NeTug6FutFoGX
0JGRMw+TBALNnTBWgc4yGDNe+IGWbpwckypqKiMGVwFLM895K0MdQK/ePFpox3GDLExD/PY9lYW+
74XeAkATpf4pqRUzExAzoYpdTzmw23yuIkjgu06kFZx/AXcIs8AJFPrJFxSmo0RjSIVutiChVObD
YsoLwBvC3pMqhUNEjnQRBb46iYE9DjCJNAy0N5/Pk9TTMXm8F8wXAIR5is2Zcn3wGGcnzl4l3V65
caQC6QQJPCN25xqYEvmpnzjwbSgKgenKBOZ3jykcfk65fDJB/T+A7RGtRj6aggJIGyAwtC+j0HXh
ywtHu5lETIXeHIHnAuyCYKEBHYnU6ltUpvlGDXXM29jzZBgEAYQJ1SKVgAT6L/I914HvaRUs/Ejq
E/22VV3/qoc8/9aRKgJWw+ddFbixdDNoHPGFoI/8OeHvPNYeOx8K4VbvKA4OdZzLsa7wbxFoPde+
F6EoShBJgZPMXfiz1vC3JAlD5cgDkb7PTfoB8iJXxNBhlsz9KApjN0sX/gJ+EQSpSoI0xG6VeUGa
0fZ1X7ZSDvtfgnu7K7O62sGCxQ5lRTEdSugnsOqzEVUazxfxQsdAHz/K0tRLHD+MfQAc8o6GeR04
17doIWNw/21ouW8Btw7ykE5dGQMEJKjFUrsesB3JAxnL8ebBIvmHtNwRXzqEU8SZn5KfZ0hBcRAh
Vl1HBcoHUz6CN8b/TSNT1r/KpjsHtunGJl3y0DAOA7WAN0ROELmBjAIPTqAd2Dh154lMnMyNEFBH
RDaIuCmBN+MI8ZLGfpwtdIqYVXCJJIkV5dy5Spx5imwI3mJnATLcIe19a7bjIvWV+Ii2TChuR3t7
MUQlnsjqRhzVVA/VK3G/RiIVre46dBmtkI0W3VqLutItfshOKFlVNV8T5ZUqeoAHfmBDg8Q/Q0JD
4u1QkxCtu7rUdAfVvaTZykyfiRozTUskRQK0ehS7um8sLZFnokTvkeV8AmobuvcpdkT4Z73dkztP
Tb/dim1dfdcJSv2yEehz65KuY5DCdsQh9dpG7u1aV6LfrBqZgsDsoXqoBmLLh0qIV1/WmhgTXY1T
UKuChDBtF3SA6qalgjo108yqQX8BfRa6Y32h6MyVFia50EhJlKFxpaeFpJJ4pZeCq1KaaNd9hxqx
mtp7vKV4mNwZ2qpAsZc+TJizd0VRb0WRt8StsPcA4imX4t973exozd/px9ROLfm2hLeayyG7R4Av
QeWigMWgFKKW7IRVJa03nf90Pz1i9tUXRAw8AnqVaSpQeRn1k1qh8EdRatn2DV/YCSg90cQ0lKP/
3suC1LbKn7AWRUWvxWt7qPCcN0TdnKinjd6gr51C7auVbpaY5rN/7ssEWoFXvWt3lbqX7SMM3zzC
j2a84DO0xa49SErL1k1d1T2sh+XtGW1AeW46DIqHM77yhCDUSrBuEI80VvYVPIiWGOJ3bF7IBC9r
6uccHqahBojEnlvtmSPdWoauM/JVWkM+eSby7juor2t4W6o7eDW7zMlm8Roy9Igbj9XCYkytpEsm
deqrkp2j6auKzJlSd1hv2AjcjrQzcamf7G9R5qs1grlBK342Dj7rOKSRpuk3nRk1CiPFlODNysXG
RVByr5GagJB0rQq2v80B+Qj5HAp+ul2ejRwNi6dm0d7THqpS47idCcp/K+oE3kOXTsKMIw7KvKPY
LvVKJrsOGhd3RtUOKzdviTZvvyerbXPWPHsUgnY7NYQGJ2tZwiwHi0AkcF8xrazRejjSODms1VOY
ilUNQ9UUpuQVdNCK2Zwya0vhkBQ4nSHYVGT/7yWgW7w/4n+Nbv5/x3/b1RtmwcLnniVLrhWAjw1l
03TPEJ06cOWi7rSMMQh84aiw/LXf/R9wyHHBLBFiCNUj+VRIPkI/a9Uz+NaGZRORlKz2q/Wz0jpt
DxIZ4Lq5v1qK+5+u78SH64/X9+Ld7e2H66s7cXv1SXy5+fTnq09nAovE/Q1WXYkvP918uBK3n27e
X93dzU4h4Egf3jy06rjVTV5zQiYgbklAtdYMyayNPdi60D1KgpSxhZdMAYXawCyTel9XkBMADW8i
ef+Rsxkn264ps0InBEFmGVM2RAC9ByA3GYnPuKEcQnmeN8xeriZfsHfQMNtGKyoHjGaJXWNXs3cv
A9xLb9qDqL5jZW3ffJslK7lvJV/JJkFkTA+VNQPQt7XLoUbs2F3C7gJ2l7LqufgYc4LCrIcPvjkb
csKpEw5uaNJrhia/M/KWhxCciRuD+cbhUT3UfZHuecmRRLaVOPDfGsIbZh+Cho5jZcVpPzJYvEiS
7DqGwl62rKnLIdma3XbFdOyaYwuTNNaSL3xDfMOljrzjbigYyWQNTiI3tI6c9uXGVFemhBN2YkoT
g70uaZHdwLwzm4MEeEKaR7DLbygYSRuJDyc8wcnatteteRXa6tVQbRJo0WkHrs4GQ5oawRaVM8MN
Lf2Heirl85TvYtuB9/dyQ6N52ZfIsUivDRE3byVhSORpuRug86BXiherSo6Ylz6GYntjOeIDp1QF
90i6wd5il7WZOvVp85JxoG8WDyFkaNmFY8m4cpjyXe9etkuwwrUKykfSHrgzBYahspHUkwizx0h4
kA7brD6NPMPJtPhQ7ZICC2oDLN0/JvVHfvhQVbojgy1tikBptq4LU2ImslNrrsSZZVRNcCGbZBjb
TOdjZ01qse/Xqdg06e3V2ErDFMFqs+uI+JmYuiMDsvH44Gk3MGNTAKP2oY7l9wNUQqZGcupluNCn
zRi0bM3ET6gF4UsXXNyJ97efz7AXPCSIr22ewu25VjDouac/ZfpLEQ5l96Eib1k7o7Uz8S4FUK1l
kZ2jlTRtQqrhw/YoHCroXpAcbBSIh7Q3IjZuRa6eCdWoxJTFTBATn2+r26HYPjSA1EsQU1ukTdrY
b6rN1D6fdDcfbdS1+a96b08qywcztpTwbMmEst24xyi1BrFnNr2ZiVu7p5DNijdI24laX+ATs0au
SATYBGprNwVXLNRelmCegl02ZKf3RY5Vpl9u0EzpthMf7z8zpy1EIrGTvhPUn7MpD8eZ5mI2YE3Z
9VPatWRux/2hrvglkv16hC4GUAuhYB3ERP+bZbmaCc5Sa0lFgMhL6KYj28Ea/A0MYOqMeYHRnpjp
NWkCqMtAjBQtGc5bY1JTSmBtZ32UJNHmfsBCne2mLm+4SLq8vnv3A+ojrqf6in2IALsnpOT3n6ZI
yMkZ7Qck6bjfOMh5iPVUJ/1qOTRt/ypcatZsyboGXPG8sC16ay4VKJqrtjbJ20aES8QM14ba+3WN
Jp6icOjV9NCNM4rTtbFo5dOQLegzgqmZ4yvlURsPxuj3mSna7J3M3+q8MhcCrKnvxC9J/UyR34jr
S/H6l8/Xl29gd4Q9eMD6LcxGhsmR7hEc1MM1qdWPKT8QDfXBdhWi/ZcfPgz0bX83GvmOD6OXY1w4
sHltKcKy1cMNkU2jz+BvSp8iXNRZxsdiLs920+c+Tw8GYX1Ojy9n7vl2xYSa+dzK6IDX2rjqW3vL
owAinYFZu2dq9iyFfXtKx5gUYuHRnkI5UFarfY9S0bbiNBWfDauecr2d7hP0ty7EjHLflXVP6JGZ
XGfBBCobVEu5ndCRr0JgfvrNyRmbP3GqHm1mwSttWu9EG2KJzij2243cslOQjxrq7Fo0fJz0jfh0
0F58YKCQp6xCFsVZS2jk029x6XybTdmAUirk4O5gdthMf/fc+Cc3PElRKw7fNk9NziB5JGwKh2v7
ZKyFFSVRrNCpSZ38sE9tfNVknUMqpQvNnYJxbz61yB9xBPXJjESFhOirpt52a4NjOEKKtaE2AjlE
f9uZlMzMTkkbA2vTg2qMaNeX7UgugmmyvKEmzGvTvZj2ymkoc3jPkZFAbyo88QpsolU+GPJwrbW3
5eylMS14bWXO3SySCVo940WbetMXQ9jYB8r3vMamDd+jA7kNIin5JMq4hFwoCWyDQSP2Im9pSx26
d+Tm2gybSsF6Fhg5IHR6AD2KzCl94ncytAeG42H7GcEopwMPpuYro/3KNey2NKzMNmW5meU1cwyo
25XUHPLHfC0kbA+sU5qy8+IwzyIwzMnVqtEre6Vo7x/NNQt9vfV4Kh/zB6y5ubxZQh9TmxRMfUDw
tdWmA5EI8i2f2DLjBwF4bDa69Eee3mu+39AHScY4L5QKg5p560yohOi7Ac5lo3zznu7m9fgu7wzJ
YbOWCAtNyN4QD0NdioyR6Qa9x5RwsaJkaGaH3GUyhzy6G7SfcIySbY8aHLUNY+sAYZYgW9nMD2e8
sKqRa2zWLi8PGcRmYyJK68nrKWGQFQnG6UC+9LSbhgvu2eEAOzM+YdDcH+d7m0yMJU0EjO6SLA2Q
76w+h1ujtR00ENfsOwmLDnQJj2Yt5TIoz/aE6CV535g3LoQ2w1WKQV7Qs+g05FvUZLK1fRpKa0lf
PtknKoDAo7XVcjCamYOP0p3eUvyFKxcUrWd8yfdXIsot2CF5j98EsRhUSTcM8HSNYsCLvEp338yj
jM/cPrbcMXD7Dfvk4NUWAWP2zbnMg/kJihQGgWNy6uHEpfjxw7t7M0ithqabte/tFxln8/gZElX6
zH9O86Y7Y9D93lZ65l3L+NLCBDElOqjW3inK3npdAWOpHb1S6lXXNwPuDp1as39Lw6ACOkhHit+C
tYOepsMbHriAKetf/chowkfx+iMiXBfbka+jkSnXl6PCrza1v34GtrW2yVWP1Ca1++/CczQoO1PI
8TqSl79bLkymMKFipGT6qIyaPRzT69dTo9J7ytuDic23s/y27gFVy6s7ZN9LrUQg3MUyiJe+L75c
/yA8x3NpfnihdqEBsHgu6y69OHqzKczLNJo0Z08p9C7c2EUiw+B2nXd6Su/VqCBlGuiSbE124Tk0
spJ0R5DqC34yr/L2Y3YX3crS25vhefO0uUCQ4FeaU9sEP91d8Il7t9tnsQsWhSteKqQv2scdJ/3D
MHnuaBW9Sr+4vPrx3ecP9zRqOxt+AWhP5TRAMWmfj8rUi4iGRqW42VJVKBXUvv9AqZdr8/V9a5eY
GpI+XjK3QhduODq/AfoM8tPvGd3kIwDTi3/mf0cmeArZCP5of77BoDlo8vt/AXnZhOo=
===END CRASH DUMP===
