PocketMine-MP Crash Dump Wed Dec 1 09:39:24 WIB 2021

Error: Nesting level too deep - recursive dependency?
File: plugins/MyItem/src/hachkingtohach1/MyItem/entity/Throww
Line: 68
Type: E_ERROR

THIS CRASH WAS CAUSED BY A PLUGIN
BAD PLUGIN: MyItem v1.3

Code:
[59]                 and !($entity instanceof Player)                      
[60]                 and !($entity instanceof HomingArrow) 
[61] 				and !($entity instanceof PigProjectile) 
[62] 				and !($entity instanceof PiggyFireball) 
[63] 				and !($entity instanceof PiggyLightning) 
[64] 				and !($entity instanceof PiggyProjectile) 
[65] 				and !($entity instanceof PiggyTNT) 
[66]                 and !($entity instanceof PiggyWitherSkull)
[67]                 and !($entity instanceof SlapperEntity)
[68] 				and ($entity != $this)
[69] 			){
[70] 				$event = new EntityDamageByEntityEvent($this->getOwningEntity(), $entity, EntityDamageEvent::CAUSE_ENTITY_ATTACK, (int) MyItem::getInstance()->throw[$this->getOwningEntity()->getName()][0]);																	
[71] 				$entity->attack($event);
[72] 			}
[73] 		}
[74] 		$this->move($this->motion->x, $this->motion->y, $this->motion->z);
[75]         $this->boundingBox->offset($this->motion->x, $this->motion->y, $this->motion->z);					
[76]         $this->updateMovement();		
[77] 		return parent::onUpdate($currentTick);
[78] 	}

Backtrace:

PocketMine-MP version: 3.25.4 [Protocol 471]
Git commit: 7306a2d939105d8d91b4180de9aec42a31d9570f
uname -a: Windows NT DESKTOP-BVRHES0 10.0 build 19042 (Windows 10) AMD64
PHP Version: 8.0.13
Zend version: 4.0.13
OS: WINNT, win
Composer libraries: 
- adhocore/json-comment 1.1.2@fc2f76979f0a44a5f5bc2a2b600d0762fe0e78e7
- daverandom/callback-validator unknown@unknown
- pocketmine/binaryutils 0.1.13@0abee38d4e2861621f262c79a2a3d699d8a697f4
- pocketmine/callback-validator 1.0.3@64787469766bcaa7e5885242e85c23c25e8c55a2
- pocketmine/classloader 0.1.3@3c484a27787f7732ce842ed694928a29ba340961
- pocketmine/log 0.2.1@830b44a2cf96ef703c550abe64302f230231ca49
- pocketmine/log-pthreads 0.1.4@01620c3628cdaa6b4a21122cff4c5d2f70b5c1d3
- pocketmine/math 0.2.6@43057cb8c179a9859677b496a788db922fd5cfc3
- pocketmine/nbt 0.2.18@9f82ca4d7f97fcd9a566e44b63c4f18a7657ae82
- pocketmine/pocketmine-mp 3.25.4@7306a2d939105d8d91b4180de9aec42a31d9570f
- pocketmine/raklib 0.12.12@5abe22043352e94099e4edfcef5fb3644578ddc1
- pocketmine/snooze 0.1.6@92abf1e988c71635d466abb777f61f89e5a9c990
- pocketmine/spl 0.4.2@6b08b7cf8c4afa17139c9a1b3bf1b408531de161

Loaded plugins:
Alerts 1.0.0 by hachkingtohach1 for API(s) 3.0.0, 3.14.0, 3.14.1, 3.14.2, 3.19.3
CoinsAPI 1.0 by hachkingtohach1 for API(s) 3.0.0, 3.14.0, 3.14.1, 3.14.2, 3.19.0
CraftBook 1.0.0 by hachkingtohach1 for API(s) 3.19.3
DevTools 1.14.2 by PocketMine Team for API(s) 3.13.0
EconomyAPI 3.0.0-SNAPSHOT by onebone for API(s) 3.9.0
EnderSword 2.9 by hachkingtohach1 for API(s) 3.19.3
FormAPI 1.3.0 by jojoe77777 for API(s) 3.2.0
GiveItems 1.0.1 by hachkingtohach1 for API(s) 3.14.0
InvCrashFix 0.0.1 by  for API(s) 3.14.0
MaxEnchants 1.2.1 by Xenophilicy for API(s) 3.0.0
MinePos 1.3.5 by hachkingtohach1 for API(s) 3.0.0, 3.14.0, 3.14.1, 3.14.2, 3.19.3
MirrorNc 1.0.0 by hachkingtohach1 for API(s) 3.0.0, 3.14.0, 3.14.1, 3.14.2, 3.19.3
MultiWorld 1.6.0-beta5 by CzechPMDevs, VixikCZ, fuyutsuki, kaliiks for API(s) 3.20.0
MyItem 1.3 by hachkingtohach1 for API(s) 3.19.3
NoDeathScreen 1 by SilencedTick880 for API(s) 3.17.2
OffHand 2.1.3 by alvin0319 for API(s) 3.0.0
PiggyCustomEnchants 2.4.4 by DaPigGuy for API(s) 3.19.0
PlayerStats 3.1.9_BETA by hachkingtohach1 for API(s) 3.0.0, 3.14.0, 3.14.1, 3.14.2, 3.19.0, 3.20.0
PureEntitiesXDraz 0.6.7_DEV by milk0417, RevivalPMMP for API(s) 3.12.0
ScoreBoard 1.0 by hachkingtohach1 for API(s) 3.0.0, 3.14.0, 3.14.1, 3.14.2, 3.19.0
Shop 1.6.5_PRE by hachkingtohach1 for API(s) 3.19.0
SkyBlock 3.0.0 by GiantQuartz for API(s) 3.0.0
Slapper 1.6.1 by jojoe77777 for API(s) 3.19.0
TrumThe 1.0.0 by hachkingtohach1 for API(s) 3.19.3

----------------------REPORT THE DATA BELOW THIS LINE-----------------------

===BEGIN CRASH DUMP===
eNrVPIly20ayvzJLpyrSK4ICwJsp5VmW5Fi1lsUV6Thvw5RqAAxIhAAGwSGK3sq/v+6ewUUpXjl2
1WblsgXM0dP3BcD/6vgyjXh+dy/SLJBxZzbodvIgEp2ZNepP+vaoPxr0hoPJxBx3O0Wipuxpzx5Z
E3s6GfbN4Xgy6nZEmsq0M/tXJ98nsKJzeXd5e3tz2+l2IpFlfI1j70SWB/GaheJehCyXknlCJMxg
qXALOP5ewEAiYk/E7v5/YasfhLgvCYt1EGcn1/urXEQnWeqebLi72QKsXOKVVU6JOA/y/clyk8rd
DgCEQQwARpPfuxrIXRDfy/BeRLASIHsBHJ13ylkYUYBgxJWeQHqGUxhlBz889tjfjr5RxzHALeex
K6TP5iHfi/SYPfkDUEfm50B7IyOg8QxYuzum3RbsXuXqzx/jEKznqfwVCAP2qX32M/et96+BIw4P
Q7Wv/+x9b4P1Jo8BW7Vx8OyNh6gOn71z+W6ptow+S0K49UOQb0S62BZAKEIYfw6ERciTRKSXNEHb
Jwc4V7v+dsq+yTdBRqum1arjf8H92Gzs+gZMIs7ZKYvFjinIFzwCs3m1V3eXOH9EwIzv1yK/2SGz
1dzRcZfpE7utzbRpNjs/e78Ae3y3vFr+393Zcnl2/vcuOwri/JgpdZ/NAOKVpvDo2Pg+RwP6+Y9O
o6F3PIKlv/xs/nL8XUnFH/9Beq0WvQTL+J7nOXe3R4r+4+9wXa2sv+NtqYN0U+qVRi2S9+Kous7B
gRnfP3TZwcj+0chHddKwIXa9wpFF7AGtr+SD8b30/Uzkf/KANvGjx0cVicdzcS2VNzpSO3DtWBOZ
irxIY5bwlMQo4/e04+gb8JY4tAzcrSJEKeDvHfBzecpdcFw//9LtrEUsUh6iF4s5+u3OXLpbkV+D
VzSu57DR4ZmoXX+n37OHvQGOF0HogZ837X63E2R3nrjvzHweZgJcZSpz6UoAOxhbcEiAjnTcN0fc
9qb9qWUOvYk3tZyBNTE9MeXCHdi8b3nT4dj0AXahcfkQxJ7cZezdkl1cLv6+vJkbr368fXO5MJll
9kxGODBrag5sdlQutsxjdnZ9MUIkk00CYCY9s2f14fYjBA64H5T3MH0nMzzo6t27JQzQzQ68PDr3
KJGZSO/CwEl5GogMmcS9DRCWipNfM5AhrNFRwupZPful79r+eDQdT32TDwZ86A8d1+a2MzJNzxyP
bF+YYjwRYwDvceApOAIZnbjgSx3QcOOehwFID4MksGAby138Uv9GZEkw4O3FiRPEPN0X4BERXyAG
yHlpckeI/sQbCHsyska25dsj2x1PObDWG02n3oQDav6gDerJwy1gUP/laDCejAewZzRyXM7HYjiZ
DO2BLSZD1+679lBM3OGQ2wcAQ55loeSeSDVu/Zd9dzAZcHsM8PzxuG+7YgJgAKnB1J5we+rw/sCc
QuhqQQrlmiDYPevlpG86wFHb9acj4Y/NPpyMBI8GfdP2bfinb7l8MH0EwUjAUQnulYwavDSBN6bb
H9kT1+N85ABUy7IBsj9whx4I0HSGruX126AgAdpobEYvB5jSuM7EtYC9kOFMR+OxM5iO+Hgy8Zyp
bfve0PXdAxCxk5f0TF5O/YkNCHtjH2TielM+HI3EYOCMgFe+NeHj0XDMxeSAufWlESWVNb78DNNq
AEv5FnRb8QVwsl8OgaG2bQ76/aEtpiCRqRgIz3eFP/QdSPIGkMd5nnsgpiyW8qPQ7B29nNrc8S0x
nUzcMeSHQ28wGnHHGY/H/sjyJ1Mx5FN3OjUPgCQhQRiAFY0cc+KMXX/iDrjPrbHVhw3ccvoA1xmY
kFBanrBAW36vcjayzbNQpHnWcGV6oNup3RdqNh7Ni3wjU1j8c+cgT+yAV+RJgDN9vbjfswb1hVVe
2Opi2uvjHhFzJxTgXvK0ABeostRMedlM+vlFcyDilEkeHL1aKYzL35idgiGhU75ZLD/c3L69gKGd
cLIgR/o2eZ5ks5OTHc/dTbYJ8t5OCCfc98AvnaCjP5fAmrP5VYMn1dABV742T8yvxpMS4/rqy/mS
cj9/JeW2yZhq7Av05asqQ4VR4/I5pAPlEIyD0E33vWyfi6wXi/zE49nGkTz1iAMX4n4pZdi0lmqo
Tb8WaoMBdYbAloJHbQb0/7zkSwRWqwYqmtrF8ux2+X7+pJghvdgUDgm3Ru2kggHUXroyltG+bQmN
wSbFpODG4t3ZfPHmZtmmXMbCgb8tir9A1TW41UooVADmatVC65OyJsqgEk4XO5l6TcrqwSZldm/6
H9LkGqHm9dfS5dcyjdqiLUfamtw/tORf5a9SjPGnRbr95yVaQ1ytNBLVxXPE+UNwL7DaatplPXbo
mKzPEOfgK3rkNWAUIEar1TWnZPnfEnYV34MPyzavg4cGac3RJnHmI+K+Fi1R8RtgtVoF8b2LJ/vB
w2r1VmWrzyDjmj9cxu6Gx608oznalpF9KKOfRCyTTRAG7v5RUP2TJDVAojwqVFo3zyIO3OZctgjT
I4d2NPzrZlAa5erii3OF6wDblu/cFlv00H9RZlniXF99OWeKMA8+yDRsxp7GYJs7I4iqjsj5ge6c
fxTuZn4N0RpF9WPwEGzP/4l93QLq26zYBnC9hdI02GZtJ/0FFuPimUkEgQX0JEKEd4gwsKaJ/LOY
08g9GpScNAAho1TDuMGksoPcMqv/UHBWyJS/v1ZQficvBJTMCzcVIm6Q3h5vcaBN/yIIRewKDztY
k4nZpn8MJvIn6T+A+/wQduP7b3jc1PVypJ1kPZIkD++D2Oxb06/l8SuAqxWgAP7dqy6eQwi1t8+L
LJfRE8Hsqdk2gQPq/zUIvOCw6Ydif6ijbQJ1b/B5pYCGuFo9gc6Tg3/CYMtDTp4ARzqsntQsct5m
UGO0XThYvendq8vl2devpbtf6PEeGX2DiNbNFweFeZEKeggQiOyni5R/bHLu0Vw76Rv1xncXlz+2
2RcF4dYcWNgzvQWnc8/D+fX1vK1qX5CxpwpmEkXJapUU6JUUgsCWBrqfXYk2cD1p0Y1MWmAL+RX6
ygZ3GoP/Nb2ZGufm9Rcr0WIjkyZn8PYwmxjezW8vPytkfibZ7QbBUy7nU4wBlJ8fWhbb/atQus12
VDX0qDfRpvmHAFD5R8HT/OMnw8vneN9UysiCCrbEob76d8TkuyDPRUqCbGKGNKpHok0S9cihZK1n
VelfoseZOvl5AnrCuGuUTkoigMJlWkTLjWhQWI78VTqKGp/q4uske9iF5ylQDJI/aBAa1/NesuEp
UpCJFLjQS1IJ/CKfOuu8mFd37FzGfrBm+ELHKl3FLxZFzG7cnPWZNZoN+zOrzz5cvWK2aVs4H/J4
XfC1OBXxGu8jmXunrZPZgk7ESXW2kcg0P7WmVt/GwR14HmGEQZafSt8nGPzBSCgYZqe2iSNrICuS
njilO1+mrjCqMb0L6PPQ95X3yX1yKmO88gLfD1yoBfandKJ62prL1MhEju+5ZKdECr7sYqDOnGbb
vUMmVw1nQniNVfjuzOnF5euz92+XOKr0wvitEOlenwqaJY2M3wt9fx+IneEF6tH96QSHHhz5YKAG
llviWBYwq6k3QF0CoR46Z3pJlvBdbOCTXXwVQ8an1qhxfgq+sqQfr3sJzzJs8p3+D/2s2k8we/sI
n/e8YGiAzCXJF8AZgEsKwIDTrCVMUAgGGpsJVrKO8VSwfCOYjEF78g3PmYt05MwRLIjdsPCEBxfs
keIhrIWMYKePAA5hZtwXXSbx9Y8MQTInFXzL9rJINSwW+Aw0IPADOgGEj+8IhXsE/E7sKnBgOT4H
8WdsJ+Nvc4augqcMBRQBsfjsFV8bYfiwX9G924iYFck65fiGQW8Vo+4qYLNVzNiLDxuBiLFcwimx
xwAEy/KUkM9THoNrywEpmiZUQZs4AAZ+hiInfqE5u4JhuRASByOErHS7tKoZo4CBE9mmyD0Jstdv
ac3YqqMsi7mhzIS36hBmZ2EodwzNCV/g0s/l2H3A2T9QOXENaamhp2YMXRltvSQl0nvorRq0JwYS
A6YgNGfPNCtxvda5arqB7IsPATBExsBX7nksFZliP7IVGL5lkeAZpGOo2QyY7ghEGpgjfis4vnDG
sLkZM0jdCsGO9KHgdI4RujoRtF2gJzGA7eu1SGcwTWe/KyIHuAJadZbtY3fJsy0IPt2CHvVowXvg
Fql2SSku26SQZhQgPViedRm1Ipj2FGAPXYZvIgAhGD+IN+CfcSwqYtAgXKKAL0i8QBNoWSofAtAw
AWwAkkhz4wo55K1G6MpHXcU1qJNdFuTfAvvylLZ5Ak2dVOZgMzsCGgqwG5vYQmQYmtIZgTrUVU7K
kRYxviSEGgh8T0gI9A5H1mMX4l5fswhfFGPUn+02jU8rDnIkTYskV6OKYciYCHDTdJFwwSjpBQ1P
GQS/l4EHaD+NAeoI6pwERoN29RqKBosNtajSNIgVEAPSvTLKH0LpgPZgHGZqHOwgCnK07UisuUNx
ky0Uq01ibpAhbNq+RKntAuI8aRQY7c5QgEoly4hCPwAUwSOpV8EAjA8FS3mkUnKQVoFmytYSBCXR
TFEr8KA1oWkQajNmIhVwOrlg9ZLEX54CTGw+hT+G4i/DHxL8hFDQ7rNCSYPLGLgPDG7g90qE8NQS
K8u0BxoxcgIfyCo0ftm3XwFDsgtCCT0G0y96gaWLB+EW5HylQllZJAararV4cCGfyGqKlOO6WV7O
2PLN1YK9vbq+WrKz+fzt1eWCzS9vGaSFf7+87TJYxJY3sOqSfXhz8/aSzW9vzi8Xi96hC2jxwx6O
NDvmIg0kBWR0xBkS6G4EuWTiRuVsLeA9pAQe+RZaYoArFMrNEihIFYFOcNCgTfS28B8om1IyyPMw
AMa4TB9GkBUQcL21I1cRic64wRiCcZ429B6vRl3QWTmILREupgOKs4iukqvaW9EA6iWSrCa1b2pa
s+OnUdKU9zXla546YBmGK8NQpWHkgJ7mLpkaoqN3Mb0LfHfE44KSjyYmkJgVoIPH3TImHCphqYYq
vPo+wFL0RrUJ9tiN8vlK4SF7kEXoVbgEEER2MavxzxTghNAHQkemqWmF016Ts3gUJEl1FISKNj+V
URls1W69wmiqZlPCSI2W5CPdYE+oVEs7FmXCiCJL4SRUQ63IXhElKrtSKRzTEwZOlPK6wEV6A+FO
aJYUwB2EeTB2/gSDIWhD4IMT7kHJsqwQ6BjyDUhtXWab6LTwtBqrbilIlSPopLKnsMGlf8gnLIrc
TRFvsxL3c57gaBAVEcRYfJ7PyvICBclUEaGwqPmK9qJZSRbzWMcg2U40RnSggVlwAUF3UEnsQqqp
Q53G3Ai9noKvFpcmpGDphU3KKHMwXCh2REXbBaBCuQqkj8g9wE4lGApKwrEmYWqPorCmDrZpfip6
ypNxcZ3tIgNDLAM03E+D+pQermIoxVFgMx0iIDXbyFClmA421ygTJ5QhawIV0kGGfJuqfPSsCi2O
qJJNFd5eNKVUTqFbTfc5Au8yw2oIkIRHBxt5iYwOAeS16zxWfd9RYD5MlGMtQ4k+boZBjVaPvYFc
EHTplJI7dj5/34W9gIMD9rULPFB7yhWU96zgGwR/xkZl2l1n5Blxp7G2x848cFQbHvonUEqqMsET
oMP6KDiUYZsEFaxhiHXYawBrliKXD+jVMMXkYY8hEu/n8bxMtusCEGsJRGqHbVTYWCRxYuj7g+rm
WltdFnwUlTwxLS/FmGHA0ykTpO1KPRqhdTC11abjHpvrPSFP17SB60pU6wKd6Kd8jSSATIBtWRJS
xoLlZQTIo7HzFOV0HgbYLKB6OYViSmQ5u16+J0wzIAnJdoqcYX1OoqyPU8VFr/Q1UV4YuGtG2Dbr
QxG76T5Rtu4zbAy4+F5cRSbUv9hv6TGKUhuOSQALIuBNjrIDadCXTOCmuoQLCO2ekN4gJ8DrkiOG
EM3JnWdKpCqVgLW51lGkRKj+gHZ1upq6uKEk6eJqcfYK8iPKp4qYdAgddoGeMqOvPyhJCFAZ9cdG
XrPeqOmsbd0TTrGelUXb98zCYk2nrBtwVzTPdImeqaYCWnOcSRW8tUVYCExhraCdbyQU8WiFZa0m
ymqcvLjHc84yfl9GC2wslW0inGuU8YAYdSdV0qZ7Mr/KIFYNAeLUt+wnRz6g5afs6oId/fT+6uIY
5A5mDzjA+h2IDQUTQLgH48AaLvU0f1T6AdYga9nFYO0/vXpbwtf1XWPkWzoMu2uUOJB4dSpCtMmy
Q6TDaKM35vt0LMwF/t54KAKvFkjZnWs2Z5bUXVGmpj6aUzygtdquikx3eVxwIrlys3qPofbM1HrP
wWNUCNHuUZ+CMZDH66pGiXFbeBiKu+WqVv/vyYaYYu5ZJAv0Hr6KddqZAMtK1mJsR+9IrRAQP15T
cIbNtxSqG5uJ8Fio0tsRCpgjfLR96iWSKW1KPSPVohZjK+gr8vGginzwgYwfogq0uBS1mIB4+hSW
5tNo8hS/5mG8VHdAttyMvyts+gcdHurSop1lgadiBtLDQaagcFnhNLmwxiAKK4SnQifdVKGNWk1a
ObjrilBQpaDUm04Ngy0cgXUyeaKQA+nrVO7yjfJjcARnGwWt4eTA+rNchWRC1kBulKgZNWsUaVcX
WYMudNMoeQWNqS9VKjJ1y6lMc2hPS0gAz2A2ewFoQqlcC7Jua1Wy7D0WpnZeOx5QNQvBBEo9pUWJ
TIqwNBt9g/Ge1uiw0bfxQCqDkEo6CSMuei5ICXSBQV1y1cib6VQH+45UXKthlSlozQJEag/t1U4P
LdPAD0EPhirH0B5ONpCT+7IR08EfGOoRU7VyA3KbKVR6+GC6F0jCGFzdPsLiEEw5xz6rm9WoY5jS
86yeJxLIzfH1OhVr3VLU/UfVZsHPwbaH9BF+4GtuLm5mwA9DBwWVH6D72glVgXD6HhFPzAjxmgAa
6zWa/hCnK86rL9uUcB4xFQSq5rUyQSaEH1tRLGvEm3PszYtmL68LwSHZcDALgZ49RRzKvBQihi9S
qD0M9IsxBkM1W8YuFTl4qzeon9s1gm0BOTjkNuRbSxemAZKU1Xx5xiOpKrqaYs2DqI4gOhojUFyP
Wo8BA6WIbhwPpKan3lQ2uHv1AXqmeULJuU/Hex1MlCSVBTR6SRoGgM81P8uu0UYPKheXVpWE9g7Y
hIdizaM0KPArQFCPASHqiQt6m7KVojwvwNPeqYy3kJPxTNdpkFrzKAnLO0yAAEctq1kpNDUHOoo9
vRn7mTIXSFq71OT7BYFSCVYH7+aTICIDM+mUHDy2Ucqnd9QfeSqOkn+m8jGjioHKb3wVEHDVSUAT
fXUu4aAuGT7sw1ilYmp94oy9fnu2VINYagjsrH3nCA+c07Y7nD4ARbHo9h+8IM275HS/05meetbS
bFooI8ZAB6zVPUVeaK0LQVjuHh8pFW5epKXfLSu1tHpKQ04F4EA4cukpWFbyySif8IAKqLT+xWvy
JnQUrW8BobxYj9w1RgzKLxuJn1S5v3gA35bpItfdYpmUUUEHzs0JQvyomhI5Wof00ofZoYoUylQU
lQQfMqO0csedbkc8QJ5PeT8+yD+HdKX5Banj6g8BqxF8uhZ7PG2NyejOkzn4u9ao/n8P6oEiDZv3
6Bma934Q5qIFeB21vmeFEqeFSwDGdd8cwK9Um/eRo54VtsbA0PULWBa9I0QlCr2bVC9K3DYfboWv
2y7N0Yx8fdYegvwpao4s5m9bx++z30L6LFdfsWoql1sRQ0hvseDhQVNNn73CwJ7Ts2Rbv2z/MUjU
d0tTek39o/rEsdoOtw9Rm+sS0bNNs29ZNn4hM7+4aZHuyTtC7XAQhoK2wMAPxFnWWrgI0NJ/um7R
fIAB3GJD4YDOKNylwYH8Gx+zDvR7JPPNge5hDkWfBtvEpD5xJVirb4bVN6O9EXJCFRl6EYKiqlPq
AVsxC0qTUKkl8rv91eZdfVZjHp+QYo7T0lvvkciDlpYQK/vNIf0ffkh8Hk26WML/J+ZpN3Pqm9Ub
fv/9/wEsC9Tc
===END CRASH DUMP===
