PocketMine-MP Crash Dump Wed Feb 2 07:34:01 UTC 2022

Error: Declaration of hachkingtohach1\Napthe\NaptheTask::onCompletion(pocketmine\Server $server): void must be compatible with pocketmine\scheduler\AsyncTask::onCompletion(): void
File: plugins/Napthe/src/hachkingtohach1/Napthe/NaptheTask
Line: 67
Type: E_COMPILE_ERROR

THIS CRASH WAS CAUSED BY A PLUGIN
BAD PLUGIN: Napthe

Code:
[58] 				"web_status" => $status,
[59] 				"result" => $result
[60] 			];
[61] 			$this->setResult($content);			
[62]     }
[63] 
[64]     /**
[65]      * @param Server $server
[66]      */
[67]     public function onCompletion(Server $server): void
[68]     {
[69]         if (is_null($napthe = Napthe::$instance)) {
[70]             return;
[71]         }
[72] 
[73]         $content = $this->getResult();
[74] 		if (!isset($content)) {
[75]             $napthe->getServer()->getLogger()->info("§6[§bNAPTHE§6]§f Cant get updated information (timed out?)");
[76]             return;
[77]         }			

Backtrace:

PocketMine-MP version: 4.0.0 [Protocol 475]
Git commit: 468faa464b2bc5c97f23fafbb71ea61035f6f218
uname -a: Windows NT tranthien4-8sin 10.0 build 17763 (Windows Server 2016) AMD64
PHP Version: 8.0.13
Zend version: 4.0.13
OS: WINNT, win
Composer libraries: 
- adhocore/json-comment 1.1.2@fc2f76979f0a44a5f5bc2a2b600d0762fe0e78e7
- brick/math 0.9.3@ca57d18f028f84f777b2168cd1911b0dee2343ae
- daverandom/callback-validator unknown@unknown
- fgrosse/phpasn1 v2.3.0@20299033c35f4300eb656e7e8e88cf52d1d6694e
- netresearch/jsonmapper v4.0.0@8bbc021a8edb2e4a7ea2f8ad4fa9ec9dce2fcb8d
- pocketmine/bedrock-data 1.5.0+bedrock-1.18.0@482c679aa5ed0b81c088c2b1ff0b8110a94c8a6c
- pocketmine/bedrock-protocol 7.0.0+bedrock-1.18.0@040a883a4abb8c9b93114d5278cb5fecc635da82
- pocketmine/binaryutils 0.2.2@f883e1cf9099ed6a757a10a2f75b3333eeb2cdf9
- pocketmine/callback-validator 1.0.3@64787469766bcaa7e5885242e85c23c25e8c55a2
- pocketmine/classloader 0.2.0@49ea303993efdfb39cd302e2156d50aa78209e78
- pocketmine/color 0.2.0@09be6ea6d76f2e33d6813c39d29c22c46c17e1d2
- pocketmine/errorhandler 0.3.0@ec742b209e8056bbe855069c4eff94c9734ea19b
- pocketmine/locale-data 2.0.20@a6e4eb22587e0014f6d658732cf633262723f8d3
- pocketmine/log 0.4.0@e6c912c0f9055c81d23108ec2d179b96f404c043
- pocketmine/log-pthreads 0.4.0@61f709e8cf36bcc24e4efe02acded680a1ce23cd
- pocketmine/math 0.4.0@6d64e2555bd2e95ed024574f75d1cefc135c89fc
- pocketmine/nbt 0.3.0@98c4a04b55a915e18f83d3b0c9beb24a71abcd31
- pocketmine/pocketmine-mp 4.0.0@468faa464b2bc5c97f23fafbb71ea61035f6f218
- pocketmine/raklib 0.14.2@e3a861187470e1facc6625040128f447ebbcbaec
- pocketmine/raklib-ipc 0.1.1@922a6444b0c6c7daaa5aa5a832107e1ec4738aed
- pocketmine/snooze 0.3.1@0ac8fc2a781c419a1f64ebca4d5835028f59e29b
- ramsey/collection 1.2.2@cccc74ee5e328031b15640b51056ee8d3bb66c0a
- ramsey/uuid 4.2.3@fc9bb7fb5388691fd7373cd44dcb4d63bbcf24df
- rhumsaa/uuid unknown@unknown
- symfony/polyfill-ctype v1.23.0@46cd95797e9df938fdd2b03693b5fca5e64b01ce
- symfony/polyfill-php80 v1.23.1@1100343ed1a92e3a38f9ae122fc0eb21602547be
- symfony/polyfill-php81 v1.23.0@e66119f3de95efc359483f810c4c3e6436279436
- webmozart/assert 1.10.0@6964c76c7804814a842473e0c8fd15bab0f18e25
- webmozart/path-util 2.3.0@d939f7edc24c9a1bb9c0dee5cb05d8e859490725

Loaded plugins:
Alerts 1.0.0 by hachkingtohach1 for API(s) 4.0.0
AntiHunger 1.0.0 by NoobMCBG for API(s) 4.0.0
AntiInstaBreak 1.0.0 by PMMP Team for API(s) 4.0.0
AuctionHouse 2.0.0-BETA1 by Shock95x for API(s) 4.0.0
BestTools 1.1.0 by KRUNCHSHooT for API(s) 4.0.0
BuilderTools 1.3.0-beta2 by CzechPMDevs, VixikHD for API(s) 4.0.0
CraftingTable 1.0.0 by hachkingtohach1 for API(s) 4.0.0
CropGrowth 2.0.1 by NhanAZ, kaidoMC, YTBJero for API(s) 4.0.0
DevTools 1.15.0 by PocketMine Team for API(s) 4.0.0
EconomyAPI 5.7.3-PM4 by onebone for API(s) 4.0.0
FCCore 1.0.1 by hachkingtohach1 for API(s) 4.0.0
FormAPI 1.4.0 by jojoe77777/DragonfireHD98 for API(s) 4.0.0
InvCrashFix 0.0.1 by Muqsit for API(s) 4.0.0
InvSee 2.0.1 by BlockHorizons for API(s) 4.0.0
KeepInventory 1.0.0 by NhanAZ, KhoaGamingVN for API(s) 4.0.0
MaxEnchants 1.2.2 by Xenophilicy for API(s) 4.0.0
MultiWorld 1.7.0-beta3 by CzechPMDevs, VixikCZ, fuyutsuki, kaliiks for API(s) 4.0.0
MyItem 1.5.5 by hachkingtohach1 for API(s) 4.0.0
NPC 1.0.0 by hachkingtohach1 for API(s) 4.0.0
Napthe 0.0.2 by hachkingtohach1,tungstenvn for API(s) 4.0.0
Netherite 2.0 by Wertzui123 for API(s) 4.0.0
PlayerStats 3.1.9_BETA by hachkingtohach1 for API(s) 4.0.0
PureChat 2.0.0 by Vecnavium, 64FF00 for API(s) 4.0.0
PureEntities 2.0.0 by LeinneSW for API(s) 4.0.0
PurePerms 1.4.5 by Vecnavium , 64FF00 & ProjectInfinity for API(s) 4.0.0
RedstoneCircuit 3.0.0 by tedo0627 for API(s) 4.0.0
Shield 1.4.0 by JavierLeon9966 for API(s) 4.0.0
ShopGUI 1.0.0 by hachkingtohach1 for API(s) 4.0.0
Spyglass 1.0.1 by ItsRealNise for API(s) 4.0.0
VanillaHopper 2.0.1 by ColinHDev for API(s) 4.0.0
_NewAlias 1.4.0 by Javier Leon9966 for API(s) 4.0.0

----------------------REPORT THE DATA BELOW THIS LINE-----------------------

===BEGIN CRASH DUMP===
eNrNPIl220aSv9JL523sWZHCfTDPs5YlOdbEsrSSHGc3nKfXaDRIRCDA4JBEz8u/b1V146KU2Jlo
3sRzECh0V9d9NBr6xyQpyjWvr29lWaVFPpk7e5M6XcvJ3PQc2w98yzFnoWe4RrA3aTbqkR3MbNf3
TN+0w8D0rAAmZbyqj8uyKCfzH/++N5Hq8h+TeruBGZPj68Oz0/OTd8fXxxcXZxeTvclaVhVf4rMj
KTJe8hrWZ0XCVlysbtJ8WRd4ZS4W7/mmXsn294pXN/N5kR8W600mcdLzTSFuZL1Ocxh0KUvghX1V
0e+LObst0pitm6pmkWQCJsFCUSbZXVqv2HBmJVYybjJZLhYH1TYXjyyk0QH1SZoh6ZusWaZ5ta9I
269Ksb9DfvuoJx5mZ7DgZO75v+xpDNdpfltkt3It8xrQxmkpRT1pnwJETQeIKGKJcnUDgC5q/Z/J
nYyuq5rXTbWYsJd/Bf7pZg9muOFoZCmrJqv1KHUDgzyjG/T3b/De7O6/qldpNf1rJesLGv38K1Hk
NRD64hs1AIdbMJzBv1/wxoYb/HU0cP8vf8FbV9+yv7BXG1D4mo2VhWO8bsw+3vr6dtNEWSpY0uRC
mclQK4+qHGcHevY/8CZsMcO/NGHP0+o6b7Ls+Vc5iZa9ZErG8/lXoNGa50K+eEFTfWMwFf+Vsm7K
HMXkm4NHyLtvKd59e/CgFRisoYW57IT5gtA4WtpI2H+kFci6l7Imwt0hQtNNuJQEnr+gm3fFcqlu
0jwpni8mi8YwuO/9qH6j9wfnV2+PNfDv6jdhhxzog9ms2cS8ljHDyRgaUNzP0e9jVjT1f79YTBTJ
3q8LxR8KRdsImHpdciFVeNB+g4Z8AB5X01XOMbi0gL1JF5Mm5syYGQDhTb0qShj842THzSaAlG9S
fOLQYIxBOQdHjyfzumzk3iSWG5nHlSKgKpL6aAhYc/KzB8FHUdP+ou8WHFBOzs8urz6eXbw7AhA4
X5XWSPuqrjfVfH//jtdiVa3SenYnZZRtZxB49lEGB3mdvm1yUNCQ4x74Ga7fF0V0evj626dit8UH
/HU0DK8/x2/L0gl6zOtS8psdtgYPPsPa+enpObuSfP1UvG3W643ipSdisTjFh1/CVUOR5m3RVHLI
0xA85MhCUqevj68OzDFflyvIMaF7/8fYmhxDOCjW24Pzk0nPYqVxLxZc0bVCuoDpMZWfZfa1rOqr
osiGbtjDxoozdxX33cWH94dvL98WxdVTqW6AcrHoCPly5b1u0iyW5QOWhuAxVzYoL5I1t8a8HX6S
YnV+eiRvccL36X168/boqbgUiHyzjgH5YhEp2mrF6A6lXxRzllDQNBFFmgHZ+yNUIJvDkic1RLgr
JHggnDH8TxJ9R0Tt3H6JXEAsIN40E+V2Vm1rWc1yWe/HvFpFBS/jfSWQYvNtWdzVq5E0OuCul+/4
9/sVzw/+D2A3PI2L00O4+t+r13+TZfFkQZpWQO5bmr7MEx4xDE0scA22seseHWjH4d0HoZqq5lMo
Yp80YLfrLxYDSjSHl1cHF1cfzj/HX0/ZfocDmB0Ez57dAXDIsDvzZ/b0/NQZ81zkMoL/PRWvGt1i
IRUVgHOxGFH02SD35vCwKIcerAG7rmv+e1xXUdP+PpWzvoGadKzGFjJm29m12Z+Knwrp47/9o5Iv
izyBHuvtURg8lQD6BYBnRVN38SXqPMlvIbxVqzfp/YC7IXTIofFQsafNz4DuqdhZE7bFAhpTgQQk
KVQZ74CJLysKge5LKceMIOAzwfR1Bg78tijTTwV0B0/EygjpYqEo+T3MfCflBmZBM1aU2wFPY/jn
Svc2T3y3Kvi3fA2+8v37p04RI4qeIEuc8vvjXMDtqEMbQsdcW7OdAuoHmRebVQrN+/apeB2gRA47
UkY3X6LWU+i/049FmcVD3nrgmDVfV4j2ZyvEQ9Ry0mybumpuUqoMsjS9qf4ldeMa6b1DeoH/Ie1/
pGYcIEI5bU9quR7KSAHG8nFn7r8n0Shq2t+nSjTvzw8HHOPdn6QkBlJ+n2P/6l6E3lMccNluMo7z
jPWbjO7VTb6sapnf5v86nkc7wF/i2+8lDCzpvmevg+1koTF/H6EL+9SkpmU/FT89RmChJeKfjs49
tv2eI2D5PONbWV7WfBSrh9Ah2zY08uE17lf8e8x4QNfo5g9b9XlTysMVr4cyaEEPNmzGvH8vRc5v
02ZNm9dv3hjG72Kf1jmX5Zoi/c7+zRtOWzLVOfSFe5DDbtOiqc6Ppy18sKtzrdYGsWi6+6svMX0c
e5zXaZ3KakcIHfgzgngn0zyXlx+fSvsZ4VssNkCD1DQopgYU/b5OryVxf4RFs6+UMOZdwXa7BPdX
LIDtMaUF9p8MVPaTFPUJtAx5Wj9ZHTNSM1E3uPwSRV/IuKqhiTxMS9GkQ4PffTJ2/AfqrmVcGJ7l
PxVnLb7FotSECEXIYvGQss+yeblK5ahE04DPNHx/Az3K8p0s8jD0vKdibYx1sVC0tL9fxk6x+fbD
yYgfBfmTFBianO7iqSqqy812mfFq6Jcd6DN7Fid1dSF59j6tnmwDZoASONV0fPkO8/c8T7OMvy02
m9GrnDH8M93uYZGl+VuouJ+KqQ7hYjEiZOf2n+kOOlKB+ev38u4gS/lQlT3si/yS/asdk2jRP/8E
v2N0+wrNL/i+Hl9cy1ru7oROT89nmxUvif57KIcryuogILVLNwlQ/9g8RmLNca+5hwieAT8wdwgr
1tdxUYMbjaD6OEUPaMpseI/vbof3SZrVcoR4ud4Mb1fgo8P7VBT57RDwU0Wa7O7XUVWXEC9GsKKs
dbtgUruA78+BoXg4aCPGcriQSSap+BlCK5JoNQbFWJMNIJfn70bLb6ufsxwX01ese1QXNzJPP41F
cH+vuUZy0Se3fJ2Ri1p0+yndqJ3vkOqDT1kaDafD7f16LPUCybMMwzZNKwTA+dHZiPW4uCbSdoEA
SscKK8C0q2o08DLFow4/nI543qEAbktJ+1lj4B12ByMgdFA4EiXs6CRzvtqxvVWT3zR1mlUWCckm
qaTLKM05boBBDWHNPJSEvIWsF+lBiAoSwKYuNMBSwopB0cosDf32sD92c92vNXiOp2vw/MHIbuMH
Kk9HVkKitIegUoJ7oB8uG2WLLf7/A3djZ+cCEt5A+Ojdq41eF1eUuSx5Nqwjh+6Orswr2R+d6uRJ
7/Imc8uwLRBbdQ2pcTJPeFZBMNuURV2IArA6vgtrYN02cbwg4dzxnMiKhCtCP7HshCdR5JuSe6Zh
u4mXWGYAuBtNysc0j4u7ir2/YnXJ8xrqj9yZBlWaMxOoYEQDM33fs9nzdrA+KWMZpveCHZweefiS
A3geCu2TJE9yOntZba4LVM7Hk/fvr9BC8eaO0iQepyoqWV6Dlkte6oaDxyvgsJT7GDqmMEafasJ3
x9arRFiJ74V+mBjccbibuJGwuBV5hhEbvmcl0pB+IH2UY5mKm30dLY1ZOLNfCe76sRkkhhUkgZP4
vh9ZpheI2AxNMzJiKS3bsbmkUAi8QhiCaA4BNou4uJne8iyFEIlH00CSN3lxl7/Sv2h2y7KoKrkP
LPMqx6M9txba9SvLsMLQsG0BinBsw5CR53rSl4EMApG4VmzGnhc6uCoE7FJWkpdiRfyvuaoQJrdk
Ha+CKBKGZfJAxpElHe5LbiUBj52Eh1KEsZBWIqIgHnnJfiTjEu6mQDvXu23Gf7VAkCto75UTWMLz
Q85dGRtRYAoDiLMiM0nwzjR46IiAe+JxzL1dTnwkdBe74Rg8CGzu8CgKRBiFEOqc2LX8QERuIoXw
bDfmgbWDnSJG794WGgCgkaZIQiMMZexx3/U5UAdW4UY2/IN23hJxEo4xPapCLBXtV57jB74DJuV5
keAgUTcIXMuxZOAKyxaWKwPhunyHNIEFX1bomImkgQhDyW3DDkNbJnES2aGIbcOSlul6sWsA6sAy
QrDOHUxFVvQ4jDCSHnht7IPLStuOvcAEwwljKxSWJRxPmL404x1q6LzkCqw10+Sg2UnhO1aESwaG
60URMOQaXigcmSSgzNC3HcnNMBqjygqsJ1pTwbLTMl5xTzogV8sNfGkYppN4sQfXtiUSz7YtaNYg
4gSxvYtqScQ4SIwnQtMSBujNdUUAHNimEUgBxu+DOXiJYzjCcB5imA4yjkLlmYmPTInEBo0JywHa
wO0tLmIwiMDgJniBLXZ8oIsDhCL2HGm5rhvFlgzR4i3H9SEguDFMToRpA41hsmPseVR3wg0D4XDD
icAyQtOVEFMCO7YjA2wbBAWOafII1G+OMfSXU6qjlFP/jvg9wFXyG1VZQKR1wDGkzQPPNMGWfUOa
CQef8iwXHM+EYOc4voTQEXEpHsMyTTeiLWhehZbFPcdxgBlP+DGHkID/DWzLNMD2pHB8O+ByR75V
XhSfZJvwXxlcBBCrweZN4ZghNxOQOPgXOH1guxh/3VBaZHxQEVdyi37QF3T0LuiVgH++I6UrbSuA
6igCT3KMyDXBnqUEe4sizxMG75E0TarSD0ReyBUhyDCJXDsIvNBMYt/2wS4cJxaRE3swWySWEyc4
fdWsK87b+Q+De7VdJ0W+BQ1mW6gvsmlbS98CqTYpUcSh64e+DCH62EESx1Zk2F5oQ4CDvCNBvQYY
12O4IGMERofLfAXh1oA8JGOThxAEOGALuTQtiO2QPCBjGZbr+NGv4jIHdEkPjCJM7BjtPIEUFDoB
+KppCEfYQJQNzhvC/6uWZl184mW9D7FNljrpooV6oecIH6whMJzAdHjgWGAE0gAdx6Yb8chIzAAc
aoRkAx43xeBNcQRpiUM7THwZg88KMIkoCgXmXFdEhhtDNgTaQsMHNNQqdbY121K1+oxhe80Evnxf
NvrEN9Z6LClKNiquFvkzdrWCRMoqWeORn4rxUjI8qFvksoILXjPB87ygc91pLrImplOrTB0DnkFC
g8RLO42A67JYSzxcXj/EWfFE7rECd9IrRMkiPCnItkVTalx4XngNTUiS0gpQ2+Dx7GyLiKHt7dDt
Q6XLm6yu2F2Rf10zTP28ZND8FniQFlPYFinEM8CK77uVzFmzWZY8BgSzRb7IW2TzRc7Ys48r2uJn
dQGrQNEKKJjqvyqq+6qMDuvSYyJVRX8G8sxkTfLCjRkhmUouCFkjZpC4kNOMY228lHNG5Sk+qFZN
DcViPtUH9OdsMdF1o8ig2IsXE6LsIMuKO5alFVLL9IFedpty9j+NLLc45me8mOpHc4bdPE09pv5e
z2FAF8NykYHGQCiILdoyLUocr7YDpt3jAbHPPoLHgEWAXHkcM3WcvVJiBYHfsLXkVVPSuXoGQo8k
Eg3CkT83PEOxLdNbGAtFRSPZc70oFMgvELtaUU5LuYEGdwpix5PVc3hMa79v1hFIBayq+14AFF/e
gB3NaMAHkBaZdsspDluVRV40oD0YXu0xenXLVKuB/rBH3ygAI9hTkGzAHxG2bnKwIByikF+SeoEn
sLKyuE/BwiSIAVgiy8074lC2mqCTBG0Vx6BN7rG0/hrEV5c0LZY1WDWZzM5k9hx4aMBvLBILsTHV
nM4J1a6tcjKOsslzVGeMbWKxISVQX1LN2JG81ddsnS5X4Mx4ymRv6HzacFAiZdlsagVVAkPBrIE2
zRcpF5ySeo1YOQSnLz+a6nEK0EbQ5qDgx89BZgNDg8FTNaiztEW+lrDcVjnlt1kRgfXgVhRTcPCD
dVqjb6/lkke0A8oulagNEm5a0RFGnH6FWrtLSfJkUeC0d1OFqDWyijjEM0pwwSSe6EA0SSllu6Qy
ctBWg27KlgUoqkA3RavAhZZE5pRImzMDuYDVKQSriuxPzwHu7f0W/Sto6/8Y/VVdbIgEHT47kjS6
ikH42GA2jTuCcNWWKhPqTk0YBYGP5BWavurrJ6CQ/IJIwojBRAPJJ4fkw+S9FA0F30KRrDwSk1U3
Wt4LKeOq50gFrrOr4zm7entyyd6dnJ5csYPz83cnx5fs/PiCfTy7+O74Yo/BIHZ1BqOO2ce3Z++O
2fnF2eHx5eVsNwSM5GG5nhbHuSzTghIyBuIKGRQrSSGZpNEFWxNkDyVBTLGFhkwhFEoVZgnVYZED
nxCgwZqQ318zNmVkdyvMrCATDEFqGGFWSCD09oFcZSRa4wxzCOZ5mjB7OBptQW9Mg9o2UmA5oCSL
5Cq9qrkdD2BeclP1rNqG5rV68ThJmnNbc77kZQSeMe0rawpAj0uXXA3J0bOYngWxe83zhoqPISVQ
mDVggy/22pywa4StGar0mkCTXyt+170LztiZivnK4KF6KJos7mhJIYnc5aynv1KIN0Q+MOoZhuYV
VntDweJBkiTTURg63pKyWLfJVs3WI6ZD0xxqGLnRmnxgG+wRkxpZx2VbMKLKSlgJzVAbctysN6q6
UiUc0w+m+KDV1xEO0hOIdiKz5QDuIM2Ds/NHBAxJGxIfrHALRlZVjazUt4uVXLbVJgYtXK2naq9V
pKoRdFE5U9Tg0F+V05rfT2lTtmppP+QbhKbrZg05FtJricjpCzlUJORpPL2hqOjliv6iRUke89DG
oNjeaIpowSlWwQ0kXafT2FGhHu3atPoGsMWvBrcupHDpgUPOqHKY0qZvx9sRkEK1CpSPKD2gThUY
CsuGY0/C1BzFYc8dTNPyVPy0K+PgvtpFAWbYBmi8v43qt+xwkeeyRoXNdYqA0mxVZKrEjPA8DFXi
RDJUTWBCOslQbFOdj36qUov+IBaLTZXeng211D7CsFpua0S+x6bmQIGkPFp4WrfE6BRAUbuvY+lF
AZaQseIcexkq9HEyADVZM/YWakGwpZdU3LHD8w97MBdoiMC/7tIYzJ5qBRU9O/xTwj9nXlt29xV5
RdIZjJ2xgxgC1YpnyT60kqpNiCXYsF4KFmW4L4gGNnDEPu0NkA1bkeN7jGpYYvJsxpCID+f5eVts
9w0g9hJI1B2kTZzYbPLNVN/vdDen2uuq9JPs9IlleavGChOeLpmgbFfmMUitTmipSS9m7FzPyXi5
pAlcd6LaFmjFpORLZAG/9oT2d5NRxYLt5RqIR2fnJerpMEthlOqXS2imZFWz06sPRGkFLCHbUVMz
7M9Jlf1yqrmYtbFmXTdTnDUnaof9oczpbZL+LBw3BgR+/9OxCf1vkqRixihLrTgWASxdg2xq1B1o
g75ghTC1R7SA0m6J6BVKAqIuBWJI0ZzCeaVUqkoJGFtrG0VOpNof0KFOd1NHZ1QkHZ1cHryG+ojq
qSYnG8KA3WCkpBehqkhI0Rj1d97xsN/o+ex9PZZRs5y3TdtfmYnNmi5ZVxCu6DnTLXqlNhXQm/Oq
UMlbe4SJyBTVCtvhqoAmHr2w7dVk241TFMdtY1bx2zZbwCW03vSMtpQHbTwQRi/oVdGm92R+KtJc
bQiQpL5mP0TFPXp+yU6O2PMfPpwcvQC9g9sDDTD+DtSGisHjcOAc2MOVsZaPKj/AG4pedzl4+w+v
37X4dX83gHxNi+FbMiocSL26FCHeinaHSKfRe6BviucTXhZJQsvCszTZTu+bNO4VQvKcjjdnrmh3
Rbma+lhayYDGar9qKr3LIyCI1CrM6jlTNWfO9GtUXEalEB0e9SqYA3m+7HqUHKdlu6l4rx11m8q7
aZegH9sQU8I9WBcNRo9E5TodTEBkrWgxt2N0pK0QUD9eU3KGyReUqgeTifFcqtY7kgpZJBP0/WrD
78go0EYVdjItBI+TvmIfF+rYhxjI+C6pwIugrMUk5NPHqDQeJ5OXgClmvDV3ILadjL8dNfbODk+E
35Cgn1VprHIG8sNBp2BwVRMNpYBf0eMIGavUSTddaqOtJm0cXAiZSeoUlHnTqll6A0tgn0yRKKMv
8+m7PxXHYAnOVgrbIMiB91e1SslE7BSl0ZI27UWjWDs5qgZ8YZhGzStsTL027djUW05tmUNzRkoC
fFNmsWdAJp6i6hTZb2t1upw9VKYOXnc8pW4Wkgm0esqKNsWmyVq30TeY72mMThu2hQtSG4Rc0kqY
cTFyQUmgGwyE6I28uS51cN+RmmsFVpWCtiwgpI/QcR/00DOn+Dc4dkBdYBiD9XmCQU6HeDBV5426
kSvQ21yRMsOP1mdpQRRDqNuusTnEv+WB+6yi6knHNKWfs/45sUBhji+XpVzqLUW9/6i2WfDPMNzs
8kf0Qaw5OzqbgzymOimo+gDD151UHQgHJ7+jFSsivGeAYLPBpj/k6U7y6q9KKOU8ECooVD3XxgSV
EJ4boFw2yDeHuDcvh3t5e5AcNisObiExspdIQ1uXQsZIZAm9xxTjYo7JUD1tc5fKHHy0N6jPcgyS
bQM1ONQ2FFvbEKYRkpbV83aNB1pVfA3VWqfrPoPobIxIcTxaPSYM1CKGcVyQNj31pHaDe9YvoJ8M
V2gl99v5XicTpUnlAYO9JI0D0Ndanu2u0UoDVYgru05CRwfchIdmLaYyKE06RPiSvCnVGxeMNu1W
ioq8gE9Hpzbfcjxxp/s0KK05HoHSd1gAAY1aV/NWaeoZ2Cju6c3Zj1S5QNG6R5t8f0ek1IL1yXv4
JojYwEq6pACP2ygqeKFVyfrRPErxmdrHijoGar/x0ymgVRcBQ/LVukSDugSM6AaOoXJqv+KcvXl3
cKWA2GpI3Fn7Rp/I2HPDezpDvWffx2lZ71HQ/UZXeupdy3DTQjkxJjoQrd5T5I22ugyUJbb4SqkR
dVO2cbft1MruLQ0FFcAD6UjQW7CqldO0fcMDJqDK+mdvKJrQUjR+hITqYg25HkCmVF8OCr9C1f7y
HmJbpZtccYNtUtX9IacUGpStKuRoHPJLf74nU5lCuYrikvBDZVR24Rhfv+4qFd9TnvcqPqSXlfS2
bgFVy7M3ZcqOpGCWwyxrbrtz12AfT14zy7BMHNC+UXspIcLC/bqo45ejV5v6FBY+VItP0fdemqEJ
mWwMvPUIbCNYNwvpBoBg7AC5W6W1nOIbOCxdaTHop3T19tIyELLkuJsQy5d0p176dTA9C/dv8T1P
e7+53egV4hQbLLDo7UsirTPQLt+9JJ6pNsaS+6X6ErHs62UZD4bgG/eXR8dvDj68uxrwRO8J9ZKU
LdB19f2omn0ZIGhQsdOQyS//D9WuXdU=
===END CRASH DUMP===
