PocketMine-MP Crash Dump Wed Dec 8 00:33:24 WIB 2021

Error: Cannot use non-existing permission ""
File: pmsrc/src/command/Command
Line: 107
Type: InvalidArgumentException

Code:
[98] 
[99] 	public function getPermission() : ?string{
[100] 		return $this->permission;
[101] 	}
[102] 
[103] 	public function setPermission(?string $permission) : void{
[104] 		if($permission !== null){
[105] 			foreach(explode(";", $permission) as $perm){
[106] 				if(PermissionManager::getInstance()->getPermission($perm) === null){
[107] 					throw new \InvalidArgumentException("Cannot use non-existing permission \"$perm\"");
[108] 				}
[109] 			}
[110] 		}
[111] 		$this->permission = $permission;
[112] 	}
[113] 
[114] 	public function testPermission(CommandSender $target, ?string $permission = null) : bool{
[115] 		if($this->testPermissionSilent($target, $permission)){
[116] 			return true;
[117] 		}

Backtrace:
#0 pmsrc/src/plugin/PluginBase(192): pocketmine\command\Command->setPermission(string[0] )
#1 pmsrc/src/plugin/PluginBase(97): pocketmine\plugin\PluginBase->registerYamlCommands()
#2 pmsrc/src/plugin/PluginManager(214): pocketmine\plugin\PluginBase->__construct(object DevTools\FolderPluginLoader#23451, object pocketmine\Server#10, object pocketmine\plugin\PluginDescription#23440, string[30] D:/FoxCraft/plugin_data/MyItem, string[26] D:\FoxCraft\plugins\MyItem, object pocketmine\plugin\DiskResourceProvider#23433)
#3 pmsrc/src/plugin/PluginManager(357): pocketmine\plugin\PluginManager->internalLoadPlugin(string[26] D:\FoxCraft\plugins\MyItem, object DevTools\FolderPluginLoader#23451, object pocketmine\plugin\PluginDescription#23440)
#4 pmsrc/src/Server(993): pocketmine\plugin\PluginManager->loadPlugins(string[20] D:\FoxCraft\plugins\)
#5 pmsrc/src/PocketMine(301): pocketmine\Server->__construct(object BaseClassLoader#2, object pocketmine\utils\MainLogger#3, string[12] D:\FoxCraft\, string[20] D:\FoxCraft\plugins\)
#6 pmsrc/src/PocketMine(324): pocketmine\server()
#7 pmsrc(11): require(string[56] phar://D:/FoxCraft/PocketMine-MP.phar/src/PocketMine.php)

PocketMine-MP version: 4.0.0 [Protocol 475]
Git commit: 468faa464b2bc5c97f23fafbb71ea61035f6f218
uname -a: Windows NT DESKTOP-BVRHES0 10.0 build 19042 (Windows 10) AMD64
PHP Version: 8.0.13
Zend version: 4.0.13
OS: WINNT, win
Composer libraries: 
- adhocore/json-comment 1.1.2@fc2f76979f0a44a5f5bc2a2b600d0762fe0e78e7
- brick/math 0.9.3@ca57d18f028f84f777b2168cd1911b0dee2343ae
- daverandom/callback-validator unknown@unknown
- fgrosse/phpasn1 v2.3.0@20299033c35f4300eb656e7e8e88cf52d1d6694e
- netresearch/jsonmapper v4.0.0@8bbc021a8edb2e4a7ea2f8ad4fa9ec9dce2fcb8d
- pocketmine/bedrock-data 1.5.0+bedrock-1.18.0@482c679aa5ed0b81c088c2b1ff0b8110a94c8a6c
- pocketmine/bedrock-protocol 7.0.0+bedrock-1.18.0@040a883a4abb8c9b93114d5278cb5fecc635da82
- pocketmine/binaryutils 0.2.2@f883e1cf9099ed6a757a10a2f75b3333eeb2cdf9
- pocketmine/callback-validator 1.0.3@64787469766bcaa7e5885242e85c23c25e8c55a2
- pocketmine/classloader 0.2.0@49ea303993efdfb39cd302e2156d50aa78209e78
- pocketmine/color 0.2.0@09be6ea6d76f2e33d6813c39d29c22c46c17e1d2
- pocketmine/errorhandler 0.3.0@ec742b209e8056bbe855069c4eff94c9734ea19b
- pocketmine/locale-data 2.0.20@a6e4eb22587e0014f6d658732cf633262723f8d3
- pocketmine/log 0.4.0@e6c912c0f9055c81d23108ec2d179b96f404c043
- pocketmine/log-pthreads 0.4.0@61f709e8cf36bcc24e4efe02acded680a1ce23cd
- pocketmine/math 0.4.0@6d64e2555bd2e95ed024574f75d1cefc135c89fc
- pocketmine/nbt 0.3.0@98c4a04b55a915e18f83d3b0c9beb24a71abcd31
- pocketmine/pocketmine-mp 4.0.0@468faa464b2bc5c97f23fafbb71ea61035f6f218
- pocketmine/raklib 0.14.2@e3a861187470e1facc6625040128f447ebbcbaec
- pocketmine/raklib-ipc 0.1.1@922a6444b0c6c7daaa5aa5a832107e1ec4738aed
- pocketmine/snooze 0.3.1@0ac8fc2a781c419a1f64ebca4d5835028f59e29b
- ramsey/collection 1.2.2@cccc74ee5e328031b15640b51056ee8d3bb66c0a
- ramsey/uuid 4.2.3@fc9bb7fb5388691fd7373cd44dcb4d63bbcf24df
- rhumsaa/uuid unknown@unknown
- symfony/polyfill-ctype v1.23.0@46cd95797e9df938fdd2b03693b5fca5e64b01ce
- symfony/polyfill-php80 v1.23.1@1100343ed1a92e3a38f9ae122fc0eb21602547be
- symfony/polyfill-php81 v1.23.0@e66119f3de95efc359483f810c4c3e6436279436
- webmozart/assert 1.10.0@6964c76c7804814a842473e0c8fd15bab0f18e25
- webmozart/path-util 2.3.0@d939f7edc24c9a1bb9c0dee5cb05d8e859490725

Loaded plugins:
DevTools 1.15.0 by PocketMine Team for API(s) 4.0.0

----------------------REPORT THE DATA BELOW THIS LINE-----------------------

===BEGIN CRASH DUMP===
eNrtWwmT20Z2/isdaqs8SkgOLoIAXeNI1oziqZWsiWYUOVluqRpAg8QOCNA45vCW/3u+97pxkBpp
vTmqUimrXBbRx+t3fu+9BvTXSVpWO9l8ulNVnZXFZOVNJ022U5OV7btBEAae5c1d33Onk3avJ6y5
b7u2u7Qsf7kIMeVPJ7msm4uqKqvJ6q+T5nGPZZPL4k7mWfKy2rQ7VTQXD7ECBZwxnexUXcsNLXol
i6JsRFsrUZTFTD1kdZMVG7FX1S6riSWxnqwn2JO2ef46y2nTfiur1enp+er0dfnwqpJpc3pVxreq
eZsVavb2ak4LTusqPo3L3U4Wyekr/Tcm9kTKkNnRkieWYUkOStCBtYQ6Khnj958mzywxbNnn7SYr
Tq/4r+9lrU7s0Hm+EntmZIft67Uhu14burPvatVc9ZKd1E0FWf9k/Vk8x5HP7K+SD5dH1PWS9XpY
M/uuUhsoUFX/Lne5ObQ+YeLOl4i/lQVMUZ04tvcbDvj0KS4L8N3GzUkZ/UXFjThXdzdlmdfr9esy
T1Sll78pJX4/c1xvYU+FWTqmfq0qON0z23py9vDsc1XHVcbeQxQ97DG6c6G8sR/ofZ8S2cjTt4+X
jdr1Sx2flhKXem13CBjvVn6FkfOsvn2v6rKtYnVVlXeZkc51Wb3u31Kvu/i6/cy62XdZAfsVMicF
6qmTv1uA/6JJ/obSWVBvJKg24UkYur9NtLwXqe5lsr4oEx+3GB03xPiJa9lHR2pennRQ8txXQKi6
U8CTwrdNRgp7K0lRG/D7zO1dx3aOuRy86m8I4H9BAOc42mqtTN601JtObJKyUj+3WaU6jS3gBb8d
AIdhwr7nkz//Op2o/2Wg/jvQFdyYiM2KuzK/U8QANuMINenm8IzfcZkoYjoM9HMY4u91s2+jPItF
2hYx8Sw2Bwj7XKzEP2vF/RV7bMviTeumUk1bFeIPzTarZ98NQnzLq2xe9Sv/dvRxtuU+ed4hopuz
xB8GisTCXZkl+nzPnJ+lJ6M14h/OzkSBBPdcr1qYVesG6VnJeHuiHvY5FHCynny7nkwP6ctaP5vN
fr+Zjxm4M3G4WkFHl4gRWcTq5Pnsu0OVaVLi7JCj5Yjoumm2VXkvCnUv1usveQ9Y/S0+s15P+ET6
sZ481/oPRqdpK4T9CD/bnR31k22ePjOnOBurionbzmBc2zXGtb0njduoeqwa48DXqgCMwHdkBdVN
xRNGF0Z5sH0EIGYd2ouR7TWjh/SvEThFc9LTHRtZm8EebGscGECntFjLXiO//l6z/F6z/F6z/F6z
/H+pWbpCoKb83/kJ/S4kNaTD0HTS97ETe24v5haGZNtsy6omNBwoixsld0RZ7jOa8eYWFuNZFTLK
VTJZpTKv1XSSqD3gnnZjsi7T5nw8sJNcngy+O2KFPAdz1zcv3998uMLAvYrqrCGGt02zr6GMTdZs
22gOzB0JfdrT+JXKI1lBSITXkQCdxpjnh0YVJDYr5RVKBpwRQCLkt+kkitHgb8cjsUSiSbB3PFbu
PiVlU6jmYNSUiMNAW+XjZ4DWwTyKP/A6Htns9uPHrawPeMng+nfjgb/UbL7+eRdpJzoYK6uGV+F5
7mCAihkIlIwX7eNDPbxXaa44r49Ha9ZofTiUZO1uPHJ99ebg+Mf657ygw8wv0U815a0qsl8OVfDw
YKQmdm0MPCLV4dGZO/z4S7bXDhvOF/SYZ9F4Ox4fdodaL4k9x7JclDMhBq7O3x2InpSfmLXjQQxl
hwYr4c11fbDwOtvtc/XT2wOZjzjAIwrT5EjOXX5fZUf236NYxErSsA4ycLs98r1tW9wyljmsJJe1
km2irJDVI4ZcKMonTag7lSeRWUSk4upx35RmwNHKSmBo7Zakb1o1YNan4azRPLUsWZGWB36bfGby
7MBLWJXueKhSCA+Kw02rfbGj/x8IN/HuKkYlP1I+Rfd2b86lE1WhKpmPgO0g3CmUkRWGq7pen1Gb
5TjOsVwHaqs/Jequx699VTZlXIKqt1zgjIzi2/ODVErP9yInihdxuEwdN5VpFC1tJX20OovUTx07
AO3WsPIxK5LyvhY/3ojzi+s/3ry7mn3/b+9/uLi2hA0uBPMg7NDyHHHSLbat5+Ll23Pfm7CoY139
ojiAvN5NtvtPJdnk4+WPP96QY9LDfVZobNqXyDWfYNxKVplinJPJFoJV6pQQY0Z1q+4dbcKEF2ns
pEs/XIapJT1PLtJFFDvSiXzLSqyl76TKUstALUl9VRbfnhqQtObh3H0Ry8UysYPUcoI08NLlchk5
th/EiR3admQlSlEZJRUjIAwC9AGGA1fzSMa3M+6IZENdNhR4W5T3xQvzN3nbpirrWp1CZFkX1Lvc
OeTOLxzLCUPLdWPo33MtS0X+wldLFaggiNOFk9iJ74cenQqcrlStZBVvWf6d3O857u7YKV4EURRb
ji0DlUSO8uRSSScNZOKlMlRxmMTKSeMoSA6C4zRSSYWnGZWirElk0H/qBqFXWO+FFzixvwylXKjE
igI7tsCcE9lpSk+2JUMvDqQfP015cMfJkhg9pm55lgwCV3oyioI4jEIgnJcsnGUQR4tUxbHvLhIZ
OEfUGSiGqHbIAUBG2XEaWmGoEl8uF0sJ7uAVi8jFH6UiJ07S8JDSkyZEEMMnfG8ZLD24lO9HsYRG
F0GwcDxHBYvYcWNnoYJ4sZBHrMVUxOWlgUpiDSoMlXQtFzWoSpM0csM4cS1HOfbCTxYWSAeOFcI7
jyiVeTnQsMJI+QjWZIlIVa6b+IENxwkTJ4wdJ/b82F4qOznihq9+tvDW3LBDbqfipedEdGRgLfwo
gkALyw9jT6UpjBkuXU9JO4wOSeUllRGdq4CluWO9kL7yoFdnESyVZdle6ic+frtOnPqu6/jOEkAT
JO4xqQ0z4xEzfhzaTmzBbotFHEAC17YCFcP5l3AHP/UsL7a8zynMRolGk/LtdElCxakLi8WOB94Q
9o6MEzhEYEkbUeDGRzHQ4wCTSHxPOYvFIkocFZLHO95iCUBYJNicxrYLHsP0yNmLqOmVGwaxJy0v
gmeE9kIBUwI3cSMLvg1FITBtGcH89iGF4eeMyycd1H8HbI9oVfJWFxRAWg+BoVwZ+LYNX15ayk4l
Ysp3Fgg8G2DneUsF6Iikip+iMsv2cVfHvAgdR/qe50EYP14mEpBA/wWuY1vwPRV7SzeQ6ki/dVGW
v6guz7+wZBwAq+HzduzZobRTaBzxhaAP3AXh7yJUDjsfCuFaPVIcDHWczbEe48/SU2qhXCdAURQh
kjwrWtjwZ6Xgb1Hk+7ElByJtm+n0A+RFrgihwzRauEHgh3aaLN0l/MLzkjjyEh+749TxkpS2b9td
LWW3/3Nwrx93aVk8woL5I8qKfNaV0Hdg1WUjxkm4WIZLFQJ93CBNEieyXD90AXDIOwrmteBcT9FC
xgisnpb9AnBrIQ+pxJYhQECCWiiV7QDbkTyQsSxn4S2jL9KyR3wpH04Rpm5Cfp4iBYVegFi1rdiL
XUWv+ZxliP/rRmZX/iKr5hTYpiqTdMlD/dD34iW8IbC8wPZk4DlwAmXBxom9iGRkpXaAgDogskfE
zQi8GUeIlyR0w3SpEsRsDJeIojCmnLuII2uRIBuCt9Baggx3SL1vzR+5SH0mqCEWaCzSbNNWkq/y
qMQTaVmJg5pqXTwTN1skUrrHpbvJWshKiWarRFmoGj9kI2J9jRkpkRVx3gI88EPo3neOhIbE26Am
IVrX5Q47UyJwTLOWqUITj5mqJpIiAlrdiseyrQwtkaVih94jzfgE1DYoKJv8kQj/qO57cqcocGWb
N7W4L4tvGkGpX1YCfW4J8MoohT0Sh3THqOW+36pCtPtNJRMQmK+LddERW60LIZ593CpiTDQlTkGt
ChLmsgA6QHVTU0Gd6GlmVaO/gD5z1bC+UHRmsRI6udDIjihD47Ga5ZJK4o1aCa5KaaLetg1qxGJm
XjGsxHqi70NEnKPYS9YT5uxlnpf3Iu9ujvU9gLjLpPjXVlWPtOZn+jEzUyu+EuWtF9zKmz0CfAkq
FwUsBqUQtehRGFXSet35z/rpEbPPPiJi4BHQq0wSgcpLq5/UCoXfip2SdVvx2wsBpUeKmIZy1M+t
zEltm+wOa1FUtEqcmEOFYz0n6vpENavUHn3tDGqnq5wVpvnsH9tdBK3Aq17Wj0V8I+tbGL66hR/N
ecEHaItdu5OUlm2rsihbWA/L6yltQHmuOwyKh6mgohqC8G016QbxSGO7toAH0RJN/JrNC5ngZVX5
kMHDFNQAkdhzi5450q1h6DIlX6U15JNTkTXfQH1NxdsS1dA1FrnM0WZxAhnoZYHDamExZkbSFZM6
9lXJzlG1RUHmTKg7LPdsBG5H6jndKprfYpdttgjmCq34dBx8xnFII1XV7hs9qhVGitmBNyMXGxdB
yb1GogNC0ssdsP00B+Qj5HMo+DN413zkaFg804t6T1sXO4XjHnVQ/kteRvAeunQSehxxsMsaiu2d
2sjosYHGxbVWtcXKzWqizdtvyGr3GWuePQpBez/ThDonq1nCNAOLQCRwXzCttFKqO1I7OazVUpiK
TQlDlRSm5BV00IbZnDFrK2GRFDidIVhXZP/nJaBbvK/xv0U3/9/jv27KPbNg4LNnyZCrBeBjT9k0
6RmiUzuubNSdhjEGgY8cFYa/+pv/AQ45LpglQgwRt0g+BZKPUA8qbhl8S82yjkhKVv1q9RArldSD
RBq43t1crMTND5fX4s3l28sb8fLq6s3lxbW4ungvPr57/8eL91OBReLmHVZdiI8/vHtzIa7ev3t1
cX09P4aAA304C9+o40pVWckJmYC4JgHjrWJIZm30YGtD9ygJEsYWXjIDFCoNs0zqVVlATgA0vInk
/ZKzaSe731JmhU4IgvQypqyJAHoHINcZic94RzmE8jxvmH++mnzB3EHDbHsVUzmgNUvsarvqvb0M
cC+1rwdRXcvIWj9/miUjuWsk38gqQmTMhsqaAehp7XKoETtmlzC7gN07WbRcfIw5QWHWwgefT7uc
cOyEnRvq9JqiyW+0vLshBOfincZ87fCoHso2T3peMiSR+0IM/Nea8J7Zh6C+ZRlZcdprBovPkiS7
jqbQy5ZW5a5Ltnq3WTEbu+bYwiSNseRnviGecKkD77juCkYyWYWTyA2NIyftbq+rK13CCTMxo4nO
Xue0yGxg3pnNTgL6UuBeIdjlEwpG0kbiwwl3cLK6bhUBQ7OF1TZdtUmgRacNXE07Q+oawRSVc80N
Lf2innbyYcZ3sXXH+yu5p9Fs1+6QY/kVO4jzVwpkSORp+dhB56BXihejSo6Yz30MxfbecMQHzqgK
bpF0vd5i56WeOvZpqo0I9TR9vbgLIU3LLBxLxpXDjO96e9nOwQrXKigfSXvgThcYmspeUk8i9B4t
4SAdthl9anm6k2nxUO2SAnNqAwzdr5P6mh+ui0I1ZLCVSREozbZlrkvMSDbxlitxZhlVE1zIJBnG
Nt35mFmdWiLVF5s6vT0bW6mbIlitHhsiPhUze2RANh4fPGs6ZkwKYNQe6lh+P0AlZKIlp16GC33a
jEHD1lz8gFoQvnTGxZ14dfVhir3gIUJ83WcJ3J5rBY2ePf0Z018Jvyu7h4q8Zu2M1s7FywRAtZV5
eopWUrcJiYIPm6NwqKB7QXKwUSAOaW9EbNyKXDwQqlGJKfO5ICY+XBVXXbE9NIDUSxBT90ibtLHd
F/uZeT7qbt6aqKuzX1RvTyrLOzPWlPBMyYSyXbvHKLV6oaM3PZ+LK7Mnp69YaIM0najxBT4xreSG
RIBNoLZ6n3PFQu3lDsxTsMuK7PQqz7BK98v0TlnVjXh784E5rSESiR21jaD+nE05HKebi3mHNbum
ndGuFXM77g9VwS+RONZTQRcDMb2d7sVE/5umWTwXnKW2kooAke2gm4ZsB2vwN9SAqSnzAqPdMdNb
0gRQl4EYKVoynNfapLqUwNrG+ChJovT9gIE6002dv+Mi6fzy+uX3qI+4nmoL9iEC7JaQkt9/6iIh
I2c0X9Ml435jkHOI9URF7WbVNW3fCZuaNVOybgFXPC9Mi17rSwWK5qIudfI2EWETMc21pvZqW6KJ
pyjsejXVdeOM4nRtLGp512UL/ETrzXN8pTxq48EY/Z7qos3cyfylzAp9IcCa+kb8FJUPFPmVuDwX
Jz99uDx/Drsj7MED1t/DbGSYDOkewUE9XJUY/ejyA9FQDraj79V++v5NR9/0d6ORb/gwejnGhQOb
15QiLFvZ3RCZNPoA/mb0KcJZmaZ8LOay9HH20GbJYBDW5+zwcuaGb1d0qOnP9bUOeK2Jq7Y2tzwx
QKTRMGv2zPSelTBvT+kYnUIMPJpTKAfKYtP3KAVty49T8bRbdZep+1mfoJ+6ENPKfbkrW0KPVOc6
AyZQWadayu2EjnwVAvPTb07O2PyeU/VoMwteKN16R0oTixR9JgkYkffsFOSjmjq7Fg0fJn0tPh3U
iw8MFPKYVcgSc9YS9BHmU1xaT7MpK1BKhOzcHcx2m+nvnhv36IYnysuYw7fOEp0zSB4Jm8Lh6jYa
a2FDSRQrVKJTJz/0qY2vmoxzyDhWueJOQbs3n5pntziC+mRGolxC9E1V3jdbjWM4QoqtpjYCOUR/
3eiUzMzOSBsda7NBNVq0y/N6JBfBNFleUxP6tWkvprly6soc3nNgJNCbCUc8A5tolQdDDtdavS3n
nxvTgNe9zLibRTJBq6e9aF/u27wLG/NA+Z7XmLThOnQgt0EkJZ9EGZeQCyWBaTBoxFzkrUypQ/eO
3FzrYV0pGM8CIwNCJwPoUWTO6Ivno6EeGA6HzWcEo5wOPJjpr4z6lVvYbaVZme93u/08K5ljQN3j
jppDhHJD96xxPbBOacrMi2GeRWCYk5tNpTbmStHcP+prFvoE9fZYPuYPWPPu/B19JDYzSUHXBwRf
90p3IJK/LqYTa2Z8EIDH5qNLf+TpXvPtnj5I0sb5TKkwqJ43zoRKiL4b4Fw2yjev6G5eje/ypkgO
+61EWChC9op46OpSZIxUVeg9ZoSLBSVDPdvlLp055MHdoPmEY5RsW9TgqG0YWzsIMwTZynq+O+Mz
q2q5xmZtst2QQUw2JqK0nryeEgZZkWCcDuRLT7Opu+CeDweYmfEJnea+nu9NMtGW1BEwuksyNEC+
Mfrsbo22ZlBDXNV3EgYd6BIezVrCZVCW9oToJXlb6TcuhDbdVYpGXtAz6NTlW9RksjZ9GkprSV8+
mScqgMCjsdWqM5qeg4/Snd5K/IkrFxStU77k+zMR5RZsSN7jN0EsBlXSFQM8XaNo8CKvUs2TeZTx
mdvHmjsGbr9hnwy8miJgzL4+l3nQP0GRwsCzdE4dTlyJ129e3uhBajUU3ax9a77ImC7CB0hUqKn7
kGRVM2XQ/dZUevpdy/jSQgcxJTqo1twpytZ4XQ5jxY9Cf+PaVh3udp1a1b+lYVABHaSjmN+C1Z2e
Zt0bHriALuufvWY04aN4/QERrovF6NtqMzLj+nJU+JW69ud/nVCbJje+pTap5oYO4BZlaFAedSHX
/yuGjP4JRa4zhQ4VLSXTR2VU9XBMr1+PjUrvKa8GE7/il5X8tm6NquXZtaQvomPhCXu58sKV64qP
l98Lx3Jsmu9eqJ0pACyed2WTnB282RT6ZRpN6rNnFHpndmgjkWHwfps1akbv1aggZRrokkxNduZY
NLKRdEeQqDN+0q/y+jGzi25l6e1N97y/258hSPAryahtgp8+nvGJvdv1WeyMReGKlwrps/r2kZP+
MEyeO1pFr9LPzi9ev/zw5oZGTWfDLwDNqZwGKCbN80GZehbQ0KgU11uKAqVC3PcfKPUypf8pUm2W
6BqSPl7St0Jntj86vwL6dPLT7znd5CMAk7N/5D8HJrjz2QjuaH+2x6A+aPLrfwLBdDTU
===END CRASH DUMP===
