PocketMine-MP Crash Dump Wed Jan 26 15:30:29 WIB 2022

Error: Call to undefined method pocketmine\event\player\PlayerChatEvent::setCancelled()
File: plugins/MyItem/src/hachkingtohach1/MyItem/MyItem
Line: 373
Type: Error

THIS CRASH WAS CAUSED BY A PLUGIN
BAD PLUGIN: MyItem

Code:
[364] 			    }
[365] 		    }		
[366]         });			
[367] 	}
[368] 	
[369] 	public function onChat(PlayerChatEvent $event){
[370]         $player = $event->getPlayer();
[371]         if(isset($this->modeCreateItem[$player->getName()])) {
[372]             $key = ".";
[373] 			$event->setCancelled(\true);
[374]             $args = explode(" ", $event->getMessage());
[375]             $item = $this->modeCreateItem[$player->getName()];
[376]             if(!isset($this->item[$item[0]])){
[377] 				$this->setBasicData($item[0]);
[378] 				$this->item[$item[0]]["ID"] = $player->getInventory()->getItemInHand()->getId();
[379] 				$this->item[$item[0]]["META"] = $player->getInventory()->getItemInHand()->getMeta();
[380] 			}
[381] 			switch($args[0]){
[382] 				case $key."help":
[383] 				    $player->sendMessage(TextFormat::GOLD."-My Item Set Up Item-");

Backtrace:
#0 pmsrc/src/event/RegisteredListener(75): hachkingtohach1\MyItem\MyItem->onChat(object pocketmine\event\player\PlayerChatEvent#122890)
#1 pmsrc/src/event/Event(62): pocketmine\event\RegisteredListener->callEvent(object pocketmine\event\player\PlayerChatEvent#122890)
#2 pmsrc/src/player/Player(1341): pocketmine\event\Event->call()
#3 pmsrc/src/network/mcpe/handler/InGamePacketHandler(147): pocketmine\player\Player->chat(string[5] .help)
#4 pmsrc/vendor/pocketmine/bedrock-protocol/src/TextPacket(176): pocketmine\network\mcpe\handler\InGamePacketHandler->handleText(object pocketmine\network\mcpe\protocol\TextPacket#124685)
#5 pmsrc/src/network/mcpe/NetworkSession(395): pocketmine\network\mcpe\protocol\TextPacket->handle(object pocketmine\network\mcpe\handler\InGamePacketHandler#119817)
#6 pmsrc/src/network/mcpe/NetworkSession(358): pocketmine\network\mcpe\NetworkSession->handleDataPacket(object pocketmine\network\mcpe\protocol\TextPacket#124685, string[43] ....ylongthansoaivn..help.2535454003640443.)
#7 pmsrc/src/network/mcpe/raklib/RakLibInterface(192): pocketmine\network\mcpe\NetworkSession->handleEncoded(string[46] ..dd.....K/.H.+.O.,.c..H.).0256515100631011f..)
#8 pmsrc/vendor/pocketmine/raklib-ipc/src/RakLibToUserThreadMessageReceiver(42): pocketmine\network\mcpe\raklib\RakLibInterface->onPacketReceive(integer 1, string[55] ...^...5A.cM..\..E...f..F......H....'x{t..<....cV.=.9iF)
#9 pmsrc/src/network/mcpe/raklib/RakLibInterface(122): raklib\server\ipc\RakLibToUserThreadMessageReceiver->handle(object pocketmine\network\mcpe\raklib\RakLibInterface#25243)
#10 pmsrc/vendor/pocketmine/snooze/src/SleeperHandler(123): pocketmine\network\mcpe\raklib\RakLibInterface->pocketmine\network\mcpe\raklib\{closure}()
#11 pmsrc/vendor/pocketmine/snooze/src/SleeperHandler(82): pocketmine\snooze\SleeperHandler->processNotifications()
#12 pmsrc/src/Server(1645): pocketmine\snooze\SleeperHandler->sleepUntil(double 1643185829.8394)
#13 pmsrc/src/Server(1034): pocketmine\Server->tickProcessor()
#14 pmsrc/src/PocketMine(301): pocketmine\Server->__construct(object BaseClassLoader#2, object pocketmine\utils\MainLogger#3, string[12] D:\FoxCraft\, string[20] D:\FoxCraft\plugins\)
#15 pmsrc/src/PocketMine(324): pocketmine\server()
#16 pmsrc(11): require(string[56] phar://D:/FoxCraft/PocketMine-MP.phar/src/PocketMine.php)

PocketMine-MP version: 4.0.0 [Protocol 475]
Git commit: 468faa464b2bc5c97f23fafbb71ea61035f6f218
uname -a: Windows NT DESKTOP-BVRHES0 10.0 build 19042 (Windows 10) AMD64
PHP Version: 8.0.13
Zend version: 4.0.13
OS: WINNT, win
Composer libraries: 
- adhocore/json-comment 1.1.2@fc2f76979f0a44a5f5bc2a2b600d0762fe0e78e7
- brick/math 0.9.3@ca57d18f028f84f777b2168cd1911b0dee2343ae
- daverandom/callback-validator unknown@unknown
- fgrosse/phpasn1 v2.3.0@20299033c35f4300eb656e7e8e88cf52d1d6694e
- netresearch/jsonmapper v4.0.0@8bbc021a8edb2e4a7ea2f8ad4fa9ec9dce2fcb8d
- pocketmine/bedrock-data 1.5.0+bedrock-1.18.0@482c679aa5ed0b81c088c2b1ff0b8110a94c8a6c
- pocketmine/bedrock-protocol 7.0.0+bedrock-1.18.0@040a883a4abb8c9b93114d5278cb5fecc635da82
- pocketmine/binaryutils 0.2.2@f883e1cf9099ed6a757a10a2f75b3333eeb2cdf9
- pocketmine/callback-validator 1.0.3@64787469766bcaa7e5885242e85c23c25e8c55a2
- pocketmine/classloader 0.2.0@49ea303993efdfb39cd302e2156d50aa78209e78
- pocketmine/color 0.2.0@09be6ea6d76f2e33d6813c39d29c22c46c17e1d2
- pocketmine/errorhandler 0.3.0@ec742b209e8056bbe855069c4eff94c9734ea19b
- pocketmine/locale-data 2.0.20@a6e4eb22587e0014f6d658732cf633262723f8d3
- pocketmine/log 0.4.0@e6c912c0f9055c81d23108ec2d179b96f404c043
- pocketmine/log-pthreads 0.4.0@61f709e8cf36bcc24e4efe02acded680a1ce23cd
- pocketmine/math 0.4.0@6d64e2555bd2e95ed024574f75d1cefc135c89fc
- pocketmine/nbt 0.3.0@98c4a04b55a915e18f83d3b0c9beb24a71abcd31
- pocketmine/pocketmine-mp 4.0.0@468faa464b2bc5c97f23fafbb71ea61035f6f218
- pocketmine/raklib 0.14.2@e3a861187470e1facc6625040128f447ebbcbaec
- pocketmine/raklib-ipc 0.1.1@922a6444b0c6c7daaa5aa5a832107e1ec4738aed
- pocketmine/snooze 0.3.1@0ac8fc2a781c419a1f64ebca4d5835028f59e29b
- ramsey/collection 1.2.2@cccc74ee5e328031b15640b51056ee8d3bb66c0a
- ramsey/uuid 4.2.3@fc9bb7fb5388691fd7373cd44dcb4d63bbcf24df
- rhumsaa/uuid unknown@unknown
- symfony/polyfill-ctype v1.23.0@46cd95797e9df938fdd2b03693b5fca5e64b01ce
- symfony/polyfill-php80 v1.23.1@1100343ed1a92e3a38f9ae122fc0eb21602547be
- symfony/polyfill-php81 v1.23.0@e66119f3de95efc359483f810c4c3e6436279436
- webmozart/assert 1.10.0@6964c76c7804814a842473e0c8fd15bab0f18e25
- webmozart/path-util 2.3.0@d939f7edc24c9a1bb9c0dee5cb05d8e859490725

Loaded plugins:
Alerts 1.0.0 by hachkingtohach1 for API(s) 4.0.0
AntiInstaBreak 1.0.0 by PMMP Team for API(s) 4.0.0
AuctionHouse 2.0.0-BETA1 by Shock95x for API(s) 4.0.0
BuilderTools 1.3.0-beta2 by CzechPMDevs, VixikHD for API(s) 4.0.0
CraftingTable 1.0.0 by hachkingtohach1 for API(s) 4.0.0
DevTools 1.15.0 by PocketMine Team for API(s) 4.0.0
EconomyAPI 5.7.3-PM4 by onebone for API(s) 4.0.0
FCCore 1.0.1 by hachkingtohach1 for API(s) 4.0.0
FormAPI 1.4.0 by jojoe77777/DragonfireHD98 for API(s) 4.0.0
InvCrashFix 0.0.1 by Muqsit for API(s) 4.0.0
KeepInventory 1.0.0 by NhanAZ, KhoaGamingVN for API(s) 4.0.0
MaxEnchants 1.2.2 by Xenophilicy for API(s) 4.0.0
MultiWorld 1.7.0-beta3 by CzechPMDevs, VixikCZ, fuyutsuki, kaliiks for API(s) 4.0.0
MyItem 1.5.5 by hachkingtohach1 for API(s) 4.0.0
NPC 1.0.0 by hachkingtohach1 for API(s) 4.0.0
Netherite 2.0 by Wertzui123 for API(s) 4.0.0
PlayerStats 3.1.9_BETA by hachkingtohach1 for API(s) 4.0.0
PurePerms 1.4.4 by Vecnavium , 64FF00 & ProjectInfinity for API(s) 4.0.0
ShopGUI 1.0.0 by hachkingtohach1 for API(s) 4.0.0

----------------------REPORT THE DATA BELOW THIS LINE-----------------------

===BEGIN CRASH DUMP===
eNrtPGlz28aSf2WWfrWRakUINwFmnbIsybEqlsW15Dj1wqxrMBiQiECAwSGJTuW/b3fPAAQo+Ujs
reSD9Z4jYI6evo+ZgX4fJUW54vXbG1lWaZGPpu7BqE5XcjS1fNexAi+wQyOwfdu1DkbNWnX5oW9M
rCB0rNBynIkXHowyXtWnZVmUo+nvo3qzhlEj9X4wWsmq4gtsOeZZxuqCNXkskzSXMVvJelnEbF2I
a1mvoGk+lzcyr+fzdcY3spzPZ/T7eMnrU+yYTitZH/NcyCyT8d4+wE+aLHuWZrjAyXQ+f1bcHZc8
IRDNIs2r+fx8c1bL1XxelWI+X3KxvE7zRV3gk7XtVb+N9XKNQBVADeJQ9R0CgMOd+W2X+gUzM6Bi
NHUmDnCy5AKefx49Mtl6hZPxHxF4+Eou0qqWpYxf4O9clnsTb3/KPoLe+LsiR2bsFdGvUtR/gnOP
LNsOQhM59si6hw4N2fNtwOABkPeRHX8nQJhq1mehYvdQUcMP1eg9y3Gth9EhIAoD0oBHTg9ILuvb
orw+XIm1BGHlcQYgz/Lv+UrOOIJ6rtr2LHeyA36ILiyAjK7qEsTxs/cLM5YyW9N6rl4P8IiL8nAL
4zCScQlv43VZ1IUoMkLpSt7Vau09a+LvLKrxnc8RYVRPwm4+fwDl8XeqF+E9xPUdUC0O8/kWAWC9
6wceUeG9j2sv1cslGC44hT0n9D6M80MLtbh+Ap4fIvmRZYWBNSF8/U/F1ws+jO9wfIvpCa+5ltJn
8faAaZVxHdAZ+NlkBdgzLFIVPL3JDdIjw/Ycz/Vc03R813RdxyAaJ++jseTXWRodvuLXL9LoLAdj
TMC57Fmh/VdoPc1FEYP/bDH1EdM4RmyNHw6N58Z/GRfGgSEMeNw3TNvzPcuzTNN3LNOyEkMhG7zX
DBS243StKFFYXxWvK1leLUvJ43MVFF5JIVMIPnvuR8hQAMETDelHd6iYryHtpdC1kCWzOjF4Honh
f+Gfd2SIc8OYzw3jFF6BjmdEMlAJP9/c/V4bxn/jo/jReGyE6TMiM/yzMrGRmBZjIPkGlRt40aL/
AUb8CbN5D0se2Z7tOsrNm+8VUJUXxTtJJF1mUq5l2blF2/mLoviEOb+LrKiaUv6h/LZl/QUEg11V
UUPn8+E4wAc8MXD3ZVGnSSp4Dfpf6XX7UeeSBLQHCY/3iYArfH+d12m2FxdNlEnWz5ac0FWLOA8s
YjruziKqZ/xdnYrrmcK4KDWabg/CjOacw5w9x7TeA+TtWwFE1mUjOif2lFfyGPKz6kXBY3Co9gF7
QLcaIAYzJZ7mL4oFGNAjpzMgy/6FDTOrrss2d7u6pEtR4L2HAnuXDcpMNN3a0+9ZSGcpf2vSUnaB
GHzVesnL6eHhyfSwXbgHfHw+M3DAzpqY2O2PfvnjYCT/rkT183NKwF5Nf5vmN0V2I1ewFMCMgUGi
HrW90NLNRUePxEKYgeZ5jf9j8PMH9Dm+p9uoBR+o1YdWpn/+2P9WTaKeCY1XcwN6pseQHtdgC6lg
SZMLNDamU9UdzrB/Eef2f8eZE7O31L8UL9ljPWT83ULWOhvc/5aGW73habKXVsDlvX/Vy7Qaf7cC
So/Bp9YSSf9ZQyMgLyGv2Nv/ZX+fqVXtHhha+VpuYNn5yJiP1EJOx6wWl4E853MwMqmRcneh8XJR
ATh5t84Ap735CCAf9InSXn9vX0PwdiGkQAHy4VMpU2D8HTDAof8YsCil6fRf8xdgh+LGpKMVqFUD
YQ44jlRgUrTXTtDIBveHD+H+PB+dncxHvyABPVTPcqS/KDd7++odhp/l6FXbhrgVc/gJS5yfXh39
hUXOJVCklgnMbhnS6MDq3qvbtBbLPZIkUk6MCuweWgL8KukNqAwmdHPowzFOb0xPqZGleRvt9zBp
fEal93T6/cWLE4AxPt8wRJZdypq9XtPzeD4CTP/4Wkl+rSS/VpJfK8mvleTXSvJrJfm1kvxaSf4T
Ksm22KqwujoCcdb0lHM8I2kbDkbd0crIMkzDhBbeQC1ZVpjO7eRoCJSvU+xxaTC8y5yDXsSjKRYc
B6MY9CePcTL0VUVSn/QbVpyKv3upn8Km/Y0VJYgQBs4uLq/eXLx6cQJNtzKqIL3G6XW9roArtxxy
4GqZ1satlFG2MUSxOsR09Ag09gy0gz8Fx3Pdp3rY8RHqZ+fnM3Yl+epL0b1erdZA5AAJpYofI5mo
aqhsfV40lezT1G/uU2QjquOnUIZYQ7oul6AroXf3eWSNTsECi9XmaHY22pJYadjzOVd4LREvIHqI
5UeJfdqkGRjxVVFkfbUdNA/F5wCxERRP9pDY43dSLGfnJ/IGJ/yY3qXXz0++lEAFAl+vYgA+n0cK
txpxm893MP0khV6k9bKJSI17aB8OQAFvyA+A+Vwhwj3mDNv/IaY9QGrn9VP4AmwB9qaZKDdGtall
ZUDEPYx5tYwKXsZk78ClXUXpmoZssLx7Rt75zS9q6u3683kPE03s5dXRq6vXs4+pwBazww4GENsz
uy25vcY+wZ4xMZzx7Nwd0lzkMoJ/X4pWDQ6qVoUFwITStY/RR8392fFxUfZ1WTfsKrH19yixwqb9
/aXUFndYhmJsW4Zku7s6+2vxayEn+HN4UvJFkSeQNjw/CYMvxYDtApjxEE7dw6eI8yy/AUOvls/S
ux51/dY+heZ9wZ43vwG4L0XOiqBBZZLfCEQgSSE+qSzxU6j5AZLgbt+uR8+w/SP+9iWUO0f/hrYf
lgWH6h/U68eXX4pABXw+H2D0aZnFA45HowqUn/M7KKDhdZA79luHVNvGTvT9SebFeplmqdh8KVp7
IJHCDpXBy6eI9bzJ6vRNUWZxn7Zt45C0iU4vnI+mF8f/pls/m6aumusUnq95lqbX1f9L0rFCfG8R
X6C/j/vnJBw9QMgndVTT41F7dtPnj2d4f49vHm4bfynf/HJ23KMY3/4h+RSg8ucM+71V0ktZL2VJ
g7eEdm07lcSQ2DeQ5r5rUst2vhSdW4i0k6eQ+MsebAvtcEsRkKz2uy9rPvBn/dY+2Y5hGeFbLKD+
HlH38Bq8fLbkZ00pZ7JcDZjQte0mHzvJ449S5PwmbVbsgPnus2emyf6TzcoCd1rOIBPJ0/qL+fq3
agGgvsWu9/gpPh5K3fX3r/spVtvyDzFnjU738GX8F57D8xIIruVuldNuGhEFd7XMkQekCCoDHwWY
jWGUi8SK18t+i+AZUARz+23F6m1c1IDBoFXfXdg2NGXWf495PehP0gxw7bcsVuv+6xLI67+nUF/c
9Bt+rUiW3fsqUvtog7YCynOVclqUqlQ1R4Li/qC1GPLhlUwySbsX/daKOFoNm2Iwi37L5ezFYPlN
9VuW42L6iXVddXEt8/TdkAV3d5pqRBcz5A1fZeSPbXp9l65VVRtS8H2XpVF/OrzerYZcLxA92zQd
y7JDaJidXAxIj4u3hNpuIzSlQ4EVoNxVNRh4ma7WmfzpfEDzDgbwiocBO3Suslt00YPGdU3HBshh
V9vnbLmje8smv6YNXZuY5BBX0kWU5hwzdfDgtuEjJ+SNzOJID0JQYDvrutANtmJWDIJWaon8xlHb
fdu327V6/XhlJs2TYqC38T2RpwMtIVY6/aZSgnmgHS4apYst/H+DubGLmQBf0WM+WvdyrdfFFfGc
mmd9Z943dzRlXsntJfqOn7RjNZrapmMD26q34FVG04RnFbiz9txvNHUnHqyRon27fpBw7vpuZEfC
E+EksZ2EJ1E0sST3LdPxEj+xrQBgNxqVN2keF7cVe3nFTk4vf7i6mI2f/vjq+emlySzAghEOzApN
12Z77WDL3GdH5yc+hh688N7j1TtJBuR2arJcvy1QJm/OXr68QsXEl1tKG8A3rYtKlm9BuCUvU0l+
jsdLIKyUh+gxxjBGX1Ky0Cc8SYSdTPxwEiYmd13uJV4kbG5HvmnG5sS3E2nKSSAnyL4yFdeH2kma
Rmg4TwT3JrEVJKYdJIGbQAEd2ZYfiNgKLSsyYyltx3W4JA8IAgHvAzEZz/cjLq7HN1ApgGfE61/A
wOu8uM2f6N+obYuyqCp5CCTzKsfLIDc2qvMT27TD0HQcAfx3HdOUke/5ciIDGQQi8ezYin0/dHFV
8NOlrCQvxZLoX/H1muzuhpTiSRBFwrQtHsg4sqXLJ5LbScBjN+GhFGEspJ2IKIgHxtFdBgDcua4G
zP9qG4GvIL0nbmALfxJy7snYjAJLmICcHVlJgm+WyUNXBNwXD0PequNogojuQjddkweBw10eRYEI
oxA8nBt79iQQkZdIIXzHi3lg70AnR7G1ahsVAMBISyShGYYy9vnEm3DADrTCixz4gVTKFnESDiE9
KELMK5wnvjsJJi6olO9HggNHvSDwbNeWgSdsR9ieDITn8R3UBJ5kZYV2lYgasDCU3DGdMHRkEieR
E4rYMW1pW54feyaADmwzBO3cgVRkxRaGGUbSB2ONJ2Cp0nFiP7BAccLYDoVtC9cX1kRa8Q42dCdR
X19ovegTKSauHeGSgen5UQQEeaYfClcmCQgznDiu5FYYDUFlBaYRrargIYVtPuG+dIGvthdMpGla
buLHPjw7tkh8x7F9ewKOJoidXVALQsZFZHwRWrYwQW6eJwKgwLHMQApQ/gmog5+4pitM9z6EcS/Q
KFC+lUyQKJE4IDFhu4AbmL3NRQwKEZjcAitwxI4NdH6AQMS+K23P86LYliFqvO16E3AIXgyTE2E5
gGOY7Ch7HtUdc8NAuNx0I9CM0PIk+JTAiZ3IBN0GRoFhWjwC8VtDCNvHMaVPyqj/hNu+d7VBRSMX
DEM6PPAtC3R5Ykor4WBTvu2B4Vng7Fx3IsF1RFyKh6DgBYk2j3kS2jb3XdcFYnwxiTm4BPx/4NiW
CbonhTtxAi53+KvOqNs4/8TkIgBfDTpvCdcKuZUAx8G+wOgDx0P/64XSJuWDRLiSG7SDbR5He1VP
BPxMXCk96dgBJEURWJJrRp4F+iwl6FsU+b4w+RZI06Qq/IDnhVgRAg+TyHOCwA+tJJ44E9AL141F
5MY+zBaJ7cYJTl82q4rzdv59515tVkmRb0CC2QbSimzcptA3gKpDQhRx6E3CiQzB+zhBEsd2ZDp+
6ICDg7gjQbwmKNdDsCBi0GVCBct6Au7WhDgkY4uH4AQ4QAu5tGzw7RA8IGKZtudOovfCsnp4SR+U
IkycGPU8gRAUugHYqmUKVziAlAPGG8J/VRmzKt7xsj4E3wYlugq6qKF+6LtiAtoQmG5guTxwbVAC
aYKMY8uLeGQmVgAGNQCyBosbo/MmP4K4xKETJhMZg80KUIkoCgXGXE9EphdDNATcQnMCYKhC6nTL
2FCS+ojhdgMTuJ++aEq6R8EwxWNJUbJBTjXPH7GrJQRSVskaz7MqxkvJ6qVkRS4reOA1EzzPi5pF
kqW5yBpwHvDA1Pm/AQENAm8NOQnCuixWMDNBALswK57IA1bgLkaFIFmEx8ZsUzSlhsXShK2g9khS
WgFyG7xtnW0Q8Et524GDqjHhTVZX7LbIv6kZhn5eMqh6C3BeKYawDWKIF1oV3bdLmbNmvSh5DACM
eT7PW2DTec7YozdL2l7By+h4f5ThxXRVdgEPILupMKGOVTehqrw/A35msiZ+YSkrJFPBBVtWCBk4
LuQ445gSL+SUUVaKHdWyqSFHzMf6OvyUzUfqUgjDKzcyno8Is6MsK25ZllaILdNXIdhNytn/NLLc
4Jjf8GGsu6YMy3iaekqFvZ7DAC+G6SIDiQFTEFq0YZqVOF7tA4y77h6yj96AxYBGAF95HDPIvBT7
ka14DYatJMdbQpiBMmB6JBFpYI78reF0xX+R3sBYSCoayfb0osw29xG6WlGOS7mGunYMbMf7LFPo
prVfNqsIuAJadVRtcnHFq2uGV5VAjwwa8Bq4RardUorDlmWRFw1ID4ZXB4y2lpmqMNAeDhgm1aW6
ZEe8AXvEtlWT66tHCvgliRdoAi0ri7sUNEwCG4Ak0ty8Qw55qxE6S1BXcQzq5AFL62/wQ4eSpsWy
xrs8qDI7k9ke0NCA3djEFiJjrCmdEqhdXeWkHGWT5yjOGKvDYk1CoHKkMtiJvNHPbJUulmDMeHB0
0Dc+rTjIkbJs1rVqVQxDxqwAN00XCReMkmqNWBkEvynSGNB+GAPUEdQ5SPhT0C6jp2gweKwGdZo2
z1cSltsoo/w+KyLQHtyDYqod7GCV1mjbK7ngEe0Z0UVuwMMk5qYVnc/j9CuU2m1KnCeNAqO9HStA
rZJVRCEeO8IDo9vKCCYppWyXVEoO0mrQTNmiAEEVaKaoFbjQgtAcE2pTZiIVsDq5YJWR/eMpwE29
D+G/hGr+8/Cv6mJNKGj32aGkwVUM3Mcao2ncIYSrtlhZkHdqxMgJvCGr0PhV33wBDMkuCCX0GEw0
EHxyCD5M3knRkPMtFMrKIjFYdaPlnZAyrrYUKcd1cXU6ZVfPzy7Zi7Pzsyt2NJu9ODu9ZLPTV+zN
xasfTl8dMBjEri5g1Cl78/zixSmbvbo4Pr28NHZdwIAftudrdsxkmRYUkNERV0igWEpyycSNztla
wHtICWLyLTRkDK5QKjdLoI6LHOgEBw3ahPS+T9mUkt0uMbICT9AFqWEEWQEB17t15Coi0RoXGEMw
ztME4/5o1AW9Iw1iW0uB6YDiLKKr5KrmdjSAesl1tSXVMTWt1f7DKGnKHU35gpcRWMZ4m1mTA3qY
u2RqiI6exfQs8N0rnjeUfPQxgcSsAR3cP2hjwq4StmqowmsCRX6t6F1tTdBgF8rnK4WH7KFosrjD
JYUgcpuzLf6VArwm9IFQ3zQ1rbDaM3IW94IkqY6C0NGWlMWqDbZqth4x7qtmX8JIjZbkPd1gD6jU
QDsu24QRRVbCSqiGWpHjZrVW2ZVK4ZjuGGNHK68THKQnEO6EZksBvEGYB2PnDzAYgjYEPljhBpSs
qhqJjqFegtQWbbaJTgtX22J10ApS5Qg6qTQUNjj0vXxa8bsx7cVWLe7HfI2t6apZQYyF8Foi8Bq/
hUNBMv3VHmGx5Svai2YlWcx9HYNke60xogXHmAU3EHTdTmInhera1Wn1dWELXw1uTUjB0gP7lFHm
MKa93o62E0CFchVIH5F7gJ1KMBSUNX0RwNQcReGWOpim+anoaVfGwdtsFxmYYRmg4X4Y1If0cJ7r
u/BTHSIgNVsWmUoxIzyLpEycUIasCVRIBxnybary0b0qtESySzZVeHvUl1LbhW613NQI/ICNrZ4A
SXi08LhukdEhgLz2No+l8wFMIWNFOdYylOjjZGjUaBnsOeSC9AUoJnfsePb6AOYCDhHY120ag9pT
rqC8Zwd/TPCnzG/T7m1GXhF3emMNdhSDo1ryLDmEUlKVCbEEHdZLwaIM9wVRwXqGuA17PWD9UuT0
Dr0appg8Mxgi8XqWz9pke1sAYi2BSN1C2MSJzTpfj/X7TnVzrq2uSt/JTp6YlrdirDDg6ZQJ0nal
Hr3Q6oa2mrRvsJmek/FyQRO4rkS1LtCKSckXSALIBNhWrTPKWLC8XAHyaOy8RDkdZymMUvUyXquX
Vc3Or14TphWQhGRHTc2wPidRbpdTxYXR+ppV3Yxx1pSw7deHMqdDJLL1hOHGgMDLrR2ZUP8mSSoM
RlFqyTEJYOkKeFOj7EAa9NeNwE0dEC4gtBtCeomcAK9LjhhCNCd3XimRqlQCxtZaR5ESqfYHtKvT
1dTJBSVJJ2eXR08hP6J8qslJh9Bh48fjJZ1/qiQhRWXUn23H/XpjS+fW1mMZNYtpW7R9hx8hgSRU
yroEd0X9TJfoldpUQGvOq0IFb20RFgJTWCtox8sCini0wrZWk201Tl4ct41ZxW/aaAGPUHqrzxix
r1fGA2J0Mq+SNr0n82uR5mpDgDj1DfspKu7Q8kt2dsL2fnp9drIPcgezBxxg/C2IDQWTQrgH48Aa
row1f1T6AdZQbGWXg7X/9PRFC1/Xd72Wb2gxPByjxIHEq1MRoq1od4h0GL0D/MZ4MeFxkSS0LPSl
yWZ816TxViDEz/Fwc+aKdleUqak/pKV4QGO1XTWV3uUR9P02WbyeM1ZzpkyfnuIyKoRo96hXwRjI
80VXo+Q4LdsNxQftqJtU3o67AP3Qhphi7tGqaNB7JCrWaWcCLGtZi7EdvSNthYD48ZmCM0x+RaG6
N5kIz6UqvSOpgEUyQduv1vyWlAJ1VH8ai6qFzcOgr8jHhTrywQcyvouq/iALVpMQTx/C0nwYTV4C
pJjxVt0B2XYy/u6wcXZ2eKKsEGS+VRqrmIH0cJApKFzVRH0uLDCIwggZq9BJL11oo60mrRxcCJlJ
qhSUetOqWXoNS2CdTJ4o40D6oixu66XyY7AEZ0sFrefkwPqrWoVkQnaM3GhRG29Zo0g7O6l6dKGb
RskraEwdm3Zk6i2nNs2hOQMhAbwxs9kjQBNK5a0gt9tanSyN+8LUzuuWp1TNQjCBUk9p0bpYN1lr
NvoF4z2N0WHDsXFBKoOQSloJIy56LkgJdIGBLXojb6pTHdx3pOJaNatMQWsWILL10PHW6aFljvGL
152mzjEMm/U1gl5MB38wVvfHupFLkNtUoWLgF0xGWhDG4Oo2KywOwZRr3GcV1RZ1DFO6n237iQRy
c3yxKOVCbynq/Ue1zYJ/S+B6lz7CD3zNxckFfic31kFB5Qfovm6lqkA4GPktrVgR4lsCqM3obfpD
nO4436zxQpISzj2mgkBVv1YmyITw3gDFsl68Oca9ednfyzuA4LBecjALiZ69RBzavBQiRiJLqD3G
6BdzDIaqt41dKnLwwd6gvsLRC7YN5OCQ25BvbV2YBkhSVv3tGvekqujqi7VOV9sIoqMxAsXx9Ddn
KnUcgm4cF6RNTz2p3eA2tgvonv4KLec+HO91MFGSVBbQ20vSMAB8rfnZ7hotdaNycWVXSWjvgJvw
UKzFlAalSQcID8mbUp24oLdpt1KU5wV42ju18RZyMl7pOg1Sa443n/QbJkCAo5bVtBWa6gMdxT29
KfuZMhdIWg9ok+8XBEol2DZ490+CiAzMpEty8LiNopwXapWsH4yj5J+pfKyoYqDyG692A646Ceij
r9YlHNQjQEQzcE0VU7crTtmzF0dXqhFLDYk7a9/qGxkHXngHFOXywLmL07I+IKf7rc701FlLf9NC
GTEGOmCt3lPkjda6DIQlNkx96NuUrd9tK7WyO6UhpwJwIBwJOgWrWj6N2xMeUAGV1j96Rt6ElqLx
AyCUF+uWt72WMeWXvcSvULm/vAPfVukiV1xjmVRRQQfOLUqhQNmoRI7GIb0pfvuZqUihTEVRSfAh
Myo7d4zHr7tCxXPK2VbEx3RYSad1c8haHj0rU3YiBbNdZttTx5t6Jntz9pTZpm3hgPZE7bEEDwvv
q6KOHw+ONpk6TcNOtfgYbe8x/jFVf6fxxqdmB5t1sZCuoRGUHVpul2ktx3gCh6krLQb1lM7eHtsm
tiw47ibE8jG9qUO/rk3Pwv1bPOdp39c3a71CnGKBBRq9eWwTtFZBu3j3mGim3BhT7sfqS4lymy/L
uDcET9wfn5w+O3r94qpHE50T6iUpWqDp6vdBNvs4wKZexk5DRn/8H4itNQk=
===END CRASH DUMP===
