PocketMine-MP Crash Dump Wed Feb 23 20:44:12 WIB 2022

Error: Call to a member function loadChunk() on null
File: plugins/NPC/src/hachkingtohach1/NPC/Main
Line: 299
Type: Error

THIS CRASH WAS CAUSED BY A PLUGIN
BAD PLUGIN: NPC

Code:
[290] 			$world = $this->getServer()->getWorldManager()->getWorldByName($npc["WORLD"]);
[291] 			$location = new Location((float) $npc["X"], (float) $npc["Y"], (float) $npc["Z"], $world, $npc["YAW"], $npc["PITCH"]);
[292] 		    $tagDisable = $npc["TAG_DISABLE"];
[293] 			$name = $npc["NAME"];
[294] 			$scale = $npc["SCALE"];	
[295] 			$check = [];
[296]             foreach($this->registerId as $idEntity => [$ide, $entity]){			
[297]                 $check[$ide] = $entity;
[298] 			}			
[299] 			$world->loadChunk($vector->x >> 4 ,$vector->z >> 4);
[300] 			if(!isset($check[$id])){
[301] 			    $this->create($id, $vector, $skin, $world, $location, $tagDisable, $name, $scale);
[302] 			}
[303] 		}
[304] 	}
[305] 	
[306] 	public function getDamage(EntityDamageEvent $event){
[307] 		$entity = $event->getEntity();
[308] 		if($entity instanceof NPCEntity){
[309] 			$event->cancel();

Backtrace:
#0 plugins/NPC/src/hachkingtohach1/NPC/task/CreateEntity(22): hachkingtohach1\NPC\Main->registerEntities()
#1 pmsrc/src/scheduler/TaskHandler(117): hachkingtohach1\NPC\task\CreateEntity->onRun()
#2 pmsrc/src/scheduler/TaskScheduler(141): pocketmine\scheduler\TaskHandler->run()
#3 pmsrc/src/plugin/PluginManager(466): pocketmine\scheduler\TaskScheduler->mainThreadHeartbeat(integer 1)
#4 pmsrc/src/Server(1768): pocketmine\plugin\PluginManager->tickSchedulers(integer 1)
#5 pmsrc/src/Server(1657): pocketmine\Server->tick()
#6 pmsrc/src/Server(1046): pocketmine\Server->tickProcessor()
#7 pmsrc/src/PocketMine(304): pocketmine\Server->__construct(object BaseClassLoader#2, object pocketmine\utils\MainLogger#3, string[36] C:\Users\tranthien\Desktop\FoxCraft\, string[44] C:\Users\tranthien\Desktop\FoxCraft\plugins\)
#8 pmsrc/src/PocketMine(327): pocketmine\server()
#9 pmsrc(11): require(string[80] phar://C:/Users/tranthien/Desktop/FoxCraft/PocketMine-MP.phar/src/PocketMine.php)

PocketMine-MP version: 4.2.1 [Protocol 486]
Git commit: 6d6551253173a498128c750c38e719f19880ad49
uname -a: Windows NT tranthien4-8sin 10.0 build 17763 (Windows Server 2016) AMD64
PHP Version: 8.0.13
Zend version: 4.0.13
OS: WINNT, win
Composer libraries: 
- adhocore/json-comment 1.1.2@fc2f76979f0a44a5f5bc2a2b600d0762fe0e78e7
- brick/math 0.9.3@ca57d18f028f84f777b2168cd1911b0dee2343ae
- daverandom/callback-validator unknown@unknown
- fgrosse/phpasn1 v2.4.0@eef488991d53e58e60c9554b09b1201ca5ba9296
- netresearch/jsonmapper v4.0.0@8bbc021a8edb2e4a7ea2f8ad4fa9ec9dce2fcb8d
- pocketmine/bedrock-data 1.6.0+bedrock-1.18.10@e98c511584a7bd58a95986374d2df4b04c6a2ba0
- pocketmine/bedrock-protocol 8.0.0+bedrock-1.18.10@017e57c8f8a74118bcbba7332e7ebac9e6c81693
- pocketmine/binaryutils 0.2.4@5ac7eea91afbad8dc498f5ce34ce6297d5e6ea9a
- pocketmine/callback-validator 1.0.3@64787469766bcaa7e5885242e85c23c25e8c55a2
- pocketmine/classloader 0.2.0@49ea303993efdfb39cd302e2156d50aa78209e78
- pocketmine/color 0.2.0@09be6ea6d76f2e33d6813c39d29c22c46c17e1d2
- pocketmine/errorhandler 0.6.0@dae214a04348b911e8219ebf125ff1c5589cc878
- pocketmine/locale-data 2.4.3@4d0b081f1a79407e087968ea76aaf330db6ea2b5
- pocketmine/log 0.4.0@e6c912c0f9055c81d23108ec2d179b96f404c043
- pocketmine/log-pthreads 0.4.0@61f709e8cf36bcc24e4efe02acded680a1ce23cd
- pocketmine/math 0.4.2@aacc3759a508a69dfa5bc4dfa770ab733c5c94bf
- pocketmine/nbt 0.3.2@3e0d9ef6b6c5fb45e3745a121296e75631b3eefe
- pocketmine/pocketmine-mp 4.2.1@6d6551253173a498128c750c38e719f19880ad49
- pocketmine/raklib 0.14.3@4798576fec0364266dce23b368a7fec5e5de7927
- pocketmine/raklib-ipc 0.1.1@922a6444b0c6c7daaa5aa5a832107e1ec4738aed
- pocketmine/snooze 0.3.1@0ac8fc2a781c419a1f64ebca4d5835028f59e29b
- ramsey/collection 1.2.2@cccc74ee5e328031b15640b51056ee8d3bb66c0a
- ramsey/uuid 4.2.3@fc9bb7fb5388691fd7373cd44dcb4d63bbcf24df
- rhumsaa/uuid unknown@unknown
- symfony/polyfill-ctype v1.24.0@30885182c981ab175d4d034db0f6f469898070ab
- symfony/polyfill-php80 v1.24.0@57b712b08eddb97c762a8caa32c84e037892d2e9
- symfony/polyfill-php81 v1.24.0@5de4ba2d41b15f9bd0e19b2ab9674135813ec98f
- webmozart/assert 1.10.0@6964c76c7804814a842473e0c8fd15bab0f18e25
- webmozart/path-util 2.3.0@d939f7edc24c9a1bb9c0dee5cb05d8e859490725

Loaded plugins:
Alerts 1.0.0 by hachkingtohach1 for API(s) 4.0.0
AlwaysSpawn 2.2.5 by Philip Shilling for API(s) 4.0.0
AuctionHouse 2.0.0-BETA1 by Shock95x for API(s) 4.0.0
BlockGenerator 0.1.0_beta by BlockHorizons, Chris-Prime for API(s) 4.0.0, 3.0.0
BuilderTools 1.3.0-beta2 by CzechPMDevs, VixikHD for API(s) 4.0.0
CraftingTable 1.0.0 by hachkingtohach1 for API(s) 4.0.0
CropGrowth 2.0.1 by NhanAZ, kaidoMC, YTBJero for API(s) 4.0.0
CustomItemLoader 2.3.1 by alvin0319 for API(s) 4.0.0
DEVirion 1.2.5-ALPHA12 by poggit, SOFe for API(s) 4.0.0
DevTools 1.15.0 by PocketMine Team for API(s) 4.0.0
Dungeon 1.0.3 by hachkingtohach1 for API(s) 4.0.0
EconomyAPI 5.7.3-PM4 by onebone for API(s) 4.0.0
EconomyJob 2.0.6 by onebone for API(s) 4.0.0
EconomyLand 2.1.3 by onebone for API(s) 4.0.0
EnchantedUI 1.0 by ItsRealNise for API(s) 4.0.0
FCCore 1.10.1 by hachkingtohach1 for API(s) 4.0.0
FishingRod 1.0.1 by hachkingtohach1 for API(s) 4.0.0
FormAPI 1.4.0 by jojoe77777/DragonfireHD98 for API(s) 4.0.0
Gems 5.7.3-PM4 by onebone for API(s) 4.0.0
HealAndFeed 2.1.0 by Kylan1940 for API(s) 4.0.0
HealthTag 2.1.2 by Shelly7w7 for API(s) 4.0.0
InvCrashFix 0.0.1 by Muqsit for API(s) 4.0.0
InvSee 2.0.1 by BlockHorizons for API(s) 4.0.0
KeepInventory 1.0.0 by NhanAZ, KhoaGamingVN for API(s) 4.0.0
LaunchableTNT 1.0.1 by Vecnavium for API(s) 4.0.0
MaxEnchants 1.2.4 by Xenophilicy for API(s) 4.0.0
MultiWorld 1.7.0-beta3 by CzechPMDevs, VixikCZ, fuyutsuki, kaliiks for API(s) 4.0.0
MyItem 1.7 by hachkingtohach1 for API(s) 4.0.0
NPC 1.0.0 by hachkingtohach1 for API(s) 4.0.0
Napthe 0.0.2 by hachkingtohach1,tungstenvn for API(s) 4.0.0
Parties 2.0.1 by Didah (@Diduhless) for API(s) 4.0.0
PlayerStats 3.1.9_BETA by hachkingtohach1 for API(s) 4.0.0
PureChat 2.0.0 by Vecnavium, 64FF00 for API(s) 4.0.0
PureEntities 2.0.0 by LeinneSW for API(s) 4.0.0
PurePerms 1.4.5 by Vecnavium , 64FF00 & ProjectInfinity for API(s) 4.0.0
RedstoneCircuit 3.0.1 by tedo0627 for API(s) 4.0.0
Rewards 5.0 by Wertzui123 for API(s) 4.0.0
ScoreBoard 1.0 by hachkingtohach1 for API(s) 4.0.0
ShopGUI 1.0.0 by hachkingtohach1 for API(s) 4.0.0
SimpleHome 1.1.0 by CzechPMDevs, VixikCZ for API(s) 4.0.0
SizeUI 1.0 by fernanACM for API(s) 4.0.0
Spyglass 1.0.1 by ItsRealNise for API(s) 4.0.0
StackStorage 1.3.0 by Ree-jp for API(s) 4.0.0
VanillaEnchant 1.0.0 by hachkingtohach1 for API(s) 4.0.0
VanillaHopper 2.0.1 by ColinHDev for API(s) 4.0.0
VanillaX 3.0.0 by CLADevs for API(s) 4.0.0
VoteReward 1.1.0 by  for API(s) 4.0.0
WorldProtect 2.3.11 by aliuly for API(s) 4.0.0
_NewAlias 1.4.0 by Javier Leon9966 for API(s) 4.0.0
libEasyUI 1.0.2 by GiantQuartz for API(s) 4.0.0

----------------------REPORT THE DATA BELOW THIS LINE-----------------------

===BEGIN CRASH DUMP===
eNrtPGtX3Eayf6UX59zAucyg90jssY8x4JhdsFmDY99kcjgtqTWjoJEUPYDxnvz3W1XdeoJtEk82
+bBO7JFK3dX1rupWq/+9FWXFildXN6Io4yzd2rd2t6p4Jbb2dceyHcN0bWPqaaZtGrtbdS4fmVNj
Zni665me7WmWDX0SXlbHRZEVW/v/3qrWObTakve7WytRlnyBkEOeJKzKGGcrsfJFwaI6DSoYlyUZ
Dw+XdXq9vcPgNq2TBHpG8PMyTqjr/nz+rgQq5/Oq4Gm1jEU6nx+J8rrK8vn8ZXZ3WPComs/zpF7E
KTR7fX44n5dFMJ8vebC8jtNFleGVrh6d8Tid5sscx5FjqK578HgPOu6N+hEce0GPJE6hh+F5IK6C
B3D949YTjT0GQ8XL673DQvBKHKdVXK23DWNnn32ayMmzQizishIFtY9Fub0DJDzRWb7CQehvsBRh
nYhi7xLQv+JpCNfbuj77JGYkYz7v0zF5lqVv61QiNz6J/KK529YtHdDnWXAtqhUIBMTdPJvPe3QA
Aw1as4dWCmvvnH7OeAo2UmxbjvN5nO3wk2crEM7lEjgIXwleVD6wsh2nlQA8TKfhrN5wF6K4QaJn
jjsaQRIynw8omTyr4qAbrRxhth/A7NizEWb5RKKSAnAe6KdZzmf6nRdZAB6UFRLBrIfgnLqcQZdt
U7M+gePqKsjSsirqoNrO/J9FULEXvBSH4LLlKbidKJ4Yu0w96SOoqzgppQmeZgtg/Ym5ywARmNKP
pvMTe7RLtr0s6zf0ah2Z2HY/wbYxFnkphUqdPNkJ/AAaFeKXOi7EtqLF1X5i+ZIX+3t7h/t7RNFe
S9CeomevIac35uTsfIodR6RgKNnZ+unX3S2x+Tj4++MT0CO7XcXpTZbciJVIK8AVgiiCaqt5ChDo
DbdBFgqk3fA0gM0r/O+b26xIQvaUfQPCKSfPFqJSprtDN+/xcePAPdCL9Wu+EtvfpHnw43zr/Zu3
p0fzrZ92/g7DQPro0CdZwIn7pywVt+xU3W5vRyCOaocpBB+g8y4bAf/vIeAPBJRk77YtD95LsLw9
P7k8fNWRYyhyGPz5puKLo7jkfiKQadn+8uC7q6OTi4MXp8fQS3YyOx5S4LRr/PrgrGtlda3KgPdx
XhweSGzzilraXUuIO8E1tPxRIXHgEev9gbwtQOnbSiVNhjgJGS/ZN3EoQzp7+oz9CHcC2BYE+Wnn
33IEwjobYSXuaWjq9ROSKvtJKtyWwF97WLyRpUyedWb8zQ2YWQZh6I49e8YsttsCPhKAxG9qnbHF
0fbf4rIU1XZHyE87O/+mZp3RSD0R7wHlsG1oB1xK7HBRgmf0bKCxsd2+dtEYQG/YGhWjaDE6Jum+
0bK8k9qU11JfdOnQZV77SRx07gyecMRX4BfbUh/y5vgGZAqCxR/F2EyNoaRNcsfH5EyqTFDkNToA
QTWtIShUPA1EFjHwYtlcIe7pRiEMsGWC2H79b/Hy3+Llv8XLf4uXpnhpqoESK4ADMJyKrjBGQhhR
gN2tdrK4pU+1qQYQXlfLrCgxkIwcFpHyPMYnFjWGe5Fi8A239kGvYncrFLlIQ+wMz8osqo76APQT
GOleHJDUNL9Y8oA5QMPzNxeXVGoA6Fb4ZVwh7cuqykuQ1i2vgmW5jKvprRB+sp4G2WoPA+FBcsvX
5UXOb9MByx20z7cxNab2kO/zZZzEObuAHyi+FpviOye0pcI6n3OiqESK5nPpAR3vF5cHby/fnQ84
J+ZqSkevsroUfe764CF7QPHkxfHlgT5k8mIJJuPZd1/H3dYxOHW2Wh+cn2x1nJYKN/Ao6VoiXaDg
IZWfVTMy+wJS/fV3IhUFr2QdrtgdPegzrE3Bkq98UfEhv9TlVVbEHyEKwaPDZQEVx3mByyBjEUC2
/RpFD4aaz4fE3lf1Z/iv4wSaXmZZ0vfeAXjow0D3BHk3hswffhTB8vzsSNxgh+/ju/j61dGm7DpA
5PkqBOTzuS9pq5A2YH1I6aP8ehFXy9onb+6RvTdABbKhcAh+dIkE94QzhP9FItyAqNHtY+QCYgHx
xklQrKfluhLlNBXVXsjLpZ/xItyTAsny74rstloOpNECx1FhFA9eL3l68APArnkcZmc4gfy/yxf/
EEW2KanIEZD7hiaZ1H+HYShikeu6rLLVSSVWyq16vI8fDSVgjiXAk5s41Uzd2xTDLULgeUTLfchj
4sHR8fdxQfS3TLagoaVDTpscnJ6/OtBHkSCHCirGec7Fm5diY5mNkM7nN0TKfI62Kq965H0hsYGT
j+NcCxrypttjN+6qH3Yp+GpTbDXjY1l4M4phD7HxgKF2lO21OJDZOl2IoR4VZBywzD8nYCly2otN
BaleudDx3gP22bens6k5OT+zhiLIUuHD302xrtDN50JSATjn8wFFX3RL1fofmX+fKQSOI6/z9QyN
6q7HMvdz5rfMScoey9wpTKHvc0fQIXv62GT/g+wlQE7Ln6LtywymAWSTSoTvBjbZg458csjeSVW+
FTx5HZcbM8keSuCmI+Rx6RJ5enl4mBX9qkgBRoH0XhHwnwovkpzmd1PB5WUMk6t08TbrW2oPOI6t
fxbzLUX9640JIStWw/DaQIbsW2ND/jn7ORMz/LN3VPBFlkZxIV4dee6mBNENgMsrRFN78Rij/k6s
+tUB3f6J+QLHl/8+hvhX4NAHafhSiL5x9qHjMDpSzz8xuumepW2KkRbhfN4j4/ExBjtVy0u+GPEj
YWNujPHqg0iS9ex2tiluygah5IaIeDwvJ+kNzMnK5cv4rsdNHzpcYrgXO87qXwDdpphZEbb5PE5v
AiQgiu9+y7IB0H0hxJARBHxhBjhcIdkQK6O1EEnJb2Hmn0Lk0EukVVasezwN4V+Y57eT238uM/4d
X0HI/f71pue1A4o2MLU95TXmfqDn8vVlj/Mh/AtJ7XsRpPwmrjc2KWoRghL7hIxuH6PaM36nqpt+
XO9Dx5PaUWj/INKMVlWD9abY66FEFbakDG4exVydVDG9O+/z1gGHrM3Uup35xXW7wx9oN9W6rsr6
Oqb1miSOr8s/ZDVvhfTSe1fgv0/716zk9RChnNa4BtKXkQSM5PPnlGqSluZ3UyUabs/o+JWbNf4S
y5Ttq96vfgfzmufVsp+CFGCcRo3PMrpb1emirER6k/5xPBNhze9jPPucF/jyu8dcA/lCgj2KQ75k
28/ht14moix3NsVV2GCcz3NJy3zeEfVbnbWlj7hN+FoUFxUfBOk+tM+1CaWed4Wvm/4cC+7RNbj5
aoM+rwtxuORVXwYN6N77tk+l4N0tx3r5UvttJTyNcy6KVXl/KWTrJac3auV5kQH2DxB5sro8P540
8N5LuSs5NohF0d1dPcrqoW2z72MkhBb8BUGcijhNxcX7TWk/IXxg8kCDUDRIpnoU/bb12obEvQEW
xb5UwpB3CRtPre1PWADbZVIL7H8YqAy3OpzAPDuNq40VMAM1E3W9y8co+q0IywpmuIdxEdRx3+DH
T4aOfy/cVSLMNMfY2BSvwTefF4qQQBIyn9+n7BFs3kI+LgfsSchwTWFkw+9FUX2sY90wN8VWhxH5
IBJ+9+Shw7WnUFHwugiyQrzA+qPHbg/42QXO/1To7ujpX3914L5YZvl3g6XdBvIXKboUOe3FpqrM
i3iVJ+JVtuqXYT3gaC14zP7DU48/YpJREk1LoAlk0KfvayYZFyueJOdqG2QPKwnmoxgahAR81gsi
UaQwMT8825QIWoTINI4vf38H2x1pyFy+XuCOuj57DegLSwV/9JuMho7HL8tB6RZcX1RZQXvtO4b6
4Hv7X4ZMvRVi8nO+KX6gzrj6OQeTRQpKSQEw1qNHmtzv0KIkdIKbBwPa6aewEpMgi+95GicJV0sQ
PWmMHvxFotqQqvH9pmKcwvoqy/PB1o8h/AvTssMsidNXEDU2JYwWYcu2JGR0+3siXEtqx/yH+3x/
uFeajYP76QEF9k0xLNG1/H3orh7j5t9nlZDlSp+VDvj5TLUx1454QvvzbmDkx8coWsiCWr7Cb3A6
8gfgexuP7u08iutkvbltR4htPqd1u1ySMObnkdOhszouolgk4V63tXnSfFxQQTTcW3H8IGBvwC5I
5eq1uD1IYt7PQx3sC28i/wFzJVGwU5Glnuc4m5KLRNtgxe3GQIv6+R2+OES3J9H8it9r+ce8XA8q
jA42Ds+jBbDvYoiO/6o5lPGbYlsOPJ+3BHzBpPEzM14A3aDX0e6qZss5kXJXibSkNQbgU2432HIx
uuIath+sOG5E7CD4VU4aQt8+LFtdhVkFcX0AVR/bdYC6SPr3Ia8Gz6M4qcQA8WKV92+XkDT693GQ
pTd9wM8lKaS9X/lyd/4AlhVVu8MY1YYf6oQUtLpGeTCUw1sRJYKWYvrQkiRaDkEhrhD1IBfnp4Ph
1+UvCe7Baa5Y+6jKrkUKteNABHd3imskF+PNmq8Std8dbz/GuQynHq1WfAQT7XeH27vVUOoZkmdo
mqnrhgeA86M3A9bD7IpIGwMBFA8VloGVluWgoSzRP5wNeB5RALf4kc2Iz1VyW8Qj/ecVfY6DEm52
dJ8vR7aH37TRpyUGCUluB40XfpxyfNEIadOgnVqJuIEA6KtGiAoqkrzKFMCQwgpB0dIsNZWhuoh5
1Y3Ve45fgsZplA3sNryn8nhgJSRKsw8qBLgH+uGilrbY4P8B3I29OQ+gHusJH717matxcUTal570
V7X67o6uzEvRHSoA8pT2Qxu9t/YNDc8MiMsrqNW29iGFlhCXMOlkQQZYLdeBMXAVacsJHdvWDdvU
Zya3PFc33GBma4HpipnuRbrnuhoPLbSsukmicRpmtyV7fcnaT2KsiVvGKdNBq4xoYPps5phsu2ks
vzdihqY7O+zg7MjBl4Z4OEBPaB8FeZLV2ssyv8pQOe9PXtO7S7q5pYwJQSrPSlFcgZYLXqjlTx4u
M1yk2MPQMYE26mNcrE+M51FgRDPHm3mRxi2L25HtBwY3fEfTQm3mGJHQxAz4RjkWcXC9p6KlNvWm
5vOA27NQdyPNcCPXimazmW/ojhuEuqfrvhYKYZiWyQWFQuAVwhDkIwiwiQ9ThskNFACh/GACJHmd
Zrfpc/WLZrcosrIUe8AyL1P8CvPGwBT8XIjIcl3P00PbFLYrHC3wbNvyNc/XQZhAlM89/Hp1dwsC
diFKwYtgSfyvuKy/t27I2567vh9ohs5dEfqGsPhMcCNyQbkR90TghYEwosB3w4GX7PkiLOBuArRz
kqQz1f63AYJc3akOVHpuYOu67QJWP7Rd7tme65gzKzTCCIi1AgfkzLWHUXeGSbZwH72mz4Q9C0Du
fGbpuusHvs9npmmImQDhesIJXN3xzBF6ihmdg4NAn9s8mAnBPZ1HPg/dMACTj+xAmFYgHMObhbZw
4DEfYnpQibQP+LljzdyZBUblOH7AQaa269qGZQjXDgwzMGwBkrHpy48+QpxxJ2prPJGmPbc8wU3N
9DxTRGHkm14QmpohDN12QlsD1K6heWCfI0xZknU4wCqQfiecOZEhTDN0XN0MTC80vMAwAssJQJJ6
OKKGvqdfyq8xCRWo+HnIYWiLa5ZpuT5YuHAN3RN+BLEiinTgyfWCwB2Tg18BJ6IxFjRh87kVar7m
6pHOZ56lzYTmzjzHFXzmcB6Zphb6QLLh22NMC6KFnMAJPN0ItMjTbBtUHRqmrrkiMEJ95vmeE1lg
YUDpPQyTXsqRqBw9moEY3SAyQWGBYQlLgN8bPAgFSEvjOriBGYycoA0EEGefcx4E5sz2uK253PHC
CHwwsOBnNtO4D2YZ2IFn+dEQRepXTW56bgot9ETk+E5gR75lC/AUm+sGZHBHzGzH1H0THF8MMfSK
fSqkKOY//w0BvIer4NeytIBQSzqaea4NRiMCzXQsw3EwGpi+6YDHAdAWdihmnjF7CMskzoOmonnu
GQZ3LAt8PnCCWcg5t/F/1zR0UL0uAmtmulyM5FumWfZRNBn/ucbB1yE0z1w9sHSP65FjCXAvC0KL
aWMAtj1heLhTGkriUqzRDbqKDvekGM8D+DOzhADpGi6URz44kqX5tq7ZjhBuaPq+4wQa75DUdRwq
uZqQLDzfn0W+bbqu4+lRODNnYBeWFQa+FTrQO4gM0Dp2X9arkvOm//3oXq5XUZauQYPJGgqMZNIU
0zdAKlqlqUHU0F0jAP1xX5/ZITiNaYW+FoFxO57ruRoa10O4IGW4Wg+XPfNnugEeJ8LQ92YBJDbu
QmgyjcC1hGbOXM8IDeF9CpfexxUKy+dGaKH0Is8PNaF7vsHB5yAQmzZEF8gcbiQnK6vsI0yR9iC0
iaJq9jKDy3mOBVQEM1ezXAgprmWAEQgNdBzqkL6ASd0Vhj1AkoPHTTB2q8k5BCTP9KKZCMFnAzAJ
3/cCTLp24Gt26EK89SxPmwEamiu1tjVdU7n6hOFUmwW4gXZRF/I4DCz28KAHNqiu5ukTdrmETMpK
UeEHYSXjhWDVUrAsFSVc8IoFPE2zivmCxWmQ1BA84ILJz4unkNAg89KLT8B1ka2gZ4QIxjhLHold
lsGTokSUzIdodc3WWV0oXCyO2ApmITDfxxGguMFjRZI1IoaZe4tuD0pdXidVyW6z9NuKYe7nBYNJ
bAbBK8YMhscYMDzRQfJ9uxQpq/NFwUNAMJ2n87RBtj9PGXvyfimQMDxHpcSqFc9UkROwkgq/Ekvr
UD4mUmXwZyDPRFQkL1wqDASTuQUhK8QMEg/EJOFYHC/EPqP6FB+Uy7qCajGdqJNc9tl8SxWO81rT
dR3+1YTJrpfzWhdhFLdguPPSBUvwiuvx3+ZbxMJBkmS3LIlLZKs5f4HdxJz9qxbFGtv8ghfN6sk+
wyk8dT2mSb3qw4ABhoUlA9WC9BCbv2ZK5thergFM2sc9rp68B9cC0wEF8DBkUKNJPaH88RN+thK8
rAs6OIaBdnyBRIMUxS81p2NsFvENtIXioxZsWw0KpfQOYpcjikkhcpgKT0A/+DH+PjymsV/XdP4N
mN9BuU4DPCMBLKS4BoObUoN3JegQfaDhFJstiyzNalAzNC93mTyeRk5K5BkfWH4DIzj7INmA4yJs
VaexPAZEIr8gOwCewByL7C4GUxQgBmCJTDxtiUPZKoJOIjRqOr0HjHeXxdW3eJhPQd1CgWtZZFuj
zmwbeKjBwQwSC7ExUZzuE6qxUXMyjqJOU1RniBPKLCcl0AymnLIjcaOu2SpeLMHrcd/vbt9LleGg
RIqizisJlQJDwayANsUXKRe8l2YlofQcfpPFIZD9MAVoI2hzMDWIwbqmPUODxhPZqLW0eboSMNxa
eu93SeaD9eD6E5Nw8INVXGEQWIkF92nxnl1IUWskXHloC3W/RK3dxiR5sijw7tuJRNQYWUkc4gcJ
cMHo9BNEExVCNENKIwdt1ejPbJGBojL0Z7QKHGhBZE6ItH2mIRcwOsVqWbr95TnABb3P0b/kRfh1
9JdVlhMJKs62JCl0JYPwkWPaDVuCcNSGKl0zLEUYBYH35BWKvvLbDVBIfkEkYcRgQQ1ZKoUsxcSd
CGoKvpkkWXokZrW2tbgLhAjLjiMZuN5cHu+zy1cnF+z05Ozkkh2cn5+eHF+w8+O37P2bt/88frvL
oBG7fAOtjtn7V29Oj9n52zeHxxcX03EIGMjDsB0ljnNRxBllbgzEJTIoz4VS0miDrQ6yh9ohpNhC
TSYQCoUMs4TqMEuBTwjQYE3I76eMTRrZ7RJTMJ1HdqsGI8wSCYTeLpDLjERjvMEcggUBdZjeb422
oFajQW25CLBukJJFcqVeZd+WBzAvkZcdq6ameC13HiZJcW4qzhe88MEzJl0JTgHoYemSqyE5qhdT
vSB2r3haU5XSpwQquBpscGe3yQljI2zMUKbXCOYqleR31bnglL2RMV8aPJQZWZ2ELS0xJJHblHX0
lxJxTuQDo46mKV5htJcULO4lSTIdiaHlLSqyVZNsZW/VYtI3zb6GkRulyXu2wR4wqYF1XDSVJaqs
yOg8k8aQw3qVyzJM1npMPZjgg0ZfR9hIdSDaicyGAzz37FaAs/MHBAxJGxIfjHADRlaWtcDAUC1B
a4umLMWghaN1VO02ipQ1gqo+p5IabPpJOa343YSWb8uG9kOeIzRe1SvIsZBeC0ROh3ahIiFP465T
SUUnV/QXJUrymPs2BlV5riiiASdYLteQdK1WY0eZfDS2aayNMOpJ/LJx40ISl2rY50ye70bLwy1v
eJga1SpQPqL0gDpZYEgsOcfJC5N9JIcdd9BNyVPy04yMjbtqFwWY4HxB4f08qs/Z4TxNRYUK21cp
AkqzZZbIEtPH7WBUiRPJUDWBCakkQ7FNTpHUU5lafNEWmzK9PelrqXmEYbVYV4h8l030ngJJeTTw
pGqIUSmAonZXx9IrBSwhQ8k5Tnqo0MfOAFRkTdkrqAXBlp5ScccOz9/tMtyXDQ3T8DYOweypVpDR
s8U/Ifz7zGnK7q4iL0k6vbZTdhBCoFryJNqDOaecJoQCbFgNBYPSUZZoYD1H7NJeD1l/KnJ8h1EN
S0yeTBkS8e48PW+K7W6miHMJJArf9GPHOk/zibofzW7OlNeV8UfR6hPL8kaNJSY8VTJB2S7No5da
Lc+QnXam7Fz1SXixoA5cTVmVLdCIUcEXyALoBMRW5glVLDgPxe1l6Oy8QD0dJjG0khNrPN9LlBU7
u3xHlJbAErLt1xXDiTypshtOTi6mTaxZVfUEe+0Ttf35oUjpvRP5esTOmn1CLZswUY6iOJgyylJL
jkUAi1cgmwp1B9qgA6IhTO0SLaC0GyJ6iZKAqEuBGFI0p3BeSpXKUgLaVspGkRMhFxJUqFOzqaM3
VCSpgzVlPVWnZEMYsGuMlPTKVBYJMRqjOsg07M83Oj47Xw+FXy/2m0nbM6bjZE2VrEsIV/Scqbl8
KVcf0JvTMpPJW3mEjsgk1RLb4TLLSlqhaOZqopmNUxTH5WVW8psmW8AlboDAZ7T03JvGA2H0Vl4W
bWrx5ucsTuWCAEnqW/bBz+7Q8wt2csS2P7w7OdoBvYPbAw3Q/hbUhorBbfzgHDiHK0IlH1l+gDdk
ne5S8PYPL04b/Gp+14N8S4Ph+zQqHEi9qhQh3rJmKUml0Tugb4IbEp5mUUTDwrM4Wk/u6jjsFELy
nAxXcS5pGUa6mjyLXMqAIr3yq7pUy0HypE/yeNVnIvvsM/XCFYeRKUSFRzUK5kCeLto5SordknEq
3m1a3cTidtIm6IdWzqRwD1ZZjdEjkrlOBRMQWSNazO0YHWkpBNSP15ScofNbStW9zsR4KuTU2xcS
mS/wqFdGJ76RKy0bOyPTQvAw6Uv2caCWfYiBjI9JzeXRjDAaHiT7EJXaw2TyAjCFjDfmDsQ2nfG3
pcYcrfD4+FUv+lkZhzJnID8cdAoGV9Z+XwoLTKLQQoQyddJNm9poqUkZBw8CkQiaKUjzplGT+BqG
wHkyRaKEA+sLOj5KxjEYgrOlxNYLcuD9ZSVTMhE7QWk0pE060UjWTo7KHl8YplHzEhuTL1hbNtWS
U1PmUJ+BkgDfhBnsCZCJ211bRXbLWq0up/eVqYLXLY9pNgvJBKZ60oryLK+Txm3UDeZ7aqPShmng
gDQNQi5pJMy4GLmgJFATDISohbx9VerguiNNriVYVgrKsvC8wjZCh13QQ8+c4DnTI1AbGIZgtfOg
l9MhHkzk3qq25RL0ti9JmearVT6NM6IYQt16hZNDcOUK11mDsiMd05R6zrrnxAKFOb5YFGKhlhTV
+qNcZsFjc6/H/BF9EGveHL3BAzsnKinI+gDD162QMxBOx1zjiCUR3jFAsGnv7QDk6VbydY57mKRy
7gkVFCqfK2OCSgh3GFAu6+WbQ1zEF/21vF1IDvmSg1sIjOwF0tDUpZAxIlHA3GOCcTHFZCifNrlL
Zg4+WBtUuz56ybaGGhxqG4qtTQhTCEnL8nkzxj2tSr76aq3iVZdBVDZGpNgerR4TBmoRwzgOSIue
qlOzwD3tBlBP+iM0kvt8vlfJRGpSekBvLUnhAPSVkmezarRUQBniinYmoaIDLsLDZC2kMiiOWkT4
Mr0u5KsZjDbNUoqMvIBPRacm33LcXajmaVBac9wspe6wAAIala72G6XJZ2CjuKa3z36kygWK1l1a
5PsJkcrE3Cbv/isjYgMr6YICPC6jNAdY0vrIQ3mU4jNNH0uaMdD0G7/1zhOhioA++XJcgktDf1IK
dANLs+RtOyLwJHcTXyFF8nN0aoHzDoHLbH9X+zh2be+OPgTbNe/CuKh2KQL/XZV98sVLfwVDejRm
PZCzWmDktTLBBDQXrJk8srgumiDcTNuK9pUNRRjAA7kpoHdnZSO0SfO6B+xB1vhPXlJooaGo/QAJ
FckKctWDTKjY7FWBmZwIiDsIdKWa8QbX9MUXze4g0vlxggeKU1VH7ZBfOl48kWlD+o3kkvBDmVS0
sRlf2o41jG83zzt9H9IrTnrHN4cS5snLImZHImCGxQxj37T3bY29P3nBDM3QsUHzHu6pgHAL96us
Cp9e1MVNDFUAAuSAE3S+p7qnQyobAm8cApsIVrOFOAcgWDtAbpdxJSb4Cg5rVxoAJlSqfHtqawhZ
cFxOCMVTupOvB1uY6oULuPiip7nPb3I1QhjjDAtMev2USGsttE14T4lPKo6x5n56uBTzWjM1HRdh
1SUHU1117dDqe93wff3To+OXB+9OL3t80stDRQalEPRndT8ocZ+6COqV8dRk69f/B7yJia8=
===END CRASH DUMP===
