PocketMine-MP Crash Dump Wed Jan 26 15:40:50 WIB 2022

Error: Class "pocketmine\lang\TranslationContainer" not found
File: plugins/PurePerms.phar/src/_64FF00/PurePerms/PPListener
Line: 97
Type: Error

THIS CRASH WAS CAUSED BY A PLUGIN
BAD PLUGIN: PurePerms

Code:
[88]             }
[89]             else
[90]             {
[91]                 $disableOp = $this->plugin->getConfigValue("disable-op");
[92] 
[93]                 if($disableOp and $args[0] === "op")
[94]                 {
[95]                     $event->cancel();
[96] 
[97]                     $player->sendMessage(new TranslationContainer(TextFormat::RED . "%commands.generic.permission"));
[98]                 }
[99]             }
[100]         }
[101]     }
[102] 
[103]     /**
[104]      * @param PlayerLoginEvent $event
[105]      * @priority LOWEST
[106]      */
[107]     public function onPlayerLogin(PlayerLoginEvent $event)

Backtrace:
#0 pmsrc/src/event/RegisteredListener(75): _64FF00\PurePerms\PPListener->onPlayerCommand(object pocketmine\event\player\PlayerCommandPreprocessEvent#96784)
#1 pmsrc/src/event/Event(62): pocketmine\event\RegisteredListener->callEvent(object pocketmine\event\player\PlayerCommandPreprocessEvent#96784)
#2 pmsrc/src/player/Player(1329): pocketmine\event\Event->call()
#3 pmsrc/src/network/mcpe/handler/InGamePacketHandler(688): pocketmine\player\Player->chat(string[14] /op DuyPhongMc)
#4 pmsrc/vendor/pocketmine/bedrock-protocol/src/CommandRequestPacket(60): pocketmine\network\mcpe\handler\InGamePacketHandler->handleCommandRequest(object pocketmine\network\mcpe\protocol\CommandRequestPacket#27834)
#5 pmsrc/src/network/mcpe/NetworkSession(395): pocketmine\network\mcpe\protocol\CommandRequestPacket->handle(object pocketmine\network\mcpe\handler\InGamePacketHandler#94939)
#6 pmsrc/src/network/mcpe/NetworkSession(358): pocketmine\network\mcpe\NetworkSession->handleDataPacket(object pocketmine\network\mcpe\protocol\CommandRequestPacket#27834, string[35] M./op DuyPhongMc..K....w.Z^wL......)
#7 pmsrc/src/network/mcpe/raklib/RakLibInterface(192): pocketmine\network\mcpe\NetworkSession->handleEncoded(string[38] S..../Pp).....K.Mf......M.\T\.O.......)
#8 pmsrc/vendor/pocketmine/raklib-ipc/src/RakLibToUserThreadMessageReceiver(42): pocketmine\network\mcpe\raklib\RakLibInterface->onPacketReceive(integer 1, string[47] .....?.vXE8h.'....)...y..V...~.H6.t/......4...m)
#9 pmsrc/src/network/mcpe/raklib/RakLibInterface(122): raklib\server\ipc\RakLibToUserThreadMessageReceiver->handle(object pocketmine\network\mcpe\raklib\RakLibInterface#25711)
#10 pmsrc/vendor/pocketmine/snooze/src/SleeperHandler(123): pocketmine\network\mcpe\raklib\RakLibInterface->pocketmine\network\mcpe\raklib\{closure}()
#11 pmsrc/vendor/pocketmine/snooze/src/SleeperHandler(82): pocketmine\snooze\SleeperHandler->processNotifications()
#12 pmsrc/src/Server(1645): pocketmine\snooze\SleeperHandler->sleepUntil(double 1643186450.0946)
#13 pmsrc/src/Server(1034): pocketmine\Server->tickProcessor()
#14 pmsrc/src/PocketMine(301): pocketmine\Server->__construct(object BaseClassLoader#2, object pocketmine\utils\MainLogger#3, string[12] D:\FoxCraft\, string[20] D:\FoxCraft\plugins\)
#15 pmsrc/src/PocketMine(324): pocketmine\server()
#16 pmsrc(11): require(string[56] phar://D:/FoxCraft/PocketMine-MP.phar/src/PocketMine.php)

PocketMine-MP version: 4.0.0 [Protocol 475]
Git commit: 468faa464b2bc5c97f23fafbb71ea61035f6f218
uname -a: Windows NT DESKTOP-BVRHES0 10.0 build 19042 (Windows 10) AMD64
PHP Version: 8.0.13
Zend version: 4.0.13
OS: WINNT, win
Composer libraries: 
- adhocore/json-comment 1.1.2@fc2f76979f0a44a5f5bc2a2b600d0762fe0e78e7
- brick/math 0.9.3@ca57d18f028f84f777b2168cd1911b0dee2343ae
- daverandom/callback-validator unknown@unknown
- fgrosse/phpasn1 v2.3.0@20299033c35f4300eb656e7e8e88cf52d1d6694e
- netresearch/jsonmapper v4.0.0@8bbc021a8edb2e4a7ea2f8ad4fa9ec9dce2fcb8d
- pocketmine/bedrock-data 1.5.0+bedrock-1.18.0@482c679aa5ed0b81c088c2b1ff0b8110a94c8a6c
- pocketmine/bedrock-protocol 7.0.0+bedrock-1.18.0@040a883a4abb8c9b93114d5278cb5fecc635da82
- pocketmine/binaryutils 0.2.2@f883e1cf9099ed6a757a10a2f75b3333eeb2cdf9
- pocketmine/callback-validator 1.0.3@64787469766bcaa7e5885242e85c23c25e8c55a2
- pocketmine/classloader 0.2.0@49ea303993efdfb39cd302e2156d50aa78209e78
- pocketmine/color 0.2.0@09be6ea6d76f2e33d6813c39d29c22c46c17e1d2
- pocketmine/errorhandler 0.3.0@ec742b209e8056bbe855069c4eff94c9734ea19b
- pocketmine/locale-data 2.0.20@a6e4eb22587e0014f6d658732cf633262723f8d3
- pocketmine/log 0.4.0@e6c912c0f9055c81d23108ec2d179b96f404c043
- pocketmine/log-pthreads 0.4.0@61f709e8cf36bcc24e4efe02acded680a1ce23cd
- pocketmine/math 0.4.0@6d64e2555bd2e95ed024574f75d1cefc135c89fc
- pocketmine/nbt 0.3.0@98c4a04b55a915e18f83d3b0c9beb24a71abcd31
- pocketmine/pocketmine-mp 4.0.0@468faa464b2bc5c97f23fafbb71ea61035f6f218
- pocketmine/raklib 0.14.2@e3a861187470e1facc6625040128f447ebbcbaec
- pocketmine/raklib-ipc 0.1.1@922a6444b0c6c7daaa5aa5a832107e1ec4738aed
- pocketmine/snooze 0.3.1@0ac8fc2a781c419a1f64ebca4d5835028f59e29b
- ramsey/collection 1.2.2@cccc74ee5e328031b15640b51056ee8d3bb66c0a
- ramsey/uuid 4.2.3@fc9bb7fb5388691fd7373cd44dcb4d63bbcf24df
- rhumsaa/uuid unknown@unknown
- symfony/polyfill-ctype v1.23.0@46cd95797e9df938fdd2b03693b5fca5e64b01ce
- symfony/polyfill-php80 v1.23.1@1100343ed1a92e3a38f9ae122fc0eb21602547be
- symfony/polyfill-php81 v1.23.0@e66119f3de95efc359483f810c4c3e6436279436
- webmozart/assert 1.10.0@6964c76c7804814a842473e0c8fd15bab0f18e25
- webmozart/path-util 2.3.0@d939f7edc24c9a1bb9c0dee5cb05d8e859490725

Loaded plugins:
Alerts 1.0.0 by hachkingtohach1 for API(s) 4.0.0
AntiInstaBreak 1.0.0 by PMMP Team for API(s) 4.0.0
AuctionHouse 2.0.0-BETA1 by Shock95x for API(s) 4.0.0
BuilderTools 1.3.0-beta2 by CzechPMDevs, VixikHD for API(s) 4.0.0
CraftingTable 1.0.0 by hachkingtohach1 for API(s) 4.0.0
DevTools 1.15.0 by PocketMine Team for API(s) 4.0.0
EconomyAPI 5.7.3-PM4 by onebone for API(s) 4.0.0
FormAPI 1.4.0 by jojoe77777/DragonfireHD98 for API(s) 4.0.0
InvCrashFix 0.0.1 by Muqsit for API(s) 4.0.0
KeepInventory 1.0.0 by NhanAZ, KhoaGamingVN for API(s) 4.0.0
MaxEnchants 1.2.2 by Xenophilicy for API(s) 4.0.0
MultiWorld 1.7.0-beta3 by CzechPMDevs, VixikCZ, fuyutsuki, kaliiks for API(s) 4.0.0
MyItem 1.5.5 by hachkingtohach1 for API(s) 4.0.0
NPC 1.0.0 by hachkingtohach1 for API(s) 4.0.0
Netherite 2.0 by Wertzui123 for API(s) 4.0.0
PlayerStats 3.1.9_BETA by hachkingtohach1 for API(s) 4.0.0
PurePerms 1.4.4 by Vecnavium , 64FF00 & ProjectInfinity for API(s) 4.0.0
ShopGUI 1.0.0 by hachkingtohach1 for API(s) 4.0.0

----------------------REPORT THE DATA BELOW THIS LINE-----------------------

===BEGIN CRASH DUMP===
eNrtXAlz28aS/itT9NuN/FYkcRPgK2V9SH5WxbK4lhynEnpdg8GARIQrOCTRqexv3+6eAQnQ8pFE
rza1ZVUcEYOZnq/v7gGoX0dxUWW8eXctqzop8tHcORw1SSZHc9NzbNP3HNeYmLYdGP7hqC3VrcCa
uKZlWX7guTM3sOBWyuvmpKqKajT/ddRsSpg1UteHo0zWNV/hyFOYVrPlqCzElWyyJJfLZcrz1XJ5
WfG8TnkDGJ4WecPhVrUcsbxoWFy0eQRk4jZNnyUp0inXvJpPp8fz6bPi9mnF42Zapu0qyevpoq3k
QlZZPcFJ07oS03ee8+yZYexuTReLF0ndSNgDZpVIW9P9Y0SAQAqAQTAzkF7FBXz8afTAYGWGS/Gf
vJZ5M30lV7ikklG39GDmPpwzTXy53FKHj1vy42+LfJHyjayeFlnG8+igCH+WomF9MdIGy2VJ82B1
f/6ikmVVCFDDCc56EHgz33kIqB+YH0CkGQeeBajuIP8hA+NvBU9TtereYFk9WGrpVK08MG0ruBsa
0VBoDoiI3SOSy+amqK6mmSjldA17p0DyNP8nz+SCI6nnauzA8/098kPosMGaNwd1UyX56ifTecum
RcmO281iXeSrM0E7O3pnQBQV1XRHbRrKCDi+GgPfTSGKlMBpcbySv7SybhSeA8/Yw6FZWC6Rh+VS
M7Fc3sHF+Ft1d0j4LvXsEe1gLZd3YXpgzXxbKcj9mGxfqosLUCq48oEduJ9m49M7dox8AfRPyeNB
4AR2QMC9LwXu+p8GPpzfAT3mDdcKvB9pHzJtarb7lp1NhsY2mXw3gZ+byY//ffNiQj/E5OxjTFb8
Kk3C6St+9SIJT3Nw5BiC1YEZWH+E2ZNcFJGMOmew/bfsAjFMF+VDAvPd5CxWsM4mEOKXy8n5pAfT
/6ibKJzjpFQ8KLyXxetaVpfrSvLoTKWUV1LIBFLXgfMZBhRBiF9DzimykrQ1pYMEbq1kxcyt4J3Z
W0aY/3Ny/cOJv558QwzAv81k8j38+p/Jc2/STBVjDvzLiLvg9yrBQh46oMDpNVoziKBD/Qn+f4ef
fEQSDyx3ZpoqJxgf1UudF8V7SSxdpFKWsuripmnZf1ADX7DmV5EWNWTG31RgN80/ANDftxA1dbkc
zgM8KiW9LJokTgRVJLXet5+WLkhBB1AluV9IuMbr13mTpAdR0YapZL0SywgcT21i37GJAWF3uIm6
M/62ScTVQiEuKg3T6VFY0JozWHNgG+ZHiLx7J4DJpmrFNmw94bWkau1FwSOIoNYhu8O2WmAGSpUz
KNdeFCvwmwf21m9M6y07ni+XXYW2XG5vWcb+LV14LZeKA/cjHFj7YlBuovnWsf3ARD4riKVJJbvg
5Hpv2R1V4474+GyxK/Z2w1gfPhy9/e1wJP/F1e19VaAAVRF5l+TXRXotM6iLgHIE0hDNqLsLI1tC
MIiRHJnzfbjBej+/wU0/2BuUaS1hPDD2xn/FQXNvEH/+FiU1B5M/L9kR+1uzTmpwNMIx/nYlGxBK
nKy+52krD5YjPXdclMvRw38gSQtI4m/7DtJJfNCjDs7G/sarVf0T2NjR0RGog8jgaueO1YTYveMG
oZZdTZkLCVUlYfE0ltnHFpW6UKwhOuk4fZDLG3aXERxcytvmGbVg8/mrk2M2AcD/JlQ5UE9WqNtE
TCCMZAnlXmBFwfDv2B51FQR3KNA0+ppSI52a1JWWMEQaPTz9+9/peiu0v7NHJa94xlQhDP6e5FRz
azHRbLc/u0qKKmk27MX5m5OLS7rvbe9P6boTYgnxMBEsbnOB8mFdw0O7HHxkx4ej3762W1/bra/t
1td262u79bXd+tpufW23vrZb/y/ara5JqbEleQzqbOhTzvHpQzdwONo+tBiZE9ApjPC2WRdVjfXg
mov1FWBpCvxkIlFeJnjHoclwLXPsGqLRHHQhD0cR2A9U3TAF7tVF3Bz3BzJOTdMe2eVSoel+YyMG
KsTu6vzi8s35qxfHMHQjwzppEPu6acoapHLDG7Gu10kzuZEyTDcTqPmnWM8+Bos9BevgTyDwXPW5
Ht74DPeLs7MFu5Q8uy++yywrgckBCGWKn2OZuGqprn9etLXs89Qf7nNkIdTxk5PLx+aQr4s12Erg
3v45tkYn4IFFtnm8OB3tWKw17eWSK1xrxAVMD1F+ltknbZKCE18WRdo328HwUH02MBvKhltDZp++
l2K9ODuW17jg++Q2uXp+fF8KFUi8zCIgvlyGCluD2JbLPaRfZNCrpFm3IZlxD/Z0QApkQ3EA3OcS
AfeEMxz/i7j2ANTe5ZfIBcQC4k1SUW0m9aaR9QQy7jTi9ToseBWRv4OU9g1lOzQUg+l+4OTbuHmv
rt7tv1z2kGhmLy4fv7p8vficCeyQTbc0gNme2+3Y7Q32GXYns4k9Xpw5Q56LXIbw77541eSgrVUo
gCb0tn1En3V3PL4ZctSNDPXn7Kvv5+LnQs7wZ3pc8RWegVXy+XHg3xdzuw0w+ROm7Ycv4ew0vwab
r9fPktsed/3RPocAdLIXrc/aX4DcfbGTETUo0vNrgQDiBEK1Kpi+hJvvoB4E7DJvimrT42c4/pnQ
8xIq/8c/wth364JD5wvh4PuX98WgIr5cDhB9WZK9wwc1VOD8jN9C8wiXgzKqPzrk2prsJaIfZF6U
6yRNxOa+eO2RRA63UAYXX6LWszZtkjdFlUZ93naDQ9ZmOtPan820T3+kd042bVO3Vwl8vuJpklzV
/5L8myHeG8QL/Pex/5nc2yOEctqcNjLry0gNDOXjTtz/m1yr0HS/7yu7vlw87XGMV3+R0gKg/D7H
/mjD8FI2a1nR5B2j27G9onrI7Buo+N63iWnZ98XnjiKdYikQfziC7ahNdxwBy+ps+KLhg3jWH+2z
bU/MSfAOe4n/G1X3cA0u/rTmd8/vekLoPdMbFh97ddT3UuT8OmkzdsjU4xD272xRFXjocAqVSJ40
9xbr73ze0gP62RgPXV/5z9f9Eqsb+Yu4s4az/XA/8Qsf5eIjN9nI/YK/Oz8hDm4bmaMMyBCeFhXu
4GM1hlkuFBlv1v0RwVPgCNb2x4rsXVQ0gGAwqp917wbaKu1fR7wZ3I+TFLD2R1ZZ2b9cA3v96wRK
7ev+wM816XJ7nYXqSGkwVkCnqkpOk0qVuuHIUNSfVIqhHF7JOJXUyPdHa5JoPRyKwC36IxeLF4Pt
N/UvaY6b6U9se6sprmSevB+K4PZWc41wsULe8CyleGzR5fukVA1eQMn3fZqE/eVweZsNpV4gPMsw
bNO0AhhYHJ8PWI+KdwRtfxCGkqHCCjDuuh5MvEiyMpU/nA143kMAl3guvsdnlt5giB4Mlg2doKOE
He2fi/We7a3b/IrONi0Skk1SSVZhknOs1CGCWxMPJSGvZRqFehKSAt8pm0IPWEpYEShamSXKG2ft
jjDf7fbq3cd3L5I8LgZ2G32g8mRgJSRKuz9USXAP9MNVq2yxo/8juBs7XwiIFT3ho3evS70v7ojP
d3naD+Z9d0dX5rXcvam9lScd3ozmlmFbILb6HUSV0TzmaQ3hrHvoNZo7Mxf2SNC/Hc+POXc8J7RC
4YpgFlt2zOMwnJmSe6Zhu7EXW6YPtFsN5U2SR8VNzV5esuOTi+8uzxfjJ9+/en5yYTATUDDCwMzA
cCx20E02jYfs8dmxh6kH37Puyeq9JAdytmayLt8VqJM3py9f4rsCdHFDZQPEprKoZfUOlFvxKpEU
53i0BsYqOcWIMcZXJtR7LibGhEexsOKZF8yC2OCOw93YDYXFrdAzjMiYeVYsDTnz5QzFVyXiaqqD
pDEJJvYjwd1ZZPqxYfmx78TQQIeW6fkiMgPTDI1ISst2bC4pAoJCIPpATsZn4SEXV+Nr6BQgMuLr
QiDAq7y4yR/p32htq6qoazkFlnmd42sY1xaa8yPLsILAsG0B8ndsw5Ch53pyJn3p+yJ2rciMPC9w
cFeI05WsJa/EmvjPeFmS312TUTzyw1AYlsl9GYWWdPhMciv2eeTEPJAiiIS0YhH60cA5to/LATvX
3YDxH90gyBW098jxLeHNAs5dGRmhbwoDwFmhGcd4ZRo8cITPPXE35Z05jmYIdJ+64Rjc923u8DD0
RRAGEOGcyLVmvgjdWArh2W7EfWuPOgWKnVdbaABARpoiDowgkJHHZ+6MAzqwCje04QdKKUtEcTCk
dKcKsa6wH3nOzJ85YFKeFwoOEnV937UcS/qusGxhudIXrsv3oAl8qJMWOlQiNBBhILlt2EFgyziK
QzsQkW1Y0jJdL3INIO1bRgDWuUepSIsdDSMIpQfOGs3AU6VtR55vguEEkRUIyxKOJ8yZNKM9NPQO
m35030XRR1LMHCvELX3D9cIQGHINLxCOjGNQZjCzHcnNIBySSgssIzpTwfN6y3jEPemAXC3Xn0nD
MJ3Yizz4bFsi9mzb8qwZBBo/svdJrQiMg2A8EZiWMEBvrit84MA2DV8KMP4ZmIMXO4YjDOdDCuNe
olGkPDOeIVMitkFjwnIAG7i9xUUEBuEb3AQvsMWeD2zjAJGIPEdaruuGkSUDtHjLcWcQENwIFsfC
tAFjEO8Zex42W+EGvnC44YRgGYHpSogpvh3ZoQG2DYICxzR5COo3hxR2H8dUPimn/h1h+4OH+yob
OeAY0ua+Z5pgyzNDmjEHn/IsFxzPhGDnODMJoSPkUtxFBV8R6OqYR4Flcc9xHGDGE7OIQ0jA/3zb
Mg2wPSmcme1zuSdf9bi2y/OPDC58iNVg86ZwzICbMUgc/Auc3rddjL9uIC0yPiiEa7lBP9jVcXRW
9UjAz8yR0pW25UNRFIInOUbommDPUoK9haHnCYPviLRtotIPRF7IFQHIMA5d2/e9wIyjmT0Du3Cc
SIRO5MFqEVtOFOPydZvVnHfrPwzu9SaLi3wDGkw3UFak466EvgaoNilRRIE7C2YygOhj+3EUWaFh
e4ENAQ7yjgT1GmBcd9GCjOEbW1rmIwi3BuQhGZk8gCDAgVrApWlBbIfkARnLsFxnFn6UltnDJT0w
iiC2I7TzGFJQ4Pjgq6YhHGEDKBucN4D/qzYmK97zqplCbIMWXSVdtFAv8BwxA2vwDcc3He47FhiB
NEDHkemGPDRi0weHGhApwePGGLwpjiCWKLCDeCYj8FkBJhGGgcCc64rQcCPIhoAtMGZAhjqkrW1N
NlSkPmB43MAEvVPaVvRKAcMSj8VFxQY11TJ/wC7XkEhZLRt8tFMzXknWrCUrclnDB94wwXN8UTeU
LMlF2kLwgA9MPQqfQEKDxNtATYK0LooMVsZIYJ9mzWN5yAo8xaiRJAvxCSrbFG2labEkZhn0HnFC
O0Btgy/sphsk/FLebMlB1xjzNm1qdlPk3zQMUz+vGHS9BQSvBFPYBhHiW7aK75u1zFlbrioeAYHJ
Ml/mHbH5MmfswZs1Ha+wpmD41ioDEvrlAZCBfm0VQNFtgqqiPwN5prIheWErKyRTyQVHMqQMEhdy
jC9Bt3wl54yqUrxRr9sGasR8rF+fnrPlSL0fwfDtExktR4TscZoWNyxNakTL9FsB7Drh7L9aWW1w
zi/4YaxvzRm28bT0hBp7vYZeDMZykYHGQChILdwwLUqcr84BxtvbPbAP3oDHgEWAXHkUMai8lPhR
rPhGCMskxxdmsAJlIPRQImgQjvyl5SmKbZVcw9xrfMGZHehNmWU8ROpqRzmuZAl97RjEjq92zOE2
7f2yzUKQCljV43qTi0teXzF8awfsaEITXoO0yLQ7TnHauiryogXtwfT6kNHRMlMdBvrDIcOiulIv
mJFswB9xLGtz/RaOIn5B6gWewMqq4jYBC5MgBmCJLDffgkPZakCnMdoqzkGbPGRJ8w2Ir6loWSQb
fK0FTWZvMTsAHlrwG4vEQmyMNadzIrVvq5yMo2rzHNUZYXdYlKQEakfqCTuW1/ozy5LVGpwZHxwd
9p1PGw5KpKraslGjSmAomAywab5IueCU1GtEyiH4dZFEAPtuBGgjaHNQ8CdgXZOeocHksZq0tbRl
nknYbqOc8p9pEYL14BkUU+PgB1nSoG9ncsVDOjNiF0rUBglXvQdPyy9RazcJSZ4sCpz2ZqwIdUZW
E4f42BE+MHqzF8nElZTdlsrIQVstuilbFaCoAt0UrQI3WhHMMUGbMwO5gN0pBKuK7C/PAR7qfQr/
Grr5P4e/boqSIOjwuYWkydUMwkeJ2TTaAsJdO1Qm1J0aGAWBN+QVGl/9zT0gJL8gSBgxmGgh+eSQ
fJi8laKl4FsoyMojMVltZ8tbIWVU7zhSgev88mTOLp+fXrAXp2enl+zxYvHi9OSCLU5esTfnr747
eXXIYBK7PIdZJ+zN8/MXJ2zx6vzpycXFZD8EDORhuZ4Wx0JWSUEJGQNxjQyKtaSQTNLYBlsTZA8l
QUSxhaaMIRRKFWaJFH4pI8khQIM1Ib8fMzZlZDdrzKwgEwxBahpRVkQg9O4CucpItMc55hDM87Rg
8uFstAV9Ig1qK6XAckBJFuEqvaq1Wx7AvGRZ71i1Dc1r/fBuSJpzW3O+4lUInjHeVdYUgO6WLrka
wtGrmF4FsTvjeUvFRx8JFGYt2ODDwy4n7BthZ4YqvcbQ5DeK32znghN2rmK+MnioHoo2jbZYEkgi
Nznb4a8V4ZLgA6OeYWheYbdnFCw+SJJkOorClre4KrIu2arVesa4b5p9DSM3WpMf2Aa7w6QG1nHR
FYyosgp2QjPUhhy1WamqK1XCMX1jjDc6fR3jJL2AsBPMjgO4gjQPzs7vEDAkbUh8sMM1GFldtxID
Q7MGra26ahODFu62Q3XYKVLVCLqonCg0OPWjcsr47ZjOYusO+1Ne4miStRnkWEivFRJv8KtXqEim
vhiiUOzkiv6iRUke86GNQbFdakS04Rir4BaSrrPV2HGhbu3btPomUkdfTe5cSNHSE/ucUeUwprPe
LW/HAIVqFSgfUXqAThUYikpJ78QztUZxuOMOlml56q/F6Z1x8q7aRQGm2AZoup8m9Sk7XOb6tfC5
ThFQmq2LVJWYIT6LpEqcIEPVBCakkwzFNtX56LsqtYRyW2yq9Pagr6XuFobVatMg8UM2NnsKJOXR
xuOmA6NTAEXtXR1LzwewhIwU59jLUKGPi2FQw5qw51ALgi0dUXHHni5eH8JawBCCf90kEZg91Qoq
em7pj4n+nHld2b2ryGuSTm/uhD2OIFCteRpPoZVUbUIkwYb1VrApw3NBNLCeI+7SXo9YvxU5ucWo
hiUmTycMQbxe5Iuu2N41gNhLIKgbSJu4sC3zcqyv97qbM+11dfJebvWJZXmnxhoTni6ZoGxX5tFL
rU5gqUUPJ2yh16S8WtECrjtRbQu0Y1zxFbIAOgGx1WVKFQu2lxmAR2fnFerpaZrALNUvV+rbOuzs
8jUhrYElZDtsG/oiLalyt51qLiZdrMmadoyr5oS23x/KnB4ika/HDA8GBL7nuWUT+t84TsSEUZZa
cywCWJKBbBrUHWiD/oQOhKlDwgJKuybQa5QERF0KxJCiOYXzWqlUlRIwt9E2ipxIdT6gQ53upo7P
qUg6Pr14/ATqI6qn2pxsCAN2i5GSnn+qIiFBY9Tf/I36/caOz52vRzJsV/OuafsWv4YDmlAl6xrC
Fd1nukWv1aECenNeFyp5a48wkZhCrag9XRfQxKMXdr2a7LpxiuJ4bMxqft1lC/gIrbf6yh/e67Xx
AIyezKuiTZ/J/FwkuToQIEl9w34Ii1v0/IqdHrODH16fHj8EvYPbAwaYfwNqQ8UkkO7BObCHqyIt
H1V+gDcUO93l4O0/PHnR0df9XW/kG9oMH45R4UDq1aUI8VZ0J0Q6jd4CvjG+mHBUxDFtC/eSeDO+
bZNopxCS53h4OHNJpyvK1dRfa1IyoLnar9pan/IICCKNCrN6zVitmTP99BS3USlEh0e9C+ZAnq+2
PUqOy9L9VHzYzbpO5M14m6DvOhBTwn2cFS1Gj1jlOh1MQGSdaDG3Y3SkoxBQP36m5AyLX1Gq7i0m
xnOpWu9QKmKhjNH365LfkFGgjeqvkaJp4fAw6Sv2caMt+xADGd+Hqr+bBLtJyKd3oTTuhskr/FY/
4525A9huMf7eorH3TnjCtBDkvnUSqZyB/HDQKRhc3YZ9KawwicIMGanUSRfb1EZHTdo4uBAyldQp
KPOmXdPkCrbAPpkiUcqB9VVV3DRrFcdgC87WilovyIH3141KyQR2jNLooI13olGsnR7XPb4wTKPm
FTWmHptu2dRHTl2ZQ2sGSgJ6Y2axBwATWuWdInfHWltdTj5Upg5eNzyhbhaSCbR6yorKomzTzm30
BeZ7mqPThm3hhtQGIZe0E2ZcjFxQEugGA0f0Qd5clzp47kjNtRpWlYK2LACyi9DRLuihZ47x2557
Q9vAMBzWrxH0cjrEg7F6f2w7cw16mysoE/wyzyQpCDGEuk2GzSG4coPnrKLeQcc0pe+z3X1igcIc
X60qudJHivr8UR2z4Pfyr/b5I3wQa86Pz/ErY2OdFFR9gOHrRqoOhDP8iwm4Y03AdwzQ2KR36A95
eiv5tsQXkpRyPhAqKFTd18YElRC+N0C5rJdvnuLZvOyf5R1CcijXHNxCYmSvEENXl0LGiGUFvccY
42KOyVDd7XKXyhx8cDaoX+HoJdsWanCobSi2diFMEyQtq/vdHh9oVfHVV2uTZLsMorMxEsX5aPWY
MFCLGMZxQzr01Iu6A+7JbgN9p79DJ7lP53udTJQmlQf0zpI0DSDfaHl2p0ZrPahCXLXtJHR0wEN4
aNYiKoOSeEsIH5K3lXrigtGmO0pRkRfo6ejU5VuoyXit+zQorTm++aSvsAACjFpX805p6h7YKJ7p
zdlPVLlA0XpIh3xvkSi1YLvk3X8SRGxgJV1RgMdjFBW80Kpkc2cepfhM7WNNHQO13/hqN2DVRUAf
vtqXMKiPQBHdwDFUTt3tOGfPXjy+VIPYakg8WfuHfiPj0A1ugaNcHtq3UVI1hxR0/6ErPfWspX9o
oZwYEx2IVp8p8lZbXQrKEhumvvPaVl3c7Tq1avuUhoIK0IF0JOgpWN3Jadw94QETUGX9g2cUTWgr
mj8gQnWxHnnXGxlTfdkr/ApV+8tbiG21bnLFFbZJNTV0ENzCJMW/Y0KFHM1DfhP8GmSqMoVyFcUl
0YfKqNqGY3z8uq9UfE652KlY/QEcelq3hKrlwbMqYcdSMMthljW33blrsDenT5hlWCZO6J6oHUmI
sHCdFU10NHi0ydTTNLypNh+j7x2ZgWl7e4PXHg3bOKybhaSEQTB2GLlZJ40c4xM4LF1pM+indPV2
ZBk4suJ4mhDJI7pSD/22Y3oVnt/ic57uurwu9Q5Rgg0WWPTmyCJqnYFu890R8Uy1MZbcR+qbEtWu
XpZRbwo+cT86Pnn2+PWLyx5P9JxQb0nZAl1XXw+q2SMfh3oVO00Z/fa/9vKiyw==
===END CRASH DUMP===
