PocketMine-MP Crash Dump Wed Aug 11 17:55:33 WIB 2021

Error: Undefined offset: 5
File: plugins/MyItem/src/hachkingtohach1/MyItem/ability/Manager
Line: 212
Type: ErrorException

THIS CRASH WAS CAUSED BY A PLUGIN
BAD PLUGIN: MyItem v1.0.7

Code:
[203] 				and !empty(explode("|", $ability)[1])
[204] 				and !empty(explode("|", $ability)[2])
[205] 				and !empty(explode("|", $ability)[3])
[206] 			){
[207] 				$result[] = [
[208] 				    "TYPE" => explode("|", $ability)[0],
[209] 					"STYLE" => explode("|", $ability)[1],
[210] 					"DAMAGE" => explode("|", $ability)[2],
[211] 					"TIMECOUNTDOWN" => explode("|", $ability)[3],
[212] 					"EVENT" => explode("|", $ability)[5]
[213] 				];
[214] 			}
[215] 			if(in_array($id, [
[216] 			    $this->ability["TELEPORT"][0]
[217] 			])
[218] 			    and !empty(explode("|", $ability)[0])
[219] 				and !empty(explode("|", $ability)[1])
[220] 				and !empty(explode("|", $ability)[2])
[221] 				and !empty(explode("|", $ability)[3])
[222] 			){

Backtrace:
#0 plugins/MyItem/src/hachkingtohach1/MyItem/ability/Manager(212): pocketmine\utils\Utils::errorExceptionHandler(integer 8, string[19] Undefined offset: 5, string[96] C:\Users\Fox Main\Desktop\FoxCraft\plugins\MyItem\src\hachkingtohach1\MyItem\abi, integer 212, array[5])
#1 plugins/MyItem/src/hachkingtohach1/MyItem/ability/Manager(624): hachkingtohach1\MyItem\ability\Manager->caculateTagAbility(string[40] ability|register:item|register:2|1|100|1)
#2 pmsrc/src/pocketmine/plugin/MethodEventExecutor(42): hachkingtohach1\MyItem\ability\Manager->onMove(object pocketmine\event\player\PlayerMoveEvent)
#3 pmsrc/src/pocketmine/plugin/RegisteredListener(80): pocketmine\plugin\MethodEventExecutor->execute(object hachkingtohach1\MyItem\ability\Manager, object pocketmine\event\player\PlayerMoveEvent)
#4 pmsrc/src/pocketmine/event/Event(88): pocketmine\plugin\RegisteredListener->callEvent(object pocketmine\event\player\PlayerMoveEvent)
#5 pmsrc/src/pocketmine/Player(1668): pocketmine\event\Event->call()
#6 pmsrc/src/pocketmine/Player(1781): pocketmine\Player->processMostRecentMovements()
#7 pmsrc/src/pocketmine/level/Level(854): pocketmine\Player->onUpdate(integer 398)
#8 pmsrc/src/pocketmine/level/Level(787): pocketmine\level\Level->actuallyDoTick(integer 398)
#9 pmsrc/src/pocketmine/Server(2265): pocketmine\level\Level->doTick(integer 398)
#10 pmsrc/src/pocketmine/Server(2396): pocketmine\Server->checkTickUpdates(integer 398, double 1628679333.2638)
#11 pmsrc/src/pocketmine/Server(2152): pocketmine\Server->tick()
#12 pmsrc/src/pocketmine/Server(1992): pocketmine\Server->tickProcessor()
#13 pmsrc/src/pocketmine/Server(1586): pocketmine\Server->start()
#14 pmsrc/src/pocketmine/PocketMine(291): pocketmine\Server->__construct(object BaseClassLoader, object pocketmine\utils\MainLogger, string[35] C:\Users\Fox Main\Desktop\FoxCraft\, string[43] C:\Users\Fox Main\Desktop\FoxCraft\plugins\)
#15 pmsrc/src/pocketmine/PocketMine(321): pocketmine\server()
#16 pmsrc(11): require(string[90] phar://C:/Users/Fox Main/Desktop/FoxCraft/PocketMine-MP.phar/src/pocketmine/Pock)

PocketMine-MP version: 3.22.0 [Protocol 448]
Git commit: c32c21464c30cd7059a4cbfb0a7d7e493238a561
uname -a: Windows NT DESKTOP-BVRHES0 10.0 build 19042 (Windows 10) AMD64
PHP Version: 7.4.21
Zend version: 3.4.0
OS : WINNT, win
Composer libraries: 
- adhocore/json-comment 1.1.2@fc2f76979f0a44a5f5bc2a2b600d0762fe0e78e7
- daverandom/callback-validator unknown@unknown
- pocketmine/binaryutils 0.1.13@0abee38d4e2861621f262c79a2a3d699d8a697f4
- pocketmine/callback-validator 1.0.3@64787469766bcaa7e5885242e85c23c25e8c55a2
- pocketmine/classloader 0.1.2@9757928424652393b178a3760073113aa7c9911b
- pocketmine/log 0.2.1@830b44a2cf96ef703c550abe64302f230231ca49
- pocketmine/log-pthreads 0.1.3@e477ecf6ec214fdd4415ea1da3fdd9d73bf699ea
- pocketmine/math 0.2.6@43057cb8c179a9859677b496a788db922fd5cfc3
- pocketmine/nbt 0.2.18@9f82ca4d7f97fcd9a566e44b63c4f18a7657ae82
- pocketmine/pocketmine-mp 3.22.0@c32c21464c30cd7059a4cbfb0a7d7e493238a561
- pocketmine/raklib 0.12.11@9cce458b8bfde3e4dfdbf70c659fc7b7fe26b5c4
- pocketmine/snooze 0.1.5@70b5e7937a06878dd321a3182ceb76d56298f2cd
- pocketmine/spl 0.4.2@6b08b7cf8c4afa17139c9a1b3bf1b408531de161

Loaded plugins:
CoinsAPI 1.0 by hachkingtohach1 for API(s) 3.0.0, 3.14.0, 3.14.1, 3.14.2, 3.19.0
CraftBook 1.0.0 by hachkingtohach1 for API(s) 3.19.3
DevTools 1.14.2 by PocketMine Team for API(s) 3.13.0
FormAPI 1.3.0 by jojoe77777 for API(s) 3.2.0
GiveItems 1.0.1 by hachkingtohach1 for API(s) 3.14.0
InvCrashFix 0.0.1 by  for API(s) 3.14.0
MyItem 1.0.7 by hachkingtohach1 for API(s) 3.19.3
PlayerStats 2.9 by hachkingtohach1 for API(s) 3.0.0, 3.14.0, 3.14.1, 3.14.2, 3.19.0
Quest 2.5 by hachkingtohach1 for API(s) 3.0.0, 3.14.0, 3.14.1, 3.14.2, 3.19.0
RedSkyBlock 5.0.2 by RedCraftPE for API(s) 3.19.0
ScoreBoard 1.0 by hachkingtohach1 for API(s) 3.0.0, 3.14.0, 3.14.1, 3.14.2, 3.19.0
Slapper 1.6.1 by jojoe77777 for API(s) 3.19.0
TrumThe 1.0.0 by hachkingtohach1 for API(s) 3.19.3

----------------------REPORT THE DATA BELOW THIS LINE-----------------------

===BEGIN CRASH DUMP===
eNrtO4ly20aWv9JLpyrSFknhIMEjJZdkSU40I1kaiRpn1nS5GkCDRASgERyimIn/fd973ThIyfK5
NdkqJ5UI6OP1uy80/90JZBbz4t2dyPJQJp3poNspwlh0pqZjjZ3RxLbtvmMZhuN0O2Wqpiyz70ys
yXBomCNjPBkPYFPE8+Iky2TWmf67U6xTWNah95N7T8A+gN3txCLP+QKnbhJfBGEifCaDIBfFlA1h
Piij6GUY4YKj6Xx+kwNW8/lLec/OeZjM58civy1kSkNHGQ+K+TyNykWYwKrz9Wkh4vk8z7z5fMm9
5W2YLAqJT2Yzy90wCos1DPAEMMn66TLFg9WhGtieWr0HoPa2IFVTGs6eBgMgIqAGWWMBAzPuwfOb
zjODfTHIHQC1O2Wp9G5FEQPw+bwswggovcE/06nY4O4vPPEj2BUmhYDdbNxleZHBKW/MyVv2CLvr
+Ynzlv3fcbvLKoyQNYxnGV+/Gb7dBY49M7+CO441AO58spx7zz3ulREvxIwvDtXkjmbAwHjL9Po/
M7EI80Jk0xDANG/Wn+afpmH8aRLeFktjRBX/a+Szp4jZOxfFUvondyIpTu6FVxYy2xlYn4esTM7l
ndiR7m/CKzZ0QCBcFARfi2w+v6S/uJgOJPTsJ9G70jQJ/wz/JsDLsbGlaGop4POQlN5zQU81cp9M
VZd9GTmDx8mhnXu0bGc8/gABD4lFRYgite3L8Bk+jo9aumM6zjYyGiZBUMfvECDnaUCjsbkFSM30
nqeZ9MCTnsu8uBIeQEUEY/ibK8CjxwFHgEi0d4b/3xkPBx8ALpOb1Ac7qT2JPRkT1PHHoY7Goy2o
NDuf03TvOfeKEshfH8tZ6N0+OGHy+AnXIrtDf2g5wyeh+49DNY2nwdoTZwusmgFRLYV3izAVR/I2
6C7zZelGgrXipOXY+kjz6SPNofWBIwukQMGwnoRhTiZPwbhUKgKuRwGznwY2HH+IB3nBs0ID+YAl
XtLjOTzuWBPzA3DevfNkAg639Gq7e8FzcQR5Q34muf8B/6BDHgakM7kgL6K9tj389LBVbxrYXxDr
FPHDjxJvW9vE54q9CoA29x0TV2Xi9zLMRBWCJhCC0iXPpnt7R9M9wm6vQm5P47ZXodY6s3d+2cd9
j2G123n7vtsRX52TfcPUCPBRcN6FyZ2MlNMC4D6wwis61SyMKFgw4klfIPqWYcPwvFD/QrLD/kvE
KQRxcZ9GsGZn3vlz3umyH/Txu29MSjIsY/CZ+yy9b/iZ+2y9z6n37f6bBkYtQD9kIi+j4s1bts/e
0Oy4Ncvgn3ln9q/Lk3mH7T9nHzzLeNulzZPWZvi3cz3719nH9ppqr2ls7T0+PD/8+WObLb3Z3No8
Oz0/Obq4eTU7vnj96iMwbA3D2oJx8s+TV7OP7B2+pa1tXXj7Ew01Yn5P7434wgAc9zvKPHd+CP2u
YrzZyAnZ/kOxDHOIUOqgN0DRydnJ5cUVIPQW2E07GkEqUZvjDRCfoiSG3jn5MmW2jC9TZsv8MmW2
rLYyv/9e2nwvbb6XNt9Lm++lzffS5ntp8720+Q+WNt3OAn0ej7A4SDi2pTsbmwExF6TQdLY7oMVW
38DxMoz8ztQcD+xuJ8zf+eKuMw14lAuoQDJZSE8C2MFgDIeEWJ94tuVBhukMPNvw/JExnPCB5wau
wUf+SAwmtmWP+dAxAXapcXkdJr5c5ezVjB2fXP99dnHZe/HPq19Org1mGn2DEQ7MnBgDi+1Ui01j
lx2eHzsDLIWWKYAZ9Qd9C+H+IRKfaBgQCTD7TuZ4zumrVzMYoJdVmFDJFKcS+PwuCt2MZ6HIkUfc
XwJdmdj7LZdJD9bo2svsm33rIPCsYORMRpPA4IMBHwZD17O45TqG4RsjxwqEIUZjMQLwPgeWQkom
4z10+C73bnt3PArBj2ClCRy4TeQqOdB/EdlGem6Y8GxNqg9LDTjbtA8M7gphj/2BAH8DTscMLMfy
RhNucdt3JhN/zAG1YLAJ6tHDzb7Rtw+cAbjrAexxHNfjfCSG4/HQGlhiPPQs27OGYuwNh9zaAogG
G5HBatysg8loOJpY44E1cIbgTm0XYhe3R8CWkW2aNsD2JhPTdDchRXJBEKy+eTC2DRc4annBxBHB
yLDhZCTYGdiGFVjwP9v0+GDyAEIvLZaZ4H7FKPtADEYj4QWOQGUMfH8wMIeCmz634WXij2w3AG4J
vgkq5sVSY+McwKHDkeeOPRPYOxkPJ85o5A4mDh+Nx747sazAH3qBZ2+CSNyiomd8MAnGFiDsjwKQ
iedPQPEdMRi4ju0NAnPMR85wxMV4i7nNYy9Oa2M8+AzLagHL+C3otuIL4GQeTDxPDIZjd+wGvrDF
wA98F3jtOcNJ4I3cUSAsxx16WxqUJ1L+ITR7hwcjwx0KCHcjbjjj0dj3wetx2wRqhTty/KFjTcaB
5flbQNKIIICdHjiuMXZHXjD2Bjzg5si0J96Emy4IxnQHxnhom74wgZr3dSeEbPNIwsPh5WnLl9VD
3U7jwUyyfV5C6prlWIVtZajoFnka4owNhoCL7b45aB7M6sFSDxOYgj0i4RDvwb9AEAMf6IsUvA0e
AHO5DIrj9kDMqUPzIDmuMG6esPUD5oSe+eJ69vri6uwYhlbCzaEEQRBFkeYQF1a88Jb5Miz6KyHc
aN0H77SH1SbFhBdS3rYZU49tceZzeAOE29+O8Aqj1uOnkA6UQ+QJIy9b9/M1JGH9RBR7Ps+XruSZ
Txw4FnczKaO8xYB6aJN+LdQWA5pwyGaCx5sMsL9c8hUCmFrUqGhqr2eHV7Oby0fFDLF0Wbok3Aa1
vRoGUPtSZvGmGVQjm7Ta27L+Tf4mxQj/2aDS+nIiG4iYOBES9cPHhIuk/BzeCSwW25JrxrZV1/wM
1R18Q5tdAEbYDtB56KcQdprcgZbny5fhfYu09mibOOMBcd+Klrj8HbCaz8PkzsOTg/AeyiUVvT+B
DN1gbiioO86bkhn9h5xK1Wqo0fom7kRVwtcFL9p62R5t02/1J3/dcNNCeuPlq4POP0qRFy3uqPdN
vgz/unwhdPWfr+bFlfCvb9cvInDXLY60R9t8GQKxWzEIllJMvDzZNpUvprgBiU2wGhOoxxucPmr+
11gKvUC7aNHVGvx/k3U1OLefv1rw1xFPU5G1maNHNjnjbIeuD0Tir6E5Vyd/Woh6JNloUNqriAAK
Z1kZz5aiRWE18lfJKzU+9cO3CQJYefAMKC7EdppYtVyQAtXf6aeZBH4V1EPoPLus39iRTIJwwfDr
8DybJ89mpWB/KyNmjZhlTG1zajns9ekLeLFMXBDxZFHyhdgXyQLfY1n4+xtHM9VPw0l1eC+VWbFv
TkzbwsEVqKnoRWFe7MsgwBGeJLJMPNFTPe0esC0Uul28LxOClPJV0sOmjvDwW9K+6dDp/F5vyvct
A0cWwJFY+mKf3gKZAdh6TJ8HrPHRxKr39C7Vx/hhEIReGRXrfcJV9abwm0IuigKEmu8TE6ibi+q2
n9+uXXJb9XAuhN9ahd/r949PXh7enM1wVKlU7/dSZGt9qh7KPKBLo4TP/ZTn+Upm/v5/0z/AqLKQ
vZzfCb3xLhSrng+c5MC9/TEO3bvyvodarpdsFLn9dYxF7jNq2jGPRF8CfcBQ0gAG/GIbwgSNYKCy
uWAVAxjPBCuWgskE1KdY8oJ5KMCCuYKFiReVvvDhgT3QPIR1LWPYGSCAbZg5D0SXSZjJcgTJ3Ezw
W7aWZaZhsTBgIMcwCOkEECFeN4jWCPiVWNXgwHQCDkLM2UomPxYMfQXPGHIvBmKx4bRGDPFTsaJ7
tRQJK9NFxn0A0J8nqLsK2HSeMPbs9VIgYqyQcEriMwChG7bAg4wnOX6389U0oQo6wQEw8DMSBfEL
7dkTbElfQXEkRshKQyurmjJqX+JEviwLX4LS64sdUzbvKMtiXiRz4c87hNlhFMkVQ3MCZKqvlewu
5OwfqGK4hnStp6emDH0ZbT0hvdN76LM3WgUDiQFTEJq7ZpqVuF6raT3dQvbZ6xAYIhPgK/d9pi5H
5Iqt2OtnseB5mZFJM2C6KxBpYI74veQRsg0rmITd8Qj8z44+FJzOLkJXJ4KBCPQkPWA7ttmnME1n
vypjF7gCWnWYrxNvxvNbEHx2C3rUpwU3wC1S7YpSXLbMJHgdkB4sz7u4IfKZtnewhy7D9isQggGE
eAMOGsfiMgENwiUK+DWJF2gCLcvkfQgaJoANQBJpblIjh7zVCJ0GqKu4BnWyy8LiR2BfkdE2X6CP
I5XZ2sx2gIYS7MYithAZPU3plEBt6yon5cjKJEFx+uiQZEpCoL513mdQtutnFoeLJRgzFmHdtvFp
xUGOZFmZFmpUMQwZEwNumi4SLhgldaV9ZRD8ToY+oP04BqgjqHMSGA3a1W8pGizuqUW1poHHB0+e
rZVR/hxJF7QHAzFT42AHcVigbcdiwV0KnOxasdog5oY5wqbtM5TaKiTOk0aB0a56ClClZDlRGISA
Ingk+kyKYIJMiOpIpeQgrRLNlC0kCEqimaJW4EELQrNHqE2ZgVTA6eSCVWf4L08BZjZP4Y8B9evw
zwuZEgrafdYoaXA5A/eB8RD8XoUQnlphZRrWQCNGTuA1WYXGL//xG2BIdkEoocdgXgnBJ4Hgw9Rl
A9RuqVBWFonBql4t7j3ICvKGIuW4LmYnUzb75fSanZ2en87Y4eXl2enJNbs8uWKQF/795KrLYBGb
XcCqE/b6l4uzE3Z5dXF0cn3d33YBG/ywho5mx6XIQkkBGR1xjgTSR+OKG7WzNYH3kBL45FtoSQ9c
oVBulkBBrgh0goMGbUJ6P6RsSskgz8MAmOAyfRhBVkDA9TaOXEUkOuMCYwjGedrQf7gadUGn5SC2
VHiYDijOIrpKrmpvTQOol0jzhlTb0LTmu4+jpCm3NeULnrlgGT1PRpHKP8kBPc5dMjVER+9iehf4
7pgndLlgAxNIzErQwd1uFRO2lbBSQxVegwBgKXrjxgT77EL5fKXwkD3IMvJrXEIIIquENfjnCnBK
6AOhjmFoWuG0l+QsHgRJUh0FoaYtyGRcBVu1W6/otVWzLWGkRkvygW6wR1RqQzuuq4QRRZbBSaiG
WpH9Mk5VdqVSOKYnejhRyesYF+kNhDuhWVEAbxDmwdj5IwyGoA2BD064AyXL81KgYyiWILVFlW2i
08LTGqy6lSBVjqCTyr7CBpd+kE9Y2njLMrnNK9yPeIqjYVzGEGMhvGasyv1RkEwVQgqLhq9oL5qV
ZDEPdQyS7VRjRAf2MAsuIegOaokdSzW1rdOYG6HXU/DV4sqEFCy9sE0ZZQ49D6o8UdN2DKhQrgLp
I3IPsFMJhoKScqxJmNqjKGyog22an4qe6mRc3GS7yMAIywAN92lQT+nhPIFaHAU21SECUrOljFSK
6WInhjJxQjnHy4VMBxnybary0bMqtLiiTjZVeHvWllI1hW41WxcIvMt6ZkuAJDw6uFdUyOgQQF67
yWOpJMUU0leUYy1DiT5uhkGNVp/9Arkg6NI+JXfs6PKmC3sBBxfsaxX6oPaUKyjvWcPvEfwpc6q0
u8nIc+JOa22fHfrgqJY8CvaglFRlgi9Ah/VRcCjDPgkqWMsQm7DXAtYuRU7u0athismjPkMkbi6T
yyrZbgpArCUQqRX23GBjmSZpT79vVTfn2ury8A9RyxPT8kqMOQY8nTJB2q7UoxVaBxNLbdrts0u9
J+LZgjZwXYlqXaATg4wvkAS8DgvlbxpRxoLlZQzIo7HzDOV0FIXYJaF6GS/siLxg57MbwjQHkpBs
tywY1uckyuY4VVz0K18TF2UPd00JW9RyX7jlYloVLM+ZiYWKTteWYKo0z3R5mquCGjU5yaUKXFob
TASmnJOCdrSUUMCiBlZ1iqgqUfJgPi84y/ld5Smx41H1hnCuVcICYtSaUwmL7kf8JsNEFcPUGfqR
/erKe9T6jJ0es51fb06Pd4FmUHnAAdavwN2DJt2FEOpAMbB+yaB46TcZIGiCpCXE7AQ0/dcXZxV8
Xdu0Rn6kw7A/REETsg8scikME22y6o7oENJq2gQBHQtzYbDu3Zeh31DLIU0B5yZ4UblNIF/dd6qq
AKogNaKgNpB0UkaWSC8KU0Z7QWvO+Ro0BivJWF/L1BFNhwFyxb1qTh2ZNw6w6nO1GyQz6nAodVe/
RVayoLVat8tcd1o8MORCuTq9p6f2TFkKOdJdGOExyo1rF6VPwTjEk0VdJyS4LdoOh91q1UaD7NGm
lBLyYSxLtOBAxRtt0MhKLWKMr+ihqB0BaojPFCBh8xWFy9ZmIjwRqvx1hQLmigDtjxqZFOGWlb6T
ilN/cyPwKvLxoJp88EOMb6Oqr9rCaQJi2mNYGo+jyTOABPpRmR0gW23GvzU2NtkyNgd6pbpl2vKN
HsZUOohaum3TPKbDqDuakwNCfooMJc3UxTOmqWO6mVIFcNqzQTrA6zGLPWMLKMPyhj1Nw6bmUP8h
i7RrWvGQ6jRwk1DEKNmkMqU796SM+gUjGa3RDtEmd0gJfi/VTgxjCfolCHY6dabmrGpRTXUQx44a
lY1qWMVALS9ApOl1tIwc9b2Hv5baGqrNbXM4XUK2GciWRMDKeurrSb1yKVEyhEo/jeO0H0rCGBzZ
OsayBwykwA6ilzeoYy2n51kzTySQE+OLRQYFtGqW6c6aaiDgj0tut+kj/MCCL44v8G5pT7t8FfnQ
KayEyq05mM6KTswJ8YYAGuu32tkQaGvOK9VUwnnAVBComtfKBDEe705SpGqniDQu26yDrDtBPWl1
rrrgH9Ml78Iw+vIM8aqyMHC9gcgg0+6hB0ow/KnZKlqpWME3OmH6M1UrvJaQcUIkJy9WOQsNkCSv
5qszHkha0doWdRHGja/W8ReB4nq0BHTNKFl0mHggtfj0pqqd228O0DPtEypuPh3htdtW0lVW0eqc
aBgAvtD8rHokSz1IHgOLHJ03a4+BLWcoTXxKHMOgBgTVBxCivi+gB6oaB8rHATztIqvIxqOQ57oq
gUSSx2lUvWHKAzhqWU0roak50FvsYE3ZG8pVIH52qaX1FoFSwdGEyfZ3DyID88Ys9HXToPriRN2A
xyIWBXSK0Dnlx1RsgnxCwFWH2zb66lzCQT0y/ECFUUFFr+bEKXt5djibWj+NusPJvdm17+2u9ZP5
k4/5ENn5TpEJeAHnuj82lCtWb4Phrkry1CeGdq2uLBxjC/BYt9Io9aBeGEjNWzN16b7MKqdcFShZ
/XGCPA7AgVDl0cefvGJYr/qwAbqgstlnL8nV0FG0fgNISZmC/vlqa6RHqWUr55P0ozUm7sHx5bq2
826xOsipjgGOqJ8PqRyO1iG9gApUHiqMKJtRVBJ8SEay2ld3uh1xX4gE9UjfH81E+7K46+lLv/UI
flRKfJ5tjMn4nS8LcIYbo/qHws1AmUXtd3QR7fcgjAqxAXgRb1xdX0L4aL+HYGV37QG8kd5+j131
iaw9hqmYT9c1mrHU2yT7SgS6ubCxk/x+vjkEGUrcHrm+PNvAYJ3/HtGFe/3E6qlC3ooEwvsGxWtO
H0gtvCGNl/XDVN3JHPYdfFWXlevV8Hofb/JUIjaWYdimaeGlq8vjiw1KffmOMNkehKFwUxxg7kme
byy8DtGgfz3fIHELA3jFKnmTLBhcZeGWdFvX0vGGpYm/ngCEl5vK1UTbd5RMta/844WKcKF+CqCh
4IVz8kG+W900R9XL1mkhacCmyzML/4GUwg3BEjvs9hBUZSV53EWp1KfC4H8wzbq4pIZOs+H9+/8F
NgfLgQ==
===END CRASH DUMP===
