PocketMine-MP Crash Dump Wed Aug 11 14:18:25 WIB 2021

Error: Undefined offset: 2
File: plugins/MyItem/src/hachkingtohach1/MyItem/ability/Manager
Line: 138
Type: ErrorException

THIS CRASH WAS CAUSED BY A PLUGIN
BAD PLUGIN: MyItem v1.0.7

Code:
[129] 				$this->ability["WEAK"][0],
[130] 				$this->ability["BLIND"][0],
[131] 				$this->ability["HUNGRY"][0],
[132] 				$this->ability["HARM"][0],	
[133] 				$this->ability["SHIELD"][0]
[134] 			])){
[135] 				$result[] = [
[136] 				    "TYPE" => explode("|", $ability)[0],
[137] 					"STYLE" => explode("|", $ability)[1],
[138] 					"DURATION" => explode("|", $ability)[2],
[139] 					"LEVEL" => explode("|", $ability)[3],
[140] 					"TIMECOUNTDOWN" => explode("|", $ability)[4]
[141] 				];
[142] 			}
[143] 			if(in_array($id, [
[144] 			    $this->ability["FREEZE"][0],
[145] 				$this->ability["DARK_FLAME"][0]
[146] 			])){
[147] 				$result[] = [
[148] 				    "TYPE" => explode("|", $ability)[0],

Backtrace:
#0 plugins/MyItem/src/hachkingtohach1/MyItem/ability/Manager(138): pocketmine\utils\Utils::errorExceptionHandler(integer 8, string[19] Undefined offset: 2, string[96] C:\Users\Fox Main\Desktop\FoxCraft\plugins\MyItem\src\hachkingtohach1\MyItem\abi, integer 138, array[5])
#1 plugins/MyItem/src/hachkingtohach1/MyItem/ability/Manager(567): hachkingtohach1\MyItem\ability\Manager->caculateTagAbility(string[40] ability|register:item|register:2|1|100|1)
#2 pmsrc/src/pocketmine/plugin/MethodEventExecutor(42): hachkingtohach1\MyItem\ability\Manager->onMove(object pocketmine\event\player\PlayerMoveEvent)
#3 pmsrc/src/pocketmine/plugin/RegisteredListener(80): pocketmine\plugin\MethodEventExecutor->execute(object hachkingtohach1\MyItem\ability\Manager, object pocketmine\event\player\PlayerMoveEvent)
#4 pmsrc/src/pocketmine/event/Event(88): pocketmine\plugin\RegisteredListener->callEvent(object pocketmine\event\player\PlayerMoveEvent)
#5 pmsrc/src/pocketmine/Player(1668): pocketmine\event\Event->call()
#6 pmsrc/src/pocketmine/Player(1781): pocketmine\Player->processMostRecentMovements()
#7 pmsrc/src/pocketmine/level/Level(854): pocketmine\Player->onUpdate(integer 172)
#8 pmsrc/src/pocketmine/level/Level(787): pocketmine\level\Level->actuallyDoTick(integer 172)
#9 pmsrc/src/pocketmine/Server(2265): pocketmine\level\Level->doTick(integer 172)
#10 pmsrc/src/pocketmine/Server(2396): pocketmine\Server->checkTickUpdates(integer 172, double 1628666305.1322)
#11 pmsrc/src/pocketmine/Server(2152): pocketmine\Server->tick()
#12 pmsrc/src/pocketmine/Server(1992): pocketmine\Server->tickProcessor()
#13 pmsrc/src/pocketmine/Server(1586): pocketmine\Server->start()
#14 pmsrc/src/pocketmine/PocketMine(291): pocketmine\Server->__construct(object BaseClassLoader, object pocketmine\utils\MainLogger, string[35] C:\Users\Fox Main\Desktop\FoxCraft\, string[43] C:\Users\Fox Main\Desktop\FoxCraft\plugins\)
#15 pmsrc/src/pocketmine/PocketMine(321): pocketmine\server()
#16 pmsrc(11): require(string[90] phar://C:/Users/Fox Main/Desktop/FoxCraft/PocketMine-MP.phar/src/pocketmine/Pock)

PocketMine-MP version: 3.22.0 [Protocol 448]
Git commit: c32c21464c30cd7059a4cbfb0a7d7e493238a561
uname -a: Windows NT DESKTOP-BVRHES0 10.0 build 19042 (Windows 10) AMD64
PHP Version: 7.4.21
Zend version: 3.4.0
OS : WINNT, win
Composer libraries: 
- adhocore/json-comment 1.1.2@fc2f76979f0a44a5f5bc2a2b600d0762fe0e78e7
- daverandom/callback-validator unknown@unknown
- pocketmine/binaryutils 0.1.13@0abee38d4e2861621f262c79a2a3d699d8a697f4
- pocketmine/callback-validator 1.0.3@64787469766bcaa7e5885242e85c23c25e8c55a2
- pocketmine/classloader 0.1.2@9757928424652393b178a3760073113aa7c9911b
- pocketmine/log 0.2.1@830b44a2cf96ef703c550abe64302f230231ca49
- pocketmine/log-pthreads 0.1.3@e477ecf6ec214fdd4415ea1da3fdd9d73bf699ea
- pocketmine/math 0.2.6@43057cb8c179a9859677b496a788db922fd5cfc3
- pocketmine/nbt 0.2.18@9f82ca4d7f97fcd9a566e44b63c4f18a7657ae82
- pocketmine/pocketmine-mp 3.22.0@c32c21464c30cd7059a4cbfb0a7d7e493238a561
- pocketmine/raklib 0.12.11@9cce458b8bfde3e4dfdbf70c659fc7b7fe26b5c4
- pocketmine/snooze 0.1.5@70b5e7937a06878dd321a3182ceb76d56298f2cd
- pocketmine/spl 0.4.2@6b08b7cf8c4afa17139c9a1b3bf1b408531de161

Loaded plugins:
CoinsAPI 1.0 by hachkingtohach1 for API(s) 3.0.0, 3.14.0, 3.14.1, 3.14.2, 3.19.0
CraftBook 1.0.0 by hachkingtohach1 for API(s) 3.19.3
DevTools 1.14.2 by PocketMine Team for API(s) 3.13.0
FormAPI 1.3.0 by jojoe77777 for API(s) 3.2.0
GiveItems 1.0.1 by hachkingtohach1 for API(s) 3.14.0
InvCrashFix 0.0.1 by  for API(s) 3.14.0
MyItem 1.0.7 by hachkingtohach1 for API(s) 3.19.3
PlayerStats 2.9 by hachkingtohach1 for API(s) 3.0.0, 3.14.0, 3.14.1, 3.14.2, 3.19.0
Quest 2.5 by hachkingtohach1 for API(s) 3.0.0, 3.14.0, 3.14.1, 3.14.2, 3.19.0
RedSkyBlock 5.0.2 by RedCraftPE for API(s) 3.19.0
ScoreBoard 1.0 by hachkingtohach1 for API(s) 3.0.0, 3.14.0, 3.14.1, 3.14.2, 3.19.0
Slapper 1.6.1 by jojoe77777 for API(s) 3.19.0
TrumThe 1.0.0 by hachkingtohach1 for API(s) 3.19.3

----------------------REPORT THE DATA BELOW THIS LINE-----------------------

===BEGIN CRASH DUMP===
eNrtO4lu28a2vzJQCtS+EGVx0Vq4sBMrjV/t2NeWb3pvFBhDciixJjksF9tqm39/55wZLpIdJ03y
cPuAtGhNznLm7BtHf3QCmcW8uL4VWR7KpDN1up0ijEVnag6t8XA4tPuDnjM2bXPQ7ZSpnjJ79tC0
+tZkMLCcwWRkdTsRz4tZlsmsM/2jU6xTWNah99m9J2AfwO52YpHnfIlTV4kvgjARPpNBkItiyiyY
D8ooehlGuODFdLG4ygGrxeKlvGenPEwWiyOR3xQypaEXGQ+KxSKNymWYwKrT9XEh4sUiz7zFYsW9
1U2YLAuJT2Yzy90wCos1DPAEMMl66SrFg9WhGtieWr0HoPa2IFVTGs6eBgMgIqAGWGOPgYEZ9+D5
bedZn302yB0AtTtlqfRuRBED8MWiLMIIKL3CP9Op2ODuK574EewKk0LAbjbusrzI4JS35uQde4Td
9fxk+I7933G7yyqMkDWMZxlfvx282wWOPTO/gDuD4Qi488lyNn70uFdGvBBzvjxUkzuaAU7/HdPr
/8zEMswLkU1DANO8WX+af5r9/p8m4W2xNEZU8b9GPnuKmL1TUaykP7sVSTG7F15ZyGzHsf4asjI5
lbdiR7q/Cq/Y0AGBcFEQfC2yxeKc/uJiOpDQs59E70LTJPwT/JsAL8f9LUVTSwGfh6QYPwp6qpH7
ZKq67PPIcR4nh3bu0bKd8fgDBDwkFhUhitS2z8Nn8Dg+aumOORxuI6NhEgR1/A4BGj4NaDQ2twCp
GePHNJMeeNJTmRcXwgOoiGAMf3MFePQ44AgQifZO8P8744HzAeAyuUp9sJPak5gji6COPw51NB5t
QaXZxYKmjR+5V5RA/vpIzkPv5sEJk8dPuBQZhKcdyxoOnoTuPw7V7D8N1p4Mt8CqGRDVSng3CFNx
JG+D7jJflm4kWCtOmraljzSfPtIcWB84skAKFAzrSRjmZPIUjHOlIuB6FDD7aWCD8Yd4kBc8KzSQ
D1jiOT2ewuOONTE/AOf62pMJONzSq+3uOc/FC8gb8hPJ/Q/4Bx3yMCCdyCV5Ee217cGnh616k2N/
RqxTxA8+SrxtbROfK/YqANrcd0xclYnfyjATVQiaQAhKVzyb7u29mO4RdnsVcnsat70KtdaZxul5
D/c9htVu5937bkd8cU72FVMjwEfBuQ6TWxkppwXAfWCFV3SqWRhRsGDEk75A9E1rAsOLQv37XbEK
c/An6qi3i86b2eHPi867t/13Xdhk2v2nFj8/OX591F5tPrX61dXrny7+3V5uPbn88OJUL14UtNx+
avnlq+PZiUaGVjv16ne7u3/Q0KANIBN5GRVv37F99pZmh61ZBv8sOvN/n88WHbb/IxP3aQQM3Fl0
/lx0uuw7fe5uTcqotRn+7VzO/33ysb2m3jve2nt0dXE4Pz57/ZHtlt4+2dp+MvvX7OQje2211+lv
7Z0fn85enF29nh+dvfnY+Q7x2WnL/N0PNNTI9T29N4ILA/D915S87nwX+l3FeqeRFTL+gWxfXsxm
/5m1NMcZPKUKR4cXP1+/PDk8nTXq4AwfqIMzekodnPHnqsP7b4XLt8LlW+HyrXD5Vrh8K1y+FS7f
Cpf/YuHS7SzR5/EIU/+EY9O5s7EZEHNBCk3fumP3LKvXx/EyjHwoN8aO3e2E+bUvbjvTgEe5gPoi
k4X0JIB1nDEcEmL14dmWZ0Gm5Xh23/NH/cGEO54buH0+8kfCmdiWPeaDoQmwS43LmzDx5V3OXs/Z
0ezy5/nZufH8XxevZpd9ZvZ7fUY4MHPSdyy2Uy02+7vs8PRo6GChs0oBzKjn9CyE+7tIfKLBIRJg
9lrmeM7x69dzGKCXuzChgihOJfD5OgrdjGehyJFH3F8BXZnY+zWXiQFrdGVl9syedRB4VjAaTkaT
oM8dhw+CgetZ3HKH/b7fHw2tQPTFaCxGAN7nwFJIyWS8hw7f5d6NccujEPwI1pHAgZtE3iUH+i8i
20jPDROerUn1YWkfzjbtgz53hbDHviPA34DTMQNraHmjCbe47Q8nE3/MAbXA2QT16OFmr9+zD4YO
uGsH9gyHrsf5SAzG44HlWGI88CzbswZi7A0G3NoCiAYbkcFq3KyDyWgwmlhjx3KGA3Cntguxi9sj
YMvINk0bYHuTiWm6m5AiuSQIVs88GNt9FzhqecFkKIJR34aTkeChY/etwIL/2abHnckDCEZarDLB
/YpR9oFwRiPhBUOByhj4vuOYA8FNn9vwMvFHthsAtwTfBBXzYqWxGR7AoYOR5449E9g7GQ8mw9HI
dSZDPhqPfXdiWYE/8ALP3gSRuEVFz/hgEowtQNgfBSATz5+A4g+F47hD23MCc8xHw8GIi/EWc5tH
I05rYzz4C5bVApbxG9BtxRfAyTyYeJ5wBmN37Aa+sIXjB74LvPaGg0ngjdxRIKyhO/C2NChPpPxd
aPYODkZ9dyBGE3vE+8PxaOz74PW4bQK1wh0N/cHQmowDy/O3gKQRQQA7PRi6/bE78oKx5/CAmyMo
Yb0JN10QjOk6/fHANn1hAjXv6z4H2eYLCQ+H58ctX1YPdTuNBzPJ9nkJqWuWYxW2laGiW+RpiDM2
GAIutnum0zyY1YOlHiYwBXtEwiHeg3+BIAY+0BcpeBs8AOZyGRRH7YGYU//lQXJcYdw8YWMHzAk9
89nl/M3ZxckRDN0JN4cSBEEURZpDXLjjhbfKV2HRuxPCjdY98E57WG1STHgu5U2bMfXYFmf+Cm+A
cPvrEV5h1Hr8FNKBcog8YeRl616+hiSsl4hiz+f5ypU884kDR+J2LmWUtxhQD23Sr4XaYkATDtlc
8HiTAfbnS75CAFOLGhVN7eX88GJ+df6omCGWrkqXhNugtlfDAGpfyizeNINqZJNWe1vWv8pfpRjh
PxtUWp9PZAMREydCon74mHCRlJ/CW4HFYltyzdi26pp/QXWdr2izS8AI2wE6D/0Uwo6TW9DyfPUy
vG+R1h5tE9d/QNzXoiUufwOsFoswufXw5CC8h3JJRe9PIEO3jxsK6n7ypmRG/yWnUrUaarS+ijtR
lfBlwYu2XrZH2/RbvcnfN9y0kN54+eKg889S5EWLO+p9ky+Dvy9fCF3954t5cSH8y5v18wjcdYsj
7dE2XwZA7FYMgqUUE89n26by2RQ3ILEJVmMC9XiD00fN/xJLoedoFy26WoP/b7KuBuf28xcL/jLi
aSqyNnP0yCZnhtuh6wOR+EtoztXJnxaiHkk2GpT2KiKAwnlWxvOVaFFYjfxd8kqNT/3wdYIAVh48
A4oLsZ0mVi0XpED1d3ppJoFfBfUQOs/O6zf2QiZBuGT47XeRLZJn81Kw/ykjZo2Y1Z/a5tQasjfH
z+HFMnFBxJNlyZdiXyRLfI9l4e9vHM1UPw0n1eFGKrNi35yYtoWDd6CmwojCvNiXQYAjPElkmXjC
UD1tA9gWCt0u3pcJQUr5XWJgU0d4+C1p3xzS6fxeb8r3rT6OLIEjsfTFPr0FMgOw9Zg+D1jjo4lV
7+ltqo/xwyAIvTIq1vuEq+pN4TeFXBQFCDXfJyZQNxfVbT+/WbvkturhXAi/tQq/xu8fzV4eXp3M
cVSplPFbKbK1PlUPZR7QpVHC517K8/xOZv7+P+gfYFRZSCPnt0JvvA3FneEDJzlwb3+MQ/euvDdQ
y/WSjSK3t46xyH1GTTvmkehLoA8YShrAgF9sQ5igEQxUNhesYgDjmWDFSjCZgPoUK14wDwVYMFew
MPGi0hc+PLAHmoewLmUMOwMEsA0z54HoMgkzWY4gmZsJfsPWssw0LBYGDOQYBiGdACLEywTRGgG/
Fnc1ODCdgIMQc3Ynk+8Lhr6CZwy5FwOx2HBaI4b4WVbRfbcSCSvTZcZ9ANBbJKi7Cth0kTD27M1K
IGKskHBK4jMAoRu2wIOMJzl+t/PVNKEKOsEBMPAzEgXxC+3ZE2xFX0FxJEbISkMrq5oyal/iRL4q
C1+C0utrG1O26CjLYl4kc+EvOoTZYRTJO4bmBMhUXyvZbcjZP1HFcA3pmqGnpgx9GW2dkd7pPQzw
YmgVDCQGTEFo7pppVuJ6rab1dAvZZ29CYIhMgK/c95n6VJ0rtmKvn8WC52VGJs2A6a5ApIE54reS
R8g2rGASdssj8D87+lBwOrsIXZ0IBiLQkxjAdmyzT2Gazn5dxi5wBbTqMF8n3pznNyD47Ab0qEcL
roBbpNoVpbhslUnwOiA9WJ53cUPkM23vYA9dhu1XIAQDCPEGHDSOxWUCGoRLFPBLEi/QBFqWyfsQ
NEwAG4Ak0tykRg55qxE6DlBXcQ3qZJeFxffAviKjbb5AH0cqs7WZ7QANJdiNRWwhMgxN6ZRAbesq
J+XIyiRBcfrokGRKQqC+dd5jULbrZxaHyxUYMxZh3bbxacVBjmRZmRZqVDEMGRMDbpouEi4YJXWl
fWUQ/FaGPqD9OAaoI6hzEhgN2tVrKRosNtSiWtPA44Mnz9bKKH+KpAvag4GYqXGwgzgs0LZjseQu
BU52qVjdJ+aGOcKm7XOU2l1InCeNAqO9MxSgSslyojAIAUXwSPSZFMEEmRDVkUrJQVolmilbShCU
RDNFrcCDloSmQahNWR+pgNPJBavO8N+eAsxsnsIfA+qX4Z8XMiUUtPusUdLgcgbuA+Mh+L0KITy1
wsrsW45GjJzAG7IKjV/+/VfAkOyCUEKPwbwSgk8CwYepywao3VKhrCwSg1W9Wtx7kBXkDUXKcZ3N
Z1M2f3V8yU6OT4/n7PD8/OR4dsnOZxcM8sKfZxddBovY/AxWzdibV2cnM3Z+cfZidnnZ23YBG/yw
BkPNjnORhZICMjriHAmkj8YVN2pnawLvISXwybfQEgNcoVBulkBBrgh0goMGbUJ6P6RsSskgz8MA
mOAyfRhBVkDA9TaOXEUkOuMMYwjGedrQe7gadUGn5SC2VHiYDijOIrpKrmpvTQOol0jzhlS7r2nN
dx9HSVNua8qXPHPBMgxPRpHKP8kBPc5dMjVER+9iehf47pgndLlgAxNIzErQwd1uFRO2lbBSQxVe
gwBgKXrjxgR77Ez5fKXwkD3IMvJrXEIIIncJa/DPFeCU0AdCh/2+phVOe0nO4kGQJNVREGragkzG
VbBVu/UKo62abQkjNVqSD3SDPaJSG9pxWSWMKLIMTkI11Irsl3GqsiuVwjE9YeBEJa8jXKQ3EO6E
ZkUBvEGYB2PnjzAYgjYEPjjhFpQsz0uBjqFYgdSWVbaJTgtPa7DqVoJUOYJOKnsKG1z6QT5haeOt
yuQmr3B/wVMcDeMyhhgL4TVjVe6PgmSqEFJYNHxFe9GsJIt5qGOQbKcaIzrQwCy4hKDr1BI7kmpq
W6cxN0Kvp+CrxZUJKVh6YZsyyhwMD6o8UdN2BKhQrgLpI3IPsFMJhoKScqxJmNqjKGyog22an4qe
6mRc3GS7yMAIywAN92lQT+nhIoFaHAU21SECUrOVjFSK6WInhjJxQjnHy4VMBxnybary0bMqtLii
TjZVeHvWllI1hW41WxcIvMsMsyVAEh4dbBQVMjoEkNdu8lgqSTGF9BXlWMtQoo+bYVCj1WOvIBcE
Xdqn5I69OL/qwl7AwQX7ugt9UHvKFZT3rOEbBH/KhlXa3WTkOXGntbbHDn1wVCseBXtQSqoywReg
w/ooOJRhnwQVrGWITdhrAWuXIrN79GqYYvKoxxCJq/PkvEq2mwIQawlE6g57brCxTJPU0O9b1c2p
tro8/F3U8sS0vBJjjgFPp0yQtiv1aIVWZ2KpTbs9dq73RDxb0gauK1GtC3RikPElkoDXYaH8TSPK
WLC8jAF5NHaeoZxeRCF2Sahexgs7Ii/Y6fyKMM2BJCTbLQuG9TmJsjlOFRe9ytfERWngrilhi1ru
C7dcTquC5UdmYqGi07UVmCrNM12e5qqgRk1OcqkCl9YGE4Ep56SgvVhJKGBRA6s6RVSVKHkwnxec
5fy28pTY8ah6QzjXKmEBMWrNqYRF9yN+lWGiimHqDH3PfnHlPWp9xo6P2M4vV8dHu0AzqDzgAOvv
wN2DJt2GEOpAMbB+yaB46TUZIGiCpCXE7AQ0/ZfnJxV8Xdu0Rr6nw7A/REETsg8scikME22y6o7o
ENJq2gQBHQtzYbA27svQb6jlkKaAcxO8qNwmkK/uO1VVAFWQGlFQG0g6KSNLpBeFKaO9oDWnfA0a
g5VkrK9l6oimwwC5YqOaU0fmjQOs+lztBsmcOhxK3dUvjZUsaK3W7TLXnRYPDLlQrk7vMdSeKUsh
R7oNIzxGuXHtovQpGId4sqzrhAS3RdvhsFut2miQPdqUUkI+jGWJFhyoeKMNGlmpRYzxFT0UtSNA
DfGZAiRsvqBw2dpMhCdClb+uUMBcEaD9USOTItyq0ndScepvbgReRT4eVJMPfojxbVT1VVs4TUBM
ewzL/uNo8gwggX5UZgfIVpvxb42NTbaMzQGjVLdMW77Rw5hKB1FLt22aR3QYdUdzckDIT5GhpJm6
eMY0dUw3U6oATns2SAd4BrPYM7aEMixv2NM0bGoO9R6ySLumOx5SnQZuEooYJZtUpnTnnpRRv2Ak
ozXaIdrkDinBN1LtxDCWoF+CYKdTZ2rOqhbVVAdx7KhR2aiGVQzU8gJEml5Hy8hR3w38LdTWUG1u
m8PpCrLNQLYkAlZmqK8n9cqVRMkQKr00jtNeKAljcGTrGMseMJACO4he3qCOtZyeZ808kUBOjC+X
GRTQqlmmO2uqgYA/LrnZpo/wAws+OzrDu6WGdvkq8qFTuBMqt+ZgOnd0Yk6INwTQWK/VzoZAW3Ne
qaYSzgOmgkDVvFYmiPF4d5IiVTtFpHHZZh1k3QnqSatz1QX/mK54F4bRl2eIV5WFgesNRAaZtoEe
KMHwp2araKViBd/ohOnPVK3wWkLGCZGcvFjlLDRAkryar854IGlFa1vURRg3vlrHXwSK69ES0DWj
ZNFh4oHU4tObqnZurzlAz7RPqLj5dITXbltJV1lFq3OiYQD4QvOz6pGs9CB5DCxydN6sPQa2nKE0
8SlxDIMaEFQfQIj6voAeqGocKB8H8LSLrCIbj0Ke66oEEkkep1H1hikP4KhlNa2EpuZAb7GDNWVv
KVeB+NmlltY7BEoFRxMm2989iAzMG7PQ102D6osTdQMei1gU0ClC55QfU7EJ8gkBVx1u2+ircwkH
9cjwAxVGBRW9mhOn7OXJ4Xxq/TDqDib3Zte+t7vWD+YPPuZDZOc7RSbgBZzr/rivXLF6cwa7KslT
nxjatbqycIwtwGPdSqPUg3phIDVvzdSl+zKrnHJVoGT1xwnyOAAHQpVHH3/yimFG9WEDdEFls89e
kquho2j9BpCSMgX949TWiEGpZSvnk/SjNSbuwfHlurbzbrA6yKmOAY6onw+pHI7WIb2AClQeKowo
m1FUEnxIRrLaV3e6HXFfiAT1SN8fzUT7srjr6Uu/9Qh+VEp8nm2MyfjalwU4w41R/TPgZqDMovY7
uoj2exBGhdgAvIw3rq6vIHy030Owstv2AN5Ib7/HrvpE1h7DVMyn6xrNWOptkn0hAt1c2NhJfj/f
HIIMJW6PXJ6fbGCwzn+L6MK9fmL1VCFvRALhfYPiNacPpBbekMbL+mGq7mQOekN8VZeV69Xweh9v
8lQiNla/b5v4M+Zu5/zobINSX14TJtuDMBRuigPMPcnzjYWXIRr0L6cbJG5hAK9YJW+SBYN3Wbgl
3da1dLxhaeKvJwDh1aZyNdH2mpKp9pV/vFARLtVPATQUvHBOPsh3q5vmqHrZOi0kDdh0eWbpP5BS
uCFYYofdHoKqrCSPuyyV+lQY/AfTrLNzaug0G96//1/eu74D
===END CRASH DUMP===
