PocketMine-MP Crash Dump Wed Feb 2 17:23:29 WIB 2022

Error: pocketmine\item\Item::setCustomName(): Argument #1 ($name) must be of type string, array given, called in C:\Users\tranthien\Desktop\FoxCraft\plugins\CraftingTable\src\hachkingtohach1\CraftingTable\CraftingTable.php on line 284
File: pmsrc/src/item/Item
Line: 152
Type: TypeError

A PLUGIN WAS INVOLVED IN THIS CRASH
BAD PLUGIN: CraftingTable

Code:
[143] 	}
[144] 
[145] 	public function getCustomName() : string{
[146] 		return $this->customName;
[147] 	}
[148] 
[149] 	/**
[150] 	 * @return $this
[151] 	 */
[152] 	public function setCustomName(string $name) : Item{
[153] 		Utils::checkUTF8($name);
[154] 		$this->customName = $name;
[155] 		return $this;
[156] 	}
[157] 
[158] 	/**
[159] 	 * @return $this
[160] 	 */
[161] 	public function clearCustomName() : Item{
[162] 		$this->setCustomName("");

Backtrace:
#0 plugins/CraftingTable/src/hachkingtohach1/CraftingTable/CraftingTable(284): pocketmine\item\Item->setCustomName(array[2])
#1 plugins/CraftingTable/src/hachkingtohach1/CraftingTable/task/OpenRecipe(24): hachkingtohach1\CraftingTable\CraftingTable->seeRecipe(object pocketmine\player\Player#36008, string[16] MINER_CHESTPLATE)
#2 pmsrc/src/scheduler/TaskHandler(117): hachkingtohach1\CraftingTable\task\OpenRecipe->onRun()
#3 pmsrc/src/scheduler/TaskScheduler(141): pocketmine\scheduler\TaskHandler->run()
#4 pmsrc/src/plugin/PluginManager(467): pocketmine\scheduler\TaskScheduler->mainThreadHeartbeat(integer 722)
#5 pmsrc/src/Server(1753): pocketmine\plugin\PluginManager->tickSchedulers(integer 722)
#6 pmsrc/src/Server(1642): pocketmine\Server->tick()
#7 pmsrc/src/Server(1034): pocketmine\Server->tickProcessor()
#8 pmsrc/src/PocketMine(301): pocketmine\Server->__construct(object BaseClassLoader#2, object pocketmine\utils\MainLogger#3, string[36] C:\Users\tranthien\Desktop\FoxCraft\, string[44] C:\Users\tranthien\Desktop\FoxCraft\plugins\)
#9 pmsrc/src/PocketMine(324): pocketmine\server()
#10 pmsrc(11): require(string[80] phar://C:/Users/tranthien/Desktop/FoxCraft/PocketMine-MP.phar/src/PocketMine.php)

PocketMine-MP version: 4.0.0 [Protocol 475]
Git commit: 468faa464b2bc5c97f23fafbb71ea61035f6f218
uname -a: Windows NT tranthien4-8sin 10.0 build 17763 (Windows Server 2016) AMD64
PHP Version: 8.0.13
Zend version: 4.0.13
OS: WINNT, win
Composer libraries: 
- adhocore/json-comment 1.1.2@fc2f76979f0a44a5f5bc2a2b600d0762fe0e78e7
- brick/math 0.9.3@ca57d18f028f84f777b2168cd1911b0dee2343ae
- daverandom/callback-validator unknown@unknown
- fgrosse/phpasn1 v2.3.0@20299033c35f4300eb656e7e8e88cf52d1d6694e
- netresearch/jsonmapper v4.0.0@8bbc021a8edb2e4a7ea2f8ad4fa9ec9dce2fcb8d
- pocketmine/bedrock-data 1.5.0+bedrock-1.18.0@482c679aa5ed0b81c088c2b1ff0b8110a94c8a6c
- pocketmine/bedrock-protocol 7.0.0+bedrock-1.18.0@040a883a4abb8c9b93114d5278cb5fecc635da82
- pocketmine/binaryutils 0.2.2@f883e1cf9099ed6a757a10a2f75b3333eeb2cdf9
- pocketmine/callback-validator 1.0.3@64787469766bcaa7e5885242e85c23c25e8c55a2
- pocketmine/classloader 0.2.0@49ea303993efdfb39cd302e2156d50aa78209e78
- pocketmine/color 0.2.0@09be6ea6d76f2e33d6813c39d29c22c46c17e1d2
- pocketmine/errorhandler 0.3.0@ec742b209e8056bbe855069c4eff94c9734ea19b
- pocketmine/locale-data 2.0.20@a6e4eb22587e0014f6d658732cf633262723f8d3
- pocketmine/log 0.4.0@e6c912c0f9055c81d23108ec2d179b96f404c043
- pocketmine/log-pthreads 0.4.0@61f709e8cf36bcc24e4efe02acded680a1ce23cd
- pocketmine/math 0.4.0@6d64e2555bd2e95ed024574f75d1cefc135c89fc
- pocketmine/nbt 0.3.0@98c4a04b55a915e18f83d3b0c9beb24a71abcd31
- pocketmine/pocketmine-mp 4.0.0@468faa464b2bc5c97f23fafbb71ea61035f6f218
- pocketmine/raklib 0.14.2@e3a861187470e1facc6625040128f447ebbcbaec
- pocketmine/raklib-ipc 0.1.1@922a6444b0c6c7daaa5aa5a832107e1ec4738aed
- pocketmine/snooze 0.3.1@0ac8fc2a781c419a1f64ebca4d5835028f59e29b
- ramsey/collection 1.2.2@cccc74ee5e328031b15640b51056ee8d3bb66c0a
- ramsey/uuid 4.2.3@fc9bb7fb5388691fd7373cd44dcb4d63bbcf24df
- rhumsaa/uuid unknown@unknown
- symfony/polyfill-ctype v1.23.0@46cd95797e9df938fdd2b03693b5fca5e64b01ce
- symfony/polyfill-php80 v1.23.1@1100343ed1a92e3a38f9ae122fc0eb21602547be
- symfony/polyfill-php81 v1.23.0@e66119f3de95efc359483f810c4c3e6436279436
- webmozart/assert 1.10.0@6964c76c7804814a842473e0c8fd15bab0f18e25
- webmozart/path-util 2.3.0@d939f7edc24c9a1bb9c0dee5cb05d8e859490725

Loaded plugins:
Alerts 1.0.0 by hachkingtohach1 for API(s) 4.0.0
AntiInstaBreak 1.0.0 by PMMP Team for API(s) 4.0.0
AuctionHouse 2.0.0-BETA1 by Shock95x for API(s) 4.0.0
BestTools 1.1.0 by KRUNCHSHooT for API(s) 4.0.0
BuilderTools 1.3.0-beta2 by CzechPMDevs, VixikHD for API(s) 4.0.0
CraftingTable 1.0.0 by hachkingtohach1 for API(s) 4.0.0
CropGrowth 2.0.1 by NhanAZ, kaidoMC, YTBJero for API(s) 4.0.0
DevTools 1.15.0 by PocketMine Team for API(s) 4.0.0
EconomyAPI 5.7.3-PM4 by onebone for API(s) 4.0.0
FCCore 1.0.1 by hachkingtohach1 for API(s) 4.0.0
FormAPI 1.4.0 by jojoe77777/DragonfireHD98 for API(s) 4.0.0
InvCrashFix 0.0.1 by Muqsit for API(s) 4.0.0
InvSee 2.0.1 by BlockHorizons for API(s) 4.0.0
KeepInventory 1.0.0 by NhanAZ, KhoaGamingVN for API(s) 4.0.0
MaxEnchants 1.2.2 by Xenophilicy for API(s) 4.0.0
MultiWorld 1.7.0-beta3 by CzechPMDevs, VixikCZ, fuyutsuki, kaliiks for API(s) 4.0.0
MyItem 1.5.5 by hachkingtohach1 for API(s) 4.0.0
NPC 1.0.0 by hachkingtohach1 for API(s) 4.0.0
Napthe 0.0.2 by hachkingtohach1,tungstenvn for API(s) 4.0.0
Netherite 2.0 by Wertzui123 for API(s) 4.0.0
PlayerStats 3.1.9_BETA by hachkingtohach1 for API(s) 4.0.0
PureChat 2.0.0 by Vecnavium, 64FF00 for API(s) 4.0.0
PureEntities 2.0.0 by LeinneSW for API(s) 4.0.0
PurePerms 1.4.5 by Vecnavium , 64FF00 & ProjectInfinity for API(s) 4.0.0
RedstoneCircuit 3.0.0 by tedo0627 for API(s) 4.0.0
ScoreBoard 1.0 by hachkingtohach1 for API(s) 4.0.0
Shield 1.4.0 by JavierLeon9966 for API(s) 4.0.0
ShopGUI 1.0.0 by hachkingtohach1 for API(s) 4.0.0
SimpleHome 1.1.0 by CzechPMDevs, VixikCZ for API(s) 4.0.0
Spyglass 1.0.1 by ItsRealNise for API(s) 4.0.0
VanillaHopper 2.0.1 by ColinHDev for API(s) 4.0.0
_NewAlias 1.4.0 by Javier Leon9966 for API(s) 4.0.0

----------------------REPORT THE DATA BELOW THIS LINE-----------------------

===BEGIN CRASH DUMP===
eNrtXAtz20aS/itT8tbF3hNJvAlwyynLkhxpY1k8S45zu0y5BoMBiQgEGDwk0Vv579fdM3hRsq0k
SiVVF9duRAxmer5+dw9A/mcvzos1rz5cy6JM8mxv5uzvVcla7s1Mz7GnwdQxgrHlB4Y93d+rN+qW
PR07OGIGjuVahglrUl5Wx0WRF3uz/+xV2w3M2ruEP2psf28ty5IvcXSTiytZrZNMLhZJJdeLxSn8
dzYrZXVYl1W+fsPX8umzGTsolvVaZhV7YrKnf8tg9BlbwwwWSpbHDDdhZVUk2XKf8aLgW7ZMrmW2
zwRPUxmxJGOHs8XiXQmsLRZVwbNqlchssTiS5VWVbxaLV/ntYcHjarHYpPUyyWAaXQPJSx6mALAs
xGKx4mJ1BWNVjp/MO5MGl+PNasPyjKXAILN8B3iP6zR9laTE/IoXs8nkcDYhWJMW1USDmjSYJnOS
0xmQGZ3Nx7hwAmgmKLIJSgw3QuKa8BpvDibATQQBmnQtUGrBBXz+994Tg2luJwPgtHiH1Z0Zg6un
wBxo6X51jr4eqpP082/rh2cACtT5awFUvLyanG9k9laKZAMQEMEvUg8Ck3p1Hv4oRTXgYJPyrSwW
izn9fWJ7huHvayv7t+n9wM5O3xy//XB4cnxxOX99cHlMDFmsE38pVjKqU1lMLgHsCc8i+PzUNKcP
QIrsLRYdf6Ov8+xtnT2lTexPbnLRXD01HXNHJe3MxaKHZ/R10ZB1emSVWiZz+nPGM3DY4qnjTT9P
s91+9PWaJ9nlqpA8OpG8qELJq6dJVkmgw6aWRRu6vQ0vZHGNsKeuvbOHgoKK6GEZfV0lotuvvEPb
u4e251g7tNUdRUwJYXrPOsN2PrNuXuQCQlpeKAJ+j0DnuE9tw/wEjQ8fRJ6BXdWiauzwJS/lIcTR
8nXOIzA+a5/dY6F1laQQp85A0q/z5RKNtDVQGwz0wSGvXeU4P/yKQElsB59g29oVXamEqtzfUKvA
KWBWIX+qk0I+1WB84wf224NkN4xR8tneDz/v78m/stP92elBCQQEqFB8SLLrPL2WyDssS7IItCeq
veY+jA12hBsijyQK3nRsuLuofoYx03HgM31waXBTh2kiWFxnooJChC2HAmczLc3/0BqP1oDYZFUX
GfsbyK4cfS3aBf+gWdPedn6zXUCDk7//Ha9cg67Y39mLPim6ZepbE7qy7kU5NAuFkGlrmDEUIuF1
bY33HXrvbAYRTFy9u3zla8shuK6jJ93hhj1XNNU09x7e1R2v49edan5df8Bv8El+PaPPr2fey69I
Ia7v6KXl0rOGDAyFs9hb7AGjP/9VivxVivxVivxVivx/LUWaRFliSjwA26noE8Z3CJ96YH+vbcj3
zLExNmCE19UqL0oMnDvei0T5JsE7Dk2Ga5mhI0d7M1Cs3N+LJLhyhIvhXpnH1VF/AJ0FdroTFBSa
5i/WA2APMHF+fnH5/vzt6yMYupFhCdEWl1fVpgRp3fBKrMpVUo1vpAzT7Vjk6wkG/oOsSk7B1PhL
8MurPtfDG1/gfn52NmeXkq8fi+/Neg2WNQSh7PpLLBNXNeXGk7wuZZ+n/nCfIwuhjl4eXx6YQ74u
VmArgXv729jaOwZ3ztfbg/npXsdiqWkvFlzhWiEuYHqI8ovMvpRldZnnad9mu7Gh4sxdxX379t2b
w5OLkzy/fCzV9UguFi2QhyvvZZ2kEOHusNQfHnJlg/JCWXFryNvhRylW87MjeY0Lvktuk6uTo8fi
UiDxzToC4otFqLBVitEdpA9y0GVSreqQ3LIHezIgBbIZ1vGdcHbr+z9FqPpcpfUQuYBYQLxJKort
uNxWshxnsppEvFyFOS+iiRJIvvmmyG+q1UAa7eCul+/495sVzw7+BWNXPInys0P49L+XL/8pi/yx
pKJ2QO4bTA/zhHsMQ4MFrsE2dt2jHdpxePdOqG6z36MG7GZ/rAuud0z/4vLg7eW7+Zf465BNWhrA
bC94duz2BvsMu+Pp2B7Nz5whz3kmQ/j/Y/GqyS0WUqEAmovFANEXg9yrw8O86HuwHth1XfOPcV2F
pvn7WM76Ki/WQzU2I0O2nV2b/TH/MZdT/Dc5Kvgyz2IoCk+OAv+xBNBtgOUsYWo/PESdp9k1hLdy
9Sq57XHXH+1zaNxV7Fn9E5B7LHbWRA1a7uxaIIA4gSpDNQ4P5OZCyiEjOPCFYPoyBQc+yYvkIzQv
j8XKgOhioZD8Ema+lXIDq2RW5cW2x9Nw/Asps80T365y/g2HtmX53ZvHThEDRI+QJc747XEm4HLQ
zvRHh1xb450C6nuZ5ZtVkiZi+1i89kgihy2UwcVD1HpWp1XyPi/SqM9bNzhkbaorRPuLFeLhv+jx
4LauyvoqocogTZKr8nepG9eI9wbxAv997L+lZuwRQjlt6dy4J6OtPkjuy8cdu39MolFomr+PlWje
zA97HOPVn6QkBii/zLE/2bi/4Ztq1Y/RemA3z1ifZXS/qrNlWcnsOvv9eCZgzd+H+PYbCRMLuu7Y
a8d2stCQv/fQhX2sE9OyH4ufjiKw0ID41dG5ozbpOAKW1ZHyRcUHsbo/2mfbhkY++IDnFX+MGfdw
DS5+s1XP60IernjVl0EzdOfAZsj7d1Jk/DqpMYh4zqtXhvGL2Kd95rJYU6TfOb95xelIppxDX7gP
Oew6yetyfjxqxnunOh/U3iAWjbv79BDTx7nHWZVUiSx3hNAOf0EQr2WSZfLi/WNpPyV6i8UGMEiN
QTHVQ/TLOr0G4mRARbOvlDDkXY3tdgnuJyyA7TOlBfZfDFSGp+Sn0DJkSfVodcxAzYSu9/Ehin4r
o7KCJvIwKUSd9A1+987Q8e+ou5JRbnjW9LE4a+gtFoUGIhSQxeIusi+yeSGgf3yJibnHYW9wJy//
MeGsw9P//JuD2cUqkYPyVA98odn9J9iwLF7LPAsCz3sspodUgU/C0vx9kCpX+eabd6cDftTIn6S4
0nDaD49VTV4k600qT/J1vx7pDX7hiP3+JuP3aCdKwrQCTCCDPr7f0k5crHmazvUj+R5VFMxmu8RH
kn2xNENfOMg6rcq3kqdvkvLRTuV6JIF9jePhjx2+41mSpvwk32xk0eNoOP6FI5DDPE2yE5DbYzHV
ElwsBkB2Ln+NjluowPyHN/LmIE14X5Xd2IMCFvu9IxZh0X9+Bb9DchNF5md8iYoXwHAld4/Hm2fG
hP8WeqSSSj0QkDq63fNR/3iiEIo1xwcQ3YjgKfADa/tj+fpDlFcQXwaj+t23bqAu0v51xKvB/ThJ
KzkgvFxv+pcrCF7960Tk2XV/4MeSNNler0P1eH0wlheV7iFN6iHLiiNDUX/SRgzl8FbGqaSKuD9a
kkTL4VCEhXpv5GL+erD9tvwpzXAz/Ym1t6r8SmbJx6EIbm811wgXfXLL1ym5qEWXH5ONCs4BFY0f
0yTsL4fL2/VQ6jnCswzDNk0rgIH50fmA9Sj/QNB2B2EoGSosB9Muy8FEFUa/PxvwvIMALvFVmR0+
1+kNtoyDQWircSZK2NHZd77asb1VnV3RyyEWCckmqSTLMMk4nopCYWmNPZSEvIZyINSTkBRkxk2V
6wFLCSsCRSuzNHS+617n+NDt1buPrzQmWZwP7Da6o/JkYCUkSrs/VEhwD/TDZa1ssaH/L3A3dj4X
UAn0hI/evdrofXFHmcmCp/3mou/u6Mq8lN03L1p50gPevZll2BaIrfwA+XZvFvO0hGC2KfIqFzlQ
daYu7IHF/J7j+THnjueEVihcEUxjy455HIZTU3LPNGw39mLL9IF2raG8T7IovynZm0vWvtPijPwy
yZgJKBhhYOZ06tnsaTNZvTHELMP0nrGDsyMPn3zh1xB6QvsoyZOc1l5Wmw85Kuf96Zs3l2iheHFD
aRKC1CYvZfEBtFzwQnehPFrlWBdPMHSMYI5+1RSrHetFLKx46gXTIDa443A3dkNhcSv0DCMypp4V
S0NOfTlFORaJuJroaGmMg7H9QnB3Gpl+bFh+7DvxdDoNLdPzRWQGphkakZSW7dhcUigEXiEMQTTH
V3ZDLq5G1zxNIETie8Qgyassv8le6L9odssiL0s5AZZ5meELlNcW2vULy7CCwLBtAYpwbMOQoed6
cip96fsidq3IjDwvcHBXCNiFLCUvxIr4X3NVIexdk3W88MNQGJbJfRmFlnT4VHIr9nnkxDyQIoiE
tGIR+tHASyahjAq4GgF2ro9gjf9uBkGuoL0Xjm8Jbxpw7srICH1TGADOCs04xivT4IEjfO6J+yl3
drk3RaC71A3H4L5vc4eHoS+CMIBQ50SuNfVF6MZSCM92I+5bO9QpYnTubaEBABlpijgwgkBGHp+6
Uw7owCrc0IZ/0BZZIoqDIaV7VYilov3Cc6b+1AGT8rxQcJCo6/uu5VjSd4VlC8uVvnBdvgNNYMGX
5jpmIjQQYSC5bdhBYMs4ikM7EJFtWNIyXS9yDSDtW0YA1rlDKU/zjoYRhNIDr42m4LLStiPPN8Fw
gsgKhGUJxxPmVJrRDhp6uX2l3qhswukLKaaOFeKWvuF6YQgMuYYXCEfGMSgzmNqO5GYQDkmlOdYT
jalg2WkZL7gnHZCr5fpTaRimE3uRB59tS8SebVvQwUPE8SN7l9SSwDgIxhOBaQkD9Oa6wgcObNPw
pQDjn4I5eLFjOMJw7lIY9TKOIuWZ8RSZErENGhOWA9jA7S0uIjAI3+AmeIEtdnygjQNEIvIcabmu
G0aWDNDiLcedQkBwI1gcC9MGjEG8Y+xZWLXCDXzhcMMJwTIC05UQU3w7skMDbBsEBY5p8hDUbw4p
dB9HVEcpp/4F8btHq+BXqrKASOuAY0ib+55pgi1PDWnGHHzKs1xwPBOCneNMJYSOkEtxH5VRshFN
QfMisCzuOY4DzHhiGnEICfg/37ZMA2xPCmdq+1zuyLfM8vyjbBL+C4MLH2I12LwpHDPgZgwSB/8C
p/dtF+OvG0iLjA8q4lJu0Q+6go4eEL4Q8G/qSOlK2/KhOgrBkxwjdE2wZynB3sLQ84TBOyJ1naj0
A5EXckUAMoxD1/Z9LzDjaGpPwS4cJxKhE3mwWsSWE8W4fFWvS86b9XeDe7ldx3m2BQ2mW6gv0lFT
S18DVJuUKKLAnQZTGUD0sf04iqzQsL3AhgAHeUeCeg0wrvtoQcbwjZaW+QLCrQF5SEYmDyAIcKAW
cGlaENsheUDGMizXmYafpGX2cEkPjCKI7QjtPIYUFDg++KppCEfYAMoG5w3gv6qlWecfeVFNILbJ
QiddtFAv8BwxBWvwDcc3He47FhiBNEDHkemGPDRi0weHGhDZgMeNMHhTHEEsUWAH8VRG4LMCTCIM
A4E51xWh4UaQDQFbYEyBDLVKrW2Nt1StPmHYXjOBb2Qs64LTNxKw1mNxXrBBcbXInrDLFSRS/IYG
vgdWMl5IVq0kyzNZwgdeMcGzLKcv7CSZSOtIfStHvR88hoQGiZeOn4HWRb5WX+u5S7PksdxnOT5e
KZEkC/H1UbbN60LTYknM1tCExAntALUNfmMm3SJhaHtbchOodHmdViW7ybOvKoapnxcMmt8cgleC
KWyLCPHbFYrvm5XMWL1ZFjwCAuNFtsgaYrNFxtiT9yt67sOqHHaBohVI6HetS6r7SqysI3WboKro
z0CeqaxIXnhiJSRTyQVH1kgZJC7kKOVYGy/ljFF5ijfKVV1BsZiN9HeqZmyxp+tGkUKxFy32CNlB
muY3LE1KRNt8C4NdJ5z9Ty2LLc75CT+M9K0Zw26elh5Tf6/XMMDFsFxkoDEQClILt0yLEuer44BR
e7sH9sl78BiwCJArjyIGlZcSP4oVX61na8nLuqAvOzEQeigRNAhH/lTzFMVGX+piUFTUkj3Vm0KB
/Aypqx3lqJAbaHBHIHZ8SX4Gt2nvN/U6BKmAVR2U20zg9xdA8cUV2NGYJrwDaZFpN5zitFWRZ3kN
2oPp5T6j5/lMtRroD/sMi2pgBHsKkg34I46t6wwsCKco4hekXuAJrKzIbxOwMAliAJbIcrMWHMpW
AzqN0VZxDtrkPkuqr0B8VUHLIlnhFwTQZHYWs6fAQw1+Y5FYiI2R5nRGpHZtlZNxFHWWoTojbBPz
DSmB+pJyzI7ktf7M1slyBc6Mrx7t951PGw5KpCjqTaVGlcBQMGvApvki5YJTUq8RKYfg13kSAez7
EaCNoM1BwZ/g9+p6hgaTR2pSa2mLbC1hu61yym/SPATrwaMopsbBD9ZJhb69lkse0tEwu1CiNki4
SUnvteLyS9TaTUKSJ4sCp70ZKUKNkZXEIb64Bh+YxNd8kExcSNlsqYwctFWjm7JlDorK0U3RKnCj
JcEcEbQZM5AL2J1CsKrI/vQc4Nne5/CvoK3/bfjLKt8QBB0+W0iaXMkgfGwwm0YtINy1QWVC3amB
URB4T16h8ZVfPQJC8guChBGDiRqSTwbJh8lbKWoKvrmCrDwSk1U7W94KKaOy40gFrvPL4xm7PDm9
YK9Pz04v2cF8/vr0+ILNj9+y9+dvvz1+u89gErs8h1nH7P3J+etjNn97fnh8cTHeDQEDeViup8Ux
l0WSU0LGQFwig/StyUYabbA1QfZQEkQUW2jKCEKhVGGWSB3mGfAJARqsCfn9lLEpI7tZYWbF78hC
CFLTiLIiAqG3C+QqI9Ee55hDMM/TgvHd2WgL+mAa1LaRAssBJVmEq/Sq1rY8gHnJTdmxahua1/LZ
/ZA057bmfMmLEDxj1FXWFIDuly65GsLRq5heBbF7zbOaio8+EijMarDBZ/tNTtg1wsYMVXqNocmv
FL/rzgXH7FzFfGXwUD3kdRq1WBJIIjcZ6/CXivCG4AOjnmFoXmG3VxQs7iRJMh1FoeUtLvJ1k2zV
aj1j1DfNvoaRG63JO7bB7jGpgXVcNAUjqqyAndAMtSFH9XqjqitVwjF9Y4Q3Gn0d4SS9gLATzIYD
uII0D87O7xEwJG1IfLDDNRhZWdYSA0O1Aq0tm2oTgxbu1qHabxSpagRdVI4VGpz6STmt+e2IDmXL
Bvsh3+Bosq7XkGMhvRZIvOIZVJWgSKa+6KpQdHJFf9GiJI+5a2NQbG80ItpwhFVwDUnXaTV2lKtb
uzaNtRFGPUVfTW5cSNHSE/ucUeUwokPflrcjgEK1CpSPKD1ApwoMRWXDsSdhao3isOMOlml5Kn6a
nXFyV+2iAPFL1w3dz5P6nB0uskxWqLCZThFQmq3yVJWYIb5XQJU4QYaqCUxIJxmKbarz0XdVagll
W2yq9Pakr6XmFobVYlut6JcQRmZPgaQ82nhUNWB0CqCo3dWx9KAAS8hIcY69DBX6uBgGNawxO4Fa
EGzpORV37HD+bh/WAoYQ/OsmicDsqVZQ0bOlPyL6M+Y1ZXdXkZcknd7cMTuIIFCteBpPoJVUbUIk
wYb1VrApw3NBNLCeI3Zpr0es34oc32JUwxKTp2OGIN7Ns3lTbHcNIPYSCOoG3yCBhfUm24z09U53
c6a9rkw+ylafWJY3aiwx4emSCcp2ZR691OoEllr0bMzmek3KiyUt4LoT1bZAO8YFXyILoBMQW7lJ
qWLB9hIf7KOz8wL1dJgmMEv1y/i1W1lW7OzyHSEtgSVkO6wrhv05qbLbTjUX4ybWrKt6hKtmhLbf
H8qMniaRr8cMDwYEfimsZRP63zhOxJhRllpxLAJYsgbZVKg70Ab9NhaEqX3CAkq7JtArlAREXQrE
kKI5hfNSqVSVEjC30jaKnEh1PqBDne6mjs6pSDo6vTh4CfUR1VN1RjaEAbvGSEkPQlWRkKAx6h/f
iPr9Rsdn5+uRDOvlrGnavmYmNmu6ZF1BuKL7TLfopTpUQG/Oylwlb+0RJhJTqBW1w1UOTTx6YdOr
yaYbpyiOx8as5NdNtoCP0HrTPTpS7rXxAIwe0KuiTZ/J/JgnmToQIEl9xb4P81v0/IKdHrGn3787
PXoGege3Bwww/wbUhorBdyTBObCHKyItH1V+gDfkne4y8PbvX75u6Ov+rjfyFW2GT8mocCD16lKE
eMubEyKdRm8B3wjfT3iexzFtC/eSeDu6rZOoUwjJczQ8nLmk0xXlaupn2JQMaK72q7rUpzwCgkil
wqxeM1JrZkw/RsVtVArR4VHvgjmQZ8u2R8lwWbqbivebWdeJvBm1Cfq+AzEl3IN1XmP0iFWu08EE
RNaIFnM7Rkc6CgH142dKzrD4LaXq3mJiPJOq9Q6lIhbKGH2/3PAbMgq0Uf2zGGhaODxM+op93Khl
H2Ig47tQN+onE2A3Cfn0PpTG/TB5AZQixhtzB7DNYvzborF3TnhC/GIR+lmZRCpnID8cdAoGV9Zh
XwpLTKIwQ0YqddJFm9roqEkbBxdCppI6BWXetGuaXMEW2CdTJEo5sL6kL4OqOAZbcLZS1HpBDry/
rFRKJrAjlEYDbdSJRrF2elT2+MIwjZpX1Jh6bNqyqY+cmjKH1gyUBPRGzGJPACa+RdUqsjvWanU5
vqtMHbxueELdLCQTaPWUFW3yTZ02bqMvMN/THJ02bAs3pDYIuaSdMONi5IKSQDcYOKIP8ma61MFz
R2qu1bCqFLRlAZAuQkdd0EPPHOHvIe0MtYFhOKzfJ+jldIgHI/W+UTtzBXqbKShj/CWDcZITYgh1
2zU2h+DKFZ6zirKDjmlK32fdfWKBwhxfLgu51EeK+vxRHbPgr/dc7fJH+CDWnB+d4+9ojHRSUPUB
hq8bqToQDk5+QzuWBLxjgMbGvUN/yNOt5OsNvpmklHNHqKBQdV8bE1RC+N4A5bJevjnEs3nZP8vb
h+SwWXFwC4mRvUAMTV0KGSOWBfQeI4yLGSZDdbfJXSpz8MHZoH6Xo5dsa6jBobah2NqEME2QtKzu
N3vc0ariq6/WKll3GURnYySK89HqMWGgFjGM44Z06KkXNQfc424Dfae/QyO5z+d7nUyUJpUH9M6S
NA0gX2l5NqdGKz2oQlzRdhI6OuAhPDRrEZVBSdwSwofkdaGeuGC0aY5SVOQFejo6NfmW4xt3uk+D
0prjK1D6CgsgwKh1NWuUpu6BjeKZ3oz9myoXKFr36ZDvByRKLViXvPtPgogNrKQLCvB4jKKCF1qV
rO7NoxSfqX0sqWOg9hu/TwdYdRHQh6/2JQzqI1BEN3AMlVO7HWfs1euDSzWIrYbEk7V/6Dcy9t3g
ll6s37dvo6So9ino/kNXeupZS//QQjkxJjoQrT5T5LW2uhSUJbZM/XpQXTRxt+nUivYpDQUVoAPp
SNBTsLKR06h5wgMmoMr6J68omtBWNH9AhOpiPfKhNzKi+rJX+OWq9pe3ENtK3eSKK2yTSmroILiF
CTQoW1XI0TzkN8HfgElVplCuorgk+lAZFW04xsevu0rF55TzTsWH9LCSntYtoGp58qpI2JEUzHKY
Zc1sd+Ya7P3pS2YZlokTmidqzyVEWLhe51X0fPBoU7+FhTfV5iP0vedmYEImGw5eezRs47BuFpIN
DIKxw8jNKqnkCJ/AYelKm0E/pau355aBI0uOpwmRfE5X6qFfO6ZX4fktPudprjfXG71DlGCDBRa9
fU7QWgNt891z4plqYyy5n6uvpxZdvSyj3hR84v786PjVwbvXlz2e6Dmh3pKyBbquvh5Us899HOpV
7DRl7+f/AyFRw74=
===END CRASH DUMP===
