PocketMine-MP Crash Dump Wed Dec 1 18:02:08 WIB 2021

Error: A function with return type must return a value
File: plugins/MyItem/src/hachkingtohach1/MyItem/MyItem
Line: 1615
Type: E_COMPILE_ERROR

THIS CRASH WAS CAUSED BY A PLUGIN

Code:
[1606] 		$class = new Manager($this);
[1607] 		return $class;
[1608] 	}
[1609] 	
[1610] 	public function getPlayerHeadItem($skin): Item{
[1611]         $nbt = new CompoundTag("Skin", [new StringTag("Name", $skin->getSkinId()), new ByteArrayTag("Data", $skin->getSkinData())]);
[1612]         if($skin instanceof Skin){
[1613]             $skinTag = $nbt;
[1614]         }else{
[1615] 			return;
[1616] 		}
[1617]         $name = $skinTag->getString("Name", "Player");
[1618]         $config = self::$config;
[1619]         $item = ItemFactory::get(Item::MOB_HEAD, 3);
[1620]         $tag = $item->getCustomBlockData() ?? new CompoundTag();
[1621]         $tag->setTag($skinTag);
[1622]         $item->setCustomBlockData($tag);
[1623]         return $item;
[1624]     }
[1625] 	

Backtrace:

PocketMine-MP version: 3.25.4 [Protocol 471]
Git commit: 7306a2d939105d8d91b4180de9aec42a31d9570f
uname -a: Windows NT DESKTOP-BVRHES0 10.0 build 19042 (Windows 10) AMD64
PHP Version: 8.0.13
Zend version: 4.0.13
OS: WINNT, win
Composer libraries: 
- adhocore/json-comment 1.1.2@fc2f76979f0a44a5f5bc2a2b600d0762fe0e78e7
- daverandom/callback-validator unknown@unknown
- pocketmine/binaryutils 0.1.13@0abee38d4e2861621f262c79a2a3d699d8a697f4
- pocketmine/callback-validator 1.0.3@64787469766bcaa7e5885242e85c23c25e8c55a2
- pocketmine/classloader 0.1.3@3c484a27787f7732ce842ed694928a29ba340961
- pocketmine/log 0.2.1@830b44a2cf96ef703c550abe64302f230231ca49
- pocketmine/log-pthreads 0.1.4@01620c3628cdaa6b4a21122cff4c5d2f70b5c1d3
- pocketmine/math 0.2.6@43057cb8c179a9859677b496a788db922fd5cfc3
- pocketmine/nbt 0.2.18@9f82ca4d7f97fcd9a566e44b63c4f18a7657ae82
- pocketmine/pocketmine-mp 3.25.4@7306a2d939105d8d91b4180de9aec42a31d9570f
- pocketmine/raklib 0.12.12@5abe22043352e94099e4edfcef5fb3644578ddc1
- pocketmine/snooze 0.1.6@92abf1e988c71635d466abb777f61f89e5a9c990
- pocketmine/spl 0.4.2@6b08b7cf8c4afa17139c9a1b3bf1b408531de161

Loaded plugins:
Alerts 1.0.0 by hachkingtohach1 for API(s) 3.0.0, 3.14.0, 3.14.1, 3.14.2, 3.19.3
CoinsAPI 1.0 by hachkingtohach1 for API(s) 3.0.0, 3.14.0, 3.14.1, 3.14.2, 3.19.0
DevTools 1.14.2 by PocketMine Team for API(s) 3.13.0
FormAPI 1.3.0 by jojoe77777 for API(s) 3.2.0
InvCrashFix 0.0.1 by  for API(s) 3.14.0
MaxEnchants 1.2.1 by Xenophilicy for API(s) 3.0.0
NoDeathScreen 1 by SilencedTick880 for API(s) 3.17.2
OffHand 2.1.3 by alvin0319 for API(s) 3.0.0
ScoreBoard 1.0 by hachkingtohach1 for API(s) 3.0.0, 3.14.0, 3.14.1, 3.14.2, 3.19.0

----------------------REPORT THE DATA BELOW THIS LINE-----------------------

===BEGIN CRASH DUMP===
eNrVW2lz20aa/itddKpibxEUAN5MKSNZkseqsSytJa9TG6ZUDaBBIsIVHKKYlP/7Pu/bDRKgNJns
JB92/SEC+njvm8hvvTArElndP6qijLK0txj1e1WUqN7CmQxnw/Fk7M4G44k9m/V7dW52BpPhdDK1
7ZHtDO2JM3b7PVUUWdFb/NartjmO9C7uz66vbi4/XNxffPp0/anX7yWqLOWK9k5FWKd+BXRiE1Vr
UaiqLlJBN0VSl1WzIMWjjGuFu2EU08U8rldRWh5dbS8rlRyVhX+0lv76IUpXVUZPTrOl/+BmHKXM
izP+2jf376P0MYsfVaLSCkCDqFB+haN+FijiwJnYE6wvq2X1jR/LshTHIlUbcSVT0F+8/qZaR+Wb
73ADJ6fmpCFZXzB7M977ql/m/MLPjs3Pee3Fkb+XxUpVN7HcquK9kgGR//qbEqy9WQh6+U1fdXBV
mH/fpF5laDvLkjyr0+BOrl4ve7e4tuz1xY+0dVsVkI/e+CgTRRsM2PoeGOnoZfD6zZs+w3m7rdRp
UcitPn8uK/n8PK3ixk9GBo7boikKNdUCeqpk6qssFHTnjaF/2DrLPNBhIAMfxI6BOGqd+qriUpnb
YyPtRt7meKMuLWpn2pERWCbgBo9mgkXSkseypyW/7DU8zdow/CwNIyKxVHG4WJh3c3LePhlBUzhH
Cnsn/SortosFEL6mhcXi6vrt/fuL0/O+GBo8rt2+XWk5EBCm8wzOkCVv48x/0DIXf/vbM3U3kJwD
SNb3paroQMN6c9A9JJhPHuIiEM2NttIaQ6eLZrvRlha/q5XUg79VhfThUj/+1O+tVKoKGZN/kUZw
5AaYVHUF/7SubnDTk6Xah6HecOCOByNar6M46C1c2x32e1F5H6jH3iKUMAo4dJFVmZ8B7GjqAElE
Dj1FTJJuMB/OHXsczIK5442cmR2ouVT+yJVDJ5iPp3YI2LWh5UuUBtmmFB/vxPnF7T/urm+st//1
6f3FrS0ce2ALpkE4c3vkitfNYcd+I06vzidEZL7OAWY2sAew8H7vV5WC5N6oecf2fVYSosuPH++w
wC+bKOWwA12WqriPI6+QRaRKEpIM1mCsUEc/l1lq4YyJVs7AGbgnoe+G08l8Og9tORrJcTj2fFe6
3sS2A3s6cUNlq+lMTQE+kJCpBMXJkS/j2JP+g4WwGgWyooANETyk2SY9MX+JWFZMAsUceVEqi21d
RTHRC2bAzoktPaWGs2Ck3NmEDC90J64/nUuINpjM58FMgrRw1AX1InIHAhqeTEbT2XSEO5OJ50s5
VePZbOyOXDUb++7Qd8dq5o/H0j0ASJE2zmSgCkPb8GToj2Yj6U4BL5xOh66vZgADokZzdybduSeH
I3s+cbqQ4mzFENyBczIb2h4k6vrhfKLCqT0EZmJ4MhrabujiP0PHl6P5MwhWXq0LBO5GUKMTm9zb
H07cmR9IOfEA1XFcQA5H/jiAAm1v7DvBsAsKyXhtqJmcAOl46nsz34F457PxfDKdeqP5RE5ns8Cb
u24YjP3QPwCBONrwMzuZhzMXBAfTEDrxg7kcTyZqNPImkFXozOR0Mp5KNTsQ7v7RSvKdN578L1yr
BayQD7BtLRfQ5J6MIVDXtUfD4dhVc2hkrkYqCH0VjkNvOBmNxtNZEPgHairTLPtVGfFOTuau9EJH
zWczf4paZRyMJhPpedPpNJw44WyuxnLuz+f2AZA8ZggjeNHEs2fe1A9n/kiG0pk6Q1yQjjcEXG9k
z8ZgRyHC977uagf2zdNYFVXZCmVmod/bhy+ybEIt62qdFTj8Y++gVOkhKso8op2hOTwcOKP9g9M8
uPphPhjSHZVKL1bBLgYGKke0KXWYLbOwOm8vJDIicg5wL5ea5OYvFUrwJIrK17d3X64/fTjH0kZ5
JcI8Xa+qvFwcHW1k5a/LdVQNNkp58XaAwHREkf4sg2xOby5bQtktHYjlrxaK/dcJpSF5//SnBXOu
Hu+yLG5by26pKxjDU0s2+wwp7pRMOrJxhgeMV0X9R/luCFguW6QYNm/vTj/dfb55kUmk13XtMWt7
0o52MMDtOzQTXStoVrq8Dg/N4Ofs50xN6V+HS/dPaHcPcrk0VOwe/pVaiZfL9PGskOX6XfTU4qe9
2ubJplTf4amjrdGfYCSpfwFZyyXaFp9Qh9HTcvlBJ74/wMeVfLpI/bVMOyGrvdrVjXvAR+8HlWb5
OkKvsn3mnv8uTy2Yy2WLls7LH+HuY3aukDFv/UKptMVfd73DYZe7W7SWaFOCu8h/mM3srpNN4ZL/
LosHgIkzrvf+JUvXYfheUv24Y6ZZabPhUsHTZUXGj1FqD9GR/FVq2kFcLkEDlBLsHv4IJ7dUwb7N
ZNFmprX4/ycz7IluP//J7EBVhSwglUodBny0RIN8LQviAL0BxDRAr5MjV3N/0Ht1s3tDM8jdKc1I
lsUyfXVbp+Lar8RQOJPFeLhwhuLL5VuBBsqh/Vimq1qu1LFKV/SeZFVw3MEsbhkjbWrcVp4V1bEz
d4YuLW7AibLiqKyOszBkGPLJyrmDLo9dm1ZWYCvJAnXMb2FW+MrarZlb4C8gWTbv+WN+nKX0FERh
GPl1XG2PGaPuHtEzWOhUKyimPGZW1KOKLbKr4/Jh61Hvul8ulQpap2i6dHx+8e7084c7WtV2Yf1S
q2JrsML4MqtEv2TeHyO1sYJIzzGOZ7T05GVPFhlpcyVN0YeDN829BWuJlB4tleZImctNalGnqnjO
c+xMWvgLHyuGf3oe5OhqNlkRHP8H/1t2O7LBNqH69ZWgYCL0HKKGZGh+RAYgIGnRUSYMQtytValE
IzohCyWqtRJZCuup1rISPvFRCU+JKPXjOlABHsQzwyNYt1mCmyEBOIRZylD1RYadoiSQwkND9CC2
WV0YWCIKBSwgCiPGAOXT7C3eEuCParMDdxSoUEL9pdhk6beVkHmuZCFIQeiPIuolt0QhTeI035u1
SkWdrwoZAMBgmZLtamCLZSrEqy9rRYSJKgOWNBAAIUqeA0EGaJDLWFYgireZVFiTBGDIM1YVyytQ
j5GvBEW/mCWYEGRt241XLQTHGdoo13UVoKW2zORzIZY97VnCj9HxB8seU3Yax9lGkDuBGGH6DPEY
SfGfZJx0hq3UMlsLQbUeX71gIzJ3BOgS5E8CGoNQCJq3FUaUdN7Y3G67ReyrLxEEkqWQqwwCUahS
i5/ECoE/iETJsi7YsgWE7ikiGsJRv9QyJrGtokec5YmteG2QIui8IegaI6xdUSSxIPbVShULbDPu
j3XiQSqwqtNym/p3snyA4osH2NGAD3yGtNi0G07p2LrI4HzQHo6XfboQB8JECvhDX9BkBYxQgmHZ
IDDTWlKnsCA6ooHfsnrBE6ysyJ4iWJiCGMASW266I45kawi6DMlW6QzZZF9E1bcQX1XwtUCRq7PJ
HFwWr8FDDb9xWSzMhmU4XTCoQ1uVbBxFnaakzoBCWZazEngmVQ4E6m/zLJJotYYzU5HYbzufMRyS
SFHUeaVXtcBIMAloM3yxcuGUPHAKtEPIxywKQPbLFJCNkM1lEDSsa9AyNBy29KGdpSFXIAcUW+2U
f48zD9ZDaVjodfhBElXk24laSW9bQeLiVovaZuFGJcHm63ektU3EkmeLgtNuLA2oMbKSOQwjkIiI
BOpThhWiLmxQaiOHtmpyU7HKoKiM3JSsghCtmEyLSVsIm7gAdg7Beujzf54Dqmt+j35KxX+O/rLK
cibBhM8dSQZcKRA+KLkh7jUEEdaGKsd2R4YwDgJf2CsMfeW3fwGF7BdMEkUM4ddIPimSj1BPyq85
+GaaZO2RlKx2p9WTj3qi3HOkA9f13cVC3L2/vBUfLq8u78Tpzc2Hy4tbcXPxSaAe/MfFp77AIXF3
jVMX4sv76w8X4ubT9dnF7e3gMAR05OGOJ0YcN6qIMk7IFIhLYtBfKw7JLI1dsHUge5QEAccWPmIh
FCodZhkUSkXwiQANayJ+/5mxaSNDnUcJMKVjBhlD1kAQeveBXGckxnFNOYTyPF8YPD9NtmCqcqgt
Vz6VA1qyRK7Wq7674wHmpfJyz+rQNryWb14myXA+NJyvZOHBMyw/i2NdhnEAelm67GpEjrklzC3E
7kSmNRcfbUpQmNWwwTf9JiccGmFjhjq9hiFgaX6TvQsOxLWO+drgUT1kdRzsaImQRDap2NNfasA5
kw9GJ7ZteAW2dxwsniVJNh0NYcdbWGRJk2z1bXPCaptmW8PEjdHkM9sQL5hUxzpum4KRVFYAE5mh
MeSgTnJdXekSTpgNizYafZ3TIXOBaWcyGw7whjQPZ5cvCBhJG4kPGB5hZGVZq1L//lyqVVNtUtAi
bHuq+o0idY1gisqBpoaO/lM5UVPkr+v0oWxoP5M5rUZJnSDHIr0WomkvSJFCNxGair1cyV+MKNlj
ntsYiu3cUMQILaqCayTd0U5j55neOrRpqo0o6mn4+nDjQhqWOdjmjCsHy0ezo3a8nYMUrlVQPpL0
QJ0uMDSUXFJPIvQdzeGeO1wz8tT8NJjp8L7aJQHG1AYYuL8P6vfscJmmqiKFLUyKQGm2zmJdYnrU
rHMlziSjaoIJmSTDsU13PmZXpxZP7YpNnd5etbXUbFFYLbYVAe8Ly2kpkJXHiK2qIcakAI7a+zqW
m1kqIQPNOfUyXOjTZSwasgbiPWpB2NIxF3fi7OZzH3dBgwf/2kQBzJ5rBR09d/Athr8Qk6bs3lfk
JUundXYgTgMEqrWMwyO0krpNCBRs2KACUkHzETKwliPu014LWLsVuXiiqEYlpowHgoj4fJPeNMX2
vgGkXoKI2tBYBhfrPM0t837Q3VwZryujX9VOn1SWN2osKeGZkglluzaPVmodzV196c1A3Jg7sSxW
fEGaTtTYAmMMC7kiFqATiK3MY65YqL1MQDw5uyxIT2dxRMMC7pcLNFOqrMTV3WemtARLxLZXV4L6
c1blHp1uLgZNrEmq2qJbC6a23R+q1C+2ufb1UNBgALUQCtaGTfS/NG8ZCM5Sa0lFgIgSyKYi3UEb
/JUQwlSfaYHSHpnoNUkCUZcDMVK05HBeapXqUgJnK2OjxInS8wET6kw3dX7NRdL55e3pW9RHXE/V
KdsQBeyaIiWFyUAXCREZo/mIJ2j3G3s+974eKK9eLZqm7XvhULNmStY1whXvC9Oil3qoQN6clplO
3sYjHAKmqdbQztYZmnjywqZXU003zlE8kJUUpXxssgUNlpoxEe212ngQxj/f6KLNzGR+zqJUDwRY
Ut+KH7zsiTy/EJfn4vUPny/P30DvcHvQgPMbqI0UEyHdwzmohysCIx9dfsAbsr3uUnj7D28/NPBN
f9da+ZaR0XSNCwdWrylFmLesmRCZNNqajYUho8VeFG6tpzoK9gpppnPt4cwdT1e0q+kP0rQM+Kzx
q7o0Ux4fQaTSYdbcsfSdhT4feIRGpxATHg0WyoEyXe16lJSuxYepuN+c6sz/XhyIaeGeJllN0SPU
uc4EE4isES3ldoqOPAqB+umZkzMuf+JU3brMjKdKt96e0sA8FZLv8yyRXWnd2BmbFo8YO0lfs0+I
duwjBgp5SCp48TlrCYV8+hKV9stkyoI+QBKyMXcQ21ymvztqhgcTHp7Skp+VUaBzBvEjoVMYXFl7
bSmsKInihAp06uSXXWrjUZMxDun7KlbcKWjzZqxx9AAU1CdzJIolWF8V2aZa6zgGFFKsNbRWkIP3
l5VOyUysRdJoSLP2otGsXZ6XLb4oTJPmNTShv7zZsWlGTk2Zw3c6SgI8S7jiFchEq7xX5H6stdPl
4LkyTfDayIi7WSQTtHraivIsr+PGbcwL5Xs+Y9LG0CWE3AYRl4yJMi5FLpQEpsHgKbke5C1MqUNz
R26u9bKuFIxlgZB9hA72QY8806JPLg+WdoGhu5yvUZOHWSunIx5Y+geW3ck19LbQpAzyJMkHUcYU
I9RtE2oO4coVzVn9ck86pSmzL/b7zAKHOblaFWplRopm/qjHLPR528Mhf0wfYs31+fUC8rBMUtD1
AYWvjdIdiOQv+QhjyYTvGeC1QWvojzy9k3ydgyqjnGdChUL1vjEmVEL08Rjnsla+OaPZvGrP8vpI
Dvlawi0URfaCaGjqUmSMUBXoPSyKiyklQ73b5C6dOWRnNmh+2Gsl2xo1OGobjq1NCDMAWct6v8Hx
TKuar7ZaqyjZZxCTjQkonSerp4RBWqQwTgh56GkuNQPuwR6B2WljaCT3+/neJBOtSe0BrVmSgQHw
lZFnMzVam0Ud4opdJ2GiAw3h0awFXAZF4Q4Q+jEwon9xoWjTjFJ05AU8E52afIuaTJamT0NpLZM8
bt6oAAKNRleLRml6DzZKM72F+JErFxStfR7y/URAuQXbJ+/2L0HMBlXSBQd4GqM0v97xfOSlPMrx
mdvHkjsGbr+hnwi0miKgTb7GyzToR0E/9lGu0jl1j3Eh3n04vdOL1Goomqx956kAwemhP54/gaNU
9YdPQVRUfQ6635lKT//W0h5aaCemRAfRmpmirI3VxVCWv6WflGq/qosm7jadWrH7lYaDCuAgHfn8
K1jZyMlqfuGBCeiy/tU7jiaMis93gHBdbFbuWysW15etwi/Ttb96QmwrTZPrP1CbVHJDh+DmRWhQ
trqQ43PEL3/DHetMoV1Fc8nwURkVu3Dc6/fUE+p8rvvpx/4zlCvtL2I933zYuFuhX9fSQBadtSy5
D7IK8a6zav6fgv1CXcTtd4oM7fcwiivVAbxKOt/nosXp0BLBuR7bC/TVbfs98fRvhZ01OLr59sfh
jw64ReGPHfaHcr8rh08qNGOX9mrJsb7sLqF+StortzcfOui35S8xf2ZsnsRuq8oeVIqU3hHB05Ph
mj/jxcJW8m/Jrvni59co19+hzQdjetWfbO6u4/Up6Uo9I/Jc2x46jksfxN6cX3dYD7J7Ju1wEUtR
V2GIA2lZdg7eRuTpP1x1eD6gAK80UDjgM4k3RXSg/9bHuSPz9cjN+sD2qIbiT51dFtKQpRKt9DfQ
+hvYwYQkoZsMc4hAcdeZmQVXCwutSazNkuTd/Qr1fo+rtU+/kFKN07Hb4JnKo46VsCiH7SU0fjWH
8VWtbbGB/99Up13f8Nxsf+Hr1/8BQCFLqQ==
===END CRASH DUMP===
