PocketMine-MP Crash Dump Wed Dec 29 23:38:53 WIB 2021

Error: Class leinne\pureentities\entity\inventory\MonsterInventory contains 5 abstract methods and must therefore be declared abstract or implement the remaining methods (pocketmine\inventory\BaseInventory::internalSetContents, pocketmine\inventory\BaseInventory::internalSetItem, pocketmine\inventory\Inventory::getSize, ...)
File: plugins/PureEntities/src/leinne/pureentities/entity/inventory/MonsterInventory
Line: 0
Type: E_ERROR

THIS CRASH WAS CAUSED BY A PLUGIN
BAD PLUGIN: PureEntities

Code:
[1] <?php
[2] 
[3] declare(strict_types=1);
[4] 
[5] namespace leinne\pureentities\entity\inventory;
[6] 
[7] use leinne\pureentities\entity\Monster;
[8] use pocketmine\inventory\BaseInventory;
[9] use pocketmine\item\Item;
[10] 

Backtrace:

PocketMine-MP version: 4.0.0 [Protocol 475]
Git commit: 468faa464b2bc5c97f23fafbb71ea61035f6f218
uname -a: Windows NT DESKTOP-BVRHES0 10.0 build 19042 (Windows 10) AMD64
PHP Version: 8.0.13
Zend version: 4.0.13
OS: WINNT, win
Composer libraries: 
- adhocore/json-comment 1.1.2@fc2f76979f0a44a5f5bc2a2b600d0762fe0e78e7
- brick/math 0.9.3@ca57d18f028f84f777b2168cd1911b0dee2343ae
- daverandom/callback-validator unknown@unknown
- fgrosse/phpasn1 v2.3.0@20299033c35f4300eb656e7e8e88cf52d1d6694e
- netresearch/jsonmapper v4.0.0@8bbc021a8edb2e4a7ea2f8ad4fa9ec9dce2fcb8d
- pocketmine/bedrock-data 1.5.0+bedrock-1.18.0@482c679aa5ed0b81c088c2b1ff0b8110a94c8a6c
- pocketmine/bedrock-protocol 7.0.0+bedrock-1.18.0@040a883a4abb8c9b93114d5278cb5fecc635da82
- pocketmine/binaryutils 0.2.2@f883e1cf9099ed6a757a10a2f75b3333eeb2cdf9
- pocketmine/callback-validator 1.0.3@64787469766bcaa7e5885242e85c23c25e8c55a2
- pocketmine/classloader 0.2.0@49ea303993efdfb39cd302e2156d50aa78209e78
- pocketmine/color 0.2.0@09be6ea6d76f2e33d6813c39d29c22c46c17e1d2
- pocketmine/errorhandler 0.3.0@ec742b209e8056bbe855069c4eff94c9734ea19b
- pocketmine/locale-data 2.0.20@a6e4eb22587e0014f6d658732cf633262723f8d3
- pocketmine/log 0.4.0@e6c912c0f9055c81d23108ec2d179b96f404c043
- pocketmine/log-pthreads 0.4.0@61f709e8cf36bcc24e4efe02acded680a1ce23cd
- pocketmine/math 0.4.0@6d64e2555bd2e95ed024574f75d1cefc135c89fc
- pocketmine/nbt 0.3.0@98c4a04b55a915e18f83d3b0c9beb24a71abcd31
- pocketmine/pocketmine-mp 4.0.0@468faa464b2bc5c97f23fafbb71ea61035f6f218
- pocketmine/raklib 0.14.2@e3a861187470e1facc6625040128f447ebbcbaec
- pocketmine/raklib-ipc 0.1.1@922a6444b0c6c7daaa5aa5a832107e1ec4738aed
- pocketmine/snooze 0.3.1@0ac8fc2a781c419a1f64ebca4d5835028f59e29b
- ramsey/collection 1.2.2@cccc74ee5e328031b15640b51056ee8d3bb66c0a
- ramsey/uuid 4.2.3@fc9bb7fb5388691fd7373cd44dcb4d63bbcf24df
- rhumsaa/uuid unknown@unknown
- symfony/polyfill-ctype v1.23.0@46cd95797e9df938fdd2b03693b5fca5e64b01ce
- symfony/polyfill-php80 v1.23.1@1100343ed1a92e3a38f9ae122fc0eb21602547be
- symfony/polyfill-php81 v1.23.0@e66119f3de95efc359483f810c4c3e6436279436
- webmozart/assert 1.10.0@6964c76c7804814a842473e0c8fd15bab0f18e25
- webmozart/path-util 2.3.0@d939f7edc24c9a1bb9c0dee5cb05d8e859490725

Loaded plugins:
Alerts 1.0.0 by hachkingtohach1 for API(s) 4.0.0
BuilderTools 1.3.0-beta2 by CzechPMDevs, VixikHD for API(s) 4.0.0
DevTools 1.15.0 by PocketMine Team for API(s) 4.0.0
EconomyAPI 5.7.3-PM4 by onebone for API(s) 4.0.0
ExtendedBlocksConverter 1.0.0 by JavierLeon9966 for API(s) 4.0.0
FCCore 1.0.1 by hachkingtohach1 for API(s) 4.0.0
KeepInventory 1.0.0 by NhanAZ, KhoaGamingVN for API(s) 4.0.0
MaxEnchants 1.2.2 by Xenophilicy for API(s) 4.0.0
MultiWorld 1.7.0-beta3 by CzechPMDevs, VixikCZ, fuyutsuki, kaliiks for API(s) 4.0.0
MyItem 1.4.9 by hachkingtohach1 for API(s) 4.0.0
Netherite 2.0 by Wertzui123 for API(s) 4.0.0
PlayerStats 3.1.9_BETA by hachkingtohach1 for API(s) 4.0.0
PureEntities 2.0.0 by LeinneSW for API(s) 4.0.0
PurePerms 1.4.4 by Vecnavium , 64FF00 & ProjectInfinity for API(s) 4.0.0
ShopGUI 1.0.0 by hachkingtohach1 for API(s) 4.0.0

----------------------REPORT THE DATA BELOW THIS LINE-----------------------

===BEGIN CRASH DUMP===
eNrNWwtz20aS/itTctUlrhMpvAlwz3d+SN7oYls6S45Tu9pyDYABiQgEsHhIorf2v9/XPQMSoJXX
ra92U0kIDGZ6+vl19wD621FWNRvZfbpTTZtX5dHSOz7q8o06WtqBZy0iP3LdueUvPD84Pupr/cj1
55a3cBw7jCLLdfzo+KiQbXfWNFVztPzzX46PlL7821G3rbHg6OzT2fv3F++Pjo82qm3lisZeYU0r
CpWXpbq5qftGqbLLu1y1Nzd8tb25ycs7XFYNLt9WZdup5nwYEUlVdjIvW+ELGbddI5NObFS3rtJW
yDIVm77tRLdWjYKMSsRKpCopZKPS/fyqEfmmLtQGNGmuaNQGNPNytSP1bV0lt6rb5MTliJ+XslU7
ZpbLvARzpSyuVPcKjGG4PRa/e+l5pzY/u2y0ZKW6q/yzOhbz+fwptJrlBam0LvoVNHJyCWWeGWWe
tE1yorV8MlbyidbxyW6Dk0MNg24BHo6W1t+PDelPmF0Vd6wv7JfmjUq6o+EpRsY7YzypUkVuYOPR
f/xXva4x5uAaPy6t1wb5FtbIk+4TOUv7zH76Bzz29CwfP6WE09QyUb/VWWh9oNcv8NO3v7bSSE7r
QrPgt5iO5kePzYcVYS78n2bYFrECFZLLKR0fxlCkmheFajq+Ijkx1QwcH+1i8sieW3MLI7KHTzaY
/OejtUzWt/DTrqIr+whEZZ3TE48nUxCWMi5UerTsml4dQ9m1KtNWM9BWWXc6HiC3x04HZG9uNDfD
L7lEJVMy9MXV9ceL929OMXSv4hYy0/Kuq9vlycm97JJ1u867+b1ScbGdJ9XmhHTwss+LVDXXVVWM
ZZ4MTyUH/Mxi1UlnKv+rzypZX749VXe04If8Ib/97vRraSEh4vUmBfGbm1jz1hFvcIApp79JG6u8
W/cx62DE9smEFHSDwUO97IamOrH9Q3e4ZPd7C/cT10puvpYihv1vbkacGJmvrl+8v/5w+WsS7zk7
2dGAsGeA72qzfXF5PhJ3NDgW2J8v5u7s8q03lbkqVYz/vpashhxQQXMBmjc3E45+0dgs1AOAP1Xp
ywJCt8gDkAG4MpbwZ2b8SrT/t7zLVfNGVWUUBcHXknhKFcI+zhzwkeb/XsNPqZ/8nORQ2+tXr5Ch
R1oyA4dKsf85EKi5GX5/S9BDEcCOvEia7bzddqqdl6o7SWW7jivZpIyE3ytV71PtXvbp+K/4xbu1
LF/8CWPfryv5R4n0s/rh3ddShCZ+czPh6NAZfjPyGVYh+Vv5cFYmuJ2kvfHoVGpnfoD9P6qyqtd5
kSfbryXriCRJuGNlcvNbIOBtX3T5x6op0rFs+8GpaAuT3NxfTW6vyMpZv+27tr/NcX0rizy/bf9f
Ut6G+L0nfiH/mPd/JN2NCJGetlQfjXWkB6b68ebRPyfmNTfD79eK+XeK+hFes5N7PzYW3TmM9I9A
y899bjvu15J5T/HmZsfE/zm899RO9hJB5MtCblVz1clJsI9Hx2K7c3sefXp5dv3in2P2EV+Tm3+4
7p30RSM9TNulif0PPeANtzBXH7+W8I+3RAcc/b6UP7A4aUAH8S9VszmUXY8dxvxBnfeDSkrUEv1G
HIvAe/3assS/icum+gm953mZoV3vvloe+KQ30Hpg7kaXvwX/r9ZV/ccP46J2GPkXaegMO7uLr4Nt
dEIgGwiMku6gIZm9vZzXa9mwBFQEkg7YEXTVdxRSaUcZME42sluPRxJZQCKsHY9Vm09p1YGDyag5
adoP9E0xvk9lN3me5QWX5vuR1aYe364h3vg+RytwNx74qWVb7u43dKoEVU/GKjSONAv3XMa0nSSB
0vGkOpnq4b3KCvh2PiXfskbb6VCKsBiPXF2+mWy/bf9alLSZuRK7R111q8r881QFDw9GamKXyu2t
3BQMRw7ffs5r3YBGc59uizweL8ftw2aq9YrYcyzLtW2Hcvnl6cVE9LT6xKwdDmIonxqsgnO37WTi
FR/e/fh2IvMBB7htlEwP5NwU95ShJoN1t6aZpGHPxOfl+sD31n1523d50TqsJJe1kq/ivJRUxSOB
OfOANKHuVJHGZhKRQuzUXWUGHK2sFIbWbkn6pln7Y6RP+71Gz+mgLy+zauK36Rcmzydewqp0x0ON
QnhQHK567YsD/T8h3MTFZQKsGCmfontdm31pR1WqRhZjMB+HO4WybNX+UHmnTz5LOVo6lutAbe0n
oMrRMpNFCzirm6qrkgpUvYWPPXKKby8IMym9wIudOPGTaJE5biazOF7YSga25fpZkDl2CNq9YeVj
XqbVfSveXYvTs6vvry8uZy9/eP/d2ZUlbHAhmAdhR5bniG+Hybb1VLx4expQ6qFjypGuPisOIG/n
Juv6U0U2+Xj+7t01OSbd3HPVBGyqq1Y1n2DcRjYm2ct0DcEadUKIMcMcc3xqEyY8zxInWwTRIsos
6XnSz/w4caQTB5aVWovAyZSlFqFakPqaPLk9MSBpzaO5+zyR/iK1w8xywiz0ssViETt2ECapHdl2
bKVKOa7nSsUICIMAfZCogatFLJPb2R26CCAjHdZDgbdldV8+N7/kbaumalt1ApFlW9Ih7p1D7vzc
sRw6+ncT6N9zLUvFgR+ohQpVGCaZ76R2GgSRR7sCpxvVKtkka5Z/I+ua4+6OneJ5GMeJ5dgyVGns
KE8ulHSyUKZeJiOVRGminCyJw3QSHCexShvczcC7ZE36c+vfh0HoFdZ77oVOEiwiKX2VWnFoJxaY
c2I7y+jOtmTkJaEMkscp793xaEGMHlK3PEuGoSs9GcdhEsUREM5LfWcRJrGfqSQJXD+VoXNAnYFi
H9UOOQDIKDvJIiuKVBrIhb+Q4A5e4ccu/kEl6SRpFk0pPWpCqivc54G3CBceXCoI4kRCo34Y+o7n
qNBPHDdxfBUmvi8PWEvofQyVAmwdYg0qjJR0LTeKXJWlWexGSepajnJsP0h9C6RDx4rgnQeUqqLa
07CiWAUI1nSBSFWumwahDceJUidKHCfxgsReKDs94IbfIKHrTgvDDrmdShaeE9OWoeUHcQyBfCuI
Ek9lGYwZLVxPSTuKp6SKisqIwVWosnas5zJQHvTq+OFCWZbtZUEa4Np1kixwXSdwFgCaMHUPSa2Y
GY+YCZLIdhILdvP9JIQErm2FKoHzL+AOQeZZXmJ5X1KYjRKNJhXY2YKESjIXFkscD7wh7B2ZpHCI
0JI2osBNDmJghwNMIg085fi+H6eOisjjHc9fABD8FIuzxHbBY5QdOHsZdzvlRmHiScuL4RmR7Stg
SuimbmzBt6EoBKYtY5jfnlLYX864fNJB/Ttge0Srkbe6oADSeggM5cowsG348sJSdiYRU4HjI/Bs
gJ3nLRSgI5YqeYzKLK+ToY55HjmODDzPgzBBskglIIH+DV3HtuB7KvEWbijVgX7bsqo+qyHPP7dk
EgKr4fN24tmRtDNoHPGFoA9dn/DXj5TDzodCuFVbioN9HcfnWM8T/LPwlPKV64QoimJEkmfFvg1/
Vgr+FsdBkFhyT6Tvc51+gLzIFRF0mMW+G4ZBZGfpwl3ALzwvTWIvDbA6yRwvzWj5ut+0Ug7rvwT3
drvJqnILCxZblBXFbCih78Cqy0ZM0shfRAsVAX3cMEtTJ7bcIHIBcMg7Cua14FyP0ULGCK0dLfs5
4NZCHlKpLSOAgAS1SCrbAbYjeSBjWY7vLeKfpWWP+FIBnCLK3JT8PEMKirwQsWpbiZe4YMpF8Eb4
v25jNtVn2XQnwDbVmKRLHhpEgZcs4A2h5YW2J0PPgRMoCzZObT+WsZXZIQJqQqRGxM0IvBlHiJc0
cqNsoVLEbAKXiOMooZzrJ7Hlp8iG4C2yFiDDHdLOt+ZbLlKfCDptoTfZWb7qG0muIqjEE1nViElN
dVM+EddrJFLRqq5Dl9EK2Sh+Z12VqsWF7EQiy7Lq6FV3XiZFD/DABRY0SPxzJDQkXu7yQeuq2mBl
RgQOabYyU8eiokOclkiKGGh1K7ZV3xhaIs/EBr1HlvMOqG3oPXCxJcLv1P2OHLrGTPZF14r7qvym
E5T6ZSPQ9VYAr5xS2JY47NZ5q+W+X6tS9PWqkSkIzG/Km3IgtrwphXjycc2nS6KrsAtqVZAQuu2C
DlDdtFRQp/oxs6rRn970F0q/46dWNlFCJxca2RBlaDxRs0JSSbxSS8FVKT1o132HGrGcmU8XluLm
6ErTTgoUe+nNEXP2oiiqe1HkLXErzBtecZdL8T+9arY05690MTOPloLaeF56xo29WcMfL1C5KGAx
KIWoxVthVEnz9TnAbPd4xOyTj4gYeAT0KtNUoPLS6ie1QuG3YqNk2zf6gwcoPVbENJSj/trLgtS2
yu8wF0VFr8S3ZlPhWE+Jut5RzRpVo6+dQe2rlWqWeMx7v+s3MbQCr3rRbsvkWra3MHxzCz+a84QP
0Ba79iApTVs3VVn1sB6mt8eCj52F7jAoHo4FFdUQhFoJ1g3ikcY2fQkPoima+BWbFzLBy5rqIYeH
KagBIrHnljvmSLeGofOMfJXmkE8ei7z7BurrGl6Wqg5ezS5zsFh8Cxnorb/DamExZkbSJZM69FXJ
ztH0JX9bklJ3WNVsBG5H2rk4VXfmWmzy1RrB3KAVPx4Hn3Ec0kjT9HWnR7XC+IsX8GbkYuMiKLnX
SHVAyLsqT8H24xyQj5DPoeDP4V3zkaNh8kxP2nnaTblRG/oUhbf7Y1HF8B46gxJ6HHGwyTuK7Y1a
yZjPjMSVVrXFys1bos3Lr8lq9zlrnj0KQXs/04QGJ9Pf9GQ5WAQiqTv+YKcSWaPUsKV2clirpzAV
qwqGqihMyStooxWzOWPWlsIiKbA7Q7CuyP7lJaBDvV/if41u/h/jv+2qmlkw8LljyZBrBeCjpmya
7hiiXQeubNSdhjEGgY8cFYa/9puvwCHHBbNEiCGSHsmnRPIR6kElPYNvpVnWEUnJajdbPSRKpe1e
Ig1cF9dnS3H93fmVeHP+9vxavLi8fHN+diUuz96Ljxfvvz97fywwSVxfYNaZ+PjdxZszcfn+4tXZ
1dX8EAIm+nD8wKjjUjV5xQmZgLglAZO1YkhmbezA1obuURKkjC08ZQYoVBpmmRR9YZaXAGh4E8n7
c86mnex+TZkVOiEI0tOYsiYC6N0Duc5IvMcF5RDK87xg/uVs8gVzIg2z1SqhckBrltjVdtVrdzLA
vVTd7kV1LSNr+/RxlozkrpF8JZsYkTHbV9YMQI9rl0ON2DGrhFkF7N7IsufiY8wJCrMePvj0eMgJ
h044uKFOrxma/E7Lu9mH4FxcaMzXDo/qoeqLdMdLjiRyX4o9/60mXDP7EDSwLCMrdnvNYPFFkmTX
0RR2smVNtRmSrV5tZszGrjm2MEljLPmFb4hHXGriHVdDwUgma7CT/mSSHTntN7WurnQJJ8yDGT0Y
7HVKk8wC5p3ZHCTAHdI8gl0+omAkbSQ+7HAHJ2vbXhEwdGtYbTVUmwRatNueq+PBkLpGMEXlXHND
U39WTxv5MOOz2Hbg/ZWsaTTf9BvkWKTXhoh3skRVCUMiT9OLQ83FXq8UL0aVHDFf+hiK7dpwxBvO
qArukXS9ncVOK/3o0KepNiLU0/T15CGENC0zcSwZVw4zPuvdyXYKVrhWQflI2gN3usDQVGpJPYnQ
a7SEe+mwzOhTyzPsTJP31S4psKA2wND9ZVK/5Ic3Zak6MtjSpAiUZuuq0CVmTK9iuRJnllE1wYVM
kmFs052PeapTS6x2xaZOb0/GVhoeEaw2246IH4uZPTIgG483nnUDMyYFMGrv61h+P0AlZKolp16G
C31ajEHD1lx8h1oQvvSMizvx6vLDMdaChxjxdZ+ncHuuFTR67ujPmP5SBEPZva/IW9bOaO5cvEgB
VGtZZCdoJXWbkCr4sNkKmwo6FyQHGwXiPu2NiI1bkbMHQjUqMWUxF8TEh8vycii29w0g9RLE1D3S
Ji3s67KemfuD7uatibo2/6x29qSyfDBjSwnPlEwo27V7jFKrFzl60dO5uDRrCtmseIE0najxBd4x
a+SKRIBNoLa2LrhiofZyA+Yp2GVDdnpV5PTNN/fLDZop1Xbi7fUH5rSFSCR23HeC+nM25X473VzM
B6zZdP2MVi2Z23F/qEp+icSxngk6GEAthIJ1EBP9b5blyVxwllpLKgLo+3b+0r0kaOKv/QFTx8wL
jHbHTK9JE0BdBmKkaMlw3mqT6lICczvjoySJ0ucDBupMN3V6wUXS6fnVi5eoj7ie6kv2IQLsnpCS
33/qIiEnZzQflKfjfmMv5z7WUxX3q+XQtP2nsKlZMyXrGnDFz4Vp0Vt9qEDRXLaVTt4mImwiprnW
1F6tKzTxFIVDr6aGbpxRnI6NRSvvhmyBS7Te/IyPlEdtPBjjN/O6aDNnMj9V+u8JjKa+ET/G1QNF
fiPOT8W3P344P30KuyPswQPm38NsZJgc6R7BQT1ckxr96PID0VDtbVci2n98+Wagb/q70cg3vBl/
RM/HImReU4qwbNVwQmTS6AP4m9GHCc+qLONt8SzPtrOHPk/3BmF9zqaHM9d8uqJDTf9hidYBzzVx
1bfmlCcBiHQaZs2amV6zFObtKW2jU4iBR7ML5UBZrnY9SknLisNUfDzMusvV/WyXoB87ENPKfbGp
ekKPTOc6AyZQ2aBayu2EjnwUAvPTNSdnLH7PqXq0mAUvlW69Y6WJxfpvUdpa3rNTkI9q6uxaNDxN
+lp82mgnPjBQyENWIUvCWUso5NPHuLQeZ1M2oJQKObg7mB0W0++OG/fghCfmz3ihzTZPdc4geSRs
Codr+3ishRUlUcxQqU6dfLNLbXzUZJxDJokqFHcK2r151yK/xRbUJzMSFRKir5rqvltrHMMWUqw1
tRHIIfrbTqdkZnZG2hhYm+1Vo0U7P21HchFMk+U1NaFfm+7ENEdOQ5nDayZGAr2ZcMQTsIlWeW/I
/bHWzpbzL41pwOte5tzNIpmg1dNeVFd1XwxhY24o3/MckzZchzbkNoik5J0o4xJyoSQwDQaNmIO8
pSl16NyRm2s9rCsF41lgZI/Q6R70KDJn9Gc+B0M7YJgOm88IRjkdeDDTn5LtZq5ht6VmZV5vNvU8
r5hjQN12Q80hQrmjc9ak3bNOaco8F/vnLALDnFytGrUyR4rm/FEfs9Df5dweysf8AWsuTi+W0MfM
JAVdHxB83SvdgUgE+T3v2DLjewF4bD469Eee3mm+r+mDJG2cL5QKg+rnxplQCdF3A5zLRvnmFZ3N
q/FZ3jGSQ72WCAtFyN4QD0NdioyRqQa9x4xwsaRkqJ8OuUtnDjk5GzSfcIySbY8aHLUNY+sAYYYg
W1k/H/b4wqparrFZu3yzzyAmGxNRmk9eTwmDrEgwThvyoadZNBxwz/cbmCfjHQbN/XK+N8lEW1JH
wOgsydAA+c7oczg1WptBDXHNrpMw6ECH8GjWUi6D8mxHiF6S941+40JoMxylaOQFPYNOQ75FTSZb
06ehtJb05ZO5owIIPBpbLQej6WfwUTrTW4o/c+WCovWYD/n+QkS5Bdsn7/GbIBaDKumGAZ6OUTR4
kVep7tE8yvjM7WPLHQO33/TZN3g1RcCYfb0v86AvQZHCwLN0Tt3vuBSv37y41oPUaig6WfuD+SLj
2I8eIFGpjt2HNG+6YwbdP5hKT79rGR9a6CCmRAfVmjNF2RuvK2CsZEuvlPqk65sBd4dOrdm9pWFQ
AR2ko4TfgrWDnmbDGx64gC7rn7xmNOGteP6ECNfFZuTTaGTG9eWo8Kt07a8egG2taXKTW2qTWm7o
AG5xjgZlqws5nkfyghW0YDpT6FDRUjJ9VEbNDo7p9euhUek95eXexK/4ZSW/rbtB1fLkdZOLU5UI
xxOOs3T9pW+Jj+cvhWM5Nk0Y3qg9U0BY3G+qLn02ebUp9Ns0eqg3n1HsPbMjG5lsOngX8LBLw6ZZ
yGsMwtkxcr/OOzWjN3BUuvJm6KdM9fbMsWhkJek0IVXP+E6/9NuNmVV0fkvveYb7+q42O6Q5NVjw
6O0zZm3noLt894xl5tqYSu5n+q8omn29rNLRFHrj/uz07PWLD2+uRzLxe0KzJWcLCl1zP6lmn4U0
NKrYecrR3/8X/uLD7Q==
===END CRASH DUMP===
