PocketMine-MP Crash Dump Wed Feb 2 20:01:28 WIB 2022

Error: Undefined array key "mygems"
File: plugins/Gems/src/onebone/Gems/Gems
Line: 93
Type: ErrorException

THIS CRASH WAS CAUSED BY A PLUGIN
BAD PLUGIN: Gems

Code:
[84]     public function getCommandMessage(string $command, $lang = false): array
[85]     {
[86]         if ($lang === false) {
[87]             $lang = $this->getConfig()->get("default-lang");
[88]         }
[89]         $command = strtolower($command);
[90]         if (isset($this->lang[$lang]["commands"][$command])) {
[91]             return $this->lang[$lang]["commands"][$command];
[92]         } else {
[93]             return $this->lang["def"]["commands"][$command];
[94]         }
[95]     }
[96] 
[97]     /**
[98]      * @param string $key
[99]      * @param array $params
[100]      * @param string $player
[101]      *
[102]      * @return string
[103]      */

Backtrace:
#0 plugins/Gems/src/onebone/Gems/Gems(93): pocketmine\errorhandler\ErrorToExceptionHandler::handle(integer 2, string[28] Undefined array key "mygems", string[74] C:\Users\tranthien\Desktop\FoxCraft\plugins\Gems\src\onebone\Gems\Gems.php, integer 93)
#1 plugins/Gems/src/onebone/Gems/command/MyMoneyCommand(15): onebone\Gems\Gems->getCommandMessage(string[6] mygems)
#2 plugins/Gems/src/onebone/Gems/Gems(475): onebone\Gems\command\MyMoneyCommand->__construct(object onebone\Gems\Gems#28083)
#3 plugins/Gems/src/onebone/Gems/Gems(431): onebone\Gems\Gems->registerCommands()
#4 plugins/Gems/src/onebone/Gems/Gems(334): onebone\Gems\Gems->initialize()
#5 pmsrc/src/plugin/PluginBase(137): onebone\Gems\Gems->onEnable()
#6 pmsrc/src/plugin/PluginManager(438): pocketmine\plugin\PluginBase->onEnableStateChange(true)
#7 pmsrc/src/Server(1371): pocketmine\plugin\PluginManager->enablePlugin(object onebone\Gems\Gems#28083)
#8 pmsrc/src/Server(999): pocketmine\Server->enablePlugins(object pocketmine\plugin\PluginEnableOrder#23440)
#9 pmsrc/src/PocketMine(301): pocketmine\Server->__construct(object BaseClassLoader#2, object pocketmine\utils\MainLogger#3, string[36] C:\Users\tranthien\Desktop\FoxCraft\, string[44] C:\Users\tranthien\Desktop\FoxCraft\plugins\)
#10 pmsrc/src/PocketMine(324): pocketmine\server()
#11 pmsrc(11): require(string[80] phar://C:/Users/tranthien/Desktop/FoxCraft/PocketMine-MP.phar/src/PocketMine.php)

PocketMine-MP version: 4.0.0 [Protocol 475]
Git commit: 468faa464b2bc5c97f23fafbb71ea61035f6f218
uname -a: Windows NT tranthien4-8sin 10.0 build 17763 (Windows Server 2016) AMD64
PHP Version: 8.0.13
Zend version: 4.0.13
OS: WINNT, win
Composer libraries: 
- adhocore/json-comment 1.1.2@fc2f76979f0a44a5f5bc2a2b600d0762fe0e78e7
- brick/math 0.9.3@ca57d18f028f84f777b2168cd1911b0dee2343ae
- daverandom/callback-validator unknown@unknown
- fgrosse/phpasn1 v2.3.0@20299033c35f4300eb656e7e8e88cf52d1d6694e
- netresearch/jsonmapper v4.0.0@8bbc021a8edb2e4a7ea2f8ad4fa9ec9dce2fcb8d
- pocketmine/bedrock-data 1.5.0+bedrock-1.18.0@482c679aa5ed0b81c088c2b1ff0b8110a94c8a6c
- pocketmine/bedrock-protocol 7.0.0+bedrock-1.18.0@040a883a4abb8c9b93114d5278cb5fecc635da82
- pocketmine/binaryutils 0.2.2@f883e1cf9099ed6a757a10a2f75b3333eeb2cdf9
- pocketmine/callback-validator 1.0.3@64787469766bcaa7e5885242e85c23c25e8c55a2
- pocketmine/classloader 0.2.0@49ea303993efdfb39cd302e2156d50aa78209e78
- pocketmine/color 0.2.0@09be6ea6d76f2e33d6813c39d29c22c46c17e1d2
- pocketmine/errorhandler 0.3.0@ec742b209e8056bbe855069c4eff94c9734ea19b
- pocketmine/locale-data 2.0.20@a6e4eb22587e0014f6d658732cf633262723f8d3
- pocketmine/log 0.4.0@e6c912c0f9055c81d23108ec2d179b96f404c043
- pocketmine/log-pthreads 0.4.0@61f709e8cf36bcc24e4efe02acded680a1ce23cd
- pocketmine/math 0.4.0@6d64e2555bd2e95ed024574f75d1cefc135c89fc
- pocketmine/nbt 0.3.0@98c4a04b55a915e18f83d3b0c9beb24a71abcd31
- pocketmine/pocketmine-mp 4.0.0@468faa464b2bc5c97f23fafbb71ea61035f6f218
- pocketmine/raklib 0.14.2@e3a861187470e1facc6625040128f447ebbcbaec
- pocketmine/raklib-ipc 0.1.1@922a6444b0c6c7daaa5aa5a832107e1ec4738aed
- pocketmine/snooze 0.3.1@0ac8fc2a781c419a1f64ebca4d5835028f59e29b
- ramsey/collection 1.2.2@cccc74ee5e328031b15640b51056ee8d3bb66c0a
- ramsey/uuid 4.2.3@fc9bb7fb5388691fd7373cd44dcb4d63bbcf24df
- rhumsaa/uuid unknown@unknown
- symfony/polyfill-ctype v1.23.0@46cd95797e9df938fdd2b03693b5fca5e64b01ce
- symfony/polyfill-php80 v1.23.1@1100343ed1a92e3a38f9ae122fc0eb21602547be
- symfony/polyfill-php81 v1.23.0@e66119f3de95efc359483f810c4c3e6436279436
- webmozart/assert 1.10.0@6964c76c7804814a842473e0c8fd15bab0f18e25
- webmozart/path-util 2.3.0@d939f7edc24c9a1bb9c0dee5cb05d8e859490725

Loaded plugins:
Alerts 1.0.0 by hachkingtohach1 for API(s) 4.0.0
AntiInstaBreak 1.0.0 by PMMP Team for API(s) 4.0.0
AuctionHouse 2.0.0-BETA1 by Shock95x for API(s) 4.0.0
BestTools 1.1.0 by KRUNCHSHooT for API(s) 4.0.0
BuilderTools 1.3.0-beta2 by CzechPMDevs, VixikHD for API(s) 4.0.0
CraftingTable 1.0.0 by hachkingtohach1 for API(s) 4.0.0
CropGrowth 2.0.1 by NhanAZ, kaidoMC, YTBJero for API(s) 4.0.0
DevTools 1.15.0 by PocketMine Team for API(s) 4.0.0
EconomyAPI 5.7.3-PM4 by onebone for API(s) 4.0.0
FCCore 1.0.1 by hachkingtohach1 for API(s) 4.0.0
FormAPI 1.4.0 by jojoe77777/DragonfireHD98 for API(s) 4.0.0
Gems 5.7.3-PM4 by onebone for API(s) 4.0.0
InvCrashFix 0.0.1 by Muqsit for API(s) 4.0.0
InvSee 2.0.1 by BlockHorizons for API(s) 4.0.0
KeepInventory 1.0.0 by NhanAZ, KhoaGamingVN for API(s) 4.0.0
MaxEnchants 1.2.2 by Xenophilicy for API(s) 4.0.0
MultiWorld 1.7.0-beta3 by CzechPMDevs, VixikCZ, fuyutsuki, kaliiks for API(s) 4.0.0
MyItem 1.5.5 by hachkingtohach1 for API(s) 4.0.0
NPC 1.0.0 by hachkingtohach1 for API(s) 4.0.0
Napthe 0.0.2 by hachkingtohach1,tungstenvn for API(s) 4.0.0
Netherite 2.0 by Wertzui123 for API(s) 4.0.0
PlayerStats 3.1.9_BETA by hachkingtohach1 for API(s) 4.0.0
PureChat 2.0.0 by Vecnavium, 64FF00 for API(s) 4.0.0
PureEntities 2.0.0 by LeinneSW for API(s) 4.0.0
PurePerms 1.4.5 by Vecnavium , 64FF00 & ProjectInfinity for API(s) 4.0.0
RedstoneCircuit 3.0.0 by tedo0627 for API(s) 4.0.0
ScoreBoard 1.0 by hachkingtohach1 for API(s) 4.0.0
Shield 1.4.0 by JavierLeon9966 for API(s) 4.0.0
ShopGUI 1.0.0 by hachkingtohach1 for API(s) 4.0.0
SimpleHome 1.1.0 by CzechPMDevs, VixikCZ for API(s) 4.0.0
Spyglass 1.0.1 by ItsRealNise for API(s) 4.0.0
VanillaHopper 2.0.1 by ColinHDev for API(s) 4.0.0
_NewAlias 1.4.0 by Javier Leon9966 for API(s) 4.0.0

----------------------REPORT THE DATA BELOW THIS LINE-----------------------

===BEGIN CRASH DUMP===
eNrtXAtz20aS/itTdOoi50gKbwLccsqyJMfaWBbPkuPchi7XABiQiEAAwUMSvZX/ft09gxclW0qi
VLauokosYjDT8/W7ewDq36MoKza8+nglijLO0tHcGo+qeCNGc92xTFdzXNed2rOZpRnjUZ2rW1NL
s13b1meua5qaNnPHo4SX1XFRZMVo/u9Rtc1h2oiuj28CAeuA9ni0EWXJV3jrXRqKKE5FyHhR8C27
FFu2HG22K7EplyOYGtVJ8jJOcO7hfLl8VwLA5bIqeFqtY5Eul0eivKyyfLl8md0cFjyqlss8qVdx
CtO+QyrLsgiWyywVPvzfjOG/03yd4w6Sulq0j3f2Ycm+WiEH8B+YmwDU0dwzQTgFD+DjT6MnGrt/
6Z5nPp2zPAsuRbWJEYZAmax5GiaiWC5JQhdZK6NX8sZ8LmfsxWklVqJgxpiVVRGnq58M9wP7svDa
qTPrA/szZDdmDSzgDoTzRL9HEkG22QA/+6fbUxjbHsrLPd0G2dyxx+TblajUpFNpMXuKJecDk2zS
vsZDNGDN7thGIVouh5Am3378GGQpbFYH1V7m/yyC6i6ETwxXcyXv5oMwmPrnWC3EKi4rUSgE5R5R
tR5C1TStz1GN07iKeRJ/EpKezfINEsH/JeX9Bf16wUuxp5uzzxHK0uOU+4ki43yOzClPQUsFMOru
2Luctlx223VEzyteiUMwdVAwiFzQHrPeHueigMCE+PQvklXbT74VRFcOPkx/7u3tPM/b2U3eGJIv
G/qfhyW5PCtCUTwxTMvSaEevt+OC1p7C2j1T0z+z6x02iXI8hJBbvs44UR+zO9DUVZwAx6c8Tl9n
KxDQE7MNDqbzG4JDu8r6XSFFBgntM3wb1g7fpVSDXKXLVXs6SqcQv9Rx0UYDV/vA8jUv5vv7h/N9
wrTfQtpXiPYbQL1NJ6eLKS7cwYLB7enow6/jkXjMTPY78gxAkPM/xulVllyJjUgrIBIC90E1au7C
iFoYZKFAvK4FYwx+8tpP4oBFdRogZPa5kMq+UrFwzL5KwBPZMxbxpBQgbeIHaLu2ovlvvHDUBf7E
EdtTq5416+SsWW8W/jS0vwLdNAE+jeLV3lO62FuOQIq8TqoJTlyOnv4Dqbg9Kr/igNcbaIADVWCl
ypLsGqymGSUCnrYDNi5L2EyBwJ1+ImAfflqO1DrQ2YefGiIfnkp2PH2HnUJUdZGyhxMiNEafHSZA
WpK6eT91kg9S/BJ9a0dcXqM4ukDF4e9GNfvffIOXrYy/Yc9zXvANawwDLBkneLcmSEP/ii7Q+HRN
+yyRPOFbUdCkVojf0KXRW6M4lovobiuTb/ZHv/5ddv1ddv1ddv1ddv1ddv0/LruaoqbEOuYAwnFF
n1KORw7NwHjUnlSM9Kk21WCE19U6K0rMDmserC8BY5XhJx2J8jzGOxZNhmtpTOFojqY/hrSaC/B/
mAL3yiyqjvoDG05F1g7Z5VKiaX5j4QYGARMXZ+cX78/evj6CoWvhl3GF2NdVlZcgrWteBetyHVfT
ayH8ZDuFeEjZ7SCt4hOwNf6iEPyyz/Xwxj3cL05PF+xC8M1j8Z1vNmBaQxDSsO9jmbiqqfR8ldWl
6PPUH+5zZCDUyYvjiwN9yNf5GmzFs2/+GFujY/DnbLM9WJyMOhZLRXu55BLXGnEB00OU9zL7QpTV
RZYlfZvtxoaK03cV9/3bd28OX52/yrKLx1Jdj+Ry2QJ5uPJe1HECIe4WS/3hIVcmKM8XFTeGvB1+
EsF6cXokrnDBD/FNfPnq6LG4DJB4vgmB+HLpS2yVZHQH6YMcdBVX69ont+zB3h+QAtlQXINwcIGA
e8IZjj9iqKLO6vfGqgGqncuHCAbkAvKNk6DYTsttJcppKqr9kJdrP+NFuC8lkuXfFdl1tR6Iox3c
dfMdB38DxcjBv2DsksdhdnoIn/734sU/RZE9lqHIHZD7BtPDXOEOy1BggWswjl3/aId2PN6+Favb
9PeoEbvZHyuDqx3bP784eHvxbnEffx2y/ZYGMNuLnh27vcE+w/Z0NjUni1NryLMqCR+L17bCFBIF
0ITWro/o3ij38vAwK/ourAZ2fVf/i3xXwml+P5a3vsyKzVCPzciQb2vXaH/Ofs7EDH/2jwq+whOc
Qrw68tzHUmm3AVa0hKn98BB90mlYx5Y6HPvLDLNrfR4C/iS9guBcrl/GNz0e+qN9VrTbZnla/wLk
HouLDVFbLuP0KkAAUQxFkmx8HsjNuRBDRnDgnlTwIoHw8yor4k/QfD0WKwOiy6VE8luY+V6IHFaJ
tMqKbY+n4fg9Gb/Nct+vM/4dh65r9cObx05wA0SPkONO+c1xGsDloBvrjw65NqY79d+PIs3ydZzE
wfbR4mSPJrLYYhlcPESvp3VSxe+zIgn7zHWDQ95mqsI1761wD/9Fj7C3dVXWlzEVNkkcX5Z/St27
QbzXiBf472P/IzVvjxDKaXtSiU1fRnJgKB97av817bhE0/x+rDT5ZnHY4xiv/kNOHwDKb/Pszx48
vOF5te4HaTWwm2iMLzI6rup0VVYivUr/PJ4JWPP7Ib79RsDEgq479tqxnTQ05O89dJGf6lg3zMfi
p6MILDQgfnd47qjtdxwBywt62ILnu/1g3R/ts21O9an3Ec9b/hoz7uEaXPxhq17UBZ5vV30ZNEO3
DpyGvP8ggpRfxTUGEcd6+VLTflvSoo0WothQqN85gHrJ6UypXEBfO4YkdhVndbk4njTjvWOpj3Jz
kIsC3n16iO3j3OO0iqtYlDtSaIfvkcRrEaepOH//WOpPiN5ymQMGoTBIpnqIflun2kDcH1BR7Esl
DHmXY7tNjv0ZE2BjJrXA/ouByvCc/wQ6njSuto8llIGaCV3v40MU/VaEZQW9xmFcBHXct/jdO0PP
v6XuSoSZ5hizx+KsobdcFgpIIIEsl7eR3cvmeQDt7wvMzD0Oe4M7ifmviWcdnv7nPxzNztexGNSn
auCeXv2fYMOieC2y1PMc57GYHlIFPglL8/tBqlxn+XfvTgb8yJH/lANThaf98Fj15Hm8yRPxKtv0
K5Le4D0PCe5uM/6MhqIkTGvABDLo4/sjDcX5hieJeoa736OKgsm3K3yq2hdLM3TPSdxJVb4VPHkT
l492etMjCewrHA9/cPIDT+Mk4a+yPBdFj6Ph+D2nIIdZEqevQG6PxVRLcLkcANm5/D06bqEC8x/f
iOuDJOZ9VXZjD4pY7M8OWYRF/fod/A7J7Usyv+ILe/jek6jE7vl+89Sb8N9Al1RSrQcCkmfPIxf1
j2cKfrDh+ASlGwl4AvzA2v5YtvkYZhXEl8GoelOxG6iLpH8d8mpwP4qTSgwIrzZ5/3INwat/HQdZ
etUf+LkkTbbXG1+9v9Ufy4pKdZE6dZFlxZGhsD8pD4ZyeCuiRFBJ3B8tSaLlcCjEUr03cr54Pdh+
W/6SpLiZ+sTaW1V2KdL401AENzeKa4SLPrnlm4Rc1KDLT3Eug7NHVeOnJPb7y+HyZjOUeobwDE0z
dd3wYGBxdDZgPcw+ErTdQRiKhwrLwLTLcjBRhtEfTwc87yCAy0LQOedw8BqbxsEgNNY4EyVsqfS7
WO/Y3rpOL+n9FoOEZJJU4pUfpxwPRqGyNKYOSkJcQT3gq0lICjJjXmVqwJDCCkHR0iw1le+6F1I+
dnv17uPLtHEaZQO7DW+pPB5YCYnS7A8VAtwD/XBVS1ts6P8L3I2dLQKoBHrCR+9e52pf3FGkouBJ
v7vouzu6Mi9F96WaVp70iHo0NzTTALGVHyHftsVKXmRVFmRA1ZrZsAdW8yPLcSPOLcfyDT+wA28W
GWbEI9+f6YI7umbakRMZugu0awXlfZyG2XXJ3lyw9q0ca+KWccp0QMEIA9NnM8dke81k+dITMzTd
ecoOTo8cfEKC35PpCe2TIE+yWntZ5x8zVM77kzdvLtBC8eKa0iQEqTwrRfERtFzwQrWhPFxnWBjv
Y+iY4NuA8rVmrHaM51FgRDPHm3mRxi2L25HtBwY3fEfTQm3mGJHQxMwVM5RjEQeX+ypaalNvaj4P
uD0LdTfSDDdyrWg2m/mG7rhBqHu67muhEIZpmVxQKAReIQxBNIcAm/g8uJxc8SSGEIlvfYMkL9Ps
On2ufqPZrYqsLMU+sMzLFF9kvTLQrp8bmuF5mmkGoAjL1DThO7YjZsIVrhtEthHqoeN4Fu4KAbsQ
peBFsCb+N1xWCKMrso7nru8HmqFzV4S+ISw+E9yIXB5aEfdE4IWBMKLAd8OBl+z7IizgagLYuTqE
1f67GQS5gvaeW64RODOPc1uEmu/qgQbgDF+PIrzSNe5Zgcud4G7KnV2OZgh0l7pmadx1TW5x33cD
z/cg1FmhbczcwLcjEQSOaYfcNXaoU8To3NtAAwAyQg8iT/M8ETp8Zs84oAOrsH0TfqAvMoIw8oaU
7lQhlormc8eauTMLTMpx/ICDRG3XtQ3LEK4dGGZg2MINbJvvQAuw4EsyFTMRGojQE9zUTM8zRRRG
vukFoakZwtBtJ7Q1IO0amgfWuUMpS7KOhub5wgGvDWfgssI0Q8fVwXC80PACwwgsJ9BnQg930PTf
XG7C6XMRzCzDxy1dzXZ8HxiyNccLLBFFoExvZlqC654/JJVkWE80poJlp6E9546wQK6G7c6EpulW
5IQOfDaNIHJM04AWHiKOG5q7pFYExkIwTuDpRqCB3mw7cIEDU9dcEYDxz8AcnMjSrECzblOY9DKO
JOXo0QyZCiITNBYYFmADtzd4EIJBuBrXwQvMYMcH2jhAJELHEoZt235oCA8t3rDsGQQEO4TFUaCb
gNGLdow99atWuJ4bWFyzfLAMT7cFxBTXDE1fA9sGQYFj6twH9etDCt3HCdVR0ql/Q/zu0Sr4paws
INJa4BjC5K6j62DLM03oEQefcgwbHE+HYGdZMwGhw+ciuIvKJM6DpqB57hkGdyzLAmacYBZyCAn4
n2sauga2JwJrZrpc7Mi3TLPsk2gS/nONBy7EarB5PbB0j+sRSBz8C5zeNW2Mv7YnDDI+/IKA2KIf
dAUdPSN8HsDPzBLCFqbhQnXkgydZmm/rYM9CgL35vuMEGu+I1HUs0w9EXsgVHsgw8m3TdR1Pj8KZ
OQO7sKww8K3QgdVBZFhhhMvX9abkvFl/O7iX202UpVvQYLKF+iKZNLX0FUA1SYlB6NkzbyY8iD6m
G4Wh4Wum45kQ4CDvCFCvBsZ1Fy3IGK7W0tKfQ7jVIA+JUOceBAEO1DwudANiOyQPyFiaYVsz/7O0
9B4u4YBReJEZop1HkII8ywVf1bXACkwAZYLzevCvbGk22SdeVPsQ20Shki5aqOM5VjADa3A1y9Ut
7loGGIHQQMehbvvc1yLdBYcaEMnB4yYYvCmOIJbQM71oJkLw2QBMwve9AHOuHfiaHUI2BGyeNgMy
1Cq1tjXdUrX6hGF7zQL6TlBdcPrKEtZ6LMoKNiiulukTdrGGRMpKUeGLbCXjhWDVWuAr5yV84BUL
eJpmFfMFi9MgqSF4wAcm33CeQkKDxEvnz0DrPNvAyggJ7NIseSTGLMMHLCWSZD6+AMu2WV0oWvil
og00IVFMO0Btg9/PSrZIGNrelty++nZTya6z9OuKYernBYPmN4PgFWMK2yJC/MaP5Pt6LVJW56uC
h0BgukyXaUNsvkwZe/J+TU9+WJXBLlC0Agn1unhJdV+JlXUobxNUGf0ZyDMRFckLT6wCwWRywZEN
UgaJB4K+hlXzlZjLr3XhjXJdV1AsphP15bc5W45U3RgkUOyFyxEhO0iS7JolcYlom29UsKuYs/+p
RbHFOb/gh4m6NWfYzdNS+eq+WsPwy11YLjLQGAgFqflbpkSJ8+VxwKS93QP75D14DFgEyJWHIYPK
S4ofxQoCv2Qbwcu6oC/WMRC6LxA0CEf8UvMExbaKr2AuFBW1YHtqUyiQnyJ1uaOYFCKHBncCYsf3
/Odwm/Z+U298kApY1UG5TYMLXl6C4otLsKMpTXgH0iLTbjjFaesiS7MatAfTyzGjJ/pMthroD2OG
RTUwgj0FyQb8Ecc2dQoWhFMk8XNSL/AEVlZkNzFYmAAxAEtkuWkLDmWrAJ1EaKs4B21yzOLqaxBf
VdCyUFT4HQc0mZ3FbA94qMFvDBILsTFRnM6J1K6tcjKOok5TVGeIbWKWkxKoLymn7Ehcqc9sE6/W
4Mz49tG473zKcFAiRVHnlRyVAkPBbACb4ouUC05JvUYoHYJfZXEIsO9GgDaCNgcFfwzWNe0ZGkye
yEmtpS3TjYDtttIpv0syH6wHj6KYHAc/2MQV+vZGrLhPR8PsXIpaI+HGJb2Yi8svUGvXMUmeLAqc
9noiCTVGVhKH+OIdfGAC3/RBMlEhRLOlNHLQVo1uylYZKCpDN0WrwI1WBHNC0OZMQy5gdwrBsiL7
j+cAz/a+hH8Nbf0fw19WWU4QVPhsISlyJYPwkWM2DVtAuGuDSoe6UwGjIPCevELhK79+BITkFwQJ
IwYLakg+KSQfJm5EUFPwzSRk6ZGYrNrZ4iYQIiw7jmTgOrs4nrOLVyfn7PXJ6ckFO1gsXp8cn7PF
8Vv2/uzt98dvxwwmsYszmHXM3r86e33MFm/PDo/Pz6e7IWAgD8N2lDgWoogzSsgYiEtkMFgLCskk
jTbY6iB7KAlCii00ZQKhUMgwS6QOsxT4hAAN1oT8fs7YpJFdrzGzgkwwBMlpRFkSgdDbBXKZkWiP
M8whmOdpwfT2bLQFdTANastFgOWAlCzClXqVa1sewLxEXnasmpritXx6NyTFuak4X/HCB8+YdJU1
BaC7pUuuhnDUKqZWQeze8LSm4qOPBAqzGmzw6bjJCbtG2JihTK8RNPmV5HfTueCUncmYLw0eqoes
TsIWSwxJ5DplHf5SEs4JPjDqaJriFXZ7ScHiVpIk05EUWt6iIts0yVauVjMmfdPsaxi5UZq8ZRvs
DpMaWMd5UzCiygrYCc1QGXJYb3JZXckSjqkbE7zR6OsIJ6kFhJ1gNhzAFaR5cHZ+h4AhaUPigx2u
wMjKshYYGKo1aG3VVJsYtHC3DtW4UaSsEVRROZVocOpn5bThNxM6lC0b7Ic8x9F4U28gx0J6LZB4
xVOoKkGRTH75W6Lo5Ir+okRJHnPbxqDYzhUi2nCCVXANSddqNXaUyVu7No21EUY9SV9OblxI0lIT
+5xR5TChQ9+WtyOAQrUKlI8oPUAnCwxJJefYkzC5RnLYcQfLlDwlP83OOLmrdlGACbYBiu6XSX3J
DpdpKipU2FylCCjN1lkiS0wfXyygSpwgl/g9cqaSDMU22fmouzK1+KItNmV6e9LXUnMLw2qxrZD4
mE30ngJJebTxpGrAqBRAUburY+lBAZaQoeQcexkq9HExDCpYU/YKakGwpWdU3LHDxbsxrAUMPvjX
dRyC2VOtIKNnS39C9OfMacruriIvSTq9uVN2EEKgWvMkwq99yzYhFGDDaivYlOG5IBpYzxG7tNcj
1m9Fjm8wqmGJyZMpQxDvFumiKba7BhB7CQR1ja+QwMI6T/OJut7pbk6V15XxJ9HqE8vyRo0lJjxV
MkHZLs2jl1otz5CLnk7ZQq1JeLGiBVx1osoWaMeo4CtkAXQCYivzhCoWbC/xwT46Oy9QT4dJDLNk
v4xfHBZlxU4v3hHSElhCtv26Ytifkyq77WRzMW1izaaqJ7hqTmj7/aFI6WkS+XrE8GAgwG+1tWxC
/xtFcTBllKXWHIsAFm9ANvi9dAxN9GfPIEyNCQso7YpAr1ESEHUpEEOK5hTOS6lSWUrA3ErZKHIi
5PmACnWqmzo6oyLp6OT84AXUR1RP1SnZEAbsGiMlPQiVRUKMxqj+0EvY7zc6PjtfD4Vfr+ZN0/Yt
07FZUyXrGsIV3WeqRS/loQJ6c1pmMnkrj9CRmEQtqR2uM2ji0QubXk003ThFcTw2ZiW/arIFfITW
m+7RkXKvjQdg9IBeFm3qTObnLE7lgQBJ6mv2o5/doOcX7OSI7f347uToKegd3B4wwPxrUBsqBl+S
BOfAHq4IlXxk+QHekHW6S8Hbf3zxuqGv+rveyNe0GT4lo8KB1KtKEeIta06IVBq9AXwTfD/hWRZF
tC3ci6Pt5KaOw04hJM/J8HDmgk5XpKvJv7AnZUBzlV/VpTrlCSCIVDLMNn8ER66ZM/UYFbeRKUSF
R7UL5kD8Mw5Nj5LismQ3FY+bWVexuJ60CfquAzEp3INNVmP0iGSuU8EERNaIFnM7Rkc6CgH142dK
zrD4LaXq3mJiPBWy9faFJOaLCH2/zPk1GQXaqKROpoXDw6Qv2ceNWvYhBjK+CxV4CShrMQH59C6U
2t0weQGUQsYbcwewzWL83aIxd054fPxuEfpZGYcyZyA/HHQKBlfWfl8KK0yiMEOEMnXSRZva6KhJ
GQcPApEI6hSkedOuSXwJW2CfTJEo4cD6ir7NKuMYbMHZWlLrBTnw/rKSKZnATlAaDbRJJxrJ2slR
2eMLwzRqXlJj8rFpy6Y6cmrKHFozUBLQmzCDPQGY+BZVq8juWKvV5fS2MlXwuuYxdbOQTKDVk1aU
Z3mdNG6jLjDf0xyVNkwDN6Q2CLmknTDjYuSCkkA1GDiiDvLmqtTBc0dqruWwrBSUZQGQLkKHXdBD
z5zgn+HaGWoDw3BYvU/Qy+kQDybyfaN25hr0NpdQpvi3GKZxRogh1G032ByCK1d4zhqUHXRMU+o+
6+4TCxTm+GpViJU6UlTnj/KYBf/I0uUuf4QPYs3Z0Rn+JZCJSgqyPsDwdS1kB8LBya9px5KAdwzQ
2LR36A95upV8neObSVI5t4QKCpX3lTFBJYTvDVAu6+WbQzybF/2zvDEkh3zNwS0ERvYCMTR1KWSM
SBTQe0wwLqaYDOXdJnfJzMEHZ4PqXY5esq2hBofahmJrE8IUQdKyvN/scUurkq++Wqt402UQlY2R
KM5Hq8eEgVrEMI4b0qGnWtQccE+7DdSd/g6N5L6c71UykZqUHtA7S1I0gHyl5NmcGq3VoAxxRdtJ
qOiAh/DQrIVUBsVRSwgfkteFfOKC0aY5SpGRF+ip6NTkW45v3Kk+DUprjq9AqSssgACj0tW8UZq8
BzaKZ3pz9hNVLlC0jumQ7wMSpRasS979J0HEBlbSBQV4PEaRwQutSlR35lGKz9Q+ltQxUPuN36gD
rKoI6MOX+xIG+REoohtYmsyp3Y5z9vL1wYUcxFZD4MnaP9QbGWPbu6E368fmTRgX1ZiC7j9UpSef
tfQPLaQTY6ID0aozRV4rq0tAWcGWyT+AVBdN3G06taJ9SkNBBehAOgroKVjZyGnSPOEBE5Bl/ZOX
FE1oK5o/IEJ1sRr52BuZUH3ZK/wyWfuLG4htpWpyg0tsk0pq6CC4+TE0KFtZyNE85DfGv2KTyEwh
XUVySfShMiracIyPX3eVis8pF52K5R8wpKd1S6hanrwsYnYkAmZYzDDmpj23Nfb+5AUzNEPHCc0T
tWcCIixcb7IqfDZ4tKnewsKbcvMJ+t4z3dMhkw0HrxwaNnFYNQtxDoNg7DByvY4rMcEncFi60mbQ
T6nq7Zmh4ciK42lCKJ7RlXzo146pVXh+i895muv8Klc7hDE2WGDR22cErTXQNt89I56pNsaS+5n8
gmrR1csi7E3BJ+7Pjo5fHrx7fdHjiZ4Tqi0pW6DrqutBNfvMxaFexU5TRr/+H/M1RN8=
===END CRASH DUMP===
