PocketMine-MP Crash Dump Wed Feb 9 09:52:31 WIB 2022

Error: Call to undefined method pocketmine\block\Water::getBoundingBox()
File: plugins/PureEntities/src/leinne/pureentities/entity/Vehicle
Line: 33
Type: Error

THIS CRASH WAS CAUSED BY A PLUGIN
BAD PLUGIN: PureEntities

Code:
[24] 
[25]     public abstract function getName() : string;
[26] 
[27]     /** @return Vector3[] */
[28]     public abstract function getRidingPositions() : array;
[29] 
[30]     public function updateMotion(float $x, float $y) : void{}
[31] 	
[32] 	public function onUpdate(int $currentTick) : bool{
[33] 		$blockA = $this->getWorld()->getBlockAt((int)$this->getLocation()->x, (int)$this->getLocation()->y, (int)$this->getLocation()->z)->getBoundingBox();
[34] 		$blockD = $this->getWorld()->getBlockAt((int)$this->getLocation()->x, (int)$this->getLocation()->y - 1, (int)$this->getLocation()->z);
[35] 		if(!$blockA == null or in_array($blockD->getId(), [8, 9])){
[36] 			$this->motion->y = 0.1;		    
[37] 		}else{
[38] 			$this->motion->y = -0.08;
[39] 		}
[40] 		$this->move($this->motion->x, $this->motion->y, $this->motion->z);
[41] 		$this->updateMovement();
[42]         return parent::onUpdate($currentTick);
[43]     }

Backtrace:
#0 pmsrc/src/world/World(859): leinne\pureentities\entity\Vehicle->onUpdate(integer 316)
#1 pmsrc/src/world/World(785): pocketmine\world\World->actuallyDoTick(integer 316)
#2 pmsrc/src/world/WorldManager(360): pocketmine\world\World->doTick(integer 316)
#3 pmsrc/src/Server(1760): pocketmine\world\WorldManager->tick(integer 316)
#4 pmsrc/src/Server(1642): pocketmine\Server->tick()
#5 pmsrc/src/Server(1034): pocketmine\Server->tickProcessor()
#6 pmsrc/src/PocketMine(301): pocketmine\Server->__construct(object BaseClassLoader#2, object pocketmine\utils\MainLogger#3, string[36] C:\Users\tranthien\Desktop\FoxCraft\, string[44] C:\Users\tranthien\Desktop\FoxCraft\plugins\)
#7 pmsrc/src/PocketMine(324): pocketmine\server()
#8 pmsrc(11): require(string[80] phar://C:/Users/tranthien/Desktop/FoxCraft/PocketMine-MP.phar/src/PocketMine.php)

PocketMine-MP version: 4.0.0 [Protocol 475]
Git commit: 468faa464b2bc5c97f23fafbb71ea61035f6f218
uname -a: Windows NT tranthien4-8sin 10.0 build 17763 (Windows Server 2016) AMD64
PHP Version: 8.0.13
Zend version: 4.0.13
OS: WINNT, win
Composer libraries: 
- adhocore/json-comment 1.1.2@fc2f76979f0a44a5f5bc2a2b600d0762fe0e78e7
- brick/math 0.9.3@ca57d18f028f84f777b2168cd1911b0dee2343ae
- daverandom/callback-validator unknown@unknown
- fgrosse/phpasn1 v2.3.0@20299033c35f4300eb656e7e8e88cf52d1d6694e
- netresearch/jsonmapper v4.0.0@8bbc021a8edb2e4a7ea2f8ad4fa9ec9dce2fcb8d
- pocketmine/bedrock-data 1.5.0+bedrock-1.18.0@482c679aa5ed0b81c088c2b1ff0b8110a94c8a6c
- pocketmine/bedrock-protocol 7.0.0+bedrock-1.18.0@040a883a4abb8c9b93114d5278cb5fecc635da82
- pocketmine/binaryutils 0.2.2@f883e1cf9099ed6a757a10a2f75b3333eeb2cdf9
- pocketmine/callback-validator 1.0.3@64787469766bcaa7e5885242e85c23c25e8c55a2
- pocketmine/classloader 0.2.0@49ea303993efdfb39cd302e2156d50aa78209e78
- pocketmine/color 0.2.0@09be6ea6d76f2e33d6813c39d29c22c46c17e1d2
- pocketmine/errorhandler 0.3.0@ec742b209e8056bbe855069c4eff94c9734ea19b
- pocketmine/locale-data 2.0.20@a6e4eb22587e0014f6d658732cf633262723f8d3
- pocketmine/log 0.4.0@e6c912c0f9055c81d23108ec2d179b96f404c043
- pocketmine/log-pthreads 0.4.0@61f709e8cf36bcc24e4efe02acded680a1ce23cd
- pocketmine/math 0.4.0@6d64e2555bd2e95ed024574f75d1cefc135c89fc
- pocketmine/nbt 0.3.0@98c4a04b55a915e18f83d3b0c9beb24a71abcd31
- pocketmine/pocketmine-mp 4.0.0@468faa464b2bc5c97f23fafbb71ea61035f6f218
- pocketmine/raklib 0.14.2@e3a861187470e1facc6625040128f447ebbcbaec
- pocketmine/raklib-ipc 0.1.1@922a6444b0c6c7daaa5aa5a832107e1ec4738aed
- pocketmine/snooze 0.3.1@0ac8fc2a781c419a1f64ebca4d5835028f59e29b
- ramsey/collection 1.2.2@cccc74ee5e328031b15640b51056ee8d3bb66c0a
- ramsey/uuid 4.2.3@fc9bb7fb5388691fd7373cd44dcb4d63bbcf24df
- rhumsaa/uuid unknown@unknown
- symfony/polyfill-ctype v1.23.0@46cd95797e9df938fdd2b03693b5fca5e64b01ce
- symfony/polyfill-php80 v1.23.1@1100343ed1a92e3a38f9ae122fc0eb21602547be
- symfony/polyfill-php81 v1.23.0@e66119f3de95efc359483f810c4c3e6436279436
- webmozart/assert 1.10.0@6964c76c7804814a842473e0c8fd15bab0f18e25
- webmozart/path-util 2.3.0@d939f7edc24c9a1bb9c0dee5cb05d8e859490725

Loaded plugins:
Alerts 1.0.0 by hachkingtohach1 for API(s) 4.0.0
AuctionHouse 2.0.0-BETA1 by Shock95x for API(s) 4.0.0
BlockGenerator 0.1.0_beta by BlockHorizons, Chris-Prime for API(s) 4.0.0, 3.0.0
BuilderTools 1.3.0-beta2 by CzechPMDevs, VixikHD for API(s) 4.0.0
CraftingTable 1.0.0 by hachkingtohach1 for API(s) 4.0.0
CropGrowth 2.0.1 by NhanAZ, kaidoMC, YTBJero for API(s) 4.0.0
CustomItemLoader 2.3.1 by alvin0319 for API(s) 4.0.0
DevTools 1.15.0 by PocketMine Team for API(s) 4.0.0
EconomyAPI 5.7.3-PM4 by onebone for API(s) 4.0.0
FCCore 1.0.1 by hachkingtohach1 for API(s) 4.0.0
FormAPI 1.4.0 by jojoe77777/DragonfireHD98 for API(s) 4.0.0
Gems 5.7.3-PM4 by onebone for API(s) 4.0.0
HealthTag 2.1.2 by Shelly7w7 for API(s) 4.0.0
InvCrashFix 0.0.1 by Muqsit for API(s) 4.0.0
InvSee 2.0.1 by BlockHorizons for API(s) 4.0.0
KeepInventory 1.0.0 by NhanAZ, KhoaGamingVN for API(s) 4.0.0
LaunchableTNT 1.0.1 by Vecnavium for API(s) 4.0.0
MaxEnchants 1.2.4 by Xenophilicy for API(s) 4.0.0
MultiWorld 1.7.0-beta3 by CzechPMDevs, VixikCZ, fuyutsuki, kaliiks for API(s) 4.0.0
MyItem 1.5.5 by hachkingtohach1 for API(s) 4.0.0
NPC 1.0.0 by hachkingtohach1 for API(s) 4.0.0
Napthe 0.0.2 by hachkingtohach1,tungstenvn for API(s) 4.0.0
Parties 2.0.1 by Didah (@Diduhless) for API(s) 4.0.0
PlayerStats 3.1.9_BETA by hachkingtohach1 for API(s) 4.0.0
PureChat 2.0.0 by Vecnavium, 64FF00 for API(s) 4.0.0
PureEntities 2.0.0 by LeinneSW for API(s) 4.0.0
PurePerms 1.4.5 by Vecnavium , 64FF00 & ProjectInfinity for API(s) 4.0.0
RedstoneCircuit 3.0.0 by tedo0627 for API(s) 4.0.0
ScoreBoard 1.0 by hachkingtohach1 for API(s) 4.0.0
Shield 1.4.0 by JavierLeon9966 for API(s) 4.0.0
ShopGUI 1.0.0 by hachkingtohach1 for API(s) 4.0.0
SimpleHome 1.1.0 by CzechPMDevs, VixikCZ for API(s) 4.0.0
Spyglass 1.0.1 by ItsRealNise for API(s) 4.0.0
VanillaHopper 2.0.1 by ColinHDev for API(s) 4.0.0
VanillaX 3.0.0 by CLADevs for API(s) 4.0.0
WorldProtect 2.3.11 by aliuly for API(s) 4.0.0
_NewAlias 1.4.0 by Javier Leon9966 for API(s) 4.0.0
libEasyUI 1.0.2 by GiantQuartz for API(s) 4.0.0

----------------------REPORT THE DATA BELOW THIS LINE-----------------------

===BEGIN CRASH DUMP===
eNrtPGtz2za2fwVX6dw6ey2Jb5HqpBPHdhrvxok3dprcrToZkARF1hTJ8mFb6fS/33MOQIqkncTd
urf9sJ42IkHg4LwfAMhfJlFebnj94UqUVZJnk6W1P6mTjZgsdceyzIWt2/rMMRa6ZuxPmkI9cmem
7ZmW5zmOZnm6B4NSXtXHZZmXk+Uvk3pbQLeJvN+fbERV8TW2HPI0ZXXOmiwUUZKJkG1EHechK/Lg
UtQbaFqt/BRuVqt3vBblcrkW9bMc+ifZ+ll+s/cY4EVNmj5PUgK4XK3eVoD8alWXPKvjRGSr1ZGo
Luu8WK2e5zeHJY/q1apIm3WSQbezphTHWZ3UiYC7qgxWq1QkGU5cwCPRPaKr7Wr1vYiTIBWzIi5w
bjmvAjfvQ5sDsLmENe+DmktIcwUIgKRA52RpmsDrkgdw+cPkkcaKDQLA/6/zMg3n7/DfPdf2Hi/Z
vVCcfptnb4sQ+LaXZLVYi5KZuoMce6R/AvrCtQF6n/v0FLiPP9NveVA3ILPtUX6RBJe3wBp3gz3l
Gci73DMd7bPQw7uhmj2o56IE3dzTF58FpSacflvfBc+6A55jGSN48okCQePsO8ZppvWZcWdlHoCy
56UE4PQAnNGQUxiyZ2r6J2B8+BDkWVWXTVDv5f5PIqjZM16JQ7Cu6mXOQ1E+MvaZetIH0NRJCgpx
ypPsZb4G4h+Z+wwAgdX8YDo/snvbSTfKsn7DqM66iOzFJ8g2xqyrJFNpkCsH7enIm1L83CSl2FO4
uNqPrIh5uZzPD5dzwmjeITRX+MxbdHpzTk/PZjhwhAra8uPJj7/uT8T/l8t6SLcBeEtAH5LsKk+v
xAa6AvQQWBbUk/YptPTngfYgDwUSa1jwDO4NG34Z/BWNnyYB436FDqlmUZMFNcQDBqS84hux95gt
lWJ8g+McNX6hxs//9jf2tBR1U2bse8AhL80ffmR/m2Mf9x5zvEmQWWd5lWBLRdPxsuRbms2Ts5na
EFIHoCGfd5rjzV6U5rxmX93sM3W1RWBXeRL+8isC0QHICplkGnQ1BtZ3oeyroClLYC66KQTj53n6
C441aeyq/ookf8CesK9AGavpt0CM9KyP6foZPa73ENrjXZeXecAJW+gFmH7m6fazTz+qWfrahiwz
rQF+R38gfmzK9C/gSBjZCqMk2vuvjmtPWAaxnOUlA2Umge8pjAnMCaC5z35w95n34+PHxHhHgQHS
5GwbEjsi8oRpM/0bfIRKgp0XqvOvIq0EDXc/N3yqzTSXkPXagXBjaS0v2xFXYm80Gng0hnerRfLB
0ofQWt2VRiylZxlK0fFPWVXBUQ+Xy049B6pJo0w16tfJr/9JLP6TWPwnsfjTEos2AlcYbA9SUdZ0
lXGsntqG/UlXdE30GbgeaOENpBZlhXYb8yC+BBzrHK90BMqLBJ9Y1BnuRcb9VISTJchV7E9CUYgs
xMHwrMqj+qjfsOGUEYzArlYSm/YXswxQB0wdXp9fvHv95uURNF0LHyIz4h7XdVEBt655HcRVnNSz
ayH8dDsL8s0c/c5BQ2H0Rd5Uok9zv7lPuYHETJ8dXxzoQ/rPY+CqZ9/8PsInx6D3+WZ7cHYy2TGh
UrBXKy7xihEv4MEQy89yAoml6PmdyETJa5lGKnJHD/oEQ4yaaR98UfMhvTTkRV4mH8FQ4dFhXEJ8
OCux4h6zACLU79GBwVSr1RDZ1Ur6g3vR3yQpdL2ArKiv4IPmoZoD3lOk3RgSf/hRBPHZ6ZG4wgHf
JzfJ5Yujh1L5AIEXmxCAQ6YucasRNyB9iOm9VH+d1HHjk8L30J4PQAFvyGOAoV0gwj3mDNv/Ik5g
gNTo9j58AbYAe5M0KLezaluLapaJeh7yKvZzXoZzyZC8+K7Mr+t4wI2ucewVRv7gVcyzg39B2yVP
wvz0EK7+9+LZ30WZPxRX5AxIfYuTjHv/hmIoZJHqpqrzzUktNsqserSPHw05YI45wNOrJNNM3Xso
gjuAQPMIl9st9/EHYAhjX9A1DTVdt8eqvgui7ELwzUPR2M6P2cXVyM7PLw7eXLw9+5Iwd5jNOxhA
bC+y7MjtNfYJtmeLmTk9O7WGNOeZ8OH/h6JVgYP0XWIBMFerAUZflODzw8O87Lsr1TD2U/qf46ck
Nu3vQ3mm53m5GYqxbRmSbY119qf8p1ws8G9+VPJ1nkWQW7448tyHYsBuAkyKCafu4j7i/E5s+sZI
t3+iXuL88t/7IP9C8LSOL/i6R8Gubegs9ZkxTh8FVJeL68VDEVG1AFerDon7xQek5SS7gqBaxc+T
mx41/dZhjnjLwk6bnwHcQxGzIWirVZJdBYhAlNz8lrwP8D4XYkgINnwhhA9T3AciZZTMSkx+CzH/
EKKAUSKD5Hfbo2nY/oVErctO/hHn/DsOVej6+1cPnZgMMHqA3OQlb7IgRnwuXl30KB+2f8H1fy+C
jF8lzYNF7A4gCLGPyOj2PqI95TfHOCIb1N/91iFxxmzkCN+LLC/iJE2C7UOR1wOJIuxQGdzci7gm
rRNapOrTtmsckrZQhZf5xcLr8F+0xbpt6qq5TCjhTpPksvpDyrEN4qsW3Aa4/55SrAcI+bTFJLbP
I9kw5I89s/+clEZi0/4+VErz6uywRzHe/UUqTUDlt3muT640veJFHfeDkGoYB1Ljs4Tu1022rmqR
XWV/HM2EWPt7H9s+4yVt2e2Ia1u+EGKPkpDHbO8p/DZxKqrq8UNRFbYQV6tC4rJa7ZD6reba4UfU
pnwryvOaD9x0v7VPNdTFM+8Drhj+ORrcw2tw87sVGjdrD2Ne93nQNt1aMv1UEN6fONbz55r2m8in
ec5EuSEnP1pBfc5pUbQ6K3OA/h48T95UZ8fTtr23rvpBzi0P2SDeu6t7aX1/t3rIhN4m9mcZ8ZK2
s87fPZT0794eG2H025YTWhQHhwBa8qUQhrTLtnEpan9CA9g+k1Jg/81AZLihcwJ1aZbUD5bCDMRM
2PUu7yPoNyKsaqgID5MyaJK+wo+fDA3/lrhrEeaaYzxYkdfCW61KhUggEVmtbmP2RTLPg7wUzzAm
9yjsNY5C8p/jznb49K9/tzM7jxMxyExVwxdWVP4OOizKlyLP8HDhQxE9hAp0Ei7t771EGefFd29P
BvTIlr9IXqXQ6S4eKpE8TzZFKl7km36m1WscLeuOyb+7vvgjKomKcIoBJ+BBH7/fU0mcb3ianqlD
Wz2oyJhiu8bd8z5b2qYvlMwndfVG8PRVUj3YElsPJJCv8Lj/8tT3PEvSlL/Ii2KwRTFs/0LueZin
SfYC+PZQRHUAV6sBIqPbf0fGHao74t/fpvv9l+LP4csDUu2HIliC6+h7v7u6jxSp5IWYX+MpwB0x
g+Zbe0y3NpmSJt0+3A4TQlNHagqJwlgr75k2nTZJGaG7nu8Oekzb85Q1ZGfzDYc6rpwPyAWufHgl
rg/ShPctddd2r3jE/uiARLion39DnYfg5hLMr3hg1D/m1XYQt3ZtYy81KpS/S3hW/7OBEu/jQ5Et
J16tOgS+oNJ40JWXgDfIdbRJ2B7AIVRuoH6vqBYBOuUG1sRFB4WrXX6w4bjnvGsJeAqowdh+W775
EOY1BMBBqzoWvGtoyrR/j2fi+vdRktZiAHi9Kfq3MUTX/n0S5NlVv+GnigTS3W98eVZp0JaXdXeY
BMVW1RwJCvudimDIhzciSgWVbP3WijhaDZtCrCR7LednLwfTb6uf0wwnU1ese1TnlyJLPg5ZcHOj
qEZ00d9s+SYl/2PQ7cekkNmDR1XNR1DR/nC4vdkMuZ4jeoammbpueNBwdvR6QHqYfyDUxo3QlAwF
loOWVtWgo4zz708HNI8wgNtSyP38QeN1mYzkX9Qx9kQOt4d3zuKR7sVNdkkH7Qxiktz5T9Z+knHc
koDIY8wc5IS4Agfoq04IClK3os5VgyGZFYKgpVpqKiHbecwPu7l6z/F0epJF+UBvw1siTwZaQqw0
+02lAPNAO1w3Uhdb+P8Cc2OvzwJIVXvMR+uOCzUvzkhHkNJ+9ds3dzRlXondq0odP+lMz2RpaKYB
bKs+QEI4WUY8rcAvYdDJgxygWgsb5sBqc2I5bsS55Vi+4Qd24C0iw4x45PsLXXBH10w7ciJDdwF2
0wbRJAvz64q9umDdAUFr6lZJxnTAghEOTF8sHJPttZ3l6UtmaLrzmB2cHjm4vYDvEfWY9lGQJVmd
vsTFhxyF8+7kFe1y0M01RUxwUkVeifIDSLnkpVom4WGcY+E2R9cxhT7qdQBMx42nUWBEC8dbeJHG
LYvbke0HBjd8R9NCbeEYkdDEwhUL5GOZBJdz5S21mTcznwbcXoS6G2mGG7lWtFgsfEN33CDUPV33
tVAIw7RMLsgVAq3ghiAegYNNfR5cTq8gAQjl2Tjg5GWWX2dP1S+q3brMq0rMgWReZXgw+gpTEu2p
oRmep5lmAIKwTE0TvmM7YiFc4bpBZBuhHjqOZ+Gs4LBLUQleBjHRv+EyhZ1ckXY8dX0/0AyduyL0
DWHxheBG5PLQirgnAi8MhBEFvhsOrGTui7CEuyngztX2gPY/bSPwFaT31HKNwFl4nNsi1HxXDzRA
zvD1KMI7XeOeFbjcCe6GvNPLyQIRHUPXLI27rskt7vtu4PkeuDortI2FG/h2JILAMe2Qu8YIOnmM
nXkbqAAARuhB5GmeJ0KHL+wFB+xAK2zfhD+o240gjLwhpDtFiFmC+dSxFu7CApVyHD/gwFHbdW3D
MoRrB4YZGLZwA9vmI9QCrEhSdQaKUAMWeoKbmul5pojCyDe9IDQ1Qxi67YS2BqBdQ/NAO0eQ8jTf
wdA8XzhgteECTFaYZui4OiiOFxpeYBiB5QT6QujhCBt67ycGbU0VOqh2IlhYho9Tuprt+D4QZGuO
F1giikCY3sK0BNc9fwgqzTGfaFUF6yJDe8odYQFfDdtdCE3TrcgJHbg2jSByTNNwjAV4HDc0x6DW
hIyFyDiBpxuBBnKz7cAFCkxdc0UAyr8AdXAiS7MCzboNYdqLOBKUo0cLJCqITJBYYFiAG5i9wYMQ
FMLVuA5WYAYjG+j8AIEIHUsYtm37oSE81HjDshfgEOwQBkeBbgKOXjRS9syvO+Z6bmBxzfJBMzzd
FuBTXDM0fQ10GxgFhqlzH8SvDyH0cn3Ko6RR/wb/3YNV8kuZWYCntcAwhMldR9dBlxea0CMONuUY
NhieDs7OshYCXIfPRXAXlGlSBG1C89QzDO5YlgXEOMEi5OAS8D/XNHQNdE8E1sJ0uRjxt8ry/KNo
A/5TjQcu+GrQeT2wdI/rEXAc7AuM3jVt9L+2JwxSPsiIK7FFO9gldDrZegB/C0sIW5iGC9mRD5Zk
ab6tgz4LAfrm+44TaHwHpGkSGX7A80Ks8ICHkW+brut4ehQuzAXohWWFgW+FDowOIsMKIxweN5uK
83b8bedebTdRnm1BgukW8ot02ubSV4CqSUIMQs9eeAvhgfcx3SgMDV8zHc8EBwdxR4B4NVCuu2BB
xHC1Dpb+FNytBnFIhDr3wAlwgOZxoRvg2yF4QMTSDNta+J+EpffwEg4ohReZIep5BCHIs1ywVV0L
rMAEpEwwXg/+lbXKJv8IFdIcfJsoVdBFDXU8xwoWoA2uZrm6xV3LACUQGsg41G2f+1qku2BQAyAF
WNwUnbeqzbWnoWd60UKEYLMBqITvewHGXDvwNTuEaAi4edoCwFCp1OnWbEvZ6iOGlTYL8Fzauinp
jSyGuR6L8pINkqtV9ohdxBBIWSVqPPpbMV4KVseC5Zmo4ILXLOBZltfMFyzJgrQB5wEXTL5rMYOA
BoGX9kcA1nm+gZERAhjDrHgk9lkOT8oKQTIfvNUl2+ZNqWCxJGIbKEKg3McZILfB9xrTLQKGwr0D
N4dMlzdpXbHrPPu6Zhj6ecmghs3BeSUYwraIIb5pJem+jgW+LrguOb4uN1tlq6wFtlxljD16FwtE
DF/4rDBpxZc/Zf1VUd5XYWYdyseEqvT++AZbKmriFy6pBoLJ4IItG4QMHA/ENOWYG6/FklF6ig+q
uKkhWcym6pXTJVtNVN64ajRd1+FfTZjsMl41ugijpGuGOy9bsxSvuJ7812pCJBykaX7N0qRCspha
IWFXCWf/bES5xT4/40W7eLJkWMHT0GOq6dUYBgQwzCsZiBa4h9D8LVM8x/5yCWDaPe5R9ehdgu/1
ZSAAHoYMUjQpJ+Q/vs/ENoJXTUkvvTGQji8QaeCi+Lnh9L7tOrmCvpB9NILtqUkhk36M0OWMYlqK
AirhKcgH30xawmOa+1Wz8YF9oH4H1TYLLnh1CRpSXoLCzajD2wpkiDbQUord4jLP8gbEDN2rfUZL
VkzWJGg4+wyzbyAEiw/iDRgutm2aLJFvO0rg56QHQBOoY5nfJKCKAtgAJJGKZx1yyFuF0EmESo19
UHn3WVJ/jW8dlzQsFLiURbo1Gsz2gIYGDMwgthAZU0XpkkCNlZqTcpRNlqE4Q6wn84KEQAVMNWNH
4kpds02yjsHq8YDgft9KleIgR8qyKWrZKhmGjNkAboouEi5YLxUlobQcji/jAtp3Y4A6gjoHlUEC
2jXrKRp0nspOnaatso2A6bbSer9Lcx+0B5efmGwHO9gkNTqBjVhznzY52LlktUbMTSp65wGHX6DU
rhPiPGkUWPf1VAJqlawiCvGcL1wwgYfxEExUCtFOKZUcpNWgPbN1DoLK0Z5RK3CiNaE5JdSWTEMq
YHby1TJ1+8tTgOt5n8M/hvr/9+Ff1XlBKCg/26GkwFUM3EeBYTfsEMJZW6x0SFAVYuQE3pFVKPyq
rx8AQ7ILQgk9BlOv44KlixsRNOR8c4mytEiMal1vcRMIEVY7iqTjen1xvGQXL07O2cuT05MLdnB2
9vLk+JydHb9h716/+cfxm30GndjFa+h1zN69eP3ymJ29eX14fH4+G7uAAT8M21HsOBNlklPkRkdc
IYFBLMglEzc6Z6sD7yF3CMm3UJcpuEIh3SyBOswzoBMcNGgT0vspZZNKdh1jCAaeoAuS3QiyBAKu
d+fIZUSiOV5jDMGEgAbMbvdGXVCL0SC2QgSYN0jOIrpSrnJsRwOolyiqHammpmitHt+NkqLcVJSv
eemDZUx3KTg5oLu5S6aG6KhRTI0C373hGb0FPcAEMrgGdPDxfhsTxkrYqqEMr1EEsCS9m50Jzthr
6fOlwkOakTdp2OGSQBC5ztgO/0oCLgh9INTRNEUrzPacnMWtIEmqIyF0tEVlvmmDrRytekz7qtmX
MFKjJHlLN9gdKjXQjvM2s0SRlTATqqFS5LDZFDINk7keUw+m+KCV1xF2UgMId0KzpQDuIMyDsfM7
GAxBGwIfzHAFSlZVjUDHUMcgtXWblqLTwtl2WO23gpQ5gso+ZxIb7PpJPm34zZRWb6sW90NeYGuy
aTYQYyG8lgi85hmknyBIiNN4OE1iseMr2otiJVnMbR2DrLxQGNGEU0yXGwi6Viexo1w+Guu0/IJG
C192bk1IwlId+5RR5jCl1eGOtiNAhXIVSB+Re4CdTDAklIJj8cLkGEnhjjoYpvgp6Wlnxs67bBcZ
mGK9oOB+HtTn9HCVZaJGgS1ViIDULM5TmWL6eEKGMnFCGbImUCEVZMi3yRJJPZWhxRddsinD26O+
lNpH6FbLbY3A99lU7wmQhEcTT+sWGRUCyGvv8ljaUcAUMpSUY9FDiT4OhkaF1oy9gFwQdOkJJXfs
8OztPsPjm9AxC6+TENSecgXpPTv4U4K/ZE6bdu8y8oq40+s7YwchOKqYp9Ecak5ZJoQCdFhNBZMy
XEBEBesZ4i7s9YD1S5HjG/RqmGLydMYQibdn2VmbbO8qRawlEKlrPAsFA5siK6bqflTdnCqrq5KP
opMnpuWtGCsMeCplgrRdqkcvtFqeIQc9nrEzNSbl5ZoGcFWyKl2gGaOSr5EEkAmwrSpSyliwDsUj
KmjsvEQ5HaYJ9JKFNX7sQFQ1O714S5hWQBKS7Tc1w0KeRLmbThYXs9bXbOpmiqOWhG2/PhQZbTuR
rUcMVxACfGG4IxMK5ShKghmjKBVzTAJYsinwqz8wBqRBX50DN7VPuIDQrgjpGDkBXpccMYRoTu68
kiKVqQT0rZWOIiVCLiQoV6eqqaPXlCQdnZwfPIP8iPKpJiMdQoeNX3IqacdUJgkJKqP6klLYrzd2
dO5sPRR+s162Rdu3+O0bkIRMWWNwV/ScqVq+kqsPaM1ZlcvgrSxCR2ASawntMM7zilYo2lpNtNU4
eXFcX2YVv2qjBVzi+Qd8RmvPvTIeEKNNeZm0qcWbn/IkkwsCxKmv2Xs/v0HLL9nJEdt7//bk6DHI
HcwecID+1yA2FAye9gXjwBquDBV/ZPoB1pDvZJeBtb9/9rKFr+q7XsvXNBlup1HiQOJVqQjRlrdL
SSqM3gB+UzyP8CSPIpoWniXRdnrTJOFOIMTP6XAV54KWYaSpyQ8cSh6Qp1d21VRqOSgAJ1JLN6vG
TOWYJVP7rTiNDCHKPapZMAbybN3VKBkOS8eheL/tdZWI62kXoO9aOZPMPdjkDXqPSMY65UyAZS1r
Mbajd6SlEBA/XlNwhsFvKFT3BhPhmZClty8kMF9EaPtVwa9JKVBHJXRSLWweBn1JPk7UkQ8+kPEx
qoX8Tg3MJiCe3oWldjeavMRvWDHeqjsg2w7G3w4bc7TCQ1+LQjurklDGDKSHg0xB4arG73NhjUEU
eohQhk666UIbLTUp5eBBIFJBlYJUb5o1TS5hCqyTyROlHEhf04cCpB+DKTiLJbSekwPrr2oZkgnZ
KXKjRW26Y40k7eSo6tGFbholL6Exub/akamWnNo0h8YMhATwpsxgjwBNPA/YCXK3rNXJcnZbmMp5
XfOEqlkIJlDqSS0q8qJJW7NRNxjvqY8KG6aBE1IZhFTSTBhx0XNBSqAKDGxRC3lLlerguiMV17JZ
ZgpKswCRnYcOd04PLXOK37cbNXWOYdisDh70Yjr4g6k8WtX1jEFuS4nKrNhsilmSE8bg6rYbLA7B
lGtcZw2qHeoYptRztntOJJCb4+t1KdZqSVGtP8plFvxk1+WYPsIPfM3ro9f49aKpCgoyP0D3dS1k
BcLByK9pxooQ3xFAbbPe7gDE6Y7z8vtjUji3mAoClc+VMkEmhAcMKJb14s0hLuKL/lrePgSHIuZg
FgI9e4k4tHkpRIxIlFB7TNEvZhgM5dM2dsnIwQdrg+rQRy/YNpCDQ25DvrV1YQogSVk+b+e4JVVJ
V1+sdbLZRRAVjREo9qcPQFZy3wTdOE5Ii55qULvAPdtNoJ70Z2g59/l4r4KJlKS0gN5akoIB4GvF
z3bVKFaN0sWVXSWhvAMuwkOxFlIalEQdINxNb0q5NYPepl1KkZ4X4Cnv1MZbjocLVZ0GqTXHs1Lq
DhMgwFHJatkKTT4DHcU1vSX7gTIXSFr3aZHvRwQqA3MXvPtbRkQGZtIlOXhcRmk/VUTrI3fFUfLP
VD5WVDFQ+Y0vhRapUElAH305L7XLS4CIZmBpMqbuZlyy5y8PLmQjlhoCV9a+UUc39m3vhl4R2Tdv
wqSs98npfqMyPbnX0l+0kEaMgQ5Yq9YUeaO0LgVhBVsmP9nWlK3fbSu1stulIacCcCAcBbRdVrV8
mrY7PKACMq1/9Jy8CU1F/QdAKC9WLR96LVPKL3uJXy5zf3EDvq1SRW5wiWVSRQUdODc/gQJlKxM5
6of0AipQgslIIU1FUknwITMqO3eM+7RjoeKG5tlOxIe0q0nbeivIWh49LxN2JAJmWMwwlqa9tDX2
7uQZMzRDxw7t1tsTAR4W7jd5HT6Rbx6XuAtI38lDY3uiezqErmHjlUPNJjar6iApoBG0G1qu46QW
U9xyw1yVoEMBpdK1J7aGLWuOyweheEJ3cjuwa1OjcMEWN3ba++KqUDOECVZUoMLbJ4Rap5FdgHtC
RFIyjDn2jrQ2QRZhrwvuxT85On5+8PblRY8m2hhUU1J4QFtV94P09YmLTb0UnbpMfv0/fui1YQ==
===END CRASH DUMP===
