PocketMine-MP Crash Dump Wed Aug 11 17:55:02 WIB 2021

Error: Undefined offset: 5
File: plugins/MyItem/src/hachkingtohach1/MyItem/ability/Manager
Line: 212
Type: ErrorException

THIS CRASH WAS CAUSED BY A PLUGIN
BAD PLUGIN: MyItem v1.0.7

Code:
[203] 				and !empty(explode("|", $ability)[1])
[204] 				and !empty(explode("|", $ability)[2])
[205] 				and !empty(explode("|", $ability)[3])
[206] 			){
[207] 				$result[] = [
[208] 				    "TYPE" => explode("|", $ability)[0],
[209] 					"STYLE" => explode("|", $ability)[1],
[210] 					"DAMAGE" => explode("|", $ability)[2],
[211] 					"TIMECOUNTDOWN" => explode("|", $ability)[3],
[212] 					"EVENT" => explode("|", $ability)[5]
[213] 				];
[214] 			}
[215] 			if(in_array($id, [
[216] 			    $this->ability["TELEPORT"][0]
[217] 			])
[218] 			    and !empty(explode("|", $ability)[0])
[219] 				and !empty(explode("|", $ability)[1])
[220] 				and !empty(explode("|", $ability)[2])
[221] 				and !empty(explode("|", $ability)[3])
[222] 			){

Backtrace:
#0 plugins/MyItem/src/hachkingtohach1/MyItem/ability/Manager(212): pocketmine\utils\Utils::errorExceptionHandler(integer 8, string[19] Undefined offset: 5, string[96] C:\Users\Fox Main\Desktop\FoxCraft\plugins\MyItem\src\hachkingtohach1\MyItem\abi, integer 212, array[5])
#1 plugins/MyItem/src/hachkingtohach1/MyItem/ability/Manager(624): hachkingtohach1\MyItem\ability\Manager->caculateTagAbility(string[40] ability|register:item|register:2|1|100|1)
#2 pmsrc/src/pocketmine/plugin/MethodEventExecutor(42): hachkingtohach1\MyItem\ability\Manager->onMove(object pocketmine\event\player\PlayerMoveEvent)
#3 pmsrc/src/pocketmine/plugin/RegisteredListener(80): pocketmine\plugin\MethodEventExecutor->execute(object hachkingtohach1\MyItem\ability\Manager, object pocketmine\event\player\PlayerMoveEvent)
#4 pmsrc/src/pocketmine/event/Event(88): pocketmine\plugin\RegisteredListener->callEvent(object pocketmine\event\player\PlayerMoveEvent)
#5 pmsrc/src/pocketmine/Player(1668): pocketmine\event\Event->call()
#6 pmsrc/src/pocketmine/Player(1781): pocketmine\Player->processMostRecentMovements()
#7 pmsrc/src/pocketmine/level/Level(854): pocketmine\Player->onUpdate(integer 2272)
#8 pmsrc/src/pocketmine/level/Level(787): pocketmine\level\Level->actuallyDoTick(integer 2272)
#9 pmsrc/src/pocketmine/Server(2265): pocketmine\level\Level->doTick(integer 2272)
#10 pmsrc/src/pocketmine/Server(2396): pocketmine\Server->checkTickUpdates(integer 2272, double 1628679301.6408)
#11 pmsrc/src/pocketmine/Server(2152): pocketmine\Server->tick()
#12 pmsrc/src/pocketmine/Server(1992): pocketmine\Server->tickProcessor()
#13 pmsrc/src/pocketmine/Server(1586): pocketmine\Server->start()
#14 pmsrc/src/pocketmine/PocketMine(291): pocketmine\Server->__construct(object BaseClassLoader, object pocketmine\utils\MainLogger, string[35] C:\Users\Fox Main\Desktop\FoxCraft\, string[43] C:\Users\Fox Main\Desktop\FoxCraft\plugins\)
#15 pmsrc/src/pocketmine/PocketMine(321): pocketmine\server()
#16 pmsrc(11): require(string[90] phar://C:/Users/Fox Main/Desktop/FoxCraft/PocketMine-MP.phar/src/pocketmine/Pock)

PocketMine-MP version: 3.22.0 [Protocol 448]
Git commit: c32c21464c30cd7059a4cbfb0a7d7e493238a561
uname -a: Windows NT DESKTOP-BVRHES0 10.0 build 19042 (Windows 10) AMD64
PHP Version: 7.4.21
Zend version: 3.4.0
OS : WINNT, win
Composer libraries: 
- adhocore/json-comment 1.1.2@fc2f76979f0a44a5f5bc2a2b600d0762fe0e78e7
- daverandom/callback-validator unknown@unknown
- pocketmine/binaryutils 0.1.13@0abee38d4e2861621f262c79a2a3d699d8a697f4
- pocketmine/callback-validator 1.0.3@64787469766bcaa7e5885242e85c23c25e8c55a2
- pocketmine/classloader 0.1.2@9757928424652393b178a3760073113aa7c9911b
- pocketmine/log 0.2.1@830b44a2cf96ef703c550abe64302f230231ca49
- pocketmine/log-pthreads 0.1.3@e477ecf6ec214fdd4415ea1da3fdd9d73bf699ea
- pocketmine/math 0.2.6@43057cb8c179a9859677b496a788db922fd5cfc3
- pocketmine/nbt 0.2.18@9f82ca4d7f97fcd9a566e44b63c4f18a7657ae82
- pocketmine/pocketmine-mp 3.22.0@c32c21464c30cd7059a4cbfb0a7d7e493238a561
- pocketmine/raklib 0.12.11@9cce458b8bfde3e4dfdbf70c659fc7b7fe26b5c4
- pocketmine/snooze 0.1.5@70b5e7937a06878dd321a3182ceb76d56298f2cd
- pocketmine/spl 0.4.2@6b08b7cf8c4afa17139c9a1b3bf1b408531de161

Loaded plugins:
CoinsAPI 1.0 by hachkingtohach1 for API(s) 3.0.0, 3.14.0, 3.14.1, 3.14.2, 3.19.0
CraftBook 1.0.0 by hachkingtohach1 for API(s) 3.19.3
DevTools 1.14.2 by PocketMine Team for API(s) 3.13.0
FormAPI 1.3.0 by jojoe77777 for API(s) 3.2.0
GiveItems 1.0.1 by hachkingtohach1 for API(s) 3.14.0
InvCrashFix 0.0.1 by  for API(s) 3.14.0
MyItem 1.0.7 by hachkingtohach1 for API(s) 3.19.3
PlayerStats 2.9 by hachkingtohach1 for API(s) 3.0.0, 3.14.0, 3.14.1, 3.14.2, 3.19.0
Quest 2.5 by hachkingtohach1 for API(s) 3.0.0, 3.14.0, 3.14.1, 3.14.2, 3.19.0
RedSkyBlock 5.0.2 by RedCraftPE for API(s) 3.19.0
ScoreBoard 1.0 by hachkingtohach1 for API(s) 3.0.0, 3.14.0, 3.14.1, 3.14.2, 3.19.0
Slapper 1.6.1 by jojoe77777 for API(s) 3.19.0
TrumThe 1.0.0 by hachkingtohach1 for API(s) 3.19.3

----------------------REPORT THE DATA BELOW THIS LINE-----------------------

===BEGIN CRASH DUMP===
eNrtO4ly20aWv9JLpyrSFknhIAmSKbkkW3KiGcnSSNQ4s6bL1QAaJCIAjeAQxUz87/ve68ZB6vC5
NdkqJ5UI6OP1uy80/90JZBbz4v2tyPJQJp3poNspwlh0pubIGo+ciW1Y/aE9HppOt1Omesoc9ye2
41jWxDJtxxyMup2I58VxlsmsM/13p1insKxD78d3noB9ALvbiUWe8wVOXSe+CMJE+EwGQS6KKRvC
fFBG0aswwgUvp/P5dQ5Yzeev5B0742Eynx+J/KaQKQ29zHhQzOdpVC7CBFadrU8KEc/neebN50vu
LW/CZFFIfDKbWe6GUVisYYAngEnWT5cpHqwO1cD21Oo9ALW3Bama0nD2NBgAEQE1nallWsDAjHvw
/LbzzGBfDHIHQO1OWSq9G1HEAHw+L4swAkqv8c90Kja4+wtP/Ah2hUkhYDcbd1leZHDKW3Pyjj3A
7np+MnrH/u+43WUVRsgaxrOMr98O3+0Cx56ZX8GdkTUA7nyynHvPPe6VES/EjC8O1eSOZsDAeMf0
+j8zsQjzQmTTEMA0b9af5p+mYfxpEt4WS2NEFf9r5LOniNk7E8VS+se3IimO74RXFjLbGVifh6xM
zuSt2JHub8IrNnRAIFwUBF+LbD6/oL+4mA4k9Own0bvUNAn/FP8mwMuxsaVoaingc5+U3nNBTzVy
n0xVl30ZOYOHyaGde7RsZzx+hID7xKIiRJHa9mX4DB/GRy3dMUejbWQ0TIKgjt8hQKOnATljcwuQ
muk9TzPpgSc9k3lxKTyAigjG8DdXgJ2HAUeASLR3iv/fGQ8HjwCXyXXqg53UnsSyHIvAjj8O1hk7
W2Bpdj6n6d5z7hUl0L8+krPQu7l/xOThI65Edose0RoNnwTvPwLWNJ6Ga09GW3DVDEhrKbwbBKqY
km/A7jJflm4kWB0rzf5oYIzVmebTZ5pD65EzC6RBwbCehGFOJk/BuFBqAu5HAbOfBjYcP8aEvOBZ
oYE8Yo0X9HgGjzvWxHwEzvv3nkzA6ZZebXsveC5eQu6Qn0ruP+IjdNjDoHQqF+RJtOe2h58euupN
A/sL4p0ifvhR4m1rm/hcsVcB0Ca/Y+KqTPxehpmowtAEwlC65Nl0b+/ldI+w26uQ29O47VWotc7s
nV30cd9DWO123n3odsRX52XfMD0CfBSc92FyKyPluAC4D6zwik41CyMKFox40heIvmXYMDwv1L+Q
8LD/EnEKgVzcpRGs2Zl3/px3uuwHffzuW5MSDcsYfOY+S+8bfuY+W+8b1ft2/00DTgvQD5nIy6h4
+47ts7c0O27NMvhn3pn96+J43mH7z9mjZxnvurR50toM/3auZv86/dheU+01ja29R4dnhz9/bLOl
N5tbm2cnZ8cvz69fz47O37z+CAxbw7C2YBz/8/j17CN7h+9oa1sX3v1EQ42YP9B7I74wAM/9nrLP
nR9Cv6sYbzZyQrb/UCzDHIKUOugtUHR8enxxfgkIvQN2045GkErU5ngDxKcoiaF3Tr5MmS3jy5TZ
Mr9MmS2rrcwfvpc338ub7+XN9/Lme3nzvbz5Xt58L2/+w+VNt7NAv8cjLBASju3pzsZmQMwFKTQd
7o7dt6y+geNlGPmdqTke2N1OmL/3xW1nGvAoF1CFZLKQngSwg8EYDgmxRvFsy4MsczTwbMPzHWM4
4QPPDVyDO74jBhPbssd8ODIBdqlxeRMmvlzl7PWMHR1f/X12ftF78c/LX46vDGYafYMRDsycGAOL
7VSLTWOXHZ4djQZYDi1TAOP0B30L4f4hEp9oGBAJMPte5njOyevXMxigl1WYUNkUpxL4/D4K3Yxn
ociRR9xfAl2Z2Pstl0kP1uj6y+ybfesg8KzAGU2cSWDwwYAPg6HrWdxyR4bhG87ICoQhnLFwALzP
gaWQlsl4D52+y72b3i2PQnAkWG0CB24SuUoO9F9EtpGeGyY8W5Pqw1IDzjbtA4O7QthjfyDA34DT
MQNrZHnOhFvc9keTiT/mgFow2AT14OFm3+jbB6MBeOwB7BmNXI9zRwzH46E1sMR46Fm2Zw3F2BsO
ubUFEA02IoPVuFkHE2foTKzxwBqMhuBPbRfiF7cdYItjm6YNsL3JxDTdTUiRXBAEq28ejG3DBY5a
XjAZicAxbDgZCR4NbMMKLPifbXp8MLkHoZcWy0xwv2KUfSAGjiO8YCRQGQPfHwzMoeCmz214mfiO
7QbALcE3QcW8WGpsRgdw6NDx3LFnAnsn4+Fk5DjuYDLiznjsuxPLCvyhF3j2JojELSp6xgeTYGwB
wr4TgEw8fwKKPxKDgTuyvUFgjrkzGjpcjLeY2zz24rQ2xoPPsKwWsIzfgG4rvgBO5sHE88RgOHbH
buALWwz8wHeB195oOAk8x3UCYY3cobelQXki5R9Cs3d44BjuUEC4c7gxGjtj3wevx20TqBWuM/KH
I2syDizP3wKSRgQB7PRg5Bpj1/GCsTfgATcd0554E266IBjThQg6tE1fmEDNh7obQrb5UsLD4cVJ
y5fVQ91O48FMsn1eQvqa5ViJbWWp6BZ5GuKMDYaAi+2+OWgezOrBUg8TmII9IuEQ78G/QBADH+iL
FLwNHgBzuQyKo/ZAzKlLcy9BrjBunrD9A+aEnvn8avbm/PL0CIZWws2hDEEQRZHmEBdWvPCW+TIs
+ish3GjdB++0hxUnxYQXUt60GVOPbXHmc3gDhNvfjvAKo9bjp5AOlEPkCSMvW/fzNWRh/UQUez7P
l67kmU8cOBK3MymjvMWAemiTfi3UFgOacMhmgsebDLC/XPIVApha1Khoaq9mh5ez64sHxQyxdFm6
JNwGtb0aBlD7SmbxphlUI5u02tuy/k3+JoWD/2xQaX05kQ1ETJwIifrhY8JFUn4ObwUWjG3JNWPb
qmt+huoOvqHNLgAjbAnoPPRTCDtJbkHL8+Wr8K5FWnu0TZxxj7hvRUtc/g5YzedhcuvhyUF4BwWT
it6fQIZuMjcU1F3nTck4/yGnUrUbarS+iTtR1fBVwYu2XrZH2/Rb/clfN9y0kN54+eqg849S5EWL
O+p9ky/Dvy5fCF3956t5cSn8q5v1iwjcdYsj7dE2X4ZA7FYMgqUUEy+Ot03liyluQGIjrMYE6vEG
p4+a/xWWQi/QLlp0tQb/32RdDc7t568W/FXE01RkbebokU3OjLZD1yOR+GtoztXJnxaiHkg2GpT2
KiKAwllWxrOlaFFYjfxV8kqNT/3wbYIAVh48A4oLsZ0mVi0XpED1d/ppJoFfBfUQOs8u6jf2UiZB
uGD4hXiezZNns1Kwv5URsxxmGVPbnFoj9ubkBbxYJi6IeLIo+ULsi2SB77Es/P2No5nqp+GkOryX
yqzYNyembeHgCtRU9KIwL/ZlEOAITxJZJp7oqb52D9gWCt0y3pcJQUr5KulhU0d4+D1p3xzR6fxO
b8r3LQNHFsCRWPpin94CmQHYekyfB6zx0cSq9/Q21cf4YRCEXhkV633CVfWm8LtCLooChJrvExOo
n4vqtp/frF1yW/VwLoTfWoXf7PePjl8dXp/OcFSpVO/3UmRrfaoeyjygS6OEz/2U5/lKZv7+f9M/
wKiykL2c3wq98TYUq54PnOTAvf0xDt258q6HWq6XbBS5/XWMRe4zatoxj0RfAn3AUNIABvxiG8IE
jWCgsrlgFQMYzwQrloLJBNSnWPKCeSjAgrmChYkXlb7w4YHd0zyEdSVj2BkggG2YOQ9El0mYyXIE
ydxM8Bu2lmWmYbEwYCDHMAjpBBAhXjmI1gj4tVjV4MB0Ag5CzNlKJj8WDH0FzxhyLwZiseG0Rgzx
c7Gie7UUCSvTRcZ9ANCfJ6i7Cth0njD27M1SIGKskHBK4jMAoRu2wIOMJzl+u/PVNKEKOsEBMPAz
EgXxC+3ZE2xJX0JxJEbISkMrq5oyal/iRL4sC1+C0uvLHVM27yjLYl4kc+HPO4TZYRTJFUNzAmSq
L5bsNuTsH6hiuIZ0raenpgx9GW09Jr3Te+jTN1oFA4kBUxCau2aalbheq2k93UL22ZsQGCIT4Cv3
faYuSOSKrdjrZ7HgeZmRSTNguisQaWCO+L3kEbINK5iE3fII/M+OPhSczi5CVyeCgQj0JD1gO7bZ
pzBNZ78uYxe4Alp1mK8Tb8bzGxB8dgN61KcF18AtUu2KUly2zCR4HZAeLM+7uCHymbZ3sIcuw/Yr
EIIBhHgDDhrH4jIBDcIlCvgViRdoAi3L5F0IGiaADUASaW5SI4e81QidBKiruAZ1ssvC4kdgX5HR
Nl+gjyOV2drMdoCGEuzGIrYQGT1N6ZRAbesqJ+XIyiRBcfrokGRKQqC+dd5nULbrZxaHiyUYMxZh
3bbxacVBjmRZmRZqVDEMGRMDbpouEi4YJXWlfWUQ/FaGPqD9MAaoI6hzEhgN2tVvKRos7qlFtaaB
xwdPnq2VUf4cSRe0BwMxU+NgB3FYoG3HYsFdCpzsSrHaIOaGOcKm7TOU2iokzpNGgdGuegpQpWQ5
URiEgCJ4JPpUimCCTIjqSKXkIK0SzZQtJAhKopmiVuBBC0KzR6hNmYFUwOnkglVn+C9PAWY2T+GP
AfXr8M8LmRIK2n3WKGlwOQP3gfEQ/F6FEJ5aYWUa1kAjRk7gDVmFxi//8RtgSHZBKKHHYF4JwSeB
4MPUhQPUbqlQVhaJwapeLe48yAryhiLluM5nx1M2++Xkip2enJ3M2OHFxenJ8RW7OL5kkBf+/fiy
y2ARm53DqmP25pfz02N2cXn+8vjqqr/tAjb4YQ1Hmh0XIgslBWR0xDkSSF+NK27UztYE3kNK4JNv
oSU9cIVCuVkCBbki0AkOGrQJ6X1M2ZSSQZ6HATDBZfowgqyAgOttHLmKSHTGOcYQjPO0oX9/NeqC
TstBbKnwMB1QnEV0lVzV3poGUC+R5g2ptqFpzXcfRklTbmvKFzxzwTJ6nowilX+SA3qYu2RqiI7e
xfQu8N0xT+h+wQYmkJiVoIO73SombCthpYYqvAYBwFL0xo0J9tm58vlK4SF7kGXk17iEEERWCWvw
zxXglNAHQkeGoWmF016Rs7gXJEl1FISatiCTcRVs1W69otdWzbaEkRotyXu6wR5QqQ3tuKoSRhRZ
BiehGmpF9ss4VdmVSuGYnujhRCWvI1ykNxDuhGZFAbxBmAdj5w8wGII2BD444RaULM9LgY6hWILU
FlW2iU4LT2uw6laCVDmCTir7Chtc+iifsLTxlmVyk1e4v+QpjoZxGUOMhfCasSr3R0EyVQgpLBq+
or1oVpLF3NcxSLZTjREd2MMsuISgO6gldiTV1LZOY26EXk/BV4srE1Kw9MI2ZZQ59Dyo8kRN2xGg
QrkKpI/IPcBOJRgKSsqxJmFqj6KwoQ62aX4qeqqTcXGT7SIDIywDNNynQT2lh/MEanEU2FSHCEjN
ljJSKaaLnRjKxAnlHC8YMh1kyLepykfPqtDiijrZVOHtWVtK1RS61WxdIPAu65ktAZLw6OBeUSGj
QwB57SaPpZIUU0hfUY61DCX6uBkGNVp99gvkgqBL+5TcsZcX113YCzi4YF+r0Ae1p1xBec8afo/g
T9moSrubjDwn7rTW9tmhD45qyaNgD0pJVSb4AnRYHwWHMuyToIK1DLEJey1g7VLk+A69GqaYPOoz
ROL6Irmoku2mAMRaApFaYc8NNpZpkvb0+1Z1c6atLg//ELU8MS2vxJhjwNMpE6TtSj1aoXUwsdSm
3T670Hsini1oA9eVqNYFOjHI+AJJwCuxUP6mEWUsWF7GgDwaO89QTi+jELskVC/jhR2RF+xsdk2Y
5kASku2WBcP6nETZHKeKi37la+Ki7OGuKWGLWu4Lt1xMq4LlOTOxUNHp2hJMleaZLk9zVVCjJie5
VIFLa4OJwJRzUtBeLiUUsKiBVZ0iqkqUPJjPC85yflt5Sux4VL0hnGuVsIAYteZUwqL7Eb/JMFHF
MHWGfmS/uvIOtT5jJ0ds59frk6NdoBlUHnCA9Stw96BJtyGEOlAMrF8yKF76TQYImiBpCTE7AU3/
9cVpBV/XNq2RH+kw7A9R0ITsA4tcCsNEm6y6IzqEtJo2QUDHwlwYrHt3Zeg31HJIU8C5CV5UbhPI
V/edqiqAKkiNKKgNJJ2UkSXSi8KU0V7QmjO+Bo3BSjLWVzN1RNNhgFxxr5pTR+aNA6z6XO0GyYw6
HErd1W+SlSxordbtMtedFg8MuVCuTu/pqT1TlkKOdBtGeIxy49pF6VMwDvFkUdcJCW6LtsNht1q1
0SB7sCmlhHwYyxItOFDxRhs0slKLGOMreihqR4Aa4jMFSNh8SeGytZkIT4Qqf12hgLkiQPujRiZF
uGWl76Ti1N/cCLyKfDyoJh/8EOPbqOrrtnCagJj2EJbGw2jyDCCBflRmB8hWm/FvjY1NtozNgV6p
rpm2fKOHMZUOopZu2zSP6DDqjubkgJCfIkNJM3XxjGnqmG6mVAGc9myQDvB6zGLP2ALKsLxhT9Ow
qTnUv88i7ZpWPKQ6DdwkFDFKNqlM6d49KaN+wUhGa7RDtMkdUoLfS7UTw1iCfgmCnU6dqTmrWlRT
HcSxo0ZloxpWMVDLCxBpeh0tI0d97+EvpraGanPbHE6XkG0GsiURsLKe+npSr1xKlAyh0k/jOO2H
kjAGR7aOsewBAymwg+jlDepYy+l51swTCeTE+GKRQQGtmmW6s6YaCPgDk5tt+gg/sODzo3O8W9rT
Ll9FPnQKK6Fyaw6ms6ITc0K8IYDG+q12NgTamvNKNZVw7jEVBKrmtTJBjMe7kxSp2ikijcs26yDr
TlBPWp2rLvjHdMm7MIy+PEO8qiwMXG8gMsi0e+iBEgx/araKVipW8I1OmP5M1QqvJWScEMnJi1XO
QgMkyav56ox7kla0tkVdhHHjq3X8RaC4Hi0BXTNKFh0mHkgtPr2pauf2mwP0TPuEiptPR3jttpV0
lVW0OicaBoAvND+rHslSD5LHwCJH583aY2DLGUoTnxLHMKgBQfUBhKjvC+iBqsaB8nEAT7vIKrLx
KOS5rkogkeRxGlVvmPIAjlpW00poag70FjtYU/aWchWIn11qab1DoFRwNGGy/d2DyMC8MQt93TSo
vjhRN+ChiEUBnSJ0TvkxFZsgnxBw1eG2jb46l3BQjww/UGFUUNGrOXHKXp0ezqbWT053OLkzu/ad
3bV+Mn/yMR8iO98pMgEv4Fz3x4ZyxeptMNxVSZ76xNCu1ZWFY2wBHutWGqUe1AsDqXlrpi7dl1nl
lKsCJas/TpDHATgQqjz6+JNXDOtVHzZAF1Q2++wVuRo6itZvACkpU9A/YW2N9Ci1bOV8kn64xsQd
OL5c13beDVYHOdUxwBH1EyKVw9E6pBdQgcpDhRFlM4pKgg/JSFb76k63I+4KkaAe6fujmWhfFnc9
fem3HsGPSonPs40xGb/3ZQHOcGNU/1i4GSizqP2OLqL9HoRRITYAL+KNq+tLCB/t9xCs7LY9gDfS
2++xqz6RtccwFfPpukYzlnqbZF+KQDcXNnaS3883hyBDidsjVxenGxis898junCvn1g9VcgbkUB4
36B4zekDqYU3pPGyfpiqO5nD/ghf1WXlejW83sWbPJWIjWUYtmlaeOnq4uh8g1JfvidMtgdhKNwU
B5h7kucbC69CNOhfzzZI3MIAXrFK3iQLBldZuCXd1rV0vGFp4q8nAOHlpnI10fY9JVPtK/94oSJc
qJ8CaCh44Zx8kO9WN81R9bJ1WkgasOnyzMK/J6VwQ7DEDrs9BFVZSR53USr1qTD4H0yzzi+oodNs
+PDhfwGCDcy7
===END CRASH DUMP===
