PocketMine-MP Crash Dump Wed Feb 16 20:32:24 WIB 2022

Error: Undefined variable $session
File: plugins/Parties/src/diduhless/parties/form/PartyMemberForm
Line: 71
Type: ErrorException

THIS CRASH WAS CAUSED BY A PLUGIN
BAD PLUGIN: Parties

Code:
[62]             }
[63]         });
[64]         $this->addButton($button);
[65]     }
[66] 
[67]     private function addTeleportButton(): void {
[68]         $button = new Button("Dịch chuyển cậu ta đến đây");
[69]         $button->setSubmitListener(function(Player $player) {
[70]             if(!$this->member->isOnline()) return;
[71]             if(!Dungeon::getInstance()->inGame($session->getPlayer())){
[72] 			    $party = $this->session->getParty();
[73]                 $this->member->getPlayer()->teleport($this->session->getPlayer()->getLocation());
[74] 			}else{
[75] 				$session->getPlayer()->sendMessage("Bạn không thể làm điều này khi đang trong Dungeon!");
[76] 			}
[77]         });
[78]         $this->addButton($button);
[79]     }
[80] }

Backtrace:
#0 plugins/Parties/src/diduhless/parties/form/PartyMemberForm(71): pocketmine\errorhandler\ErrorToExceptionHandler::handle(integer 2, string[27] Undefined variable $session, string[98] C:\Users\tranthien\Desktop\FoxCraft\plugins\Parties\src\diduhless\parties\form\P, integer 71)
#1 plugins/EasyUI/src/EasyUI/utils/SubmitListener(36): diduhless\parties\form\PartyMemberForm->diduhless\parties\form\{closure}(object pocketmine\player\Player#255616)
#2 plugins/EasyUI/src/EasyUI/utils/Submittable(21): EasyUI\element\Button->executeSubmitListener(object pocketmine\player\Player#255616)
#3 plugins/EasyUI/src/EasyUI/variant/SimpleForm(63): EasyUI\element\Button->notifySubmit(object pocketmine\player\Player#255616)
#4 pmsrc/src/player/Player(1985): EasyUI\variant\SimpleForm->handleResponse(object pocketmine\player\Player#255616, integer 2)
#5 pmsrc/src/network/mcpe/handler/InGamePacketHandler(892): pocketmine\player\Player->onFormSubmit(integer 25, integer 2)
#6 pmsrc/vendor/pocketmine/bedrock-protocol/src/ModalFormResponsePacket(46): pocketmine\network\mcpe\handler\InGamePacketHandler->handleModalFormResponse(object pocketmine\network\mcpe\protocol\ModalFormResponsePacket#303323)
#7 pmsrc/src/network/mcpe/NetworkSession(395): pocketmine\network\mcpe\protocol\ModalFormResponsePacket->handle(object CLADevs\VanillaX\network\InGamePacketHandlerX#278803)
#8 pmsrc/src/network/mcpe/NetworkSession(358): pocketmine\network\mcpe\NetworkSession->handleDataPacket(object pocketmine\network\mcpe\protocol\ModalFormResponsePacket#303323, string[5] e..2.)
#9 pmsrc/src/network/mcpe/raklib/RakLibInterface(192): pocketmine\network\mcpe\NetworkSession->handleEncoded(string[8] cM.d2...)
#10 pmsrc/vendor/pocketmine/raklib-ipc/src/RakLibToUserThreadMessageReceiver(42): pocketmine\network\mcpe\raklib\RakLibInterface->onPacketReceive(integer 3, string[17] .*pJw.a...v.....~)
#11 pmsrc/src/network/mcpe/raklib/RakLibInterface(122): raklib\server\ipc\RakLibToUserThreadMessageReceiver->handle(object pocketmine\network\mcpe\raklib\RakLibInterface#111346)
#12 pmsrc/vendor/pocketmine/snooze/src/SleeperHandler(123): pocketmine\network\mcpe\raklib\RakLibInterface->pocketmine\network\mcpe\raklib\{closure}()
#13 pmsrc/vendor/pocketmine/snooze/src/SleeperHandler(82): pocketmine\snooze\SleeperHandler->processNotifications()
#14 pmsrc/src/Server(1660): pocketmine\snooze\SleeperHandler->sleepUntil(double 1645018343.7735)
#15 pmsrc/src/Server(1046): pocketmine\Server->tickProcessor()
#16 pmsrc/src/PocketMine(304): pocketmine\Server->__construct(object BaseClassLoader#2, object pocketmine\utils\MainLogger#3, string[36] C:\Users\tranthien\Desktop\FoxCraft\, string[44] C:\Users\tranthien\Desktop\FoxCraft\plugins\)
#17 pmsrc/src/PocketMine(327): pocketmine\server()
#18 pmsrc(11): require(string[80] phar://C:/Users/tranthien/Desktop/FoxCraft/PocketMine-MP.phar/src/PocketMine.php)

PocketMine-MP version: 4.2.0 [Protocol 486]
Git commit: 44818e6d1456dcf1f0fd3cd27da1dfecbe03c08b
uname -a: Windows NT tranthien4-8sin 10.0 build 17763 (Windows Server 2016) AMD64
PHP Version: 8.0.13
Zend version: 4.0.13
OS: WINNT, win
Composer libraries: 
- adhocore/json-comment 1.1.2@fc2f76979f0a44a5f5bc2a2b600d0762fe0e78e7
- brick/math 0.9.3@ca57d18f028f84f777b2168cd1911b0dee2343ae
- daverandom/callback-validator unknown@unknown
- fgrosse/phpasn1 v2.4.0@eef488991d53e58e60c9554b09b1201ca5ba9296
- netresearch/jsonmapper v4.0.0@8bbc021a8edb2e4a7ea2f8ad4fa9ec9dce2fcb8d
- pocketmine/bedrock-data 1.6.0+bedrock-1.18.10@e98c511584a7bd58a95986374d2df4b04c6a2ba0
- pocketmine/bedrock-protocol 8.0.0+bedrock-1.18.10@017e57c8f8a74118bcbba7332e7ebac9e6c81693
- pocketmine/binaryutils 0.2.4@5ac7eea91afbad8dc498f5ce34ce6297d5e6ea9a
- pocketmine/callback-validator 1.0.3@64787469766bcaa7e5885242e85c23c25e8c55a2
- pocketmine/classloader 0.2.0@49ea303993efdfb39cd302e2156d50aa78209e78
- pocketmine/color 0.2.0@09be6ea6d76f2e33d6813c39d29c22c46c17e1d2
- pocketmine/errorhandler 0.6.0@dae214a04348b911e8219ebf125ff1c5589cc878
- pocketmine/locale-data 2.4.3@4d0b081f1a79407e087968ea76aaf330db6ea2b5
- pocketmine/log 0.4.0@e6c912c0f9055c81d23108ec2d179b96f404c043
- pocketmine/log-pthreads 0.4.0@61f709e8cf36bcc24e4efe02acded680a1ce23cd
- pocketmine/math 0.4.2@aacc3759a508a69dfa5bc4dfa770ab733c5c94bf
- pocketmine/nbt 0.3.2@3e0d9ef6b6c5fb45e3745a121296e75631b3eefe
- pocketmine/pocketmine-mp 4.2.0@44818e6d1456dcf1f0fd3cd27da1dfecbe03c08b
- pocketmine/raklib 0.14.3@4798576fec0364266dce23b368a7fec5e5de7927
- pocketmine/raklib-ipc 0.1.1@922a6444b0c6c7daaa5aa5a832107e1ec4738aed
- pocketmine/snooze 0.3.1@0ac8fc2a781c419a1f64ebca4d5835028f59e29b
- ramsey/collection 1.2.2@cccc74ee5e328031b15640b51056ee8d3bb66c0a
- ramsey/uuid 4.2.3@fc9bb7fb5388691fd7373cd44dcb4d63bbcf24df
- rhumsaa/uuid unknown@unknown
- symfony/polyfill-ctype v1.24.0@30885182c981ab175d4d034db0f6f469898070ab
- symfony/polyfill-php80 v1.24.0@57b712b08eddb97c762a8caa32c84e037892d2e9
- symfony/polyfill-php81 v1.24.0@5de4ba2d41b15f9bd0e19b2ab9674135813ec98f
- webmozart/assert 1.10.0@6964c76c7804814a842473e0c8fd15bab0f18e25
- webmozart/path-util 2.3.0@d939f7edc24c9a1bb9c0dee5cb05d8e859490725

Loaded plugins:
Alerts 1.0.0 by hachkingtohach1 for API(s) 4.0.0
AlwaysSpawn 2.2.5 by Philip Shilling for API(s) 4.0.0
AuctionHouse 2.0.0-BETA1 by Shock95x for API(s) 4.0.0
BlockGenerator 0.1.0_beta by BlockHorizons, Chris-Prime for API(s) 4.0.0, 3.0.0
BuilderTools 1.3.0-beta2 by CzechPMDevs, VixikHD for API(s) 4.0.0
CraftingTable 1.0.0 by hachkingtohach1 for API(s) 4.0.0
CropGrowth 2.0.1 by NhanAZ, kaidoMC, YTBJero for API(s) 4.0.0
CustomItemLoader 2.3.1 by alvin0319 for API(s) 4.0.0
DevTools 1.15.0 by PocketMine Team for API(s) 4.0.0
Dungeon 1.0.3 by hachkingtohach1 for API(s) 4.0.0
EconomyAPI 5.7.3-PM4 by onebone for API(s) 4.0.0
EconomyJob 2.0.6 by onebone for API(s) 4.0.0
EconomyLand 2.1.3 by onebone for API(s) 4.0.0
EnchantedUI 1.0 by ItsRealNise for API(s) 4.0.0
FCCore 1.10.1 by hachkingtohach1 for API(s) 4.0.0
FormAPI 1.4.0 by jojoe77777/DragonfireHD98 for API(s) 4.0.0
Gems 5.7.3-PM4 by onebone for API(s) 4.0.0
HealAndFeed 2.1.0 by Kylan1940 for API(s) 4.0.0
HealthTag 2.1.2 by Shelly7w7 for API(s) 4.0.0
InvCrashFix 0.0.1 by Muqsit for API(s) 4.0.0
InvSee 2.0.1 by BlockHorizons for API(s) 4.0.0
KeepInventory 1.0.0 by NhanAZ, KhoaGamingVN for API(s) 4.0.0
LaunchableTNT 1.0.1 by Vecnavium for API(s) 4.0.0
MaxEnchants 1.2.4 by Xenophilicy for API(s) 4.0.0
MultiWorld 1.7.0-beta3 by CzechPMDevs, VixikCZ, fuyutsuki, kaliiks for API(s) 4.0.0
MyItem 1.5.5 by hachkingtohach1 for API(s) 4.0.0
NPC 1.0.0 by hachkingtohach1 for API(s) 4.0.0
Napthe 0.0.2 by hachkingtohach1,tungstenvn for API(s) 4.0.0
Parties 2.0.1 by Didah (@Diduhless) for API(s) 4.0.0
PlayerStats 3.1.9_BETA by hachkingtohach1 for API(s) 4.0.0
PureChat 2.0.0 by Vecnavium, 64FF00 for API(s) 4.0.0
PureEntities 2.0.0 by LeinneSW for API(s) 4.0.0
PurePerms 1.4.5 by Vecnavium , 64FF00 & ProjectInfinity for API(s) 4.0.0
RedstoneCircuit 3.0.0 by tedo0627 for API(s) 4.0.0
Rewards 5.0 by Wertzui123 for API(s) 4.0.0
ScoreBoard 1.0 by hachkingtohach1 for API(s) 4.0.0
ShopGUI 1.0.0 by hachkingtohach1 for API(s) 4.0.0
SimpleHome 1.1.0 by CzechPMDevs, VixikCZ for API(s) 4.0.0
Spyglass 1.0.1 by ItsRealNise for API(s) 4.0.0
VanillaHopper 2.0.1 by ColinHDev for API(s) 4.0.0
VanillaX 3.0.0 by CLADevs for API(s) 4.0.0
WorldProtect 2.3.11 by aliuly for API(s) 4.0.0
_NewAlias 1.4.0 by Javier Leon9966 for API(s) 4.0.0
libEasyUI 1.0.2 by GiantQuartz for API(s) 4.0.0

----------------------REPORT THE DATA BELOW THIS LINE-----------------------

===BEGIN CRASH DUMP===
eNrtXQtz20aS/iuzdOoi3Ykk3g9u2WVZkmNlJVtnyWvfLlOuATAgEYEAg4ckesv326+7ZwACkGzL
jrK7V+XsQ8Rg0PP1u3vwyD9GcV6sePX+ShRlkmejmbU3qpKVGM10x7I13TMta2I7uuv4e6N6LU+5
tqVPHNuwTE2zXdtw9kYpL6ujosiL0ewfo2qzhlkjOj66CQVcBqT3RitRlnyBp95kkYiTTETsihcJ
D1LBfijhrJwX12n6PElx4sFsPn9TArj5vCp4Vi0Tkc3nh6K8rPL1fP48vzkoeFzN5+u0XiQZTDvj
RZUI+FEW4XweJVG9TIEyzGhOIMty3uZUrAJRPIeByXq5xqXlsoraVBGbAq1pS2qqKE2R0HRAB2ik
wBgISQdJFjyEn38fPdLYt5PccfXdGVvn4aWoVkB7Phco2SXPolQU8znJ+SJvJf1CnpjN5IydJKvE
QhTM2GNlVSTZ4u+G+wv7jAraeb73C/sDNbDHGmjAIQjukd5K6YiXmzfHJCT1s66StJye18EqqU6S
shKZKHZMByRzbx2Pn3x66j/CNC/rQnzcyYNfRVj15L1O+QYlfUZ/Hxk2eIRDiI17Iq5QwDsGKlKe
BSWmYiUyENyzuqrybPxE3IiwrsSAxa+CY34GDqk5q6bnyWqdCjIsx/wcniyvkngj4XwdDIutV7gy
/k/OmspJO7rv2Z01Fab5fAtq/ESa7WtRrvOsFPdeeWtNBoGwOyAyUV3nxeV0Fa7FVDnO9Dj7ia/E
GUe6ymd2PN8Y+Fp/rfGTPEOUSirtivZwdUetfiWyKC+mW4rTQEQFHI3XRV7lYZ4SwNM84ikSbtiW
sHYsZwBHcTKfIyvzeRsE7mCmkeQt2neJdEC3ATeffwLZI1MzTcMkXt1PSfqlPDiXYWXH9O3Pc/PF
VRuWGg4OTvYPxRU48V95lqQpf9cheYdE3j0yXM/TJGrvvqht7/Oo+/MbiIe84kqJDyfuNjLbvzAx
mRgT4sT/FCcFv0yTYPqaX54kwTHYZxFDQgInNL6Fo6MszCMR7SgIkBvC00lkTCYSha590uQljnGy
lhglnosc08rFshA8OpWVwWsRigRKkR3rCwAlwfl8wBl6p5SXotQ66FZyOuS+yX+uf76ecEB+NcF/
/lcyoH+tHA2E2WABZq7QE4HLBthnWBxa8tczC3h105IBVzc+Kfsyy/MPgng6T4VYi6KJdbphfqOU
73HNNp9KgOY3APSGViCnQrbozQM8EFBBvC8xYSUhxyKoVOt2U9E5aWhHdxztnoRLPH6TQSLfifIa
a6S2LDYnrmvachH7jkW0W6Fbnhk/qZLw8kwizgsF0+lQOKNrTuGaHVOzPkHk/fsQmKyKOmzjyzNe
igMoxMuTnEeYFvfYHcZFVQnEGZ5kJ/kCfOPR1jdM5yvqvfYqy/qWKlHy7X6Cb8MdakiKVV6lQveO
jvVUIX6rk0K0YUn7ha2XvJhNpwezKWGatpCmCtG0AdRZdHx6NsELB1iwMdgd/fJxbyQerL95wCYD
cEk675PsKk+vqIYD4hGIJKxGzVkYUcvAEIZx5MMxYJh1/vkIJx2zM/hx9884ZHWGfgBBluMnPIpk
nbjzQ0B/5UxbzSRKDhzgX1cNrovkileCxXUWosgYELmAsnOdF5UiBvq8ypOI/QOv87rLylXYY5aJ
a6Zmz0eH81oXYRAuWbisN3RgZizEHzyqWcXZvNYgUOJAEGftkaYJYzMfSdD+7XXA9UU1qMQb2Duy
FGQ/yNJwl8C62kCWSbzzJyWrFSlu/CQpX2Wot53dXbDaqi4yXN7V77jysM4WIs9ms4WojsHPeQb5
ZhdIUFGz0xjT+AmcV6X17u4uAUGlziv8D/GDdrQBsSksvQvx1A7JwDUHIDqqbuB3loIgpvS2cxfd
dhYcnOQyIAM+Wshq4X0UaSkIst2Ozasf7qZUQt5QKRTU/owUrGfscom6jK1swaqlVD9LSb3aSik7
oWG9Zpkc38BFiTrH8boih/9XAv+TsgnX2cLEQ/eWU7jefZ3C9TtO4aGdfBx9/L458H1z4PvmwPfN
ge+bA983B75vDnzfHPi+OfB9c+D75sD/082BpssusaveB+Oo6FfG8W5pM7A3am+yjvSJNtFghNfV
Mi9K7AKWPFxeAsYqx186EuXrBM9YNBmORYaFYjSagWbF3igCa8wivBjOlXlcHXYHVpy6/gHZ+Vyi
af7iTgIYBG4PvDq/ePvq9ckhDF2LoEwqxL6sqnUJ0rrmVbgsl0k1uRYiSDeTMF9NsYvZT6/5pjxf
8+usx/J2tMu3AVnJ7vN9tkzSZM3O4Q/0xouH4ntNZEtFdT7nhKhERPO59IEt7+cX+68v3pz1OCfm
amr4X+R1KbrcdYf77AHi8bOji329z+T5EkzGt29+H3ejI3DrfLXZPzsebTktFW3gUeJaIi5QcB/l
Z9WMzD5Lgc5P2FbwSu5zKXYHJ7oMaxOw5PeBqHifX7rkRV4kHyAOwamDZQH98VmBjw8MRbA3Mn+P
ontLQX/SA3tb1Z/hv05SmHqR52nXe3vDfR8G3GPk3egzf/BBhMuzU6w94cRfk5vk8sXhQ9l1iMTX
q4gK20BiqxAbtmY9pPfy60VSLeuAvLkDe9ojBbKhcAh+dIGAO8Lpj/+bRLgeqMHhfeQCYgHxJmlY
bCblphLlBMqYacTLZZDzIppKgeTrn4r8ulr2pNEODqPCIB68hPpu/28wdsmTKD89gF//c/HsZ1Hk
DyUVuQJy32CSaf0bDEOBRa7rsspXx5VYKbfq8D481ZeAOZQAT6+STDN1/6EYbgkCzwMst0fuEw/A
EYaxoB3qW7puD019WyGwC8FXD8Vjsz4WT1cDP78rh92hzC2yaUsDmZXbn11e1cjQqc1/jVMrOO2P
h3LkTkrd8t4Z7LJvT9yJOT47tfoiyDMRwP8einVFbj4XEgXQnM97iL5oumr2z3lwmykcHEYn5/cz
NKhN7svcr3nQMieR3Ze5E2jDbnNHo3329KHJ/hPZSwFOy5/C9mUGsxAibiWiNz2b7IwOfLLP3nFV
vhY8fZmUD2aSHZLAzRbI/VIK8vT84CAvupWDGhgE0luJ8p8VXiSc5u9DBRfcqutHlmakz7c11OGv
+a+5cPGf6WHBF3kWQxP74tD3HkoA2wWw/yZM7Y/76PMnseomRjr8F4ZKXF/+/33AvwBb3s+i50J0
I0h3dBhBBur5Czq27lvaQzHSEpzPOzDu7154UbW84IsBP3JsyI0xbE5Fmm7ca/ehuCkbgpIbAnF/
Xo6zKyjZy+Xz5KbDTXe034Heihmn9W9A7qGYWRG1+TzJrkIEECc3X9NVAu5zIfqM4MAXGoR+A/1A
rAxaZYnka5j5ixBruEpk0FpvOjz1x7/QBra9z1+WOf+JryAM//XlQ7c9PUQP0Pmc8BrTHuC5eHnR
4bw/PuR8oNS/ijDjV0n9YP1ASxCU2AUyOLyPak/5jUrs3bjeHe0zZ0wGof2dyHLadAs3D8VehySq
sIXSO7gXc3VaJW/zIu3G+85gnzVXbeuYX9zWOfgbva2yqauyvkyonU+T5LL8QzZ7Voj3GvEC/13s
v2ejp0MI5bTBFrkrIznQl4893ML9ZxVpEk3z96GKtJdnBx2O8ejfZB8LoHxd5PrkJv1Lvq6W3SSk
BoaJ1Pgso3sVtN744MlV9sfxTMCav/fx7eaxxi1z2wcdP5tiD5OIL9nO08PmsZ/dh+LqrgeJtqC+
1l1bfMQtPWhyXvFemO6Odrk2odjz3+P9iH+NBXdw9Q5+t0Gf1YU4WPKqK4Nm6NYNmU8lYXyw9flz
7euKeFrnTBSr8vY+wOg5p1su5VmRA/V3EHnyujw7Gjfjnbs27+XaIBaFe/vrXlYPc4+yKhmafnf4
C4I4EUmWifO3D6X9lOiByQMGoTBIpjqIvm6zsoE47VFR7Esl9HmXY8Pm2v6EBbA9JrXA/oOByvBu
+DF02llSPVgJ01Mzoev8vI+iX4uorKDHPUiKsE66Bj8803f8W+quRJRrjvFgTV5Dbz4vFJBQApnP
byO7B5vXkI/LHntypL+rMGDqrSiqD3WiG+ZDsbWliHwQhG9uH7a0pooUBa/zMC/EM6w/Oux2Bj+7
u/fPCt1bPN3fvztwny/z9U+9fc1m5N+k6FJw2h8PVWXKZ1hf5KtuGdYZHGyEDtm/u/n4I9qMkjAt
AVPz4K3C93vajPMVT9Mz9fRxhyoKZr1Z4HNJXbE0Q1/op//one4Gx/33rtSTpi/y9bp3d7Q//oXC
9CBPk+wFyO2hmGoJto/CSiCDw2/RcQt1y/y723y/+1JyUo/qPhjDt5/87SD5ohapH4aCoMI3qLbM
9IZv3d6+dX87qdPNw93cRmrzObX/awlhaJX3rKlO66SIE5FGnccsx82LARWUbtMVhyavmPbYBam8
fymu99OEdz11O/aFGxo/Q8ElCnYi8sz3Heeh5CLJNlTxoTbAov58gzn3yU0lmY/4sl0gX0rosL4d
G0apQRf9E77E8N819H8fHort5g2JFsAXTBpfEuQF4Aa9Dp5PaB5sJCg30NyX1KgAn/KG3cjDAIVb
YUG44vi4y3Yk5ClAg2u7Y/nqfZRXkAB7o+qVye1AXaTd44hXvfNxklaiR3ixWncPl5Bdu8dJmGdX
3YFfS1JIe7wK5DOgvbG8qNrn2FBt+KJdRIXZdtI67MvhtYhTQf1cd7QkiZb9oQjbzM7I+dlJb/lN
+VuKd7GbX6w9VeWXIks+9EVwc6O4RrgYbzZ8laqnKvHwQ7KW1YNPLc8HMNHu5XB4s+pLPUd4hqaZ
um74MHB2+KrHepS/J2jDQRhK+grLwUrLsjdR5vl3pz2eBwjgEJ9/H/C5Sq+LZKD/dUVPyqOEm+cG
z5YD21vW2SU9wmyQkORDR8kiSDKO9ysg8xj0rEMqriAABmoSkoLSbV3lasCQwopA0dIsNVWQbSPm
++1anfP4Ym+SxXnPbqNbKk96VkKiNLtDhQD3QD9c1NIWG/p/A3djr85CKFU7wkfvXq7VurgiPf2Y
dlvjrrujK/NSbD/5BPI0iDw9TjiaGZptgtjK91AQjmYxT0uIS81LKKOZ5TmwBraiI8vydE84kW7Z
ThTGeqzFkRlGhhtxPYpFGAjNDDUPH+uomySaZFF+XbKXF6x98Noae2WSMR20yggD013XMdlOM1k+
184MTXd22f7poYP3HvCDTR2hfRDkSVZrL8v1+xyV8/b4Jd0CoYNrypgQpNZ5KYr3oOWCF2oPhUfL
HDudKYaOMcxRr1JjOW48jUMjdh3f9WONWxa3YzsIDW4EjqZFmusYsdCE6wkX5Vgk4eVURUtt4k/M
pyG33Uj3Ys3wYs+KXdcNDN3xwkj3dT3QIiEM0zK5oFAIvEIYgnwEATYNeHg5voICIJKP5YIkL7P8
Onuq/qLZLYq8LMUUWOZlhq8TXxmYgp8KEVue5/t6ZJvCBk1poW/bVqD5gQ7CBFAB9w0fXQICdiFK
wYtwSfyvuCxhR1fkbU+9IAg1Q+eeiAJDWNwV3Ig9Hlkx90XoR6Ew4jDwop6XtK+zAXZOknQm2n81
gyBXb6IDSt8LbV23PaAaRLbHfdv3HNO1IiOKAawVOiBnrt1NemuYZAu3yWu6K2w3BLlz19J1LwiD
gLumaQhXgHB94YSe7vjmgDzFjK2Dg0Cf2jx0heC+zuOAR14UWr4X26EwrVA4hu9GtnDgNO9TulOJ
9CTdU8dyPdcCo3KcIOQgU9vzbMMyhGeHhhkatgDJ2PR8cZcg9iSpegCToGlPLV9wUzN93xRxFAem
H0amZghDB8e0NSDtGZoP9jmglKf5lgZYBeJ3IteJDWGakePpZmj6keGHhhFaTgiS1KMBmu7rxkQK
VPw04rC0xTXLtLwALFx4hu6LINYNO4514Mnzw9AbwklzrCgaY0ETNp9akRZonh7r3PUtzRWa5/qO
J7jrcB6bphYFANkI7CGlBWEhJ3BCXzdCLfY12wZVR4apa54IjUh3/cB3YgssDJDeojDupBxJytFj
F8TohbEJCgsNS1gC/N7gYSRAWhrXwQ0gAPZJtYEA4uxTzsPQdG2f25rHHT+KwQdDC/64rsYDMMvQ
Dn0riPsksqBqctNTU2iRL2IncEI7DixbgKfYXDcggzvCtR1TD0xwfNGn0Cn2qZCypNncP4DfemNP
5iXSket7NhiNCDXTsQzHwWhgBqYDHgeDtrAj4fqGexcVfO+vqWie+obBHcsCnw+dEDBwbuN/PdPQ
QfW6CC3X9LgYyFe+n9Vk/KcaB1+H0Ox6emjpPtdjxxLgXhaEFtPGAGz7wvCRJyiJS7FBN9hWdHhr
23gawj+uJQRI1/CgPArAkSwtsHXNdoTwIjMIHCfU+JZIXSeRkqsJycIPAjcObNPzHF+PI9d0Qa6W
FYWBFTlwdRgboHW8fFmvSs6b629H93KzivNsAxpMN1BgpOOmmL4CqGiVpgZRQ/eM0Pd0HuiuHYHT
mFYUaDEYt+N7vqehcd1FC1IGfZGgoWW7gasb4HEiigLfDSGxcQ9Ck2mEngXG4Hq+ERnC/xQtvUsr
ElbAjchC6cV+EGlC9wODg89BIDZtiC6QObxYNiur/AO0SFMIbaKomqcBweV8xwIUoetpYKsW9ywD
jEBooONIh/QFTIIFG3aPyBo8boyxWzXnEJB8049dEYHPhmASQeCHmHTtMNDsyIN461u+5gIZ6pVa
25psqFx9xLDVZiE+h7eoC3qHkGGxx+K8YL3qap49YhdLyKSsFBW+dlAyXghWLQXLM1HCD16xkGdZ
XrFAsCQL0xqCB/xg8i22CSQ0yLx09wRonecruDJGAkOaJY/FHsvhTFEiSRZAtLpkm7wuFC2WxGwF
XQj0+7gCFDf4UZh0g4Shc2/JTaHU5XValew6z36sGOZ+XjBoYnMIXglmsA0ixK9cSL6vlyJj9XpR
8AgITObZPGuIzeYZY4/eLgUCY1XO8NMdDEioVwJLKvxKLK0jeZqgyuDPQJ6pqEheuKcaCiZzC46s
kDJIPBTjlGNxvBAzRvUpniiXdQXVYjZWn+GZsflIFY6dr76Y9MkQXURx0vk0TORnC/xuCH5UJPnT
fEQs7Kdpfs3SpES2mm8nsKuEs/+uRbHBOb/hj2b3ZMawhadLj6ipV9cwYIBhYclAtSA9pBZsmJI5
zpd7AOP2dIerR2/BtcB0QAE8ihjUaFJPKH98V5StBMdXabFWZaCdQCBokKL4reYpyneRXMFcKD5q
wXbUolBK7yJ1uaIYF/QtlzHoB1/6nMFpWvtljV/HQPPbLzdZeMHLS4bv84LBTWjCmxJ0iD7QcIrT
lkWe5TWoGaaXe4z2rJhsSir6gAiW34V8fZxkA46LY6s6U+/nSuLnZAfAE5hjkd8kYIoCxAAskYln
LTiUrQJ0HKNR4xw03j2WVD+C+KqCLosE7mWRbQ0uZjvAQw0OZpBYiI2x4nRGpIZGzck4ijrLUJ0R
NpT5mpRAHUw5YYfiSv1mq2SxBK/Hxwf3ul6qDAclUhT1upKjUmAomBVgU3yRcsF7qSuJpOdw+lRS
Xd6NAG0EbQ5agwSsa9IxNJg8lpNaS5tnKwHLbaT3/pTmAVgP7j8xOQ5+sEoqDAIrseAB3eVg51LU
Ggk3Kel9K7z8ArV2nZDkyaLAu6/HklBjZCVxiM81ww8m8FE9JBMXQjRLSiMHbdXoz2yRg6Jy9Ge0
ClxoQTDHBG3GNOQCVqdYLUu3f3sOcEPvc/iXvIh+H/6yytcEQcXZFpIiVzIIH2tMu1ELCFdtUOma
YSlgFATeklcofOWPD4CQ/IIgYcRgYQ1ZKoMsxeQ3b9C6cwlZeiRmtXa2uAmFiMotRzJwvbo4mrGL
F8fn7OT49PiC7Z+dnRwfnbOzo9fs7avXfzl6vcdgErt4BbOO2NsXr06O2NnrVwdH5+eTYQjoycOw
HSWOM1EkOWVuDMQlMhguBYVkkkYbbHWQPdQOEcUWmjKGUChkmCVSB3kGfEKABmtCfj9lbNLIrpeY
gkEmGILkNKIsiUDo3QZymZFojVeYQ7AgoAsmt2ejLajdaFDbWoRYN0jJIlypV3ltywOYl1iXW1ZN
TfFa7t4NSXFuKs4XvAjAM8bbEpwC0N3SJVdDOOoqpq6C2L3iWU1VShcJVHA12ODuXpMThkbYmKFM
rzH0KpXkd7V1wQl7JWO+NHgoM/I6jVosCSSR64xt8ZeS8JrgA6OOpileYbXnFCxuJUkyHUmh5S0u
8lWTbOXVasa4a5pdDSM3SpO3bIPdYVI96zhvKktUWZHTW/ONIUf1ai3LMFnrMXVijCcafR3iJHUB
YSeYDQdwBGkenJ3fIWBI2pD4YIUrMLKyrAUGhmoJWls0ZSkGLVxti2qvUaSsEVT1OZFocOon5bTi
N2Pavi0b7Ad8jaPJql5BjoX0WiBx+ugeKpLJzzxJFFu5or8oUZLH3LYxqMrXChEtOMZyuYaka7Ua
O8zlqaFNY22EUU/Sl5MbF5K01MQuZ1Q5jGl7uOXtEKBQrQLlI0oP0MkCQ1JZ0xdxmLxGcrjlDi5T
8pT8NCvj5G21iwJMsV9QdD9P6nN2OM/UB2NmKkVAabbMU1liBvhMCVXiBLnEj2oxlWQotskWSZ2V
qSUQbbEp09ujrpaaUxhWi02FxPfYWO8okJRHC4+rBoxKARS1t3Us3VLAEjKSnGPTQ4U+XgyDCtaE
vYBaEGzpMRV37ODszR7DhzthYhZdJxGYPdUKMnq29MdEf8acpuzeVuQlSaczd8L2IwhUS57GU+g5
ZZsQCbBhtRQsynD/EA2s44jbtNch1m1Fjm4wqmGJydMJQxBvzrKzptjedorYSyAofOQJL6zX2Xqs
jgfdzanyujL5IFp9YlneqLHEhKdKJijbpXl0UqvlG/Ki3Qk7U9ekvFjQBVy1rMoWaMW44AtkAXQC
YivXKVUs2IfiMyro7LxAPR2kCcySjTV+RUaUFTu9eENIS2AJ2Q7qimEjT6rcLiebi0kTa1ZVPcar
ZoS22x+KjO47ka/HDHcQQvxYQcsmNMpxnIQTRllqybEIYMkKZFOh7kAb9K/vgDC1R1hAaVcEeomS
gKhLgRhSNKdwrr7gKEsJmFspG0VOhNxIUKFOdVOHr6hIOjw+338G9RHVU3VGNoQBu8ZISbdMZZGQ
oDGqz9BG3X5jy+fW1yMR1ItZ07Q9YTo2a6pkXUK4ovNM9fKl3H1Ab87KXCZv5RE6EpOoJbWDZZ6X
tEPR9Gqi6cYpiuP2Miv5VZMt4Cc+AEEf8MNznTYegNFdeVm0qc2bX/MkkxsCJKkf2bsgv0HPL9jx
Idt59+b4cBf0Dm4PGGD+NagNFYPPAoNzYA9XREo+svwAb8i3usvA2989O2noq/6uM/IjLYb306hw
IPWqUoR4y5utJJVGbwDfGB9IeJzHMS0L55J4M76pk2irEJLnuL+Lc0HbMNLV5L8pRsqAIr3yq7pU
20EhBJFKhll1zVheM2PqhisuI1OICo9qFcyBPFu0PUqGl6XDVLzXzLpKxPW4TdB37ZxJ4e6v8hqj
RyxznQomILJGtJjbMTrSVgioH39TcoaLX1Oq7lxMjGdCtt6BkMQCEaPv03eFyJWWjZ2RaeFwP+lL
9nGhln2IgYwPoaqvlsFqAvLpXSi1u2HyAihFjDfmDmCbi/Fvi8Yc7PAE+HIg+lmZRDJnID8cdAoG
V9ZBVwoLTKIwQ0QyddJBm9poq0kZBw9DkQrqFKR506ppcglLYJ9MkSjlwPqCPlIi4xgswdlSUusE
OfD+spIpmcCOURoNtPFWNJK148OywxeGadS8pMbkDdaWTbXl1JQ5dE1PSUBvzAz2CGDiA4GtIrfb
Wq0uJ7eVqYLXNU+om4VkAq2etKJ1vq7Txm3UAeZ7mqPShmnggtQGIZe0EmZcjFxQEqgGA0fURt5M
lTq470jNtRyWlYKyLPwqVhuho23QQ88c47ccB0NtYOgPqycPOjkd4sFYPlvVzlyC3mYSymS9Wq0n
SU6IIdRtVtgcgitXuM8allvomKbUebY9TyxQmOOLRSEWaktR7T/KbRb8svLlkD/CB7Hm1eEr/Czc
WCUFWR9g+LoWsgPh9IVxXLEk4FsGaGzSuTsAebqVfL3GZ5ikcm4JFRQqzytjgkoInzCgXNbJNwe4
iS+6e3l7kBzWSw5uITCyF4ihqUshY8SigN5jjHExw2Qozza5S2YO3tsbVE99dJJtDTU41DYUW5sQ
pgiSluX5Zo1bWpV8ddVaJattBlHZGInifLR6TBioRQzjuCBteqqLmg3uyXYBdaa7QiO5z+d7lUyk
JqUHdPaSFA0gXyl5NrtGSzUoQ1zRdhIqOuAmPDRrEZVBSdwSwpvpdSFvzWC0abZSZOQFeio6NfmW
49OFqk+D0prjw1LqCAsgwKh0NWuUJs+BjeKe3oz9nSoXKFr3aJPvFyQqE3ObvLu3jIgNrKQLCvC4
jdJ8Jo32R+7KoxSfqX0sqWOg9htfGV2nQhUBXfhyXRqXP4EiuoGlyZy6XXHGnp/sX8hBbDUE7qz9
WT26sWf7N/QCyZ55EyVFtUdB98+q0pP3WrqbFtKJMdGBaNWeIq+V1aWgrHDD5Ncw66KJu02nVrR3
aSioAB1IRyHdLisbOY2bOzxgArKsf/ScogktRfN7RKguViPvOyNjqi87hV8ua39xA7GtVE1ueElv
ilBDB8EtSKBB2chCjuYhvwn+GwFSmSmkq0guiT5URkUbjvE+7VCpeEPzbKviA7qrSbf15lC1PHpe
JOxQhMywmGHMTHtma+zt8TNmaIaOE5pbb48FRFg4XuVV9Fi+l1zgXUD6BCk622Pd1yF19QevHBo2
cVh1B8kaBsG6YeR6mVRijLfcsFYl6tBAqXLtsa3hyILj9kEkHtORvB3YjqmrcMMWb+w0x+urtVoh
SrCjAhPePCZorUW2Ce4xMUnFMNbYW9aaAllEnSl4L/7x4dHz/TcnFx2e6MagWpLSA/qqOu6Vr489
HOqU6DRl9PH/AKK0Qfk=
===END CRASH DUMP===
