PocketMine-MP Crash Dump Wed Dec 1 09:52:45 WIB 2021

Error: Call to undefined method hachkingtohach1\MyItem\entity\Throww::addTitle()
File: plugins/NoDeathScreen_dev-6.phar/src/SilencedTick880/Main
Line: 34
Type: Error

THIS CRASH WAS CAUSED BY A PLUGIN
BAD PLUGIN: NoDeathScreen v1

Code:
[25]                   $player = $event->getEntity();
[26]                   
[27]                   if($event->getFinalDamage() >= $player->getHealth()) {
[28]                            if($player instanceof Human) {
[29]                                     $event->setCancelled();
[30]                                     $player->setHealth($player->getMaxHealth());
[31]                                     $player->setFood($player->getMaxFood());
[32]                                     $player->teleport($this->getServer()->getDefaultLevel()->getSpawnLocation());
[33]                                     if($this->getConfig()->get("send_title") == true){
[34]                                              $player->addTitle($this->getConfig()->get("title"), $this->getConfig()->get("subtitle"));
[35]                                              return true;
[36]                                     }
[37]                            }
[38]                   }
[39]          }
[40] }

Backtrace:
#0 pmsrc/src/pocketmine/plugin/MethodEventExecutor(42): SilencedTick880\Main->onDeath(object pocketmine\event\entity\EntityDamageByEntityEvent)
#1 pmsrc/src/pocketmine/plugin/RegisteredListener(80): pocketmine\plugin\MethodEventExecutor->execute(object SilencedTick880\Main, object pocketmine\event\entity\EntityDamageByEntityEvent)
#2 pmsrc/src/pocketmine/event/Event(88): pocketmine\plugin\RegisteredListener->callEvent(object pocketmine\event\entity\EntityDamageByEntityEvent)
#3 pmsrc/src/pocketmine/entity/Entity(932): pocketmine\event\Event->call()
#4 pmsrc/src/pocketmine/entity/Living(552): pocketmine\entity\Entity->attack(object pocketmine\event\entity\EntityDamageByEntityEvent)
#5 plugins/MyItem/src/hachkingtohach1/MyItem/entity/Throww(71): pocketmine\entity\Living->attack(object pocketmine\event\entity\EntityDamageByEntityEvent)
#6 pmsrc/src/pocketmine/level/Level(854): hachkingtohach1\MyItem\entity\Throww->onUpdate(integer 443)
#7 pmsrc/src/pocketmine/level/Level(787): pocketmine\level\Level->actuallyDoTick(integer 443)
#8 pmsrc/src/pocketmine/Server(2265): pocketmine\level\Level->doTick(integer 443)
#9 pmsrc/src/pocketmine/Server(2396): pocketmine\Server->checkTickUpdates(integer 443, double 1638327165.0839)
#10 pmsrc/src/pocketmine/Server(2152): pocketmine\Server->tick()
#11 pmsrc/src/pocketmine/Server(1992): pocketmine\Server->tickProcessor()
#12 pmsrc/src/pocketmine/Server(1586): pocketmine\Server->start()
#13 pmsrc/src/pocketmine/PocketMine(314): pocketmine\Server->__construct(object BaseClassLoader, object pocketmine\utils\MainLogger, string[12] D:\FoxCraft\, string[20] D:\FoxCraft\plugins\)
#14 pmsrc/src/pocketmine/PocketMine(344): pocketmine\server()
#15 pmsrc(11): require(string[67] phar://D:/FoxCraft/PocketMine-MP.phar/src/pocketmine/PocketMine.php)

PocketMine-MP version: 3.25.4 [Protocol 471]
Git commit: 7306a2d939105d8d91b4180de9aec42a31d9570f
uname -a: Windows NT DESKTOP-BVRHES0 10.0 build 19042 (Windows 10) AMD64
PHP Version: 8.0.13
Zend version: 4.0.13
OS: WINNT, win
Composer libraries: 
- adhocore/json-comment 1.1.2@fc2f76979f0a44a5f5bc2a2b600d0762fe0e78e7
- daverandom/callback-validator unknown@unknown
- pocketmine/binaryutils 0.1.13@0abee38d4e2861621f262c79a2a3d699d8a697f4
- pocketmine/callback-validator 1.0.3@64787469766bcaa7e5885242e85c23c25e8c55a2
- pocketmine/classloader 0.1.3@3c484a27787f7732ce842ed694928a29ba340961
- pocketmine/log 0.2.1@830b44a2cf96ef703c550abe64302f230231ca49
- pocketmine/log-pthreads 0.1.4@01620c3628cdaa6b4a21122cff4c5d2f70b5c1d3
- pocketmine/math 0.2.6@43057cb8c179a9859677b496a788db922fd5cfc3
- pocketmine/nbt 0.2.18@9f82ca4d7f97fcd9a566e44b63c4f18a7657ae82
- pocketmine/pocketmine-mp 3.25.4@7306a2d939105d8d91b4180de9aec42a31d9570f
- pocketmine/raklib 0.12.12@5abe22043352e94099e4edfcef5fb3644578ddc1
- pocketmine/snooze 0.1.6@92abf1e988c71635d466abb777f61f89e5a9c990
- pocketmine/spl 0.4.2@6b08b7cf8c4afa17139c9a1b3bf1b408531de161

Loaded plugins:
Alerts 1.0.0 by hachkingtohach1 for API(s) 3.0.0, 3.14.0, 3.14.1, 3.14.2, 3.19.3
CoinsAPI 1.0 by hachkingtohach1 for API(s) 3.0.0, 3.14.0, 3.14.1, 3.14.2, 3.19.0
CraftBook 1.0.0 by hachkingtohach1 for API(s) 3.19.3
DevTools 1.14.2 by PocketMine Team for API(s) 3.13.0
EconomyAPI 3.0.0-SNAPSHOT by onebone for API(s) 3.9.0
EnderSword 2.9 by hachkingtohach1 for API(s) 3.19.3
FormAPI 1.3.0 by jojoe77777 for API(s) 3.2.0
GiveItems 1.0.1 by hachkingtohach1 for API(s) 3.14.0
InvCrashFix 0.0.1 by  for API(s) 3.14.0
MaxEnchants 1.2.1 by Xenophilicy for API(s) 3.0.0
MinePos 1.3.5 by hachkingtohach1 for API(s) 3.0.0, 3.14.0, 3.14.1, 3.14.2, 3.19.3
MirrorNc 1.0.0 by hachkingtohach1 for API(s) 3.0.0, 3.14.0, 3.14.1, 3.14.2, 3.19.3
MultiWorld 1.6.0-beta5 by CzechPMDevs, VixikCZ, fuyutsuki, kaliiks for API(s) 3.20.0
MyItem 1.3 by hachkingtohach1 for API(s) 3.19.3
NoDeathScreen 1 by SilencedTick880 for API(s) 3.17.2
OffHand 2.1.3 by alvin0319 for API(s) 3.0.0
PiggyCustomEnchants 2.4.4 by DaPigGuy for API(s) 3.19.0
PlayerStats 3.1.9_BETA by hachkingtohach1 for API(s) 3.0.0, 3.14.0, 3.14.1, 3.14.2, 3.19.0, 3.20.0
PureEntitiesXDraz 0.6.7_DEV by milk0417, RevivalPMMP for API(s) 3.12.0
ScoreBoard 1.0 by hachkingtohach1 for API(s) 3.0.0, 3.14.0, 3.14.1, 3.14.2, 3.19.0
Shop 1.6.5_PRE by hachkingtohach1 for API(s) 3.19.0
SkyBlock 3.0.0 by GiantQuartz for API(s) 3.0.0
Slapper 1.6.1 by jojoe77777 for API(s) 3.19.0
TrumThe 1.0.0 by hachkingtohach1 for API(s) 3.19.3

----------------------REPORT THE DATA BELOW THIS LINE-----------------------

===BEGIN CRASH DUMP===
eNrtPAlv28jVf2WgFFi7kGTx0Fl4Ecd2NkbtWI2dZtFqYQzJocQ1yeHysKwU+e/fe2+Gl6y4Tmx8
bYEYSEzODN+8++LQ/+r4Mo14fnMn0iyQcWdmdzt5EInOzBhZE8scG6Nh3x7Y4/Go2ykSNWUO+2Pb
mFqWMRhb45HR7YQ8y0/TVKad2b86+SaBRR113+1EIsv4EkeOeRiyXLIi9oQfxMJjkchX0mMr7q5u
g3iZS7wyFouLzVkuosVCxHmQbxaL61Uq1+vZjHvedZCHYm8fAPtFGL4NQoScrHg6Ozg4mR28lffH
KffzgyQslkGcHbyXJ4Lnqys3FSK+8cRdb9TH5QdZ6h5cweOxKwCoezuZDA4ueBDDbILQNeTvBQMg
QqCxM7OQpSl34fKfnVcDlkT4CP5LpHsr8ghWaWwPLogfp3dA9+m9cItcpnu2uT9jWzsAh2CL3s8y
Jqz2pPO7cHNWAwTWIZCag6f0+4RHIIo3G3VH+yAnXxmPYvVBLIMsF6nwzvF3LNK9yQCQam6nlgJe
Dyno/SzoSpRo7iSmy55LhLmbCIJxQMv2JpOvoP2QxN7PLqireuy5mFlfwYyWHajVe1PL3EJO70Fw
FDqk96/sR8GdB3dgSnvD4QNwLVx7P/M85+7ts4kbstJGlNUSWlsWXU5pFJU5742Nr2CoSHgxDEe7
+RUCkPDgHP/fmwxtwOWJfgjt7mPicdDoIM7FUqTMti3aavzvtxpPxltk0yxQjb+AaDcvQNSbE4n2
8WCHye4drkQKPnzPNEfDR6F7u6FOH4dqTUdbUNUMaOVKuLcIUjEka0LuMk8WTihYI5YMJtZUuZzB
41saD/S33DJHAhQM41EYxnT6GIx5Kl2ITeBiFTDzcWDDydd4kOU8zTWQr5j6nC4v4HLPMuyvwLm5
cWWc5WnhVi7nDc/EMUTX7FxyT6Q7nWSRB2GmnOi5XC5xFQABNf6nYf7GTmaLRRkUF4tqyhxsT2kr
XiwUIfa/J8TeJiRTrFIAhgrAnoFWnoo/iiAVe3r30fg3tiNm18B7F/M6vO7cHsP0fue3L92O+H9P
PF4uNQD0FZibIL6T4Z2IYGeA7QGz3LxTzsJIaxeYcKUnkGhzCJPswc+fkpBvwAwP2Z+Eih9LketI
s/8XeN4c7XwOZ8Y7ZwJ/rwHqbRDzUDncvX3282G5IU2+EzyErGR/n/0L4U12wmsB1tgCO3MO7JI+
e1dEPNYApo8DqInW+GUiP0YwYSg8Ra01eCqIkoysIqNJ2QW/r4gjuMZ3wH0rpbcNlcY0TPNbYeYi
FIkEH/SnfBVkBFJ7rX26ORE+L8JcxR81dJXwNbgLl+eQ9pcbW0/cGCVW7XQsYz9YarB7i04mYu8m
R2NZdPbZ4SEDhyb2UY6W/UT4Dyms7O/r+5ZbdtkjuBVOuUxRPPxWjFKRF2lMNBGA0RMBfMHF48cX
05rdxkJTLTPAERu1+kvny48C40eB8aPA+FFg/CgwfhQYPwqMly0wup0lemseYrIdc+x/dlpgABcH
mFi3UDtW3xz2bRwvgtDrzMyBaXU7QYa1QWfm8zATkNinMpeuBLD22IBNAkz7x9ZgxE1vak2NwdCb
eFPDsY3JwBNTLlzb5JbhTYfjgQ+wC43LpyD25Dpj76/ZyenVX68v5703f//w7vRqwIxBf8AIB2ZM
B7bJ9srFxmCfHV2cjBBJbHfOOpP+oG9YcPsZ0je4t8t7mL6RGW509v79NQzQzTpQNUiUSJDJTRg4
KU8DkSGTuLcCwlJx8Hsm4x6s0TWN0Tf65mvfNf3xaDqe+gNu23zoDx3X5KYzGgy8wXhk+mIgxhMx
BvAeB55ywDg6wNjkgKvu3fEwAD+ABR+w4DaW6/i1/o3I1oJ0oEBJN6S6sBSIAXJeD7gjhDXxbGFO
RsbINHxzZLrjKQfWeqPp1JtwQM2326B2bm4Ag6zXIxu8rQ3PjEaOy/lYDCeToWmbYjJ0Tcs1h2Li
Dofc3AKIBheSwWncrNeWa09sbo4Bnj8eW6YrJgAGkLKn5oSbU4db9mA6MtqQQrkkCGbfeD2xBg5w
1HT96Uj444EFOyPBI9samL4J/1mGy+3pAwi9JF+lgnslo+zXA+DNwLVG5sT1OB85ANUwTIDs2+7Q
AwEOnKFreFYbVASZosZm9Bo2HY5dZ+IawN7pZDgdjceOPR3x8WTiOVPT9L2h67tbIGInL+mZvJ76
ExMQ9sY+yMT1pnw4GgnbdkbAK9+Y8PFoOOZissXc+rIXJZU1vv4G02oAS/kt6LbiC+Bkvh4CQ01z
YFvW0BRTkMhU2MLzXeEPfcca2fZwPPE8d0tMWSzlZ6HZO3o9NbnjG2I6mbgQs6yhZ49G3HHG47E/
MvzJVAz51J1OB1tAkpAg2GBFI2cwccauP3Ft7nNjbFjwADccC+A69mAyBHKEAdrypeowkG0ehSLN
s4Yr0wPdTu2+ULNxa15App1mWFVs5S3oFXkS4IylF1t9w64vjPLCVBfTvoXPiJhDtAb3guUT2LdI
wNngBjCXSR/q1MZAxKnv8SBlUhiXv7GXAoaETvny6vrT5YfzExhaCycLcqRvledJBlFgzXN3la2C
vL8Wwgk3ffBLB1g5HUtgzdH8rMGTamiLKy/Nk8GL8aTEuL56Pl8wYL6R8rbJmGrsGfryospQYdS4
fArpQDkE4yB0000/20Ba2Y9FfuDxbOVInnrEgRNxdy1l2LSWaqhNvxZqgwF1hsCuBY/aDLC+X/Il
AotFAxVN7dX10Yfrj/OdYob0YlU4JNwatYMKBlB7CqmhjDZtS2gMNikmBe9dvT+aX727vG5TLmPh
wL8Wxc9QdQ0OKiSFCsCEaqyJ1qOyJspiiLNXa5l6TcrqwSZlZn/6H9LkGqHm9Uvp8luZRm3RliNt
Tba2Lfl3+bsUY/xpkW5+v0RriFgcEBLVxVPE+UtwJ7BobtplPbbtmIxvEKf9gh55CRgFiJGqm55C
2Fl8Bz4sW70N7hukNUebxA0eEPdStETFH4DVYhHEdy7u7Af3UN2rbPUJZFzw+9PYXfG4lWc0R9sy
Mrdl9KuIZbIKwsDdPAiq30lSAyTKo0KldfMk4sBtzmWLMD2ybUfD/94MSqNcXTw7V7gI8JXbe7fF
Fj30P5RZljjXV8/nTBHmwSeZhs3Y0xhsc2cEUdUROd/SnePPwl3NLyBao6j+HtwHt8f/oANQUN9m
xW0A17dQmga3WdtJP8NiXNwziSCwgJ5EiPAaEQbWNJF/EnMauUeDkoMGIGQUNUKbTFIDW2b1HwrO
ZZu2QupFgnL7lW5N+var3gYH2vRvvedo0z8GE/lO+ne+P3mKe7z0/Xc8bup6OdJOsh5Ikod3QTyw
jOlLefwK4GIBKIB/96qLpxAyD5bLzXGR5TLaEcx2zbYJtKn/1yDwhMNDvxSbbR1tE6h7g08rBTTE
xWIHOjsHv8Ngy00OdoAjHZ7TC9qrnLcZ1BhtFw5Gf3rz5vT66OVr6e4zPd4Do28Q0bp5dlCYF6mg
V0iByH49SfnnJucezLWTvlF/fHNy+vc2+6IgvB3YBvZMP4DTuePh/OJi3la1Z2TsqYKZRFGyWCQF
eiWFILClge43V6INXA9adCOTrrCF/AZ9ZYM7jcH/md5MjXPz+tlKdLWSSZMzeLudTQxv5h9Ovylk
fiPZ7QbBLpfzGGMA5aeHlqvbzZtQus12VDX0oDfRpvmXAFD5W8HT/POj4eVbvG8qZWRABVviUF/9
O2LydZDnIiVBNjFDGkOeJCJtkqhHtiVrPKlKf44eZ2rnpwloh3HXKB2URACF12kRXa9Eg8Jy5L+l
o6jxqS5eJtnDLjxPgWKQ/FaDsHwTiRSo95v9JJXAL/Kps86reXXH1HkmhgcQF+kifnVVxOzSzZnF
jNFsaM0Mi306e8PMgWngfMjjZcGX4lDES7yPZO4dtnZm6tUwTqq9e3iO7NCYGpaJg2vwPKIXBll+
KH2fYPD7njqVlR2aAxxZAlmR9MQh3fkydUWvGtNPAX0e+r7yPrlLDmWMV17g+4ELtcDmkHZUb1vx
VE8m8hwkkx0SKXS6AHXmMLvdOGRy1XAmhNdYhedAD09O3x59PL/GUaUXvT8KkW70rqBZspfxO6Hv
7wKx7nmBOn14OMGhe0fe91ADy0fiWBYwq6nvgboEQh3YzPSSDA/V9fDNrnDxXN2hMWrsn4KvLOnH
637CswybfId/pp9F+w1mfxPh+55XDA2QuST5IqXzeqQADDjNWsIEhWCgsZlgJesYTwXLV4LJGLQn
X/GcuUhHzhzBgtgNC094cMEeKB7CupIRPOkjgG2YGfdFl0mYSTMEyZxU8Fu2kUWqYbHAZ6ABgR/Q
DiB8PNEabhDwe7GuwIHl0OHEjK1l/FPO0FXwlKGAIiAW371uEEM806foXq9EzIpkmXIPAPQXMequ
AjZbxIy9+rQSiBie+MXDiAxP/6pzAcCDlMfg2nJAiqYJVdAmDoCBn6HIiV9ozq5gWC6ExMEIISvd
Lq1qxihg4ES2KnJPguz1meMZW3SUZTE3lJnwFh3C7CgM5ZqhOQEy5bEmdhdw9jdUTlxDWtrTUzM6
aEiPnpIS6WcY4MXQnhhIDJiC0JwN06zE9VrnqukGsq8+BcAQGQNfueexVGSK/chWPLbCIsEzSMdQ
sxkw3RGINDBH/FFwOkeNzc2YQepWCLanNwWns4/Q1Y6g7XQitQdsxxMjM5imvd8XkQNcAa06yjax
e82zWxB8egt61KcFH4FbpNolpbhslUKaUYD0YHnWZdSKYNpTgD10GZ5EAEIwfhBvwD/jWFTEgTri
qoBfkXiBJtCyVN4HoGEC2AAkkebGFXLIW43QmY+6imtQJ7ssyH/C0+QpPeYJNHVSma2H2R7QUIDd
mMQWIqOnKZ0RqG1d5aQcaRHHKE4PXZlMSAh0hiPrsxNxp69ZFCxXYMzYn+02jU8rDnIkTYskV6OK
YciYCHDTdJFwwSjpgIanDILfycADtHdjgDqCOieB0aBd/Yai4bF3tajSNIgVEAPSjTLKX0LpgPZg
HGZqHOwgCnK07UgsuUNxk10pVg+IuUGGsOnxa5TaOiDOk0aB0a57ClCpZBlR6AeAIngkOsGHYHwo
WMotlZKDtAo0U7aUICiJZopagRstCc0eoTZjA6QCdicXrA5J/NdTgInNY/hjKH4e/pDgJ4SCdp8V
ShpcxsB9YHADv1cihLuWWBkD09aIkRP4RFah8ct+egEMyS4IJfQYzC0g+MQQfJg6KIzaLRXKyiIx
WFWrxb0L+URWU6Qc1+X16Yxdvzu7YudnF2fX7Gg+Pz87vWLz0w8M0sK/nn7oMljEri9h1Sn79O7y
/JTNP1wen15d9bddQIsf5nCk2TEXaSApIKMjzpBAOv9YcqNytgbwHlICj3wLLemBKxTKzRIoSBWB
TnDQoE1I79eUTSkZ5HkYAGNcpjcjyAoIuN7akauIRHtcYgzBOE8P9B+uRl3QWTmILREupgOKs4iu
kqt6tqIB1EskWU2qNdC0Zvu7UdKUW5ryJU8dsIyeK8NQpWHkgHZzl0wN0dFPMf0U+O6Ix3RMtoUJ
JGYF6OB+t4wJ20pYqqEKr74PsBS9UW2CfXapfL5SeMgeZBF6FS4BBJF1zGr8MwU4IfSB0NFgoGmF
3d6Ss3gQJEl1FISKNj+VURls1dN6Ra+pmk0JIzVakg90g+1QqZZ2XJUJI4oshZ1QDbUie0WUqOxK
pXBMT/RwopTXCS7SDxDuhGZJAdxBmAdj5zsYDEEbAh/scAdKlmWFQMeQr0BqyzLbRKeFu9VYdUtB
qhxBJ5V9hQ0u/SqfsChyV0V8m5W4H/MER4OoiCDG4vt8VpYXKEimP3giLGq+or1oVpLFPNQxSLYT
jRFt2MMsuICga1cSO5FqalunMTdCr6fgq8WlCSlYemGTMsocei4UO6Ki7QRQoVwF0kfkHmCnEgwF
JeFYkzD1jKKwpg4e0/xU9JQ74+I620UGhlgGaLiPg3pMDxcxlOIosJkOEZCarWSoUkwHm2uUiRPK
kDWBCukgQ75NVT56VoUWR1TJpgpvr5pSKqfQraabHIF3Wc9oCJCERxv38hIZHQLIa9d5LBWzmEJ6
inKsZSjRx4dhUKPVZ+8gF6RP/TC5Y8fzj114FnBwwL7WgQdqT7mC8p4V/B7Bn7FRmXbXGXlG3Gms
7bMjDxzViof+AZSSqkzwBOiw3go2ZdgmQQVrGGId9hrAmqXI6T16NUwxedhniMTHeTwvk+26AMRa
ApFaYxsVHiySOOnp+63q5kJbXRZ8FpU8MS0vxZhhwNMpE6TtSj0aodWemuqh/T6b62dCni7pAa4r
Ua0LtKOf8iWSADIBtmVJSBkLlpcRII/GzlOU03EYYLOA6mU8ry6ynF1cfyRMMyAJyXaKnGF9TqKs
t1PFRb/0NVFe9PCpGWHbrA9F7KabRNm6z7Ax4OK5uIpMqH+x39JnFKVWHJMAFkTAmxxlB9KgvwgC
bqpLuIDQ7gjpFXICvC45YgjRnNx5pkSqUglYm2sdRUqE6g9oV6erqZNLSpJOzq6O3kB+RPlUEZMO
ocPGL3RTdJOeShICVEb9aazXrDdqOmtb94RTLGdl0fYzM7BY0ynrCtwVzTNdomeqqYDWHGdSBW9t
EQYCU1graMcrCUU8WmFZq4myGicv7vGcs4zfldECG0tlmwjnGmU8IEbdSZW06Z7M7zKIVUOAOPUT
+9WR92j5KTs7YXu/fjw72Qe5g9kDDrB+DWJDwQQQ7sE4sIZLPc0flX6ANchadjFY+69vzkv4ur5r
jPxEm2F3jRIHEq9ORYg2WXaIdBht9MZ8n7aFucDf9O6LwKsFUnbnms2Za+quKFNTf3xG8YDWarsq
Mt3lccGJ5MrN6md66pmZWu85uI0KIdo96l0wBvJ4WdUoMT4Wbofibrmq1f/b2RBTzD2KZIHew1ex
TjsTYFnJWozt6B2pFQLix2sKzvDwBwrVjYeJ8Fio0tsRCpgjfLR96iWSKa1KPSPVohZjK+gr8nGj
inzwgYxvo5qoz5FgNwHxdBeWg91o8hQgeYyX6g7Ilg/j7woba6vDQ11atLMs8FTMQHo4yBQULiuc
JheWGERhhfBU6KSbKrRRq0krB3ddEQqqFJR6065hcAtbYJ1MnijkQPoylet8pfwYbMHZSkFrODmw
/ixXIZmQ7SE3StR6NWsUaWcnWYMudNMoeQWNqS9VKjJ1y6lMc+iZlpAAXo+Z7BWgCaVyLci6rVXJ
sv9QmNp5rXlA1SwEEyj1lBYlMinC0mz0DcZ7WqPDhmXihlQGIZW0E0Zc9FyQEugCg7rkqpE306kO
9h2puFbDKlPQmgWI1B7aq50eWmYP/17B1lDlGNrDyQpycl82Yjr4g556xVStXIHcZgqVPr6Y7geS
MAZXt4mwOARTzrHP6mY16him9Dyr54kEcnN8uUzFUrcUdf9RtVnw++rbbfoIP/A1lyeX+AFaTwcF
lR+g+1oLVYFwMPI17ZgR4jUBNNZvNP0hTlecL+iLRyWcB0wFgap5rUyQCeHHVhTLGvHmGHvzotnL
60JwSFYczEKgZ08RhzIvhYjhixRqjx76xRiDoZotY5eKHLzVG9Tv7RrBtoAcHHIb8q2lC9MAScpq
vtzjgVQVXU2x5kFURxAdjREorqc/7JGp1yHoxnFDanrqh8oGd7/eQM80dyg593i818FESVJZQKOX
pGEw+hMD/WbXaKUHlYtLq0pCewdswkOx5lEaFPgVIKjHgBD1xgW9TdlKUZ4X4GnvVMZbyMl4pus0
SK15lITlHSZAgKOW1awUmpoDHcWe3oz9kzIXSFq71OT7DYFSCVYH7+abICIDM+mUHDy2Ucq3d9Qf
2RVHyT9T+ZhRxUDlNx4FBFx1EtBEX+1LOKhLhi/7MFapmFrvOGNvz4+u1SCWGgI7a39xhAfO6bY7
nN4DRbHoWvdekOZdcrp/0ZmeetfSbFooI8ZAB6zVPUVeaK0LQVjuhqkPaYu09LtlpZZWb2nIqQAc
CEcuvQXLSj71yjc8oAIqrX/1lrwJbUXrW0AoL9YjN42RHuWXjcRPqtxf3INvy3SR695imZRRQQfO
zQmgQNmoRI7WIb30l1dCFSmUqSgqCT5kRmnljjvdjriHPJ/yfnyRfwzpSvMLUsfVHwJWI/h2LfZ4
2hqT0Y0nc/B3rVH9N3zqgSINm/foGZr3fhDmogV4GbW+Z4USp4VLAMZ11xzAr1Sb95Gj3hW2xsDQ
9QEsg84IUYlCZ5PqRYnb5sMH4eu2S3M0I1+ftYcgf4qaI1fz89b2m+yPkD7L1VesmsrlrYghpLdY
cH+vqabPXmFgw+ldsqkP238OEvXd0pSOqX9WnzhWj8PtfdTmukT0zMHAMgwTv5CZn1y2SPfkDaG2
PQhDQVtg4AfiLGstvArQ0n+9aNG8hQHcYkNhi84oXKfBlvwbH7Pa+hzJfLWle5hD0afBJjHJIq4E
S/XNsPpmtD9CTqgiQy9CUFR1Sj1gKmZBaRIqtUR+t7/avKn3aszjG1LMcVp66z0QedDSEmKl1RyC
wq8gN74slC6W8P+BedrlnPpm9QNfvvwfPNr5rA==
===END CRASH DUMP===
