PocketMine-MP Crash Dump Wed Jan 26 15:33:25 WIB 2022

Error: Undefined variable $player
File: plugins/FCCore/src/hachkingtohach1/FCCore/FCCore
Line: 164
Type: ErrorException

THIS CRASH WAS CAUSED BY A PLUGIN
BAD PLUGIN: FCCore

Code:
[155] 			if($damager instanceof Player and $entity instanceof Player){
[156] 				if($player->getWorld()->getDisplayName() == $this->getServer()->getWorldManager()->getDefaultWorld()->getDisplayName()){
[157] 				    if(!$this->getServer()->isOp($player->getName())){
[158] 						$event->cancel();
[159] 					}
[160] 				}
[161] 			}
[162] 			//Anti KillAura 
[163] 			if($damager instanceof Player){
[164] 				if(!isset($this->inCombat[$player->getXuid()])){
[165] 				    $this->inCombat[$player->getXuid()] = [
[166] 					    "Time" => microtime(true),
[167]  						"Victim" => $entity
[168] 					];
[169] 				}
[170] 				$time = $this->inCombat[$player->getXuid()]["Victim"];
[171] 				$diff = microtime(true) - $time;
[172] 				if($diff >= 1){
[173] 					unset($this->inCombat[$player->getXuid()]);
[174] 					return;

Backtrace:
#0 plugins/FCCore/src/hachkingtohach1/FCCore/FCCore(164): pocketmine\errorhandler\ErrorToExceptionHandler::handle(integer 2, string[26] Undefined variable $player, string[64] D:\FoxCraft\plugins\FCCore\src\hachkingtohach1\FCCore\FCCore.php, integer 164)
#1 pmsrc/src/event/RegisteredListener(75): hachkingtohach1\FCCore\FCCore->onDamage(object pocketmine\event\entity\EntityDamageByEntityEvent#120417)
#2 pmsrc/src/event/Event(62): pocketmine\event\RegisteredListener->callEvent(object pocketmine\event\entity\EntityDamageByEntityEvent#120417)
#3 pmsrc/src/entity/Entity(522): pocketmine\event\Event->call()
#4 pmsrc/src/entity/Living(482): pocketmine\entity\Entity->attack(object pocketmine\event\entity\EntityDamageByEntityEvent#120417)
#5 pmsrc/src/player/Player(1669): pocketmine\entity\Living->attack(object pocketmine\event\entity\EntityDamageByEntityEvent#120417)
#6 pmsrc/src/network/mcpe/handler/InGamePacketHandler(424): pocketmine\player\Player->attackEntity(object hachkingtohach1\NPC\entity\NPCEntity#27109)
#7 pmsrc/src/network/mcpe/handler/InGamePacketHandler(225): pocketmine\network\mcpe\handler\InGamePacketHandler->handleUseItemOnEntityTransaction(object pocketmine\network\mcpe\protocol\types\inventory\UseItemOnEntityTransactionData#120392)
#8 pmsrc/vendor/pocketmine/bedrock-protocol/src/InventoryTransactionPacket(114): pocketmine\network\mcpe\handler\InGamePacketHandler->handleInventoryTransaction(object pocketmine\network\mcpe\protocol\InventoryTransactionPacket#120421)
#9 pmsrc/src/network/mcpe/NetworkSession(395): pocketmine\network\mcpe\protocol\InventoryTransactionPacket->handle(object pocketmine\network\mcpe\handler\InGamePacketHandler#98575)
#10 pmsrc/src/network/mcpe/NetworkSession(358): pocketmine\network\mcpe\NetworkSession->handleDataPacket(object pocketmine\network\mcpe\protocol\InventoryTransactionPacket#120421, string[32] ........._-Cr=.B...C............)
#11 pmsrc/src/network/mcpe/raklib/RakLibInterface(192): pocketmine\network\mcpe\NetworkSession->handleEncoded(string[67] c.a.g.b.jm..=.3g.....83..f..&.%..X..$V..10(.103.120,..u..mu........)
#12 pmsrc/vendor/pocketmine/raklib-ipc/src/RakLibToUserThreadMessageReceiver(42): pocketmine\network\mcpe\raklib\RakLibInterface->onPacketReceive(integer 0, string[76] .,=.w.....-.p...-^.&~E...5X.Xx|......W..'.L5.....h...Y.......4.Z.&.......gl~)
#13 pmsrc/src/network/mcpe/raklib/RakLibInterface(122): raklib\server\ipc\RakLibToUserThreadMessageReceiver->handle(object pocketmine\network\mcpe\raklib\RakLibInterface#186)
#14 pmsrc/vendor/pocketmine/snooze/src/SleeperHandler(123): pocketmine\network\mcpe\raklib\RakLibInterface->pocketmine\network\mcpe\raklib\{closure}()
#15 pmsrc/vendor/pocketmine/snooze/src/SleeperHandler(82): pocketmine\snooze\SleeperHandler->processNotifications()
#16 pmsrc/src/Server(1645): pocketmine\snooze\SleeperHandler->sleepUntil(double 1643186005.8423)
#17 pmsrc/src/Server(1034): pocketmine\Server->tickProcessor()
#18 pmsrc/src/PocketMine(301): pocketmine\Server->__construct(object BaseClassLoader#2, object pocketmine\utils\MainLogger#3, string[12] D:\FoxCraft\, string[20] D:\FoxCraft\plugins\)
#19 pmsrc/src/PocketMine(324): pocketmine\server()
#20 pmsrc(11): require(string[56] phar://D:/FoxCraft/PocketMine-MP.phar/src/PocketMine.php)

PocketMine-MP version: 4.0.0 [Protocol 475]
Git commit: 468faa464b2bc5c97f23fafbb71ea61035f6f218
uname -a: Windows NT DESKTOP-BVRHES0 10.0 build 19042 (Windows 10) AMD64
PHP Version: 8.0.13
Zend version: 4.0.13
OS: WINNT, win
Composer libraries: 
- adhocore/json-comment 1.1.2@fc2f76979f0a44a5f5bc2a2b600d0762fe0e78e7
- brick/math 0.9.3@ca57d18f028f84f777b2168cd1911b0dee2343ae
- daverandom/callback-validator unknown@unknown
- fgrosse/phpasn1 v2.3.0@20299033c35f4300eb656e7e8e88cf52d1d6694e
- netresearch/jsonmapper v4.0.0@8bbc021a8edb2e4a7ea2f8ad4fa9ec9dce2fcb8d
- pocketmine/bedrock-data 1.5.0+bedrock-1.18.0@482c679aa5ed0b81c088c2b1ff0b8110a94c8a6c
- pocketmine/bedrock-protocol 7.0.0+bedrock-1.18.0@040a883a4abb8c9b93114d5278cb5fecc635da82
- pocketmine/binaryutils 0.2.2@f883e1cf9099ed6a757a10a2f75b3333eeb2cdf9
- pocketmine/callback-validator 1.0.3@64787469766bcaa7e5885242e85c23c25e8c55a2
- pocketmine/classloader 0.2.0@49ea303993efdfb39cd302e2156d50aa78209e78
- pocketmine/color 0.2.0@09be6ea6d76f2e33d6813c39d29c22c46c17e1d2
- pocketmine/errorhandler 0.3.0@ec742b209e8056bbe855069c4eff94c9734ea19b
- pocketmine/locale-data 2.0.20@a6e4eb22587e0014f6d658732cf633262723f8d3
- pocketmine/log 0.4.0@e6c912c0f9055c81d23108ec2d179b96f404c043
- pocketmine/log-pthreads 0.4.0@61f709e8cf36bcc24e4efe02acded680a1ce23cd
- pocketmine/math 0.4.0@6d64e2555bd2e95ed024574f75d1cefc135c89fc
- pocketmine/nbt 0.3.0@98c4a04b55a915e18f83d3b0c9beb24a71abcd31
- pocketmine/pocketmine-mp 4.0.0@468faa464b2bc5c97f23fafbb71ea61035f6f218
- pocketmine/raklib 0.14.2@e3a861187470e1facc6625040128f447ebbcbaec
- pocketmine/raklib-ipc 0.1.1@922a6444b0c6c7daaa5aa5a832107e1ec4738aed
- pocketmine/snooze 0.3.1@0ac8fc2a781c419a1f64ebca4d5835028f59e29b
- ramsey/collection 1.2.2@cccc74ee5e328031b15640b51056ee8d3bb66c0a
- ramsey/uuid 4.2.3@fc9bb7fb5388691fd7373cd44dcb4d63bbcf24df
- rhumsaa/uuid unknown@unknown
- symfony/polyfill-ctype v1.23.0@46cd95797e9df938fdd2b03693b5fca5e64b01ce
- symfony/polyfill-php80 v1.23.1@1100343ed1a92e3a38f9ae122fc0eb21602547be
- symfony/polyfill-php81 v1.23.0@e66119f3de95efc359483f810c4c3e6436279436
- webmozart/assert 1.10.0@6964c76c7804814a842473e0c8fd15bab0f18e25
- webmozart/path-util 2.3.0@d939f7edc24c9a1bb9c0dee5cb05d8e859490725

Loaded plugins:
Alerts 1.0.0 by hachkingtohach1 for API(s) 4.0.0
AntiInstaBreak 1.0.0 by PMMP Team for API(s) 4.0.0
AuctionHouse 2.0.0-BETA1 by Shock95x for API(s) 4.0.0
BuilderTools 1.3.0-beta2 by CzechPMDevs, VixikHD for API(s) 4.0.0
CraftingTable 1.0.0 by hachkingtohach1 for API(s) 4.0.0
DevTools 1.15.0 by PocketMine Team for API(s) 4.0.0
EconomyAPI 5.7.3-PM4 by onebone for API(s) 4.0.0
FCCore 1.0.1 by hachkingtohach1 for API(s) 4.0.0
FormAPI 1.4.0 by jojoe77777/DragonfireHD98 for API(s) 4.0.0
InvCrashFix 0.0.1 by Muqsit for API(s) 4.0.0
KeepInventory 1.0.0 by NhanAZ, KhoaGamingVN for API(s) 4.0.0
MaxEnchants 1.2.2 by Xenophilicy for API(s) 4.0.0
MultiWorld 1.7.0-beta3 by CzechPMDevs, VixikCZ, fuyutsuki, kaliiks for API(s) 4.0.0
MyItem 1.5.5 by hachkingtohach1 for API(s) 4.0.0
NPC 1.0.0 by hachkingtohach1 for API(s) 4.0.0
Netherite 2.0 by Wertzui123 for API(s) 4.0.0
PlayerStats 3.1.9_BETA by hachkingtohach1 for API(s) 4.0.0
PurePerms 1.4.4 by Vecnavium , 64FF00 & ProjectInfinity for API(s) 4.0.0
ShopGUI 1.0.0 by hachkingtohach1 for API(s) 4.0.0

----------------------REPORT THE DATA BELOW THIS LINE-----------------------

===BEGIN CRASH DUMP===
eNrtPGlz28aSf2UelX2Ra0UINwGm5LIsybEqlsW15Nib0OsaAAMSEQ4Ghw5n8377dvcMQICSbCXR
1ssHK5EJDGZ6+r4w1G+juCgzXn+8FGWVFPloau+M6iQTo6nh2pbhubruaJ4D/8KDZiUfuZ7m6RPP
s33LcGCatTNKeVUflWVRjqa/jeqbFcwa0f3RdShgGYDeGWWiqvgCH73NIxEnuYjYJS8THqSCfbNK
+Y0oYVrcpOmLJMV5h9P5/EVxfVDyuJ7PV2mzSPIKhg4OilLM51UZzudLHi4vknxRF3hlrJ/KT221
XCFQCVCB2JXPdgHA7sb69pH8gJUp4EnsAM6UPITrn0dbOvujkLYBwpMpWxXhhagzgDmfC2TQkudR
Ksr5nNh1XnQMeykfTKdyxnaS12IhSmbusKouYZufTfcDu5+T3TTX/sAeiZE7rMUCqQHmbBlslSHt
+CsuRV7vvhGLpKpFKaJX+JmLcnviAOVfAD9+WuSHPAP92C6CX0RYD1mFoOEjr5P6BnhFn3L68xt5
d4RTtgxTt40JoWbeQo2mbLvmphwk8NuIj5+GPE3lqkdCyuojRVN25cxtx7wHL4IhUdkmGPZtGK+S
S2Dttu3dgjFAbvyU1zUPLx6LGqeHidS63Rl9gLa7/j2oSFwfGxW3h0ou6quivNjNwpXYVQa2e5x/
zzMx47iNsq1t29y0SUnFfC7JaJFUIlKo3tLk17ODNbZwI6dvmRND9wm5yZ9BzjSdDeTU0vkc16LB
Ktdxx+rxU/n0bSWOa5Gd5hKn85LnFQ/Rv9zF+I0NVmVRF2GRzufo0sFfJDmyvSiBzPsBH/Kao2Qs
3yTiPUU8LI2Kcne9324gohLuxu0+xJ/jdo8eSEnatmHYf50jd8H/Q7y4H0HSR9Mgqv37RP5a3pxB
MMSdLf8LUn7Ixi1tD6Djcyza8j0HfDX5df2h+Dve5/Efzm8xRSVRUn1U3ndRzzI/MK39+Tg+KPe0
53B1oPV+JKXGfZSW/CJNgt03/OJVEhxD4CtjiP/bhm/+GYqP8rCIRLTdRuXJBxZqXFtogfZLpml7
mrUgpDxL02JN+6f2H5r2XtO++VHTDH0bfi0NSNzRtEbTsmZIgnmviUkaxslK0idpOS/AesvzZSl4
dCKTsjciFMklucTPEycBQrQccgXDtxSEgtTlK3onkgnkK9rOnnZFmI+1Ff77P9o//3UEF8577f31
/0qi3mnat9orh66X8Pvfilhb+wn4In8W6b8k7dYfFR/F2ZYM4MMlWgMwqKXpM9z5A3Z2D5+2IKeW
eNv3yqzKi+KTTCnPUiFWomxDgmFaf1I6D1jzW5gWVVOK32WWYTh/AsFb+YecOp8P5wE+4PiBt6+L
OomTkKMdV2rffiQ/I/Fg7uw8EHCF928hJqXbUdFgPtyvZGxgIG0yuWMT3doML/LJ+GmdhBcziXFR
KjS9HoQZrTmBNduWbtwD5OPHEIisyybsfN5zXokDqJ2qVwWPwP9Cbn+HZjVADATfE57kr4oF2NSW
1dmUYW4m9+vyQL8375cU+PdQcCspkkYi6TZVYIBgjGYkfm0SKG7Ulg5Y+GrJy+nu7uF0t924B3x8
MtNwwsaeWFs8GX34fWckHquI/Ov1HmAjl3+EtKdIL0UGoQdgRkBwWI/apzDSrUUPj8gbjgPD8xr/
S+LtbyLKXUuonqqa56EoYiYTTAZqy76RqePtp09+A5hQYnewJLSVyk0Xon5XlGm0/YSuD5MKn7yG
qL79hO3tsW/qZVLRI6XhT9ZrTniOGLVLRcyb9H5oCpFJDxEGP4DMP+7aJKlOVwM0FRQFxuuBwf++
EW2FA8RDjfMdzfIHs37HMVfvjckRoxuR92Z3v7u7D2xlPyRput+UnNFj62FikYi69pDx/0iqCvIV
RXGSHxRZwOuf+4S+bxJg4AdFqetsMOwBS9ke+5nWugP6cfV8dJ5kYj5ie09ZloSQFMHtNjgU8WSH
lqB8WJ+z89GPCeRImVyj9IymDmXwgVju+pvsnfQZ/g1ux/YeQsTP640l6InRBxQlcQyANmhgY0Zb
yAXmhtLTmqd7zJCsnVgDApr8oZKR0O3B6lLUTZl/N/r9a4vna4vna4vna4vna4vna4vna4vna4vn
a4vna4vna4vna4vna4vnsVo8bdekwjbJPoizpquc48GCdmBn1J1HGBmarukwwpt6WZQVlmYbyRkC
5asEn9g0Ge5FjnVSNJpiZbkzikB/8ggXw7OqiOvD/kDGqYtzK+eT2LSf2BoCEcLE2enZ+bvTN68O
YehKBFVSI+7Lul5VwJUrXofLapnU2pUQQXqjhUW2i6UltiOOsdPwHNzORZ/q4YMvUD87OZmxc8Gz
x6J7lWUrIHKAhFTFL5FMVDUUoV8WTSX6NPWH+xSZiOr4+dH5vjGk62wJuuI713+NrNERWGCR3ezP
jkdrEisFez7nEq8l4gVED7H8IrHPmyQFIz4virSvtoPhofgsIDYQNTeHxB58EuFydnIoLnHBj8l1
cvHy8LEEGiLwVRYB8Pk8kLjViNt8voHpgxR6kdTLJiA17qG9OwAFvCE/AOZzjgj3mDMc/5uY9gCp
jduH8AXYAuxN0rC80aqbWlQaRNzdiFfLoOBlRPYOXNpUlG5oyAbDuWXknd98VFNv95/Pe5goYs/O
99+cv519SQXWmO12MIDYntmtye0N9gl2tIlmjWcn9pDmIhcB/D4WrQocVO0SC4A5nw8w+qK5q77+
mqCu0T9UYuPfo8TD7tpjqe2LosyGYmxHhmTbmzr7S/FLISb4s3tY8kWRx5A2vDz0vcdiwHoDzHgI
p+7iIeKEyhIMvVq+SK571PVH+xTqtwV70vwK4B6LnIygUcclRATiBOKTzBIfQs0PkAR3tXKPnuH4
F/ztayh29n+CsR+WBf+eQy64+PH1YxEogc/nA4wellnc4XgUqkD5Cb+GShtuB7ljf3RItaltRN/3
Ii9WyyRNwpvHorUHEinsUBncPESsJ01aJ/Qirk/benBI2kSlF9YX04uDn+ho7U1TV81FAtcXPE2S
i+r/JenIEN8rxBfo7+P+VxKOHiDk0w32Jvs8kgND/jia8+/xzRKb9vOxfPPr2UGPYrz7m+RT1B7/
I4Z9b5X0WtRLUdLkNaHd2EYlMST2HaS5n5rEMK3HonMNkVp+Eok/7cHW0HbXFAHJ8kXEWc0H/qw/
2ifb0gzN/4gF1L9H1D28Bjd/WfKzphQzUWYDJnRjm8nHRvL4owhzfpk0Gdthrv3iha6zf7JZWWCn
5RgykRxffD8SSz7KDYD6Frve5UN8PJS6q+/f9lOsduRvYs4Kne7icfwXHqjhJRBci80qp20aEQXX
tciRB6QIMgMfeZiNYZQLwozXy/5IyFOgCNb2x4rsY1TUgMFgVB0qWg80Zdq/j3g9eB4nKeDaH1lk
q/7tEsjr3ydQX1z2B36pSJbdfRbIPtpgrIDyXKacBqUqeBoFCIr6k1bhkA9vRJwK6l70RyviaDUc
isAs+iNns1eD7W+qX9McN1NXrHtUFxciTz4NWXB9rahGdDFDvuFZSv7YpNtPyUpWtT4F309pEvSX
w+11NuR6geiZum4ZhunDwOzwdEB6VHwk1DYHYSgZCqwA5a6qwcSzJFul4v3JgOYNDOAWXwVs0Jml
V+iiB4Orml4aIIdtZZ+z5YbuLZv8ghq6JjHJIq4kiyDJOWbq4MFNzUVOiEuRRoGahKDAdlZ1oQZM
yawIBC3VEvmNs9Z924/rvXrP8exbksfFQG+jWyJPBlpCrLT6Q6UA80A7XDRSF1v4P4G5sdNZCL6i
x3y07uVK7Ys74vEKnvaded/c0ZR5JdbfPOv4SR2r0dTULRPYVn0ErzKaxjytwJ21rwlHU3viwB4J
2rftejHntmsHZhA6oT+JTSvmcRBMDMFdQ7ec2I1NwwPYjULlXZJHxVXFXp+zw6OzH85PZ+PnP755
eXSmMwOwYIQDM3zdNtl2O9nQn7D9k0MXQw9+q6zHq0+CDMju1GS5+ligTN4dv359joqJN1eUNoBv
WhWVKD+CcEteJoL8HI+WQFgpdtFjjGGOOm1ooE94FodmPHH9iR/r3La5EztBaHIzcHU90ieuGQtd
TDwxQfaVSXixq5ykrvma9SzkziQyvFg3vdizYyigA9NwvTAyfMMI9EgI07ItLsgDgkDA+0BMxtMo
AQ8vxpdQKYBnxHOZwMCLvLjKn6lP1LZFWVSV2AWSeZXjOa9LE9X5mambvq9bVgj8ty1dF4HruGIi
POF5YeyYkRG5rm/jruCnS1EJXoZLoj/jqxXZ3SUpxTMvCELdNLgnosAUNp8IbsYej+yY+yL0o1CY
cRh40cA4urMHgDtX1YD+n+0g8BWk98z2zNCd+Jw7ItIDzwh1QM4MjDjGO0Pnvh163A3vhrxWx9EE
Ed2Erts69zyL2zwIvNAPfPBwduSYEy8MnFiEoWs5EffMDejkKNZWbaICABhhhLGv+76IXD5xJhyw
A61wAgt+IJUywyj2h5DuFCHmFdYz1554ExtUynWDkANHHc9zTNsUnhOaVmg6wgsdh2+gFuKbrLRQ
rhJRAxb6glu65fuWiKM4sPwwsnRTmIbjRo4OoD1T90E7NyAVabGGofuBcMFYowlYqrCsyPUMUBw/
Mv3QNEPbDY2JMKINbPqn61ov+kyEE9sMcEtPd9wgAIIc3fVDW8QxCNOfWLbghh8MQaUFphGtquBL
ClN/xl1hA19Nx5sIXTfs2I1cuLbMMHYty3TNCTgaL7I2QS0IGRuRcUPfMEMd5OY4oQcUWIbuiRCU
fwLq4Ma2boe6fRvCuBdoJCjXiCdIVBhbILHQtAE3MHuThxEohKdzA6zACjdsoPMDBCJybWE6jhNE
pvBR403bmYBDcCJYHIeGBTj68Yay50HdMdf3QpvrdgCa4RuOAJ/iWZEV6KDbwCgwTIMHIH5jCGF9
Oab0SRr1H3Dbt047yGhkg2EIi3uuYYAuT3RhxBxsyjUdMDwDnJ1tTwS4joCL8C4oeGaizWOe+abJ
Xdu2gRg3nEQcXAL+71mmoYPuidCeWB4XG/yV76jbOP9M56EHvhp03ghtw+dGDBwH+wKj9ywH/a/j
C5OUDxLhStygHazzOOpVPQvhZ2IL4QjL9CApCvBb1nrgGKDPQoC+BYHrhjpfA2maRIYf8LwQK3zg
YRw4lue5vhFHE2sCemHbURjYkQurw9i0oxiXL5us4rxdf9u5VzdZXOQ3IMH0BtKKdNym0JeAqkVC
DCPfmfgT4YP3sbw4isxAt1zfAgcHcUeAeHVQrrtgQcTw9A6W8QzcrQ5xSEQG98EJcIDmc2GY4Nsh
eEDE0k3HngT3wjJ6eAkXlMKPrQj1PIYQ5Nse2Kqhh3ZoAVIWGK8P/8oyJis+8bLeBd8GJboMuqih
ru/a4QS0wdNtz7C5Z5ugBEIHGUeGE/BAjw0PDGoAZAUWN0bnTX4EcYl8y48nIgKbDUElgsAPMeY6
YaA7EURDwM3XJwCGKqROt7QbSlK3GLYbWIj99EVT0jkKhikei4uSDXKqeb7FzpcQSFklanyfVTFe
ClYvBStyUcEFr1nI87yoWSBYkodpA84DLph8/69BQIPAW0NOgrDOigxWxghgE2bFY7HDCuxiVAiS
BfjamN0UTalgsSRmGdQecUI7QG6DX5tIbxDwa3HVgYOqkb58ULGrIv+2Zhj6ecmg6i3AeSUYwvCr
EQzPdku6r5YiZ81qUfIIAGjzfJ63wKbznLGtd0tqr7C6gF0gVwUQ6sQE8ABPlWFCHcnHhKr0/gz4
mYqa+IWlbCiYDC44kiFk4HgoxinHlHghpoyyUnxQLZsacsR8rL6eMmXzkTwUwvDIjYjmI8JsP02L
K5YmFWLbHjBnlwln/9WI8gbn/IoXY/VoyrCMp6VHVNirNfS9EUwXGUgMmILQghumWInzZR9g3D3u
Ibv1DiwGNAL4yqOIQeYl2Y9sxWMwLBMcTwlhBsqA6YFApIE54teGp8i2RXIJcyGpaATbVpsyU3+C
0OWOYlyKFdS1Y2A7nmeZwmPa+3WTBcAV0Kr96iYPz3l1wfCoEuiRRhPeArdItVtKcdqyLPKiAenB
9GqHUWuZyQoD7WGHYVJdytN4xBuwRxzLmlwdPZLAz0i8QBNoWVlcJ6BhAtgAJJHm5h1yyFuF0HGM
uopzUCd3WFJ/C+yrS1oWiRrP8qDKbCxm20BDA3ZjEluIjLGidEqgNnWVk3KUTZ6jOCOsDosVCYHK
kUpjh+JSXbMsWSzBmPHF0U7f+JTiIEfKslnVclQyDBmT4Tl/SRcJF4ySao1IGgS/LJII0L4bA9QR
1DlI+BPQLq2naDB5LCd1mjbPMwHb3Uij/D4tAtAe7EExOQ52kCU12nYmFjygnhE7k6zWiblJRe/n
cfk5Su0qIc6TRoHRXo0loFbJKqIQXzvCBaMj5ggmLoVot5RKDtJq0EzZogBBFWimqBW40YLQHBNq
U6YjFbA7uWCZkf3tKcCm3ufwX0I1/9fwr+piRSgo99mhpMBVDNzHCqNp1CGEu7ZYGZB3KsTICbwj
q1D4Vd8+AoZkF4QSegwWNhB8cgg+TFyLsCHnW0iUpUVisOpmi+tQiKhaUyQd1+n50ZSdvzw+Y6+O
T47P2f5s9ur46IzNjt6wd6dvfjh6s8NgEjs/hVlH7N3L01dHbPbm9ODo7EzbdAEDfpiOq9gxE2VS
UEBGR1whgeFSkEsmbnTO1gDeQ0oQkW+hKWNwhUK6WQJ1UORAJzho0Cak9z5lk0p2tcTICjxBFySn
EWQJBFzv2pHLiER7nGIMwThPC7Tbs1EXVEcaxLYSIaYDkrOIrpSrXNvRAOolVtWaVEtXtFZP7kZJ
UW4pyhe8DMAyxuvMmhzQ3dwlU0N01CqmVoHvznjeUPLRxwQSswZ08MlOGxM2lbBVQxleYyjya0lv
tjZBjZ1Kny8VHrKHokmjDpcEgshVztb4VxLwitAHQl1dV7TCbi/IWdwKkqQ6EkJHW1wWWRts5Wo1
Y9xXzb6EkRolyVu6we5QqYF2nLUJI4qshJ1QDZUiR022ktmVTOGYejDGB628DnGSWkC4E5otBXAH
YR6Mnd/BYAjaEPhgh0tQsqpqBDqGeglSW7TZJjot3G2N1U4rSJkjqKRSk9jg1Hv5lPHrMfViqxb3
A77C0SRrMoixEF5LBE5fM0VBMvktJInFmq9oL4qVZDG3dQyS7ZXCiDYcYxbcQNC1O4kdFvLRpk5j
boReT8KXk1sTkrDUxD5llDmMqdfb0XYIqFCuAukjcg+wkwmGhLKiLwkwuUZSuKYOlil+SnranXHy
OttFBqZYBii4nwf1OT2c5+os/FSFCEjNlkUqU8wA30VSJk4oV/jlR6aCDPk2WfmopzK0BKJLNmV4
2+pLqX2EbrW8qRH4DhsbPQGS8Gjjcd0io0IAee11HkvvBzCFjCTlWMtQoo+LYVChpbGXkAuCLu1R
cscOZm93YC3gEIB9XSURqD3lCtJ7dvDHBH/K3DbtXmfkFXGnN1dj+xE4qiVP410oJWWZEAnQYbUV
bMqwL4gK1jPEddjrAeuXIkfX6NUwxeSpxhCJt7N81ibb6wIQawlE6grCJi5sVvlqrO43qpsTZXVV
8kl08sS0vBVjhQFPpUyQtkv16IVW2zfloicam6k1KS8XtICrSlTpAu0Yl3yBJIBMgG3VKqWMBcvL
DJBHY+clyukgTWCWrJfxWL2oanZy/pYwrYAkJDtoaob1OYlyvZ0sLrTW12R1M8ZVU8K2Xx+KnF4i
ka3HDBsDIR5u7ciE+jeOk1BjFKWWHJMAlmTAmxplB9KgPwkIbmqHcAGhXRLSS+QEeF1yxBCiObnz
SopUphIwt1Y6ipQI2R9Qrk5VU4enlCQdHp/tP4f8iPKpJicdQofdoKek958ySUhQGdXfX4j69caa
zrWtRyJoFtO2aHvKDCzWVMq6BHdFz5kq0SvZVEBrzqtCBm9lEQYCk1hLaAfLAop4tMK2VhNtNU5e
HNvGrOKXbbSASyi95fdL8VmvjAfE6M28TNpUT+aXIsllQ4A49S17HxTXaPklOz5k2+/fHh8+AbmD
2QMOMP8KxIaCSSDcg3FgDVdGij8y/QBrKNayy8Ha3z9/1cJX9V1v5FvaDF+OUeJA4lWpCNFWtB0i
FUavAb8xHkzYK+KYtoVnSXwzvm6SaC0Q4ud42Jw5p+6KNDX51yclD2iusqumUl2eEJxILd2sWjOW
a6ZMvT3FbWQIUe5R7YIxkOeLrkbJcVm6GYp32lmXibgadwH6roaYZO5+VjToPWIZ65QzAZa1rMXY
jt6RWiEgfrym4AyL31Co7i0mwnMhS+9ASGCBiNH2qxW/IqVAHVXfWUbVwuFh0Jfk40Yd+eADGd9E
VX0hC3YTEE/vwlK/G01eAqSI8VbdAdl2MX522FgbHZ4gLUIy3yqJZMxAejjIFBSuaoI+FxYYRGGG
iGTopJsutFGrSSkHD0ORCqoUpHrTrmlyAVtgnUyeKOVA+qIsruql9GOwBWdLCa3n5MD6q1qGZEJ2
jNxoURuvWSNJOz6senShm0bJS2hMvjbtyFQtpzbNoTUDIQG8MTPZFqAJpfJakOu2VidL7bYwlfO6
4glVsxBMoNSTWrQqVk3amo26wXhPc1TYsEzckMogpJJ2woiLngtSAlVg4Ihq5E1VqoN9Ryqu5bDM
FJRmASJrDx2tnR5a5hi/Grsx1DmG4bA6RtCL6eAPxvL8WDdzCXKbSlQ0/AaTlhSEMbi6mwyLQzDl
GvusYbVGHcOUes7Wz4kEcnN8sSjFQrUUVf9Rtlnw74JcbNJH+IGvOT08xe/JjVVQkPkBuq8rISsQ
DkZ+RTtWhPiaABrTek1/iNMd55sVHkiSwrnFVBCofK6UCTIhPDdAsawXbw6wNy/6vbwdCA6rJQez
EOjZS8ShzUshYsSihNpjjH4xx2Aon7axS0YOPugNqiMcvWDbQA4OuQ351taFKYAkZfm83eOWVCVd
fbHWSbaOICoaI1Ccj1qPAQOliG4cN6Smp1rUNri19QbqSX+HlnOfj/cqmEhJSgvo9ZIUDABfK362
XaOlGpQuruwqCeUdsAkPxVpEaVASd4DwJXlTyjcu6G3aVor0vABPeac23kJOxitVp0FqzfHkk7rD
BAhwVLKatkKTz0BHsac3ZT9T5gJJ6w41+T4gUCrB1sG7/yaIyMBMuiQHj20U6bxQq0R9Zxwl/0zl
Y0UVA5XfeLQbcFVJQB99uS/hIC8BIpqBrcuYut5xyl682j+Xg1hqCOysfadOZOw4/jVQlIsd6zpK
ynqHnO53KtOT71r6TQtpxBjogLWqp8gbpXUpCCu8YfKLvk3Z+t22Uiu7tzTkVAAOhKOQ3oJVLZ/G
7RseUAGZ1m+9IG9CW9H8ARDKi9XIx97ImPLLXuJXyNxfXINvq1SRG15gmVRRQQfOLUhS/HNjlMjR
PKSX/gZWKiOFNBVJJcGHzKjs3DG+ft0UKr6nnK1FfEAvK+lt3Ryylq0XZcIORchMm5nm1HKmjs7e
HT9npm4aOKF9o7YnwMPCfVbU0d7g1SaTb9Pwodx8jLa3Z/iG5W4MXro0bOGwKhaSFQyCssPI1TKp
xRjfwGHqSptBPaWytz1Tx5EFx25CJPboTr7068bUKuzf4nue9n51uVI74F+qSkLQ6Js9k6C1CtrF
uz2imXJjTLn35DclynW+LKLeFHzjvnd49GL/7avzHk30nlBtSdECTVfdD7LZPQ+Hehk7TRn9/n8q
TOQN
===END CRASH DUMP===
